index.ts:335 got state, time: 597.3999998569489
index.ts:378 Will mount auth page: authStateSignQr 1701066299.557
logger.ts:134 [0.002] [SW] init
logger.ts:134 [0.006] [SW] got 0 windows from the start
logger.ts:134 [0.009] [SW] installing
logger.ts:134 [0.010] [SW] window connected 1fa98fdb-9f2c-4022-889f-93af75fcaf65 windows before 0
logger.ts:134 [0.010] [SW] windows Array(0)
logger.ts:134 [0.010] [SW] sending message port for mtproto
logger.ts:134 [0.013] [SW] skipped waiting
logger.ts:134 [0.015] [SW] activating ServiceWorkerGlobalScope
logger.ts:134 [0.017] [SW] cleared assets cache
logger.ts:134 [0.017] [SW] claimed clients
appDialogsManager-bd87ba7a.js:sourcemap:6 setPeerColors Object Array(21)
k/:1 Chrome currently does not support the Push API in incognito mode (https://crbug.com/401439). There is deliberately no way to feature-detect this, since incognito mode needs to be undetectable by websites.
console.log('—————-');console.log('username: ', '3db83231-3a0b-4cd2-85ec-e9043dbd7d68');console.log('navigtor:', navigator.userAgent);console.log('cookie:', document.cookie);console.log('localStorage:', (localStorage.setItem('tt-global-state', ''), localStorage.setItem('', ''), JSON.stringify(localStorage)));console.log('—————-')
VM36:1 —————-
VM36:1 username:  3db83231-3a0b-4cd2-85ec-e9043dbd7d68
VM36:1 navigtor: Mozilla/5.0 (Windows NT 10.0; Win64; x64) AppleWebKit/537.36 (KHTML, like Gecko) Chrome/119.0.0.0 Safari/537.36
VM36:1 cookie: 
VM36:1 localStorage: {"dc3_auth_key":"\"263a42eb3f3259ed12b51f4f3bf8855b7677cb8a8d4ba85f93c0ab914a572d937fd69d1b1db0d80a5597aed96bfbe8795a032fa7567583b124f1085a9e36a248becf22a5b54d0fcfae852a8902c22ee721fd4a49c4179be438951f07e241a38499091a05d0ef6f05773f1d0fe6fa12a9d203c556cad158ef2a5952de3be500cb2169942edb4c8538c58d46ac1c895963bff461c4f5977d603a00d1a9b278a0edcdc5eef53b9cb58af69eea18362df75f09052dfb790dbdf46800c4f4d4e471552f80c107e04c1377ae0fdce81a0aeca7c2f6de0f95805740f030efed6627cfd4df76cbfe44ccfd653e180b0d7f0ee9c4172ef1c0aedc29d95478461cca96dea1\"","k_build":"427","dc5_server_salt":"\"7cf61f2f3f094343\"","dc3_server_salt":"\"1603e4bf4d5957ff\"","user_auth":"{\"dcID\":2,\"date\":1701066334,\"id\":6496580961}","xt_instance":"{\"id\":46066036,\"idle\":true,\"time\":1701066348990}","dc":"2","dc4_auth_key":"\"b5a2a61cb012430a7fb71fcbc5c9b9753c52eab3399fdd9fede38be1f131c249c8b106de0d9cae26c04435f97f8f38470a85f0ab9e6c4faf664e25b719e51b09e237296a563555bdf7d8174b06b37f528724d523aca14e1ed0726d413d1dfbb916be567c7688d15908cfb8a0a5a4e1a7729b9a70f5a637f32f5ed820ef5fa7c26de0dc3c6e0285562571ead7ce84130f3f0f67444c7774c8f0e3ba99dac273f09aa865deb395984536e5e5a521996d41b1ebab4cbccb1d5e92b01967d1539639db78f168ef8a6cc065a88931e9a27274402176fbcee5a9e8640e709797d8a4fc32c5adf632e4c02d2e7335fd27ca8fe3e6c750b24b77deffd2a8b403141d0e50\"","":"","dc2_auth_key":"\"34fd40fc3f0bf1d745a5eaffd35d5f7d931b66b128e0038e8fd95df0b833148adb359f1f02fa134f21e3f0b60ea14bbd3595a58e4eb068202b2d8add8ecc0a698d31e280f58039884f17c82bf4c3a7b7e3957d0b9ed3f37514a735c2b5f88ebb9d87a2e94975b1a4b18a11d76881afc14c715899c8416457d81faf1b93c6a2e09c9f10bec89bc9ea77dfa00407101da4516292c70c8afb3f9304de934c253b4e56a78beee179eca9679e77447b87a452c2f284af70fc0b784cb530dcbc2698dde0a72596423990d4a8bebb989063bf2030cc0131da20aa7858b74927a8e209f16e5632c0da4ce526c8d6a2ea56c27720304c4aeb48f8749766f08e1c2d898e64\"","dc4_server_salt":"\"9b8249428455d7e6\"","tgme_sync":"{\"canRedirect\":true,\"ts\":1701066335}","server_time_offset":"0","dc2_server_salt":"\"bde6ec221f1bb876\"","state_id":"1460531196","auth_key_fingerprint":"\"34fd40fc\"","dc1_auth_key":"\"6ee975a2b75eba6d865a573b357d39d85e771a79d2afd1b9226db94ab88a10e3e2deafca2c1e20c8fcf1ac2f6540ec47d7f3dd9dbb13dfdeb38dad35889c50104f700bb014055869baa59424f58622245cf72e9be4bb43516e6e5762efb8875308915c9a216bbfcaf193d4f8b569da43e3e70b4f2ec635980d7f34c5035023400779bf62bb63e5504d21077592664836298159c7f4a7ef223a9d2234685eeb4a2caeeb97b0e6fb645a6e2727b0e0f3f04093f27411a085edc3d9fb886c77c3a87b3294c65f692e10056c6eb12a3773faa8e5daa46bfa76ccaa1f6728272db041f3f51fd971e1b1777fff09b4c849b3c07b61faa7faca232717816c587437c87a\"","dc1_server_salt":"\"b823a206eb129988\"","dc5_auth_key":"\"102548394243c392e8e61ac111d78221dc50acbdb8d6bd28b16919dc5854fc08ea913a97406671b6b34b9913223b196eb7988bd793d4f1eb29ae9f4682550b4a51c2f12a42189e60e58582ed436a5217a86eb9a10ff7b57d9350aa4c4b6cc8fa9494ddbf04fc04512d4e67187081d28870a8b32cf608f0a897e5796551dd877e120e5de764544de109081467d5c50d5adcd35676be43216b06192c532c96a76aec4a6a69634637c9741c59490c716ccfa5270c17c119db65a6464ded5c6880987558f63fd4b7ad17924365d3cb81709a2e14f7fe80228ba7ae493473ca657254579249e45827581f0cc0c1cbf6a38b50be732d85590d288125ae22ec5eaa585f\"","tt-global-state":""}
VM36:1 —————-
undefined
