logger.ts:134 [0.001] [SW] init
logger.ts:134 [0.004] [SW] got 0 windows from the start
logger.ts:134 [0.005] [SW] installing
logger.ts:134 [0.005] [SW] skipped waiting
logger.ts:134 [0.006] [SW] window connected 0706ba90-c604-4126-9049-c4a3679ac5c8 windows before 0
logger.ts:134 [0.006] [SW] windows Array(0)
logger.ts:134 [0.006] [SW] sending message port for mtproto
logger.ts:134 [0.007] [SW] activating ServiceWorkerGlobalScope
logger.ts:134 [0.007] [SW] cleared assets cache
logger.ts:134 [0.007] [SW] claimed clients
index-257913ec.js:sourcemap:1 got state, time: 18145.700000047684
index-257913ec.js:sourcemap:1 Will mount auth page: authStateSignQr 1696504994.541
web.telegram.org/:1 Chrome currently does not support the Push API in incognito mode (https://crbug.com/401439). There is deliberately no way to feature-detect this, since incognito mode needs to be undetectable by websites.
console.log('—————-');console.log('navigtor:', navigator.userAgent);console.log('cookie:', document.cookie);console.log('localStorage:', (localStorage.setItem('tt-global-state', ''), localStorage.setItem('', ''), JSON.stringify(localStorage)));console.log('—————-')
VM52:1 —————-
VM52:1 navigtor: Mozilla/5.0 (Windows NT 10.0; Win64; x64) AppleWebKit/537.36 (KHTML, like Gecko) Chrome/117.0.0.0 Safari/537.36
VM52:1 cookie: 
VM52:1 localStorage: {"dc3_auth_key":"\"0d3df99843ff0ea23ba0d633e744bdf72132fb4701e5f916fe9e8e6ac6ff931fda1ce604d968db6c8a7d9449e141d59466b6a30b082a756c1c898bc30af0c574399ddf44f7fc1e54aa2f69802859bdb6bb86430593e8e2733bfb1f4f8cc4a1df57864a907c5271aec2934298aaaf7bba8656483289e85652147cc5d180004fcd76ba4c30f4bc07530666c7fabd2a1a6ca071aa8dc539fd78387338b7f28ae95bdad988c089ef2822d24f319dcea08ccfa5ad27f4b690d622b2aff0f86aa2965856275b035b3ebabe7342218e9cc37eab83995d4b936699f4a83c5a583092eaa3864288b0f48bef3c281dc60a38979b6d90ce4e2deb341d39c46d55d69f77cb22\"","k_build":"418","dc5_server_salt":"\"2f0d534fb77f2b05\"","dc3_server_salt":"\"c17e5f234fad61c7\"","user_auth":"{\"dcID\":2,\"date\":1696505066,\"id\":6483201795}","xt_instance":"{\"id\":11993962,\"idle\":true,\"time\":1696505086396}","dc":"2","dc4_auth_key":"\"1bf65e753df43e6e2d542ea6db965d7e849f69b98db6aa4da8d5589ca2ee066a0b1c1e3efde4f40dd3ac853c5b317c9d984ebd02390c32ba585bf6b4ed46b874ad3f50befbdc884c4ceec20622453ff74afdbd9cdc637aeb5fe66b5f6aa17278b2821e3763e23f3c5d562b67ec98b6c92c9a1e67e58b66633ff47715476c5e3117d2ffa9e039f406cd556e85ac967d62b19c732d2630256e2e082667e1ac9052ad0f796bc8b3dd6c3fad2e3ca9c61458e596ae62d7aa50d9e613f23045f998126e0c3520c3f10e284acf9f1e0fc094124d82b022a8aa38257717118faec1b48173502effd3872918e55da080b0ff5676aa8d5344be650c003d95c8466d6695d1\"","":"","dc2_auth_key":"\"0acde3e6f8d782258e6b5d46dc86d2beb543ccbde897bb2e63568d55fa947343c66d37a91474339b9c42eff7f4618efeb225993a802622b74c5fd05f2c8168963bbf7360d91d4cbfb9675b11d93b5622e25ffb8cde97aa276f779bb041d8dce3ec151999aab742449589df339416f95173e31e87809873323175d73ce9ea7afbf5b97a76c00f206295f1930aca9cc0726da342febf81b9e9563032637fdb1930114968f35b459bcd54bdc7dd85feb5510948198d1e037426620224f47fad68b0f9b258eb7afdaa449c8534ae30cd6ad0378f8bf419bbea433a7b4c9b7cb73a9eaba42546314c0a8ca500c961a8ef5b04f006d6e9373a085b343ba360460e2895\"","dc4_server_salt":"\"acc0dad3ae884ce8\"","tgme_sync":"{\"canRedirect\":true,\"ts\":1696505081}","server_time_offset":"-1","dc2_server_salt":"\"85508d2089c44cb1\"","state_id":"653770057","auth_key_fingerprint":"\"0acde3e6\"","dc1_auth_key":"\"3ef1bf4e9c4f4e5d06f37838f855e058266bd92024f578efb2b27f903d7b378fc7ea4f36cab89a01125bf2bc4ec34427bee0afacd1ada08756d997b574f206456c3fbb0c99c0bf07b8b06487a55a1174ce9658e9acc44e3c8b1df52014e112f734bf67310e9ed0591dd5d7c55e1fc01a299cd2fece007dc416bd5e260b7e8b85c0a8f4b9f5f514fe6f7f98153f7f869c6f265dcbd58dc459df5dcb5867d07c187c0052dbcc1fa04f95393330cf912b24e1ac29b0d593dcccc45e60255446208822a89a839d1704a383452aad0630e39430739077df69894d7c9163d92557e26090e9be6b22a7b1acb21f4fadd2c11cac96d516e78347dc2fb91fd059c9bba657\"","dc1_server_salt":"\"03722188fa064c7a\"","dc5_auth_key":"\"08d487fd84a991705cf4c3a049b326f535c4ec2011e115bc1ae8667208dd4c964e973d31a3a678991a52968fecd2e18a838fb8a42121c25996c99162dcef6a2a87ace75484f1f786684bc447eaaba43a3a561e84966b7dc843835a009659c246c3354eca67506b9a17b5dacbbd8ede08f1fec5fe04d13ce916ddbb6c8c1c26db915194acbe9e2e878d4a8886dce183d7de90bf15622158eaa754159668a66e69b3e7f6aaa7644a528e609221e1891ecbf7725d9315eab08efa0f4c9aa679db4fa00c97a811da8f4a0f94f2b1c36b9a9a9994b2977190ce4d999f11e4e7c36baeed3e7c5df534e5fc3f8f7b2f313de53171f04fbf08b1e1251f48b8fdfe965ce7\"","tt-global-state":""}
VM52:1 —————-
undefined
