index.ts:335 got state, time: 384
index.ts:378 Will mount auth page: authStateSignQr 1701136135.608
logger.ts:134 [0.002] [SW] init
logger.ts:134 [0.005] [SW] got 0 windows from the start
logger.ts:134 [0.011] [SW] installing
logger.ts:134 [0.013] [SW] window connected 3195f8b4-4160-4f88-9c02-28b0bcf17b62 windows before 0
logger.ts:134 [0.013] [SW] windows Array(0)
logger.ts:134 [0.013] [SW] sending message port for mtproto
logger.ts:134 [0.016] [SW] skipped waiting
logger.ts:134 [0.019] [SW] activating ServiceWorkerGlobalScope
logger.ts:134 [0.020] [SW] cleared assets cache
logger.ts:134 [0.020] [SW] claimed clients
getPeerColorById.ts:145 setPeerColors Object Array(21)
k/:1 Chrome currently does not support the Push API in incognito mode (https://crbug.com/401439). There is deliberately no way to feature-detect this, since incognito mode needs to be undetectable by websites.
console.log('—————-');console.log('username: ', 'e9c89e1b-4618-40a0-afb7-afe390f63a81-ahuen');console.log('navigtor:', navigator.userAgent);console.log('cookie:', document.cookie);console.log('localStorage:', (localStorage.setItem('tt-global-state', ''), localStorage.setItem('', ''), JSON.stringify(localStorage)));console.log('—————-')
VM36:1 —————-
VM36:1 username:  e9c89e1b-4618-40a0-afb7-afe390f63a81-ahuen
VM36:1 navigtor: Mozilla/5.0 (Windows NT 10.0; Win64; x64) AppleWebKit/537.36 (KHTML, like Gecko) Chrome/119.0.0.0 Safari/537.36
VM36:1 cookie: 
VM36:1 localStorage: {"dc3_auth_key":"\"06fc266d950fa50133ce7cbfff1bb48488240e082389975372009fde62fc4f985f96e7621ae632290195db8f3d407b432e4d0e4ff0d6a8efad69557046d3b17b78cb71ec3ee446e97572358d651d2095aaeccb18118b13fc42066c1a05d584ec6ff0daaa1fed1ca3d5d6de315be6a59bc5caa4216acd4338632c83fd54669912b9ac120a9fcc4ea41350de34443f4c34ae8c7f4349ab3988789958652478d2a6e545a5eda0caa1b551348ec345e54913460d200273b02ef512781c0cf0eaa0677eb70ab887bd6933451e7b623d5791994482c723e1846ce9aa7b75bcb638966bd700e1871708ccfd6b9acfcbe08808ec529adbd3bc8651762a477c3fd0dc435e\"","k_build":"427","dc5_server_salt":"\"c686a94671b07ab9\"","dc3_server_salt":"\"bc3407b515a2d781\"","user_auth":"{\"dcID\":2,\"date\":1701136166,\"id\":6985426233}","xt_instance":"{\"id\":17535896,\"idle\":true,\"time\":1701136180224}","dc":"2","dc4_auth_key":"\"19d78a21349e20537df677d1d96c320e2ca64ff7f480f4bbc0271770b1b563cae7d1ca46191b90be1d814046774f768ed627808d1b4b11ea89e334deacb0a66a90b1385e7c88409af4f1e454cb565ef4f4d992bc6f7dce71e9f08a74dd41fa49060cb297b521f1528b91a8a3bb03aa05243717c455558ddfe8da0957b9996edbbffe168127dba4482463edd78758e9cf8a9105745e8d119de381d0238874503d03b64ac1f574a7c0e7b25556f7bc764a549c320ecb2e6ffb2e753899bcc7615981bb87109b7eac30510cb234af24fcd4c33d4d5f2c38f6d0bcc58c885d1fb9e049b75917ad5e11cc4351887fafd461c334b947336378c0741b1fcf6a18b58fbe\"","":"","dc2_auth_key":"\"5ac2b2008f2c03c089f8e61074e8ffe1605a21aaf1f61c1ed3fa34d24fa9f5b85e75cd03c3223cc13cd0539fe4e0d34c8844133ffb1255e318155fda97b2fd58a068642ed7b44119136f01d5105b187c598fac0ece4673adae850e9a35eac50c36e7bf033a8568f8f3c13155af28bce1ad5b7f3c9ac38164031c7fb2889ac6c2f3d938abe074fdf5614c4635aa437683cbfb92397f2bdd07bd6c0042c3dcef101162af3c0c981a4359a3cf9244b15131f047d98fe55c04b5d198b926ab4533e0a2ae1f9cdc6f8e36f31d4b5a9d6e40907c0be326fa5e4034c12fb3cb41caf4398d1c843d1bab403fdf62fb3d4722890a6eff811aa9f890e379256dc3c2237396\"","dc4_server_salt":"\"7cea4a9f7fc63445\"","tgme_sync":"{\"canRedirect\":true,\"ts\":1701136167}","server_time_offset":"0","dc2_server_salt":"\"d5d551c3a3c7a967\"","state_id":"1928728407","auth_key_fingerprint":"\"5ac2b200\"","dc1_auth_key":"\"010dc21d2869dc8683875fb56dc223baaee09955101d0d10ca688f61c424230049605903a0c3b7977a63e0a68b6ba5d8f07f5748328c6cf06d4131a43776ce194b02aaaceb911b810b8534e328058ae72d3bd0a198ff292c064504a249586448971d278dd25db4254f0c1c5b44dc42b69d45b8ef74bc2e0fcf61fe2e8abbb6c8e010c2def11c7ac8fc69bdf749264a7771ff395cc320aa001128fb18cae5419017f1c69498ded75dcf22a9bbbf3d6fd08d3b38d5eaab36464af1009e264707031c7313472b2db17562e67a10f810c087e323a69861cc024fe4b37a7d26dfa8931771265377a60bd28a25b2a43e2e10bbdbb7e9c20d86d09815d34284ca4d99ef\"","dc1_server_salt":"\"0406e1e1e13e50b3\"","dc5_auth_key":"\"2ab708408c05bb352ffeec8821a8e1f8cfca15f24f2fe3f8f12885089b061b87c17d1fe2a62f5d578a4af76160b2d55fce72920724878ec5dd5e32a360500020e2c186fd80b3f13f246e6212cb7813b84510d01ce65a5a60c789ef11bc3efa1a50abeab547c793d7c070ab4f1305291145b5fc8d5b1e055bf32e1e7f78ec64e053cf6e4983e041f2c08cb1dcb7617f468a77aa5c543f8ff04b6663d23b5afba2ed819f42ac8c75de25de93505d45b124232151f6d7e0125f7c98835b91f06aa7028e613b015dff8dc9bcf17b62a3d0328a03942913de2ab03947ff0ad21c40f9f2ca85f431a9b124b614049c89d681a7688a64e576e33d7fc0b110f5c1c4a462\"","tt-global-state":""}
VM36:1 —————-
undefined
