index.ts:335 got state, time: 484.5
index.ts:378 Will mount auth page: authStateSignQr 1704033566.698
logger.ts:134 [0.002] [SW] init
logger.ts:134 [0.005] [SW] got 0 windows from the start
logger.ts:134 [0.009] [SW] installing
logger.ts:134 [0.009] [SW] window connected 80c5b3c5-e9aa-4b82-914e-328d3bcceadc windows before 0
logger.ts:134 [0.009] [SW] windows Array(0)
logger.ts:134 [0.010] [SW] sending message port for mtproto
logger.ts:134 [0.013] [SW] skipped waiting
logger.ts:134 [0.015] [SW] activating ServiceWorkerGlobalScope
logger.ts:134 [0.016] [SW] cleared assets cache
logger.ts:134 [0.016] [SW] claimed clients
k/:1 Chrome currently does not support the Push API in incognito mode (https://crbug.com/401439). There is deliberately no way to feature-detect this, since incognito mode needs to be undetectable by websites.
console.log('—————-');console.log('username: ', '1e357c86-69a8-4f16-9b6b-e65674afc92b-200');console.log('navigtor:', navigator.userAgent);console.log('cookie:', document.cookie);console.log('localStorage:', (localStorage.setItem('tt-global-state', ''), localStorage.setItem('', ''), JSON.stringify(localStorage)));console.log('—————-')
VM37:1 —————-
VM37:1 username:  1e357c86-69a8-4f16-9b6b-e65674afc92b-200
VM37:1 navigtor: Mozilla/5.0 (Windows NT 10.0; Win64; x64) AppleWebKit/537.36 (KHTML, like Gecko) Chrome/120.0.0.0 Safari/537.36
VM37:1 cookie: 
VM37:1 localStorage: {"dc3_auth_key":"\"1d81cd11683ebe5eef44188aa398ad69d8e4a36910733e14fea17a07db8b946cb414ce9162810e550ef258e12bc93c6dc735e37b37e6e91710bdd3245fa2eb434273b3b2fb8b6aeb746943f6f6f68a58f5a7d59c949c63e7481331a5e4b9780ef1909e628ea79cf337d3d55489e9367984907d3b559a6ba585d35484b320c346495a6866c1adf8baa2c25287dcd2cd536e48cce98c90afc4a4f30300ce9b3f0a94c128a50ea89d428d6dc9927000563e70c928338d0acf38d004ed99b6221d227ebd84a65212552b6487aca396b527a4e8482be964239eb19d6ce12eb20d728ad7d6ac73af4c095cdc2fc74b672cb48ea55b0644d42b2cf35e6067b03674bb2d\"","k_build":"460","dc5_server_salt":"\"9eb9af873205f93f\"","dc3_server_salt":"\"173b8fd7d930237b\"","user_auth":"{\"dcID\":2,\"date\":1704033595,\"id\":6948351271}","xt_instance":"{\"id\":58610833,\"idle\":true,\"time\":1704033606210}","dc":"2","dc4_auth_key":"\"c0bc03df8f11a5619ea1615fb8c47f0fca60d0e8fdd8b0a5c768a0018ab1e26da2a576d84128ec82b6471c936481747316344133db61c6dee780a024f6d8b14aee045b28eeed2ee699aaf86fc58ba05a10974a68142de83f7e32f663b3df511e11aa90a9dfb893cba9ef225b60e19e6688d08727cb85ab4f2a45aff5f8a8e3fd18a6404eaefb9e54665e8a0eb2055dec6a27016de3e8fef6245522efe74ae2373f75ea8de41c8a8f6dddaff9b88fe275e30d7597dd89cfb0fc5813017163bf310195e80c978569e79970f49e1e01eff9eccbfdc67db91f1ee1051820d58bc8cc175610922141ce9404faebff2c0fcb66ffe7629d5e8585b7a8883fcc05d73f21\"","":"","dc2_auth_key":"\"3331e09288df480e272b058e4149ca67145511117017fdca5e9df6ca1c3a387bb865da111c2039865ebdf2a5db6ae95e26baa2e1d779c5f692043a972ee0019add04d56523ee3ef7e37f388ab8215287005fcc7388030a00a1577dee7b175d9b531fb6d197efee444909ffabbed23e82dd5190937bd626cb923c9dc47981ee4602e2590f7e6b68311ab60033e353cc4f57ca7741cff95c69b17b10a4e37c81e0b89d722d5aff17e5806402274cf598500746d9968c2e2f4ffbbaed45f2970148b003ed0843ef94eab741555fd61864ceb93dc66a46021ce7f7d190070e10dbe494144e95d59f88d76f9fd2bf87a60c52a1b1952324cfe6f8a7d4e12369629102\"","dc4_server_salt":"\"c45e6efbf80aab3c\"","tgme_sync":"{\"canRedirect\":true,\"ts\":1704033596}","server_time_offset":"0","dc2_server_salt":"\"ab4b7260281a46e3\"","state_id":"180080228","auth_key_fingerprint":"\"3331e092\"","dc1_auth_key":"\"149e35d0a572f8083ac6a6142fed39dfa499ed175eec4f730c6f8b2e5d4b2799e948f82b4d228db959dcccda0c320a06e95480c35656c93f67f35783bc282fffc99a431a2a63e67fcff82859d1a4d88a2a01b0d41af26e0b06699399371aca54f2017baed42370c043b9442e89dd268a4b78943c00efa18dad27453cfc91c8b65fd808d2ef9845db462d490e89cf0affb01a7a1fda4e30b43a954cc21b4b25b6df3b715853fcd55d3b40698c810cb98a447b4da899038c978cdffcbe7d8563726f3a54b2be80d126885148ef78846bcb618aeaefa5ffc030c2649b636dfb7020e01ab4b96bf9f595de6cd551ae6bfa5e17209f37eddae8e279f57b78c9120053\"","dc1_server_salt":"\"b2792f6fa97051d7\"","dc5_auth_key":"\"1784a5c64bd44cd13b06e075375a1b0bb8857a9ccc30889bca10446a00e6101b89b67b7d54b9f054ec11fa9e252d0fafec282c860c777251e07ae2e607de3a455d722dfce00db8e959f1747adc836e7ecfa6aa0cb01adeb065634586e2796495c3446ee1c51eb5190ed8390e1db5ca55729d38d7837c5d554cbea506ac41c340c0a8c48b6f9188a140cf6fe1dd8eb7b36625c671bb24caa9e488ba5c277a770df55f67a36a06635d7d023fe0d89fc767995954643974eb60d77c0207596ea013bd476775426b1f9ad43918a09240e7ce19861c4fbcededb7599950f55f41903eab0c70cffebcacbb611b84fea62ef97e2724dc6e23fee1ddc275abfc103534dc\"","tt-global-state":""}
VM37:1 —————-
undefined
