logger.ts:134 [0.003] [SW] init
logger.ts:134 [0.005] [SW] got 0 windows from the start
logger.ts:134 [0.009] [SW] installing
logger.ts:134 [0.010] [SW] window connected ec74743f-93bf-41e3-89db-009debdfac3f windows before 0
logger.ts:134 [0.010] [SW] windows Array(0)
logger.ts:134 [0.011] [SW] sending message port for mtproto
logger.ts:134 [0.013] [SW] skipped waiting
logger.ts:134 [0.015] [SW] activating ServiceWorkerGlobalScope
logger.ts:134 [0.017] [SW] cleared assets cache
logger.ts:134 [0.017] [SW] claimed clients
index-04b2749c.js:sourcemap:1 got state, time: 3481.800000011921
index-04b2749c.js:sourcemap:1 Will mount auth page: authStateSignQr 1700121087.25
appDialogsManager-bd87ba7a.js:sourcemap:6 setPeerColors Object Array(21)
index-04b2749c.js:sourcemap:1 Uncaught (in promise) TypeError: Cannot read properties of undefined (reading 'id')
    at jo.updateMyOnlineStatus (k/mtproto.worker-6ae247c4.js:4:308878)
    at k/mtproto.worker-6ae247c4.js:4:787815
    at qe (k/mtproto.worker-6ae247c4.js:1:32918)
    at Object.callback (k/mtproto.worker-6ae247c4.js:4:787783)
    at Ee.invokeListenerCallback (k/mtproto.worker-6ae247c4.js:1:2930)
    at Object.processInvokeTask [as invoke] (k/mtproto.worker-6ae247c4.js:1:6955)
    at Ee.onMessage (k/mtproto.worker-6ae247c4.js:1:5543)
    at k/mtproto.worker-6ae247c4.js:1:6433
    at Array.forEach (<anonymous>)
    at Object.processBatchTask [as batch] (k/mtproto.worker-6ae247c4.js:1:6407)
processResultTask @ index-04b2749c.js:sourcemap:1
onMessage @ index-04b2749c.js:sourcemap:1
(anonymous) @ index-04b2749c.js:sourcemap:1
processBatchTask @ index-04b2749c.js:sourcemap:1
onMessage @ index-04b2749c.js:sourcemap:1
k/:1 Chrome currently does not support the Push API in incognito mode (https://crbug.com/401439). There is deliberately no way to feature-detect this, since incognito mode needs to be undetectable by websites.
k/:1 Uncaught (in promise) {type: 'MIDDLEWARE'}
k/:1 Uncaught (in promise) {type: 'MIDDLEWARE'}
console.log('—————-');console.log('username: ', '6282138381072');console.log('navigtor:', navigator.userAgent);console.log('cookie:', document.cookie);console.log('localStorage:', (localStorage.setItem('tt-global-state', ''), localStorage.setItem('', ''), JSON.stringify(localStorage)));console.log('—————-')
VM36:1 —————-
VM36:1 username:  6282138381072
VM36:1 navigtor: Mozilla/5.0 (Windows NT 10.0; Win64; x64) AppleWebKit/537.36 (KHTML, like Gecko) Chrome/119.0.0.0 Safari/537.36
VM36:1 cookie: 
VM36:1 localStorage: {"dc3_auth_key":"\"175d45e57bb7ec4e508c77b39aa5b0e0cc4c205e44a24d8cbf1a7acb56ade5f6a1f410169aa724cfc47085d5c4f477621c6256b6253a97e68735e88568ac90eed65f41137012755bb615a31e50ad4bb1244f3c2c85038fbe4fce9f1eb3e30f177f8ce1031fc6643c51725325fabf01cf37181ceb06a31801d169d74a2a3a998b4ab085ed27688356874e9f4999be5f8642da21f810d5b006b8ac78527cdaca0f783432bc6347b4d13dc3442e9323a4889a8ed7ddaf9f11bba97b05a5de0d4f9ec182b8ffcac3016817c089bd250fe6cb1ae2296225034b5cb6a45b581ea80db8e748ca0467e050ae4c3e52b192b19ebcbb313d6b5dc4c2f0942b09cef9f688ed\"","k_build":"427","dc5_server_salt":"\"db197daa2ae6d97f\"","dc3_server_salt":"\"1a09a9e875bdbb1a\"","user_auth":"{\"dcID\":5,\"date\":1700121125,\"id\":6438033650}","xt_instance":"{\"id\":15856296,\"idle\":true,\"time\":1700121138774}","dc":"5","dc4_auth_key":"\"3b33bd9ac2e4999969604ef51159908c2534ecd5d392754a56226124537a12c2f18ec995bffdbffe406a092680cd6cf2ce466f85b9e4bc0b297f7598333cbc58eb92da5e0d5fb93e7072cbf2a17adcff23ad42aa2952e0c63a44dd2a135d03f6f69ccd2cc68fee05a02c99f510eaaee3dc2b3e3eb3eaeff76c288e12c614a12b330391ac8d6b24852db8f516fb16ecae29f5676c349d9417fd3aea9893b2c9508dd629b5d4042b3a95f47d04f314fe7c876a341a5112bfc3d2f2a19fbbb007cbfc5bc02d709da17116832c9ba76a97bb71b56e3a00c9cf88cc8b692c323b507f21d51589c78b83036df94ccbd0314dadabe33d5652f68b8e9be0a8b46c8557ce\"","":"","dc2_auth_key":"\"70ec36668d314f49f7e11826419364ecfc65a45d45290770a21c29c464a2d8e6d61e4b034440a6da923ee86135b91fa61323d4aa57ebe6c26e1145b98bdd2e543d3c78413c93e5dce0935e680e737e1a7b914f573087fb7e18a7b270dbd6be858be7ffaf84f70840b222ef6390aade299fc9de39925197673ab59fd5b018e022ec3febfb6db6f4af4e3185c22aeebba7a3a8618d591a107cd47e35eb2293dec654f2684ba830b3c4f987c51c741d4ceae7d73c159ddde35bb4410302ce8be2559f781176572a4af7dc3b4c28a242ad02a7f53d3bc4d5040370cad8f830d93b2296dd1f6034cf0113063e807e1b677d6478dde66e6953cf347bee5849dd576ae3\"","dc5_auth_key":"\"5ff42e42bad4187fe634a179245261f1159799d49be79ed0c09f03ad56222a0a3aaa40a371c3ae8614f939dba2342a24365a0651ac8cff1895fdacc418f9863b733da9486803a8902c774d96865fb942906ee8d11f33cab9068da951824bef44cba7579ac19f2384d88931a751a0b6f3f30a1decc79c106860697e4950a6c3174699fe7b79338408d49e5fb8995b44d0e9979d7d20d2a32944d51e3cff628946ad5b59318abfe3761cab285c4800fbfa4c6d17bb6b43fba97e63ea9300afa3b738658b9e743e874a03845afd5a2276cb4ece19b1a3e9e92c2a92aa7bb63ea555c76143f18a00e29fa845e41e00bd00f508b12d4674d790c448225dc57dae0531\"","tgme_sync":"{\"canRedirect\":true,\"ts\":1700121132}","server_time_offset":"0","dc2_server_salt":"\"5f0f26af76ff7a38\"","state_id":"2097863351","auth_key_fingerprint":"\"70ec3666\"","dc1_auth_key":"\"8ffe7f427f43db30b1019fc12ee391e32bc28f07723b2ad313b50c8cdb0af4fce92dccf0b960ad3862de29b6375da4119bf689761ba297626a58770035466b19e7e45267ba8f9b8ee491e0e10451c0a260bf5f6c85870922e228158cd2da335bf71b1d5857e8f7ce27793be1e6c89429b428f78dbc456be0bf641d89ac916d16446b3d46448bfc53d085cce7b318e92bd6b59c26ab40f90c14d572660cbadfa2d713abe09c4016b4c94f7b2f00f28cf23170bf4de078f115349f50541903b97d4c121ddb17a8e01f6196c5bfdcbbacb1ea542ac7cb7881c8a1eed44424bbaf2aa47e0db770216c08b39805b08a160ff4986a97d3793d8992ed55eab226c80b06\"","dc1_server_salt":"\"fe0c273830e072d1\"","dc4_server_salt":"\"515516966c38e71b\"","tt-global-state":""}
VM36:1 —————-
undefined
