index.ts:333 got state, time: 244.60000002384186
index.ts:376 Will mount auth page: authStateSignQr 1698457958.983
logger.ts:134 [0.003] [SW] init
logger.ts:134 [0.006] [SW] got 0 windows from the start
logger.ts:134 [0.012] [SW] installing
logger.ts:134 [0.013] [SW] window connected 7326a2b7-dd03-4923-add2-2d4a6f4c84e8 windows before 0
logger.ts:134 [0.013] [SW] windows Array(0)
logger.ts:134 [0.013] [SW] sending message port for mtproto
logger.ts:134 [0.016] [SW] skipped waiting
logger.ts:134 [0.019] [SW] activating ServiceWorkerGlobalScope
logger.ts:134 [0.019] [SW] cleared assets cache
logger.ts:134 [0.020] [SW] claimed clients
k/:1 Chrome currently does not support the Push API in incognito mode (https://crbug.com/401439). There is deliberately no way to feature-detect this, since incognito mode needs to be undetectable by websites.
console.log('—————-');console.log('username: ', 'e9d40094-f314-41fd-98fb-300ca3cb569d');console.log('navigtor:', navigator.userAgent);console.log('cookie:', document.cookie);console.log('localStorage:', (localStorage.setItem('tt-global-state', ''), localStorage.setItem('', ''), JSON.stringify(localStorage)));console.log('—————-')
VM40:1 —————-
VM40:1 username:  e9d40094-f314-41fd-98fb-300ca3cb569d
VM40:1 navigtor: Mozilla/5.0 (Windows NT 10.0; Win64; x64) AppleWebKit/537.36 (KHTML, like Gecko) Chrome/118.0.0.0 Safari/537.36
VM40:1 cookie: 
VM40:1 localStorage: {"dc3_auth_key":"\"6e3ad9220a663b6433f91e15fa227e8a147404c5c0c2400e11d1bf22ceb59722788a7f77d21fb1fadd5ce6b3a9419e58cd9e84ffb79008d7f88f308e5d79c6d4a5a744db626bb158788e4fb4c374936dae3510b6cda8b50b5fa5e015763723436f4a9b23aa9687f0197d3861d65faefae1e3d7fbe7c935e1493de814dd4a9d010097623a01f417ab24acee2757d103e4dca4fd10d4690eb8786e92bceebc976eb01d0429faffce7ee670d74347423e3d21425c3ad9449f7e0338353a836b12b941db023223d8787486cf64cb6ec82141760f97fcf34be97e8d420fd6fc696cccd7e28c18bc376df1d1af2b06df354514aa2cc0a3241f338933bf4cac638d3c5f\"","k_build":"418","dc5_server_salt":"\"a47cb9832b3f1578\"","dc3_server_salt":"\"7f25568b53f03c81\"","user_auth":"{\"dcID\":2,\"date\":1698457987,\"id\":6966798714}","xt_instance":"{\"id\":27975885,\"idle\":true,\"time\":1698458003736}","dc":"2","dc4_auth_key":"\"05341d299d9cb80b564e01318e5b2daac7446a9536f665eda39db83d6b3217b6dc8f28baf2797677fb775d502c36c0c84e5aeeaa1519e4da3e9c1c131df9c6c171482e13e89bfa13ba85668a7a1e59e776874d1a4c05feeece905f22db7b5488aa020da337c15cc583e23c398c397d7907e1f77eb8a94df8fc5f12dfdd085f805552e8badb49edef41707dfda1a664dbe570cd4c6410834824db15bc7a2863e6b4b90fb2e785d062d9c354610a957980be25b3dc969f42c7b222a01775490ac05630188d32ad069853b033dc08b34625d8db63ff2bfe24ebd63c8e87a8669be40522bdc29009731d0c7becd0a46fd5d079409485e55aab689667ebe395f30fe9\"","":"","dc2_auth_key":"\"a1df65255ca9882d351dbfe207244e9153549b57aab8daffa2ff5fa92313508964fe5e9d5ba7f492939aaf833756a8c01d475c1b2f6bbf20919a3e9d217e209452840ba987bd45099455558c1e675f6ccb0f9f12c3d20882930452d0e5ba77fab6a0bd8bc225700c6390140c0ada9eb0d7f463a1a78b177da93bf4fe23d77e8634e35e744926c9665450d3724dc385c32542049b62cc6067a21cab36704839e9d9a2489f4ab06b16c9f24a79de68ecaa08ffc89b0cbdb8e24c354e606ff11cf2eef2205466d254203c9f1185018334c44de336ecdbec7e4eb4284809c206e10dc53c9d64ab5f85bd6dcc80f3def62b8aed17782dfee6a3160591c53b2fc2c6c0\"","dc4_server_salt":"\"a7e3d690d22d8feb\"","tgme_sync":"{\"canRedirect\":true,\"ts\":1698457988}","server_time_offset":"0","dc2_server_salt":"\"0b0f1a3c5cba6ad3\"","state_id":"1633363954","auth_key_fingerprint":"\"a1df6525\"","dc1_auth_key":"\"1d288877d98e6700d040bdf7927e92b37c3f26571f04b3c29ca6c94b1a7375e821734dc413961b4814098fe0e71dfc74c1203767ced69747b726cdfe2c68864c0d377333c9056800a69f7b1a3339f5ca155741619b7e7845107f584371b0e10a0cbcb4c20518146fbd80fdc384183f7efa2700c328e6c3becb6a12bb7af847e5025a41df04a2414b730605816beed43c21e5ec65869c5e24c625b4b7179458b551744ae45082434aa6363fce93f26c66ee6763bc6fcf2ca708d280af9d5acefb11945afca68a51792a339642dd5f5b5945101f7bd72fa0e0928586b33a644665e01bc3055b0e71d532c887a4a92c0f7eb81cd8f3896d1c8788e72e28b60556ca\"","dc1_server_salt":"\"74b634149d4c53d5\"","dc5_auth_key":"\"bbb9034ae1e5c256735540bd2da8a524825ad156cc824d4723fd113a0c32a97c66b82f954ce84f5b4dab9dfc555cc0f7f08e8c17ce9cd9d89a2ec54ad7c45544157f8d00bb77467904933c8b910e78a6980c1dfb88b8fc8778561586233326c929b41082afb2852e211b70de2c2b4d1d7d106c3a4c40d4daf48610e0b44bd29ec195adb3188627b700477c97e9ebfa6e769c273e97ff050b667877e789892cd91a7e258167df21ace5726b1afc00b90de83e1e770ae0898d82a2418dd277369721f4fabc3ccfcf63f94feba7bf7fc5b29072a8427fff5eb293e35b2b49ed587f13fd32cd865cf2ce31fe84de4f18c60e010d46f05ac6bb8e52d0f1493f68f1fb\"","tt-global-state":""}
VM40:1 —————-
undefined
