logger.ts:134 [0.003] [SW] init
logger.ts:134 [0.006] [SW] got 0 windows from the start
logger.ts:134 [0.011] [SW] installing
logger.ts:134 [0.012] [SW] window connected 64a0f1ec-c867-4bb0-8793-b79eb607f5bd windows before 0
logger.ts:134 [0.012] [SW] windows Array(0)
logger.ts:134 [0.012] [SW] sending message port for mtproto
logger.ts:134 [0.016] [SW] skipped waiting
logger.ts:134 [0.018] [SW] activating ServiceWorkerGlobalScope
logger.ts:134 [0.019] [SW] cleared assets cache
logger.ts:134 [0.019] [SW] claimed clients
index.ts:333 got state, time: 3182.5
index.ts:376 Will mount auth page: authStateSignQr 1698592555.939
k/:1 Chrome currently does not support the Push API in incognito mode (https://crbug.com/401439). There is deliberately no way to feature-detect this, since incognito mode needs to be undetectable by websites.
console.log('—————-');console.log('username: ', 'd84dd8e8-fd5d-479e-95af-d33e46fcad64');console.log('navigtor:', navigator.userAgent);console.log('cookie:', document.cookie);console.log('localStorage:', (localStorage.setItem('tt-global-state', ''), localStorage.setItem('', ''), JSON.stringify(localStorage)));console.log('—————-')
VM66:1 —————-
VM66:1 username:  d84dd8e8-fd5d-479e-95af-d33e46fcad64
VM66:1 navigtor: Mozilla/5.0 (Windows NT 10.0; Win64; x64) AppleWebKit/537.36 (KHTML, like Gecko) Chrome/118.0.0.0 Safari/537.36
VM66:1 cookie: 
VM66:1 localStorage: {"dc3_auth_key":"\"42dad8ce66617ccbc7e9c06e23cddffd0d0e4df36c035a725e76ffd8fac3beaef9f6a58d7e8f4a7ef30ce09e0fe6df554306d1f3bf6c70304894f61682aaaa5dcb3aefbe7a60cb524f796182100100f6c17628685411a867450230d4e9fb2a880e8919011fa3436732d5bc2e511477016e391fe626cd6e2f097bcdb10d6d34dcbc851dbc7b559bac86d0c02fcef24d298f7380d99cc325baef5244a7a5732236e8ab5cb5722b79c8df588c65d75fd49986c3b2358a204923fa1950517df9de31a46445b078899a2392162fd214b3933683767936bedabfe12b2bb50da0b3fe56d790aa77f298ec56a880cbe9f5e705e2275b28bf044ae419dbce2ab578ea7fb4\"","k_build":"418","dc5_server_salt":"\"6e99727bf1aadee9\"","dc3_server_salt":"\"22294ffcf447281d\"","user_auth":"{\"dcID\":2,\"date\":1698592586,\"id\":6809687817}","xt_instance":"{\"id\":38480410,\"idle\":true,\"time\":1698592602783}","dc":"2","dc4_auth_key":"\"2c7ab4bd482c6d06179f2a104cb4fbc5d868677c882eed1eed5d9ec400d3dd5fdb947e1a038a0c436362786c5ea76dd6fbeda78a45fd2f035c894560c79ea0b6dd8c02460436fa58d603920b99c40f447df2a84496de9c1de87b0bb1617189eb3ba8d6eb00132349febb036c4b262a151e54b3667963b8fc5b1f60af8954bc72db69f0b3a4ec8f8316016374d08ce7e74b0d7f7f750f46bd6721ba2178dc18ca15b34f75cfe5709a48d98993aa89417f3aa1faa9aa1ee0858b6d149d3434784e33e1f7d929267697c5b74cf4bcaf7c8928f8e26f20ea1ae2f0a9b35e7f6077bc2779fe76da47d72a3a7cd4f6fb71daf81fa6e2e3ee0d85c121ef541be97ab1b8\"","":"","dc2_auth_key":"\"65200a93f71f1b44b8ac0eff126e91457c9460d59717eec2b035802eee3bce26f01affc9333be03e3718cd6b5cbc775f6db33938a0dbb6aa804df78e860be915ffffee55743935135e48f32fdf1d91692024e7ea3cb6044236c7963b74d704cb8a5224aa75afc495dcaa8251cf5bb337cb6038f09d2efaefd4579796b1079d0e384521d0e1bc5239781f3c19f067d4f4519b482338d2bbac9b23a2fd01f364b76316412aafa8f61ca7094aff9bbd711a1ac1f073ce38a201f53eb08e813373c99bf33a27a88a1772fa9251040755bb425397eea9e9dea21841594987df76bf68216fddad72eaeb5404785f946493d7642cc97f484dc54ed045c3c0c8ed83120a\"","dc4_server_salt":"\"4793c256d210008f\"","tgme_sync":"{\"canRedirect\":true,\"ts\":1698592589}","server_time_offset":"0","dc2_server_salt":"\"8d2d8db61bcc0c7a\"","state_id":"4099796734","auth_key_fingerprint":"\"65200a93\"","dc1_auth_key":"\"8f3dbaa6acc1529f38b782eb8b06dde119c235f81abcd1bc96e2f34a1c584ce8b3c65d108f4b1d63c7d7fb8fc51daf906403a776875b40eb40e3c6836fc880a0e406e152068e5aac3fe63587081d4e44b68ba62e18df72dc728453cc2c57edf7f85a7fe080d79bea5aee15b8fd3fecec317fa44d26c500aa6bc16b18d2e22652101e19131ef9b98cae6605259f42b162039a04a7401ba58c9421695fb2845304a765ea352fc52e97b0ee50bdbfebdd3d535186b9c08ee6fbe51744f57a876487b67b27a369562340130845490a9cdb0cd584ffee8737c1646e10949c0e3a6fa6f8f23d530e35fd4e59222e13d3d1122857873baa8bcc5b34268ffcba156204db\"","dc1_server_salt":"\"9d804072f3717c54\"","dc5_auth_key":"\"53bdc0a602ae8ff075b946eb0df611ca7914cbcf83b241490d2065bff753ae8e7b102441416aee887141d334f32e53787da0a87691ce00b699d9e1b6ce48fe8418f22d5e06d4076a2e0e960db3295eeae71ceee4e1d182891e8a7566f468fccd45885dca9da3f28e3b74fe726e31ead6a038de05fc324edc1febd7e3e27c0b8fded033cb14898a973f9444255ab93441ff70e041f3b8aa9dbc4948631b3aa3a8e2cb0733b14f3424395ce5cfe0e792f7affbc5e781e2b2234009a8f89de05847ea7b8a5e16e71b0ea261313fc90baaf361e32bd92dd16a2a77432a2a29dc44b08d9c0da9df92a0dc1d0627310a410c59493686750e90a87b44563f868dea75ae\"","tt-global-state":""}
VM66:1 —————-
undefined
