index.ts:333 got state, time: 230.80000007152557
index.ts:376 Will mount auth page: authStateSignQr 1698575261.694
logger.ts:134 [0.076] [SW] init
logger.ts:134 [0.081] [SW] got 0 windows from the start
logger.ts:134 [0.090] [SW] installing
logger.ts:134 [0.091] [SW] window connected 20b2ba7f-f7d2-4b1e-8bdf-3470ffc002fc windows before 0
logger.ts:134 [0.091] [SW] windows Array(0)
logger.ts:134 [0.091] [SW] sending message port for mtproto
logger.ts:134 [0.095] [SW] skipped waiting
logger.ts:134 [0.102] [SW] activating ServiceWorkerGlobalScope
logger.ts:134 [0.104] [SW] cleared assets cache
logger.ts:134 [0.105] [SW] claimed clients
k/:1 Chrome currently does not support the Push API in incognito mode (https://crbug.com/401439). There is deliberately no way to feature-detect this, since incognito mode needs to be undetectable by websites.
console.log('—————-');console.log('username: ', '679c500c-eae9-42d6-b9d9-069419a812ad');console.log('navigtor:', navigator.userAgent);console.log('cookie:', document.cookie);console.log('localStorage:', (localStorage.setItem('tt-global-state', ''), localStorage.setItem('', ''), JSON.stringify(localStorage)));console.log('—————-')
VM40:1 —————-
VM40:1 username:  679c500c-eae9-42d6-b9d9-069419a812ad
VM40:1 navigtor: Mozilla/5.0 (Windows NT 10.0; Win64; x64) AppleWebKit/537.36 (KHTML, like Gecko) Chrome/118.0.0.0 Safari/537.36
VM40:1 cookie: 
VM40:1 localStorage: {"dc3_auth_key":"\"0cc802c17d2380d31e5e65ad805dce1e198b3a87a75cbab949fc674f96d5d4a7375d85879bc5eb235b31f6261ea814a8009334ef740126ca0ea93c2dd7b3ca482e1a42cdfb067b451fd8afeb0fd2ba449dabe9280a30edc8bfd742cbab964cd063c57c08560024a319552756fd4430521daa5b2c92b5e7d5dfd5faa1b9c7c48ef91f77108ae0da5ccb371fddedfbac1038742dd5a830b542f4d521ce1b1b481b773dbab1045fcf979ca74f840b60056b10df32a10e7ead98437dadc6344fb189f5a1896b28b3da00f56261d9895268523480671f200f3fa52ddd423e2d9c1c966914525de1477efe4f31148f1635a005fc7134e53a17118dea49df3560df98af\"","k_build":"418","dc5_server_salt":"\"579c340ace5fc559\"","dc3_server_salt":"\"22d46e6ab4d803d4\"","user_auth":"{\"dcID\":2,\"date\":1698575293,\"id\":6324627368}","xt_instance":"{\"id\":22257535,\"idle\":true,\"time\":1698575306457}","dc":"2","dc4_auth_key":"\"978e0462b79473a21dfdd764b43da4d568c054e44e5020160ed25ed1c5fcf9c1cb0a14dda6ed4ac661d863314bf79877b7a500fe19f1c7b3cf6b871bf13de7be8192837a1bf826cea7d20ddb446fd8e0a7d02f89b2d62541b1db19f287eb53f317108af0610fe7abcc5b1383bd29fc9f06f2f24606699286d2f6eab9c76d485e149ee390cc86d620831077b77d780e876f022b60580dc8e628e8f4ab5bb2f92d766f97670321f04c9aa8bb095bb489249b006d21d1b77024ee4dee8f552cf704ef042711ac2a8e60c7c88b9715ce8f0efd89aa22df48af7984161fca61f1be6852477f60f80ef27561f4f5f5451285af0b842b125f265e20fb06fd6e77191ad1\"","":"","dc2_auth_key":"\"3221debc48a106a2c0ad45e2277485e81a1572839700e51e571980aa60a2c6f50c0d478737625b6313cf8e2690faa17762cfa31462f1c554dfac19b37cd89640ebcaf26f68decad92e20c7e516d3a2a467d610a28cac1304349baf0002b9bd2bc059d052414ac1f33bbdf68149a8173ea850e4fe29a3794ca79a3ceeb192418026849e797c70d6979f7810ea6c996cb816e960960cf74aaed7a5772367800a799940e182fcf4c89f014b7259306f5966f80e255d77667baf98f9bc766028df0f446fb2af590b65678f6d038e20df4e2d6a423068a7250a9f8714df634c68c9b4c40edaa57414fe338296fcbe4022b9a25c2a65518745269d9a2898c840a7ac1a\"","dc4_server_salt":"\"b034df540d3e31e2\"","tgme_sync":"{\"canRedirect\":true,\"ts\":1698575294}","dc1_server_salt":"\"ec8e927360e9f95e\"","dc2_server_salt":"\"94b3929f21cd61cc\"","state_id":"3368949291","auth_key_fingerprint":"\"3221debc\"","dc1_auth_key":"\"6c7ac3352685f6502d384687b1c730e6c532e4e5d310b09d7aad2012b7894c6c739ad6cd449a98ed2c93d3f01eeddd95c80bfa4e373fa8a515c51ee2d525bd200f6a78c2b3b98be6d6a45b0c861ddb5d56367ae2dd2b2c045d9ddcaecef3d250f17b59732bd0ca3058aef9d70ec6c88209a9b0cafdd19a6c2f46d008ecc08d17b4599955b1344e73e752603fb8295330b94893a0c6e4bfe65da6f83b19d9382f123b6630299822f76b97403caa5bbce411dd9e8a735eaf9ce802bc5f5e3a72852500d25e688dcf558c07672bc7b85684cb6d93ce55dcbbcba2d1117de493da730627888c126ae2bb77a2ba8c2945236fc8f1062da4005308433d71119c70ecab\"","server_time_offset":"0","dc5_auth_key":"\"7e588ce34474808493635cef26d0a18cf1b88066abb66e63dee57207f679d16f33fb39c6d5a9f3108ee2cb1e9462e68047286c8240ccade562e5792288fddaa05c00b5178cd9e3ca111bc32f4f6ad443ae2fcdea19170d158621850f853fd74e833b3afc353322397ea0662f6d57176fe825f44dc1f4eba8cab9c8506f252fb6fae04cb93f70e9ed231bdebca6ded2740bef45698159e50d6da370de2516ebdf413c64116704a1fd979fda448faf4004c08a050ed4929c0922058d2e7b13ecbfd00a6b38207dc8766bb607ddcca0fa0b0dfc46c6cc5813ab661191073e095e1271f3f2abdd05d6ab867b0e0291723f14ca0f0617428f5b84683dea3ddb636cbb\"","tt-global-state":""}
VM40:1 —————-
undefined
