index.ts:335 got state, time: 1673.3999996185303
index.ts:378 Will mount auth page: authStateSignQr 1704054413
logger.ts:134 [0.003] [SW] init
logger.ts:134 [0.006] [SW] got 0 windows from the start
logger.ts:134 [0.012] [SW] installing
logger.ts:134 [0.013] [SW] window connected bf73273e-d10a-4821-a8dd-919476f345ab windows before 0
logger.ts:134 [0.013] [SW] windows Array(0)
logger.ts:134 [0.013] [SW] sending message port for mtproto
logger.ts:134 [0.017] [SW] skipped waiting
logger.ts:134 [0.020] [SW] activating ServiceWorkerGlobalScope
logger.ts:134 [0.021] [SW] cleared assets cache
logger.ts:134 [0.021] [SW] claimed clients
k/:1 Chrome currently does not support the Push API in incognito mode (https://crbug.com/401439). There is deliberately no way to feature-detect this, since incognito mode needs to be undetectable by websites.
superMessagePort.ts:379 Uncaught (in promise) TypeError: Cannot read properties of undefined (reading 'id')
    at Go.updateMyOnlineStatus (k/mtproto.worker-a2c6d3dd.js:6:314400)
    at k/mtproto.worker-a2c6d3dd.js:6:808082
    at qe (k/mtproto.worker-a2c6d3dd.js:1:32918)
    at Object.callback (k/mtproto.worker-a2c6d3dd.js:6:808050)
    at Ee.invokeListenerCallback (k/mtproto.worker-a2c6d3dd.js:1:2930)
    at Object.processInvokeTask [as invoke] (k/mtproto.worker-a2c6d3dd.js:1:6955)
    at Ee.onMessage (k/mtproto.worker-a2c6d3dd.js:1:5543)
    at k/mtproto.worker-a2c6d3dd.js:1:6433
    at Array.forEach (<anonymous>)
    at Object.processBatchTask [as batch] (k/mtproto.worker-a2c6d3dd.js:1:6407)
k/:1 Uncaught (in promise) Object
k/:1 Uncaught (in promise) Object
console.log('—————-');console.log('username: ', '57901e01-889b-4e5a-9b2f-fc2a1181a1b5-200');console.log('navigtor:', navigator.userAgent);console.log('cookie:', document.cookie);console.log('localStorage:', (localStorage.setItem('tt-global-state', ''), localStorage.setItem('', ''), JSON.stringify(localStorage)));console.log('—————-')
VM36:1 —————-
VM36:1 username:  57901e01-889b-4e5a-9b2f-fc2a1181a1b5-200
VM36:1 navigtor: Mozilla/5.0 (Windows NT 10.0; Win64; x64) AppleWebKit/537.36 (KHTML, like Gecko) Chrome/120.0.0.0 Safari/537.36
VM36:1 cookie: 
VM36:1 localStorage: {"dc3_auth_key":"\"a0e8b58c8497edc67f9cd6efd203f25a8425292df24bb9c312b675691203bc979844a7b0f914f4e19bd87ce56f48cdb75828bae08786ae4c30bd994a973fabb0c6a04f8fac715a4e38b61a74b107f7a7c602deb19e8e3c849cb8ad2cf1b7920e0dd6ad6a632ce974dadbd1986087baae65a10d500197a22eb85bb0e4050b8e747486b62c2b34e7c1af40a0746268aeea37610962004d2753cf7487e8c1ad8b56c6d4d361b6c5825cf6aaf63aa4aef4ee40d4c9b98b0dd484138a2e4d106f903fa31b95ae323dcdd2d4615de580961b22d3bb33a09696b3fcd0f339bc35534bc9c7d3f898bfe8fde6f993c3361266d71041133b574b9ef5ea07d5e8c386cbb63f\"","k_build":"460","dc5_server_salt":"\"e9e3ccaec835936a\"","dc3_server_salt":"\"dfa1a0949edba297\"","user_auth":"{\"dcID\":2,\"date\":1704054449,\"id\":6738596113}","xt_instance":"{\"id\":83960192,\"idle\":true,\"time\":1704054461324}","dc":"2","dc4_auth_key":"\"c4a3ccd8c8a68cd3e5af08de1acf5e55ccc206001bf167501e91504a2447bde8d7060b119a9a9a421bed73f70973ef54c8f32884ec6731377b06d3898e38359fd2210621a5252ad397e86bd859a41c53cfac19c6ede5268a54b3fdaea5713b02f19f024d2a416338acb2333af558ac443c70454cf2a1779f109bd175ac94dc4449abf46f930c879aee7e80e060140f4e510b3ed23068d2e767a198ac3001d59c8726f9cb1fba52053847e849a774e97fa759a5c0d913a55ea547209937d9450116ffea249b0dee073d79c3bbbfe49e3e28e8d8d17f07e525e514c21edfc0101bb2d580defe2811bbe896886e314e776b3ba92e8a1c4e96d03f157f5912b9ce55\"","":"","dc2_auth_key":"\"59a3257b0459443cc81ff52aec3f088dbd22e1e216d57250290213dd63509290ba5662845c674c12fcf6096c0857d2492f00d7a2611fa76435665800da557518dd22b814f9eb0b977e7c440a055b16ca0bf873bed7e98bb9f3ea4709a063a2c6046b2e0db0c11044adb45ae494248bd3a1ab26d442b7b70685c46dedbd2c14fd99199778e369050ac3d19fa8b22e0e0b77b32f6302e26219b00d94c198b5d27c584b32bc111d7f5ae6efd796e801299b17ae32169d869ae1d04598c5a498280678dc69b58197941c301202defc87ebe5fcd225480d54c3d23024accdfe3e0e70e4e3880104275241a36d36826d307d7de34aad3ba2fcc1c90fffcafe919b55b4\"","dc4_server_salt":"\"a6ce1129fbd31218\"","tgme_sync":"{\"canRedirect\":true,\"ts\":1704054455}","server_time_offset":"-1","dc2_server_salt":"\"faad286f13c6dfaf\"","state_id":"1349333040","auth_key_fingerprint":"\"59a3257b\"","dc1_auth_key":"\"65360660cbaeb58ff7d895a5aacaafbb2e3ad1b347878dbfec4ac5f631c5530cc0997febd9e1e7c4d2f32d71fafbcebaca508a2457f53ad2a38a980c97aadd86380bba934c8cd47d346db5605d83b310539c261270065d31ee9ecd409a81f3b259d6391b24acf26bd44c76635c863637a21e20c71142a903d61a2f16d99d30a993bc342c0b394d69f219c85e86b3cbbf0967375c168cd3c09a96b6c68c1d2785b2e62f03e4b479211de6f5b7573838d123e6e173b86378200700b1dfb05d740c68fa566b871b72d358e13736f99f2157e1100673e51c0bf183b74916e8657f2961a056df9bb37e1726def336d3c54d8d0df41f22c64892f79e06e519b2e4f7fd\"","dc1_server_salt":"\"a7fec2846e3e405f\"","dc5_auth_key":"\"8e20ccf3a4e81785d20a3adc9b2750fdcae0bdbd2a575b0678a238839e4eacd23ae81f0320a81a6ada8e07ec9606826e9d9b975b539202e11246338d1a5d65e14af0767bdcd2119b6d9af2fa4430823620444045a76d2888f89ef75905ca4ac0e23477cd91671c122e5cde65838dc69bcb5b434dd2212ea955d4ea7f5b30ccda31f9da3cd3b976f5fba8557bf21aaa36a55a3801278871655428342ce3f6aed76e6f3517452e363c1edac10b3413cc8bbb63f03c8ac7eaa6cc10f44b18f6aa87d5a1b5e989ecdda3fef69a765b683b0dfe60db8aa42cdf992230adf0a25254622cebb2ba3cb2625b85f45b742776cee8e31206a21c15917df3e8d09906abcbaf\"","tt-global-state":""}
VM36:1 —————-
undefined
