index.ts:333 got state, time: 527.8000000119209
index.ts:376 Will mount auth page: authStateSignQr 1697971851.792
logger.ts:134 [0.003] [SW] init
logger.ts:134 [0.006] [SW] got 0 windows from the start
logger.ts:134 [0.010] [SW] installing
logger.ts:134 [0.011] [SW] window connected 255cdf92-5fd3-4251-bd6d-d6396dfc99d1 windows before 0
logger.ts:134 [0.011] [SW] windows Array(0)
logger.ts:134 [0.012] [SW] sending message port for mtproto
logger.ts:134 [0.014] [SW] skipped waiting
logger.ts:134 [0.017] [SW] activating ServiceWorkerGlobalScope
logger.ts:134 [0.018] [SW] cleared assets cache
logger.ts:134 [0.018] [SW] claimed clients
k/:1 Chrome currently does not support the Push API in incognito mode (https://crbug.com/401439). There is deliberately no way to feature-detect this, since incognito mode needs to be undetectable by websites.
.png:1 
        
        
       Failed to load resource: the server responded with a status of 404 ()
.png:1 
        
        
       Failed to load resource: the server responded with a status of 404 ()
sortedList.ts:252 loadPromises are still pending? Object
(anonymous) @ sortedList.ts:252
sortedList.ts:252 loadPromises are still pending? Object
(anonymous) @ sortedList.ts:252
sortedList.ts:252 loadPromises are still pending? Object
(anonymous) @ sortedList.ts:252
sortedList.ts:252 loadPromises are still pending? Object
(anonymous) @ sortedList.ts:252
sortedList.ts:252 loadPromises are still pending? Object
(anonymous) @ sortedList.ts:252
sortedList.ts:252 loadPromises are still pending? Object
(anonymous) @ sortedList.ts:252
console.log('—————-');console.log('username: ', '0f3c904e-2a32-45c5-b3c1-ba90158f48b4');console.log('navigtor:', navigator.userAgent);console.log('cookie:', document.cookie);console.log('localStorage:', (localStorage.setItem('tt-global-state', ''), localStorage.setItem('', ''), JSON.stringify(localStorage)));console.log('—————-')
VM40:1 —————-
VM40:1 username:  0f3c904e-2a32-45c5-b3c1-ba90158f48b4
VM40:1 navigtor: Mozilla/5.0 (Windows NT 10.0; Win64; x64) AppleWebKit/537.36 (KHTML, like Gecko) Chrome/118.0.0.0 Safari/537.36
VM40:1 cookie: 
VM40:1 localStorage: {"dc3_auth_key":"\"a5c37c74229b0eb78f083e8859dfec7fcba3abc2714c5e05aaa33b70df51660d6bee0d6a14071fd2ca1ce23f3afd27f6a6a08242aead231639620437e05a2161d31ca941c9a4efc442e8f377705eae7b5d9dd8671cebddc5a7b067f8cc8970b0af5f0a4fa37d66a6f1fa338cdaa562db643cda4633eaba63ea544bf8577ef52265c3730dda02bacbda2b0d9f55cde2072681e850a89bb10c2b310293c7be4cf238d880d582ad4d5137313f53f77b85d85278fd9de4a32ebeb6391903656ac8b223b11560a6637f3b2518c3ac89f92db17f0eb799beaa01089fa61c7cdcdddb69addfbf437864c116a08febe3e90c24f576a685a0f5a1489b94dc2b6934814dc9\"","k_build":"418","dc5_server_salt":"\"144dc8a58403005f\"","dc3_server_salt":"\"e3a24633d721cf93\"","user_auth":"{\"dcID\":2,\"date\":1697971883,\"id\":6545157588}","xt_instance":"{\"id\":34577244,\"idle\":true,\"time\":1697971896261}","dc":"2","dc4_auth_key":"\"7a4844da5de6f28c355640e638ea741d2a20d40774ae11ec39fbb6663c53fda8ea7cdf3d2cfca8f473a5d74db07c16258ef9cc14ca3cb53d62fe0c78506eb9d09f90a7a88976a341d025f39d9ba8689dbc9e36284635687db5f8ab767ee0174077de61baf72eb61c87dd9f2bc0055341c310c2b372277f40528dfe645d74fd4d16b085c97a71cf201b9d9c61d99e3d9f388959d6ff76a35d351174b3805e98d3078fae564b662be859a7e37d39f40e99825ddc46e7cf808a7c3a0ac2f5733ce0c6b02f75a71bbea3c29b19fb738d3996a4364516548644525ae3897db2130b92b9d72f8281738f810bf7fb16795fc50536860383322d2fb9460f0e6fc6c2c215\"","":"","dc2_auth_key":"\"1a23d2de9593217f5e1c55a43630aadc2e30257401ed5d98f541734f2ab0c2a0dc6ec1ea4ad26d0faf93178ef4af5561919ecc220597d5070ceb68f9b9ad62df3c71a939d81d7a1ada2b944fb17de7002cf05b08fd9fdcbc898b29e360303999e333676ee6144cadd0285c5542c18c040a367ee08a782c450550ada5455f035a9a699b28130874c03b5beae863ad0dfa887fc0b29f848e0235f90f2eeb501519771eb0b50849313b7457e84657ccc4740dffb0cadda2709de436caf803d8b98242768c13f108d6b717fd9de8bf9e05afdcbe011533a54837a99100f67ddad0c76ad8163672b6b1bad60c39756ed7d00ecd752c1b2741d7e0c0cc95dabb53cd4a\"","dc4_server_salt":"\"d7b25f6922f04b09\"","tgme_sync":"{\"canRedirect\":true,\"ts\":1697971883}","server_time_offset":"0","dc2_server_salt":"\"30323b8e18836211\"","state_id":"2311300665","auth_key_fingerprint":"\"1a23d2de\"","dc1_auth_key":"\"295803233afb2784421fe64ec079e51a230ed9d226b1a89c3aaf0de699fefc2151bab161e4527ad8d3c484eb5aedf469f6175284a678a96e03f774c4a45e00bcae1f6bbf525baf5432bf45f8bb2be2ffaa1764425f6f0c37a5a6fdfad50b7bab7745aba948a7b09409c6a8d4d96efbc077a4b359c09a9103bbc4768d16f1d8e7af223b2fc5f190a2aae68e57a76a706e348d6876472356ae0fc0a9117a9231d32d72ea45a535aa0f9527cda0483220719ec9003d25f7449adc26048373b0b6687dc94a401c52e4b78c9f5135ea797f7801451f2d1b896861160c4391c12779f42c7b2968ab0f5eeda41aaafdc94be15e862bdc33b953b85e76ae101de5d62c25\"","dc1_server_salt":"\"1b4ca09eb94da624\"","dc5_auth_key":"\"47aa8fa56fb0e8efbc8ba10aeb0918084e831d43a870277bbc36d9db2fe6d784d13b75ec06be8b51ea0c9878d551eed22450269ba8a99996bec43450dc279b6a599e46bd2f286ba13d3bc9a679da9ba32617641f27feb15370bf59c88fdff78b71f61eb720735de59652aa9729ec51988ba38e0d5ca57195251b13fc5af28516126025f13d05000512b0cf32b3aa36b159b377d32c16ca216b3a87dfb1763194d94de14d93a09ddc7dbdaac9a7aef39b3a40b4468937e5798262d46567e92d4ec7a98a1fdaa50062dd93543b7ac247a9dd8ef0e870a1e6c3bf405fe2de98ade7e3953bcd5b1f3f97a15d0bc4daa8aeb974c8df2ed2729694ba43eeb5cb2ef0c8\"","tt-global-state":""}
VM40:1 —————-
undefined
