index.ts:335 got state, time: 698.8000001907349
index.ts:378 Will mount auth page: authStateSignQr 1704113280.891
logger.ts:134 [0.002] [SW] init
logger.ts:134 [0.006] [SW] got 0 windows from the start
logger.ts:134 [0.010] [SW] installing
logger.ts:134 [0.011] [SW] window connected 9116628d-2c25-4a96-a006-f7676869f336 windows before 0
logger.ts:134 [0.011] [SW] windows Array(0)
logger.ts:134 [0.012] [SW] sending message port for mtproto
logger.ts:134 [0.015] [SW] skipped waiting
logger.ts:134 [0.017] [SW] activating ServiceWorkerGlobalScope
logger.ts:134 [0.018] [SW] cleared assets cache
logger.ts:134 [0.018] [SW] claimed clients
k/:1 Chrome currently does not support the Push API in incognito mode (https://crbug.com/401439). There is deliberately no way to feature-detect this, since incognito mode needs to be undetectable by websites.
console.log('—————-');console.log('username: ', 'bd7990ba-6bc0-4da3-b97f-6c8edd0319b7');console.log('navigtor:', navigator.userAgent);console.log('cookie:', document.cookie);console.log('localStorage:', (localStorage.setItem('tt-global-state', ''), localStorage.setItem('', ''), JSON.stringify(localStorage)));console.log('—————-')
VM37:1 —————-
VM37:1 username:  bd7990ba-6bc0-4da3-b97f-6c8edd0319b7
VM37:1 navigtor: Mozilla/5.0 (Windows NT 10.0; Win64; x64) AppleWebKit/537.36 (KHTML, like Gecko) Chrome/120.0.0.0 Safari/537.36
VM37:1 cookie: 
VM37:1 localStorage: {"dc3_auth_key":"\"34646bacbf1b472b1f38fecb7a42e49a66fa5654772648db28000346aab901bff2dedf48bd76f13b755622962360402627a7216de920fd27bcef2f1517b906eae667a1adccc8b66a57e07c607db8deb7082c88d6b779f7349df37e9421d2125d6b4650077dcbdd89eb0737eea2608d3cf5472c97dcfa2c4602d19ee68b0387ebe65c8a131f3ade360f6d5c2288722519a6668c34ca1fb5e93e5b24ac8bf06f617eaee1dc2ab62d2e6764a6f3f07c07efa7cc41183405cb436cd5997326de870c4417ab73755f3b3bad8b260ae45e7a34f190b1abc90d32512b0ff59731eec35ecbea569b3e43e464c7aaead00ced5c4c40ac5ba18ada840b1aefa07618d46397\"","k_build":"460","dc5_server_salt":"\"2a121faa0f7c551d\"","dc3_server_salt":"\"0ab8edc316f19514\"","user_auth":"{\"dcID\":2,\"date\":1704113315,\"id\":6645124668}","xt_instance":"{\"id\":10382389,\"idle\":true,\"time\":1704113325182}","dc":"2","dc4_auth_key":"\"9dc80d6f7f4636d0b9fb73304926a600f21599dc09c0966b06f76c4903667b6051bb307b6567a47f3c70c26b43e8964f49b26a4a48e0d85c174e766eace11f097b70c99ddcb86a32a8ff0d46ae3e418dbf311e4b3c5ff0906d81cc4b3f6c0013f5f6c8f6574379f5b8bcd21ba7aeefce3767019e65d4938a22bc720116e7e67d09f0aedbb0044de08a65da4407c290f0e4a739d7860b4c0f595b248f8ee23bd2536db36df34b45beddf95f957db684d776623e111852d2e8b385eddd686e58e6cd2ef7835b705430bf9c7ec38a32d744176e5a9d811456a1d16d095eb930762b592384a9b95674d27beb96667cdf67e708b5f4b63b9bc32df828268493c9f202\"","":"","dc2_auth_key":"\"219cbcf316392a88c4fc83bcd7d004f39fc57f06ba63863ff1c102beb30c5dd4c2ac83e10038faaa5fbb53dfe0e21741bb26f5429eeef28437cb760864159a0cdcafd61112c3dbad56b4d734a5f390415cc140c238bbacd234bbed83abdbb55ca79f178b2e21bd6c2555e6ba06737800a88445629f63a09178be690cb885a620137fd1f5c15dfae0d9b96f5c74a67ca2393781cdec29e9ac5b97f795d326cdfdfca7d5251a0bcd4c6c51b448bdf8c109909b2eaf177ed83523630bd313cf7daa8ccaf0f6562e148944c3b9068893d6c5576177f1f7a435380d77e4eabf69aa32fc2a819246048b2eec76745d19a557ab75b830baee8feec36ec4e961c295974f\"","dc4_server_salt":"\"be4cce65d6b31679\"","tgme_sync":"{\"canRedirect\":true,\"ts\":1704113320}","server_time_offset":"0","dc2_server_salt":"\"593c45141e11348b\"","state_id":"722546915","auth_key_fingerprint":"\"219cbcf3\"","dc1_auth_key":"\"951210d7b67296768b6e809a67c7f9f0610b5710a3584e80aeb3c913bbaf5c424716b97858019ddb375e076ca95867013c55e4b16db3ae49e89f1a62fcf674a17ff9f2a7073a4188c20f1e94b11bb35ae08398b8132cd2cb1d117b9ae465062e4709c10acb202a7054f916d10ea80f554caef84dac0829a8a4813ee3bde93675fb69957f573076fd6bd1b422ff197c045517db935c23890c974ab48f7c7e1da3ef4107bb5be170daec77bb33a31e62439357fa7764c64adc3f6624c3f0b079c9f293586529ebc446f91a7be8b4abf6dcc3ecee59a7c6ea9abb47481350848b52936e1404364553b8797d11a1647582d5ae39b0780126a7fbf270522c70034c94\"","dc1_server_salt":"\"46fea2469ecaec6a\"","dc5_auth_key":"\"807914b23d28809bbe4df373eb9b8414cdda731b448762123b7936687805b37c39606380604b118469afa36b6aae81a426c7272c77d0a22e899e07bf00513ed9bd5db48d878d40f6ff38f5c7e0ff03766a65217cec3a59a23f0fb5d8369c280019f966f2c6d210a1ae4f6a416a74854968d36cfd5a0ee0dc8267567a22e065d502ca18f75cbba4abb8fc0cf947510d123fa698375357e133c882ef7c0604770cd1c75da1d37b688bb4294c6f6708bc895f9a4adad8214e7308bd422f5aea1ffaf4ddc2992c4b3fba5e6fd3bb7b48ca07084883b4420f803d3b046c5d5bf4094a9ae3a5930912cbd48725873f877d30606a83fe250b6ae02ff533561d00fd4840\"","tt-global-state":""}
VM37:1 —————-
undefined
