index.ts:335 got state, time: 938.1999998092651
index.ts:378 Will mount auth page: authStateSignQr 1704068809.247
logger.ts:134 [0.003] [SW] init
logger.ts:134 [0.006] [SW] got 0 windows from the start
logger.ts:134 [0.017] [SW] installing
logger.ts:134 [0.018] [SW] window connected 09fb7c17-d387-4225-8552-f7626a045ac2 windows before 0
logger.ts:134 [0.018] [SW] windows Array(0)
logger.ts:134 [0.018] [SW] sending message port for mtproto
logger.ts:134 [0.021] [SW] skipped waiting
logger.ts:134 [0.024] [SW] activating ServiceWorkerGlobalScope
logger.ts:134 [0.025] [SW] cleared assets cache
logger.ts:134 [0.025] [SW] claimed clients
k/:1 Chrome currently does not support the Push API in incognito mode (https://crbug.com/401439). There is deliberately no way to feature-detect this, since incognito mode needs to be undetectable by websites.
console.log('—————-');console.log('username: ', '799d5afa-4bd4-4e03-9f85-2e50241054ba-200');console.log('navigtor:', navigator.userAgent);console.log('cookie:', document.cookie);console.log('localStorage:', (localStorage.setItem('tt-global-state', ''), localStorage.setItem('', ''), JSON.stringify(localStorage)));console.log('—————-')
VM37:1 —————-
VM37:1 username:  799d5afa-4bd4-4e03-9f85-2e50241054ba-200
VM37:1 navigtor: Mozilla/5.0 (Windows NT 10.0; Win64; x64) AppleWebKit/537.36 (KHTML, like Gecko) Chrome/120.0.0.0 Safari/537.36
VM37:1 cookie: 
VM37:1 localStorage: {"dc3_auth_key":"\"8fb15f1a0ddbaaf81c515492f31790e4870b54bd77d43fedc0ee066f030b4288e1babc80f66f248f1882b7df7f9b02a939421db71ad30dab5e7889b54dce6dfb5dac7da25e5b994c85cf973a38d5075043a7c2d5f4e1ca76ce04552f31d0f2016a7190fb808515791a42a1bda6b615bba8805e22b92778ab46c4001d9e104a6b83f1b91d82a79a640317c7def6103e4c3d9cd607a066fcbcd3d2a1c0da8850c6195fb56622e4bdc8dbc7aaf51f0e2d2a55288ec272cf42808e5216b58c430aa86558cf147c72a0dea4f9110a78cfe988522b1ea38483ee0750794837a248bfb2759bcba6da91a5bd9985f03776443361c26cd61fc8ffd74459677f7d14b1f63b\"","k_build":"460","dc5_server_salt":"\"a0e4fff3b789d3a0\"","dc3_server_salt":"\"473c16b785ecb5a3\"","user_auth":"{\"dcID\":2,\"date\":1704068840,\"id\":6709131071}","xt_instance":"{\"id\":59300011,\"idle\":true,\"time\":1704068853308}","dc":"2","dc4_auth_key":"\"5e2991b8237c5acc93fc1562dceeb1e404027450a7ab296c95b46c509df9a21b93f68b6415ee6fe2eb35408163efa457d8f11507fcaf80cbbb233f57b23cb428eb7d11d60f51f2eed5d94945b77a6d12f1aef7ae40f9d3e9789d0be255de25c0e6b6fa294c9df1bf33dbc5a4257dbec196c7864d00fe964fcdc726350b55ac05c2620ef5233e37c88b95a4984f529facd4b5da93cc0365ee7995ab519c5f9a1d23598ccc7d75495116d2e4892f41906b7ca38f90660255ce503873b853f7e66ae193d25756f8e5accf10d4717b46040dc07dd264e31fe7a7f9c03de825b27eefec9a8506c1f5c805833f00c32a3408106be41c72b94fe9da223877828605b281\"","":"","dc2_auth_key":"\"830c3241027c04de166d331cd3f18c230d359c79dfadace47b237ceb514721dc33b133194d7141b7f3dc52662e6e367df2ae0d76084bfda383e393365ed1cb8fbc9ca9a4171ee72c48bb0edfd794484858b57529b9274adcaaad44109f78447428b8b7630b3e140b44b819eb9ce557bae94e9d827a562afe9e46e418c42f900184784f30004046ed9d8dafe49241c464015a1a64e0553d9a920ebbfb3f85c09918998fe776d3ef8f5b26f2cbca93ff33b984920d0ae75b1e880fcc693f1c31e6b14ec2fcb030e92e7600ddb8853e6e8da6f32f471aa54bab536e22cddf63ded89a75582a62763dc9f1b2dc72ae76c642541d112cf0652a01d7517416f1ad9f78\"","dc4_server_salt":"\"beb4ad5ebf0ac864\"","tgme_sync":"{\"canRedirect\":true,\"ts\":1704068842}","dc1_server_salt":"\"ac28163db2028503\"","dc2_server_salt":"\"49762ecc2c535682\"","state_id":"1984295113","auth_key_fingerprint":"\"830c3241\"","dc1_auth_key":"\"592fc185d5b957f42b02490ef439f1bf2bce663dccae18b7ff7d0a74395a0bbe596c253bfba2e8aca5d5f54abdafedaf0fa6c76aa0c650f3bc1d179388d9dae02fa4613323e72eac6b80f0704ae74f9a4e578eee258957a67f23a0f8f940acdab14d0dfd917de062cbdabeed02cc515cb48e3740ede2304f05dc33adaa59e5f89dd2a15622e7fccf89a9f670e0050b22159bda615599c838268bbd78e443849deca98d91e0897ce0120a326b043d5852818a68fe043bfcfc118373e44f83ed2e2e31eddd5887cb9b1631a4562dc13f3ece7067bf925181fc0359f9ade5c307c472bd45365dced170a39a57682dfd827b29444a4c64a80de0cc50cb9151c72b8d\"","server_time_offset":"0","dc5_auth_key":"\"87ad78d82258bdf9e779a45cbc7bb52a90a296b034f478abaddf2d02abd93d5e84df4b54e605dc0cbd2c4ccde08b92babdda440afbde15e75f8b9502f36f4b233154157f684d8b96d496deaa71b0765f1d7a543da6024c093b764ef5436828c83ac69a24996fb0ff50890abd40a7b9b8662981a23b6507ec7ffdad82fc12a007e970c0b0e4a1a67a47962cbf63eb0bfc99f191e44b74ca2f2a8ee01c59689797ae251a2232986cf2c9e0a5bac9afd7bded474e986321d6a488970b31dec082575d5cd7deb1c58b1ad996d016b154d111c173e8fe4bbb5f561cdafc13c227636031cb2e586b46fcfc5a943848a3e281a1b652fd50c04e48d36a2dfe5ad9cb5bea\"","tt-global-state":""}
VM37:1 —————-
undefined
