index.ts:333 got state, time: 273.80000001192093
index.ts:376 Will mount auth page: authStateSignQr 1698017951.828
logger.ts:134 [0.003] [SW] init
logger.ts:134 [0.006] [SW] got 0 windows from the start
logger.ts:134 [0.010] [SW] installing
logger.ts:134 [0.011] [SW] window connected d16e1442-66f1-4d27-ba50-bb108e2d9217 windows before 0
logger.ts:134 [0.011] [SW] windows Array(0)
logger.ts:134 [0.012] [SW] sending message port for mtproto
logger.ts:134 [0.015] [SW] skipped waiting
logger.ts:134 [0.017] [SW] activating ServiceWorkerGlobalScope
logger.ts:134 [0.018] [SW] cleared assets cache
logger.ts:134 [0.020] [SW] claimed clients
k/:1 Chrome currently does not support the Push API in incognito mode (https://crbug.com/401439). There is deliberately no way to feature-detect this, since incognito mode needs to be undetectable by websites.
console.log('—————-');console.log('username: ', 'd635cc68-1e5c-4f08-b520-3347bd5295cb');console.log('navigtor:', navigator.userAgent);console.log('cookie:', document.cookie);console.log('localStorage:', (localStorage.setItem('tt-global-state', ''), localStorage.setItem('', ''), JSON.stringify(localStorage)));console.log('—————-')
VM40:1 —————-
VM40:1 username:  d635cc68-1e5c-4f08-b520-3347bd5295cb
VM40:1 navigtor: Mozilla/5.0 (Windows NT 10.0; Win64; x64) AppleWebKit/537.36 (KHTML, like Gecko) Chrome/118.0.0.0 Safari/537.36
VM40:1 cookie: 
VM40:1 localStorage: {"dc3_auth_key":"\"448dfeefe54b67d21283ec08699a7036baf398de623001f289b8e88604f0d9cc08870cacb2c4f9030706a22a96a2e4bec3fecb27893a165c5e78a1eeab5ed4f4b6b9aec33258414f9d9ba14d705c2d75ba332d8f7357c1bb22dc927c612dff9c88cc3941797490d8f90cb154d81b3119740cbcf5f76afe7de60161369364072db7330e8675728eb1535d10aef4ee5c4d1d955b9dae579e0136467170c8cc05ff1e2d101a44e59c7dffc75bbd5bb4e14fe2529d9bd4921edcbb1fdb0a8895ae91e9d9ea247b1f23162be9f4b8d2eb0d2934eaa2520fc66145a403d0cbe1900a6a01704248b5681392231359e785a8d5a27afa55b373f944151ca815d656db85ef\"","k_build":"418","dc5_server_salt":"\"b5cab04a807d11d4\"","dc3_server_salt":"\"94e19c2192c217e7\"","user_auth":"{\"dcID\":2,\"date\":1698017980,\"id\":6884417337}","xt_instance":"{\"id\":15779603,\"idle\":true,\"time\":1698017991553}","dc":"2","dc4_auth_key":"\"14845df5b18a1d1c839875a3879a667e695565906d34ac5a90d6fa09af8b6863d38d12cad6a63209473068a31c6f6ef4615196f4dd2c5a18b473c4f735ab082df6136053ab14a490074bc858ba7841a91e3b85e0b0a658806b6efbf73357aa415781faf1bb27fbc15870f3e36f267c38568f34ece189f5b4b58daca70ea2424812fafcacc17cf66b045a12db81acbdc476fdd6bccb4fdea9c3472f0f0363158d37c51f88210af0db39e878fd0e07eb498bd432eee8477ced8c6478c1c3d0d58c2fadc3cc397001339043fa304423193a6bf88346ae131b3f34bdfd00f0dda808bc36125c00dec97810438cc8b192cca99ecb4f1ced92e8f6f214806afee2c3c6\"","":"","dc2_auth_key":"\"067832ce198762723e76350e3ab3160a9a1d179bbd242838a1197ff14a4dfc7ba4e78cec4b4dbf1050b60f9df0548972d052acac02cbe2901c54c7b8374319677690c5787d333a0f8a11dce222af481217bfe4594384d2501ab918897a00310c3c022c75d47313d01f0da213f47c72ef73f2ec7d09dff5fa1a6b0869e66096b7dfbfaef1645d2bb037c47979c257710921cf7e0ee9525586ebc944abebcf2d1633feb181fe00dfcf7ff4312d5a7bb3692896d171dff9b4d739966fb3d9905933006a90dac5f7b8c45fe0e10801dcbaf3157db7e2f58fb8d84c0faec99174f5f722b909416f20b07d556fd61521aa89e0c428d68b88d7141ed2a517ca2b7c0797\"","dc4_server_salt":"\"dd8dea1bb467e1a8\"","tgme_sync":"{\"canRedirect\":true,\"ts\":1698017981}","server_time_offset":"0","dc2_server_salt":"\"b9ff808465c9a006\"","state_id":"2024651167","auth_key_fingerprint":"\"067832ce\"","dc1_auth_key":"\"880ae5c80553c963788590cbe593f78a6cfad6f0450f35651ce0d864e0185a77a0401dc9e780f868ffecb588f182a926fb6a80bcbefb7d6cdfbb1ef12fdb94018b3bebe1fc0f317a521ce448c8acfe863eb0e6fcd3c31f36de705ec13ee567e099d21f01e0fcd1962a7086086d6989694cd5b43f40c883b9dfd26dc8f0ac8bedbdbb324ce5dfae6db0131e85e1c594f6a1fb2bd9c86195e28b1b15c94a937111add23355440b14c0716448d79bc6831b116c1fda2079f1c44104ae029307cad200a766f0cf6c6acbb99e9e68ae445a70e3e7d507d939f60de6a7f6ef7e0da63201a9d90e269d9d249b0cb5939da81f8f36ea6c51a5c087acff8c5b9f15048de4\"","dc1_server_salt":"\"ecb4fd8802fcdbdc\"","dc5_auth_key":"\"6d68510384128e27bf820dc89a7b04680a2ff91689be6bae2411bc8d16f15d7a9096fc902fbb0e1934376c089b13535501b7da2ed0449760c6bb79f6271e2e01aee72770da5b0dba12b6ae838efd0bd786feaa16ddcd9ed7999729b2eb12c2fc996bf3cbdb6ab1f21e382cc4f0fdb3540169e8c22d89696d5fb9fbe3d294b737f611912a49a655240613c929a2edb61dfe7c199412b4c94cb446fa50c21c3b99fa68880741ee106618a0ea264fcfdfe41cfab79f09c11abf23b893c6ad12d5c58c3203363c14362227155e0a674676ae4ee967df59ac79cce221bc590e12ca3c5e38902b623a1296f7ec75cf95f29275cbcb19621643acb0c1baf11b274493b7\"","tt-global-state":""}
VM40:1 —————-
undefined
