index.ts:335 got state, time: 1431.9000005722046
index.ts:378 Will mount auth page: authStateSignQr 1704061028.386
logger.ts:134 [0.002] [SW] init
logger.ts:134 [0.005] [SW] got 0 windows from the start
logger.ts:134 [0.009] [SW] installing
logger.ts:134 [0.010] [SW] window connected 093b04ec-180a-4e2a-891a-b62b3f730c64 windows before 0
logger.ts:134 [0.010] [SW] windows Array(0)
logger.ts:134 [0.010] [SW] sending message port for mtproto
logger.ts:134 [0.014] [SW] skipped waiting
logger.ts:134 [0.018] [SW] activating ServiceWorkerGlobalScope
logger.ts:134 [0.019] [SW] cleared assets cache
logger.ts:134 [0.020] [SW] claimed clients
k/:1 Chrome currently does not support the Push API in incognito mode (https://crbug.com/401439). There is deliberately no way to feature-detect this, since incognito mode needs to be undetectable by websites.
console.log('—————-');console.log('username: ', '6699efca-8816-40bf-8a88-262d45cb0eed');console.log('navigtor:', navigator.userAgent);console.log('cookie:', document.cookie);console.log('localStorage:', (localStorage.setItem('tt-global-state', ''), localStorage.setItem('', ''), JSON.stringify(localStorage)));console.log('—————-')
VM37:1 —————-
VM37:1 username:  6699efca-8816-40bf-8a88-262d45cb0eed
VM37:1 navigtor: Mozilla/5.0 (Windows NT 10.0; Win64; x64) AppleWebKit/537.36 (KHTML, like Gecko) Chrome/120.0.0.0 Safari/537.36
VM37:1 cookie: 
VM37:1 localStorage: {"dc3_auth_key":"\"b6cac6dcc3d96dcb07d87e8245da5266c7d8d6fc73a4c8b35eb4fc05a31ed837fa06fc7356fcbb95ee6c43977b7af84de175c0b508c63c159bff827e827ef632167828f48112f813e3d8caf45b5130ad8e1b5bc2e77bb902b490f63b7a1a091876d0474060598935fa4fe7b57cf54357477b46dfa851717dea9ac78d49474725720cce370659bc129b22541a64e6b2f2b705944a5fcca7e3bbe2510df125d843a1e6f7ee0657eb5384ec0f8b4cd92332811d9adf72f1772697dbdb33c5a90ee4005114625c5367eda6f0a6501f636defbde996b2e693431838ca58db54f3edd7d18661c83feeaa35ccc443f02b31ccfc2d5ff7a78c43092b183d2ae75295cdf2\"","k_build":"460","dc5_server_salt":"\"7f66ce1fa57d4384\"","dc3_server_salt":"\"51f13772c0ff2966\"","user_auth":"{\"dcID\":2,\"date\":1704061063,\"id\":6643962290}","xt_instance":"{\"id\":73981249,\"idle\":true,\"time\":1704061076950}","dc":"2","dc4_auth_key":"\"16421aad4273ea1f85deb0274c81b3db32f98d209e12c374ebfd7421638ad950ba61a963bbcfc9ab17370f76de6d2ecf6fa22c59f7db07fbe440b85e9f47b4f24609f8b413a028c83e26c52eeba27b1f39bef873748365cc3b8fe4a4273db918eda06b22471814d4a4892d6a48d115ae2c1b4f4037fba8d981840d017a4205bf5d3b921ebba7a10e5c3f842d63ad105d3d54cda4da6851fbc0ae8a31a4d2a5e20a2e3fdece3d01579bbc3c3e52c12e5614c93f4d4b958c342be61eab045f67df3357e4d8d8c1f5d4d9fea990c38226879a0ff8cdbbca490b4c7a4840b7112d5605905eb8b06341a24ea74e855061c8bf69562bd9884dee738a59d19d07b73ac0\"","":"","dc2_auth_key":"\"7a8fd20888bd3a71c68e7a8efa3f3aa39dfa7fcb81ed7ded38b7a612439771d589d6366243500298ac694ea0f5d4bde048671d6aa44b09877f7aeb99bd86ce938005ae81670369b9c1a301ba4e2b528fea47d8820b266ab13cba1c703b8984cefeb2a1cd6dd80a1c6c6caa89f62dd10f63f2e857de72da9c8d08598d0a1f9ac8e13bf908a271a432b73f85538f6d0644c93e617c26449909956055dd26e7bcc4c8f3abda8cd0753df81af14120d2cd71e981d095c307b66f16bcb5a18295bca887cdec4d4b5da97ee47bb3f5984bae209c058e98c84e7345543075e32a4c3a5863893be995a6b648d33658c848116a46a731ec01676e139ed6e0107c230e513b\"","dc4_server_salt":"\"fab4acf1811361ef\"","tgme_sync":"{\"canRedirect\":true,\"ts\":1704061064}","server_time_offset":"-1","dc2_server_salt":"\"3c11eb3bbddbe477\"","state_id":"431634227","auth_key_fingerprint":"\"7a8fd208\"","dc1_auth_key":"\"7964787e81a38ae745034b210c23c45d5b21599f5f158e5b08ecf9bca8434e9985536240a4a9da492d58030dc88b31a0c454fccc1d8392b7beacd426e8742865d5b0124fc949ef40888fb1b7252f33836684709fba609579752359451b9d16b1a8e56ba80dd43e9bbb263ac7fe85a0879fce6dcf7a4f86cd0774b32eb639641c4b99daf364b24f6318e8d1eb15e10836b5f8891faeff0af5dc116ed95256299f96f7335b386700b79052169351ac4ee2e30e688c76518aaab5264a55007e1e517ac0971b15d54c4d3849a029f1fee4b6430547a1f224b0b957582e963e7f9a17b2012d7e239745f79127c24271aa4c60ab6f28a32d9fbc28e94dcede37044fe3\"","dc1_server_salt":"\"13ff31b951a4daa4\"","dc5_auth_key":"\"0723ee6256d852894fba96ce225ec37e0cf2b4df3afabe952bd8a48234fe63fbc82417557209e5089fb7e135c9ac8c00cf6831e2247108cd1407f3f2aad69a14375b59cff1c0a1897c89e78165b2d2253678eb822b17be7965d7ad3f623ba1262abc4845474ba99cfcf6038614f9a9574d805c6419139e8dce76f8b06f6aa916598588d0c91bd6edcac5d8da125f7eb63e36964ad1542c3a95461f0619c2cada83ae8e86f858f40a213d86ea3fe0d7513f1b3284285aea1ce917047934a54a44b68a41ab70a4cf2c341a92c3d12d2de45e6bbbfabcb4ce78840ae76e149f2aeb21c8f30afec5c15fa2c30dab353e88e752cfa07f35f61d8c47a08f6432e11e00\"","tt-global-state":""}
VM37:1 —————-
undefined
