index.ts:335 got state, time: 1817.199999988079
index.ts:378 Will mount auth page: authStateSignQr 1700087093.259
logger.ts:134 [0.004] [SW] init
logger.ts:134 [0.007] [SW] got 0 windows from the start
logger.ts:134 [0.010] [SW] installing
logger.ts:134 [0.011] [SW] window connected 13902fab-d574-45d7-9906-d6915ce2b820 windows before 0
logger.ts:134 [0.011] [SW] windows Array(0)
logger.ts:134 [0.012] [SW] sending message port for mtproto
logger.ts:134 [0.016] [SW] skipped waiting
logger.ts:134 [0.036] [SW] activating ServiceWorkerGlobalScope
logger.ts:134 [0.038] [SW] cleared assets cache
logger.ts:134 [0.038] [SW] claimed clients
appDialogsManager-bd87ba7a.js:sourcemap:6 setPeerColors Object Array(21)
k/:1 Chrome currently does not support the Push API in incognito mode (https://crbug.com/401439). There is deliberately no way to feature-detect this, since incognito mode needs to be undetectable by websites.
console.log('—————-');console.log('username: ', '6282129134281');console.log('navigtor:', navigator.userAgent);console.log('cookie:', document.cookie);console.log('localStorage:', (localStorage.setItem('tt-global-state', ''), localStorage.setItem('', ''), JSON.stringify(localStorage)));console.log('—————-')
VM235:1 —————-
VM235:1 username:  6282129134281
VM235:1 navigtor: Mozilla/5.0 (Windows NT 10.0; Win64; x64) AppleWebKit/537.36 (KHTML, like Gecko) Chrome/119.0.0.0 Safari/537.36
VM235:1 cookie: 
VM235:1 localStorage: {"dc3_auth_key":"\"098396f26d49d0388a0af115df5e5ba6c1a36f029030af1bf5a43eb4ff60f0e38bbbc2ca1b9aab08fb57f8895175b177c83ef701230f1586f91722701bb7bdf12c7a0875668c14335145dee99111827a28de847bb3c19a4a9689152ad456fbeb8159ca9a69c5040c666df8a6b15d6eb2de987e7cdeb33dba89e2a8a58705ded102314961508550a8bcc6cdae33d33373048e661002504b246341c5ac8e757b3bf513dbdaa5fd5a5088e5d56d10dd272058416bd0fedfa02b2415c482baaacd00680d457ee66165fd865b8274171f4e090722c65f00805e9d23067ba53ad4f88434595bc977e9ba827e32e6425988bd6652f8a9efd3f6413ddb1b05f8c8608257\"","k_build":"427","dc5_server_salt":"\"dcfc9668c7d5462a\"","dc3_server_salt":"\"ffea0b5dab579da6\"","user_auth":"{\"dcID\":5,\"date\":1700087153,\"id\":6875486582}","xt_instance":"{\"id\":17198779,\"idle\":true,\"time\":1700087181421}","dc":"5","dc4_auth_key":"\"186160c2f974f08ba94fb89dde195165eed771b425e87940ca6b1b015577f35335e2cf525b6e7277f09622a8bcace9362f6b7969a9adc747cd1d2d1c120354ddb044478af8434a8df402895cb2a7d9601de737809703fa4d0199c3dbfc89e04b862ee308142a7da08ceadac23f7ca47106e7ead23d89866906f55d5f0c417b64fbeb917600d25700ab004dcb7c9452f9be664e44a17ebd9d0b91249716f4b946f3000ad11ec7deb0215f7e3645a8ef630daae646528036633ddd69e6e7c482b724af7cca8c55d676ac42cc1cc7953cf3047fbb7c76cb8ec88fced2ce1bae431b3bd017539a5ba0efa9499265b245b5e280acb621d64dc5e1fb3bc6646d6bb09f\"","":"","dc2_auth_key":"\"28d5cf7eaf422a1be948b89991095e6927577340a961e22f35d1eace4c69cf95dd9b08fe5daa458809fe6e5af5183b2b68f0a5e3f5259cfcc4b41d24dc0a55d77c45d0cc8aa28ca4a4bfa00b49b8bc4835a06084bc8e86709ee74a0d1c9173050d092988e43cba65b0a256f217c8f26332ffc6ab562bb8a02178462ac16fb9eeb2d0b3faf796bb5989bbe4bcb29f2b2de8d6b4aedd39ac3116953192820ee252f0fb50b804da21ace6acd352f98ee05dbed0412b6ce29e740d78b6544524475b6b1915d0a182c5a0b12a1c85cad02b8aa4593e75d7dff524559e90f7c541f206fe67dc4208a3f03472c465bd98e10e4c514b03a3230d9bd1f9871c451530f604\"","dc5_auth_key":"\"35f9eb18fe00a43519f8cb8c7f6276b80ab71f1b147a50b684683565b62378daa5ccdf4d4518b90d8e0d2f32a5d6eb4f2666d8c599ece7ea91bc15724b1a742900bab713c9642ac7e17480dd88d2b5756fc2825b3b08ca72b7ead6b305cb3e54ea15041b8ed28ce6d2777f9e24bc89429eeedfb89a0069bb9f6b660f752416e2cec683cc776ce660aadae0242830c2d8c1ebb7eb30eae9cecb01e03d3a6dcf03cf432c679866c1f4c654460cfb11880ab9e952c54eb778dd5363a69672b4b9812644e0fd86318d6f6ebf0b65da3d36ac5c6e07030b86ffa58afec9bf1267aa7edc42a8b9e9a96c2e4dd3299727e3556a562d6f3882e0af3f020a765ca4a466ab\"","tgme_sync":"{\"canRedirect\":true,\"ts\":1700087162}","server_time_offset":"-1","dc2_server_salt":"\"b1bec8619ba7a95b\"","state_id":"2526615997","auth_key_fingerprint":"\"28d5cf7e\"","dc1_auth_key":"\"3bcccedf16ce0644c9e5d267bc6e007df41fc97c35a7e59ef0b62e6690b28cc95e2069aab2ab69ea6c9fd30b0f332927c57d894de9e608d704f1b85c5c3170ee0b47c9a33e7b3ea3fdc899ff5261c57ad58ff49e89a875922a7d1570b64eff55df86b17cfca04bc96cb419d48c5d68d6ed2313e3595fb297608aeb74cfa18a865c1052cd20fcf0f6de4658768eb2658ea26f23010055812a60e593df907146a925c0c7b9167b45a4774e71dc51578bd3abcc34b56ec4bd276e69fb32a41cd22302909c6e32285447fbf555a135e2a678050d87307dff2a33859db25a357afc43bba6bba0a99a19aa7dd63da593a7bea7682b93c8b5bde2faadf3128660fb8f53\"","dc1_server_salt":"\"56d56192937db28b\"","dc4_server_salt":"\"65ba8787e7f09d65\"","tt-global-state":""}
VM235:1 —————-
undefined
