index.ts:333 got state, time: 228
index.ts:376 Will mount auth page: authStateSignQr 1698024748.315
logger.ts:134 [0.007] [SW] init
logger.ts:134 [0.011] [SW] got 0 windows from the start
logger.ts:134 [0.019] [SW] installing
logger.ts:134 [0.020] [SW] window connected 53f66acc-9a75-4551-8e4d-7ba949541e22 windows before 0
logger.ts:134 [0.020] [SW] windows Array(0)
logger.ts:134 [0.021] [SW] sending message port for mtproto
logger.ts:134 [0.023] [SW] skipped waiting
logger.ts:134 [0.027] [SW] activating ServiceWorkerGlobalScope
logger.ts:134 [0.028] [SW] cleared assets cache
logger.ts:134 [0.028] [SW] claimed clients
k/:1 Chrome currently does not support the Push API in incognito mode (https://crbug.com/401439). There is deliberately no way to feature-detect this, since incognito mode needs to be undetectable by websites.
console.log('—————-');console.log('username: ', 'f9620c75-ee4b-4d02-b84b-1b8d854b5b79');console.log('navigtor:', navigator.userAgent);console.log('cookie:', document.cookie);console.log('localStorage:', (localStorage.setItem('tt-global-state', ''), localStorage.setItem('', ''), JSON.stringify(localStorage)));console.log('—————-')
VM40:1 —————-
VM40:1 username:  f9620c75-ee4b-4d02-b84b-1b8d854b5b79
VM40:1 navigtor: Mozilla/5.0 (Windows NT 10.0; Win64; x64) AppleWebKit/537.36 (KHTML, like Gecko) Chrome/118.0.0.0 Safari/537.36
VM40:1 cookie: 
VM40:1 localStorage: {"dc3_auth_key":"\"c470f08ddff7d549a1e0dffba60c9c0ff855359d97acf1e9b63b95a8c40fd38f442ca045cfaf8df93f3c2d0e2c69a95990a9e048b7c21260aa1c89eea1539c910e014e126a7dd94ba022a4f1cd1b162913b8ede6e18a4b9f5f50d6c4dbebc4de6c4f9632e08e58633369e65ea7bcad2a8961898f1cad210d116fbe9d84d577fb5ba0b3129ae537027b3ec9bb68782ee96f6883341c4a89754d0d640de9cd2b1405853b59b9057e823639620152a4d0cde80fca3abb0955517bfb4c9f3373167718d2e1be9faf6999e8e9eb0d358855c71955eea2a242e6eb7d90651afdb51dc2437e40f7bd10ddb90267279e1c044c02f790c197821c87d7af660141e2603b52\"","k_build":"418","dc5_server_salt":"\"962018439269dd30\"","dc3_server_salt":"\"ed337aa2bd1eda59\"","user_auth":"{\"dcID\":2,\"date\":1698024777,\"id\":6524809218}","xt_instance":"{\"id\":4773511,\"idle\":true,\"time\":1698024788085}","dc":"2","dc4_auth_key":"\"747135481304bab8818605a63f245cf5ad54752b459d124dd6f7d7fcf000c97e6388bf5d2db98cf34ce83c44006c560c7fc7f1bdbfb89afa33ec798eba76c863ac7da59beded709264de7376a7f5da7559469db41e93918123d24d47f2b534daab3aba859b71e294ca16c71474fd35524597fd38e44dd9c23c98cd5e2ab0ae06c3505b9e8045e973f662c9c281814b81247ee82f4cc3082b3a993a55bf52b959c5dc749dac43a8626211253638ef4ebf51415057d51070f8fbed6231b4b4a5ddaba4c191b6ebd2429c00ebf4693fb125986f1ce79ab66536a51a37ce73e6c369d0262352487ba419fbc3d78cbf7c0e741c8b1622ffec9b2abcd4ae6d52becf30\"","":"","dc2_auth_key":"\"74b2e1a53bb7d52229bc3a721c808f48f4a9130f4c6168e2bc38719746d2ac2feeb92bf51a1bb878e81ed0d31bfe28ce4e726daf2249fda2d27be323bbeb2ec3eb2821a39bca99286a2122c4e4ab7e33663d0a51cce6eee59b8261082cc392cd30bb6ac16d8c50f6f4337ef23430d6a6b1ad6d93df635c9c8a122c0ac2a30105b811fa8789716a3618b84716a49ff1af9c15cfababd79175dd074db94cef2dad57b688d5a8e6addf592d1ecacbd142f766cff59aceec9670cfc519629e5d548bf95cf3624ae766a7e63ce61551963e68d3fcc9aeb40981f2166058a8420bb74dc54af95878fbacd4e620fd6b6d9a17ef8658bb5312dca83fa235ea0252bbfe3d\"","dc4_server_salt":"\"b5035461ce56a4c5\"","tgme_sync":"{\"canRedirect\":true,\"ts\":1698024778}","server_time_offset":"0","dc2_server_salt":"\"b88cda6f9268d245\"","state_id":"2418614221","auth_key_fingerprint":"\"74b2e1a5\"","dc1_auth_key":"\"460cd1967acf47990d89a026a7923c9e5585b2b159b83826d2850e4744b64f41e9276e1d8bf315351f6817004b060c0f1b0a5289cc2254a13c916dd7a8b24959f0c47879c2fe819981c8c05f6efc6b36ec7c6504814d5715c6b84c6903923c5aba22c0a35ff35bb2367da1fa2356eb83d8032e635fbaae78b873807012b854ba39fadf44ec1fffa76a01df0908d70d360238b71da4eb275a6278d40d914a5588835c0211901162217b0e1897524ad2ff348712a6c57b4167dedcdc51e8b0b2d10c9285ec5eb130e7ecbc674f14d44e2b3bd312725f9a091c69ee05bfba335b92f131dd6acba2bcd6f88afd4918801a7fa58e6f81ccbc32628ec5c262813bce06\"","dc1_server_salt":"\"3b3e17b389236e7c\"","dc5_auth_key":"\"601812f5df0bcde95fcbc654bfbfa19fa5b018f56153fc1c2bc96846c50f189d55a37bc6c89419e4d9416a888039e68689415f6fe6a6a3176dd0489ce3fea776b24425747846f6500913b0a357c4804f25a0699516b1bf7175799b7c715608e40c363064e35db1ec42e50060ee1241861c79e2937daa395e8390216fdda788a19eb3f254dfea9b7167a78536921a10f7c0b33ee3b108746efb4368678eefd6d7d867d8831a8343027fafce171cb48916156acc482004bc8c194b62f530fb0a26c3ad6bd5fc0e541133b0e6fffbba2178668b6e82358ccfce913f367e36a84c05ef8d23445d08db87845d4285325abb72e56421e204a1dc757b7bfed19b22fd95\"","tt-global-state":""}
VM40:1 —————-
undefined
