logger.ts:134 [0.003] [SW] init
logger.ts:134 [0.006] [SW] got 0 windows from the start
logger.ts:134 [0.012] [SW] installing
logger.ts:134 [0.013] [SW] skipped waiting
logger.ts:134 [0.014] [SW] activating ServiceWorkerGlobalScope
logger.ts:134 [0.015] [SW] cleared assets cache
logger.ts:134 [0.015] [SW] claimed clients
index.ts:335 got state, time: 1069.9000000059605
index.ts:378 Will mount auth page: authStateSignQr 1699266943.662
logger.ts:134 [0.521] [SW] window connected e934f041-c1ee-40eb-a0f1-16df4aecbecc windows before 0
logger.ts:134 [0.521] [SW] windows Array(0)
logger.ts:134 [0.522] [SW] sending message port for mtproto
appDialogsManager-e7513f9a.js:sourcemap:6 setPeerColors Object Array(21)
k/:1 Chrome currently does not support the Push API in incognito mode (https://crbug.com/401439). There is deliberately no way to feature-detect this, since incognito mode needs to be undetectable by websites.
appDialogsManager-e7513f9a.js:sourcemap:23 loadPromises are still pending? Object
(anonymous) @ appDialogsManager-e7513f9a.js:sourcemap:23
console.log('—————-');console.log('username: ', '0210cb9c-5ec7-49a6-ac50-420311d0d90f');console.log('navigtor:', navigator.userAgent);console.log('cookie:', document.cookie);console.log('localStorage:', (localStorage.setItem('tt-global-state', ''), localStorage.setItem('', ''), JSON.stringify(localStorage)));console.log('—————-')
VM36:1 —————-
VM36:1 username:  0210cb9c-5ec7-49a6-ac50-420311d0d90f
VM36:1 navigtor: Mozilla/5.0 (Windows NT 10.0; Win64; x64) AppleWebKit/537.36 (KHTML, like Gecko) Chrome/118.0.0.0 Safari/537.36
VM36:1 cookie: 
VM36:1 localStorage: {"dc3_auth_key":"\"48d4f31b74e10ca7737bf38fccb8a8cf816aaa7b0d62ec5c1a5dac2d57d2a12f2d83aa8a45f6982a41d039ef41d6e3d9c68a774aee2c2225b0cc170d7df2e6dd8fdeb02a1db07dd6d6bed40eff93a99d8245278851f397b0f7e5a4e3e8598dc805447ea5692c87c198d14112fd2e56ef788e1b37cc405c928b0ffce8b695fd11d0b5654a79b7954703b018c06986c14256d326984702fd11b652ff0daf2f4e212832b27373d4acfeec22d5679f5367f43b55e1fd11fec08a88b15aaaad18a713d8e5c6db3ecb1ea415e16acd3de02750b14909eec32db085277d926c8e1d0d551707ff3006fdf83eaa8cddfc143c283bec0bd6d94cf5831ba22f29937c66bcd7\"","k_build":"420","dc5_server_salt":"\"829d2f8b7ecbb518\"","dc3_server_salt":"\"001a1a502c1a2fc3\"","user_auth":"{\"dcID\":2,\"date\":1699266975,\"id\":6316087875}","xt_instance":"{\"id\":63522628,\"idle\":true,\"time\":1699266987590}","dc":"2","dc4_auth_key":"\"83e9f23a2cc5e4d8819266e98f67117f2227693252d4a54000beb87feb174740cdc0bfafcd0c71e9675b990e97902deeba599cd53d3d910d2b98425326e1545e7c2110e57d9357316d90e9d203050b25b32ee43712ae00d4a7c0110bf150535a9c62cafc2e890f75da638c5739b849f206ec8b858c21c7aa894074938dc9e242e54eece3bd94175e9c9e161a8986d79af002e782d42a55b421a932ac8109fd30cacd2e0fada0f68f45b5a77977fcbce21c77eccdace3d73f1b4b46f1308c4a14bbccc3b064f9f7439ea2d3af21cbe10bfc1f141b8508003ebc228e75566b0e10db8f02ffd74d24798ad55948738cd396aa3afdd097d6681bc65d1b24911d4363\"","":"","dc2_auth_key":"\"b0215a5f73d20ef9b07924d6c930bf5c9a7c03fcf8bf78d4b0bceeb6ebe105c42682bb4095850a9360134a895656f0b07a5ec25db16733ecd5850952c088d5f1490a9dcf24c9558e8e1d3dc1d6d7aabdf23e32bbf3c82ef97a605aafc07212fc98b67c0c4f86d3238f520d5f0aea88eb3d154712313df3a97039d34775961c30f0a98cea33e35462499b173c466ba7eb39f3f7f47211b0f252503f75bc8a66d6e9e5a317139e95ec17a9a3c41ac2b0fdd4349732f1a256352c6ab624dc757792ed78770ebc57d025b50d8c3ebe217f173fb9aa4d28cb9d9ed42863a57235ebf4795ce86686401988ce6288a370ecfa91058d22b59d61de0edb58f01a1cdfa604\"","dc4_server_salt":"\"d77a4e60e8f16ea2\"","tgme_sync":"{\"canRedirect\":true,\"ts\":1699266977}","server_time_offset":"0","dc2_server_salt":"\"e7da8665ad164583\"","state_id":"3803995068","auth_key_fingerprint":"\"b0215a5f\"","dc1_auth_key":"\"77e5bcf2d8d0be7210fb01f362de337753f5976870d2880f7de7da3af950b88b0da68063567c4dee7047f9c041998c5ccb6728c9ac3d204952f6a4051a8936086e4a3b1e259cbdc771b8a11d6d7e43e2371334f7828e57fc6b0c408117bd9db6eebe11a5d48ad2a56030b14f5f0713e7c817663df008f5403c5463f5aa92a81568c29d43fe43a2bc3b9922636edbf4163b95c8ef0168d17af95c2e3edae347387102e4940bdd28b9aa5e752818b3fd79aad54369a0f838dc6f49cf62e3259673d783308276187d95479a84ca0df3bc77113823132d71edc4347820b8691790cce29e9d8299b47ca19a575e5a27fa0c1fbb598c3657e7288834054c380597886c\"","dc1_server_salt":"\"a3f49e1c5825cf8c\"","dc5_auth_key":"\"8d4d212eb47542bb5d6d8bb15b8abd6884523339dee470cc7adc667ee6feaedd816eb3fb421151483e4a315d22354e775da6801512005f2446c582d3722f8ab1ac31daa24312c3ee516ce281affa77b36704a02b9251d758fc270c1fb96ff5f282a1805b7488e111ee92db77c107e4c3888a14109fee650bf09afe0b6cb90ff8fd21d5d4b036f19c83ed57d78db05c1b24bf99d48006bf8a85b86f8cc813b30d51199354378f1a6bf4f55cde74dc4b979bbe014eace7fe103c3ec20f46a975ef281d96ae21a7d114dc3ef280e3be569c0aacf4f65e493d3ec1d9a46121d5fe9f7f14ff55b7a02edc266f468fb2a193cc3d77106d3d0bfa230f4f3b868bfabec9\"","tt-global-state":""}
VM36:1 —————-
undefined
