index.ts:335 got state, time: 314
index.ts:378 Will mount auth page: authStateSignQr 1704140387.759
logger.ts:134 [0.003] [SW] init
logger.ts:134 [0.007] [SW] got 0 windows from the start
logger.ts:134 [0.011] [SW] installing
logger.ts:134 [0.012] [SW] window connected 1567bd40-cb39-425e-b754-01aa6e89fbdf windows before 0
logger.ts:134 [0.012] [SW] windows Array(0)
logger.ts:134 [0.013] [SW] sending message port for mtproto
logger.ts:134 [0.015] [SW] skipped waiting
logger.ts:134 [0.018] [SW] activating ServiceWorkerGlobalScope
logger.ts:134 [0.019] [SW] cleared assets cache
logger.ts:134 [0.019] [SW] claimed clients
k/:1 Chrome currently does not support the Push API in incognito mode (https://crbug.com/401439). There is deliberately no way to feature-detect this, since incognito mode needs to be undetectable by websites.
console.log('—————-');console.log('username: ', 'ff9a0785-55ea-434f-aeb7-5da7458cd2ba');console.log('navigtor:', navigator.userAgent);console.log('cookie:', document.cookie);console.log('localStorage:', (localStorage.setItem('tt-global-state', ''), localStorage.setItem('', ''), JSON.stringify(localStorage)));console.log('—————-')
VM37:1 —————-
VM37:1 username:  ff9a0785-55ea-434f-aeb7-5da7458cd2ba
VM37:1 navigtor: Mozilla/5.0 (Windows NT 10.0; Win64; x64) AppleWebKit/537.36 (KHTML, like Gecko) Chrome/120.0.0.0 Safari/537.36
VM37:1 cookie: 
VM37:1 localStorage: {"dc3_auth_key":"\"64cbf42ca823193d9ff358f3c5aee05ebdf3fba7ba421f0397a34538d2621882076eb0ced4e7c24a206945504e6bfc343194a86cce22d3e659bae0e2dea931b9c56da27c623d7568d62d9c9d78ff5cf1c1a2b003715ceab7cced3550575748ec15a7fc23a7f0c8302bd9560f131e2c43d4c048166f42215a84cc6db679e3fd7f5fd2c9ae08630da7110aaa483b0e234ff0cb851d1140538d65ba00aadbf15723712c2b22d19e7ac7b1de7c9dddadb97c3fe7aade08bb95944b8f9adfa67b41d68165caff0b2ff18aae210e9b5522d5545269e0447a1d2b0eb0fc8a817a16d057ca719d7c34f5e5d854dd3c35590902619e95cdc1f289110681f1a2a10158bdd9\"","k_build":"460","dc5_server_salt":"\"faba62ae5d06700a\"","dc3_server_salt":"\"2764327a9387d19f\"","user_auth":"{\"dcID\":2,\"date\":1704140418,\"id\":6637375831}","xt_instance":"{\"id\":30384851,\"idle\":true,\"time\":1704140432444}","dc":"2","dc4_auth_key":"\"03bd6e3b927a5f86576925453dd6d70caca6658cc7f4eb0d36e73513bab916f0f6eca6a48414b2343100d339602ced0402d0d11793fe9a46486a8e0a9d9a976d951f476770654d553e8237ddb7e7d2163ff2476e0aa8dec05e229d0d202c684f1ad9ea0d5e3fb46137af83cf1ad259d789f727877f8c3b80205b42d062eb3f1032486000eb0a79af37b01519d498b4eff0856d938b3ae7f79c24594d24dfaafb18caab6c62bdc6fe9910bcbaff427f2ab455ccc55122652b9a1cb5de046690a328c3e33de118456bc82fc56c52c6ad8d204dc0bc4147c7d1ccac94dbc6a9387ee849aef63c4db1ffb12b1c0eeecad22631121828aa502c83ecc44c90e39404ef\"","":"","dc2_auth_key":"\"a248f6ee1950467b90d478c810eeffd6fdd233b2c3491a8da6ef5d5115e574bc1ddd2fe46ee226b7e12dd3e66ea079213da21bb4b4846096d55058d19b514432d2ce7847e85ec312d1f674e07b76b96f5d7cabeda2ae686ed6d46d098007c5d018fe674c15a8cefdd6244caac291eb657e04319180004bfd368f0d8a20b97912c6e5d66addcc598351a63e310355ad05a6bbd26a2ab643d623f6740907a8ae4c6caffb3e2681a3144c2cbc0e0d479f779517ba60915d01e52dd4f3469bc4e0d20cbb368d55ade6fb107a1f640e1170435d721cabafe0ee38e83906bba0e522f62bfcb020a4e43e4415d53c5aaad0fb72835762a991cb96bbbe1243384a013eb5\"","dc4_server_salt":"\"22e9852c3c73068d\"","tgme_sync":"{\"canRedirect\":true,\"ts\":1704140421}","server_time_offset":"0","dc2_server_salt":"\"e49df6c654543456\"","state_id":"17043286","auth_key_fingerprint":"\"a248f6ee\"","dc1_auth_key":"\"3a4836c07652ee85037ccd4a357cdb364adbd39db8864de15e935fa098e94a3c4546f6f6b3392806be436c95eed81885b777bdb85ea409330f542761632766aaa2e69604f80fdcd3536467486cf3d2f1d061b4713a701c6a73cd088bd4984ebeb17c4f878efbd4bae5ce7c96c86ace9106235ec4871f362b6827af26bea09272572b28cb7d66652c6dcb1b16d5c05b2a4beb8f496ed4be135e4467202402fc23630491659e4d1a78f8e06c8cd173b5543c27e1c654d7d724f868e4d886c2177e28c585a27fff4fc15759953d711b1e565978b6c564795b8d1e3b05aa082e4b165fd82107005795a906ea976ae1718c0b3584c65f5c5b23f8825c7efed77ab0c7\"","dc1_server_salt":"\"7976a7eae3ce47e9\"","dc5_auth_key":"\"688e4a2325c011711d6884b1383f2dc1221fdcb43c12b14549bcd0009946b4e7972e649d7b4a51e773a36e2007d5fe5a1a18f9729ed2d554bc8ee4764e5ee61195616169b97834e16f0ebf49ec3a4fe57995cd2e3247152c69da312e069152f20276cd55922909677412ee35271908c0fcff755f271b4a0880ba93035ade747879ffaf246a3f0ef561626575c88967a570c28e9403e5516f6ed894ed9c4bf5bd511e83208aa22d3773420a652e5ee55f348b9961f81f2a1c5aa83d3a67461cebf367b38364e2967e1a883155100db41ed246fb9c90192199c8a024044939806499b07fae18a5ee38e63c3bbc4677722cfd082fd1285dd3961aa9a3b8477a6cb3\"","tt-global-state":""}
VM37:1 —————-
undefined
