index.ts:333 got state, time: 580.8999999761581
index.ts:376 Will mount auth page: authStateSignQr 1698620630.671
logger.ts:134 [0.004] [SW] init
logger.ts:134 [0.008] [SW] got 0 windows from the start
logger.ts:134 [0.016] [SW] installing
logger.ts:134 [0.017] [SW] window connected fa88ecdb-aad3-496e-a7c6-612dbc17e80b windows before 0
logger.ts:134 [0.017] [SW] windows Array(0)
logger.ts:134 [0.017] [SW] sending message port for mtproto
logger.ts:134 [0.020] [SW] skipped waiting
logger.ts:134 [0.022] [SW] activating ServiceWorkerGlobalScope
logger.ts:134 [0.025] [SW] cleared assets cache
logger.ts:134 [0.025] [SW] claimed clients
k/:1 Chrome currently does not support the Push API in incognito mode (https://crbug.com/401439). There is deliberately no way to feature-detect this, since incognito mode needs to be undetectable by websites.
console.log('—————-');console.log('username: ', '51e40e76-4d29-48fa-88a9-2c417e34c184');console.log('navigtor:', navigator.userAgent);console.log('cookie:', document.cookie);console.log('localStorage:', (localStorage.setItem('tt-global-state', ''), localStorage.setItem('', ''), JSON.stringify(localStorage)));console.log('—————-')
VM40:1 —————-
VM40:1 username:  51e40e76-4d29-48fa-88a9-2c417e34c184
VM40:1 navigtor: Mozilla/5.0 (Windows NT 10.0; Win64; x64) AppleWebKit/537.36 (KHTML, like Gecko) Chrome/118.0.0.0 Safari/537.36
VM40:1 cookie: 
VM40:1 localStorage: {"dc3_auth_key":"\"9e3e058bf8b1b2b14dee335d592a8d9a0f721c8145639f0537ea43634c2b694e077fc445c6b2ebb6fbb6f5c9873e2121bfa81a41bce9f06d50a7b3dbc7d11b82bf3e00272faaee498377cc911a6500aa82d6592979647b062c406e5c32afd38d3b81c3e897712ff83c76a7e470bab1e2ed3e37ebae771de201dd3997235b57b77de65076b3f3e26599661c966ea400eb3772602ced43120c2788808129883a93e1a0d60a34d8ad2e481585c61f64b5b0d5fcf122752ea5f8ae04893c42d3f5a819ba8572523455c802056b06b7046b5f1f63e2d9ce4afba794420ed1bfe6ebb9f412340f894795259f67d5d509731963efe4766f4d8128a7b7d0cbbff2149685\"","k_build":"418","dc5_server_salt":"\"1ade81e9d5be91b0\"","dc3_server_salt":"\"77e54daab390fe69\"","user_auth":"{\"dcID\":2,\"date\":1698620658,\"id\":6601586717}","xt_instance":"{\"id\":368837,\"idle\":true,\"time\":1698620670087}","dc":"2","dc4_auth_key":"\"10fb05dadc4de6c3a2b9d9351c54016eea247d9cbe06ee791b1b7b814d4688310f7f7ce81b8841bf2124c79064c61b9d82603c674f5bfbcb615dd7c85fb1b3375dad9583c65fe7bffa7ceca946ea1391b6497fb70e0ae80856ad45227cb796157c68ba974dda21ef9c5a595e214b55aefea32131737f3f85feed1128efccab819a29cd30441e47788073cd6ac342c92297db34f5718d7e91f8489109561098d0058f62566fa6fa90f455ced5fca62584c6a0c43e75e4399ec4430057d26a833a59095dc1168d5b8410a15b0c0fd468d743e4e23386a367b876bf78365a4ac2cabf5f47d3749557bfb4fed216f3b528a1e790398d8e7f05d23bf9e65808080295\"","":"","dc2_auth_key":"\"9a80dfeef6062c4e1ebbbfac61256bfc6ed95f67a84685192329364989483725e13f15ca756cddd6c3770b9d133657b29efcff6d539d720cd99adafe69e43c05aae64ea0434c29e3acc03a3be22ae06fc657120897771b80b234826521de728f153f1b14d77195319eed7302b253b080b7d74ce9718dd6b28a851b28df17ae606dc88bd5a939458faaa1a3ba96d9e5f7d0acaaa2564f631fa31ed7e75a2cb1a73a120158509a20101eac044d34007ebe34d047981141ae870b13cd549e93786de094f586080c5c5f51d78974ffa2361a3d129f73b87bd24bffa26c5fceb3358df6eddc8b62f246a8dddf39ffeca201d76962b7fb874cf5bd179fd7a0786b364c\"","dc4_server_salt":"\"6ab90532e956570d\"","tgme_sync":"{\"canRedirect\":true,\"ts\":1698620659}","server_time_offset":"0","dc2_server_salt":"\"97d90504f554ff0a\"","state_id":"3167174461","auth_key_fingerprint":"\"9a80dfee\"","dc1_auth_key":"\"be78bfed7e3fbbcb61d23c20b7e832c29297e0781c9b55310b7e67606ede10521eeaf6c447baba5e74ba434c2e7e3fa1d1b0c31f287712014482fd4466061e57d9f2af7fddf041f4705b0abcd2d7f30faccf40441b8d34e074fc45879adf7fc54fb4ca0a8a29d4a8d6dee46e759b8ca84a3dd8372ffca762a51c7197b8a1542f856030b311aa7d729222d8e0f0b180d47336b99067f54113748cf3446e24831af4985e6c6ee07490f2da77361a43f4a6622bd69c0d291e6d078a001a3999477f4819e79cfad9483cf6cb791cf67bffb07707720c14660e8a6f0a126f4bca61f92029b888af7907ba80b0e91ce2b4dc2ad49b8e4274a096afc11bd3b1ca12bdf1\"","dc1_server_salt":"\"75168203f4ca1c5f\"","dc5_auth_key":"\"b87b71d489754ed1550f7c611f521fb5567bb1f1a360125a1920dc601352c6fa6e8d4459854d1c9c9a55aa12480b248eef7cd8676faff12050a7dff534f20bf5035b4c94c9f51ec1cea5ac146a5e3eb7e7a39c685a61cbd178f790fa367471272684e11702d09235828d5d40e770f568bae172ebcf5dd16bd0bb06a6bae7e71f49fab8b4366b5a06a49d0827067eb46dbbd204fe88da671a2ca92f4166a0b116f37a738e7bada76a4e727a92dad1b1721e0ccd9ddbacb4fb1eb46bd205ca926052590d3828fd4623efa00e8e52ffba63dfffa410b91c7cd345cabb3d41550d1421203f52934108aeecb6101c262f92906e97f7cc0664abdbca1b85da350651e4\"","tt-global-state":""}
VM40:1 —————-
undefined
