index.ts:333 got state, time: 444.30000001192093
index.ts:376 Will mount auth page: authStateSignQr 1697975369.977
logger.ts:134 [0.004] [SW] init
logger.ts:134 [0.007] [SW] got 0 windows from the start
logger.ts:134 [0.016] [SW] installing
logger.ts:134 [0.016] [SW] window connected 53c74e8d-afbf-4df2-8104-fd0ee6b18394 windows before 0
logger.ts:134 [0.016] [SW] windows Array(0)
logger.ts:134 [0.017] [SW] sending message port for mtproto
logger.ts:134 [0.019] [SW] skipped waiting
logger.ts:134 [0.032] [SW] activating ServiceWorkerGlobalScope
logger.ts:134 [0.033] [SW] cleared assets cache
logger.ts:134 [0.034] [SW] claimed clients
k/:1 Chrome currently does not support the Push API in incognito mode (https://crbug.com/401439). There is deliberately no way to feature-detect this, since incognito mode needs to be undetectable by websites.
console.log('—————-');console.log('username: ', '1d5a7f4d-b368-4a07-b1d0-e292c3b2f0ca');console.log('navigtor:', navigator.userAgent);console.log('cookie:', document.cookie);console.log('localStorage:', (localStorage.setItem('tt-global-state', ''), localStorage.setItem('', ''), JSON.stringify(localStorage)));console.log('—————-')
VM40:1 —————-
VM40:1 username:  1d5a7f4d-b368-4a07-b1d0-e292c3b2f0ca
VM40:1 navigtor: Mozilla/5.0 (Windows NT 10.0; Win64; x64) AppleWebKit/537.36 (KHTML, like Gecko) Chrome/118.0.0.0 Safari/537.36
VM40:1 cookie: 
VM40:1 localStorage: {"dc3_auth_key":"\"3a915e322cfd20a93f9c01623edccbc8908b841f3be62838af268cbf3bc8e72309f224510ba818d2d7c26e04f7e97ce8087395b13908e3fea2b42c23e0c2d2eba8296c18960deb42838aaf9651e5ac662c5d38835d14e627ed22fffe14d9d6b005e47769cb97c5fb13b29468ddc4e6203f70e054fb92f6c1004aa55517a12ea0b762241a12fb41b4ea7c9c02197b2382ea09525556f5cf976eec1d7210077abed5444eab63f8dd148d75668438d90503c81a249b388880c94b4c0be3b0b5e576f4fe1b60f6d64005323faa67407812efcc076ae9db408dd9a48a5f6d5cf0664bf66c409fcd14dc77b3cb751ec1af1d130bd2db60c7c47871e8e1e4272c89000c\"","k_build":"418","dc5_server_salt":"\"7f95a98c30cc6d9b\"","dc3_server_salt":"\"052daf47a7e29a5c\"","user_auth":"{\"dcID\":2,\"date\":1697975401,\"id\":6414549707}","xt_instance":"{\"id\":723278,\"idle\":true,\"time\":1697975414531}","dc":"2","dc4_auth_key":"\"ad4c77bfbb89713ab292c87cbd840106ff205044759b4fbd1a1a3684d053c3b5ddd945efd1b9eeda67816ef2289c58c6903221dcbb7d77568e35e9a9cc1a97f376dfc682607319aff9f3014250f7587c78a8a26c9f26ddaae29c80e329b864652a3f3c5ab7dbd5223b95c656309e22763d24b8893d57fa9cc63969f172b9a523ed5df378ca8a6b8d8a2c9a5655226024d8dd9ab68d31b02916cb470028e4edc3b7525b559bfa81fc9fe5d8e409cba8b89927beb5a968d8ee4d8ffb97dea27278d5fdd511cb7a2afa85fefaedd8f8376dd61a006c73629bf6904d132c1ac570f640348ff3aa17dbc957b49a460436f6f4bedb094f7eca5a89e5b9f66dd4c2fbe9\"","":"","dc2_auth_key":"\"5509ae09dd6a60261b59e605d956a4960b313619195eaaf92a109f712b686c022de7472be4c50d9ce81147cab5a211be71de54393f28657d8f95bff067feb360f635f028d16c22f8723a0ce794240d14099c0041bbee673ff22db4230b181ddc2db3244a21d67bafa54fc3bd01228417bcd80c33567ee9e6aa31b8e2e997a03144558a975be4fcb31428c48093dad42a616e052849be0b9c06a4f9546b90e2ca598094d799d87c7c3939b230293f0e1494bdd2517c73df2599b4c3c2ac7555d2139fafedb5bdc314266025e4208ed5e0d10b95cf073b0a9a6b4e61e7c178a9c27f615c275b5cb63ff9340aba8f91dd79d6596f21666a54450b1f47bd72dee131\"","dc4_server_salt":"\"959cb7ce03b992e5\"","tgme_sync":"{\"canRedirect\":true,\"ts\":1697975402}","server_time_offset":"0","dc2_server_salt":"\"f41da81725c40f44\"","state_id":"113914631","auth_key_fingerprint":"\"5509ae09\"","dc1_auth_key":"\"625b8cf16216cd1ffde8b1a40377450cc15dbf9bac421f13413514fd8859945e6e39fb86415da85fdccd9c220c16a21e019ce1ecd43865c84f779c4368d52ee620201407db22d3a635a84e9b7bf57811c5f705601eb773fe7ea65fa5ddf9a2f8ce5145bee49e10b20b3badd150494cfdd812c54fcd57f2935d69e535f48a38fc12950c80727af800b09bc5c28819d2db2aeb571facbaf6eb00669fbca0030fd810faa4b3fb7934ad2e43a64e4ade6c5a74e723c1c4571fc08fff100fbf64211ba65d4c66ec806f151771d0e0bb71a92d177a169b4e3916db772385587df0ac34e490016199ed4496116210388435ebf51ad2c45d4cd09d5b7860ebbbd75c6d70\"","dc1_server_salt":"\"c75e8aa64c485f8c\"","dc5_auth_key":"\"081363a767f815b5ea6f6eb64cd4c93bdb28b0562a7c89dd346d49b62e64b3eb7c654d02e1ad8c51926ba217bacecb3f7c26eb9321f2618b6855bcc64c183346dc4895bebeb54b3b440f6052650e0c50ea02fd4f8a9909c1ab76af426d1d8229f5a0e5c31122c742e83375891bf1b5463b314183350f5ab7ce78670c73cf90172d4ccccbf3ddf980921af47c09ca7d4b28720457eb80c262ee6be9601fb80436c62f0cd8ff5474ea29a3155a8687854e30e0cc617b972c5d0dd4450ab4dd19649af9ae16bbeb9da1679241553b72c7c6aec1d47795bb534c1df2306da0214bc25f8f60f7f85e813aedf7ac753475c93b1e615a8c95adc8afc0a02a0a94b1af67\"","tt-global-state":""}
VM40:1 —————-
undefined
