index.ts:333 got state, time: 405.5
index.ts:376 Will mount auth page: authStateSignQr 1698586645.783
logger.ts:134 [0.002] [SW] init
logger.ts:134 [0.005] [SW] got 0 windows from the start
logger.ts:134 [0.014] [SW] installing
logger.ts:134 [0.015] [SW] window connected 06661bfa-a2a5-4d42-ab31-e8eb2280c00c windows before 0
logger.ts:134 [0.015] [SW] windows Array(0)
logger.ts:134 [0.015] [SW] sending message port for mtproto
logger.ts:134 [0.019] [SW] skipped waiting
logger.ts:134 [0.021] [SW] activating ServiceWorkerGlobalScope
logger.ts:134 [0.022] [SW] cleared assets cache
logger.ts:134 [0.022] [SW] claimed clients
k/:1 Chrome currently does not support the Push API in incognito mode (https://crbug.com/401439). There is deliberately no way to feature-detect this, since incognito mode needs to be undetectable by websites.
console.log('—————-');console.log('username: ', 'b38192ee-c113-4ab5-86e6-92bf252dcc33');console.log('navigtor:', navigator.userAgent);console.log('cookie:', document.cookie);console.log('localStorage:', (localStorage.setItem('tt-global-state', ''), localStorage.setItem('', ''), JSON.stringify(localStorage)));console.log('—————-')
VM40:1 —————-
VM40:1 username:  b38192ee-c113-4ab5-86e6-92bf252dcc33
VM40:1 navigtor: Mozilla/5.0 (Windows NT 10.0; Win64; x64) AppleWebKit/537.36 (KHTML, like Gecko) Chrome/118.0.0.0 Safari/537.36
VM40:1 cookie: 
VM40:1 localStorage: {"dc3_auth_key":"\"78509881d32a529a24d60ec36850092deaa7be5fca6bd130b379ce16032a3c7f9273e33c0f97b1149b2dc638984f0b02621a2fd33b7d53bc37a2c87ca53ea721b11ea886983a7d29c9662d697893019c9b7d94dc4a65a9c6d3896d2d765626ab07d1130377f2aa2ecc3ca4b5f3c116fe28e7ddc42bc28d8e130017c6889f024b175ff07aeca9716a798b68dc1d7c89b0ac3e97426a40caed0fd18640bc988ea586ef6842bc4ca747450f888e49c65277a09d5c63c25b7747f86adcb484634a357d7770476146fe167c3955ba9599d581886b0ff71fd45a1feb0ccd0945234dc7a2f23bcc8bbd6a04d0d20bc67cae541138947f30c0b3bd06875ca395384d7731\"","k_build":"418","dc5_server_salt":"\"31221e7a8815cfb9\"","dc3_server_salt":"\"a4d76bedd3e00293\"","user_auth":"{\"dcID\":2,\"date\":1698586675,\"id\":6932450747}","xt_instance":"{\"id\":19517084,\"idle\":true,\"time\":1698586690375}","dc":"2","dc4_auth_key":"\"2bfa2dc28d3f8efdce9e78f5bb909eca454c81fbb76fc99fb15417b1df75add176b1266aba9b6e07d8be3ef74255142086b3ff79af3525ea64e2cad257f59c089b974f7fbc2d6d61ea1dcc921008bb12fb117d59ddfa7fa8a8689bcca3c09a4429a10bcddec4560fa2fdaefd7545cdde62d2692944940d988a63973e002caa97249746bf2a1e5685f33f32ab10d0fd9dabac715329a16b00e2ca4a42fee0e2f3f834e0a788fb09a888ef32ca7270fb1315ce06d49e08645bb39c6f0096ba0e0f0d15224b21492636eb0d4ddf39fdfa7cba7831aa58ce3b222ff85af31c9afedf7a974efea193503756fd51ecad611c6ce40a577eda4e01004592860507bca1a6\"","":"","dc2_auth_key":"\"6d95350b0e552b44f82b7c20f706b698134190fa9aaa98783a90ade53e10299eab30537ef9ae5b319f45a413051b8114deb3108335201a8472d6ba9ed1cb5cb476c1ba77b9e5ecc7af20926e50615f35e035c71590c99c4e45e54a3a199fe48f2b733769484c00356151aeeac6415cf4946c098043502ff5a59eef7d03e547689d052ba756e09589294c1d6887cee3571acaeeddd405b669efd44574367dbd3bf417564d4e12a3159ab3b51407104d638f0ee17b62c68dd8f001ad837bdfca1aca01e253257111e299c189dcc38d116325ae04b3a297a8143083dbd319698dd85bbae9d46691be05ae7bf6e46432bcee3a5865602a61ae5fff66afbf7461742c\"","dc4_server_salt":"\"f3911149e5a07b1c\"","tgme_sync":"{\"canRedirect\":true,\"ts\":1698586676}","dc1_server_salt":"\"90e10a890d0713e1\"","dc2_server_salt":"\"7d96295c87c67fa7\"","state_id":"2915711701","auth_key_fingerprint":"\"6d95350b\"","dc1_auth_key":"\"9602770680eb0572ca70f7d1ca424b9b005ee9684da997800b560c96831f103c616597e09497e236406fcfc248b9e9fbefd991056d9452ccd5037b0315ceddb42499f3bf8798ce826aeb9610aaf33560fe7e1a1cd4407f2f7380f58ffb8952d965cecd34d4c40585fb6f762ba5438b4f0a8d6738735fbc776c9e9b30f3fdaf1584678b73f780b01f33869909e86ecaee7db4ebe70313957d87d134f12848aa588c3d5efdd4d4a707265d546046b553177dff84ac9096161e80ab343e50dfeb757531fc8112887dad8b1ce272e5c53f989c6f4a495e66597bb21f783b812acc574ac475158b4add9faada72aa617bdf6ec9910a3cbc1d9dda32a876ad4fce8c32\"","dc5_auth_key":"\"8dbe7d4ee1e1143ca611f32ec36994cba59f8476fd79eeff4eeb847f78c992d02eb55983e1d0666e5a90913209a0b8b87f701d832a4cb36bb2fc85da907f703ced4538d31b86b47857891720a819c828a407dcb621abd39b3d14796a900f979b9c517b420b4035780c98b79a517f3a5ba7a994c332c2cb1107c2339aa0c0cca997d57da74e23aebc4edff20cdff4ae0d662c86491a43eff27ddf0797d48e012037df75a7d1294303ee365f97a9ed00057007fe881810a055f847bb147c994dff54889c4c77a2449cd07b243bd039968141b20cebb6130dd48f6889df50d5975828d3cc6594ea78fab241778cfd9330fd19d4c7c354e37006607ba486678423b6\"","tt-global-state":""}
VM40:1 —————-
undefined
