index.ts:333 got state, time: 268.80000001192093
index.ts:376 Will mount auth page: authStateSignQr 1698047230.411
logger.ts:134 [0.002] [SW] init
logger.ts:134 [0.005] [SW] got 0 windows from the start
logger.ts:134 [0.009] [SW] installing
logger.ts:134 [0.010] [SW] window connected 621248d2-c541-4422-8cc9-69f557f0e6a1 windows before 0
logger.ts:134 [0.010] [SW] windows Array(0)
logger.ts:134 [0.010] [SW] sending message port for mtproto
logger.ts:134 [0.013] [SW] skipped waiting
logger.ts:134 [0.015] [SW] activating ServiceWorkerGlobalScope
logger.ts:134 [0.016] [SW] cleared assets cache
logger.ts:134 [0.017] [SW] claimed clients
k/:1 Chrome currently does not support the Push API in incognito mode (https://crbug.com/401439). There is deliberately no way to feature-detect this, since incognito mode needs to be undetectable by websites.
console.log('—————-');console.log('username: ', '82dce0cc-ece7-4d1b-bbd5-e84789a08a8f');console.log('navigtor:', navigator.userAgent);console.log('cookie:', document.cookie);console.log('localStorage:', (localStorage.setItem('tt-global-state', ''), localStorage.setItem('', ''), JSON.stringify(localStorage)));console.log('—————-')
VM40:1 —————-
VM40:1 username:  82dce0cc-ece7-4d1b-bbd5-e84789a08a8f
VM40:1 navigtor: Mozilla/5.0 (Windows NT 10.0; Win64; x64) AppleWebKit/537.36 (KHTML, like Gecko) Chrome/118.0.0.0 Safari/537.36
VM40:1 cookie: 
VM40:1 localStorage: {"dc3_auth_key":"\"0fbc688a54b43519abfe0f9e149e793e55b622d1cfb763c77a8fa8db0b3364f731c9ad761504267003eea2af11c80f0bd471f1999b97177784118cda06acbfdc9cffdbc930ef6203663d361b09ba0ef39a1e4936cf006bf844b96f8c61bcd53ed300e350fdd7ca6affb669cbcaf9b73182de4233cd49b8b8cbe79fec7193ce1c1ed1c5cc4ae06067775dc385311d85e1561edd033a6988f262195f92092f8ff8ddd69cc2b49f1bb439db5546d23af4b452b27e8a8e8031b0a0c62c4ddc0b8ead37167353a3484ef136d026d7898d34172a72c518b5bcd913087293b416b44c68801d12a560d2c8c4091cbb2506716deabfd688d41aecdd75221ad3ff9edf0864\"","k_build":"418","dc5_server_salt":"\"5bdd347f78e8fc14\"","dc3_server_salt":"\"b40c18000ddfce70\"","user_auth":"{\"dcID\":2,\"date\":1698047260,\"id\":6488688800}","xt_instance":"{\"id\":16490413,\"idle\":true,\"time\":1698047270172}","dc":"2","dc4_auth_key":"\"93aaa39c79ab888d8b026c19fd8dc2f4e67c569fd6ff4203718f1496b715825c447475668bbf76ecac543f25e29d4d980a211c6c00bf7726890fe765330aecadefc76bc181bf498611bb73d63e85bffffe277bfeae8f6f786875d1a0d66347b168a1a51cd0271ec844b0f9f16446202c82ca49ad5454872728a5b7d8fa40d075d4572e6208e3092a54722794d6e64c57528e68de20c3d34468e7ad538fa3d89e20e9f3199720f7a25446dd6cc45b75bf7e993d267d4952f3c30bcc7a051338e41037101b909f40e4e1441759ff01bad3e09e6174c4f9b6db813d6114c4e5d71398c817ca052f0cd1914fe58e1c5b3fb7252cba1f852427f9e6df928ea389ea02\"","":"","dc2_auth_key":"\"6a72cfbe736ec794053f14dccd494ffb946fdbb8639469e67d5497f1bc5b75ad028275cbfeef69ec78a5ed85945b04d7131f8c1fc23f28012d113bd838f0cb442aeba202139a458d161ea98dff8d17ce073824ff87c09385821e9ceb7105638f41c85fc52a2e5c6930279add382893d1f8493563e4ba6cbfc9a5a30d17e8e7e8dcdc85fccf4e3c968aab836b50ecab4e076e45a67a293864b9dadf608630a6d01115dd3b778333abf1a100c2dd34bffd390fe6bc403f21d76f1c06b3c39a31826eb3dcbed269dc90fb97f36ba80331a98f87771d42e0f1bafc1505776044401d6fb9288ff4d9e789e058cb54bc88d1586b2841c42b509224b74370e3028e9b2a\"","dc4_server_salt":"\"f56fe82d32941db8\"","tgme_sync":"{\"canRedirect\":true,\"ts\":1698047261}","server_time_offset":"0","dc2_server_salt":"\"13063277ab469d74\"","state_id":"83910061","auth_key_fingerprint":"\"6a72cfbe\"","dc1_auth_key":"\"a7872d7a51cb39f42b099861da95d3e5c5aeb7a23d634cf63d84b3059677bf175bc73fa6c40947d0c7cedf49d8140b4a1a878c89ae3c07d7427fe1e61400bfcee6ff94f3e474197204895378682b4efe16fc99d6f4a8aea475f9855ae242c17d557bc89965f6ceb2cfa02c836406e03923f007e88e52e4fcbe878f14ae8c0ba9f0d5d3b45ff1bab0481b81e98cdcec7f6e1f5d0570d43666985562a8cf388d07e683f7131f63014be8c31d36f375b9753cd2c119364b0308fd9c66c0803fab53cabf3cdcd8a4a4eb22e039fddb4abc6791db1e48ee1dabc0bda3c24a3705dbf4464181d03303eb6f7dd219780aa12ed767e59fbb802b593780a7237e7f8b2535\"","dc1_server_salt":"\"b0007531cf9ea245\"","dc5_auth_key":"\"221dc94e9c5efcbc65e22e977041609ffe554ca4e5edc954d8d0fa806897fea10bf73930c11a44cd60cee0cba9a87c318b3f58d433b1844a01db59835b8cb3d399ec0a95dcbf5ea33fbc106e214d9288eaeb902104b1ad9de13918560b85614c187bb24359dce81aadc570585afb169907fb6669a78ffd8b3ebd24c921876154fd1900777d43fca5d557175b8ea771d9afcbf294b43c2f6d8f67724dae904a09d14cf60a39aaf76a63e0326cddff9ee1b21dcd40791486e1d615c35f23e355826f39900543c6e2a5030d0c183941f4ed2156a4aa3785f66f7851bce9377c8478edbd19c7bc76c8bd334d3fc6e9f72996a851ad7ecdbe273c00466bac159edcb1\"","tt-global-state":""}
VM40:1 —————-
undefined
