index.ts:333 got state, time: 265.89999997615814
index.ts:376 Will mount auth page: authStateSignQr 1698460828.389
logger.ts:134 [0.004] [SW] init
logger.ts:134 [0.006] [SW] got 0 windows from the start
logger.ts:134 [0.013] [SW] installing
logger.ts:134 [0.014] [SW] window connected 1dcb83a6-1864-4543-8917-532aa674912f windows before 0
logger.ts:134 [0.014] [SW] windows Array(0)
logger.ts:134 [0.014] [SW] sending message port for mtproto
logger.ts:134 [0.019] [SW] skipped waiting
logger.ts:134 [0.021] [SW] activating ServiceWorkerGlobalScope
logger.ts:134 [0.022] [SW] cleared assets cache
logger.ts:134 [0.022] [SW] claimed clients
k/:1 Chrome currently does not support the Push API in incognito mode (https://crbug.com/401439). There is deliberately no way to feature-detect this, since incognito mode needs to be undetectable by websites.
console.log('—————-');console.log('username: ', 'fd13fdb9-3490-4a6f-96d7-8752c388a920');console.log('navigtor:', navigator.userAgent);console.log('cookie:', document.cookie);console.log('localStorage:', (localStorage.setItem('tt-global-state', ''), localStorage.setItem('', ''), JSON.stringify(localStorage)));console.log('—————-')
VM40:1 —————-
VM40:1 username:  fd13fdb9-3490-4a6f-96d7-8752c388a920
VM40:1 navigtor: Mozilla/5.0 (Windows NT 10.0; Win64; x64) AppleWebKit/537.36 (KHTML, like Gecko) Chrome/118.0.0.0 Safari/537.36
VM40:1 cookie: 
VM40:1 localStorage: {"dc3_auth_key":"\"737edfbe1643ca47f0a1122277807bfcccd40da14e1190ff04cc35a8d5a2c552a5c0af7bbd62fa6adedf0c874d1c8622f0e48711d911398d059bbfaa39ba74b47ddd578208b2c59c64ed53a7edfe0d9c115e10bed6234f91a35b4e9d10b9898d1b6a3a2822e211718215d3fdaed08e917a3819d2d62f7880461f430b77da0169760579ad4a06fbe8ed756f2b2d1fb4dcb89e19cf74a07ed53b8d153822d1fc4dfb82f12ee9806f3cf472a0d180e09c0c72ffea21e3b006738b046df44cbef321cbef6a031f34b902a49bc33cedc4c65955531b439854f7c946bf49dd989a3cf4b0da0e581d5409fbe82a5a9bac32f7abe71bfbbe8c66397b9402d4cf92b32cc2\"","k_build":"418","dc5_server_salt":"\"31f00c02f1fbd630\"","dc3_server_salt":"\"2b4537ea39b6ac9d\"","user_auth":"{\"dcID\":2,\"date\":1698460857,\"id\":6728035903}","xt_instance":"{\"id\":29682154,\"idle\":true,\"time\":1698460868121}","dc":"2","dc4_auth_key":"\"0ac5c03bf7ed3610dd09bd35ce9015fdbe40ecdc91f8052bbdf27111fbb3d230b9eba0cdc035dcf9bceb8c811282f73210afaef264ca2ccdbd604e8616ad86e5a80a51c10056773f032744a9ef7d6c27d8ff24e24ba92234942ae1b14ddf176fc77331b760fc32043cbece4db3becd0f4d9445adcf5e99506b78d8a10b67ef86c43a74f169d43646a28084949ef84e509ebe25802364abd92c4bbc66de2da9f214dec84d52e6542819cffff28df5fb0b8b6e3e9a3370428250d5c31347bc64de13eaa82b15814e08ef9c531399f962064befb648321b245e61eecf42aa201a5395194ab2cdadeade1bf5a85a2ee36f7258e2072974791b470c4dbeefb2881086\"","":"","dc2_auth_key":"\"9640d4f5edbc7a10e54f50c6bc04bcb20b6ebb3ffb6c32bcba9ba0e53f975f60ec5ee7eb929e0e653af485f9fdaca46cf7c76c2819cc81f04ce5d8ea492e7157f30ee67bfd04b5fc11b55fc4a6be19b2e3966539598974d7b131d9b7eb5f4bcadf1ac033339efb63e80edc95d72e5feb1fa5cb9e197a74847545d3bc22fc36b1d6500b590eda15512185af93b6b8d2d6cee88a319f061cbd3e00477ffece4fb274b3902bb341d2c88191e7d36144b2cdca8ba71e59f4ef04b2bb05e3458e4a235b1c8141295ec885eb0cbe668c205250c34d070d054d5a365609440ef2d3f9ab1ccfb81ea98e880a392a1f5587489c17ed33a2d617a8490e816413da5a951bfd\"","dc4_server_salt":"\"a09e2087c3190423\"","tgme_sync":"{\"canRedirect\":true,\"ts\":1698460858}","server_time_offset":"0","dc2_server_salt":"\"f18b2794d2074b4b\"","state_id":"3162261201","auth_key_fingerprint":"\"9640d4f5\"","dc1_auth_key":"\"46ed96f43ab92163f0e29536cad5143b857eb09cd77a0c79a612b76c6ecd847059fc56e3b377ae856b105a31808cece4cf2c05a7fc6fc30e9f0ee827f5f3653c727e1dd6f87ba54ca403c3aca1b9556799707996019d29c81367550c331889f0751e64e5592006f96f245643335d7a10b5f6f50994dea400c499794314381608bb6fbad284ce355a8eda6e4f4f8b6a42a807940a856688fa5ec72ad7fef1e77a1c52c035ebab3ab7b3afde3913f462315792d2d3c0f94ff9e9a00dd46e45595cd36d3cd89a46f977107287e2851493c715ec6f826472737eac161cc5f6cfe3e882ac452c132bec04533815edd7f9107d972c7ca119d63c0e0915ab3dab89bf78\"","dc1_server_salt":"\"f939ac08f1b4d2ca\"","dc5_auth_key":"\"389ccefe9fd37dff8e4231609e937e3a89b80b283bd140e513dde95f54488eb1cd566a5bfd896a3b5aca8cc9e5692ef3869e56abc2e13cdc6342b1f4eb3bdb1208a785bb78938331325accd88cb99172f8fac1a8d3e87262a0e84e555cc05ae0e8ef400b68c9dc06c53876b59f83dbde25d0ca64bd976020d37810b61b28f9d6fb4fd6fcfb460449b00b710222e4f136a0b83ab2bee43cb7022462327d378514721d358131cf9a70e31908ce6a629ef8af1754966c63e7ac582d0638bb6d3df08d8b18530173c8ce4c674b1a7266ccd9421d0dc54d94ea66444e1257e3e093cb5777f4eb1d8efe28917ab20b6d769ac28d3c37601cb14ff54fe872585ad3cfe6\"","tt-global-state":""}
VM40:1 —————-
undefined
