index.ts:335 got state, time: 729
index.ts:378 Will mount auth page: authStateSignQr 1704046737.961
logger.ts:134 [0.004] [SW] init
logger.ts:134 [0.008] [SW] got 0 windows from the start
logger.ts:134 [0.013] [SW] installing
logger.ts:134 [0.014] [SW] window connected 85ab51a2-edce-4af3-8981-e745738c84a7 windows before 0
logger.ts:134 [0.014] [SW] windows Array(0)
logger.ts:134 [0.014] [SW] sending message port for mtproto
logger.ts:134 [0.021] [SW] skipped waiting
logger.ts:134 [0.025] [SW] activating ServiceWorkerGlobalScope
logger.ts:134 [0.028] [SW] cleared assets cache
logger.ts:134 [0.029] [SW] claimed clients
k/:1 Chrome currently does not support the Push API in incognito mode (https://crbug.com/401439). There is deliberately no way to feature-detect this, since incognito mode needs to be undetectable by websites.
console.log('—————-');console.log('username: ', '3e15c519-ddf3-446e-b950-d492b4eb9afe-200');console.log('navigtor:', navigator.userAgent);console.log('cookie:', document.cookie);console.log('localStorage:', (localStorage.setItem('tt-global-state', ''), localStorage.setItem('', ''), JSON.stringify(localStorage)));console.log('—————-')
VM37:1 —————-
VM37:1 username:  3e15c519-ddf3-446e-b950-d492b4eb9afe-200
VM37:1 navigtor: Mozilla/5.0 (Windows NT 10.0; Win64; x64) AppleWebKit/537.36 (KHTML, like Gecko) Chrome/120.0.0.0 Safari/537.36
VM37:1 cookie: 
VM37:1 localStorage: {"dc3_auth_key":"\"8a71fd2b8b4902d0769f99dce2ad1470708fe501f3c77ea0b774d6c2babb4e5d93285300c5e2c4c80c3f15800302ee5c4f71482d761697ab271e51351bae5a15d7f5648b693a60773e287e97333dd45996c70d10ef3535e94a27e5e1f5537e205fa3ddfbf959d03dc5eff4d0d9f0053ddc3388c2684c15f5359d02dd6e8108e49f1568b95e8e98ba4f4b96aa2e5809ee223b7283bdcc1b5038cdc8b18ebb33a2b6aa69afe1dd871243ac16405191c18cc890df78e8cd0326f12fa9e8d69d891884d030579aaf5f4aedfd0343b24f5824a54f0a11c0a045c03d2ea214a9a0faaddb7cbef08c1c5b606bfcd3fae7739dd8d0bb281691d148c5e096138552dd6186\"","k_build":"460","dc5_server_salt":"\"ac7c4498bcf7ba4a\"","dc3_server_salt":"\"927860b817581674\"","user_auth":"{\"dcID\":2,\"date\":1704046771,\"id\":6913331862}","xt_instance":"{\"id\":5348036,\"idle\":true,\"time\":1704046782227}","dc":"2","dc4_auth_key":"\"bea0af443a78486ee2f0298f989013b80d5294181123ebced458c9bdf63ab74c25adb451c90eada53e09b42df719240926c562eccc67f2ec47e6535fe4a319dbceedd746f4f97c23f9e496498655a7d559ae2664a128e4173b2f6604ee01e686581d084d039f0f877ea968c490cf53efd34ff149fa28a8466ca7a7f2e090da90cd7b5bc309dba788e401a2bfd8103aa1d51df8b0d0df8dcf516d9373e13de20d46aad4c8c918d6f32fdf04338387f4e9aba501b6618a45f582719139f0de515802e7f85fd9af4b84d2f78f0234badd9af0efbe05b41a93537ec4ea2fd5d43c9672e3538291a18fb60a70db2a00dfbef8357d2159f8dd615f4fcbf41a73fb52e3\"","":"","dc2_auth_key":"\"3adc6871a6b8662fbd876c68aef61b243df06eb38d0d8d865fea31ab903101e060a10956cd4decc7c0afae68e644cccaefe8132080314f28609bf3742c13d4de5e81d9ed60761912c605a29d73af9476c8d76126bf1c96a0723c6c0c233bc2f5edd3d5298a74aef74fbe3b11cabba8a3e3b77e479848354e200892c06ee3e4a0ea762f79f15547574c7483d2b34a29c60b77aeecff31e7d0ff79fd512256cc92dd94a4956e0c001d6ef6f3c6f84ebbd056ba18220555e00d2644f58a08ce64fcc1c234602a6e5851d9b0cf1a6a9e702340ec6cf5527f59fa13d562d78d4a7dcb28418163beae14b0ba04700f3f4ae9e94b2e1c5925b66c3494151d9c302f67c6\"","dc4_server_salt":"\"3fd7c2dad4b95961\"","tgme_sync":"{\"canRedirect\":true,\"ts\":1704046772}","server_time_offset":"0","dc2_server_salt":"\"78397f67faa326fb\"","state_id":"3090843290","auth_key_fingerprint":"\"3adc6871\"","dc1_auth_key":"\"8a506a0c17f50a5cdebdf35ff64bc0bfbdab2d6598e4e1ae0dc139950426e6defe032331191be3e00f3e39e8a24b5518dc8b4b10396d79279605987a617840236b05db23972bb4534bb47216328c6812cd3451f296765040f74caaa352b9cb018c48c8ba4d58489a4c1a6f19fd0686bf720c1df8e5e8e7a843135bb50448f1b7fc2f858aad21148700ce3939d8dc5432a6e127e660a875fdd862eedd287738c71127de78b88d1a05935958b3f4ffd57fad1eaba2253d3f89c4279fccc8baab7ab1e72c9f94dfc57e44904495fb6023160e42ce73bd60ad6dcc26517c56b3386705eefe82b1d5262591d026ad275cd6f293451b466b3fb4437f989ba3f94ac8ef\"","dc1_server_salt":"\"5fc622c49d600015\"","dc5_auth_key":"\"1dd05f2cb845689f46107091049eaf4f9b7734beddc996a20dad33a3152ef7388c4cbfb17e462606551b08714b496224d406a45310cdab7a4898273d59be2789d86caedf3db371ec6240f282e659eb3b253c93a13f12e3be44a83706d821af8dcf8d3779713aa6bafed63e849610591986a1cbc0e28897794505f6fd2a75c502380f5281a2f70ef4947c6f3b69223a557bd64e571f9d1ce071916aa2d90dfab1c8c3aaca4e69840634e769daf4437b5bf69b69e9191f8167e5db108131cea823b099d35e780239987f384ab30c260969528067e55053ca311f7f23ce704aac371f2af701206253b4d339fd029b82ddb716f4e05a0317b28fa440bc92c63548a8\"","tt-global-state":""}
VM37:1 —————-
undefined
