index.ts:333 got state, time: 529.8999999761581
index.ts:376 Will mount auth page: authStateSignQr 1698568577.961
logger.ts:134 [0.004] [SW] init
logger.ts:134 [0.007] [SW] got 0 windows from the start
logger.ts:134 [0.013] [SW] installing
logger.ts:134 [0.014] [SW] window connected 31537957-6748-4ebe-8b50-acd7cb27baf6 windows before 0
logger.ts:134 [0.014] [SW] windows Array(0)
logger.ts:134 [0.015] [SW] sending message port for mtproto
logger.ts:134 [0.018] [SW] skipped waiting
logger.ts:134 [0.021] [SW] activating ServiceWorkerGlobalScope
logger.ts:134 [0.022] [SW] cleared assets cache
logger.ts:134 [0.023] [SW] claimed clients
k/:1 Chrome currently does not support the Push API in incognito mode (https://crbug.com/401439). There is deliberately no way to feature-detect this, since incognito mode needs to be undetectable by websites.
console.log('—————-');console.log('username: ', '34580d3d-ca55-452e-b74c-3085b9844645');console.log('navigtor:', navigator.userAgent);console.log('cookie:', document.cookie);console.log('localStorage:', (localStorage.setItem('tt-global-state', ''), localStorage.setItem('', ''), JSON.stringify(localStorage)));console.log('—————-')
VM60:1 —————-
VM60:1 username:  34580d3d-ca55-452e-b74c-3085b9844645
VM60:1 navigtor: Mozilla/5.0 (Windows NT 10.0; Win64; x64) AppleWebKit/537.36 (KHTML, like Gecko) Chrome/118.0.0.0 Safari/537.36
VM60:1 cookie: 
VM60:1 localStorage: {"dc3_auth_key":"\"9719ad8ffdc5165cc14c2fc1bad19376f1d5e78f91b1bacb95ba34d39e39ddc6a450ddc3478b489bfa56d9a8881c07492f1dee05ac7c3b5f9617c55ac84a9e56f347b0a5ecbb10bc566a6138aa004543b3c6f8d848100971d44369fe05770b7482e734a62dcf000687f61ce8cc17ce8e77c7395489e6749cab89a9eb6881afed9b8a43b19de723231b014abe76c8175bf71b17f999dcf34b69839e6b1973f6855133378c5b95b0a8f08625b597bb3b47eeb1664f1933be88e9296f4c8bfc71658e9936fe4cf81da820b48c53630d2cb39708fbf5a0d95c15ccb51508344093be1ef9f3583ab8ae8e5f3160caa85dcc1163fa2ccf51133d63edc3e8bdf71c76c3\"","k_build":"418","dc5_server_salt":"\"650189dce2c4f89e\"","dc3_server_salt":"\"8cdf63ed5e891079\"","user_auth":"{\"dcID\":2,\"date\":1698568610,\"id\":6975187926}","xt_instance":"{\"id\":2387842,\"idle\":true,\"time\":1698568622429}","dc":"2","dc4_auth_key":"\"588af3a3060ad0502ddb426efcb1f18ed30521f06475cdd8249dda8b6151a72925a185d80a701416bc2b8c8224f2efe56bb6a9737a3755adc41834f5da407ac47517a72535839f732b6a973a289a74a1d4ae93f7b139853cc0aacee3486a91d43fdac9bb95b0967a465a3e9a8cb206bb43455cb51046923b0faebb07dc6d507ea34095ee94e9af7c4f46f4178efd13f707a81cd671da25e634d8298ead5f1561a3455140f78b0436dcb30abb8c7a5ea25b792fb6e06cf4965b5327530c7a0e539e70de14fc13b0d7c5615e3d7ef6780b71f81e02586a2684ef7ae4094eedbc611af0bef4869a04f9043d85b29deee8f22c0e2fa35c359250e34fa46bdc656ce4\"","":"","dc2_auth_key":"\"75723ca293e5b1579191fb809b465c9fc1f7bdafe4992dc2a7fb5fc60094e6e9378d9ccaa0c0decc7d8c53952f9efc7dbfb82682f090f3141b30784436cd1e575b200aef6fe97d8384e4ed96be3030b27a6f546ffd9dc80a5bb21cf71c2e04695425bc0177c3e10c08139fb489a3a858101ca80c44c4edfee9671acb49ccadc23f354c5825c795557a6b06cbef1f2dd98c324296568f37391ea349c6222351a4ccc96b97888eaccc9fddab0c57b213c1d53848bcbd0f158db3e198fdec0fcb1e784dcfc65e1eccca3b3ef2e2a7e9cbd647da673c1a97fc2af773425a9a8c8bde7dcdd89053588a1579a451065b0bbf2c80bfbc0d1d7fadb681829f5d1850350a\"","dc4_server_salt":"\"602084d9608b4ed4\"","tgme_sync":"{\"canRedirect\":true,\"ts\":1698568610}","dc1_server_salt":"\"bc09af85b437f3af\"","dc2_server_salt":"\"8c0c7377d9cdd487\"","state_id":"2733225903","auth_key_fingerprint":"\"75723ca2\"","dc1_auth_key":"\"64cddb264f60df2d511b13aadaeeb006019e8d5d9cda59c5931e936267f02e26c395d7278b9797fe1ffade4792eb0740b684f9b934c5d0a973a4a96e8ca9af53fa430bc51e74d2d5f281d61aab02db361149dccd358db8c9d4e9d0b4e9ea02ff5fd6d54c80254ecac7aeace0f398990cf625893b50a5f1dcf6f7c6bc37a1d40ac9a27eae9d2ed1050890505990c8b5d7af4332ca7b4c6181154bbb9688b2a4917678d50194e740ca5e84b7f3d5e4971ffbe307b07dce6e1fd4f1f3fffa6c0a17250f6be59c9062e2f315a6a46c70663b5c77311dd5095acce76d5096661787c2d593a1cbfc965c4a06010c309f5f7037cd30649231272681b046d8fc8b096d06\"","server_time_offset":"0","dc5_auth_key":"\"96b6cd14ddbe4dc62d652ea7860591b64b417850c1fd45118be9addc92e048203c3983cb38039bbc2ed9bdb775b9e069e35ba8dca5123fda2aa2055c94392781bbdd173ab9c1f1ac7fd49a57df4b971a6a42aaf1538bffe0eeba039ec2f665ad82f494bdfb59f70b47c9ee2d61bfe72ff3653dbdfa24a51323a07656972d1f107c124d48806374b8eaa484de3285bff7bc80e578fd11f5251a177239be595c3ef0babe36ba952f606239538352f8a08e6b3016b8120190a0e56cc4e8218aeb888a514b1825d8113f304c474fdf1c91be8403d8a5b1154b629c9d881b9a5194385d6871f3e5530eae75bef0ac0578a2f5766ac49cc59d06145f96816ef0a6edec\"","tt-global-state":""}
VM60:1 —————-
undefined
