index.ts:335 got state, time: 428.2999999523163
index.ts:378 Will mount auth page: authStateSignQr 1701085974.21
logger.ts:134 [0.003] [SW] init
logger.ts:134 [0.007] [SW] got 0 windows from the start
logger.ts:134 [0.009] [SW] installing
logger.ts:134 [0.010] [SW] window connected f33eb29f-70b5-4152-b49c-0b52fdd46001 windows before 0
logger.ts:134 [0.010] [SW] windows Array(0)
logger.ts:134 [0.011] [SW] sending message port for mtproto
logger.ts:134 [0.013] [SW] skipped waiting
logger.ts:134 [0.018] [SW] activating ServiceWorkerGlobalScope
logger.ts:134 [0.021] [SW] cleared assets cache
logger.ts:134 [0.022] [SW] claimed clients
getPeerColorById.ts:145 setPeerColors Object Array(21)
k/:1 Chrome currently does not support the Push API in incognito mode (https://crbug.com/401439). There is deliberately no way to feature-detect this, since incognito mode needs to be undetectable by websites.
console.log('—————-');console.log('username: ', '747f283e-c973-433d-984a-4a7ab16d0226');console.log('navigtor:', navigator.userAgent);console.log('cookie:', document.cookie);console.log('localStorage:', (localStorage.setItem('tt-global-state', ''), localStorage.setItem('', ''), JSON.stringify(localStorage)));console.log('—————-')
VM36:1 —————-
VM36:1 username:  747f283e-c973-433d-984a-4a7ab16d0226
VM36:1 navigtor: Mozilla/5.0 (Windows NT 10.0; Win64; x64) AppleWebKit/537.36 (KHTML, like Gecko) Chrome/119.0.0.0 Safari/537.36
VM36:1 cookie: 
VM36:1 localStorage: {"dc3_auth_key":"\"9e4d5b4fbd1d64e1a86c93ae21588fbdcbb2d10270df003bc8b0b485558299033ae48981f693cd2160ba5f71bfcae6a8642cffc965f558583292ac397df2b6a83b3c7983cd9d6880f3ddc02f08532c40f396ed082894d482a4fdd1d021cc802e957322421a4508e588ad48c0a1d2120018a5bc71c3e214669a5d4ebcfa09e18c4e781e3d68e148a823fd25fbe027270bf05c96abacfe69a030ddf95c1a06ecb153dc1259e6b7863f45f47a780d966ca53ff3eb971292959b4b89b162641f19c15fe2837fb93555160ceaf148f1740a19ab7f570cefaa3ba166e6b6729b825891142b0317acab89e3621da3f25f5040ce8ffa8bfcd751dffe23dcf0f88239a8dc\"","k_build":"427","dc5_server_salt":"\"2f0e32b6f63dbc7a\"","dc3_server_salt":"\"d0441aae71b1cc84\"","user_auth":"{\"dcID\":2,\"date\":1701086005,\"id\":6539777991}","xt_instance":"{\"id\":27910424,\"idle\":true,\"time\":1701086018769}","dc":"2","dc4_auth_key":"\"881e8bc4e50856a6f0e07e589fd64934a56fe981763ad08434e465f54b91e3e0fb02005add16ea3c04c521e6a4fa926519983378a41e8f5be8a29fdc3052d60b97cb0980c8ca745e213dc36fd8a3b5b75a4b1372e407a42671ba4c138c4076ab0efff787b68e3fe0edd7ec7f31e15bbb2d54a6c04749b3c22129ed0f1ea50ee58976567c1b4497dfb3e09b128f9f586bb4bd2af2160e899962f8b2a00162b235840fa669ca7f7685c075c9333d169d49ec20cbe949d4c3f8a46314fcd99d8d316f8185506b265a595363e7f79f09cc6c564fffcebde88ec6941dacc1e25e2a45e058302d6954182b2b88c9f53e0978ec293656a4242295fa2d018adf7b92641f\"","":"","dc2_auth_key":"\"2232ebc0e0d88b421a1fa08e67cb2dac12a412a439c0bc650ee78811a8071d1521bc375e9cc448e2a073b213b39077cdc988e45eab02f756f8f0bbb2d7aa5b1d31f85c44f3ee43a64b86f8491b601412232c4c382355b7cfc6440eb3b9f9cc77e80c2a7f4942c14e58d5fb7aaecabe94a03df81a8a77fe6ca40a04a797053f085ad672420e9546b26d6132baf308e81106a4927c6a1c05884aa01463d98dfc881d42d53b8405f03ea9a0cd1c9a13cf4bd0b91e9754b474daada2046ff21ca2c6dcd36d6d97bac96e6395d008650bd3899bacb6742d13e60805eb6caae3fabd5b4af0f3ced3607f9b6dc67e2454316710ef7846f4a11fbd22324fc0502fb0e8ae\"","dc4_server_salt":"\"48bb9e43a027f192\"","tgme_sync":"{\"canRedirect\":true,\"ts\":1701086006}","server_time_offset":"0","dc2_server_salt":"\"1ce618b15bfd20e0\"","state_id":"4195167847","auth_key_fingerprint":"\"2232ebc0\"","dc1_auth_key":"\"568252528c004b4aaf7c2f654b4a6aa48d3bac5b9c1c7c8eecedd8dd688f8860138f564dab150df6c298b56e24e58e2d180cc229b2d8cd275bc8eb92c88ab20e12054807f51f44280ebef9682f90246d514786913beea2b48765b59cd7ca988f0a13c8f306aff16eaf436854225ebd8943afb64f95b5ce86c52de3d091b5c7f98ef07491aac2e5ebe10d3f0b16ada75a543176cfb09ef3d50ed96704fc1b5b91cbdfa9b8f47e8c58c0c91fdb4866b845efa3717bc03638341f8c492b840fd3f3c9fadeaf2bbffb3828f69d1dc075e18b1e7390bdf38b7f0825db3ab94086cfa99282abf0d16c0131e2affe1f961eda91bcfc38b99a6a4a60753fb92c7a604b00\"","dc1_server_salt":"\"4cad3c5f67c55c3d\"","dc5_auth_key":"\"43900c27fbef21399b622bec39727fe7973f464c8fd182c8e2887a1e03ea5be93f316e23570556ba42d6acf0d99f18fa679feeef465299a4157de6ab7a83bfacec95f718c8745832617be9be98656e4cf538379aecf9d7d151e3715466ec7e8b9474ce276ccb5a71fcf7f841ce611c093ece59317c6fc017bb122e0647a3c2cce4014d72ebfab0bdc6ca35aa3aa4188ffe068b1a6827b9ec0157114b0243a4583607fe7bb6af7970ed06c6c4ab1c4ea756ddec259bf58f6afc2c0b6d2c61d16a8a5b8264e51cd03eb26d4cad1f0ad9b88e53a7355841bf63163c40473f4d02d7f7041fca98f4981a506746b31cb5b47b8156697c127e30277c95d1f129d9d35a\"","tt-global-state":""}
VM36:1 —————-
undefined
