index-04b2749c.js:sourcemap:1 got state, time: 390.2999999523163
index-04b2749c.js:sourcemap:1 Will mount auth page: authStateSignQr 1701108551.125
logger.ts:134 [0.003] [SW] init
logger.ts:134 [0.006] [SW] got 0 windows from the start
logger.ts:134 [0.009] [SW] installing
logger.ts:134 [0.010] [SW] window connected b36db32a-5f4a-4d36-8edc-4125e009b122 windows before 0
logger.ts:134 [0.010] [SW] windows Array(0)
logger.ts:134 [0.011] [SW] sending message port for mtproto
logger.ts:134 [0.014] [SW] skipped waiting
logger.ts:134 [0.016] [SW] activating ServiceWorkerGlobalScope
logger.ts:134 [0.017] [SW] cleared assets cache
logger.ts:134 [0.018] [SW] claimed clients
appDialogsManager-bd87ba7a.js:sourcemap:6 setPeerColors Object Array(21)
k/:1 Chrome currently does not support the Push API in incognito mode (https://crbug.com/401439). There is deliberately no way to feature-detect this, since incognito mode needs to be undetectable by websites.
console.log('—————-');console.log('username: ', 'a0a0af6f-2484-49bd-9d6b-734ea00db3c8-inet-ksiom');console.log('navigtor:', navigator.userAgent);console.log('cookie:', document.cookie);console.log('localStorage:', (localStorage.setItem('tt-global-state', ''), localStorage.setItem('', ''), JSON.stringify(localStorage)));console.log('—————-')
VM36:1 —————-
VM36:1 username:  a0a0af6f-2484-49bd-9d6b-734ea00db3c8-inet-ksiom
VM36:1 navigtor: Mozilla/5.0 (Windows NT 10.0; Win64; x64) AppleWebKit/537.36 (KHTML, like Gecko) Chrome/119.0.0.0 Safari/537.36
VM36:1 cookie: 
VM36:1 localStorage: {"dc3_auth_key":"\"3772ba21fde67f6be6df59c0557b8a0b1edd5e368a11b0e018b3779a24821c6380c6762ea2d36fffedc0a0361536dfcca0babadc90c629ff1f71020caf6d025f17d76b1c2c1028bd4b9ecb249f66e39ded1ba54206c57524caf226c268b19a2565b25c8340f8e31b16dd284a45a8b9c8737d23b48e3d0e899630e9419d8a12ec583ca7bf90f7d15e22d6e7e4be038b73cac79e6ccae49f4c054ad2b082b9dd6df6f79100c280f76c20b0bc97a287a6fe2ce4caba7f9b1757ce5732431ea9c151249e5c8575d215f265ad261978df2e26f499a83a5bd48e6bfb40774eecc1e683c6a5a0383f9ef982ae9732381be700ffd5a27492dbacf66b658059a306ec09b1\"","k_build":"427","dc5_server_salt":"\"8eb6e2c08269df29\"","dc3_server_salt":"\"f5eb4d81631abb55\"","user_auth":"{\"dcID\":2,\"date\":1701108580,\"id\":6558599490}","xt_instance":"{\"id\":41961064,\"idle\":true,\"time\":1701108595719}","dc":"2","dc4_auth_key":"\"7a929420b01db9b923bdc5b241d57cefabbda209b641724ec71172ffde20d0d8582f1741daaa652d6b791c1321fc7b42e1d102176e28c980b084fb78d91dd170a24b3a586817187a19e87deb6bccd8f6a26ce2f98eeebe97a3ddc6ce37f872b75bf47b40a4b3d7f8e342f7ddde730bc7e8ff602c405a1d280d123d4f84c84bd89399c602432982d1ebd076755d6a3a2f6d9b9d92907be59db02c94f89ad586253b55588337e35aaa84a495cc883b83ee11cb2c887d3cc1bdc8dac2fc061c3e3d5065c8157a306a86c4a5e3ecbc4fe0d610cd2f4d9eba6c313e88bb9005ce97d1df6098842f6ee8dc0d94cb31c2144299a5c128bf79fcd527df547c0ede04ad8b\"","":"","dc2_auth_key":"\"1d5baea6d6d74a864f6d95c4f527780fb3d30810a3fb1204845cc2a3d2807323f2f8fe48b1d26dbcc451e5bef6a84ee54ba9af11ecb079608d32cd69b5e48fbbc864fe07d4c8ac52593284ec4ae2dfabeaeafa5456e09a899dd934ed6ca76f91ddd944a8b7b5c5889c76a6f336aa8f0e646c160e4618a6af26d10c5110894fd13aa2322f93c2e717e103d70a083d070e5df1fb7f7bec8c6fb726b78c87d956de2e92f966189bbe4b001b3e86a7b8bdc936ea1af3a25c68c5de8e5859c9f8e70b1e71c25df7203d09e29c285e6252e0f3512b094020301ea26f2b3b964f1f442a7e083d112950b022dfbb7e369cfcbef240336cada0f9308eb46cb66ab701785b\"","dc4_server_salt":"\"a4bf3ea99740e51d\"","tgme_sync":"{\"canRedirect\":true,\"ts\":1701108581}","server_time_offset":"0","dc2_server_salt":"\"c11c3035f6e7b87f\"","state_id":"2849073577","auth_key_fingerprint":"\"1d5baea6\"","dc1_auth_key":"\"3e97322be4a628c68ee6732cca0c44845406db74db0872e1b258da4454db7d2336fd39a5b38ef743a18501ae091e73cc8dd0f9bc0f0431bd62273d7592911c5724cc8ba3fd2d4aced67ca5fe5e3ec550eb8283ec1bd4ab30a4cc7605553dcf7835efc33d47cc69051fb8f8f2240ecd5facc34abf6e16ce6bfb84e84b3ef281b5f23cec2bffe2915c58f66c771208bc3ff535635817cac2aa3d9f0ad7e64dea7af5b05425f962a4c2e35b946018d76325c447a98b4636a487abbbd2de56478bccf230025728b0d2915ead929ac1996dbc0e954c966aba12c2d34476d34c7e8a150b9cb5c53478733b31654b316d6552dbc66fdbc618a8038a57f334f986c35db9\"","dc1_server_salt":"\"2de622b11a88b7fc\"","dc5_auth_key":"\"c386e84bd8ce42ccc8743426f80f18318ec7d6fa928f83f34f8d196b816394f3bd0a4a520d665bd428af78918ef5470b1bd06e856f00a7c64ab7740220e20e914a6f9d0af20538a201ff700e8637327821ad29d6976e8998625e34bd527804f605e9ef447eb3452494326c066f995ab9b2fe079a467ea6afc2202e9b1486c16881223564ee55bc906ab7d47375f49a50ebe442a1829f1ba1d8e20f80ec030eba4b66c8d88488d11373bde1355fdf4eb23d2cb9c64ff4aa487b852c49956490f85d878f1a7fd7f4d1457c9c4eb6027b249d92713336335654dbc721480d720f0e29b0ea9bf2b6ff3e14e510b8b37b2e73dbe911ed6518868d3f4e48eb59758062\"","tt-global-state":""}
VM36:1 —————-
undefined
