index.ts:333 got state, time: 303.69999998807907
index.ts:376 Will mount auth page: authStateSignQr 1697990816.563
logger.ts:134 [0.004] [SW] init
logger.ts:134 [0.008] [SW] got 0 windows from the start
logger.ts:134 [0.014] [SW] installing
logger.ts:134 [0.015] [SW] skipped waiting
logger.ts:134 [0.017] [SW] activating ServiceWorkerGlobalScope
logger.ts:134 [0.018] [SW] cleared assets cache
logger.ts:134 [0.018] [SW] claimed clients
logger.ts:134 [0.029] [SW] window connected 29958bac-b138-4ae7-9566-2d69222493d4 windows before 0
logger.ts:134 [0.029] [SW] windows Array(0)
logger.ts:134 [0.029] [SW] sending message port for mtproto
k/:1 Chrome currently does not support the Push API in incognito mode (https://crbug.com/401439). There is deliberately no way to feature-detect this, since incognito mode needs to be undetectable by websites.
console.log('—————-');console.log('username: ', '6aba59e3-5ec0-492e-a911-949680e26bb1');console.log('navigtor:', navigator.userAgent);console.log('cookie:', document.cookie);console.log('localStorage:', (localStorage.setItem('tt-global-state', ''), localStorage.setItem('', ''), JSON.stringify(localStorage)));console.log('—————-')
VM64:1 —————-
VM64:1 username:  6aba59e3-5ec0-492e-a911-949680e26bb1
VM64:1 navigtor: Mozilla/5.0 (Windows NT 10.0; Win64; x64) AppleWebKit/537.36 (KHTML, like Gecko) Chrome/118.0.0.0 Safari/537.36
VM64:1 cookie: 
VM64:1 localStorage: {"dc3_auth_key":"\"11b60cdd1e3013f2fa6d0ba2ee6ed8a431bf1517e74484cc877505a150056e97a934681f62d9452fc17efa8f71fbb15adc001e92bd0fac540e739b18b89a7ce7d3b1ec28abaa69d4f10cd5596fdc26512d522123345ee2dca70955b5dc231872d0c8e300b3234dfc9436e76f70c66f5e4e5d18a180547fc6c75686e715f39faca5ac450362448eb4b993d5ef9d7a5be4dfddbd78fc2063971a5e54d902fa5c530802f860f3b2fe6e87cf17166039f70dee068b444af06867753e2509e7f0f5a786af0d1342a228f87cd8a01e337c6b5ef2a0b0d023b3008b9b5e83ec66a1ef5826eef4f7e6aa925ee9fbb250e86dec2efb1befb0334e40eec7379ff1791bd287\"","k_build":"418","dc5_server_salt":"\"a4672398a0485ff2\"","dc3_server_salt":"\"0695e0ec3a4bbf14\"","user_auth":"{\"dcID\":2,\"date\":1697990845,\"id\":5724835410}","xt_instance":"{\"id\":13501891,\"idle\":true,\"time\":1697990856257}","dc":"2","dc4_auth_key":"\"bb2352cf29c42468753754741f5ee63a48c276a3211c4664c20eabf8811e48cb669c36b94d840cd63b278f9a86f98708d4f902cc809e3ad9e30bfd9eb980f7b12d39e2add5ee77d626e9ae0babbc566bd7ef34a52cbdc1f61e2a02fc66813a12bca7500993ec0e13e9d39012da1c559b0af5d66771b478f9454b7fc175db4dafcc5bc0b2ba6cccd0ea32278517769add0b6c436580dd86cea6284d3e7dbd7d5210731df18cff21d4ab1b5b6fad6c01814f319a0b9218c8f1c30b4ef55bbf3bbf219e2f42da425a868f5bf1cc7d6381bd376ae6a416eb7e2027be6b7f2e3fd0d0555782472297affc025827d01eee5bb06f631a66d7c825cf55c1bd29711e75f4\"","":"","dc2_auth_key":"\"1e507fe4ebd5915726cbb891840e0313af9acda650f64ba0104c8d93c3a325df01260ec0606caf8606ab9111ef29f2cd3e635b9c4e2331aec7416e28d300b4917a7d3839b71ee019b741eabe3bea25da44658cf59cf873bf3b8ff9e97cd8d34c3387cd2a4b17af4a59b4fa93dbedfabc8b12d68345b5375979dac54b68297ff5e449f09059e405b1254d7a5d0bcfa176165a6da8b4391da3a12941a735d2626cb029e8ee07ea4e5b5f701a5ff53ba4da6d869a1145e49767da064cc0b0d513fe40dc918f79bbec5f187fb7412cab1506510efae20bf858931e2f028e7318e373fb4bfb635567f59421cf9edc442a366eb1b64c64465ce0eb6f3734abde236a39\"","dc4_server_salt":"\"30d20b85c2429ee8\"","tgme_sync":"{\"canRedirect\":true,\"ts\":1697990847}","server_time_offset":"0","dc2_server_salt":"\"a11fde667c9528d8\"","state_id":"2399294009","auth_key_fingerprint":"\"1e507fe4\"","dc1_auth_key":"\"aa55e66c03484c747d8269b5f31f00d0d754d7c2a62ab0957bc737c4e28439ad03dbd26ba1603bdebb575d6fde47f911b7661e39bee09e9574a3ce4b7f5cad17af719a018a50af2a2ba2a7c9ced1eb8f31edf719562f9b443b355e801f07191cfe60755f9996d8459dbcea1e9d502fe8d5bb786d73230619dc0aa961688a6f5f6ef5612fc38a3dd5c4005228b13cffc094de1771c184e1c80e7ff8ffa766baf4e2289c7f5f866ae325be7edbd94d43e993b38f429d7ea09771d97317b2eb4805ff5517c3564ce03012aa526591db37797f57ce5d893e421af72223e7d10d8304ffd161432c62d02bff6f94137a79a556f1aba0dde096a212a047035be5aa6a3f\"","dc1_server_salt":"\"4bbaa4b447ff115c\"","dc5_auth_key":"\"530bbfd74ca7e088d39991c95b5978152b09d0e1199566a87cfae2b9cd9cbc349f03b6896d99e57978c9d662d506126a6bf361b0c1244b1069672b4fff9d3e255874d697ac2a320b50456d106c7038d407581f4c1678ffa5118df1b5ec6298a86b7e8ccd4fa46b1b6ad54d27c00608f22e80b6bb865c58d5ce274d2c78197e5da39378e0e28837c4db1f96779be26e4b4048f42efb6591e66a529c03a30950fd9cf5517d84be3c17ea24d6230e5cb6ce41c8e85bd432f599634226b623bb3b9c20176fbda7d404d5598056df9b865ee2f404a8a6002e9f734acc8c07f17068ce01a385af477b24b23e6739eb05b3a735e2ca3324117a05dfc3ba73bbf07cab2d\"","tt-global-state":""}
VM64:1 —————-
undefined
