index.ts:335 got state, time: 1065.3000001907349
index.ts:378 Will mount auth page: authStateSignQr 1704093309.234
logger.ts:134 [0.003] [SW] init
logger.ts:134 [0.008] [SW] got 0 windows from the start
logger.ts:134 [0.010] [SW] installing
logger.ts:134 [0.011] [SW] window connected 56dc029c-58c9-4b80-b955-d70b90970f6c windows before 0
logger.ts:134 [0.011] [SW] windows Array(0)
logger.ts:134 [0.011] [SW] sending message port for mtproto
logger.ts:134 [0.015] [SW] skipped waiting
logger.ts:134 [0.017] [SW] activating ServiceWorkerGlobalScope
logger.ts:134 [0.018] [SW] cleared assets cache
logger.ts:134 [0.018] [SW] claimed clients
k/:1 Chrome currently does not support the Push API in incognito mode (https://crbug.com/401439). There is deliberately no way to feature-detect this, since incognito mode needs to be undetectable by websites.
console.log('—————-');console.log('username: ', '9a46ece0-5b18-4285-9cdc-6c72f406ef75');console.log('navigtor:', navigator.userAgent);console.log('cookie:', document.cookie);console.log('localStorage:', (localStorage.setItem('tt-global-state', ''), localStorage.setItem('', ''), JSON.stringify(localStorage)));console.log('—————-')
VM38:1 —————-
VM38:1 username:  9a46ece0-5b18-4285-9cdc-6c72f406ef75
VM38:1 navigtor: Mozilla/5.0 (Windows NT 10.0; Win64; x64) AppleWebKit/537.36 (KHTML, like Gecko) Chrome/120.0.0.0 Safari/537.36
VM38:1 cookie: 
VM38:1 localStorage: {"dc3_auth_key":"\"41c960d79aa405d35b1593dce5d20d50de6e9891e180900d723c8cc91eea6278c0d36b556308cf3a98fa81f0484d5102e8d836649d71c3c8faa851a980feebe61e860d32aea3cf46be1e60f090a1b3b66ab5a0a3ee953a5abd8a0b025a5d83004cd4105b43cdca00c355e29eceb74312bfbb882cdf0601f6798f28e3429b4664cec25f4dcbbac771cc2f0808e4f11a828386f7980a08a0c12902b175a95056a3d7999559d7fc2ffcddc48da7ac80274f3e241708fc8f3e8b5eb23b61d24e5155a86454d4fcc85c9af1491d8ceb58609af1c6e6733c7afe57f6163b9aee4e9e42b21deea4cf0de9a9219a7ad7e6b7bf7efab01671079827da0fbfeaf8e0ceae89\"","k_build":"460","dc5_server_salt":"\"f06446c092ec80b5\"","dc3_server_salt":"\"486a53d647369893\"","user_auth":"{\"dcID\":2,\"date\":1704093350,\"id\":6926296312}","xt_instance":"{\"id\":12201326,\"idle\":true,\"time\":1704093363163}","dc":"2","dc4_auth_key":"\"69f655e646c9dfbf23f3c5810090da538b23e90823d91c424f621c1bf9e34b8d33bf244b907d2411282521d00615c2c89da93486300e7e00088c03d94ca7b5eb69983703fddd25207bae52f989ed1d12b630cb319a1e8331126bafc1a5dbc640fae7979dd8654036ced9c1b842db8b7f432ea6631c8d33289f8afa5ea212ec133404cd5bd5710450bcd314af820896dbb96b853790775107220cdd4af01989706d0b954a93da8991e768ae3f84bb443e6c4503e7a5160805994a21b8d4a960fc89c138f804fc76b67071748b1e57f81cbad60d7af72de0542e3c06787c35df985620d97e3415d71d973d6dd89d17b9fe942463bcc990d201bc37eaee8803355a\"","":"","dc2_auth_key":"\"2b9cfd68d03131452633f523decd6fffbfde452a4abce157ea8f4a2c04269284d17d2c47b52fca32903e4f4ecf0b22e9f3bdab8500316b769a5d5480e7d79fecf7c08054cf4cbcc17b78f6458d9fef0cf2dbeb30c24e028f682ed23ca4546b2a7bd2454c41f31f6bb8534035ba299e78bcb23d4a5001fef2cbf9ee7f8687dfc526907cb1465a517db81b3bf0c05c4fb4ac1b2998b39de4ee62f01f22fbce7464137710ed354167ee2e25f9f2f01f9b8d7b9612d15ff3f30110d30a5045448144a83ae9d5e46f5da05c991399c46707d074a0107f611801ab11dd3a49729df85086e96ebbae2a36b37397782f0813929ea601b3d99030fa98141cc83b4569af42\"","dc4_server_salt":"\"0bcf0b00158d2b1f\"","tgme_sync":"{\"canRedirect\":true,\"ts\":1704093363}","server_time_offset":"-1","dc2_server_salt":"\"af1f97803ed6a3ff\"","state_id":"2707363200","auth_key_fingerprint":"\"2b9cfd68\"","dc1_auth_key":"\"73713f9e2aef651270cd787d73bf2812c69f0497ae873e16c0c19689670a61e308cf1dcc60cf6d1fd59bf47b3ab257e65799e58aeaea05c5ff6be50e6a752b47fc4f8efb894f482a143c572c1997286434e1bf2d7fd64e1de6dfa3aa518d1cd2fc0dd0fd6a9b37ffb981555ef26ecaf6710df7d6a2177b778db331d931c6de48d6a9b8a916ab568743cba0cad1e6c97414de755c6ec75f1d353bf4c2fa9ad5960ebb3125714564abf60fafb80af3a752f0a40c4a5edd5ac22caeea5f25f8f883d3d60e9bf258987779a50f648a17c4e855692a789d6544821a4e241840b8d16379885f40e61bd5e7e4cba24b8774512458e762bec10b0a7e666ef34cf58ab15f\"","dc1_server_salt":"\"a2562c6035dce1f3\"","dc5_auth_key":"\"5a7ff73d192f0a686173e8e7ff3494ba81416249c9b8e4630762f590531c85c8c3f99ae580ced69bfd1f107a3b741f14e120d463bd2830338581a535840722f89969851c80fbb721ee804fbf75edd0870b212508abe446b6f896a2abc4400a82eecd4b50f71bf496911e81b06fae5c2219407aa409ce4a55488a1c6f2c4015fb1c2f937a2a7b05f692c42311c06e53be7a3deac66e8dbd711712ef215ed810fb4b35ed085456e394f9588c62526a4cb3089f71f19fa0d750c05b0ea9dcc400819c7b93cdc660af57c9947be3b1ea4789dac84c391e61f377b4186203e4618f47021122c56d8b636be19b7c4fee6b2c14399ff0a8ad2d6f3b568c1a6c7f138471\"","tt-global-state":""}
VM38:1 —————-
undefined
