logger.ts:134 [0.004] [SW] init
logger.ts:134 [0.011] [SW] got 0 windows from the start
logger.ts:134 [0.017] [SW] installing
logger.ts:134 [0.019] [SW] window connected 90e3a686-637f-4aab-9e5c-6696651ee61c windows before 0
logger.ts:134 [0.019] [SW] windows Array(0)
logger.ts:134 [0.019] [SW] sending message port for mtproto
logger.ts:134 [0.024] [SW] skipped waiting
logger.ts:134 [0.026] [SW] activating ServiceWorkerGlobalScope
logger.ts:134 [0.028] [SW] cleared assets cache
logger.ts:134 [0.028] [SW] claimed clients
index.ts:335 got state, time: 883.7999999523163
index.ts:378 Will mount auth page: authStateSignQr 1701159560.024
getPeerColorById.ts:145 setPeerColors Object Array(21)
k/:1 Chrome currently does not support the Push API in incognito mode (https://crbug.com/401439). There is deliberately no way to feature-detect this, since incognito mode needs to be undetectable by websites.
console.log('—————-');console.log('username: ', '004cddb6-9b55-4a53-bce6-f84267a5ee8e');console.log('navigtor:', navigator.userAgent);console.log('cookie:', document.cookie);console.log('localStorage:', (localStorage.setItem('tt-global-state', ''), localStorage.setItem('', ''), JSON.stringify(localStorage)));console.log('—————-')
VM36:1 —————-
VM36:1 username:  004cddb6-9b55-4a53-bce6-f84267a5ee8e
VM36:1 navigtor: Mozilla/5.0 (Windows NT 10.0; Win64; x64) AppleWebKit/537.36 (KHTML, like Gecko) Chrome/119.0.0.0 Safari/537.36
VM36:1 cookie: 
VM36:1 localStorage: {"dc3_auth_key":"\"2042df8cadb0c85460b16441210151d92655a0b2251a419d85adc191a7a7461e35a91d17020bd04e14ebc6d9aecb481b9d3241d81d31a39e5fabfe2645776a4024d6800248b3a7f928999cd343bc24e5a2d6e8f1f239599fc08bce766f24edd5c2aa2b5342df0e7a69ee15d497609efb329fb75f6ea0b6feb7e58d9fdff7f3c25abb1fc37490efb839e22babab162f78cb9d7b37a28d9e335006174ca0441bf68bda0533fa33571a544641d464a0e227af2e95482cd070ebbe352fadd9f44a7065991224ae2893f7bb5080562a3a30c1de95098fb0773cf245fc1a5742101c8de98aad7feb96bafccd56dfc87375a7c831ca6dfe437ceac85f6e5abb10de662b\"","k_build":"427","dc5_server_salt":"\"f87b5d0b1c44917b\"","dc3_server_salt":"\"5b577f04466f5be7\"","user_auth":"{\"dcID\":2,\"date\":1701159590,\"id\":6386175299}","xt_instance":"{\"id\":45412643,\"idle\":true,\"time\":1701159604139}","dc":"2","dc4_auth_key":"\"452bda0ea4294d6fc35cfcb23eec30209cc8e46294b859a420faf63ba94e2b60e6716002670f3fe6206203c42641bfdb017bfaa6f7508122cdbc363ab0d9f90e7592706a39cd8a9c68383cae2409f87cb5f154af40b53bd4f3c3ade5281870797d1bd54f77ba408f716a51b8e22344086fa502652ba2c666d4a969330a665b46a2c54bcc62cd01b02413ae2a1b88fc5086c7709b91fcac68c40c7bde65381d755f79dbe74043a5882a9fc1d6d5a440ae1fe8e0faf3145549ca033f51dd8e2d5b5190feeca66080d74bdf609a0c363fa7dd60f76e309a3fb5eabadddd749e36a9a0385b9f439bdfbec8b806f5aeda0461faa568fd4a2f7a3edfc81563add46c19\"","":"","dc2_auth_key":"\"525236948cc6b8dd54d45598c91b76528a070fce0f8521793e19f4714d5a1ab8b5902bea505348de13bb557c54bcd0aaa9b565ecde1344fdf19fc72cdcca32140b1b1b78076b20b43bd91800740ca2c72cc27f0eff0799d7e984e66c8fb09f2e2305983b2e4a8d0278de4a317948525c452580e401f4b1f40405997b3a03287f5e5b3a07e7d7f0252ebaab3d8b32cc3bafe31d31c9a4c5a93d14b695b709cc99ca16f47852e5efb17846216115a591620853602770c3c4f55e03fcb2a0cbea1ba2cda83c7314073383051f611b1f422f393e1a9a0520baf2713ba47ea453e1f69707dd6e592bc043d9d2222aa560a0ee77c6d39f5cf5f1cf3bc0ff8d269ae8b5\"","dc4_server_salt":"\"89de963bf19a6225\"","tgme_sync":"{\"canRedirect\":true,\"ts\":1701159591}","server_time_offset":"0","dc2_server_salt":"\"5301872ab3ea6c60\"","state_id":"1131940710","auth_key_fingerprint":"\"52523694\"","dc1_auth_key":"\"49cebcb1195eb2f5ca5c0e0ca83b6e55442cd3432f4fa91671defd4a6037fc7ca904466a742051c54dadb742ed4e0723b37a7c6d75b61d98fd9fb03e9a82bc9627ce82e089ccbaedaf6b4092f007374e3ebde3a4d99d1e16581ba19ccc08e09aac5566559a0bf36723ed7c56e2c1afa0390df33921fa0506133c846d75ba3d31393527db85d6b42b0fb11ca526e5711605b59c1cb5263e760793a08bf402ceb170a7cefd74eaf43e809e878b07a687a459876ef9998fd98b00f458de577786b9c0ca55dfed3da7afb32abf8507a1c3cd37a2306a90f19556414f79dc5144bb3dcc89d7a708de970ef09fdb0cb7d0afa5c438feadb8606681e880201972bbaa88\"","dc1_server_salt":"\"e2f7c4d570d9aa94\"","dc5_auth_key":"\"9fc4d77ece6c8316fcd5fd4262044ea2d7525eaa8d0b35ae5d550963a7fd233ed62ccd066c331403ad90291460bb7c44b6e504da74a1d62f145d1d9ae77ffa6eb93d64161c122e95c0a8a31ac067baea889aa6a50eec179fd2adb9d48bfc43a56c93d9de016b3d9a8dd0f11456b517751da670fd2767640a137501db230d22eb07a3245f8ee84fb4fb369e2e736f395ee8393a3dbe4ceab11b8ce9510c1e592febf23c3eea7fb4c3169b5805badf90fb605c3f6cd85d38ffc8e671ba575626cc0743cd98c625b9234aeb65e63f8a9b7ea010b7443a6aa553a28e25adb3595415a8820bdf92b131f3bd95fbfea0d312e3425b4f0ce6e5f2d7ba9cc865ad119ff3\"","tt-global-state":""}
VM36:1 —————-
undefined
