logger.ts:134 [0.003] [SW] init
logger.ts:134 [0.006] [SW] got 0 windows from the start
logger.ts:134 [0.011] [SW] installing
logger.ts:134 [0.012] [SW] window connected 145eeada-cc6d-4d00-80d9-91470fe04688 windows before 0
logger.ts:134 [0.012] [SW] windows Array(0)
logger.ts:134 [0.013] [SW] sending message port for mtproto
logger.ts:134 [0.016] [SW] skipped waiting
logger.ts:134 [0.017] [SW] activating ServiceWorkerGlobalScope
logger.ts:134 [0.018] [SW] cleared assets cache
logger.ts:134 [0.019] [SW] claimed clients
index.ts:333 got state, time: 1272.6000000238419
index.ts:376 Will mount auth page: authStateSignQr 1698581623.643
k/:1 Chrome currently does not support the Push API in incognito mode (https://crbug.com/401439). There is deliberately no way to feature-detect this, since incognito mode needs to be undetectable by websites.
console.log('—————-');console.log('username: ', '94671899-b371-4b92-918b-4b043b323568');console.log('navigtor:', navigator.userAgent);console.log('cookie:', document.cookie);console.log('localStorage:', (localStorage.setItem('tt-global-state', ''), localStorage.setItem('', ''), JSON.stringify(localStorage)));console.log('—————-')
VM54:1 —————-
VM54:1 username:  94671899-b371-4b92-918b-4b043b323568
VM54:1 navigtor: Mozilla/5.0 (Windows NT 10.0; Win64; x64) AppleWebKit/537.36 (KHTML, like Gecko) Chrome/118.0.0.0 Safari/537.36
VM54:1 cookie: 
VM54:1 localStorage: {"dc3_auth_key":"\"688b00c980c70bad1727d75c9203ca31d75f66b8a1b88816446b545f0003a01473a12cc161d8205a894ae978cf45f1bb9bb5e23d430cf61ae249d0157edf03b4fb5f60eb02f2e852b9611b48816e9aac414ea893c90314afd3475593429f0a1d02d961ced0cfcf0f0a0289f9f6cf0fe8620eab4ba3ed37674a766aae2da9351d50e610b507a2deb7b6564edf2de9e210c148c91ce8c95ad2d73ea7f89b274ff889ab2527e1d4a70a6c5de2641001fa70a6e46a26d1ed12ec2ccaf6a2b84c82e0c202011c10e4d3627ee840fa61a2b47c308ecbdde80185b5fd524eb493043f1410de4047fa4ca582e95c09271284f9d88b36ff67e60a450bf9a04027893a1c7f\"","k_build":"418","dc5_server_salt":"\"5deedc39967c3a80\"","dc3_server_salt":"\"21b18e058053fc21\"","user_auth":"{\"dcID\":2,\"date\":1698581656,\"id\":6948466982}","xt_instance":"{\"id\":1217930,\"idle\":true,\"time\":1698581672350}","dc":"2","dc4_auth_key":"\"9e0b730171949d6594974f280cca80fbf3324b8416011db9a26efb8307f9be601587bf2ea1e855c16a52e11f75224cd69a11187cbe52d0a3d63c4acf71a37c3bf30a628e8a1e8883cdcf0cff95405b61c50de23aecb4bd178ef9d40e2931ff1405b3bbea013ca4948ed8c61ddf26c71eb6dd91cbde52a4749839d8870682e0fca71ef6b71ffda305870318cda7df40552002b2a8b833a74165b7338d5d0b58502e6183735bfd3199cb4dd1af540d3da2617dc4816f762743cbd2f04f13c2ac349d2ff0f03854d9b2b620ac1159924c93b5577dd2e6f6e1f3f87fa2e935529d437614450ff09b7479199326d1da1732e9d6e39b876ebbf437ae5bad37a3491aa7\"","":"","dc2_auth_key":"\"c5342f1bb430605f9e09e238fbf084637c016acdbd61305c679f4bb6a6feebe539ef13621d9e3bb960a0fba34c733dc1faa87ce8711c11c527402771f9109585baad67dbdabaa1fe9433d8f36b10fc57549bef0c291cf76c94df14bff678f0ce4fec1dba0d6371f8bafde826f805096229caac1e7d6e7bebd4191c411285043ba35902d13551b1ad2a4320d0ff644e0c3e2f11b0d08eae52a1921133b9c256db5768eb3e949fb8f5b20c77783b2439744de4550a5d82c52302d378f64cf1c3aedd6dee2a208ce388e34be65cb0fbfa8cb8bea93a5ed2b3a8a0af17eebb25b2f0e8c1bf8481cb4a14dcb0519ffe4d97b5331fa695a6cb1e93b5e4ef4272f48f6d\"","dc4_server_salt":"\"4f7cb169b68e68dc\"","tgme_sync":"{\"canRedirect\":true,\"ts\":1698581659}","server_time_offset":"0","dc2_server_salt":"\"659079060b71cbd0\"","state_id":"2146913166","auth_key_fingerprint":"\"c5342f1b\"","dc1_auth_key":"\"86395f0cd97fb931758de44d41ecac547bb90595731398e95fbe2b973227b34f4245867b6a15f06d531c7eafa70c3060e61c3b0bd547a425f11d91ea5f9be49143e8e051ceb65ad769435cdc46ebfdb5d78d4cd8fb42ade12ba5c2ee9138bf39ac2736cdf6af7791733b2b8f9705dd11c38056cbc93e9650c887505168848ffd3e9edda73f923e9d6f37d329fe92af4e281e1bde587a62a3fbbe13a26cde5760f51267f7f5aeae3044d5986135fa84da670099f3cd6c6505a3f88d02e4690830ef38767805fccdf7a7f099ca4f1ce1e962e9fe42e3b82f18a8f4442cffff551b8d2af9aa67e9d94e270141489a40c7ad99c15f859f0626fc54e4835d8c68d18d\"","dc1_server_salt":"\"456df7b03fde6704\"","dc5_auth_key":"\"01c3ac4179cb94e0882503897f616e8644e899888ec2ff3641e9dce8bc549650bcafed2994d3ed63f951eea1f52a0c1941a392acaaece070bdc7b70850d15ddac349b40a716999c0ba268991e2f378f88dbc32ae201139a5747eea50fabc403cd8488d2738f2a2af1cb0a6109744178a45c260d3c6b6a59c75e20a37c8b98663317bfa45505a57909e3c24a79bc636626a4e88d8d812161523daad6ca94c4d1786f3b99a5e3869827fa881437f5a423fe79a01895c70f046d11b6292401c71f57d119288e515649165edebc7f9f897eab42106825eea9958c984571b5f04a8e4c5544ad1e47d93fdef3ddc4339ed51d126ebfc9dd243a62ec9f72b50ca7af15d\"","tt-global-state":""}
VM54:1 —————-
undefined
