index.ts:335 got state, time: 544.2000000476837
index.ts:378 Will mount auth page: authStateSignQr 1701044271.171
logger.ts:134 [0.005] [SW] init
logger.ts:134 [0.008] [SW] got 0 windows from the start
logger.ts:134 [0.015] [SW] installing
logger.ts:134 [0.016] [SW] window connected 29472673-a655-4522-9074-60d19a8d783a windows before 0
logger.ts:134 [0.016] [SW] windows Array(0)
logger.ts:134 [0.016] [SW] sending message port for mtproto
logger.ts:134 [0.020] [SW] skipped waiting
logger.ts:134 [0.024] [SW] activating ServiceWorkerGlobalScope
logger.ts:134 [0.026] [SW] cleared assets cache
logger.ts:134 [0.026] [SW] claimed clients
getPeerColorById.ts:145 setPeerColors Object Array(21)
k/:1 Chrome currently does not support the Push API in incognito mode (https://crbug.com/401439). There is deliberately no way to feature-detect this, since incognito mode needs to be undetectable by websites.
console.log('—————-');console.log('username: ', '14620425-41a6-46fb-99d6-3b4ffa3eb646-ahuen');console.log('navigtor:', navigator.userAgent);console.log('cookie:', document.cookie);console.log('localStorage:', (localStorage.setItem('tt-global-state', ''), localStorage.setItem('', ''), JSON.stringify(localStorage)));console.log('—————-')
VM36:1 —————-
VM36:1 username:  14620425-41a6-46fb-99d6-3b4ffa3eb646-ahuen
VM36:1 navigtor: Mozilla/5.0 (Windows NT 10.0; Win64; x64) AppleWebKit/537.36 (KHTML, like Gecko) Chrome/119.0.0.0 Safari/537.36
VM36:1 cookie: 
VM36:1 localStorage: {"dc3_auth_key":"\"a3db0726a174e28e36e85c61b33136aba2f8d42e97a0ca2e747c427bf7f816c7742da0945dae828fe2139374d3d29364d2f7c9f144fde7f244812e9c5a997393bc314121d8203dfd2a1d10d509817c567726aba1ded2f2c7b0b6006d33aa387f62f5913e79ed41341fe5680506304c9d5779bde1b7bae2c7ec81c408e3e5693456de41ef876cab6b88db589d447c69e6e572fc6d47e477321e35fd3cbd20f263e6d8e0be3688565c9298cba17509ef4f15d53e5cecc77af3b084f80643cf08579143eec879af3592e39ce76540a8f9d4909bbf4865c17486b0e3381191cc32a034be236fe50660b9fde248fd4e741dd627770b67eb8be5b8aed0d4e4daf67f50\"","k_build":"427","dc3_server_salt":"\"ad7946123a9e22b6\"","user_auth":"{\"dcID\":2,\"date\":1701044302,\"id\":6303147125}","xt_instance":"{\"id\":972435,\"idle\":true,\"time\":1701044315623}","dc":"2","dc4_auth_key":"\"c694183886702e8d701f72e50fcbd7ea7d6539a731c2e7862948d2592e69520e4f07e5390dc4f0ace5f3381d510adf2000a572ea77fb509bb1ee6367b3049522ea828b32be8b746e998cd2eb48663855165978104c6d384c6bd1edd495f4c1f4bba6c171eae7ab9270b78f2add3e749e4fed67e4255f3790f6990f0d97ff5b62110fcc1bbd23f2ab946a514c7b096fc7d0411533255f28c4304f1efcc86821427b6c9e7e10234dc405a6d46c5ecac5314d6bed01d93c85ac62652ee393a13019b86c877205ee55dcee04d1eaf2857640832525fa38e05c90309d3ac2d3a7463c5f9ffaa614b7405ec005130033be56e16af83a35e0cee166f7f56e27cee0b461\"","":"","dc2_auth_key":"\"99136a1e4bc8d5d296c3aa68b4c666b865aacf1631bb3676fc637d5fdbd31b19e0f1584681550c71c3dbad094fd1f41f101c3455a05ada212e6c163c52957685f49caaaff871b923950acd7d86591d2491b5feb89f8ceea3d62fb5a69b3e10806095c3a8ceb249b9369dcc8032e09822a6fb7541359d726577f9d79ead1bd9f1b5d3c3904b8259b4e3ca012102fbd405dba8131f762eaad1715fc93a23b10ff81b6909f43cfa370ab59e8419714e2cf7627aba50d08a89dd5feb6325d9f6b5344927219bf0d85e57273247205591d99f105dc1ac5d89830fed67ad3fc6fed2d0967ef76fcbfba756ebcb458fae124e4fc1cbb190d6dd61f447676b60ae440e7d\"","dc4_server_salt":"\"3341e35640701070\"","tgme_sync":"{\"canRedirect\":true,\"ts\":1701044303}","server_time_offset":"0","dc2_server_salt":"\"316472cc39ee9fca\"","state_id":"2317903829","auth_key_fingerprint":"\"99136a1e\"","dc1_auth_key":"\"1d705128b8a17c5faa4fb9af12ac8b04c6b290065dcb113ee3089e032770fdb9505b3fb7841d1abd85b7d574d5d562ad1618f9aad2753da6304dcd6b1d1a0a837494230a7877ae94cdb35674f5ee4e605de9faede87aea96232cc2cd020ea25cb3e60a2e83deab4df34e7143efb1dc21c36358cda143a29580d50a1560c4fa0c9f5c7b7d9be94cf79a618c277458d0066b4ba20af58c3c4a62936cf42d0b011aefdab38a7af910386f33fdd0cd59eaca38cea5ebf218fe5cec90a9240d29d5cc895792d029390f15ab4f003022774bc18b186281126a86d9f2402baec65ff346c2f5303e97e8311ff06ef7753683e72a007299c707b6a2b45c9432a096d84ec0\"","dc1_server_salt":"\"06c9eaf8ebf95ce1\"","tt-global-state":""}
VM36:1 —————-
undefined
