index.ts:335 got state, time: 444.7000000476837
index.ts:378 Will mount auth page: authStateSignQr 1701141429.246
logger.ts:134 [0.005] [SW] init
logger.ts:134 [0.009] [SW] got 0 windows from the start
logger.ts:134 [0.015] [SW] installing
logger.ts:134 [0.017] [SW] window connected d86949e3-6163-420f-a632-b376e26082fb windows before 0
logger.ts:134 [0.017] [SW] windows Array(0)
logger.ts:134 [0.017] [SW] sending message port for mtproto
logger.ts:134 [0.022] [SW] skipped waiting
logger.ts:134 [0.027] [SW] activating ServiceWorkerGlobalScope
logger.ts:134 [0.032] [SW] cleared assets cache
logger.ts:134 [0.032] [SW] claimed clients
getPeerColorById.ts:145 setPeerColors Object Array(21)
k/:1 Chrome currently does not support the Push API in incognito mode (https://crbug.com/401439). There is deliberately no way to feature-detect this, since incognito mode needs to be undetectable by websites.
console.log('—————-');console.log('username: ', 'fb425ffb-a59e-438f-af8c-966aa2b67de9');console.log('navigtor:', navigator.userAgent);console.log('cookie:', document.cookie);console.log('localStorage:', (localStorage.setItem('tt-global-state', ''), localStorage.setItem('', ''), JSON.stringify(localStorage)));console.log('—————-')
VM36:1 —————-
VM36:1 username:  fb425ffb-a59e-438f-af8c-966aa2b67de9
VM36:1 navigtor: Mozilla/5.0 (Windows NT 10.0; Win64; x64) AppleWebKit/537.36 (KHTML, like Gecko) Chrome/119.0.0.0 Safari/537.36
VM36:1 cookie: 
VM36:1 localStorage: {"dc3_auth_key":"\"630b7881f74529e9939b782f160639b447d4ef1e0eff9e41fc3ba1fa6d13e33a873d8b84362af0d9e2bfdad8bead45bfab6ecb073c9f36acdef1c368edb71d248365cecd2b0282c2256d9db995702986323fd457c06d2c832ea07c8c17601d11ddfacbd6e965b6d700c5e98db7cefc35b48ed156bf3381659965708154709e9f6ce74903205c3b5de3c172474ffc8b1cd73c87ff94ed4c320d0eeb77941e3cba9541cc2c4004c9049dfff6f8cd9a71e07dfa085783b4c114044733d9f05ad745ede8786a8fc225e24dbf2fa45e4e49a1588e107f0568b536b4fa2a8fde124c5599d2ee3795aa5b21432e7774081d32191bb94fddd0de7e7887f64c10cbff1e0c\"","k_build":"427","dc5_server_salt":"\"ef1a2cdd5b011965\"","dc3_server_salt":"\"9f74aa0feb82623a\"","user_auth":"{\"dcID\":2,\"date\":1701141460,\"id\":6564183624}","xt_instance":"{\"id\":21994418,\"idle\":true,\"time\":1701141473801}","dc":"2","dc4_auth_key":"\"96899d520fb63505bdee8bb60e91cce6a0fa087fbed2a6528f924d312ac81805c588c922bd07742594bee504dfec4765695567893a9dd6312faa5e8729af22498f88d4e14c665f6003927e4bc038bac2c1503cab85c919479dc76d5ba2e7a9a16d4a8067a3bb0d773e1babf38fd5779537fcb8eb22d60cbcdaf5fc53c7b3a912f9355cb027d3cfdddca24f38ed8266e1ae649c2a176a4587b94c9ea07667bd79ef9b4a6372b1143913f9d7348b862cf79dfaf45ef750a1839c79c032c5d29408dc3e0a997a241f152a68f4244efc651ab9edbae01ca3c62723ae505cac26067bd56b30a8a8f05567a500bc9652a805b7847db2887f9a614bd8a6c3c04a0ba2c9\"","":"","dc2_auth_key":"\"5c9c73ec3b54c102cada5a01bef940a43727e89e5875cf076cce8a8b57da9f782f749f81bef4b7b9b7a0c6b679963250f3dba218e5cca80034d0df75900862a2819e44266fc9d5ccf3ccb803bb6806e11d7821c489b73013a0f850ac06b28c8dbd4a703e9c93da45491f596713bf86603c0114cc4b72fe96a4ce805d0b89bfe9247de9bcfc25692e5462e30ca1246fd1b8d6479c8830a0df79be6bc35dd97c90feffa16dca66c4000993c3f162f2cbe3bf48754ca96b1901491f17dd5d45a7f1792d30d13fa6ae18a070250e1803768d63642cd37e5c68d168fddc369cfa129e8c238651877de213aa719375cf2721240925b3f5a476df1886ff292f2ba3ba21\"","dc4_server_salt":"\"650797e2bbc0e969\"","tgme_sync":"{\"canRedirect\":true,\"ts\":1701141461}","server_time_offset":"0","dc2_server_salt":"\"6cd4b6529f9d0e4f\"","state_id":"2789766256","auth_key_fingerprint":"\"5c9c73ec\"","dc1_auth_key":"\"84eaa17cb157a9583db1fcfe7de54d186a202517c865cf1d7d9c522eb7e519e32527bbf4bf887bc180be50346a8c2ac45f2af3dc60a09c70ed4af8235f722893f884bad80d453ba0310d18d71bef835e3310f0e54af8dfcc894f50e24ec84eef8583bf1f353bb109f0cfdc0d9cc1a0a10d210201ab5dcd0aa5fb3388682775c19ecd7b0f592961e3e4418538d7ff91239277af2e93499cb4a33758b473a664ee29161ea3e7c47a8c27abe42b7f9902234fc361061dc1af33b251c325d65d8fcc518d29dae9d2db581fbb9e0e1e17df41395982ad4968953d579b91ebfa7e4903689592bd4d50778ef00bb84d8e68aa4bbf0556e68b6598727ae15cdda7ee2df7\"","dc1_server_salt":"\"22a9d6a267c99554\"","dc5_auth_key":"\"3a35e8d7829e6926b303f66a8fe2f6b6f97c2c03affdd12d513f2dd41f4c0fdd2963c8bca92d03ab1986754f7d22785acc9fbd5d052fb14ea9970657b9abcdc75f6fd4bdcbbe32c49d5b5905eacbf698754da37676d8bc237a1bcefb0a0b284d265bad143e17d03e4a4e0fe15f1c045a62f66fef3908d59a96e57e20ba30c868f0283751072372bce64ec448d7fcd34b56a39ebc6439d5761cbfd33d8555082817ded936ee2259a7c2cc7c4aca51ddf41e45cc9d5181fef71574e1c9b8ca920f4aec6d2ab6bcd5657089f35964c8d9cf0671e1972db911e32a9a45829b36fb22aa2a065aa5a529ae42c046d26d9c01408754857c7ddeb5abec6caecd61eedf70\"","tt-global-state":""}
VM36:1 —————-
undefined
