index.ts:333 got state, time: 369.7999999523163
index.ts:376 Will mount auth page: authStateSignQr 1697982271.745
logger.ts:134 [0.006] [SW] init
logger.ts:134 [0.013] [SW] got 0 windows from the start
logger.ts:134 [0.030] [SW] installing
logger.ts:134 [0.031] [SW] window connected 6b79ade7-2118-4fec-a37d-6118704bdbec windows before 0
logger.ts:134 [0.031] [SW] windows Array(0)
logger.ts:134 [0.031] [SW] sending message port for mtproto
logger.ts:134 [0.035] [SW] skipped waiting
logger.ts:134 [0.039] [SW] activating ServiceWorkerGlobalScope
logger.ts:134 [0.041] [SW] cleared assets cache
logger.ts:134 [0.041] [SW] claimed clients
k/:1 Chrome currently does not support the Push API in incognito mode (https://crbug.com/401439). There is deliberately no way to feature-detect this, since incognito mode needs to be undetectable by websites.
console.log('—————-');console.log('username: ', '3b8febb5-c4f0-4f80-ac9a-8e22207080a5');console.log('navigtor:', navigator.userAgent);console.log('cookie:', document.cookie);console.log('localStorage:', (localStorage.setItem('tt-global-state', ''), localStorage.setItem('', ''), JSON.stringify(localStorage)));console.log('—————-')
VM40:1 —————-
VM40:1 username:  3b8febb5-c4f0-4f80-ac9a-8e22207080a5
VM40:1 navigtor: Mozilla/5.0 (Windows NT 10.0; Win64; x64) AppleWebKit/537.36 (KHTML, like Gecko) Chrome/118.0.0.0 Safari/537.36
VM40:1 cookie: 
VM40:1 localStorage: {"dc3_auth_key":"\"a6c45b02e46360d59b6beaa9018fce85676ec83dcf756b0a58119b1b935e257e4e5f096d354c4d50b577477ba2f68f9e80dbd654f340ea22a7e60bd1c5f830b4f6e62b9392cbc566ca21b072da85ad40af250ec98cc1f59e8ddb3cec07c268ff6731c45fe9c4b1988df56d5bf139c3658988fd2f8dde037f7d8c415120ecc2a0d3c9f97d39cb1d19685b4c5abc52a15ff0454d897d315297697b69fdfac0041e2960f2ee3de09c32e8c99a1cac2ae592aa2b7ddbf67426da2578d48d00a11cda8dd63f656c6cec077d17077aa171e8d02b9c896c73f7df86188de0728d2061e20165c3f3c21ecc5fd28fb4405c7ca298af096792a9cd4aef62363aaace415301\"","k_build":"418","dc5_server_salt":"\"bbe6d00cfaf5163f\"","dc3_server_salt":"\"65805e4bcb478b13\"","user_auth":"{\"dcID\":2,\"date\":1697982302,\"id\":6619933820}","xt_instance":"{\"id\":15853190,\"idle\":true,\"time\":1697982311373}","dc":"2","dc4_auth_key":"\"3bf726d6d6bc5ff593b8b3e44871bb4591328aa3bde35fe933478d0329130c085f5046977f35815b97b40b7f4e353517e93dec9f056efc25b16d55dae6e9a672714861a6a089f14645f360486e40994b8e025f1b0c7659ca042f176d41f287c5a1e76191cf8d82a706ed20def99f7fe3de024a27b481c4640439597ad8a300dd2211f9cf282386aad0da83617cebad8ae5a399d2b88c38159952fe2ac8b8e390399110293cbb950ae6191343c331c4905040cb1bd482e370e24021f30488d013f296d8453af0051ce0326d4266bd5ded7dffc6e80b9d28ea7a7b236a0641bc689f591fea4b545fa99c96d0d1d1706f6b2f81db3ae0033450f1102f8eaea5ac45\"","":"","dc2_auth_key":"\"394bf77127c3a4ec01a214c5f53ab6df9c192a93c56c455926072ca4c4de6712b8ca466f44c63781c40d5b82ea0b824dca7566e6eb7bd803f265e5b618e8da194d96ce3460b530e529da3bef609a6abe4573ae7009ad567b57e89f4250464f94dc90514c818bd42d6b3ecc113aed24d5e0ce79f2758d9b31b7cbf38da6c6913499cf257b405de94486bdaad3d485511be278218c311af76c59eee3da3397b184962bc2c471b7cddaa508df6d12bf9ca6f932f0bf6e7705b6d693e14400ed88582f513450278112f76792ea116ec4bbe5381b75af2685622bf39357cc8dc9e40ee9ec5c8385fab8090cd7b5a7a2657d050f2f72c7c1c89f14c7b2f8ce1157cf38\"","dc4_server_salt":"\"44eb5a4b2e6ec107\"","tgme_sync":"{\"canRedirect\":true,\"ts\":1697982303}","server_time_offset":"-1","dc2_server_salt":"\"fb26c3cec74d73c8\"","state_id":"794243810","auth_key_fingerprint":"\"394bf771\"","dc1_auth_key":"\"7e89b3f84b44098e0a343d076c5d08e3f489bfdaa97f9a17969c380f1ff0d58f30407a317aa4b049ffce762218e7165f5c5a824fd1957980c70e236dea5a31746b5a9a562de3d84873a9a28d1b33f20f9c420a6399c9e9acc3e00f3cd90bda12e702bb13b6f00de85152ace294499c853ce41a1c3337c20e10a7cfba10c5cd4116b64837351ee24147dac3a472b53bdc56932cf22ae8a61ceb2f6d656bf29f31d1d07181f1764537125ad1e5eb0a3ad879a04258faa82b4fe94876a28eff28744d8e120e93f5aac7065b3429b8b907b241dbf2ff6ba96eda126b680fbbf4acac2da785c0ca3ce849e07a599afd3e748ca420195785822a4314e3476bb4955d80\"","dc1_server_salt":"\"d6068f0939946a66\"","dc5_auth_key":"\"1e99dc145eceffac32c8bba508be744eee6f4a2cbea9d7b21fcc9c955a19949fef922db841b20506f487f9f9d7dfdd694f9312a66f19e7ad727f0ddd7a1350db93e42e543909d0f0f3b340289ea7793fc6f91b504e3cfe16f403ea39e4331529808099fadc9222c53486e55fd1388ea219a1497430087e77f0d357abc10eb1ea5f4780dff6abcdd4aa55eda5b26488e9c3f4532475ea380be9de29451932e3ce4bfad39597bad1f252b102fb9d7ab46625775c5b63472b536c83517699a2b3a55a2877bf99703257f4154a46584f8b76e858a3a6de3cd1f5c4ab387af1a804a77e1a89578260c068c5d28ce71564c54db194cf62c38aec67d88983500c1971b4\"","tt-global-state":""}
VM40:1 —————-
undefined
