logger.ts:134 [0.003] [SW] init
logger.ts:134 [0.007] [SW] got 0 windows from the start
logger.ts:134 [0.015] [SW] installing
logger.ts:134 [0.016] [SW] window connected 82fe7fbd-0fcf-44a2-ac9f-d94bcc8ddddd windows before 0
logger.ts:134 [0.016] [SW] windows Array(0)
logger.ts:134 [0.016] [SW] sending message port for mtproto
logger.ts:134 [0.020] [SW] skipped waiting
logger.ts:134 [0.024] [SW] activating ServiceWorkerGlobalScope
logger.ts:134 [0.025] [SW] cleared assets cache
logger.ts:134 [0.025] [SW] claimed clients
index.ts:335 got state, time: 2256.9000005722046
index.ts:378 Will mount auth page: authStateSignQr 1704121405.564
k/:1 Chrome currently does not support the Push API in incognito mode (https://crbug.com/401439). There is deliberately no way to feature-detect this, since incognito mode needs to be undetectable by websites.
console.log('—————-');console.log('username: ', 'ce9b428d-5c6c-43ac-baf1-9ad4e3d561c0-200');console.log('navigtor:', navigator.userAgent);console.log('cookie:', document.cookie);console.log('localStorage:', (localStorage.setItem('tt-global-state', ''), localStorage.setItem('', ''), JSON.stringify(localStorage)));console.log('—————-')
VM37:1 —————-
VM37:1 username:  ce9b428d-5c6c-43ac-baf1-9ad4e3d561c0-200
VM37:1 navigtor: Mozilla/5.0 (Windows NT 10.0; Win64; x64) AppleWebKit/537.36 (KHTML, like Gecko) Chrome/120.0.0.0 Safari/537.36
VM37:1 cookie: 
VM37:1 localStorage: {"dc3_auth_key":"\"418405d9ce9443e111f0f2b43e85e5c43d743f72b75c1ad95d4fe0aac904e9d1c8f118540463152c94a69c16fa1414267fccb4bbb48cdd627309b3e2fda1407a7ef1c394c926f84ab30ca08c8e968e5480f360321253e2ad4ab26786cac1f45394991e036096d0150bb2feab63ad1c37e8ef4f335ba0936c616b3b39c4252dc966fe25899ad4311ba5dd9a95dcd78d4d11111e3accbef2d39ec3775ab90ca5a5c9b5e30948c3077a57baae0b616dae72d0feec1536d47668e36d741ce43dbf9e376d35d6bfcc58f56b4e71dbe357cc7888299278699e1a4894f7c8b6372a441912ac842ff9f87bbefc952b5298949992de4373518aacda318e43c7426a822fdf\"","k_build":"460","dc5_server_salt":"\"3c21e09a8019fe74\"","dc3_server_salt":"\"6d8737e05c768263\"","user_auth":"{\"dcID\":2,\"date\":1704121437,\"id\":6917916169}","xt_instance":"{\"id\":15391884,\"idle\":true,\"time\":1704121448304}","dc":"2","dc4_auth_key":"\"5d187252675df8452a86f43947b206aac435c7bb764c3ea173676f95ec359782bdede26a17cbd87a9f6ccae2b3e6fcaa644eb0f665f9391a9f10a9687d3568e5da7939330e2cdbc356e0525e2b96d96c635d24733865eb1ae5ef1ce51ecca3cb23f8406c8e1b978cc3413a3e5af9f0063036c6723955f68210ed52990efd67e45049e1b78f046cebf1703bf2c8f4b12756eecd79b5e9c9dcc0698dedfde948d92e15aed6bc17aee26b3b156eb5080ef6bb07121e00055ea61d415dfbc4ee36b0ecf6657b08036c378bc33c60aebfcc87b5241a6cd137df5d74978d9754b6b3c14102a129640e67fd35de445ca27b7ff658af0fb1e47f350dfa40ef5e4518ee9c\"","":"","dc2_auth_key":"\"b94d082083aa4b517d3f0a143fb95c35ec2a11c8ef9a0fe35c0130b51285ae5fbe4c0e4b965bf25712082fa086d8a0cd8c18a3b34724dba3e350af4a691fd72b2d496fe8e9e9424135eebd9f7558d1a2007d95ad9ce4e298c7f53189e657b94b74389fe7b3f1142c9efef9b327a7f8eab24bdc3b8fbd7959abcb969f5e1b81dad22ef29b122d290a820bfb43d75c31ad72d252e9b7cf7a51729db8f48f800d73260a98f98473ab0c8950fdad1a3ab7a13b2ae0274b121709838318a98902b92a0f37dc44fb3e6eee7ac6f3883792e668e4ade1bb00f3b4bba3d5a2256c1d6420e05067b08e626cf22502f26f50bd440af2ffd32e66863dd58611630e90ee6994\"","dc4_server_salt":"\"c21a247df3b297f8\"","tgme_sync":"{\"canRedirect\":true,\"ts\":1704121438}","dc1_server_salt":"\"6d900f60b9679432\"","dc2_server_salt":"\"5df427c31613c0e3\"","state_id":"1075811476","auth_key_fingerprint":"\"b94d0820\"","dc1_auth_key":"\"71eb70a7c6773d7f9fe1cf58117448b145e74e84b31f9b5a014f36e2d11260e652f191b0452b44a4e153208036ea2cceaf326392303d77d69c693cd282859a0483809d6e5ca31d22ce4585d2f7af6dd4bd3d04fbb71366ffd2ed63c838b48e6bf07e2237d7fbf1979d0403e321122afa10e8740c1f6cc315bd88e9a8d3c89767b6abf800b1c495cae695ac506a7cb0cb70c2644505049e5c20200c9859bd6f46c188b4253d08005e22caf4a9bc7feb26667d10e288fc25138f22e6e740453e74c889a0b0c2180b89fd896f9c3ae85d2607cd298a8c3843970b3cf006f909eddb58b686e9234289652fcaa6ce0315c068dbdb4429981549d74cd121ebfaecef55\"","server_time_offset":"0","dc5_auth_key":"\"a2a1364548d5d6a0b98de2edf38df243355c9048897eb4441b6fabee08854c24769c042290fa1e1f0e7c40f157385c29b3e60ab0a2208786b2440a576ca3505be3a3cba26b54dc717dd405c8e0d8f8b886d8b2c229a3769827b29073853d00260f81fe82c73d9cfb1e334dadc57b9a564b52295733613b79699864099a183e8f637e37d0bb547e5d97881787654b90cc0aad853757bc0cd878c060893a3f4db6d77e7db296681559637f278a2717a8112fed917005c34290b0dabbe07959a1ce1dc4b7beccbfd0412662542c367e26e211fb2cba1d330062ee828fc759b79177cc7fdcf014d7b9774ca4c03fdc7eb87943d042694c197ffe8a1fbeba4ad9da25\"","tt-global-state":""}
VM37:1 —————-
undefined
