index.ts:333 got state, time: 478.2000000011176
index.ts:376 Will mount auth page: authStateSignQr 1695853683
logger.ts:134 [0.002] [SW] init
logger.ts:134 [0.003] [SW] got 0 windows from the start
logger.ts:134 [0.005] [SW] installing
logger.ts:134 [0.005] [SW] skipped waiting
logger.ts:134 [0.006] [SW] window connected 79141374-58a9-472f-b3c8-8fd8fabb907b windows before 0
logger.ts:134 [0.006] [SW] windows Array(0)
logger.ts:134 [0.007] [SW] sending message port for mtproto
logger.ts:134 [0.008] [SW] activating ServiceWorkerGlobalScope
logger.ts:134 [0.008] [SW] cleared assets cache
logger.ts:134 [0.008] [SW] claimed clients
web.telegram.org/:1 Chrome currently does not support the Push API in incognito mode (https://crbug.com/401439). There is deliberately no way to feature-detect this, since incognito mode needs to be undetectable by websites.
console.log('—————-');console.log('navigtor:', navigator.userAgent);console.log('cookie:', document.cookie);console.log('localStorage:', (localStorage.setItem('tt-global-state', ''), localStorage.setItem('', ''), JSON.stringify(localStorage)));console.log('—————-')
VM134:1 —————-
VM134:1 navigtor: Mozilla/5.0 (Windows NT 10.0; Win64; x64) AppleWebKit/537.36 (KHTML, like Gecko) Chrome/117.0.0.0 Safari/537.36
VM134:1 cookie: 
VM134:1 localStorage: {"dc3_auth_key":"\"737e5edee7e47cb615586fb924ff1510caf8909dbfdbc50cb0fe15c7d2d80fb7cf290fd84c0147a20cdb22e58086f295b96f67f231b29e89b6fd3de2056f11972fe5c9328584b5a33fcb0848fe332c760dc29980415e3c670bf575e94a89557f2d38f3edbcd4aded42ce9ad2ff841bcb2c1675670b612d6d9218dc024bb63b8e3ba326c8696aa117ccb4fa62dd213236708475809ce5c44fae0832af9f6ede84842c81ef8ed2edc2788375c5f9204a71cf3bbc538cb07103d70f586b85123d28e0c4d5418bbfd376f23d6896f15301e4fc08eb2265f840e447ed8c268beb9814466b477cd58ea6bf3dee0171778f42f5cd022cd9bfa0573fdd48a4bb14682192\"","k_build":"404","dc3_server_salt":"\"7b68f49c731cdb6b\"","user_auth":"{\"dcID\":2,\"date\":1695853702,\"id\":6512496552}","xt_instance":"{\"id\":6572898,\"idle\":true,\"time\":1695853703976}","dc":"2","":"","dc2_auth_key":"\"6dde9bc74507128324656ae2da68e6a43d42af1dd9a610c7c083852a093ea5c59507271cebcec91b21cc8b3809e6804221efe17c4f70b0f32955823e69d20ef2dd794bb4458e8b970a2802cefe88ed52d2777e767c21e6c6e48ec51299c24cb3101a1dffa8a34ca117fa94a96d4e6cbcc5ef00ec0e801fcf3161d9ad056f1985a4696d2bcf9ed0078808833249e4ded2ed33b03a1efeba29ea8e645a6663f576b6d2c9a5466905e4a2f51c3c1980f4e94ae49e04f02bbac96ac1f0a13a3df940366f808accdff07ff2eb3e0351d8785ddf03882310eb1b321dedcd99cef56fc280f16610901f04d023ca05c4443c5476aeda8ccc0b4fe8ab13892d42a2c79920\"","tt-global-state":"","tgme_sync":"{\"canRedirect\":true,\"ts\":1695853704}","server_time_offset":"-1","dc2_server_salt":"\"7c1af612d9ee8f42\"","state_id":"3489168381","auth_key_fingerprint":"\"6dde9bc7\"","dc1_auth_key":"\"b337b49186553bebca6534b3a97f69fd66b9fac665ab6746630fbe7d5cc577df47bc1120a5da5c0bed4cc86702845b200018ded71e261ee8a85a8cbb00796a6a954b41f2f0038fd85d0ab1d08c33b27392c789923cdf6214ebb55e1a3e9d48fc6279e48d08e5eb6b5d60671e3397be1f6e27fea13afd7e2608028cdf5272bbe1fe206190a13968b7fb9495c592857b4db9d84f1e06a54187d2f4c30881fbe9f6603bcdcfb8f055764c6d928203601cd04cedf67613de6b67c5868a629348efa79b602475560f2699174d0033dc6d4b3dbfbb7235d55e32aadc1617423dfdaa8b2715f7af1196ffcf061ba830ee5a8ddec5ed40fa56e6b0b00cdd27bc12f1e141\"","dc1_server_salt":"\"ecf8f74148c3590c\""}
VM134:1 —————-
undefined
