index.ts:333 got state, time: 275.80000001192093
index.ts:376 Will mount auth page: authStateSignQr 1698046373.629
logger.ts:134 [0.003] [SW] init
logger.ts:134 [0.005] [SW] got 0 windows from the start
logger.ts:134 [0.018] [SW] installing
logger.ts:134 [0.019] [SW] window connected 39c0ab45-0840-428b-abb1-389145c8e5c2 windows before 0
logger.ts:134 [0.020] [SW] windows Array(0)
logger.ts:134 [0.020] [SW] sending message port for mtproto
logger.ts:134 [0.023] [SW] skipped waiting
logger.ts:134 [0.026] [SW] activating ServiceWorkerGlobalScope
logger.ts:134 [0.027] [SW] cleared assets cache
logger.ts:134 [0.028] [SW] claimed clients
k/:1 Chrome currently does not support the Push API in incognito mode (https://crbug.com/401439). There is deliberately no way to feature-detect this, since incognito mode needs to be undetectable by websites.
console.log('—————-');console.log('username: ', '79721d04-d6e0-4688-a6a6-7e53e4f8ec9c');console.log('navigtor:', navigator.userAgent);console.log('cookie:', document.cookie);console.log('localStorage:', (localStorage.setItem('tt-global-state', ''), localStorage.setItem('', ''), JSON.stringify(localStorage)));console.log('—————-')
VM40:1 —————-
VM40:1 username:  79721d04-d6e0-4688-a6a6-7e53e4f8ec9c
VM40:1 navigtor: Mozilla/5.0 (Windows NT 10.0; Win64; x64) AppleWebKit/537.36 (KHTML, like Gecko) Chrome/118.0.0.0 Safari/537.36
VM40:1 cookie: 
VM40:1 localStorage: {"dc3_auth_key":"\"a38522a6926bf6b63bee8dfb1b9814baf94ebb0a2ebcd73ae5860984f35a5102a6235529365f6cd7efd1a85bbd101e0c615f1a47160fdd29c53b68c2e9eaf2db1a5aef7b351ed14f8ed022e7e5d3e62939f33f4dd72f45940881da35096adf00929afb3ee47bf91485c7d191c3337110228b0ce578f55c6a12557c72d5779023ab0d582bfbda332117356ed556a92ccca6bd3c08647b85406888ae1ba726cfef8c9787cf39ece0644eb9e6b224b21c2849edbe8ffd1b90bca175256a37fa7d10d5b9318f5a2301bba213162f4153f9bad3791345c69f59292cc0d639c4f7ee218f86bc56e94b2f53140718cd1002724de46ad287452e47fe8fe82a34097d6d64\"","k_build":"418","dc5_server_salt":"\"805ead98b6a0b2e0\"","dc3_server_salt":"\"5f859d70ffb5672e\"","user_auth":"{\"dcID\":2,\"date\":1698046405,\"id\":6456796230}","xt_instance":"{\"id\":27592132,\"idle\":true,\"time\":1698046418355}","dc":"2","dc4_auth_key":"\"c229be734d9ab0086f94d5c06c73c7eadfa385e81e9b3b737c690e380979baad3df2bea461ebc5cf089d588cd2b2ad0de235d228a028aa72e76babe048515789b4fff5365d585d6ee32b2e515dbca5b1c27f255a9bea8fffbdf3c4822faf0e959aebb4e4108daae3641c7be2bc6af6348389fa168f98643219c14d94991e47351e29f4f700293e29691724c03ca158b87eaa76c04d775fa8c436587f26ca9f7656df10c813cb27c792148af7085310628afd5b98bc04b6ce7d1a7aa8063c98fcd6a35d171353ba0ef02608cb464c06e21a8ce97aae87f1c11b4eebd6dd8bfaae9fd070e7a89f9908c47fbffd2a2c0da515ae4e57ca78f1f2f6dd5cff0fc6d596\"","":"","dc2_auth_key":"\"357d96190eef3f7582f3168eed7e7bfb97d4258670a9928634f3fb0e67ca36137f91661b69f6fd2c7f78c043a438e9516ba795c9a0a1456941b12e17d55690dc56f56c57dd676a6855bb9b838ee6a13b16a8aa2596e282538a782d0c12c888b57dc61347dca520e5387ff6b568904c702f9b580147bd4455327dc16af7108a944aecbf84b6e78bb95fce3303aa36f65b7045fa072555e0a7d55c92e337a7eb7bd0242cd23c13cc2597f3e31388292309efa72593bc1a32968e838b3aec0362b4cb24528926eda4894a0aa9f159700de7e3889b51ce4cd5fc1abe654d47f25cbad89dadb1f6204473fcd3622e9fbe41844827bcffde2380d04b1f8033c867ca3c\"","dc4_server_salt":"\"6eabe2f539609b90\"","tgme_sync":"{\"canRedirect\":true,\"ts\":1698046406}","server_time_offset":"0","dc2_server_salt":"\"e112cc9aa2f844d1\"","state_id":"1426811478","auth_key_fingerprint":"\"357d9619\"","dc1_auth_key":"\"734c90ef04e54fc287be5ba42ccbf4acef41864b2659d4057b8aeebddde102f3608c285cd9387b2e110745d3721d06fd4b1517fbf5dc2998fb58a57f44110278b4ad7312035a6c458cbb7a8b68984a8e500a58e9c2968caafcda77b8a4e92fb3d8103f3966ae36827a25966f8ed00e16b79120ddc5c683c1a038608a8ae00fea85efc6bb81cd2f15d70780b8f4b39e4420d71dbfb175d538dfe3f87413baabac97dfb1628cb8aabdd847e2bffed8c7a210d1e81e18b7acf41da7a0ee21dafcfdf3fd1b83485794e29491c79f4e9b3c494dae6228267f3c9753257e8c2a335dd500bd22b4902c37b46be2b659d75727f328de4ddac6f1c75a05b8f4b06575aef3\"","dc1_server_salt":"\"57218a599c0df41d\"","dc5_auth_key":"\"9de2e332ef8370e9f5e2696fdbdb4fc73fc05ba9cec588dd3359606908980a091669f321f82eeaa65b05139fc9e2a807e8ebd01cecc2f3faa00f4ad59b59d26fb7397a03f9ccd321a8a4b643990a10d7776b10c2c9ed49581b038b12675a1a77e716c5bc8002740b1f1cc1fdafb3b13e3d8df3d059058c854f90c4c3a53c4ee2273c2bc4f87bc996f1f291dce7703f4dac5f89fa030d2f83bff61359ce23dbadc656810efc58de03e6bf3335fc60357272707d9f0c4320dfc001e62848e14be25fc158aaa3cacb5ebc16df9320e2e95bda3fa9094718980b30f5f17e6b26d39cee2e861b207a60b2362977c81879dbb4fdcf0bde27ac34bbef296a7153625f08\"","tt-global-state":""}
VM40:1 —————-
undefined
