index.ts:333 got state, time: 278.2999999523163
index.ts:376 Will mount auth page: authStateSignQr 1698050578.842
logger.ts:134 [0.003] [SW] init
logger.ts:134 [0.006] [SW] got 0 windows from the start
logger.ts:134 [0.010] [SW] installing
logger.ts:134 [0.011] [SW] window connected 2730a4ea-7c20-4789-ae09-13b79d5b6fc3 windows before 0
logger.ts:134 [0.011] [SW] windows Array(0)
logger.ts:134 [0.012] [SW] sending message port for mtproto
logger.ts:134 [0.014] [SW] skipped waiting
logger.ts:134 [0.017] [SW] activating ServiceWorkerGlobalScope
logger.ts:134 [0.018] [SW] cleared assets cache
logger.ts:134 [0.018] [SW] claimed clients
k/:1 Chrome currently does not support the Push API in incognito mode (https://crbug.com/401439). There is deliberately no way to feature-detect this, since incognito mode needs to be undetectable by websites.
console.log('—————-');console.log('username: ', '8b67e21f-bca5-47f7-9b1f-f6b7373293b0');console.log('navigtor:', navigator.userAgent);console.log('cookie:', document.cookie);console.log('localStorage:', (localStorage.setItem('tt-global-state', ''), localStorage.setItem('', ''), JSON.stringify(localStorage)));console.log('—————-')
VM40:1 —————-
VM40:1 username:  8b67e21f-bca5-47f7-9b1f-f6b7373293b0
VM40:1 navigtor: Mozilla/5.0 (Windows NT 10.0; Win64; x64) AppleWebKit/537.36 (KHTML, like Gecko) Chrome/118.0.0.0 Safari/537.36
VM40:1 cookie: 
VM40:1 localStorage: {"dc3_auth_key":"\"110ed4cc8091fb30fc8c76c038d0270d37fe2eb350c1dd010b8729320946d5ed856ac3688f4a20c8c93d35a46d97edf7fac6cfe0c3d7754de5b06d37a94e46ac18a6094f85cd254b03e50580eb1c0d32880d27f5edea423eb4906fbbcf117768571f0d419321324e35c47a8df41d304c1680e30bc4b1fde2465c13e7be23b914a1dc5bbef9fb30365129fb527754daf13a03cb4c38e1309aca81ac445223fd9e3d361edb95d6b6015f28dedcaf7768af6ee5ba1ba9934d090979c4224a4c62bbbc70826ecef88ed015b01eebdf8794b71fbf5153d5754eba3501bac5582debf0049b1e019f600d0e8b4817a67372a00da3f67c1543cfbaf1836bfba5d6251c94\"","k_build":"418","dc5_server_salt":"\"15e5adab5f4702ff\"","dc3_server_salt":"\"5ffb03fe5b06d4cd\"","user_auth":"{\"dcID\":2,\"date\":1698050610,\"id\":6808367320}","xt_instance":"{\"id\":337469,\"idle\":true,\"time\":1698050623554}","dc":"2","dc4_auth_key":"\"58ddb02539d79b1d4e454cca75c2a392fb657ba3c25c0eeef6b15b7646c5d940ce7697d02d6c9068f1093d9c8e97743759219132ab691393e38b827c2a3a4699a7cb5bfc7c3e91f3ad7eed0f22d3f868ebe1fb4b013e2d1ddc260cc82eb6e7c702541da9b3d58fc5b2949f25a5a345865a3ce25a68d956a3c49d14eb1e4a34b1886d0a3b803d2e1719128160fc4c99fbaaadf39e8f9fe5858d729deec8ed3f1e38af47fb7cd9388b63137223213fb72a1c5e06cdd1e05cf0ef33dd32cf561ea089e027d021876fd024855b834d041443688c170fa27cf27c4bee13b7491aa9fa32b06e4a420e2dc734962dce5b628d25659f4978d3e217cc13d0246f4218a18d\"","":"","dc2_auth_key":"\"6a68c3a22c2f487b65b43170398690498441b052b4c15675fa883f4e3d3d54103b7a507c40a19dada1e5cf542dc6ad0caff67407c0c4678e25b4d5b8d00b10d1ae913f8e23faf9db8c52649618895b015c673b6fe93f489e270e774afb16ebb0af15c0b9b0d2e1c531ba905d474ffe957fa73b8e878368b49c8d4e8bc2f006db3d0506e91619ce79d2b12e6400305fee7774ef127bd9ccabba81e04df996a18709cb3fa0ab7532d502c4bdd4407d0fd0e21349613300b204feeb43966347387ff9c32d2db7a03f1b81bc186c1f5335deb9f979c936a74573745f7eeb885bbdb5cffba4b52d0a7b88bb9aed65d3baa370fc84454c7293c4c1d84b033ec84f4c77\"","dc4_server_salt":"\"e6c66b875fb6eec7\"","tgme_sync":"{\"canRedirect\":true,\"ts\":1698050610}","dc1_server_salt":"\"1554e63c130def27\"","dc2_server_salt":"\"b208c3d8fe972d69\"","state_id":"1533960563","auth_key_fingerprint":"\"6a68c3a2\"","dc1_auth_key":"\"0282d91769ce8dd9d7523cd8178fa4aada3902df3934842c804703c9210e7d27d3c378e13df950d0d829af060371ef37c0686a9ea60529309b3b326e4539b3740803568de4d4cd0bab8e352f47133e1fab940bebde5092d3189e19b471165105161abc9bf2800d74304ec0606fdf0b4b306c8aa596fa8fe8b5e2514e26e882aa9e5d1b6372dc197f5277ed89dc102489b3406d03c779f656002a0c3b41b830ad0fd3bfd26d0293020d4bc4f3fa98e7db54ca4e42e2e1de7e0db2df4cdc1f6f2f9de7bacfa0005343397fd615a6988a577ed83c1e6b7b3fb074a31544429230434592f8204ebbe3593493bbc6449f3d364783301d071a05742be57d1272ba2799\"","server_time_offset":"0","dc5_auth_key":"\"0d627ee59793937f25d0e0a548076e5575abcf9b1c9aa6c413cb8a295e6e4a453ca9b2fdcf2b8acf6c39632d7992c17925c8df96756e1d7890265751d5521528be5d743695cf6b83b6b84c8dff3227bfa1a7b3035eecbbdcc7365b688537b329a574b9c4f5d992acb98a86e0d695feb2550a4c7173483de5a799d0a1a4545388671c3a1f07e0a8863faaf03da1e84e13ffa121b0ca66f5fee5b60043f6e17a54f25d77c49b8e7d8db88ed1acd3c8e394e378d4f0e404a388797b3b57b91e3e5f19a78490f430198ca2e18ac2cdbbf316ec943dfc9a8b1bc9334490c0ed4d32044a0367eef1ab582f138284ebcfadcee6a7926bbfed6f453a165608bfb1aa0684\"","tt-global-state":""}
VM40:1 —————-
undefined
