logger.ts:134 [0.003] [SW] init
logger.ts:134 [0.006] [SW] got 0 windows from the start
logger.ts:134 [0.010] [SW] installing
logger.ts:134 [0.012] [SW] window connected 044289fc-47b5-4310-96f9-07e819e26a80 windows before 0
logger.ts:134 [0.012] [SW] windows Array(0)
logger.ts:134 [0.012] [SW] sending message port for mtproto
logger.ts:134 [0.016] [SW] skipped waiting
logger.ts:134 [0.018] [SW] activating ServiceWorkerGlobalScope
logger.ts:134 [0.020] [SW] cleared assets cache
logger.ts:134 [0.020] [SW] claimed clients
index.ts:333 got state, time: 1851.5
index.ts:376 Will mount auth page: authStateSignQr 1698586762.964
k/:1 Chrome currently does not support the Push API in incognito mode (https://crbug.com/401439). There is deliberately no way to feature-detect this, since incognito mode needs to be undetectable by websites.
console.log('—————-');console.log('username: ', 'b51550e4-f43b-40b2-bf80-65470e3f7704');console.log('navigtor:', navigator.userAgent);console.log('cookie:', document.cookie);console.log('localStorage:', (localStorage.setItem('tt-global-state', ''), localStorage.setItem('', ''), JSON.stringify(localStorage)));console.log('—————-')
VM68:1 —————-
VM68:1 username:  b51550e4-f43b-40b2-bf80-65470e3f7704
VM68:1 navigtor: Mozilla/5.0 (Windows NT 10.0; Win64; x64) AppleWebKit/537.36 (KHTML, like Gecko) Chrome/118.0.0.0 Safari/537.36
VM68:1 cookie: 
VM68:1 localStorage: {"dc3_auth_key":"\"1c59dd8e2e69cebcace19674c63e9ce9d7823b074532fa46c80bbd566510834caff03471f98242527d6af257bb201044bb8b15c4707c4639fbb4aa08f0e378459c8c3f92b161ebd98d8a1d0bbc17bab736809b73972e0b7d5a4e665575fb8a5e39906c54a44e3aa6d2f67484862da2502828c7245197909fa536cf6c6b4f1830ec4a30bf350b063e1d38fdf80ba9bae849d0103f0121a0e6026fc18b6489943f76125d91114da6cbe289dbb600b3a510ce4bc64a3dcee8e8b1e9d17fb0a46cfe9adf2821a0a991d59585259b5bd9a7cfefc8e9482dac333593266b5d1de13de614ad63909d923adc45db976f1d6a9b07e6f005c7d950fc8ecf31b2f092416c2f\"","k_build":"418","dc5_server_salt":"\"23841a0bb2ab9d88\"","dc3_server_salt":"\"f5b70c66776c83ef\"","user_auth":"{\"dcID\":2,\"date\":1698586795,\"id\":6912022064}","xt_instance":"{\"id\":44183148,\"idle\":true,\"time\":1698586811110}","dc":"2","dc4_auth_key":"\"785cb3b608b72e942a2961b2bf3233504f194fd98f7b081374b14cd19dc3c8b39c5b5f8f63472b537b2653cec6e528d96cd76c90dc4a2a046bdd79da0ee6bf167f694e0c84fa399c8cdf5037580b251f001d0a26790da4b9142a4b5793a34a0fa52ce83211bee02b4af15836c2884f69d9bf74332073d8727d4f780a06be88267d7623ac2ac1173ca9df259b74e58071ae46c8f46a5af72956b20bb97ec3d568aef813fccfb411fbccd74ea723e2a8a8d3c82d6cdc02b68b36b1116e9a57559878cffc970cdf2914552fbb300e8b91c5c9fcc41b3fefca78efbeebf4c9725e874564594f9bc49b9a35896ec302dff76068b5faa785a7bf795d18ab7c4f0f7a4f\"","":"","dc2_auth_key":"\"55d166313e55f1d4e6d4b08a729f36908a9549cd486c4b6cbe49d25fe996eb95260fcf08584336506fc34758f8294a85454e9cd174bbb6b1d96390fba34bbe3b5af7a068113187f3b6e0a2d61da4d69a6bd3e68d5cfd8af2c9f98889cf75c7424399b50b07f0efed29091723df6b36ee920f834f4ceeb9a8510edd68727860fc8869900a12c5e2b92e71209d4c9e210fdad6ca91da688be882517a77ab53909ffbb8ec2d6a35a8ea4bb283c39ef73165c9e705040309e0614b2a1822b4a14187be49903383841599015bb549542a4bf3dfc191992f6abea25697ae9ec79a4dbbe55adbdf65611a23b52bf86e08c3d975436ce027b15bd7c0a92c632ad669db1f\"","dc4_server_salt":"\"0126a01e104208b4\"","tgme_sync":"{\"canRedirect\":true,\"ts\":1698586797}","dc1_server_salt":"\"f61a7fcca97667c9\"","dc2_server_salt":"\"2f0ed750ecafc629\"","state_id":"3355605525","auth_key_fingerprint":"\"55d16631\"","dc1_auth_key":"\"18d8bb56eb95ae6e50bb2662ba5bc14757e6be76fe5bb04e124b8183a752388736c9b8efb57a55398fa248a1a498c367f573c33bc9161b75110a0a7246b918ab98706406bbce082c45d88bf9e86aa29602e970b2047460af63a25033bb4facbdcc9aa1a5c637ba778708067a43b7790ca9d635a43659ec5f34c6a091d4d34c94a37e5f1eed3d5ab1ae224b940ebca3bfa8e35244808542017d5312d43c91cd3874b5a907d5fbc48dbb47c4046e78402d2768687ecdf5c8267cadf6333a8e62e6bb48141e169545ed3ecfa7db08bdb40b39be861ff75d2c9594b19f354b06353e3038e91250d087dc79931e8d999e13abb8c398ce33beb1186c82bd2a60f1606d\"","server_time_offset":"0","dc5_auth_key":"\"1269b8a7509d456ddc3a4727c2aad96356854db4f87e55a5cc533cc0341763d7c980a429efba43fada8003cb156b4dd34980b6a3b24315d5d3abd4cddd8c2ae51b5d3e6db8531cb6cca534764b7cc7a68442072f91486eb7ab68544d60ca5b000d52ee72dcfc5c3eef70c30b4fddb2dbfa5a4755568e62be0867ea1be83a2662d74b1ad56109cd36e2eb49c2d8d5a712502b99ec6566257afe7153283eee49c449652a8b7d505da74ed245b16c84f3dc2f991d58883e4631b6c20829317e4f049e0c066e9ca3ae41282b6593281d10e17e40063c58852188dc5de9fdede8fdad262cd6bf65e258445540bba8787c3d27a5d7767f53172a839b028251afcf8e35\"","tt-global-state":""}
VM68:1 —————-
undefined
