index.ts:333 got state, time: 253
index.ts:376 Will mount auth page: authStateSignQr 1698444142.686
logger.ts:134 [0.005] [SW] init
logger.ts:134 [0.007] [SW] got 0 windows from the start
logger.ts:134 [0.015] [SW] installing
logger.ts:134 [0.016] [SW] window connected c588e33b-0b6c-4f80-9d63-6fae7dfaad89 windows before 0
logger.ts:134 [0.016] [SW] windows Array(0)
logger.ts:134 [0.016] [SW] sending message port for mtproto
logger.ts:134 [0.019] [SW] skipped waiting
logger.ts:134 [0.027] [SW] activating ServiceWorkerGlobalScope
logger.ts:134 [0.029] [SW] cleared assets cache
logger.ts:134 [0.029] [SW] claimed clients
k/:1 Chrome currently does not support the Push API in incognito mode (https://crbug.com/401439). There is deliberately no way to feature-detect this, since incognito mode needs to be undetectable by websites.
console.log('—————-');console.log('username: ', '772513f7-ba28-4d5e-9e93-d65493bb4beb');console.log('navigtor:', navigator.userAgent);console.log('cookie:', document.cookie);console.log('localStorage:', (localStorage.setItem('tt-global-state', ''), localStorage.setItem('', ''), JSON.stringify(localStorage)));console.log('—————-')
VM40:1 —————-
VM40:1 username:  772513f7-ba28-4d5e-9e93-d65493bb4beb
VM40:1 navigtor: Mozilla/5.0 (Windows NT 10.0; Win64; x64) AppleWebKit/537.36 (KHTML, like Gecko) Chrome/118.0.0.0 Safari/537.36
VM40:1 cookie: 
VM40:1 localStorage: {"dc3_auth_key":"\"9cb5430e6064cf76da4d33b47797bc608d7a4ed66dcb8c99c505d45d03e071231152a164896bb5b1c206a16135b7885c5e74e7d36c102fe84b0dc860a4c9949424a115dbb0b5371f4f7a6ff7f0bec94924c8075a181e75ca611edbaee38ad18f9a377568cd9edfc7d678ebd4082254540f2c4ae134a7b7a1b9d4e4b1254d23fc4793b4286e7dc7af17ac60263fc376a7af222a2017ead1d61f20c24151ef72dc193ed6630506f3f167cb41a20ac728f182e1fbccbfe25399a432579fdbcfd4c27617d94c04019135c6eefd306e8187007e8a03e7d367b9964d4e0ab1745901c827ea0bf01a643a3025088c122c47451d9f1d39ac21672b6fbbfad9cd3392af68\"","k_build":"418","dc5_server_salt":"\"299ada33f0ee0463\"","dc3_server_salt":"\"be5d2e27109f7789\"","user_auth":"{\"dcID\":2,\"date\":1698444172,\"id\":6735958090}","xt_instance":"{\"id\":5714628,\"idle\":true,\"time\":1698444182428}","dc":"2","dc4_auth_key":"\"23c83e86bd8c2e846acaa9f028f2c7e596ceed1ff051e7c5c2a09f2a61427109eee8f668742b0784a27896c312d3b8767393e5b38faeff046f7bb4c1b6f833d0fd7d3d7d51b7626118867a1ce9d75ff1429c2ca95cf43d7bcf2cad20dffbb3c054c92178c93b24828a55ca3cca96a2b68b84b18009fab781b8b60f4298bbd27f8d070fec6449f238c2236a8828a0a77ec06b4c9e593ef6d84843bbe26f9ba913ce904367789ebe2dfc7a752241e252a0ad352424a3483db02ba7fb646044d98132ebd9db9709a614d40f1bb31cd3aeaa9c5cc48529423abd2c6c3c65f7891b99b19162d50c6ef55303c3f1f4fea9816f62e7150eb225595764d2293acbe643ea\"","":"","dc2_auth_key":"\"be2e45b000633d85058bc0b03668730a58ff2a479237a5d397848b7fccdaa6626680ac527a0c620383fb26fc7b11571d65fedb471052cf12722e7bc71342b49949db4f026b316549a39e96fe22d5f65ccd11304a2f18676d68f2b1a9bb2a9832f371059f496d2817077c4863f47322c35577d63f8d3bf42b7587ca35ac4adc48ce0f58c20f87ee4efa074b76af8833f975211d6dcf9aab4d7adb1bd6fec4233c18295a453e19ede519156a57b72a1ddcba4c7830c6e7bb1ed187327d95fbfe2e38cb62f74530e1136b864d1bbb6aec87aac82983103a3014d83ad84d9fd3bdc32acc3fd4c573c31adfbaac4da19ce02fe7f9d5a6441fa04847f88ec52887bb18\"","dc4_server_salt":"\"347760768d4aa6b9\"","tgme_sync":"{\"canRedirect\":true,\"ts\":1698444172}","server_time_offset":"0","dc2_server_salt":"\"95fa57992c6d5788\"","state_id":"653651963","auth_key_fingerprint":"\"be2e45b0\"","dc1_auth_key":"\"2f29d155f58b834739effd67eb688153b32a39a4e648a08c5f53045f58ba1f06f057539038cc3582be2bb2b6d8810ca13e4c6c97368f9c1de2945e7065def49a022c5ac3d6ff85fbe18bd1df0159afa691251a20f213c3cdab46da1fe4934e0475b76ff38e7967063dc3048f5d76aba5fb94076f3cc83cdd275e8a7975db86ef788193858746019adca21f3bd07ebb65884539311edf67a56db3274a5ee93f234452377eb57192437d257b4f0db8d7de576b499c47c568a1d1a2492904097743bdacaf2055c565fdf44a904e37ab04860165fe2129c6ea194f35400cea332154305495e979c098b1f38bcd4d64267975420998e7112ed257f3ce9a045e6a656c\"","dc1_server_salt":"\"383227f45c3f4109\"","dc5_auth_key":"\"a3023ee2eef4cc90d6369cfbbf6541241facb193acb15e4982b120447e683c09b017d536ec81ee2395a2e11092352f509f90e70eab1b9120f86c60e43d9ba5438380f9b0532753f073815a12f9942c8e5d58dfbf588cb532c7675959b866658256485d584228578359a1addb4b01c02dcfd28c7a567cbb99abcb19760bce49dadbf0e7b63e883bdc34bf1a210596f61832dc00593a90982f59000ada835dd890125ffa409360ee959e2af404ffa9f37610bb918220fbea228c0d5973171053813bd419f469a4dcf9436d91ce6fa7307a26e3ee06debbe91867474ae7bd96cc3aee89695f6c105cfdff726bf41261ce5ffe3fea20f505eaf2168287f8390af81c\"","tt-global-state":""}
VM40:1 —————-
undefined
