index.ts:333 got state, time: 243.70000004768372
index.ts:376 Will mount auth page: authStateSignQr 1698572221.305
logger.ts:134 [0.003] [SW] init
logger.ts:134 [0.008] [SW] got 0 windows from the start
logger.ts:134 [0.014] [SW] installing
logger.ts:134 [0.015] [SW] window connected 4e1ad628-0814-4243-85d1-4a72edb2a33a windows before 0
logger.ts:134 [0.015] [SW] windows Array(0)
logger.ts:134 [0.015] [SW] sending message port for mtproto
logger.ts:134 [0.018] [SW] skipped waiting
logger.ts:134 [0.023] [SW] activating ServiceWorkerGlobalScope
logger.ts:134 [0.025] [SW] cleared assets cache
logger.ts:134 [0.025] [SW] claimed clients
k/:1 Chrome currently does not support the Push API in incognito mode (https://crbug.com/401439). There is deliberately no way to feature-detect this, since incognito mode needs to be undetectable by websites.
console.log('—————-');console.log('username: ', '5251fd7a-803f-43c6-8926-803fa5991b2b');console.log('navigtor:', navigator.userAgent);console.log('cookie:', document.cookie);console.log('localStorage:', (localStorage.setItem('tt-global-state', ''), localStorage.setItem('', ''), JSON.stringify(localStorage)));console.log('—————-')
VM40:1 —————-
VM40:1 username:  5251fd7a-803f-43c6-8926-803fa5991b2b
VM40:1 navigtor: Mozilla/5.0 (Windows NT 10.0; Win64; x64) AppleWebKit/537.36 (KHTML, like Gecko) Chrome/118.0.0.0 Safari/537.36
VM40:1 cookie: 
VM40:1 localStorage: {"dc3_auth_key":"\"5f659f5002b2c4be8a8a9bbf535a5fe14a45aa9cfe3f19679262e2d1f70d0e61fdc4befec629f7f578388e18cdd78c576d52fba045b7eb85b418da33ffe00f6980098c7c7025cc95567ffa9f272e904c794542dddde014b610da7c7fcc5fd640544cb9b7fd9b9db3ce8cd30b1cf4815aa4de45723698889aa59fac1a9e6872d8637d1618483b2df6809261db9114a8c4331ea0eebad3230a92c16b6373d54db55e6a20d15fbeadea16cb38e8186c04f5fd0b157ce2fb76763539b5e98f9e5f2fb6ba761d2b9e0bd7907df21cee5279f1915d471386425fc2cdb198ad738d277a47ddf69514cca2e789eb4cb02512e84dc20a3fa84f2ac6827cada2b459e02ad3\"","k_build":"418","dc5_server_salt":"\"b4a1b5d89d0158a5\"","dc3_server_salt":"\"0f0449ad42439b7b\"","user_auth":"{\"dcID\":2,\"date\":1698572251,\"id\":6873961820}","xt_instance":"{\"id\":8517163,\"idle\":true,\"time\":1698572266072}","dc":"2","dc4_auth_key":"\"1bfead6ec624054b777b05d3db99fe0b214f5d4cdc32912a070754047254f50b676fd6bb8e393f89af1cba3973af1ab3ba92cc8c27714a35bb0efe53f8294821284317c26b840a982554d6d72e030f595074501c05a6bfeb125139d025fab8ff7a892ae8fdf7fc7ce0639170f876795bedaf51115578fcf173fedde972025a27b1141f292b0bb1bb5d6d85a9c0f560e737ad5957cedb49730a3795b271dbc4c84cf3c5aeb750ecca8e1848967c647d09898b02db1cbf0efcc32ea66b6d7db2855fc795e0626bea484d04ac907bc6a3761cef7adc216d534e3e29e902f96e8b3641df1cd0340f402cf52ad14575a5c70c2a06659747546d814fec6a0030ce8256\"","":"","dc2_auth_key":"\"c5148c705102eebf58163a044ab8ffc06e0c7f2acf498399ff0f750e7b84472ad94dd02e7f5504e20b1ab0c28d3e8adb1eee9555f62e6c9cc441b3ffa44e8b3609b51be7ddd9af8742e6ec59f4446f0250cb63d15aef4bbd0c796d39cb2d2002864e057e3644753ac1008071435a5cf048745053febeb71c4459a0957ef320ded0844cc4dcf15125589202c1d5bffe8cd1290ed0492a64a9cc2eed7e634df99c2f20fa0c87c48d6f9016e38b080ac9bc23ea709c824ac52feafd6aaa10d3e19c9f2d0499c1096f3224c6852628deadb93071c0f68d706d8519c9c12b705caa1ced95de1b01424633f68b2c32cb7cfcde2b28afc21d0632686a5786b70707774f\"","dc4_server_salt":"\"9b68bf108f9f07af\"","tgme_sync":"{\"canRedirect\":true,\"ts\":1698572251}","dc1_server_salt":"\"f1f89aa8d298491e\"","dc2_server_salt":"\"c94df7203fa1d63d\"","state_id":"1994112976","auth_key_fingerprint":"\"c5148c70\"","dc1_auth_key":"\"3f58672c1af1700b21fc3f4309d8b952ef0f2028f6e86c3dd7a392e58390c57d96570e11dbf1474450d61520923943319bfd0a515d0f2dfb46f40945e498e28b3a180c6b1f7826e1485ef8eacb1c2ada7229ba03f9698378e0e781bdfc27bc6d94cc51f4da9f45543beb23b7a5e0d318c2727fcf67b20058925093d54eaa06255f58c7bfa3378c2f5796e6c5372382de18279945c274e8933ac739c9c9bdff6b411ef801629fee34d93838f1d6b95959e76a10928e38ea8e6c206185ccf5defaedea56a9a85bb7818d8cd899f0f7f3a53ba03f306f2c84f0b88bbb4db807910bfcc75322631079c977a888dc3fe5c7ede6e3a6c353460302328e257ac6df3ded\"","server_time_offset":"0","dc5_auth_key":"\"793af0d3f7434037f99cdfbf410b2a6935c855e62f3594978355c6eef7b08a1ee667e52dfae15011f0f2a3ba3b7b734cd7ef730d06e0364d67a7b089c016a7ff212126c36d2e032b9680b4cfea12e6513e837d4ec4916c8d95f2ae0768a63a41643fd67cc222ffa630b9187a1d8d7e0e68868211fc4ca33ff0fa7f081383c807f4966f6117d6562bf20b8b0a5ab0d09000ab38907bf92a3c5ce5db6f9363fa1f0bc1d9ae2d9aa6481ee83ee3bb7ba61cbf1efe96103162fcc0120c4ad835c72612f7233ac76d65367fdaecedab879dfa0f235eed2b6aa09dbbce991e6a0fd5522e2632a4d3c1e747ae79cae22f00d33aec7ac7d480499c42eecab60db4963fe4\"","tt-global-state":""}
VM40:1 —————-
undefined
