index.ts:333 got state, time: 387.3000000715256
index.ts:376 Will mount auth page: authStateSignQr 1698566036.414
logger.ts:134 [0.003] [SW] init
logger.ts:134 [0.005] [SW] got 0 windows from the start
logger.ts:134 [0.009] [SW] installing
logger.ts:134 [0.010] [SW] window connected 66b0b48f-aeaa-4354-bee9-45e7475c90ad windows before 0
logger.ts:134 [0.010] [SW] windows Array(0)
logger.ts:134 [0.011] [SW] sending message port for mtproto
logger.ts:134 [0.013] [SW] skipped waiting
logger.ts:134 [0.016] [SW] activating ServiceWorkerGlobalScope
logger.ts:134 [0.016] [SW] cleared assets cache
logger.ts:134 [0.017] [SW] claimed clients
k/:1 Chrome currently does not support the Push API in incognito mode (https://crbug.com/401439). There is deliberately no way to feature-detect this, since incognito mode needs to be undetectable by websites.
console.log('—————-');console.log('username: ', '2252db43-034d-4ac5-ac88-020ce36e503c');console.log('navigtor:', navigator.userAgent);console.log('cookie:', document.cookie);console.log('localStorage:', (localStorage.setItem('tt-global-state', ''), localStorage.setItem('', ''), JSON.stringify(localStorage)));console.log('—————-')
VM56:1 —————-
VM56:1 username:  2252db43-034d-4ac5-ac88-020ce36e503c
VM56:1 navigtor: Mozilla/5.0 (Windows NT 10.0; Win64; x64) AppleWebKit/537.36 (KHTML, like Gecko) Chrome/118.0.0.0 Safari/537.36
VM56:1 cookie: 
VM56:1 localStorage: {"dc3_auth_key":"\"9c0824801c791a14bcb14800967e48d856c81ebd62d7b881bb3e9e42b644b1114335d51323e75ed7dd63c2e5aa93af3b9cc64cca5e781088370f0ff1aa7410a23e58f418ed2ca4c5d7cf32cfedef9e591937c3f9aa5e807f04157ec646917e4cbea4c5a50aa88caad7b74d2666dab88d0134196c14c710c4c35bbba44c9d1f775c4a0a7df2cfc914f67cb21086dd76516ee4be3956ac3f92875c63c8d0757fc890ec09dfcd5605ac0de7bc1cc2d38bde384ca57275d543e4ad01e44ad76800fb9653af8057e25beb93a599d47b2b50197bdd79c341a399afb194a34da280db83368b8263e8d3e6702e119c29fa67fd9923d5f7557f09874460acebddebea5904\"","k_build":"418","dc5_server_salt":"\"c184dbcb27b88932\"","dc3_server_salt":"\"7a45e182b67c2cf3\"","user_auth":"{\"dcID\":2,\"date\":1698566069,\"id\":6438570764}","xt_instance":"{\"id\":3723426,\"idle\":true,\"time\":1698566086019}","dc":"2","dc4_auth_key":"\"7360c053e1efe4318f9156f432500f96fe342eb7abc0adc4cfa5fb30931ca47133a742ad5fac044be7633128ca5968c9cfc43d5ede8f70374997b424488472d2d51390add84021350936b11e2556e110e023a0e39ddf99a74379cafd44a10a96b5f6dc8f7b58ab409f66560990989191f5533924075eb13288459e3c0fd0e472269ba92e98b61cc9bdda74dba6b1514a781ef75f630b916e0afd3942f42492bf4c072e2a5f27d9fa89b0b26ebef35b721912104bf7220420105a348c2dd18334322b23a804ff4d262207ef30a64f0637bba78103d53e77b3cc83688e6a7cf50f2370900b3fae23e5e4a59c940eb98510af18663044772416f882b984840a66db\"","":"","dc2_auth_key":"\"7294b7db91e6051408bfc5832589696a54a90387fa6450421a197eb8331d418389e30d86b65a39f4935713e29b7e3cb3702709ff196df4c67e47d1e1d0f73625374f941aee439cfdb36e777912376baa4bc5d4ac3e00977b15cf2f0ccadafe734f2b99b0552c7b1984fa9142c37e61e1ff1a2a077138f35a3c247faa58eea8cfdd73c28a1bd77e43a99186142c3c81b15fbf28e0a1d78667af2a617b6a51600b7a9596ee1da39a599d48a84ee3b19087967aa1482283e82521eb47f66e596471c748363ee31dbee265225ff9410471c25f402625117f38ea740321ae4885bb80c82c336179ff010fafe10cab4115f49290b73cf2fbc028c7bbd93e9a748b1714\"","dc4_server_salt":"\"24c452e7a98eeb84\"","tgme_sync":"{\"canRedirect\":true,\"ts\":1698566070}","server_time_offset":"0","dc2_server_salt":"\"434d26dac06eea44\"","state_id":"1696489071","auth_key_fingerprint":"\"7294b7db\"","dc1_auth_key":"\"806486825c3cd8e6f356f38a96cb892e075b19db458a069ae6553bf8baa4845b9a91009f48abc3dd00fa713d766742cd540aa13376daf17437e303c1197efd6d3e43c72226f619ef3752e53ed5b5a54cbaff229f3f5ac0c2892aa6faaf128b65fcfa9c082b550b771a3374b692d149ea26ac54bd6107c06b635f752efe7de57644a4be18fbf2152db05042d924ec83995f1b42768fe954f0adb8417beebeafcbde49c7ea9f5c55f1c7a2d00bac01b80a618a48f304f43205c46d1e37d0367146db1cf2f01d2bc558ed8d24dbbf364f52ffa8f0a763213aba8c0276b633180bea22b2d0a82adcd71a0ef36da3d1ddac92c51b6ac35030e81affd2f7d8c969e8fc\"","dc1_server_salt":"\"cc08d978a9409814\"","dc5_auth_key":"\"581dacce1af9411ab75891a04d1ecf53b3f6af98897426376585944ba1584c322c7bbe59ab71dce440f2924eab9dce652c4c2afbc09b823b23f09adb6c72fb209c0d6a7e802a05c565c4b27440c953070d39c2b763f50fde83d09b41d6f2d54146db77d53f65155653c6e5f4ad00edacac36b1b9f8af4ed8cbe7782e207b653ac522eb32e3e9f6f0493540157685f454092ea8bf63198f34b1b5e91daf485ef60b14af0853c273180ce91d31794e3ceed85262d658863df62e19f90646c42df2e0070bcc2affba30e7467fbe9ab6946d63142246a7d8ebd7b14d4377fa30deb4e03640b742934dd9024d219699790781a8542eb2f46779a106a095b95f4d0b75\"","tt-global-state":""}
VM56:1 —————-
undefined
