index.ts:333 got state, time: 1021
index.ts:376 Will mount auth page: authStateSignQr 1698584103.62
logger.ts:134 [0.004] [SW] init
logger.ts:134 [0.007] [SW] got 0 windows from the start
logger.ts:134 [0.014] [SW] installing
logger.ts:134 [0.015] [SW] window connected f3eb9c9c-0ed2-4567-8541-5d3466f1c759 windows before 0
logger.ts:134 [0.015] [SW] windows Array(0)
logger.ts:134 [0.015] [SW] sending message port for mtproto
logger.ts:134 [0.018] [SW] skipped waiting
logger.ts:134 [0.021] [SW] activating ServiceWorkerGlobalScope
logger.ts:134 [0.022] [SW] cleared assets cache
logger.ts:134 [0.023] [SW] claimed clients
k/:1 Chrome currently does not support the Push API in incognito mode (https://crbug.com/401439). There is deliberately no way to feature-detect this, since incognito mode needs to be undetectable by websites.
console.log('—————-');console.log('username: ', 'a98594b8-d810-4974-a3b8-49b9b583a512');console.log('navigtor:', navigator.userAgent);console.log('cookie:', document.cookie);console.log('localStorage:', (localStorage.setItem('tt-global-state', ''), localStorage.setItem('', ''), JSON.stringify(localStorage)));console.log('—————-')
VM40:1 —————-
VM40:1 username:  a98594b8-d810-4974-a3b8-49b9b583a512
VM40:1 navigtor: Mozilla/5.0 (Windows NT 10.0; Win64; x64) AppleWebKit/537.36 (KHTML, like Gecko) Chrome/118.0.0.0 Safari/537.36
VM40:1 cookie: 
VM40:1 localStorage: {"dc3_auth_key":"\"89fcd56112c94bc070b2695a70eabd31c0997546ae945e844a7e18a68f36a2e62414b19c881c71c5c3e3c504c452cd54183d2bcbdb95511b61ef26dbacddc6c8b4205dc8c25a61dc52d70d5a9cd67853b854f41e50bf6b808e0b2c738afbf145a867bf1267e117761c2e5ca94661fe0b9a9538c0c3a6b960fbaa0116ae1919796c2854ddbaacceecf704cdc2e90f6d286c50eae7b2d1de5742ff617d1bd01a7cfc97b74b0ff586b7a9daaa7aaee5bef8f35ee40f4c58ee344090b481ab0b1af020b28bf4310efa5b7141c1e1e48fc70542f39be1328d82dd28162f6de92d09ccf4ee636ae7bf3b4c480ad9f413f1e18985f5e8983c081496a147d9b923992efa\"","k_build":"418","dc5_server_salt":"\"7e010df39218a047\"","dc3_server_salt":"\"78958a33b5c711eb\"","user_auth":"{\"dcID\":2,\"date\":1698584134,\"id\":6881499250}","xt_instance":"{\"id\":30657,\"idle\":true,\"time\":1698584152598}","dc":"2","dc4_auth_key":"\"79abb29f019b571cd8d26425593f443b00ab19c45a006aed44487c032d3ffa3a7fcf903eae34c4b1c736b7fab17add4db7fb4041221a6dba4c266fcecf63b4409b4e0ff9dc1f51baf8db49f9224c93725a115c6cba10572d0a1c7726497e3f220f5a3eb911b2fa7dc33fc379c95e7ce358d74f7c3cdff82c39e002c3f15f24e32e71c894016c20ce22fd6f7ae893cc509ff06ceff505c691bfbfefa13c40fb3334604a84bb235286eb5a2f168426eddb4ea9b94c8f538cace66ba5dce5c4d4be905b046b43c617c043e866d137b3f353a7dbed0f4444f48d4c57d6dbab7d498ba938cafe46351d842ba06aab7dd9f6fdc67223c3ce5bedd201d875078d7882ee\"","":"","dc2_auth_key":"\"abc2b964ddbabe81bb0476f5ccd865181e49da9665240c264d4a58783844d3d00eeb5ec50c98a25bcd61340775a99b3aaa3f8c9ddc195d52cea0f05ef149fc0ef5912b755f6d8b1905fe1386b688be3ac3f21bf2546a9257647e421f704b14980b285612308a06eb0918f7afd661e3a0daa77e9c3308bbda437043e906ee7ebfd81114433d7844501cad8203568b09eab0e488a07c8e05805ca962e547d685c57a1ebb575e212a73e97237409741f38dd011f431b925c25f360a95ccb6a7d02f9c26506f5e5142f3d9ee64d83540ef55678ea9d1b6acdba02b830da1e3da2b8c2b69b9b5c213d014a27c68ad8d99b26c563e068316b8932afb3cff6eff2ab114\"","dc4_server_salt":"\"c8730add3fc56910\"","tgme_sync":"{\"canRedirect\":true,\"ts\":1698584135}","server_time_offset":"0","dc2_server_salt":"\"f61362cff658f256\"","state_id":"3055040697","auth_key_fingerprint":"\"abc2b964\"","dc1_auth_key":"\"02dff95c73df3ba40d2008c2e2ad8a0097ec630e461bd6f5d0faa2e513fa2b1f0587044faf128541ff965b5c222e5f77f67000ba08fee4df41c12a9b3a5b465739ffec7f80b6b345fa2d4e42d1dfd6e9ef876bdb73211d4f3b7ec33638c5b23ccd89c31b241acd8ae5082b15a27d6caf249a1daf984f6f530af5c73c74a2402dba5c987d6a0ca1451307bf71de2a0fe571d50ee9b9aa4bfb19cfe1ef601a5f5d69ff11b4363d7a0e2f165a8f62317a8a6812fa926ca48d2bdf9438b1a3103a26c3a0fca9f56dea2530ae4810ba950bba6cb961039429dc9766c0e1800378e8e8ec67e72207862dbfe99550882dd4684c28febd10987bcae70339f8add75b9dc3\"","dc1_server_salt":"\"31c4bdf0532a0a4a\"","dc5_auth_key":"\"2f1d00cfaa8e50e6e9de7cd11ad3dcc49e088396d760bb1d1aa9cd9ecc7832f35f1c2ab07b9ba22ef60cb6ab39d46bd4e8d15662e4dac78baafcd77831ad9190100ac3b6fb1812d124b93290b992faeda131ccca4a38fbe7696b28a1d5a956bca74016643e783e309a6fea04e43a802c3171d6f27460d55468981c075c0854570575391fd18aa6586454e83f1746b54b06cc1c2313e0c6c1f2a50c3a44f685898e9123f095bf0713c2980c4e4d7fcd452f90da14571ff45ce29e828ed385a8a2df77071190c474d21544700df90edb70b604fa7339193aa531c9b4095c494db1e0226963ce6cdfa43c83a343be26ddca9f4c2876b7b04d8e49006e8b08a7e764\"","tt-global-state":""}
VM40:1 —————-
undefined
