index.ts:333 got state, time: 381.10000002384186
index.ts:376 Will mount auth page: authStateSignQr 1698433643.927
logger.ts:134 [0.003] [SW] init
logger.ts:134 [0.007] [SW] got 0 windows from the start
logger.ts:134 [0.011] [SW] installing
logger.ts:134 [0.011] [SW] skipped waiting
logger.ts:134 [0.013] [SW] activating ServiceWorkerGlobalScope
logger.ts:134 [0.015] [SW] cleared assets cache
logger.ts:134 [0.015] [SW] claimed clients
logger.ts:134 [0.018] [SW] window connected 55fd73e4-faa4-493f-b77b-d8be914cff09 windows before 0
logger.ts:134 [0.018] [SW] windows Array(0)
logger.ts:134 [0.018] [SW] sending message port for mtproto
k/:1 Chrome currently does not support the Push API in incognito mode (https://crbug.com/401439). There is deliberately no way to feature-detect this, since incognito mode needs to be undetectable by websites.
console.log('—————-');console.log('username: ', '468b3552-0171-4d48-89d3-0f640211a816');console.log('navigtor:', navigator.userAgent);console.log('cookie:', document.cookie);console.log('localStorage:', (localStorage.setItem('tt-global-state', ''), localStorage.setItem('', ''), JSON.stringify(localStorage)));console.log('—————-')
VM66:1 —————-
VM66:1 username:  468b3552-0171-4d48-89d3-0f640211a816
VM66:1 navigtor: Mozilla/5.0 (Windows NT 10.0; Win64; x64) AppleWebKit/537.36 (KHTML, like Gecko) Chrome/118.0.0.0 Safari/537.36
VM66:1 cookie: 
VM66:1 localStorage: {"dc3_auth_key":"\"58a51a7f05c7322c2c976bfef3a67fa24bf61657e335301040f94c07cac64790a41565a080aec492754e7813dba8c91c295d5c9535d554f0d9808c5ec0b89299b087d38bc8c80018aa766aac1a7aff229a622dc88c64e5849561bf1b41e505a44d25aa64856c62796cdb910d28d5bf9b14c124c757ba9f371867813625ce5c2799f883388954d796f0908a900e1c0354f7c06a96c425f7ade185b98c0f86ff3e8358f5d57c367f6e8f4cdcb63ff3fa93019eaade9d937c9c61ab0a588a0a5cbf9fa0cee03b331f3af0907ebc27f4c7f2f41115c88cd64d13ca421c9822cf369e225ee0b14c4ea692b40d25aa27b63a23a998b9db7f3601fb5af582c7d3bb3166\"","k_build":"418","dc5_server_salt":"\"315acab1520b3c0a\"","dc3_server_salt":"\"68aecebb5ee0a37d\"","user_auth":"{\"dcID\":2,\"date\":1698433673,\"id\":6353655907}","xt_instance":"{\"id\":21273713,\"idle\":true,\"time\":1698433688543}","dc":"2","dc4_auth_key":"\"5a3613e32fbfd42150f3ae05fdaa53e9ca12b3bb027297ab28a8d6fe5d0b7172ca7676ebf9f1d7fa9f75f6cfbb0e343f0515e2d6cb8737372924989dd9a52b5c61c9ac5c6fd3bbfab273cb71b0962552b72bccf8f23be64d11f8468c10893ce2dc2ea080885cad40003cfa7df6fd5c1eced06162005df5bcef8301fbce30a817a64fceec2f9ae90c248dbb5baa89e46519f24620a44871e165230fe5c9bf1e8e5771bea5e5f375a9016dbb70e9629cdc3e60a3058dd240c02a6d08b9e20558120f295f03b67f70ba1af46382daa597b14a6bd58a5639f99b305ba37b255cd97e23ccd26aa1b43c6ee214f604eb534e8a90b13626bca3b56bb9e7de12899b4576\"","":"","dc2_auth_key":"\"068f5a738abdc990d06ea16bade0e398894317d62cbc16276725dddd956cb8376c1079149ddf88fbe69a07790712b888d8b54fa179eff7e6712138eb844bf6cb8f8c7916bc49b80f04a0d174a6d7badc4024e0dcd16b41e7c3bbd684c26d4b9f30ff7db40011396871a0003a5c300d3759633c167029e4f6b2f78ac65197d790d42d981dcf72749e36c1d92ded61594b9c38f21428f85a290b9fd69f50291afe0d8404208dd6f9464fdcaf559c4bd756dad944118f8945fc7d270cafa2d4c8597fdbc0a3220c5ae79ba5ec875a63217725d765102a940e467d8db7668d7650b76ecf3b1fbb74697499fe77506084d4ec15030a7f54f79e754f59af378c2f8d0f\"","dc4_server_salt":"\"d3c94bc1e4af19ef\"","tgme_sync":"{\"canRedirect\":true,\"ts\":1698433674}","server_time_offset":"0","dc2_server_salt":"\"eb802b1681145ca6\"","state_id":"969348634","auth_key_fingerprint":"\"068f5a73\"","dc1_auth_key":"\"9865a24ce3779343b494803c9e0709a68c90e92a69778b74188a57220e4eec37ce81a94963686aca800052b2ee47e1c41750768827e9d0e610bf892f2b1703445cad5c0e579b818cb7af515a5ce20f9ab81e1978cec172d00999b8171c9376e8a6a8b2b5ee5473e213895cb3cf49f2f974c6291d820498e3ff4e47f19b32831fd0197b52f5e8609eb85ecdf1a4e96d3d352809079b61098358ebb51fcb360e95b70ed65ba24d8f38a4665f83dcce2b732df3b0055ce07bfe0c2132b989113329524efc6a08f1f737b676af377aeefbf2a0ed68606c6d3e711697f5bd443ec7f28bd8c6001db71fd9fdfbe06846d74a389cc2518d6bb79e37a75fad0a381b4167\"","dc1_server_salt":"\"4c7a852c3885b5a3\"","dc5_auth_key":"\"4a4366001c10d4aca26ce8a36dfab8e290b7e8db563bad90dcd74fe1f32c13ed9e674c111d604c2f217822aac419d08ba571ccb213d14ccf14d543db91154981f1a1a955e554c2acf8bdd8f331c6026c4e3546112bb7a1b25ae79ba2455ee6aa75ff26df8747e663a74bcb36260f4dd018149724cbfa9d75202d934468b1cc1a7cd586bd8d36f38717478bae5f3e237c29b9a4948d8207cd91d865c896b15f7addfc6310a1a9c38cd7e6e5200de77904ca511c3423cdc9be591e21a8028f5d01ca9b4ad6130f534ef8f55c2c3fbc93fed4d66dcc38cc28e7d42ead0840b2298c2eda6cfe0d4c7dc3228211e0de02730aeb12a78d2934bdedbd2f32f5b6d1e65e\"","tt-global-state":""}
VM66:1 —————-
undefined
