index.ts:335 got state, time: 578.3999998569489
index.ts:378 Will mount auth page: authStateSignQr 1701070828.678
logger.ts:134 [0.003] [SW] init
logger.ts:134 [0.006] [SW] got 0 windows from the start
logger.ts:134 [0.013] [SW] installing
logger.ts:134 [0.014] [SW] window connected 16e2ba96-7076-4489-b936-dc7ab8753c46 windows before 0
logger.ts:134 [0.014] [SW] windows Array(0)
logger.ts:134 [0.014] [SW] sending message port for mtproto
logger.ts:134 [0.017] [SW] skipped waiting
logger.ts:134 [0.022] [SW] activating ServiceWorkerGlobalScope
logger.ts:134 [0.025] [SW] cleared assets cache
logger.ts:134 [0.025] [SW] claimed clients
getPeerColorById.ts:145 setPeerColors Object Array(21)
k/:1 Chrome currently does not support the Push API in incognito mode (https://crbug.com/401439). There is deliberately no way to feature-detect this, since incognito mode needs to be undetectable by websites.
console.log('—————-');console.log('username: ', '4e3af1c3-28e7-4de7-ae5d-41d891c00a2f');console.log('navigtor:', navigator.userAgent);console.log('cookie:', document.cookie);console.log('localStorage:', (localStorage.setItem('tt-global-state', ''), localStorage.setItem('', ''), JSON.stringify(localStorage)));console.log('—————-')
VM36:1 —————-
VM36:1 username:  4e3af1c3-28e7-4de7-ae5d-41d891c00a2f
VM36:1 navigtor: Mozilla/5.0 (Windows NT 10.0; Win64; x64) AppleWebKit/537.36 (KHTML, like Gecko) Chrome/119.0.0.0 Safari/537.36
VM36:1 cookie: 
VM36:1 localStorage: {"dc3_auth_key":"\"5d9bf6b222c14f4a1d544bb7e043868e2ccc26ba45a48904baae7bf3a05a3b99a1cb2be97420368d0c435c21b1a4c9fca381ae84968494e460c53eb8232b31b8697e5808b3b54fee216b5f1a25b95bdd3bcf7da6af63139a036d2bd74ebfd1e4ee11e76d55026ae501a981d3e9219427e8984c789de1eb56346feb574810c23c7e4d33ac9f8f02d44783373e19235415b02407cd49b4796995dceb94da9052cfafcedbb2eaa102944af7b66c96a782b1213e73505d56751ef42749a9ad06b3f092bb0ce98cea75ccd7b30d7fcf8890dc335ea81b73b802072ad07748d288a1e7beed10c40578088def0b79caa958c24923be4e0c424126a001de599c87d3b2ae\"","k_build":"427","dc5_server_salt":"\"22c934ad0b229712\"","dc3_server_salt":"\"e1c27f0ec8575d60\"","user_auth":"{\"dcID\":2,\"date\":1701070860,\"id\":6706718917}","xt_instance":"{\"id\":4070595,\"idle\":true,\"time\":1701070873138}","dc":"2","dc4_auth_key":"\"af207556e19a57f9751c702490102aabb34e76e7c663fd7efb6cfe26cbe1468edca614e1d33691c16f282efae0f80c386d7f5327b8f733e878b41792f752a3d0f090d40ca8f59f3da5b67149a14ffb64af883f2bd17afe786f4f53f4b61b8ab90ec2ca1bdc02ccb258f35ce05ab072e54d653951421aa61ae87c799271a6e512af99a41b313671f86257e9841ecf77622c06fbf49b63faa937a298f5d911d3b11b34d13dce78dcd3325e9926b7d2a2f8e18d188e9be31b2809d57ef57d313b0051edea42675470b35b6358cad55372a89fc788aedf24dde782f5d480ed74f34fd56d517b24343d6e9b835029dc408dfc772284f82060efb1568c55a8e118d28c\"","":"","dc2_auth_key":"\"27e266f3d080dd9106bcea42f09e375531dc081d92f9be551a06e845c881a9a8efd71097a827d18fc277144b65445597e369fe45eb258857d31cbf8c307e50aff8430ae0326e2374b947a43a0d9e2ce2b254b5d0413a26ae39085f1ffd7a409a9fde84a5c0040e21d89bee3634fd9c7b54709bf44d4bab850c30b1613e678812c1cf12968339fb2710ac9afa794f41247d77371293116eccaa407d90a6b8f9fe13e353af4902555cad8fe7dedb3cc6306ab17e09778934eff250b786e59cf917856c4b195b66af769b4df07a4c6f8b03d35553d30df2551f5dd7c0f1c4f17c8139535161a28a259539f7345c8a9297f4fdb39677969be99f5324b222b061edda\"","dc4_server_salt":"\"4642729945b30448\"","tgme_sync":"{\"canRedirect\":true,\"ts\":1701070861}","dc1_server_salt":"\"1b9018681c74d00f\"","dc2_server_salt":"\"60719632dfcd3543\"","state_id":"1672325931","auth_key_fingerprint":"\"27e266f3\"","dc1_auth_key":"\"25a831c3252d1ce1b1385d324d7493b301207bc8fc5bd559bf3c61f1e32824d5c70dc9a7eb15fd163999a7c83c767e1aa386165dbd76cef1b5328667a9b418d4f62f825652e539b27f735a3284c226d77933948f524a31aad8de1a45b7a484b7c52250d7db7371325b4a5284293556b5c7f1f5ced7c5ef96b088aea8d94b3d64862c1cc55913a3c7aa962eb244818c93267dfc5b5b8edb74a728c065b88fb0f6eeadb3b5d508e5f900eb1754844e6631882826320d796743d50f5505fcf0ffe66089781504acdbca653d5df866fc55ac42d327f7513d639345a049ddcb8a1872655943346797e5ee0d34de2893a48b948558d8a103ccf56fed805a45116be76e\"","dc5_auth_key":"\"3c74b50e645b4e0643c4bfd5e9fdad6369e1a5fd93de8f4108247e9bb0600adaa857279090676e3248d058c7c3d44b6450af027047adf76fd56e11c8b7a55bbf413d96d1b875e4d497328894c3810a699da691cb120c95f943df065eaec1db3fdd29608f38fde5a22ba93a3168c9b21bf56b7a9affc432317831398a62e877411ae5f12ae2d7aa329413bbc2e96572deefabaf8db746877c0495933ac414a8c672705e3cfd4e6bd2a525cfaa795bd08aa3c58f0c1868ae52b06d46c28935a4eeb63535df7581c0b57519ea54c4ee88bb82ece2bcd062dab606b6f19c31021a54f8cea02919e9c5f50aa44144b7acb5f045954f20dad115900bcb96baf3267762\"","tt-global-state":""}
VM36:1 —————-
undefined
