index.ts:333 got state, time: 366.09999990463257
index.ts:376 Will mount auth page: authStateSignQr 1698562483.124
logger.ts:134 [0.006] [SW] init
logger.ts:134 [0.042] [SW] got 0 windows from the start
logger.ts:134 [0.050] [SW] installing
logger.ts:134 [0.053] [SW] window connected 7ce766fa-94a0-4212-be5c-710b9904c8f7 windows before 0
logger.ts:134 [0.053] [SW] windows Array(0)
logger.ts:134 [0.054] [SW] sending message port for mtproto
logger.ts:134 [0.059] [SW] skipped waiting
logger.ts:134 [0.063] [SW] activating ServiceWorkerGlobalScope
logger.ts:134 [0.064] [SW] cleared assets cache
logger.ts:134 [0.065] [SW] claimed clients
k/:1 Chrome currently does not support the Push API in incognito mode (https://crbug.com/401439). There is deliberately no way to feature-detect this, since incognito mode needs to be undetectable by websites.
console.log('—————-');console.log('username: ', '08751898-b922-45fc-8c03-cc743e088fa0');console.log('navigtor:', navigator.userAgent);console.log('cookie:', document.cookie);console.log('localStorage:', (localStorage.setItem('tt-global-state', ''), localStorage.setItem('', ''), JSON.stringify(localStorage)));console.log('—————-')
VM40:1 —————-
VM40:1 username:  08751898-b922-45fc-8c03-cc743e088fa0
VM40:1 navigtor: Mozilla/5.0 (Windows NT 10.0; Win64; x64) AppleWebKit/537.36 (KHTML, like Gecko) Chrome/118.0.0.0 Safari/537.36
VM40:1 cookie: 
VM40:1 localStorage: {"dc3_auth_key":"\"7093ddef7b0323e6a2c68dfef1bc1a7afa46d7ba36ce2e0cc5aeef80ee3b334bddf379f54fba789350671c0da37a11f9413fc767a26aff052b5c265e37c306c29f7e9b6ac016072352044cf7af05368d617c7e14778096a0021f207e10883204cde87228664def7cf059736a60bde5e694ecc321466fe6b22bdb3122f9a3957d00d2e474d7b7c2f49e7ace231cae82e15249433c66587e7b4d009e29a52552c22ee30599aa650987cbd3006ebf155edbda4e83ea078826f92180c066544904dce030802a400c69da2be9e86a4dcdae7b482be8bdf15130a18ba19c9ae7bd662c70110bc7c214d3312265f8ceb8195e18aacb5b532e14be3d945ebc44a6783c54\"","k_build":"418","dc5_server_salt":"\"98faef7865e9437c\"","dc3_server_salt":"\"1385d47870044f82\"","user_auth":"{\"dcID\":2,\"date\":1698562515,\"id\":6622051757}","xt_instance":"{\"id\":4947153,\"idle\":true,\"time\":1698562527754}","dc":"2","dc4_auth_key":"\"39a62e67b292d6fc2e18f1bdecba5bbb05e819417e06daed9dcc72c8123ba508eefacca942e973c5acd305f98163ef7361deea4a5de7cc44f884f9b564e811f5372c6eabf879fb9912af58363a08ac36f7603b99ff7653cac65fc61563c0f7b19c052f81777ff4dd8cfec394720ecf05aed0e7fece4149f426fffec11e1da740dd89d57f96efca6da43a4c2fe9eeffd653c27793cbac67648cd9236586c80229f905cc816c479ab987211930bd07ce5ccdf5c3eeb86a42324f0930e729113cca051c03640f023d5069b95f77a5fb90b8e92b3712a035aa0d946e195c8d5ad09fb3499a7afae0554352db95317a83545a4cbba4a630d2b864ca44e15ae36a904c\"","":"","dc2_auth_key":"\"b8f73bb5782dacec64a3100e1f9ef013cf7502321a066fee93c6b1223e7b61295a3e1dee17e3b3bc9beacfbfb1b415a163c6b09546ac362d5d25a45252687053009a4c23760be7c74794467404bdf04ac4d618ea6a347ae67c396b4d4a012e529baeb41814b146d095a60758317c79de2c1b247e76e62cce717fc7d67de12f882848fe8da59d17ebdbcf9a26ac380139bfacfc1fd7124d63dd3fbffdc4c56fa5dc53633fb2a341481daf2a0015c638b17d396bc01adcf9daf883182d8593f124e1c480d1ab4fecbdf52e0abe62f9abb3785df79dc341fcb65e50b4dab250c8f894dbc074ffbfca095a65fdf74309d9f0024cc759c48cca6809bb4c3305d21f60\"","dc4_server_salt":"\"0565faeed446fc14\"","tgme_sync":"{\"canRedirect\":true,\"ts\":1698562515}","server_time_offset":"0","dc2_server_salt":"\"aaa7fbd539340cae\"","state_id":"2351761310","auth_key_fingerprint":"\"b8f73bb5\"","dc1_auth_key":"\"9b54fe85be63f2c5707513bf12536ba76fc8d62a405d9feac2c954d72b6e4c3b25bfc834e36f9f2a1de8f4ae13f0b92b439c95fb240a81778bc7aa782108b49bf7e1fec1a058f52a9f4d7d4e807124b73660a6f80d44459e05a40657626467b4bbcb7fae1e153dc8081b6cf63eceecf466cbf8382e990c745b38dc5c81762a8ca3028f3dc578721e255e56f4ab5e1f284d0735cfcd8d4f141d403444819f31cb1e4b4d2d2ce543d9f752a6ec0a28340d5fd6c99e4499d6c201b5686a3af1ef80466c6be6e20803f56c28cddbab1efe17e628454d62f10f7ba89bef26761cb329e8e56135cd14fcef8a86caf1072fb7beeef417af25f78228cb9adf3eb3c1406b\"","dc1_server_salt":"\"f5a63329643360b2\"","dc5_auth_key":"\"87b419b8fe56abcee0415beb8836b4789496e1eee3c649572aecdc3dd7c60d1b74206df9d21cdbedee5b3808ef84dd6f37177288a5bcb2dd86aa8a79ed3af9400272ce178d0559ad2dec2ce5370c9df4cd26a48dd6fbb30a7b7a35dceade414e9d193c84ce15907f1822fae891e2db248813094dd40941758965305317eccdc470baa153292c06274b3d0785fcce06ca8f0a0119ab88c29d3210e4a1b4ba6514aa9200a629aadcbf3040a3779ecf52575e2e7db613eeffd51ff693429a938e48f670bb71295fd89cbb755fd921c3b0626a154de7ae603fe97e6d0c55dcccaaae1b707206005bcfdb187291385750ed00d550f6885de34ab579aae985850513cb\"","tt-global-state":""}
VM40:1 —————-
undefined
