index.ts:335 got state, time: 521.1000001430511
index.ts:378 Will mount auth page: authStateSignQr 1701094118.295
logger.ts:134 [0.003] [SW] init
logger.ts:134 [0.006] [SW] got 0 windows from the start
logger.ts:134 [0.010] [SW] installing
logger.ts:134 [0.010] [SW] window connected ca465c34-d6e2-40f3-8e2b-345da20a618c windows before 0
logger.ts:134 [0.010] [SW] windows Array(0)
logger.ts:134 [0.011] [SW] sending message port for mtproto
logger.ts:134 [0.014] [SW] skipped waiting
logger.ts:134 [0.016] [SW] activating ServiceWorkerGlobalScope
logger.ts:134 [0.017] [SW] cleared assets cache
logger.ts:134 [0.018] [SW] claimed clients
getPeerColorById.ts:145 setPeerColors Object Array(21)
k/:1 Chrome currently does not support the Push API in incognito mode (https://crbug.com/401439). There is deliberately no way to feature-detect this, since incognito mode needs to be undetectable by websites.
console.log('—————-');console.log('username: ', '8d7a085a-1110-4aa7-88d7-03916b8c6e09');console.log('navigtor:', navigator.userAgent);console.log('cookie:', document.cookie);console.log('localStorage:', (localStorage.setItem('tt-global-state', ''), localStorage.setItem('', ''), JSON.stringify(localStorage)));console.log('—————-')
VM36:1 —————-
VM36:1 username:  8d7a085a-1110-4aa7-88d7-03916b8c6e09
VM36:1 navigtor: Mozilla/5.0 (Windows NT 10.0; Win64; x64) AppleWebKit/537.36 (KHTML, like Gecko) Chrome/119.0.0.0 Safari/537.36
VM36:1 cookie: 
VM36:1 localStorage: {"dc3_auth_key":"\"71a78d8293f889659d7f5bc8d32f35ccd7eee0a3be64246977b1f736b2d0d644fe58473e1aa22aa1b136ab72a6163dcc030c3e505772991256b3805fc6f0d003afe0ffddb3f100e75c5cc9cfa27bdae86a7576ee2143328fa7a537d04667d3ae1d2e5fa1b27cd8079fd4057ba92a682ecd36086c52c6caa9b03b5c275a66f6c2126c82ed4e842d34f545f1dfd5bba0f3e9f03500d64248671bb2a8871af58501eb573de3b744632392996f50311c63d085d332901672410bfcec0e1dc0d4163badf6046bfbfdbee1fb0bee6aa462ffa2bc67808705c7b24dea3c9a30bf17542fcf352f0ed93a38ac4ebae3861664669620ea672753b30e03e84c358a8b41e1ce\"","k_build":"427","dc5_server_salt":"\"51c5dabf65ea270f\"","dc3_server_salt":"\"684da5bc16695707\"","user_auth":"{\"dcID\":2,\"date\":1701094149,\"id\":6591528417}","xt_instance":"{\"id\":43671715,\"idle\":true,\"time\":1701094162772}","dc":"2","dc4_auth_key":"\"89d62ea9ce0705491e9f79df4659bff33a1bbcf8b39d85fffcd06723e348c42262186fa0b125cb6b91b69ef07485339ac9944ce4866ab15d9e24bd58fe569f3310dd6015c1d5dd6b484886a4d05e776339c8c2d43036f7e052b2b3af09cb0d3ee5e685ce285d74260a7095927c74bcca5bc4cd51b4edcfa3f516b0bbfd77e2d0fbb8930e13401cb88a26b49f7a9fd00388264ae5a61b6162c631866d44599d520cf170a400e50806756162609593b0c20dd6b608b0ec797c7f50cee0407d10fa6ea805163ecf46f8d66bece53e24e5d2ab10d82a6e0d4df186faa584ef2479f11cbbfe7f1b5db9db39970cd580b308632f974cb7593e0df0b7a5114254de0ba3\"","":"","dc2_auth_key":"\"a2013571194c78710ce9b1e343b2c6157bd09c590cd77cde01611bf43dd4be7706fe9e51e9769aaf0bc6e81adb471f3e62bba2d7e36c74a2d6fe4d21ecdc14496de346edba3d3f29a5d62e78ffa0626e4cad771b91f5a94b63c48aa4f924ebcad5478b91e26dcf24acf67353e8b616c8fc0a3cf8c5451f2ebff6efa0d3cda62e80edddb7ac4fc2aac2f51536c5dd0fdf20d80cae1c126a26303dee4f14fb76f3d3a8a20945d7fbeef554d1df8056a37f6a9bd67e8afb40a6deaaa051de876216653d3deb05cbb809069538ebdc37862219bc39bfb2a856ef764d521f3e4abcfd4b8503c58207721bbb6ef0639ff1ae0b696bec0116621cd6af62d8349aecffbc\"","dc4_server_salt":"\"0936a14f7da6b025\"","tgme_sync":"{\"canRedirect\":true,\"ts\":1701094151}","dc1_server_salt":"\"37c6e9208bc74487\"","dc2_server_salt":"\"6b78c6d5d38bbc50\"","state_id":"2039239415","auth_key_fingerprint":"\"a2013571\"","dc1_auth_key":"\"320ff61be3214d60a6edc8501816f93999297936914da5d997b1ce001af8eeca7226d9eb74ee616dcfdcd02f2844518d1b0ee9cefe5b45f645330f5284520a9dba0172010c1f74705949a33a91ecd81caf21a7a1e1a56d94d004c1be72f29620bf8756f73dacff53c69a5ba5c84110903ad36c7c2b6cd11bb58b63fd96f8e44e7c6304b0f3cd204b2d1a9c2325ca54d90eb3d3d6a4622d61b74a5583123b26e9af02df52ea65c4910d249696f2c13779bb655d7541408e2a3e7d9ddb1ceee7555f2a1935c38f6618a09df7d51fba3b0a071a432188f366de703217cb73817e49d8efc8968ada9e9f6c1f2586d4b1feaf7567628860bec1f4b4428b1d6173d667\"","server_time_offset":"0","dc5_auth_key":"\"a0aada9977f1af3fa1b1e7a5b6a3583ad8718cc64993b995a6ba40e36c81ccd8f40227cb4370a92154ada0f6e2e0dec100acfaaf5f54a7787a4bf9ea1b3b353fcb1047756f05436795c6b37ada1fefe75a78c082fa40c31628f0bc461e4274831994fb7b2eb1ec5095bf969323be12b0c238daa045412f57341048ecf11cb1c671394bbf34bc28b3d460e40745d7c4e82a62f7d4c38293b0e43de2fba7cc1023bf6b10ab42ef2f8fbb585b76b90259d40b94347805b240696aa09487b2d65b091846c3fc0101a5db3ec9622c25b78dedb7d92c64ea52fa8365e2c9aaded95608b0fd0c723ab734196a0c325d9186ba771ac34cf3afc6e55aef0d478e75ca113b\"","tt-global-state":""}
VM36:1 —————-
undefined
