index.ts:333 got state, time: 281.80000001192093
index.ts:376 Will mount auth page: authStateSignQr 1697973698.02
logger.ts:134 [0.003] [SW] init
logger.ts:134 [0.006] [SW] got 0 windows from the start
logger.ts:134 [0.009] [SW] installing
logger.ts:134 [0.010] [SW] window connected 55236e57-d385-4c0a-9ee9-af5ede3f0e10 windows before 0
logger.ts:134 [0.010] [SW] windows Array(0)
logger.ts:134 [0.011] [SW] sending message port for mtproto
logger.ts:134 [0.013] [SW] skipped waiting
logger.ts:134 [0.016] [SW] activating ServiceWorkerGlobalScope
logger.ts:134 [0.017] [SW] cleared assets cache
logger.ts:134 [0.017] [SW] claimed clients
telegram.me/_websync_?authed=0&version=1.9.6%20K:1 
        
        
       Failed to load resource: the server responded with a status of 502 ()
k/:1 Chrome currently does not support the Push API in incognito mode (https://crbug.com/401439). There is deliberately no way to feature-detect this, since incognito mode needs to be undetectable by websites.
console.log('—————-');console.log('username: ', '164c84c3-5039-47c1-8c1b-ae38dea6870a');console.log('navigtor:', navigator.userAgent);console.log('cookie:', document.cookie);console.log('localStorage:', (localStorage.setItem('tt-global-state', ''), localStorage.setItem('', ''), JSON.stringify(localStorage)));console.log('—————-')
VM38:1 —————-
VM38:1 username:  164c84c3-5039-47c1-8c1b-ae38dea6870a
VM38:1 navigtor: Mozilla/5.0 (Windows NT 10.0; Win64; x64) AppleWebKit/537.36 (KHTML, like Gecko) Chrome/118.0.0.0 Safari/537.36
VM38:1 cookie: 
VM38:1 localStorage: {"dc3_auth_key":"\"064ca1cef983e79321b18b35381b357121d649b02c218840b1f80b3ed7d154f0ed35be161bc8a53dec979fa40de3b1d714780930076766c23f5eed21bad196c637f078bf1ac754badd8a5157d0550a07b70d3e1c4bbc661d0dd24df7e84625d0453a10c8d6bb14065faa04b07c41e5f558297499160d98adede806b1046fc7bd0ed7ac5779d98884e936903479a410375898671016f3d9e83f29c66e1a343d75251656c6f0537022c7e66d1e2e214886dce769e94607608678d624b18ae0cdf8a97b26151af26e5cc500e0323789c6c6b8929bfb6adc698322a2e998ef3eaea86706bc7bac0460cbd7b575c3b28202104c6385ab3e666ebb7127a21238248f08\"","k_build":"418","dc5_server_salt":"\"ab2a4f91515e8b9c\"","dc3_server_salt":"\"d8def272f33759f7\"","user_auth":"{\"dcID\":2,\"date\":1697973732,\"id\":6873409995}","xt_instance":"{\"id\":9687686,\"idle\":true,\"time\":1697973747734}","dc":"2","dc4_auth_key":"\"3b4102eb0a48c64c6ccef9fa68bc684f5302d7504652969a9572f100555ce797a8947880ec89c26eb2591beda700cbaadd4bc9637f5f619825294cdfd59b283d90c38e45abfc5c4bf4f456bd367a4ae175b59d88d00ef8c8a8afdf6aec1f7fe895a0d2613741b29a5182008faa95fafe9b1463314a1326b326df7fe3478ce2eafb699914084d3fe4b882e0be5a29168466181552e8da4bc351b776cc7c0e45e65520e45711911e9fb56ed6dd89a25390e49c6aed8749b9637b7fa8d8cfeb852ab7d84c6642406f3ebce20c281f0c819e5c12ad64b037f4997e66e51b55c2462d0ba0a026ab4a0b4183f9c8020fab4e440229befb4ab94c8de73acfe7614ce5a5\"","":"","dc2_auth_key":"\"2086727b9e42bc3bb0ac2bc5f7eafff212de5777b6a6c47f2e33021b9497bab3814efad1684057709c5b3f6d3bf1ebb2a59a53bde65359fb9803e378130d041bd1de528fc13ad089a6e8c963c481e313b82c60771f67516b3e85821cececa61730327e235f0619990cae3732f76fa208fe3215bb84d8972f8bf813309b54bafba007aa051a8d6359e96a12f95baca890d494364905577ed89f13f1d75d12a15891f282c911f22b01852183200ac59b5bcf8bd19a87663bd84abcd759f9686e2bd6bd6686fc7ee5b547e5fc1332f966ed4586ff44c7aa76f9a86111b4691f9449871480cb6339c017547683811b7388a50bc2ce79538949e9ac9ae792b241bfe5\"","dc4_server_salt":"\"5d1c816380bd2aca\"","tgme_sync":"{\"canRedirect\":true,\"ts\":1697973733}","server_time_offset":"0","dc2_server_salt":"\"72cb786e10c9885a\"","state_id":"3665337051","auth_key_fingerprint":"\"2086727b\"","dc1_auth_key":"\"29401dbe95ee435c8b4f28a1952d026b216828a36c5e48a82d9e954fc2e9da5613daa755028bdebf316b4e4ef7ee9bb08af92fdf21ee43e00f252c58f09c0803aeea8a85321ceecac6a8be454e8cce93f0e3ef1a1960e053d1a0feaf4a38bca1c3106b46831709a636262c05e21b648bb27a1032f39e7d3aa15f4f5fdb760c133a0c76fffa55bd9d8720479c1a54372e401cb844f405f107494a8c0e1c7fe86ae00f2323e365b9ebcc70c8168a4147fd5ab9db88a562974682fc6eab69d533a4dbb36fb7d50249bb9be290a06ae80bc375e49022671840e861bc1966d40a5dd9037569161c9f082aa3d7413f3dc614caaafbae733b1dbb8c6c6988663147ec6a\"","dc1_server_salt":"\"6d154cea7c2700ee\"","dc5_auth_key":"\"78228204bcf4e98fdb7c2e936f7947f920400aae8c211a5d18581b3968d4bf73a05c61ac9588af1b5fad06aaba537cff2bd5f3e9a0db737a6b6347dac07b41016721bbb7589baaafbcfe246849957f032797c87c2df7bc258f558123de6ba0893f1c0631e7b4c008d73955b2ec91654a7fe7827eb1f02553998b5a3061f65247db75e573ddb6f4ec8b941ffa68afcd1283da3e9d05ca673562876240308d28891b0dc027e68a477565488b55560506eb840d7dfaf0a39f1bd0184db9d8d7659de0f8183fa45871acabb5ea7b07e5d3a7ec905e5f35c509938333b16a8d75b1f509e0c2a524520981c46f4b6bf9a1f01a8d2f0e540afb66ca24f1c2d5d4053adc\"","tt-global-state":""}
VM38:1 —————-
undefined
