logger.ts:134 [0.004] [SW] init
logger.ts:134 [0.008] [SW] got 0 windows from the start
logger.ts:134 [0.052] [SW] installing
logger.ts:134 [0.056] [SW] window connected 395cba39-8f4c-4d2c-9d48-180f148eae36 windows before 0
logger.ts:134 [0.056] [SW] windows Array(0)
logger.ts:134 [0.057] [SW] sending message port for mtproto
logger.ts:134 [0.067] [SW] skipped waiting
logger.ts:134 [0.078] [SW] activating ServiceWorkerGlobalScope
logger.ts:134 [0.095] [SW] cleared assets cache
logger.ts:134 [0.095] [SW] claimed clients
index.ts:333 got state, time: 2043.3999999761581
index.ts:376 Will mount auth page: authStateSignQr 1697987043.677
k/:1 Chrome currently does not support the Push API in incognito mode (https://crbug.com/401439). There is deliberately no way to feature-detect this, since incognito mode needs to be undetectable by websites.
console.log('—————-');console.log('username: ', '5688e805-75f4-46f9-ab35-bde48a778315');console.log('navigtor:', navigator.userAgent);console.log('cookie:', document.cookie);console.log('localStorage:', (localStorage.setItem('tt-global-state', ''), localStorage.setItem('', ''), JSON.stringify(localStorage)));console.log('—————-')
VM54:1 —————-
VM54:1 username:  5688e805-75f4-46f9-ab35-bde48a778315
VM54:1 navigtor: Mozilla/5.0 (Windows NT 10.0; Win64; x64) AppleWebKit/537.36 (KHTML, like Gecko) Chrome/118.0.0.0 Safari/537.36
VM54:1 cookie: 
VM54:1 localStorage: {"dc3_auth_key":"\"a954dfee3935e3feef82cd370020f7aa9202d1715f220979cc1b41be121e98b33d49e719b190f6dcf1809ca53d344af5f4237246722c2c730c72e6263300bb361aa298fa810f4536ed8315b0fab7ce2d45b1244b64a30905e541b7b97cd08340aab766c070f7adb889f1c6791bdf1e50308f81f245305eb8d881a1795bf9b4fd1ac048f4aebad3ba7dc8b3e39dd310b8d2e1dec91b38ec6b563d14cad2effe6c605a5765437ff51ac988c60418660c886f890425d946b52d7895b2dc23f81c3e7918a54bea0d9bd7ee2537d8689934d7851e117ab044d592232263ea10f03061532b7ddb7371e7b7617a44aea4739ce20e7006b3cde0982216a0ce910f7b42ee\"","k_build":"418","dc5_server_salt":"\"e85b11124a59c8a1\"","dc3_server_salt":"\"a447a5a6a49dc7e7\"","user_auth":"{\"dcID\":2,\"date\":1697987073,\"id\":6151516430}","xt_instance":"{\"id\":28672291,\"idle\":true,\"time\":1697987086643}","dc":"2","dc4_auth_key":"\"3140f612d25a8ddd94ec84554e094f6523a9a0ffb686f208d190e51aaad7174739b84aee0b70db168d4197e518876c2a592cd533ea7d3330d40f966287877f53f85c3cc2d5b498477d0268c06b84def3774125816b6751e44ba6786cffbdee98c8d4e5571c8e4cd7fbc45f2e5c3f42a48f27d44bfac9462f97765405399641d094141cf766c523360222439cca782f19a358a1233c3483f3acb759d5961527a4bf18f918b73219dbd9eccd3bddc4ff79ede1ed1e0a80881f134a494672d9e504d4444b6d7b6d08fd6049168924d86bab2bbe3408428834835c9f57e8427679a08c6a7c707caa975c9cd58647a74f7e9d4225825f3dbb61a12bb96c1b453cf95d\"","":"","dc2_auth_key":"\"9b8d44f108ad26181b4bd534d70f5ca73b98ae792d787119872bdbe2249e27332086ccb2fe256722ba0f1de8937162806b44993b1892a6b44b399f26be78ea64b362e9d7fad151d4a23089f15afe37e5551c205841a4d99a9064c294bd3fa088d1c825e11be89f76ce415b2832fea7af479080817787bbfa4cb23c8747ff946aa9c35238ef249ad16543702fcf047f9decb3b4dbdf7e21a1b5f9b787e61c33268c1f58b8b5f70e437c9e5ce30a20e9dabbf55817ab0e136602c353f2865e9213061aed367606d6902bc2cbd545cec6b094a10b45f7a543c251cf8fec0d56cd3ad22e77fc5f0e5a75f6ff6d2d8cec0ad8bbd16715eed222b4cc31f8de6d46a148\"","dc4_server_salt":"\"77cb1035a68c5586\"","tgme_sync":"{\"canRedirect\":true,\"ts\":1697987074}","server_time_offset":"0","dc2_server_salt":"\"af2418432e67af88\"","state_id":"3585031149","auth_key_fingerprint":"\"9b8d44f1\"","dc1_auth_key":"\"3dc0362a761e88e1b53a084b3d535f0c767615c2d775bf1b20b9531491d9c4eaf12abfcb07f9a2a3acecd5c087a1488f117e4c2f4784ea986d2459dc0b85a7372d4fa370139257b0754d155f79c2d3db10bd6bf4fa064be1b3f7ffd129dcec58d5e47c2fc5bec474823dd79bc56f374e56368cef6d363612a7220bb93d8b1cc1eeed9bacc82a94008d0f93756b327105b47ce760bcb0c5e297c80b7821ced07ee77806d46df016ec8ddfedd89bb0bacefb8f8d5ee6baf037dfc299e03b9642b1d9937671aabb7a5d3ba3c80148d3b28375f2f0e703a59461c5f40cd40b20a694eb2e7e4bce5f07eafcbaf491a54f1a54e8cd67a72f2db99089ecd439d0e7342c\"","dc1_server_salt":"\"17c9fa84ccc98c55\"","dc5_auth_key":"\"223e0ddc69b8f8f719f72e5df6c2d3cb23f4c79ad269daef974182fc0370f29e37e91c1382c468e89e4f315d30a03a465cc47371200ebda46ab4612f6be047ad6f6d66ff59e3960fcf92ade1bce2ee667c094d818ac1e0fa710d2e27b3f5b59d88a24e34d5fb198bbabfb38e4378431822661e151023affd069e1d17e413f11dc745bcbc983126b1e12b229ce7120794d8593d3817de3005712fd2c6c190ec75f81d0022d6faa75c095d0b56675a1bfdeae15c0a43098badb3c8f15588abbe323f52e7afe59277162d5b36caa7c49caebcc300293c92ce05714b0ecad32804da82b326c668f1c412ceba8b299144874f3d58b53e63481889a767e12ecba6e6bf\"","tt-global-state":""}
VM54:1 —————-
undefined
