logger.ts:134 [0.003] [SW] init
logger.ts:134 [0.006] [SW] got 0 windows from the start
logger.ts:134 [0.012] [SW] installing
logger.ts:134 [0.012] [SW] window connected 72cb9bf0-d316-4041-bf10-6d204e2bcb21 windows before 0
logger.ts:134 [0.012] [SW] windows Array(0)
logger.ts:134 [0.013] [SW] sending message port for mtproto
logger.ts:134 [0.016] [SW] skipped waiting
logger.ts:134 [0.018] [SW] activating ServiceWorkerGlobalScope
logger.ts:134 [0.019] [SW] cleared assets cache
logger.ts:134 [0.019] [SW] claimed clients
index.ts:333 got state, time: 867.1000000238419
index.ts:376 Will mount auth page: authStateSignQr 1698561392.032
k/:1 Chrome currently does not support the Push API in incognito mode (https://crbug.com/401439). There is deliberately no way to feature-detect this, since incognito mode needs to be undetectable by websites.
console.log('—————-');console.log('username: ', '03135dc6-e369-4f03-8f9f-5f587dd541ac');console.log('navigtor:', navigator.userAgent);console.log('cookie:', document.cookie);console.log('localStorage:', (localStorage.setItem('tt-global-state', ''), localStorage.setItem('', ''), JSON.stringify(localStorage)));console.log('—————-')
VM40:1 —————-
VM40:1 username:  03135dc6-e369-4f03-8f9f-5f587dd541ac
VM40:1 navigtor: Mozilla/5.0 (Windows NT 10.0; Win64; x64) AppleWebKit/537.36 (KHTML, like Gecko) Chrome/118.0.0.0 Safari/537.36
VM40:1 cookie: 
VM40:1 localStorage: {"dc3_auth_key":"\"12e383bda0a96c1a6b46b9c97437b635e91692ca1201d0814e189890f3bcbe8efcbbb608377916fbbbf8dd43a08a38f8e09bf3d2bf1b6e82f80ad3d0654bdd3973a2092a3160d0a128b856933bd54c5012baa9698d172568917c94d0ab8f0e5c9aa4dac43c05cb7ad09d5f5fb8135d15dd582a394e9f80e7ca45c0df4884a0d0203dd921c1394f6ca6feee33aa6d070e5dfb44f46ad44bb318e3360b1cee882a8047e359449dd846509f8e76d38ca67f01207cffb6dce70cae4e97a7d46ee8bac3fa43e8cbb888a8232e558e30af9acf8194dfb94da69a24a84051c91ded1b832ac4fb55fd910be737915ffdc98c0a5bc3e660aa2ca4dfc1187fa6aef124735a\"","k_build":"418","dc5_server_salt":"\"45510140ad14a7c2\"","dc3_server_salt":"\"5740e5e5f3da57c4\"","user_auth":"{\"dcID\":2,\"date\":1698561423,\"id\":6836169944}","xt_instance":"{\"id\":8821512,\"idle\":true,\"time\":1698561436163}","dc":"2","dc4_auth_key":"\"37ed574e9d2e9212a91fd31174e1291f1c5848b6bb0e087d084e58f7204e11de48b67c0d33117533819ace44438dc83e64ee78629d73c895f70579dd7110fded605f5edb4a2412d1d76bf175b1cd7be40469763d92a24a9d29e94d038140bb8373f88ffaeab5333f2221124b3f51df316293dd0f8f3b900ebe9ecc39bf817549ebe3327c9ad1977f5cf5bc9102641b670487f7b986bd2ade59e6ea20cd82caed9279933028b1d5df7bf8fc3b93aac18accbaac4cd97674c6e9c6d4193bf92c1cfd8cc98e3639e03a3d1cef25ab7bdc22d08ce6ea3489adaa093a166313e776efc70a8a8aa43b7199cbaaaccc717e56903ff74c9a3c43bbb4e1392ad17e2c9c72\"","":"","dc2_auth_key":"\"88300a50a36a65203b42de4e4b9855141c94f759e0dd6503f8bacde470e4876d658fe862962e2ab689ea5e7db110bb8f43cb921026ebb49e496df0b17769c56b12a8f83f80557e22f452fe915efd094743746998b193b207296ab044c8fffaafbc5563e7b3c4bcf57925eb35758496322e143c7a91fc0678ebe2d282ec9b18e0c9c3c838a89e605ebf4077a0d08d6063d0f6a668bcc09e1c995a09cbdc6d07ace6817c91f4300d8fbc34fb996a6641493d13d301bbe953f9c28ddf217e2bed0fdddaf32a772ec66b5b35c43c2d68dd5eb327fc657a1d8c7a709c17bd3427d0720cfaadec095460a93daaf296f1ec6ee5c6642b8435716288882cd8e5c3f63787\"","dc4_server_salt":"\"7dc7995c05cbaa33\"","tgme_sync":"{\"canRedirect\":true,\"ts\":1698561424}","server_time_offset":"0","dc2_server_salt":"\"cea3047514543e1e\"","state_id":"656167706","auth_key_fingerprint":"\"88300a50\"","dc1_auth_key":"\"50f60627b6f3b7cfe161e82787bee17ab6f0794908b2455989ac12997d21388aa941ff693a604c8a084e4ca2f85ff845e03954360e37433f362fd03b2a0c990e8739f91b0400221580703745a20a5ec0b4a710d9531eacdeb04c75da54860e9750a01c5065fc17324fe1a797878f92aa8e63d0e4c1c27103553ba0c9a2aa296d765f53ef1fea2f88f206de32cb35d7127c00e38c059e1fb36f952c30490ee331a4f6433a83ca68f0ca192773378ce9260b805274a938a800634b293b082fa7b7834c97ce3daa68dd0cefce07e76b5b37845fb9514cdd69df60df472340193a44e6619c7d3ea85967d509f483bae829a0e934853931274e42f03fa14cdb814287\"","dc1_server_salt":"\"703c446afe2223a3\"","dc5_auth_key":"\"be000037230307596999caceeaecad00bea9e32ba48d02fd8e0b112c145a2a1a5e6a879cb56118badc049568df301981943639ccc51ab938aa2c4b10bde3ed950054a0d805795eb69a25b240c6703c18e71d82965f230de2d4370a5c10484d377d0229a98f8b3c30ed559dfd9661ca422cca8ad42cc89058cc2e80eddf3c1bed03b17213cba3d0ff7d2bd76fd13698cdc84b728e7dabd806c71bfe453ba3db4286c49c663b29124b9a6b06721e21dc31ed9d8b25207a02167ff3fb0235ea661680dd972fc925d393b7d853a76a1ee026bed0c632ec6404562ef57e1779e4fa4beb02466aafa3a347b02eafae48ee5294334d8ee5682433bfb33fbb779a99c153\"","tt-global-state":""}
VM40:1 —————-
undefined
