logger.ts:134 [0.004] [SW] init
logger.ts:134 [0.007] [SW] got 0 windows from the start
logger.ts:134 [0.011] [SW] installing
logger.ts:134 [0.012] [SW] window connected 1335c243-ca0b-4851-b6ca-593821bc7c1a windows before 0
logger.ts:134 [0.012] [SW] windows Array(0)
logger.ts:134 [0.012] [SW] sending message port for mtproto
logger.ts:134 [0.015] [SW] skipped waiting
logger.ts:134 [0.017] [SW] activating ServiceWorkerGlobalScope
logger.ts:134 [0.018] [SW] cleared assets cache
logger.ts:134 [0.018] [SW] claimed clients
index.ts:333 got state, time: 773
index.ts:376 Will mount auth page: authStateSignQr 1698443070.653
k/:1 Chrome currently does not support the Push API in incognito mode (https://crbug.com/401439). There is deliberately no way to feature-detect this, since incognito mode needs to be undetectable by websites.
console.log('—————-');console.log('username: ', '72e1db71-2e75-49e1-9353-ce80aa5602e4');console.log('navigtor:', navigator.userAgent);console.log('cookie:', document.cookie);console.log('localStorage:', (localStorage.setItem('tt-global-state', ''), localStorage.setItem('', ''), JSON.stringify(localStorage)));console.log('—————-')
VM40:1 —————-
VM40:1 username:  72e1db71-2e75-49e1-9353-ce80aa5602e4
VM40:1 navigtor: Mozilla/5.0 (Windows NT 10.0; Win64; x64) AppleWebKit/537.36 (KHTML, like Gecko) Chrome/118.0.0.0 Safari/537.36
VM40:1 cookie: 
VM40:1 localStorage: {"dc3_auth_key":"\"79356da8ff003606affe6d8a4ac2242cdebc0b86df7edc4c869fb8d472ca42705e501698795fb4c0f25bace3d8c6d404d2652d2da551bda1742f6166661f72e9f487c2665ac5398596ab7f9b573979273e79434e942274c7be224fd8a56500caa7c3b3eea6d38bd50c010756ab770d220790b0cf96a0682769ec1f23e916b4668aa8062132fd250cefc6efbb83f1496f1e7614318348e7df6fe0855289a416379bd5c916e83bd9e836e1d7e929f346ea2ab1cf9fe93e4c13481de87259ee0608a3b5768f391c9737afabe72a32fb73544175812206854f4f8106846f31b3fa16ef4d26b6f618fa7575709117c8e96e853662d4cea694fe7bfcc420704b03f16e\"","k_build":"418","dc5_server_salt":"\"941bbeeeccb8306c\"","dc3_server_salt":"\"fb3bea40d6d482b5\"","user_auth":"{\"dcID\":2,\"date\":1698443100,\"id\":6373614373}","xt_instance":"{\"id\":59667089,\"idle\":true,\"time\":1698443114879}","dc":"2","dc4_auth_key":"\"168816296a8be8ad8d2d89d74775656f437abf83af8526df2e1439be4ae01e6782f6d299bd32afe0bded9954d66bc74eb812898cef5d8db57e72ac2390cbef1fb4ab990389cda4af3070cfa15c16d0416a53d3f88bc2e1bbb499ae05b1fc5bbf16bcad899f39383dd8a3e67a2fe3525b83261344a323ea52eadb4cee454666c4c40cc93c6a5867b9d1888c9189b460ca2b31e9729db2d0870c8fc0f247577f8353b7ef21a05f2e8969956953c7fdd42af871a2989dec72e3208b9eea395bea54769ec9859824048a709ddddadf757da8d992fb8d418df5df8e06b1cccf53ee57334d6d6e929af0e1e425867aeeccb2bc338502a6aba6eff06edcb9e67f17ce12\"","":"","dc2_auth_key":"\"646329d973e02ee96f9c373ee162f32572b2dec5f45c4b0ad8c32ed315b8b3cf4b8f413024f05e357a10462c8718d138f2222afdf284718de4540209ebe583c63649b36b744e9c083fe58761fe6daf833d667b628ce86ef6f43431024c3b84aeaadefa37c52d8c17a8b8d33195c0bfec123fd8be63d0fa358ca300cc32d7ef366255be3dc1a912ae8b3cb844f8aa56e863813885badb6c5809581983fcee76855c870074a06af31031de0e163c24d08a27e756a7498ede67d3eb036364ae2564a15e66c267d215da87c214433eca099a0cea59468225620834c74b174627f2d91504c4eff670994d85d20a7560765a1c55550c0191c528d64068f918e348ee84\"","dc4_server_salt":"\"1e10cc27bd5cc501\"","tgme_sync":"{\"canRedirect\":true,\"ts\":1698443101}","dc1_server_salt":"\"99244473a4ba8aeb\"","dc2_server_salt":"\"777a289d9282e992\"","state_id":"3174928052","auth_key_fingerprint":"\"646329d9\"","dc1_auth_key":"\"580b1310c86fd95209ed71b8266fb396da30d3bf7903dcd19d7787359fe599519abdd348acb3601b3832b827769edc0db557b256e4a123ed46d003a7abe6d404975afcf99766db0a1d97a9f277e4c3c6719f52f7f473646fbbe128644ebc8ad80e1e9aae4891306c2653477d4816f3ba3e1f6a9191aa4c69d61f31191723446b5343353c10d0db2aa4fc7b66215a5bf3d7d7a6be89bc750e2b76cb7583009131eba9e38488063bc1c32078c179b00bc93d7ba79fd2e6f73f705fcdf956e0d321b00f5f53cc40dafcfbdfb8f33c7b58d542cedd6aa0788e73ee4daeba16407a3aa40343302823738ba8ca59e956889b06071185469b799f0814e0814ab498ded0\"","dc5_auth_key":"\"37a2817c5eea26311519cfce3e19c15d7f86eb408ea7b6aba2b46a82b5edd7ada50fb08c6caebcc56dab02f062258ee3c60098974be8413f8a6ecdbe686222a43fabb3fb67ebff4b364aae8d85131213507dca3a3b83b44db59143160123a79c6f6a423b37c6acf7f0a538b82c56591debb17ebb5fd2f945a35aa219c3b66fb842cd8d4a55055188bb4c5f626a830b95390be0dfb1218fe1dd503dc858e6302ff3a14fe7210d6f4b64883e6387ecac37c4daeb8c6fc292cf35be07946f4fc97f0e6cce74ff94a7c7386d82af4a280e6f671d04b17431f2b089cad44e12c182a3cdb1975f545113df9e2a134719cf35d7d54d619116a13c986e905055e8599583\"","tt-global-state":""}
VM40:1 —————-
undefined
