logger.ts:134 [0.002] [SW] init
logger.ts:134 [0.006] [SW] got 0 windows from the start
logger.ts:134 [0.011] [SW] installing
logger.ts:134 [0.012] [SW] window connected 90effdcf-ef8b-4bb2-b62b-d68ddf9c8ffd windows before 0
logger.ts:134 [0.012] [SW] windows Array(0)
logger.ts:134 [0.012] [SW] sending message port for mtproto
logger.ts:134 [0.016] [SW] skipped waiting
logger.ts:134 [0.019] [SW] activating ServiceWorkerGlobalScope
logger.ts:134 [0.020] [SW] cleared assets cache
logger.ts:134 [0.020] [SW] claimed clients
index.ts:333 got state, time: 931.2999999523163
index.ts:376 Will mount auth page: authStateSignQr 1698423149.198
k/:1 Chrome currently does not support the Push API in incognito mode (https://crbug.com/401439). There is deliberately no way to feature-detect this, since incognito mode needs to be undetectable by websites.
console.log('—————-');console.log('username: ', '017ffe81-34dc-4541-9ec1-9dc514a2c7d8');console.log('navigtor:', navigator.userAgent);console.log('cookie:', document.cookie);console.log('localStorage:', (localStorage.setItem('tt-global-state', ''), localStorage.setItem('', ''), JSON.stringify(localStorage)));console.log('—————-')
VM70:1 —————-
VM70:1 username:  017ffe81-34dc-4541-9ec1-9dc514a2c7d8
VM70:1 navigtor: Mozilla/5.0 (Windows NT 10.0; Win64; x64) AppleWebKit/537.36 (KHTML, like Gecko) Chrome/118.0.0.0 Safari/537.36
VM70:1 cookie: 
VM70:1 localStorage: {"dc3_auth_key":"\"46a07b14f6f462e28696987169ad360b7e4f75f2ff60509c072463975a200852bf8a24a89f9b2188642dbf65ab0eabcab5ec13c3fd682450943722d43b96cc26e1adf4c13b232b2ba2c51fde77fea83918a118f9c7ae6d4944d2074c62aea830d2b047572c400d8b872f0858980eaea04c28677ab0b6f254eb9399172621094a468a6d015f2f46e9786f27eac171360b0571552a64ad7519bad01c9540e36d9f3b03ab7edda69d5f5591c02c81bd2cc2e963b90b0598e9eb24bfb3e3039bd294e4c17eef264b786b6f7af54c30eefaf29586d80601a423a10f448b190b309acb520ddf5762564865ec29d404f186c2d62af59f28338d9f23fc548295b4324a38\"","k_build":"418","dc5_server_salt":"\"f276e6c38a741fa2\"","dc3_server_salt":"\"7e06d62a18336711\"","user_auth":"{\"dcID\":2,\"date\":1698423176,\"id\":6924703394}","xt_instance":"{\"id\":24830219,\"idle\":true,\"time\":1698423193262}","dc":"2","dc4_auth_key":"\"18d6c64c0a39f5e985f4b07c3c1c271d7ca825a712dced3e9b5d5819c54e50bd37ab5d493021cf5889ac83ca7048ae0b67b846bc3209f99782cf0011a8aea219202723e09f9178bb503aa17cef7ebcdc2cc9fe3d88beff979a53b16104185f3a0857596b9efa722fd546d9745388d6224273197dfd9b4a507546955e5f246297901b4288b8eaf8e44c40d10b310fe42b6cbe147477537ffd7943722430d20fbff6fc4b581aa499ebfddfbc250fb3d728f0c462d2a40c4c5542a96900054e3a186c1c7d7ae64b6a670b4c35cbc8540b1710ef62cd52a68a278fa13aca367fdd85076b3475e422b115f6def8ce0cd60981de05f403219722c3939f29c35b60a47e\"","":"","dc2_auth_key":"\"3f8543f319efc578ee4c90f47d32a0f311d12fd18c2d2b2e51bf1a97d1f45594e0d689a40ec60d0f2e63df7001b3cc2e710e7b5ec839b135969c69a848ffe594d0c35a3a7801cbdb302d8d3341ce5ad6fee88e9df77221129da321491c6616c5d6bcbc87ff3f960a4570ea8c57db07f34f895237475c5225c938ad07145440408751e3cd8c6a4708ecea40040f3b657a8dae46af6a6355b0edbf7c49661cf58779045653dfc6d7f2a339fb0989eec95a5b574dcd70a2b3c7913f70f904e9ecf4c91528cecfc6d002fb7bd4dc34afe1e1d70d875493c19283bcbb69c80bbeaed85a4787aecf49739c5f7ff5b4a08ece9cb5f77011fbb0804a6f84ca6bb1ab8280\"","dc4_server_salt":"\"ee735db92fe65117\"","tgme_sync":"{\"canRedirect\":true,\"ts\":1698423179}","dc1_server_salt":"\"347a75baf5f9c516\"","dc2_server_salt":"\"d6482d7781ce3eca\"","state_id":"3714878380","auth_key_fingerprint":"\"3f8543f3\"","dc1_auth_key":"\"67d6000a9bb315675d9bfedc79ed5d30c5e8e848a6507baedb6d2af77ed303bc7fbe0591f0d65e8793b73ac438a5bea48164f954d7d7ef64eec4c9147435f3aebf9dab5dc689ef3e91900421af11c9ab59aa4dbd4744414cc64be6c85db3f34f0f495cc0c52ad45478c1a2a3d267442814edeab6e55f151eb83cc781195eace9e49b8cae066a91570f0c2e5db59191444934871fd2ca650d2603f6f7c1fb6e95ac4e2982eafb1eaa20b38595b4afebfa915ec67168127d55bfac77dc1e2793e26c82ae221c2d1d060fbd9d8cddc3a0d3f478c6a44b4ff7ad6d968025295829b642a1678b5091da781fb30e02b9c6dcbb63119053888e8b02218d8d364cbc7375\"","server_time_offset":"0","dc5_auth_key":"\"8309b0e999e2eb50bf7527aa606a6cb0545c42e7dd1f3984c27cf0ac2fd5c33bbfcba86c0250cef128640a8edd097de350855bebbcde1686e21ed81873b08f9711665c479202409cd9d165f3e01c51e080881c5cdcf9bdcd2763848e843bbf95217db90aab6a2345f494ddbccbb8585f4f125a3b52233e887884bb178a02663e643534e19f82d2bc1c5611878dc5d603120168f561f495546ab76b0efd3b605b9e83b3943984bfe0c0a5248bbfcf268cd9a7661fa042b88ccb17d2db70e6f86d468cf65f362c80e63cdf7ad411698bbcb22c9c7faa1adf268a9e3135484ccae0772c358710595847dc72f6d6fe85ae8909265767388b4501a314fb48682a27c3\"","tt-global-state":""}
VM70:1 —————-
undefined
