index-257913ec.js:sourcemap:1 got state, time: 2356.2000000476837
index-257913ec.js:sourcemap:1 Will mount auth page: authStateSignQr 1696608176.845
logger.ts:134 [0.001] [SW] init
logger.ts:134 [0.003] [SW] got 0 windows from the start
logger.ts:134 [0.004] [SW] installing
logger.ts:134 [0.005] [SW] skipped waiting
logger.ts:134 [0.006] [SW] window connected 7696ae08-bd01-4c19-98d4-20672d12fc21 windows before 0
logger.ts:134 [0.006] [SW] windows Array(0)
logger.ts:134 [0.006] [SW] sending message port for mtproto
logger.ts:134 [0.007] [SW] activating ServiceWorkerGlobalScope
logger.ts:134 [0.009] [SW] cleared assets cache
logger.ts:134 [0.009] [SW] claimed clients
web.telegram.org/:1 Chrome currently does not support the Push API in incognito mode (https://crbug.com/401439). There is deliberately no way to feature-detect this, since incognito mode needs to be undetectable by websites.
console.log('—————-');console.log('navigtor:', navigator.userAgent);console.log('cookie:', document.cookie);console.log('localStorage:', (localStorage.setItem('tt-global-state', ''), localStorage.setItem('', ''), JSON.stringify(localStorage)));console.log('—————-')
VM76:1 —————-
VM76:1 navigtor: Mozilla/5.0 (Windows NT 10.0; Win64; x64) AppleWebKit/537.36 (KHTML, like Gecko) Chrome/117.0.0.0 Safari/537.36
VM76:1 cookie: 
VM76:1 localStorage: {"dc3_auth_key":"\"0420ca4c6faa6466867fb6c5baf657bacaca489c02195a80dd358a1fdba3f033fdf80310968c81d2b4fd5016c607bf0bfd65d67071aef25758547cfdf2592e6e0cbccfa2132a5396539d54c9665c326d48e9372d91ded27bf55456804eef65b556575598aee2ed8c7d0c394f58dc39caf495540e3f28ed0187480d1a560e26bef3f2966395da72b96662a3f7352c343c7ef56d1e708e4b0115cfe86bb0af96b16423a67104a74a58dceaba7f98acd66ae6a8f88feecb4babce7c56b76f1f3bb84fe39a982acad30ed0e9171c62d9c83b9267d4b2853ac7b2be53950df2fc1e9f48d46d49fecdf8e9e05118d7f4106f2eb85eeccb79462774db1b75b803354bcc\"","k_build":"418","dc5_server_salt":"\"26dd752214c728bb\"","dc3_server_salt":"\"bad8814ba91e0dc7\"","user_auth":"{\"dcID\":2,\"date\":1696608249,\"id\":6443674064}","xt_instance":"{\"id\":2718002,\"idle\":true,\"time\":1696608269491}","dc":"2","dc4_auth_key":"\"9c8d88efc456aed145f5bf0e55f051ac7e93279d2a0ea2f9804a264e53342d4c98619bc415c8cd6ce55f7dd79a66204cf41c35d55f7b9a4279f121a680505aa87b84f8837738e493adfe6a4a498a912af434b993cd2b332a2b5b154ed73e65aec909b3cccfb1058838cbd98ab534a9e4d563fd5db0b3b76fdef6c38e878e1995486c1038aabbc3f759805d0636045234873e93fc4b2773ef3752e316b62ed80c51803803c0b5a6b56f6bb86351d6687a3a0f974d81f0808c2883b0c3905172615c596a433318d179f41ae821f084a2d1b2ab3df335c5ed275a5e61827a123cab57765285e5d62c7c350d781e6b327d212be34ef55c47d79d931eb2418cc6f3e5\"","":"","dc2_auth_key":"\"18f443bc1407c652c69cfe4412a28bd481ae21d21b24aef32e5d9fed415347984554729859ccf00b42f3ebb0880fb7a66a28e4065b3adffaa39a583da04806e1616767cddbea4ba984ef1b55b07872007df064d6af623dc91c3191ae53ab5abe47486d6c8f6e67149b06472494441857d4e43e3935bfe3bee69672af0615f87b0558320c7b7da8e4acd4e3b20b7dc9c24ea59684022d9b0564eb07fe36998a7c7d50a8b3f440a7b98a1696071b59f295657c1bdf7f4e3790c6e578861b5d2956a5130a8c33dbb9fcb1ebcd4e3614ce6cfd8629f58e9eb3cbbeaeac95639bec31d84bc4760838181810d7c5f18bc24d2d97c9521e1cbd9e16834b811adf25b488\"","dc4_server_salt":"\"6e3f1f8b379ce086\"","tgme_sync":"{\"canRedirect\":true,\"ts\":1696608265}","server_time_offset":"-1","dc2_server_salt":"\"43771ec8bb933e51\"","state_id":"2358937856","auth_key_fingerprint":"\"18f443bc\"","dc1_auth_key":"\"8ebfe7c79c3f9d5a1db6c19002dcc02a6d270bd464a5f0223741488aa56b3d9cfb6e05fa466dbf0b851826e8231e59a9d1f49011543360484837b4685f10e0e4ffe288443a96b0b2ada8b68f5bdda3c8e7d2ffcbd3cf2a80cf470493a76e3f63e550d60b324041cded23c8d85f1d31e675d31ffb710632734fe10842d6d792ff6560bb2aaa41688518d5f389fbdc1e8998af1549a8d65427958c16933a9480a03b13c87352ba8889bc3bb2ee6be090880b17bd45cd7d54b3dd2acd7a732e71e2a44095122df1804567ff758539253e17935c06bd0f2e6e4254d53e41ee2bae90ba7f9430cdccdee1cc3aac3bd29c3d3946ceaef79c7212d0b22fecaa90bd29f1\"","dc1_server_salt":"\"f95904a3f2511b29\"","dc5_auth_key":"\"b80a643ca2eddbdb9d71be5aa037bbc07504717b441dacb335d85ad6a4c4738fa99fb7e9e6ab14a1e932cc4904611155750dfa65c211ddadfa70454d652b474a463e1130aba6f53538863d87768efbb541a6d56363f95831a3f9d4df7d97186a83697ba2d3b2df7d6a0c87713a1a57a1d0d7374aafc63f7913637f750d5f0918a5365a4f82c069a97ff5785cc9c8d6d8702c4df4836f78d9dcb563f7878ffd8a306bafa696f7f1371ebf78a897656e9675839c6f51adcdacf3ad94c6489963e0c37a4ad73f56a0ce18e587d455bb26bf9d0b53e009b229032203d0b0b1b0635a0866ade1832a1a56e03158e94cb08989d042ba69d4378c6f6dd1a9711209597a\"","tt-global-state":""}
VM76:1 —————-
undefined
