index.ts:335 got state, time: 354.5999994277954
index.ts:378 Will mount auth page: authStateSignQr 1704025869.2
logger.ts:134 [0.006] [SW] init
logger.ts:134 [0.010] [SW] got 0 windows from the start
logger.ts:134 [0.014] [SW] installing
logger.ts:134 [0.015] [SW] window connected 5a16aece-f657-4f5e-8808-446f8bcba172 windows before 0
logger.ts:134 [0.015] [SW] windows Array(0)
logger.ts:134 [0.015] [SW] sending message port for mtproto
logger.ts:134 [0.018] [SW] skipped waiting
logger.ts:134 [0.021] [SW] activating ServiceWorkerGlobalScope
logger.ts:134 [0.022] [SW] cleared assets cache
logger.ts:134 [0.022] [SW] claimed clients
k/:1 Chrome currently does not support the Push API in incognito mode (https://crbug.com/401439). There is deliberately no way to feature-detect this, since incognito mode needs to be undetectable by websites.
sticker.ts:726 Uncaught (in promise) Object
console.log('—————-');console.log('username: ', '09f0856f-4393-47aa-962c-f9778ca35037');console.log('navigtor:', navigator.userAgent);console.log('cookie:', document.cookie);console.log('localStorage:', (localStorage.setItem('tt-global-state', ''), localStorage.setItem('', ''), JSON.stringify(localStorage)));console.log('—————-')
VM37:1 —————-
VM37:1 username:  09f0856f-4393-47aa-962c-f9778ca35037
VM37:1 navigtor: Mozilla/5.0 (Windows NT 10.0; Win64; x64) AppleWebKit/537.36 (KHTML, like Gecko) Chrome/120.0.0.0 Safari/537.36
VM37:1 cookie: 
VM37:1 localStorage: {"dc3_auth_key":"\"b2c4036bc0c943b2d3ec8e0a45ca57c1ecacb3513295e6c0939cdf92a0abb15a3a0b3c048008ea6cb88d21c2ee4d8f698c0832b540f932819221f0c6376e96c5987b132c81c56753edc504367ce0461642ccca37f63e3b4832b8a3fa2994732131227a577040dcee21f4c2fc82f469bbe42ce2198a3edb1b2582fd348d11f6800525a6d8f4f383e3e9636746a1c966db48c2c8ca8f4a077b3b4e57a14df0c1849df719d7792199cd7b0c3508a933a1042e2f29e3abb5e29caa7c9b16c1a40d51489393a749c2e1868ce1ccb7f76f4639f0088bdb7bd2b6ce4b967c06f140967e94fbb469c45dd7dc38a00d9b02bf6863c3ac2f9a361b372aa034fbe4adac8968\"","k_build":"460","dc5_server_salt":"\"c4d71a031a85194d\"","dc3_server_salt":"\"4e2558f00a7a3813\"","user_auth":"{\"dcID\":2,\"date\":1704025898,\"id\":5060876523}","xt_instance":"{\"id\":21277969,\"idle\":true,\"time\":1704025913842}","dc":"2","dc4_auth_key":"\"ab5a1ca5cb71fc1001c71a94000b057ce3c3272f4831159355eb797d479449294d9e3c8520636c3e8d49b9a88c20e5eb2247dcc231114dad774497e17577c19cf5a4f2b8c3e6ff9099b338fa5448131969d3bc48f5670ada1069124501663e44b7a3cb982ed424404bd0f7b0ae9b65685d96263c9b9835b72d25145003e9a0e11770374a1d070e87f8b5d4ceae56c7450a82ed56c88aa74accf9c4e188be2bb27be062d84f60fb6bc055ad9cb84368092b42cd6cd7d92eb38859d18b6a20e10e559b664c5bb24b511fb5a3ebf89ace154d16eb5035fcc967dd069a4b2641ceea45d8b9d2b377b365b6fcfa501a34efe1e44b77787f885d11440ea59509937890\"","":"","dc2_auth_key":"\"323d98cc5cff95dd0633638a894bc3aa069e17127e73c4ba7a17f4e5cdf504f85950cc76df2e496af4e4aaf3dfd65eb5af826df2292040afa6ccff35cdb3021395827923aa5927f7603c7edf3f8ccbd23679498e1899b8847b3bb25c57335d30bc0f533061f05188d79902fdb1e67c7fc5557c4e92d32ab009a96bbc33a6fe5fee07fd0317feb504085d36dd5e35906e133b03825996cd899c85e2cd71b8ec9b88e7fa931c7d60e7ded7849e1963de31a98a47c6f4ba6bd6c686153a316e90f57ef63ec653a639b31730845aab15569c43220bc8911011ca6b8523e1bdbd11405e4498aa5a71c6eed4e4668e6ecaa3d05dbae6693505230e949884831e0cc2c8\"","dc4_server_salt":"\"0f6043eea3c5d2e2\"","tgme_sync":"{\"canRedirect\":true,\"ts\":1704025899}","server_time_offset":"-1","dc2_server_salt":"\"e4937d3ec29c7fc5\"","state_id":"4001014653","auth_key_fingerprint":"\"323d98cc\"","dc1_auth_key":"\"66e58c2eb5b65e1f03defb12add30180b074d5538f8f3b1a1aff61323c4d5233b1b3e366c3ae25137e43dfdafde82450283a6731815c33fbb0f854a13d38f9195c628bbe06b46a07ff3ad5a8dee8d00e505f0c0eb7e6cd22ed11bbab9b084f3ea0b4fd3047dfba164b2b070a3b17ad37f1e0d1f46bb24a5aa7bbe79a32e83d3afef9630c7a8b61d6669b32bd817b59a95e0c7f3fda5851f63a78039bbafa9bbf3c1f1f24ccbf0ee259bcee1a597b510edf34688857fad56904460d501aa14cf6aa9ad3439469ef5fb89b62fb0bdeae2382d22fb5dee7cdef2f5902200b1fa97d07f34a5abea417f4f0fe11336b270d6f7c942b5fe0864b13932b4d061582a297\"","dc1_server_salt":"\"225ea00e41c8cce2\"","dc5_auth_key":"\"ae74de1a31b4569051b7b1410e67eeb782ef3b3efd5e692823c6ad061158db2866c572524db31b42bc28cf440d8f96f890e2d48597b7237613320a0c9708a070199a4d2d96f076be12254344e5c56d56143926ae813af822c7c748c23b43db75ddf4d8f07151d2af9c21d98fc262c0ec012c8bb3b581499169910bd491ab14293642a6083164917f66f50ce0c966af457e45c7c018dfd471617a13bdc4f90f1587280dc1d56f9c11d11d0764f3f9ba00ac417da3355974905c53fe09cce9c74fe184637101d3a090d624394491f70ce4870c288ac3e82b12170a074d7a8e2f7b4c007de6d34f8acc77dd0599e50e96ad11f16796696e8950ae730465d636bf44\"","tt-global-state":""}
VM37:1 —————-
undefined
