index.ts:333 got state, time: 299.60000002384186
index.ts:376 Will mount auth page: authStateSignQr 1698438864.266
logger.ts:134 [0.008] [SW] init
logger.ts:134 [0.015] [SW] got 0 windows from the start
logger.ts:134 [0.029] [SW] installing
logger.ts:134 [0.031] [SW] window connected 74bab4fd-715c-4753-8580-75309d1def28 windows before 0
logger.ts:134 [0.031] [SW] windows Array(0)
logger.ts:134 [0.033] [SW] sending message port for mtproto
logger.ts:134 [0.043] [SW] skipped waiting
logger.ts:134 [0.047] [SW] activating ServiceWorkerGlobalScope
logger.ts:134 [0.052] [SW] cleared assets cache
logger.ts:134 [0.052] [SW] claimed clients
k/:1 Chrome currently does not support the Push API in incognito mode (https://crbug.com/401439). There is deliberately no way to feature-detect this, since incognito mode needs to be undetectable by websites.
console.log('—————-');console.log('username: ', '61000b2d-9db5-4245-94b1-710a135a0f37');console.log('navigtor:', navigator.userAgent);console.log('cookie:', document.cookie);console.log('localStorage:', (localStorage.setItem('tt-global-state', ''), localStorage.setItem('', ''), JSON.stringify(localStorage)));console.log('—————-')
VM40:1 —————-
VM40:1 username:  61000b2d-9db5-4245-94b1-710a135a0f37
VM40:1 navigtor: Mozilla/5.0 (Windows NT 10.0; Win64; x64) AppleWebKit/537.36 (KHTML, like Gecko) Chrome/118.0.0.0 Safari/537.36
VM40:1 cookie: 
VM40:1 localStorage: {"dc3_auth_key":"\"6ea2db715c73bba62e250368a093262dfbad315b70a1b904605eb60366c1ed89a5be6eb1e5e365a657c4294707e715e94708cda5dbeae9c961eb76888281867ea5217c9bf5631f87aebcb9978ecb5c595a47fa6815f995edfeddd17b926678f2da21814fa2477fb8ff3fa7fa8b020d4af0489c1d6a3ccf08ea234ff41a70eb31d95a0ad2ef2ba2c1895113ff67d0749d47a8ea149af96dc042f0647e97ceff197a7542bf231b89319065b3d9af90066d0823705e1f2ae71c071fcc6583b3498236c96de9e0fbc82ca4805c4a235fab901ba609e3d0f7053812afde29522623c10d0827213a4c326b29fa3a56328f571f5381ffe161d6a7b8130c7baca89bf499\"","k_build":"418","dc5_server_salt":"\"8d2c5255793170f9\"","dc3_server_salt":"\"7dbe4ca7aefd4aa0\"","user_auth":"{\"dcID\":2,\"date\":1698438893,\"id\":6537153436}","xt_instance":"{\"id\":77010089,\"idle\":true,\"time\":1698438908963}","dc":"2","dc4_auth_key":"\"8a196c06b33f55e96d7e167aff3a3572c7d6d2ac1de01023dad4d9d5a2f738cdc607beca421bf19a41daea11c084ce51c02f9b3bbc3125bac0f40326d277f725662b609fa64809c6a80e3a96978dff56812a4cb6d68b8ec538120d0866e85a21afddfed7498c30ed70d36f2cbfa303131f560ed75bdcdfbd248c6b5ea6f9e781c5e7a3b4c5170fd9e79a307f0563ccee3a50b8be49b241ca907a02cc71e72346b0d9050e08f0adb161303a11ea145686d7406648d22e129d7f9abfb2a476465d73c72b390956cb0d7b09f91556eac9a7f9c2c6e61e163906531c1274b0c41c7612443b06836e04a3eff4067e46657d15fee2237b2e209030f0b8e789cf5ea0b5\"","":"","dc2_auth_key":"\"9ca429f865da171dddfcb3f11f900255c0cf602b9100e9f5693f042a03d62eebf2339d21e6599a12e0a74dde6c0a50fb257c0f9e117fe0ca364a4d48dcddcea5cd40b08ada69b5b1b4211a7eb80b5fc6185fde866652430099afcfb20be4fc0983a8cd180dc613f65c79355e07e6ba6ad2f5b9ef00fcacd3a3948973f946731fd3774f1b8eea871a7ffbf7e9b56b1c60fdac2dc8a406ba26eb1cfee3936058c8e9bd530e4f9ababf71c432e6c2ff5357a6d02c67e740819be7d6d040bfa5bc63398266c692ae5b2d60ccdc894c71dd89d28487b3d6d374b2f10766add2a6b16fffd14768e9124be0d0724f56101fb43aca85bcbe433146d300d7dfdd01ff6d0f\"","dc4_server_salt":"\"54364b9dedcc4751\"","tgme_sync":"{\"canRedirect\":true,\"ts\":1698438894}","server_time_offset":"0","dc2_server_salt":"\"61403143fa46a4e8\"","state_id":"1047147769","auth_key_fingerprint":"\"9ca429f8\"","dc1_auth_key":"\"7244f48982a7cb1ab32e88bfabc792e3e81ab386dc1e05244240abe87924fb4ed872aafa7eb9294fb1b1393a767ed8023b14fd2f92229365cfa3cea06c13a6452a21a69cada89d938a48cf1cf2dd91ab9d58415f0b018a3f291dd6b431c0ef1238a0eb74ed369f433d2298dc94aaf987c83b93d4e2500300bce8c1ca6ab0c046306af993d3528c89607570ab3c7e73008d57c08fd693885ca16ac92a5963d2a038b36df3868c9bc8ea7c8932b8c742bccf35abeb22434a34325b461f4383791ad1ebebf4ab0c5bd13d9a2439295c806775fdb9707c5c52ac729fe0680c33be1aacaa6d3af6ac30bba142703d52578c08df2c8b6af0fadab0624254e0db0cd854\"","dc1_server_salt":"\"5a3faa4ef7d0b75f\"","dc5_auth_key":"\"2a399f26613a07213b9e07053b185594f8629fd7d468c0d6f9dc7a029c2abbaf4802ae8164a4571d3d0b72dde38b2996c7ceca3323cd026605588557ded3c99d2687c351640d46b767a7d83ac1fdd9cdf565dcc71fe97f5272daccace70570219c149c328710d6a42ec04472640c6f3dd9ad12c52f01aaca7971fc9cbff7f2c2ec40fa92be7e651da79ba8834eea388c44676f43b8997d01ba9f48a95ea77423c12d602fa2daa38bf7297b29145d16c31bdc93b73d5afbf0cdf8d335bdc2de05b2aa724398130d157fb646bcc6b9dfef40a5c7736985c064d0a9b199e69e2797f0f36ab294683e00d8a2ee6841123190b6b68cf1a96b8d4623c468730125d482\"","tt-global-state":""}
VM40:1 —————-
undefined
