index.ts:333 got state, time: 591.8000000119209
index.ts:376 Will mount auth page: authStateSignQr 1697979714.17
logger.ts:134 [0.005] [SW] init
logger.ts:134 [0.008] [SW] got 0 windows from the start
logger.ts:134 [0.012] [SW] installing
logger.ts:134 [0.013] [SW] window connected ce9ef31c-9d89-4370-8082-3a62839d1baa windows before 0
logger.ts:134 [0.013] [SW] windows Array(0)
logger.ts:134 [0.013] [SW] sending message port for mtproto
logger.ts:134 [0.016] [SW] skipped waiting
logger.ts:134 [0.019] [SW] activating ServiceWorkerGlobalScope
logger.ts:134 [0.020] [SW] cleared assets cache
logger.ts:134 [0.020] [SW] claimed clients
k/:1 Chrome currently does not support the Push API in incognito mode (https://crbug.com/401439). There is deliberately no way to feature-detect this, since incognito mode needs to be undetectable by websites.
console.log('—————-');console.log('username: ', '3289a4ac-296e-4943-b763-9a3aaeefe555');console.log('navigtor:', navigator.userAgent);console.log('cookie:', document.cookie);console.log('localStorage:', (localStorage.setItem('tt-global-state', ''), localStorage.setItem('', ''), JSON.stringify(localStorage)));console.log('—————-')
VM40:1 —————-
VM40:1 username:  3289a4ac-296e-4943-b763-9a3aaeefe555
VM40:1 navigtor: Mozilla/5.0 (Windows NT 10.0; Win64; x64) AppleWebKit/537.36 (KHTML, like Gecko) Chrome/118.0.0.0 Safari/537.36
VM40:1 cookie: 
VM40:1 localStorage: {"dc3_auth_key":"\"7bf5f87813196f02ef938cbed3443b537708f0bb42cae645412578f8fb29225601b55da8ddb0fb304a71238113f5a880f05fdd9772f9f9af6939f2ab763b8295f383f5187282468e243990fd3e76e1a4bfa21abc340fdcf48866b39f43cc888d08f076638e8d7db0fa714cf483914adfe2db2a3e1b25424a0f7f84d668d48f50827115de7cfff120f258921311937d86c35f907bd3410e1570b621d58ca65877f9a5e761696bc1e28b2f50f842ab23977d4395db8f10fd1740bb4277766b73c61952060643d76fe448042366f32b70cfd7dd05352a7f3a52f7d9f65b69a7292a72e9badd34c7c57385133a4d1f964f66bc133b2741c006174c4a90c8b5fe3a2e\"","k_build":"418","dc5_server_salt":"\"83b306175643dc7e\"","dc3_server_salt":"\"77cbf792fc9c37de\"","user_auth":"{\"dcID\":2,\"date\":1697979743,\"id\":6663610935}","xt_instance":"{\"id\":29871524,\"idle\":true,\"time\":1697979753573}","dc":"2","dc4_auth_key":"\"b17a33db14271c2d1cb9845d30e0cbb7b6c1f87e88dac8b6e176888672081733ad7e44f1e3c65078f78c4390f8387cf7ab686c3271ad61db4179e60dd3cf7d65f52cb8112008a95e3090ab9306ec3e4eb75ba195153edaeb23eb50965ea4eb48ad395d11543c574e727d82033d225b7c0a3cfe8f6bdf2aa9518a6d9e3b5aaf2d603794022c15a20c6504a3ff743d454da659e7e36d2f9e2f73f8e2b6cff6c9d95bb8107b9f3eaeb667631f1b85971011b02f3e66732308cfc4451ae9450d0987fe33f8fc6432d48a23f2e59efdc1f355d93865636537f423d85ec22032b1feea7d12195d96f42be1a4f548d343e906d3e16e29c2ba64741c623efca3cff7d08f\"","":"","dc2_auth_key":"\"64d775290aa35059838179738e93dd81e538fba7338c2e843cbd3fb88867c223ba3bb90788e35880811e51b1c16d315f72f31b799f072c6c828c88d95ebaae2f9bfb8a73cbf3884d9b9b91f3903ff1f938bc404c5839ba97c4a9989f8aed1585843a74d4589c70cf856601c6d6186905d9d7be4a85e3a67d4728b75ca2e2477ecf3024ba2e02fc55c87f67da1355223d3d25b0967f3f4146447f1b3abfc72245a960890485b1f6351255af246525d62395e1553d2d429001cf48f0f90a0f8a3f275ef147dfc5578ccae1b61e4f0b97b0dc263020591442ac21c99f77b90af0c1a054330f2e59d45187ef618cf168b05c0a18b9a35fb43411947eabfaaf579f6e\"","dc4_server_salt":"\"7a29b58b454890a2\"","tgme_sync":"{\"canRedirect\":true,\"ts\":1697979744}","dc1_server_salt":"\"11b4f808e0c44b6d\"","dc2_server_salt":"\"fbcc4346e8a0757f\"","state_id":"4025289510","auth_key_fingerprint":"\"64d77529\"","dc1_auth_key":"\"22ce0513a7f438865d991ebbae5323f35679280094e54f3bbe4453580e4e56fc8fc8171dd7cefc24d89335f3146465a8f53d8eb582e7cade867f7ec2ad4b584d19e96b1b75f71462afc5bc69464d46c0237f0fb047c5fc96abf74633708683cb099a7229da8ff6af081728a7f4cdc06da8e4cfa2514fd73302785fd7bc4561f86b4fd3d35396f0f3a9eab9a65d732d680990038d26c4a8224f0ed4d336a7ab74937ec629b91e861a38395eca05b2963bcb4b0ef0a4dd06eddc17295732957e5aec7590c3767676bdf8f1f063c441a012d36d28e91fb2fb9861d02b390b9f5080fad7916235a442aa0432f0cceb1811c33aae49b1007e7c104b9c9a90b2e0eb7b\"","server_time_offset":"0","dc5_auth_key":"\"451fa87899c30af196027291a3bb6d0e872fd71cb364fbec7a4b76bcee3027cffd2995ddcd2d14e93f283443dceb594e0ac55c82a0421e556b5da44f38de6503502472fdc7655b157bf0bcc04a7aef34929aa20bb529b83a75f1b1f7647a51aeb18eaffee68d7f4f844350f632163163b397a0ba2b4824f12c47d0ffbbeb301349ca2f0616727bd2237a68b5555ad1b1c0b37d984973cc8a41e482bd990ecd9ec02b103fa0c52e0fee4bfbad7bc6a364a6d191a21652f86f01f1b9fab4bb999df9a15f534c70bc4a085bd523388a4841c7ab57f04542f049914401803b2e0f98f7eb4c518f79bd7a5c854662c747858db607bfe79425854467d04d3c1a46389e\"","tt-global-state":""}
VM40:1 —————-
undefined
