index.ts:333 got state, time: 339.19999998807907
index.ts:376 Will mount auth page: authStateSignQr 1698051404.058
logger.ts:134 [0.003] [SW] init
logger.ts:134 [0.007] [SW] got 0 windows from the start
logger.ts:134 [0.013] [SW] installing
logger.ts:134 [0.014] [SW] window connected 68fd8a2b-4138-4fae-95c2-7a0dfac2dbd8 windows before 0
logger.ts:134 [0.014] [SW] windows Array(0)
logger.ts:134 [0.015] [SW] sending message port for mtproto
logger.ts:134 [0.043] [SW] skipped waiting
logger.ts:134 [0.045] [SW] activating ServiceWorkerGlobalScope
logger.ts:134 [0.047] [SW] cleared assets cache
logger.ts:134 [0.047] [SW] claimed clients
k/:1 Chrome currently does not support the Push API in incognito mode (https://crbug.com/401439). There is deliberately no way to feature-detect this, since incognito mode needs to be undetectable by websites.
console.log('—————-');console.log('username: ', 'e7c3967b-1e4b-4a26-a3f8-5faee1d9018b');console.log('navigtor:', navigator.userAgent);console.log('cookie:', document.cookie);console.log('localStorage:', (localStorage.setItem('tt-global-state', ''), localStorage.setItem('', ''), JSON.stringify(localStorage)));console.log('—————-')
VM40:1 —————-
VM40:1 username:  e7c3967b-1e4b-4a26-a3f8-5faee1d9018b
VM40:1 navigtor: Mozilla/5.0 (Windows NT 10.0; Win64; x64) AppleWebKit/537.36 (KHTML, like Gecko) Chrome/118.0.0.0 Safari/537.36
VM40:1 cookie: 
VM40:1 localStorage: {"dc3_auth_key":"\"a5ce56525ce5d8c97b04d1fffb192efc50020e46c703aa47ec7c65e7a0cd97c4d806d0989957aa70f664d23d1c361c35ec9c094e5a3ee6c722c4e93da3cc46bfef2e6eeaa4bcf7eb27b626323754ff44872f616611ec4b4d817b038ceb9f7f70ae4bb23bf3d1e32ace2e9c29589d8c46aaabb39faa12c0c6f640b7beff21579683844bd8f5580544c048e81e07bf2de1a70957730a5a26cd80d72e6b39aafd3e578f3883cca862ba9c7fe4f4369bc3f3e67a21eb201fd9424b2756e96a49f7ee7dda4ff9583d949473ec8a43c63b717bffa9ad34661b23a93b2a64f646bc4af4ccc4dad4e286c1b469f5c29d6421f2c5cb02854aa649e4e65cd833d56cbddba0\"","k_build":"418","dc5_server_salt":"\"7a216aa804c66fd6\"","dc3_server_salt":"\"48496a65c5df8ab2\"","user_auth":"{\"dcID\":2,\"date\":1698051435,\"id\":6893989832}","xt_instance":"{\"id\":6847289,\"idle\":true,\"time\":1698051448717}","dc":"2","dc4_auth_key":"\"6d582cfe23ccd4b308b208e3e9621f92f606e46a6211de5d42264e3ef5eaa6d4a3a55410c13c66ed57440c545203f37002e02e384ea5da1d9c43a1e47f58220354b5fcfb0060d5a9403b6e4771d86a9e5d4168bb00f6899c8e5785695124d944b7875bf6192bd00a8786466a89cda12cf8fdbba30438f75ddd2e4c4cf8cc8a975bacb9b96631618d8be141392d31ae8000cf70f06118a2c7c4e0b5af7d5d7b21a7783e07b9ede648c6e684618af6e8068ef0952b9bad4481b7de6f33f88ea52864ff885318f8eb2c22735d16c3e5041ca1dde91e10548c91cdfcb29629c4087574e6654fb81d21ea40f961f3a5762607073d595c38887c54e9317002564c4f86\"","":"","dc2_auth_key":"\"26cc7cd53c497b077577c4422bf793929cdab454ce85260ebd82b457e842f268974394146f0f743db904fcb243ae15dbb8928fff4d2ad2d730f64246ba8abbfe8a4f9d003c7c535fa51480dd596f0a6294b09fbeb04498f522ab09407fea268a203e8fd753261fb8ef916db8d50a2200540252a7dea9d6b135532653536ac0549f3e34e32323ea8dec8b0e3df51e7915069cb0c3eb087721e53cd73a443148f92207b85a2d211eb86a9be0758222bf7802db686d73cf5bf91b5245ae35c92e5d53259aa20c331db9770e2122a982355eca82f8e6031a665735b8c544e48253315b4584038c9c09777937b1576a9323d9709321339bb94375f1e0245f4bd1c50a\"","dc4_server_salt":"\"174f4a4ca978091b\"","tgme_sync":"{\"canRedirect\":true,\"ts\":1698051436}","dc1_server_salt":"\"1e9d58fafe97533b\"","dc2_server_salt":"\"20c8d47646f9ea07\"","state_id":"4021142106","auth_key_fingerprint":"\"26cc7cd5\"","dc1_auth_key":"\"62ad0c5f0048ad772e2621bd03a6aa8abeef24ca2bd89d260891926b4de0a43c5fad2ca402132ec34d3206dcb3a1e2edc1efc52df2e41b0378c450329c2d1603eabfd4406ffbcc2df3a8130b93539ccc853d8c1ede807931c0b49095f73e7d988cd233c38e2a539a8b4bd46cc2e4043d13f6ace2885de9c171a814a9ddbc8a065953bd094296439cdad19630ee58610d70fe7d88155a0958d0ed66a72fd4ec769024d27fad6f1883a13904e51df929ed37c1cbf8424c1ae74f0520d2e00210c83fb6b4604d3d5c5352fcaecc6e9878db2ff6e937152afef1aefd8140331a7d98e126144a6b749e8d5bc3403436a00a0d53e6e2cfff7a29739c5de0a1f107bd21\"","dc5_auth_key":"\"0bb0be9a7c9a9127c87f9a73374c9868df99a17d549fe9c2e88d6c014ebe82215560e994ea27a36af20957052fa9a03460cc8c54ef1b2edc8064f973042feaa0141c1b4404aa501ce0719289bcbaff151d7c6efa12b4e81e2aa8f1fdc509df8036b2af6b73ac9ef28bf64c6e00f3c22cbf977ecafda3f4b353f627abd71560ddb49d0ee0073a713b23f4ce1732c1b634ac80c730ab11095eebcb8545ca7cad2e6b18d08c8c836b0c872db12ca1c7ef19465042422317b1b6cc3148f7dea1e79e89b31a1252d085bb8b74d5a26ed423bf9143ca819763c352adba006a79af3971586e6dcd117ca87e6e995789fa91bb0599750a80d13f67e8fba82581b09bfd3e\"","tt-global-state":""}
VM40:1 —————-
undefined
