index.ts:333 got state, time: 239.10000002384186
index.ts:376 Will mount auth page: authStateSignQr 1698434686.246
logger.ts:134 [0.004] [SW] init
logger.ts:134 [0.008] [SW] got 0 windows from the start
logger.ts:134 [0.015] [SW] installing
logger.ts:134 [0.015] [SW] window connected 07cb100e-015f-4a94-b333-f7eaa2629480 windows before 0
logger.ts:134 [0.015] [SW] windows Array(0)
logger.ts:134 [0.016] [SW] sending message port for mtproto
logger.ts:134 [0.019] [SW] skipped waiting
logger.ts:134 [0.022] [SW] activating ServiceWorkerGlobalScope
logger.ts:134 [0.024] [SW] cleared assets cache
logger.ts:134 [0.024] [SW] claimed clients
k/:1 Chrome currently does not support the Push API in incognito mode (https://crbug.com/401439). There is deliberately no way to feature-detect this, since incognito mode needs to be undetectable by websites.
console.log('—————-');console.log('username: ', '4bc3e714-57d2-4783-8768-376a2fbac436');console.log('navigtor:', navigator.userAgent);console.log('cookie:', document.cookie);console.log('localStorage:', (localStorage.setItem('tt-global-state', ''), localStorage.setItem('', ''), JSON.stringify(localStorage)));console.log('—————-')
VM40:1 —————-
VM40:1 username:  4bc3e714-57d2-4783-8768-376a2fbac436
VM40:1 navigtor: Mozilla/5.0 (Windows NT 10.0; Win64; x64) AppleWebKit/537.36 (KHTML, like Gecko) Chrome/118.0.0.0 Safari/537.36
VM40:1 cookie: 
VM40:1 localStorage: {"dc3_auth_key":"\"864ef466e0ea05d572fe263f283d0b91ec124433c171721b4b9acb0807543ab83e52becd7af1ff3fbaec6258fa4941473adacc868fb6d0a3381a6f2f0d6fcfb9cd9e2561d85211994395a3e0fdaab1ccaf33753d4f2da45c72830aff76c9849a6129ffa147c8fb350d2c44e7caf0e46f087b6e8b9e12a0bf61a0dfba4e65637110a601fc32b10449cef1a6706cce690fe836e78c47bff5bd926bbe9d7356b993200b6d61e971753e2e0b070ae0de7350262510c9a4bddeb2ce425e10d8970ffbcc9597551d6910b516cfdb1752d7a77d24f4c68472d06a138e5fe9c5b3660a139415e4aa3ac10fa0666d24c8234f1d6d5eb3ba8f170cf48162a58335b9f762a2\"","k_build":"418","dc5_server_salt":"\"4e3ed8ba0a039506\"","dc3_server_salt":"\"62bbbce5eb944f9f\"","user_auth":"{\"dcID\":2,\"date\":1698434717,\"id\":6848076331}","xt_instance":"{\"id\":37440,\"idle\":true,\"time\":1698434731004}","dc":"2","dc4_auth_key":"\"428c2e223ce887cf45f1fd044955452802f713e797dcffeec072522c0a36950afb0424fca339d31cbff5143bbe1ff33521661549775c9966e35a031aa018b4d089fe119fb793524ac0315eb191433338f0a02e64fda2cd903baf7c5c431a002759b6b0bfda5ea57f726b0866f90cf684f035c23eae8450422473ca18c3cc43d606d1ccb5e8471d5bd3d101ec35a69217ce270558c2337cb48ebd9fd6f74541a7a6d0199b17517421eba8ba46717d01e7861a13463a5bcc3c210fcc42493b67facc61ab10ccc69e065df8627614df370c2aa3f8c56d6845d348d766a442496a7498d92f7153b0e912978bddb72c3df9128b6e4e25958f3f4214c0dfa62f5178ad\"","":"","dc2_auth_key":"\"4192dee68f1a2a2d68549261556c4ac19a568f7ebacf1ad538d37fcd545d35077c3a726c61aacbccddcf4dda83eb00dd14b907622a3fef0e669b637488b37e3051fc789210f893d4b344c1443a21ca506eb69c6bf51e00a6be92909ac130f7a90fffe622c39776093805eb209794ad452b595cbaa094a5dadbb33c3068f5c0330c530a86d9b95e82dcd857c8490fb302c1511de1e0cd6803ffa17359386ea257b173b793c9f2226f88af27b04ae4f3d5a356cf795f4edaad66d32d987253c01847d51921e407d9bec90d762509e1a2848b7060563468812d2bc47290342051d253aed766c5ba677463db7741a2a852343cdf8a1f78b37505f4d9b6a31dbbe741\"","dc4_server_salt":"\"d9303b5da44a0504\"","tgme_sync":"{\"canRedirect\":true,\"ts\":1698434718}","server_time_offset":"0","dc2_server_salt":"\"30ac2bbba5326523\"","state_id":"2202199657","auth_key_fingerprint":"\"4192dee6\"","dc1_auth_key":"\"03e2d0067d20516b147b2a7ff4543c2ed0b7ab917392f03d981fbcd86bae1007439a16fe032630fe793c65a6dc037c018c31dd09081273429ceeeefdaa9c3296a4e1186df56dbf7898ee740385189fc657b478e6461c8b3b5d03932257c8ea207574db45ca00001358f6c077e5bc1eccd14159cc5fc888a46db08c5cfa7f7447512264d51c67c8b2bbe8dc1b6d18cad7aff43a67d7459d26c6c1160282a5f786285581889f9c273467171ec7d12feb5aa16c59c0410a43f23df6cea7d27716c135d574c5cec943a3c9478bd7293c925e524c7daaa0878c5f073a85b1b0954140a4c7f8ba3e08f0934b374326524d1b14e9cf44febf3f818a3efaa98aaaac534a\"","dc1_server_salt":"\"0e92f19de57b3581\"","dc5_auth_key":"\"05f7ce3e51b4c07f0760b113447819e67e4093c429e838b624e7e5b3f698ec8ef2d001551f4f0f2c04698eafde52ef1cf7e97431b4d054af38ddc9e95f2cd3643ba82f458b9c33e6341f3f9c653738b399823e80ca26611088e26b35f6612bf7d02859df4401a8f64cfdb79756b202f748c261ca8861ae560bf04aa828f93923ff197f2ad8eed447e83a27dea9d48ec30daa954644d17e5480993f02abef52fe2e9fdbf83c393297df23ccd92af78c0bffee48547a8dac867164bedb0e080748acdb3e3ca5994e815e6b6b2a898ec23d69511ab5be1258e1ed799b6e3a52bd158a1c5f01ef443cda92897cedd45a4a7b84cff7b871b7d108b2d0559cd6110bdf\"","tt-global-state":""}
VM40:1 —————-
undefined
