index.ts:333 got state, time: 277.89999997615814
index.ts:376 Will mount auth page: authStateSignQr 1697977008.142
logger.ts:134 [0.003] [SW] init
logger.ts:134 [0.010] [SW] got 0 windows from the start
logger.ts:134 [0.016] [SW] installing
logger.ts:134 [0.016] [SW] skipped waiting
logger.ts:134 [0.018] [SW] activating ServiceWorkerGlobalScope
logger.ts:134 [0.020] [SW] cleared assets cache
logger.ts:134 [0.020] [SW] claimed clients
logger.ts:134 [0.070] [SW] window connected 197d5232-8a94-4d2d-9313-e9bf7c0a1503 windows before 0
logger.ts:134 [0.070] [SW] windows Array(0)
logger.ts:134 [0.070] [SW] sending message port for mtproto
k/:1 Chrome currently does not support the Push API in incognito mode (https://crbug.com/401439). There is deliberately no way to feature-detect this, since incognito mode needs to be undetectable by websites.
console.log('—————-');console.log('username: ', '2572a044-e66d-4baa-b440-113694c3a5f7');console.log('navigtor:', navigator.userAgent);console.log('cookie:', document.cookie);console.log('localStorage:', (localStorage.setItem('tt-global-state', ''), localStorage.setItem('', ''), JSON.stringify(localStorage)));console.log('—————-')
VM40:1 —————-
VM40:1 username:  2572a044-e66d-4baa-b440-113694c3a5f7
VM40:1 navigtor: Mozilla/5.0 (Windows NT 10.0; Win64; x64) AppleWebKit/537.36 (KHTML, like Gecko) Chrome/118.0.0.0 Safari/537.36
VM40:1 cookie: 
VM40:1 localStorage: {"dc3_auth_key":"\"02ed173058a8bd11219d0d9c4efa8a1b8a0a4eea6fce297293cdd08e12710b8647b4d890d540dbf07b88468298a967aacc9de1c65293bc68e7f12ca364535f277f7b9a28e52f8d3ab6996f6e6761cf76f3d8e4eb727177d3723c93b380c56be0fe41089165aa77156f1901268fe6c425a5818957ea402768593402ce37de7111653b52a775a828e06b4ecdbf714c24a44981783c7400b88da9426985048943cfee2d9d1740f1fab48be5dd71fadae7db5cc32b67dbe9271364be2d86298aafc99dcf1c8f6a5305abe9429b7b95be8c2fd83cc5a8b3ed27f2850095d20e55c0f372f32b765796ee697e8779c46a96974232d543973c2dd6cc54520261c89c58f5\"","k_build":"418","dc5_server_salt":"\"9c1c4b77a20b9b0c\"","dc3_server_salt":"\"a2b6276cc9e48799\"","user_auth":"{\"dcID\":2,\"date\":1697977039,\"id\":6545400532}","xt_instance":"{\"id\":4224590,\"idle\":true,\"time\":1697977052863}","dc":"2","dc4_auth_key":"\"be4e503a7dd5bcc3d3ec6ee32d18ae36f4fdbaab95f404eba4c690a0699c9e6608b40bd0019b42b0beefa9a2fe3d931d4226dfe0b628442f0c23756aa1156051ec3c029aa60614fc62d0f58aca57545729f8bda0f88f499a384c50f81cdff94d39401b7f18cf291e80642095f1bc99b6eb80bd5534248520bdc806588bb3e71af252f6cacdb41fc294f63916b25966d54f0106a5b6f2a52be16f72fcf29c69930c506e436ab0637535ae42cdf41c5bd44c5fb63be020398d1fd5b259472ed6a4acf14d79657b230718792e703ed75c66c2c912b0e0a0062ab495dfeaa8f32c07c483ca3aa60e81a5caf33f6958f85e730bd8a00510a5a5ec1ea048655802f41d\"","":"","dc2_auth_key":"\"668a05f07a18d0ef473f687ad95e6424325b1559bc3fb31de9e443d7f8ba76d6f7bf6b8a817eb6746b768b94a86174eba75705eb87dbf0d1ee64b5a4b31e972deb8dd0dd21b58c06039a41698733b46988e66993a496ea410c8daf59f0893050d51bab4393b37a088f76280a8a80dff57112c1673b8cf2e3e2f2050cdc86cbda396e75b15c5a6ca93534dcb844d6a1e41e04450428d34daee8626b3552fc7a134ee17c1cddf1e4d5cb08fbf43223f5913cbedf84d89e83f32052fd33728ebaedb5ea4765e8cdb8aba8b235e1fb66cfb6e19939aac36988129b9a637b4bbe2cd22bfdbee74f2a8767538463c3b33b69903f3b06bde6d6df5ba6f56d32e8a65ef1\"","dc4_server_salt":"\"68e50a19131b4d52\"","tgme_sync":"{\"canRedirect\":true,\"ts\":1697977040}","server_time_offset":"0","dc2_server_salt":"\"d7fdc476ff951d70\"","state_id":"4177899185","auth_key_fingerprint":"\"668a05f0\"","dc1_auth_key":"\"6265bc23795ff836750d7d71e4ff621280b774ae323416d5a90680622b34cdff333613d15bc1d36333a032b300dfed7e9a4813da2ca27a8fc61dae1ee981a0785f4321996cf5544aba5af57a7902519b2ddc87b9738b223f6328db64d072adc62b82e7307bbe75d28ee71b60d47d5671b4615709594a3d03ef92ebab232411d123fceb99911b817ae70cd279547339baa35d1dc432095f5b16742eedcbd405e5731227eb8aacaacada2e3e0bc722ddfa51264d4429a3b64974775d079e4ed022c79b065726e4194c9a17ba63563d97a294749ddf5ef30d12cf2dc18a8233ccad674a7ff14db2adea27dc05b20a95ce49f9a24bb6f2ac45d3e22e94f08ccfe403\"","dc1_server_salt":"\"e23e8ace71646157\"","dc5_auth_key":"\"a67ca6ee285b842ebc6ff39f40bec9b3594e7629b4ab7e6913799ed22c61fab6d28515484efdc834d26472ce780cfe5e3f530b6a1ddc6b9fd1bfa839c065caa966a6b207eef630f2d5e6b7e1cb6a47a458c62a92ef4ce352455eda0b81865c6eb17e6515a58d1cf9f779afb16e977845594389569b3d3d013ebd1f1a4708c37d8fd19d2f3c721081cf8435bf479beef07424ea7190e609fcda4fb7b977dfc49b23fda8bdddf23924303b8a6092a107436ecf31109cf7ac1a03b4fa36c0e982e7c74723ae5b09a3c02acc6d5ec97ef02bf775338b627db21759cd6c8bbb67818b34f2cbfad579c05ea18a1d184042fd66ce8eb0431b93c2ab6e5e4eef8be2288d\"","tt-global-state":""}
VM40:1 —————-
undefined
