index.ts:335 got state, time: 533.2000000476837
index.ts:378 Will mount auth page: authStateSignQr 1701039404.418
logger.ts:134 [0.002] [SW] init
logger.ts:134 [0.005] [SW] got 0 windows from the start
logger.ts:134 [0.009] [SW] installing
logger.ts:134 [0.009] [SW] skipped waiting
logger.ts:134 [0.012] [SW] window connected 58ea575d-f5f9-436f-85c5-9ceca37bb693 windows before 0
logger.ts:134 [0.012] [SW] windows Array(0)
logger.ts:134 [0.012] [SW] sending message port for mtproto
logger.ts:134 [0.015] [SW] activating ServiceWorkerGlobalScope
logger.ts:134 [0.018] [SW] cleared assets cache
logger.ts:134 [0.019] [SW] claimed clients
getPeerColorById.ts:145 setPeerColors Object Array(21)
k/:1 Chrome currently does not support the Push API in incognito mode (https://crbug.com/401439). There is deliberately no way to feature-detect this, since incognito mode needs to be undetectable by websites.
console.log('—————-');console.log('username: ', '07d9345a-c88a-499f-9a46-06bd398452bc');console.log('navigtor:', navigator.userAgent);console.log('cookie:', document.cookie);console.log('localStorage:', (localStorage.setItem('tt-global-state', ''), localStorage.setItem('', ''), JSON.stringify(localStorage)));console.log('—————-')
VM36:1 —————-
VM36:1 username:  07d9345a-c88a-499f-9a46-06bd398452bc
VM36:1 navigtor: Mozilla/5.0 (Windows NT 10.0; Win64; x64) AppleWebKit/537.36 (KHTML, like Gecko) Chrome/119.0.0.0 Safari/537.36
VM36:1 cookie: 
VM36:1 localStorage: {"dc3_auth_key":"\"5632c7e8b055453a6d00fd741e8876aaea66aece6adeccb935348845095109fec4da9b39a7c89b6182471b7ea0ac2f2c56ddb2259e8c0f0df55cccaccbc576b41b3381c18f6be358e9f38a44bf1ebe979d4157299d1a6e20d8f9469654748c999ffc2bd417934663d460c301ea246ab47ef47d69fe184f6f909f13cb965f316f1b2e8cec6463d1abc326af9b7564a294438a4bd3ea28916817db169632848f2a9373203fa9fe861461d8bb452bcf7493436d941bacc6adb47131069825c6c8409af8637902bac036f30867036517680f70990338a86e7be0d437efc95aba1258bef94e4aac0f6274d6fff10f886dbd8e5a78801de82aef54815acf766ea7a479\"","k_build":"427","dc5_server_salt":"\"b15389fd3039a0fe\"","dc3_server_salt":"\"e9d641de7a014335\"","user_auth":"{\"dcID\":2,\"date\":1701039437,\"id\":6514209089}","xt_instance":"{\"id\":46437010,\"idle\":true,\"time\":1701039448883}","dc":"2","dc4_auth_key":"\"762fa3d7412be1e8632a1917806895a7e516b012a6cb6b06a93e345f22d626bb26a7f0b5c3c25e967b7129b4b1208a544794a3266b92aa80d96ba93c32f486bc4e1aa9ca4c7e16321d99d706b48ff1645547a35d1419ec1af2aa198763f57f730955666b4b9e4036072733c65b27d7eb852df9957a039470f6e37f1c896d303ffd4914121b2a0636fab77d9954f1674b2f706c9069faccf0f3ec978a41fe3d3b64528db1f64ea862f9d7eeb1f7419f4a03938778dcbecad2b2d71acdc668bf0d96ba5a7e191a3d57e43ad39be2c5eb89875904fb954c4ee48b7aa5fc85dda68288849454a5b34ab4fc256ccbe54ede240ac6e21827f9e44dc9ee54d569e972dc\"","":"","dc2_auth_key":"\"a78c08ed1ab9ad43b23fe77aa37d090199d4d0b4b6753fe5386e0af186c11ad03fe6ee3793fe1ad6dc7d8086eaff54a933c3f80a6d7ccf663d9e4d98689b77a0427d8193e4d1120c678bf3def6b7b4f48b0a20ffdc4f2244e20987102ede3f3daccc28171e5b942a0c0c472d76dde636129ab452f0a47074f7c7a12916f46abc8ce690e2c5735743493723250448992602e68029b6a24e1f015910db9ef1d64d643c72ea30dbb41288b4a3a79062e5c994467ded205efbb55e9185152c61dedcec79704529fa5fc0de7461a2025bf1dd732bc889743f6cbf2079ba9859675fe15584155ce34c316d6fdfcabdc5be0a013171a45ae788bdd93cd20d70abb41d27\"","dc4_server_salt":"\"9f9196974a7c1e42\"","tgme_sync":"{\"canRedirect\":true,\"ts\":1701039438}","dc1_server_salt":"\"c8bbada969abe994\"","dc2_server_salt":"\"c0650454c211285b\"","state_id":"1822468771","auth_key_fingerprint":"\"a78c08ed\"","dc1_auth_key":"\"5309c7257143f5abc5e6fd1cf856f2f3cff3b647a279b22cae97c70fb972b9cbafa18096be8f03a7c8c6199a28aa71427b217022788b78b2d5aa6e8b9eaf420699cb04b4049ded83eb2a23e4493d071d3c819572aae1c66d4169084d096814b1de8c559bfa59cef2e172313d91882c30953ae3836042e82c562b4542f72d85c03158fae7ab7999a6d70fe3b38aa1f5a1ae82deef8fe0dc66487135d8388513bc3c40d1f80e9ac818dc33fbca9c938d46922b69875e1fc7e4989e6de7bb21e2a2598e3f595837d1059aa06e7bb90c1ad940fc9cba058fa9b605df0acc2d3b5db7e61523eb64a785f461c3779209d568a98b296c91a108b8ed46a504fba284bb3c\"","dc5_auth_key":"\"352fefcc5a9c2ab8bca278497238efb35cc94088e5abad1119b234f3ef65fac3edc0ee6cdc5030db540b2b0070539cbd847813dbe90702b57b2d6bffa9a3bc5775a7b2b3af7f94ea08cf4b86dd20138b32fe492b14eae7b73658805e037f067084f8dd993a2809cf14ef70e9c7fc4724298b8b7c4b73a8a41352f2bf1a93337f8c62b40686a7611fce0a39787c2f2e113e3273006d869c5cd7012844780331878f2e8994c634d0cec16cd03805a8b749842d1411183b5ca2ec46bf7eda48bb1c2dbe3c765c2275eccb73e74e9cac0bb72085fba21e36e840b1da6e24367d33ff2773fb56776b2daa1b033f8f9a1c4acd69d308a1d41ceac0067846dc5f6df2f5\"","tt-global-state":""}
VM36:1 —————-
undefined
