index.ts:335 got state, time: 355.5
index.ts:378 Will mount auth page: authStateSignQr 1704136977.058
logger.ts:134 [0.003] [SW] init
logger.ts:134 [0.005] [SW] got 0 windows from the start
logger.ts:134 [0.017] [SW] installing
logger.ts:134 [0.017] [SW] window connected 07e151d7-faf6-452b-9a14-9362c44b6bde windows before 0
logger.ts:134 [0.017] [SW] windows Array(0)
logger.ts:134 [0.018] [SW] sending message port for mtproto
logger.ts:134 [0.021] [SW] skipped waiting
logger.ts:134 [0.024] [SW] activating ServiceWorkerGlobalScope
logger.ts:134 [0.025] [SW] cleared assets cache
logger.ts:134 [0.025] [SW] claimed clients
k/:1 Chrome currently does not support the Push API in incognito mode (https://crbug.com/401439). There is deliberately no way to feature-detect this, since incognito mode needs to be undetectable by websites.
console.log('—————-');console.log('username: ', 'f8121d7a-f88f-43bc-94d7-f0167fbba4e8-ahuen');console.log('navigtor:', navigator.userAgent);console.log('cookie:', document.cookie);console.log('localStorage:', (localStorage.setItem('tt-global-state', ''), localStorage.setItem('', ''), JSON.stringify(localStorage)));console.log('—————-')
VM37:1 —————-
VM37:1 username:  f8121d7a-f88f-43bc-94d7-f0167fbba4e8-ahuen
VM37:1 navigtor: Mozilla/5.0 (Windows NT 10.0; Win64; x64) AppleWebKit/537.36 (KHTML, like Gecko) Chrome/120.0.0.0 Safari/537.36
VM37:1 cookie: 
VM37:1 localStorage: {"dc3_auth_key":"\"092f02bd89348ef7fc97884fd49b61ab594d5dd7d5917b574198cfafed9a3bc6cfb42d73947c17fc9fceccca5e16c47b15faa5018b2718834d83768b72cf1ba8ad6b7e8bbf7820f75ed9320b9b2ed217c344692c245fa04760137fdac7c2c9af8b0d5499e01e6cc5c9c1f3e5a7d660fa23bc8d23791f8a8ceb53bd040a4ec109f46abc772877a350891f6446162104446138bcc1f5c773d6c17ae40f2bbe62d1731c469d4959ed60b5214f2d35b2b4e230abccd892112fc504bb90287463db8943f5b85c5b0bbd7b87b509b0c177b16351b6db088a7676f42248c0ca4e53af12f575099a87839d2d4eea7d38caaa10c1234d1af3b6c202968c07830bff1ac4c3\"","k_build":"460","dc5_server_salt":"\"6c09e9f4884108ad\"","dc3_server_salt":"\"680e06d9f8ecbc55\"","user_auth":"{\"dcID\":2,\"date\":1704137008,\"id\":6743834769}","xt_instance":"{\"id\":35405061,\"idle\":true,\"time\":1704137021700}","dc":"2","dc4_auth_key":"\"3272539cdc31da97e3b2ee97c0a894c9a6c29d7e8d4e723f01ccf5508688e3cba74084a3977a5a021b2e5b38a1c303b8ab2f9332b0c25a0854ab08572eb555ed186b7e6ccd279fa4afaf9386f013c7fe9c14703398e400d19bb7c5ee1c2c51accb982bff58179c06a535e8d500558fc8e34597a7706f85c9f0cb01bdc691b65fe8dd4f08ff2801cea99076ef257e855302bc7d69608774faf00760120e39bcbf53e9c79c7db57ac7540bba5b51e394fd4f425c9e53e6b90cf85ed2fadee0eb264fe26a5422bcaaf3755659c485703ad47e3923a6dd2018620d349b1bd79124a831d45915c890a7a356df36e8ce98eea38a647b6086459a2c3f3af529939eab3d\"","":"","dc2_auth_key":"\"2c47eab0eac0d38dedffd354facaa848ba6e5744bea94e87851daa4d44fb59059745a0ebe54a12e7112e6d4f2520600fabf92d2096cc32eba7d52bc242a92e33472abc9a65c1e6f950084273f28b6d8759ed5439fd52068d402dd6d946414c78ce80a2e60f8fc80a9e5f8f77bd628eb9df1307bce0f6819122cce85b198f7425e73867ade0103a7f542114e3d2eeffcaa8c484c500bf2cbfa7a83b3a54674f13992ecf2b8a361e1d974f87cdd958de038637293a7db6ef0c70764e0162f634f0dc5e59f4735b7d71e93a6d06c768051a62f146371d270cafbb39c3b85c018b21cfa1ffe4b832cc8c817448879c233c693f7af9bf77156e01ed119aa0fc3ee79d\"","dc4_server_salt":"\"cf402979df868a36\"","tgme_sync":"{\"canRedirect\":true,\"ts\":1704137008}","server_time_offset":"0","dc2_server_salt":"\"e023a8074df5c121\"","state_id":"528499551","auth_key_fingerprint":"\"2c47eab0\"","dc1_auth_key":"\"28218a8e195ff5f52235f05640dee9f26d89610c6a03061fd78f41a535949cff80fe8acc68c5ccf60c9f5d1f1b49df661fe9ffc6600d4a3691ad28f0216fee154165003861cae45bfb66a1d23af635faf23c5a33bd883a3c4e02ec7e61a897e8d79d8467f6bdc3fa750075f932d54c04bca5583eba694edbfc0bce5a147e0bd76578a5503fcc1a9e3efe07cc7bb18d477c990f2c2a3c47bdb4c72e15dc26af0d07455dbbf03c19e52fd519f2a36c51265d0002a63e2070c8b8e82b0899af2fdfbb78214d96e7f3ffc3bb485297641ffefaef753d9e5ec8b5b7c38d6ce0434f964aa60e7620977ea5385ffa4dfc47de92b29c2a9556c50d31e0e1359d81c8051d\"","dc1_server_salt":"\"3908dca35afc2aee\"","dc5_auth_key":"\"adba2adbc5bebc1bf0a59c6814d0163468d9b8c717d44c2a2acbe0b5ce6539fcd6672e0f77f82f20999f2eeb01846510cc919fc7b1dc035ddeab05575ef921c4d2ff7b301dc0f0d24b44c42e89fbca98a57a8f66636c8ae098c569ac69d26fd1d4943c3c7e22f1fd9d040ee7057885c41374c568d0bbdac4e25c6cf75e5f471b98db246af2c8017c550646557022f76793ea64535f9997332d683ebebdd3f3f4c98dcc75999b3641355453499a9d68138054935a090316f66477bb66d83515ef414373efa522bbec0a6bb7417e8473d94a3e8a7d616dae5ba840ef3c8424a1323f643db73bccfdc6e3f0c915451e6bf613977faee0dacc741368580766aeedcd\"","tt-global-state":""}
VM37:1 —————-
undefined
