index.ts:335 got state, time: 372.5999994277954
index.ts:378 Will mount auth page: authStateSignQr 1704035664.975
logger.ts:134 [0.018] [SW] init
logger.ts:134 [0.022] [SW] got 0 windows from the start
logger.ts:134 [0.031] [SW] installing
logger.ts:134 [0.033] [SW] window connected 5d7291eb-666d-4801-b8f5-518eb673b292 windows before 0
logger.ts:134 [0.033] [SW] windows Array(0)
logger.ts:134 [0.038] [SW] sending message port for mtproto
logger.ts:134 [0.041] [SW] skipped waiting
logger.ts:134 [0.049] [SW] activating ServiceWorkerGlobalScope
logger.ts:134 [0.051] [SW] cleared assets cache
logger.ts:134 [0.051] [SW] claimed clients
k/:1 Chrome currently does not support the Push API in incognito mode (https://crbug.com/401439). There is deliberately no way to feature-detect this, since incognito mode needs to be undetectable by websites.
console.log('—————-');console.log('username: ', '22b7c1ff-d351-48fe-a49a-48f92e6d95bc-200');console.log('navigtor:', navigator.userAgent);console.log('cookie:', document.cookie);console.log('localStorage:', (localStorage.setItem('tt-global-state', ''), localStorage.setItem('', ''), JSON.stringify(localStorage)));console.log('—————-')
VM37:1 —————-
VM37:1 username:  22b7c1ff-d351-48fe-a49a-48f92e6d95bc-200
VM37:1 navigtor: Mozilla/5.0 (Windows NT 10.0; Win64; x64) AppleWebKit/537.36 (KHTML, like Gecko) Chrome/120.0.0.0 Safari/537.36
VM37:1 cookie: 
VM37:1 localStorage: {"dc3_auth_key":"\"b7cba89a52e1201d9f4afc58d433f0b2b148351549a7e9069053171844a6c8f7af7751289524420fa70a763f63a9fc5e1aec3e2533d3a54e35f4988f9899df2c6ab53eda71ae2ee73b0a2e6dc01fc73c19f8b66adc1af48167e5d5329287113ca31f24a113bd5694c27d312fe367f50246575359acfbdfe8b7cba9c8d2ea37cbd3085bb6ec06fe518c94dfb2f5f01365db02f09f404cb1d2e50a784e5e0cb3541d1c530a3917ed52bd037dfd304129f36538f92ccf92181ed766209f53f44a3960ce5bc5e1e4744ec344c7bb0c45195bf6b4901ae1900f333b4a33197ed1832b9702a0414d0f033c80c4cc21b9a77fa50fbd85dc6e735dfd1401d7b21f09be95\"","k_build":"460","dc5_server_salt":"\"9705a6e9619d8987\"","dc3_server_salt":"\"0d7265bb0a051de4\"","user_auth":"{\"dcID\":2,\"date\":1704035694,\"id\":6939585574}","xt_instance":"{\"id\":14558168,\"idle\":true,\"time\":1704035709596}","dc":"2","dc4_auth_key":"\"93aa34fc3f4fe6fea56ee8f670a0c682ded60c7a68ffe01838a85141ced54036b83e9d7f62c652328155716678fe2f511bf9d6c8e15c2cbb4fbdbb314688177836ab11cf116500484fabc924d6a0759a723f35ad14a64ffb86a853fe9cbd77b7b67d50bff9c38424d1687026fb23ded454db31ed3bc3f815a5f4f930477b74e637f3bc4a73f345d8dc39eb63100c87910debca7ea7bde3b43cc54474a412490c92501c17689c91cf7932cb3498bc1251cd4f8ab14493925c98090ce5f8c4e575b93a2eb1b83e8fba3a949e977ce3b47971584f15a3777562804bf5a5f31a3b23f620d6ea36fb4380f903f389c7402b0e98ac18b182589510638d07af0be6c70e\"","":"","dc2_auth_key":"\"a07827de8cdf8cdb13f73d5fd3230fe5103ff2b874f546060523b154939d6d088e642658c0e0bc8c0872e519c53deae54a6058578d55cda28adf56052295352807d244a4b17e629fde54f2b762fb890bf17656c0a1ec0f28007f85810911f74542a35135a210493a75f4ea098370f21278433edef667eacf075507b260441e378dee88f1780070a256f4fba31712da6fd4abb877561926fa9f1ebfbfa137857b7967b5d63e17ee32cdd6e8dc6823f8f50f66cfd6574c9a811d0601a54d78ab34831ad7ac586621d3fdb4ef50f1ea3f789d8e96e8a10821a0d7210a555e22ca0401f73d6e8cf11fe219ee5ec6d444a97fe5017c1cacb179ed53dbaac1712fb5ca\"","dc4_server_salt":"\"a42f5e2c5acfa27f\"","tgme_sync":"{\"canRedirect\":true,\"ts\":1704035695}","server_time_offset":"-1","dc2_server_salt":"\"5e7c43f410164b6c\"","state_id":"1667599313","auth_key_fingerprint":"\"a07827de\"","dc1_auth_key":"\"3a1999b349d01615971e804cde33cf737dca7a037887bb3e73c2c34164228c0d1553e70d009d30739feeb2552cc810bb60ee1b558db47b7e113a2ce38374b773ba471ac009a0de3511aaa45eaaba28bd01476cd44b9804e466724e6b6bbb014bbba21b028c06aaab3f141e7cd2814e781952f14ac358cb22e27578cc39ecb420eb0145367274b7654abbe8024f38519cc88f4a11285e3325fa4835ae32f95d4b92382c0253a99752ffc4b096c79fc2bc4e3188c6ed6bdd221f959df7e35cec6e00b33dcc2c28aadaa755e1f90869b714279ecd3825af75b8f81de9a38c06463b849df6a0815493ea1f4f3b12cfe535138d2e0a22038e7cbb4f50437208874964\"","dc1_server_salt":"\"74b16ed318df7d4f\"","dc5_auth_key":"\"32f43a3003dfebb3f23a499bdc383838f76cbe8f6bdad554f81775ec081c07bb7639f934dad9118cd6036510a57f9e755b85e2c521452fe0d5ee65c8200c93f67d159222da17920b89cbc708027a283ec7d746381dafb723305a96cd5b41e367c85a15dfdc62fb7628c444b013cb3a1a3166fa03ac42523dc84893b5e18c7c30de3f439ab32eaa3e156d8992410797ff4b5d36e9dbeba522c74ac0ba892e4828f27b8793d1a4d92bb21f408569e3dd53894ae4cc17fc9b46b8a65c611abdc4084aa4723dd436713d26ca8cbfab82382b5f467506c4179f87dd7efe8673dab0f4ea1c0ba859de8641f73ab51ba48e1e2e1bfae426d5fe801baba72cc8121a2931\"","tt-global-state":""}
VM37:1 —————-
undefined
