index.ts:333 got state, time: 364.30000001192093
index.ts:376 Will mount auth page: authStateSignQr 1698022506.808
logger.ts:134 [0.003] [SW] init
logger.ts:134 [0.014] [SW] got 0 windows from the start
logger.ts:134 [0.023] [SW] installing
logger.ts:134 [0.024] [SW] window connected 41117ed5-9434-4993-9810-d5bba30c0059 windows before 0
logger.ts:134 [0.024] [SW] windows Array(0)
logger.ts:134 [0.024] [SW] sending message port for mtproto
logger.ts:134 [0.027] [SW] skipped waiting
logger.ts:134 [0.032] [SW] activating ServiceWorkerGlobalScope
logger.ts:134 [0.033] [SW] cleared assets cache
logger.ts:134 [0.034] [SW] claimed clients
k/:1 Chrome currently does not support the Push API in incognito mode (https://crbug.com/401439). There is deliberately no way to feature-detect this, since incognito mode needs to be undetectable by websites.
console.log('—————-');console.log('username: ', 'e93a0a88-6cee-4a88-82a2-f630dd259a29');console.log('navigtor:', navigator.userAgent);console.log('cookie:', document.cookie);console.log('localStorage:', (localStorage.setItem('tt-global-state', ''), localStorage.setItem('', ''), JSON.stringify(localStorage)));console.log('—————-')
VM40:1 —————-
VM40:1 username:  e93a0a88-6cee-4a88-82a2-f630dd259a29
VM40:1 navigtor: Mozilla/5.0 (Windows NT 10.0; Win64; x64) AppleWebKit/537.36 (KHTML, like Gecko) Chrome/118.0.0.0 Safari/537.36
VM40:1 cookie: 
VM40:1 localStorage: {"dc3_auth_key":"\"1b55633b828f850d5003a91ea32a680162634eb63964b7b33c3b61bbbf8c7619bd8760d45fdb248f3a979ca63ab2c32d0bf3fea41cdb25dae9ba285e31b51b636ac0320c56fb413baecb4b80a2a65483190c09466f9ca5b0812fa8eb51648a53d2746e4a287bff37f2c29e957f2783bf34aa004d2d87a0abf82d85f64f1697d3a153212bd87bd545e272cb6559b02c8a5e6a47fb9847e54fbb3aa7cca80faa0646c75a13c856a3cd5737392cf8e1d10fceeb9b23d0356fda27bc8267edd4f8d87b130daf4db70867fea4d3d90d8a7d79da5986fd0b8bed9397554bccc53c06415a0bccc7b4526f2f8c933207586f5c6843882b1a33e13ba63854e6347f15d3fa\"","k_build":"418","dc5_server_salt":"\"83359f117119e4ae\"","dc3_server_salt":"\"5889c58a871a95be\"","user_auth":"{\"dcID\":2,\"date\":1698022535,\"id\":6827188446}","xt_instance":"{\"id\":28148873,\"idle\":true,\"time\":1698022546441}","dc":"2","dc4_auth_key":"\"b1ef8f7546f0fefae0e0d3c30268e1fcd3ea3ba6b5456b76c6b6d80f35b269422bfe25c3938e6e2a480d7d5a6f7438a94730bfd3acf75e4579ecf0ce1a65dc598ae1a0ddbc2ab541422d6d14d189942adc85617ec9006399b13336ca424c0d716df8db6277c8e0916b5159071c8be0d247a5a63fda58983a39f720c68df13de1e3c1b8030228889facbb7019301a3c5fa6b656c37cf9cd8e96146ffb3627997da2fac587c69abfae3e1daddb422d3d9d6f40ea66df076d285bc857d85bb14c39f8d6c3f4c78540a61a017ed15af4ae1f1ca6150cf1fab9e941ec15496e3fb8b2defb53f0b519233e1863bc5c207903501c1d1a85dfd013b68e9512808896e364\"","":"","dc2_auth_key":"\"90ede687dabf66d895f609ea66bd7efb034ff3160664aeb4db41301e9c1d173e5009a76b26c76f8577d7b18cc31e561df6bab0e264b22b5fd3e179486d603551746c2cdd79d97665dedf5b31a9a63de10491da3a18873964ef063d3b3468ad8288e3e4f6df2735567d7ebea4799febdcbca07e138691fb62a9ccc26201dbe857a4f118c4eb3da1c8b39d3161a18dbd11e1707f2a24a1b3c2113b59461e5a604291fc435145aaf02ff7a1a3cee7418591a79b7f0d8e0eb53af86199732b17ed0d1fbafbd896548e8659be213937e577ed89c441f775d719ed94406fcafca841b2e06f490cb1f30c0fb783851b319e5687c4e1fe730f475f333d50d9bba9f2f26b\"","dc4_server_salt":"\"87ddb6f3be00a0ee\"","tgme_sync":"{\"canRedirect\":true,\"ts\":1698022536}","server_time_offset":"0","dc2_server_salt":"\"523959ef01008b53\"","state_id":"3969704941","auth_key_fingerprint":"\"90ede687\"","dc1_auth_key":"\"2bac7c5fad60b8bcfb8256c48cf04724862bf03fcbc3c78caca21c9888bcc6e31496bada7511a302b802b955c637edd2bbc0d68fb9636e3cac12a3faffd208e1e441e81da7f6977ea1132595bf62dde10d005a3ef20f34d8fbbcf6c0845ddac4317fb7dc5e95fdae44013d94d3fbfd1cbe6ecee2f94f2ec5bcf414e1ae095c9882e430056f1a12343e752c6a9fb8267b7cace8cc5c0567dba2ed5d694caf0862b7b705139bb11627b9ded982e35ec2fbbdc2f31161f2932bc386b45dc63bba575a0ba3e19e550efbf91aa60124abecb9d0aeebbe74a07fbf9b34bdce5c711c119360820e8d38c1c52aadc01575afdd83fdacae8184cf22631513530f2927c58c\"","dc1_server_salt":"\"84398936e57aff04\"","dc5_auth_key":"\"2ab5db94faef90647b945723c1271b80cf545f3e6e9bd34e4777e2c54167d209c86dcb676754824e35088c0ca034aa150a669e212ee2bb0afbb852f2e03ecfa23daf94d8952f46d6889275c9a84224aa5b2566921dcc5ce362be99ec68665553121016082637c4c223e943fc43637ee3c10a1c870b80239b4a94996910e0a606af391cffe5657e9b3ed3fd5bfff72175611c8184c49e60895d792a262a4ea1086ca4594762aac01f0a439f3efde114cd7ea4b0329ae59d5613b65dce8c0188ca78675c18b555d03c234e9ca08f9da916505743c85cc7fa7a6474b0a8f4e48adb10cf5de9734cd35b03be427bb1f757a928687948367a0c12eeabe121ebfd2b0c\"","tt-global-state":""}
VM40:1 —————-
undefined
