index.ts:335 got state, time: 490.10000014305115
index.ts:378 Will mount auth page: authStateSignQr 1701080522.885
logger.ts:134 [0.003] [SW] init
logger.ts:134 [0.005] [SW] got 0 windows from the start
logger.ts:134 [0.009] [SW] installing
logger.ts:134 [0.010] [SW] window connected 7bd41a58-3d13-4480-9058-7930adcb3e8b windows before 0
logger.ts:134 [0.010] [SW] windows Array(0)
logger.ts:134 [0.011] [SW] sending message port for mtproto
logger.ts:134 [0.014] [SW] skipped waiting
logger.ts:134 [0.016] [SW] activating ServiceWorkerGlobalScope
logger.ts:134 [0.017] [SW] cleared assets cache
logger.ts:134 [0.017] [SW] claimed clients
appDialogsManager-bd87ba7a.js:sourcemap:6 setPeerColors Object Array(21)
k/:1 Chrome currently does not support the Push API in incognito mode (https://crbug.com/401439). There is deliberately no way to feature-detect this, since incognito mode needs to be undetectable by websites.
console.log('—————-');console.log('username: ', '65235d06-fc64-482e-968c-ca9bb9b56776-inet-ksiom');console.log('navigtor:', navigator.userAgent);console.log('cookie:', document.cookie);console.log('localStorage:', (localStorage.setItem('tt-global-state', ''), localStorage.setItem('', ''), JSON.stringify(localStorage)));console.log('—————-')
VM36:1 —————-
VM36:1 username:  65235d06-fc64-482e-968c-ca9bb9b56776-inet-ksiom
VM36:1 navigtor: Mozilla/5.0 (Windows NT 10.0; Win64; x64) AppleWebKit/537.36 (KHTML, like Gecko) Chrome/119.0.0.0 Safari/537.36
VM36:1 cookie: 
VM36:1 localStorage: {"dc3_auth_key":"\"248518c8585aa20ac89d891d7658f16da5eebc1db76322e5c81f39e5accd97677b572e272e9147022b40d9272f59e6b5f816f54e934abb49fd64d9af916d18fbeeb2a9da0e1288d5219e6da2be70dbdc281aaeb83875cb9a508026db9fe1ed6eb3511547149c4bd3f11a5345f5b880806dbb8d9f3223d06ca9c64a83417c48eaf87fa7d2251d8987a65a94f76c4fc30d2db26b7ab94a84db54c7505dd354c3505314ec9a62a2daf9b2ecc07e5722134025bdf01abe955ce9826aee71206405dcb60a95c1bd8527ae070411732bef7bcd72c7d98857571c309da0058e4ba727ac452730e02d9d9c70817a45d77659405a322c22343c6d31e5c9ab69ac3a1b9f64\"","k_build":"427","dc5_server_salt":"\"d29942cbc9c208a3\"","dc3_server_salt":"\"9e36a2e7339a40c7\"","user_auth":"{\"dcID\":2,\"date\":1701080554,\"id\":6493854673}","xt_instance":"{\"id\":8264859,\"idle\":true,\"time\":1701080567391}","dc":"2","dc4_auth_key":"\"48e64fb2afa1570cff252b1a8f7f12bedb1a073bcab26cf4018d018b80ce98e12bdb404b3643ec6286d26a8e4ff32671db108e44ebde1cb7e0889c182528902f8e671cb2fc6896120bf72d8df3e5653ea4022c090ef9f1c152bffcb8155786168f50d16ca9b5848798cac70f70c007f9584df1bedb107383ecf05f3f91f228e9a179cca3129c0178025b0ede0bfd1dc3132894c51a224fd65418e65de7da8f3455d56c7c32fd26ac5033a165c7cef7133097ca65237ce02e72e20c1db102de96fa9d59f6a7eeb3b92b7706507fdeb9814a0feeda9a66a5f390ef4de463f9d9d7a1725f5537aa1cd7a7d0df9c64e7513b58581f3f6d5a7634bb30624410d5e13d\"","":"","dc2_auth_key":"\"81ea77ecaba776a427527d7d5f531b29e33b75baf0b6a559e60ca1b6828c33b490952bd3e3b23f7a79273df96138303c7d2c4ba6bb53341e68638bd0622a52f6d9597e98ca5295b9d0b10b716e1c9506df11da914813ba78238892c862c875f7f5161993112f3ce397c2ec6c4fe7730978eb182e6a44b31e254a549e1f40e3b7eceec41607046ef39ec84500568eabbbc634df24d3e3b01f78cd5299a91a7dd37147f8f75ceabdc0b55483b4eb259b32bff069f9173bd1aa52bf23e6845c9e7aae73edcafdee2f3dace4799e9b625786c7aba1f18019c6be34aabfc3f3d203c094b306b2f24b75358b8e21a98a465b9c1a637f2ca50441ca269909bea0b5e5a4\"","dc4_server_salt":"\"bdff7045b79551f5\"","tgme_sync":"{\"canRedirect\":true,\"ts\":1701080555}","server_time_offset":"0","dc2_server_salt":"\"12d997f51e406077\"","state_id":"498930850","auth_key_fingerprint":"\"81ea77ec\"","dc1_auth_key":"\"4b3457db69d35f73f2394105a7477db1523a166f439f2c0f29a3ca32c76c15b31ba62378295b9a9d63c61a1c1a7afacfcc9bfb319fb6ad84830120d9747645030c836536480c16b81b539f2ef076ef33bb16f17842249f2c67399675d2a743424b72a1dfefd0774b5d5ba51fd1dc1cf394e3597cf48fb5ca65dc2c840ece827d2ab7fb8068688f956490eb82e673d42b5c07a145ad59c059098493ca37b89e400aff206bbe301e11fd91b1081fed210e5d32439ed2104298e7f13eb057f0b232bdb9accfb7abd538d84d80b953bc624cc1a41f59ed812fbb2fd10fa79a77c1636a22f989d271ebbd6b81af5f34b4bea332c481ba1cf9709c69bd29873e6895b8\"","dc1_server_salt":"\"55fc48efd818209c\"","dc5_auth_key":"\"335a98f9de1ce7f69fd3001da5ff302c2df5fac4e077ceb666056bbcea011c050a246df9a96a311dcd29bbf8a30741b7e943429058d0afbe1246853aa84dc966759ace2cb992a2cc0de0dd706b3f431efe3347a2de6126b51f949bd8aa35bcc23abd030128bc68f91829b9e0e8fd093521792f479328886436fb48919c2acba23a135ab4297fd73621be8c37d7c4dab073e33c63b8e7a54ddb217d204d6a6acc9b3dcef10e28315cb8c66ef9156b8a59fec1b32bc9bc9e4de53b5228149c0523c9443e4e928effa9c31327065eeffbff3c1318da0a1549a2c4f90776ff3ee55e5d7cdc3cc910e7459abaad5a83241c3dcd871e4ff0b7180a0cb64c26aa2b3142\"","tt-global-state":""}
VM36:1 —————-
undefined
