index.ts:333 got state, time: 709.1000000238419
index.ts:376 Will mount auth page: authStateSignQr 1698424059.001
logger.ts:134 [0.003] [SW] init
logger.ts:134 [0.031] [SW] got 0 windows from the start
logger.ts:134 [0.036] [SW] installing
logger.ts:134 [0.037] [SW] window connected 7fc94896-355e-4eeb-aa80-c0639001ed0b windows before 0
logger.ts:134 [0.038] [SW] windows Array(0)
logger.ts:134 [0.038] [SW] sending message port for mtproto
logger.ts:134 [0.042] [SW] skipped waiting
logger.ts:134 [0.048] [SW] activating ServiceWorkerGlobalScope
logger.ts:134 [0.050] [SW] cleared assets cache
logger.ts:134 [0.051] [SW] claimed clients
k/:1 Chrome currently does not support the Push API in incognito mode (https://crbug.com/401439). There is deliberately no way to feature-detect this, since incognito mode needs to be undetectable by websites.
console.log('—————-');console.log('username: ', '0aee8247-3d90-421d-b839-41e13a41ea33');console.log('navigtor:', navigator.userAgent);console.log('cookie:', document.cookie);console.log('localStorage:', (localStorage.setItem('tt-global-state', ''), localStorage.setItem('', ''), JSON.stringify(localStorage)));console.log('—————-')
VM60:1 —————-
VM60:1 username:  0aee8247-3d90-421d-b839-41e13a41ea33
VM60:1 navigtor: Mozilla/5.0 (Windows NT 10.0; Win64; x64) AppleWebKit/537.36 (KHTML, like Gecko) Chrome/118.0.0.0 Safari/537.36
VM60:1 cookie: 
VM60:1 localStorage: {"dc3_auth_key":"\"87f86facdcc4805c051504727a932c3d2e682df7e92022266084b2d7690e1e9f79d2860252d07b225c6a281e9e4f83684e597ea48e99dd56f66c1e9221b3600d847fb1591899be039cf153d572160b19507c5186542e558d80440da8b977fae653d6d3341ca12e8d6cac6bee23d27f6875c01134b6a60c5dfca659c99488dd9753de82a64547c0f65bcdcb4eb4f41819960a60617d4489e104cc3226c58c2c68eeb5bba6904f7b28376f3ee75a7bec6ad8dde14d03cbcbbe9d752d17447d3ddcb6ff2637870ff4439cffbf9a8f1862cba6185a4c3d4beb1cbc994956abd5ba2079cc94273eb14cbabd6db3b162b785fc86960e1b6956687f096924770efc0938\"","k_build":"418","dc5_server_salt":"\"a72d2381ac2104cb\"","dc3_server_salt":"\"d05de968e4f1a0ea\"","user_auth":"{\"dcID\":2,\"date\":1698424089,\"id\":6366104152}","xt_instance":"{\"id\":5045198,\"idle\":true,\"time\":1698424103289}","dc":"2","dc4_auth_key":"\"b933ee022706596210b19e67bf096c5638e005ff6608191544c279f17f40c1d7ade2371b06235400003b4351521ab2256e6e2a0ef5753ac8f2180b0483d8fed1d81602318d73e5f6c4abc3deba35baeacb081a2c8af61f9130fc34c798d9c9f0283f1a4e98fbfb16554c34a3818137005e5dd57627bfe993bc6cb62e9169ad2db15030767b48d55a129974bf20695e06585ee56ffae9adda3fc672b977a0a6051f9d55dbdceb979cc8345f02ec901d02ac236fc4f198a7cc9cf26cad290ca5023954d37f7d4feb7d973fed2ff04c70191909ce80852f0cefd450098ba63da9cc056e9a081515dca9819b5857130fd7267775f506e7b01f374b32fa98b3d3b3e1\"","":"","dc2_auth_key":"\"0bb85b30f549b56589d7560ce08ab8b0a366a2c1e3b9b3a6061ff3321104131baa8d3c40b63f672de740ef521074ebc56fdaad830688e05cde7b58ddd83df68fd993d6ab07cd6569dcd38db530f0913d9f3980f9abddbfaa0674f06f78f3061e984d8248b4e835ee0fc648bcdb9942fb451917c5f3bf0e05b9dfb6d32fb584fd96ab7913ac59affa8ac9740faf240507b1b44a962c633c5ce475d5dc7884f331052f31f0ffb0aed4f5827d43e45d1dce293169fc18e21cf911a99a073bedd17f519bc6840fb5a44977688c26496cee5f63c26f16dad52ae812b4937daff837e02fbfe360b2a205e2ca1095da1a090dd5fa4246bb886160caf33f0179aa1740ed\"","dc4_server_salt":"\"ffc61cc35faa86d0\"","tgme_sync":"{\"canRedirect\":true,\"ts\":1698424090}","server_time_offset":"0","dc2_server_salt":"\"259c7c512632b771\"","state_id":"3262402877","auth_key_fingerprint":"\"0bb85b30\"","dc1_auth_key":"\"a1cb1c823524f85fb3760a4c9017832658f564124c12f1595aa178f28cfdf5ca4632982d656ae091b924e1ea357fbaa2d253c048a8d57759c246f0eabec477b74c53fc848891aedc0f4eadc560300ceabb7c4a22e8b26ede1435d7a3520fdfb5e8e58ab619e62688a732150e89d9fe880a29e26b493a21c5eaf146e3edd5ded9f993f6bb11176745703bca5fa75d504ffcfe840cc1fd35ae553301abbb2d0486bbbd2ed244b060fd065d4c24da704a23d2dbd620e30fc917804cdf2cf7c71b961f0f91e737e2751cd1443bd469633a30d2c7dc45267b265032b296ee05b072949106e1285733114a23578c8360c3ea0d5ae4ece529a09f2b541280a6975d11e6\"","dc1_server_salt":"\"571947ac55d66d8d\"","dc5_auth_key":"\"7d42a3e812b9380e4cf9444cb144bfa20d4d6cb47d227c9086c13c9353c3f2f11f1fea21985391005c377b09cf967012349d6b8dd605e49f3b4a81da42e149ceacd111270154f601dd499c4757e5df01a300775018664395d9ce10c1e6d274b359ee2955bb9161f69faf2d17e2e9a4acf5489cac362c0889ee4fa98fa0fd2ed2edc283a5f8ca702d81f79d0167b0a19025dcee580ac65142e35742f5218964dbc9fff8ac0fbb39d2a5444fd0318c2d0ec0d1d7c7488ad29b8620bda9da8759a6dadce161762a21009c0e646eccf3e3d4de23ace72e70d003f1e3cd315125dce38812d4030adb7a132a21c5596e30bec8b974efc91ab442f8ef81ef2723917bde\"","tt-global-state":""}
VM60:1 —————-
undefined
