logger.ts:134 [0.004] [SW] init
logger.ts:134 [0.007] [SW] got 0 windows from the start
logger.ts:134 [0.015] [SW] installing
logger.ts:134 [0.015] [SW] skipped waiting
logger.ts:134 [0.017] [SW] activating ServiceWorkerGlobalScope
logger.ts:134 [0.021] [SW] cleared assets cache
logger.ts:134 [0.021] [SW] claimed clients
logger.ts:134 [0.027] [SW] window connected 1797cb2c-5085-4a94-8446-085ab528e5d5 windows before 0
logger.ts:134 [0.027] [SW] windows Array(0)
logger.ts:134 [0.028] [SW] sending message port for mtproto
index.ts:333 got state, time: 2205.4000000953674
index.ts:376 Will mount auth page: authStateSignQr 1698568224.62
k/:1 Chrome currently does not support the Push API in incognito mode (https://crbug.com/401439). There is deliberately no way to feature-detect this, since incognito mode needs to be undetectable by websites.
console.log('—————-');console.log('username: ', '33c81c75-2fb4-4f86-aefa-ba93365bbf1b');console.log('navigtor:', navigator.userAgent);console.log('cookie:', document.cookie);console.log('localStorage:', (localStorage.setItem('tt-global-state', ''), localStorage.setItem('', ''), JSON.stringify(localStorage)));console.log('—————-')
VM52:1 —————-
VM52:1 username:  33c81c75-2fb4-4f86-aefa-ba93365bbf1b
VM52:1 navigtor: Mozilla/5.0 (Windows NT 10.0; Win64; x64) AppleWebKit/537.36 (KHTML, like Gecko) Chrome/118.0.0.0 Safari/537.36
VM52:1 cookie: 
VM52:1 localStorage: {"dc3_auth_key":"\"7eec59cfb68c8e1407379308875e872b482bb863774e87389c7ce17e7b842fbc192b948292bde49b3d37544da606f5506df2ef8dae16bb27c834d9cc0facd30af6a7281a7fc98802394f36900b4ae25cc454e5fb02448238d58c059cc2ffc4673ea5895a4e54265bc391b72494d6fe70c815d2f2926d0b014028815af0ce6544f982df20b3085db2ce76fec055019c606334062e8449255ab0f22d64991ce08db9da08388351e51bca5c93b8ba6e758ba17a14a222896962bacaef2ec71fb8cdb7b087c81f5efb8be207afda80c2826b87c6128c47b61fd6ecb1bdb6597122e8854aedae13bc638bbaf86baea722254106f3d4e5d9138795bc604e26cf8941dd\"","k_build":"418","dc5_server_salt":"\"db76713217406e85\"","dc3_server_salt":"\"446f3e56c0988708\"","user_auth":"{\"dcID\":2,\"date\":1698568257,\"id\":6378175548}","xt_instance":"{\"id\":55014391,\"idle\":true,\"time\":1698568272404}","dc":"2","dc4_auth_key":"\"c648b3d48a1fd0cd7769fe8e4c006cbc95f8acf58704daa3a8c7669639e621eb6ae0ee5eb07457a62cdcf9d626baa7ab5eaa4a994452e72f7a317ac3915a25d68b56be494e7a76a63bc669b0ec45181d2225c06d49e2877897681b6d1034fc02ae5c95ef93423dfe93c1e242d87958984549c6cfa27494fdacf54b60e4300bec22830f47479ac22378578e919a5bb5293a2727545bb111e189bf404185249d98f88e55d6db38841ec7749bbbde2b2e312acf5cc8e542446f70b54ce696e816dc062286aeb6c2008deeabcabf3466f42d252fe172167923164e99c3158cef2e6aef5d1fe116cacb9ea4757fd1bddaf4d8e33b6c041f0f73369d693ffe8532a4ed\"","":"","dc2_auth_key":"\"6664b0baadae518a776450affb4c215172013a2b1cf96227562acb8e06252d2901d89f954887a0e089a6b939348f185c9fa9d8875359f2e14e5a75f3b4fffaf8c1e60e0656dfe13e0c2806a6385b24dd6f5d0949f16db3b38c69f4eb3a162cb49694ab9cd7be4ae8be4da6656109435be715b07b13caeb059508ab6ab831a7866b22c51bcd8c5fe0206936a0b993770f3c9d53b79b73498ebc01aed6b07920d8ed0a8dce621c22cf2c341760d414557c10571e5e70d6749f230ea8fad824c061f4e3035913c97cfeb272ade9b330b799996c50e23c88c039163e32d814cef0ce46d68d4b9ecf4be3c87bfe96ba5469edc7e7009ce269faef267d3c8b775d6b55\"","dc4_server_salt":"\"d474bd628422aafc\"","tgme_sync":"{\"canRedirect\":true,\"ts\":1698568258}","server_time_offset":"0","dc2_server_salt":"\"0ea3588500bf7e9d\"","state_id":"828485486","auth_key_fingerprint":"\"6664b0ba\"","dc1_auth_key":"\"9a95d9e208917a880fd9d5c269a3fa2459396170cd86c3f7ee0459f6945dd881481e66a5ab02d6b48c44db10091fb08b4c67ca2cc910b9419234e6f2f939c56d3b46219ecac4075f08edad4e8492c0dade5058f716ea315a8d4497f14edf7df2383c403269231657bb4a886ddab53400d1b09c66c0e393ce377d6090188805bacd9a42f5512b0904a550a3a089832777e528f4421efc10922894eb6897f67f1112ae6d374946ae1cf23c64bb8468cb0b6176b8ab0364c0f0e2d0c35c4cc47adf878c0eb054e6a6024490b91c29dee5bad7014aa61ce76ec4f7c37ddba3ad5de0848fdcc00c78d294cfaeca9f85dc95a7b6804365436d4fc4d45f592234536e47\"","dc1_server_salt":"\"70bb4349b72676e1\"","dc5_auth_key":"\"0b8ccf38621741dde38bf4dee63efa3091d740a5c87ee7d07478a19c5c0869fa07ae98df2311f8c4323f48a988f04319ef3d1bc4fba22903df855ce39fc588dcd9eca1829eaa3843c5a43d700c01162705ae4e80b747aaaad8268ba16aac9963960456c14a534e2d986a7d3fab32f2e87df6f3396fb1929e1ee5490f5e0928d6c63f85cb00206b7e842a87bcce18a1350fce40266ecd9a9249977df9b1ee085d85ad5677e99dca63d60c83e6f0a90c156991c575210e59a93b73abb1c072014a7e3088e4d07b94d5719c636bfce86909573df27eea52cfd8b40fc6ac080f98e795a648314c3821887f685add4ab74e4f5a7c918c8e665c0da0efa90b4b4bd804\"","tt-global-state":""}
VM52:1 —————-
undefined
