index.ts:333 got state, time: 458.60000002384186
index.ts:376 Will mount auth page: authStateSignQr 1696589239.909
logger.ts:134 [0.001] [SW] init
logger.ts:134 [0.002] [SW] got 0 windows from the start
logger.ts:134 [0.004] [SW] installing
logger.ts:134 [0.005] [SW] skipped waiting
logger.ts:134 [0.006] [SW] window connected 6b1a935a-af26-4b3a-8467-a7ded3ccb5fb windows before 0
logger.ts:134 [0.006] [SW] windows Array(0)
logger.ts:134 [0.006] [SW] sending message port for mtproto
logger.ts:134 [0.007] [SW] activating ServiceWorkerGlobalScope
logger.ts:134 [0.007] [SW] cleared assets cache
logger.ts:134 [0.008] [SW] claimed clients
web.telegram.org/:1 Chrome currently does not support the Push API in incognito mode (https://crbug.com/401439). There is deliberately no way to feature-detect this, since incognito mode needs to be undetectable by websites.
console.log('—————-');console.log('navigtor:', navigator.userAgent);console.log('cookie:', document.cookie);console.log('localStorage:', (localStorage.setItem('tt-global-state', ''), localStorage.setItem('', ''), JSON.stringify(localStorage)));console.log('—————-')
VM56:1 —————-
VM56:1 navigtor: Mozilla/5.0 (Windows NT 10.0; Win64; x64) AppleWebKit/537.36 (KHTML, like Gecko) Chrome/117.0.0.0 Safari/537.36
VM56:1 cookie: 
VM56:1 localStorage: {"dc3_auth_key":"\"671f1f35d10ad2b27387468ea86cd4cfcd4a78733fc6fa073cd691402a6dde906d84260bf43029b717611d4067870497ab257188ad3a1ab74817c613d03d5d4fc926c49a56e2eff662e08b18cacf4a9d878f0cf55a35b0167b737e66edc21c9a63ff870a378b2723df75d5e1f87a2c7e4dda9549fa7b8c9494bda5cf613e057fc7e1e5f288d87facdd9d7d648e723c8e150349c15cde2dab2e5f9f0525f329ae72eb2e1d3d7d513825ec894957e5afe5b961b6d83fe434c787037c9cafdadbba80f8eb91e19f44142730b9b4eb405d1ecb6e6bcacc5691d13cf7d61a417047c22d6bd3814a09c87760c9b83151fb484799a33fa24d6db3ff2d241b8c4e0d46fd\"","k_build":"418","dc5_server_salt":"\"9d4faadcabdd4d36\"","dc3_server_salt":"\"4b35aa14ba307889\"","user_auth":"{\"dcID\":2,\"date\":1696589266,\"id\":6423543421}","xt_instance":"{\"id\":88198062,\"idle\":true,\"time\":1696589274463}","dc":"2","dc4_auth_key":"\"1d7a4cacb7637770194d1163042505c42a3efa0694278eb5b8797946690e6d98a439279c9dcff44bb08c06900761261852fb8552efaaaf22e06cb48c06b13159b1f10b68f73b59b479b35648f940aff37099147e746ee6a5c40636fc7ca92c9efb22f0fd4189cc4595afeb20ae0f68f4b5221067b7c5e6d4449df61d940e611d20e4a7561ececed81c5caeb75220372a3fbadc8651f5175522d898b9ffbb8cb5372bce6310f4b12d2a9ce1ce315dbce4e38a2d9cb50b7b5895d9cb537df81f4840af46d7c64ec53c7d068e42471cbce5b0048edef572b442d1423e10a796cd9ba641f3366a4473f0dd39d677f4766067aa319ba4954df5c1b5ff204d6e1e1cef\"","":"","dc2_auth_key":"\"891490ef4148a5feab5f82bb05c7decc444e04ea7bd7259427bec4ef76c72969425038a7f92f8fd4e953474d2a0bf0cafda66773d1a94a01bad53386e41952d7b18c622c0f762856a530872d78dc93fad4bdabc6f4bbdeaf0a1a9f0f2ada29c551e3c816f2204cc4c94747d6fbd2752297aa525cf9e560cfb900737482e061d6197851945313ae5f6fffd484728abb68121b0e1af939b6582c9edc646802bbf2a97a56006b8c8d8a98a399e8e8b92e1ab488f5ad51867607316aa616e27841210433f0cc9fba7123d6f82b16b29c904c742d5bbbffdb28974d006e48165724003ffc743ba5a84f2d202dd18c8b93169cf172e1fcc1c072793e2c1bbc4c954add\"","dc4_server_salt":"\"40e44eb30947e9d2\"","tgme_sync":"{\"canRedirect\":true,\"ts\":1696589267}","server_time_offset":"-1","dc2_server_salt":"\"e445face02bde1b2\"","state_id":"2526600510","auth_key_fingerprint":"\"891490ef\"","dc1_auth_key":"\"43ba3c5666775b5248cd4e8b7f663a51ba3522d905f91a9e904f2a60b6a4044d158a260faad21f52aad890746c99a8c6cbb730ded74ff6df388bdf56bf9b1755905a8b46ec2779c75ce19199f1243b571ed65c931150babb3c22b1d7117fbb456f7e3e046a3cae8253cee42fe70d1004ad801c798cf7eedf1841584f3840ee4ea53108a64973a37011b7128f5bd4a31aa1eac9c3e9d56b0187c8f18a0756250af6f55723dbd4f7523710901e3b479b97dd29f28d3c0374eabdbb8473b0e7fdcb59d93ea2344a935cf4cfc048864ed27e0e9365fb94488036b9cf9bd29748773c2d207d8768dfe796852816634ec8a90111ead27bf2f1662a75c9d2286233bc31\"","dc1_server_salt":"\"7a0e0338ca5e6c28\"","dc5_auth_key":"\"473eba75b372eec32baa719e2fa9958709f896a77a62c0b36beed3c0f631440db80d8c806ab18cd813e8504fea0ad142aa85bd76ba6037b49b564352fdbf73b8f27515d33fcbed491861909adc25fc53d02789840e2e6ec71abf91b00faf28ec2d9815baf911e28ded1456a3515244b8478fb54a3411f9bda12945cfbe6952d2aec0c99169a21bfb671377fbdad75b679ec8e29bd863179d9c8a523853cd4c267c23648cb9e7e84ce6ea92c9b65e5dd36619b9c5df45cccff41c040afa6674fa1d73a22f943356ec8510096812e5c8bc44d8ce707cc1337f16d860e59ff5cabbd4aff8283a98a67f51db1b8da0191f8bb9f808aaa05b28d437dd76439f3c1223\"","tt-global-state":""}
VM56:1 —————-
undefined
