index.ts:335 got state, time: 445.2000000476837
index.ts:378 Will mount auth page: authStateSignQr 1701124467.423
logger.ts:134 [0.003] [SW] init
logger.ts:134 [0.007] [SW] got 0 windows from the start
logger.ts:134 [0.011] [SW] installing
logger.ts:134 [0.012] [SW] window connected 65b0d64d-ee74-47e8-97cd-5dc13107e43b windows before 0
logger.ts:134 [0.012] [SW] windows Array(0)
logger.ts:134 [0.012] [SW] sending message port for mtproto
logger.ts:134 [0.015] [SW] skipped waiting
logger.ts:134 [0.018] [SW] activating ServiceWorkerGlobalScope
logger.ts:134 [0.018] [SW] cleared assets cache
logger.ts:134 [0.019] [SW] claimed clients
getPeerColorById.ts:145 setPeerColors Object Array(21)
k/:1 Chrome currently does not support the Push API in incognito mode (https://crbug.com/401439). There is deliberately no way to feature-detect this, since incognito mode needs to be undetectable by websites.
console.log('—————-');console.log('username: ', 'c7fb64b5-45cc-463a-89c3-06f3375c5372-relmi');console.log('navigtor:', navigator.userAgent);console.log('cookie:', document.cookie);console.log('localStorage:', (localStorage.setItem('tt-global-state', ''), localStorage.setItem('', ''), JSON.stringify(localStorage)));console.log('—————-')
VM36:1 —————-
VM36:1 username:  c7fb64b5-45cc-463a-89c3-06f3375c5372-relmi
VM36:1 navigtor: Mozilla/5.0 (Windows NT 10.0; Win64; x64) AppleWebKit/537.36 (KHTML, like Gecko) Chrome/119.0.0.0 Safari/537.36
VM36:1 cookie: 
VM36:1 localStorage: {"dc3_auth_key":"\"5994ff472513740c68b8b261cb77925aa1347c103fc5c18ec00c61c2ec10e3b61d0c5763151cbe2691debf1ff97f57eb8b3d4656dec1ffcbb92e4f71207bc6d35e837323e9791c0d212ba5d069e83bf5882fb66b28766625b7cc2da863e63267c78de06ddd913e0f0945cc35c0f0d27b108808968c2f419444a3bdae7b8e0936ffd05b3accd3b7e806fa8c787cd6e685b8c9ab74ef78d9b4a7c92d9265b72ac8c47b4e1dea8722646c8dad830a245c921ff743d46c2f3fdd0b9eb7ef0222ad40e47791f669d379ef372a29ea533018dfdab2e376a48149299d5435061e2e2209bb84bd52d65c3875d5e00f27491780df9e639a71805d9064bcdf1c189167bf38\"","k_build":"427","dc5_server_salt":"\"b9de33fe107c948e\"","dc3_server_salt":"\"9ae36b47a6a5f6ce\"","user_auth":"{\"dcID\":2,\"date\":1701124498,\"id\":6989086293}","xt_instance":"{\"id\":10867698,\"idle\":true,\"time\":1701124511971}","dc":"2","dc4_auth_key":"\"9c00aac67e1aa8f8762494a03b906da4511f2e6c02a1b54fea3909487bd130590fcdb43d0809b4baf4e20ba96149c74859cd0accb296d72e3163dcfce2236cd339fa812ba0cc7c96d4f730451e411306c28d8bcf80c12b41c36beb91029b398e1b332363da484ee8573cf615872fa066bc1bd78babba3d2d789cdfd44df6dd36ad221fc949360f289d46cfb667be309e7250c762e32e547f8c14db4142113649053ea4631abcfe1b504230d9de7149f1abbfc34f517d33546141103e3a228b2479517be29ed05c9fa8ad474905093562131e652f31bb2f78d8199a237ad8a5ffd1434e5d463b915c4517367a406f87bfc5302a36867abe17cf579bece12689fd\"","":"","dc2_auth_key":"\"3cacfce196f829cc409b08f691f2b271f177b8d86c9d23b35e66fe59858ca0cb3051253d764acb859a79e809c2404ac839fd20d72e59448f3d69bb205a43e160fec7e2662e0bc3c1901b4285633bb34bae7365bdf93da7b4c83d8c88c186fd5b172f151d280966bb874a227eba045c134d786f8eb169a68f8aad567b7865acad983edf0340b9aab8d09d364ad9b173c27b284e921040f476e3704fa0de7fe3aefe7e5ebd4475a932fea24fe9877380062d57a050cab951d537770d8db79af7604814d8953659d1d81483b94c48d63b99f471ffb5877665fa3adb3f3e3ce10a3dc2a512069635d0ca4f60085e92e7cdde25f2e35e374f35bc1202911100ee367f\"","dc4_server_salt":"\"9db1581e56b4e497\"","tgme_sync":"{\"canRedirect\":true,\"ts\":1701124499}","server_time_offset":"0","dc2_server_salt":"\"408b0d953e6da13a\"","state_id":"2793595835","auth_key_fingerprint":"\"3cacfce1\"","dc1_auth_key":"\"9f98233e2977dcef9e15bbaac9430b14a27ea2ee56e1263deebfaa599b7f7613b1db72ea40b20a4b757a73bf5cc9aec0439723f9d82d59510c67a4c483393045668e6cf8480901011f3c213a401a24d1863aeb8e6317dbb28d116cc71c7e1555ab3b910d99d2fe712aa52d84b130607dd813230b64cb28afb8f46fcf00635229a99f51b722e74798def84a91ce59aa327e4c3d19fd2edfb96b13673f81d1312b17fd25c2212a74d08a5675fea31f115ba9dac061c3f7d84e72dfbc06637ae02ec5eaab39feb120c5259f80ea1a371343a6acdefdedca0fe0e7417cffc25b06e63e83ee3a61f83f7a2b1a1ea97d0fd8bad1f11af9b3606381216f22173a5cdd84\"","dc1_server_salt":"\"b8fc05f70b8fb200\"","dc5_auth_key":"\"11796f8c1815f023378122928f5a17e1eeadc609bb6f9c57d614035fbd1648c070c6fa85968b35656f36288b631c2156716e15df85aaa0b6669e9de6ad0bf92f09f558d6cd2071e47900cd3a9a41a0edd114746b8d92cfb6c3ba0b6f63ce17ae47db2a2d4f743c981fe00a6c625c54166f6b92a6d44567c2a46cd3b8b0fcdc2671e63cbeaa548d3fe1753979487273bb98e51721f66b509bd327a1bc54bd47dc479bb7171cc3168dbb5934d4b7f8bf1488dc7cb3ddeb7354b3fb01fd115c5b8a692f96a0e660a906fd22aeb36f9c7917209328ca90b02ac0cc600951257128bff0fd3544d2c21390bf5df40b520379f35c994b90a83d2a4907f9b91c7a6772b9\"","tt-global-state":""}
VM36:1 —————-
undefined
