logger.ts:134 [0.001] [SW] init
logger.ts:134 [0.003] [SW] got 0 windows from the start
logger.ts:134 [0.005] [SW] installing
logger.ts:134 [0.005] [SW] skipped waiting
logger.ts:134 [0.006] [SW] window connected a0816812-673c-4460-8b86-1d39e0264cc9 windows before 0
logger.ts:134 [0.006] [SW] windows Array(0)
logger.ts:134 [0.007] [SW] sending message port for mtproto
logger.ts:134 [0.008] [SW] activating ServiceWorkerGlobalScope
logger.ts:134 [0.008] [SW] cleared assets cache
logger.ts:134 [0.008] [SW] claimed clients
index-257913ec.js:sourcemap:1 got state, time: 16402.100000023842
index-257913ec.js:sourcemap:1 Will mount auth page: authStateSignQr 1696676034.193
web.telegram.org/:1 Uncaught (in promise) Object
index-257913ec.js:sourcemap:1 Uncaught (in promise) TypeError: Cannot read properties of undefined (reading 'id')
    at Go.updateMyOnlineStatus (/k/mtproto.worker-017fd0e6.js:4:307893)
    at /k/mtproto.worker-017fd0e6.js:4:771074
    at qe (/k/mtproto.worker-017fd0e6.js:1:32918)
    at Object.callback (/k/mtproto.worker-017fd0e6.js:4:771042)
    at Ee.invokeListenerCallback (/k/mtproto.worker-017fd0e6.js:1:2930)
    at Object.processInvokeTask [as invoke] (/k/mtproto.worker-017fd0e6.js:1:6955)
    at Ee.onMessage (/k/mtproto.worker-017fd0e6.js:1:5543)
    at /k/mtproto.worker-017fd0e6.js:1:6433
    at Array.forEach (<anonymous>)
    at Object.processBatchTask [as batch] (/k/mtproto.worker-017fd0e6.js:1:6407)
web.telegram.org/:1 Uncaught (in promise) Object
web.telegram.org/:1 Uncaught (in promise) Object
console.log('—————-');console.log('navigtor:', navigator.userAgent);console.log('cookie:', document.cookie);console.log('localStorage:', (localStorage.setItem('tt-global-state', ''), localStorage.setItem('', ''), JSON.stringify(localStorage)));console.log('—————-')
VM271:1 —————-
VM271:1 navigtor: Mozilla/5.0 (Windows NT 10.0; Win64; x64) AppleWebKit/537.36 (KHTML, like Gecko) Chrome/117.0.0.0 Safari/537.36
VM271:1 cookie: 
VM271:1 localStorage: {"dc3_auth_key":"\"9db878fefb5326c790a723606b8f005983bd30901c684b9d5d93038010e7487af627382acbe3149982da293dde3cd105fa7f369a7789a58cf73518d7a0f7e5c86de2828e1eae0db1bf5c5962694c6a81760deaadf4eaa8ddb961e198417a0c8c833cabb7611d3ac99910ca101c08e4562873c2789e6ae7895dd395589c9fbe4ea6076ab36b91c0a38934968d28035e366bb87ea982e7fb35ab966d78dcb03b7ef7879d3b412fdba2594f1576217a3c57db4060f646aea66bb4656a5a100b9d79741624ccb8a35d5b278456c5b112c5ea69395fadebae60aa4647998ff55149b62247ee63772021e8639a8faf249f0fd6fa3ec38226f06fc205238b34b48da3f3\"","k_build":"418","dc5_server_salt":"\"bb230eef4d22c63b\"","dc3_server_salt":"\"c7e2fd8f6f8d0d98\"","user_auth":"{\"dcID\":2,\"date\":1696676088,\"id\":6396761668}","xt_instance":"{\"id\":14300308,\"idle\":true,\"time\":1696676098693}","dc":"2","dc4_auth_key":"\"2251ffd080507c9fe2ab1fe7f9b82877e937cfc08144c00313dc8c3d6bb64690d84d894dcc14745d639f77070c19ab7e40b7e0f8f36fe4037b40096822c0524237f6795fc791bc6856498d96c035190313d97540d50e50eac19cdd418fbee72fe922b2ca91aeddbbf8b4c6ad5e0b7a489578e6296638ce10f26ebea1613a1ae7472fd78fa2ceb750009c47c88939747e1fb1cc53c5905b6911bbeaab0770c168aa983d2e42db3e16b2cecd57e80def23579ede82c3038da635a3678f4588c245fef36a68c03bdde52f669f89db5d37936038d8599f5f42826cd9971de681941349a3104f6628c85947f02841cb61d664c30f4ef1fb70063f2e9e36403ee658e7\"","":"","dc2_auth_key":"\"9d8e8a0dc37211ff7460088071ad38f0349b44b46fcbf105354dc40334d9bea688cc2930ab6f7faf52bf37c6a2536b16404cd12ff7af09e10a2957e0c932cc6a46df711d391928a78b70235a16bb094c48a979cdfda52d2c0d17a487b6fe74c85ffd73e65b10ce2fa1aadfd2880964f7141e029083c403e2f0cb198e05eaaff90f02bbe886c1a47e477f0736f1a5078ee3a8ec34047e4a6a8712f3bf271810a625b84cba4c93b778ae0425eaed8900ba80dd6999a776c882e65eb02bd2fbf29c04820f96ccbdfd2caf440b669b569fdd14a830675634147e8bfccc6a9973237049954759e71470382bea2483902f41e5a1e6ed80e5c0dad05f887876fd0bbb36\"","dc4_server_salt":"\"42c1ace429e60834\"","tgme_sync":"{\"canRedirect\":true,\"ts\":1696676096}","server_time_offset":"-1","dc2_server_salt":"\"93c6b863858c6e12\"","state_id":"66218284","auth_key_fingerprint":"\"9d8e8a0d\"","dc1_auth_key":"\"4b1e133c6a79eba7c892c39e59bf6ba4b316bf381cc7e99782c6f491b34b5f3c3c1f27b754179c5df13f957a4e5363f9e37822fbf831d25a83e25bb42c3ef70e520393b83de04f66df136832a630181ebb7cd721a2a5a8f03512c3785c48972259af6ca1602ba7d8ef4540781599505458ae084f66957cb6663b0a13fc9087155fcd3b68259130d4f85afacd9db02bf952426f531d560417ab09c73f337233f08b3fe321e099e28f502897586c149382b23503dc3023cd5d2d46ecdeb140e28a0da6480dc30d1fe916f338063cbe14391d21da73104d07d25332cc02bd0442a5372c339361d08b0f0883dca177e03feaf41ca7505b88491589ee68f6392cc967\"","dc1_server_salt":"\"2849bd2d06ce256b\"","dc5_auth_key":"\"a9b33c176c370e042e03142837aa9fa856a380eb838a10c68882acf042e5a4652b030ef179b374e6d2c62161800530041275879a7fcca0001102f6d645c3d9aa6c4589eaadbd2097ab944e5e029dcdd938efd699b50a1e2fb62826405ddef76da45b92e2699aed8f837d669cc33106297687cb34425b3cf6a3c4b2be9182ddd9395052b06cc333a7cf5b9305316c30f597a8912ef821a2584c53ddee2ef27832278e8a3ab2119d946f8df723b2f912676570e49bcde99ec6b2a8fb07a434aeac5cbd305a69b1d50043c5d3e71c42f33ef92a4d1cc4d28bba812c2c5a7d4307c9be89b78f212a649a8c0f2957b5bd6f20134b18a639dba462e693418c00582187\"","tt-global-state":""}
VM271:1 —————-
undefined
