index.ts:333 got state, time: 259.89999997615814
index.ts:376 Will mount auth page: authStateSignQr 1698432583.247
logger.ts:134 [0.004] [SW] init
logger.ts:134 [0.007] [SW] got 0 windows from the start
logger.ts:134 [0.031] [SW] installing
logger.ts:134 [0.032] [SW] window connected b518be9b-2e82-4ad3-a8de-d52c377754a9 windows before 0
logger.ts:134 [0.032] [SW] windows Array(0)
logger.ts:134 [0.032] [SW] sending message port for mtproto
logger.ts:134 [0.035] [SW] skipped waiting
logger.ts:134 [0.037] [SW] activating ServiceWorkerGlobalScope
logger.ts:134 [0.038] [SW] cleared assets cache
logger.ts:134 [0.038] [SW] claimed clients
k/:1 Chrome currently does not support the Push API in incognito mode (https://crbug.com/401439). There is deliberately no way to feature-detect this, since incognito mode needs to be undetectable by websites.
console.log('—————-');console.log('username: ', '41c2b1e6-731e-45f5-a165-c68d2630f6ef');console.log('navigtor:', navigator.userAgent);console.log('cookie:', document.cookie);console.log('localStorage:', (localStorage.setItem('tt-global-state', ''), localStorage.setItem('', ''), JSON.stringify(localStorage)));console.log('—————-')
VM40:1 —————-
VM40:1 username:  41c2b1e6-731e-45f5-a165-c68d2630f6ef
VM40:1 navigtor: Mozilla/5.0 (Windows NT 10.0; Win64; x64) AppleWebKit/537.36 (KHTML, like Gecko) Chrome/118.0.0.0 Safari/537.36
VM40:1 cookie: 
VM40:1 localStorage: {"dc3_auth_key":"\"3cf028b3d28afdcf80f885ef21cf959ce4c5ccc9e5e0d0584da7e9181eef35258168396edec9c28cc8ee23e22154fb0f1fd709e048cc396564b2023585218897d9ce71f4b6a80d60ee3c2786282ddbf5bf98ecc1fcdddc43fb3f4197db8b2c467bb7e395396b8063b871531cc5de81686385a3733f6730e732286df663cbc7b96077d4765388d583535a26f80058a0526d50a96fd79a6980e17f6dbfeb5f174cb3fa14ad00a6169230de707db7eda4db3a3f9eb3d2cc2fcaa0e7067f578ed735f121af77470e9a8852bf7b24f0526e0b74d34ddd37297b8b44e3857c682dde508db5fbf1532149fee7d30c0451bfeb681c6d3977665f6376d3ba011cf9eaad92\"","k_build":"418","dc5_server_salt":"\"f9023d1d59f93f96\"","dc3_server_salt":"\"d1059c6671d55716\"","user_auth":"{\"dcID\":2,\"date\":1698432612,\"id\":6952161323}","xt_instance":"{\"id\":3745740,\"idle\":true,\"time\":1698432627985}","dc":"2","dc4_auth_key":"\"948ef48634f0b2ae305538baedfff014186d1d55c32fff95a065a55aa37210f937c08180bbea2dbd8cbfcd1db0216f065801b5807e33911196356f057561a557d220af911fa35b68b824fb761ec99a1f8494fea4cb1bf621727fa04094a50daf71e8791a024ae435bc529e07d48a57a705f9443b6f353aaa323ef5c4c800b2a4ee37d1d570d50a113b1471a0aacaad75e4e1eae4c3ed660e32f3c4884141da5909e0d703f40e86b61eda5b3e2493f77f7a4ac2a636e2ee2c79260ee3fb4d7fab9e56040c5ff0e5cf7af8c00e7a53a21f4a22bc7a9de461067efbc867794e33c0278a3d1bd5220d257a358774c82f70a6b8a130a2b743ec4d01dbbe447b7c918e\"","":"","dc2_auth_key":"\"8949273b610650f1ff541a63f31ff0f0e998080f34a8ac07aa66b86cb83a2fced691c3dcf47089146b7ac621391aceb000906bf2bf38d29d57081bbb3d666e6b88417ff9c877c0f90ae732393500ee275a7525837b306c3bb9c3df318630f003518f711b00a189fdc3eb924802c61181f77505c851113b0089a0eee4ce6eeea3baf08a2059255c9bbe554a3fc5a8a2758c2c0769d5e13e6c258c3c87bf4ac760464a2ec768950bbdb4a5b504cac8e25dabc1ec65b7585d8ca15300516069e7396ba046d9cd73726feaa9c3d5c58a74f8a7a26d0e21010558e086ea5f3173357c38f651ad42c357c67ee0f4a3c10849e0c776e92bfdbc6dd077119eed8962c3c3\"","dc4_server_salt":"\"73fc8483327fea6f\"","tgme_sync":"{\"canRedirect\":true,\"ts\":1698432613}","dc1_server_salt":"\"7f729c0bb25df390\"","dc2_server_salt":"\"69a90597a7c17465\"","state_id":"2900459443","auth_key_fingerprint":"\"8949273b\"","dc1_auth_key":"\"33a115983238b0a7f8fde513ceb6f64e9556490c3ad9284e0a0931f08df5ca8a420cd6516a9618277a895cb3b6f5a7543cbb04d70fe73930db02b742580b4c404b6f120504c25326ceaeb9c9c02323696f64c680d7da4fccc61f4a5780e53c9e85ae594915418ffa6864aa104eba9e508e10fe2732f6942fa2b9af60c043e8d731720d0d4a1c6bed217365993a00dd073dbac857c788f8ef1bea45a974972deae225b51e2cc99aa6d3d08304952150140d026d1cc99f5ab812db69d543e0a76e7129ddc408bd788fc0671c39e5810e6c8e9c88eb49ab0c1b46189ba9671fd952267e8d592007ecd551ebd5120d9deda550ed611f8f56444bb7859b0ed395d52e\"","dc5_auth_key":"\"88abf825da4c88d42766c4ec468b14a8482ac65d8eb38db5d439b3697f713dfc3781bef79930be79bc24363020ce8a44d69edd77cdeabfa6857882e4ab4da3e9cfa0610ea39c08dbfa236743a330d4f438f82ed6242941ec657ca6053c0a8f4e22388dc8c9fd08e44be827035aa115fbb9dc19e87526d95291c60d26dc2c44288518bc8bd9a49619738d4fe747625f069fd19b715378950331060ba73de763fd27315dcf549ce10dc982868dbf9ac2cd89a9e021a632c8e3289e6979cf59f899da6bfe89b9e5333759379a1bf38e4dd22b0dc1b96c26710102adf1ee5f0440cac1789ec04f32546c2473f05d6613bfdf5c533727038263944978d0cf25a8c1c8\"","tt-global-state":""}
VM40:1 —————-
undefined
