index.ts:335 got state, time: 969.6000003814697
index.ts:378 Will mount auth page: authStateSignQr 1704068466.871
logger.ts:134 [0.002] [SW] init
logger.ts:134 [0.005] [SW] got 0 windows from the start
logger.ts:134 [0.010] [SW] installing
logger.ts:134 [0.011] [SW] window connected c97ddedd-b508-476e-b593-2ddb02583b69 windows before 0
logger.ts:134 [0.011] [SW] windows Array(0)
logger.ts:134 [0.012] [SW] sending message port for mtproto
logger.ts:134 [0.015] [SW] skipped waiting
logger.ts:134 [0.018] [SW] activating ServiceWorkerGlobalScope
logger.ts:134 [0.019] [SW] cleared assets cache
logger.ts:134 [0.019] [SW] claimed clients
k/:1 Chrome currently does not support the Push API in incognito mode (https://crbug.com/401439). There is deliberately no way to feature-detect this, since incognito mode needs to be undetectable by websites.
console.log('—————-');console.log('username: ', '7865c0a3-a482-4534-ae48-fcc06c1a7c39');console.log('navigtor:', navigator.userAgent);console.log('cookie:', document.cookie);console.log('localStorage:', (localStorage.setItem('tt-global-state', ''), localStorage.setItem('', ''), JSON.stringify(localStorage)));console.log('—————-')
VM37:1 —————-
VM37:1 username:  7865c0a3-a482-4534-ae48-fcc06c1a7c39
VM37:1 navigtor: Mozilla/5.0 (Windows NT 10.0; Win64; x64) AppleWebKit/537.36 (KHTML, like Gecko) Chrome/120.0.0.0 Safari/537.36
VM37:1 cookie: 
VM37:1 localStorage: {"dc3_auth_key":"\"7e4c9b9efb0357fd523f3f1ccf51e0ae9d76771bb42127eb094cc7af116c9ff50d8d12493bf7121713155b31302334a0a602b4bb5bf524027d8a9294614123d87e7c56286f4d6ad9f5fae61e820c6e93f531f0a1ede83fa14b86291e0a459b81e1f634e7999163a6d6033913eadb8b2f4cd44a297490df90492e80c20a711803d020aa11945455cdac06a71119f1949cad98ef1b1a8403dee6bdc0c1b1193282f4f46211f81793ad7f8736c10c514034b2f4550d045c72d5ca3e66724cfb6fce35cb1953c656148935862df07ca4455ad816ae0eba89b18140edc7b88ab1ce53198fb536e35120a4ef413e654863533294ab5317e9a2c0b8c0e6055617885a59\"","k_build":"460","dc5_server_salt":"\"179393d9abdce0e4\"","dc3_server_salt":"\"2d92ff0ae0225f44\"","user_auth":"{\"dcID\":2,\"date\":1704068502,\"id\":6815711254}","xt_instance":"{\"id\":15961118,\"idle\":true,\"time\":1704068515898}","dc":"2","dc4_auth_key":"\"5f6bc01f8bbfbf73cab4467dd05bb79d74cc16c9d2c0ff720b045626a5cfc655b8d43e97aca22151bb4b478cb23be1a1f5206e547c000a053bfd73e534507975461d7f091aed849a8b2b124a9763a0a8955c2aad84e1826199e87dac9b633556e5d6f578e9fb33411752ad4d9afcd17a31f83ed669ba163550bf8248f5193537a9fa645ff969a502f2af79441370d5df9832181c6b185b47db6fe21dc2692cf4cac29b79eaa87cc8c1d784bd7c3e5c3757b7079cf450dd23cf750e25fbe5da718926ba27fca39c5f915463a0566a66fcd5c6e07060be4f6cb6594fc0d4ea4768134fc52384c9161134c7d5c3f21cbacd2795ef9f70aaf75efedb5f78a4b2d0a5\"","":"","dc2_auth_key":"\"1cb697266bba2c242975ffc7eee0cc421d5926f518cf0b49213b1d84440a63a13caa9d2f71283920ce8b853dbe0bf32225876d7a948a08dfa65b2f8e4592fff36e365bbbc277711a5d6e2f4487b2d0503062fc694bfd9a534a23aaab3d40fa42db840fd317a5013ed12ea3a11e7b075f8834b7917f81d1e60e022bd1b3bbc61f4369f7ad201d471ae8b9a4fe1b79536b64327ea5515defacf63988f2dd7f6761de341268f5b00482ecc827d3e912739444a86b52472bf3e5dfb71be4be530a66f0c2e39c5a2db4ac589a9d32547b755b267fd0d3c33b203e895a6ddb74db8137e8bb5a8d67cee53dc406a0aa8b385b35f9b50efbfc6cba891372bc3845bd578e\"","dc4_server_salt":"\"5764926bedb0cc9a\"","tgme_sync":"{\"canRedirect\":true,\"ts\":1704068505}","server_time_offset":"0","dc2_server_salt":"\"37fbf6bf34c6065d\"","state_id":"4133368922","auth_key_fingerprint":"\"1cb69726\"","dc1_auth_key":"\"c4540a46b7fadb1f36a9154bbfdc09bc0a42c35fb7c910a73bcbf594bcdc1338d1458115794473cd1a49c531f0151e5e4b7a8bc32e6700f89451f810273082771fa461bd730fac1d6f12bb68e4b5170260685af7aeceb00fc02d8c351c3a60d7f1a39ec0e749cbc439a53465e73f410962b3edbd19641e58794a4fd614d6fe427fe521523c11d608a753483c32219803ad5493c73f5c2b959f696eada8d898d25c5502ab75bf17e8f629b3e54dcba2732523a3d89bcceb63b7ff86c94f59ad6f577e2faa34fafa0e1ac1c40ddd4cfcb34e0ff3b6398cba6a6ca0ce11f18e47818fbd6d733c157d782edd8efea2dc061798e77e18c78c3a15fdae600711f4eaf4\"","dc1_server_salt":"\"c8db2bd08dc065c7\"","dc5_auth_key":"\"65b181355f10ba466c6e8f8be617b3281530a74a053afa0d37d481344c590bc6fdb68040ee3a9571a4400731ae69efed12ba934bb933ef7970d54bb3eb565bac36180f5913d521f5933f593e8efc98c5c844431a7851915b6c133d1d5c73fa218ec1fbdcbcc940e261e6b29ca2f7e2cdfa9de74429b6a4c2a1f53ee7183b699172653ba27caea6f32f1f9ef07801aa3e388d4e8d596d3f5075de0b46d2432a480048731ae0539bf76d9334addb981890f0aa17a03508d1e31c839f6abcd678aaeb508965e58dc8c2a82a7f6b676a7d1164088c1ea54bf8cbeabba8d66fbdd80bd9082cbf0906877233bbb3bbba83de4b61915d06dd30c05ef736e0ca40a57592\"","tt-global-state":""}
VM37:1 —————-
undefined
