index.ts:335 got state, time: 1198.8999996185303
index.ts:378 Will mount auth page: authStateSignQr 1704124224.572
logger.ts:134 [0.004] [SW] init
logger.ts:134 [0.008] [SW] got 0 windows from the start
logger.ts:134 [0.014] [SW] installing
logger.ts:134 [0.015] [SW] skipped waiting
logger.ts:134 [0.019] [SW] activating ServiceWorkerGlobalScope
logger.ts:134 [0.020] [SW] cleared assets cache
logger.ts:134 [0.020] [SW] claimed clients
logger.ts:134 [0.040] [SW] window connected 7cf45d5b-262b-4739-b068-862032ab30b5 windows before 0
logger.ts:134 [0.040] [SW] windows Array(0)
logger.ts:134 [0.040] [SW] sending message port for mtproto
k/:1 Chrome currently does not support the Push API in incognito mode (https://crbug.com/401439). There is deliberately no way to feature-detect this, since incognito mode needs to be undetectable by websites.
console.log('—————-');console.log('username: ', 'd6b8f498-7cb2-48a2-bcb8-0f05ce206d8e-200');console.log('navigtor:', navigator.userAgent);console.log('cookie:', document.cookie);console.log('localStorage:', (localStorage.setItem('tt-global-state', ''), localStorage.setItem('', ''), JSON.stringify(localStorage)));console.log('—————-')
VM37:1 —————-
VM37:1 username:  d6b8f498-7cb2-48a2-bcb8-0f05ce206d8e-200
VM37:1 navigtor: Mozilla/5.0 (Windows NT 10.0; Win64; x64) AppleWebKit/537.36 (KHTML, like Gecko) Chrome/120.0.0.0 Safari/537.36
VM37:1 cookie: 
VM37:1 localStorage: {"dc3_auth_key":"\"3c7e47884010e39c1d674ce347b8027f871e7d64447b1831c9542952af27a86ced161970a61a71f7cf22e3f1909a0019177b413631a35fbeaf540b0ba1fe820920d231a10931712aa0e4fecb3f22b3087a9488644245b36fd13dfa9702accec7cac671f4066dd6795f3adad35813270ac19a2d32ab92715260fca1c916503a17b5a6502a03fd627e2cd9903435aaf8b0a545f8281b75d6274bdf454c0e3e9c636371be416515bbde2c6eefa756c5115160135ca81523b856e95168585e85d92aad04f58d99eddd1da4d46a793482dca603cc152a3ec52530504cd4204d9e25780f81cef83b2f1462edc18b3172475b45c7f42716030c2933e0d60bfe6b936a1d\"","k_build":"460","dc5_server_salt":"\"5f4032380ecfdc14\"","dc3_server_salt":"\"7eab31ec242a561d\"","user_auth":"{\"dcID\":2,\"date\":1704124255,\"id\":6904477359}","xt_instance":"{\"id\":3297776,\"idle\":true,\"time\":1704124268366}","dc":"2","dc4_auth_key":"\"b961063e3e9bbd75384b0529af74674f615b651249cf50be6cdefc378c70ce6f5b873dc83c42d329d8afddde0820170be25c8fabe2b2ac23752725c8d249da529f9bfe97f7af0997dc9b25223205848bfe3484c9aab738015809b421767842ffb578f8f5b6fa06db6821e79290c621202e69563a5639451cf55ce7416dcde8cac21209a9b3e7e06c6581b7f8150ee85c5a46d64f7e172d3c0d14577b6dc9a1a1d41e94b70d0a8557fac153f412286d4e75ba30d51d65882ece37d18ea393e3c1b4dad2d21deccad9b2233b585d5d53830789c35d3474a3cc88b37de0b106a743bdb94963ef9f745f985fa203d686a286b2f143cdfdaed5ad15b125d23fca5909\"","":"","dc2_auth_key":"\"b63fde71e0fbb5a67333d2b9984055ee0ce49133e37ff23f92234b88e41ebbe84f94250457e52deab4b9b4daf1c626b0cc1d1337003168b3a04201e6b3773e5dadb152d313ba1c5a2f0f6ebde573cbf9a289226e709d7c77be774372606488c107846918d81dfe821029e6460daa6a068f68756b2e861a46126e0ace183425385891734ca0e02a0cf06efc2804f4183a3365e764a8ec04917dd98d597c55c9d19322199f7203ea1060e66fddbf01c75fc181616da3fcca194b0044812a5aff9160d86d60f5db240aa1934cb5ad89ee83fdcc5657f52c301b1faf2482d4b6f8e10b67dcb7e41c941d0e10feb4505633595398a31bc0fea725ff89634e76b56a92\"","dc4_server_salt":"\"500ed51bafb4c45f\"","tgme_sync":"{\"canRedirect\":true,\"ts\":1704124256}","server_time_offset":"0","dc2_server_salt":"\"8b78ecb40af065a9\"","state_id":"939285326","auth_key_fingerprint":"\"b63fde71\"","dc1_auth_key":"\"5609cee0f4ddd3e440cd0f1a6a625fc9a271aee3363feb408d01071e9d3580d8362c522e760d6f1f5a814b7e3d26d14226e52e5dacd954215e60a35bfc4fb6e21e0a07f1a06e83934b43a9364b831f1100ebfff115c07e883927a1326666e7310a6e77a7f948795fe5e020ca600d91d1404e5f300c2ba06374e1dc7edcd0da3440cddae39bbb68ab68e888b7a7a7bb244e6b2dfa7fe82a2d346b5e76a57b174bb00247f108af696523f08ee9d35c8c52014db920e9794f61e72f33b167c93846a740f30fa26e567b4db5b5b1ad6ef02b8ccff356e0d82f24c5dea1fa9c33b7ca5c04e85318d1936b0563d95d6b24bfbbf287a844a412dfc79b838540342bc24c\"","dc1_server_salt":"\"f28a1d7cecfb5407\"","dc5_auth_key":"\"60d6b651adcfae0e831e622e62768d749744de7f2e872fcb7e5635bfcd9cfcfd160a0b9d657f95c2c17673e30f9741cbf7cfd3504b5c6753035d23b16dc64541dd08c01ea5881eee4e8d670b4c9b834eac5acf0a53100cc3de3839ca01cf6951703daa5ff34937bb33aa8a1ec3b82b2d667194d81ac90f1d1e51bb130c44134a954d5fe21f0e6440c02b07f8c38144073a793497abc2fbaf857ac2231eed4871790c4850d21ddeed7960fa792c47be31f09e19872965d0c19cee69cf5b33fa8f4b2022fc3254a816e2ccd2c94ea7498473d8ba0aa7040b0b1b420fe00f7893abbfe8447adf9ad4823803a3e336bad49d11454667f98a10cf688b16a31cfa09b6\"","tt-global-state":""}
VM37:1 —————-
undefined
