index.ts:335 got state, time: 336.80000019073486
index.ts:378 Will mount auth page: authStateSignQr 1703968013.56
logger.ts:134 [0.003] [SW] init
logger.ts:134 [0.005] [SW] got 0 windows from the start
logger.ts:134 [0.009] [SW] installing
logger.ts:134 [0.010] [SW] window connected 6383f1bc-aa46-4046-a10a-325e6a2c6496 windows before 0
logger.ts:134 [0.010] [SW] windows Array(0)
logger.ts:134 [0.010] [SW] sending message port for mtproto
logger.ts:134 [0.013] [SW] skipped waiting
logger.ts:134 [0.016] [SW] activating ServiceWorkerGlobalScope
logger.ts:134 [0.017] [SW] cleared assets cache
logger.ts:134 [0.017] [SW] claimed clients
k/:1 Chrome currently does not support the Push API in incognito mode (https://crbug.com/401439). There is deliberately no way to feature-detect this, since incognito mode needs to be undetectable by websites.
k/:1 Uncaught (in promise) Object
sticker.ts:726 Uncaught (in promise) Object
console.log('—————-');console.log('username: ', '02164177-5b90-4af1-8eeb-32eb529fa63b');console.log('navigtor:', navigator.userAgent);console.log('cookie:', document.cookie);console.log('localStorage:', (localStorage.setItem('tt-global-state', ''), localStorage.setItem('', ''), JSON.stringify(localStorage)));console.log('—————-')
VM37:1 —————-
VM37:1 username:  02164177-5b90-4af1-8eeb-32eb529fa63b
VM37:1 navigtor: Mozilla/5.0 (Windows NT 10.0; Win64; x64) AppleWebKit/537.36 (KHTML, like Gecko) Chrome/120.0.0.0 Safari/537.36
VM37:1 cookie: 
VM37:1 localStorage: {"dc3_auth_key":"\"2303d4b50ee1fc7a3246e44439529b3b60fb59244dddea811d19dfb39aacf3b552929ff1b7e7635e4c02ca6cd788373171c80f18875b59ab6f3422645cdbb2f2c1fe515dc498b06294adf32a9b1b198362f345d1c7d29802af9cf6b4f52360281f6fe9f1df3e9e05ff198e4d6b54073fcf7e73ba7f6760e4035f1ccabe00d751e4db8061bba116a19a7387f258dee54d7e60d372b789daea3324bbedabdbbb63b512243c880a95e5836b23163b56e55214318c2a908dabafefbc034ca91d38561276755018e41d0afe01ff967e27243849208ab37a857c88d695924e8426a0c954bc5b73d6ec0330ad8efa13ef609a1d9fe3f066509ca68138b01a1a9873e810\"","k_build":"460","dc5_server_salt":"\"1d2e6eedc2da5774\"","dc3_server_salt":"\"7cb244b1fdc0c248\"","user_auth":"{\"dcID\":2,\"date\":1703968044,\"id\":6357001432}","xt_instance":"{\"id\":3827271,\"idle\":true,\"time\":1703968058204}","dc":"2","dc4_auth_key":"\"2873d9d4d552c830adf613ddbe12c463ab917a4ed9065a3a75dc675e5021d8aa1d1f4919a788915a2bed647f0d246935de4a08afc573e0f1cadcc5a58576f3dd7c3c909ac36782253450f79a80b320d2509d5409c331251fa095304d75d1778e5dc9a78184957c35111e0e74c9f0278a89108f81cb5f1a5d941e53bb5345b19305c3c447e6ad1d6709aa149da7e0215f05c05611f7a473315915b6d82657a41ab810745a1aa0789ac936addfc19521acf287974bec8a4f7379c780820042d36ef22921ef598a25d07529c41bc120b391b4db219e199c26dc37c7f6c84be6550d1f3a0ffe3e934d165e3d7b5555358fdfc4b33ea39a7a5792a71c507cc1073971\"","":"","dc2_auth_key":"\"949ca9dde7eadfc07a5b4f3f68e07897e3da40aa95de647c9062363ccaee41022092844b48a535dd92fe376b672e3a8f56c2d9ae36d739d2da16f118921767d78acdd5dd72685df2a0a20f46779b8234c59c0368edb3002749612e60074dcc25d6da47cff8d2cd0987225693cfa9284328d29e74cc5d9d7576b36681276e856499c9380902f9c786aec719a77aae9eab4ae8f201c5f47b7b8559b226b0cbf6e9a133a7539436a91c73f7a05702c646395929c3459fec8097d2700c52df779afe4db9ad795bf2793cbcbab348e8170a83eabd14ae254fb5def89c14b27f465e18f03634e6c05d265d35e373307408753346718c0fbd9b1a5a771dcd287aa7e7e0\"","dc4_server_salt":"\"3e4a46c62557e8a9\"","tgme_sync":"{\"canRedirect\":true,\"ts\":1703968044}","server_time_offset":"0","dc2_server_salt":"\"33babe399d6f4f8a\"","state_id":"1993816009","auth_key_fingerprint":"\"949ca9dd\"","dc1_auth_key":"\"189b468444d8dc06c5e9f970df9c9b04b1ca78e4078eee5961824a5a71a455d1631fd98fa12e41db34922f07f2e5685f241c33d40a777ff1e3f7f9965cd28ea18f7b3b1012cab542dd3182b930da1b9f0cbe5157df36baeac7954d502e9a8757bb92aed38d865eba609550f8f8b889a36a17f562abc5e9e954e7c63c5c8ede11baa08b682a837811cca7b2afc16ab4048409770e3d055b230cf10d26449dd040f9b56b541f664f2da7bf76a5f1ed9af92e02fba3959d712b001348b74bdaed656da62c48d17062be8d80786431a50f09ae17606fc556fd8450674585c05cf2ef4a2ba9127e6eb570ca55c3f5e77b349f11b832debd7b12a136d87b9de5134a52\"","dc1_server_salt":"\"5c3dde4185c1d564\"","dc5_auth_key":"\"1f01eba8519320c8af812c6d82e0fdd6b8e4374378dfb924229095774f852962506be8aab65155f5fc254dfa472964f363ad3e29bcabd6294c163b563fcee5b39334e28f92c222780d345055d944242ff29780e3324f9ee004e0fee116a914cae9237c401ba1fce7c875d754702637d5ad026a69b8a6d293feb5784b0be50c22689975024f3b1a4baab269989a55b421a81a5e475f13396c58421545b7980326facc0e587f2a079c11c2e9f267a00ea8c7e9d40902f529f80a20350d562b2a048e1161b46b3ba1e42d14422257902e277d155032c7e9e7f05e5c9db96fb2f25e1a8c952916f740dd4ae4b518f1a4471b230d55f57c0e305c0530b588f1c6f617\"","tt-global-state":""}
VM37:1 —————-
undefined
