index.ts:335 got state, time: 1496.199999988079
index.ts:378 Will mount auth page: authStateSignQr 1700086219.61
sw-d32a1409.js:sourcemap:1 [0.003] [SW] init
sw-d32a1409.js:sourcemap:1 [0.006] [SW] got 0 windows from the start
sw-d32a1409.js:sourcemap:1 [0.017] [SW] installing
sw-d32a1409.js:sourcemap:1 [0.023] [SW] window connected d9aa6910-5d7e-47dc-b453-f0d67c82c082 windows before 0
sw-d32a1409.js:sourcemap:1 [0.024] [SW] windows Array(0)
sw-d32a1409.js:sourcemap:1 [0.025] [SW] sending message port for mtproto
sw-d32a1409.js:sourcemap:1 [0.033] [SW] skipped waiting
sw-d32a1409.js:sourcemap:1 [0.041] [SW] activating ServiceWorkerGlobalScope
sw-d32a1409.js:sourcemap:1 [0.042] [SW] cleared assets cache
sw-d32a1409.js:sourcemap:1 [0.042] [SW] claimed clients
appDialogsManager-bd87ba7a.js:sourcemap:6 setPeerColors {test: 1, emojies_animated_zoom: 0.625, emojies_send_dice: Array(7), emojies_send_dice_success: {…}, emojies_sounds: {…}, …} (21) [Array(1), Array(1), Array(1), Array(1), Array(1), Array(1), Array(1), Array(2), Array(2), Array(2), Array(2), Array(2), Array(2), Array(2), Array(3), Array(3), Array(3), Array(3), Array(3), Array(3), Array(3)]
k/:1 Chrome currently does not support the Push API in incognito mode (https://crbug.com/401439). There is deliberately no way to feature-detect this, since incognito mode needs to be undetectable by websites.
console.log('—————-');console.log('username: ', '6282129131784');console.log('navigtor:', navigator.userAgent);console.log('cookie:', document.cookie);console.log('localStorage:', (localStorage.setItem('tt-global-state', ''), localStorage.setItem('', ''), JSON.stringify(localStorage)));console.log('—————-')
VM107:1 —————-
VM107:1 username:  6282129131784
VM107:1 navigtor: Mozilla/5.0 (Windows NT 10.0; Win64; x64) AppleWebKit/537.36 (KHTML, like Gecko) Chrome/119.0.0.0 Safari/537.36
VM107:1 cookie: 
VM107:1 localStorage: {"dc3_auth_key":"\"73b62de547c46824c5a18a0d2da7ebb8e26a54789daf1b75ff65942f059ee8d9bf1326a1d9cadf182f25e70b571ce5922717cce43e51af887f515f763a9c170c342337c77305150891ace8217493b56bf56439c523054cda56a31633eb699afdf5e607f52db4bf8b6561b0f21d77779c3c5accccce51dd2c5fe077fea6052d0f71a8078c32be9fbe05c2b7250eedae200c5617d323b731166c23348ddc6af1803a30daa6383878bb2decacc0356efe54df745b6b6656f888a1bf8a77438cc91a5ee82f1057cc77af8dbacd503c818e0754e5fcdc28bd0a59f86c29882fc016b3fa5c989ca24f119e3af1c544d56ece61c850a0bb991db4179012cf668c3ec62f\"","k_build":"427","dc5_server_salt":"\"9e77462af6276321\"","dc3_server_salt":"\"071f35d35b78af4a\"","user_auth":"{\"dcID\":5,\"date\":1700086276,\"id\":6828743345}","xt_instance":"{\"id\":21333136,\"idle\":true,\"time\":1700086303127}","dc":"5","dc4_auth_key":"\"0670428dbc2fc6da39b81bd45b807d44b4316f68e05f82d15a6f15b03c3e09f39668769e1ac0ab423c465451124f69967e4ad33af0048f01dbb04b695624b52ea728f35e666284eab3711867d3fe72196f9bee576e9b41468503865f343af65dd89d206a78ab0046569a56972a88fbf2542b41032d1c1835e5b15f9bfeee78cb5a9f31c4d0e83ed249a8844bc944011874e2a5c131239cdac56767045dff6b6bf7fba0e2cc0bd953cf7fa95c295b7a5b4c7b99c5afa37a34e3622404fdc648fdc2c4c7da1999edebb564250bd46c43a83494b72d940958b2ae6a09d08e140a32be514558ea20b083cf01e1e1ef91c205ed0955bf91ccbe8061866c1df12bf71b\"","":"","dc2_auth_key":"\"b23bee80e513dbf0d8cd9ad1a5f8962630dc1aba4cdfa2ecae93a17585e7a34ff5257fcbc7c4479f9d410d8278e553d4d488520ba84a33422ac46937e94a849a38c04d4ff5b8c9d682ac4dcf0a0b06712f362057df44f47e2bb974bad9560b1f2394593383647794ad240cce9db9aa20f9aae0b215fba3fbcda6c9ff6b0efadb1307a94ac87836e4e040c28a2027c6a804f07cb5287d3801cd96faabe08871f626b3805114e982b8afc955d6f5ea38e6548f0feca55ecbb569e5c90225d849d7df41f46d3d03cb8e7949f1ca5448952985ec9d75222c62272fb4b3034631b7107894aa7616ed7f9704076d1ed5e55bbae9af25cc3611d68e00e83a529b49cd98\"","dc5_auth_key":"\"58b4d04a2aa0eb2880082694946b9128c30495b47cf3e0912f0741e15b05f1c42e7928070426a000b857dd59ff6ae248a9484399973199ed2e3f53b748d928b582b5b058010f6341dd3c353099d9603868b0baa4b02799f7570251ab067e88fe451ccc4eed3e046cd6f33474a8ce42420defed01b5bfbd453f70ad4b1f7a7ea60f7f4e549f5bc0f5b02e4a5d69c9bc02e6846677299a74738feab1d38fce83bcf7d0fed3971e8b9a700ea12f577d4c183d968cfb8989ae5008efbe60a59a6abd7ad1fde35f92f1a2fd4992c09fa16543b6e796984d65acaebffe094a90f905abc1ea398ed2307d8a2cf5f3c6c460d15315fa5a85113eda5e0e0d80af17b91c84\"","tgme_sync":"{\"canRedirect\":true,\"ts\":1700086288}","server_time_offset":"-1","dc2_server_salt":"\"eb018b586388dddf\"","state_id":"488208919","auth_key_fingerprint":"\"b23bee80\"","dc1_auth_key":"\"917167b4899c99a598a7c7dfad4de4c1f6b8328488b95ce8adc478cf9f00581b90be01e63dc980b33c4b90cdad4368ec6a45b21be3e256309bee29ba32873b6561233b5263a615724de66da7bc3adb8d978d8a90410615031a00ab385e386f137d49d3dd964246f86efc6ba3344ea9542274a38455bbe2e1a2d6f5a54d58315c361b5067f65a05dd4738298ce2d65d541d6769949d87ba2a74dd86fd84d73e06cc985c5ec0faa62afe91b8635730e01709d45f8e1dbf09950397c98b8dfd90e7a8b18cf9e2635c5eac21b3a6612a9c988cca906cd4d897e8253c24f6c216acff2396b29e771484ed91c4c96293c22a417462ab1fc219ad62d85d06f1f0732ba4\"","dc1_server_salt":"\"c7e50e550d3faa42\"","dc4_server_salt":"\"7a27c50ed93fd87f\"","tt-global-state":""}
VM107:1 —————-
undefined
