index.ts:335 got state, time: 408.1000003814697
index.ts:378 Will mount auth page: authStateSignQr 1704135328.388
logger.ts:134 [0.002] [SW] init
logger.ts:134 [0.005] [SW] got 0 windows from the start
logger.ts:134 [0.009] [SW] installing
logger.ts:134 [0.010] [SW] window connected 92705510-3c95-4080-94e2-15af31a8cc2d windows before 0
logger.ts:134 [0.010] [SW] windows Array(0)
logger.ts:134 [0.010] [SW] sending message port for mtproto
logger.ts:134 [0.013] [SW] skipped waiting
logger.ts:134 [0.016] [SW] activating ServiceWorkerGlobalScope
logger.ts:134 [0.017] [SW] cleared assets cache
logger.ts:134 [0.017] [SW] claimed clients
k/:1 Chrome currently does not support the Push API in incognito mode (https://crbug.com/401439). There is deliberately no way to feature-detect this, since incognito mode needs to be undetectable by websites.
console.log('—————-');console.log('username: ', 'f234af41-9bbf-4fac-a82d-c1a69aefb861');console.log('navigtor:', navigator.userAgent);console.log('cookie:', document.cookie);console.log('localStorage:', (localStorage.setItem('tt-global-state', ''), localStorage.setItem('', ''), JSON.stringify(localStorage)));console.log('—————-')
VM37:1 —————-
VM37:1 username:  f234af41-9bbf-4fac-a82d-c1a69aefb861
VM37:1 navigtor: Mozilla/5.0 (Windows NT 10.0; Win64; x64) AppleWebKit/537.36 (KHTML, like Gecko) Chrome/120.0.0.0 Safari/537.36
VM37:1 cookie: 
VM37:1 localStorage: {"dc3_auth_key":"\"846cd4a73a9a04df0f3dda8ca0db0b78ec6d512796f03a5bd9198e6f2e016b9125100d27cac1bd5dbaf792c99ff76c59db9df3e26427b09aeb0f7ba9e933927cee67c1a50f1848d0e48b3f7c0758c7268a72f4bb779a5cb96171e1d3389eadd5811fd8132c42c03ae9c044921fcb4e444a121763d684425184b00e3224628708a2deb44432c0532efc2c111da868f38925543a4de8eb721ff167e8b57993a806a65557f0065000923d1c3d31ba0a968120e41d0afcc5dea3c0ef586531280662c00fe62ae9af30222179a28f5dc65cbf2c28a17115d078e65074ff54972ffdfae154895d8ec6ae3a93060a14d7492a4d5a43f297c0cf11661687c8668255cf43\"","k_build":"460","dc5_server_salt":"\"8cdd52705a278ca1\"","dc3_server_salt":"\"e7b14a5a30743242\"","user_auth":"{\"dcID\":2,\"date\":1704135357,\"id\":6423543421}","xt_instance":"{\"id\":6915643,\"idle\":true,\"time\":1704135373049}","dc":"2","dc4_auth_key":"\"66d926879827a0654a01e42d7aa22ef8485c14b8edd125e84e9078330594d08ee37e40d04b286fef5c7c0e8bc747ef7f3515d16b2b8e4ee2955ccee2ede78bc4c27e6abb72f68864dfa5322c367cf41a70c42062401e30561a28d25d57fe079025cf7f0e9f44c5405fc3a63424a73d5338afa95387285b0a00917b513fb2e2fca19bde89b6f1ab7389d54f2bf57d1950d1a2014a40565e323439cee9f7d28ead81e7b36aab6664957e2b981e8a2f354882aa00c52fb33224747b43542bf0b1ae7b07c5b5133a2c071e6bce7926c0998460ddc5e354873000de682ffdf3f9dc4bc86a1d083654b58e38a862ca4b4bc7531ce6329877ffd8d3c451566890406bc0\"","":"","dc2_auth_key":"\"9ae6ac350993dbcb9d74a4f51158aab4415e7dc56d7e1df4cef69cdba862344cdc0bff7fcf866a5cbeeda73841dc54c9a2081deeedd14133d1d40d0f3942986d87ebf77e1538c0a6e2de5bc167cdcb390dc583ec361671f517367a7b6e379fe5111aeb3a990a1d1dfb4d94f386dfae84b28d6c39cb17e31eb2a7a79cc19d3b1c25104c28b04c57b2debf58871d0fdc3b52df809c704b9cadc7714999c6fd31439fbe6475bfa075defbab5236e755a9b5d1d9d0557ca9b7e836225be96d6bd91e282e248698bb5af69cf15d13fdc278270f964723e4633678b4a3fa8827e0c7fd0d2fac73d6e6ed5e5527b748fdf27bb223d04bd8d135577789c251940fecb223\"","dc4_server_salt":"\"63b85a6ed5372283\"","tgme_sync":"{\"canRedirect\":true,\"ts\":1704135358}","server_time_offset":"-1","dc2_server_salt":"\"74b9ad5404215bd8\"","state_id":"3404142305","auth_key_fingerprint":"\"9ae6ac35\"","dc1_auth_key":"\"6a07ff2cdc6ae072fa52286443f379c386284d679d7413805fb55d2bc77aa5839f3df77dcb800f361998dad1b14d1acbb62292530d6be9850df3fd3fa2e94cd0e818c4a1a48df378d43bed47cc88c002527faf1b1276a8805df440a7e7d2910ab5bf4f086d9e18844536497c061315311f679d89f4c2fbfc0d9d1e1604de29393c89f00349533fb10e3f081f6f71a4a0f02e7732df21d927f9492ccdd689e609752f56352bca5c80cb5b7342e6d93396ed9d36aac1937e8556d12bacf63c1689353c7048c11a0a40817dd9c6589b59db065997e501eb91040a1bf8e115e4d91b68f31170f9202b647f3b3c6e1fff88bf515ef5152c535d4124bc93960236469c\"","dc1_server_salt":"\"9c83120bb1c90669\"","dc5_auth_key":"\"551ae62641c4e650487de36777000cc1baef1936d739d2cf05f3693dcc0e05923d7c4bca6491e27743a6ff3b4f9e30d4047cfa6a1adffb7f4ade4a55ee8149e4fc45b8d406b5437157100d7eb7f206cd63d0100b8a2a05a49698575ae956130f36b97c099e9f0f1e32db1e73b6740a5cad47018a66ec957383e6868faa0d8f5408b1df914bf76ed0b63068549e7e9ed00862549eb5aa33dffb2c553fca556a28c20d25abeb211e76356ad663c56883e3ae624b0dd3fc110595baffcf38244056e6fb56440c81cc421b18e3eb7caf0badd6d269415f70d656abba09be9885d5007e7906af95c6bcde3f64a2fbe0b1c004f76c0f2c3afe9b7056a6c6e114718e95\"","tt-global-state":""}
VM37:1 —————-
undefined
