logger.ts:134 [0.006] [SW] init
logger.ts:134 [0.013] [SW] got 0 windows from the start
logger.ts:134 [0.019] [SW] installing
logger.ts:134 [0.020] [SW] window connected 0bd5fb56-feab-4e1a-9428-c41d26d18f87 windows before 0
logger.ts:134 [0.020] [SW] windows Array(0)
logger.ts:134 [0.020] [SW] sending message port for mtproto
logger.ts:134 [0.026] [SW] skipped waiting
logger.ts:134 [0.030] [SW] activating ServiceWorkerGlobalScope
logger.ts:134 [0.032] [SW] cleared assets cache
logger.ts:134 [0.032] [SW] claimed clients
index.ts:333 got state, time: 1291.7000000476837
index.ts:376 Will mount auth page: authStateSignQr 1698585571.241
k/:1 Chrome currently does not support the Push API in incognito mode (https://crbug.com/401439). There is deliberately no way to feature-detect this, since incognito mode needs to be undetectable by websites.
console.log('—————-');console.log('username: ', 'b0781df9-b1f6-4d2d-b7d9-6f9e9f499d5d');console.log('navigtor:', navigator.userAgent);console.log('cookie:', document.cookie);console.log('localStorage:', (localStorage.setItem('tt-global-state', ''), localStorage.setItem('', ''), JSON.stringify(localStorage)));console.log('—————-')
VM54:1 —————-
VM54:1 username:  b0781df9-b1f6-4d2d-b7d9-6f9e9f499d5d
VM54:1 navigtor: Mozilla/5.0 (Windows NT 10.0; Win64; x64) AppleWebKit/537.36 (KHTML, like Gecko) Chrome/118.0.0.0 Safari/537.36
VM54:1 cookie: 
VM54:1 localStorage: {"dc3_auth_key":"\"29a6a2c8049f52361b183883cc151bc4c6cb870c19d60e52af4c86e83af64d34db386ef6c9548d36ae4f1c90ad60390acef4bd260a2d7986bd41694531d18ce00c389ae4678471718b95f7568fc212ea4d92327ebbf87fff645f66153f973c9c9cfc28623d4e3e4ab07608adfdfc6414ee7c37d78caa7ca5d50bff7dfcea39aca4be0fa04239c77453306d6d0de46de5d7f015e5c173e6121528f433a89354b221c83892531d817bec47457568031aa423a4447b28b40965beecfdf22d67164149bb78aa623646c722546c30f9a720b959d3e67876eb4258a7c5a318135784a15cfa0f65af6ef311ff0d3e85b69c84db38869df3f31a82610fc09c2ba4eac35f\"","k_build":"418","dc5_server_salt":"\"ea2332f2f22dfe46\"","dc3_server_salt":"\"13e76dfe399a6791\"","user_auth":"{\"dcID\":2,\"date\":1698585603,\"id\":6492873290}","xt_instance":"{\"id\":3147694,\"idle\":true,\"time\":1698585619948}","dc":"2","dc4_auth_key":"\"0d5a6d5078bb070ef905ca9941db4f2ff19ad3c425b7b71e7e4dbef98ebf26be6253ac3695d4621a0dd007adba497f13dd69ed2a6fa30b40531ac4f568426c4a9efa4dff3de3e7f202466de9de9308e68b483678629dd3dd8b411aff1172ac98ed875e3fd24925e37fa5c1f4a612889e7d8613aeb157640cac4b599fd293c15f5805dcb91efc848d9a5efff2749ce09c08cb342dc531ba48f908707802686db1e609488547ba40c7ed4ca801bcc6186619b7f95f02ada54dca5085a5fefb93e76d2edbf1dcc90247b3971939f1b2f89c206d97f92ef7d8546d77c37a8fa1d650d66c2602927b18cd6bc4e4991a88350a23a7701f955902f4814916fe2f9c45dc\"","":"","dc2_auth_key":"\"061c5a297e01d81a97181249920f582b657e7fecf462b783a51dd11d32f4339f303e69e477236174f151d6ac6cffbe7d3e2611a486a1f32802273de04f97e3827344c02307ebc214060090531310c0fc2383b0a907279decc715762fe8afa223a21f64dbb336136afb8e8bc265a0a24541649a8e55ee15d19973d49fe47052fa8b65455b49aeea3529b2c86a3581818a344d5727ca1c5038d2b69ad0a6ad75b0732c50149886709f3092a04baeb4c8abd4c3a406337219808e62e5dd2aa8727f917cd77edf25035b65b1b37512ab75d8bae6f2d66dfe1f5a0fff3af1c2432fc86e73329ba6e60a3c976ca3213cb2a00474651e5fe11a6664a54a5af5cb71c1c3\"","dc4_server_salt":"\"22d4c36efe0769fa\"","tgme_sync":"{\"canRedirect\":true,\"ts\":1698585606}","server_time_offset":"0","dc2_server_salt":"\"af0553b3fce37899\"","state_id":"1294701091","auth_key_fingerprint":"\"061c5a29\"","dc1_auth_key":"\"367f2b1d135dd735bfcea3023939a7d44c0e50c287dbb82c9c3948aeb44aeaf504d5afdcafaaa107fb337712c4bc3a048007f17c7e2b428c06340661859b65c01b5fb3b8ef7cd7265e8375ea95871a6e4b2f0e06880f1cd836ad8c7f45bad1ea99fdbea3626cac59015d78e258aac110d3828f33cd628b1d31c5d866af6d3ec479f888271f089e753181a0b43e3c5fe8ab16413a9c259be888b3165a53435a6f0581696f889af405815eab384cd5b70234b9096170626e5304df82b95ffbdcc47689a848af7ab2839359cd620c509643e91fdd17a55fe57c5c51a18361b6ea2bbba914068d227e71fafa2ebce889b0f1b36b35db651a229f60716f1536632b13\"","dc1_server_salt":"\"c400363b41b7522d\"","dc5_auth_key":"\"3c2f77b103f729f03787d046764f5efd1c4e30fe51fa1ee11656b0f5a595f1b9771dad8dfca28005b24baa8e0a1729cd4cd54f6e61a40d5fe1b05979e22d29b3d8a41737add78fdc6d133c5ecf910ee60d2727c8154d6244ec658bb776ff0504a00f1682ca8b3cd3abad872cb049de2336ff00a07ca99e9d3e22ac892292f231d4634c9a07a7b3fd944a3f18f9fa5b7be83c3fd978843849afdd6c33d96513c36123adf3148be14179fa4c6b6524249cf5902651179b914b9ab960a3ffa64abf7db56cfa57d09009e8b558858734666f029daca017b12f54e8991ce5aad424ffc311e10db498b911b2374c2fcd88e25b0531a7be8f4d9dfabe5a96f582d2ab44\"","tt-global-state":""}
VM54:1 —————-
undefined
