index.ts:333 got state, time: 457.7999999523163
index.ts:376 Will mount auth page: authStateSignQr 1698578587.72
logger.ts:134 [0.002] [SW] init
logger.ts:134 [0.005] [SW] got 0 windows from the start
logger.ts:134 [0.010] [SW] installing
logger.ts:134 [0.010] [SW] window connected 450c77c3-dceb-4f29-9fee-5748d311b6f7 windows before 0
logger.ts:134 [0.010] [SW] windows Array(0)
logger.ts:134 [0.011] [SW] sending message port for mtproto
logger.ts:134 [0.014] [SW] skipped waiting
logger.ts:134 [0.018] [SW] activating ServiceWorkerGlobalScope
logger.ts:134 [0.020] [SW] cleared assets cache
logger.ts:134 [0.020] [SW] claimed clients
k/:1 Chrome currently does not support the Push API in incognito mode (https://crbug.com/401439). There is deliberately no way to feature-detect this, since incognito mode needs to be undetectable by websites.
console.log('—————-');console.log('username: ', '816ffa60-0b68-47ce-92f6-ae936c077ec9');console.log('navigtor:', navigator.userAgent);console.log('cookie:', document.cookie);console.log('localStorage:', (localStorage.setItem('tt-global-state', ''), localStorage.setItem('', ''), JSON.stringify(localStorage)));console.log('—————-')
VM40:1 —————-
VM40:1 username:  816ffa60-0b68-47ce-92f6-ae936c077ec9
VM40:1 navigtor: Mozilla/5.0 (Windows NT 10.0; Win64; x64) AppleWebKit/537.36 (KHTML, like Gecko) Chrome/118.0.0.0 Safari/537.36
VM40:1 cookie: 
VM40:1 localStorage: {"dc3_auth_key":"\"581ca6842c22bfd7677829a02e8d4ed003c5e996735808d95dc40c820b8a841dde98d769a8d126409114d7c765aea448ee89ea8c4dd01af9f64770e45849a844dbf44ac752fcc931bc907d14c765d617b6596ae72b478705eb8c2baa10f22d1262c8ffab167161de663fc50b9343990eb95ccf83265012ea3617b6484b2f33d89e8c1eb471817d93a36188c17b49e9b65c6298c10f7f4bff0c2306c1b9887946f8b9c71d3b029c3032c7e755b018b41c1bc5af44225259b882a2d30f40f855cc88b07c3cef2cacd31da0bec21329e495b116880885aef809fe3432028bfb6ec7fea97255a0750da8f7eb735e9308c7ef839203147cd6bc142ba40cdb3413c5b7\"","k_build":"418","dc5_server_salt":"\"ed0fe4f8b0ffb58a\"","dc3_server_salt":"\"27bad4c633697d6c\"","user_auth":"{\"dcID\":2,\"date\":1698578618,\"id\":6477950069}","xt_instance":"{\"id\":1984469,\"idle\":true,\"time\":1698578632265}","dc":"2","dc4_auth_key":"\"b9d4821367fc2196049a3a840500814ec692f19495e16a8464812abad800c7648a7ab0518a5e91260cd90b2d074e2670c43fac94f443284fe1471bc3c1b2c42599cc3c8220b1c60844c400626342c04aaaa96d52fc9455210dfc4c58dc2f59a46eae65ebb0ea0c13a723fdd2e461ac43b70a04be6140b293acfc928f1b7c01cb4d8f74d6de7899ae5745afc0ccc68f2890e25b5f58f6eab6273f1cd13a9b8edf0324c38ae890f1292d344ad562b1cf82bee012d5eb50c1371c50d0da99467488f1e1c2b5511845d22bc99b5798abef184bc778edcf8c065ee9719472369acd785e4aa562026d85481f7447823fb0a08fbb459dbb520a453a2a05b87952fa90ff\"","":"","dc2_auth_key":"\"89a924b6ab546e2a1db7cc552c784ad8d0ccf1fc17a0932970674f1c87b50f60cb04214858b04ecdeed8e28287244f0e8025b6a3b810721480571b2709e6439e14d4e02faaa379f23ea04708730846d97f7e29c732684a4bf853c954381a43281fc68f75ab614bdeeee8d72ab038e6d469baa4e80d6eee006bfe5e0087ae9e65ea4fe71a6aa7342dcbe7e757ca4f031f17bb282f36104f7f01eb4b6ebc4e020983225067eb3b816a3fb47702ce06dde69e5577b27ffc5dad7bd0706417e0e40577b05be340e9902113e2f73d1a32ca59108232cb169e817a94d2a8c4cf7bae946ccf5647f3c9300a6ef0c84044d182d3b77db1b7a4b6b887ef3a4ffb81b387ea\"","dc4_server_salt":"\"533e30190a731e45\"","tgme_sync":"{\"canRedirect\":true,\"ts\":1698578619}","dc1_server_salt":"\"48dd7fb691f953d3\"","dc2_server_salt":"\"1cde537e9b2f53b9\"","state_id":"4124347208","auth_key_fingerprint":"\"89a924b6\"","dc1_auth_key":"\"89d151d3487b59bf525809849cbd4c03ce905d80c61e1611682fadfc5d43d0872ad48cd9f04b57d438d386f393415262bf0a7a25f24c4f6307653b42bc5b25323edee3c01eed6ae1b767e4b2c12addfc504ad386cf0debf0ee5366b6455c071816f68e5bfee109a955fae4bb32401eaadd975aa4fc0ca814c8ab91edd787709efe38b6edaa820c03a3ccfde2dcf99b7ba9b7fb97aabd8c673445e3253b3775227fe0008cb8fc43d7783876dd7789bc83f9ed7f3d1390206a482b1aeaeaf529310e3497976098e46150046178d2b8f2dcafc5283fe7908fabafc771c28eaea7409b79052c3ac724a4100022c53337f164a3eee3db011c8f9241092ce9e9d66e80\"","server_time_offset":"0","dc5_auth_key":"\"53a2e66cb4b5205b0e5b3b6c99647d910f5307e849fcfa63acc5432b45d5b392c93937931c50e58e2b7cad66c11a736b6ef4f1bd03e00dbd78fd245a6490d876353df277a9637f13ed46cd409775f815931c9f6666be0e6218cb7dc857f97d0f9cfa6c771a9210a40c606fd97477d5b3599bc5f241e4e4c0f9a158ee6700d441463f853c22c62c35c768919ab45f1fded00e649c30dd50dc6084b4e4867e3434bdd45d8a5fcd4f4a3c1b71f3e71b6c63ce9ea409774583574edfc56a64fea0f88cd303f36c97e8c6a0ebeb52c62dff18a6af462e14bef28be1fd77195fe34852765d9c857dd317e0c52d495063eb29e6dfd2fa3d6404a65f98e7cae347f6bc06\"","tt-global-state":""}
VM40:1 —————-
undefined
