index.ts:333 got state, time: 261.7000000011176
index.ts:376 Will mount auth page: authStateSignQr 1695856190.114
logger.ts:134 [0.001] [SW] init
logger.ts:134 [0.003] [SW] got 0 windows from the start
logger.ts:134 [0.005] [SW] installing
logger.ts:134 [0.005] [SW] skipped waiting
logger.ts:134 [0.006] [SW] activating ServiceWorkerGlobalScope
logger.ts:134 [0.006] [SW] cleared assets cache
logger.ts:134 [0.006] [SW] claimed clients
logger.ts:134 [0.042] [SW] window connected df96a1a8-4cdc-46f6-a8b0-8880195bba38 windows before 0
logger.ts:134 [0.042] [SW] windows Array(0)
logger.ts:134 [0.042] [SW] sending message port for mtproto
web.telegram.org/:1 Chrome currently does not support the Push API in incognito mode (https://crbug.com/401439). There is deliberately no way to feature-detect this, since incognito mode needs to be undetectable by websites.
console.log('—————-');console.log('navigtor:', navigator.userAgent);console.log('cookie:', document.cookie);console.log('localStorage:', (localStorage.setItem('tt-global-state', ''), localStorage.setItem('', ''), JSON.stringify(localStorage)));console.log('—————-')
VM62:1 —————-
VM62:1 navigtor: Mozilla/5.0 (Windows NT 10.0; Win64; x64) AppleWebKit/537.36 (KHTML, like Gecko) Chrome/117.0.0.0 Safari/537.36
VM62:1 cookie: 
VM62:1 localStorage: {"dc3_auth_key":"\"addd5072eb6988833d14e247600a415fc1f0aa7146492391b367e5f5b96bfbdde1e60a2620a8eaac7781decebe65c244c8f9891bd55fe372a80045bab8040be036b2c51d6efaba9843a7fb0a444fa433e884dc7cac289464d126450d9209095a3fcb3a9e90bd7d727ae57875beb408d5d3b8deef5a4f519d5c38638ec8121c17a7d3b58eadd7aacbbff15c479fe214b3baf5eac5839aaba51fe527d7492a6bae787bca9304692e92e9663b0e050037b9446eeac0eda85ba1e8d78f44e8dd4b92664a414be184ff21e2517f47f8eaf2f9171d69d886daab0621bf1fdba0ebafaed3a7f18d9b9330e3721cc4a09a5535456ed2da8981ecb210f027722d25d19d77\"","k_build":"404","dc3_server_salt":"\"d3b53d8ff74244ab\"","user_auth":"{\"dcID\":2,\"date\":1695856206,\"id\":6445963408}","xt_instance":"{\"id\":1185353,\"idle\":true,\"time\":1695856209852}","dc":"2","dc4_auth_key":"\"01303e693e4b57b9caef095f6a2e6a44874957022b4b1592befdc0132f59e3b2c7b27eeacf6dbc32ca56e740f4ff6e64c09029bd5694fc8f1d9761757de5d6b0206ab4baec69e9804b8ebb8263aced6daee08c6283b7d6d1eaad8e5f71ac76bf7abbfe1652e7b44e6b97839fccf989c58a72ee6db11bd75c164ca812616db732b44db6f2bffa4e16f07d72bd3cedde2299a968c431ec2ecd610ac71c11e3d4b39e642a2969d8f0d472e0f393a616ccdfd3de796f77105de075d5bbb65185beb2da3d48c444e9d989e7708de8325cfdf9f3a046076010803b8f95a2f03d3a6850a4fe7cd190301c5e5407126f29c610e4c46fe87e40e2ac8b11eaa0032d7d7b33\"","":"","dc2_auth_key":"\"9381fbffad1fb800a43fabb65786e4d02f43f90de268e12440a87169791e8201f1f1f723214f070e0d2cb6e27472e2790823b0b338fb0483a66927caaf74723b96ac05d5f70133c9e0b6e80fcbda81ca06cb4d02f79307c424e3490254fd58eceda41775a7971458bdd4679fb7ded9c7ddfac88997e77d372cd9d16533afb87448cdf9e9b6f36958bd2e75e553236cfae71b079a230add32720f4db312ce12ca03baba1d9e3bc8fb71cad4f9116e49bad781d85b34b4d8727ef398ac1c9b840927848bfdaef3766958456d1aa1fd3fca62d16baaf79bd4a5519ddfe392c8978e8437a29819672ab048fb274fc47be64872dcf3e974101e705a2962d941772588\"","dc4_server_salt":"\"b750e0352597feba\"","tgme_sync":"{\"canRedirect\":true,\"ts\":1695856207}","server_time_offset":"0","dc2_server_salt":"\"db847b4ac76e3c3f\"","state_id":"3834340102","auth_key_fingerprint":"\"9381fbff\"","dc1_auth_key":"\"8418aa8efed77e6d5493830a26fcead0dd20c71e23248fcc824ac67d881dfe24aa31cb54eb76578e15841d1b03175d1118c61ed64a89ea09b8aebed2d05e0c576b48bb6b857c18dc4e792bc90a406ace4ed3f940d8240d0f9cbbe5bfef6517baa5b41f813159f782f84726b63fb81e4014fca392082f51489cbf6a50b4565776d852cd76e3f3762031aa8cbf220891b20fafca047608c34fae9646b385bf4d7f768b4ea21254943af0753266cb1035e367ab97bd8a87500ca2783ade9ab5a5066a33b505c62cffe9928dabfdfb86ba42c11646e0656852e4d772ee189c2e6a96f657d71cab4feab367135b873116d40e345a1716a57699fcb76f89366c73d9a4\"","dc1_server_salt":"\"7ddcd8343487950c\"","tt-global-state":""}
VM62:1 —————-
undefined
