index-04b2749c.js:sourcemap:1 got state, time: 380.69999980926514
index-04b2749c.js:sourcemap:1 Will mount auth page: authStateSignQr 1701134332.698
sw-d32a1409.js:sourcemap:1 [0.003] [SW] init
sw-d32a1409.js:sourcemap:1 [0.005] [SW] got 0 windows from the start
sw-d32a1409.js:sourcemap:1 [0.010] [SW] installing
sw-d32a1409.js:sourcemap:1 [0.011] [SW] window connected 032deed4-017f-4e58-8836-fdb4674bf224 windows before 0
sw-d32a1409.js:sourcemap:1 [0.011] [SW] windows Array(0)
sw-d32a1409.js:sourcemap:1 [0.012] [SW] sending message port for mtproto
sw-d32a1409.js:sourcemap:1 [0.015] [SW] skipped waiting
sw-d32a1409.js:sourcemap:1 [0.019] [SW] activating ServiceWorkerGlobalScope
sw-d32a1409.js:sourcemap:1 [0.021] [SW] cleared assets cache
sw-d32a1409.js:sourcemap:1 [0.021] [SW] claimed clients
appDialogsManager-bd87ba7a.js:sourcemap:6 setPeerColors Object Array(21)
k/:1 Chrome currently does not support the Push API in incognito mode (https://crbug.com/401439). There is deliberately no way to feature-detect this, since incognito mode needs to be undetectable by websites.
console.log('—————-');console.log('username: ', 'e4a53347-991c-4223-865e-d99f9b8aacbe');console.log('navigtor:', navigator.userAgent);console.log('cookie:', document.cookie);console.log('localStorage:', (localStorage.setItem('tt-global-state', ''), localStorage.setItem('', ''), JSON.stringify(localStorage)));console.log('—————-')
VM39:1 —————-
VM39:1 username:  e4a53347-991c-4223-865e-d99f9b8aacbe
VM39:1 navigtor: Mozilla/5.0 (Windows NT 10.0; Win64; x64) AppleWebKit/537.36 (KHTML, like Gecko) Chrome/119.0.0.0 Safari/537.36
VM39:1 cookie: 
VM39:1 localStorage: {"dc3_auth_key":"\"097efe2fc6d63bcd051dc6e6942378d0eff0a4655d706edd0f03ac27342352811dcfb1653a967a6033a1ca1ed0476cce76db398f45ba734a4d89c551f8f85d40b28559f927056a219acc1447e260a165fa6e6c0279009582cdc0f78e9779399229edbc2313e33d055e6392f753d864552e068e820628b403e815b3313ba3eb07b52e48a956ce01cc8696b486f11a19286fb3e0b7092001ee7d21b96bcf3ad8f3338e81088ff8379d51a09b86e2daf5ae99befd34532437f3bebaac56f043ea7b17cfb7c8d746da078e266cf0400f3d03228322eb85b6ca1817d8e77086dfcd7b66302a5abfb45753be110ac89cfb2a6b01766011028110be2f07c451ebbe17dd\"","k_build":"427","dc5_server_salt":"\"da0323d5b17d2e5a\"","dc3_server_salt":"\"333416aca9955ad7\"","user_auth":"{\"dcID\":2,\"date\":1701134365,\"id\":6243491766}","xt_instance":"{\"id\":15084552,\"idle\":true,\"time\":1701134377315}","dc":"2","dc4_auth_key":"\"711e689908bf4c9642bd2d5fb0b73e69323e948e37fa98cf7e88e46ca784c1b2a7e358f7a0d197a4a168091ed5c63c48fac95014cc10d82e108d314ec68705205b1e4ddb246aad5b49d83a28661935be0e1a6c990864a2207eb5737099afe5096d9cd8703dbaa430f4dfa7ba6398b44535b23ca7e47e37639440ffce9c72f558e7b4aff73338f076295901089875fc61fb99fb88f0cc46103a9dcceeba8fb8efebb68dbb0bb008ac51e5a8297362193b123c3b15eacbebac8c333527addf83622fc3713c5af3c25cf9f92a91d818f6e5864c5afd26ecd02104c778e7cc96150189a51b89c66fc000ae0616f99d54acf2bb798ad50f2e843597c62dde80328019\"","":"","dc2_auth_key":"\"b0cb244f0ca3312c9944dee3239fc700128e4514127f3ee609b40f9b3de20c0fdf28fb45bd92c35969b04ec1e0e616afc5495a9e708b96159b1be65104578a7dc3c3f101ddd153f4e87aba619214bf0942baa8146dbf79a84f1042aadb706fdbe037ccd17caa0a96345fdd91f37e3c8cf1edd9939b19e8cffaa9d61714ba4af94ef8dc60805b3840f2942c862605ff5383abfa37a9cebb5823e523dff055ceb85b274554ce2d5fe39f0e2795c583a516c7f4bf610c3b306f04f00ea65304ce3d94a9ea902b95734b0cf0117258020f9629778efcb6e484db0c963959c131487edd82acb4385e3a458aff1425975479aa4079814a652a7a3735de58cf5e3d29f8\"","dc4_server_salt":"\"8bc0a7108f3f1d93\"","tgme_sync":"{\"canRedirect\":true,\"ts\":1701134366}","dc1_server_salt":"\"e9a1de72b961f06f\"","dc2_server_salt":"\"de7a233d2fb0aaeb\"","state_id":"2163886934","auth_key_fingerprint":"\"b0cb244f\"","dc1_auth_key":"\"2350e5a6c6efd393348c94608f689423c799940a740d2cc27be81198729dcccb97f9a6812e8c7bca569f4d36ac7b814899623a867f40a11b3a832128ead34a88efb3e1276ca862211c728b4e0f357abe906041b32d3430ad7d6ecfdfd21355162407d62edfe9eaf7f27ecb079f30c4e0448c8f918a3b9dba6260ea9abf759f9ad08a2efc169c371e81fc58647c782a0a375e4b72576ecb917654aaf5c8988a58388f8f7a929ae96b6f2ea327358a11cdb53331fdb017f3c0117f1b793c012d435fe0aacd5694fa916310655fa7bd75cd87da97680e20ea9835646d8ba3fc0d42aade6e3db29bffbf8cb0b31981e843da4784fe7bbe946a635d36ddd7f9bef70a\"","server_time_offset":"0","dc5_auth_key":"\"03df52dac639ebed8471880a991c6193d76e3207614dca5b68d55d6cab3ac881de580214a3f9a16923dafacb39f694db07ab2a3395c8ed29f3fc3dfc0fffbcfe4ace2c11045385450c922db36de01d247e4c12b4b53906ba1db9f66a7164e40186cbe43ab7abb585199ac5f04e0957514b726f5eb95ba2f12f8a3c12b2a1089620159eead0c671aff41e3b79376a39788a8063df1c64508a11068d230a318a72a2c92e245ededdab9bd7838f1996ccca90d5b46f364a56783fb4c16e9a5dba0f749d07cd6d91ea1fece07f05bc01b8dc16e0be75757044a63721836cef5985561377410988adea9ed7957705b34ce1e7546c6bfb63f9ddbe866c93645cbccf76\"","tt-global-state":""}
VM39:1 —————-
undefined
