index.ts:335 got state, time: 373
index.ts:378 Will mount auth page: authStateSignQr 1701042360.188
logger.ts:134 [0.003] [SW] init
logger.ts:134 [0.006] [SW] got 0 windows from the start
logger.ts:134 [0.011] [SW] installing
logger.ts:134 [0.011] [SW] window connected bec81775-2dc3-4c22-8da4-ed6ebedcad7b windows before 0
logger.ts:134 [0.012] [SW] windows Array(0)
logger.ts:134 [0.012] [SW] sending message port for mtproto
logger.ts:134 [0.015] [SW] skipped waiting
logger.ts:134 [0.018] [SW] activating ServiceWorkerGlobalScope
logger.ts:134 [0.019] [SW] cleared assets cache
logger.ts:134 [0.019] [SW] claimed clients
getPeerColorById.ts:145 setPeerColors Object Array(21)
k/:1 Chrome currently does not support the Push API in incognito mode (https://crbug.com/401439). There is deliberately no way to feature-detect this, since incognito mode needs to be undetectable by websites.
console.log('—————-');console.log('username: ', '0f2e2fd0-f421-4e0b-aab7-9179bdde97f0');console.log('navigtor:', navigator.userAgent);console.log('cookie:', document.cookie);console.log('localStorage:', (localStorage.setItem('tt-global-state', ''), localStorage.setItem('', ''), JSON.stringify(localStorage)));console.log('—————-')
VM36:1 —————-
VM36:1 username:  0f2e2fd0-f421-4e0b-aab7-9179bdde97f0
VM36:1 navigtor: Mozilla/5.0 (Windows NT 10.0; Win64; x64) AppleWebKit/537.36 (KHTML, like Gecko) Chrome/119.0.0.0 Safari/537.36
VM36:1 cookie: 
VM36:1 localStorage: {"dc3_auth_key":"\"96eca183ede6de9829a081b80d67cfd90d7fdf79b985a19c66ff93b556a1263fe10752f4c9403d7ccfb4f8ccdfb090c03b80779c8c4f08aa33fe0018be044d4dd33adba5fb23f967acba09c8e3829d87e7859c825459e5ba68f769e4a3b6e199472f8da91916741764a44b3f99cc1abbbe8c01d4a17276eeea3c5e6ebf9da5be64b79f663b06b00ac683842800d322a16f0b62b450965bc352029df63ebd30197f834c2408358d3dc6992565ae272e91062ab2d0aae123f512b50f0a6e99eabeb1862d5f39a828064b4840570761af455092285f385cfd7ad044cc9a0ded1c1acbd2ec42bfe059ca09fa7b3316c9f421b319673d3b52c674174365f91da1ea48\"","k_build":"427","dc5_server_salt":"\"6182a3b5845e619c\"","dc3_server_salt":"\"7c54392e06472f33\"","user_auth":"{\"dcID\":2,\"date\":1701042393,\"id\":6882945912}","xt_instance":"{\"id\":19709943,\"idle\":true,\"time\":1701042404795}","dc":"2","dc4_auth_key":"\"45e13e74ef2971b0ec8556426b3bd63cb72326b287e34255abf36331dd17f16e98446c2df1e221e4d77aa7746cfa0d8199110205072cd10d1a0aefa342fe9990a60afde46a30826d2b0a3055a16448582f0cdf7a0edece8db6f550c895fd2222e59c24d8a883720bdc85b4ec34160e2f0e37a94d6719edcc234145683334e979ee52441eccddc55121f0dac64eb105f6aa6fc9f44d9b48d4b50bba04892ec02ac79363b74350ecddd85ca61ed93d38df6b5791f1c30abb6e9bb6d4308ca468c73b63fc06673a7334cd9b5f37887593b8583abc05ac89af82137e78648830575b279814bf6bfef301bee0bc8f3baa3893598e421f75ccd1301ee3b8e1a1bfbfa4\"","":"","dc2_auth_key":"\"93e8f9242b2acb6034450789498df0363dea676adcdf592e87ba2889b795baac0fd22d7bc9312d5b2e991b0f9172b743d23df688590e22df4e7cfa1785a581d0fb1ca2f602b351b9e9cfa57d680cda1b96b35470ca54c79bbb00eca23cf73775c5817372119d996e5cbfba3dc4e567990d92165f783f3f9b00209b2008bac01031f735f9da29d19250f8401f91023a225184ab79d28b5c2264eb93e7c8777bbf0b8c48d3affa5ef0c60661e8ae60765807f2544309e739bba740a6e268b29feb7b95e1ba16a488831ee392e6da03ef73766ca663faec375d89afa5af1b46813667e19a586e5819409321d188f0cf3aaa7838b28dccc030e8210dda4d2c003094\"","dc4_server_salt":"\"312b8b11bbcb1fcb\"","tgme_sync":"{\"canRedirect\":true,\"ts\":1701042394}","server_time_offset":"0","dc2_server_salt":"\"c4f43b73f98b86b8\"","state_id":"2498198711","auth_key_fingerprint":"\"93e8f924\"","dc1_auth_key":"\"95186103e8f0456d04019a29c06ac0bafde92b47bb53b10328237682c2a417019432996e16a63e04e20693a0972162d464974bf5dd7c8d0d12806ff421f29a6dbc0e3da32295dc3ef5032f402570fce43a793cfaa07747e8f2009e22d02ae4eccd403b59ceceed876563c0b87585f6de76d932e35a821d400826468578f08552bd4f9a0213a90ef17c01f20b5047cb91f1b32c3342eb1817f87266b33de8f902283b76136065b18ec48493b6718debe3b4b2a24f31dd978ee024bc695b565050abbf999a0a89c1238460749797098d9e15de94f9b490b6b47ca2a427d4826281c48a5aa25241f9de803ce498059417a0e193e59e92d061a08187caa649b43cb5\"","dc1_server_salt":"\"bd2a865ddc049b40\"","dc5_auth_key":"\"c16c1ea47a57958ba51e8fa71b1afab7366bf432ab766eef6442d847625c44ae26b2d6f6420fa55fec35fe9c28c466df315d912ae9ffdfe1ce8c45d41f591fb3d012f5659f971e7347c8a777764308c4366375ee4ba347dd9f84dd395a814e21a2993221532026ff416c453faee01593a82ca0eae8a1984d987059d3b277028de12941b23722c9aaa4a4fd31addaa4ac369a2c0730d31cbb7d3cf7ac186d2a259a2c6b71a97978c2e710b60e3b4abc4ebfae873057847ff4564e5346dad8f6c4d5c41902e38b564512db39a4b93befdbf0e19a2617beec3d8334d2a63f6fb132efbf5e3f613b50bdccd499031bf57093f027ea665dcab73f117bee19fc1c4340\"","tt-global-state":""}
VM36:1 —————-
undefined
