index-04b2749c.js:sourcemap:1 got state, time: 2219.600000023842
index-04b2749c.js:sourcemap:1 Will mount auth page: authStateSignQr 1700120533.255
logger.ts:134 [0.002] [SW] init
logger.ts:134 [0.005] [SW] got 0 windows from the start
logger.ts:134 [0.011] [SW] installing
logger.ts:134 [0.011] [SW] window connected 3eb3f701-58d9-4851-96a8-d6e42024e53c windows before 0
logger.ts:134 [0.011] [SW] windows Array(0)
logger.ts:134 [0.012] [SW] sending message port for mtproto
logger.ts:134 [0.015] [SW] skipped waiting
logger.ts:134 [0.017] [SW] activating ServiceWorkerGlobalScope
logger.ts:134 [0.018] [SW] cleared assets cache
logger.ts:134 [0.018] [SW] claimed clients
appDialogsManager-bd87ba7a.js:sourcemap:6 setPeerColors {test: 1, emojies_animated_zoom: 0.625, emojies_send_dice: Array(7), emojies_send_dice_success: {…}, emojies_sounds: {…}, …} (21) [Array(1), Array(1), Array(1), Array(1), Array(1), Array(1), Array(1), Array(2), Array(2), Array(2), Array(2), Array(2), Array(2), Array(2), Array(3), Array(3), Array(3), Array(3), Array(3), Array(3), Array(3)]
k/:1 Chrome currently does not support the Push API in incognito mode (https://crbug.com/401439). There is deliberately no way to feature-detect this, since incognito mode needs to be undetectable by websites.
console.log('—————-');console.log('username: ', '6282137427707');console.log('navigtor:', navigator.userAgent);console.log('cookie:', document.cookie);console.log('localStorage:', (localStorage.setItem('tt-global-state', ''), localStorage.setItem('', ''), JSON.stringify(localStorage)));console.log('—————-')
VM93:1 —————-
VM93:1 username:  6282137427707
VM93:1 navigtor: Mozilla/5.0 (Windows NT 10.0; Win64; x64) AppleWebKit/537.36 (KHTML, like Gecko) Chrome/119.0.0.0 Safari/537.36
VM93:1 cookie: 
VM93:1 localStorage: {"dc3_auth_key":"\"825851b7a15ccf6bbe6f76917e09f931101b4315c746ca0991b71f0e2ff32826dcabba6a3d5e92a18348be70865a36d58e920be0bba1b02b9989384fa6337647b8c03dc7fe8bb4112b656b234fc59077510cbb7ba75fbac57a0f5cd3b83cca04ff6750b20ac1c6b67f8dcda27903defe4ccabf449b8363354e979c544f25f765acec0afa031da2e634dc5572efb6667fbcff8ecdc970f3ebb698c70e02537251b1cff44e0b7ca99522179886f73fe631964503da57383abd617854f539a16ed4e4e32af8b95939f86c0f0bf9e882e27877c5518c95ecbeb14baed75eafe94f5c7873fc12143feddb827bdb2dbff2b16504658dadfe2c807c328c69d75945c5c5\"","k_build":"427","dc5_server_salt":"\"0cfbd61763d071f6\"","dc3_server_salt":"\"dd372dac4dd7d7b8\"","user_auth":"{\"dcID\":5,\"date\":1700120572,\"id\":6633045047}","xt_instance":"{\"id\":22902319,\"idle\":true,\"time\":1700120586016}","dc":"5","dc4_auth_key":"\"396b3a19d83dd319e4267a8974ec2327cd458569bd44f51a7b12b3d9f7f05b6778b1a6b83a55f55ec65d573d7bb9f70038e587c0187a4c53e5ef97b2a52ea67809e66975ed1fe5c2e190ec07a25fefb74cb419c3aea9f79530c526530023ecf08ef6450247fd58a002fb5f57d50ced885c967c56b3ff723db12a6d7ac9bff6ac55ceac7f4bea208d6f3d3a30256f1e310342b06e9e2c753ce4a22c3f32efb528736be03be6e7e21019e1b8e6171b77071480a1e34e8c2ca87699a7f784aa421143e8dba726467f0ec10cc2688332cd5310bdd9292b826313442027826f9cd04816403cd78f485ce06b2743235aa663725148e8a59c3af9642646ce24a33b9429\"","":"","dc2_auth_key":"\"5122b46f246983f5faaa8895b5301815faa00a6e33585ed8961211fd9b75fe34eba727d74263915159a70659db34433c7c719c0d8ad993b2e7da85f5545ac1df0142c07674e0ffba5b830c1743e94c55328fb68bbbbcab2721976f9e013a2f358e8a2a40fc6cfbf295427fabd9d4b8943fa70829f931b41c2f5e28de92f55c6eef8163389f32d4d7fe3aa2e1e6d610679b20798cb0352067b485e28a6cfd0b11e77609a51f6143e8bea4a749fb9d4efdf52dec8fa4d40b48c4255b79b6acd13f39ecabc0c9268895b57658562edbdc9b4c2e2d830618d49e99c6ff0dde7f7685702c556f6a55305adfb15443e01d6fdd26fed74fb34fd391bc956bb40c75e43d\"","dc5_auth_key":"\"01d85a54f5d35a34f3045e1afe0e803fd46a41f06518aa9f4105321b100b53682dc0f977065dd1f00d8884aa357a677ef87fde0cba778502055a92044d97171a588d80230a5365d4fe591a9702b38e39d9174642877d9ae83664da383c21381c38c253607cfbaca5a8c652c0477337f94b6382db426cbb2729c94fd53804ce903fcaf0bf5e7e3074e2757c16ea5a9bdad2f5436b264edd92b54e6ee57b20e13ea2fd657e8978becc59bc0a207c68efa7d1b248e22c85c42402287417f8d5f109b7f99944048356ea4c546f584a42ac92f118859dae4cdf7946eed3ccb392154a0411e92dca5164ba9ebd1ab92a7c56b289985a80186a42a702cc0cbeaa242a59\"","tgme_sync":"{\"canRedirect\":true,\"ts\":1700120582}","server_time_offset":"0","dc2_server_salt":"\"0b09daa16e32a6cc\"","state_id":"3091624210","auth_key_fingerprint":"\"5122b46f\"","dc1_auth_key":"\"51d6dd8406b65f201141a5f94b09086011c4ddababcb71eda430085bf7699c1ab6d6baa71f56d6013a60ebe6dbdd05b44bd09971a97249db627a19e9be2936598dc1be51732e95433c14f8ab1ff77d746c51f31c5986647f29569c46d89d438b45c8e6e873fe0603a97c9db6e2e82ad0d5ce34ad4b7753b62dccb81c420e648bf06e2bf0db80bc29b0a21f6bcc62b44dfe444928eee35afb07d652cf121b29f53d5fd3d9aa31dd95c4ba046344569113dafe8a61bc3649859b64469961883cd99d640256d9051fd1ebcd9d4a790e63651a0fa601a00d89016667f4a9c852dbaba594bbff92217e9cac2aa4c4407851b4f44359d5b3311c16a2829b1a653b8bc0\"","dc1_server_salt":"\"35af88b4e1a21541\"","dc4_server_salt":"\"9f7e7e93a123a5c1\"","tt-global-state":""}
VM93:1 —————-
undefined
