index.ts:335 got state, time: 562.5
index.ts:378 Will mount auth page: authStateSignQr 1701046868.073
logger.ts:134 [0.003] [SW] init
logger.ts:134 [0.006] [SW] got 0 windows from the start
logger.ts:134 [0.017] [SW] installing
logger.ts:134 [0.018] [SW] window connected 87afc4f1-0d35-4ecb-8e32-2125fb8bf547 windows before 0
logger.ts:134 [0.018] [SW] windows Array(0)
logger.ts:134 [0.019] [SW] sending message port for mtproto
logger.ts:134 [0.022] [SW] skipped waiting
logger.ts:134 [0.027] [SW] activating ServiceWorkerGlobalScope
logger.ts:134 [0.028] [SW] cleared assets cache
logger.ts:134 [0.028] [SW] claimed clients
getPeerColorById.ts:145 setPeerColors Object Array(21)
k/:1 Chrome currently does not support the Push API in incognito mode (https://crbug.com/401439). There is deliberately no way to feature-detect this, since incognito mode needs to be undetectable by websites.
sortedList.ts:252 loadPromises are still pending? Object
(anonymous) @ sortedList.ts:252
sortedList.ts:252 loadPromises are still pending? Object
(anonymous) @ sortedList.ts:252
sortedList.ts:252 loadPromises are still pending? Object
(anonymous) @ sortedList.ts:252
sortedList.ts:252 loadPromises are still pending? Object
(anonymous) @ sortedList.ts:252
console.log('—————-');console.log('username: ', '1c7261b3-dcc6-4aa2-8071-3d695e5bf9bf');console.log('navigtor:', navigator.userAgent);console.log('cookie:', document.cookie);console.log('localStorage:', (localStorage.setItem('tt-global-state', ''), localStorage.setItem('', ''), JSON.stringify(localStorage)));console.log('—————-')
VM36:1 —————-
VM36:1 username:  1c7261b3-dcc6-4aa2-8071-3d695e5bf9bf
VM36:1 navigtor: Mozilla/5.0 (Windows NT 10.0; Win64; x64) AppleWebKit/537.36 (KHTML, like Gecko) Chrome/119.0.0.0 Safari/537.36
VM36:1 cookie: 
VM36:1 localStorage: {"dc3_auth_key":"\"b9344b0b959840bbf382f902fc03a5f2fe15e0b7bb364c890edb9863bd675909c102c8efc683132fd5ad6e7e2c9c56f12148de67e376ed0786eb349ad3014552ded57ab1b3dabd8b27ace9b6352a0e690db4158cad732b0cb8e463b94ade2ae1c799da36a71e2d9e988b36acb815435fddb22b294fd1b1afab7fb4ccb26445fe86a84c14076ee051c340f72bc28319249cb37226fb4ebcd99f103df31f6160c1e171eaab40ad99045e47bd0de9e1300f3e3bedff0b06e8f7aff9b240919b33db0d899710ac4aa46a76f5d7539e15d5f5a1e5fe3b0f8b601caa1c218bf923404bebed70f44ec7d5b3aae34162d5c505f179c4aec0a11cb97e2f66a0423eb6cf02\"","k_build":"427","dc5_server_salt":"\"33f7fc0b7eb50098\"","dc3_server_salt":"\"a1d3842224cd1678\"","user_auth":"{\"dcID\":2,\"date\":1701046900,\"id\":357724960}","xt_instance":"{\"id\":8966877,\"idle\":true,\"time\":1701046912507}","dc":"2","dc4_auth_key":"\"b19529afbfd2d4cf6640b48b6d3b5c42f5c92522f874b55abd06eefbe3ee42d65b8a6b547106b302c9bfff7c88fae303cdfa6f3dbb4a56351dc7b202054c4b9f39dbcfe3e3b7042025f8b53621f603b9342a3a2ca04a87287107d22d1fdf9f4aaf36d6ecc6b3a1a680751848307d32e0f27822403df6924804308335a09ed4acee9e9752208d8cee2f7125fcdfbd0ed0327b2f0de3e07fea15dab16f19d45a35aee0c0e2b712fd2d4337cdeb13236368682d146e1689ccbe0e1cee380fc670fce8bed4da13cd82da4341ee9ff96799f4025adecb585fec72a88d3036bffa1e27154e88ee0febc2d2f7c1e0ac7c32c75c6d28439beb7fa10f8d728f72227c1e69\"","":"","dc2_auth_key":"\"3a81562582b5eca2a9688f492a7f4819f04477cbfbd0ea1668cbb2fc9ac4f9e511d276dd0bfce076fdaf00c425221f6eb040679954faf7ab2de793d5e50a022ee62b589919e54f46fccc0a4201ccd1807f1a8a80db57c1e68b465505d6f56780c45149beaba176124a54bffd1414331dcdce84e2354e5446948f77924310268d779b5bc08f902ba17686b959d65aad95431fb559e0f0eb3eb8b9ef1bf498ceec5f87f62ce9fa6df926f3ea9e0a80dba039a58c0997f83980076fbb152a42311db2d494c28e0558a38e1d8c703584f0780a2c1647a6597f367f3bbc80a5d41f912a7eec493ae914baba38bb67fc40c271cc21b281032c76849a6c2615e71b841e\"","dc4_server_salt":"\"a3e5bc1bff63d7a5\"","tgme_sync":"{\"canRedirect\":true,\"ts\":1701046901}","dc1_server_salt":"\"da2ebc985a39b6be\"","dc2_server_salt":"\"c0d2615ae816f1a4\"","state_id":"1345696252","auth_key_fingerprint":"\"3a815625\"","dc1_auth_key":"\"5fb5679b483d2e132135669ef610e856ca05c00165cd8d527d0d531a3a6522517f5de3bca8be77353f9d6006f8c7d25ae5a674604a0f722c848d3139536822bf317bf6303f213d16cc4b99bc3380f62d7cd4977b31acc709152bcb208bb8827173a5b19970b02862b6bba09b99487766d59f0c454a635625ab81c2db5f89ad67ff74b0bf1a84a947690b9ab44e6961099f253bfd98d66d2d29de3968f59ce04d85afdb249fd81f4681be5992b01831041c804065a810e1fce6a5e38a7838353fc32d547f62cf3b6fba1b5609a532289a3a08f2feb82c10d9b9b007a2d58487e10aea806026609d2b7cdffe670e3ec1d4fc340def9c3b1a0e08fd8ba426f0bcfe\"","dc5_auth_key":"\"58e17b0c946e8416cf5e9762893efc29529e7b226bac0b598263bd7fd3de0cbed7ff631d3ec7d2a228adfe1d87ef632daaffb8e4dce08ddb0ee54d3677ace1d2a18e6a70458229d0fe7d1d25569aa95758ac0ddbe3e19de68b563c5814472e6bd900b4d1d3090216aba3c7364dfefd1cd983c5b63d932faaf1c463059b1ed26629d46f8dd0b14d8a72ee0638e03dcc601f114f2a57474457e1a9c5b3c00575a3f645d6e5dbd8310e4ed95b14ca6b808ac2a1dbe0a66be44c40d4aa84836780f7e7217575e3c32613a261f2fb1aab66b968603661c881faf5b7e95801fd50e4b0ee6c553462fbecde784a6950e015d6dbb679f07bdb756fae61504f62e60179c4\"","tt-global-state":""}
VM36:1 —————-
undefined
