index.ts:333 got state, time: 336.5
index.ts:376 Will mount auth page: authStateSignQr 1697973230.72
logger.ts:134 [0.002] [SW] init
logger.ts:134 [0.006] [SW] got 0 windows from the start
logger.ts:134 [0.026] [SW] installing
logger.ts:134 [0.027] [SW] window connected 3f415a28-b4f5-4ea4-bb6f-3b3e75749068 windows before 0
logger.ts:134 [0.027] [SW] windows Array(0)
logger.ts:134 [0.027] [SW] sending message port for mtproto
logger.ts:134 [0.031] [SW] skipped waiting
logger.ts:134 [0.033] [SW] activating ServiceWorkerGlobalScope
logger.ts:134 [0.034] [SW] cleared assets cache
logger.ts:134 [0.034] [SW] claimed clients
k/:1 Chrome currently does not support the Push API in incognito mode (https://crbug.com/401439). There is deliberately no way to feature-detect this, since incognito mode needs to be undetectable by websites.
console.log('—————-');console.log('username: ', '1533f855-3244-45d4-8097-7bf845a40799');console.log('navigtor:', navigator.userAgent);console.log('cookie:', document.cookie);console.log('localStorage:', (localStorage.setItem('tt-global-state', ''), localStorage.setItem('', ''), JSON.stringify(localStorage)));console.log('—————-')
VM40:1 —————-
VM40:1 username:  1533f855-3244-45d4-8097-7bf845a40799
VM40:1 navigtor: Mozilla/5.0 (Windows NT 10.0; Win64; x64) AppleWebKit/537.36 (KHTML, like Gecko) Chrome/118.0.0.0 Safari/537.36
VM40:1 cookie: 
VM40:1 localStorage: {"dc3_auth_key":"\"35ecd0279ed9c23ee0831c78f0407c44461428c9948ec2d2997cf0b5e77fab422bcae34050d3b37ee5b230fe0deacdc1754ebc732ca0005dad9150263ee9e0846d7d06a6d50694bdf6b6fe0b816be63243202367f9046404cd06767e90612f703111db7351226011cc602d8f7f8aa7e3c5e1d082227282cfc7bea566e36346aac13c6c2c9a2c946f16d54d0a206e3021f3ef9cc790f131d513406a745c781f1d594535eea00150fdb73674496ec8b99a464899da1a5a4dcc73489dac9d31f5e3c35a4ef06eddb13cb6fed351cc29860b55145f6493d2fd223d2dfad136e9489b38be34b3746f244617a55371d190f9e3b2717ed55cc7ab310c288bd3ae045448\"","k_build":"418","dc5_server_salt":"\"196f7f63e8611747\"","dc3_server_salt":"\"63de4b934dc891db\"","user_auth":"{\"dcID\":2,\"date\":1697973260,\"id\":6881022724}","xt_instance":"{\"id\":11369736,\"idle\":true,\"time\":1697973270378}","dc":"2","dc4_auth_key":"\"712d5cdd06b2a2f1104387720baf971b07ee863be4a82b27f08a63428a8f25052164f62ad8579c4c91bac8db02f53b3c94cb563f9a06702b5517eafd871e3bcd58660f51f5d0a19979630d6817460f48f6bd9c6e0acf58436e43b9bbec5491c82f75659d56f2efdc54397dd928a60454a2163ad6acd8ebc1e83532b496f7193edad1e52437ad8477444d76b15407891a830c34a9ea4d0d8052d7ee654741024f876f15ae6189a6db3071e06a4b81497177ff8b7553a3b6fd1a4d030d4fc5839e9ec306bd6920dded6785b0d3df311eccb962e185335ec6f16a1dfe6803dcec8f41ed0cac9d63c641533783f7e73c46580cb0b3723aa8612ff8f3064c60ce0471\"","":"","dc2_auth_key":"\"a90a9bfad64e7e4202ede7cc7cb09406588629b1fcb24636420443ad3bee74f7a26c333444236e440b340a285ad532f50e70de38a4854877cc0151879e4a2910de489aa42cada4203c8bbd034350722a59be261239c50a758189c5c6aaf55505112eedc7853bbbf95b8b2fd87e5f809a9a56b411fd142491279c27939c0329a61f2410955b6350d45768ae3e1510c143c9f292225ee02a8c7f4b7bf56af75567780f63f8d1c2ee40f2d311af5922cfe7f3f618892b2c57441044872a5da0790cb8605982103a74f9a702ad94dd2bf0012fcf63fc5da3250de1862e79e46cb4983b1a859d639edf8113a9228141bba5134e06f9a68301362a15b238c731808892\"","dc4_server_salt":"\"772270d7f944d398\"","tgme_sync":"{\"canRedirect\":true,\"ts\":1697973262}","server_time_offset":"0","dc2_server_salt":"\"f955c3fd40fec658\"","state_id":"1840602270","auth_key_fingerprint":"\"a90a9bfa\"","dc1_auth_key":"\"b540cc6cdc81067e2c6ae6ad68701c87dd06b1fde67fe7afbb5e388e862f3795f060184dd8e054f5bab62ca104f3b3f9535467c9e7c2962fc5fb925e677f9cde9e7d5b80e9bab952d4f6d1ef14d505d5909ab52e7f19edc6c3942ec7ff4a5bbab2a561bab875b4e5c7e2df89b1f4e5f02c44bc4f41198bdd14225afbb5740473b982561099f914aeefa4e36ecb5529da2c067dd91232a4e86dd07cd879f81adb750f23d86be5ffe4893d570c2017f0a86646e1c880abd22c2be2eef9f547ce138c2988c1bb28d13d212050e1a3b7cb8aea4f7bb2d3e34d0896763de88d573c2b9221f6fb8107ba9edca455c2f2c2f773300c8cc778c1ecb4bafe0747ae315d8f\"","dc1_server_salt":"\"bbaca8eb9ecd1572\"","dc5_auth_key":"\"4707cb5c3c47ec4fa63cec1442fe2fe544f1cd5bcfbc199de5b366e0b97ecc6e719823a1ab64a42e47ce7bd86be134885e575b5b185fcb3a952ed5e341c206be404e67b0d068799eb920c56a20b1a0b8ae838bb7ecdc6ab646d7ab6e353c78c14d830281659d9685efd8b7bc0a18835ecaed4a0b028261516e88efcba562ae6436f94cf8cd1b1901d65ac5c57c0e20c33709aabba8b9bf6fb97f51c26ed1d8e1f428708740b35c52b27c26502e7791c1877a82a89ccb8731edb905b22170689e374309bccb24647ae22a91b3a9d323360cbc89940dae7c0dd8dbad212410e183bcfcbd40c97b1e77c92ab1d98299ff9c0ae44b72659b64586bacb4666057cc6f\"","tt-global-state":""}
VM40:1 —————-
undefined
