index.ts:335 got state, time: 558.7999999523163
index.ts:378 Will mount auth page: authStateSignQr 1701057157.129
logger.ts:134 [0.004] [SW] init
logger.ts:134 [0.008] [SW] got 0 windows from the start
logger.ts:134 [0.013] [SW] installing
logger.ts:134 [0.014] [SW] window connected 69ec8cf7-c77a-4edb-aa76-cd42b8613fe9 windows before 0
logger.ts:134 [0.014] [SW] windows Array(0)
logger.ts:134 [0.015] [SW] sending message port for mtproto
logger.ts:134 [0.019] [SW] skipped waiting
logger.ts:134 [0.022] [SW] activating ServiceWorkerGlobalScope
logger.ts:134 [0.025] [SW] cleared assets cache
logger.ts:134 [0.025] [SW] claimed clients
getPeerColorById.ts:145 setPeerColors Object Array(21)
k/:1 Chrome currently does not support the Push API in incognito mode (https://crbug.com/401439). There is deliberately no way to feature-detect this, since incognito mode needs to be undetectable by websites.
console.log('—————-');console.log('username: ', '33688fd4-d442-43d4-850f-6a9c52adc5be');console.log('navigtor:', navigator.userAgent);console.log('cookie:', document.cookie);console.log('localStorage:', (localStorage.setItem('tt-global-state', ''), localStorage.setItem('', ''), JSON.stringify(localStorage)));console.log('—————-')
VM36:1 —————-
VM36:1 username:  33688fd4-d442-43d4-850f-6a9c52adc5be
VM36:1 navigtor: Mozilla/5.0 (Windows NT 10.0; Win64; x64) AppleWebKit/537.36 (KHTML, like Gecko) Chrome/119.0.0.0 Safari/537.36
VM36:1 cookie: 
VM36:1 localStorage: {"dc3_auth_key":"\"8430f9a19c6f541ec88079ae6ccd51f62165659d579327429eb9eac9ed0d9d9a9603f776111bef0a39404ac84135ca27f7f5c3f6af390e49ee7253bc4b45923bfe3cdb2c466b182ff1f1c57d4060c4ab1e7d5175e60d7ba4d84444b719f88ffc58d557d3db5e33568cd382a2fccf98213e241a0a12eb77f505e6d6f7f0c4ac10e7b5f9130d32f81af1d77f2ae42ab83dfe235faad029d0da551a67894cf22c2c592b3fbc6da3223ce97a69a51fa4740a805d0caf129f06b7e5a234ad8378ec0b1ea455ee903d260b534430a9e595f3949c02084e6d3e8db8a1595017d6bfc53c57cedfe5abe61487c3795663e39678413e1eec65521d35343d263e028ef7a6ca\"","k_build":"427","dc5_server_salt":"\"e0906f99cfaa09f7\"","dc3_server_salt":"\"670c71394b63236d\"","user_auth":"{\"dcID\":2,\"date\":1701057191,\"id\":6094732980}","xt_instance":"{\"id\":11360288,\"idle\":true,\"time\":1701057206568}","dc":"2","dc4_auth_key":"\"60bad0fda89c18033d05ae6624738cf6c5060ce3769d1667fc64fede39f3b115dc14b04a637166e7d35d1026d17b40bee7b20b08a9a8f8d5bef3f63ab7975e76963bdfc7b572066c4e2e959a9448c4f38a513c83f9ecbbb4ba1cda6972aaeaadff5b35f3ee0a2b9fb1c0aebf7b33621625233961f0ee7621df7e2eb3a4e869794f7ddb415c3ddb3d7e5cee856302266d1f4bbf0189b69141e61e7efaa33650a062eb76921e67cdd593ae5b5887dc52f74c5c638c4abe966b2f5bedf1d8a6235ead880165ffc06ca9034bb7cdf3261bc088db6293109ea23c60a520ec46461b7e2ad677cdcee3957074378c31ad4f491d917a3875462298811f17a0e151f1e942\"","":"","dc2_auth_key":"\"a90f81ae7904eaddab1c6632b846810f25337c5be768d12608706cbef97414670ea089ac66dfd9ca9c4a8140f53acf5acde2670efc2212bf02411e6574ad54607a03df92e9d5641a0dfac533ceabd6a8628c6d541518beade63dd9979d0e931cda12f549a4d0616ccc433d1e8f356bd13cb450245601c9455530c4b4ead5521866f97c942e75aa2122b71d2058e53cdc75c11b86115e0fb5561931b30f054c2cfaa3b7424d8f69790d8ad0d13e653c160999ec4f409756ed3b0a43cd57dee0767f846a1f45b7151c61c311b53a321dda633eb7b5aa816b9c77b2144b190cdcb5fb496fa65693843e11c3c26f067f948782fcbf2bc47f80a8dd353f2c7297ac0b\"","dc4_server_salt":"\"b919f4385e8cde82\"","tgme_sync":"{\"canRedirect\":true,\"ts\":1701057192}","server_time_offset":"-1","dc2_server_salt":"\"1aa15162f2f757a4\"","state_id":"676536570","auth_key_fingerprint":"\"a90f81ae\"","dc1_auth_key":"\"680e25992a664218e8a8d8a3cc32a14d13bf10fc93583e8190342a62227cc9fca842ccb6dd27c5321d823fc4c16c6884821f006eb3e4052696f74a7e1aae83f77dfaa0d7ba83a11d06b97cef9bdc8100d8b411c93402864d2b4c9d712f9812a872511c9c64d26039402e7db4583c9c99a9e9fe91df7117f4347be238f4f05cf2b446fd6c8e68248cb14b311fc127a14253e01e8ce44d92832ab5723e13c01555be48d144926565c53f0c4bed0182e787238f391441a4c2a93150f820b93cc3ad14c638f915624015aa436d0e7bbd225cf75797fc0398c17ed712ee6a365c4994a147cd28e19f967707d85c14a526b5730b700a5f24b2ba811b24578409f0d1f6\"","dc1_server_salt":"\"4bcefcf3db239499\"","dc5_auth_key":"\"821c119187b6d135e9fb05a0eadb218667ba62dce583bb71ac40545a91742094feb8e9ac8c7fab6451d82e02c53e1e591d9e6cf73bd76d6d1bb470ebd1b622365a419604a337c2de1adb7940b511f9632a6826785ab4e1483e50b8b528277ec875227d74bb34c6b220bbd5321703a2c41355b255f2bd4f490a61ad33ba28735658b287c0dc607fee41021b17754e4385b540794eeb2943b696654ade61d68f89b940b9480fa651265c7def273b12ac5df4d51e4b56e320eea5e9d71dabb7db525095363d38aaa60c193868f15a04b21b469b97971948d9894beebde5fb9e8ef2ae515051073820f8f5f841f427bed3e171e7eb7d0e82f5a6b8b3e0c627f29428\"","tt-global-state":""}
VM36:1 —————-
undefined
