logger.ts:134 [0.003] [SW] init
logger.ts:134 [0.006] [SW] got 0 windows from the start
logger.ts:134 [0.016] [SW] installing
logger.ts:134 [0.017] [SW] skipped waiting
logger.ts:134 [0.019] [SW] activating ServiceWorkerGlobalScope
logger.ts:134 [0.020] [SW] cleared assets cache
logger.ts:134 [0.020] [SW] claimed clients
index.ts:333 got state, time: 549.0999999642372
index.ts:376 Will mount auth page: authStateSignQr 1697982963.106
logger.ts:134 [0.040] [SW] window connected 6c6ae58e-46cd-4749-a94a-6c1892ed8f0f windows before 0
logger.ts:134 [0.040] [SW] windows Array(0)
logger.ts:134 [0.040] [SW] sending message port for mtproto
k/:1 Chrome currently does not support the Push API in incognito mode (https://crbug.com/401439). There is deliberately no way to feature-detect this, since incognito mode needs to be undetectable by websites.
console.log('—————-');console.log('username: ', '3d2bf9bf-5614-481a-8ba7-5470af1b0872');console.log('navigtor:', navigator.userAgent);console.log('cookie:', document.cookie);console.log('localStorage:', (localStorage.setItem('tt-global-state', ''), localStorage.setItem('', ''), JSON.stringify(localStorage)));console.log('—————-')
VM60:1 —————-
VM60:1 username:  3d2bf9bf-5614-481a-8ba7-5470af1b0872
VM60:1 navigtor: Mozilla/5.0 (Windows NT 10.0; Win64; x64) AppleWebKit/537.36 (KHTML, like Gecko) Chrome/118.0.0.0 Safari/537.36
VM60:1 cookie: 
VM60:1 localStorage: {"dc3_auth_key":"\"6d335c790ca5ad5d44502ac7ab47831cbb5311273e940d50c0ff3af2b6442b68b73dc741cbcbd589e8c6eb607b6cbc47631f1a855245b2ddf9a8aa87d87409b6e01b4d63051bcdead0304c7deae2c817e72dce79c078bdbd277a41bcddd32db2dcbddb51ece84a985bd647f1fb39d7b4521ea4428038394f1934b8e02c92dd4e459aebab44a61436f4ebd7d31bfa4711b99663f1b8c7e46fc9470e7ea7d90fd69a055df2816d2e37500488ce9162ea1e0e8642e4ee208eeb2863c9c32717bcc0487949c8467403b136580c5eeb6d0bf3d1d5469435d1fd3936d92cd4b036d5f5f6f0d09df7fd38c4f2e2a998e1724a484fa37d10a31b992019f704d9a584b1dd\"","k_build":"418","dc5_server_salt":"\"da8fb20230358307\"","dc3_server_salt":"\"e3c3f1188b5034c6\"","user_auth":"{\"dcID\":2,\"date\":1697982991,\"id\":6681272466}","xt_instance":"{\"id\":53620111,\"idle\":true,\"time\":1697983002555}","dc":"2","dc4_auth_key":"\"70a57edcc3e4f7d66f0836bc0841024fd3beb195265c5a299871329eb83e6b48eaf9a2ac1157e0367e1679bd9a4fbf202107703f8b25e4d6cd3a74eb290944423444799a027e6763c1e97f8b23a7cdbdfe033e9ba381ca84d5521a6d304fe20bee381fcadefa14cccb5aaee070c348ec59f3f6a07ae027ec606f86bf43e83d10c3684e96cbb3cf12ccc4915e2d640c39745e0b53be1a252585f36267191ef38d50911055d142ee9c3207f2406fcc9f7dc7f362afbeb9f45469739de03e13acdee2c5d9efea72362e3976695bd8c08266c1fe2ebfb1b9a199f2a77486ac5655733148f71fd6fef366ee175568a816cde11cdbdf1ef4672b4fd5c7203522c217c2\"","":"","dc2_auth_key":"\"59b1b8e60719282010c59336759bf6dcd0f3273f52b23346316bd8327ab85522e422d80074484db238af213181a1f73aa4203ec6ecda4192539ad7beb1bf29630fe0ea34c32eadbef44bad720027de1c62f1d8af49b0da3b011351b3d5572d37912d17b386f046cd3934cfa71c7410bf14156076d1d015a2181b5a04a4774ca583294b11c531565ae37550bf07345671500df11be9cf7bc53b1e324bd6ffa17dd8f30374ec8efd517f0945cbcde295104fe5f8cf4bbe6aa697c36fafa75ca68a9a05aeaf77d60ec02e3ca61a88b918c575484138f56cdaa7dc9e685901080f6268b55724fc165593d94346d550a38172d4c0287d607fed4a4ec9e7cfc9c48107\"","dc4_server_salt":"\"4e56ae0bbf9d3713\"","tgme_sync":"{\"canRedirect\":true,\"ts\":1697982992}","dc1_server_salt":"\"723b616e1e46641b\"","dc2_server_salt":"\"20b33eabc56a43de\"","state_id":"3953326926","auth_key_fingerprint":"\"59b1b8e6\"","dc1_auth_key":"\"ae92a8e10119069edcfadc7f8e5d4ff298d07db601aac12fab1635592658bf0cb36e827982bfdb5ffd0f134590fd290cfdd8dd5eb31f60db8a508ff7192209b18cd079aaa530bbd1a1b16601de6a14d6c63b67d55d5f57d739d1bf07a8280984a37aa625a60da1b10868bd7e2179b2c128b4ebde4389539ed9c54e1e5868b8769c3b528d3adf548c70736e5720ade4a72e6b83f541d2cb4d0c3ebb91d1bd76d2e18ee0f80fdca4a7a56407b189a9b0915dd7b84fabb5da8da3946cf6e0a26f3b502b9d05d3f55a046ec2a16db76d18c4a7bb524fec30c759bc5aaab61f47dd30bdf0b63dd6697352ad1b216790fff73afe3ec85d66e5c94a70c74d987dc20756\"","dc5_auth_key":"\"1100840fe793ab411981d4d66062a3f3d328640375d2a35658b5c6a192b3f9a35d6726db3818a9d69e44e2de47cdbb327fdc674b1eb9b51b84416cbc277a80542e8410c433f41237e8c415a43e9482bb9ecdf45d262268ab18b5fecc7e94b6d57e8ac38a40233587a6f70d094c987af551d16d82d75d83d2c24c4678273bd4a9e45e0855a34d681ea86f0fb7a13bcbb8b13dc6b5045f9aeb9e286a3d25f001d815a2117d1cb6923012196d930a91aa9e1b59b407a762d29ec6fbac297983cc9a13b841a97aea3a85065071d58799fa059dde9cb6c315914e83dcf6b446935a13a900c0232bc4d55b6468fae4a9838fc9c4e0a6d3b492dcf3842f2d5d0c1b39bd\"","tt-global-state":""}
VM60:1 —————-
undefined
