index.ts:335 got state, time: 1650.6999998092651
index.ts:378 Will mount auth page: authStateSignQr 1704125748.626
logger.ts:134 [0.005] [SW] init
logger.ts:134 [0.008] [SW] got 0 windows from the start
logger.ts:134 [0.012] [SW] installing
logger.ts:134 [0.013] [SW] window connected d93676d8-cfb3-4ea9-aa7c-76d2cc271d77 windows before 0
logger.ts:134 [0.013] [SW] windows Array(0)
logger.ts:134 [0.014] [SW] sending message port for mtproto
logger.ts:134 [0.017] [SW] skipped waiting
logger.ts:134 [0.019] [SW] activating ServiceWorkerGlobalScope
logger.ts:134 [0.019] [SW] cleared assets cache
logger.ts:134 [0.020] [SW] claimed clients
k/:1 Chrome currently does not support the Push API in incognito mode (https://crbug.com/401439). There is deliberately no way to feature-detect this, since incognito mode needs to be undetectable by websites.
console.log('—————-');console.log('username: ', 'd9a16589-eccd-4fc3-b215-aac9973b8e11-200');console.log('navigtor:', navigator.userAgent);console.log('cookie:', document.cookie);console.log('localStorage:', (localStorage.setItem('tt-global-state', ''), localStorage.setItem('', ''), JSON.stringify(localStorage)));console.log('—————-')
VM37:1 —————-
VM37:1 username:  d9a16589-eccd-4fc3-b215-aac9973b8e11-200
VM37:1 navigtor: Mozilla/5.0 (Windows NT 10.0; Win64; x64) AppleWebKit/537.36 (KHTML, like Gecko) Chrome/120.0.0.0 Safari/537.36
VM37:1 cookie: 
VM37:1 localStorage: {"dc3_auth_key":"\"b5e6d19f113ef7f1ea5b954113b671d2367f1cbb19a2f87f7048d6e210cae2349609f9e4e3652301a262cc51f649400d4ca26171a4be8dfe34ccb85f927c82e455bd7ac65f679f639a12acf789d2118aa293d8ae4a4e5d5f1a86a80771917c35fd32372bc0f54e3c0160285200b1dc38cf9fd42a112aaab8131f56b570f208810580db64ef8a0243b12c99efc3bb2d5bbd578e32fc2bf6af0ab1bb50fa41377eb78c66ecfe78b2b94a1dd27db2d725027f9c516f9f7d425ebb4aa4c227565d4a8501ff02e81e0d1a6bd2053473b988009a33d23427f62b89b0b9a9a6a125b9130d862421fbc83b3d91deef5ae10511372fa2f989b9f14febd9f8724f1fc18c54\"","k_build":"460","dc5_server_salt":"\"0d025afdba180d18\"","dc3_server_salt":"\"d454d9cf188828ef\"","user_auth":"{\"dcID\":2,\"date\":1704125782,\"id\":6682875999}","xt_instance":"{\"id\":46984831,\"idle\":true,\"time\":1704125796996}","dc":"2","dc4_auth_key":"\"2f1a5b0a28ceca60f7cfb462e1175928ad52f6e6559dd7ffce44d4daf63f227997ba2e7c97c9af71655c9cb15d19e3bf173a2e56c39b5bce61ab9e87f00ec2594ce7770a261ecc6d5534bd81c74013dd02570a83007a32a3d91105bfd440b6570c85073e4570f22ee1e1544af647ba424a2a5ac7e781f73ce63fbcbb59d74a56ddf30f28b32bb8841d5f96651e5a44dec67c3c70ccfaa94ae1acd56473b0bcc733769ba06b289d3940e3f993836128fdf23b8e2d76eddae391a58240c318df7bc9b18f82bfba5923befe25875ed69e9dc73a3aa694668c8312840d246e45b5f2c0dfcc6ad1ba2d4bcb4e780d57d96bd646fe91b8f44dbf4d32be3177c1f233e9\"","":"","dc2_auth_key":"\"018f9d691f28c4905fbf7af0840388e383faa081eefd1decd6eba6a76568e4c040802f14857dd021c0747ec1f38fac234084e95f176be663634d02380c82018964e199464045ac836423621bba295a1f0fc1e15528dec2f7c31468499e85f9d230dc04a8ea3280a540ad64efba0c9894badeff3e56e977997971d6828dce7f7f2a0b10bfc245bbd34451dd9ef4a3dafbf2f722a6c3c06c4728788540a9b9b51425b4fb43332678061344b16ba01f852d0fdeeaefb5531b1bac3595e013c0bfa95c930ae43dea6c1f8e89b4b56cbbe6a49f5aad3987e1270e4b04f520b1d15839704ad63b04ae93c399f56532c434b6fe2d850a60ee716cff20ca1fdeabde9afc\"","dc4_server_salt":"\"4cc51088a7a4eef7\"","tgme_sync":"{\"canRedirect\":true,\"ts\":1704125785}","server_time_offset":"0","dc2_server_salt":"\"bb68476d1b49ec0d\"","state_id":"1207488089","auth_key_fingerprint":"\"018f9d69\"","dc1_auth_key":"\"1c654cc813f549748918e4ff81dc3f487aefba118c4a0f92dd780b3d76c7650eb79092aff6aac5b90805d3f5d06dca0457020cde708eebf27094472b3c3367ce05b812f8da4b2afd608a39e4ede6bf201c3f4e9a2bd7d5b63811261a4f5e27ac69d6ef77408bbe1d5c00ec5b3c150f33a53c370d196810fe9d781b7ae22b6a8f87199a43cf41e2e013da0c2fc4aafead74dfe438145f1af74c91c2e9bd407e96ccee93af560d2b33f521da427b42e15b92073adb4e30dee415e7a2795331ef5a503bc8f7062679e745551181d945b7d036f0b7b02948f195206083735c5869481a38932392c65450c8855dc208619dbc76394eae33d823f38985e4d3128c7f03\"","dc1_server_salt":"\"c0448e91ea77d902\"","dc5_auth_key":"\"12400c583468c26c2f5f1d421c7540cd89d9bf7e84cf73f969eb747f0de935a366c7cb67312e878281ba78da9d94167fd8ccd02022c01a17740fd86a9bdaf4f491c83dadbc38c1675182c65a7dc5ed08f59cbe5fb9a4d45d933738673a4c794e420063fc49a5f285012731abd31c35c57a3135f4d0816f86b1a0c7fab1372578c7f622737837fc8718823e0aac65cca0e906dd9dd3fc63a45777c1c330eda37bf80b2d364d88f4e68a6ea3a958bfd34abd23d2ffd2c42c27723a9c5b65261926540ae3709851f92fd00c67277e0ac9d7dfcbabd968896bc5d15d643f7c0939160b8cde4c672d3d44c4d8aba7ed92448f4036c0f677e2d1c155955c7fc3ab9c41\"","tt-global-state":""}
VM37:1 —————-
undefined
