index.ts:333 got state, time: 250.20000004768372
index.ts:376 Will mount auth page: authStateSignQr 1698459404.717
logger.ts:134 [0.003] [SW] init
logger.ts:134 [0.005] [SW] got 0 windows from the start
logger.ts:134 [0.009] [SW] installing
logger.ts:134 [0.010] [SW] window connected cb322883-d497-425b-8b1f-0524b8e8ed00 windows before 0
logger.ts:134 [0.010] [SW] windows Array(0)
logger.ts:134 [0.010] [SW] sending message port for mtproto
logger.ts:134 [0.013] [SW] skipped waiting
logger.ts:134 [0.016] [SW] activating ServiceWorkerGlobalScope
logger.ts:134 [0.017] [SW] cleared assets cache
logger.ts:134 [0.017] [SW] claimed clients
k/:1 Chrome currently does not support the Push API in incognito mode (https://crbug.com/401439). There is deliberately no way to feature-detect this, since incognito mode needs to be undetectable by websites.
console.log('—————-');console.log('username: ', 'f5105f21-8ac5-4ef4-8e9b-782907bd69f3');console.log('navigtor:', navigator.userAgent);console.log('cookie:', document.cookie);console.log('localStorage:', (localStorage.setItem('tt-global-state', ''), localStorage.setItem('', ''), JSON.stringify(localStorage)));console.log('—————-')
VM40:1 —————-
VM40:1 username:  f5105f21-8ac5-4ef4-8e9b-782907bd69f3
VM40:1 navigtor: Mozilla/5.0 (Windows NT 10.0; Win64; x64) AppleWebKit/537.36 (KHTML, like Gecko) Chrome/118.0.0.0 Safari/537.36
VM40:1 cookie: 
VM40:1 localStorage: {"dc3_auth_key":"\"33144be4764867af6feae6f0a7302e6ba3245db01f0b3695e87bf947975cc23f544b10f2ffe3ba08f602206b61a9a715dcb32079d5a8e1fd59e29059828b34a80f6f9f156f427300d4e518204f02f89d9f76e29e267ca07019447050925abad322fd14158f24d5fdb3d2d07ab9a85b2675783e9fbf53d41cd06eeaca17a6e19e4f6a042f6c90ff8d39eff286955c49c3eaa5a40612b47104b9eb5713cc3974b8b55101d12ea7e2f63a2101909c52eb81deb217fc24c26b019655226c100cfc71c12200066841c4129cb2b3ca107fc8638d9673300cdc509af806ed5df21d85d4d727e4696eaccc3904bd0eeddfac47e8d320225f5aaa41e18263c9bda682a130\"","k_build":"418","dc5_server_salt":"\"d4404c0224ca676b\"","dc3_server_salt":"\"cd071cc9a1900d12\"","user_auth":"{\"dcID\":2,\"date\":1698459432,\"id\":6801406719}","xt_instance":"{\"id\":20041552,\"idle\":true,\"time\":1698459444464}","dc":"2","dc4_auth_key":"\"419693e084fc36f23d2da81be9f7bb13730a1938591cd58a850cfc72c40849ebb8eb641ccedfd7c701b834204abab31ba6623fe405f0382c67dbd531713abc5ba357e232851b1fc4cddd7380beb6ef3362f50016d011821d4806997eb750e1839ee4997a7c57d0ecabfcdbc3c81c2c4c66315ff40816a08d91cbf3d0133789ff7857e66307a94130998380f8c131efc8a18a7746bdb3ecc2120cdbcae3efe921ffbb6ca130e84ea0414085e965dd700303cb1918d80e175e2f50b136ba2e5aa5fd8ff500b2fa480011203e600acd1bd38fc6ce66b49ba1f466764a290f819f5d9a9501199870e2e690319cf5dfbc6603989e891c37144502f770eeed4f181732\"","":"","dc2_auth_key":"\"ab9330a806d264d7f8dc32fa77456c7ff0837f1d6bf32cae7081405dfac75ac11805a5b5c40df7318ac55f57b87145a690bc5b1fae3f611a27b24e27a089b4f34e6d081163816d7fc4415f1b4bf92718319b58a80d075f4bfd8fd3527e819d98ff784c51a9eb129b583c13cb76c326a90d7ebb34d766cefd29debd6375444cfec3adea5e1a6612c0edd2bc40ebeefc0c063b3597ffcc258d55a8943eef1b4b234d89e6fd56b343fb1d6afc8a7245d890793fb788b32e18ecc4c529365cf7914dfce7d3e104f2a7b47c38191c487e38c5a0ef70bd8df31751d6b4bd3947ca6054f7f359ac34c9b212198402408382a3103a3cc01eeb253b4c4da3ce67b7f7379e\"","dc4_server_salt":"\"b55bfda909fc2670\"","tgme_sync":"{\"canRedirect\":true,\"ts\":1698459433}","server_time_offset":"0","dc2_server_salt":"\"88794abfed100e0e\"","state_id":"1915023176","auth_key_fingerprint":"\"ab9330a8\"","dc1_auth_key":"\"2c3963642a2c58ad4bfb20b4c772a15e2a2beb49266311da619b28c38001fe6436be728c8bc0a4f85f2556058139d4d09d358c912a6f600cbf9c6acd9726ebcda8baf9ab042c4ea46b1d7aed2c512423a1558f96a7981b8f4907da1dac6eabbb6e31c6e4de18871b77c2719089d33271cf264d9cb4349f8134e190e0c6112fd6ca009339200f5d74c37c6207859b2c9997f808059560840540d5c99ef6b6bd4a48487a71f6ae636f960ef3bf09f68f55758a3e0f1bb197d554e8135a3b5fb6cdad0e9cb0fc83d5586510712da073c7bcc23c5f4252fa1a5c2e9f7e6d2a074b428cc41502b1f1f7e24378299eeb3878d5c5b1978294cf88a28536544628768c3f\"","dc1_server_salt":"\"5ee5221fc2614257\"","dc5_auth_key":"\"638184efd609f75546f90c6815eeafa24056c30742a27fbf03b79f6ea68825290fde357b9af833e6077cd7eacd8f64b1efff3ac67f529b08f4abc55f83de08b67cc5e940199ec0f2f9fd57e87d53653e01ed07d25201e2693bf76c39a3daa58a19bf38f803eeaf50d2743af374f68426fe98c358d54f686fe475af4be0d29b5e88c8cd8907a26f168d680419975f38ca59d17771fdab4bb295766a0414423d2dbc21f9213b3747e6fd1ba4c2fca451e15d3f7e6357ee1c17b1507946591a6dcc780601456a29924ded257a3e41d6452123616571011102d67d7e86850dd424ddc2975e32fffa573d331a8fd5aded0c55b234afef47a6d2a29c449f1bac7c27a1\"","tt-global-state":""}
VM40:1 —————-
undefined
