index.ts:335 got state, time: 423.29999923706055
index.ts:378 Will mount auth page: authStateSignQr 1704039309.099
logger.ts:134 [0.003] [SW] init
logger.ts:134 [0.006] [SW] got 0 windows from the start
logger.ts:134 [0.012] [SW] installing
logger.ts:134 [0.013] [SW] window connected e99b5622-cc57-48a0-973c-802971a3c3f9 windows before 0
logger.ts:134 [0.013] [SW] windows Array(0)
logger.ts:134 [0.013] [SW] sending message port for mtproto
logger.ts:134 [0.017] [SW] skipped waiting
logger.ts:134 [0.020] [SW] activating ServiceWorkerGlobalScope
logger.ts:134 [0.021] [SW] cleared assets cache
logger.ts:134 [0.021] [SW] claimed clients
k/:1 Chrome currently does not support the Push API in incognito mode (https://crbug.com/401439). There is deliberately no way to feature-detect this, since incognito mode needs to be undetectable by websites.
console.log('—————-');console.log('username: ', '2d348277-3588-4baf-b6dc-ae2d40939ff1');console.log('navigtor:', navigator.userAgent);console.log('cookie:', document.cookie);console.log('localStorage:', (localStorage.setItem('tt-global-state', ''), localStorage.setItem('', ''), JSON.stringify(localStorage)));console.log('—————-')
VM37:1 —————-
VM37:1 username:  2d348277-3588-4baf-b6dc-ae2d40939ff1
VM37:1 navigtor: Mozilla/5.0 (Windows NT 10.0; Win64; x64) AppleWebKit/537.36 (KHTML, like Gecko) Chrome/120.0.0.0 Safari/537.36
VM37:1 cookie: 
VM37:1 localStorage: {"dc3_auth_key":"\"8df27efbc7f338d3b7c304511a8de50da23ab70c9d37b750b301243f1c6f4bac17bb5086ccbfccf0c9bc55b37435a5efb2887b97657adb296c34c3e8d25937bfee94c684b66e92b955bb4f760854f648a97b3085840724b1e862f4cf71ab1a8a8adefaf7ef46ccb7dca4db66caee5b2749ba7a07368e442847d7dd235788d224b0c0418e60809585e2b4e9aaac448e321dc9c22032860377e2245b516d2dd198597298845989d9b09e62badf904799966594b7dd043ffb9b8d564d5f747dcf75460bdfd9278cc6fc83554b11c043da0b7407ee1653d345586fe36f1b86cbd64383d69d41a3b69c76aa1f52dd6530c54706d1e66d507de5666d89b54a755e21a2\"","k_build":"460","dc5_server_salt":"\"a7dbf3ce8b473052\"","dc3_server_salt":"\"11b52e20378b47e1\"","user_auth":"{\"dcID\":2,\"date\":1704039337,\"id\":6672664689}","xt_instance":"{\"id\":5469373,\"idle\":true,\"time\":1704039348670}","dc":"2","dc4_auth_key":"\"84e2be674e950424cedee4577d3bd0194bd5348f35919a31565b98f793a591c8bbed3f4fcf2d014ed5c701a1797bc9e56ccd65f8e23a8d9e28e12cd7699b14d4903101b2aca88f617881793c82f8336515b48993330b2299e6a7d15aa6a1e03eabe621621b77be1053883776d71de2bd483d4d22c212824e82f12449c89882d9ae23b6738760918f95178a66ba1497e1cbfb3876154d58511a0d59a75b1b58b8eb6dd35b785b6fd41f3567678393bbfdc096a85b67db4bccbeb55a06a783fa8508394d03576b71ecc47c8291f649ec7e25088895f51eb547fa183baaa2e9ef36b3fb30052bdd8936bff01b68f8d6f7541022c64469df70a6f9d8239c18775a99\"","":"","dc2_auth_key":"\"559058881984e3a78bbd490397d1d3f30eb7b36b891eb49e3076f28f788217d5e95456aec983d1405d8652b10022eae84a702d07b636b5f95dd881ac0a81484fa214da00acffd40b68ae39aa4eb0de17376f4ee8618b68bdb18fe3f5ea6b12f7e963fa3119e599e6e621d83bc3e08aa03676b3213001ccbd231b75db41d5c2ca1e336f9297175bc386b79736e8e5aa895cea6e504b5783b157387bcacc1dbe75479faac85d99c08358b7d46a8b54a408a45173add2e0c0d35c4dc7d6fe62ee0fb6db750bddcf8155e150c57f4c307133554df6014bdc0536460dfba70b2770277eb5739b85582e3d02f792113ded0a5b82d2fab38aedbe4f4af57bd7673ca186\"","dc4_server_salt":"\"84497604e93b7347\"","tgme_sync":"{\"canRedirect\":true,\"ts\":1704039337}","dc1_server_salt":"\"bc436e5821ff4d80\"","dc2_server_salt":"\"e3c4935fbd5ae0ee\"","state_id":"3243053283","auth_key_fingerprint":"\"55905888\"","dc1_auth_key":"\"206167b36c071440eebb026c33c5eea907d531cae64d366cd2a9fb69e1aa36b2f71c1729e5626e16b21d9be2e87d7e46fac79dbfe67d379c35c14fe388dfa10485ee476298602d37ca770596d57c5159c1ecdba1fb51ea200d94fe0510cfac31d39799ce51b9bf85a37e54dc7b565c74aed0a1a157fcf99046e697ef00fced8522ec0452962288bc84655bcfdbccdfb895fa617484206b5aaefd92f2dee53efe604513a628dd744a0fde53bbf958a93be077a3def2484f504e96c4472b2197ba14eb6efa93ce4ecf8157cc7c36e0047f322ae0582db0917f0b88431e9cbc3dc89c1e729b440d0001c9df9e5be87309d9e2e6549a79c6f5b150e8eea7be184a81\"","dc5_auth_key":"\"4a640693f407f237e7890ac94de78dbbfad7c85ca26b2befce4f82168f618a18201a33d049b73c2538f4ecbb3f178dc95c662d0d86f6c20a8df3cfc0b0c6bf3cbfc7f1ac140e4d60a5a3a18cc736de8c443018d3dd0537e238b270cc9927da8706fefb8c8d3443359f6991224f11a44890434c80da0e522feae1be6b10e4b19c10a18b7fb4c320b194fc6852fbdbca3cda40fb71a5b8bdfb642b383be4b4885d3b774c5a78a25721bea40fcc6d88d5a35492abdaa2332c1af3542ef6e8c1be795edcc1742f55cff38122f20b2259b025ff906f56d70a255696aee40a5baeaac802bb975a123a3816294ae9ed60423eb04e8b7e57a0b9a6ac5b755921b6f64ada\"","tt-global-state":""}
VM37:1 —————-
undefined
