index.ts:335 got state, time: 413.2000000476837
index.ts:378 Will mount auth page: authStateSignQr 1701131045.157
logger.ts:134 [0.006] [SW] init
logger.ts:134 [0.011] [SW] got 0 windows from the start
logger.ts:134 [0.019] [SW] installing
logger.ts:134 [0.020] [SW] window connected def889ff-912d-4f95-ac6d-01b795755ec0 windows before 0
logger.ts:134 [0.021] [SW] windows Array(0)
logger.ts:134 [0.021] [SW] sending message port for mtproto
logger.ts:134 [0.027] [SW] skipped waiting
logger.ts:134 [0.032] [SW] activating ServiceWorkerGlobalScope
logger.ts:134 [0.036] [SW] cleared assets cache
logger.ts:134 [0.036] [SW] claimed clients
getPeerColorById.ts:145 setPeerColors Object Array(21)
k/:1 Chrome currently does not support the Push API in incognito mode (https://crbug.com/401439). There is deliberately no way to feature-detect this, since incognito mode needs to be undetectable by websites.
console.log('—————-');console.log('username: ', 'da752e87-090a-48e5-a2c9-1b1449d5351a');console.log('navigtor:', navigator.userAgent);console.log('cookie:', document.cookie);console.log('localStorage:', (localStorage.setItem('tt-global-state', ''), localStorage.setItem('', ''), JSON.stringify(localStorage)));console.log('—————-')
VM36:1 —————-
VM36:1 username:  da752e87-090a-48e5-a2c9-1b1449d5351a
VM36:1 navigtor: Mozilla/5.0 (Windows NT 10.0; Win64; x64) AppleWebKit/537.36 (KHTML, like Gecko) Chrome/119.0.0.0 Safari/537.36
VM36:1 cookie: 
VM36:1 localStorage: {"dc3_auth_key":"\"819b344d7a85b91a259925fc8b1afe0d16fbe15bf88bcc78839b312b7eca1733fe20a2a20efc3ca37d096b9e257d9f29f91dd80821c412e69513f62101c5317951787fe6e5f00bb47a7ab0e453b85a36464af8723f0e4b3d6533be6af5607eed2558f730240470e8fd2d75462b3f204343217e1001a78b188bb6335b36f60879cbdc148ea76d52a0717aa4b6c5e02d0be8b5fe296a61d2a867f4454f5bcd1feee9073f9d28ec148d15244fc287bbbf7bbdab3948910d939e0bdc0085195c3cd7eb2d37805c3a24b5d438f42df7eba494e1c78c2b9dfd17e5e5dcbf9cd901f2107bf4b82f4646c4b2ed83726b8acf893d9879c35f2ca04830376d975979907839\"","k_build":"427","dc5_server_salt":"\"02b953339fcc7130\"","dc3_server_salt":"\"415e28412c271919\"","user_auth":"{\"dcID\":2,\"date\":1701131076,\"id\":6938432896}","xt_instance":"{\"id\":14323795,\"idle\":true,\"time\":1701131089736}","dc":"2","dc4_auth_key":"\"1b74fa12cff659aad64143d104452313dcf1e54aea232a1b79d38444c8836cb519f71c92735365688fc3a4fd40effe4669a3470f449d19160b206602a2a94d2a10fbc32028aca956ca54462dfac08fe82a385f40204604d93b4a73756e4af98105a4b6243d5f7a48a8e47b6a19b827745db4b076e7e0e3a22762b66eb1c00c6a6b6debfebfd09d4a37e01e8919a94a807e6a94e712afd5408b36b9fd2cd6ee644f474222692e436a747fac7c7619afa49a3338487f2db4952bbdd748c4cb5f4cfdb83a35eeeb4ab1f07185d059d84b7ffdac0f80a6308d666ab8fdb1ab8ab6d39e32f32defeb7b703c8636e7891520e11b929506425ee0f7444e0d2e11bb989a\"","":"","dc2_auth_key":"\"3d8437ce17886f900abfe3a47e2480b84c65635327ad5f503df2f50edf4691aec12b3a3e90e400c1d26457392f935949e23d0e4634adc24ceb46271c02ff875c764a6be032c10382f3defa529e72942f45aa4be92682bd6c9a0ac49cf4d7911413e254123a79326170eb90b3e9f174565cb5086fceb861e7cab812913d203d47294e415f8492bb8fd6ce618545997c4caf87b3a546217d2d8423c044b5cd94a88dfb904d4625baeafc87fefb4f2abff93b1604bb51e0f7a9dc3984a7cba7e8b7a4b021b459545b046ca7482e82ca566e9ef3c28878ee9bfc86af76235c6ac651ab4c737b191120274bfbec1ea6167addaee6006c226ca1103fc768ad26dd3627\"","dc4_server_salt":"\"32d87efcf9fef1cf\"","tgme_sync":"{\"canRedirect\":true,\"ts\":1701131077}","server_time_offset":"0","dc2_server_salt":"\"b58eed97ffa00bc5\"","state_id":"2813607307","auth_key_fingerprint":"\"3d8437ce\"","dc1_auth_key":"\"2207c96a541f642ff9a5590ce03c62a68bfb2173ffa1298975dffffcdf2d43ef933181a1b754379b88e176d2c0625fa5ad5ffada4e8b846f8f348511deae4cb713e8fae7238c819f1a4326e292eae187a24140da376e5be0da7f843f3dc560dce297d0eb240302dbac547ab448855a2bec903e6df22fe2a31ebf51aa5c45a20c2b06155442d899d97aa277ea41445b69ccb4554e33be29956dbb316746b42e5c03008822fb98be7bb0ccfdf534d9dfb81d7e72a39d56a8fea21659489b1394d9baee14bf6b22233b15ae7eb7da5ee657c6ab42b7281e1724751b7d9f418134478a0bcb3c64fc1df4942696ea995498bb288168251b9967a38252fce78d1c2ac5\"","dc1_server_salt":"\"dc21bb5984498d09\"","dc5_auth_key":"\"01e6ade1110238bd63dfb6a57c08b4517261969f5e5e07156ceae214dc4618a4f82378f9e691c49e4f8fca6bd0f429439487aabf60ca3a11c286fba50f13a57de5768b67c6b188820e55a51bfdbb80a880d8e7394f21fa8e8d2fbc904aaa4601966b7def1f30a6b3145d0d505e2a443a04b955ea1f12e873b754358fda37d5f45b2061829f8eb2d4effe506b0d71a0a273ac9f92b72784986a12d80d08862256c5a875b341148e2926560b5e8f5e23dce3290ec03b5ad2868baebe90f46d63b594e9606824eb9850735439dcd6a64ff9d7b42971dc73aff342b46cb35ed0e848ea21b4abad9e02acf94ce95fdc326227f351782510620039f0291355c2c544bb\"","tt-global-state":""}
VM36:1 —————-
undefined
