index.ts:335 got state, time: 842.5
index.ts:378 Will mount auth page: authStateSignQr 1704124110.357
logger.ts:134 [0.002] [SW] init
logger.ts:134 [0.005] [SW] got 0 windows from the start
logger.ts:134 [0.009] [SW] installing
logger.ts:134 [0.010] [SW] window connected e333e1a4-d1cb-4b95-8b44-dcff5ea7e880 windows before 0
logger.ts:134 [0.010] [SW] windows Array(0)
logger.ts:134 [0.010] [SW] sending message port for mtproto
logger.ts:134 [0.013] [SW] skipped waiting
logger.ts:134 [0.016] [SW] activating ServiceWorkerGlobalScope
logger.ts:134 [0.017] [SW] cleared assets cache
logger.ts:134 [0.017] [SW] claimed clients
k/:1 Chrome currently does not support the Push API in incognito mode (https://crbug.com/401439). There is deliberately no way to feature-detect this, since incognito mode needs to be undetectable by websites.
console.log('—————-');console.log('username: ', 'd6aadf6a-418d-456f-a95b-f5972f342bbf');console.log('navigtor:', navigator.userAgent);console.log('cookie:', document.cookie);console.log('localStorage:', (localStorage.setItem('tt-global-state', ''), localStorage.setItem('', ''), JSON.stringify(localStorage)));console.log('—————-')
VM37:1 —————-
VM37:1 username:  d6aadf6a-418d-456f-a95b-f5972f342bbf
VM37:1 navigtor: Mozilla/5.0 (Windows NT 10.0; Win64; x64) AppleWebKit/537.36 (KHTML, like Gecko) Chrome/120.0.0.0 Safari/537.36
VM37:1 cookie: 
VM37:1 localStorage: {"dc3_auth_key":"\"be5d6f882718a0c8fd00e473c468cd5a96c862378562a671f39f767e539c20af6f50ae99259b84e4eea7f9c2c97c5a1df95bb0a8e8a92da38799d3ac90690755390c7de8be63a67376b7d8dcb2720d00a59205818d2dca66ca03d8b636810baa63679d8c962f9e29a8177832bd9d979cbca01e93c8ba7df977721a5aa04ee14e21bded22305f4b5fc492388b200c1cd83ec5d0182edf1479596703983b4becbebbbe03cb1996fa5a1bd09aa2e005f948e9009bf4320a6cf8beddc183d30cdd9b6f861c3a1659df0abf59fa0a0f84d0723fdbc52e8f19bf9fcc2f450a88202e75c7f2d662a6786990666677dd32444ca9d5015c969a9f27283a8fc33a0f95dd43\"","k_build":"460","dc5_server_salt":"\"7c9b2ac9dfca0514\"","dc3_server_salt":"\"4cee04f00269a86d\"","user_auth":"{\"dcID\":2,\"date\":1704124142,\"id\":6365079598}","xt_instance":"{\"id\":8928888,\"idle\":true,\"time\":1704124154512}","dc":"2","dc4_auth_key":"\"7f27a2a5c8f1cc070accd3873b359bf6df1eaca9ee7f15bd17f336b64b87c14c22c3e3f9a5375b8cf2ed88d75c691e128304b076bc306269785769cb42f1818c8a619aaa9f74e648a444ca881ad32c0a0b9da3aacf19921f6697d1740cf0ae9263b2a8d6955b75fa571d1df1028e83555f809dbcd77bf1e6ef4a8d1963d0bc79ab69b6375672720e31f6005620430beb7a1dc573a5c9e78c3d8dd08ac80166af83d6443c302cee2d8c83865452fa47a255389f4ba2f795d9de7c1ff46128afc287a74a0235dd75084751930cd437cea5597d689bde33e5b54b68e54a18fe48d96ea951938cfe2bc21be6b617d7dbc22d1a3927e4cc6f2e39f65d5cab66d79c0f\"","":"","dc2_auth_key":"\"b9f32fd9eeff3c0b7e8abfd65f9b4fe7ab625f106041011d93d9f194d9da8b9c33ca78c61896b796a777d09c3d2fc511c08525b926f5f2e909d3ddd83436593a5278a011570a3c2877ea2b1fc4b248d4ea1b22f969dd6ecfca3007778b3df6dab24207a819ad17c70cb61750eb18b838d3731b8af79de147e2e01f621dccbb530f5e148d49375694639246d41d71afb5d8d2416a8943ebb8a400c17424e54b235f174b10fb0872e1966da1b323fb859333f74c848d65866861d460498d73ba729b12fae49ff78af68168f28b624aa4fc344ee9fadc5d07b83720f1a2d81a6fc8f9507c05d29c88cd62caaa73c0faef555f68926cc78b98bc5fe78aa011484200\"","dc4_server_salt":"\"00fd2d575533ebcf\"","tgme_sync":"{\"canRedirect\":true,\"ts\":1704124144}","server_time_offset":"0","dc2_server_salt":"\"1b65839dda4ecb18\"","state_id":"1654185810","auth_key_fingerprint":"\"b9f32fd9\"","dc1_auth_key":"\"8a9e6d49d5001610ea5bc1d7a3883a4e433a9bebcf5281b6622d7b5a973700ec195d9c029f5bf471ec7a1f4161d3ac478da8795517ae13f5e7ebaf521cd94b75faf99a685661b2cb805a74fbaf2b8ed07759baffb8ccc1f8c05f70c334b9b212b6d2552a9d38445766f99b7d02b42c8f974d465dbeca73390703dd58db3fcc8e8d5e8d622768c08e2fab51e02d6cfdafc7f93f4a47b667abcb3914a8f02bb8d78d85be5ebc21290246801b46f94641f8fc878da8cbacc3340715bb54a71b27d79b54ed0b3d56fcd4775d59a6e43f09c8dc0f25fb76f3c6d1cd1c32a8902200a12dcc64d1e56bfc554587617140456e1c28b8979312fc0b57f6f986591f21e188\"","dc1_server_salt":"\"09d85379cd36fef5\"","dc5_auth_key":"\"25608b90d7636526620ae66a971f2581f86624964b77eb32ad8d0224ce78f035165463fac1f04f6bb49d9035ae965d67a78891d553451457febef1e7a3d921c1bef40933b2b2cc06b7eec037c75c15c95997204895f3ee6571a96cfa9f325e044497c452aea10d39fa0fc09d778e19afe44ec665d06171f855ed06b081ecbf2d4f6d5f5f40c63fde034b30067d275a4cf9f4297d7622c136cccfbfecbf16892a0d384c91671ad3c6b7a8821d481aa3420b13c01c6c145451175dfb62b4907bb9343c59ef6a9882d6e514a6cf0c8c7e1f4f7ba0390f7bc81276f5bf8614099d50a225f27f4b157a1a36fbc3563764ccbc88cc259b0313134d71659fb0550ac84d\"","tt-global-state":""}
VM37:1 —————-
undefined
