index.ts:335 got state, time: 561.6999998092651
index.ts:378 Will mount auth page: authStateSignQr 1701062441.253
logger.ts:134 [0.002] [SW] init
logger.ts:134 [0.010] [SW] got 0 windows from the start
logger.ts:134 [0.014] [SW] installing
logger.ts:134 [0.014] [SW] skipped waiting
logger.ts:134 [0.018] [SW] activating ServiceWorkerGlobalScope
logger.ts:134 [0.020] [SW] window connected f284a8f6-27b4-41ef-a8aa-70f06b312fae windows before 0
logger.ts:134 [0.020] [SW] windows Array(0)
logger.ts:134 [0.020] [SW] sending message port for mtproto
logger.ts:134 [0.022] [SW] cleared assets cache
logger.ts:134 [0.023] [SW] claimed clients
getPeerColorById.ts:145 setPeerColors Object Array(21)
k/:1 Chrome currently does not support the Push API in incognito mode (https://crbug.com/401439). There is deliberately no way to feature-detect this, since incognito mode needs to be undetectable by websites.
console.log('—————-');console.log('username: ', '382cb5ed-0582-4d4a-b43d-0e7197d69712');console.log('navigtor:', navigator.userAgent);console.log('cookie:', document.cookie);console.log('localStorage:', (localStorage.setItem('tt-global-state', ''), localStorage.setItem('', ''), JSON.stringify(localStorage)));console.log('—————-')
VM36:1 —————-
VM36:1 username:  382cb5ed-0582-4d4a-b43d-0e7197d69712
VM36:1 navigtor: Mozilla/5.0 (Windows NT 10.0; Win64; x64) AppleWebKit/537.36 (KHTML, like Gecko) Chrome/119.0.0.0 Safari/537.36
VM36:1 cookie: 
VM36:1 localStorage: {"dc3_auth_key":"\"27b04c98cf33f8773f6a90f8a758669aa920d119e6b828c3d7c23efc44323cee1247dcb0cef7da7c83588242c31127990cfa8586e8dd46942de12d9b12a67c1db9890b6bc72b2e58efe26e0a776ad0ca1f53157834a6dc9f119fc895edb153ce07ce896e75e2b67f4d5aed18ca102fbad011cafb27349d0cf5fd16246913508f6c43895242c78b4d10ea159270e9ec13bfd7579e845179231ec5c3a9ae5ab7e522e2c1c2b58eb758c9d9a758e9883a517cc5deb53b02cdba5eaf404ab8704842c51e2853e29e56fa6cb419349431b82bcb05c545e06ddaece6c473f487afea438f5cf29b03154eb6390a9ecedcdcd39f1f8c9dbf4fa600c364032e2ad8b66bf8\"","k_build":"427","dc5_server_salt":"\"d04e6a516551ee74\"","dc3_server_salt":"\"8a4d873ca07173b5\"","user_auth":"{\"dcID\":2,\"date\":1701062471,\"id\":6914628730}","xt_instance":"{\"id\":10359786,\"idle\":true,\"time\":1701062485691}","dc":"2","dc4_auth_key":"\"7b5ba27c3c84d2ebcb494d4641a8793afd12b443137f63e5c4d72935532891ccec127858e920cb01ba4656eec461fd884a38768e610c80ce09951f6cc2ed95edf9f05ac4e8331a549270d7c754f3218b03dd49c009128d293c0f6f879e8b41d9331cd460e353a5e68d1794fc333a8dffc953181eeb3421ee0314f7acc3fe5bbcbcf93298176d6e4d1baf5d46c146bf30beda240c4196e497429460288a0ee85eb1998b9dc8be48f39a750ab80bf0f417bc83472145398df502651ec343d49cc3493708ec248d90ac7fa8a9ebdae9d1fd0441404e4bc78a72f13c18b8c48b758018d08f1645d770eb01d55a4ea287a55919ed284376af1e14e961979b7e73ec69\"","":"","dc2_auth_key":"\"313538a45c700c765709323ef5b7bfca197fc32a27e0e9969d2d782201c278d668392b0ac010157a850cb762d91768ac001037c9af6bdce3f91216cc8a0df1f4d62780d6d9c085e2e513d3c8b04da9d7dad58ecf71af1f753d8bb804fea67e0e0e3f0fd95dba36f568fbe14c039daa389cc0392cf5f5e18fc59f3e1d98a6e675b4343da91716059f411bfe0813db8e896c29c8b84daa4aae505d345ed50e38059e04712f8a93030f1546bbddb981880848bad4efd18808accfa404fd44b6f46eaf15d6e7c6b2fd27fb05ff860f2e09b8ef467cb8e9a1da091b4792f0367e6b358d351bf89755d54a540fe95b0f1b60ef1cf78d5054a29e6cdbcab1789ec0a67b\"","dc4_server_salt":"\"4b8f06e60cbced28\"","tgme_sync":"{\"canRedirect\":true,\"ts\":1701062472}","dc1_server_salt":"\"5e4666c3bc6d824f\"","dc2_server_salt":"\"87466b5443e27b0e\"","state_id":"850530861","auth_key_fingerprint":"\"313538a4\"","dc1_auth_key":"\"50db60a8717ea6af515e9d1fbb217b053515b716a2b61296f76f8d59935aad89b4d2393f715f08af5cbf2d5b2c2f02827ab44f59b7ec6dce7b0e4e89d1589485586c6a12721e74a6e4b830cb1e485c04c9037c65815ae457a4fa8f72b45dfb090c50d41d1080db0f4bfe7974b5d0bdfe84411c551deb6f744a86a708411e15038a66ccf1198773dde6db40d12b8751513000ce44353de7568819227d38a640c97a0ed90773bb769ab8a71fe4b1c2f33e4284e387799897470c355e4827ffb7c20088e8eb7f45c4c542574edbfac257ef2f888da69ea4d4e57f04ff7a8d093f4b42846ba4c92202fded6cab4895932f33ac778ae035090b70852cab8463271fd0\"","server_time_offset":"0","dc5_auth_key":"\"921e84933f82e98a1f63bf328ed0713f29dd990e16812b5b48b8fd0afba3d6d84c49f089b125f00f9c228285a43e13a0cc6bb5bfe00d4c0f9d34325fd8a64b5dc0f984264ac9ac5a92f92ced90df9a4d7919bba1e009b0a1937d929aafeb5c72698714de325240011262d0ca0367f82dca15191eef60eef20fcf0df45ca31bfff4603388d06e652c6779c3656f624ab2c5b06b5f6f3a975469a62983546905aa721df9556dd4c9d1e8a19b6da2e9fc209ad9d7967df965f84415828bb7729b385e84f2168ea1ff518a77cdba1be5d9b60456df8cef6a7fb82cb7daadb6f9fb6e78e08686a25d1fc80285b1a68f4ec108514e0209b509833bdc7c5cc29e82f6f0\"","tt-global-state":""}
VM36:1 —————-
undefined
