index.ts:335 got state, time: 1344
index.ts:378 Will mount auth page: authStateSignQr 1700090178.194
logger.ts:134 [0.002] [SW] init
logger.ts:134 [0.006] [SW] got 0 windows from the start
logger.ts:134 [0.195] [SW] installing
logger.ts:134 [0.197] [SW] skipped waiting
logger.ts:134 [0.198] [SW] window connected f8c0869e-37d1-491d-b26b-9cb55c0c8069 windows before 0
logger.ts:134 [0.198] [SW] windows Array(0)
logger.ts:134 [0.198] [SW] sending message port for mtproto
logger.ts:134 [0.219] [SW] activating ServiceWorkerGlobalScope
logger.ts:134 [0.226] [SW] cleared assets cache
logger.ts:134 [0.226] [SW] claimed clients
appDialogsManager-bd87ba7a.js:sourcemap:6 setPeerColors Object Array(21)
k/:1 Chrome currently does not support the Push API in incognito mode (https://crbug.com/401439). There is deliberately no way to feature-detect this, since incognito mode needs to be undetectable by websites.
console.log('—————-');console.log('username: ', '6282129272392');console.log('navigtor:', navigator.userAgent);console.log('cookie:', document.cookie);console.log('localStorage:', (localStorage.setItem('tt-global-state', ''), localStorage.setItem('', ''), JSON.stringify(localStorage)));console.log('—————-')
VM36:1 —————-
VM36:1 username:  6282129272392
VM36:1 navigtor: Mozilla/5.0 (Windows NT 10.0; Win64; x64) AppleWebKit/537.36 (KHTML, like Gecko) Chrome/119.0.0.0 Safari/537.36
VM36:1 cookie: 
VM36:1 localStorage: {"dc3_auth_key":"\"af75084d6d7c03ada3570ea98389364ad2855fb5b4fa6d90289b7c02216b06fb7b11fd5389d178b6d6c37f44ce9f104d2502fb0486aad0e207c3dde945e8ca18794654c593c8c2c2b7c337fc1af978adfc8587da9f29baa499497fd0c5dffdd275a919e8eb95315830e55e01db16297b9ca7c42d4ef3aae540d5772174f85aee0e7663fd71402e66129d25eb1dfeebf33d420754748f417b4ab7701928f155f6b533b01e040b4d16fc988e5afcbd30c1467a501f8899b449c4c8fe8cdb9ff8022fd2df7a4335770eb064f8bf8744ba6834cb7ebcdda0b0ace96e4263393d50d8eb99c5c16a640a80390db6db1bd069d32c6f947841eb6976798d251a4dc70e9b\"","k_build":"427","dc5_server_salt":"\"9accb74d9f514c46\"","dc3_server_salt":"\"054d2f3d0af079c6\"","user_auth":"{\"dcID\":5,\"date\":1700090230,\"id\":6657547495}","xt_instance":"{\"id\":21311741,\"idle\":true,\"time\":1700090246813}","dc":"5","dc4_auth_key":"\"88e23571b2439ff45d1d3375ad65cddbb47a57f62740b4fbeda6c2457e742241ad1560019b4e39b05a1720ade7a03033adeb4bdc4bcfef166bd876706e5d7d0fe03e543214b2831d763c1429e82e89782dcf8eb79c63172bb8108edebfbee69073a8f0223c4e7613fed917e28784f077b0776e7e2f87f3eb09bba8d9d723cc629035f9b2501065918b4becc2aa5b362504c5107eadbb9e7c9d7cd7df7f392a49e3923ca6b86d670f0a976b4c8100116daee6ea3dac942d62d7fdd5c8e7e96974dbff8f518a65068b84661f4a279a22676bbaf09b685f8477a9b56b4ddf2c5f831e2bbf709816e17ea1d0e7e46691b50b9e91692a3bf70016642c7ffa66428564\"","":"","dc2_auth_key":"\"17ccb0072c901a8b32eaa1088942a162bbbc98c1b89786d340841d8a9c46347a7c5487412d54188ea9c8f1519a3f6bd06ecfb096e1652f4605dbb8c5c7c681f0fe0cef58d22fdeeb0f2dbdecfbb935506ba2438480587b7d3289d2c2c88147411f9de4694c995dd405cc788aa053f2017d1df8cd0c6c52ca1ea05559f0d5b90bb4a6f36477b11bfddf55a1e3f7187b7021aa07270e8758eb6d4459ccb74ec0295df9cc2751060779d8381728dda3c5db35cc645ea401d33369afb49c55532a560593dd016d0217c8e33f378c204d1212a38faf6d8a5f2af22a2165758f47f90589996eb756b52206f298073de5c4441b7595f204885382ceb651619c66c8eb47\"","dc5_auth_key":"\"55247a0c4be6e7ec856d73b0a1989c876779b3bdcb54ff861cf77bc740727c08d5b677426641263709e2db247da4712e7fdf37baa2f76659a1d3170303e2445179b6e9f39d77458dfd84a3edddf164c37a39a90fd01611b0c30e9e5479feb3f0a19fb366ff594f780c12e601a657ac87fea298d7aa39da2146d8ad10b2bb2e6fb9c633b82ac4595933ae9100db2db9a008d9f1593bf6b7e092f6d2b38e1cc1058bf239655211274bf99a5c1783fe30b00609d742b1390b6fc27127e9dae98d8a9656e39243fbed067dc417f000bf73ef7995b514582065e94c05e500775ef9417cdff80a931f4755377dbd3b611240fb7bac4cc1f3e61043e73150b43fe91707\"","tgme_sync":"{\"canRedirect\":true,\"ts\":1700090233}","server_time_offset":"-1","dc2_server_salt":"\"d53a506e32857057\"","state_id":"4287168454","auth_key_fingerprint":"\"17ccb007\"","dc1_auth_key":"\"1e11255aa400df88c1ac18c80731f811d5ed43f5d9413eef41b646b6155ed12942006bf29f849966f3c7cd030a08a8a861a681af2507114e20688893f8e3f9de06c66a50c684a3b675db14d5c3d7d03cc8d160725c3b36b80e422527781befd0e228114a6be224dcf064bee3529f4093bd90e25396aacf06c33c0364e078d2b5df2f91a963b2b8391ccf094fbc935955fefbfae5c559864e4865317b1e18696c3c36be8b45a5099449c9f5847c5a8cb88e8d4d17960f8e8912d3765bf340480d34e0123ddb7b0134dfdde9ee66b36760f6cf1f66eacf13a4211c57d5a3dd0c798539c505922d6a3928c2b447e165f941595596edbaee68a888489bc2c27d41c7\"","dc1_server_salt":"\"20bfd0bd4144a1a2\"","dc4_server_salt":"\"ab494d6d9c8820a6\"","tt-global-state":""}
VM36:1 —————-
undefined
