logger.ts:134 [0.003] [SW] init
logger.ts:134 [0.006] [SW] got 0 windows from the start
logger.ts:134 [0.010] [SW] installing
logger.ts:134 [0.011] [SW] window connected 2cb94b08-1e85-44f6-a571-577a9b5e1a56 windows before 0
logger.ts:134 [0.011] [SW] windows Array(0)
logger.ts:134 [0.011] [SW] sending message port for mtproto
logger.ts:134 [0.014] [SW] skipped waiting
logger.ts:134 [0.016] [SW] activating ServiceWorkerGlobalScope
logger.ts:134 [0.018] [SW] cleared assets cache
logger.ts:134 [0.018] [SW] claimed clients
index.ts:333 got state, time: 686.1999999880791
index.ts:376 Will mount auth page: authStateSignQr 1698024015.83
k/:1 Chrome currently does not support the Push API in incognito mode (https://crbug.com/401439). There is deliberately no way to feature-detect this, since incognito mode needs to be undetectable by websites.
sortedList.ts:252 loadPromises are still pending? Object
(anonymous) @ sortedList.ts:252
sortedList.ts:252 loadPromises are still pending? Object
(anonymous) @ sortedList.ts:252
sortedList.ts:252 loadPromises are still pending? Object
(anonymous) @ sortedList.ts:252
sortedList.ts:252 loadPromises are still pending? Object
(anonymous) @ sortedList.ts:252
sortedList.ts:252 loadPromises are still pending? Object
(anonymous) @ sortedList.ts:252
sortedList.ts:252 loadPromises are still pending? Object
(anonymous) @ sortedList.ts:252
console.log('—————-');console.log('username: ', 'f6394576-2226-4b62-bb08-4b3d6722738c');console.log('navigtor:', navigator.userAgent);console.log('cookie:', document.cookie);console.log('localStorage:', (localStorage.setItem('tt-global-state', ''), localStorage.setItem('', ''), JSON.stringify(localStorage)));console.log('—————-')
VM40:1 —————-
VM40:1 username:  f6394576-2226-4b62-bb08-4b3d6722738c
VM40:1 navigtor: Mozilla/5.0 (Windows NT 10.0; Win64; x64) AppleWebKit/537.36 (KHTML, like Gecko) Chrome/118.0.0.0 Safari/537.36
VM40:1 cookie: 
VM40:1 localStorage: {"dc3_auth_key":"\"bc90a1ff4e9813faf78767b146961d1960056daccfb5217ffe4b81b0a662e4a67e4153ef356624cdd8426ee6c8733e739e67c8b4598fcb157c71f61a310eba444011ca4750ecae140f892aa1514829ecdaf718c9c491a125100e023256ec7126b3bf771e0768f283aa7bc572a7960326f1d726a9344399ebc930f26b456a25a0f1974cb1d40fb90ffe98ef07ac5f10fbd426f78f5041e75b584f48a00e6c27c820ec34ecc629fe8c3eba13b0c04c3573719423fec046360edf799fc89d7d31207955068480ff109bbe394b98e22391695001fb2024c8955083c336495d93c66abb2197715ad93375c5c4c5dbeb47d4220a4bb3ccd53b7c45c390a4815675ec47\"","k_build":"418","dc5_server_salt":"\"3c2943253a66a438\"","dc3_server_salt":"\"5ed22c015098687d\"","user_auth":"{\"dcID\":2,\"date\":1698024044,\"id\":6480778848}","xt_instance":"{\"id\":721428,\"idle\":true,\"time\":1698024055142}","dc":"2","dc4_auth_key":"\"59bec11eb5c8f8bfbebee5be183b511dfe01cb1e82a2ddbea2ca2f82916f1c82ff2a00fadbeea65ed98c67964fd50a6483960719c9b9f71e3dfb49e9ad50e357555396b7fe4c558245d41caef719fdbeaec1537cc55dae53e2e114ef5a9a2fa3931d8bb7481725c7d0710def765ebb8467c862fbd3fa15ffd0c544ea5e0d04fc3d90f15a9150bd650580863f7fb946bd6ef9c13e8446174b171b083f56cfcbceeda58000194771fe8b09de059248b391e2163872b8c0c1a80587cd24a94369b244b7388d040cd19c58a220d03eefefffe29ebbbadb821656470c451d241c6463fc3448b5358c2d5504a482182370fb87d466f635203d6ba704247305d2d0c3d9\"","":"","dc2_auth_key":"\"c4789d1dfb914ea7feba00df81df22b7c67a9e541030b2e5503c14b363bb9a94d0edce2fd019566b6c9439721b690f25e1f4f7cba5e4264ec3f5757e59db842ee385a99c7118d674d1723398b68e5833517237428959f6f455623aacb86059d7a1158378a566850a62db06a84a883fee7d5ce41be7d33a245389065f73abdc148d67fd1fda26b7f225ede22c48e7a37a188e495e95fca69a8e60ae1874cfae1701727dba06b1586820edd22af3ccba5c6f76963caf943655f1d295cefac7fbe509e87b2b5e7c8a14c96be51fc7bb9bb21a6c488a892aa23c9287e342b89de935ac5cd72e8a4b34f241b56c7a52da0edda330f0af00d92214ccaede0a8de36f92\"","dc4_server_salt":"\"7ce4cd3d9911efb5\"","tgme_sync":"{\"canRedirect\":true,\"ts\":1698024045}","server_time_offset":"0","dc2_server_salt":"\"2184b788f7821551\"","state_id":"463681387","auth_key_fingerprint":"\"c4789d1d\"","dc1_auth_key":"\"5df9099d8acd879e6e66cabe784de3c16904c485a6fe51b8c12e53a2ac5e69e25d5634c239f366036016bf101b7947066ce02c171a4e852fb4d1a58fe891447d004d6a5ef5d7bdbf7a25312ee59728185fe8f6a47c4a5ffd7351865a1e4b37efec096030d9471eac311bf35c1433fe9174e5c74bddeee10d4c2d043955ad11b600e791a83b06670bd5816209a8d379ba5996add9581ac60c27a9ec49492e2bc41fdf3751ad46287cdbb528d4532659cfa8692f678c253aa6d313718801dfced1e2fa14d4818ea8c64039dc24bb57c7b1a25ad1ce2f74ac7878314bc39339304cb4b1e56cc654990ceb505fa5b600b0d7fdc37cb7df4c2c7b71748c5073d27ec3\"","dc1_server_salt":"\"f3b5b138eb81cb73\"","dc5_auth_key":"\"51b5708c1609eeb29699bfe74eba6ef9af666b3e8c5429697d41ab5d2b04f65328868ea921c9321b14f21b566bba51e8614bbb5043244abe8776e4ea9a2540fbd93ca286ebfc360f93626991773ca43809e12897c54856c078a0055303172cbf692d0007275eafd7de0c3827a7a8cf40cb76be02aeba5213f6e1fd0300813321da213f9e136efe78a76e735afd8111fafc29232e1fb9f80f3aa0ce4e28a7eb1500aac8b948a415a9e616612403e22a00a706d0c4e628a2b15a2c640d8e4c4d59c96e9f1031d3aa8ef12b48c3a4ca4aba9a80ec484327a2dfea5cf24b92f71736683ecbd5c3f9b8b7cec18d327e294466f7b2a26d2cfe1f21bd62a06ad110157d\"","tt-global-state":""}
VM40:1 —————-
undefined
