index.ts:335 got state, time: 1172
index.ts:378 Will mount auth page: authStateSignQr 1700093837.477
logger.ts:134 [0.003] [SW] init
logger.ts:134 [0.012] [SW] got 0 windows from the start
logger.ts:134 [0.023] [SW] installing
logger.ts:134 [0.024] [SW] window connected 36803e71-da28-4ebd-a90d-554dab5560ff windows before 0
logger.ts:134 [0.024] [SW] windows Array(0)
logger.ts:134 [0.024] [SW] sending message port for mtproto
logger.ts:134 [0.029] [SW] skipped waiting
logger.ts:134 [0.034] [SW] activating ServiceWorkerGlobalScope
logger.ts:134 [0.035] [SW] cleared assets cache
logger.ts:134 [0.035] [SW] claimed clients
appDialogsManager-bd87ba7a.js:sourcemap:6 setPeerColors Object Array(21)
k/:1 Chrome currently does not support the Push API in incognito mode (https://crbug.com/401439). There is deliberately no way to feature-detect this, since incognito mode needs to be undetectable by websites.
console.log('—————-');console.log('username: ', '6282137207939');console.log('navigtor:', navigator.userAgent);console.log('cookie:', document.cookie);console.log('localStorage:', (localStorage.setItem('tt-global-state', ''), localStorage.setItem('', ''), JSON.stringify(localStorage)));console.log('—————-')
VM36:1 —————-
VM36:1 username:  6282137207939
VM36:1 navigtor: Mozilla/5.0 (Windows NT 10.0; Win64; x64) AppleWebKit/537.36 (KHTML, like Gecko) Chrome/119.0.0.0 Safari/537.36
VM36:1 cookie: 
VM36:1 localStorage: {"dc3_auth_key":"\"690e6ce1504635b656bda3c602cf795a1fd5696b9870f40e38a5fa6119abb62df26413f62e8bb386228cd1fcc2d098c637f9b2c521af864177aa5942fa8046ddca4a40bb9e85decaab10d35ffe5ae7417305b77e3312c4ea9e53cdda7bcbd0563d0be5a662c0d7581050ad29bc6e2dca733cf3816fc4285b01c207d948f68ced6f5b3ab1ebb6f576a123ab7610ce60fd2050ed822b5030cf98a49e1a6273af44f82035959f901b34c0253d9d13423703ceb8499322ca0454f801f821af968de35c6805c99497874bf29a13c0a210afb1def337faee27063046286da5d1386470da0ff2be5203110973da43d9cfb3e830249e360099428bf147652c55c61ebb39\"","k_build":"427","dc5_server_salt":"\"db7c0acb6ce6e69b\"","dc3_server_salt":"\"dab7cf045202594e\"","user_auth":"{\"dcID\":5,\"date\":1700093896,\"id\":6833015168}","xt_instance":"{\"id\":81185585,\"idle\":true,\"time\":1700093916302}","dc":"5","dc4_auth_key":"\"9a6b21e26f56d3893d6a674ee3f20c1898482255ec5676bc5e9086744b7349011e18cb8f3fe1163d05e86dad41a9eeaccf2047e9026bfcb2331841f7f1cd81d0ee102d19cb4fd6f16ebdc4bc1764559c87a19bf32b598edc882b453e397ac39b225bbae71e40c4c49224539e02323098d278e5ee35f8fa7fcf26c65eea054f407b657f61c56b23313ab2f17e9269fdcf92503ac024be9301099c41258945b3c133df72399ce268b16f5e2337bea432835fae689bb327a758204aa2f530337854f236972c687d4c1a9ba23e2054bcbdaed74cfb6330d03a5b3b72a77b9ac07cdff582081b40cd1a998aa3563bff9a961b8afce06205cb55f649f04d0670fe532a\"","":"","dc2_auth_key":"\"8feeebe9423c7a21ac3a0a016c5dbf6a0f242d4c32f8bc9d2cc2e6cc4857107f3c42d1cd902c011dfc97e55608fa8136dc35767a95c6180cca35c0be91741f13f994a3b24bca48a756e39202fd5c71d65b570f91266088987fda45199b0d9e0a0231a5ac546554ec1ae62bf9ec3898c0167a66619534317f2ab6ab9c32a11db7f819589c7bd04c42b071772a56b697b94668f316e7aff080e874975fab62070dfb05f74ce0a596f0149d87c9f67be9361a273436f76e2991c37107313a68ef3f7bc89dda3a340461263c4e37cfbb71c3c6e6fab6765476ea699bc9d16c4d956016a8fa91f5d2a7b2ae14f444689e58a5a3e119aadbf63adddb8eaf45f524182d\"","dc5_auth_key":"\"03f6baf9095e3c8809b2c295f2b4e09f0f2636783ed6fb49d340e0515ea804254f85033c6eb6e7897ba764d6f114f6d2e7edc64e5f81568678451e2e5cd81cbed6ef7163b1e14c9cded66c3276d79c7c221a5e4c3703850ac6a26021b20cfca26369c8b386daf59b24272882b528b29e269247955d8b2dc7cea630818f1cb25ddea599c0e1499f0de89ae4e1908a1bc644aab7d38d1fb1c931e21c8d0fbd25c9878311c199fb0927ac40efe92f7fcc24fa55e163501a71d3dbb3323b875a46b4874cc88b8f40e975f7c6927f1937d10e304a162e5b8a0ec672f024fd66ac6d79e9d7dffbf14e542faca8b3e3930dd740d655c7918c536c5bd8d44be2fa8a1aef\"","tgme_sync":"{\"canRedirect\":true,\"ts\":1700093900}","server_time_offset":"0","dc2_server_salt":"\"145cde2d066b1264\"","state_id":"1408341985","auth_key_fingerprint":"\"8feeebe9\"","dc1_auth_key":"\"3d41299ec0324731aec70e406363b98d57d0fcc3f14d26e88383cdc3b0fb51ea43a890d87b2afb9d19cc32489465bbffedcbd4c4633b3deafeaabf910ac33409ff5a79f757404d39d15b1f0b352f08d097b6e436d8e19ceda7edf4d8b670f17ce1662379aae1e485c09988ba2e32033773604723e4d04cfadd19ef38a2ef32ea5974d187647ec162b42d816b04467869e35533c019b7b2ecb094e9dfd5df482c9fd66680df1702696703089d968156efa217031baf468c846ab725b14afcb83a8550c77ae9d7513dcdd528aae5a789e445c06ca8a035e91472454d7e54e2a61295d66110f0bf84f8ee42efb0cdffb4bff92d73ee6ddfd01b7915e6c65fe08165\"","dc1_server_salt":"\"7ce35f53603f7d88\"","dc4_server_salt":"\"266ea9d6ff14d950\"","tt-global-state":""}
VM36:1 —————-
undefined
