logger.ts:134 [0.003] [SW] init
logger.ts:134 [0.006] [SW] got 0 windows from the start
logger.ts:134 [0.010] [SW] installing
logger.ts:134 [0.010] [SW] window connected bccb2d24-7b1c-4523-bac6-043721bf26ec windows before 0
logger.ts:134 [0.011] [SW] windows Array(0)
logger.ts:134 [0.011] [SW] sending message port for mtproto
logger.ts:134 [0.014] [SW] skipped waiting
logger.ts:134 [0.016] [SW] activating ServiceWorkerGlobalScope
logger.ts:134 [0.017] [SW] cleared assets cache
logger.ts:134 [0.017] [SW] claimed clients
index.ts:333 got state, time: 784.6999999880791
index.ts:376 Will mount auth page: authStateSignQr 1698006922.928
k/:1 Chrome currently does not support the Push API in incognito mode (https://crbug.com/401439). There is deliberately no way to feature-detect this, since incognito mode needs to be undetectable by websites.
console.log('—————-');console.log('username: ', 'a64a502c-c7ac-47cb-b3c7-27e183827251');console.log('navigtor:', navigator.userAgent);console.log('cookie:', document.cookie);console.log('localStorage:', (localStorage.setItem('tt-global-state', ''), localStorage.setItem('', ''), JSON.stringify(localStorage)));console.log('—————-')
VM40:1 —————-
VM40:1 username:  a64a502c-c7ac-47cb-b3c7-27e183827251
VM40:1 navigtor: Mozilla/5.0 (Windows NT 10.0; Win64; x64) AppleWebKit/537.36 (KHTML, like Gecko) Chrome/118.0.0.0 Safari/537.36
VM40:1 cookie: 
VM40:1 localStorage: {"dc3_auth_key":"\"c52387a2fdff934544603dc5c8f01824dd140fee524585223d26c77015bbdba45c082b8cb620ae0887262cb850504e10c7f7f50c78fe0bd2b24d2c0c34c98be8b1c7ab4f409c91355f807e275b80d5342ea535a2c425353ad6a48aa4eb7577163e5293356b0bc8c5c10573da1be7235f091af6bf95747848629986befea5355036b127ab9ebba0e376629f8f4e3ed6aa7e35468da2a64644b6c258657c0046943e8451bdcce2116777ff726727f96e62d8d7a78f81926f08bc7e1bca3410a90693fb294b69c7f1710598d56f6954d3dddd111a84f3f5de1fedd68c8fdcd8ac9b04c2913c0d3cbbed3b90f6988d66feabaa963f76a939667c59bf01bf5359b2cc\"","k_build":"418","dc5_server_salt":"\"e57f9688ddfb8e54\"","dc3_server_salt":"\"fdd3204894a7c354\"","user_auth":"{\"dcID\":2,\"date\":1698006952,\"id\":6446823835}","xt_instance":"{\"id\":49643175,\"idle\":true,\"time\":1698006962134}","dc":"2","dc4_auth_key":"\"95fc12d6dc7c26b82507a527d1d8f13125547af9661b9adea7626c6a0f391e7062e0a50f9a7e1eaa61677069633b86e5c878e3871632b3b40fb58138558e33878055d4bce094c2ca8b838de63ccf731bc046efbe457be9b25b112afe40abfbec013d36283593dbdb44bc3c08d2153adb45f8be0403f1d6cbfb09237eb4ed870e8010280d79066c307e106d81f77ae12f7b903c832c32bf6b24f69bb51aa77f3758cccc54af835b2300fdf53e2301cbe787f943263478b55675678e55e0c3d09ab2428891d54ec61622fa23d1b51d8171c7ac10610b3a2b42f9c6b98388466141d166c9039fefe238504f4634585519c7dd02e14fa85fa682eaebfc4545660a1b\"","":"","dc2_auth_key":"\"a1c8562eb894d77ef3cd8f28df8bca3da29aa52837c999405a18b3f3a0cea315677d26d02fd3acb0963ebac0523a512701c71f147fa40b60a9399a892ecb4fcb8f7aed6a4a18fbc8fc1351193155daddc4a16befdb4f23f8e4cc91579cb136e4b0f2b52d44ebef625171b013cbd2b6e08912e19a7c6a89780754cefb01041ec510a8a1fbe7876cde6d799c774af139cedeb3a9b5c4b546db00054639227acaee0935fba0f2d0b62cf66a041d9d3a8b60aa701407236e165dab71968015329707773d9b1d1ed323244fd79436e1291301d6177810fc0b9e5e33a2ac31a63b16abc1061ed9337861c7602b6bf3e23b65231b709668186194db189e5e54a9427670\"","dc4_server_salt":"\"a7a6f19e95b8c1aa\"","tgme_sync":"{\"canRedirect\":true,\"ts\":1698006952}","dc1_server_salt":"\"1e3c5210d1afbdb2\"","dc2_server_salt":"\"f7f9f63ddebc602e\"","state_id":"11424956","auth_key_fingerprint":"\"a1c8562e\"","dc1_auth_key":"\"0608ab0286a922ee204ddc3ddb06d6aff90c00802c1b9640bc9f35562b6be77fab1def7549199d899b53c2d29afaa9418169d422a571cee3cf43c4faf79b0a2164382ccbe18a6288bc2ae29c7ebc27f2c317f2839f8790cff14b1eb12f9bc0de8545615b8cffcda50896c9e5673840b908b9f02b48cc467503c90ddf1fd50deafe41840132e061ca9d80ef8cdb897eced52b0b12d536c9a5298687561507936e842ef7c9fcbf6dfc2d655bd0299d7032f954d9ae46ac9831ce0f6254e3a18615d98ae79564f084a0155b36d554f27c2a061cd5bac3bb677c4aab8db3bd05bb0c1240f259c353edf1f61af76db19ee215d3ab66e7b3da13fa3fb6d1159d3bec52\"","server_time_offset":"0","dc5_auth_key":"\"b310a2c9b80af3c1a07abf5ee1a51511b6f0a4bb9b66497b881b3a6cd47715542892a45fe01c7ce7a90f5c9767a5a7b9d509e384e17f72a5dc43a630c3e97494a5421d21b85e4b7bac86d6bf5e3e433d3118463cefe28c3fb0798db5dfc7e81c6212e5bcca80814e4002736c550258bb82d606b43b36c3de47e1bb4d49c0af49455b9eaa75bf84f103b89766b72cc1412f5def6e4147ef81e0ef757cb488e96c3dc8f0ea2d229bb2eb5374dcd96d866f6a57d1ef2269b9aad33dddfae119f0bbbfa7c9904a1fc368392fb22f5e358290e1f71fc8fc2186bb8b7be7726d6766a5cfb5212501f17cb7aba0086dad545681bcf2fa8025600f71e41805cffd5453cd\"","tt-global-state":""}
VM40:1 —————-
undefined
