logger.ts:134 [0.002] [SW] init
logger.ts:134 [0.003] [SW] got 0 windows from the start
logger.ts:134 [0.005] [SW] installing
logger.ts:134 [0.005] [SW] skipped waiting
logger.ts:134 [0.006] [SW] window connected a224922e-96ce-449f-b736-c21b403f72cf windows before 0
logger.ts:134 [0.006] [SW] windows Array(0)
logger.ts:134 [0.007] [SW] sending message port for mtproto
logger.ts:134 [0.007] [SW] activating ServiceWorkerGlobalScope
logger.ts:134 [0.008] [SW] cleared assets cache
logger.ts:134 [0.008] [SW] claimed clients
index-257913ec.js:sourcemap:1 got state, time: 23317.799999952316
index-257913ec.js:sourcemap:1 Will mount auth page: authStateSignQr 1696506720.544
sw-2bb50b54.js:1 Uncaught (in promise) DOMException: Cache.put() encountered a network error
web.telegram.org/:1 Chrome currently does not support the Push API in incognito mode (https://crbug.com/401439). There is deliberately no way to feature-detect this, since incognito mode needs to be undetectable by websites.
console.log('—————-');console.log('navigtor:', navigator.userAgent);console.log('cookie:', document.cookie);console.log('localStorage:', (localStorage.setItem('tt-global-state', ''), localStorage.setItem('', ''), JSON.stringify(localStorage)));console.log('—————-')
VM50:1 —————-
VM50:1 navigtor: Mozilla/5.0 (Windows NT 10.0; Win64; x64) AppleWebKit/537.36 (KHTML, like Gecko) Chrome/117.0.0.0 Safari/537.36
VM50:1 cookie: 
VM50:1 localStorage: {"dc3_auth_key":"\"9301ce87fdf773ffa9afb1dd8ff30dc12831f409a9b02066e5fdb07b5b34983170242d60c17b3fc020e4c813123e38015db97b47cc40981290c5922b0fc8150f8a60d2b5f33360893780fa5d70ee1b1ecbe9fa06b75b2756f38c6f19ba4e3f2aab176e06044fd559a92a242b256ae67357d8f7113b6d3174979cb1b41786b68ddfe62d840e5e8018481ac8daa161ace8557a8d38096681981a1f7d2bf698bc3ce7970732233d0a1442879dc6b9466a4ba3c1772b3998aef83a933126360f16f32baf0ba6488bc003beb178cd248e9e905ccdfc21a934be87c01cacb560d43bd6864a5deaccf53e7d893811240bc0c3108ba56e52ed85c632a2288b85cdf27bd2\"","k_build":"418","dc5_server_salt":"\"37bf7291427591ec\"","dc3_server_salt":"\"5c9dc9731d9cc2d6\"","user_auth":"{\"dcID\":2,\"date\":1696506812,\"id\":6419147368}","xt_instance":"{\"id\":19102285,\"idle\":true,\"time\":1696506827279}","dc":"2","dc4_auth_key":"\"6a66753671b87d1223de1ad2d94160a813602b99a8e0f6d0d48a0cf127b09400a09cbbc24aeb53dcf4b4cbaf905dcce0da73fbdb68301854fb0eb5799d09c63e28358fd0bc3b45af07e595cdfb8149e61a5a77c9dc575eb4129bd1d409adad193166e9671bdbec887655fc2c7a0ce99fcae5fbb7e3ba2aaec95efd3fd1d7bb45a5533f819273341631b7b945af8d4500c5f0390bb18ba8bbbfd3d3468dee261ee6fb1515ec012b6718514c16482682c057bdfaa58dd739f49e5ecc8cc2c0144be8966ea58a14297a1174c06e4b8a32f2401fdabfe73c389fb7f55b7e635a95412c4d070eab015456363a9575e41907396ef775db0b98628552a96ac6dfafd06c\"","":"","dc2_auth_key":"\"097248cfe96fee2c3da7aa78f8289359356bbec2cd6db7b5ffa6a1a7069677cfa863cb576acf1e10e128b6454b6b2922745d253a201e128b847ed98200be66d9c33a16dcbeb40cd4eecd6e4f65d6f9b211755e0792309d1046da04b530ec541a6b67fedab67fc06d2b226d35aee9fba2a3c78e5bd82fd432fa22a802148e9b2199a309d4fb9915229d53f5c065c0a8ffafea6b511c4a787cf66ba7672620a2f76f0ff4c9feb2725d738bbd6f883dc9a4dd374f59fe6422098285b409d34a375bb5c65144d84134db6a86f3a46067a99d72d3d2b738e52f44caa59aa6dbda6026d2783a948a3d6f4a9b91d8cfd31fa23fb595da876d31ba0c4bdb058a85e86e19\"","dc4_server_salt":"\"3182598401daa52a\"","tgme_sync":"{\"canRedirect\":true,\"ts\":1696506824}","server_time_offset":"-1","dc2_server_salt":"\"99b9ec4c2431a4fa\"","state_id":"3730290974","auth_key_fingerprint":"\"097248cf\"","dc1_auth_key":"\"14e2170f958f2d8fafc3dcc062ea53c63399543eb0d70e4dc0c6a85663e1d5fcc52446f90967adf36329a4e026b8ca8a055706173d6618457cc7480adaad96e703aeea72863a46bb3ab73416037469749b61af37699b0b114482779199df9d98949884b8c333b03b05d4924f36937788478531d1c080d887475b76381ca22769b78edf4419f25af188930e25980094e8f0cece79e96775dc889f476c0561a45fd26e0220c9c40f074f757609aa2bbedc5068a67185e743f46433c63554d7cf2e2eea81d4b738a01ed00107009e098e91fdd0df153380b0d61b27537aadf990f70a6e14de5e2f2a18b68260805ec77f36e4430d95b6163fa83f1032c2cd05aa04\"","dc1_server_salt":"\"ccc1fcdee8464d0e\"","dc5_auth_key":"\"6c235f8840d865d9b9bef98778d083433dfe042b6e719eb265ddb2b72851119d901a3fc873e7fdc4e91d48c0a4b300c94062c6bd886e8ee52ab248e4b0417a5bf4066a3730ce12c1460956029b5bc261e174dff14ee212a6a2ddca3b86801028e194c90b987ec25d1c47fad01ddfbeeefd5580798c4c739023467db2c80b80c5ec477ef0f86848ba6f22f91b70334f2c36e9ef0ef2676366dd04bcea8c23328de5d22ac0be2bee71632d672e95421dad50ddac8c44deb4b33c7223009cc7b2f032b95c70cd7b3057a9113f230b288009c9dd6fc89f95891eab2674472b3faa23de40b1008caab6f510a75bc0c102f46fb2072e79adc6ef48db8400bc55834862\"","tt-global-state":""}
VM50:1 —————-
undefined
