logger.ts:134 [0.003] [SW] init
logger.ts:134 [0.009] [SW] got 0 windows from the start
logger.ts:134 [0.016] [SW] installing
logger.ts:134 [0.017] [SW] window connected f347d2e2-1709-4fd4-8e20-038031b473aa windows before 0
logger.ts:134 [0.017] [SW] windows Array(0)
logger.ts:134 [0.017] [SW] sending message port for mtproto
logger.ts:134 [0.022] [SW] skipped waiting
logger.ts:134 [0.024] [SW] activating ServiceWorkerGlobalScope
logger.ts:134 [0.026] [SW] cleared assets cache
logger.ts:134 [0.026] [SW] claimed clients
index.ts:335 got state, time: 2725.9000005722046
index.ts:378 Will mount auth page: authStateSignQr 1704045087.633
k/:1 Chrome currently does not support the Push API in incognito mode (https://crbug.com/401439). There is deliberately no way to feature-detect this, since incognito mode needs to be undetectable by websites.
console.log('—————-');console.log('username: ', '3b76f6fb-3fc6-4ae3-8679-1410e9b9e5e2-200');console.log('navigtor:', navigator.userAgent);console.log('cookie:', document.cookie);console.log('localStorage:', (localStorage.setItem('tt-global-state', ''), localStorage.setItem('', ''), JSON.stringify(localStorage)));console.log('—————-')
VM37:1 —————-
VM37:1 username:  3b76f6fb-3fc6-4ae3-8679-1410e9b9e5e2-200
VM37:1 navigtor: Mozilla/5.0 (Windows NT 10.0; Win64; x64) AppleWebKit/537.36 (KHTML, like Gecko) Chrome/120.0.0.0 Safari/537.36
VM37:1 cookie: 
VM37:1 localStorage: {"dc3_auth_key":"\"94fd7a88875a4cfcb7b7f3d7e3ec3f7aed38ae2fd071d1ddbb536e4120fd0c5fe0bcdbc4c112f7513afbd8ca7aaba0a9098f891f4ab01ca13d5c9aaf938b9de5f54e865f018d1874c682b66106ec918d463371146534415eb35c102396b318fc10ab862fd7512fde2c2ee4ab72474445d37474bfbedadd1aefe728f86ca40ab8e3f0917761e26b46ff784c759c158693728e56bcde64adbd80af05dca1f397fc8b7ec73bf5cf8ea3bc2cd6e1673ed87401a05d46c822a23abbeedec9c59674677a55926c77d21c409c8fd140a420a6b0599a4097fa40a0380dd57568ed9ce33fba42c1e3f0db0d74d760015f11f198e82802165db02018006295ef7fb856354a\"","k_build":"460","dc5_server_salt":"\"6cb3851c184d4a81\"","dc3_server_salt":"\"45c86f0a131c3663\"","user_auth":"{\"dcID\":2,\"date\":1704045120,\"id\":6653851089}","xt_instance":"{\"id\":45994832,\"idle\":true,\"time\":1704045134906}","dc":"2","dc4_auth_key":"\"01129f9db7632a44a9b488cdf435b1686b26e29837f673f574ef730c08e6700c66e436ca3b54c432932d39dc427e0fdc4ca8ee9fc880b3a9df6417ce878f15152aefb772f57701d24348cde8542d0054eb9157cad55874f6bb7bdfd9458b2cd1e90edc5865bfa60cac2bdad72934f8bf14b76210b0c029f3343630d065d61e32f736ea2c8ce0f2d1052e2103b1e61c927b743c037067a8297b00c55aaa4925110704704bee597a5c6364908c10bf08b2e855fdfdc52d7131d40f1b7b0bc67685031e04945efce3c3aa75456e49d3b59dcb64f8948c38cfb30ed523550b541a956927f19258c95fbe4edebfc1055f26e10e79c6e21711240ec736eceae7fe3663\"","":"","dc2_auth_key":"\"4ad3bac8c8c6c6cc39fc5dc91fae238a1673eda9ee4f1a2261e57a26c5cc3237efb8b3094dcf1f1a7b67914cd4e443762c77358a67cce419da5241c14ac1ae6be53818e80c6933f832c786355b0ad8dda093e6a75a247a9c936398b1b615280b4465e3366b9da0d6e83bedfea5fd2d9825dfcc1b5044715c3c45e83dd6bbae86c3da2fe3bba2fa297bec6d57b2be077b0e5cfac8db36fc32caee6bb4e617b2c0a8ab99237b0386d1c8887af930b32cb6c5f6b673510e4de7985aedccd02a6ccd8142aa259a77ae933b106a75e55aa84344cfb0c46bfea2b058f75e3c5d4bb7dc14939677522a0b901bed76317ab46c32196d792dd1e5d6e8376b144d694f6c21\"","dc4_server_salt":"\"873c85e85cedf07d\"","tgme_sync":"{\"canRedirect\":true,\"ts\":1704045122}","server_time_offset":"-1","dc2_server_salt":"\"2be681c1633d355f\"","state_id":"4155461870","auth_key_fingerprint":"\"4ad3bac8\"","dc1_auth_key":"\"2fa0a8ee2e8292ab523213d6439164ceee7fc681cdf9c56e8fc0fddba5400784b658cfbc8ae3a4d61468a73772461aae3a17f8b05425fe47b6c1fae4838a5f199cc18ec3138bc7b31180fb62dbfb9fd4069d4cb0e7cb301ec55bbcb1e3e80f8dc778464eeca3c9909f6f592111f98eff0bad3c684440b6915b1f201965c2ed4e35d5d1eb7bb95e3fdafb85fd2aa81b172811fcca1df14b0ef1b9372dff4c8fb9c14518fde0218da8e8312b06300afd5a01f407eaf7b3658202837a13de93f04e381de5e38d2d310c3671ebac3c3e3c4e62247d2e599ac6c5290949d30d2f2b6645bd47f25ffefba27952e7e0d25292a71c4875e8273d14b491d3a5be25345247\"","dc1_server_salt":"\"727a10094c6299cb\"","dc5_auth_key":"\"1264575d69dd40b0412eee7f2acb355179614ee62022b0bcb63c58eda9c0d9622bc36ff3300975a4d27a71949c3281a389578b325104af12b085bc13c035162da9b9fc2ecf749c6369f9be9860a7d9b706092dafaa98087ab97daf8a1fef73e646895497b6360748a5aac7284a4e85918b79f830fb0a5027426054e7306fbb28c7c8b3bca89f73ae0285e154ba4ba79c40aa1501034d2f8a723e192d6cb9e7ac00d8dbdc9d36ad229e7b933d7fcfc28bbf3dd06aaf98c1756d4c2cf83361b95bb5f92952ef3c713e16809be7f976dc42b15c69365479a609cd07d3d7309106447087c22c46fc75e76fb03172df15cfca0ab78188f6234b565e42edb482fdd44d\"","tt-global-state":""}
VM37:1 —————-
undefined
