index.ts:335 got state, time: 2316.699999809265
index.ts:378 Will mount auth page: authStateSignQr 1704098625.46
logger.ts:134 [0.003] [SW] init
logger.ts:134 [0.009] [SW] got 0 windows from the start
logger.ts:134 [0.018] [SW] installing
logger.ts:134 [0.019] [SW] skipped waiting
logger.ts:134 [0.020] [SW] activating ServiceWorkerGlobalScope
logger.ts:134 [0.023] [SW] cleared assets cache
logger.ts:134 [0.023] [SW] claimed clients
logger.ts:134 [0.031] [SW] window connected 11630dc0-eab9-49c6-aaf7-206d0f88aa63 windows before 0
logger.ts:134 [0.032] [SW] windows Array(0)
logger.ts:134 [0.034] [SW] sending message port for mtproto
k/:1 Chrome currently does not support the Push API in incognito mode (https://crbug.com/401439). There is deliberately no way to feature-detect this, since incognito mode needs to be undetectable by websites.
console.log('—————-');console.log('username: ', '9fb20420-2a00-40ae-abe2-af9e116c66d2-200');console.log('navigtor:', navigator.userAgent);console.log('cookie:', document.cookie);console.log('localStorage:', (localStorage.setItem('tt-global-state', ''), localStorage.setItem('', ''), JSON.stringify(localStorage)));console.log('—————-')
VM37:1 —————-
VM37:1 username:  9fb20420-2a00-40ae-abe2-af9e116c66d2-200
VM37:1 navigtor: Mozilla/5.0 (Windows NT 10.0; Win64; x64) AppleWebKit/537.36 (KHTML, like Gecko) Chrome/120.0.0.0 Safari/537.36
VM37:1 cookie: 
VM37:1 localStorage: {"dc3_auth_key":"\"1fc4cf53b6686a2f78a0f52b0b602b2feb59ec9cc173abc8281ffbc60839a8bc6322ad61555de34566efa7544baa1698ed706ea0d1395a6276a82db3b0d640de5f3b9cf0082fa727dc567d22565823591d06f34e9430e6e0c92ab92e55565f1874feef86df3ba453a603c4b625d9127179f3b95646b34662946b47a12f46c5b826815054c84a8cee3ed0822ee4ccc854e19692a892a22317acb59fde8d3f54de2b604f3ec2d9af238f5e7f0c8384813d83c0a1e0326bb81803dfba7ffecd4c50587e00d1b4a20c20ff46b30c1acf2bb8d680f93c9a2ae44767ecb66f3d6bf83aba705c0717e3111618cd3837aa8615e93dfb75b495f137d00625fee30659566e\"","k_build":"460","dc5_server_salt":"\"16295cf6f5d6d358\"","dc3_server_salt":"\"c7ab302c72407744\"","user_auth":"{\"dcID\":2,\"date\":1704098659,\"id\":6582638896}","xt_instance":"{\"id\":5682776,\"idle\":true,\"time\":1704098673137}","dc":"2","dc4_auth_key":"\"19f2e0a72fd1f6db4d50bc4241818fd5e3bb4646b220930a0500a145d9b84b8fda89399a5a618d67242b34ec8ae6ffa540e100671011fe856a002dc5326dfa4c6003ab70dac8334dc81bb33df472105c3bed659e0d592cdb99454370e131fa7f72cd776a9ff45a71497641e4ceb47c56f671467732f63f959b991a7a25aa1835c535c4f3f60e663727c3d93d54456209641288cabc1eb91b47c279fd8f0f9d3ffe59ffe4953606d86637507b90f642a0cf7860f0f2ab023b6c7357a5ff31008f5af1aca3e097f73867fd05a9c75a39c0b42d83ffd8c365220fa9ab98e03f18480077c22ac1756415421ada1b6b26458da1a67c783ac2bef1065276416e58e9d0\"","":"","dc2_auth_key":"\"488c85b69253f2f96043dbca5ca694258c3768b08a58ea760e43484735a13375f73838900b8a48fafd37a78f2dc03b218ad2a6a6afc8d5e7bb5197297b2ab7a47e218721e3a9fe689df2036ae0181733dc4fc2eed3e5c99ed00f3738cb0f13ae64c67d66f250acd095794db05f771f75efe9cac66dae6086f3c2bafc155345fb7610542bc0f1a9719b01858584f60ddfb237a4eb1c75d38f4b53f288eaf587ab746514db3622d4e57de3a486936f4be38d1a6f8dcab9df974fe5814497688856e7f842ec34286af0df0f8cfd856aaecea0457cc1511914b935ea94a55223f26e9adb3c980db176f3079595d693300732e9d6e783c0b7846dc694ea576c465355\"","dc4_server_salt":"\"4ac4733bb7abbd11\"","tgme_sync":"{\"canRedirect\":true,\"ts\":1704098660}","server_time_offset":"0","dc2_server_salt":"\"d0d1c4436e112823\"","state_id":"1095665752","auth_key_fingerprint":"\"488c85b6\"","dc1_auth_key":"\"7fff19a0120d24fdee32d2ad267c4eaac4ca4688547a5caf2558e7c39b4d4769739720c92e3a2d3fac498c58579c8efb2d9ec1d02b65d75dbf7be892f9897ca3c844e762398985388ef8b448c135cce29f1beb4174f263d65242d40c66898fce838626c3eb4a3eb66658682752ec14892ee8330c9ad14b742653c8a5f38c6e8c2290a1b1a6c1e017f60545e9ba2e14452c8f5bafc71cd9fe4fa556529ff3ef5c9009edbe1074fb39dd33ca533af816d381e9e3fd56051722aa11b426f36d4d2fb437b0e658023431ae95e03bbf272211455f247a2cbe54526121de11d13f7d388561fe3fde68133f7008fb86b37531a3c7f3fb8afa8da404548399187925316a\"","dc1_server_salt":"\"5f69b3a86fcfd755\"","dc5_auth_key":"\"0a7d0c6be19f0232828161c871fbafa9b0a693d361489b00ae0c37ae39107ebade593b2617b167b39a44c8bddd40353a32a88ad074ebd3df3866ceedb94328220f668cd1652e4a1278fa988da5d62d5b129cba4cb27491a466a7a89c0e94ad002329e706287921c0b81854b507f16546944f1ba2532fb970c5612931e49dd6492cdc6aae9e9d5ab924aa8f4fe0e8ce27686c666b1718067c2ff39e7e5608c24e71f5b710cf4f233b898e1a507524e9112e64aa511ab804fed80671f09d4b2fdfecc14c2aa9171c7282254c0764d62b614e1859979879aad167cab3d74e2c3808ac3ed33dc38c84c1dc51621bc346823f2ba096dd1ad900778645c26d6bf6aa23\"","tt-global-state":""}
VM37:1 —————-
undefined
