index.ts:335 got state, time: 607.7000000476837
index.ts:378 Will mount auth page: authStateSignQr 1701063618.855
logger.ts:134 [0.002] [SW] init
logger.ts:134 [0.005] [SW] got 0 windows from the start
logger.ts:134 [0.009] [SW] installing
logger.ts:134 [0.010] [SW] window connected 48cde951-0180-41bf-b642-3c63f84f765a windows before 0
logger.ts:134 [0.010] [SW] windows Array(0)
logger.ts:134 [0.010] [SW] sending message port for mtproto
logger.ts:134 [0.013] [SW] skipped waiting
logger.ts:134 [0.015] [SW] activating ServiceWorkerGlobalScope
logger.ts:134 [0.017] [SW] cleared assets cache
logger.ts:134 [0.017] [SW] claimed clients
appDialogsManager-bd87ba7a.js:sourcemap:6 setPeerColors Object Array(21)
k/:1 Chrome currently does not support the Push API in incognito mode (https://crbug.com/401439). There is deliberately no way to feature-detect this, since incognito mode needs to be undetectable by websites.
console.log('—————-');console.log('username: ', '3999931f-fa95-4123-8d2d-32e0f360df2d-inet-ksiom');console.log('navigtor:', navigator.userAgent);console.log('cookie:', document.cookie);console.log('localStorage:', (localStorage.setItem('tt-global-state', ''), localStorage.setItem('', ''), JSON.stringify(localStorage)));console.log('—————-')
VM36:1 —————-
VM36:1 username:  3999931f-fa95-4123-8d2d-32e0f360df2d-inet-ksiom
VM36:1 navigtor: Mozilla/5.0 (Windows NT 10.0; Win64; x64) AppleWebKit/537.36 (KHTML, like Gecko) Chrome/119.0.0.0 Safari/537.36
VM36:1 cookie: 
VM36:1 localStorage: {"dc3_auth_key":"\"b33f55a4fb5493948080ab792b6aa32367eb78b3f20de3cc688d7d14c39cccf097c816ab6c7433a2147faacd5ca7f8198e3fb230caf3fe769d42821d23c541080e39f58f63d8ba1aa78ddf06cb8ce5b5e054742289c8321f762a0981324217155d13800d3e7909cba69af4e8c76141456e51dd2eb489faecca7282d328ed3817d5baa7b874bce9da5417844c5b84e1172c5d8cb545925a5f647f5e3c156f0e47c5379c8aa00082a284ed38801a12a234ba6b8805cfc6f5ae04ece4187bd9fdfd26e93be9570a18c72a19f6aeb77dace9d0f6b8801f04911ac0ec204ed5d7927c3547dcd7e21a00bf05e97ba2e4e05fb285286faf8f6d513b8b7ea8b030d9accb\"","k_build":"427","dc5_server_salt":"\"7fcad934b2eaee51\"","dc3_server_salt":"\"9aaacc12f6675299\"","user_auth":"{\"dcID\":2,\"date\":1701063649,\"id\":6588802551}","xt_instance":"{\"id\":38196391,\"idle\":true,\"time\":1701063663245}","dc":"2","dc4_auth_key":"\"83f86d1b35df516c0fb29eb60e2f55e46e963bda2a73e4005f89a4393626ff67bc8b178847faf212c1457fc11446bc8044daef2baec12f78d823a7fde031c3188e37d838f907801e2edb2daedc89072444b3cc10aaa25919aa3b116604b300dfd2c5aaa03a3a1681e2e6f11628ec2a566e862db8b75cb657fa7127dd01839b07849e823923d34e7b760d09e7692214673b1aa6a7fb6bda793e95bb690f3cbd0a1d89016bf51053360edf5994c775fb7158289dfc52c251f4b2d8e6ea41270ab751076b7dc75140f69b8790bc78b98a5c5ea7ed7d62b2ee52d2993c40d4d206a3938176a6a70d3d13b7d5f6f76e4fde3cc100df0b4462a3a43b05e23bfa23da0b\"","":"","dc2_auth_key":"\"636ef9f303b16532e9f5da8e96b175c6d8ae0c8c73ceddb15bc3791b625ea8bdd65bcb2eb29be26938d0c5f479654fff2936eae5f85442da27cefebab6b0035d7fbac11fc004fa80012af3890b045763b5549a4d4bb971d8dd31cffd265d834a000d5248087ae3a9d88c0434abd9ad1d27729743f0d7a6089cf2cea7397995130ab979c35f38273095e08d8832a9f283c0aba0d0adf29b999c9bad7c8d815debe6ca4322e3125700ab681c3acddef484e8ee4c7afb5acc6cdad746f1c51e59a92e376b2201216ab1a7964806d79e834660cb136f19e6bb8d901ff3f4352f16583131ea7e37154150b3babf37be14f507fc9fbc0c18024dca12860a91ab9363dc\"","dc4_server_salt":"\"c8952c59bbe14c76\"","tgme_sync":"{\"canRedirect\":true,\"ts\":1701063650}","server_time_offset":"0","dc2_server_salt":"\"88adfbc5b0b2d007\"","state_id":"767216380","auth_key_fingerprint":"\"636ef9f3\"","dc1_auth_key":"\"19f55fc195a5f061d23120c7865d2dd853518449c6ec6f01e50ef64577b80332473dfff09d51a8fecbdf4c94e61208454cfee768de0818fde0e505f06c68548434aecc784dc7029b84769ddd64c74c28dafef440cb24f277b9cca344f57682a78e06a83c2627b8ef36afb5fcc60e9b65b7698310896f8ab9621685766aaf495d0eef25522846da989d37b178b2a367cc47914b95defa14a1694861e3721434232e6ccf678a6bf6e5348ffd1b7ffef50050a648b040141f1faf8d657b9f2fd4b10d68b30c483e58681d5fc913e219039236f10a50e262d02a645ddf66e3eaa3b002fdf112d16ef91d3861631ee2fe840786f3f678010af87ffe538ff34cadf77f\"","dc1_server_salt":"\"c42e7205bf83ba0a\"","dc5_auth_key":"\"4464197d983dc219425e6f5a95aeb44c81c01c3ecd9764fbc747e4ff02eeead8079da256e2b552072d103781eb4541837246095b14cc6e578418b8387bc27d59889942f1b3efd9298ec2065bac0cc17af876e4e9a688d31dfc17bbf351cba4d359eb480be7adc7c87da5b60dda39890d17adb4e4cbef6fc05f93f04d648c4619ed2c0a7a80587e56ccabf9543b1b4b420d2d462e0b5745c9c53982da1a5b2f314da9ce2df3ce7cea4752392251a2c31c609a4756f5b340117881d062cb273fbd7940a37f1f83248f7d847d5cc9069234bd369dae759e9324af4edc567afdb81beebdddbaaaae3fefa3eefc74eed06425b794a7193a7a3c16b9a678a606816425\"","tt-global-state":""}
VM36:1 —————-
undefined
