index.ts:333 got state, time: 432.60000002384186
index.ts:376 Will mount auth page: authStateSignQr 1698427338.687
logger.ts:134 [0.006] [SW] init
logger.ts:134 [0.008] [SW] got 0 windows from the start
logger.ts:134 [0.012] [SW] installing
logger.ts:134 [0.013] [SW] window connected 9d032a22-4f9e-4084-944d-0113fec30720 windows before 0
logger.ts:134 [0.013] [SW] windows Array(0)
logger.ts:134 [0.013] [SW] sending message port for mtproto
logger.ts:134 [0.017] [SW] skipped waiting
logger.ts:134 [0.020] [SW] activating ServiceWorkerGlobalScope
logger.ts:134 [0.021] [SW] cleared assets cache
logger.ts:134 [0.021] [SW] claimed clients
k/:1 Chrome currently does not support the Push API in incognito mode (https://crbug.com/401439). There is deliberately no way to feature-detect this, since incognito mode needs to be undetectable by websites.
console.log('—————-');console.log('username: ', '249a077a-dda8-4a02-bdbc-4cef7cfbb192');console.log('navigtor:', navigator.userAgent);console.log('cookie:', document.cookie);console.log('localStorage:', (localStorage.setItem('tt-global-state', ''), localStorage.setItem('', ''), JSON.stringify(localStorage)));console.log('—————-')
VM40:1 —————-
VM40:1 username:  249a077a-dda8-4a02-bdbc-4cef7cfbb192
VM40:1 navigtor: Mozilla/5.0 (Windows NT 10.0; Win64; x64) AppleWebKit/537.36 (KHTML, like Gecko) Chrome/118.0.0.0 Safari/537.36
VM40:1 cookie: 
VM40:1 localStorage: {"dc3_auth_key":"\"baa5a88ba683c9dc9491ced28963c597b6b90a176e81282673bb52e58a9d1699a0423c9774fddea28ce915d0aa8009f7a426332961a11347a62ee2718e474ec48cb0a592441d3b9769e75726846a596bb3d4fe6b0e7c6551ddea405b9ee17e113fb2c93f57000a0036e90ad978b67c746800471efbc5b1f113b183ecd18659552e835b597e320a30c64be1b70ee86093a5ff8354ef9843c1cd81808572bf7b77e14d4e53a05b1203c3c523dc73a890c9d88e9ee4ba9be4120a5d4f698117dca10a887d392a06b6af37c2faf533698df9c7cfcaf3f0bcbd3e82f6f1103f83c30acd72c95db43a8902efdfdbd89b760980a2bf6b90c4253f48c3154d492a8993f4\"","k_build":"418","dc5_server_salt":"\"1823afdba46d1daf\"","dc3_server_salt":"\"2dbb59df272291e4\"","user_auth":"{\"dcID\":2,\"date\":1698427366,\"id\":6338050747}","xt_instance":"{\"id\":15349194,\"idle\":true,\"time\":1698427383253}","dc":"2","dc4_auth_key":"\"0c3316b26528a659dd991a27bb5faf4a679a7ea86cbe42438d5a241f2fc9f7b1bce4162c6d001bcdeb1f048456a97b19cfaa162c8a20b43dbe5cc6911c1b23d4deb46e91781827296bcceb27bff278ffaa5bde1738fdd3fcf5e0be9ccec2d85d6225c3a89a92f36283066bb4bdd5605a4c1815144e008fa64da338bae26437655f4954c6be7aca0170a541df9a9e47c1c9baccd621beb017aec476362eae2f0423441a1aae3bc646965d03399db8cac6ac48440dc395aa7e228f8e8976624de1c39db851a0ba73f0fecd85061925899a517867309ad8bac4c3a468f9f8f074014ca28fd90044130defc48d4ef4983093c383906386574bb19ec58b2993505cf0\"","":"","dc2_auth_key":"\"588c9da3915a0136437c732956305130f863289d4f84d6ea366fb7b3b455ec4372c4b60fa0475d59580ab95830e30fe691109e39fd29717da707c5e47cfb0db7c87f50e977376b7377a2fe1dd0d2146b86a16da106a48660931519ff9782e2fe184bf09a5548f85bbcba7ee9b1cff7f545fc60cd6fac331b645b31b27a78b3a20de4db1f2a6fb391a249f93760099309a24a3d15e282aaae2d152227a3efc20c9fb9ded6b1780e1c7d7fd78b55d11439be736eae16ab40a07001608f9ac711d337de555925f506a2f073f9fc05d5d7eaa0bb89db713bc8b384a064b5a3d24b474c1ddad7ed5763169c00ad834eb33d9156bc668e1fe4f71e07a3c4e0ccb45047\"","dc4_server_salt":"\"5d0b1ea38a004114\"","tgme_sync":"{\"canRedirect\":true,\"ts\":1698427367}","server_time_offset":"0","dc2_server_salt":"\"e2fa4006787b9938\"","state_id":"1166517232","auth_key_fingerprint":"\"588c9da3\"","dc1_auth_key":"\"62d4d36861283abddbc8a00db50b491fa6eb489738fdde157b1eb02e3e96df946638d268ce1f38a34817cbe7eb0d3fa56b23428aa93009d4514734c4ec89ca3b3b7200babadc3fcc52c015f17af7027a27c24bd4ce4b087214929e5f87cea29f7fa64de79e942f703439c8f8377b3b53642fb3860404046e867ff17a5fa7d0660e4b1860970e2bb27156ae9c3af0ec2b08676af09323d5622ae8c836a86ce971f554f9ec7bf203e7d420134d3f8f88fa01bbcb4a0bb9b33e5d394391cd3f9f72209d8282943234aecab4341c7b3903ed80a35abf4ae9e93e801eaaffbcde737f5c06c89a5a398e25a87a8a17b85743847c624a4055981d5646337c2ec1be46b4\"","dc1_server_salt":"\"e14bcf16e042075d\"","dc5_auth_key":"\"62ce33c115d8ecb78135785c4f9ae42a90fe5a0bc41161b6883e82aa82bdd24f15cdb029a0c1041f74f68f892f6c6da2bc1982181fb293f6d05cd3d37dffbfaff669f6a1544d51defc77828ba54bbd0c67d7e1febb2134ef581d1a844c295101213d74783adc7d445117a43f0e0b555a9b8258e6b818e46ffff1db363304c4af8d40fbc83fa6da931aa1869448c8af4ee410e84d9fd95a33d5cbb1a84e216ebedb1f402da4ab0dbf3d9ce55447d29e2adb14b7f5772e2f61e9cacf3f8328b6175acadda3c13a4da5682ab827e4d6b812b8724b4f03208deb8f7c101d229469ca19dbb40bfbe3061be7bf621e4c0d853f4ebbfbdfc3082fd67455e6402f5704cc\"","tt-global-state":""}
VM40:1 —————-
undefined
