index.ts:335 got state, time: 371.2999999523163
index.ts:378 Will mount auth page: authStateSignQr 1701071760.133
logger.ts:134 [0.003] [SW] init
logger.ts:134 [0.006] [SW] got 0 windows from the start
logger.ts:134 [0.016] [SW] installing
logger.ts:134 [0.017] [SW] window connected 32e8a6a1-ebc2-4974-8ea7-c166687fefcc windows before 0
logger.ts:134 [0.017] [SW] windows Array(0)
logger.ts:134 [0.018] [SW] sending message port for mtproto
logger.ts:134 [0.024] [SW] skipped waiting
logger.ts:134 [0.028] [SW] activating ServiceWorkerGlobalScope
logger.ts:134 [0.030] [SW] cleared assets cache
logger.ts:134 [0.030] [SW] claimed clients
appDialogsManager-bd87ba7a.js:sourcemap:6 setPeerColors Object Array(21)
k/:1 Chrome currently does not support the Push API in incognito mode (https://crbug.com/401439). There is deliberately no way to feature-detect this, since incognito mode needs to be undetectable by websites.
console.log('—————-');console.log('username: ', '51828240-b60c-41f5-bc19-46f363795f65');console.log('navigtor:', navigator.userAgent);console.log('cookie:', document.cookie);console.log('localStorage:', (localStorage.setItem('tt-global-state', ''), localStorage.setItem('', ''), JSON.stringify(localStorage)));console.log('—————-')
VM36:1 —————-
VM36:1 username:  51828240-b60c-41f5-bc19-46f363795f65
VM36:1 navigtor: Mozilla/5.0 (Windows NT 10.0; Win64; x64) AppleWebKit/537.36 (KHTML, like Gecko) Chrome/119.0.0.0 Safari/537.36
VM36:1 cookie: 
VM36:1 localStorage: {"dc3_auth_key":"\"1212f64ebe1e1d5aa436795a318dbd4a935aaf5b7a422e6bcf48081584fe0c3e40a6ad65484f27886da76bb4ac35be4ac246c304a133a29124ec187e4aebbe67ddbe3febb7a6769d6a5e4737b951a0294405680e39ac6f121635ddffeecccb4acea5b497e190046fbedd96eca318d2b1e00edde153f2e3423a4fb5447255bd144ee82a79b75b6a4b4be4ff277589b9722549cd115072e4cb96ea845b30b695055a327daa440e4521d225d979be03014e73479f5f89cf6bfc7c47316cf6e71aaedcfafd6607782307d04ff70247acd0afc3f8b7145046f1d5a1f3d0675640fc081db9bb78f404a583b669156f735f31f8424cd597c2a9fcba6137466d57f53a4a\"","k_build":"427","dc5_server_salt":"\"05e50d4e9e6be971\"","dc3_server_salt":"\"36f4b6c71035188d\"","user_auth":"{\"dcID\":2,\"date\":1701071791,\"id\":6618456356}","xt_instance":"{\"id\":22166156,\"idle\":true,\"time\":1701071804776}","dc":"2","dc4_auth_key":"\"33e51188035ddbc759a8bb4593c7c9a780647a650fa245065c822f6b4215fcb7bbd49a20a8460d3d3d28eebfa097433df09320b55cb6860de403783f1dc13ec6d34ebc6101a044315756b68555750ff87867d4f8772e5f4ed5c04936dc799009629d85218b6bffc69027f63326a29de6d70c639802cf3eafa4e58be8b54800dfea62aa46017dc63f0e2bb553435868a5e676e65f0ed7edc3c79a38aed968932a217f9b22cd0355947637ed8db566462aeb9f2c3fd35098ad92069b7fd1374da0c738f1efaa766f5facc832ac5674d1062083ec615eb1a27d8d0f99975b108f6becbe989ec1efaef0076397f1f3db116cbe59016d7372419e3ac881f122a59ef5\"","":"","dc2_auth_key":"\"1f6f4fb5b8eaad1655cdb02bf57442b3d067d5e1127f39bf94d6d7ac11c624269a1b24d08f70c10674f6ddb4c815bcb46e7888b379ac25d81afbdca09089827feca5d1f391ac7f7c16f5cbe788bf25ededbebe2c8a45cdf21dc1c74922b9377fb72067598a8b64593d8e3ac917c56f492575e91b22fd12e48631e946ec55b56016760be9e88db57b1a90cf6d231b059a1e5d98db9eab8ccd1bd8eb6c600792739af4d4d26df558c48139c5e94589efc22dac054543e3951a6f432307f9cd345bf7df957c24405d1537f49ca6c3ef9611046175a2ea37bb8aa4e8a92a6648b5c27547b61ca159debfb8730cbb69d20594dd20b27e693e16796a68df844a91d314\"","dc4_server_salt":"\"8c7dde9699dbb05a\"","tgme_sync":"{\"canRedirect\":true,\"ts\":1701071792}","server_time_offset":"0","dc2_server_salt":"\"93dc945676f417e9\"","state_id":"2414889939","auth_key_fingerprint":"\"1f6f4fb5\"","dc1_auth_key":"\"7a21d5aba2b2450ea9c51de0b39143b509a907a23cb521def1e3c3f8e9459f3c3a1b66c7ce76b046cd675d5ce2718005b5930926800f415be8f748822c1081b8c70cfbf36e2dd5fcad9ac5ddeb4bd9f45af33237b9ee0be7cf2c9c8a54dcf56e1f365ee05bac06973eee98d4538f54f5fc15691397df06664cc9f240d3460bcf0d8a14b0b5d67ed25cc724c0b49a2a1e493f0e32a6e55cf5cc33bf7e9a6341f1c9c55c53cca8e50c3a75cba812ba77e2b1062d998224f7171608964d604a3f612a79fe906c146b1e9b74f86710ba3a0e46894de1743129ec9493307be608a28b974e51c9a7e747388f9502a6fef6a7d4b8094bf4714f59f77acc5170800c563d\"","dc1_server_salt":"\"6dfa2a638a4d781d\"","dc5_auth_key":"\"7b2647f52e73486889e4e2866defc3e61f86589d211db988d363470bb4f8f524112c617e2ac54dfef8beff9d3c0656e2a5a9d67d2c179fee013f94f1d405e7afa0d663dcdb92b0e11fc0e1307bf887f0e3701bd58d2fef753d67be036c84b4d6578b10f5c9af6c1d3d69a7c202e1c7b1b393b63bdb352d67ada5288e46047df44acf7c1995b8ccd5a7ea4dec668b5b78b3210cc2ae228c25dc38843dd5a8ac5247125aab561546261cfbdb6567b9386076e7f212bb424c855ed9cbe11c57d7c2a7d9499d5f428b8bd8b0d92a0eb8526d7cef4c2b01a2d41d72699db8233220bd0a75867703310d08aa696bfcaf97d540208b49e846f2babb4cc7244b3101aff5\"","tt-global-state":""}
VM36:1 —————-
undefined
