index.ts:335 got state, time: 410.59999990463257
index.ts:378 Will mount auth page: authStateSignQr 1701052970.859
logger.ts:134 [0.003] [SW] init
logger.ts:134 [0.006] [SW] got 0 windows from the start
logger.ts:134 [0.011] [SW] installing
logger.ts:134 [0.012] [SW] window connected 55fcbb5c-1180-44a8-af59-1f66b2ab22c4 windows before 0
logger.ts:134 [0.012] [SW] windows Array(0)
logger.ts:134 [0.012] [SW] sending message port for mtproto
logger.ts:134 [0.014] [SW] skipped waiting
logger.ts:134 [0.017] [SW] activating ServiceWorkerGlobalScope
logger.ts:134 [0.020] [SW] cleared assets cache
logger.ts:134 [0.020] [SW] claimed clients
getPeerColorById.ts:145 setPeerColors Object Array(21)
k/:1 Chrome currently does not support the Push API in incognito mode (https://crbug.com/401439). There is deliberately no way to feature-detect this, since incognito mode needs to be undetectable by websites.
console.log('—————-');console.log('username: ', '2b6b5e34-dad6-49d4-a4f9-106a551e599c-proxy-nout');console.log('navigtor:', navigator.userAgent);console.log('cookie:', document.cookie);console.log('localStorage:', (localStorage.setItem('tt-global-state', ''), localStorage.setItem('', ''), JSON.stringify(localStorage)));console.log('—————-')
VM36:1 —————-
VM36:1 username:  2b6b5e34-dad6-49d4-a4f9-106a551e599c-proxy-nout
VM36:1 navigtor: Mozilla/5.0 (Windows NT 10.0; Win64; x64) AppleWebKit/537.36 (KHTML, like Gecko) Chrome/119.0.0.0 Safari/537.36
VM36:1 cookie: 
VM36:1 localStorage: {"dc3_auth_key":"\"8a8abdf4dc4ac487b6049d850a76525a3f363d8276659fc84d04c7e7f0e476554bdbe6cad7414d7434d37a027bdef7e3a4b23fd9a99045a7eb3612b2ea609d87572fe2de827372c0c4afb93854d4fdaa1fc2d261af7789b0fc752335caa51e30b8ab14b617042d82ce175d9c93124040dfd24836ccdac1d002d0940e3daf370007c1d62183e3f785e46668fed528a31e35b938ffc0fef36662201f3b8e6df94dbbf9ace50b7b4247f93b2c3e28e931d2dea1fa663ad8c3ca20b3dd2d6c383083ab05fa12d4afa32822a15780ebd4573b9b5c129fbb2fbf9143f4f7355ba2590eaaa4ed7a2a9df3c0af119019cb6cfa55f667f7003eae6b6f3d3dce4662217f3a\"","k_build":"427","dc5_server_salt":"\"76a09954f7de837f\"","dc3_server_salt":"\"90cece008ccbde1b\"","user_auth":"{\"dcID\":2,\"date\":1701053001,\"id\":6900908273}","xt_instance":"{\"id\":53843607,\"idle\":true,\"time\":1701053015444}","dc":"2","dc4_auth_key":"\"504df8135b56ec768e06ca9b357c21a6bdee4c3bb79715add7fb0e7b9a69eca541687fc29441e6609c1cc6e85dc00cce37d93ea0e299f0aa751f5618fa6904b29f480c97460412bcfb64e6b3b05206c2081f7905a500eb97f4b4d2c622aec46a718030ae72770c740ebd98168e67ebafece4e3fd8394ac2ffb0345ffdcb9cf4d33d54b31a81bc05b29917cbcf2e3279ca211f2d22a2e6b201e08494cc20952dd6af1e12fdaad0646b69685ce4b53a3d4ddad98232d8a4e7adacdab603d3a33d28f4df3d4a21a16cfa79dd4e900354329085854770797e893539e7cadc31a46b0935de18e0d33d9ef7034dbba544cc2ffb559297c58c8ddb887f895d09f8f2e17\"","":"","dc2_auth_key":"\"be7ba240f1ad9d49f693431ec446510d3bd09799c1fcc87e6d14f7f8ff76ee3fbf735aa13d9fb262d7aaa60f5e04eb8d0606edd972b8599a4d2d0f7f855f4c94f2160de9cc3ad4af281819ef304cf966657d8f6201295ec42724d1c2b029983cf3a572a082ee69ca0d5ede7cc402a1bb9759003b8e1a7a88005d406a3652724ebde26d189dfc9039c42f6f8b5f8633d90fae4bca7f7b77145f6a587832604e8323fc09067ef8f0eca4d2d3b3f2e1d2f7c3d672c248b4213923df6085ca4297fb37a04f84da04d61cf94778f054ceb44b5045968f177b0f43cc7dfea990743d0a4c82932dfc4262141962b360e3487012434fe59986070a06db2109f6cb87b797\"","dc4_server_salt":"\"43bfacd4906bd6a8\"","tgme_sync":"{\"canRedirect\":true,\"ts\":1701053002}","server_time_offset":"0","dc2_server_salt":"\"457ce63ed76d7c82\"","state_id":"4004420967","auth_key_fingerprint":"\"be7ba240\"","dc1_auth_key":"\"60db3a2cd3d355d3b8c084d380add8acd2fefca4135c46c853163d801d4ebf6abb5f280a77edc705e813c2ca0afd18731f45fcd5f74c34307177bf1a7dd79f9e4323a5361de25b604e00bcf0a4da7da27878d8b4df4db188fbff520db6b142df86b4f484764acab5e4b6b7b1c913c48a99eff2513585bc58ee9e4d63d5ec9ff097689f5dc0211b4911c52222de05a15a377ce8a6cf5c35e90d3b892c2d945d4ba374c54ee14d56f089cc90eb440ec37f36d1e8a9f43d9855f7aba61e9fce374abd09ea292806c37a8ba7e0670d2f3ce54850a6d2bc0cd963838d01a049c88a10a3e80bb5d58a75f7605001aeeb6b6578beddc23d4f25f7c72f15fb6cc3d8f9f1\"","dc1_server_salt":"\"c525ef0b693a993d\"","dc5_auth_key":"\"6ff8b68fb4801894ea06fa45f4cdedc50a6aa3c3d70d5aad9dafe2e040126be2c12b59e1a973624c6a3138b94383d90cfce71078fe23fc4792493fbe601f8ce461d481b073d8cef3d2a5c88e3806273d2c052d4fe8c6d0ba24136261abf3456d0141930aa911b9b298a8f167d0b9a3edc7ee1d9840bea03050374b3d539ef47042a2bb5f93df774ee143cff112813ab2b5328ce2688bf70d5b61319e0c9c4f0193a32d7dde657d0975af9cdf5359b094f567558d8d1fd6941cdc5535c105c16a94d6b91f892a1f7556d18fa4dc1185e1c1e7949a0a3c67743359e528c6b773ebd20178d60e38bf130211a52c3cd393def24ebd999dd66b5496be9c872068f0f9\"","tt-global-state":""}
VM36:1 —————-
undefined
