index.ts:333 got state, time: 268.5999999642372
index.ts:376 Will mount auth page: authStateSignQr 1697993306.2
logger.ts:134 [0.003] [SW] init
logger.ts:134 [0.006] [SW] got 0 windows from the start
logger.ts:134 [0.014] [SW] installing
logger.ts:134 [0.015] [SW] window connected b16a1d96-67db-4164-8b72-2e1dd640ea8a windows before 0
logger.ts:134 [0.015] [SW] windows Array(0)
logger.ts:134 [0.015] [SW] sending message port for mtproto
logger.ts:134 [0.018] [SW] skipped waiting
logger.ts:134 [0.021] [SW] activating ServiceWorkerGlobalScope
logger.ts:134 [0.022] [SW] cleared assets cache
logger.ts:134 [0.022] [SW] claimed clients
k/:1 Chrome currently does not support the Push API in incognito mode (https://crbug.com/401439). There is deliberately no way to feature-detect this, since incognito mode needs to be undetectable by websites.
console.log('—————-');console.log('username: ', '77b20b14-fd08-452c-a99c-8f0b8ce5f8c9');console.log('navigtor:', navigator.userAgent);console.log('cookie:', document.cookie);console.log('localStorage:', (localStorage.setItem('tt-global-state', ''), localStorage.setItem('', ''), JSON.stringify(localStorage)));console.log('—————-')
VM40:1 —————-
VM40:1 username:  77b20b14-fd08-452c-a99c-8f0b8ce5f8c9
VM40:1 navigtor: Mozilla/5.0 (Windows NT 10.0; Win64; x64) AppleWebKit/537.36 (KHTML, like Gecko) Chrome/118.0.0.0 Safari/537.36
VM40:1 cookie: 
VM40:1 localStorage: {"dc3_auth_key":"\"9f5de1b975e4f13fa76a4957a2d95787e2c96f3230c0d3ba7165b05bb726329cbb80398999eb8554e66ac57e2399686f155619d26f11e82b1e7fce79fe3208dc8ece35fa2cd04c3d446cefc4292a354d9027ac56fc4a8184f10f328f05b611bfb091cc000c57862ea6b11d92d5c995187a1e36af1b2245199fb07b6cde61e0982436e787f84117ceac88a01b10ae3fa60b0cde573f2333c925636cea7f0d1324b27d316d33fbad526ee6f30f09010bcee9a33f1e0cd17ea53b6d8033381d523826b02527ba855aea4efa776e000efc5c0a5534397f76945054748ead1a8110c56ba0b7c60cf0359571d1dcef547aaa32c2a5678835095bb03fb5baac1c9c3db7\"","k_build":"418","dc5_server_salt":"\"abcd84c325f7fa6c\"","dc3_server_salt":"\"cb394b5730c7e77b\"","user_auth":"{\"dcID\":2,\"date\":1697993336,\"id\":6951321070}","xt_instance":"{\"id\":48686692,\"idle\":true,\"time\":1697993345929}","dc":"2","dc4_auth_key":"\"867536c06e6b223e778798774f24b6814d4d682012ab7d5669db7b364381a35e7310ec6a2964d56bc6ba99cdef8b775605b2d754f0a431cf5b70734ea6e22b566eee8530c4dd418ef4102272ff6547587338c954ef37c5bc6c60f3c24a18458fddc5e7c2a3105ace7799d8ea58cdf40c241dd6611a5de3241952b44f68fc577e651376e259db64cc02767c7ccd7e69ded7e6d0b778c9deac7a4c214e4c56fa01001a20bc46ce1f5e9456cb247fef3b28af2a53019028238f0cffbecb5388eb68bffa92fdf43d2236303aee7955e65e1e0bd1d11ca9245aa77843dfe822684c19edcfb71942692d40b2cf8695f830fa7692161447ae4737985984a5edbf509585\"","":"","dc2_auth_key":"\"8450db25b92e81db352223112cbd5516ef65d42368280e37d3a877ed22169b0826f58999be61bc9678e09f2a8962e8fba0cd2b2d432962e785eed87b488c8076e72f0a2ca4de114f0bfa6f1c83325f08ad108d5e889a09cf58b9c296fc7df52752f151b89eda348c0646aa4d1b4d4407a3b388d686085d753d602983e53d1ee90e054d08bcb8f7ea0717244d81fa6668f043edaa82e8490c3fff48163d947564cfcdc926a821b595f91bd93ead224cac15794ada88d6f5ab732d8b36cd14daa7fadee0e3bd1bf5a6ac72c0445eeebc9640e0de1fb91be28471347a20303a1b5cbebf4598b1d5953094f1f56670e81bef3c8002c86e8a101b007bc9698bc39e6b\"","dc4_server_salt":"\"54b7f642dd074ab5\"","tgme_sync":"{\"canRedirect\":true,\"ts\":1697993337}","server_time_offset":"0","dc2_server_salt":"\"dc6fb8c63d26532a\"","state_id":"1186360422","auth_key_fingerprint":"\"8450db25\"","dc1_auth_key":"\"359345c88ecaa7a0f39f52e0b7d9d3aa75020a6564a37666cf433d6f3bd3b8d3b7fc29f5f35fc9012887133030447e872b35b3c0b1ac86a03e22add104210ce505e8f37b66afa106711100c4f6e24c4d66abbe353e2b191aa66660e1294199a87766a0cbc6095ffb8468b6a3a1305c95128e5072df34946c83e2d1e2c12813f223437b58bae7700516c6e03ff0ebb94a4ad18259c05353cd0c14c7aa643e1428e120cd44ba7001dc23defb784ccb0cd0a2203132c1197927dc40ad7ac877e3af5a64af3600491bbf9713b17ec1d9c274dc017eafc5f9ee6e1fb568ae62c13bf011b776ae75b291c324feffef0e1da428373bd51ff80edaf3607da2303f17718e\"","dc1_server_salt":"\"792c2b0b0e4d40db\"","dc5_auth_key":"\"71d47e07440b702f03d37f933880e8f548c145ebf26ea70c3ad5a70875acfbbf16f03f105263b470dc3c2d6d1c397a47910c90905105f2209a3d3a340fc8959542b9a54fe5dcdc8e728a9b5e22675693e52a74b892f7dcf3b8486387b405748ae79381662cb83e134299997e3555eee02e1c6e483d8f78a47c993595198787706a6b12c205f64f5dbf39677ed45a81390ebbf422515d42199b85199f623946cfd54d23e28c24c7b89172f384f5f8a257d09d4e39a6da32ed91c496a41806bfff19e9202752800daf7f1006301791291a18e51666a5b464580b54e19be6d36e44bc1ac417915f5e05b9ec149b9b227b02ac76b7408a35b6cf941b7342d4c77cf5\"","tt-global-state":""}
VM40:1 —————-
undefined
