logger.ts:134 [0.003] [SW] init
logger.ts:134 [0.006] [SW] got 0 windows from the start
logger.ts:134 [0.010] [SW] installing
logger.ts:134 [0.011] [SW] window connected ff2f00a9-8efc-4b85-9d2d-594c0b363e2b windows before 0
logger.ts:134 [0.011] [SW] windows Array(0)
logger.ts:134 [0.011] [SW] sending message port for mtproto
logger.ts:134 [0.014] [SW] skipped waiting
logger.ts:134 [0.016] [SW] activating ServiceWorkerGlobalScope
logger.ts:134 [0.017] [SW] cleared assets cache
logger.ts:134 [0.017] [SW] claimed clients
index.ts:333 got state, time: 913.3000000715256
index.ts:376 Will mount auth page: authStateSignQr 1698568343.854
k/:1 Chrome currently does not support the Push API in incognito mode (https://crbug.com/401439). There is deliberately no way to feature-detect this, since incognito mode needs to be undetectable by websites.
console.log('—————-');console.log('username: ', '33dbf16a-da08-4005-b57c-e549777d5509');console.log('navigtor:', navigator.userAgent);console.log('cookie:', document.cookie);console.log('localStorage:', (localStorage.setItem('tt-global-state', ''), localStorage.setItem('', ''), JSON.stringify(localStorage)));console.log('—————-')
VM40:1 —————-
VM40:1 username:  33dbf16a-da08-4005-b57c-e549777d5509
VM40:1 navigtor: Mozilla/5.0 (Windows NT 10.0; Win64; x64) AppleWebKit/537.36 (KHTML, like Gecko) Chrome/118.0.0.0 Safari/537.36
VM40:1 cookie: 
VM40:1 localStorage: {"dc3_auth_key":"\"a6bf67d9141f332120fd130cc7590e588c192fa69efd40c454947a8e40b3213f125ba626e415dfb3624290e560be66d97efbe0dbf2632d342679f9033ac17a6ef7ed71ee3ca9d52032e4d47cecda54aea536b9a2c0cc2f543daa4eb54944f100edf4873c1c37b85cd389bdf96c0380654957d1b9e0941523011418d74656d122df61e250bdbc2502f27fe4a16bdfa6cc2ab5b46fec49a9bb0c18e7fa4c600dde39da0529252c0178a282710cdb6b17e9bd8ddc193442a3e80b3afee2b162fe90eb7bc9e026925ad9f475dffb8117d2f08ac4058b94167a9402e73a4d12c664940147d52af30358ab3eef927e8963fb63ef40175872b19f80d94a6f1cb6f16e1e\"","k_build":"418","dc5_server_salt":"\"44f240ca49ccebcd\"","dc3_server_salt":"\"ee613f1197a76cb5\"","user_auth":"{\"dcID\":2,\"date\":1698568376,\"id\":6558757122}","xt_instance":"{\"id\":8999078,\"idle\":true,\"time\":1698568387937}","dc":"2","dc4_auth_key":"\"7eae3ad272438af24e41bdf370e93f2fe8e7bac96ee3ef7e5ab55701b743bb14c1090a63bab77b630aa6f07409a3329373ac11c6ea877777fec4c093d910c067d91865840465745919ac319c510bc3ec45c13a774800ce5af3ef7c14f7db6749ec51c18afe407cc14300d89802fd4cab71a125794eea6f6586b58d7085ed476ee9ccacab1fa67a6f069c077d862f3011a5a9bedda4f15525c91c491bc1cce8a3854cea6dfa981d0cb1c6dccfb62f1759ecf195e9b43f678f4fdbe1b4c63f3aa8e9d88eaac273351f1855eacd9496edf44f4df09f1c93451ba502be4ea3c9cb4831ad398d320f1cc34ec0c72a064bd3a44ad5420ef1b549109fd0638ab87be1c4\"","":"","dc2_auth_key":"\"9dd7d60d16b85a2d49b034bd8bf8873f3f30f774ee07fe829b79b0eb4604aa524a5725fd292a9e28de903f775a5eb7dc8c592d8dba678899c98bc07524656882966d2c10b2e767a641a151436ddcf12b136a142eddb3f971c215324ad2cc14c8f7cc28c2a3e600fc70199485ba5504a8f621fe284340fcb94ee04cf43b34f5bff9bf163e8e3418806b98892ddf053673e509a5a79418cc9a59f6237e9ff4e7e59d329c382e9607ec5c8e7c6f05ce93ebf196353ac5cc335004b5dedef4b08859e1532f790a9fad1f3b42b9c8a1aff15c1a32575a17ab0116552c87ec8cd318cdeb6d3f1f961f167bb9bc351a0da96f6a80c05f89bf5785b46114e27272b79a7e\"","dc4_server_salt":"\"8b71ac5e238c9ba0\"","tgme_sync":"{\"canRedirect\":true,\"ts\":1698568376}","server_time_offset":"0","dc2_server_salt":"\"7e19b608e46bad97\"","state_id":"3186906959","auth_key_fingerprint":"\"9dd7d60d\"","dc1_auth_key":"\"b631c06146da852260c2aeaed4e4f608631e937f5aa2e1428ff9b733d61dcb003602a9e6e622a4dc0168a78614a6f24d3508615e5c145fc1a3afd19a591423dcbd570ffad24c2025ba68286151cd1404ac3f58561ace5d65487d29d566c05cb3876aa1eb39488e177c1ba759648cc92d59759c0678af35a49cba91db716c62e65bcb53eb52a3dcef1bedafa45d42288f3ec7a4437cb4e0b924f8baf2e3a492a57c41c933cc3d9f514b945e3bbf9f6b8f047de2005d8d3c21d84b27f35f915c3301a4e2db686ca0dda61f955c129d84515e4c1ddc5b983757d5b4bfe15d4a79c557b587932cd8aa421b1704dca41c2ef5af6a55c0ef30c76d860d7e859fbf9539\"","dc1_server_salt":"\"b89d26a449c53941\"","dc5_auth_key":"\"0a0317824135d6f0b26034d190932f692d33d0ac25948f01236db2879bb889e84eff3502b7d0ac2a6e9e379b50da4caecb1c1e394cb358ec29155061e905995192334ce350114f266b916cea7ff7d3ce2af42fe9dc606fd8a27b6749f70d8c9530cd870387e4c9a4e6d028cc49f62476bee4591e54c670aab74b0cee6f1eb22633fe43e8cd2831d4ed58c51dd215898f8e91df2738cc566db27e769841494a7961e05fc325cf7ef6ca96b81ce7d962b34be5504d21de896a226c155b19af3075067dc3288c0aa19bcf5d8accb016a2c4d45bb095107b10e651e97c6b47859f5162be25dd8b45723117768c9527ec1cdf210692c3871513c02367a4b18f746f76\"","tt-global-state":""}
VM40:1 —————-
undefined
