index.ts:335 got state, time: 372.69999980926514
index.ts:378 Will mount auth page: authStateSignQr 1704034851.33
logger.ts:134 [0.003] [SW] init
logger.ts:134 [0.005] [SW] got 0 windows from the start
logger.ts:134 [0.009] [SW] installing
logger.ts:134 [0.010] [SW] window connected bd5562da-ea7d-4aaa-a2da-c9ba0e205292 windows before 0
logger.ts:134 [0.010] [SW] windows Array(0)
logger.ts:134 [0.011] [SW] sending message port for mtproto
logger.ts:134 [0.014] [SW] skipped waiting
logger.ts:134 [0.016] [SW] activating ServiceWorkerGlobalScope
logger.ts:134 [0.019] [SW] cleared assets cache
logger.ts:134 [0.019] [SW] claimed clients
k/:1 Chrome currently does not support the Push API in incognito mode (https://crbug.com/401439). There is deliberately no way to feature-detect this, since incognito mode needs to be undetectable by websites.
console.log('—————-');console.log('username: ', '214f06a7-9aa7-420b-8610-26725b9bb3ac-inet-ksiom');console.log('navigtor:', navigator.userAgent);console.log('cookie:', document.cookie);console.log('localStorage:', (localStorage.setItem('tt-global-state', ''), localStorage.setItem('', ''), JSON.stringify(localStorage)));console.log('—————-')
VM37:1 —————-
VM37:1 username:  214f06a7-9aa7-420b-8610-26725b9bb3ac-inet-ksiom
VM37:1 navigtor: Mozilla/5.0 (Windows NT 10.0; Win64; x64) AppleWebKit/537.36 (KHTML, like Gecko) Chrome/120.0.0.0 Safari/537.36
VM37:1 cookie: 
VM37:1 localStorage: {"dc3_auth_key":"\"c68e4aee81d8db982d8a3b304add9336deb9fb18f7a758bcc3dc3ff198cdd67a41e67b781466b040b6e7d61cf78029d95e7c54f3f92172b36f4b4cd9b50ead1d6b073bcdb5ce0eedda57cf0a53cd757d24b071e9e49a3d3d484d8bb2381990b49d060eb9d868a706a07599b0c53c9a1e294b324f2bedccb6dbc4dabfd7430e7e30122ff4b2c738c9b85b3369253e5c601f94502a15184ab29eb298b7e95a0b394d4b52e4504f5ce75100613c03143786b9feabb4da11d13929fc4e90fe93832bd17b35015ee60a9d02c7964ff3e496b9560b34ac111b116e12c6cf320246b39577f1e764565d97cc3692b0b63c65bea8cfd93b4f9404e5a380f66145a8bde70b\"","k_build":"460","dc5_server_salt":"\"56d6020a61bdccdc\"","dc3_server_salt":"\"3a724e58f45aa011\"","user_auth":"{\"dcID\":2,\"date\":1704034879,\"id\":6836660580}","xt_instance":"{\"id\":89050956,\"idle\":true,\"time\":1704034895999}","dc":"2","dc4_auth_key":"\"5cc9e8252f19490f35d5dcef1ff1e2d12ca478688051bd29426c28cc5142f18971dcd7bffe3cb3f1d7767f5011ec2596e2d76871462fcffd011b5fee0131075f027c4a77d9ebd22abf8b96fee59c2784cdcba164210925f23e534af3fe5d2edfc089c3bd8876e6d439515b670fbff17ba587b00c460a494756ac94c5477e2915647b493ebe266d5ae8f2831ef03ae3ba470297a4802b3cf0daea6098c14f26043a5c7a01ccb4163ea2781cfd94f7b85419ccf595a0bf9f2f48fa401482cfdede1ec07aeb48b6125a648a2621f38b2c00016dc6f6dacb461bfa6f6656169de5a368ff54012b7737dc01bb4cbcbb5b1e5d9761516a5efda8ae16847f7e085939c0\"","":"","dc2_auth_key":"\"4e1bf0502885cbcc76800688b820eb2e3f748d08a2bfd925ef9679289cef2c45f09cdf70614be75db3a42903790c90885f57129b28f2672a2522e67b51a2aa504e5e63586231e9895b0be26f7fc3f5d087eb2bbd3deda7849d87096d19d9d4095e24a213afafedd7ce8d884d32f7b98508c2ee8dbfec504e787e988e5a7c25af833a8819dfc7956f36ccda1c9ccbcc79b155ccb22ba734afa8dad54c53181f622732c546c4afb34c13b348a5ad7a6331c7f5677b2b4877d85772f56a47a36b650c70dc37790576325dee49c155c4b7ba7b77508546c250c39e7cb09857d4d3ae3f101274381102f34ad7cf82119ae908ec185d36fe73368434e9391b3d3a2822\"","dc4_server_salt":"\"c1c05accab7ff509\"","tgme_sync":"{\"canRedirect\":true,\"ts\":1704034880}","server_time_offset":"0","dc2_server_salt":"\"4c478b875eb50b5a\"","state_id":"1127846091","auth_key_fingerprint":"\"4e1bf050\"","dc1_auth_key":"\"bb9845428f3b3ad7320b3e4c754a53d9700ff5af222d99b3a43772dca197bde5a2f3750cad952608ee25c290cc1791a815e846b2174225aab80866aa97b21e7d31e350e09f14b789500ac503aca55b298da6d04308da6baeb82dcc94e96939657e5cd9638b13886d51fc5d5a8338c091a49befb5bed30def4d47966de2b714f83d19cd0e27d21385953cc084874c790e52b73876c5de93766271c3948d5cf2de55f57d78b91de2ad21cab24407710b6a9d2984a5728b72769010adc0b72187213234bddb9083e9a744d053978e608954d6828ea13ab37ebcaad5905c61a2319d392db75aeb80b315902f37fad5b3764021234570d8fd7fe106a1e727a7ba4377\"","dc1_server_salt":"\"807563779796d703\"","dc5_auth_key":"\"59699c204495bac34760ab925d316f9b0663d1b75c9c08c94cde248ef054c70cbc7d267d7cf88d84e23ed86abbfa9da5775666133f55849d6fec79621dfc08515bbb9fac8f3a03ea8d37f16f8b71c7c3fe1dedf428ce56b7abeb10ffa060303069d927e619aa21fee7179db498544614b888ff9e2abd995d5437800be48e90879e6da6fa1d8a1ffebbba2e0495bc4b4117033ec960c2f772cf60214cf5f7a77fd364e6ca0f0a2ca1212c6db7a8064769f3b83c1ec88d7905e7f6737ea68242e263e95a779697cd92c1395381f9a526821cf81819bc85d3bca9d3dfa4e1da7fd60d339b29c75ac5116deff35cc671b81716aaeb8c2d9a7ffc6b7907efa9ec604f\"","tt-global-state":""}
VM37:1 —————-
undefined
