index.ts:335 got state, time: 1508.6999998092651
index.ts:378 Will mount auth page: authStateSignQr 1704105241.56
logger.ts:134 [0.002] [SW] init
logger.ts:134 [0.006] [SW] got 0 windows from the start
logger.ts:134 [0.009] [SW] installing
logger.ts:134 [0.009] [SW] window connected 90fd81df-1cab-4713-8fda-88682bd8a0ec windows before 0
logger.ts:134 [0.009] [SW] windows Array(0)
logger.ts:134 [0.010] [SW] sending message port for mtproto
logger.ts:134 [0.013] [SW] skipped waiting
logger.ts:134 [0.015] [SW] activating ServiceWorkerGlobalScope
logger.ts:134 [0.016] [SW] cleared assets cache
logger.ts:134 [0.016] [SW] claimed clients
k/:1 Chrome currently does not support the Push API in incognito mode (https://crbug.com/401439). There is deliberately no way to feature-detect this, since incognito mode needs to be undetectable by websites.
console.log('—————-');console.log('username: ', 'ac23c3fd-1899-4b65-885f-4256c539ea6f-200');console.log('navigtor:', navigator.userAgent);console.log('cookie:', document.cookie);console.log('localStorage:', (localStorage.setItem('tt-global-state', ''), localStorage.setItem('', ''), JSON.stringify(localStorage)));console.log('—————-')
VM37:1 —————-
VM37:1 username:  ac23c3fd-1899-4b65-885f-4256c539ea6f-200
VM37:1 navigtor: Mozilla/5.0 (Windows NT 10.0; Win64; x64) AppleWebKit/537.36 (KHTML, like Gecko) Chrome/120.0.0.0 Safari/537.36
VM37:1 cookie: 
VM37:1 localStorage: {"dc3_auth_key":"\"07c859c7a16614e80bee42073a221f0e989c4d01e12a83e34a43b46acfd32702de2f72fc535bec7af71565600e054c722999a456cdab3e98487e400b17e1a21f894cd6daec5fda13016f9ba3b1213bc0c97bcf2a44d6f389e88ffc0d1fb8a233d2a7cb0b170cefbd4628f68eccbcc37f5761b6fc28a5344b3929bfff9c5dee2a82cd0ab53b1ba09459f04214b147fa1621c8c5b9c16cc8df82bdead90fc8381d226f7d76bd76dac98bb82ba0628adadd6424c7f8b9216b9b3ff5973269877fdf4e270c8ebb0f88f209bd48c25629900b2bfccbe8bed1e823b4cf6d6fedb2a5bcedcee8d8e8b8a28e23c3f35f583cd6bb82ada9fd106d65fd2b156aa296dbc02f\"","k_build":"460","dc5_server_salt":"\"0a52bd3ee63f667f\"","dc3_server_salt":"\"af89eb002bf0372a\"","user_auth":"{\"dcID\":2,\"date\":1704105275,\"id\":6755274525}","xt_instance":"{\"id\":20681306,\"idle\":true,\"time\":1704105290049}","dc":"2","dc4_auth_key":"\"91b8f6f9150ccb971e8d1220c82e60e4e38b9fc9f91520d2d3eb29f713590243bc9bc3fe1199f90c0637e5f749c7ec50d5f44c45fccd63b6cdc7f25c5607a7406e3d51aa9715951d6cdc0161118f005a4c3a3529832a63ac4ca6769607ba8688121200d7bbe1cf558733345f3aad80bd5f9e32a2caf01aea7b702f5cd3225e91ad6eb061cde6bd7fda893f87faa56bf0e30723e8e709514ba00295d1e86144703654f63bfe67dd574f1f9e00c02b5518669b515056068f311a2b5a83cfd2f4f0ecc7d5a172ae16a8a39074d2c51b01101caaafd5c735a2e51393694214445d59bb8305388671a5ae87dcb60042634c8482d705c8935073b761e47cfc89b621d2\"","":"","dc2_auth_key":"\"5d9595cd038eb9f29d8753fe1011e1c9a0b2e151e92ae60632be67d62528609e230954936a27110281d1809697a868021863b6e96596907f62a1bd301e8285a6f984ca45ad5c22785c59eacddc18070af139c8e25fad86fcb0e9a2531d2e00854b8ecaf22e49a919cde76b38be3d21bd3a97d846d7719ea46140117c5fe6954a93f3489965b1aee3d4007c1bce1a8d8a3280cf817af7cb9083c7ff53d3ae15a4fd301d6cc645b19d3ff616339370c42e394ad57cb504ef95990d3c9088582b65af3d7ca4510d60cf2dddf9b02f976e0be40b90fd0671f02fa846048a6fffe07b0b0cda135bd20e7422c27133d8b0aad8835cbbe46a1576bea884cbef56dcc47d\"","dc4_server_salt":"\"e769993186c68e28\"","tgme_sync":"{\"canRedirect\":true,\"ts\":1704105278}","server_time_offset":"-1","dc2_server_salt":"\"f1d43948a9136e31\"","state_id":"2054466889","auth_key_fingerprint":"\"5d9595cd\"","dc1_auth_key":"\"44f1b8cabede661727f022b1942a7d88c9dce7c4cd69c9997d350ec7768372093cfb0c4bd9837339caf8f4f02fd4c4ba63f5169f0691616d922c1abf5d4c6e7ecc94f7212ef5332c21b9ca043407e0bb4f7fd7f4946833306ea903e3fa19a2bbbbb3040c9f7bb45a7943e3e83fd6a6979d4b2fdf05268290d68176e05154beeb59b09cfe92985de8bf03501345542b81c01339a3ec311f7a394dc4a2d0bd07799c2a83d57aac3778d66f9be1dd1e742b06e49b493ffef86221cfce7eb0f3c831ce3fc7d778bc3cfe56895680551c6590379b0f3770aa1a4ef84d3a2ac86f9b20e608cd170b953c0e93066e6729ffaa1a40aae045007478dc5f4c2fd39659a638\"","dc1_server_salt":"\"bbb9a60e7a9b65a6\"","dc5_auth_key":"\"a5073a43eef24703186f9dac4814522b1205df567b9d89a60e70e52aeba398942369fb70482983d0775db3669e15b7721b6a6ac625615ea76da79ef8c5620ff5fedfaa68a096adab317d528e3f2f1448f6daddff17aeca4c5678b2dcc8d1ab2a1861cdef2d36ada1eda2ca933d4e5c47defa2eb3f3231a73dee2cdfb3bde71591093454d776c4c69fbf4a77120fa89cafd7f2594b52501d38d65c8fe8b215844e14f686cc9ecab6de177f863293f81c658ee193537a108ff3b496b14ecddc9c5978c356e21ef019c5e30d53741e51f43b1c1dfe377c102a188e17a78a1ef8a7c66bb7049979d75be8501ea7bbe8f3c164b57fe06464360a748d545195046e678\"","tt-global-state":""}
VM37:1 —————-
undefined
