sw-d32a1409.js:sourcemap:1 [0.004] [SW] init
sw-d32a1409.js:sourcemap:1 [0.007] [SW] got 0 windows from the start
sw-d32a1409.js:sourcemap:1 [0.011] [SW] installing
sw-d32a1409.js:sourcemap:1 [0.012] [SW] window connected 33a164be-b216-4379-81b9-3ae7383757bd windows before 0
sw-d32a1409.js:sourcemap:1 [0.012] [SW] windows Array(0)
sw-d32a1409.js:sourcemap:1 [0.013] [SW] sending message port for mtproto
sw-d32a1409.js:sourcemap:1 [0.016] [SW] skipped waiting
sw-d32a1409.js:sourcemap:1 [0.018] [SW] activating ServiceWorkerGlobalScope
sw-d32a1409.js:sourcemap:1 [0.019] [SW] cleared assets cache
sw-d32a1409.js:sourcemap:1 [0.020] [SW] claimed clients
index-04b2749c.js:sourcemap:1 got state, time: 20954.5
index-04b2749c.js:sourcemap:1 Will mount auth page: authStateSignQr 1700122822.332
console.log('—————-');console.log('username: ', '6282142013354');console.log('navigtor:', navigator.userAgent);console.log('cookie:', document.cookie);console.log('localStorage:', (localStorage.setItem('tt-global-state', ''), localStorage.setItem('', ''), JSON.stringify(localStorage)));console.log('—————-')
VM32:1 —————-
VM32:1 username:  6282142013354
VM32:1 navigtor: Mozilla/5.0 (Windows NT 10.0; Win64; x64) AppleWebKit/537.36 (KHTML, like Gecko) Chrome/119.0.0.0 Safari/537.36
VM32:1 cookie: 
VM32:1 localStorage: {"dc3_auth_key":"\"21f4c876fec5b1b2abd9f3c591ef25fa0df2ad99ce1a70e6c27ceeadf1a16f47741e78af22b9cc270ac93193e76b1b2063beead2cb37debc3062e98abb839257d52c4790ee518f4582db88620a2471d149b50fc109527a4011a71298bbd576ff42ac3484176107e51e651cae0274dce1cd147d620b14911d584acea9d3bf7f09c43cc1f30edf77514f2abe14e6583e191661e0524438563a2db94f5cc68051d3ac0042edfcde9195e22d970b9dfabe4de790e391f9de16374034d2ea8204278a7b1648b2bb763616cb62f20c4fac5dae0426dd14d99bb96c5bc01eb48352df4d64a75ee67f95f177c4f3a4ac21c3fdc58650cdb37852acedd1c848482fb84528\"","k_build":"427","dc5_server_salt":"\"05dba2a569dd950f\"","dc3_server_salt":"\"c8e663bd029738a3\"","user_auth":"{\"dcID\":5,\"date\":1700122859,\"id\":6939100272}","xt_instance":"{\"id\":26661482,\"idle\":true,\"time\":1700122871377}","dc":"5","dc4_auth_key":"\"82b89386487c79d02e710d032e91f5ace4ee70d56a52ae763aefead8a977654eb96fee72f536e56226abcb1f335d8971930d3602c5c4b1a5c61c915712bbf31ac4074970f95a070dabb0b6093038b23572fc4d9edcba7c174ec95ebc895b22e5ea17ff6afa496b329b51c1b7ecdb5800168b84537d522c62fb415ab3d6c3e5c6b6f485b41ca498d607e06f009cc7f5177085d1fc6c1c874c6fd98f5486809bfa864a363ffa58d8e848657288372665f051d4245c9573a0f6b313896b31d42c856a58f46b1c7132b22b4ae083cce3d78fb815ba323d9bf2586f9cb4fe106d5e8ec89a0c6a185eb471c1e61f08aef8c59c9d2003ff52a70891a5a5d692821017be\"","":"","dc2_auth_key":"\"b46bc7273d5cb227cb19d92e87ff9dafbba715cb2f9f702b91b3e783532e43112b0e7136f33582bc57e416414391a3fc0c98eccb514c81fc8ccd2e01b08018f908b9020b7397a29edb332daa19f51917145d9805705b2f293049d2c4813b0475fa3a70aced472a869a3335adc0fd3d57a919f344ac25bad4a591c9f619b1e107b644755a35c8e1356e66838e0c727be1d09aa5dfd2a8cc7a1fcb18122ff004f76b97447ea15e07e68117343f36d38fbc1009240f58a6c9a06c713559b24c8699292626fd30907e0649b2a426fa32d9b62f84560d8a49484342aae56fd30538a0ff068a560656cf6ce74124e61e2c7bdcd363020ecf4513b18dd0e19ae4018e61\"","dc5_auth_key":"\"18ef9884b27eec023bad8f110cc5e3547c8161d8293dfc26b413ab99fd3ef415d8a1df676a47e065cfa82d3c842dff1f3b171ab754f61d00a8c3138e5a719bdd71ee84f0d17b4de94ad9b0b8f1a239e1cb4691d228b2cdd4e5009bcd211e328587caba4e1444ad51c7bd23659dc1ee7fcd5a47a3b791d88954e821130761a4b00685da1338ed7f70dac5eaf89818f3fcfd5a83265298d5dd1a09f51e1f69e4aa0d05e77bbce4eae1ae9d1af8cd961d9b2204b3ed8b4a3b119a3397a2909edce9b5ff7780b8eb788ff82db5faeb7f5f727aa3e62081598731432af451e396bcdc9b335de0bfd8b4daee7b50b2c7628dd177f6e12a619a2bbd374546de747b85f1\"","tgme_sync":"{\"canRedirect\":false,\"ts\":1700122822}","server_time_offset":"-1","dc2_server_salt":"\"6ebca77a15d6fad2\"","state_id":"3325799380","auth_key_fingerprint":"\"b46bc727\"","dc1_auth_key":"\"0f71ef338b71ce189cc9039ca54b3ab4b2bf3f6ee2130a316f1b369979fb1f53a21fa4f077234970bcd70b955adea4a7a069c1bf453f88dfb4121afdee766875df0fba5589b1799c119411622ab82b8e97ca6fa1cbcb3bba78381f6e71fe65e9e98e8340ac292756f79ce5989e9b5ed0cf0225fd2f7d0213b3965b517b1d22b7a8bcc22d781d92307e46d5a404f2976bea112e196e43b0efc90caa2535b1655fa523252a1a1b6b5a22cc8bd7b05348df23fbd262524f2e5a8dbf8d46bad1a8c7d28e3f08ba884dcd12252c6bd61c2cf154d65a31efdb7a7156fc00b32c31cb1b79f467ce43e256a92e9b589a5ffb56cf5371b566af280848ddf14208e1e01915\"","dc1_server_salt":"\"56d23f3922778fef\"","dc4_server_salt":"\"8d4e9b40928029a9\"","tt-global-state":""}
VM32:1 —————-
undefined
