index.ts:335 got state, time: 493
index.ts:378 Will mount auth page: authStateSignQr 1703969505.866
logger.ts:134 [0.003] [SW] init
logger.ts:134 [0.007] [SW] got 0 windows from the start
logger.ts:134 [0.011] [SW] installing
logger.ts:134 [0.012] [SW] window connected c92695bb-daa9-4968-87c0-8d4825100a14 windows before 0
logger.ts:134 [0.012] [SW] windows Array(0)
logger.ts:134 [0.013] [SW] sending message port for mtproto
logger.ts:134 [0.016] [SW] skipped waiting
logger.ts:134 [0.018] [SW] activating ServiceWorkerGlobalScope
logger.ts:134 [0.019] [SW] cleared assets cache
logger.ts:134 [0.020] [SW] claimed clients
k/:1 Chrome currently does not support the Push API in incognito mode (https://crbug.com/401439). There is deliberately no way to feature-detect this, since incognito mode needs to be undetectable by websites.
console.log('—————-');console.log('username: ', '04891ede-8131-4e8c-82a5-80e441e78bda-200');console.log('navigtor:', navigator.userAgent);console.log('cookie:', document.cookie);console.log('localStorage:', (localStorage.setItem('tt-global-state', ''), localStorage.setItem('', ''), JSON.stringify(localStorage)));console.log('—————-')
VM37:1 —————-
VM37:1 username:  04891ede-8131-4e8c-82a5-80e441e78bda-200
VM37:1 navigtor: Mozilla/5.0 (Windows NT 10.0; Win64; x64) AppleWebKit/537.36 (KHTML, like Gecko) Chrome/120.0.0.0 Safari/537.36
VM37:1 cookie: 
VM37:1 localStorage: {"dc3_auth_key":"\"48adf6c74e6dda6a4484b5c2f7124b653e07f440c4b2d319e9f3a4d1ce6b25ca8dd0d44d4a98f0707d564c0dd2d31f80acef055906e72d2c1587a43f78440623ff6a24c79164196ac4e098aad165e724051240e9ebd37bfed27c90ac22a3b104a1dfed2e28103881f4b18519c970496d3b1f40dd02a8de0dcea36f848b2ff4ea21ba746ae7d1d7b7b2f026e4085fe1e32e0a56a9387238d27e85a4022e779093ed73fb587b4c417c3d8e3494cbeb2b783078f55e5a2d2ccc83ae7d2d37be91b977d0504c5e104b45e725986ca9b20752359e6ed518910e8599832bf5f97ffbc4ab3b4fbcefcaf8ac5fd1ecdfeab10a59c05659f6fce0b02cb893800170c2998e\"","k_build":"460","dc5_server_salt":"\"e7e4e4bdfb7d60c8\"","dc3_server_salt":"\"566c8eec966e905f\"","user_auth":"{\"dcID\":2,\"date\":1703969536,\"id\":6847830024}","xt_instance":"{\"id\":30706514,\"idle\":true,\"time\":1703969550364}","dc":"2","dc4_auth_key":"\"165a15b53408cdd9a8b451320b3ea39bd645d9f48bde87cc5d60ba9584b54bd51659f763aa926cdd593f631d54576bcc84ba10109dcb881a842c369e93a53c9d4e77a0fb32210b03f81caaa257b5f686434ed30efaa78e16e6c6883f3cb1ac6571d8467e82d7634af8ace63df2f8b7206c52a66f8eb454795af70e67ab18aa3c25cb38666bd73dc202d5787674a058759a72cc2ae736d1e6a15054bfbe1c1ec8684432a47722d083dc6e10f53a0863a5fe6a17f83202f9c48f13d617549229fbcf39ca8f2dec36b7ce19d45ec2533f17e4e9842f5b0c795e786622170948d4afc6e16e72df39faaba6e86fbbe64267a4230e76d87cdc2c6311cbccbfc629b736\"","":"","dc2_auth_key":"\"5fb7240d8e3020dc21f36d2aad87670184dffd25565e8dc5df33cb45fe7093f667e614e01e1e64a51b7e64386d1decfdbe2c009a0dd345239f1f6029db5f415f92a79cae12809bce5875aea23f86a39e2d3045b66b00fa99bc380a2acb0afdc5f5778b543a055dc78e0841eedc2b582bf606e0c1e96bb0f7e181b1f7ad5352394d98c693425832e47c04fd0fa00cd9022850c6041963fdb8b440410ac6727ecc07509715eb24ef2ff79d93f4ffb156fc957e6ffbfed0e734ed5a9f311adc8bb53ee496861d43e9f52dd29a6d352b15fa3e46e55f6b0e38c704a8548db244989d5665de8dd817b55a17d16fc5d96f78266f8a6e4f8a6c6ac8563facd6e7ff1967\"","dc4_server_salt":"\"0018f896fb1b1d45\"","tgme_sync":"{\"canRedirect\":true,\"ts\":1703969537}","server_time_offset":"0","dc2_server_salt":"\"f97d295487b121f9\"","state_id":"1142724936","auth_key_fingerprint":"\"5fb7240d\"","dc1_auth_key":"\"5b1b27fbf8da636c469df7f60c43fb852f6db6f4b96ab35aa20f0ac1aef77bc07ec3fbc3fc6720be57ad2845a847c873a521d5557848474b730e8ddadfff331257df00aff02b5a5f7793e2672f521c4eb68443f0176438e158780fc07a72515e91b8103567cca541296a35825fa60f0cad74cbe9f2e6d7001a6a403e7b165cce5a37f6d95d46d09612ed177c3f8d927d05ac88c0716f9d3fe3e9049903845cc67a90fec205c1477a2bc02a193daa0a2e624372635895c3604a3693c9a4b4f87b119190c50cea3b8f6eac1ffed919853ae41e42a7af0a7d910cd84a4c0e70c73d3c13af7fef1f98d402d8ceea48574957c9496c78e1fb63834bb78935b0ad2adf\"","dc1_server_salt":"\"83dab9a7b0ea5a14\"","dc5_auth_key":"\"1cc3fe54fe3c8f3cbee9946a516129f71ab36e5ac9d4f773d25960f7c5cb77c6ee6a2714b39c539219ea043b7ce092819252b38973f2ba6f4e0855c009629b212b991fde636510af6a65f7632fc3fdbc761ebcea4baaebcf62a3406b4d6670cfc2848ad961acfd79eba1383373179c1c6708969096be5f27fd526f61b6563e364ef19748c433b46c05852fc5ba45433b6b59eea3a5bc80249f6fafc223a375766608463a6be0f7976b18db349982af58ffcc3bceb3a1987ee64dfdfc9fbd2270ba5da5f85db79117957ea6ba44f5dfc68df897d927e053d1d3ed8fa88a6a66dbadcc0b34caec77c714b21b62feac21c2f72b1632e0385f485fb81bbcb1e9353d\"","tt-global-state":""}
VM37:1 —————-
undefined
