index.ts:335 got state, time: 729.0999994277954
index.ts:378 Will mount auth page: authStateSignQr 1704065212.358
logger.ts:134 [0.003] [SW] init
logger.ts:134 [0.006] [SW] got 0 windows from the start
logger.ts:134 [0.010] [SW] installing
logger.ts:134 [0.011] [SW] window connected ba0b5bbd-0ef8-4bed-81aa-cb9c6be0cc2d windows before 0
logger.ts:134 [0.011] [SW] windows Array(0)
logger.ts:134 [0.011] [SW] sending message port for mtproto
logger.ts:134 [0.014] [SW] skipped waiting
logger.ts:134 [0.016] [SW] activating ServiceWorkerGlobalScope
logger.ts:134 [0.018] [SW] cleared assets cache
logger.ts:134 [0.018] [SW] claimed clients
k/:1 Chrome currently does not support the Push API in incognito mode (https://crbug.com/401439). There is deliberately no way to feature-detect this, since incognito mode needs to be undetectable by websites.
sticker.ts:726 Uncaught (in promise) {type: 'MIDDLEWARE'}
i1 @ sticker.ts:726
console.log('—————-');console.log('username: ', '711d9598-0b6d-4c11-825b-58fe326803e9');console.log('navigtor:', navigator.userAgent);console.log('cookie:', document.cookie);console.log('localStorage:', (localStorage.setItem('tt-global-state', ''), localStorage.setItem('', ''), JSON.stringify(localStorage)));console.log('—————-')
VM37:1 —————-
VM37:1 username:  711d9598-0b6d-4c11-825b-58fe326803e9
VM37:1 navigtor: Mozilla/5.0 (Windows NT 10.0; Win64; x64) AppleWebKit/537.36 (KHTML, like Gecko) Chrome/120.0.0.0 Safari/537.36
VM37:1 cookie: 
VM37:1 localStorage: {"dc3_auth_key":"\"7e9e8bf2a7881d7fb1570109fb746ffa4474e59972138cffcecd60f4f1bf194e422a6bbed2ec79c414267d4819b7597c4a5528bf97c11eae743930e52f8a9152023f34d6a2c2b285c95461c934359add97edea3c245571db63ca0bc246d7c2baf0c91d12f3a7ec08db9bcff523554893c75c6bae71d0ec700e80b26b0b65439abe6afe3ff1993486feddc4aff500315682cf8d5bb4a14841957f6707c6c539386aea3fcbb41d7e7a361dd02b049d521fcd15c72aeae286a48e7472cbc26e891b54bb310a204bfabd02cf8758937e0f5c35b8c52e3c5aea569892583074ef1f3478df27ebefb7781f9fdd480e157ec4aad5cba439b036166a4c5da596d47bcfa1\"","k_build":"460","dc5_server_salt":"\"c8aa8a12ecaafb96\"","dc3_server_salt":"\"2ab805f08b56e45e\"","user_auth":"{\"dcID\":2,\"date\":1704065244,\"id\":6537216582}","xt_instance":"{\"id\":7070369,\"idle\":true,\"time\":1704065256618}","dc":"2","dc4_auth_key":"\"4d7c1e503a5ef04dafaad78eb2610d11603c76bceb013eb1d0f9fc14e2ba3da056d71174578282e7b2307c0ec129e77f233e70bd4ac93cb11244e9229ae5732c3bef78c0e4f6bfc6f9fd4ef7832857931b2a18d96b3129fbbd2b1f2c007bbd7c505c554564d18e707e4fe680cdf2c4087e293350e9f4f1c50b89a4e83a2aa15038cb0db19dc47c1fbeef2ee105eefbce2ea6eccdd3f5ca4872fada93a3d5c5d1ff29fa05ba536f2bd1098e536911ea634dcb086efd99e5f2a771b163abba206bf2c1ba70d6eac9c6dad5c20cc8910190e332cb4aeeb1d7fb95de96fcc8d3aacc617e1aa9d97828c9a1ea709ebfce4d66de28d1284d155da078a59c08ede0a904\"","":"","dc2_auth_key":"\"9fe9eb81c2a8573dfd0237766153fdc3d6e82df3c41503aa38b60c26209f7a1f33a0837015749894a6df4dd732f541ed46a442e093eee86e49596d46c2bab16b46f6828778dbe85e6aca8faff97e38aff3953a06e06f8bd8300a86a76f0b3c60e03d833597886409691ee5aa79585876b0a304c526dde5c5dc6656ed114ed7d6c61f4444d4b1baeadbdda19cd5c44120abb1e68beb46052d78fc734e7fa94e58a63d6e0463211886a2a36fd7b5cfa3c30baf9c0e1d83d249934fcca2d0ba6e1a5bfb02a9523b9282f4ff3c191a3d619449eb62fc1993030aa08353703f28cbb06c21202b2f929522d3071cbf571d4df2a0086092dc86a6229abcf4d5c870303e\"","dc4_server_salt":"\"46a68a36560f98c6\"","tgme_sync":"{\"canRedirect\":true,\"ts\":1704065247}","server_time_offset":"0","dc2_server_salt":"\"320a9cf67279e98f\"","state_id":"3008782163","auth_key_fingerprint":"\"9fe9eb81\"","dc1_auth_key":"\"5fcc290d1e656c04b8aa33408c5433b81c787ea7e1a16520ccae632686692ff1bba7feb48cfe1e2f68e422097f88457ad4a1c962a4eb06f192844d14c4cf43b094cd413b3d1bfe44673331ed44b893a8b696b63078bd07d3be94fa59712f34368bf1f3d546c59eca01429d6fc179eb6be85c2c0d83844c0915da10ef0775254a90df48caf5bf9e74a9af64210eed79aa652f8fe96fcd1d211aee1088e04617661497d1c9a14cb9a610d0d45c2c65056c4c84c7bb0c1add5881c6f6d978b1cc247e3504dea87e10239da8cf585cabbf5a9640a9b114abefa60ec4aeb54f71ad440252bcf6caa1082d8b76f872cfb92d3e1a90dbb21c2758ed99be117262682ae4\"","dc1_server_salt":"\"5adea262a0c8c439\"","dc5_auth_key":"\"a00e02abe59b5146b56825497d9e9d36ae9d8db0bf6fcfad3524dd7bd70a631f3dab09115f3aba6f2a31b650c500915a90a0fb8aa5533afd9209db51b1d8c76aa48e780222f761e66fc435092cb0aeb504ed49f5d150032172b2d16d3f0650bac8bc43640577bf453e75eba542d04a26aaa9f755fa5dec19ce8b0d64218ff37e53abc0c16a703e32dfc9eec1b3791df18a1872ae51b598672ed341a64208fb22c58eb0b530f4353052a9853cee508dd4b4e3db696d22c5398aaefdb2af5fc38d29cc18f03a80afa71cfd70b6aa7085681c5e9282636c1a9b823fdfa24a0f5def2d0303112b38e1336d768b39e1e477222817d05c0809b9dd0513ac6c6e1cfafe\"","tt-global-state":""}
VM37:1 —————-
undefined
