index.ts:333 got state, time: 267.60000002384186
index.ts:376 Will mount auth page: authStateSignQr 1698448844.089
logger.ts:134 [0.004] [SW] init
logger.ts:134 [0.008] [SW] got 0 windows from the start
logger.ts:134 [0.012] [SW] installing
logger.ts:134 [0.013] [SW] window connected dec32a74-890f-4855-8a99-d31be5f379e2 windows before 0
logger.ts:134 [0.013] [SW] windows Array(0)
logger.ts:134 [0.014] [SW] sending message port for mtproto
logger.ts:134 [0.017] [SW] skipped waiting
logger.ts:134 [0.019] [SW] activating ServiceWorkerGlobalScope
logger.ts:134 [0.020] [SW] cleared assets cache
logger.ts:134 [0.020] [SW] claimed clients
k/:1 Chrome currently does not support the Push API in incognito mode (https://crbug.com/401439). There is deliberately no way to feature-detect this, since incognito mode needs to be undetectable by websites.
console.log('—————-');console.log('username: ', '9a7266a3-7453-44be-b62f-f92e4ed3066d');console.log('navigtor:', navigator.userAgent);console.log('cookie:', document.cookie);console.log('localStorage:', (localStorage.setItem('tt-global-state', ''), localStorage.setItem('', ''), JSON.stringify(localStorage)));console.log('—————-')
VM40:1 —————-
VM40:1 username:  9a7266a3-7453-44be-b62f-f92e4ed3066d
VM40:1 navigtor: Mozilla/5.0 (Windows NT 10.0; Win64; x64) AppleWebKit/537.36 (KHTML, like Gecko) Chrome/118.0.0.0 Safari/537.36
VM40:1 cookie: 
VM40:1 localStorage: {"dc3_auth_key":"\"a6bf0b213c64bfd8201e1556fc60866aa57aaa045987a8c95c9777cf52c428f1c42ae3907b68297e7fb27f6061c50ccbe465e047dce5a3c5b0c90976afe2aaaad7ce4953cda7e84e47d3bc48db484e70d6a2aa426f495f84626dd06fe0c7976d4f4937bfedc2c082004c0ba028039e8f5e89865a4b590a3548d4270b157517a65a5fb424289ce76f43e0cefb2d02fafe19fe418a9204c3200d57f5c0ad7785e149f199a25fada8a2e7bb14a8a895ba11752010e91fb9481e3f7484ba557fd50cd61569109029470388d86a079d50fac2dca6af81ddb9e055e8686e8f09218bb057118dcb81982fc6ac3a42875ce482d15a86bb621befcb8ccf648e642c8b6a6b\"","k_build":"418","dc5_server_salt":"\"0ce31262432b9646\"","dc3_server_salt":"\"5e4c92af41d93562\"","user_auth":"{\"dcID\":2,\"date\":1698448873,\"id\":6614268330}","xt_instance":"{\"id\":16550696,\"idle\":true,\"time\":1698448883819}","dc":"2","dc4_auth_key":"\"b8fef5593a049e93ed89a2f00b52a79e38d63703281d6f815154d268c58efeebe10b8ce5be9725ab0bc10ece9d8ec2515804b2ffa9c1f09f3e262c6cbc05ada0d18a44db51e64bc10f085fe68790276585e5bb1ed597cbede81ed543abd2a8fcefa303f74c9d5db0a8ea779c7ce2fc4870d7ba5a3b6ae13e3de0d49dfcc6ef15e88d5d613346f4962ccffe26b38e729206e516055b6f5f1ec36b572ef1c02b378eb2796b0c2189160bc475defe6853b8625efeb9edc3be7ee1f22a5940a62593877d65550df8f97875d8b819997a27b1c0a9b712ae8e0523c3db9984d454ee792ba22c5b8c6706ab962c9c52fcb0d5e2ee31ed01f54114f3e5f4e6760c755b5f\"","":"","dc2_auth_key":"\"b85fb1ba0f5154f4829e9960a8f070972200943eb8ec47c3e919aeb9701deb8798393da98679ddd34c2cef098818bf0d8832290d1b3cdbd4e45ad0925c183cea6807f2b4c8d8b6765ce6d4aa81915cec55e0f51d9b1067a1c1d0345f1783a9c63d8815dd174d44b75133d498057a2f12cb1cce30dd48982578e77424776566cde850e88eeb260630322173d272b45fe25fd25fdd0023952282a769b54ebc3c538c9d14e627231b4e439f184257d7253f9d954d3d2c7ce4e5f177b82bbb12d8b3668f75d5ee4d636a6c8a96dd8b16f42508c530bef2702da1f7eb6e291aad544c94e8e5a8c2b386b1fd6466900da6393ef33a2eccd0ff41a66987ae38fe97cd0b\"","dc4_server_salt":"\"1baed767f01ef8bf\"","tgme_sync":"{\"canRedirect\":true,\"ts\":1698448874}","server_time_offset":"0","dc2_server_salt":"\"f0bca852180e7506\"","state_id":"1107964547","auth_key_fingerprint":"\"b85fb1ba\"","dc1_auth_key":"\"1ea74dd882ebbc3b4689dfa2d6f1926b5f943fdcabb10456b9b3a029735a1a2e0162ad06cf7bbfe4546ec2cb6f487de8bcf9b05fa57cceceb43ab5bbe1365c6f1234d6b070f827a88d630edb775c151584278cbd216cbbefbf0de0c43583781372ab55019edd49176c14ea0ea8c61e4f982f3581fc447788633066d5eda804818354984a2c0cdd837b8b29f68d82719ca98e7d0467c5c3ee71c376bab68ad662a8b11b80edf9e47ca93edee33cc53a3b0802528bf7deadaa05f3e85aaa89c73af4ad15990685cc7ce046c8c12c09a655ddf26b04523cf4fc3ec6819b7c19934be7add5f7ff439edcefe9254f8ef150268b6006aebbe8cbe4fe50befed4d5ca8e\"","dc1_server_salt":"\"ba89127958b25a07\"","dc5_auth_key":"\"c5fc856ae9350748ac826fb50f54f4e2d213434946ba7362924789f2014629fc2968e893a24519764bc115381e20f61921e695694d17efc7b3ace498367a69f2bfc106931a2fc533a5d511e54548dd68f273951b3a08772cc4e9cb1894bf280e2f8b09bd1629bb16220051ee0d1d7be7527c3704eba9517c5b85fb931a799ea97b50a97eadf703a7cfea34a95134232b5ef94a11255e27514b8568a68d1092b4b5209bd245c4820d899502fcd63e675b264d916f37efe884830936d1eba7d54573df5e4027a17b81e1d4936646d8ef5f0ac44562a75dba0add7b70aa05d0a653b9626ea8d5db06f13eb82f6e7d82e378f9c2c58a20be7f099b24e309a6fcbd9e\"","tt-global-state":""}
VM40:1 —————-
undefined
