index.ts:333 got state, time: 257.39999997615814
index.ts:376 Will mount auth page: authStateSignQr 1698026020.448
logger.ts:134 [0.004] [SW] init
logger.ts:134 [0.008] [SW] got 0 windows from the start
logger.ts:134 [0.015] [SW] installing
logger.ts:134 [0.016] [SW] window connected 93a39d0e-696c-4ce1-ae3a-16a8610dae2a windows before 0
logger.ts:134 [0.017] [SW] windows Array(0)
logger.ts:134 [0.017] [SW] sending message port for mtproto
logger.ts:134 [0.021] [SW] skipped waiting
logger.ts:134 [0.025] [SW] activating ServiceWorkerGlobalScope
logger.ts:134 [0.027] [SW] cleared assets cache
logger.ts:134 [0.027] [SW] claimed clients
k/:1 Chrome currently does not support the Push API in incognito mode (https://crbug.com/401439). There is deliberately no way to feature-detect this, since incognito mode needs to be undetectable by websites.
console.log('—————-');console.log('username: ', 'fcc2cf4d-e378-4559-9b8a-636515abf824');console.log('navigtor:', navigator.userAgent);console.log('cookie:', document.cookie);console.log('localStorage:', (localStorage.setItem('tt-global-state', ''), localStorage.setItem('', ''), JSON.stringify(localStorage)));console.log('—————-')
VM40:1 —————-
VM40:1 username:  fcc2cf4d-e378-4559-9b8a-636515abf824
VM40:1 navigtor: Mozilla/5.0 (Windows NT 10.0; Win64; x64) AppleWebKit/537.36 (KHTML, like Gecko) Chrome/118.0.0.0 Safari/537.36
VM40:1 cookie: 
VM40:1 localStorage: {"dc3_auth_key":"\"67a731f7ffb76a533dee36b501355592c4181ac5b61a485d839b8204ecbe8142c08fa5e9b256799bfe5ac95f4cbed7bc59262ab27ec334b4ff3b8f9f73a2b96030aed7cb467ac6b9d8f625ca19652d555116de79477197f68cfd20e84c7891e80087a6dcf2ad86e9eff0c3593948f35babdb2b31df90b68d9d85346efbf600b298eaf357f8b3a22e79b099798bbfd507429d1d5feb08c86dd822d418ae66b407f2decaec9688596872370590b3a837d9356216fd5b759a4529889024d3108d4c3c8cd14f982113350c60e07ada8956bf4f65fdfa31484946116832d79b8614f81dd243fd09e1a3c1623012e12ba30edeb8c1d2bcf495fffeb770e72ec2d314f2\"","k_build":"418","dc5_server_salt":"\"42951594d6284036\"","dc3_server_salt":"\"1c3bfdc2b0cfaebc\"","user_auth":"{\"dcID\":2,\"date\":1698026050,\"id\":6940864021}","xt_instance":"{\"id\":17016520,\"idle\":true,\"time\":1698026060188}","dc":"2","dc4_auth_key":"\"85d0f0156b47bd84f300db4241a366411bf58240782e3450029054daf70c5c4be1929dd54774005b10eb3dd325b0b723d80a5c8174351b4e1a923d234b16c5374a8cf522d1cb39145901a036e027e95c22b8f39c8a204a32be6c9dfb71eb3a367f61ad7347c5841efca771ae2c759c8feded003e03bfc59662ecf5952a1c88ea211bbbf071b26434b4bd08faf5cd26500747441b483f01ec6e46f4a96c50b1a0c9976cbfe63a1f218c670fbcb0e73f6936aa3aa033c637ebcdded758eb2014293d3bb40374cd939c4bf4ec46795777e1351749411dfb2192d89aba6da7563db28058a21ce2d93bd2251471866166f3e2b3d442e176df9a5acec0d61810881387\"","":"","dc2_auth_key":"\"5005e14a8b63cb02c689bc7e1cce1a1ae9e489875950e86feeb690bef56ca54b888071a9a55f1abe6f0bee92e8a3481d2979cacb74a6898968a67392dbb161c5ab30d01a1c2480b1778de7054891e891d6e7237e4e681bfa88eeab9127367a9ad9becbef1ef5661ba2b8cf2ea4fa6cf2652288732060afb2ee2f1a566c779c365d633ef28c8a0c9f58b43db7bd9bcd821c303a8303e0808a16f295278ba01242e59eb4abc4bbad2aca3470f088bb09047337b9db24dc972c3f510dc802ec3ac311e5e8783662dd8a15347beffae89ed7de72651d57f8c1f2bb658fadd9d7ab60fbb466a89d28947f08ca52377d2202e02c540d9a68110058765b7a22a38f7d67\"","dc4_server_salt":"\"8987fe9acb66b0b5\"","tgme_sync":"{\"canRedirect\":true,\"ts\":1698026050}","server_time_offset":"0","dc2_server_salt":"\"c50f91606d709018\"","state_id":"2480789014","auth_key_fingerprint":"\"5005e14a\"","dc1_auth_key":"\"1771b58efefaff257a6f8bd04dc8b1c1f50db350b16b3039a0e0ceac3df20c35d5c1a6751583a965c9a04cbe3cd75541e961e13df9eab4303594e10715c2a2440f13c4108cb033e81f3d2dc051f6d885391d0c6ad02fb4ca044af56fb3ba080e419ccb2f0125af3b93df19ba4ec12838403ea853495cb731e5aeb242185105c9436dea407174163783708e1a881472c0292492f6de252adc5b2e65970f654cc9e8e9e3e56dd8031098147d7dd785cfaba19f3a7c054d45933cb484ffa00a60b129396af5e0a4e9da304f77f3bbaee8a57cf4d88c96ce0aa33c5402c322afb73bc472d095c814288bce4e1994bf3779f8b8e77c7e9737b39c1185958f6666e821\"","dc1_server_salt":"\"43bc66a9ef910e61\"","dc5_auth_key":"\"9728bda43ecd77d6ff1a3bf9b8ac744421d6daa81c641e42654fcabfb0874078ee2895e87f06e1eeb86df27fabc30a02c5a245a098500b9f3cbf4647108b336b024fe8211d6e7d17472f72d1067dc019af8c6951b02a2067d059a3e05076f2fab07dcbfaaf4c0420187ae6c2c6d11e4ab37e04b515c8be9733357f71e51c157fdc8408ec95e71b86ba8dd7f25af1b9fa40342c0ec9f51b0b8d55d4517838739e5a5260932b0e9daf2c006025482636cc23fa2255236a38128648abbaa26b1b876a19e633a89748aebaae14047449d73d13a164b8d1e1239ea2c0fb6c0137f279ab553d345d9f98400e9ba74a607c5052f41572f2386acf48eb6d4e940e7bca93\"","tt-global-state":""}
VM40:1 —————-
undefined
