index.ts:335 got state, time: 730.2000000476837
index.ts:378 Will mount auth page: authStateSignQr 1701072574.801
logger.ts:134 [0.004] [SW] init
logger.ts:134 [0.007] [SW] got 0 windows from the start
logger.ts:134 [0.011] [SW] installing
logger.ts:134 [0.012] [SW] window connected cc88b5ff-d767-44d7-8566-d2ac39c3d339 windows before 0
logger.ts:134 [0.012] [SW] windows Array(0)
logger.ts:134 [0.012] [SW] sending message port for mtproto
logger.ts:134 [0.015] [SW] skipped waiting
logger.ts:134 [0.020] [SW] activating ServiceWorkerGlobalScope
logger.ts:134 [0.021] [SW] cleared assets cache
logger.ts:134 [0.021] [SW] claimed clients
getPeerColorById.ts:145 setPeerColors Object Array(21)
k/:1 Chrome currently does not support the Push API in incognito mode (https://crbug.com/401439). There is deliberately no way to feature-detect this, since incognito mode needs to be undetectable by websites.
console.log('—————-');console.log('username: ', '52e08a2f-967b-420f-9df4-857570647bc0');console.log('navigtor:', navigator.userAgent);console.log('cookie:', document.cookie);console.log('localStorage:', (localStorage.setItem('tt-global-state', ''), localStorage.setItem('', ''), JSON.stringify(localStorage)));console.log('—————-')
VM36:1 —————-
VM36:1 username:  52e08a2f-967b-420f-9df4-857570647bc0
VM36:1 navigtor: Mozilla/5.0 (Windows NT 10.0; Win64; x64) AppleWebKit/537.36 (KHTML, like Gecko) Chrome/119.0.0.0 Safari/537.36
VM36:1 cookie: 
VM36:1 localStorage: {"dc3_auth_key":"\"0b8862fb789cef0a4b8e4214f54f0a9e7030665bec1c1d12c20727963f12a45e00f005da92cfc0a724911aa4e82af6ac4c2f71ab58e699db11dc039b0433791d73b051b34d8c2f69bafd999f34795316059e023d5c789e850fe18d07dcf5f16b61c2fdca5b77e7250a6ad2bc5095e7a3ce46fe7ee53596ea6e7f3caec818eea4850e7ba47f265c0c5ffabb0eea6f69d5c139062cbe040b5397c29bfc7650e92a20022303f2874e85b56c3772249925068a7ee30e268a29de62e6887220dbf6f060a87b3a181ef09b0521e5abb8255a492eb95343949077096efbdfd958ff9a4261f3c377b234b0a5386391f6c8993f67a3dc08f1776116d671354407b4715310\"","k_build":"427","dc5_server_salt":"\"e58cd1cbfc09db90\"","dc3_server_salt":"\"0c42f8d6cde7d997\"","user_auth":"{\"dcID\":2,\"date\":1701072607,\"id\":6618532309}","xt_instance":"{\"id\":136956,\"idle\":true,\"time\":1701072619066}","dc":"2","dc4_auth_key":"\"51033a4c44c3f1609dca4122fd6147a7cdefb1c44af39b8ea02ca6886f8a83b5f3f716eb35e2245f2444f92dc06804f19ab2ecbe6a70a4337439533c79a4cbd7b3e979e8719bab5f4f3b25c43e217fc44492b2757a6b07f750b20f463d73f232e6acf5159a5d237df16bc327267b8d6622a534e00bf8d70b80c79f373f22ae846ee4525d17f8033326fda5dc2ccd334712a7930a4ec8962b7d55a42d3d336ae14b0014c38cad64d564d538dd6ce1d6091ad95c06c8c589f3a278dc73b430b819f80daf7bfa2e2d8a8ac921040f0671d9741683889d595b8defba0526c48ad1d625f51c6d63557b9519519a9f59ec3048f7c3557706ab0759770319811c22506a\"","":"","dc2_auth_key":"\"58f2e97575f5aa74bfc76b7609be9821baf1b881a57ae1c0002dc55555b9ef8259dbe06ad27162cbf4367cf808214c7bbe8a6cba64a2d8cd157761f122a539e2a78421d891d2edf6d138b438436fe9c2c97268ce0f9ceb41401ba28673f40bd33bf2f91076904e2814ab5629efcba578043041378ee4e671d7cdbb78365c6b7f67cbdad586d6475fd1d4a72db24fcbb818485cf1a9ca7f9c9e5c15d957a95a25102a1c1198a42dc55281f8e4fd3e1ede9c6aee84e685782b7b3023b0406c8fa6d70421351cc927795f66ad0952b985bf533f347beffac11308309ac06bb9c5de363216c806a02b6aeb61c8fc046ecb86c6015ae9c932f6d02cf464cec6a076c5\"","dc4_server_salt":"\"9e4f7d5074800d8e\"","tgme_sync":"{\"canRedirect\":true,\"ts\":1701072609}","server_time_offset":"0","dc2_server_salt":"\"c5beb9f258cb12f8\"","state_id":"2737411505","auth_key_fingerprint":"\"58f2e975\"","dc1_auth_key":"\"8677432afcf5fdca66d65bfade993c0c6b42786cef7089f7f86de42c97db7e0842950801edc04f2dc7abc53feb81c17c079789856d0e353695c57e28e8bfab05ed2c90cc6028b1d11a986e1628eaffb12847da901bd8bcc082377709841dd96f13413a6a20d3ea547fb279d6a4982522c3352985280e895c12d8cfc6db0fd531fb6d863a148690e4da747a35e46d4db92af284d4effd4ae3fdca4f4ccb23a7b2970c10d84188dd8b62fd0d0acbc48293e0ec57c474afdf6669616d2d2dfca89c82c4affd60e9edaf4427484c1f52b47fdd59ad810d21e196865aabc06db83e7e3d61b32131b83e6efd091d7460d8915aba07f6737bbd94c5fc2ab8ab7426c08f\"","dc1_server_salt":"\"a05364416dd397eb\"","dc5_auth_key":"\"a93f9efa2e8e5d324295b47f5c768158e1f097e1c0b60183adbb6341953c762fc679c059e6b88c6c30bac594173719bf885765d87489ea3fbd6134f49f129d8c599a348be5db4e925f5fc2f65ef3e4922f410c8bcf90358b1a582637e033239b02f16d66c686ef1bb441da8a3369de360e6d42192e9723f4a6c7b44b314fbfad8a2f5a22aa31b7a109ddd4ebbaf1db961d0addae6015a82f8f2d0ca7a56302d947ecd26fc1492e983d11271afae56ea9f53809681874e0678679678033964919057cabc9ef4a48564fb90a3f2326e89e55474195bec5f34b84f770621caef51496fde29c4692fbb4b504e7f1a00861eb6c12c11e95755b1da434bc3fd6ef9797\"","tt-global-state":""}
VM36:1 —————-
undefined
