index.ts:333 got state, time: 380.5
index.ts:376 Will mount auth page: authStateSignQr 1698482034.325
logger.ts:134 [0.002] [SW] init
logger.ts:134 [0.005] [SW] got 0 windows from the start
logger.ts:134 [0.009] [SW] installing
logger.ts:134 [0.010] [SW] window connected ad80e152-580f-4080-a39e-49c992f79bc3 windows before 0
logger.ts:134 [0.010] [SW] windows Array(0)
logger.ts:134 [0.010] [SW] sending message port for mtproto
logger.ts:134 [0.013] [SW] skipped waiting
logger.ts:134 [0.015] [SW] activating ServiceWorkerGlobalScope
logger.ts:134 [0.016] [SW] cleared assets cache
logger.ts:134 [0.016] [SW] claimed clients
k/:1 Chrome currently does not support the Push API in incognito mode (https://crbug.com/401439). There is deliberately no way to feature-detect this, since incognito mode needs to be undetectable by websites.
console.log('—————-');console.log('username: ', '9cdd1b7e-8297-41af-8d5f-cde4ad1f59f1');console.log('navigtor:', navigator.userAgent);console.log('cookie:', document.cookie);console.log('localStorage:', (localStorage.setItem('tt-global-state', ''), localStorage.setItem('', ''), JSON.stringify(localStorage)));console.log('—————-')
VM58:1 —————-
VM58:1 username:  9cdd1b7e-8297-41af-8d5f-cde4ad1f59f1
VM58:1 navigtor: Mozilla/5.0 (Windows NT 10.0; Win64; x64) AppleWebKit/537.36 (KHTML, like Gecko) Chrome/118.0.0.0 Safari/537.36
VM58:1 cookie: 
VM58:1 localStorage: {"dc3_auth_key":"\"a126b6c50bc4a098901ba71397b2f5a7e4020957545a109ff21eb2690086f37a1644d19b82c5be7e1242f7fdd0fe38919d1d7c36d76cad1a1c7d5c0366a3147e4696a0712038aabc42d7d23dba78d6a602bcb143bb96bdba16943462a3f1b6976e2cd6b28a58cbe33fa8838c5436264d553b6360b28584b76c227705de236d9b4623fbbb488f3526e8c1049cf8f203de3d2e30c1e26896130ef1ab1fc8e9e935aafbe671dfa32a1b229ecaca75846e2af9527056f9a83c7e88c00ae4970804572cd8db1afbeac7671398495595d6cc80670e14fed75da61731f481e7a63834d393cb6a0ea0383ed9198c9fbc04fa75a062343d278ca2274502bd87bfaa7f86fe\"","k_build":"418","dc5_server_salt":"\"ce341580c8584d5c\"","dc3_server_salt":"\"ecc3336eb488c609\"","user_auth":"{\"dcID\":2,\"date\":1698482064,\"id\":6546598800}","xt_instance":"{\"id\":16530199,\"idle\":true,\"time\":1698482078934}","dc":"2","dc4_auth_key":"\"9e4daf5429a07d9e4ee01b4b09508c483a5615d85eccf88f489bfb2581038a993af798f08a08e9d0ecf0a5077c224f8045587642a9608d92667c56058fff6836d9d527832474ee45bf2a5a3e04c477a7b0b2903ecedb604c7110cdc1659fc2a351c8fe149291af776eb9ba3660a5f26e601d097fb09b1d484fae03e4bcdfdb0e737cfdf0cfff61e893c94a77717408a4a12128121c3f7bcb09d9ab32123e37b293ee5a2102b168540e862d40fe529313b1320b941969ed6cebaa63e3641fe642efe59ca3b24dbf6c0f1d8343cad270bd14323f31cc6020116bcebb2af0009a05a0d542d1d13817c8028f39ec6e295fb7b32d6417ede32cdc7e5f2fcda93cab38\"","":"","dc2_auth_key":"\"73237a4d737c9515d6581247f343d3bf532d29ce9f14cf7b5c7f3cb986ebfa68d0749dc8be1a00e26900a32c14688673fff51a133c33b8b85f73458ee054741173de22b10e08d99e1762b95b345e2edb18f3a11d10bd80443da20e56bfd37376fe751d09789e8aa38708b3281a88928fa8a44414761a322ab1b3cca22142aa24dc26d7adca01618ccae0dfa19fa1c0c3f27ae83045e8bc0a67c79325c284abf08ae5a2f4044eaa38ea25d3bcd699365b5f007d9c85d96a47c02e5721d030b2351a7563a0adeb8b6a429a0ae4698075681eca385c1ec4530d0a666e21c8de51ee361bd76dbc2fdeb7de43ad07c69a5d3ebb29a629083f0fee1a2b761691bb100c\"","dc4_server_salt":"\"116ab537f5728b4d\"","tgme_sync":"{\"canRedirect\":true,\"ts\":1698482065}","server_time_offset":"0","dc2_server_salt":"\"afbc4728ee48bbc1\"","state_id":"1032726248","auth_key_fingerprint":"\"73237a4d\"","dc1_auth_key":"\"7636de0486c0160914887426d0f98fa3b542010eb1a2f9d00444a888caa161bdc8ac9139a66373947a5b9db223bf21cc29072ba4a1757a566548ffb3c611eeb883173c9bf51906bafbedd2a6eb140325e89230db2b748e6ef63136e4d4d09e6660c11351d758dad7303bc341b887621bfb8ce4ffbc280fa6dd5ddc1c765fad730387e20755af80f0982aa46f8d0406c4bde15623e0b3f530894937882da5d6ca873b20a9d617224f2c71878b6bd4b0453f60c4304739e91a97eaf62390a2850e16bb9ef974b25754ce9d569c6c15432ca7af6da3aeb83dd52738c9632de61714f6cfa88772c42fbe93e6804f127e5365d6b898f0eb9b30c27a9d604fa9a68bdc\"","dc1_server_salt":"\"4d7e558f7ad010b5\"","dc5_auth_key":"\"aa931aec71bc551ca6cb807c5bf09c757761dfd6712d488c31abf97f689218f79a24241127cdd665055aaa7ac45bb0951b1175358d0520d0ba6edd543bdcff6ef61f553543f18fbbe30b73261176ede8cbc4b01e6144514972ca7cf43e0c09cd2aec4e594306b9c3f2a4d2507c240cc1c4c8b04649f0886f0d53843a06f1fc9ce2a3e4eb66da2670de7decf1ceecfd59562b53b02e84e22975285f5fa1eda47d6a6d27731484315451f8cfc3c281dbc07ac0173df3b86f32b1f5b35e6193e8823947def3a597aeb3bc5ee1a922bab2e143e35068ad2e22aebc31278dbf61949b5ae789e8d7a28b8c442e75323f0da473225f94a37185c7d93ff7288fca1a25fa\"","tt-global-state":""}
VM58:1 —————-
undefined
