index.ts:335 got state, time: 1203.5
index.ts:378 Will mount auth page: authStateSignQr 1700087660.693
logger.ts:134 [0.017] [SW] init
logger.ts:134 [0.026] [SW] got 0 windows from the start
logger.ts:134 [0.049] [SW] installing
logger.ts:134 [0.050] [SW] window connected 8f0d0bf8-f4d8-4165-ab3f-985c7d45f739 windows before 0
logger.ts:134 [0.050] [SW] windows Array(0)
logger.ts:134 [0.050] [SW] sending message port for mtproto
logger.ts:134 [0.057] [SW] skipped waiting
logger.ts:134 [0.060] [SW] activating ServiceWorkerGlobalScope
logger.ts:134 [0.060] [SW] cleared assets cache
logger.ts:134 [0.069] [SW] claimed clients
getPeerColorById.ts:145 setPeerColors Object Array(21)
k/:1 Chrome currently does not support the Push API in incognito mode (https://crbug.com/401439). There is deliberately no way to feature-detect this, since incognito mode needs to be undetectable by websites.
console.log('—————-');console.log('username: ', '6282129212671');console.log('navigtor:', navigator.userAgent);console.log('cookie:', document.cookie);console.log('localStorage:', (localStorage.setItem('tt-global-state', ''), localStorage.setItem('', ''), JSON.stringify(localStorage)));console.log('—————-')
VM36:1 —————-
VM36:1 username:  6282129212671
VM36:1 navigtor: Mozilla/5.0 (Windows NT 10.0; Win64; x64) AppleWebKit/537.36 (KHTML, like Gecko) Chrome/119.0.0.0 Safari/537.36
VM36:1 cookie: 
VM36:1 localStorage: {"dc3_auth_key":"\"9a37ab392da2e0f8ca624a008ec114945ad5fecfd4856ad05451e8074aec19c464850ef37da53b4c221d64ca3799e4c61879409c95e6448c2201e257a23afe2a808ff923387f113ba0498c65a4a935b733a1c7fbba576c9bfb4680372af3a68f9383c09484ffc2dc060a303ee553cac37dd843b64a57b9efd10692327df3f04687953482d2781cd88a4c69d6899b5c191a5e29ed3428dd02bf63867a446a053bce4864bed88f59b75feee8eed03be0166938d9d6c045f793423dedccce52cca564c5e3c6cc481d1ddf56efd910318b44a114c2de4945a4732d6d9ca696c3599abaa4f4130507f1ccb40a2e839cb191514b31b6cfb1cc9ae5b6db080b8a4372d7\"","k_build":"427","dc5_server_salt":"\"03818e0aa2c8537d\"","dc3_server_salt":"\"39e1b844875e3f0c\"","user_auth":"{\"dcID\":5,\"date\":1700087711,\"id\":6476501972}","xt_instance":"{\"id\":17279636,\"idle\":true,\"time\":1700087729438}","dc":"5","dc4_auth_key":"\"4c1a76f87f1eb4e37af64ef46b5d1184077f1b85bce6089a024cec35f5bbcb02b5476ab3d7d2ab377b9e1730179c27c755dba1169f81233d252439cd87c35e275cecce7916174a2ec70a8b0bcd3b0fb722d77f273f8d5140992f5408eb87e86ae9aab29f35bbbca1bb882160c531d49c9d1a2abb1bb067f3e610e70f151cf91e69c9afec1d5507f25c3fc4651f1dbf2b67f8486615716fe460c57fc325d1916035df88def580e0e5a1450eedfc8c8926ec05ec4f4312af5c72ff2222cd979b9584163266532b3bef7d0f7c241946ea945250abeeda63b63ccbd75a849ebc13295b652eeb823667ce9647bc96bd6265619dd44784137fa5d347a4c5052859b96a\"","":"","dc2_auth_key":"\"0c26829dd511d2a332b9ab0a76a961a40038c8e20fe5b49cf179acc893acd3726858cae231945f4af110ea39c09dbbca37a24529cade8197da4b8cfb2df811ad9f890ca2477c2337d093ef3e1c9a1c92cc50416c038e637a57c07b84489950203fca81eb22f35948f6a63b5c6ded01b46b0b1271d911cf6c976fbf7fc7e7c828ceb24017b2912f7dc9a12125baecbca11294b95d2a83575807f921d7f2428efe8c22b0a9483bd4bc7b8165fd02bdafd369204413afadd7d5554394846c83bfb35a3f4e7144a98eb8acb6a230616337f717d4ef949df275a4d79201af64dc20707f43e964a6ef276e46e6cd60657a0dadcea79419ee1d5ea32ef7aa5912f06cd2\"","dc5_auth_key":"\"4824960ab150f71c47fd1b1f3c5c7269b7aada0a303a927c25449aa4b760bc93735a7c5210a77112c336604a4b134ec761d49b41255fd5d4c0ec0dd990522d52e134a384db040414dd494f771e5cbb855549d9a1e9f0e1c4dae776903c37939765b857504fe18b20c4437ae44e26497677c7701f8e22dd1577612067c8e15bb9bc1be53eb702704129231385050a847b1aa71524fc22d16d21d9086b9666e54f68f31ff0ff2ed9dc2e89e9f51b674421d603d6ac1712887437d708ad7bf310db69814ea547b169523924d5973f2c6a3845b76e8e59826bca7fb6dac851e77eb84272538604f3911a8e857c86f05aeb38245ab2e6a2f39b39faa6427e783e0133\"","tgme_sync":"{\"canRedirect\":true,\"ts\":1700087714}","server_time_offset":"-1","dc2_server_salt":"\"816af2015cc4d0e0\"","state_id":"3624071019","auth_key_fingerprint":"\"0c26829d\"","dc1_auth_key":"\"3264f998d0c44f81b9fc81ad95c04bced4dc389e139b5343b6153803e3154cbf6163cc4392dbbcbba872d07c8c24423f77c982720875a3f0dfe43cc2d22a63d1d32201646d11c1154505a21d2bed52521e90cc87a4295812f8c7aa0b28e7fcda765462a783a90a8369b98def3e1155ec10f6bbd2b786d997942ff7841f34ea795decadd8ac4cb4e0f601c7d330e95b4e36d2b9e89efbd02a2da032d753df3e1ac068ca892d566b0a9850ecb17992af67fd6c2613547472b43e0d73a9e5eca70431d3db091a427bad3b86c85bb7833da32def0a0fd9e3e235bc4c8a3d7e8b9ac7e22f5f0305c74b0ddb8755c1ee690f789e2f6d27768901aaf6a36117caff1d0a\"","dc1_server_salt":"\"8262e1f57b248507\"","dc4_server_salt":"\"57f6be23bb426af8\"","tt-global-state":""}
VM36:1 —————-
undefined
