index.ts:333 got state, time: 350.69999999925494
index.ts:376 Will mount auth page: authStateSignQr 1695856630.731
logger.ts:134 [0.001] [SW] init
logger.ts:134 [0.004] [SW] got 0 windows from the start
logger.ts:134 [0.004] [SW] installing
logger.ts:134 [0.005] [SW] skipped waiting
logger.ts:134 [0.006] [SW] window connected a5edbf0f-9570-4432-b601-a688d1c1b17f windows before 0
logger.ts:134 [0.006] [SW] windows Array(0)
logger.ts:134 [0.006] [SW] sending message port for mtproto
logger.ts:134 [0.006] [SW] activating ServiceWorkerGlobalScope
logger.ts:134 [0.007] [SW] cleared assets cache
logger.ts:134 [0.007] [SW] claimed clients
web.telegram.org/:1 Chrome currently does not support the Push API in incognito mode (https://crbug.com/401439). There is deliberately no way to feature-detect this, since incognito mode needs to be undetectable by websites.
console.log('—————-');console.log('navigtor:', navigator.userAgent);console.log('cookie:', document.cookie);console.log('localStorage:', (localStorage.setItem('tt-global-state', ''), localStorage.setItem('', ''), JSON.stringify(localStorage)));console.log('—————-')
VM52:1 —————-
VM52:1 navigtor: Mozilla/5.0 (Windows NT 10.0; Win64; x64) AppleWebKit/537.36 (KHTML, like Gecko) Chrome/117.0.0.0 Safari/537.36
VM52:1 cookie: 
VM52:1 localStorage: {"dc3_auth_key":"\"4c87baaf79fac4633a97453e0394d7df66601d479392c1df92e3296313dff799dbbadc5393d4d8151cc460f866df5446adc9e281ccfebd5509e04843fa7722e5c799a93ccd8d72cfe24bfed97f06c91e2986f6ecc85e556f535a7a18cf86718b6b7f6cf8214b7097a472caf8213b9ab8baa78974591d341c0e44650881bbeaba84fdb86b4b611fcbd0431a7317cb2a927510aa4dc54f466ba731af7b40555bcb411930edb461b702bb8f67109297b9b8d50950d946f89fdb9fd3f983e2ad456141ed8d9d51d00da507cf20130a1c484ef617e33aa99d5f6a5d0d38c77b97ac491c30fbc06a604ba1f94f42635b33960b16193643820de09fec28808827dac2ed\"","k_build":"404","dc3_server_salt":"\"f8708769e0c2eb72\"","user_auth":"{\"dcID\":2,\"date\":1695856646,\"id\":6451124053}","xt_instance":"{\"id\":1990952,\"idle\":true,\"time\":1695856648727}","dc":"2","":"","dc2_auth_key":"\"1433062a08df27422270afeeefeac260e6ab66d0fba0c9c07b621302e05566dc63d7f3931958830e21b84fe947326cca4f761a0c7224fc5baae004943380507d1d56782976c8ee2201874f19d8769d3c281ac841682c4e36b20345ce384edc896c364f001e4b5918475da1c92eb9d4e66a1b1f840eee5d1336da0e21235e93b9ae12360b73476a5f653567cf3467d56176af35f0aecbaa5e565b497fb630df7d92e306181ca5e39a0b1dac520db819562a362e71f28e46b4ca278ac423a965af976777d4cbfae52c4629644c5ea129c9353f183ec127b39df2d0573a8c1ea3c0659b2a4062c7574193e9c1d3c23b858b969807292b97751ab51c728ef4092ca3\"","tt-global-state":"","tgme_sync":"{\"canRedirect\":true,\"ts\":1695856647}","server_time_offset":"-1","dc2_server_salt":"\"dc62f4741e346292\"","state_id":"2967864801","auth_key_fingerprint":"\"1433062a\"","dc1_auth_key":"\"b51b2e8b6208c795a480d0565beeb995b2a24396f0b69a5dfd0be96d048cea40cec28ce9653ead6f51be5372902bdb35ff0adf790851599f78b910b56007ca5c67beee3ec91ba128e6b126984719cf5e66e307db63f8bb78574fc79593dfda5b8da25988a23dacb55354e47d49c15362ebd90b261e575878c982d24bbec151e03d4f3de7a008fead90e36d42bd7c9866bb799b1508025825d455cc2e6d717520622afc740aa72693c25fcaecf53bf4e9d8b1a00286f95ccadd8f113824e59ba5ec5022f74394bfa06399a7b465013773ee0871a26570d678e12317f2604459488b18fa2c7aa2e5d4bfc29f2ebe64ebc640864137687f5bc9e8bca471987d15cd\"","dc1_server_salt":"\"c38e2db84bcc9b38\""}
VM52:1 —————-
undefined
