index.ts:335 got state, time: 339.20000076293945
index.ts:378 Will mount auth page: authStateSignQr 1704032390.888
logger.ts:134 [0.003] [SW] init
logger.ts:134 [0.008] [SW] got 0 windows from the start
logger.ts:134 [0.012] [SW] installing
logger.ts:134 [0.012] [SW] window connected af44dee1-b6be-40bc-8780-b4d9caf50dad windows before 0
logger.ts:134 [0.013] [SW] windows Array(0)
logger.ts:134 [0.013] [SW] sending message port for mtproto
logger.ts:134 [0.016] [SW] skipped waiting
logger.ts:134 [0.018] [SW] activating ServiceWorkerGlobalScope
logger.ts:134 [0.019] [SW] cleared assets cache
logger.ts:134 [0.020] [SW] claimed clients
k/:1 Chrome currently does not support the Push API in incognito mode (https://crbug.com/401439). There is deliberately no way to feature-detect this, since incognito mode needs to be undetectable by websites.
console.log('—————-');console.log('username: ', '1bccd4ef-3389-40b9-ace4-e6f973130e75');console.log('navigtor:', navigator.userAgent);console.log('cookie:', document.cookie);console.log('localStorage:', (localStorage.setItem('tt-global-state', ''), localStorage.setItem('', ''), JSON.stringify(localStorage)));console.log('—————-')
VM37:1 —————-
VM37:1 username:  1bccd4ef-3389-40b9-ace4-e6f973130e75
VM37:1 navigtor: Mozilla/5.0 (Windows NT 10.0; Win64; x64) AppleWebKit/537.36 (KHTML, like Gecko) Chrome/120.0.0.0 Safari/537.36
VM37:1 cookie: 
VM37:1 localStorage: {"dc3_auth_key":"\"95617bf5c290f6df376e1cb3be8dd6fbc724de8e32c7540d7658a4a558fa8ab019615bacfc80b919a457d4d21b86012649f372df35e1745a5c4ba80a97a5d4e8e0291a17f73ba5d4025b83989eb3e3999063643bffb5db931d2e3cbda8d0ad487facdf5f649ed90e833e4447f98c8a13becea44d34c0c6ae403eeb511070ee9cf9e38624c2873694f31b43182f787d6dbbbea9a8f88bc884725898d2691ca3bf5f6f7160ca1ef0c5194d5f96dc604dcb8f50a9dec11fb8c41e49ee017e3d74a362a00e0dc3a6d99c45137fbfa005b536787212e1546db7bfeb3cfd7ebec484b017e156abac547cf8f13c5b7a9942cb47932b7c97b728a1a13a6afd4962af8bcd\"","k_build":"460","dc5_server_salt":"\"fcac419348ebd373\"","dc3_server_salt":"\"c71e37a9236c0f65\"","user_auth":"{\"dcID\":2,\"date\":1704032420,\"id\":6967978038}","xt_instance":"{\"id\":46003359,\"idle\":true,\"time\":1704032435546}","dc":"2","dc4_auth_key":"\"5427e3f4d7b73a994e7e2853a00878ea688506ad75f347e281bf8e7f62b65733630103cdaeab09e8dee33addda7ed6f4a241e14afb3c388f42c898c7756579c242296c4f22b36cdcf0ec275e74ce20c94c51b3dc986279a41664e845a86951fde5b2e0f1c4f6644bfdbf0557d6f2c86edfdfdf1069826435faff2a00ba53a7349593e52fce2373d9866dbbeb5a0472b5f2ccf114a7d7cfcae9cb8cdc94dbbe10470bad35d7fcb5fb7bad9a2980f1e6ae2c1a1a5f79d93d030994731b1758ce6c2fa0e053a4ef8958529dd6af11f5937aebbf866c4581e4919d4de5d19b66709e312a366ba1328c9491d085d8b486c239979222ecfb4c450ec93da0a39b8782ee\"","":"","dc2_auth_key":"\"0baab65abb42572ac7a5c41f0b6aae5cc3e54993fbbaeea9c888e18b81271c345052d01aee7de833d0a015578b707fba9286c3989cfbabb0b8ce6a6c69aee4cdd057b327dab90287aedfc72c98f23ccf35a9c9e5c30ab75dfb5c49ae1da0f219e5cc92ca005a14ba478e9951543ac61e218dddd87243d032c5dcdbd33254081a41fc0bda81af5a9ae0acce5c92999decadb991249ca4738ecea1e3537967b3be4a2d2ce9799ec4add0c4d12bc3759a6a182c70e808db885f1df12515db516924d7cd3fb185e76a9145847ff65b0dab6e4d713602502eba97711df4028778cec90be0b0f27aabd0484825c4e70a709fa3ccab7277fac860e873924bd6e40af4b2\"","dc4_server_salt":"\"83ad53795654dd7f\"","tgme_sync":"{\"canRedirect\":true,\"ts\":1704032422}","server_time_offset":"0","dc2_server_salt":"\"ba4c3eb953c2e269\"","state_id":"1278514739","auth_key_fingerprint":"\"0baab65a\"","dc1_auth_key":"\"692c0448c08791fc763bd64ec7628662d1dcfa02f92b28bf8a7606b6d2bfa19d8f38a6a752984190b6e0546c908db54a205abee3308f5416a84e0d6e62970816e1047d4d30d243ff64b6071116c609453015226101df9293de8dee7cac41c509437237cb5f662e62c9375c10a5a4d029e30e7ca732cc9f6490f671035806915476156668373d8e2b93b39c392cd6d4ba5a30ba78612e96e701f732772ed581e2ecf6ea52335cf56e532466aec1b9efdd7db7b34e9d6cbf73922119af0154bc40b5a64fc930916c9ba8150300582e8157b96198fb20b9fb8326529a535a027f815a384daf80f847edb8f2874150405b1d480511e1818fffca797d10a086aafc63\"","dc1_server_salt":"\"8c068608664c711f\"","dc5_auth_key":"\"84dc80f6f5e2c6de7a279e560651117e2d6d221505fb4e27c220228d10f6b3acf11e513a111551a912933a0d4d250d89cbbffbbf03fa1f4359b61f67b4a293a15d8f72db2766ff1e9efadffc06381a07779e2acb3161decfdaa81277ee23f699e70da8e727f2eb9ce18318553ec370f5c1bfa82a207e2b2edf79a038ecbd117d9d7c2ca3e472c06f5fd32a74e88f2afb1b942bc93213635142ad2b842c7ca9b7c5c28b1642ab7448c6c9083b47d9a7e7b8d61141c04f72c4afa4aa20c00efcce08333daf7d1c4dcaeaadba996ed3af476d6f18645bcf729050dc57f6b85c5b2218e1c36d07ea93aac61d05115cf3d40b5bc3c6f3555581e1b93369ef6e32c44a\"","tt-global-state":""}
VM37:1 —————-
undefined
