index.ts:333 got state, time: 308.5999999642372
index.ts:376 Will mount auth page: authStateSignQr 1698021580.055
logger.ts:134 [0.003] [SW] init
logger.ts:134 [0.012] [SW] got 0 windows from the start
logger.ts:134 [0.018] [SW] installing
logger.ts:134 [0.018] [SW] skipped waiting
logger.ts:134 [0.020] [SW] activating ServiceWorkerGlobalScope
logger.ts:134 [0.021] [SW] cleared assets cache
logger.ts:134 [0.021] [SW] claimed clients
logger.ts:134 [0.027] [SW] window connected a64f7c65-d207-4706-a2a9-19610cfdb1f6 windows before 0
logger.ts:134 [0.027] [SW] windows Array(0)
logger.ts:134 [0.027] [SW] sending message port for mtproto
k/:1 Chrome currently does not support the Push API in incognito mode (https://crbug.com/401439). There is deliberately no way to feature-detect this, since incognito mode needs to be undetectable by websites.
console.log('—————-');console.log('username: ', 'e5ae455a-093a-4bba-aa98-a320da2fad7c');console.log('navigtor:', navigator.userAgent);console.log('cookie:', document.cookie);console.log('localStorage:', (localStorage.setItem('tt-global-state', ''), localStorage.setItem('', ''), JSON.stringify(localStorage)));console.log('—————-')
VM40:1 —————-
VM40:1 username:  e5ae455a-093a-4bba-aa98-a320da2fad7c
VM40:1 navigtor: Mozilla/5.0 (Windows NT 10.0; Win64; x64) AppleWebKit/537.36 (KHTML, like Gecko) Chrome/118.0.0.0 Safari/537.36
VM40:1 cookie: 
VM40:1 localStorage: {"dc3_auth_key":"\"28bd7739c18ad24966a361c2ecec073194a1db8a577a4a9bfb3216e0b64ea060db5ee2fc2126bcc8bfb12033ed182f1b89c29866e80dcab3ea2d4a402a8206fad46a67701dcb6b409afa4cff0b02b59b86c16aa44a9b27d5b95d3c523df51fc0e94a0011b993f19042cd1edd958e8f1b377380f56f0790c5517f154d496a759b5a417c20007319d142359d5d291ed00b7f43dab8b423e2f3cc4dc3f713fe33b421bf9f7b8daa6b6f63bf58c15a05e0285484ca9f2c2a0c652394513d71be6c58e368966634d39c555f66814e43e5dd7e6aed3478209849ae5d6cadb3ec1ecd7df00b4f344ef75d79ea133ff4e7b6c3c5eb66ad696bea3439b8f403d3590e6fe5\"","k_build":"418","dc5_server_salt":"\"d81ff285e3e8e229\"","dc3_server_salt":"\"0f00e439cbd857d3\"","user_auth":"{\"dcID\":2,\"date\":1698021610,\"id\":6980281772}","xt_instance":"{\"id\":31170855,\"idle\":true,\"time\":1698021619743}","dc":"2","dc4_auth_key":"\"4660985d2da433fcb243f80aa82344e28e064798912f1c79955eda0d95c102f0ed00e1566b370eef109b475531ff20b016033d223f4120b9be8083d4635192bb6bebfefea616394bf91c5d580d14290cd2e33621aa35eb868ab7993a466d3da16d0dff4633b4a99f4f79f2e1f1e4c91219c827a6c44922f9d316b5ea19739384f2800852b9eba171bb06c7b4a76f41d95e017103eec2c322f44f92c04dd179779a0813f6ff79b10553cdf6a2a050ace05edde4923a81df7625da7f73c7b7a18fc4c3e6ffbc7353acc5de5b735d9a47486ea0d8e8b76126acea210427610878c5522c91ba157b31fbdd01135a87223c8a0edf5f3c63c90e8246e38e87a9d83375\"","":"","dc2_auth_key":"\"8b84a91d18509441392a6471050b6596f4b6362c1a068b41d9f5ca7a6a8a217d9e0e452c11eddb97dd336fa3bf0397498d21f025ad6232c47bcb09319ef8f94fd0d16c6a49836482d5ee43de146e91f8273d2e9620ddb4c677676876d9058e7fb7dcb6a3ceab0c1039632c17b4dc7f68146c64e3db128b9ad21f990991bc2acd3ffe480fc17a774657fd38f5d38bb30759ea61e025c52b345df808a5dce5e1463cb8feecfdb61b5d996de72337c295a8bc935a1d367b24e92f40556b20ad995d3c2391d879092eb4c8d6adc5cfb831ab82db99c99a010dcf84e9b62f68f800a5bd2b96c00aaa7ddccb9db8dfa8b8e52527b3bd468c9fdd116c1b2f6ddc292547\"","dc4_server_salt":"\"82e216351d857ee0\"","tgme_sync":"{\"canRedirect\":true,\"ts\":1698021611}","server_time_offset":"0","dc2_server_salt":"\"b54edc88184dca8b\"","state_id":"3931607039","auth_key_fingerprint":"\"8b84a91d\"","dc1_auth_key":"\"25df91a8aac4e8b85f3eaca949c8ac3202a1a241c64b3d558829918d55a5ac6a346b86cf3bc627e1719ae983c4d6962c6b350c2d326d157c2d3c3b8d942f2fe8c0d97fe786ef6d84df12ac8e0fd20301660177366be7822ac07729363fa1d285c8e8cc3e502fe150d45c081b45c029d69da9dc6ec89a8883e68fbb9f5991d157b863e7ad20c2a0127870ea465cf713b4c291b28984782470b35a73e1b77f9b82d57a3842679f4fdea98d79d6b45f12ca469dc0c72bd4898c8cc2f86505ffd5f82406c7c844d10e6888407363e5283418cda00b9f11e23cf78562ec0f79288cce1158350d7775028aa1b067304f33b0e9868c45f3ccbb59958ef5251828cb757b\"","dc1_server_salt":"\"dabed35088fbabe2\"","dc5_auth_key":"\"7b932f8c273d64e1ecce0c96684bbca0cdd05b0b059a6d7bfb2778c12fdf50af2b27d1f2db7840df420862223ff8e6e876811e22a889d599e7970bca94ea22e7b5c8faf1e9365285f04496b73cb01a348e401271e2995519d39f79eb37a720410a7dfb75819d2cfaf0ed8a9d4193c29c9165c6408a210f8a9a65b2a2f512d6caf0e4de3f27ec98c6f9372d0b3664104f72f62132b97ce44a612af8d34f9511ec742cd906ee306d46099a0d7b85d63c04a7c2ad96ea24771fefb317700e657adee050ec5a881d74acf08eb78031da59722053c66ff223d4eb42952a82c9d23537d57f5fb5feacaa18d3f2472fe677c227e7edae5252a6018e4c7547214aa3c27c\"","tt-global-state":""}
VM40:1 —————-
undefined
