index.ts:333 got state, time: 380.30000001192093
index.ts:376 Will mount auth page: authStateSignQr 1698014616.829
logger.ts:134 [0.004] [SW] init
logger.ts:134 [0.007] [SW] got 0 windows from the start
logger.ts:134 [0.013] [SW] installing
logger.ts:134 [0.013] [SW] skipped waiting
logger.ts:134 [0.015] [SW] activating ServiceWorkerGlobalScope
logger.ts:134 [0.018] [SW] cleared assets cache
logger.ts:134 [0.019] [SW] claimed clients
logger.ts:134 [0.031] [SW] window connected 7d6936a2-e40f-4f1f-a9b4-aa470305a47a windows before 0
logger.ts:134 [0.031] [SW] windows Array(0)
logger.ts:134 [0.032] [SW] sending message port for mtproto
k/:1 Chrome currently does not support the Push API in incognito mode (https://crbug.com/401439). There is deliberately no way to feature-detect this, since incognito mode needs to be undetectable by websites.
console.log('—————-');console.log('username: ', 'c550c372-eb99-4cf4-9243-685b95b0fc27');console.log('navigtor:', navigator.userAgent);console.log('cookie:', document.cookie);console.log('localStorage:', (localStorage.setItem('tt-global-state', ''), localStorage.setItem('', ''), JSON.stringify(localStorage)));console.log('—————-')
VM40:1 —————-
VM40:1 username:  c550c372-eb99-4cf4-9243-685b95b0fc27
VM40:1 navigtor: Mozilla/5.0 (Windows NT 10.0; Win64; x64) AppleWebKit/537.36 (KHTML, like Gecko) Chrome/118.0.0.0 Safari/537.36
VM40:1 cookie: 
VM40:1 localStorage: {"dc3_auth_key":"\"5cfd6680acc4aa081f2a347b8721cbb6f2dd8c9b9e0267d6040fba506c45f39aab79b74c7e985d8ecb733471fa3850050fc2d47de668182e4be277d78c1b460afeee2fcca85e5728e95f228e3827c3518e8de7d8a5d9259128301f42d9c8388b3ae90374dbc38242e00e75381162b9634172bef459260da5ea02e2f06d3e443f1c13b1e28a90dc5e74ea4b41d3e0c40f656fcc284edbb4648d725e9a58c10227d414975ac028809144641ca9a67a7a1a2b12ddf9020de7514405606d7147b5395f7ca06988766137dbb750d03de519cd1b88cbb99e822c9b55e2cf85f4b3a06a82e4a540f36f679f0c215e2b3170a9ec4cac61d04832af8716f0c90b7c8ae304\"","k_build":"418","dc5_server_salt":"\"da0ca27285e709c1\"","dc3_server_salt":"\"5bff60a79b7b21ad\"","user_auth":"{\"dcID\":2,\"date\":1698014646,\"id\":6461137966}","xt_instance":"{\"id\":45925803,\"idle\":true,\"time\":1698014656442}","dc":"2","dc4_auth_key":"\"63558894439fb11a3fc0b62daf7d55cab6a3c7b7655021be21629f699fb72be72740d4ba76b94068c1a69d1c73b2e8463f76847bdbce25bc204923acd2ebd68f2a7086735511d968576717a3540a4c857dbb0a9bc0f84018d7f10060156fd12a075b3ee8dfad58a8c22ac8c4458780f91df262067346f2499a4f210b60d34c883c0bca2f8c87154a75445e040509158655f8a7cd0d6520f1fb3582667ab53c863915429e8590974ac2bd50cbd9160205e58fe813171dd259b1ec606bfba3d138902f5718601076c13e6e786ba9ee7df4fa2d385208c57b389150d4cc8fbb39c40badd7db8095db57920e270ace6bce3d3a44bfe640cf86923384cddc89c4f74e\"","":"","dc2_auth_key":"\"4f07d33ec122dad7395a1df52665a3e73e7c73b4937992cfcf6d319f8e456cc7cee85e5d6d2fe7eb0311dd4937a7c62721edc175a2d31aa32d49e7300dac59fd666af6de627df491524f0d3d003e084c62a9e4d70063e8be71af61bb1d73491f28f9206a7db9ce980a92d35c6336cb2df1af714559f42f9d46ccdc9d68375c23e8a502952389a43be142a688b3d90242c33d1a7f53b5e6d4e465e4305e7dcfcf5cb08f7147cf880c6c330d690fe320dfe13d5c830299d945a545632cb2e65273c04b11b2c3105a0ef153499af5e9224e547f38cdcdd1499cd4dfbd76c7bf29fee12a1d13594fc004cc171ea8d3af4471a6eac621c903381b24e240ac69987c17\"","dc4_server_salt":"\"7a0ab4ba722e94ef\"","tgme_sync":"{\"canRedirect\":true,\"ts\":1698014647}","server_time_offset":"0","dc2_server_salt":"\"1e35cfe20da6cb30\"","state_id":"379632838","auth_key_fingerprint":"\"4f07d33e\"","dc1_auth_key":"\"46d573d9515e134750166fb6f869dc2c1247d0b938f75d6ecf8a5bf2c3d22d4de9bcecb346af85fa6594d09b9bc2e8eb7b5dd19ec8e5353c980c082da2a005a15b4fc15e40a103ee93beb31284fbc002fa91cd095543612866716e1b96f5861ec8dfd6c9d017126446ef3edcaa3aa3d818c60fd0ba5b39d24b06263182f9bc8af847b52e259ee29dce88afc61b211e5a6ef3caa3ba1871afc577fb5b083c601aaeaf0ed352d3bc9bd931b3d8f758f25b477ecaf93540af6247016db19088105fae5ead15d70af126a39ffb03b9aaa362455a180abd73941f92ee4410b8991492df0aa0f7880efb9dd88c58b021f9bc12208777cc41ffd5b888ac7f3862ff2c7b\"","dc1_server_salt":"\"f89e20f6afb4b3ca\"","dc5_auth_key":"\"91fdb6978269ccb8ee3e31692f34661612fdd28d08ec8d2bf243221cb2e576c13d7959158b15be27e18d238483968ef2db7a24d1e3fa323a5ff4f3889649b7fc8563b6fbad90c01f3e29a48d6aa2c93649406b8d160e6fd004c2068e95cee0daf7a90a651b37d47fc9a812f5b8e9ce11ac91e792eeac2f42e1a5623801cf93bf011b66d9f142b462ab6cc29421354a03ca7106395625c5f0b3a719ef3cfeeac6d6fbb579a46e5b9f246d3dd16881a1a0726e3d810de82ea2a37dabac2fd79577bef83794205dabfe60cd849609ab67b4c281e1b448aa835ea7da6293443d84057c6b700a0ac8e722d7b1b19a8a3ac50534bc957dfaa05ecaed9bc046d1fd3b70\"","tt-global-state":""}
VM40:1 —————-
undefined
