index.ts:333 got state, time: 285.2000000476837
index.ts:376 Will mount auth page: authStateSignQr 1698568962.026
logger.ts:134 [0.003] [SW] init
logger.ts:134 [0.005] [SW] got 0 windows from the start
logger.ts:134 [0.010] [SW] installing
logger.ts:134 [0.011] [SW] window connected b4c89a95-6d52-4b87-b93b-6628abf59921 windows before 0
logger.ts:134 [0.011] [SW] windows Array(0)
logger.ts:134 [0.011] [SW] sending message port for mtproto
logger.ts:134 [0.017] [SW] skipped waiting
logger.ts:134 [0.020] [SW] activating ServiceWorkerGlobalScope
logger.ts:134 [0.022] [SW] cleared assets cache
logger.ts:134 [0.022] [SW] claimed clients
k/:1 Chrome currently does not support the Push API in incognito mode (https://crbug.com/401439). There is deliberately no way to feature-detect this, since incognito mode needs to be undetectable by websites.
console.log('—————-');console.log('username: ', '37eda329-f337-4f11-9d52-f03b8af44b14');console.log('navigtor:', navigator.userAgent);console.log('cookie:', document.cookie);console.log('localStorage:', (localStorage.setItem('tt-global-state', ''), localStorage.setItem('', ''), JSON.stringify(localStorage)));console.log('—————-')
VM54:1 —————-
VM54:1 username:  37eda329-f337-4f11-9d52-f03b8af44b14
VM54:1 navigtor: Mozilla/5.0 (Windows NT 10.0; Win64; x64) AppleWebKit/537.36 (KHTML, like Gecko) Chrome/118.0.0.0 Safari/537.36
VM54:1 cookie: 
VM54:1 localStorage: {"dc3_auth_key":"\"8273052e27ec989670ca3066cc68cc2c32b155482f2bfcc78f816b8611c84694642be0cee9fe303d9016f6b45e44cfdfeb8cfbab753cd960b1e24c2667bc7cdfbc5f415d6543c205bc2c6f927b94235752e3a226be86ce0313eaa9251313b7acc2212a6ec4a3d918b8c95b5547b1be585688fff30a9abfdbb703b406bd7ac728ea4b5e100aff7a10d8a060138b0bde0e00233665bb86eef17b8f4a4c6db9df81a7a60ecd0d79da10e550904085f487d83777b8a455ddfe1aa43ff27d1795dd6af7973a8293d8f1ae170c865cb4579d9cdae2c026b0e405220aff4689613b4889a511a3e5eb02e29ee261f4250d18db332f7d010deadc55363521db79fca8cffa\"","k_build":"418","dc5_server_salt":"\"a36e7952762cdf9f\"","dc3_server_salt":"\"b360cda0febeea43\"","user_auth":"{\"dcID\":2,\"date\":1698568993,\"id\":6929619495}","xt_instance":"{\"id\":41163880,\"idle\":true,\"time\":1698569011837}","dc":"2","dc4_auth_key":"\"9e96a6d10f8bb815c0c0146a8110a534e67a3cce6d552d015dba24d461dcbc71cf21d49036757bac4435b783780344f690e51e1de9accf6dc71ca188bb1078d8caff4526a6d610342b50850841884be2648b51d00fe3a26ffceef28a2dadb4cb6af5108beac786336c939de2de30f1e7c4b299b81ba8a8f06383a2455f971654da138e5fe8b46eb96ba636162ae5e00862605e6d711fe494173c51f51d3a811014145a8b67b105c7c58352975d771a575614a40c0cc891652e97edc935802a349ad777fd75ea45b6ff006a81d060ff1d45d931db5f50789d1931a2cc32bc2f4bc0ed77a9757232780df492b8c1fbd4db11c605a8b9209df67c549cacf610952c\"","":"","dc2_auth_key":"\"927d5995b38c8ccda3e23edb931c2302aa5ecfd82d5301a04932fd59207c15948799d6ef85e90dd98aefeae43b893f970239ad1168135429c23df1dd6ce25726587bdb762e3a196fb58ebb4d4e7ec38c94f1e51eaffd1b090da4c67d039e3408a2ba2a8660389b4db1d924bd5b642f39f915399b4c282f0a12253518ac98d95d1c8d147143276a50c7b6219cfe853b51bfa9d00f70bc9f44c8acebaf4d806faa3115ee6ca792a51b565249566874c4e7504e0b0354cd40254754f965d7656562c6d039dba05b7e70295a58ce8311ee3124c53f1f2d7f9827e443afa85963b3c5812a38a6b10230612d00d6497f0003da7f6be110025c2c85d06c7c7c609027e5\"","dc4_server_salt":"\"da5e3f3857ac6a4a\"","tgme_sync":"{\"canRedirect\":true,\"ts\":1698568994}","server_time_offset":"0","dc2_server_salt":"\"33a0cc19dec971cd\"","state_id":"2098393032","auth_key_fingerprint":"\"927d5995\"","dc1_auth_key":"\"3ed2d8dbaeb0d54aa3a8f1c2368d3b9fd3ad0ad2cef3c20c1cc04f3d82de89afab8a491a2b2383c7bab88dbc81cfb7f9da25fbb2f785251b2580fa169d535a1054536045ca239303119194f5ab8c7d37f418d837a2573e51fa03c4966f6fc39b73f42181c974814a78eedef06c9ffb220e8e0bc7b3eb2a1c54b37bed531313d391bbc9e587497b650d69e09aba92d9b521388d7695bcb88408a3ce682fd65c710865792bc94587fbaf6f8e8f8ee26ed8af84b3f856ba1996d9f188e6e1b094c8f4ca019f47c19a4bfeb37db6bf76d0554169c8d02414e88dae15292453d43c542c40a8a951d5ffbca21db2d689b6daf874d5e260a700f9e3db74b573ff4b3aa1\"","dc1_server_salt":"\"ea89dff5b42dadd1\"","dc5_auth_key":"\"839f82c49ea87083afeef5d29f2a8b5a4be4699e3b950be95a1be65b778ab386680710ff577e76a657d8ede34cf6792e841f9dfc99cc88e521b8c37e7f8f4bf27b10121cf5e92624365f797db94612b0bda8ac268ceef39471ff57814cac5f81d7dc290d900528602a4db63c0f2d15825d026d6621dc0ce84e400ff919a8459708d40308d8d56535ac0e6a3f9513ee2bd3f3abaf28af42746074bfc314cbef74fc0fd0361fa4de3ae52cfa7bd82306ca057a45002f32203840d015ffcdcc1808d86daaeb38b87a9bbf7a9a11444a10e8b88a1c92842c3223911af7452d3937e88a503825af5ce7025dfb34012f74069f062017ff4c7169f63acc3cc03c6dffbd\"","tt-global-state":""}
VM54:1 —————-
undefined
