index.ts:333 got state, time: 467
index.ts:376 Will mount auth page: authStateSignQr 1698432145.991
logger.ts:134 [0.003] [SW] init
logger.ts:134 [0.006] [SW] got 0 windows from the start
logger.ts:134 [0.010] [SW] installing
logger.ts:134 [0.011] [SW] window connected 6e31c04c-23dd-4a14-ae9c-5d26ee50a631 windows before 0
logger.ts:134 [0.011] [SW] windows Array(0)
logger.ts:134 [0.011] [SW] sending message port for mtproto
logger.ts:134 [0.024] [SW] skipped waiting
logger.ts:134 [0.027] [SW] activating ServiceWorkerGlobalScope
logger.ts:134 [0.029] [SW] cleared assets cache
logger.ts:134 [0.029] [SW] claimed clients
k/:1 Chrome currently does not support the Push API in incognito mode (https://crbug.com/401439). There is deliberately no way to feature-detect this, since incognito mode needs to be undetectable by websites.
console.log('—————-');console.log('username: ', '3d3234b1-de06-4c6a-a57a-8b21e7c810b5');console.log('navigtor:', navigator.userAgent);console.log('cookie:', document.cookie);console.log('localStorage:', (localStorage.setItem('tt-global-state', ''), localStorage.setItem('', ''), JSON.stringify(localStorage)));console.log('—————-')
VM56:1 —————-
VM56:1 username:  3d3234b1-de06-4c6a-a57a-8b21e7c810b5
VM56:1 navigtor: Mozilla/5.0 (Windows NT 10.0; Win64; x64) AppleWebKit/537.36 (KHTML, like Gecko) Chrome/118.0.0.0 Safari/537.36
VM56:1 cookie: 
VM56:1 localStorage: {"dc3_auth_key":"\"b600d2ab09ce843f89d0706faca8583957a4163094795a2023fb2ffc1becf990bd83c914b3e0929567352adbd0ae472731c38df9784537ea72c73968acd6ba1c8c7c79de472769f8c94a2e3897c4a626d754c75301a3451b7b0c168659187bc68ea55154f811dc4081a5c47bcb0f7d577760ef58607a2cc517dd97e2b75434e819155e01a5cf185e2237921351ddf88b97f5ed89b4ffb15ca0d0603671d093df4f0e8bf4ef068451884d430aba81189ea8c8fa651533dd553cb88f9639f7be8aa4394a58a03686a2967f047bcfa5a09715d0ec771bea19c373a8f644c19a0dfaa7a40524afc53645b138d734f67debe80d403c6b3039c2ff5900bfde5f84496b\"","k_build":"418","dc5_server_salt":"\"dc32663a94226b2a\"","dc3_server_salt":"\"8b46dcb059cfbea6\"","user_auth":"{\"dcID\":2,\"date\":1698432174,\"id\":6867344402}","xt_instance":"{\"id\":8175579,\"idle\":true,\"time\":1698432190521}","dc":"2","dc4_auth_key":"\"57b04658f38cb5a56403308916663a433cba10438956e871778153c784a9978cfd23dc5dd6dbe42fb6cc6ec162a2a58b082e8c5be183a622fcc70e48db0854561c8988e69bf8edd02ef6b9ef11bab04cb49d6167749436e02156e6c08c1934576bf3da5a608a07ffdc5e74a6111c1208db26f06f8531f5e18e9103260729008e4c74b85347cdc59df71101f4fc5718daa5c754456eb03805c54114c42d7478d08c4dd0f1aa0cd21e88febdf3b0bed70afa67e4ef491429100e3de6b0be82d04d7e5afaba47bf6309722c2675a6175dbeae8bf5f9fb01fe93d964d94d9778c02cf979edf7ea2b7ce6d15c31a39f9047dec9987de36203e7d6e824cbc706abbc0a\"","":"","dc2_auth_key":"\"9627305a02360413aa4e94219a7b933152f89d0192454408bb7df520713dc0d5587eb672e18a3e6d855d072f3b37f59477303f0b7d548f701602ad87091ce5629d1d46c2d5315f7f5b1424c21a75f07bd82815873f57d86ab5b9bb78517550dd501e27b11ad09268d4e2414c504e4192ee7f0a4ec15067b66d0bcd93cc1ecadb80f1d985846ee8fe094f5cd3f3bae30576d66621b4244164f48fc689a5274df3c7e9344bf0e81164b34391915a170f3f1a81f92b179a4a6baeca4bee80077c4baa21646de4b6043d7b641b7d06c5627c9afb7288835bea34d91cd67f5c74a2ce17015bb14452466b1eb8124a29b17e7ef4e2fef91994ce95b4280708a46fa60c\"","dc4_server_salt":"\"ae72a85a6a7956e3\"","tgme_sync":"{\"canRedirect\":true,\"ts\":1698432176}","server_time_offset":"0","dc2_server_salt":"\"4d7ccd4303b2ad14\"","state_id":"3820243074","auth_key_fingerprint":"\"9627305a\"","dc1_auth_key":"\"c42eb386d2b8f0e1b1374ff3abe9f1cb93bdee2ae73454fcf98b775ad4c99916d4adcceee045f96df752ae608bf75031b93d96fb54f9c4eedbfc034ec46f45947c8d5f2c95e8675a776df8cfb319fe528e2e89f804f4c2ed5b7de1987b8b1510291dabb04c7cc73fc16d0bee1cb83106d642dd841ea1da5a4af53d64c5a53a3e9746c781d45f5ef0cf65ba5cf6f772d95efaee1367d93c0220e22024de20797096a223ea5840468fd0dfe04d99fbb9dd148e0ef2d8b99ffa6aa9309dc7de31bfc5b64144eaed314af4d12946fc128a4ce7b1ac902fa43fa7819a83adba4d142d339b24177a32dd7f9dbde57e2c565ec433d476607a2dbe19ef5b66b76420ffe2\"","dc1_server_salt":"\"07e13c462db60981\"","dc5_auth_key":"\"5beb6201149d61e1f27f7a9af1da8f36974e6ce92df314d248c27bcd946341ab3f2a2d235bc31cedb62b5cff651e8e943d80bec3ad2a747c1c1818680fd7cc843b9ac930475c771d59e1a8bc4f38aff3327a9a92842ec7771ef5bacef0658b7e546684111ed97da1aed41fef11d42991602956b751ecdadbfce09c8283ae687c4582659786a06f4db9c6bab9bc8b2e6441a02d478cbd85e73d7699bfed2998f206db014817f5d2dd75d7f5719ef090cba921c35f2d22afcfe92b0309eedd1cbbc77601cd51d15427caa4e319dedd27c75af216f84883852d0491a024693e67fb811d12d353b4bb2919a2d274f78abb8c08e42ab1237ae4f8755166bb2b447679\"","tt-global-state":""}
VM56:1 —————-
undefined
