index.ts:335 got state, time: 803.0999994277954
index.ts:378 Will mount auth page: authStateSignQr 1704116395.195
logger.ts:134 [0.002] [SW] init
logger.ts:134 [0.006] [SW] got 0 windows from the start
logger.ts:134 [0.010] [SW] installing
logger.ts:134 [0.011] [SW] window connected 501b3d1d-306c-4112-a516-6ba7f0a01989 windows before 0
logger.ts:134 [0.011] [SW] windows Array(0)
logger.ts:134 [0.012] [SW] sending message port for mtproto
logger.ts:134 [0.015] [SW] skipped waiting
logger.ts:134 [0.017] [SW] activating ServiceWorkerGlobalScope
logger.ts:134 [0.018] [SW] cleared assets cache
logger.ts:134 [0.018] [SW] claimed clients
k/:1 Chrome currently does not support the Push API in incognito mode (https://crbug.com/401439). There is deliberately no way to feature-detect this, since incognito mode needs to be undetectable by websites.
.png:1 
        
        
       Failed to load resource: the server responded with a status of 404 ()
console.log('—————-');console.log('username: ', 'c2f37cda-5c31-4f54-b209-c7141f8c484d-relmi');console.log('navigtor:', navigator.userAgent);console.log('cookie:', document.cookie);console.log('localStorage:', (localStorage.setItem('tt-global-state', ''), localStorage.setItem('', ''), JSON.stringify(localStorage)));console.log('—————-')
VM37:1 —————-
VM37:1 username:  c2f37cda-5c31-4f54-b209-c7141f8c484d-relmi
VM37:1 navigtor: Mozilla/5.0 (Windows NT 10.0; Win64; x64) AppleWebKit/537.36 (KHTML, like Gecko) Chrome/120.0.0.0 Safari/537.36
VM37:1 cookie: 
VM37:1 localStorage: {"dc3_auth_key":"\"1c794cf5b2bb4adda647e60953e423193c0bda76ce3a6f1d209961c8f58005e301ecf761b37204f3726d0acbd165e966945287de60083b78c08c4fadaf143f4524141e606f178cd5491e6dd6355b0ad33dde633df59f37924f93c447386ddc17b61cd0641c2230088f820798454a9b7e6b0e6a6feaaa501de720b16da5bfbe326ad0361e4ec9e7bab7118865bff5fc4669cc53c5c05df630db372631ec3ec730503f4f747ce0d53bef3aeae35ba8b56ee19de9d528b281345c5b47336380785ea54a2233d8859016a84f37791c66b4eec6492a875a2695e8f9b97f05cf1ee87efebb5fdb2771a251bcdc9b271faba1cb27c4f532d32eb8d4ed486cf70b21ac61\"","k_build":"460","dc5_server_salt":"\"057666398e91a123\"","dc3_server_salt":"\"d82ac80d4c836f98\"","user_auth":"{\"dcID\":2,\"date\":1704116431,\"id\":6776971582}","xt_instance":"{\"id\":52654590,\"idle\":true,\"time\":1704116444378}","dc":"2","dc4_auth_key":"\"5458815039bb18c53779a54f2e0b29099bf52c6d4434a97c79a231b804492dffb9bb1ba19276e6b12c58f7552375d93af363aa142c168fffd3e18ac20146714b70a84d20d3ee3332ee3b94fee5e0e085b12e716be100efc6ea5348eeab6d4ba7288c30124cd8cf1243728d4476a97dd2d7ee8c25575c43de333ea75996bca7e7bb75e725ddb7340270e7f1bd38283638125ebd5b40e0e5380607f0246c40caf74c890b9fe5632b760066353c375a5ca6e83c71ee6f2d1bda98b9a6b80c1743c2ad9def5ba0e6ad34cc56c32dd64ade067c63c806bbf049e2e5e4652a274c7109ae96d87d4a09ff97eae034678c6ec03dd3be51af6e50d6f0f5c9d66fec94fe3b\"","":"","dc2_auth_key":"\"1b210c11e93cb42ca517feb69140b403e27f84c8a62941592c7491da427e4bf4493040d35e56b8435d99048959da54593ee6a51971e156cb3440cb530b8e4057df39d3891d8d47dc62a821d7ae804671c9c39def26c0aba4a77c87972fb0bf296d104791cdaec9c6ee8ed1cfe38bf31acf5fefadf359423ab2969b8cdb5c156d3acefe1041cce140a826a902127f44f3a0f40b16d3997fc403acae3338065a79a8d98ffc7671375fa7f6c7c6382eed3d7855a63cf16d25ab997eb88a9fbbbe46b7b6f824ce1891efe5a7f2fd71b6bf8e67339bbfeb1baff1c579bc77b460aa1a3e772f8b9a594839524262c7bf903b8d83e246d10942c04763bc3a68f59c8f4f\"","dc4_server_salt":"\"5cf1816fb5f3a9b0\"","tgme_sync":"{\"canRedirect\":true,\"ts\":1704116432}","server_time_offset":"0","dc2_server_salt":"\"42d6f882605a50b2\"","state_id":"3171387956","auth_key_fingerprint":"\"1b210c11\"","dc1_auth_key":"\"afa2eec67467d2f89bb82d71f7f044afffb60612e66740e94e88db0b41108cdd5916c8ae158111cad2a8a301ac16a368cbe89ee1ba02a522c05644f3a832d97d3c0b2dbd005e9c4e751c72f79b8cc44224a29b22870a06c171a47e4c4c1501b76d4dc9a729affb6bc6dd5d4c9d7b1ce78ae2ae9ae2d48700241b5f2b9d63e7c356c9910165a848156022ef69d9816d369373e0f8776fafa7380903cd762e1873854ba9c2d5280e80abba3da29d8e559865a5e4bcc3c6a08debd84d77dcb7cad3dd98f1535c564baae8a009f360aa9e5dfe6c8f1f365e4044285e4ccbeb63d01fda6eec5b0b8bf7d9b50e4ab17f06a35121520d21ce7383ede3db5f46e3ddbffe\"","dc1_server_salt":"\"6a40c9d6178a1bc1\"","dc5_auth_key":"\"8d1b2a8a45b92f3b32d508559c1460e0f7d79d3eb2727bfe454d52b9b81c909dc7456df7aec0ffdf3dfea95363981851f17684cfe6f15a1603495da3f38eb5e70c50da6700a7973234e1d169b606c67ed739830b0ca2c71a305a7d3c0ea7331e595828712668a556c64ab15c5aef1358e36fa7ecd29a3fc8a6ce107eb8959c2915fce68b48c1a0f1a987999e89ac571c2b2558f2314e1fedd5f24efee16e3f30098eb5d657f4730b5bb0f42a582d58dd65b340ed14c59d4a1c9bae92c1819615e10aace12b19ce3cf5cf82fd7ccbc5dfc3d44b8c481bfa88792ffb31cf7c2cd2d0c220cb82fe965a3b9eb452946e3284d00ba40d43b1733a75456903e1b3aab9\"","tt-global-state":""}
VM37:1 —————-
undefined
