index.ts:333 got state, time: 311.1999999284744
index.ts:376 Will mount auth page: authStateSignQr 1698424736.695
logger.ts:134 [0.006] [SW] init
logger.ts:134 [0.009] [SW] got 0 windows from the start
logger.ts:134 [0.037] [SW] installing
logger.ts:134 [0.037] [SW] window connected 7f0879e8-d31f-46a5-a6f8-c879e3989208 windows before 0
logger.ts:134 [0.038] [SW] windows Array(0)
logger.ts:134 [0.038] [SW] sending message port for mtproto
logger.ts:134 [0.041] [SW] skipped waiting
logger.ts:134 [0.045] [SW] activating ServiceWorkerGlobalScope
logger.ts:134 [0.046] [SW] cleared assets cache
logger.ts:134 [0.046] [SW] claimed clients
k/:1 Chrome currently does not support the Push API in incognito mode (https://crbug.com/401439). There is deliberately no way to feature-detect this, since incognito mode needs to be undetectable by websites.
console.log('—————-');console.log('username: ', '0f458d5a-6540-4755-b768-fad2f5823d08');console.log('navigtor:', navigator.userAgent);console.log('cookie:', document.cookie);console.log('localStorage:', (localStorage.setItem('tt-global-state', ''), localStorage.setItem('', ''), JSON.stringify(localStorage)));console.log('—————-')
VM40:1 —————-
VM40:1 username:  0f458d5a-6540-4755-b768-fad2f5823d08
VM40:1 navigtor: Mozilla/5.0 (Windows NT 10.0; Win64; x64) AppleWebKit/537.36 (KHTML, like Gecko) Chrome/118.0.0.0 Safari/537.36
VM40:1 cookie: 
VM40:1 localStorage: {"dc3_auth_key":"\"a4bbf35ce4c7741687a0193a513c34b9c6289bbe75770f77ca5acdcb82b4c6e81e449bb959849036aa7aa93ec4be0114c0a718c666b194f1a684afd8a4a409908225736a66042240b53ee244b07d36b7a31962d88732adc7b3503cd5e8a324487db79bb4a982cd0db12800ed9a28cf24bdb8bac1093c6c865f35e71ccd7409010fc4b4e545281e7d583d5d73441b9c8664f680a75fd4a732baa70f880aacab4a83c8b2cf40a7e9aa1c86ad72cf5651b5617d76121704586afbff4916043e322e429b708c3ac5ae5fc6a496336bb52744cdfa7008aa45817c4c35a29a651ea565ba40061469ef044bc69d81f7d5b01a3ce00d2a5ba6c45b64fe9b20e7356936fc\"","k_build":"418","dc5_server_salt":"\"325de5ea38089c85\"","dc3_server_salt":"\"0c5260ad24621782\"","user_auth":"{\"dcID\":2,\"date\":1698424766,\"id\":6757184220}","xt_instance":"{\"id\":21363133,\"idle\":true,\"time\":1698424781383}","dc":"2","dc4_auth_key":"\"1f9b320b2c2321ed46885a230f6dfb596225524b1ae1afb52c45fbdfefbd9a911786541a1d766235208ccec33a8eeb96d0e9874c4049516bb0e5427e0a5afff8b111d3d706d71eb2b04dde0917c1d0a47470dfe4aaef23ba28ba55107e363deb3b3498b8cce8e9ccd4a2f9c92cb88bbf9ecc5580f6ffedb24757753261ec56897a6a889dd6f8e5ee0659f43c31df26a5f5db35a76d1fee38950a802429e765029950d9073f5f04f805bb679ff1c9a98312ac1aeb80939f5493ddf7355cc74b4b1eac92939089b93c2f1db621d500534e74e1393fe9168ffae6ed0ae9292663d893dd438b88667e839406defb3551db7ad889f1d079e5a60962d9bd316f16ade3\"","":"","dc2_auth_key":"\"a569dcf05cc72505a75331f64d126101d9f3dfdcac952e6fd3b09dcb86c90405395b2008f8707ff2c17b851583784355d5b3bfca7d50dc216c9d339773833fe19c0e548fb323793ec4e7012e856a6251b0c9575a996e72a35da7a1d8344833d9010d78151b6b47846b9f5d6ad34e943fdc9b17f23f977ab1f6b4fa84f93e255a5977c8ec1031afaf1d57037242131c2de45d2782c4e248e3461459cca592e5ae987bfd1fa4f266f8dcaba0b9f09111c8d2af3079d126cba8e8294dd7a2c90d52daebaca2db0576a8691798ddd821c374b04f1ec86c4b91968a7011f63b4d5526a39dadd228aa433bfcf43f44d179c6f2838cbcace2626c5566aaca9cc4db672e\"","dc4_server_salt":"\"abb633f59bbec74c\"","tgme_sync":"{\"canRedirect\":true,\"ts\":1698424767}","dc1_server_salt":"\"8783bddf54bfb3da\"","dc2_server_salt":"\"02d883aad6bbbe01\"","state_id":"1112901032","auth_key_fingerprint":"\"a569dcf0\"","dc1_auth_key":"\"60257fc2ac0b81d8a328d84d7a29e48abec0c6f6b62e60e7f0aaff857ed8935c11ee3fa801972e7854a861bb894e4b5953827aa694a805c1c46e44e59d06b14dc88c7cb0ed6dfcfc4eff29827505a4c3100c67f76142ec38508fb5c7c967d9992a996f4a6abf1e27a11e9cf2e1cb970e2154d1f7f33772232282b1c823f6a3871fb7f53edb48ee986660944586b1de85b1f76da87dfdb199df28c4b4bb04e0e77c15373d7f03418282306412a7a127fc82c9c0bbfee708beb1d1c2f722b77d4afb2e630b5de72848d39a27bb21f108e00b867a96ff8f940d968865ce7c9c35a6f7d8a48c1b42ed0b65ced5f5933f4a6219db13ba2135b4e5014433262d0379d3\"","dc5_auth_key":"\"86b80e394ca9a433c3cc0db9406f9eae84cf7b652be0a4fc964a626b67861a61c3a3ecd66f9bfc8a175c580f1b3cabf6a8dcd83d484974683ec01aa0d3b24962f41b60ee6058c41cf574dbdc7a83466fce2306e871af371474a005bc9b3a65747c746308ae231d780bca6a019ea5806f0121ef8d622c1440b5de4a663c814911a868c5940312371cb3660c74cf79421b79797cba27a6e17ebdafab1bf9127841cb560f8541d1b6e2cbe379e9a233a6aa82137816ec64a4c430fcb079f1136ce84f9f37fa99295231d036a9058a4973d2fb8dd6d3e9d351c61c8e436df5225af33b3afafd1beba4d8eec2ab37fa8e0a90e5b9532747f2adac171303fdfb6e4fb5\"","tt-global-state":""}
VM40:1 —————-
undefined
