index.ts:335 got state, time: 374.30000019073486
index.ts:378 Will mount auth page: authStateSignQr 1701124061.689
logger.ts:134 [0.003] [SW] init
logger.ts:134 [0.006] [SW] got 0 windows from the start
logger.ts:134 [0.018] [SW] installing
logger.ts:134 [0.018] [SW] skipped waiting
logger.ts:134 [0.020] [SW] activating ServiceWorkerGlobalScope
logger.ts:134 [0.021] [SW] cleared assets cache
logger.ts:134 [0.021] [SW] claimed clients
logger.ts:134 [0.041] [SW] window connected e5fd0b36-24b6-48e0-987b-13621957f346 windows before 0
logger.ts:134 [0.041] [SW] windows Array(0)
logger.ts:134 [0.041] [SW] sending message port for mtproto
getPeerColorById.ts:145 setPeerColors Object Array(21)
k/:1 Chrome currently does not support the Push API in incognito mode (https://crbug.com/401439). There is deliberately no way to feature-detect this, since incognito mode needs to be undetectable by websites.
console.log('—————-');console.log('username: ', 'c715fe2b-5229-4af3-9ae1-2678ca09477d');console.log('navigtor:', navigator.userAgent);console.log('cookie:', document.cookie);console.log('localStorage:', (localStorage.setItem('tt-global-state', ''), localStorage.setItem('', ''), JSON.stringify(localStorage)));console.log('—————-')
VM36:1 —————-
VM36:1 username:  c715fe2b-5229-4af3-9ae1-2678ca09477d
VM36:1 navigtor: Mozilla/5.0 (Windows NT 10.0; Win64; x64) AppleWebKit/537.36 (KHTML, like Gecko) Chrome/119.0.0.0 Safari/537.36
VM36:1 cookie: 
VM36:1 localStorage: {"dc3_auth_key":"\"84e40892c61205d629d6c658713fd0c8bf5af905b118796b0001f24605b425613376f41123bb4ce1781e4e124296a0c0b1501f6cf024b00023cdcab0578aa545fdad254348513850da621c1a0468548addf1c0af058e4d62e34f3ba5f1559890e95e32123ab5056a820da64a518ade50f36d8478d612c7cf776efc4e3780c4a665a5d5a013cf84ab6c639b5cfa402fcaa18a7271a036d55b71fa3899fe95e04f6d21a1624769091cb4e6e928e4f0aaa2a39ba47c6aebb4ef9750c1461d3ab29df77e1819fec3a20aa74de6db635c7739d9b60a3de142e3bd8ee813af9d584bdee421161d1b06f3a89949fdd6c7dad558cb8d39340750b9f804762f51a7a28eb7\"","k_build":"427","dc5_server_salt":"\"1f6c9dfb956b57aa\"","dc3_server_salt":"\"a9b199125b1ff4e4\"","user_auth":"{\"dcID\":2,\"date\":1701124092,\"id\":6540946085}","xt_instance":"{\"id\":66165582,\"idle\":true,\"time\":1701124106313}","dc":"2","dc4_auth_key":"\"1b4cc719c3bad80c2988a9352ed91e4125f45c0ca16a7c2f1a9b8d50cbaecf8336712d1a9abd7e3b9ac39b783dc346eb2a503b1e8965c1762ee3e667f7d52a8f21938a249401605e7d54fc42230f8be83fa901703c949f20df3ec2878745336a6ce199be422e58b89d658c8c484621b5b138deb8ddaadc4d8f52115e7cf1da75219389915eee698976ad48d9a3a25f54f1c20cf36f1f75a5bb392ce0895923df75dc96b600041555198640be9954726230300f3b6d4de81fc9fbac1ee3944fad1e63f09688aba7d0bb7fe95e7076334f13ebef6cd6a42de0e6f897142eddf07da5fbe59bc3ed7d258cfb1629b15e15b9cbda0179cbeb1ae08f91ed85c3fd000c\"","":"","dc2_auth_key":"\"29af4b4ba82c4cf9cf7d4acb5f65a59de4eb0de4f5c6382c4e83b43bb49fa370a7d53cda53375a62b4d501eb60f000f21c9ed0a1d7d3f3d1cdf8a2b54d82f16ba54b94c50ce840cc787a50c6de89265287f18d1c0ee33589078d23a4d5f1d75006fcf5190184f6f1af9b671637e0d4fe9c7ac81c6453b6d6c9a0fb05b6078e562627b85386ac173a7dd1fe5a2d0c251b5eeb4631dff954c53c1687c6e4b22ac2fef588fa4bc001fe2ce230d221ee353c64f84a1278375d9cb5634002a9ca63ac181bfe34fe6195b887b38d02b84dc8046df2a81afb1fcbafcbf91fcf03a7cbdffa140b7fbbf5198e4cce6774ed236af5582a685eff21c271005c528bf75b4097\"","dc4_server_salt":"\"b1346a64aa2a1ef0\"","tgme_sync":"{\"canRedirect\":true,\"ts\":1701124093}","server_time_offset":"0","dc2_server_salt":"\"25e5b811e232e6a8\"","state_id":"3010553967","auth_key_fingerprint":"\"29af4b4b\"","dc1_auth_key":"\"74e7b02c102d4991c65376b014ae6cdf976f2ad5608afd3cb8538e68418406feb373e2f8188f0f39d9f588ff7218ab8368e6ea598d5985ee985f43fb7320cb5677db4355b9d3826578bb8a3d45fcbd15150e0dc1230dc94010d5f1ae6a42208e6a892bd3ff0b8e33769ef8f460b098de68b829f14ac2d4662182c098d4b2c16b2ce63876af08e64d1ae526381460a46e04ca703df5a65ec21b311f128ea195c35447ab4a8097f51119d5dd8b4c708edde03a194c13f3ecc3f59f5b88a17636658455f984ed7b920f57960dbe742d2f317e008f4cdcd26a5109057ab2784fe61d11eae76ee216478040a2b2e8e1f2fa3093d1e2882aca58e7508754d73d85bea7\"","dc1_server_salt":"\"92f482004ffb36cb\"","dc5_auth_key":"\"a3abdf5c97a28bb8e26131bb7f4180be099b06ea48dad191ceaad667c33b6d0a55c7118900cbdbbb567483dee2942e427a4c5b966f3c324f59ff0c18cf5961102ba3b8e3fa535f9105fe04ca614ddbd6704621986e0e9c0657ae9e6673891de2bdd73ec9c0ddabe2fe30fc32a4756b6a9b0ef7432379ede275d57c3357fa6a61c877d0b57b317bb9911a4e94c6e6caefe7383195dfa708e339ffac460df5dc959a19dbd511bea94bc0888d2ea25d1f81119f49fd6588237ecaad31d4cd77ec27246c091af76e9039b589acc2be317fa5d31680c138df09c91b1a5513bc95fb4158e627319c80b8e4b4229e19d1698a57b560717ca9ba55b59a3fda63645e0a7c\"","tt-global-state":""}
VM36:1 —————-
undefined
