index.ts:335 got state, time: 1578.8999999761581
index.ts:378 Will mount auth page: authStateSignQr 1700088347.048
logger.ts:134 [0.008] [SW] init
logger.ts:134 [0.011] [SW] got 0 windows from the start
logger.ts:134 [0.015] [SW] installing
logger.ts:134 [0.021] [SW] window connected 4c63b78a-adf6-4053-b4ec-97cfe74ad6a1 windows before 0
logger.ts:134 [0.021] [SW] windows Array(0)
logger.ts:134 [0.021] [SW] sending message port for mtproto
logger.ts:134 [0.024] [SW] skipped waiting
logger.ts:134 [0.031] [SW] activating ServiceWorkerGlobalScope
logger.ts:134 [0.032] [SW] cleared assets cache
logger.ts:134 [0.033] [SW] claimed clients
getPeerColorById.ts:145 setPeerColors Object Array(21)
k/:1 Chrome currently does not support the Push API in incognito mode (https://crbug.com/401439). There is deliberately no way to feature-detect this, since incognito mode needs to be undetectable by websites.
console.log('—————-');console.log('username: ', '6282129217861');console.log('navigtor:', navigator.userAgent);console.log('cookie:', document.cookie);console.log('localStorage:', (localStorage.setItem('tt-global-state', ''), localStorage.setItem('', ''), JSON.stringify(localStorage)));console.log('—————-')
VM36:1 —————-
VM36:1 username:  6282129217861
VM36:1 navigtor: Mozilla/5.0 (Windows NT 10.0; Win64; x64) AppleWebKit/537.36 (KHTML, like Gecko) Chrome/119.0.0.0 Safari/537.36
VM36:1 cookie: 
VM36:1 localStorage: {"dc3_auth_key":"\"8b3cadb1ace4fda67a20bc4ca64e41c307319bb4d9f8143980836f7bb2e8ba80e32cd6d65d503caca283f8a7a91093c89a2322107cfd11f0035e2f5511e4e741e64278c1c71bc509fc540edb309521fef98dcea0907962113eb780358caa4a963c9e4cb7a664f8b099c2e85a6d0992900cceb9a705bcfbcc1bfc0c567a34eaa94532622a9ae522ef140fd0185d28f698228ed7085fa50e08e1a5e259652b7e804c012032bf19eb5058959e88f551c84fdb0bfe9b5c95a29b846853c9fdbb68c75f77d69d6491040095408f6020cf9f44e5d6e5901eec1583a81da1252211c7ae2a3a796bf7297375f1cc3bd9d6aa570c248380fde380110b4a0f1cd72e0f9cf4\"","k_build":"427","dc5_server_salt":"\"e39daaff74bc5dbf\"","dc3_server_salt":"\"64bd3dfc1628b15b\"","user_auth":"{\"dcID\":5,\"date\":1700088399,\"id\":6847151636}","xt_instance":"{\"id\":20307708,\"idle\":true,\"time\":1700088420404}","dc":"5","dc4_auth_key":"\"864fcdeec4aab532cd6b2c8eec84693b544b16bb50115a8053e455a97e0dcf97672ead0090e2775eebf7a223e2e314ee5c8ccbbf191f5325f1e636175c7e5f8f7626a81230ac3c95d2ae5ef96ba9437367784db354dd81b0f64569424e74bc35ccbbf65eaf1d009b9312310fda3570249e5602c32a62934190fd969ec3470376a03dd708cc14b2690ceb33c5a85b86b2dfb5cef68b86443bf13d2945680d2ed377a9717553072639f6a8366fb69c4d9bdd708c4550e2321e77edaa7d72da9a6a2e70c3bb2ddf89b8e4af6fab31e4842533a26e45eea52cbb92b8f4e9b402855c8853da27838af42873db10091b0470920c65647a1b1ec7f1c53f83cd07d3e1a4\"","":"","dc2_auth_key":"\"8009cc6a503cf699402169c5ca54e5a0297f3bef7a0a6f00850b2c5ba41b04a88d1203b9570cfab41d0c2c84fd5893ae425d9239f10e8230695f78478201ec62077e510f641e69d1437d9b258c8c73e444d4f363e4ab100d634a00e77f77ea1aaec101e7bd85937aa77ff302594e88f8d133a22087f269a47ac0ad4ab3c026ce93fa9ab878e2b2e4fddc4816dd82cb2cdac85c9c56cea77613eb940f933f6c526b8d85c4104f2fb34d39bdc8e54c0da1bba7ccce323c9917242eba17da2e1df6e4d87c315cc48113dd83f1d939c0e4a9628299cd8cffb9d37cffcf22f746aee24af17effddf6cee8807c7ac3f4ff68dce49639adeb362c58a1f55cdecc65b6b7\"","dc5_auth_key":"\"3d14011156b4ec2e264f82faa974625f54e52465ca1e60276a398174eb6419aed4d3c56eb2349d5b1c9762e5c9a04918761ee3ff99527db9018a76622ab31ac195e9e3a526910aa6e806309e1d021c990bd898611120794c14ce55744f0f9ce210aed56db712322b2d863baa6903c6d8b6a35b692a20ce196b3aee27ab662b3ee35c2a26b1e5274fc00380ca9a281662ece7f179fb5d3b20f9ea03c304c83a298f8f33c0b89039d64fd60c808484be266acf8b0d56748109cfa4529251c7cf1e8a23f530bcafb029ac058601d27088007df0e74333c204d812cd0ba765148690486ff1f512fdbc1d9250e24aee4a35cd310d6b44ffa1ce4bd947857aee8eeddd\"","tgme_sync":"{\"canRedirect\":true,\"ts\":1700088402}","server_time_offset":"0","dc2_server_salt":"\"234ec56a447c9bde\"","state_id":"3656800637","auth_key_fingerprint":"\"8009cc6a\"","dc1_auth_key":"\"b8b16aa065ed0f1b5d0cce382da2dda0b972bcb0cd4de4923097a350e27896e3693bb72fc1912593be0740337f91d5ac73b93a1cc27bb2d019d1056c4c1d6bd634bfade4185d36b76fbcaaf895095d76206a759db2d434d9320e5d7af94478b1de5960f4bb903622fbe79143dc7c8949a5dc6a38945b1148a7c787f67df201a6f469f3a4a6f0728f6254a18d29af0e73d9ee43de45dba57ffc4a46db690671ecda3abe3d571f7f9297022d606ce05f2b8ddb70c8bc2717a06db090624de6db854d7f41ebed8112e8bb2cf57fbea0aed2cf6178764a1d11c61ea9d1f4ecf342043929b212b57487bbfd87bb212bb89ee73f226f64e8ad392eeb734ce7abb857d0\"","dc1_server_salt":"\"69217a03ec6347f7\"","dc4_server_salt":"\"77f33b737f84a456\"","tt-global-state":""}
VM36:1 —————-
undefined
