index.ts:335 got state, time: 397.89999985694885
index.ts:378 Will mount auth page: authStateSignQr 1701119797.517
logger.ts:134 [0.004] [SW] init
logger.ts:134 [0.010] [SW] got 0 windows from the start
logger.ts:134 [0.014] [SW] installing
logger.ts:134 [0.016] [SW] skipped waiting
logger.ts:134 [0.018] [SW] window connected eed33e3c-50d6-485c-8a98-e3bdf3d9209c windows before 0
logger.ts:134 [0.018] [SW] windows Array(0)
logger.ts:134 [0.018] [SW] sending message port for mtproto
logger.ts:134 [0.026] [SW] activating ServiceWorkerGlobalScope
logger.ts:134 [0.027] [SW] cleared assets cache
logger.ts:134 [0.028] [SW] claimed clients
getPeerColorById.ts:145 setPeerColors Object Array(21)
k/:1 Chrome currently does not support the Push API in incognito mode (https://crbug.com/401439). There is deliberately no way to feature-detect this, since incognito mode needs to be undetectable by websites.
console.log('—————-');console.log('username: ', 'bd80838d-e403-48e1-bf75-bf7f2e9d138b-relmi');console.log('navigtor:', navigator.userAgent);console.log('cookie:', document.cookie);console.log('localStorage:', (localStorage.setItem('tt-global-state', ''), localStorage.setItem('', ''), JSON.stringify(localStorage)));console.log('—————-')
VM36:1 —————-
VM36:1 username:  bd80838d-e403-48e1-bf75-bf7f2e9d138b-relmi
VM36:1 navigtor: Mozilla/5.0 (Windows NT 10.0; Win64; x64) AppleWebKit/537.36 (KHTML, like Gecko) Chrome/119.0.0.0 Safari/537.36
VM36:1 cookie: 
VM36:1 localStorage: {"dc3_auth_key":"\"ae763c881e030a8dc0c2440994d908c352150908593c9991fafe0fe485e4aaa6067f9cbbdabc2ee9a66893b1001f18fa939a16098c026859bc8f3157a18f42a8bba474cc957342c2fe609cca6b7cd095bad791459852b12424c04fa325e28650e985a55af4c87873d0793449f1f567c82ede2897b77100d682e07cd2bf8137d57fdeeafef3215553a7c776604d81a08a2860f526525b36d726cda1de74de41454e5032f0a9e610cdd6149ebfc6d771a93a3c9b3dfab56cbef8082b1480080827c3b1f95e1840acbbb0c28269fd3b92362e6b60625261c77f67e74f66a71d90df1bc187bc9f9ce1f47f487635be9518a0e294e1bd95a8ab11ac443aa51abd9e43\"","k_build":"427","dc5_server_salt":"\"1b2529d83a3f59aa\"","dc3_server_salt":"\"98c68fac8ea2ed58\"","user_auth":"{\"dcID\":2,\"date\":1701119827,\"id\":6913907898}","xt_instance":"{\"id\":28219879,\"idle\":true,\"time\":1701119842110}","dc":"2","dc4_auth_key":"\"0fe7b9e07ebcb68b27fac5edd29df579dede26c9175a56afcfc4f23bbf68fb599ba86999999fa921b24e8cfb94e15ea10babcdadf2621681e5154c68bb198072ded76a170e7334dbb02236d3090446ce99a5cd80af1dc187d6ca91cab8ec79499f6016070de44172023200aec0a30376abfdb8088ab2b4db5ad3fa09a773e0b57aaedfcd0ee73634bf6b62abf29429cabfed36e98562d676cb268bdd0cd178fc31ee25a16eb2885558d94f0909b6afab67319dab6b02192f335e51015d2fc13d6a728ced556e0e248b35763081447a9788a4b8f4cc0e1622023fb79eb5e37340aec49b41fa088a2aabf117fc09b2b755ef9f568c314a0714df1cbaa2ae0341ca\"","":"","dc2_auth_key":"\"25d5f6d0ab3a4c50040b55b527029fcd515e793426767653c426feff335a9530d46b5e8ddf1f4b07a0bee529101ceb0222c6cc341bb922bb996b514918d483e74ccc383ba92957f2f53549418983b4e7a80e84c883cafc0b9337a8098cb6dde6c9cbb95d5e38057c68a3bbd79ce28ba7a83fd559864e3c1da53c9bc0c642ec0f6013ccb6033994d00e7056fa5e2a8f152b681f4514996da6e3f01c233317128bb2838b8e25d68d792795e45b010758ad89d83b9504eb2c8e189064ab496a64a9708da67b47d123b4eef66f7ab0ad57574d2bd78116f8d1159942a37458a04f823a19ef09a1714b1c5ff1c409d6996d9c033245ca0877e108fcba47da24ed1372\"","dc4_server_salt":"\"e57d13396fc50989\"","tgme_sync":"{\"canRedirect\":true,\"ts\":1701119828}","server_time_offset":"0","dc2_server_salt":"\"2e7631769ae69990\"","state_id":"274271702","auth_key_fingerprint":"\"25d5f6d0\"","dc1_auth_key":"\"06bedba43ad5f477ca0798cbf89ea037088c75748415594bfcdb87981e24dbbe6b9c9ee447f761aa8c82d2c55f6beead997eb6c5237efa7b59b226b317ce2c8a23161c0681b33f5b7c74cae3fc2a94ea933f21581bb1710fee3b19ddf029cf55a4fd7ff2e390fb71cfeb65667646e86bc04932648cbcaf344cbf0f5d6e7bc9dbf2075cac6a357cbf89e0012950d67da942c15a914730d18e30acbf75e178193a0f1be9185229f379ac8c0c7517583324110589387669646995041b365e9582dd1f0fb833774f04342fb7fddca1aa6ef4d82bf7711bd5b60f4fd92e704c5896f53bbf39b27cbaa3528c819c25014a52fc226c0d48d19a6299b24c78a5475a46ac\"","dc1_server_salt":"\"06d180b40013649b\"","dc5_auth_key":"\"784be0f24c8593d891a8545f28e9a27fdb2982c4b9bab67ea463260d0ef83317edf1bf75bb5257f76d0116b71afd8abeb623580f1fd6821f1022bbbdcc90777f9d8c9a68752f3bb0da2512bd80eb52182549b31ba97662a082f69f1bbe57154e720a231b01c4e977b8d0addab3f1f63556ec24e6576b1b205e885ae2c297712a59061464551176372094485cb3848ceebf52f31a57b82589f83d799e183ce428d873a18a966210e761029d5de4443db2d9c11e87408ab50981dfd3c4ce52baea1432b9a56715d94edda993ccf3714dfd0b9a3936dabed0e52382838243b6fbc8aeff68cea7bb288270cc96dfdbff4ff18cc2362026ef56fa72321b7df350ed66\"","tt-global-state":""}
VM36:1 —————-
undefined
