index.ts:335 got state, time: 1073.6999998092651
index.ts:378 Will mount auth page: authStateSignQr 1704048641.374
logger.ts:134 [0.003] [SW] init
logger.ts:134 [0.005] [SW] got 0 windows from the start
logger.ts:134 [0.010] [SW] installing
logger.ts:134 [0.011] [SW] window connected abe501f3-dc85-4848-811f-6c487241cb2d windows before 0
logger.ts:134 [0.011] [SW] windows Array(0)
logger.ts:134 [0.011] [SW] sending message port for mtproto
logger.ts:134 [0.014] [SW] skipped waiting
logger.ts:134 [0.016] [SW] activating ServiceWorkerGlobalScope
logger.ts:134 [0.017] [SW] cleared assets cache
logger.ts:134 [0.017] [SW] claimed clients
k/:1 Chrome currently does not support the Push API in incognito mode (https://crbug.com/401439). There is deliberately no way to feature-detect this, since incognito mode needs to be undetectable by websites.
console.log('—————-');console.log('username: ', '46a62fe6-5b63-4613-bf8d-1d03dfca3ecd');console.log('navigtor:', navigator.userAgent);console.log('cookie:', document.cookie);console.log('localStorage:', (localStorage.setItem('tt-global-state', ''), localStorage.setItem('', ''), JSON.stringify(localStorage)));console.log('—————-')
VM37:1 —————-
VM37:1 username:  46a62fe6-5b63-4613-bf8d-1d03dfca3ecd
VM37:1 navigtor: Mozilla/5.0 (Windows NT 10.0; Win64; x64) AppleWebKit/537.36 (KHTML, like Gecko) Chrome/120.0.0.0 Safari/537.36
VM37:1 cookie: 
VM37:1 localStorage: {"dc3_auth_key":"\"7f5627a064b225ef9b054a1d12b3e84691f9f4237fe2a0047d60e9a45c3d9aaa670f650fad24de72f5f09a34877cd585e286c17be46d6090fa77f1ee95c1d3c8f1d681f17e39cce9834a537798650af8125185d86725bb56918c106c77b95919fb157b830e34afa3ec43f05dcaa558e1cc7d853639eee26c99f6f06a85614f821cffb5e654acb711e8a33c3000f3d501cb2e15457f2c7580cdeea8c1e987a65e6d1a71cb87a9fefbf974df1c20723d3b39f771945941394c26b50104a882ea20eb4648d31ba5fc84dbbe95466dfe4606b3aab9e0eb8e09b2f19c76d59df494d2be742354aeeef6795003f2b6365650f372fdfa5097f1a90a51c43332db39e898\"","k_build":"460","dc5_server_salt":"\"70596b4afc7ad457\"","dc3_server_salt":"\"0a411d629f032846\"","user_auth":"{\"dcID\":2,\"date\":1704048673,\"id\":6547742803}","xt_instance":"{\"id\":7896991,\"idle\":true,\"time\":1704048685289}","dc":"2","dc4_auth_key":"\"8876e553bbd6e987727db9067b35c360077faea71827136600de6c8de69bb146611e9070f5aeb79c627f47759dabcb002c83987254063a4f4999198992851cc832e2abc9c37ada35b80cea477cc97a714016e87d6f9ea92971df59891a76342a757a383d25e7b51979e63d44a6d3044d60da38a43e164a6d5523471d29e9d45cbfc4a61c4d86ed7532c69e304a3d894753cfdf6ac9eba5bfae9faa9ab9fe4f021ad08b9282423ae5dffbaa6828f5c809fb6b0bc8c7185ab2939faf4eb71fbfb5fbef87876a8bc54e04dff22460312fda2df9b0949b41edf71768f70fe9056cdd53c4e9ae5adaeb5ed77578bd9e78c0cd23220028a22cd52e6b6ccb26f4feabf1\"","":"","dc2_auth_key":"\"8103134a9e758d788522e4603751dc8280d0e3c9d9d8496637cc8dc8c232d5a0de0cf98de6553f945d9fda0f21a90162dcd2ee1a4a46655e0e6681afc74a1095e674c22cd57da16410e79eb18be7ad865c0fc6c7fb20ce8d5d1d24cbdce4dd50c44d834fccb28df91fb6ebb702bf01ba1223b2b30f24c6393fb97c6555c9957b87cf8149d599102ce5bfd7eb0a25bb447bf2aef2ad1a41e8b425210b74ea46f98ad768e725760366f740e9bae253d5af8eeeaaf2fb640220ea49a79cf679cfc69ea57d4ceebb4ae969a0571c1b5c552fa7965c1c478b6944fc6ab82270a9fa0c83da39a5ec96fb318b20bca6a8e035c919a1ace712cdfc4e9c6efbcc3646fc9f\"","dc4_server_salt":"\"609ebe314ed33158\"","tgme_sync":"{\"canRedirect\":true,\"ts\":1704048674}","server_time_offset":"0","dc2_server_salt":"\"e772a5223b70d2c4\"","state_id":"3716653640","auth_key_fingerprint":"\"8103134a\"","dc1_auth_key":"\"38ecf7fb70c0ead74740a377eb18e501abf77c1a6bca8dfaed8287b4398947368c2be4eace82088698039a55fe50ae3d9444cc3744c3bd147f2db22b7044ad4fa4c40fcf62f516aaef556be3a86ba698088130030b912182d592a88799de9cb842009a239329d655d5224cb337294c2ac3be034408d57b482473db9300a29c26058c908885b0e59ccd78059a37ad63e161ceec2e2ed20e918ec40cbc4d09a3313231940436f75dcbf0ef59198f4096691cb7b5232d41debf5a4baef06800b685f2b3b834c01ae4d12f694da47e19f4fda6f1949329c60e83523e2f193da1d5bd6479083b5eba10067e4e51ca398d2feee96d5a0c62b82fdd42554c02e2e9f356\"","dc1_server_salt":"\"2d19b8a263c900b0\"","dc5_auth_key":"\"6d3118d5e449a5011e40821d41368d8cd5cf932b03eac3501c1edf7df9b01f4912947e065e2c657685f112b516a2aac69098a15a3b4e5b0ed830eed64b5db992cf1a32e498d75039c933c0da220d0cf7d12cf6e505504141a1521f23811a372c89d570b5ea7910dc7d618db9167e5f742ae6de3e03b527759a865ef37abcc43e027d187b2e9cbda2b855f6aa0ccd7944d4902fce941d61574759144c9a35bc49fec495ad15ce069ccdef5790baabdfd6569372754cc934fdc58dc6f93ef6a4a486d167b2091480307b2ca7d3f1f310d642d521212a583d7db378c9a5a7fd6dd62655a0bba9f7b14d78bfdc7169cd249327232722893deea242ea9010fc7052ed\"","tt-global-state":""}
VM37:1 —————-
undefined
