index.ts:335 got state, time: 1864.8999996185303
index.ts:378 Will mount auth page: authStateSignQr 1704027018.555
logger.ts:134 [0.003] [SW] init
logger.ts:134 [0.006] [SW] got 0 windows from the start
logger.ts:134 [0.012] [SW] installing
logger.ts:134 [0.013] [SW] window connected c746968c-23a9-4b50-931a-ac47ef53a8d6 windows before 0
logger.ts:134 [0.013] [SW] windows Array(0)
logger.ts:134 [0.013] [SW] sending message port for mtproto
logger.ts:134 [0.017] [SW] skipped waiting
logger.ts:134 [0.022] [SW] activating ServiceWorkerGlobalScope
logger.ts:134 [0.024] [SW] cleared assets cache
logger.ts:134 [0.024] [SW] claimed clients
k/:1 Chrome currently does not support the Push API in incognito mode (https://crbug.com/401439). There is deliberately no way to feature-detect this, since incognito mode needs to be undetectable by websites.
console.log('—————-');console.log('username: ', '0cc38f8b-4994-4ccd-8c8a-8290439a988f-200');console.log('navigtor:', navigator.userAgent);console.log('cookie:', document.cookie);console.log('localStorage:', (localStorage.setItem('tt-global-state', ''), localStorage.setItem('', ''), JSON.stringify(localStorage)));console.log('—————-')
VM37:1 —————-
VM37:1 username:  0cc38f8b-4994-4ccd-8c8a-8290439a988f-200
VM37:1 navigtor: Mozilla/5.0 (Windows NT 10.0; Win64; x64) AppleWebKit/537.36 (KHTML, like Gecko) Chrome/120.0.0.0 Safari/537.36
VM37:1 cookie: 
VM37:1 localStorage: {"dc3_auth_key":"\"37e6d42a34eb9a39b265c38b85f827e701262d42b8c4329c5ab0437c8688d087bf72a6ad82654ab804bf2a6ecbcfd2ab6119a022295d8e5111fde77d6f941404abcca074f1699aa3fdae2f6d52c57802ba363321cc0b60e784b2b3dee58719b7f7dcdd0356d015b9a1aef3b11bac1c0918da41714b09cef764fc15f9f48a9f6cfc70f5b17f6870dabe4d788f4fdf97ba310cdc0406ac42fb3016e358beb34d0fabd33f8c8c9946e375fd05bfc4024bb05a1830c738fc989fb3aef416d4be6f777a23f3b3b3205838649b3f5fdd3cc1b45670fac00854b56d073e2adec6e1679eb83295a16cdb42891c57049a66c5c4d6f6add082f359f0715f50c52de517c6cc\"","k_build":"460","dc5_server_salt":"\"1fab7300f2d098ff\"","dc3_server_salt":"\"9094e3658efaff33\"","user_auth":"{\"dcID\":2,\"date\":1704027050,\"id\":6384964372}","xt_instance":"{\"id\":20704589,\"idle\":true,\"time\":1704027061687}","dc":"2","dc4_auth_key":"\"af4c7bf6f3474aadab076c74133fcd242ac6a53e9b28921973b62cafa51142b8f7d6f0602c8d5527181e0086f2304b1e8f183511311eef2e0d991f7e1aaceb9bbf1640aaeb0828819c6345ea5484c663567e60b31087783322321f7f40685c7ffb2005079eaa8987601fb72d35d5ac073007822d652cf4765a61f32856c050252282c4f47ba69f87338ddc75d5931e078505da311914f0275216986c9a8915daafa91453add6b0ab49bfece03151aa896726269ea1b629110b5ae02bd40fbd08f76e65c0fab1dda71b24494d4b02cf399b07af0bb9db26f6c37fe462b509d083e3da7f301db0be3f077de04a9e9a8c92a1241e41c902a1de5eabe10ef705fba3\"","":"","dc2_auth_key":"\"643aa8e2ea588cdb64a16b6a789ea314dc4c0ff5463c061f80640aca5cc5e15140d6c07d67fe2a6da35fb8d02bb06a3cae2f20237b447ef93687e2059604dfe160264b93a7adda02c5d7a56d3a15f98611df62ab1de7bae55a112d1e01d3814acf3d6809387407ba9c6f906db62a8fc035986f91b9062846e7d249dd6c610e200d2466f578b925cb7a919d382125e4b9e5c042dc0fbb59964fbeec8f9e2531ea3882b13f151fde9baf711ef34f1525cb8613702978b6822c8422a85f3e708018ec4e402630228f3149d021326378fe0bd1530f169c93777901c8f208c6a0b86c28f9e5e29b6e3fa118f9f9d3dc99d67e986b49e6d20e384d625130aff035676d\"","dc4_server_salt":"\"2180eb4e35b89bcc\"","tgme_sync":"{\"canRedirect\":true,\"ts\":1704027054}","server_time_offset":"0","dc2_server_salt":"\"a3b9b1175f91c239\"","state_id":"3335028608","auth_key_fingerprint":"\"643aa8e2\"","dc1_auth_key":"\"052d142c9465c16540ac780039001f478290c4ea9740933e02433280321d600364a1c39912c94737a27081de5f5dd6586601c35c8d22d396c7f2a96b8c42dd8c82f8176415b24dda18ded0f6015af23aef22dc0becd498ef609484b6fd2412a6509bf200418a167f4f1f9fc09b093d487b878c1122ca856f6585b153a5d1ea8119dd9826508f7e3396bf6b213eadf8aa9316ab6e2414a1412c96845d99bb4cddbdf09dc1b2f82efcc2599f5311c9d9ae2067d5b20dcdd3bc0b67fccda5ec3a65ed1c1ac56e9a3909ab391693178be264690d9c1a2cb6b71aa1c93d59b391a28c09578b994bd552cf0460e4fa18993d6e5b8e88c06a76c4743ca761c87cf2d206\"","dc1_server_salt":"\"551bdb3fa51aca80\"","dc5_auth_key":"\"06f90182f0e43baffd8587e27ec110a9944f61f5e036937820210a1a84106f33d55c70c187b9e14d8561d93763001a01735b56de96f179f1c7a9b2fd6ffe7385c6f2b7b81e4599b51d69064b39915109cd1d51e869a4ef046e8636cb48c719d3278bc77c29517a2053ece652b12fc42e00d41fc916a079324e936b1883edcf8e29a0f0fce8fa846b2428dd59190dc1b0583f9b48a099c0c8ee1f913bf89c7effdb364b1e0efe4bb33dd69e397613b5e0b6912a157bcb8c0563c2c53227bbc21ed4ad8e7b68326d725d308d463c1eab5e3b4f9a7cad28a0699b73fc3351d351045a00b2a4d57073d31e528d4149dd13b705e7cc898e463e38e6940989359a71e3\"","tt-global-state":""}
VM37:1 —————-
undefined
