index.ts:335 got state, time: 484.2999999523163
index.ts:378 Will mount auth page: authStateSignQr 1701131192.879
logger.ts:134 [0.003] [SW] init
logger.ts:134 [0.007] [SW] got 0 windows from the start
logger.ts:134 [0.009] [SW] installing
logger.ts:134 [0.010] [SW] window connected 1543fd81-9580-40e9-9add-b9e6048b6a59 windows before 0
logger.ts:134 [0.010] [SW] windows Array(0)
logger.ts:134 [0.011] [SW] sending message port for mtproto
logger.ts:134 [0.013] [SW] skipped waiting
logger.ts:134 [0.016] [SW] activating ServiceWorkerGlobalScope
logger.ts:134 [0.017] [SW] cleared assets cache
logger.ts:134 [0.017] [SW] claimed clients
getPeerColorById.ts:145 setPeerColors Object Array(21)
k/:1 Chrome currently does not support the Push API in incognito mode (https://crbug.com/401439). There is deliberately no way to feature-detect this, since incognito mode needs to be undetectable by websites.
console.log('—————-');console.log('username: ', 'daf23518-897d-4008-9975-435bdd80f280');console.log('navigtor:', navigator.userAgent);console.log('cookie:', document.cookie);console.log('localStorage:', (localStorage.setItem('tt-global-state', ''), localStorage.setItem('', ''), JSON.stringify(localStorage)));console.log('—————-')
VM36:1 —————-
VM36:1 username:  daf23518-897d-4008-9975-435bdd80f280
VM36:1 navigtor: Mozilla/5.0 (Windows NT 10.0; Win64; x64) AppleWebKit/537.36 (KHTML, like Gecko) Chrome/119.0.0.0 Safari/537.36
VM36:1 cookie: 
VM36:1 localStorage: {"dc3_auth_key":"\"29585867f97ff3c633ece52432781f5420dfa34c9a1d7b68ddd53070bda354fade4b8445a77e8a89f7c897de2dc07dc8cd12853c2dc3b2124318e420545525e130164be042f37c8bf63111462f07f5279c17eeefaafab7c0800a1a48d6130defb0dd66a9c6969a0cf93df6c78c33f5e1239e6c6c15025d1144cba071102f8f63f7cba65a518d994407bc21f8e33a31814a1a20fdf5b4ce8281acae2c7a1ad8677a7291e044f202de5cc1c65cfa0cf1d731579750017299c2a268b2acecfce535cf4e3cec20b95427ade12438e2082af2e67a1fcf5d2fe5e25d7ce692b31ead66737138f3e59f9e791e3742101d18d263cb68d5b56c4389e461d5c5acf673f659\"","k_build":"427","dc3_server_salt":"\"bde1810601e2463a\"","user_auth":"{\"dcID\":2,\"date\":1701131243,\"id\":6801254791}","xt_instance":"{\"id\":20218059,\"idle\":true,\"time\":1701131257394}","dc":"2","dc4_auth_key":"\"8c82059c7f4fa53d903e5674070985a3052135952f2ac52b142744c8ae7c5174a81cb27d9f97b7e9c59dc55478798071adcc8708b25823bfdae85c2c9cb7e53a60c4e46d0760c6d902f840e69677ae6885ef1bc7bbd80a207715b8e03ba94e6bddc2d761a7c35e5e16dd7607400690ef82cba93fd741a107489183e5d4c8733bc889d808c7a9b85a405ce674f3a5b4cbd34438bfa1c66f0b0d2491cb42e913bff969bfb069c2e137560071a9f4d353f751cb3b4ffa76a41f0efaf047ae2648991d868a008b4d0649c55684af281872c638d86fc8110415e4e7c4ce5a3af50ad560b706518b48c4af0141a24c91204af92e7b393fae96edfb86ed293ef7d419fc\"","":"","dc2_auth_key":"\"66b6bf4a15e7ed6277d52a646f590ccea74d58e72b505629aad9f25e009f5a4ee5b28ba3e7ac159be2306c0563d53d7d3b1decaa6dd686807e1640c6d7adc7ee5e57d4f5fb0c792d0ef715e30b5d36b6a79a20c8a22074b9711772c0db0c6adcefd052fdd261e78ece568d39ff668a04d2df7e6abf9e6aa4600398ffc097e1e706119d5b1e30aec7b01600f93249648eca04e2497e27b96baf5a06ad6f510fc343f79bfb87268f3a80d3043d888300c01cb322209451a69a6edb8a9ae0690829ed6cbb40c4de1805d133e5822a304bfd64a19e81bc0771db1a8c3e2c786df78c90c5f0cda81da632d57e593ad81dfcdc986ff707cc71aa42a8930eae1c3238c0\"","dc4_server_salt":"\"42346dd8eef1b08e\"","tgme_sync":"{\"canRedirect\":true,\"ts\":1701131245}","server_time_offset":"0","dc2_server_salt":"\"136ea80afa8d1266\"","state_id":"143412644","auth_key_fingerprint":"\"66b6bf4a\"","dc1_auth_key":"\"1fe46ba055f89408244aa9bd7cc203d0f6a2aebe796b6e1c9c48b5d4fb496215d759b1e89e6c23d435d9f4359107245db56c0f5dff344ecfa52cc7cfb97d06dda809a6d109af82950493a3c361154f386eaddcc8d2b8402f05cf08a2b3a847bde2352106e9b984428ea8ff172de3b1ae9d0276b0c67e29dd8256ba19bfb78066306d0fb2583298fed812ceaa9694a4de12a53fc5873d0a839f8fd77cdd4e089ce9fdfe84bf2a73569adb3b2a761ffde287940143e8c81065ada082531971f23f834dce9def181a9665229022d3806c933f9361366be6d81113d0e123e0ab9e8821fc5fda80dbe55563b94a0aec7bb036ef29e57802ec9936045cff4a7f26a499\"","dc1_server_salt":"\"b094e2ba34590801\"","tt-global-state":""}
VM36:1 —————-
undefined
