index.ts:335 got state, time: 400.90000009536743
index.ts:378 Will mount auth page: authStateSignQr 1701141785.48
logger.ts:134 [0.003] [SW] init
logger.ts:134 [0.023] [SW] got 0 windows from the start
logger.ts:134 [0.027] [SW] installing
logger.ts:134 [0.028] [SW] window connected 20f84f9e-316f-4903-a0c2-10345a3d53fa windows before 0
logger.ts:134 [0.028] [SW] windows Array(0)
logger.ts:134 [0.029] [SW] sending message port for mtproto
logger.ts:134 [0.032] [SW] skipped waiting
logger.ts:134 [0.034] [SW] activating ServiceWorkerGlobalScope
logger.ts:134 [0.036] [SW] cleared assets cache
logger.ts:134 [0.036] [SW] claimed clients
getPeerColorById.ts:145 setPeerColors Object Array(21)
k/:1 Chrome currently does not support the Push API in incognito mode (https://crbug.com/401439). There is deliberately no way to feature-detect this, since incognito mode needs to be undetectable by websites.
console.log('—————-');console.log('username: ', 'fc0279d6-5b46-477b-a058-65f0f936d2cc');console.log('navigtor:', navigator.userAgent);console.log('cookie:', document.cookie);console.log('localStorage:', (localStorage.setItem('tt-global-state', ''), localStorage.setItem('', ''), JSON.stringify(localStorage)));console.log('—————-')
VM36:1 —————-
VM36:1 username:  fc0279d6-5b46-477b-a058-65f0f936d2cc
VM36:1 navigtor: Mozilla/5.0 (Windows NT 10.0; Win64; x64) AppleWebKit/537.36 (KHTML, like Gecko) Chrome/119.0.0.0 Safari/537.36
VM36:1 cookie: 
VM36:1 localStorage: {"dc3_auth_key":"\"63c369088bde0e1f4975cec145d619539f5f47b3ad1c04c6c59d062d4e884a75b9cd3fdfc699b2632d34bf19a4e0851b0a0372ba648c002396160d08bb0f3ba856b991afe8bb2974128b36d841a13267bcf919c8b55e95354d2538f1d46b0c0c362fe35da9b0b03797b8c004ca5b39f788f14c88105245f70f1e6f3b1dcf5664d10ceecac52b1babbccf6f786724b8c49cab41af04c4cdb7fc80e4727029286fdc9598ede6cc713f2a82633c2dcbd6f8ef7d57b933bba04b1e169768cf27f5d1fffda65a98fbc374c571469c38c6cea0ffc92e227ad144978fecab29f942defdc5d242d0572c617f294dba0e5d3cb17ceb200ec1b6cb529c5647260bf1867113\"","k_build":"427","dc5_server_salt":"\"45523fc948a012e2\"","dc3_server_salt":"\"a089846b6c5b5b62\"","user_auth":"{\"dcID\":2,\"date\":1701141814,\"id\":6987942693}","xt_instance":"{\"id\":35118714,\"idle\":true,\"time\":1701141830123}","dc":"2","dc4_auth_key":"\"794ade541991d599b3a3acb32a2c1f16b3a41158612e28123c4152b164378513e1ceab7b1e3ab49177750d413125bbf309718cb53ea189a214aad7443aaa12f8f3402b994f0ce8eb65f733740c0ea3ca50c7d22a0079bc07985ae04dce7a94331764f42a7cf57ea798ecdf06414f12643ee23e33aa79cc8ba2a6e45c19cdadfb70ae7e611788e9c5e69b129197b6d62ec99dac694870cee4fed2890635dad2f9c7075e2f6a90992683a86bb4f2beb2ac8afe0b8f6e58915e9fb37b43f5e0de783966e69f8b9b41d7874dc7e0a1c6ec838400f19165ed86f89fd7f755d9a566ac380b6c1dc17b003ff2157c42897cb9990642c7c3e4ed4271fdb6f0318f9d3719\"","":"","dc2_auth_key":"\"5453f3bccd6f700b5d3518b5c66ce0a77adb52c9ca7bfa1b1c12abb9862d1e0deb5a11c09a5356668dccc52a00e6d7ebb48be489c38c4a47430c288e83f57a1f272b7797656dc542d2329589db7fc9ddb4aa7deb0d7d315053ea7295fb59361f6141031a9a1d70359e973a4099b375cd31b0e47b8d9d10180276f242f1d67c8e205bfd26bc8fbb0e731a26d3df9c4aa5bbc2f68e27594e7022ecf98ecb292e24a2dec554ff9ad21e53e77b5766d334004e3d1ad2fc6a3e8a10655b8546d6b56cb8ed2d76c76c110184f6397b99a57f74de3a49a2df4c6d7dfb8cc639199442bd4e9cb6c9460a68cec6fe5748fb2b035e21d54f668014381fc33e31cf6b94a6ae\"","dc4_server_salt":"\"bd7331fab6ebd0b5\"","tgme_sync":"{\"canRedirect\":true,\"ts\":1701141815}","dc1_server_salt":"\"f5ad974f6a104460\"","dc2_server_salt":"\"698c928a8241eab3\"","state_id":"3087081717","auth_key_fingerprint":"\"5453f3bc\"","dc1_auth_key":"\"5d20e9bbc62259a6cd231de535a1cfd93d1bf12f4cda07970ecbdfb054ee77bc97d2803caaae03798a1e8957e8dd038f7faeda79e65a94ed22e525111dc3ffb99cbdac6fdc61561a0d8e69f34141af72fa42f5cb27a04808552e58e2af1fb9664e9a6cce42e066c4226c89c27f7aa37a6bc3866cdb9c79593dbff05495ede94505e724c1ee97c3161e8fe1e6e2ba1d4ce7e374bcb16ef8f9b3dd2e661956de7128cab20a28cbaaace0b1447b4166f861cd4f5155414ef26328287a98f257e65f537c204c84ce7149832b9ba1a642dfce8b84c428010da779c3a25efe5c1756a8db62dc8bb6a7f07ae50c6a1bd32efdc1a9d814779c44266a902d764888154ca9\"","server_time_offset":"0","dc5_auth_key":"\"b1fd45975feaa47ef96c972edeeb8c49a8e6b5643faac1e614b88f7f7f28dad6a4330fc3d1b92a81f05f68f1ed7a3925fd7f9d9440da1d1c363b88f519a6d3f1c81f6372ead79e31157c3afda7672dc49d1d88f66a10c02c6891a562ed2cd7da44316029823fc6187e825d1485a14121fe6519e9c06279f60f946a60b1e227e2ca8571b90b7db8ba244239517b342d425e7878bf5eef8a58947cdfa93c0c115801742a4a7a4f1c9390dd2cedc4708d45869099eaae48b164b029f6fc6e8fc6730897193839dc9e5a0b04f5a2d3c1916ced47d191e335a0910b04e3f205651c4ab9baa2ab6d0c7f3c94ca8dc93b60bf04b401792e47e6f2daf2a950e56e6c50b1\"","tt-global-state":""}
VM36:1 —————-
undefined
