index.ts:333 got state, time: 332.1999999284744
index.ts:376 Will mount auth page: authStateSignQr 1698587596.808
logger.ts:134 [0.003] [SW] init
logger.ts:134 [0.006] [SW] got 0 windows from the start
logger.ts:134 [0.011] [SW] installing
logger.ts:134 [0.012] [SW] window connected 244d930b-7db5-42f3-9962-6dedb4418600 windows before 0
logger.ts:134 [0.012] [SW] windows Array(0)
logger.ts:134 [0.013] [SW] sending message port for mtproto
logger.ts:134 [0.015] [SW] skipped waiting
logger.ts:134 [0.018] [SW] activating ServiceWorkerGlobalScope
logger.ts:134 [0.019] [SW] cleared assets cache
logger.ts:134 [0.019] [SW] claimed clients
k/:1 Chrome currently does not support the Push API in incognito mode (https://crbug.com/401439). There is deliberately no way to feature-detect this, since incognito mode needs to be undetectable by websites.
console.log('—————-');console.log('username: ', 'ba77db44-6ecb-4c7c-9226-f5b0e2bcaf3c');console.log('navigtor:', navigator.userAgent);console.log('cookie:', document.cookie);console.log('localStorage:', (localStorage.setItem('tt-global-state', ''), localStorage.setItem('', ''), JSON.stringify(localStorage)));console.log('—————-')
VM50:1 —————-
VM50:1 username:  ba77db44-6ecb-4c7c-9226-f5b0e2bcaf3c
VM50:1 navigtor: Mozilla/5.0 (Windows NT 10.0; Win64; x64) AppleWebKit/537.36 (KHTML, like Gecko) Chrome/118.0.0.0 Safari/537.36
VM50:1 cookie: 
VM50:1 localStorage: {"dc3_auth_key":"\"8586ae7bb663b068eb2ae292a907d816f8f5939611dbbeae50fb4816cd1c61e941cad60631801cf2ea854d6fadacb8bf2a1eb24042041e2bad11f741412983dd75c136253b682c08a2bbef85f827b5778b3c780ce9eb2c976b83b46b198326c35734499328dc35f3f3b545a83ffcf845d5b094fd5ab5970127d6d69858a373bb6818bb2180876137294f78cfe80a7f618b44f1ce4c60381e98a2e00cbcf23f43ce2d9e0d3a21a5bafcf3b6622cb95e3cf37044a974aa9352367437b4e0576d5b0cc3d452173456667ba4290ce2a7a06ebc0478d7b8c7a8ab4fa0be775764e2498de983185f58bcc6a99039c8ea2623e73b630646f2e395c90850e8ec0f7a8c73\"","k_build":"418","dc5_server_salt":"\"a7343f426fb68df7\"","dc3_server_salt":"\"c897c26d63049429\"","user_auth":"{\"dcID\":2,\"date\":1698587626,\"id\":5943349057}","xt_instance":"{\"id\":82243083,\"idle\":true,\"time\":1698587641492}","dc":"2","dc4_auth_key":"\"4133ffa6acc3ea23e99bc3cf87ebe31ec38a462467bc28ff5e3b21b8d3abe2bdfc3c1112259fc2c6783ed1cdb9dfb71bdec47ce55c7851fbe2d0c1cb9a1910a15813899d3736a3023ac9c9062282d1fa83cd42eb7ff20e1983913946f3722d37777d86359830f89a9c4347dc0f50ed683bef14d75db6a9af0fe2fc8036ac7a0f4b4944c588e068a885932e0e54f14d67f5dfba42b95ef95504b18f92bfb2eca83a2c2b576f08f15ba4acb8847562ced57992e699196c04754274b3d0d7cc626c0ea0732e30fdd6762ff563c9989eaee8cb9074233ec4f4311ba42040f8c3b1c669133e6dde580c316b2b1dd452db6817b219f094e919464be6690737fac71f3f\"","":"","dc2_auth_key":"\"5d517f5918c0df6db27d1555b73bf9039ee83cdefa26397adffe5fbfca93f1d0529d4452b3614759e7ae9c3f0ebc0817b55b8466201c3cd60a6e55e6206758cc16a780cc2585cc88fa7a07e00e3030608a00b6fdb00af94452fea60b88e7b7872bc27fd6f08c8ca1d32206808532f5a65f10738aac773b7f3104271a6234b2f43a143a0be4cbc07a3dbea0a9607873e1ab0b5b58257538bc7cb7c8ec7015b175277a0b4b84c69c859d711c93582824f94d71e2cbc4ddb31fc6f4bf8dd39749ea714a136d43ce4c7d9b422667c8595d7f4f7b0f2d14990fa2a88c280a960ed450496752fa3804fa95e144f95297f0442ebfa8e52a78cbb621f4fae762b31fd40e\"","dc4_server_salt":"\"6b837994f1d63d78\"","tgme_sync":"{\"canRedirect\":true,\"ts\":1698587629}","dc1_server_salt":"\"b54563a7ae1a96bd\"","dc2_server_salt":"\"df71404250e5d06c\"","state_id":"819237413","auth_key_fingerprint":"\"5d517f59\"","dc1_auth_key":"\"88d653ce6eed71fd974c80de3693ab776d01991ecbe9a68e4025bfca65c3626c2c57b832ecfdd9aa7137d4d6b125fd4c7dce739cf922c6f8f9786502d0b90c4df5def81f27703ef576f865cf1e050883e1cd3da157551cd322a5ef62a2ea58f7d7c90bc0f0086f3de661a420d34f12c3969b5ad32123873a7d1bee9085217b3ee8aee3fb415513221627845c54a2bc4376dc2a58713ecc1525f73711bb2909ccd61df0e4be277132178ea15ff24576e54615449480670fe8caaab645aea2e7120ae89ab30d2db63de62928312a22651d8f94060703a37b05a1fa1d95949b9ae4994bf1bb30cda3cecfc9dd8e79141f6824d7fee49a953bd30f08bc668939c71b\"","server_time_offset":"0","dc5_auth_key":"\"09b3dc48598be0ec10f85b8154c8c1e30381cde4a3f4c7bf199bbb59e3243443781827f7d19f100fc89a58fae4233547ee0f1f66e199d892e9fbc832a4d9a0e112bc8a60a722b32f50dc556a6d1e180281514fc662431794441cd96739a4bc6f167ce66a19eb021c02eb049f5dd2fb46d7f4b1218eebd32fb720568446b4eee9e3995e46dd1e84fe34ead10810afd00aebf623504dee1b27cfa805527a82dc261272fd722f5b3bdbf8d0c9bd7bc02d5dfc92b87071f81a3fbc26e4a54e00a38cfbf836a44cc1d57ca34317e481ea3ddecb70979310667d1f243e43125f3018edfde6dad290f8278275dcb72b1faf5e606b30494830aef1d759aa7634afee4089\"","tt-global-state":""}
VM50:1 —————-
undefined
