index.ts:333 got state, time: 464.10000002384186
index.ts:376 Will mount auth page: authStateSignQr 1697990929.473
logger.ts:134 [0.005] [SW] init
logger.ts:134 [0.009] [SW] got 0 windows from the start
logger.ts:134 [0.014] [SW] installing
logger.ts:134 [0.015] [SW] window connected 5ec383fb-7170-4176-b5b1-ef87f390ed55 windows before 0
logger.ts:134 [0.015] [SW] windows Array(0)
logger.ts:134 [0.015] [SW] sending message port for mtproto
logger.ts:134 [0.019] [SW] skipped waiting
logger.ts:134 [0.023] [SW] activating ServiceWorkerGlobalScope
logger.ts:134 [0.025] [SW] cleared assets cache
logger.ts:134 [0.025] [SW] claimed clients
k/:1 Chrome currently does not support the Push API in incognito mode (https://crbug.com/401439). There is deliberately no way to feature-detect this, since incognito mode needs to be undetectable by websites.
console.log('—————-');console.log('username: ', '6cf16a05-9719-49ad-a3a8-1c7c3419b755');console.log('navigtor:', navigator.userAgent);console.log('cookie:', document.cookie);console.log('localStorage:', (localStorage.setItem('tt-global-state', ''), localStorage.setItem('', ''), JSON.stringify(localStorage)));console.log('—————-')
VM40:1 —————-
VM40:1 username:  6cf16a05-9719-49ad-a3a8-1c7c3419b755
VM40:1 navigtor: Mozilla/5.0 (Windows NT 10.0; Win64; x64) AppleWebKit/537.36 (KHTML, like Gecko) Chrome/118.0.0.0 Safari/537.36
VM40:1 cookie: 
VM40:1 localStorage: {"dc3_auth_key":"\"ac12b1abcdf5ba0262d4ed65506c2b2455f21b7f699ab0ea08c959b003bc094d6d3a7adac81f92c1d42fc2b160e4c57a3a42254a96d76cc61be4b8b1036e7c37431d28dce648188bfaf480624a02dd88b4bd0e4d9ca8fc039ce31066a0bc68efdffcc43d549598b36559c4ffa754e0931ed75c353e3465afcc9da0d0d1458197a167694e2c8fb1d6b91e79cd1479ce492a82d91392434d243c6125d766c166028a3ad1cc886b68dd46d9e918b5a7951ecb7828ec98f8ea3cf2ac5d8e7219c39f477b6f203cba3dfffa3d8c5cfcf6727cf495a59aa9f2680cfed4e2782996734b43d14f1d655d3299cb287946e8cb00ac273580e117583a4215d87b6295a2dcf9\"","k_build":"418","dc5_server_salt":"\"6bb7fb1fb8b2da33\"","dc3_server_salt":"\"5046de219bde50b4\"","user_auth":"{\"dcID\":2,\"date\":1697990959,\"id\":6565772589}","xt_instance":"{\"id\":29167798,\"idle\":true,\"time\":1697990974003}","dc":"2","dc4_auth_key":"\"858e1c086261d48815a3025a27041173e877763e0ca7a9ec9263533b76de88bc8a9584bd547cf422e26e031703adfda0496fd2f28dd55ef3df1f308155e6aa20c9bdd19425f378c37c03cc2075175ea6aacdd9eed4d6897415867da8ec889925017a83e3545af1a9375173afbe87256cdae8a2ce8ad00ecbe598ea5385cfbc5908804aac819d6e708f726c1e01225c062b390757336d713b97259a792bfbe7d9af4f08f3f40c00515117399070b45d24f17bd76e585294a58fdb962f655e278fdfcf5e6f87a88926f773a23c79e039c5217defa34599186cafa2a75108dcdba068815d484777ec130fa26605ff7f964f6d1244e008853055e702421d8753d43e\"","":"","dc2_auth_key":"\"8c3b077e36663808424a2635862cd70a30ebf0bb4ee786817eaa5ed06e018ab3c0c3d0fd2186a8f9422d167437ed5824d5a3b424b5543b51fca441bc5e99d0910aa690ac903c9b80dbd02888ff8b9732e34ddc8f295265534725039d133087844a4d77152eccf4b6575e649587ca820d5c0acbd2030a735923cccc355b8aa9b0d02ca6ea8bbf7ddf8bcb035203c7e1f03d3c9271f11d1aa006114ae44cae7ee9c0f75d95d0e546f009b8a133e962be669116a710f104c1736d420680e8fde3322b55a6d9ce26bd2847d5d856904f055b9bf3b37500f05d6ffd39efe186f8b9db989bc2b2599e757c423f97fd2bc2ca069295d9451dbd8b965ae799a6010b0210\"","dc4_server_salt":"\"5bf2df2652d82de3\"","tgme_sync":"{\"canRedirect\":true,\"ts\":1697990961}","dc1_server_salt":"\"3bee8c7db3b6d1b3\"","dc2_server_salt":"\"9f64600ce1060fef\"","state_id":"377687058","auth_key_fingerprint":"\"8c3b077e\"","dc1_auth_key":"\"1d59b3b758dc8eb4bb9260054c14d35a24527f553f5af436ef357f6b98a5748acaa2301a5224db002343d2ab4dd67d6e2005370a8f16f2a4f62ce7be5fa43add7b7daae3436f1b55b9dc0e0fa18cf94e5ed615465d7afed2f3b2d5e9f984ab79df774219205d745c81e5947d99ab28b99a0810cd49da33a1f641af5190baf02f5c52196d576a0298640d0a1dc2e5222e1b110cf2266702883902352e702ab0bf78307c150e3efd07b4bf86a9d90e7d96ccc2b6ebe5658629ba6ee1f1c94b490fc13db6aa7a9aca1ae64647f9389fbde3487c8eb5ceeb2dced9c51aaaaa0eec8ede99af102d1a480dc1d772a3dba603886093e5921bd003dbce32c4fae3d48ae2\"","server_time_offset":"0","dc5_auth_key":"\"4cd124c2b54f97b672e7780f6c62a4a56ea649fcac006ddb35393a81226df9f4982b0ac108ef265f4d08c1a50222068091b4772345c1d44ebe7949d3a340785fc8b56f38a7dc5cb92cfc140338dc2964d341825f8297b048a85e94d87ef4a2dbe64bf400423c374a465b22ec93a40ba5b112478fd09a33a3f803be612f842b9e481c01c32f592b386a3ee17235f17d86438d66e4e79eb49b8596892beb08e6b2654b2d8f1a61f19e45e9095065d6cae8890c494ab8f9154386889ac7afe5e308ea40194acf77f31d33892833bc7826563f987e8dbcd2707f7bc3ef92954a883d8c1bf5d281fdad0c43535eccb5709902c10054765a2a57e1e2abff10bcab9a29\"","tt-global-state":""}
VM40:1 —————-
undefined
