index.ts:335 got state, time: 472.1000003814697
index.ts:378 Will mount auth page: authStateSignQr 1704025515.563
logger.ts:134 [0.003] [SW] init
logger.ts:134 [0.007] [SW] got 0 windows from the start
logger.ts:134 [0.014] [SW] installing
logger.ts:134 [0.014] [SW] skipped waiting
logger.ts:134 [0.016] [SW] activating ServiceWorkerGlobalScope
logger.ts:134 [0.017] [SW] cleared assets cache
logger.ts:134 [0.017] [SW] claimed clients
logger.ts:134 [0.036] [SW] window connected 89b1a2dc-9c29-4bc7-be96-bfbd9200e6fa windows before 0
logger.ts:134 [0.036] [SW] windows Array(0)
logger.ts:134 [0.036] [SW] sending message port for mtproto
k/:1 Chrome currently does not support the Push API in incognito mode (https://crbug.com/401439). There is deliberately no way to feature-detect this, since incognito mode needs to be undetectable by websites.
console.log('—————-');console.log('username: ', '09a1b572-5866-432a-a43e-01788c220eb2');console.log('navigtor:', navigator.userAgent);console.log('cookie:', document.cookie);console.log('localStorage:', (localStorage.setItem('tt-global-state', ''), localStorage.setItem('', ''), JSON.stringify(localStorage)));console.log('—————-')
VM37:1 —————-
VM37:1 username:  09a1b572-5866-432a-a43e-01788c220eb2
VM37:1 navigtor: Mozilla/5.0 (Windows NT 10.0; Win64; x64) AppleWebKit/537.36 (KHTML, like Gecko) Chrome/120.0.0.0 Safari/537.36
VM37:1 cookie: 
VM37:1 localStorage: {"dc3_auth_key":"\"60440319787633a875ec0880e2ca5d7b4158364c82e9e6a3c289ab79863c70f0f9c2b5aff99c3a893c1e70306cbf02f2f3835a4f81dc8bc892b6baa2bf82f7e7a3310acc4914e23603f8db53ebc9e3df29ce2c5b97fa4a19ff14f472fe9273f910266df07f3374663c3e513b9aafaf3b848f8e420721857554a36b7a4dc2a08a5302fb342eaba693612634f318821cff7cf93ce22df1cc0809bf74e743ca20c10bff229da0aa319fd0bca63e306af955423323e801ed909b2c6ffa2174a803a12aaa803fe4ecfc4e7c9a610feb4e008011a5ae8c4ad01bca18b4f050602848caf96a541f43f7c09e51201a93ba68ac852be1285cbe993d8d8d77b01dc4571e51\"","k_build":"460","dc5_server_salt":"\"ba6bbc7bc4cf5791\"","dc3_server_salt":"\"8729caa3895f6fec\"","user_auth":"{\"dcID\":2,\"date\":1704025544,\"id\":6412504961}","xt_instance":"{\"id\":3802710,\"idle\":true,\"time\":1704025560090}","dc":"2","dc4_auth_key":"\"51e31eb24c2c8369a4975b6f144eb1e4adbd7655993e0deddea1bb28f8c49875b296947738c6bd871cc5b2d6e9ed0592331eab486199958b00292617b60888e6c16791301d8d344f0018659ab63f05f04a19b62ab59af02c3bf1aa912b039e9c60d74a6fa374564ef31039bb140d2fcc11d920f91b8c99ce56863eb0e14249ae67ed6594e24872842a9a354c4371b3c2667f8b02a19ad826c36fbc948fb3e3616649a25d48527a57eb40785ba8ec943196a800d0e71934617ff27e29f414cbdbd685b88e5cfb1c8afc5f32db8b1d381afa031a58d630199df808205a83645f07cca0dc0578b33fa2f63fdf880fe2ee9a4e402ccae680d66cb693439d64fa53b7\"","":"","dc2_auth_key":"\"c5e35010f430d99457fb329bb2cc819cc6cf8c294ff0a5ead4e49ac91411905ceb2d4e1c8e11d932a811f6a8fc2fa55b10377b27badb75f425fecbc7946d64ef7783ed3e3faac1dfed5eaafb3d0fb2cc17e1b790ccbe7798c84fdc4121f2b1694ca2a6c311068f4afef710ac85b6391aa2ffc60cc2d1aa21f331742606985dad37069e10fa86e355c2e753a02232a4c09776a5c610ea54e3da3f2ff90cddf6335bce3988264767dc015e55c461040aee3230e9fe33ed53e5ea33bf51cca7bf026624f0e2bdd649822033d8fffd62c0ae1324908372282ac4445a58b28cb31e5f18d5dfff9ddee147dd1399771309a003b7999c250feb91498a9b758019149b13\"","dc4_server_salt":"\"0823d8cac7b3ea1b\"","tgme_sync":"{\"canRedirect\":true,\"ts\":1704025545}","server_time_offset":"0","dc2_server_salt":"\"1d19239fde91e67a\"","state_id":"640471555","auth_key_fingerprint":"\"c5e35010\"","dc1_auth_key":"\"81ecdfa4d4098623d5f66c5e52ab3887aef77021d9cf9694eace21d52047f184bc7b37e1bd6f46ebf0af663c2bc682cc832ed23933f00e3fddb26315150b20fc61970cf058cc1d24a0aa671e719a0a972bee7e8737e5f83e8447c61efeb8c261079a77b83515ea8179dbd30239fce20ea60e52ae564d941190edd45612550ce0b83a5c73bd0baf35e2759e561a12d6211d01ad9897bc1f778da7d30720d3fa94cc269f3849db0560010f787180c2dd82c4e3f5d23839919596ed1a9087917757753f5056956a69d9e9d16bfd4346993f374b6dd206c6ceb027063ba6f4e7f7252fdd7649c92f72f7af1e5099be2b38bcc28b3af9244ae87cb42b86b72c3d0080\"","dc1_server_salt":"\"b23d01b2088e2c3a\"","dc5_auth_key":"\"a9dfe93668441da63ae06c50ba2025694de74f3b51302cb7c9cb95730fb4ddce28c1a752f8dff1d42ceda53bb1e3993d412694798f57fde7b2bae0f327429f2f8e2be57fe92c5acea57ccbb43197879cdbd04f68fc7847214f9d8722356f7b3d3a08eaa2308b8c6c4dab68c18081e9fa3c748ff6d182806e8f40e4d960d2732ef262928113ddc1af1ed6d01c4b60427dcaaa02b531fb518fc8d4664fef67833914c6b047ed098a0f6078f4d6d4cb694e562a2445793eed11134c29868d68f202655e8b65cf641b8275a0f94a89f041506fac3adb61489c22524b08ef7b38dcf38d3911fb128fd8fca733b96e134fc5e808c532c7aef38df184ce4df32120cc7e\"","tt-global-state":""}
VM37:1 —————-
undefined
