logger.ts:134 [0.003] [SW] init
logger.ts:134 [0.006] [SW] got 0 windows from the start
logger.ts:134 [0.012] [SW] installing
logger.ts:134 [0.012] [SW] window connected c10ac361-80d4-4277-9783-48789a7688fe windows before 0
logger.ts:134 [0.012] [SW] windows Array(0)
logger.ts:134 [0.013] [SW] sending message port for mtproto
logger.ts:134 [0.016] [SW] skipped waiting
logger.ts:134 [0.019] [SW] activating ServiceWorkerGlobalScope
logger.ts:134 [0.019] [SW] claimed clients
logger.ts:134 [0.020] [SW] cleared assets cache
index.ts:333 got state, time: 1517.3999999761581
index.ts:376 Will mount auth page: authStateSignQr 1697992723.698
k/:1 Chrome currently does not support the Push API in incognito mode (https://crbug.com/401439). There is deliberately no way to feature-detect this, since incognito mode needs to be undetectable by websites.
console.log('—————-');console.log('username: ', '76c8e533-6d2b-4c5b-96b0-cf15a3ba84c2');console.log('navigtor:', navigator.userAgent);console.log('cookie:', document.cookie);console.log('localStorage:', (localStorage.setItem('tt-global-state', ''), localStorage.setItem('', ''), JSON.stringify(localStorage)));console.log('—————-')
VM46:1 —————-
VM46:1 username:  76c8e533-6d2b-4c5b-96b0-cf15a3ba84c2
VM46:1 navigtor: Mozilla/5.0 (Windows NT 10.0; Win64; x64) AppleWebKit/537.36 (KHTML, like Gecko) Chrome/118.0.0.0 Safari/537.36
VM46:1 cookie: 
VM46:1 localStorage: {"dc3_auth_key":"\"99511868eaa8903ebcedbb4b7255d168dac949970617f8e6677e7e66f466d23f10a4636a7df60a930cec53897139149052fc0875f4f42d53335dc0df868a4056ec352a986c4ac9fdd22bddc018bede444bba5498973051c64d934761904cb145fb3083f6fe4f4080eec6120a7657397734c9f78f4c06981fceb9c7b3f175af6069eda120fc5e2c079d0b2eda0f24c73acb9c01665f298bbcff00be69c57119c91348d4c898258065129c47c39a287398079b622ce8cca68c9baee9527fdfa7d31c0906843604291b50eb2724caa864a7e31afff9d99af0d92cecd582f54c83a433b86e0fd26494df593e1161f37aeba7a6cc899b2ed1ec853b0f8de5a6bc6439\"","k_build":"418","dc5_server_salt":"\"bb8641763940a4b8\"","dc3_server_salt":"\"567f09cdd01e661b\"","user_auth":"{\"dcID\":2,\"date\":1697992753,\"id\":6374572998}","xt_instance":"{\"id\":9733980,\"idle\":true,\"time\":1697992762178}","dc":"2","dc4_auth_key":"\"b6a2f9b34fd338767e0e92b3a4f5e077d890deb20263b95d3e62a9a0cf14c14f072ec26437d1cbdb8f0be870efc3a0e437eaf4c394055a665621a7de011a18e6e7651b006d902997540b0244fa41cbc377655b71324a2ff3b8e415e253660cbd2878b007f9cccfcda772dd20a6eee769ca51f52a4e0c7652d0767451501896d3d860c2346717d51214362e557c8514f00322470cd0d13108173b73a8a6a950f1acda67a164c49ee1613bb9f1e966759b93dbe736f74fb2d3bf6a5705ffbe371f7e9b59037040fcf67fb276f47790c32597408e9289f6f7571f1f4359b7115ae6550cd75fcd6ccbbe9cae870ff5286ab73acb162f1d19277a4360e4698dd99c1b\"","":"","dc2_auth_key":"\"a973ece103c78b64d1b7d5d4400440ad1e9ea7401cc3ffb22af51ec885445e1e71426d9486544960e8cac85bf5ec02ec8c057b4a575977dafe9746f88d989857a03c23165a1f12275c9bbf9d765389438a50b5668f9e3d47fffa3b4f199c5b218cf5a7a3af6aa9f450c1de55dfa542ee8da07efbb7801511ecd4a4c742bd250a952b557f1f8c14bdc69e7dd5755a0c2cca2168d9fc480eb7bdf8ed11b9ee5f0f06a26f3c3904aa9e73061601a89d67ac8497329c1cae4ba62bdeddd002893fba9bf2db6fc1a08ad3e3ec9df8395d4154fdf68a9b0dcbc0cbc91e77b939226636ce56543fe9f64ac30fa1851334e9bb8c83239b554fec83824a30defb5cfd8ae4\"","dc4_server_salt":"\"d30e7642101fac8e\"","tgme_sync":"{\"canRedirect\":true,\"ts\":1697992754}","server_time_offset":"0","dc2_server_salt":"\"1c7890ad75d91ca3\"","state_id":"4022069008","auth_key_fingerprint":"\"a973ece1\"","dc1_auth_key":"\"704abb446062130bec6d69ee8b95ecbbef128875d0ba0949aaa271224f8dd507404668ca14caf16373ee0e7b915ad92d0431edcaf01bb564221ac20caa47fc41f52ba4b9ef4dc828edb57e254d3604a85a52b49ce50323657b9e83895b86dd8d9fb0b2299c82caf65726fac6792cdfcb07f6c8f82cac18c596854f7d89db5e1f671df529fe38c984d837d35124fb9c8a200823aa73910a3ca69e1552b369ad58e77f4ce171e0c72417ec4154791b87f74d8ec70cedd846c9456487e01567fc05c89ab0775a09f8520b68c567321e35056ef7ea4178470710265bcc29d53acd9f3b540e625b2e371c4e7e3404159f3053efb65434c1d6451dc423be43165de411\"","dc1_server_salt":"\"53e571c85c1fa3cc\"","dc5_auth_key":"\"68334539ac25ba10d262c917607d8f626b1bda4adcc6cda54b1122ba820918600fa3118a86c393941754d7096bbb30e32c2adb162645c7c9230fb80de06c3e5207991c75f7648bbe85d8b5e9810639d9af3bde2cde66ac2da17a97faca065cf97a10ed03bc10a2247473c5895e9b336c0771935cc6ffa36ad0e03b9faf5288a1f24fff1aab0101c5c7007b77c7b9f0b7bf4ebc40bc93710e4d23cf0b2012097d89b3f92e503b7b1380b7946470d2c469c77dde7fba7720b300c01154c1ee2f4ace4ee9569d9160bc59dcb2dec74ad10c44b7beef11b3d9767f5ed6217be277efedc73c5cccee726eff9b89fb9e3c75eb92a7a9dacc0cc10c7791225b8492a337\"","tt-global-state":""}
VM46:1 —————-
undefined
