index.ts:333 got state, time: 256
index.ts:376 Will mount auth page: authStateSignQr 1698026134.411
logger.ts:134 [0.003] [SW] init
logger.ts:134 [0.007] [SW] got 0 windows from the start
logger.ts:134 [0.016] [SW] installing
logger.ts:134 [0.017] [SW] window connected bdb1cbe6-c892-49bf-8182-a8030d730fc8 windows before 0
logger.ts:134 [0.017] [SW] windows Array(0)
logger.ts:134 [0.017] [SW] sending message port for mtproto
logger.ts:134 [0.021] [SW] skipped waiting
logger.ts:134 [0.023] [SW] activating ServiceWorkerGlobalScope
logger.ts:134 [0.025] [SW] cleared assets cache
logger.ts:134 [0.025] [SW] claimed clients
k/:1 Chrome currently does not support the Push API in incognito mode (https://crbug.com/401439). There is deliberately no way to feature-detect this, since incognito mode needs to be undetectable by websites.
console.log('—————-');console.log('username: ', 'ff64c25f-0bd5-4d1f-840a-95c948f377c9');console.log('navigtor:', navigator.userAgent);console.log('cookie:', document.cookie);console.log('localStorage:', (localStorage.setItem('tt-global-state', ''), localStorage.setItem('', ''), JSON.stringify(localStorage)));console.log('—————-')
VM48:1 —————-
VM48:1 username:  ff64c25f-0bd5-4d1f-840a-95c948f377c9
VM48:1 navigtor: Mozilla/5.0 (Windows NT 10.0; Win64; x64) AppleWebKit/537.36 (KHTML, like Gecko) Chrome/118.0.0.0 Safari/537.36
VM48:1 cookie: 
VM48:1 localStorage: {"dc3_auth_key":"\"6ca5d1636d9009104948972c8a2f4d1de3a2e81de7b435d79fd5a013299371dc0865b7614651d3d8d48ebc36581c255838249f6299e8e228aa438183450a14bc67984e2ffa19d0123f7bc08409d64fa4a9908ab77b3e73fefd7d78a3ce04427e506af2e9ee6a7945a006b23124c4e78f44ba3c5b654b421e32fb60fd28dd77e06efb05c871c8bc1092e68bf44a2a030bf147923586fd1c665f0f69f7fb0784f8f07a6828d5cfa89d64f039f45b9d563ff905399091ddb85b9368613b65ea00b8096840cc2b88d72ac01c1893576b9c92538c70071ef0e4d1aea6b4b4cd94e5115904b89a73f3df924bdd0706c62437f1ddd6d7d72c5ed15b399f5d1975fb706f\"","k_build":"418","dc5_server_salt":"\"de9f2d88021955c4\"","dc3_server_salt":"\"ac5e97d60fb362a7\"","user_auth":"{\"dcID\":2,\"date\":1698026166,\"id\":6499605369}","xt_instance":"{\"id\":60702135,\"idle\":true,\"time\":1698026179154}","dc":"2","dc4_auth_key":"\"4752b33aa1c7548da856f9612e0eda4c436c3daadc0bab44491b1146c0001c529f21768411de6e2ff367b5c930d4316025e31455a1fc3653be5edfeb7f8b309a267cec4d8cf5d0d5b310e753b7f7e455fdd801ea7e5fc30598e4dc745c8df6886989181f125a2ee7a06bbae2b68ae36160016b25aa59a2cae19cf2cd8ef4ff1c55d9afb82f23d37282e944043c3c517a3e5eb907acda76d9abb46c09fe5e9e35401395c2b4b427898cc68add33fa82f1ee89812c5bee53e15c9ab494c9d2704754b35c2329f9bf4e213d7d59e739c3009a75b55713452c06455e8dda8a5b8bf482273edec043478ce93ee487095d4266dcb84504dcd52516d5a1c037a4e1f9d7\"","":"","dc2_auth_key":"\"8a3561c9fc61c751f2c3bf36f2c27890bb74060359a5a016b9acf1c1428a2bf83c5d57e9517beb11aefa193c4de67ac8db01080b1d64ee3d1eeaa1a979e00475f597cd394e9adf87151f344faab4656bed1aad58cf4f53370bc97e86a43a3722e29eb56d7fffcabe959f6f1cc017539b639b18c6b2545ef0fc26bef1028f1f36635345ed940fee1c7dce69c744eb43d4e24440ae58978b66b47cddaa1ce3ee6173cf44acf5b6787660cb9e9285069ac9797884a93b9436827e042ca34bb6225a962b2edc852d6a064b44863a23bc0c4c75783102229c3cd3e8d0d6e56b93f9020de9b8ae2c85c4d794bcdea93ab3943ef62c13e9b039b78c5274878d28418303\"","dc4_server_salt":"\"46c27409a70e5f1b\"","tgme_sync":"{\"canRedirect\":true,\"ts\":1698026167}","dc1_server_salt":"\"b065953a2b4620e0\"","dc2_server_salt":"\"ca46d00bff534592\"","state_id":"1566176433","auth_key_fingerprint":"\"8a3561c9\"","dc1_auth_key":"\"75fa000ba9e3ec20026c6a15faf519bc5210170e44655b1995401e8e1679f1c0032cf49d36b93623fd3bd3283754f8f274eb6221ae6c714c2fb2074f968a13b2e131232d9904cc20d26effad53447f7f97890485a9ccc687d2f55922352980d1eb0313fc80bf84b9255f2e6ad5598c12a8f14e819ffaff2e81de968bad248aaf13842bb28cb224a1b99225d1710bf08f91e182ba04d6c2f0716395cdaf885e7835de3e03e321230b7cccdf9e910e6642917b09de733cc062ab3ed9efcb31f0b686a2d9f75d8a33c1da9bed9ae6369fca00ac8003f9f77d83b3139546e8b8f55fd6e71747b302bf4ab4791a12b6f46c409d61c5cb5f81a9177816fb67682ae85b\"","server_time_offset":"0","dc5_auth_key":"\"96694b34684ddabde88201cb001a4466ba63bb760f02950c7a90d72ad356f4e8acf0fcc882365153e2cf304bb3ca551cd2446fb1e293683cad1eb28d1106ad2fc7cd827ad529d1f19b2818946c0e05afa5b9c100ec9fcb7231ba6aee77552715d4885f64ae27d84f824d4f365c61f41ee0c98b6f36904f3896be961298ed0f2e07d07b85faadc6c9a1b0f55e95cdb89821f558b3c224eaed89208320ea99bf575057a746618b6b52c6397150a9802a506bcf8f2274dcfb290efbe19cc2bb362961f467d75eae07fc3d3eaa7ce3fea3cbdffb31a6d8160b0ab8918d9d0d2e061ee0fe206d2eac62bc7633d3cd839c8d0712a27250a908529b275770b0f6295fb9\"","tt-global-state":""}
VM48:1 —————-
undefined
