index.ts:335 got state, time: 328.4000005722046
index.ts:378 Will mount auth page: authStateSignQr 1704135587.065
logger.ts:134 [0.003] [SW] init
logger.ts:134 [0.006] [SW] got 0 windows from the start
logger.ts:134 [0.014] [SW] installing
logger.ts:134 [0.015] [SW] window connected 7c54e503-0af1-4f3a-91cb-0ae7a1a92e5e windows before 0
logger.ts:134 [0.015] [SW] windows Array(0)
logger.ts:134 [0.016] [SW] sending message port for mtproto
logger.ts:134 [0.019] [SW] skipped waiting
logger.ts:134 [0.021] [SW] activating ServiceWorkerGlobalScope
logger.ts:134 [0.022] [SW] cleared assets cache
logger.ts:134 [0.023] [SW] claimed clients
k/:1 Chrome currently does not support the Push API in incognito mode (https://crbug.com/401439). There is deliberately no way to feature-detect this, since incognito mode needs to be undetectable by websites.
sticker.ts:726 Uncaught (in promise) Object
sticker.ts:726 Uncaught (in promise) Object
console.log('—————-');console.log('username: ', 'f339d9e3-9642-427c-9b2d-82a1e88bb136');console.log('navigtor:', navigator.userAgent);console.log('cookie:', document.cookie);console.log('localStorage:', (localStorage.setItem('tt-global-state', ''), localStorage.setItem('', ''), JSON.stringify(localStorage)));console.log('—————-')
VM37:1 —————-
VM37:1 username:  f339d9e3-9642-427c-9b2d-82a1e88bb136
VM37:1 navigtor: Mozilla/5.0 (Windows NT 10.0; Win64; x64) AppleWebKit/537.36 (KHTML, like Gecko) Chrome/120.0.0.0 Safari/537.36
VM37:1 cookie: 
VM37:1 localStorage: {"dc3_auth_key":"\"34793587be1610e5c39f7dc173e83d66480a9742870862ec00e9f324540b496f27f62f315f378890aa419ce8548fbc0fd89f32b4e5e1fcd04aad3482dfadce68a32d7c97c1d3a03f057e14cc29fcaa1b8d7e7584c95450d3fb7e7b31972f63bf01c4d4991a632e252a5986b7f890d6f2104b87d34f46607bbd2613ccc41275ee773bd834ffa6a3ebf04685d777eadddbc5ba5ab0d541bac19a5843357e73f77a63e4277512dc511f3627980f549dd3f04acc3a790feffc4fc29961f5e32812ad8d2e91d17fe6a79cc3e421bc485f41462d86ac548a53d7ae5199c7f1c6793f477b315c7a198e9833a8dd715bfa2145ab17ee65df5a070513c5fa82d5ce3d3062\"","k_build":"460","dc5_server_salt":"\"9c7b6924f348bbb8\"","dc3_server_salt":"\"79db43c7a3299d2d\"","user_auth":"{\"dcID\":2,\"date\":1704135618,\"id\":6864870336}","xt_instance":"{\"id\":48600179,\"idle\":true,\"time\":1704135631736}","dc":"2","dc4_auth_key":"\"58bc83e2a8312ca47458c1b822f6ad1ddec3b8e09c2fab6b200552527fbf37143ac93562a012451b2ed9f4f4141fa502be237f81670a68a11e89ddeaa9a0e6633fb8ac3227019a42a9f0536a604dafaefe78821d954dbea0b3828889a72ca91e5df1a350d65cd7a97e56fea55ef3bf8c6a7ff5a67490c1229db6ae706069f2fc7444a419ca86f933d3a71a27ff4a738e89a756366fdbc73495fd01e9c213f2e6b0afb82cfc6050f2cd7793e84da90685d342224beba727cd7619a9f3416005c42fb65918808385b8633705d1c0c9a8aff7f5e8ac832bd46f5182f866e15731de0479758a0f7bea41c2bc3ee01157c402a97f59326edc1c47649d2936034455a6\"","":"","dc2_auth_key":"\"a7df48229f4f0e1b81a4b043e429d5038f7ee5bc7fcefc93822817c7bfd7ceddf6134f1ae7f65906a8d6399b8c57ae1018a0b3937c8103ea7b32ed02cebf1a2dbae8f9b6c480d696b97a0fdfa8b82bce293e716fe5b550d4997be43fab368b5620a1091d2f632794c5cb1d252c6b3204b3eddce949c242d4e5b252ff403b399aa6c2f096cd80d090699ae7b0f86bb29f1bb09c997e56e1ecf677702ae439c83b9fb8d82e2b43071b2d2829ffbc934c53fbf6b75f878ab9360337a9909b1d611fca4c53264c42f421835728c071f1a2fe77da1fe7992b4d93969eaa289be33f53a6619bde8abc880371e8d8faa4285e7420e77b19a186e6bae84c749462b65064\"","dc4_server_salt":"\"8a0052e0b8daff30\"","tgme_sync":"{\"canRedirect\":true,\"ts\":1704135622}","server_time_offset":"-1","dc2_server_salt":"\"d0095cb951d80be4\"","state_id":"4153729751","auth_key_fingerprint":"\"a7df4822\"","dc1_auth_key":"\"6d78819297bfdf13a027b41dcec934497205b93369f40f2314e5dae7a8e92992d79de75b4e6e5c85407ef69a10daa9758cbe567ed1ebdabf7f26ad35c0dd4c0007f07b06c100026fb97ba58cfc820142e84e82bd658777914edc2bea4c6b957b71705bf154f2c4f99a1c807bd3fe9dfd2d5ba3c92aa194ccb0a5d11ecdb563cfa32bcaa24b409cd7f6882d3f6a4bee18b745958fa4e1e4b7a5af760ee46960a6d70ac23404bc8bdac2bf12fc0e7ef5ecd79f4d1bb6702c3d591be0bb2928c8a4eb66024831e0c8ef1c598dd988eab89c365febfbf87567b24ac66f910e66b5fc502e3ae3f55298152573f4036b62e3057846fc63e0861721179ee5564cef9893\"","dc1_server_salt":"\"6da179fe3f1a6242\"","dc5_auth_key":"\"c71acf74236f237f3c4355f19e1412fa04606394a92920f42b5ac90a4085f331486786ae85a38cf1d6767b1b91e11e2e8e21307516a0915dff243871e86c247be44d7b5f0829a4cd1315adb97bb265515cbe3226b2df90bf48777149c29677c50e02ccf63332f3e2cd883d2e59a218721c225799bdaf341c7ec3252971cdf53247725e72fd6e7b9166cd7bf8d162f5d797dc58af81cfd66427c0620ea43ebe145831f3a6c45d1635bb9abb6f47f47ecb0d7450b70796f74251e520e854fcae63b1f762b4cfefb0557433d6833b100d032c4cc357c22ab9bfd2bdcd6c4eb7327a3f3bc97ee9eee72097ea825ca1d6a6e165ad42d9e1658526fc79c6e74c3a213f\"","tt-global-state":""}
VM37:1 —————-
undefined
