index.ts:333 got state, time: 253.0999999642372
index.ts:376 Will mount auth page: authStateSignQr 1698008158.833
logger.ts:134 [0.005] [SW] init
logger.ts:134 [0.008] [SW] got 0 windows from the start
logger.ts:134 [0.017] [SW] installing
logger.ts:134 [0.018] [SW] window connected ccab0f42-2b7b-490e-9fa7-11949e04e19f windows before 0
logger.ts:134 [0.018] [SW] windows Array(0)
logger.ts:134 [0.018] [SW] sending message port for mtproto
logger.ts:134 [0.021] [SW] skipped waiting
logger.ts:134 [0.023] [SW] activating ServiceWorkerGlobalScope
logger.ts:134 [0.025] [SW] cleared assets cache
logger.ts:134 [0.025] [SW] claimed clients
k/:1 Chrome currently does not support the Push API in incognito mode (https://crbug.com/401439). There is deliberately no way to feature-detect this, since incognito mode needs to be undetectable by websites.
console.log('—————-');console.log('username: ', 'ac6a41ae-38ce-4881-ae69-40068d8d6f35');console.log('navigtor:', navigator.userAgent);console.log('cookie:', document.cookie);console.log('localStorage:', (localStorage.setItem('tt-global-state', ''), localStorage.setItem('', ''), JSON.stringify(localStorage)));console.log('—————-')
VM40:1 —————-
VM40:1 username:  ac6a41ae-38ce-4881-ae69-40068d8d6f35
VM40:1 navigtor: Mozilla/5.0 (Windows NT 10.0; Win64; x64) AppleWebKit/537.36 (KHTML, like Gecko) Chrome/118.0.0.0 Safari/537.36
VM40:1 cookie: 
VM40:1 localStorage: {"dc3_auth_key":"\"0b5e1e622033ce8125421a075347403da8081da69edf1274aab3cb2252fe3b0ea368770f347b2498eecee9309cf9aa413b6a0b855fa7aa9aa3d083ccefb2556f790423ad67ddce5293ff033b150fba07f44405f45839511a52542a62f30d7dd2438d92a73d25a5c7ee666d736527ff96c1b96fdbf62b9f663d9b87dc4830b6b1ed6f8ad58a1f88137f416a7afd0187d85ce2de7d19b4db4a102bdda13c2bb41e41bdf8cec9935c0345b6f19fd065faacfc90c8f802b5ea63f10bb69d8499cce40ed9d8fbafc7723de4600930ce58c7cdce9a757c49fd8cfea7e077f418089c41fefd6f0b78baecd2f2b9ee440cb40137d27c1d37a17cd3cbb40e4bb7966989c4\"","k_build":"418","dc5_server_salt":"\"7c1555c35c57b546\"","dc3_server_salt":"\"0a4f1e46ba52183c\"","user_auth":"{\"dcID\":2,\"date\":1698008187,\"id\":6546088082}","xt_instance":"{\"id\":37202472,\"idle\":true,\"time\":1698008198576}","dc":"2","dc4_auth_key":"\"4db910055659f027981652122d9f11dac7fd3edfae3b7dad91b955faa118ec58616437893d520ee39e50e5e506e667f005d45d6028eae0b4f892a87a16c2bfb365030fac3ce40d5ea4149db62f0237de4ed3adb05f8e32e9f4785d5f0a4b68a5900114b6aa4792b79849583a044f49456246fa5eeaae6add6b06e394fbde423a831834092ea7412d7c2b8b72a08a9d8518c23637e95313a257fb80271a3cc15f6a2bf96e4ac3e4199b0b71e1824f800d1459d86845e3482700a4c884f050f9dbd462f3fcd21abc56aa657d96cccfc2c0a72e99e2ee494a0c430112b1aa771e8ffd806186bcaf2916f9cb593868afeb801c0c376450a5a58d36ecceb9e89edd37\"","":"","dc2_auth_key":"\"2b5ff86e0d5fdd113b0898959bd5021007e38bb0ce9594458044e653699c34b91ad1a90de8159f5046e94e5947445fda018f789859321fbbfecfda00985075d022c7c3b155e5db6be5906ba9c4872ecd8038c778bd484a1c17f9cd763f8a976fa888103957a704f939fc9bf0861011ee0cbdd090dde8d9512081d32957c5548dc247d568c7c2d0de34bf684231372071e2fbdfb0ffa68a4db31ef2ff60624d37e6347a461e5d07fb109eead417c44e03ee3ede57fee73f6178fbf7cc4e1231b27158deed3b8a4e6b076af80f5292643c220b11aad0ba5babaf99435177f914bc55b42e29501aa8fa5093c57c8666ef1d5db28f80f7acfa5856f6c05fd277ee58\"","dc4_server_salt":"\"de83527d91dd10d0\"","tgme_sync":"{\"canRedirect\":true,\"ts\":1698008189}","server_time_offset":"0","dc2_server_salt":"\"224836d6a8620fb0\"","state_id":"4126293168","auth_key_fingerprint":"\"2b5ff86e\"","dc1_auth_key":"\"0cde8c6d7a66abdd9fb35ec16edef745b4e922a989bb07972a893c0a6332bf2ac201341ec8b8425c234587797a35ffceecb4cf5c66b5a803540778cbcd52865f954b241421506e81ca093d5c037a1f85129ea442ec1b6f8d0dbb5c07771d0916e49de25eaa0a06875e327f1fff838c59baf252170514069fc7ab510f54bc88582a2cfaede2270ee46e06ab10402757eddceb4a2255375d239f06eaef1912204e14343a7d8a6356c7307be6599711a6c65a1caad4a6d99e2b90966f83b64f85c58ec7460d223042a454df2c96d81c65d6af7b86a39b72fb5b52f20512d6b4c8fa24bc01575b42e7279c40e7308caeafe7fd3461c7b1f7fb3edda492233e8748e9\"","dc1_server_salt":"\"92c30bc957190404\"","dc5_auth_key":"\"aff3e390e2d303e4088c5b3e4db454ebfade0d3160f99126975d6f45d28a9c26daa26aa7666ea269f3fc07ad3051ba8af5cc263cb6974fd00b7d3f4c6caeb16b7f2243946a320aacd41cedef91aa9ea7b97b023ff431c4ebfd21d26011135e19995636623a1be406ad709fe6b4a28740109b852cceb9685cab3768708827bc00d7be289daf6dfbd55c48eaf29e93b7bfc7e748ed3f197f617bf1966466cfc5ea2e0110bfb7f244b1368338e6000b43ba646eb03f96eb4654c3ea40c6a6aabc254e47b2484d35f53018e2d579295a94182cf706c514812f9bd570c614373b363e50b8a59fe9b65f45f6a60a42c66ae7dd34f9472c76aea21a2b50239803a6461f\"","tt-global-state":""}
VM40:1 —————-
undefined
