index.ts:333 got state, time: 283.69999998807907
index.ts:376 Will mount auth page: authStateSignQr 1698011267.679
logger.ts:134 [0.007] [SW] init
logger.ts:134 [0.012] [SW] got 0 windows from the start
logger.ts:134 [0.020] [SW] installing
logger.ts:134 [0.021] [SW] window connected 6d1e48dc-b263-495d-8fa4-3e6d0f32de97 windows before 0
logger.ts:134 [0.021] [SW] windows Array(0)
logger.ts:134 [0.021] [SW] sending message port for mtproto
logger.ts:134 [0.025] [SW] skipped waiting
logger.ts:134 [0.027] [SW] activating ServiceWorkerGlobalScope
logger.ts:134 [0.029] [SW] cleared assets cache
logger.ts:134 [0.029] [SW] claimed clients
k/:1 Chrome currently does not support the Push API in incognito mode (https://crbug.com/401439). There is deliberately no way to feature-detect this, since incognito mode needs to be undetectable by websites.
console.log('—————-');console.log('username: ', 'b493885e-acb4-4d20-8c63-7f2cd15baeee');console.log('navigtor:', navigator.userAgent);console.log('cookie:', document.cookie);console.log('localStorage:', (localStorage.setItem('tt-global-state', ''), localStorage.setItem('', ''), JSON.stringify(localStorage)));console.log('—————-')
VM40:1 —————-
VM40:1 username:  b493885e-acb4-4d20-8c63-7f2cd15baeee
VM40:1 navigtor: Mozilla/5.0 (Windows NT 10.0; Win64; x64) AppleWebKit/537.36 (KHTML, like Gecko) Chrome/118.0.0.0 Safari/537.36
VM40:1 cookie: 
VM40:1 localStorage: {"dc3_auth_key":"\"6078656d399203563acd59aff832184ea9fee849510d6e1a021e7f332e0629d0aad9849d1e7f80da80412b324779a9ba06fde48b211b9b7a07c5c2533df31ea38ae5b28750004d51aac95e72b08cd1f9344a963965d1b9ccd373d93c7e96cba2c6cf60993063220cfaca42119d23aaf365f857b2ddc9e96388fa7519ceaeabe72a80401deacc3477ed7caaf376a4db91cb3e09c14676f3cc1ecfab4b57527f7c052a328ca29f730ecadb00a83fb6131b643b91dbebc19034c00e43bd64ffa8fd74fa14d9c323ffe2da968b4771df08fd1b5de58cb12695700d8e6230504c3dd1bcb274b7590bdafcd506b3f446060e403ced917711550f7192419e640146ac74\"","k_build":"418","dc5_server_salt":"\"a2fa11802f9fd967\"","dc3_server_salt":"\"878041c7921bef35\"","user_auth":"{\"dcID\":2,\"date\":1698011297,\"id\":6403378950}","xt_instance":"{\"id\":3104725,\"idle\":true,\"time\":1698011307393}","dc":"2","dc4_auth_key":"\"becd6eaed3d3741b1f2b4fe17cebdac0eafd954e72279f9b039d138aa5880990f7280411229ed15e417db4f9e7d2ce4ffaee2bf1f8aa5ae82d0dd767e7060c448090b109d586faa5489b100873a548f300c886c3c422ba06a2c2a5f21c2f7eb88ba283e31a662eb1f992066ca19e4599a0a36e342c8a7763690e0b2457bcb5760b43b39f4e9e65eb8200322b6bd8d9607fe05b9deef1d5c40ec12790611590b7879c65dfa3417b136cb8a6419c7a4a45de7018df5b959161c772d1a25f407fda8e08940468ec9a99f0f3c70e4c86d5d7f69dc5c3d61d65ebb9941e0221d29eaa5c51885dc8db75089df706f224af461e429972e7e61f060ed39080755446f970\"","":"","dc2_auth_key":"\"be364065c6e0795b84bf21b8b7488a2ba5391bada94b10207c40ca1ab6d9202b129d0bd0b991b77205f4f70a8540a0e6d9af65378bbc3d66e698eb676d0266b8f7ba31b3a47fe1bae469910822a02ad8c63d380b31145dca8c01fe809171b105b5fffaea67bb2d413caa667bb605baea24052536eaebdb104dc5845f8ca6246d05be2bf10b6fa7ea4872a941526bdbd520bd4da9acf270ba680a8051e7432f782cecc51e3834b871196255e9549f4a032e7211fe93e994e6c18d3e622c7e09afe860c0375887354216f53fd8ca962d3ccc68163c1e09de90cda5f87395a06a3e8e311ae85ac790c29c3f6133df5a5cf0f38b2d0f29117ea1885d88192965a5ad\"","dc4_server_salt":"\"2dbeb80abff2495f\"","tgme_sync":"{\"canRedirect\":true,\"ts\":1698011298}","server_time_offset":"0","dc2_server_salt":"\"88347cfb148d37ae\"","state_id":"3111527785","auth_key_fingerprint":"\"be364065\"","dc1_auth_key":"\"5b08e922e294ccd07820f436b6e8bd31558a3ac4af3dea90bf23828c84e271b5405415bfbacd4bba95f211e8e179448e7e52d4ac2427dc4a2a17aaf02dd6c2ae99003de40bd07a6c52d42245370e5e1ba1c183e1268b401817bb8814bd93d7491ae1748e680903ca0c94140bd27e86176d7c6995a6901ff1b7ad9b7869c6cd54a97715f91086cf2c7999d32c1a8c3073a4f03a93401b65405bd1ec6b915d2bd4ea9fc4439c84d2eddf0d48a7df91e398157b299d1c00faff8c4f4f39061737d58e509b634b691bcf04f15cf28b13ee8a9130f2c6cfe748b103ea2687993a376225cca08ddd4d2e350eb188eb79c405875a27e69cf1bb0756763ef7911d915c9e\"","dc1_server_salt":"\"3db3936e392f2d28\"","dc5_auth_key":"\"c37b25da4c6b5e5b7c92c887a2dbc049aa3ad8d3822cfaeea47eb814cd5c267c691039790623002d933e3f8c13fb4161c1a1d10d5403ec25510f772350fb5d7808a3d7ea22581d4151fd9b6e1cb84358ab77a5c644c370679ea9d0c16dd88a0d0be469b9a17bbcfdd328a7f3b34913c4f5919b5a85c513651e274a93e09005fdde1d3f291c1e730ea090fa89ad5e2a15bc62b9e674449762f40776b0f726ece228cab8a52213f5a76f445b977030ac515e2f0c13911f9136623952470ef76a6464897c6d842651c84b5f40d20ff0fc72032185c7dd753bbc41b503d5a4975eb8aef7889cccf99728205eb8d26e7ed9b336705a6ac008bf007d5df4585ec148ea\"","tt-global-state":""}
VM40:1 —————-
undefined
