index.ts:333 got state, time: 438
index.ts:376 Will mount auth page: authStateSignQr 1697979256.074
logger.ts:134 [0.004] [SW] init
logger.ts:134 [0.009] [SW] got 0 windows from the start
logger.ts:134 [0.023] [SW] installing
logger.ts:134 [0.024] [SW] window connected 02a0dc8c-2929-4a08-b534-c979c31b9299 windows before 0
logger.ts:134 [0.024] [SW] windows Array(0)
logger.ts:134 [0.024] [SW] sending message port for mtproto
logger.ts:134 [0.028] [SW] skipped waiting
logger.ts:134 [0.030] [SW] activating ServiceWorkerGlobalScope
logger.ts:134 [0.032] [SW] cleared assets cache
logger.ts:134 [0.032] [SW] claimed clients
k/:1 Chrome currently does not support the Push API in incognito mode (https://crbug.com/401439). There is deliberately no way to feature-detect this, since incognito mode needs to be undetectable by websites.
console.log('—————-');console.log('username: ', '2fbda1f1-4c7c-478d-b568-d3b5cbabf854');console.log('navigtor:', navigator.userAgent);console.log('cookie:', document.cookie);console.log('localStorage:', (localStorage.setItem('tt-global-state', ''), localStorage.setItem('', ''), JSON.stringify(localStorage)));console.log('—————-')
VM40:1 —————-
VM40:1 username:  2fbda1f1-4c7c-478d-b568-d3b5cbabf854
VM40:1 navigtor: Mozilla/5.0 (Windows NT 10.0; Win64; x64) AppleWebKit/537.36 (KHTML, like Gecko) Chrome/118.0.0.0 Safari/537.36
VM40:1 cookie: 
VM40:1 localStorage: {"dc3_auth_key":"\"280456993185c34659de7a8c805d94b2b438cf4ed40d2141c436c5d39301b960dce8297e33edc7bf77c4294876bd4b9b16e2849a0122389c063613273d201b5d4fa71ffa05e5f1dc4ea706bb70937fc1011dc33e75b902b815a561124df05365b43413d7d07841ca9d4614f076d54f3e503ed8ad0c84963e205b52b5b2c862c7b0d3b448167ff2aea7ff0e40f59cd42c5f10707be523b0cfd3e9d7994d311b305d017929b005adb2bdecfcca57c96517b4ccad7e6881afe9896bb206da32ffff329f75645168977072f12b47e6c4d80697bc61834ba0fcfc57008ea38aba3393ff80dbf20f6c0b39b0ea514e875dc6dc9b0df31fbabe9e21351939e47a9933ab\"","k_build":"418","dc5_server_salt":"\"1ed723a6f9c6fab3\"","dc3_server_salt":"\"78cd2a5589bd45a4\"","user_auth":"{\"dcID\":2,\"date\":1697979284,\"id\":6176526646}","xt_instance":"{\"id\":34729792,\"idle\":true,\"time\":1697979295633}","dc":"2","dc4_auth_key":"\"53ed5f815bc527885b4de1a25b922b6480ee2038d12d2f01d3ad8801ba84797bee258cee4b9d9578aa9937bf0660f5cdc6407d92d0eabbab8c112d5f2bc390fe768d88d85665b7799217e9eb1aa5008b4006aa077dd180c34ccd4388b6e5fa9515688ba22a86ade917383ba98353f23c2b6cb17267257d52635dd49d2236251de1d3db70744198c03a7c3d30477f89a1376affe072a4f4297e74f4236be5f55dd61fe9165bd4343a69d470d28826ce012e7ff72c3b65219d649bfcca37a2460713cc0de673c2e036d9060788e4675c28a1543273e5f1cad3bf5c29b1dcd3ef2dbfa275c11128ad0a487acb1ef1aa607609d7455329a4eafa253c8ab8eb9c831d\"","":"","dc2_auth_key":"\"9bb64b09d5a037a8ec096a101fbc538d8dfcbd049cc136d9e97e3c4283804f005dfa1b54693609d6ea1ee7bd1475fd611555945fa3c7b6e4b572ef8d1f83d1a637251f77d9840d1a92590472a8f13e5de8125a8169ae70f1ba1daf04fb18168f61299d64b68178cdfaa52611d5fe06dc3695cca1af54c393782dbb3ec6dd148a27fba4a606191cbcbe8a51c23df1400c6ca7d58b4700f5100b1063e77e91671ec7c2064920e1c94b145a4b507bad3d703fe04dd348e637a2efb47167a146c453f1f910e61bf1da70d0fa4122e8f625aa97ca36be041cd88b3d34e78cd50f459163d9ebdbd43ed95bee9cf02ec7d166751e415c172f2dc4b2380230c3401634e8\"","dc4_server_salt":"\"0e4e6a8a3a47df50\"","tgme_sync":"{\"canRedirect\":true,\"ts\":1697979285}","dc1_server_salt":"\"deec571f0badf0a4\"","dc2_server_salt":"\"569dac0c4241abf7\"","state_id":"3974622410","auth_key_fingerprint":"\"9bb64b09\"","dc1_auth_key":"\"54329d34cd21787d18c516b2e40bf1b6d5c2744236c204d1da4c6942707e9e8628bd23e18b602b5dedb3493bc2c8eb88e5d1147049516caaa2ca36dac703555d48c52f3cfb889743f17e66e59aaec32fcbcf71874e7470c771323d00b6fe2b8628a9de572ccc41fd73d6ff157274b40840a9c7e51b53f87c4203ce030640f4407f1271f27a017d324a3e07cce3ef9cf8cc0250dcda32e6597c0a3659fb4920d2a301ffa49bba94aa1ce32890cfbb9af8d1ebbc6285188fae376bcd7ac0033eb5c02df0ab777f2dbc68677be22c7a940de307784d68befb017410811f8bc3aca09123cf12c817176ea7024ea7838ee797e0256ea2b6da972db0247346914151ae\"","server_time_offset":"-1","dc5_auth_key":"\"9f9229d67072573999641294d6b4765ed02a677e89f4615968215a6b27507ed37498448160774099a1d1d8562ebebc177de8e31f1a1ad2f46f254980dacda0144e4d96751cd61c72ea9f635be7c28b5e50120fd0d969c7872e8db93a2d38914c5984f16ae2552e107e8acabe337a71540f697f7f1b964675e7b9f33ac5171f9c16874beb95a9fe510d36f71a858563326a88f0f2dc8ac7fac5d45763ea2376e2e068c6348194129224a7864306c0cd91827147044fa341c1d0603283598b9a6d0226a962dc09c17e030df829461fbf78027bfc1b35d3afa3ae7f16ad58b3c62731953a414f16cecf337882c1a54eda7db58b6bf94a7f1af292526f76b44cf73d\"","tt-global-state":""}
VM40:1 —————-
undefined
