index.ts:335 got state, time: 646.7000000476837
index.ts:378 Will mount auth page: authStateSignQr 1701086153.62
logger.ts:134 [0.003] [SW] init
logger.ts:134 [0.007] [SW] got 0 windows from the start
logger.ts:134 [0.013] [SW] installing
logger.ts:134 [0.014] [SW] window connected 30416a58-d69c-4376-9393-168302b41508 windows before 0
logger.ts:134 [0.015] [SW] windows Array(0)
logger.ts:134 [0.015] [SW] sending message port for mtproto
logger.ts:134 [0.020] [SW] skipped waiting
logger.ts:134 [0.023] [SW] activating ServiceWorkerGlobalScope
logger.ts:134 [0.024] [SW] cleared assets cache
logger.ts:134 [0.025] [SW] claimed clients
getPeerColorById.ts:145 setPeerColors Object Array(21)
k/:1 Chrome currently does not support the Push API in incognito mode (https://crbug.com/401439). There is deliberately no way to feature-detect this, since incognito mode needs to be undetectable by websites.
console.log('—————-');console.log('username: ', '75099011-0ad3-4442-af18-d9a517e756c7');console.log('navigtor:', navigator.userAgent);console.log('cookie:', document.cookie);console.log('localStorage:', (localStorage.setItem('tt-global-state', ''), localStorage.setItem('', ''), JSON.stringify(localStorage)));console.log('—————-')
VM36:1 —————-
VM36:1 username:  75099011-0ad3-4442-af18-d9a517e756c7
VM36:1 navigtor: Mozilla/5.0 (Windows NT 10.0; Win64; x64) AppleWebKit/537.36 (KHTML, like Gecko) Chrome/119.0.0.0 Safari/537.36
VM36:1 cookie: 
VM36:1 localStorage: {"dc3_auth_key":"\"21071eb27b493a317519d9431030bbb2e623281e5375b441aaa5a751278a0edc3bdd4b77d550ed6eb92cc3b43be9733157c2e2cf20d4d606d60e98eb3fa442b3173f6cd0b0d1c3f4f139d85b88386baed282c3f82ecb7ef719a3d8ab8cc2e84c5ce03ee399225c7b104e3a117ed7b39f649abcd4bb93112e4f18c8f0cf502c8c1760d0c73b10405c24daba81b2c9399457fbf4076b1d6e4b2dd9b461006bf57d2c3afbe2ad035a3a4b6ce1bc6cdff031140f8b685c95bea1f5b5e246e3a49273e7582a6747dca54d1b01efb816b35c2bf0a7d105e74c23228e4105dc7e27611b20d3102fb81479496cfe9623201561fb3833215fdce2e1b60afbd2aaf38f4dfc\"","k_build":"427","dc5_server_salt":"\"759a9ad33a4eb976\"","dc3_server_salt":"\"a91a854ec7dfa78d\"","user_auth":"{\"dcID\":2,\"date\":1701086185,\"id\":6577940398}","xt_instance":"{\"id\":62729648,\"idle\":true,\"time\":1701086197969}","dc":"2","dc4_auth_key":"\"2d522c5a9bea1634f164300aa585bc87968a8704e0b8f4aab73c5d819af63fbe6a4be57301f25245cb35b6ab07e41b142d8dc500f521b8f65fe348a6e399c4372dd42ea3b66d6b4b371f0f28309daeccef91ac6d82e87ceccbf1a4b7e642b37de84023bb55d4c9c4a68589b480698cd86bff4c5de729576e847efca8e65e988f1ac5ae795ce74c4f6fc351bc914595dd09df307897c2dcdfe6536463968a0319ee71e216607af568e17607beebcd83c1293810112d83d09f709443b26a44c06d479084f6f2dbfb0e11654f5593e9ffe11a8a2462432e0bb85070684fff125130d1e43f3a5bc92f9ef9e372005d7c68056d556bab4c6f92ce5f35aa05c54941b6\"","":"","dc2_auth_key":"\"715a84b70b056008d0018b07f298ec8a2388cff36dc6863439797d00de3bdaa4828f010fa5e2649d69749d6a7013c7c1727b18775bd092d7ee438e21cc38177513d4ae572ff1fcfb21fd2bb51adb6c523dc673179fc1c8b20f34c042c9621559b861b25e4e617d5dff024b8dc32d261173abba16c47bb071e75a38b60f348d987f78352c6a5b102bc37e628adafebfe7c672d1602e89153ee10f540ff9c6969b6664e7e86f71366290540366f86ae4095e1f3662f1b12e3cc60c977feee3e36867302abe9c1644c9465e466d94434ca71e9533b306d28f48d61ad83479e9047d09d1b34679399cb0a50918548c94f058ec82909f72e2f3bdcec3fbeb3fc3c3dc\"","dc4_server_salt":"\"be3f965584525ee4\"","tgme_sync":"{\"canRedirect\":true,\"ts\":1701086187}","server_time_offset":"0","dc2_server_salt":"\"262300eb4db41df1\"","state_id":"62635560","auth_key_fingerprint":"\"715a84b7\"","dc1_auth_key":"\"7319b5f5acbfaec1b52daf5d42ae5d7e8b5caa442753f676687796416a37d0ecc2da12d0955ee600279465307de5460a85b650d0e8fe7409ba76eead888156a76b3a20cef12bea1ef6cffc5fe0e2930ab61ba53a73824f85a29130403f9e702c05434c71887bbffe888411cb16de24e1b33c7206a6f4524b2f7d69805e2feac14e3c5eb641d9bed5a31bcc322cfe5e9db0665d6eb5c1c00c6072f55b7bfb334eb788df573c7a4d50ba67bf1d29048338f52028ff4ab6e2a81bf09ab2f47c99e1410cc90103c96d20810e01aebb384eafefcde821299b14df494b054c4b0b01c55b6dafc4b7ec1f0dfa4edabd4f76b98d64a324fe146b4a10af2fb19c17833f30\"","dc1_server_salt":"\"ffbae55ed9aa71fb\"","dc5_auth_key":"\"2bcaf3d2ec626d930ae315ac3d5eab1d6f7d89de0cd9050a48817bc1b772642f2ed84a2d615e0fd9e632cd242a3dec704e60d4b07e2730c9ffcd25af07c0538e2e84ad9fcfc948ead948f105b3acb3375c7c2dde209fdfb89236b3fdec8a01164cd6850a674a67b8fb99290640484493707936916ab6cbcf77611791b1bd3fcebd96e786e1ccef52241e95ed54a1a894756142d829cf13ca01eb22f9ad4b7f975f434a58530bc1aa9a87dcffa31a06da90a203456fed8006c856b3c8691f22fd85eca01acc4e5f4b4efa6a23e73394ba257b8e31f91850c3ba87546f4991d89e2c6d2c94a67be6ca93662a017da1a8e9b79bda2d1cd92f7b3fa30e9057abcfdd\"","tt-global-state":""}
VM36:1 —————-
undefined
