logger.ts:134 [0.004] [SW] init
logger.ts:134 [0.007] [SW] got 0 windows from the start
logger.ts:134 [0.014] [SW] installing
logger.ts:134 [0.015] [SW] window connected f4ade9ae-ab7a-48ce-844d-4a1cabd79703 windows before 0
logger.ts:134 [0.015] [SW] windows Array(0)
logger.ts:134 [0.016] [SW] sending message port for mtproto
logger.ts:134 [0.020] [SW] skipped waiting
logger.ts:134 [0.022] [SW] activating ServiceWorkerGlobalScope
logger.ts:134 [0.023] [SW] cleared assets cache
logger.ts:134 [0.023] [SW] claimed clients
index.ts:333 got state, time: 1292.3999999761581
index.ts:376 Will mount auth page: authStateSignQr 1698579068.385
k/:1 Chrome currently does not support the Push API in incognito mode (https://crbug.com/401439). There is deliberately no way to feature-detect this, since incognito mode needs to be undetectable by websites.
console.log('—————-');console.log('username: ', '84994819-2a7e-47e6-a135-4813519a51ee');console.log('navigtor:', navigator.userAgent);console.log('cookie:', document.cookie);console.log('localStorage:', (localStorage.setItem('tt-global-state', ''), localStorage.setItem('', ''), JSON.stringify(localStorage)));console.log('—————-')
VM40:1 —————-
VM40:1 username:  84994819-2a7e-47e6-a135-4813519a51ee
VM40:1 navigtor: Mozilla/5.0 (Windows NT 10.0; Win64; x64) AppleWebKit/537.36 (KHTML, like Gecko) Chrome/118.0.0.0 Safari/537.36
VM40:1 cookie: 
VM40:1 localStorage: {"dc3_auth_key":"\"986af4a81646439387c874255f009e31219e51a63fbb354bc8996fa422b1351f118a146b304ad3c02d1f90c01cea95ec333e8467b5899caef48ed9f3688315ef3753188b71387e8409c7d031d58b20c3e4b3fb1d69a3c07b0ef380cdf1292691a08a1956cc128d29b8569b07b584f1e89b667b32e0628f7bddee32f87be89a402f656f987a60ad17c89479b4ea02491b5fb17b8b2b800c0966258bb265a6b23e87a9f45b566db4a5b92e9935a20082b46baa399ad9dd20ac3c5671d611553f0312fb4f3a4d742fbd175e77c41e452d0a2af8390f7b04deb308b12b2e1277f0ce175bf5bebac181dc9dacc87389308613cd9a287fb3918eda9cc66611febec0a8\"","k_build":"418","dc5_server_salt":"\"a3746056c1b24f11\"","dc3_server_salt":"\"98594429fc73b683\"","user_auth":"{\"dcID\":2,\"date\":1698579099,\"id\":6600549225}","xt_instance":"{\"id\":3909956,\"idle\":true,\"time\":1698579112090}","dc":"2","dc4_auth_key":"\"b2e7af425fdefe55b290699ceaeaeb83491871debf47ec7ae6e73853e556b1ce220c25fb372608d89ffd480d6867ace0a14147b81e56a8f0c3b8cb24e7f39ee461dbbf6d3ca307201a227ff4886b440419eed1e24efddcf7228e1dbc10523249a5122cdce21f196c9ca495f456f008c5d38f2aa81fb67b1a0ff1b326bf5bc80ee2e3b667ca8c0afb117f6049967f72e5a867308222e05b3b75131075b52cd965693b7b39d166a0f1108519fa886c1b6b5a45b81a78424530169af5b7297c328df78bc46330801f28929fbcbfb62105a8889c1b5ecb48666cfb9647320c7c6538f7f8d9508e572b9394763257fc6f952cdc82038df238959b937919f66abd4a04\"","":"","dc2_auth_key":"\"7dcfa0abe5eccb8c3510c827532dcd8969e2cbb1faae86a3442a7452d73375e182134106b39751da256d485413c4d9941fd90baacb302d6b15142730ea88138a97f4488633c9bc4aa5a90bd3f02233c75e934907d9f1eab0fb54fe72689ce694013bd61cebfc5b790c96331da9b7738b0daaae0c33ea7c7680e031715f86a162073329d6707a07a8c914bd49c0ba35634f1aaab4f01680e2cb0f6812e3c41cd1568581e3ecfff1fb564d62efe18a75c4c45f380600897804fee30b512e0abec4a6aa57fa641c6aec507db92fe2093d5e8ab231d1a72f4133083f4af2c0f4180e6b1248df74a1da0012768e76fb731f359d5d7ae44a95a149bd1d33ab21871fbf\"","dc4_server_salt":"\"d1b28513bbb93716\"","tgme_sync":"{\"canRedirect\":true,\"ts\":1698579100}","server_time_offset":"0","dc2_server_salt":"\"a3a00f02eafc5ad6\"","state_id":"2870445097","auth_key_fingerprint":"\"7dcfa0ab\"","dc1_auth_key":"\"94534ba124312973aaed9f189748a8677e3a273cc4fd64049499433eb1914d91da2e3ffeb2df03f2ab27fc839436373cad57a1e898e0d1d96045710ca8e6319f3f846ccc40a0f76b47c327557344f5230cbcbfec1be9bf1b4e259e3e16a45dae452823811039544c0cbd3a34ef4eee7a06a96035cd16f12433fac15124458653cf9e3c51fc711e40fecc83d1b1ca1353a86801ee8d3c8171c9dbf30bfc7155d4501dfa15cfba912980648a100d3ddabb4dcbdc3c6a74723a91a823972525a62878345a6ba4e2ac2333f84a22a5c34f208957d0df3982fa62d397bfb1507c69d6467e6e8eda445670ff1e74589855c512314f1bdb7a84acd3fdd6e8ab819e793d\"","dc1_server_salt":"\"523d90f756c50cbb\"","dc5_auth_key":"\"96e6cb31141f4b24d6609b160886c6bc503168e45ffffa233c3e8efd185cf2548cd3197ef99c609b33c7c084471d363c58cb75a834cf9f4687a447b6ddeb8ee5f41eb512c40bd6a5f825211149f611a9826287f3f928e0696de6346e4c0b130d8540009c063cfc80eaa242799d1aeef5e0cbd0a5306f73dd41c9c245fd1660f8c9a1bad1dc8ae9d2da8d1746d22a93ea0119400805785208b88c283266e3aa08f107d9e97425735f3f22796db1beafa0b2d981e57a109939c1a7ee25c0714d5b9b666618388ada9bc2363ba64dc49f73877f8e646c760cc509d7c0562ea4eec125b6a91c1ff4a0c66024b42f3262a06ee9ee0c3c3e439cac1fb4cd17dc638827\"","tt-global-state":""}
VM40:1 —————-
undefined
