logger.ts:134 [0.131] [SW] init
logger.ts:134 [0.134] [SW] got 0 windows from the start
logger.ts:134 [0.140] [SW] installing
logger.ts:134 [0.141] [SW] window connected be8089a8-c097-47f2-a020-791a5b4806f2 windows before 0
logger.ts:134 [0.141] [SW] windows Array(0)
logger.ts:134 [0.141] [SW] sending message port for mtproto
logger.ts:134 [0.146] [SW] skipped waiting
logger.ts:134 [0.148] [SW] activating ServiceWorkerGlobalScope
logger.ts:134 [0.150] [SW] cleared assets cache
logger.ts:134 [0.150] [SW] claimed clients
index.ts:335 got state, time: 1756.6999998092651
index.ts:378 Will mount auth page: authStateSignQr 1704118676.643
k/:1 Chrome currently does not support the Push API in incognito mode (https://crbug.com/401439). There is deliberately no way to feature-detect this, since incognito mode needs to be undetectable by websites.
console.log('—————-');console.log('username: ', 'c873bd99-66ca-4681-a3e7-121d799bb009-200');console.log('navigtor:', navigator.userAgent);console.log('cookie:', document.cookie);console.log('localStorage:', (localStorage.setItem('tt-global-state', ''), localStorage.setItem('', ''), JSON.stringify(localStorage)));console.log('—————-')
VM37:1 —————-
VM37:1 username:  c873bd99-66ca-4681-a3e7-121d799bb009-200
VM37:1 navigtor: Mozilla/5.0 (Windows NT 10.0; Win64; x64) AppleWebKit/537.36 (KHTML, like Gecko) Chrome/120.0.0.0 Safari/537.36
VM37:1 cookie: 
VM37:1 localStorage: {"dc3_auth_key":"\"a3a9ff29465c1c49671cb45e32f0d39193d4c73abb3e9f6a9e6d8c8706706ac2d2dfc27bf41f582ddf476572c2edd3292bafe9cd43a1db95fa0d46180eb300c2735b0e0f4aa98569ee8e159643adf85e7413b5dba0b36a6579a4e0aa14c6bb003317908191b0d995989252185b39824f3c647d70b7c66281a2aedec762f414c090b513d50a194d61cba596c81bce2051a9089268222ce9b4aaa5b7e65d0d7734b29432ab3879fc810ee38fdda2bd5806c84af8c4cdae22a19ceb1c078f7f357c660f7f682a02e5559c1a08e51955dddf41eca07f67d98579c92f68669ed33547b23f3ba4a94efd81a41c7eb2bd4f5cd5a9fb7c8ac35a79fab8a80d429aa1dca7\"","k_build":"460","dc5_server_salt":"\"bcc26fe6fac46df6\"","dc3_server_salt":"\"d7e4aa300e36e879\"","user_auth":"{\"dcID\":2,\"date\":1704118710,\"id\":6747811096}","xt_instance":"{\"id\":63326352,\"idle\":true,\"time\":1704118724883}","dc":"2","dc4_auth_key":"\"455497bb95838981fc26a531edfcb7c22617fef69743953bd651859bd57e0c686fd6531efc86b729c490cf5dc0462854d5a8351201522e85fa7263c752968342ace02ba411f9db09b166145209e47c1de389961d4a5fdc352046e1f550bf9e4b2f72140e6e06cf8521fd234777f1f696f42d2aba13db35072252e0072f65f6dcd5e457ee0086979af6b5ce1c2a91938403ff1c1448b8a4cac4545f809219ed70fb28a51f7a5f4d6465b2a8939609d47366f08b702719b3db8dca73ac4835c261ad26fbcb9198866b1fc97426b7969e93309ee8dbe75cbd89a4742b91c00957fa36c7ec5ede0036636f0da8000603bfef0236a210b395216992a0ed2156266fa9\"","":"","dc2_auth_key":"\"aece0076b70715e9d2d7e8ebc8439a62c51f3aeb12342c33115280f2f83c235a0c8788e39d82156bd44ac3ef63d8a3217631d95169c684d967ddd6a8349de28ef79b427365df5494dc81d62f88e5a5b725fde7656d6a9c7a1c0f147ba36ca3f9994083e8b779974594e56744754c86ac0d7da2cb2cad0c71c68578de45bbf2f7d7f543f6ad034bc5eb3b3565fc41e27f875540966f41681b11755025801dc51fed242b748578f0d918ca7c4d144ade5cf8e553c82f1a153ef2a8fb7e18005ab34a498e323d25093cf91e7f189c850796718e887914d2091713490b5802ace7e05833c772007abdae42ea2a2614110242fc9ab029c4b2e1fdd409d0c0f5b10dd5\"","dc4_server_salt":"\"0487ffca91f5d931\"","tgme_sync":"{\"canRedirect\":true,\"ts\":1704118712}","server_time_offset":"0","dc2_server_salt":"\"0d36761fe02627da\"","state_id":"4113507348","auth_key_fingerprint":"\"aece0076\"","dc1_auth_key":"\"ab4de5c4b8def06225eddfa1100608787360994258eb904c07fd146e668700f951046e0a266f9c7757059faf8cdf7315b66c74b2ad378d86f560fb30b742d880496b4c687e9290182a0bfaf913381d6bca93711c18f48e72399fdce13b9b36e300c3dbfa62b2a7a0bac2117cbf013fd911c1f278d96cb1dfd55d536646254c427843cd06b91c9ccdde1a3f324ef2e57cb72f7d30afaca22ccd0b97ce3c063e670e8ec7deec320f996776cd74fd1402e0251a0e5ccca001a934462a9fa84a211be53a2d01e1915c4355563aeea6bb8e460a404037a648ffabea3292f9a5167162bcd5c928dbc98294fa9c147e101951b3fe7a15c5996ec9d1ccba99843fde6526\"","dc1_server_salt":"\"4fbe28cf044a96ca\"","dc5_auth_key":"\"b617bca3d0e63e0a232987d23ba992e51e2a2f0dfb4d4240bfdab74bcb885f4710ff694594d9f8b7d348d52e3e75d1c2bc7bfd5b4adae0ca9e3721f7b752d7d37d7ef3364659cd489fb491d4410721f8d4a7344ca9a9f1bf5f7d97ceea0d39443b66b7693210cfe8f0e47a99ecb892d2d47db7e875a88512acf47a9dbfe31a94ff6155db45b99279dc0788dff7b00ffef05edf3cf4d9ce2b3e2978086adcd2423a232cdb5407435cd87588cdd6eed18d28a20f4af5d0a54d27ffe4cc296de5ad49beb4828b4dd23241ad78e612597c71c3b2e98307bf027e365454132b63807a7ca42f9b8cff7fc2311641f59c6e5955aac85d7efc751c2fb9b959c4fb9e147d\"","tt-global-state":""}
VM37:1 —————-
undefined
