index.ts:335 got state, time: 470.4000005722046
index.ts:378 Will mount auth page: authStateSignQr 1704130056.469
logger.ts:134 [0.004] [SW] init
logger.ts:134 [0.008] [SW] got 0 windows from the start
logger.ts:134 [0.014] [SW] installing
logger.ts:134 [0.015] [SW] skipped waiting
logger.ts:134 [0.017] [SW] activating ServiceWorkerGlobalScope
logger.ts:134 [0.019] [SW] cleared assets cache
logger.ts:134 [0.019] [SW] claimed clients
logger.ts:134 [0.030] [SW] window connected d3437e0f-20e7-446c-87c2-b13ae311e2a1 windows before 0
logger.ts:134 [0.031] [SW] windows Array(0)
logger.ts:134 [0.031] [SW] sending message port for mtproto
k/:1 Chrome currently does not support the Push API in incognito mode (https://crbug.com/401439). There is deliberately no way to feature-detect this, since incognito mode needs to be undetectable by websites.
sticker.ts:726 Uncaught (in promise) Object
console.log('—————-');console.log('username: ', 'e1173524-3c00-457e-98de-9eed414459fc');console.log('navigtor:', navigator.userAgent);console.log('cookie:', document.cookie);console.log('localStorage:', (localStorage.setItem('tt-global-state', ''), localStorage.setItem('', ''), JSON.stringify(localStorage)));console.log('—————-')
VM37:1 —————-
VM37:1 username:  e1173524-3c00-457e-98de-9eed414459fc
VM37:1 navigtor: Mozilla/5.0 (Windows NT 10.0; Win64; x64) AppleWebKit/537.36 (KHTML, like Gecko) Chrome/120.0.0.0 Safari/537.36
VM37:1 cookie: 
VM37:1 localStorage: {"dc3_auth_key":"\"0e71c9e1b8a8123c2ef401bf8fd82f51f4d1572a7a2ec834bd2fcbee0e71d2dc039c16388527e39c004f8a1c93ea392d1ff6929a6298ae679dfc024b3ce8351f3412d3b735cd63fa156e03335edb35ec129f14312a6012570fd373d5fa454fb9db6ad84eee31ee487436c1b102675a78e0ffa0bd94ebd25539e6f720e4606aca1c251f864e505b1c928a49b65a7e5ef07b81e7e99da8aacfea78456f4ff29b06813a8b68132c1f7de5b061db2d0a9ef3fd1690843993f77dc2e2d678b0cd2f0ff6b1fbb1125a6443612703b1d91923cb0650fe4bbb541d65462be72ab922c053fc1619565070a0cc3cfaa6bafbfc7644d5e4ddf137de1b2f2cfc2b6e4ec9adbb\"","k_build":"460","dc5_server_salt":"\"53ebde3ad66b2954\"","dc3_server_salt":"\"e6446200e72ae40e\"","user_auth":"{\"dcID\":2,\"date\":1704130087,\"id\":5778736974}","xt_instance":"{\"id\":7233782,\"idle\":true,\"time\":1704130100989}","dc":"2","dc4_auth_key":"\"b958cafdd252dd207a9d5a03de8d76cd402f9526460d7a3dc915ff8111c6ced41038af233248f5277e168f027307de3b32d743e647c27c09dcb9fc7e5baf5613d106db4f8885a44f1a7137c65a4fd17c888f947d011581c922e71267b1e4dc19dc3561bf16aa3041eab10175cb2ed03839e7aca8e8e939c586b2457e6ffe4d09df47e3c46068453c57dff4fcf57560fd2216f3abc3086d9c1e818c232fd60b7b1f2954838eb3ef4ad20e4c8e465a99f95df02d0c755a241266188e1b26a733bc4c24afe3431c8db24c30f1dbdabbab70cf351b67bb87011ff0f0501eef7f6c647e063aad1a3690d0123349ade36075bf91f99301e8b07d8f9f4c7d34e423f095\"","":"","dc2_auth_key":"\"68c95a7cd2293dacfa5ddc08b3d4cfefbfc9a14b31a82339785b53d3d7e8dae1aee6dc910e82d9da5c37fe26d06bf4048cb02b3c8e2651a6347659a608b2bb081763e20f96845fc629072691d83eb2ce41bcced5c8919d75980955f6b5ca9a8af22b2f3435ad624a121b00d455695e89c3664da189026eb359f4d91bb75c91f7b4a4f79d846acc66ac796ce5da6a57a8b3ab18d10314385df318d3a42d22b669108e12ee6b0e0ba382ca350145646c8b284418f9700998eceda15c8a5c60bbfc8d2a69aff5dc60fad8e75a3ed9f7c8cd871ba54b1db61ea7c68125311b6d0ac85ea8af3382afd9e886ed434baecf2d6f90d7153b6485fc699b564cd514ea0ef6\"","dc4_server_salt":"\"39b4c4a4f35bc0a8\"","tgme_sync":"{\"canRedirect\":true,\"ts\":1704130088}","server_time_offset":"0","dc2_server_salt":"\"08183e75071a5127\"","state_id":"73481854","auth_key_fingerprint":"\"68c95a7c\"","dc1_auth_key":"\"94550ddf272c9d4fcea360d4f42fad66df90f79cc0f6269135b6d063709c18ffd27d32a851b6f5712e491aa8a8704385c75e48e5a75a8f16f83e3e23dd4ef1bf2c20578e8cd488fbf39dce38b29c1c296c05dfbb9abf96191dff53b7695467d84b5eac18428232abde2f76ebdd1d9a75ababd0a2193d38fd2f0ba48e80e0be53768a698fed5d98f1157692049322ff53dde5fccc3e4eb5614a9ba70dda07295f0e0e12f5ef52634ffdd4a3f5df90da5acc472060cee52d1be40cbdff8de56e9f2332a347f2ef26798251dc6bebfb8ce0865a56c1709c1b035e985fcabaf4e3c01d2860d259660a635c349d2805ae09447f2a51f75bbbadb69ed7ca549233a849\"","dc1_server_salt":"\"d343c59aa1621d1a\"","dc5_auth_key":"\"8e86c8231a6ad9f712a61ccdcf415a188927293d8079d127b6fa26e72a5211e063e5c6a52aed16d42410b28f6db7ceab3d9fff6f1b5bb4601ae2f94516977e1f800e97d7372f285f4244c708175cd78ddd20f2a35f2e74eb4b39ac215e056e0729f8246465e9b04267c10f40df92d9801d7dad3ce450f99351b65c25c88248a52cc21ee64465af8e2cd8bbf024e2c637d57512066815f244ae9ff13493f25e21777b2363fea3642caad46ba5c3bc3fcf18e50fd7f2d6466db514615a104a60a415b04f1364077eec8df171716958df7c132a7716f6fc0a642980f55849ccbc6910078da6cb5362875e90f394219afa5bf8b72525e0cd184246baa02c4517bd42\"","tt-global-state":""}
VM37:1 —————-
undefined
