index.ts:335 got state, time: 610.0999994277954
index.ts:378 Will mount auth page: authStateSignQr 1704062762.593
logger.ts:134 [0.003] [SW] init
logger.ts:134 [0.013] [SW] got 0 windows from the start
logger.ts:134 [0.029] [SW] installing
logger.ts:134 [0.030] [SW] window connected 1a378080-43db-4a82-88b3-be15e656f58f windows before 0
logger.ts:134 [0.030] [SW] windows Array(0)
logger.ts:134 [0.031] [SW] sending message port for mtproto
logger.ts:134 [0.034] [SW] skipped waiting
logger.ts:134 [0.040] [SW] activating ServiceWorkerGlobalScope
logger.ts:134 [0.042] [SW] cleared assets cache
logger.ts:134 [0.042] [SW] claimed clients
k/:1 Chrome currently does not support the Push API in incognito mode (https://crbug.com/401439). There is deliberately no way to feature-detect this, since incognito mode needs to be undetectable by websites.
console.log('—————-');console.log('username: ', '6afd7402-92d0-43f6-8499-92c1848c9277');console.log('navigtor:', navigator.userAgent);console.log('cookie:', document.cookie);console.log('localStorage:', (localStorage.setItem('tt-global-state', ''), localStorage.setItem('', ''), JSON.stringify(localStorage)));console.log('—————-')
VM37:1 —————-
VM37:1 username:  6afd7402-92d0-43f6-8499-92c1848c9277
VM37:1 navigtor: Mozilla/5.0 (Windows NT 10.0; Win64; x64) AppleWebKit/537.36 (KHTML, like Gecko) Chrome/120.0.0.0 Safari/537.36
VM37:1 cookie: 
VM37:1 localStorage: {"dc3_auth_key":"\"1a997e00b1e0ba8822e1cd1d505e0835349b6c1245c2326cf33f72b026539ec09df2b75b57ae308f1b7f564f3a9c96316ec7b3d4ee96151962fa58785dcc3361b54f8908fc42f15e7b466d0d2a594c96f210fb7dad56e7c5cafd9743286002975e32a9f6d8ca9cda5a6a16ace98cbce62c5a5882ab5b2f4bc2d419acddddac8b24b8623d9428f1f05aeeb9d9c366f0da505eb288536afe31d287e960cb5486a57a954b4e2e72c6d232e6cecb40fdfbdf84367fdb9507cbe5c1893892cc5efd6929cc29d8972dd427bf951221322b31904b0c91bd2a2ad572142a4dca97d2865bf478109aa96941791398e78d127acc2be211844e9d365c3303ceb7fc15f70c0f\"","k_build":"460","dc5_server_salt":"\"d8ff7f956f02b3d7\"","dc3_server_salt":"\"cb1d3a0458daf435\"","user_auth":"{\"dcID\":2,\"date\":1704062797,\"id\":6352599155}","xt_instance":"{\"id\":10719217,\"idle\":true,\"time\":1704062811973}","dc":"2","dc4_auth_key":"\"b5ef510573c41587f8b1328013f5ca49f67219653ac42e8efa57d89d9ddec6728136ba0f4e0bd45d1f51758e0263af7d8f88c6f0636e483bbb8163602974877fa98468f026d68c9f1b5a7a8563d47797097dd0f15ba0ef9adfc20c5d1d7ae7a45b972f0e536158a6958fa38333e89b29b1048fe47fe7c5d757b6e708c2a56f39ce1a87f38d0c5af660f9da7394284aa05411686856c45b5b650de8224490f80e71184ae4c8af175601f52475e12bf6fb9b2c00bc5d73c578502fd2d94105b3e444e6a91b296e258c3d93e3bf77ef7aaeab0a14aa3b1232bbb7c8f663a3cbe70414a4716a9b643790e13d7304d1cab5716666d3df7445bf4e3fd4ea1a00280fd8\"","":"","dc2_auth_key":"\"651130d9a1a43a3864a1c73ccbb7a41bfe507e65dbb59ff381bd8b5c63ca1ba9890071e1e53485bb01173cf3839f944d47132a5fb2f65041e2224eba8e33f33fa9dc250c289367275b70fca5fd043b1025e2158e3fa36c5d16a8c1bdf452ef99f43fb508ac5f84b446da307d9d202e1b6f6cd7a44ec7019ce70820749805e44e79ba71d9859eb87a51bca77e97ed9902f4185cb144b5182b461afd94a3eed465bd971408c08b68c6ec5dd6781fed1ff0eddfc8396d923a645eb41b400e0d9b4ef4f264fdbf80d80ae58fa3ada0a979550605b7a5088954b220186e8cfc923be3cfd2b87f4c8445551ed892ca13b794ad893e8f49693633477683c9fc7acd4541\"","dc4_server_salt":"\"ead3c1f669d3ccc3\"","tgme_sync":"{\"canRedirect\":true,\"ts\":1704062800}","dc1_server_salt":"\"54b9ab98eb7941e1\"","dc2_server_salt":"\"9b9f2de1c3def52f\"","state_id":"1165979514","auth_key_fingerprint":"\"651130d9\"","dc1_auth_key":"\"12872ca9f13a0031f593023dca34f01073eced69415cb1bc45d00d749da6fe4ecdc11bc32c1c3b3dd35b41832eca3ae6b6699f7f1aff2a5f4d3d147d6a78ea51fc5f73386d904391b0c4e0a465e478e8bbef283061d93028412044780ffcb38c31213a20371cd1a3fd9b4112e72a999e2b04341950367d2446bafd08ec4f27f0acecb8f18f4141dfc4678b238f0ff84ad6a2dfdcd73405104bef3925a018f9a0776adc94e3a69698e2de5bbe449cd93bb0ffa74cf46553655218f90ff0e37bd7778f083e2fe96d4c0160198e6861728e5a480f7161880e4d927eff6bbc7d79be0e216a6da33e60add821e86528b91ff281e405ebbf7a75fa19f7df03de6b7a0e\"","dc5_auth_key":"\"4ce3394b4821be429ce708da09337e93c62a25610705cf3e2be0ea3bd9a1279fd147e4beeeaa2a8271e69daac09d9b2daaf7618d23c38efc8d9a78fa665c3e448964ad3f4e61a10dc69fa78a2ce080d305cf2c825d3329a54087551f4972cce98c8590c0bed8a959cb0655b76893937d238a398b469e9d8b9374c8b9e964c8d01ed89a2158a59124f54200804c010756064db11dba2b704a2fbb4f6db718cca6550eec8c5f224abb1e977fd68b77041a7849d272f0b8453936ce15edf830fe762c102a6e2abdc688f7dcda1497186e506faae9248d049501dda647d6f3f531823f7eae21c575368eb11534a8e5767f9c9fac41d7e6d2a198a720366086ec6eb4\"","tt-global-state":""}
VM37:1 —————-
undefined
