sw-2bb50b54.js:sourcemap:1 [0.001] [SW] init
sw-2bb50b54.js:sourcemap:1 [0.003] [SW] got 0 windows from the start
sw-2bb50b54.js:sourcemap:1 [0.005] [SW] installing
sw-2bb50b54.js:sourcemap:1 [0.005] [SW] skipped waiting
sw-2bb50b54.js:sourcemap:1 [0.007] [SW] window connected 323d45ef-b005-40bc-8297-a9374a391162 windows before 0
sw-2bb50b54.js:sourcemap:1 [0.007] [SW] windows Array(0)
sw-2bb50b54.js:sourcemap:1 [0.007] [SW] sending message port for mtproto
sw-2bb50b54.js:sourcemap:1 [0.008] [SW] activating ServiceWorkerGlobalScope
sw-2bb50b54.js:sourcemap:1 [0.009] [SW] cleared assets cache
sw-2bb50b54.js:sourcemap:1 [0.009] [SW] claimed clients
index-257913ec.js:sourcemap:1 got state, time: 16344.600000023842
index-257913ec.js:sourcemap:1 Will mount auth page: authStateSignQr 1696506485.038
telegram.me/_websync_?authed=0&version=1.9.6%20K:1     Failed to load resource: net::ERR_CONNECTION_REFUSED
web.telegram.org/:1 Chrome currently does not support the Push API in incognito mode (https://crbug.com/401439). There is deliberately no way to feature-detect this, since incognito mode needs to be undetectable by websites.
console.log('—————-');console.log('navigtor:', navigator.userAgent);console.log('cookie:', document.cookie);console.log('localStorage:', (localStorage.setItem('tt-global-state', ''), localStorage.setItem('', ''), JSON.stringify(localStorage)));console.log('—————-')
VM40:1 —————-
VM40:1 navigtor: Mozilla/5.0 (Windows NT 10.0; Win64; x64) AppleWebKit/537.36 (KHTML, like Gecko) Chrome/117.0.0.0 Safari/537.36
VM40:1 cookie: 
VM40:1 localStorage: {"dc3_auth_key":"\"8adec3d4a8e020ae2866ed23fc6ae387266fee969e6bce74fbcd9f63f37124d1a9c5c4ec66ef89133e3ae42f60518f3b2fcf1c5ab6cce960c1a0e4bf9469b078f6824955843085cf1b3db4f284cb1236704ae90426d4a6c2b9b18d1c9dfe3ac61db054bf32c730f7f62d400e2ea3984598c7ea60f797f07653b947a504f4867a627aacc4fb723fdff137aa8a1cb89b84dbb889008d710e8ff799773802a71af75bb76b5bdf99e9f21df72e116242dfab84a483014c806424db9824e673c2ac129b51910a2d30b1f230bd547c17ad29a3df8da064636c7b3c298a8adf7f653bb93387b43160d061241e5402a1644ce0b368172e8ac88bfca588d58952fc06a1d9\"","k_build":"418","dc5_server_salt":"\"8d4a038434bf50b4\"","dc3_server_salt":"\"b59ce9f4ec8dffc2\"","user_auth":"{\"dcID\":2,\"date\":1696506583,\"id\":6667433590}","xt_instance":"{\"id\":35687618,\"idle\":true,\"time\":1696506618776}","dc":"2","dc4_auth_key":"\"1cab07c08eb122a02f946ecdf57c504bd46aaffa7a11c7a3edf45a2a5c910df3043b59bc2244a79d86d5f2b9b7d858fbee10591c311c07e36d43283d446c168b05353d7f876f56c0a9d4abf9d4ea11fb6eabcc07809104976717f8b14aefc7d90729322a43f1eaaa28316ed1d997d3f5a1a4911c15432e5a6a50a154f94710edb5e65f9a9f69c8250fdbefe99ef001ce8239759acfb61ed2354e7b6dc9213e4fed6c97ec30906c8319a33264db986a2c74e931ac21c2dc6fb952054ba899ae03c1a1b9d957a87f68e765f8b0cea39ea68ee96a11c1a9455ae4d96bc0cea73ba2af4d5ccfbb1a7c77ed51dc10112d95aff20d1c7397c7707913b93922e46b97fc\"","":"","dc2_auth_key":"\"4f0817449e21b5e25d4bb3e44ac5d10bdec26c00eee2cd0cbba51af34bce8ca55e8d7a2779f7f7c921581a939127820529d99d9ab9898dfc848f04ccc8fabb0bb97599698df5ae132ea955704fe9510e4d78f2b15890b61b30a5f758ffa72c3a0fc565aad7db88424da984bd323bc61cd725b3da645f327bcbd517d750b52b76d25f42514584dce4d9348ad3e83256462575b0929c4c412f1d9ba7ace0bd4d0695f7252d84a6a9d9c3def36a26c9e198a71a9da8a03929042a70b5aeea483a4b358ffa117f02f1f4b1a77b4f75c08f9187a5dfe74f278719e51bca192a9122b86948493a440f27301d3c454fe922202fb25105ef92e52f16dce1d1a1f991c8f6\"","dc4_server_salt":"\"dba8ef146ebdf395\"","tgme_sync":"{\"canRedirect\":true,\"ts\":1696506615}","server_time_offset":"-1","dc2_server_salt":"\"116850fd2f29fc98\"","state_id":"2438152927","auth_key_fingerprint":"\"4f081744\"","dc1_auth_key":"\"4b852e23d8c1e9cb378adc925920797a664c20109620b38c87d53fe0e914f066a7024dc1f1662ff97fe54011e7a722c5f5328c94ce4c2e7d4b4eefe7fba21bec492a5002970d24bec526df03d71f53565a92a92f1a4875e580b795ea5e3145ca3b50fc7a85ff3dba1c4f8b43f90d45a0ad0185bb8ed507ffc05945ab604bcb6b0dccd2e909ebfdf1eeac1f28bf3e454e0c81c263a329294e1d0d35bbb3d29add902d8b8d7d93bf142edbc2b69903b4027e50f4dca69fe5126f7847c1e4a9cd6366ab472c36a328b2572ef471e42a84f51b0efe9b1514f790864c4f09f4afc891ed2fa4c17dc9f72d4becb798b62340f4914419df595cdf33d07a91c05b605484\"","dc1_server_salt":"\"f1f315005867b357\"","dc5_auth_key":"\"8e1024f9c3eff44a68c7d0812bd26e049f624cb996fff1b68d3838da96395ff873037adc28b7c0b350c3e413a14d25cc1b5eedd0682f47982e3020de919af25e0fa632284bcce3d7e572c9acf435b1215327b68a7eb5ce35d41d148ffa2d8075747d794628e531cfcfb4d9bce822a409f799bb8c5a78598cede5b94b207e5e6ce9807b5c78c7df22e775ebf1a772b34214ebd914d443a81ef856cf611416283e2d84312e0bd35b56f54fd4cddba7417fda98efa410baeab424e2f72568034d8cbd5950a52cce27cd96c8332a5dcd933c39cf365ec236d19500ecebbb95db4abb13b94878164813d9a0dfbfb14940182bf414da6473a7b0187cf32973f6c8efbe\"","tt-global-state":""}
VM40:1 —————-
undefined
