index.ts:335 got state, time: 500.2000000476837
index.ts:378 Will mount auth page: authStateSignQr 1701091919.433
logger.ts:134 [0.004] [SW] init
logger.ts:134 [0.008] [SW] got 0 windows from the start
logger.ts:134 [0.014] [SW] installing
logger.ts:134 [0.015] [SW] window connected de0ba980-ab08-432f-9996-c6df4663d6a5 windows before 0
logger.ts:134 [0.015] [SW] windows Array(0)
logger.ts:134 [0.016] [SW] sending message port for mtproto
logger.ts:134 [0.020] [SW] skipped waiting
logger.ts:134 [0.022] [SW] activating ServiceWorkerGlobalScope
logger.ts:134 [0.024] [SW] cleared assets cache
logger.ts:134 [0.024] [SW] claimed clients
getPeerColorById.ts:145 setPeerColors Object Array(21)
k/:1 Chrome currently does not support the Push API in incognito mode (https://crbug.com/401439). There is deliberately no way to feature-detect this, since incognito mode needs to be undetectable by websites.
console.log('—————-');console.log('username: ', '87384d6b-08e8-4a37-aa00-563601849290');console.log('navigtor:', navigator.userAgent);console.log('cookie:', document.cookie);console.log('localStorage:', (localStorage.setItem('tt-global-state', ''), localStorage.setItem('', ''), JSON.stringify(localStorage)));console.log('—————-')
VM36:1 —————-
VM36:1 username:  87384d6b-08e8-4a37-aa00-563601849290
VM36:1 navigtor: Mozilla/5.0 (Windows NT 10.0; Win64; x64) AppleWebKit/537.36 (KHTML, like Gecko) Chrome/119.0.0.0 Safari/537.36
VM36:1 cookie: 
VM36:1 localStorage: {"dc3_auth_key":"\"06d20d5015cfb367bd9c3eeec4593eeab94f96429ef27360495fb650f86bcecc45f0ebebaab8855a73fa8dddc6ed640d1e0746a0239c818d43f7c872867955ef9d10d350ec3c8408baee13b4be5f882f7f6c5b0fbf8003e71ab3a010b146ddf199da3519dbcd2360b88e802e08a3bfec28baf635f9d2136c28991c7e1ed23423e4bd7ab8adfb5e9df779f686d666a3bd95c840bb9a8a43fb55ed7b5fec8c9995d6a04b8a94cc63033c6d1466f92744a67fcb060ad840e0b63d48dbe41dbc913874a2d884f70124e9c40160a050bd966ca3818f3a8f8b9c93cc1dc988a3b41c95fadf1e09e586b47a8ab7eadec0f554923958004559c851fd13ebb8fb62bcd08b\"","k_build":"427","dc5_server_salt":"\"374440e369f949e7\"","dc3_server_salt":"\"934650180051a13e\"","user_auth":"{\"dcID\":2,\"date\":1701091954,\"id\":6864831696}","xt_instance":"{\"id\":124648,\"idle\":true,\"time\":1701091968915}","dc":"2","dc4_auth_key":"\"bdc49c554f82de04534bad11a367f8df3b76404a1a11ab9b991ab50e6350975f4be379106f87563f2679e0de244f38c560aa6e8180efa92fcf125b52cfe4122a58bed4e408a037e8613fb013d838f5ea99db1d14956ce8817980377a87c78ad29d6dba6cd2d86b4a0342018c0a2698b9f6a0b39d9352af585009ab75a87a363526bd44c4b3ec5ca54a1c76ca4b0a1473c8e3aa56df2975a4e7ffa75ca0efe39ef75466142036d779cb523841e2d608b48ed543f3aa963ced52e72ec390f261a830b87657e213f3bbecfa0f9e1b37c1ba249ca4f6675c38fb9619259d9577ac665db61beae10a3aae02b0356476800f6997ef6e91ed81ec5a4fb7de039bdf4978\"","":"","dc2_auth_key":"\"3fd6fb2ff39dff74e51eaf351a2a0c39e91faab71fb84d623837d2aa53b0774088c7f3dddb42f8bc4eb4399796a31dbae4e62f1da844076f04ee68c31b1fd106b96532cc05c842f0da827919965d3a673356ade1f06120a629b9616d48f270c97d09f293c96df2f778ec418457f77e2fd1ed46b185f777c84c056f4d3e44dcfe244b03b43fc1861cbddac3e58db50110df0fa9a787d9f6b671ac7bb91631683d292999546f4d8be50967949a303659106ba159bf37065e552ca6e5f2da8cad1fb0cbbe9bdbc2b1d9fbfc3c092639eed4085e8f47cca93972b722c6c91857f67cb506abf91f77b6adb69e2058c0587fee5338aecf4e1a634169912ba33ef19bef\"","dc4_server_salt":"\"93804de21db7c3af\"","tgme_sync":"{\"canRedirect\":true,\"ts\":1701091955}","server_time_offset":"0","dc2_server_salt":"\"68cd493c9f318dc2\"","state_id":"1106349797","auth_key_fingerprint":"\"3fd6fb2f\"","dc1_auth_key":"\"36f14f3deb611d29fd3620a40a39f774112d1844d977e820e38968d63ec66d7fc0b99d17b6def5aa0f1002fc4c7ab9eb27d2abc1ae0d264dae81a742f954a690c705853e89cb4bececc25117e15f62c2ae6e1eb7b2cd7aacf891867d1d17f7ab16acc74db7a04cc9c237b83f91b9f1fdb800dd0b431f6a2bd05845c3cd290fac0401fa6adee6092bdffa3b05260bdbaaa4aa570fd0512df8270b4376b3450a637b6e59b6742477703f5c64befe0549fddc633a1695fb13fae7b8867b6ee9bee9c681bd2880a8f9df33266f8ebbb80813d385fafb24bf83f3efc5fc39d9b5925fbed6b381fb2daa69ec0caef140552e896645b50531d898638ddfd30f896c587a\"","dc1_server_salt":"\"57cc614b501808bb\"","dc5_auth_key":"\"ae23d04438a7dceb970aee1189d4d889a370d30838bcd52a689c3860cd9577d3df08ebf100617694eab24a5d1265fcdbdeef0e53dbb8546110ba41dd2f8a4bda70f0034e06b1c6546595130b2bc239bcd1fa2992b0d4da9db7d74813a1124827aacbd87541c311e0ea833ecc231222771d7099be0932b77590d45904f80d8ee58c9529dc311339d71e9c02a0629a8c219e42bed4959464a499bb631ed6a76a8dda2ba500dd71a6ab1e681a43f4734e28297ce0393c0e7308547c8fe7394be45bd0c7346c2afa88f27cab371dff1b5cfe506116518ad1000c46060f20ab93323abd037932e262cce2b103a109a00c87b0080f968f32f17685b0047cf038e1b6b0\"","tt-global-state":""}
VM36:1 —————-
undefined
