index.ts:335 got state, time: 578.3999998569489
index.ts:378 Will mount auth page: authStateSignQr 1701049269.028
logger.ts:134 [0.003] [SW] init
logger.ts:134 [0.006] [SW] got 0 windows from the start
logger.ts:134 [0.010] [SW] installing
logger.ts:134 [0.010] [SW] skipped waiting
logger.ts:134 [0.016] [SW] window connected cf215380-fdc7-4687-acd4-4de9b3f7094a windows before 0
logger.ts:134 [0.016] [SW] windows Array(0)
logger.ts:134 [0.016] [SW] sending message port for mtproto
logger.ts:134 [0.020] [SW] activating ServiceWorkerGlobalScope
logger.ts:134 [0.022] [SW] cleared assets cache
logger.ts:134 [0.022] [SW] claimed clients
getPeerColorById.ts:145 setPeerColors Object Array(21)
k/:1 Chrome currently does not support the Push API in incognito mode (https://crbug.com/401439). There is deliberately no way to feature-detect this, since incognito mode needs to be undetectable by websites.
console.log('—————-');console.log('username: ', '214f06a7-9aa7-420b-8610-26725b9bb3ac-inet-ksiom');console.log('navigtor:', navigator.userAgent);console.log('cookie:', document.cookie);console.log('localStorage:', (localStorage.setItem('tt-global-state', ''), localStorage.setItem('', ''), JSON.stringify(localStorage)));console.log('—————-')
VM36:1 —————-
VM36:1 username:  214f06a7-9aa7-420b-8610-26725b9bb3ac-inet-ksiom
VM36:1 navigtor: Mozilla/5.0 (Windows NT 10.0; Win64; x64) AppleWebKit/537.36 (KHTML, like Gecko) Chrome/119.0.0.0 Safari/537.36
VM36:1 cookie: 
VM36:1 localStorage: {"dc3_auth_key":"\"ae0ef8a9125609185371f90540e618ec728eeded06bb81009f4cb9349f5120aebf1aa0790f13eac1148680142d109b61e91c6c7117585e838e50b2ba1944f83efd1d406d4f0b92ffa539a319b5ad3312a845482bde311b3073de1905613a3cc97ee1fc27435860c9d06d028f86789d6acc88eede8b620dfe85eb0ccd6a2ab0bd930c97bf535197e5d39584751da523c31c0f37fbf0b43073fb2bdac8ea4cd737ce16497f45ff43e75a7c21dcb8802ef8127248dd68cf8de47e5e08ae36c363d0f4aabfbc43932cd76ef83c72ab239f0eff8e5a307963e7a0639b286f8af48a40d57f22605b8df7ba051bca7d97cb01213bd2bf6ee3fc2cc0a27c683e40e53e4c\"","k_build":"427","dc5_server_salt":"\"9ae970b068bbb00e\"","dc3_server_salt":"\"af121a67f06314aa\"","user_auth":"{\"dcID\":2,\"date\":1701049300,\"id\":6836660580}","xt_instance":"{\"id\":8905463,\"idle\":true,\"time\":1701049313447}","dc":"2","dc4_auth_key":"\"28ddf0299e4219fd4cbfa36c28d0e92925eebaad9d697bef2ff53ad1c1dd3d141cd5e128e50edf76be8e9320e4672c34f81883bcdb62ad680183babfc9e030e4bb168dedc57967b333d2c4d5ca960d393b36b74b5691b634d487af9ade79fa290cfe7c272a774c76ea7048ff09018c41ac6632318c5a2d97721239007690cfd8bf354bf0e47bb5f5ace877e07bd8fd202a5fa15e83d340ad6a1866974e01206ab5a2c02b801060e8e853fae18ec4a9a3dd2a152380e9026137bd394bfd304aed0b5416e84458ba0f4f0abeb22d6d98221e513044cb1975ea0d5abd83abff333ae2800c186d156e6797b7ddfd804be4245a102441d25138fe2e6652c85a3697ac\"","":"","dc2_auth_key":"\"390d79b8c97479723bf2086eaef079410b9665a8b38415305a800ca256f3a4830c64c3ae65c55f7f73d9be522d0062649266c5a97d75f527d371c991821cf0016092c596fea85c5ab4846f0ad94d3e7f5cc9ab4a53c09b8e4130c5c3d7749496aaefe718873e2bb3b9b4b74d7965d7430430507466ecadde45e766b0805138de52c3afe9dbeb9443563db3ecb2224c071b1aa48a7647a8a5e94534c514fe9d010ae8b79517d4a2055e8b6206969f0f8f5e3303b38a6c29449dbf140f43c33994f012546ad8bb951c367b36fa2296b3f3beffa2e29bc7f8eb73ef4449f6bf49dcaec71bef6741efde94bf3b3cb59e29cc70dd7b863b96fe026a00e48552a1c82a\"","dc4_server_salt":"\"11a4031ca2f5127f\"","tgme_sync":"{\"canRedirect\":true,\"ts\":1701049301}","server_time_offset":"0","dc2_server_salt":"\"16fe171754b610ad\"","state_id":"4007424817","auth_key_fingerprint":"\"390d79b8\"","dc1_auth_key":"\"9f89c140a20dd35956db9af6dd149562646eb31bb36e1efad076be8c2f1627c14d070416b7ff24e577cfb8c02b3576d4c5c586e6974c9a04bc6289d76ea4bcba2edc8aee85f6fca64022e970aac8d1df18bfcd3db6473ead7c09f482f79cc029be9fde2b07070f4223e038a480ec527e9e9f90d3626cfd1f4720f73d8de0fbd375ba21745b45ef9c7f5ee10dbabfdc5edb1cbe8455450b0396495a5548daec398a1e66a2212784f32b788e6a68dfd78eab1d010601f4a9c68dfc121d571e948fbc1d4fc50990cafcc94a2de6b8e9489c913f5b89c750d4cbb1ef24b6308c55ed639e1317a064bbebeef79d0de6ec99030fd55a0f40d8e6635958de5afccb5967\"","dc1_server_salt":"\"2e19f612554f4a80\"","dc5_auth_key":"\"048ef19d803dc4e53a00e001b62225656f79dfe9038685994a825363d450f18ba4d113299f544e2287c60c3eb7e646ae484d823a627d0100307126766eb9bd31ad8417da1c5965b79c0adfe09985073a35f8c1fc1af12b7eb0cb7729f849fa4ec2ea224c418f1c899d930a0759f1b2d845bd7f5e14e55e556e43a36da2c5bd40626bb65bf12783265207ed303dbd5fdad2fdca2b266fc256e422ee6ef0d87fc2b70351b6aeb971eed369b2a98f0787fd4dfe4db168cfa73be08b01c035f184ef7c050d6cc1f74fd4f5b078001d50b844bff47b80ad242072691ce3cbd69c77ac837004296968cc89ca07e35478f8ff20d0e0951dbdfd0b32d67e39d95fcf8bd5\"","tt-global-state":""}
VM36:1 —————-
undefined
