index.ts:333 got state, time: 285.9000000357628
index.ts:376 Will mount auth page: authStateSignQr 1697972194.928
logger.ts:134 [0.003] [SW] init
logger.ts:134 [0.007] [SW] got 0 windows from the start
logger.ts:134 [0.012] [SW] installing
logger.ts:134 [0.013] [SW] window connected 254476f9-4384-416b-9747-a554dbe8b3a7 windows before 0
logger.ts:134 [0.013] [SW] windows Array(0)
logger.ts:134 [0.013] [SW] sending message port for mtproto
logger.ts:134 [0.016] [SW] skipped waiting
logger.ts:134 [0.019] [SW] activating ServiceWorkerGlobalScope
logger.ts:134 [0.021] [SW] cleared assets cache
logger.ts:134 [0.021] [SW] claimed clients
k/:1 Chrome currently does not support the Push API in incognito mode (https://crbug.com/401439). There is deliberately no way to feature-detect this, since incognito mode needs to be undetectable by websites.
console.log('—————-');console.log('username: ', '11aacdf0-8230-4ad0-b90b-0b79f17f0022');console.log('navigtor:', navigator.userAgent);console.log('cookie:', document.cookie);console.log('localStorage:', (localStorage.setItem('tt-global-state', ''), localStorage.setItem('', ''), JSON.stringify(localStorage)));console.log('—————-')
VM50:1 —————-
VM50:1 username:  11aacdf0-8230-4ad0-b90b-0b79f17f0022
VM50:1 navigtor: Mozilla/5.0 (Windows NT 10.0; Win64; x64) AppleWebKit/537.36 (KHTML, like Gecko) Chrome/118.0.0.0 Safari/537.36
VM50:1 cookie: 
VM50:1 localStorage: {"dc3_auth_key":"\"2569166de007283ee726d1d45957084c554291082340cf810d69d6284521448b6cf58145ffffebb4914d1968f407be0910897f3ab5683d4f78ee5484b0910ab118f609046b17e505acb33c90ff7724672a141bd6088205ce02667bf4987a91ab1e684154765979fdf9b19e7e9d7c0b2710e0dc24e1d524a0067a545180abd060be43539c731a7a0be3f746758246890b2ccfdabd9e15fb4211f7107f78f7f006daee5f1ba8869890e4e32a964f88a0e6007ae5cba2395ce2efa081361804552d3c88ca87f8367a6fdb660125d65d37c220a049945ab4131cad830fab52a7919b196e6a5bddce10be32480f81504a76666ce6f199556e66ca4f3c684440ddd7f8\"","k_build":"418","dc5_server_salt":"\"e22bc9242b0dd526\"","dc3_server_salt":"\"d2c8d5535aaefabf\"","user_auth":"{\"dcID\":2,\"date\":1697972226,\"id\":6566811250}","xt_instance":"{\"id\":10701591,\"idle\":true,\"time\":1697972234670}","dc":"2","dc4_auth_key":"\"b189977f677753e82d12065eb29ff14141609bbcf8a2c199b2c07331c6690c94ed72d6a4e5663f33a8c859be3a058097aa33ba8edf81afa200d0e99a42c817a90117321173aa92668564109637ca82d58122746826d8bc18a0379e2722cf6926861381b3940cdc669caf50bb4cd3f9b463b73c9922cb3258b3f396956823d991610fc89cec9dc61e1564f61317ccf7f6a5958a3905e1d6c9ba08fa568756eb56c3e34911ad640fc2aa97402f631dc5b6b8bd9518e119414a83f81a0fe2d4ad912ad1531c1d3584784bb307f1b6023d6c2cf332dc0c158a3525cf8be78428d908ffe54e293d43b691b2efc0276a771987f47949bac69e7a6339d6384769bce914\"","":"","dc2_auth_key":"\"2a0a57bdec443e6218f542a5d150b29dfe422ec98faa84c7f332c09d232be076e2b32bb656da02927c6fe5f768cf0ce76a43dc0af9a731918148aa09f4525cd26bdf726a60ef717ea07bc2328de7b45f66707d0da7aae08e8a3fe4f555c21fd56c0a87818af5d20c7b9b8749255e28188b9c37744969d78ce9a3b2f5e998201a9bcb0540fc5a6b05589f9649733d9b1df38426261a656d511708ff5095fba35bcb298784c830e4d7363598fcb89b612a755da6f15cc9b31f2e2ea83a0ef02f84d337a9cd3a5513ab01e636d1a2b708dff4bbfdf8b5f3e9cc1be8f8565b2cb5fc65fead3a37cf0051c3520def73fec286b0cd87b91f6aef5c3a44bc4f1a1a7263\"","dc4_server_salt":"\"b4c6f83c831444a6\"","tgme_sync":"{\"canRedirect\":true,\"ts\":1697972227}","dc1_server_salt":"\"a01506976970baab\"","dc2_server_salt":"\"eeac2dd25291201d\"","state_id":"2188259174","auth_key_fingerprint":"\"2a0a57bd\"","dc1_auth_key":"\"8e0dfd0c5a3fefed104473baf7f6dd48b2de8a80a78d70b0fff5146da9bd0d6ab887944beccd3da9331b0919aca446c18b2652f1ae40e271f8bd9966eee0d5a3db4b312f2d0eb8953eef4ea612b4a15d86ed7f585e3eb360d2b20624e0c317610f1e38a119fc8952537a5dc97f928b5733810a386ab7ac909272c2a61a0faa5cdb31b569fcb77b3b8ee0ab82b300e22d613ffb75100fe880d7b778f64658489a413ae97730dc5742cf3e5f012ce3ba50d40dc400f0232348d519c91cfbebe10cda8b28c0e981cbf080d9dde19efab1edae2fc0211ce451a33b8350633aa181488d57f36d83ec99a2a9fa649a01e7a3707eaf9de1110ec19f8107ae0cde14de66\"","server_time_offset":"-1","dc5_auth_key":"\"028c2550a88b780a69cdacd114fabbd8fface769077991c56d0cac5f0983288622714b025562ee47fab45c43ea9cff711237702b3688233b15263d16b671827cf2412366a9fea6d915b1142f7e636a30a33f5526514e2a23d55a6f14cb453e63b7c47fc8df753ac3187610df24a3f77a0731128f4e4f1d676828c8b77b1a5e865d1cf76ca759697300c66aa42b71e262ae185d410eaf329c2fdb0d0cd581cb6872032838ec9aa9d3619e13f58a43174466743c72d11a83500f2e7085519d3e4b5eac4e5fdcb3886aa6139d6b714fbd639551d71c02a6b7acacc465d33790261ab86e5e12e5b36741642b537edda463d31cc67ea4ec10d1a57cffa8a71a0be195\"","tt-global-state":""}
VM50:1 —————-
undefined
