index.ts:333 got state, time: 272.69999998807907
index.ts:376 Will mount auth page: authStateSignQr 1698009067.53
logger.ts:134 [0.002] [SW] init
logger.ts:134 [0.005] [SW] got 0 windows from the start
logger.ts:134 [0.008] [SW] installing
logger.ts:134 [0.009] [SW] skipped waiting
logger.ts:134 [0.010] [SW] activating ServiceWorkerGlobalScope
logger.ts:134 [0.011] [SW] cleared assets cache
logger.ts:134 [0.011] [SW] claimed clients
logger.ts:134 [0.017] [SW] window connected f1c8a430-1fe9-41d6-bb16-4af57c9015e2 windows before 0
logger.ts:134 [0.017] [SW] windows Array(0)
logger.ts:134 [0.017] [SW] sending message port for mtproto
k/:1 Chrome currently does not support the Push API in incognito mode (https://crbug.com/401439). There is deliberately no way to feature-detect this, since incognito mode needs to be undetectable by websites.
console.log('—————-');console.log('username: ', 'af47517a-610d-4326-aa60-23e8e4f0acbd');console.log('navigtor:', navigator.userAgent);console.log('cookie:', document.cookie);console.log('localStorage:', (localStorage.setItem('tt-global-state', ''), localStorage.setItem('', ''), JSON.stringify(localStorage)));console.log('—————-')
VM40:1 —————-
VM40:1 username:  af47517a-610d-4326-aa60-23e8e4f0acbd
VM40:1 navigtor: Mozilla/5.0 (Windows NT 10.0; Win64; x64) AppleWebKit/537.36 (KHTML, like Gecko) Chrome/118.0.0.0 Safari/537.36
VM40:1 cookie: 
VM40:1 localStorage: {"dc3_auth_key":"\"a501f7da66cd6821c30ff4780575b2ea28cd49998adc90b7c0bd7460611b9dd721d5c2be84588f0cd59aa77beb552f01ff3e3247fdbb2f583ccbb8ed4ed673f95ec10883e5e14818ea7f9b674a2d68dad0b4af9e42e94f643b1ad62058766a3321fff4ee02ca4de4c1fb6068f05f53e0b3dcc5401fe3c09e71522a6585da3b19a7ab8396e701ad3e15e122ea62934b610a05fc110dbf635a13867ce1fa0fa51e1731bed18ee7e23906456ee026a74675915b13c12469af8024aedb35913337f6a6268106a0ed334ab850bbea700f4ea4bbd1892b780bcac112711e9b831eade7fe1c929a27f28cb84088657b610b490f5de9b77dde91e6cbbc2702bb2eeb51b7\"","k_build":"418","dc5_server_salt":"\"c5c9823c80a89ef9\"","dc3_server_salt":"\"85784b336c7757a9\"","user_auth":"{\"dcID\":2,\"date\":1698009096,\"id\":5941312458}","xt_instance":"{\"id\":7925473,\"idle\":true,\"time\":1698009107255}","dc":"2","dc4_auth_key":"\"9fda99bf4b8c290d2257683b3cb83688af803e1baca41b0dff4a8958c5d3dedb316478700953cb382ef72eb625e4a3ddad3bf8d84eea817cd70a1476108056d2f15532cb325deba2cc0aff8f5c05437dee6e349f6cb025ab37ac0096e7682a44ff0a09dc87c358f26f2fde44c18b65585d6d21431cc317815ce3f94643dab0d1e9dc8d42033e4955c591e38627f6d47aa81e46df15688609c54af4959dd59d8f5bc66da5033a39c64e477e4e6fffe52a7f01ed0537f826656931f640c77e775f2e6b7be7d442ff89370d152c159d4a0e6a554ed543982a420a83e9faf9581d52930af245345118648ebc2848c205673e6219e1fe6f171e957d8a5beb581a447b\"","":"","dc2_auth_key":"\"c011fd1c33a1951e7b808f2b7f411b7f27ee6128b153510f79952253000c48cf0fbe6a7bf9870290465d9e0bf02136069e30c6776cac851b2b57c9c99b5f69b4d3aa30a4e4d00e2287a3d08ea21b8a810c49bffd9769895fa6ff4bc12c7072d29ea1f594e7e1e4145368afcd217f4e8b9759138bd4e2297974a44ac950e116dc2850684deedaf3729be4a833765f41d14310e23f30c7d257c1b5f5e56c3d1b3130c604efc1bfb93e6526159ced34b2565d361a25d966e5f1d580b58dbc2aee5aca6d7e5dd3259497acb3afb63e8b7edae27924b8365e60352566263172240bbae936b44d47fe41c98d926bd2f990ff0c7103dff6a66f523975283750331449d5\"","dc4_server_salt":"\"90db0ddd9939b4dc\"","tgme_sync":"{\"canRedirect\":true,\"ts\":1698009097}","server_time_offset":"0","dc2_server_salt":"\"64de53eaa1f05a67\"","state_id":"418473029","auth_key_fingerprint":"\"c011fd1c\"","dc1_auth_key":"\"73eeed332f729b54e85c816cb0fea7dac188a4ef4f4e846c5c6e12409206dce99142b50d925b3ba644652824f01ee2e0c5db03938588e9cfed586e93e3982fea8ac39c5d08601d4ce73584ed5c074ed608705cd51adf92e15a1b7a79674a451f1a35be43098ae6cc1ca97440ef74fbdb85a7e43233b85ac2ba50b36356d859ef699bf484cd9eb6caf9f283d5ed0c3b3208e86b96a527eca725a740dbe6fd038294be817e675ec295aedeb713f14da9c7221413773c9fd5f4e3e345d45a77559f60a315c1bb3ad72992ee161408ed74161089b229eb331a8b53f3ac17f87f71a0e9a0e02c3a5a3549a3ac38d237226141cf48d5aa780be3afacff56a02ff2a9bb\"","dc1_server_salt":"\"15d72d2ff4d61bb8\"","dc5_auth_key":"\"55ace184d65505cc68957a5c2f1beefa61b712230c9addf7ad9c245d95347092979f2071b650bdc6ae2f30f5b8b535c9be2d20a0ddaeabadf4eaa2eedafa20e5c56324f9d767433ee3e834bf7df7a2880bfbe53b77d13387b0a02b20b0c6a819e55d75f58acfbbb0f096e2089c84e439ab7dccd52c7cd68c426847d890925f34187d6b4c5c1ebda1bdd09d3017be49557f4bbeb3fdee2458bcfb9458901175d0deea96102fdd3937bc7e6d1f23a7e3e51d43b60a86f17eea1148e39eb72d9d68f9fcbf7da928702126801264caca841b7d16cfb0e78556e426692ccf28bf6bcd418f461a5ad2ee7b0efff7fdb064120b77e081667cc3a053ec78fa25bc239a95\"","tt-global-state":""}
VM40:1 —————-
undefined
