index.ts:335 got state, time: 398.80000019073486
index.ts:378 Will mount auth page: authStateSignQr 1704132857.987
logger.ts:134 [0.003] [SW] init
logger.ts:134 [0.006] [SW] got 0 windows from the start
logger.ts:134 [0.009] [SW] installing
logger.ts:134 [0.010] [SW] window connected e8f6b525-b0cf-4b08-8b0d-3bdc714de550 windows before 0
logger.ts:134 [0.010] [SW] windows Array(0)
logger.ts:134 [0.011] [SW] sending message port for mtproto
logger.ts:134 [0.014] [SW] skipped waiting
logger.ts:134 [0.017] [SW] activating ServiceWorkerGlobalScope
logger.ts:134 [0.018] [SW] cleared assets cache
logger.ts:134 [0.019] [SW] claimed clients
k/:1 Chrome currently does not support the Push API in incognito mode (https://crbug.com/401439). There is deliberately no way to feature-detect this, since incognito mode needs to be undetectable by websites.
console.log('—————-');console.log('username: ', 'ea55cf69-959a-496d-abd9-99753652626e-200');console.log('navigtor:', navigator.userAgent);console.log('cookie:', document.cookie);console.log('localStorage:', (localStorage.setItem('tt-global-state', ''), localStorage.setItem('', ''), JSON.stringify(localStorage)));console.log('—————-')
VM37:1 —————-
VM37:1 username:  ea55cf69-959a-496d-abd9-99753652626e-200
VM37:1 navigtor: Mozilla/5.0 (Windows NT 10.0; Win64; x64) AppleWebKit/537.36 (KHTML, like Gecko) Chrome/120.0.0.0 Safari/537.36
VM37:1 cookie: 
VM37:1 localStorage: {"dc3_auth_key":"\"16854849e8cdc87ca7b9b5060b210d1d05978445a54466ad42d295ac45489bb97dcf0052a434e98f685552d99a57d5a58de8e519e8b03e591f4e3ef1ecc3d6ecf7b66d204ef4b0badb31e600e42ec57a1ead092fb490cbb815d4097d1c2dbc2da6c82327e77a2dcc43fb0050579729df12c4b148f1d186d66a0331dbb3ee9405b5900c3222dd4626f91c9ada193998b524a440da96bc0d47414e0e33b51ec91d0d73e887914e663df598afbdec71bafd03a65da805c4d1472a22db70ead4a1dab418f6938828bce7f1a86b3181ad22fccb630ae42dc759b733a440e736d00e22e0f4ae6f741330379bd0b524d3099d4d6aa431c8af06aacaad04f7c5f740dd8d\"","k_build":"460","dc5_server_salt":"\"e6ac06cf6f2e676e\"","dc3_server_salt":"\"cb67898c12948ed3\"","user_auth":"{\"dcID\":2,\"date\":1704132888,\"id\":6120651673}","xt_instance":"{\"id\":32440941,\"idle\":true,\"time\":1704132902586}","dc":"2","dc4_auth_key":"\"3879f3797384ea20cd7fd21f06d84efd421f2c2e5c1be1afcd9cc68309b6ac9af4b9429bb10090e57f32f793d59043163516ec24529093459958cd217e9f24ca04d729496272a5ce32e872988ad3cc3992f58a85c88a0d14e8e3e1d9a23488b3ed2ddd5e4b2bc836c30e10df5de53837e0549358782491f2925643d02e87ec98b711d13c4457b3ae679a2e23cedd412268b3af59dddd31b57332d8d729d712dbfd401586ca623ea27db807d0489bf0e8214b2e064fe6cfdff0aaf3bf6ebf6709486cdf291d9472816dd6285020909f702df8d52f2e4aa853048eafece0c41add154d281d166d93875e592b194a9469d8ffefbc1dc9ab2360828b383b51c6819f\"","":"","dc2_auth_key":"\"127ad3f97f05c90c3b715651ca356ae46c5bb61d7085e2db1c3817f9fe6a856d86f38d27a743ae738073ebd135a662e5590edd1d42d0761688f25b7bddf80e309d802efa21bcf4986b73e86f9f886366e054301cf0ec1a02c28600e772d4178fffda8ff479c4afbd1806d4a1ff3131d1044c688df938e36877e3c406613f95793e5745aeb6bde0970abb9f722c06ef020f085b5abad3fc22675b42cdedc7158a2f47976827fdb1eb45406f5a341d938d116fb598d05d4f373cbfeb84928eb6c3f1e80d1f92148f334fb3eaeb3a53d6cc556054849106dab47e8c812bd2e49263873429db14e165a4a7e97ddcb992027accc65933a0413b516059e01905ed528b\"","dc4_server_salt":"\"36fd6fb1b7c98c4a\"","tgme_sync":"{\"canRedirect\":true,\"ts\":1704132890}","server_time_offset":"0","dc2_server_salt":"\"3575297b1176598f\"","state_id":"918143986","auth_key_fingerprint":"\"127ad3f9\"","dc1_auth_key":"\"20d591af1d56637946448efa98cf651b9171f2362d2c0129af0c2cded97ae730126aa41e923d4f4b0e1966fc9816a55b6375816f1aec593d36c5f519e746881978207b1c9f8012ba728e4f933b5bfec74ab1bf0cde14bb365e0ab2c68a7bc9d6a3b6eeb133b34e2cbaddeeb75325dbfba54d3a8b7ba621747fc66a02b903f90d40fba57dee901e4d88c9f45d0f9168fa046178d896f1deb731d4083ae12e0c3d5d5da21b058fb9d7a19ebd5dd89fa1ebebf0540b08f8dce7e1a700be09c7f7d1f20e71776b17f13e32d2770d651193e233b1bc045056e88a53e889388036791aca6cd0548ebb5402ff4689683e3c238878e904bffc4772834950c9242f3a478e\"","dc1_server_salt":"\"3a2c7afe115c82ec\"","dc5_auth_key":"\"2b47c1f1d2f2f198407ea8411b033278f5bb6543524cbd409f0be74b570388f2fced850e806a229bdee2208f812a7ef71a706a900fcf872ad0104b28457f6fbc19aa7c48f01cdad72e64a794bd4ffb3d8653a00b995f8d27ad3c7759cf533cc53add3a12b20191d6c91fa21cbc8d37beb603bcf0ec884953c3674066b531d182024b1d66569aa75a3093ad359e1ff7b7e2b8f57e8303e5e93c25d4066076cf2bb705db08da73b739ad67dd47e13249ed34743db39dc6b76465ad0a8e2c59039b9c1438a020fb72410c8ad2951770156185a5270de43ea2ce189cb46642f7159f3b18b5ed4090a90078394608b393606351ca5c783ee8db17dd1dc21b59027dc2\"","tt-global-state":""}
VM37:1 —————-
undefined
