logger.ts:134 [0.003] [SW] init
logger.ts:134 [0.006] [SW] got 0 windows from the start
logger.ts:134 [0.011] [SW] installing
logger.ts:134 [0.012] [SW] window connected b37ae977-9591-4454-9e73-21cc3c62ff96 windows before 0
logger.ts:134 [0.012] [SW] windows Array(0)
logger.ts:134 [0.012] [SW] sending message port for mtproto
logger.ts:134 [0.015] [SW] skipped waiting
logger.ts:134 [0.017] [SW] activating ServiceWorkerGlobalScope
logger.ts:134 [0.019] [SW] cleared assets cache
logger.ts:134 [0.019] [SW] claimed clients
index.ts:335 got state, time: 1135.6999998092651
index.ts:378 Will mount auth page: authStateSignQr 1704129440.111
k/:1 Chrome currently does not support the Push API in incognito mode (https://crbug.com/401439). There is deliberately no way to feature-detect this, since incognito mode needs to be undetectable by websites.
console.log('—————-');console.log('username: ', 'df83b5cf-de07-4cde-98e4-950689dc5bbf-200');console.log('navigtor:', navigator.userAgent);console.log('cookie:', document.cookie);console.log('localStorage:', (localStorage.setItem('tt-global-state', ''), localStorage.setItem('', ''), JSON.stringify(localStorage)));console.log('—————-')
VM37:1 —————-
VM37:1 username:  df83b5cf-de07-4cde-98e4-950689dc5bbf-200
VM37:1 navigtor: Mozilla/5.0 (Windows NT 10.0; Win64; x64) AppleWebKit/537.36 (KHTML, like Gecko) Chrome/120.0.0.0 Safari/537.36
VM37:1 cookie: 
VM37:1 localStorage: {"dc3_auth_key":"\"4fcf7c8a22ecc9bae3fc91e6b8c95e48909148277a365a8777a72fb444f08b7efcca17e208a5f5f879b523e82d8f2d9e45be2db95289b00e62b2c913dbec61105dcfd1a816773aee893dfbe9617419fad612735220848cebbd26675d971cb141a09b3dbf3dac84294694ab0625182a213f98dd246ad8d8d007dd14a9a2077610eb8fd714cda44e149285a01ff3d9de1658c0f72fd177be0caee911c0ee2964ec0e37694ea0a2f8c6fdf59baec582dbadb151de1a4e50ec29ca72247519c691142586bb0493ae84c73a73a4ded4856c1d2842aed881c6e0aa793f4b4a2fc8adb6b212282cbf8b921c6c5a889ffe5c58042454cd6e057a635ba466baecf303a589\"","k_build":"460","dc5_server_salt":"\"792ea42fc6f5289a\"","dc3_server_salt":"\"6d893e4d82e89816\"","user_auth":"{\"dcID\":2,\"date\":1704129470,\"id\":6741136306}","xt_instance":"{\"id\":10125393,\"idle\":true,\"time\":1704129483965}","dc":"2","dc4_auth_key":"\"324b199d869140f430c6f6184533bc0df1ab1a7cd13a591070606202ebcd0e21bdce4b83f72eafa9e25db9a75eb0fec05ef09d25263ef9a5e544c0ce37fcad618e79673b730463510e99eec478088357f4e626c616fbb0e95e93863c4f5f415fac90764c55b1b9ea0e86755721092d6dc1bba1973f6a02863adf64b6c04cebb3c415460b05e1d2445734703d9dd420fcb105fc7bd04888e7ee1797db8f77e909b2f36eaa2f699011664b0015a6f51076442f7f5de8133476f17520d062bc2f6eddb337b7e12fe5edb325108d5d404c14dce536d99427f247b99cd2a466baad8093fd3c63a7317ccc973bf8bc56eceaea481d9926eaa7da1f70974c29e581c91a\"","":"","dc2_auth_key":"\"3c10020c16d33a492a66efb7955c25e5264eb23ca48f21818541110aa7e7ee7505d1725340aee687e7db42192799f490aa297fe93ccc3992dbb2470b9c514346412bcc9b6a5c23228b71c902a8f5954345c870387ceca6b4d89fe943ad655972ff6d1468510ed719d054da117c196dfa37ee95d10c4b9cad601620bc97c7e6a7aa928010a403f28ef53f57d256101a278e9d39805f9ca32807f4f05d14d74b16265470ac20f4d921fb3011228def50794a71762bd414b4b326b849674a1d2aaf812c1b287f995f0670e99ff358a50e5120519f82faec947de7c0daf01092d1024c48ce73651de8c296294b19aba5986ed11eb2c6e96e1ef5af26544abfdfead9\"","dc4_server_salt":"\"388b5ac07027fbe1\"","tgme_sync":"{\"canRedirect\":true,\"ts\":1704129472}","server_time_offset":"0","dc2_server_salt":"\"b7cb91deee84b761\"","state_id":"921089111","auth_key_fingerprint":"\"3c10020c\"","dc1_auth_key":"\"23d698b52938d17ec18324e3697f9cb0e81b93877badc224419486f3aaa5d340e8de05eec704058ddb96191d28d5260819f482c3b347e57c923cb1701fb39cb73930e98eefaef8225faf1a04dcd2cf097b3bedf9acbca9d809fa64fa123871200b128d4d1c8f242cd702ba82ad5ee4b7fc170cb349089e640b66f38785cb7b9edbf3d08263506abf3543b9650257933c5e7ec70f1557d0774ccc046c2aa78e7b3c4a8853d2b5a05a77f9274dea05b1e80469561820482202a2fdd3cb58c9b3a8654bee20e1a82c6abf19bf4bc194724cf14ffb4371b9e1906bc606a848092051a0147f8b7427a67018221c3c6a560e1becfef198a82ee5c2acecfeef6c83384a\"","dc1_server_salt":"\"b4b1089024b692c0\"","dc5_auth_key":"\"2794e4f86623c8c46b525c1f111c644a807ac115e75f3a25135a75cdc24cccfc905104bcebef7a49bb96f63c469b6b89ca5e1e15c6e3405c3396b03b2deb28259365531db7a68378ec8f6740fba0b85d360a65b1030764fa87233e9bdd72454bf6ff9e4d5cf3fa1dab74b2003d6aeb96f9fa9128e6ed5a0f2d3fd0539cab929ba7712e1842ea54fb3b3a6356f03783b2032cde271954439a5c0f98d51192785bddb773c1b906334b2668fae0c0e2636ac3da6419c3988319d3e8908f4c6746dafcca2a69cf50fc027f3a632026819badf824300a3f921e00677424318b7e196df8f54eea838da3ebd952e98b06691f01b49e100bcfd320d784489dbb1b7e83ed\"","tt-global-state":""}
VM37:1 —————-
undefined
