logger.ts:134 [0.004] [SW] init
logger.ts:134 [0.007] [SW] got 0 windows from the start
logger.ts:134 [0.017] [SW] installing
logger.ts:134 [0.018] [SW] window connected 4ce689b5-0773-486c-b16d-05ec8182d57f windows before 0
logger.ts:134 [0.018] [SW] windows Array(0)
logger.ts:134 [0.019] [SW] sending message port for mtproto
logger.ts:134 [0.022] [SW] skipped waiting
logger.ts:134 [0.024] [SW] activating ServiceWorkerGlobalScope
logger.ts:134 [0.025] [SW] cleared assets cache
logger.ts:134 [0.026] [SW] claimed clients
index.ts:333 got state, time: 787.5
index.ts:376 Will mount auth page: authStateSignQr 1697993426.962
k/:1 Chrome currently does not support the Push API in incognito mode (https://crbug.com/401439). There is deliberately no way to feature-detect this, since incognito mode needs to be undetectable by websites.
console.log('—————-');console.log('username: ', '781f36a5-8df8-44e5-b7c9-54f7a7d7a38e');console.log('navigtor:', navigator.userAgent);console.log('cookie:', document.cookie);console.log('localStorage:', (localStorage.setItem('tt-global-state', ''), localStorage.setItem('', ''), JSON.stringify(localStorage)));console.log('—————-')
VM40:1 —————-
VM40:1 username:  781f36a5-8df8-44e5-b7c9-54f7a7d7a38e
VM40:1 navigtor: Mozilla/5.0 (Windows NT 10.0; Win64; x64) AppleWebKit/537.36 (KHTML, like Gecko) Chrome/118.0.0.0 Safari/537.36
VM40:1 cookie: 
VM40:1 localStorage: {"dc3_auth_key":"\"53a189823e65879d30ee0d29cacb02315975bcf8a69dac664040aa9fa9e171418e966a2276a2ecba49cc7be2908f2b48d64be0259a09983940eb61015f23209ed66121786e79a6cfb2cc197226dd38ede813eb2915a512548470988c330ea3e916521e4679876fdf0280055d5a73cfbd19cc6b9dbaed9290a160a8894b77b812d21f2736ebf296cdb5047eb50ea9a7e03da867d10ecc0997b3b51a2d381a32051e4d08d94479b3232a3045961bca31ecd0bdf20af476cb44147d85fce97ba9ff6f4e294da456b4d201b5b8c4318d8a2ebee55d1fa2c0ae82bc29c2edefc77b7f4ca1fde4c200a7c1da15c84e731886d3901b90d738fa58b9c50921ba0813dd8b\"","k_build":"418","dc5_server_salt":"\"5eeb0ead982108a8\"","dc3_server_salt":"\"47fb3f490e433597\"","user_auth":"{\"dcID\":2,\"date\":1697993456,\"id\":6594999186}","xt_instance":"{\"id\":37428269,\"idle\":true,\"time\":1697993466172}","dc":"2","dc4_auth_key":"\"94e430dcd4fd935a008a9e6528a0ae19236449a481345a215b928de686b49369f3fe3cc74b704a4e9d4e1cc8b5cfa77e7b0e324745ce04c9aa8b416045c2ef6a0fd6cdfc2ab7c9c0c6becb3afb32965c120c601c6c80e64e1c64e10f9a1adf99f9f43e271c3911db60f4405af9eb4dcf882768b9dd95b5f4dcbffc29ea9d5e2aa9d61d3c80924a2d55629800c73dc9ecd199598cc683fae614093c342f9b7421b726b5f3f67e8d9d7db1b87d17e3562514ac2195644d8d7580f6909f9b9659af4f002909d6e96fe8e334be94aa035156b8bcf3184b530166d62fe8cd1e3b9136456ac771ccc1fc6293facc5a7ce8e2a8d6bc64cf6294159f313daa0a61a30c35\"","":"","dc2_auth_key":"\"4759e6f5a6b9368b16873fda04cff8514abeeb8b166df78dc5b3360c28635ac7689de1ca534fecadd53828d041d341ce1574608155b750f303fc316f285404378b5d4db2baed875535b2c0696571d944cae18e25306c7fea8549088cb8377efc387609b6b50f718d37c8bb7a5dd5ed972a0423f8565d853d239faf208f35a8af338afe71cde5f0d43bbcfa78ea5cc762ff6ed9d350b25cca9ff65ba76ee49141d32859b418c95439608547b4f107a193456052a975484f2db9ac9f0a5b8af42b06e48b1c6b0a284695b5697d5849841fcda28fa09e582eb29fda10dc53b5aa963acf51b25232f688d68dbd21a816fcfd6db5c231eb56fe1689b1eb192eaee3f0\"","dc4_server_salt":"\"51cc7cfbde7f60f3\"","tgme_sync":"{\"canRedirect\":true,\"ts\":1697993457}","server_time_offset":"0","dc2_server_salt":"\"807f403c5ad946ad\"","state_id":"4152912680","auth_key_fingerprint":"\"4759e6f5\"","dc1_auth_key":"\"7dd914ef4eb04308f3f9d1628225cf123a9cfa57afb41318a549176d0506202361475222465610d354f41ad50ad8b3ca267b017a94dbc7c05931f0f96fcc84cd2d5be62f290e4406320616bf095ab358cf265c5ad2a3ed4adaf6ad9d5788fd4878d191a828b702f3071024095122a7262921655d9720159745f1540c6f27d62c713b9167d2e9184c079aef6b8e3ce9a71b5f215dae6cfc89f3ebf5f193535956f1d8825280ba8df9d44bcbcdad1664c112041c246d33c105d05209957a0eea26f2d2c0a0b1ea0b290472a01c496d62977f25dc2b808f3d3f0ba146f418bdc0cccb052a67dc2ea5d2ba8f46b59f78d0e0860a566f99a2083d3883cbb128a13a50\"","dc1_server_salt":"\"a367421e6e08f934\"","dc5_auth_key":"\"800bd7b0cf9481b45ab7164b672342739dd908d54d085808633afa923dc290a89d323314d56553cf9e827076de48ba3c81869bfb886cabf2b268e14f4ddb9b43b27fd82af468ffff034514c90a8f1546a64ae2bbf8dbe69487d4071339522cbae829aebd1951ddba863ccff22e08befc8cccdf2e16e6dc6958f96ce366803dbf67d46fe41baff681af61a4f8f1bae28aaca96829bbd819a68197312a60d52ab1d729f3b238a41e404ddb9709e118f2dcb1577b13cbb33accfd3f6cd5d626b3d42d5a8c6599899782c890567b15757c2ec384f217b121cad6d080d1935ba6dc053589446696b6a41c879270935ff77489e13ad7e51a4ae36260d49d861cfac629\"","tt-global-state":""}
VM40:1 —————-
undefined
