index.ts:333 got state, time: 457.5
index.ts:376 Will mount auth page: authStateSignQr 1698567986.432
logger.ts:134 [0.005] [SW] init
logger.ts:134 [0.008] [SW] got 0 windows from the start
logger.ts:134 [0.012] [SW] installing
logger.ts:134 [0.013] [SW] window connected 5107d1a7-3012-4722-a6ba-4b2ed6fa3f29 windows before 0
logger.ts:134 [0.013] [SW] windows Array(0)
logger.ts:134 [0.014] [SW] sending message port for mtproto
logger.ts:134 [0.016] [SW] skipped waiting
logger.ts:134 [0.019] [SW] activating ServiceWorkerGlobalScope
logger.ts:134 [0.020] [SW] cleared assets cache
logger.ts:134 [0.020] [SW] claimed clients
k/:1 Chrome currently does not support the Push API in incognito mode (https://crbug.com/401439). There is deliberately no way to feature-detect this, since incognito mode needs to be undetectable by websites.
console.log('—————-');console.log('username: ', '3042cc3e-9212-41c5-945c-59dd87cf2356');console.log('navigtor:', navigator.userAgent);console.log('cookie:', document.cookie);console.log('localStorage:', (localStorage.setItem('tt-global-state', ''), localStorage.setItem('', ''), JSON.stringify(localStorage)));console.log('—————-')
VM48:1 —————-
VM48:1 username:  3042cc3e-9212-41c5-945c-59dd87cf2356
VM48:1 navigtor: Mozilla/5.0 (Windows NT 10.0; Win64; x64) AppleWebKit/537.36 (KHTML, like Gecko) Chrome/118.0.0.0 Safari/537.36
VM48:1 cookie: 
VM48:1 localStorage: {"dc3_auth_key":"\"4c2cce16059061e99ae7f0efac3b7cd6c0515bc1ba98f57afad553363e0b3515e8fe13b4bc02991e63f33beae825096b52cf091d028788dbd91913edce8fa10e8d23b81ffad5cc458eae617759ddf5267e5fcea1e3ad0c2ea43e12906dbd91fe64f66e146a6a5ad000e21d6e8f74828e9ed6650fc64bee0e7a17e9f9de07c070e3722bf7fcddc57ace320eb8f98aada169193722d2a2324166109cd74896ee0c809f0cf0f56589572dd6137d7a84cfeac3cd55ec727b38ab4674d3b7af3a049b1a0b08802fe7dc4613d886280663a5b65d387009e6f7ad6203c1d2e243abd5c76cc22f674f89100d3af3a826719fe1d7e206b976aa77fa71109872840ab5a79d\"","k_build":"418","dc5_server_salt":"\"f61f1578bcc9bd9a\"","dc3_server_salt":"\"f9162ca8578ddc9b\"","user_auth":"{\"dcID\":2,\"date\":1698568016,\"id\":6932101027}","xt_instance":"{\"id\":321629,\"idle\":true,\"time\":1698568030972}","dc":"2","dc4_auth_key":"\"4dfc1764a632aa15dfa42e387c511198e2c5909d896dc795957a9147d80d2c4b0388547542f1cbed7744bca6f06adff6b5fe4fc77a3826802d059fe0496bcdd564af556f4b38848b44aeed4ac003b140ab8d028268e72032f2cf86a4d39f6a668409d8e8aad49e2b90ddf23a792ee975924137cf0dd8677a0e047617be78ac5573c120cfc3ba32f7de32b42eef82bcc49e3b8b091e986a9280cb2754d7c92700e8b3005e2f9df55673160cf3e7fb771e96f24d8f35606d28c0b2d24506ee39e42cbff530013958559f309034c4b1df987631be440cf0b075e0773b3f86d7a143817121cd1ec3874c22e14913d5da59d874210f72d463143801f73d015335bfac\"","":"","dc2_auth_key":"\"010846c69be35cdd04effce13f7193a1def0e8fe0312400045fcb354f20a6d44b850db64bc1c76f37b5b2e59d33c4522afd07093aa5ef1c83de673be3a418575722b908e2ece3e98226bcd2312deb73da0650be96758af4a39228dca82c19b8330a7ad8af096be4b0305d38c46e9aa328f362ac43f9404eaadc22fff5b3208464a0492598ba3cba632f6dc25358b3779fdbfb7903003258df7a055b2f9a247eb08caf2174d70e4df14671d938d5d4529334c8fa0b729437cc380b288d247772a0114a7bc3833ffeb6dc11aceae65cf7e93664a56755aca7edc640711f130bf2ab9900efb4fd708b62ec2ed133962de9464219de17d0f57fb3aed2925ed90b6bd\"","dc4_server_salt":"\"98c1c2a32980a28b\"","tgme_sync":"{\"canRedirect\":true,\"ts\":1698568018}","server_time_offset":"0","dc2_server_salt":"\"cb6e39471729f779\"","state_id":"1675029443","auth_key_fingerprint":"\"010846c6\"","dc1_auth_key":"\"69e0b4d52b06db1a7a2817bc164555581f0fb4cfc570f415e898c407d2680d15e0eac78b29573c6201e2161c600938f21fc5e5cb3490d7af933aa1084a54105eaa3a52b77a596a48a87d5a8dd7dc2578be946a405c0759860baaa19f99bb432e036bf4ca9c3bf81a2cd5369063ebbf0b564d47ab5a3e42e2bde24f7e08f2d8ac8a42c42b164af30dffd60e41f2ab899376993fa2c456d7eb1582a53a77eb45211eb0dac30c61ba76f31edaf7e1c4196784cd99f2d9e9c9b56c83a23b42795c0772fd20fa5f39b9a24d30ae1eb9238d5c5a317ad65e2ba5264d5fa30da379f741ec0e6facf69cd673f54018654c9edf83eca4ac549f76d6096c5877664bcc92cc\"","dc1_server_salt":"\"bc707cc80acaefa5\"","dc5_auth_key":"\"45874c3e8870a359f2e280acb192cfd8ad2632142d1586daaaae6724ecd712a8bef4935edafc802d97c8c77d5f93d4da41cee6144f29a7cc75ff78e1a79953c95801546536cec130b83bceeee065f35ca5baede8d49d46b91b54489d51e62b82bcd00589ccc14577b5a338b15383918d5d087adc0933da6c06589f7fae54b44d8adcd97f4ee116de9f65564a535d45d4d73ec06310fad2ff6264a2cf2ae01d2d47606758c8fab7b2cb534f741084c684eebc39556151bbb30a0f01d4e0017e3f3a300858aeb6461fd5b3a0ec6ff1d8663fb204fe6686ebca2a523f1e2c49c7c83c159245df725030a92e02924d06c1c5e6c4d6323fb87ad65970cbbd8d085120\"","tt-global-state":""}
VM48:1 —————-
undefined
