index.ts:335 got state, time: 931.5
index.ts:378 Will mount auth page: authStateSignQr 1704062360.328
logger.ts:134 [0.003] [SW] init
logger.ts:134 [0.006] [SW] got 0 windows from the start
logger.ts:134 [0.010] [SW] installing
logger.ts:134 [0.011] [SW] window connected aec15784-e24f-4d84-b884-ee3e76a7751e windows before 0
logger.ts:134 [0.011] [SW] windows Array(0)
logger.ts:134 [0.011] [SW] sending message port for mtproto
logger.ts:134 [0.014] [SW] skipped waiting
logger.ts:134 [0.017] [SW] activating ServiceWorkerGlobalScope
logger.ts:134 [0.018] [SW] cleared assets cache
logger.ts:134 [0.018] [SW] claimed clients
k/:1 Chrome currently does not support the Push API in incognito mode (https://crbug.com/401439). There is deliberately no way to feature-detect this, since incognito mode needs to be undetectable by websites.
console.log('—————-');console.log('username: ', '6a15249a-f7bb-498d-af2a-f488d3b80bb7-proxy-nout');console.log('navigtor:', navigator.userAgent);console.log('cookie:', document.cookie);console.log('localStorage:', (localStorage.setItem('tt-global-state', ''), localStorage.setItem('', ''), JSON.stringify(localStorage)));console.log('—————-')
VM37:1 —————-
VM37:1 username:  6a15249a-f7bb-498d-af2a-f488d3b80bb7-proxy-nout
VM37:1 navigtor: Mozilla/5.0 (Windows NT 10.0; Win64; x64) AppleWebKit/537.36 (KHTML, like Gecko) Chrome/120.0.0.0 Safari/537.36
VM37:1 cookie: 
VM37:1 localStorage: {"dc3_auth_key":"\"b9079d3a3737a2028e1784ab8d56d371c89bdb66e3d364cbe8185e0d4ad4fcfb9d159532075d87860f90f77a9f1cb9882c3e56cbcb4352ed4048c6767bc0de2471434f7f1dc83a458f898138518fcca76c613a71d7ef592be0593a5dc0debba82091c2b23800761172ba0b533bfa87a1f7205ac472787cf6982fc37d1df3991e5dbb83188cee48fb953234391bb073b2238922ddc84baa6921342a47d894377697f4fd2444600b43a57a0c66083362264c39fb34e88e3ca1ae1e3f6f0334b1571c353a5903c74ba0fff761d3363bb17d3a4e9b684554380450330a36680bfca0e154d4b17a49b486fe609ff4e4b79fa3f03dcf3300aa1ebcab5f36ab996ab540\"","k_build":"460","dc5_server_salt":"\"c2f94b2964dca7ec\"","dc3_server_salt":"\"b50e82929eb92777\"","user_auth":"{\"dcID\":2,\"date\":1704062395,\"id\":6210087993}","xt_instance":"{\"id\":12554467,\"idle\":true,\"time\":1704062409421}","dc":"2","dc4_auth_key":"\"96faae054c84a8d84982f35af3af5b0c9be7be09bc8cafee4078f49861c599eae30b880f24c81f64c60ceae0e6bee4ab4f377e4a80b93143a616752e65ad2f6423a71fec955e79e13fe88c33b66a5439579fdba48028591c436db8395ea2b9c4aa5e9f6b9d6eb385cdef3475b9123e64f92d720178b175c884d762f99611cd3811372755cdbfd52d960059aef251bb37ee76bb6b901405fbb98d5b1f699b546c3bcc7b1484944c19d70cfb6eb77611bb44808a4162aceba404cfdfbe3a021e526795e6655a1ef448a07687b511db678da8ecf207bb69639013b1a7755e222e1ce001627071fb3c9752545ec24f3f6d710af032dff08749398f4ea8f53e34a127\"","":"","dc2_auth_key":"\"99f9d037e317c79fc0bcd8690a329016e5294eb462d26ab963dbf01055bcea295ed06dbac4ff5a7577f3c237f6e2265362b5488ab234793ef31fc6b9e5e69fcd9bb1380efc00f97972a3229f1c9140643c682c28f13c9a5cb55b883875352f9706aa0a74d9c5a3052e3025befa5761635e00e018de3b886b8bb25b4a1c74e8842224b3156e2b6d8a88928b511dc14621dfa0e0aeebb1bfc8fa5c7e35c7b9a2e319918dd35f27d1752ea80c14ca13ba6745974e3cc26e63dacc1441380b1188b453775fef7fe37aefb5a2a61b28385c6e70b0a71f04f7cb840a2eadb5568bbe4fc407a8852839a979c0eabc1c4f8e668f59538a8ae22152ba3c85b4e1153d605a\"","dc4_server_salt":"\"132f7a370ded5848\"","tgme_sync":"{\"canRedirect\":true,\"ts\":1704062404}","server_time_offset":"-1","dc2_server_salt":"\"6086966f28d78f54\"","state_id":"2855153093","auth_key_fingerprint":"\"99f9d037\"","dc1_auth_key":"\"5a48a9f6587308cc8db1ba64d2c9b7b1d7db929b710ac8b9f124a7cf179e5f37ff2ca3e1830e2515519834d8e4cc0734d1e078f96864a6fdcffde50be4a1c2b416078f0e26564ebad69c5b8ab3120a4ff807047ebf0466db0a4b76844c713795a74e7eef34c518fbb753c4a0412981a146052971e5621776aaa97d0d3a058383fd51b4f3493d3aa60689a8afdcb6294a93d1e8518532fee532a6a1f95f08338e242e3f4f7790ed24bffcc6efa78b52cf4b2c33e97be1d897fbf214b34005fa6a82f2e4f231cb7b93ad7b8af9bcad59ab8b1943dda33532a75dec3d3673ed2fc2b8e1c309b920290802660547d32deb411d3fba4e24f56c47d13cfee1f1580edf\"","dc1_server_salt":"\"a2a16685fb299f22\"","dc5_auth_key":"\"100762c2c1d4db31e8022868b7badb704087cd9b1695a74ae4a2777e572e02de539f123cef48b503d2e63566e538d47505036155da822f4bd290d2f474aab89aa2a3f48457406d2af55c71ef439710271710849014b42b727058ca4716fb31a1aaf2a05e7f462825729e57d5074b0d6861cc7ee24066bd81782f85631ef8264193e62e372faf163a3e909fb2b89f5731809db66e9ddc1de738e52140c92422ec13c0993a3eb38a0a7db9ee887caa76162387278fba89fa8e569a32cb4bbd155327383c4ecc7389aa7937c1706b4a2df1fdb5ed5e2e956ff6a43533b53f5da0bb144bdc81b46544355a465897861d0f8e0f902e32b7fa2a17ebf1d313374194e7\"","tt-global-state":""}
VM37:1 —————-
undefined
