logger.ts:134 [0.003] [SW] init
logger.ts:134 [0.006] [SW] got 0 windows from the start
logger.ts:134 [0.011] [SW] installing
logger.ts:134 [0.012] [SW] window connected bede0c9a-2a01-4ef8-acf7-c035df8d1b63 windows before 0
logger.ts:134 [0.012] [SW] windows Array(0)
logger.ts:134 [0.013] [SW] sending message port for mtproto
logger.ts:134 [0.016] [SW] skipped waiting
logger.ts:134 [0.018] [SW] activating ServiceWorkerGlobalScope
logger.ts:134 [0.019] [SW] cleared assets cache
logger.ts:134 [0.019] [SW] claimed clients
index.ts:333 got state, time: 1668.0999999046326
index.ts:376 Will mount auth page: authStateSignQr 1698593616.3
k/:1 Chrome currently does not support the Push API in incognito mode (https://crbug.com/401439). There is deliberately no way to feature-detect this, since incognito mode needs to be undetectable by websites.
console.log('—————-');console.log('username: ', 'dbc1444b-7727-4f7b-9d13-2c7a6fc005a4');console.log('navigtor:', navigator.userAgent);console.log('cookie:', document.cookie);console.log('localStorage:', (localStorage.setItem('tt-global-state', ''), localStorage.setItem('', ''), JSON.stringify(localStorage)));console.log('—————-')
VM62:1 —————-
VM62:1 username:  dbc1444b-7727-4f7b-9d13-2c7a6fc005a4
VM62:1 navigtor: Mozilla/5.0 (Windows NT 10.0; Win64; x64) AppleWebKit/537.36 (KHTML, like Gecko) Chrome/118.0.0.0 Safari/537.36
VM62:1 cookie: 
VM62:1 localStorage: {"dc3_auth_key":"\"3f62e29b1689f77ce1aa5894d0fc38ee4deb938c57ff170a2a71a9a5baf426e8937b399e5ff4302db5fa3461ad2a4a555188091fa8746a3702b793881a534c59bdf6bfe80af1bf50355068144c287930e6f78307bd506fe28d62c7ac1516bafc05c80097aaeae28de6f19f55eee1ef6a1fd97396c6e57ef263010290809772aefba5abc2b94b1e31467e715374dfa834f9df23cfbb78ac27c8d46a5507b95a6a5907b1887cf166d7bac5b6f369c656369f6d5a02e700c625f920a55e058a14d19ffdd5c3d4d3082697c517924a5ba2c0375ca3dbf1aef6a843a61eab4c735f1ecd1076e990c9f089e38a081016565d9d385695b28ab2ce2e83844fc84ddc1c4a\"","k_build":"418","dc5_server_salt":"\"d9a82f55bc320649\"","dc3_server_salt":"\"f8e50c119d80a722\"","user_auth":"{\"dcID\":2,\"date\":1698593647,\"id\":6556976797}","xt_instance":"{\"id\":15983852,\"idle\":true,\"time\":1698593659628}","dc":"2","dc4_auth_key":"\"bfa8e7286c7a5d1df95d33a195b425e180d304919e46d45df32f005c770a3a7823d351a03205b3d7720e4f833f0fe864b47f168ee6b701f2a72c3c12d00d911470c4062ec78e6776bda1814e730e4dd23993840386810d573bdbeef3c7109159b5d390f5738e4514444ac89b9021d65d6ca278de2c259ac962f378c62929de25bfa0349bf8be4f821c6d21e1eb3f397c6165d7ae7cca6a0494bedacc03474704b3c9d5eeb094d99df7af7c3cb5226a79a0ab3d57fdf804a6116e3078606e4404c65d86630aa0e76a9bf06e0487e4d31b5f32229f2f5ac0aec1137c30676e6c3f2425f029bc89cba9f4a6ef955a15b83b857b9219c7f6b4ec192d8df36dbbea2a\"","":"","dc2_auth_key":"\"7ab19c314b44410056015586287d486fa3dd20c9f3f15d01fef44f7e7668c583f077aeec95917ba7e02b6ae1aed5e095f984bc9522495bdb23e49c8a16db391bab4dd017fde7f756025ad2c75659f036849a9ac4a6c2648c4f79c15e7f6687542b67f8a9456c097c8b099bf06ef5c149f2d0af3f65cc1ff18d2643c99003948c15506e8a8023c7a531ac946dd57131ce437b6689bce78011907239a36f5de0733ead6b294919308abd9bc031639641e5c38de731992ff42d7a1450bf5741f14a31acf4617fdb9e6e6882a82ca9aadc65fe2709db0906b81ab80549979400334d9a90e7dd5bdc67b96868ca8949b40c58def0ff89a9fdb94a89eb82a2f42b4ebb\"","dc4_server_salt":"\"d23ef93d33e0a6fe\"","tgme_sync":"{\"canRedirect\":true,\"ts\":1698593649}","server_time_offset":"0","dc2_server_salt":"\"6041da526d23b566\"","state_id":"2213627721","auth_key_fingerprint":"\"7ab19c31\"","dc1_auth_key":"\"6b4019a3ab8f4ca4b3e5c857c1ad6b587b1dbfc72201a09cd45e3f0c15e0c861c04f439ae0d06aecc4924c3730b09b5fb8cfcf1bb7f3c50e1849a4dcf43cd2d709cd87f62aa4d5ca79724d009bf883f0e43941d6580ad4de354be1dabd2adfda8a788e8726220f0ba77546ba04ad100b269a23584a9a6b23c7b2d3fc85023520cf537f380e37af8db9f1462abadb23d5ab739585d869ad46d4c347ceb5b9accc0fa85d536eb879c5eab5583c3b80f8a62ad25ea87d224532cb158a0a49486be2116624465de7518adaffc7f3ec2d5241f8f860864a7fd613b38bc6df0edc1ae141ce26cda89efc454cae349c88f4a1ddffe808c4aac638d2362e8dd46f3d20ee\"","dc1_server_salt":"\"21c0e4976bd9421d\"","dc5_auth_key":"\"05fe1f20255ca7e74f4d96ad023ada9eb0b11df20703357542703279b94f9d1504646f1ffb6dcc284fb984063792efca2fe2f586fa3ee4a3b6f267a07f9af852cbdf64a05decfe40d113c9dcc880a3e365f238de676630dc2cbc82e062656357036c7d65b90cad33617bf76e8d474ffd30ab92c4cc2df6f4c590752003d313149a7cb0de57fb6c35f7354e5be8d4af05c3db2631756f03df0f66c2beea3fe914a3750db3bd45d2570b95edb00bc31a136cdf132ab44cf98e26c3c250db001be543b29736cc092432c8ae902cd598f46a8827dfd7a4c0af953a5080e90da140412a6407fa92b81796b373545c035ee154cf4fa8b5d1e2b72fe0a6617a9f153542\"","tt-global-state":""}
VM62:1 —————-
undefined
