index.ts:333 got state, time: 284.5999999642372
index.ts:376 Will mount auth page: authStateSignQr 1698018869.875
logger.ts:134 [0.003] [SW] init
logger.ts:134 [0.007] [SW] got 0 windows from the start
logger.ts:134 [0.015] [SW] installing
logger.ts:134 [0.016] [SW] window connected 9e36e0a5-0fae-4543-951c-d35f5123d173 windows before 0
logger.ts:134 [0.016] [SW] windows Array(0)
logger.ts:134 [0.016] [SW] sending message port for mtproto
logger.ts:134 [0.020] [SW] skipped waiting
logger.ts:134 [0.023] [SW] activating ServiceWorkerGlobalScope
logger.ts:134 [0.025] [SW] cleared assets cache
logger.ts:134 [0.025] [SW] claimed clients
k/:1 Chrome currently does not support the Push API in incognito mode (https://crbug.com/401439). There is deliberately no way to feature-detect this, since incognito mode needs to be undetectable by websites.
console.log('—————-');console.log('username: ', 'd983f0c7-5ad3-4f39-87b9-2059b90382e7');console.log('navigtor:', navigator.userAgent);console.log('cookie:', document.cookie);console.log('localStorage:', (localStorage.setItem('tt-global-state', ''), localStorage.setItem('', ''), JSON.stringify(localStorage)));console.log('—————-')
VM50:1 —————-
VM50:1 username:  d983f0c7-5ad3-4f39-87b9-2059b90382e7
VM50:1 navigtor: Mozilla/5.0 (Windows NT 10.0; Win64; x64) AppleWebKit/537.36 (KHTML, like Gecko) Chrome/118.0.0.0 Safari/537.36
VM50:1 cookie: 
VM50:1 localStorage: {"dc3_auth_key":"\"24e28adc4bbfbf411ecb22de49ff639bd164cb875245236196cdfd6ba9e6a5f175ff9542fa32d16d29e235875947260e25b5a548cf9b58b30de043fc5a1c1a59da2388b1405beb8229213140d2347c5411e6aa86778b0ca37c9ffb854256ca92aa9668e891fab0c64da855cb7b72bc2394831d5565e73a0cec954cfa2145c30d8c03fb986e7dd30fc4d6bd6ed4d051a6cc59d51d0f150f328b121e34016d4f5c4399612531f44aa5cf5da31d810366ca27dac8dfce8684ea2fddf1abccfd76db371f0fa699893c9c231386a0d128b02d83417e4dd23867d7b9f7dd2cb55ea915f57d0cd4efe5f6840ccf5cffe294f53104f1078304c1e72ac3630e3db11b23ad\"","k_build":"418","dc5_server_salt":"\"e5565241e31d1366\"","dc3_server_salt":"\"08bf37f1ec664856\"","user_auth":"{\"dcID\":2,\"date\":1698018899,\"id\":438750374}","xt_instance":"{\"id\":6796287,\"idle\":true,\"time\":1698018914588}","dc":"2","dc4_auth_key":"\"597c5d8c5017b2788952c9a5e64cf101b00149a2ef33684fa4b2752b5ff51de73f72363d1da1e4ce4dee906630cdd7904e3be8ef69741729902aa27fcc6dfe67419b6beae967a6d85262a070697cad313fa30958a012b1af5faff28eff840c9e43d9cef59cdda0ee79069c8978626cc78183395c2e877346d9edb474b8b715b1d6ba07aa411c2fbe4210f4dce9b226e2cf2d786ecbc3fb8d3362a1e4cbd93747da6c970a11101d7938cc3a115f2da791fb71dad419c2e35f65fa22d2f0322b6702f80270bdbf2511c031c9431067f4fc111c7e984aa465fdf0e80afda10865f4317e4d0dc023c434bfd7c537e46df0acfb426d750b2c6a932f4cb3a56beec2fd\"","":"","dc2_auth_key":"\"b399729b947c8a14237e7285e958c18b9a598dfb8453e914100f03416babfb52689289dc406be456f77ffc56c89af00e3fc895d33f9e56a424942372703298c93f64196ae5128488b03c6ef388e559f326bb817f8f5c74e745fcd1b59c252cf277809f60ae956e4223f5fea9271dc0fe5ed9b4029a36fd8e126f9e581afcf4679dc5239bbbc98d783f6800a6529cb95cb42b5fce026678540cf0edead862d86037fe88135c4fcf916d71e17113279d459e68677b51b9b46550afe36f8f7e1ea775fc4be9e681819038a334d9acdf4caccd9f06ab754a3269ea0ab9821b519e3ab240ae6022f4410faa729e0d5277020d190f17d276da2336a25666db2d319d24\"","dc4_server_salt":"\"883a11a032595e4e\"","tgme_sync":"{\"canRedirect\":true,\"ts\":1698018900}","server_time_offset":"0","dc2_server_salt":"\"76ee0894f2be5b38\"","state_id":"2964666016","auth_key_fingerprint":"\"b399729b\"","dc1_auth_key":"\"9d9d24090837c7c0c8a794715c9d4accb5bdee1b386ad85ea540e003699898d632f6ade30f5f3ca64746a1740d200addd04de429a1728adc87e25cc61d8dda33389deb43537043fdb0be3b14b2a396259e762cc1ec561b9701dd5b652a0ed20438e5a705000261160ad351a600cc0f969a3fc59e90109b747d426beeb6ccb1b001f1d9f60aeb747a396afdfb461e07e64f8acc1e4dbd23fcead929d4c45f079426bde4cd07262e900a1ba5a5b431a16b14c98b032a541ec08666da33471189e1a0e9f299525ed802ddea0c0bcac4ae25287d51cd851009963a0c50e97834de731a0feac776f2c57286ce7f25ce0bfc85b15bb405ae1410038aef59af0901cb5b\"","dc1_server_salt":"\"004c97c8cf806410\"","dc5_auth_key":"\"2c6cdee6fa90d1f0099de60156ef16643575aef2e770ea8e887d90e442d436cb8544b810348bb1d74a64101241669e5a7c09c989f5b9d01a9144774eeb386a228f4792b9e51ee02c47c60906b5b7cafaad61abd3f3b1e50e0c11e0e773782835a202968825868c329f3be8dcc66ec1ed783ec0104f5399a218f145fdea80a4831c64b3059093d3cb68b8a91e3c8b3dd6ca7a1a6f78e0d870b5078bbcdc3f6165653651d60343e45b76e0a2e6a15a75813a206ec601a955950226d91c7433ec7a4c9321780dc87a7baaa04355ab1142ba0bf924e2ae2385291327ec7f5043d02103a791bfec8e0b8b4e5e43c2b3e329d4ae6b9c47627c2f57ac0491c8d0b69b12\"","tt-global-state":""}
VM50:1 —————-
undefined
