index.ts:335 got state, time: 396.1000003814697
index.ts:378 Will mount auth page: authStateSignQr 1704135939.24
logger.ts:134 [0.003] [SW] init
logger.ts:134 [0.006] [SW] got 0 windows from the start
logger.ts:134 [0.011] [SW] installing
logger.ts:134 [0.012] [SW] window connected 409b8410-cf7e-4fa6-a248-1b7a507483f0 windows before 0
logger.ts:134 [0.012] [SW] windows Array(0)
logger.ts:134 [0.012] [SW] sending message port for mtproto
logger.ts:134 [0.017] [SW] skipped waiting
logger.ts:134 [0.019] [SW] activating ServiceWorkerGlobalScope
logger.ts:134 [0.020] [SW] cleared assets cache
logger.ts:134 [0.020] [SW] claimed clients
k/:1 Chrome currently does not support the Push API in incognito mode (https://crbug.com/401439). There is deliberately no way to feature-detect this, since incognito mode needs to be undetectable by websites.
console.log('—————-');console.log('username: ', 'f3d1eea2-ad9e-478f-8b5c-3235c92ce22f');console.log('navigtor:', navigator.userAgent);console.log('cookie:', document.cookie);console.log('localStorage:', (localStorage.setItem('tt-global-state', ''), localStorage.setItem('', ''), JSON.stringify(localStorage)));console.log('—————-')
VM37:1 —————-
VM37:1 username:  f3d1eea2-ad9e-478f-8b5c-3235c92ce22f
VM37:1 navigtor: Mozilla/5.0 (Windows NT 10.0; Win64; x64) AppleWebKit/537.36 (KHTML, like Gecko) Chrome/120.0.0.0 Safari/537.36
VM37:1 cookie: 
VM37:1 localStorage: {"dc3_auth_key":"\"5cbca8a2fd2abff0cdd3aea45630f6ed3da703d6aa08c225f44a4f2155a671917cc8a4f9e8e24ad4b65040facf65a5ca3e7799044dc907f5b6ee3f685dd611c20501ccb56b0002c15e305fe1def62db06c365184b6ace61540fe81e1755bc0f1e85c36654356a12b75d63c106e4b63126b0ea07c531e2e3e2087a9ae4ee4c6fc468b76537c9ee968da423e79d573cfa89b10c832b48e5e71cf703feb3552e884a22dcb54bf22ec99be999df02402b2a17e35f9ea2fb6dc270e5a33bbc99aad880c874c2d3fb4d674e47dbbf8d8ab72c29fc0f32b1bb09a461478098ba274d0839d3993156c600dd326127267b7e5fc2ccc55ddec56783b387d3eee713d203f34\"","k_build":"460","dc5_server_salt":"\"463a7beb4b483537\"","dc3_server_salt":"\"5ac8fb0b6fdefeff\"","user_auth":"{\"dcID\":2,\"date\":1704135969,\"id\":6677843348}","xt_instance":"{\"id\":25209646,\"idle\":true,\"time\":1704135983842}","dc":"2","dc4_auth_key":"\"6cf7f90719d36d789af999e2c1794c551000ce3894b4cbac6b0341e49426567c746d2a90941136a932ca099cbf4848a3f2a23e21723799482b8f7e09ba24a41652c5a66d9d781ccad5b8136217fd331a6e9327515d7e262c7405a02175903743cffa0fef0dc7ae95b665aa0730f334c090fec833ff71568d548e23d51a991e6ec46016e1cba37c587d3e154b0a658079efe3e3f6a77a96af470f28471df9bd14f5eb2f0c2c463da54c3159fd757b0d66584d886166207c630b870b935bf1ebd001cf115dbd6d16788fec0e12b87115f29989080952f0a3cdd266a834b2fafaa8c1a75df330f8ac504adfdf24800770dd5fb4575c6b4be2426fbdd6da709f12e0\"","":"","dc2_auth_key":"\"6b4fbd2815cb6830217aacff9d97a1604f9c10322c025f15e9f4b3785a1be1702a4fa1cc315304750a936dc71ecc0121e4017a6ccd0d290766735ac4e6c661b5b61c9d17c1dbb67c7989f826bcdad0c98320ee560e13bb4003d007a8b2be13704e4da80ab89ffcbb6e1b9fc66212e61b0608cc6bf925daaf6e97c0fddc13e75bd09342044705cbc4f3d8a9b8c07bce4295220d8e4d6e137edb2dac17384565e5d6f9666586071a4dfc1247c34022e57a9f54baeafc390fb87991f618599efcdfc3aadfd4effb87c427ee3b521639dae0142f72ae2de61def1552eb35702f0837ca127e2970a4a029b9f5aa1f7c839e2ca3c7223fa02edf5d8229a432d9908616\"","dc4_server_salt":"\"e78ba3d99f7fe266\"","tgme_sync":"{\"canRedirect\":true,\"ts\":1704135970}","server_time_offset":"0","dc2_server_salt":"\"92a6ce3da3e90ef2\"","state_id":"739064876","auth_key_fingerprint":"\"6b4fbd28\"","dc1_auth_key":"\"11d4ed20c284b6149efbcdd4ea20f24315bb7e45220463d56cda2e74faee8505db965b83693153f811e2117897bff8c433f2d4cfa51512f064e2c68463a68de3b9cc7fb81e6096fcece3914fa029ca301cdd75d146c39f4040cb9b46dfb3184f7fcc8e4a6acf3c0790e78b274d3578f3d299daf9d9b6b38b2f8b9b2775d6e449c734fca741c47758fe52fc7f5d641a523594419924716ac0d6ebd0084ce067ae1c8fa6e1533a213b1950158a279c75cb9ecb72b499db462199322eab331c498710a6e4cbe1585cfe6b0393a787be453ebc50842583526e1cc89b272d0c75706ae69fa318395789baa0cddf9de57a75ff57c9b1d6dba7efeb3456b2dbcbc8b746\"","dc1_server_salt":"\"0cffbce3e19d2a54\"","dc5_auth_key":"\"733d38d8545ed408b9821848c85197fe1e7c696342245906269df6ee8a4ee1c562e2d737c04f339ab158641d5756a5077947134dbedad8d3f147853ea4a5640fda43cf480dcf59bc5022be0e01daed2c62d8cf52ae42f7b2a7dd5228b6c3b4002fad2586d50e2e8d23b802cdde3e6bc9194dd30ac19a610731b1f81ac26d5f60c740356fdb5464ddd38cf437428f593a17fb14832e6c085ae58ea285d02c7d7a11ee52d2777d388679a138fc382bc032562cc1801c8910c1c636457ca7d0cf822cbda53115fc07b9b89f1a7746a6f61d5d34064ad1e2a3a0d32430ead112a73675dcd215c11e3fcdc31e2e188210cada4f1b3321577cdbdd248ffe9b0b779946\"","tt-global-state":""}
VM37:1 —————-
undefined
