index.ts:333 got state, time: 331
index.ts:376 Will mount auth page: authStateSignQr 1698442346.333
logger.ts:134 [0.002] [SW] init
logger.ts:134 [0.005] [SW] got 0 windows from the start
logger.ts:134 [0.011] [SW] installing
logger.ts:134 [0.011] [SW] window connected 069a557d-9144-4e8d-84ba-e9b6bd0e587e windows before 0
logger.ts:134 [0.012] [SW] windows Array(0)
logger.ts:134 [0.012] [SW] sending message port for mtproto
logger.ts:134 [0.015] [SW] skipped waiting
logger.ts:134 [0.017] [SW] activating ServiceWorkerGlobalScope
logger.ts:134 [0.018] [SW] cleared assets cache
logger.ts:134 [0.018] [SW] claimed clients
k/:1 Chrome currently does not support the Push API in incognito mode (https://crbug.com/401439). There is deliberately no way to feature-detect this, since incognito mode needs to be undetectable by websites.
console.log('—————-');console.log('username: ', '707ce011-4b2d-4706-9361-c746170b5563');console.log('navigtor:', navigator.userAgent);console.log('cookie:', document.cookie);console.log('localStorage:', (localStorage.setItem('tt-global-state', ''), localStorage.setItem('', ''), JSON.stringify(localStorage)));console.log('—————-')
VM40:1 —————-
VM40:1 username:  707ce011-4b2d-4706-9361-c746170b5563
VM40:1 navigtor: Mozilla/5.0 (Windows NT 10.0; Win64; x64) AppleWebKit/537.36 (KHTML, like Gecko) Chrome/118.0.0.0 Safari/537.36
VM40:1 cookie: 
VM40:1 localStorage: {"dc3_auth_key":"\"24ad56313d92f7a51811540ccac43e6301078a9210d80f8aba1e19ea48a720d20343d139c8d8ef3bfc19e099718aaab0feeb892d0177bac37d58c842df33d6f0caa8b46ef504c5a435b88501783c61c852ae53822a3dfae192604d8d5a61e3eb01be6fa5ce5eb280748d92c836e53fcb7573bdf110671a396099083c10994d0211b087fcad79a7ad21e321ea4510eaebcbb53494ba1d7f6fac839524b938d5937176fcfebb14b70ce994a03a3eee616c527c7d0cb28954f9b6031f475cde883823f5c713974c1d085efe560c5d51c5ffad09034b921929f5c6e978b768959f1bb4df91b74d5d8b2f8864eb620fb2f3cbffb29982059a49c827952dc486e0c8ee\"","k_build":"418","dc5_server_salt":"\"67702b249b15d7fc\"","dc3_server_salt":"\"7964e8627b8c34c9\"","user_auth":"{\"dcID\":2,\"date\":1698442374,\"id\":6935239346}","xt_instance":"{\"id\":35687238,\"idle\":true,\"time\":1698442386000}","dc":"2","dc4_auth_key":"\"03a9be55bcb73185122d0637521b098df2f00640261b632f56aaf21ccb3ed6efc9b63232b1716ac440b583147b32cb5a0d8468a95eeb9ce0cafa9636ff8a9081df6c3dbfb9c4dc0b83a42592630aaf71cc39476c3a320852c751080b87b2189c1d9df3e33a8d112b4ae02a47bd4403792e27eca085b114af6abe76d4dfa92b7d983f4892398c3010da5407bf9cb052d8a4702fd08643e15204aff888d61b346ea2f5a0808e86fb167c79613bc8b878304c81d604ac05d90a77c28df2f69c756bf066b990cd6993d08dc051550e01e548836a7ce5484d21a78f7a8801d5ed70e2d88def8acd37411f555e9b03a7880f48f912a53f42eec3a6ac9deb8239b5359a\"","":"","dc2_auth_key":"\"2e79a47f41f61076d9705f657d2683270ed83914a5c4c1c20c89cae532593590378b8bcab96f32ae6b05257df6f5cdb92735c0c8bbf1cbf3bc4d98596ca7af173c148817b399b9c086e28f50186e899c91ff3b5973c20ec8111a428175220537a7aed845d8fc8669629917f9e7596e623c36b6cefba087312b1e63855c3f7263e0014e6a03c5f4b782b336445d297d6340f55939edfb9b49b0e9634506529fd2ae2f796abe669cc50f019d90bf7df701305f0289decc8cfd84a948aca3ddebde6849402c64230d0886943747cf9de680d316040a5b3760e00a881a9e2c57e0bb286e594158ac6a13e5e9b232551bd8b8709803b66b0fc81d0b253e2a86c74847\"","dc4_server_salt":"\"19226fedb45b0b01\"","tgme_sync":"{\"canRedirect\":true,\"ts\":1698442375}","server_time_offset":"0","dc2_server_salt":"\"b814f517e5ae3503\"","state_id":"1590827583","auth_key_fingerprint":"\"2e79a47f\"","dc1_auth_key":"\"598cd4db7c348c2b602d157d085a26f9b38c7ce2ff01023739ce0b456ad224208ef42c29d5f7687a6d0eae53414cce9b71b056e43cb94b401779b843191656cab800bd86906a20e383abfd81fe1814dcb16efd587265d2d3053a1c0699a825949de407edb6569053ea9845676e0f3cbd8b6544688652fbb952b77807fe2748631d49353a88119c17e8dc9d53906af04e832da32bb1cedf649dcf597793b6f49d4ec504335eaaa004cc86890b59edfbed9960f379021ca199aeb4e0bf4a902f1af87490d5c2aa1a4d84d92e99ee020ed44bc9fd6aafa9f572dd7d2293459b4d2987cbf92f6648bab897311086b7db7dcbb9c1b4ef306c8a8e1df682fec81cab1c\"","dc1_server_salt":"\"d686f9ef0c923c0d\"","dc5_auth_key":"\"29a415afa970bef47e941f51fd77eab748a4069d87c4bba1ae0c9e9a259382816bdf0e046236768a6dc6eef39d46933a542180124460fa9051aaebc31cfaabf36236445ff0800d2792bc3ca58f0170fb9b30daca72b066a062318911f4702232539259ba9a72e0bad0e8d7feb38327e14ded7dc330c6de37bdcd1c018caf9bdea3c3b6e67003a47c19dcb5c94f373366bfda22cd152decc1760febdac9668f330319872c52ce7aadc542d8fef601604b9fcebbceacb5de86b2c6438dfd9012350e9a914c000dd1e7dc71e051a5546e78c9fd889c88a71d0c066f99023426d822c21bcd0ca371602c4620f38fd0c841aabaf086c954981ddd523c360d57fc4e0f\"","tt-global-state":""}
VM40:1 —————-
undefined
