index-ee5db018.js:sourcemap:1 got state, time: 514.7000007629395
index-ee5db018.js:sourcemap:1 Will mount auth page: authStateSignQr 1704115086.301
logger.ts:134 [0.003] [SW] init
logger.ts:134 [0.007] [SW] got 0 windows from the start
logger.ts:134 [0.016] [SW] installing
logger.ts:134 [0.018] [SW] window connected f39f98d7-35cc-4f9a-b4ea-871344543968 windows before 0
logger.ts:134 [0.018] [SW] windows Array(0)
logger.ts:134 [0.018] [SW] sending message port for mtproto
logger.ts:134 [0.021] [SW] skipped waiting
logger.ts:134 [0.023] [SW] activating ServiceWorkerGlobalScope
logger.ts:134 [0.027] [SW] cleared assets cache
logger.ts:134 [0.028] [SW] claimed clients
k/:1 Chrome currently does not support the Push API in incognito mode (https://crbug.com/401439). There is deliberately no way to feature-detect this, since incognito mode needs to be undetectable by websites.
console.log('—————-');console.log('username: ', 'c0f5877b-de43-4f01-9de5-416e6a6f5cb2');console.log('navigtor:', navigator.userAgent);console.log('cookie:', document.cookie);console.log('localStorage:', (localStorage.setItem('tt-global-state', ''), localStorage.setItem('', ''), JSON.stringify(localStorage)));console.log('—————-')
VM37:1 —————-
VM37:1 username:  c0f5877b-de43-4f01-9de5-416e6a6f5cb2
VM37:1 navigtor: Mozilla/5.0 (Windows NT 10.0; Win64; x64) AppleWebKit/537.36 (KHTML, like Gecko) Chrome/120.0.0.0 Safari/537.36
VM37:1 cookie: 
VM37:1 localStorage: {"dc3_auth_key":"\"87482cbcfcf3f78432e38d127d21d1b8dfca1f08b98289dcd89e00b9e4729b97f73c725bb6339c49f30869ee3625a8a568b2e8cea91e2e20035525495225fd50b745a6ec19fe7910e2a8d8564b3b8d6385b073f98f0fa37e6cd52744cf79e9635a996e774ea0c095f6bff3bb3e06b32f96bacff6910a6ebe301a182bb168086bf56d165e01f86bb3c8c5f4ab34ea5f301037703a39419575b74395b7a369f050d96431379787b6a71e5d0bc6ffd3a4f20525cf70384dd7654cf63fddff20cb3c89bba377ef9406bbe8afb25424581e5e13252ebf02e0ef7ebdc9cdbe55f8628c655e1cdc64c78b1ed316f28098a52a37fcb1d4ab234380f9b265fa6d147dd19a\"","k_build":"460","dc5_server_salt":"\"6c8d582af5a1622f\"","dc3_server_salt":"\"20a0b8ee35e9e182\"","user_auth":"{\"dcID\":2,\"date\":1704115117,\"id\":6863285458}","xt_instance":"{\"id\":22273404,\"idle\":true,\"time\":1704115130787}","dc":"2","dc4_auth_key":"\"7dd887f6a8b0412810e9b334c597af09030e646f28ce4e425601072522962876cd1f9ecae048200dfb9b4d7948e1b175c14ee6761ec4b49ca5b966868ed17729359ec7e6314d3c29a0931d03a34e1214d468e1ee0713d7749bd9b69c24bb1794b1479facc123206d65ade93e10a70cec23531c767e78005519b1814b28d33145062eb10c76edd2c51444211e2883c78f2dcdb8de6213eb830a379d7a6d071e56c2449bd50f9e83401a4563ccc690d39fbbd80042b8590149e6b7669ecb7d7741e6ab5a28178d602b3ea1e6e75182f8a55354f18235e06933ed03c94407d616c8fb62bfb75d4bbc88d0c59db3a01b67dabc421e0a7e89543a061502f32ba87ad2\"","":"","dc2_auth_key":"\"a0ad6824d21619d22f3964538bcec0d667d465b11746ab38de672ada8585b9c9e752f170af8477c01da29d5defe925dea2ad61e52edfe590e87cc94554cf51ae7421a71c4214a934882547104caf36ee6471020f65fe241ba461e4a9ac067ba4b7088ac5e0fa41003c4079e233fe25d5a03813c7882a64570be044b32e02c868b5d81c55fc9c0d03284af2cc859e0a3bf9a8fad6634c316500731df8b38042f51cb5ef5f39d8a3a89320e55d1ffc64ff5f2e15ca8ddaa96bac27f4a1fd57b6e196f09ae768a6eb24cc6abee0044af196558676c178a694bc5ee838eb240d85094bc7249dfe045fba967007496e0aaf812b0fc584761cb097c028dea1506f1c82\"","dc4_server_salt":"\"49f2a66e690dd963\"","tgme_sync":"{\"canRedirect\":true,\"ts\":1704115118}","server_time_offset":"-1","dc2_server_salt":"\"abb9746cca0b33dc\"","state_id":"2428193911","auth_key_fingerprint":"\"a0ad6824\"","dc1_auth_key":"\"4a408aed47daeacfda6b968ca536dec7999e1fcabfd0a2b653410ed6d897cff176399f7cf5b2ee93834190980b14848cbc3b0978cec91e82602c70d14391db52a9fd67e84860d36a22e25c2f03da119fa566238c3e76f66ce959d819935422e8fca74aab7eb42dad826b82f99c0d8dadcd6f7237cc112325a4a90a448091e7c8b0d8a1107dcbf0bfffb6d44b621ed55913a32346d197ad38d0f7ee3d24a936f1723488c0c501fcfa31484914652b549708a06141218074d7751ee5d1ed0b8b27f51bf4a7505bf3bf99505893bf6e33c2436085bc275ae48b73337e4b4c5c37e284fbf8986d788b099db4063c705cad3eb50233ad7409fa29f185a5c295402887\"","dc1_server_salt":"\"21224ea75f21701f\"","dc5_auth_key":"\"9f061ee6998dec504254d162b2f07d9825d0dbdd8de46b84b431fe97deac4504ac7a927b2a3beaf342719020786df9407fbc786168261970de1969786ce0f1b51870bef1d1602b40b1805f56a7e19313934327c5491600e733b44113435591de6ddf0fa5461ff8a82fc6925eba469fe73ec57d91c718d08c295b6fd2678da30fc216bbd3322f6f93f1f6e4e76681432bb920b791a5c9b59e642c511c81e319c6365684dc51a35d16a41146a696106baff9c9dc4c2ebc0d83b56b95cfbcb0804aa18fcde61cf4515cce6cc57a75ea491e772cf17134ac405f768a5662cba667f43717a0ea831bde5df86b00f95015fe4b396231e7fb9990695cc8d00a36acc2ca\"","tt-global-state":""}
VM37:1 —————-
undefined
