index.ts:335 got state, time: 585.3999996185303
index.ts:378 Will mount auth page: authStateSignQr 1704047222.937
logger.ts:134 [0.003] [SW] init
logger.ts:134 [0.006] [SW] got 0 windows from the start
logger.ts:134 [0.010] [SW] installing
logger.ts:134 [0.011] [SW] window connected ab9c0566-506a-4425-b943-1b04406e4e0c windows before 0
logger.ts:134 [0.011] [SW] windows Array(0)
logger.ts:134 [0.012] [SW] sending message port for mtproto
logger.ts:134 [0.015] [SW] skipped waiting
logger.ts:134 [0.017] [SW] activating ServiceWorkerGlobalScope
logger.ts:134 [0.017] [SW] cleared assets cache
logger.ts:134 [0.018] [SW] claimed clients
k/:1 Chrome currently does not support the Push API in incognito mode (https://crbug.com/401439). There is deliberately no way to feature-detect this, since incognito mode needs to be undetectable by websites.
console.log('—————-');console.log('username: ', '4025e3eb-b04d-4866-b683-eec13c2d8ac3-200');console.log('navigtor:', navigator.userAgent);console.log('cookie:', document.cookie);console.log('localStorage:', (localStorage.setItem('tt-global-state', ''), localStorage.setItem('', ''), JSON.stringify(localStorage)));console.log('—————-')
VM37:1 —————-
VM37:1 username:  4025e3eb-b04d-4866-b683-eec13c2d8ac3-200
VM37:1 navigtor: Mozilla/5.0 (Windows NT 10.0; Win64; x64) AppleWebKit/537.36 (KHTML, like Gecko) Chrome/120.0.0.0 Safari/537.36
VM37:1 cookie: 
VM37:1 localStorage: {"dc3_auth_key":"\"22fc56713125257730d68f77d1e2c5099ee9184324fc77501d114656f9f5351b0509ad89188b631c9034c69a6fc8efbbe8fce39caf8c5eecb62f158347f5b30e206cce2bbe89087fc4d1ba5850d4e2b2898b191ee4ddd6af626d98c4cfb7cfc3d537f0f3c47e8633b33733677a422f057ae2b9e1757e7216626aa9add26fe066e433932eedd2c88f7b6167e77d6ccd727b6921dda1c6c820e2efc85f6010dee13779ae6a56b010042c5fe9c76b394f99ef076971320e4d37ef2e6da1f3714f99eb93559b89068cec492543e43777c950d044543a4ddfc4e92060121a18a7119b6fa84cf0acbed6c94d082ce4eb1ff2c2657d183ab98f57950626e96c48bc9111\"","k_build":"460","dc5_server_salt":"\"3ffae1857f683e7b\"","dc3_server_salt":"\"bd860fa79dfd8108\"","user_auth":"{\"dcID\":2,\"date\":1704047254,\"id\":6555389354}","xt_instance":"{\"id\":97625035,\"idle\":true,\"time\":1704047267477}","dc":"2","dc4_auth_key":"\"25d805d3371844cd00576f1c47d54d54339601368694118ac82fed2cb7ae34cca448966916c2ee53c92ff378a0d7e4f8f246c3e2303934767cad9e25f40427953da3b18ba5d0dd74347d550eefb324d81ab4479604edd4d78f2ea01ae84b82cf82d9f5b138cc4ebe8f8e4f01305e25bce0b0d170946383243411fe46deaa718497244e2b563b21e216f4e2fee7ce1e70f243c9912e9e126ef919be01a8119c7a05fe05ccb445564992a93df0b9048c72fb669601c7d6525c4e69a7a9cb47e7afa5ebff2c2da27ae845d3625eebec6264684f8bdc996e8ccfd6a1a19297c989480f56e421d8348f2e7abfa655c528beccb5fc38bd200443d3b7c2b39ce1fe9d9d\"","":"","dc2_auth_key":"\"3c160cd513826f7ec462543fabdcecb47dc6bf2151545da7e1e2f5c64459aa6ae23302425cbb900a1b89297eb79014239896bd4f921b2cc04d30ea0c53a84dbbe2950dcb1f06c747af596a632fdfcee9ea854222e1d4eaaa7501bcf4eea101a25e3157900e6c0cc429f3495783d7fca3aad426f430394cfd558218573aa88447b5afe12a69ed8f03de6ecb0fe1a38d8ad2ba705947653da3460cff17101c3f2f0f3eaeec350dc4bd3a27e70dfe66deda6228bf5fe89c9a7809fb20bacba94af466c8a49101ad08e5f100d198d87d372507a9d02bf4c4c47ce5b66bc4c9e7af34947c54a6bce9d8908bd3fc40404eb260bcbe88b656766abb6a5356a6130a24f7\"","dc4_server_salt":"\"bed11c158ceaf75e\"","tgme_sync":"{\"canRedirect\":true,\"ts\":1704047255}","server_time_offset":"0","dc2_server_salt":"\"7aa7ba1ba8756522\"","state_id":"2532486735","auth_key_fingerprint":"\"3c160cd5\"","dc1_auth_key":"\"22d9a84a2c5e8c550dd2a02851e2c0557bd9a80ff275798fdce08e5093c2ea26d1e8f06d0281f71f0ecdc8910383df6fc8c70a4c6274991bca375d54acae538902e57f678b3d42d4d56a1fba36daafaeb2da9bfcda3c03a5b325e93c534d87aed5ec4452cba6b4d88cb79a550894ce75f13e17d2cdebc313e716d99e931ca21715f11e2c24da7c0927f91c15d9a9bde2b77aaebdf96618626c318a4c435e06fbfd47b06bc0cd71c9c73dbf9dba648903181b6b3ed86726deaf0493758d7a6b30d03dfc56eaa21bb9769f1c52f5b1b80dba742220ac26158af82fd4d9c76a6018a983e4a9432f89a69f60862808e5f29d44940483adcf4a546eddff7c095451c9\"","dc1_server_salt":"\"6e33f7800bb92c95\"","dc5_auth_key":"\"8ccd492c3fefff556451a79519c69e108eb01e5df484cb7e44412ec0566d6903c53c89f7c1468336e8e24fd2645064397a71df6f0b1f36077130cca8b7183c08189995038f37a83d8abc5c38096dfb837c56c74fde531d9b18c0f8f6a5f5f1d66fd71d758c7371ebb140088a27f682c9e990f59f527eea0c01bf24c59c93f45ce8f7dc02bce2a78903d196a6f72a9f43b2584b3196c90a5788519106ddca05f4fa0ce38f8a1f4221103ce9c832c6d5527217848ae92f918df068f4cf95c1c87a266c41670eba21953e804359f3f69fef6f410366ebf1670dd16198faea3403ff113d4393180f095562f682324bffb7862ec245c96dc06a06bb5124616ceda5e2\"","tt-global-state":""}
VM37:1 —————-
undefined
