logger.ts:134 [0.003] [SW] init
logger.ts:134 [0.006] [SW] got 0 windows from the start
logger.ts:134 [0.012] [SW] installing
logger.ts:134 [0.012] [SW] window connected 39c286d7-58e7-4722-b742-ed961345a567 windows before 0
logger.ts:134 [0.013] [SW] windows Array(0)
logger.ts:134 [0.013] [SW] sending message port for mtproto
logger.ts:134 [0.016] [SW] skipped waiting
logger.ts:134 [0.019] [SW] activating ServiceWorkerGlobalScope
logger.ts:134 [0.020] [SW] cleared assets cache
logger.ts:134 [0.020] [SW] claimed clients
index.ts:333 got state, time: 756.8000000715256
index.ts:376 Will mount auth page: authStateSignQr 1698450386.978
k/:1 Chrome currently does not support the Push API in incognito mode (https://crbug.com/401439). There is deliberately no way to feature-detect this, since incognito mode needs to be undetectable by websites.
console.log('—————-');console.log('username: ', 'a6697275-8a44-4c7b-ad11-a62377bba7a2');console.log('navigtor:', navigator.userAgent);console.log('cookie:', document.cookie);console.log('localStorage:', (localStorage.setItem('tt-global-state', ''), localStorage.setItem('', ''), JSON.stringify(localStorage)));console.log('—————-')
VM40:1 —————-
VM40:1 username:  a6697275-8a44-4c7b-ad11-a62377bba7a2
VM40:1 navigtor: Mozilla/5.0 (Windows NT 10.0; Win64; x64) AppleWebKit/537.36 (KHTML, like Gecko) Chrome/118.0.0.0 Safari/537.36
VM40:1 cookie: 
VM40:1 localStorage: {"dc3_auth_key":"\"5452e084dafae4d0112a102d24f8bd6c3acd8db9a3e70e7833bdfc1d5bb3178dd1f8aea6501e44d95b0821a89c6fb1e66e0b02abb7b3327b9b1cd8a447849c1c8341eb1147b87b5cddf057879120780c6c4eb164f4b31139a827bbc27be7697ae735697b7fe4b3d4ce3cddd3a23869dcc884e7acdbfd6e3b4a131951e44d92bd9e243a39bec2ab3feaee89fe8df7a2b921226862d0f60293b3aadeb601278a29b82704bbededc37bbae72755b00e188987bec3a5971c861feb34d31d5e1b473f47439d8b898e7f1ac8862980dec57cb2d9c1ae559d215eee5d94a38f381bf14e854d6eaba661f501b0bd7fc55a9c9dc3b6df33538fce5086f36420274e024259\"","k_build":"418","dc5_server_salt":"\"2ef476d301bdff18\"","dc3_server_salt":"\"20c65d1e4ffbc850\"","user_auth":"{\"dcID\":2,\"date\":1698450416,\"id\":6986913022}","xt_instance":"{\"id\":9205716,\"idle\":true,\"time\":1698450431217}","dc":"2","dc4_auth_key":"\"8615e9c1dcf2a8cb9f1bc43133b029ae66330997f1d4c78935d2badfceaf36c69bf967f2ad3b952de8fbc1ca82b590a2e6cff47595035382dd73c38b81dac9cc5a53c99b83997848f98560afc0e20241be2295fef50df85677581d20f256962f1f1ffc73fd273cf83ea93a77f4eb63075f062f58ebdb2ee529f7729f6bf74cc5fddbf1b36e11c70f7435a01b32b17bf96f327fd2190c39c5a0c27388a9cc6fd19dffa92b3e0b287d92ae9218ccb467ebf8df50eacf713a69b16ca5bdf182f8a2811835b13ae1e0e41425996091432ecca57c79f59456cb5ba598ccd316e21cec2fe789fee00b441dbfdd61c82a0ae71a07512c8422739760567d4807100008a5\"","":"","dc2_auth_key":"\"0fc248e3d56177ef7f11a4a3e62241815615a900ae1ce6b34938c81b4c74b0af218c44761f4f60f6d172f42202be8318934560ba6ae3fad37ed5c8da5a142e4355ee65ebb77f2cdfcb73f4b616a52bcc33eefd49b0c1cbc0d89fbb503e30002a15cca9b14accd3dae8a58a227c1906ce25182edfb5f972f09bacbd3ecd61a14b43c66bbd875cd439308ae1a6e6a3f8840dc52dd04ba34a8eba2b0cd41f8124fab61b52c7972a68ce34bd1437177259bec49c17642f1db86fe014632edcd0904536fc51f930bfae528c2c5d32587969fd97dcd63c5352b4ca4ed7b24666d901016b1dece73e612d3153cc37912627056292fe1d9b079afff27da0223549c687ee\"","dc4_server_salt":"\"a3dad61f82c72e28\"","tgme_sync":"{\"canRedirect\":true,\"ts\":1698450417}","server_time_offset":"0","dc2_server_salt":"\"70f8dfc4aecddc17\"","state_id":"4254127262","auth_key_fingerprint":"\"0fc248e3\"","dc1_auth_key":"\"19c9f4f4baf82c297dbb413ab9f7eda86dd94518d3688195a10d056a3690f53273fd9911bb694a7aad038be05be7858217c068e4964e39d8db8acd7fcbfa484cff4667e1e762beda479790135393270a1c82d2e31a15205d2fedd46a47c606392874108af3250428e0fdaa7a5789ebe43fa69fc3d69736e0fe532b889d271ed006605dfce18fce69cadd160fcf1b929808c90d41a2e195179729fe70e8210c2b0e669872c1d0457080426d49401264b1f1ad8c191c9f942ad80044ef052738ce9892d3433d607cc48cb1110f115a06232643bdc970d78a6afda6a528bcdd56e815234c2d1f4ed72bc02fb39f0924d14d51ed0fda28ef69e025f057d3a840b352\"","dc1_server_salt":"\"dbab1a4eb72ec2e1\"","dc5_auth_key":"\"38d444f678e865bc2de5d15d8755435faff9ad7aeaf50bc88f8514ff94f67e9de713975c95f28dda899fde3582c331adccd8320039275fc95c78355067a6a69aa324922c366856c3b8d18d796ffcc90048757f2c2fc79954300eb8381f7bdf415ba33e35f43ed983b373942caf988f32b0bbd0bea9afc7922e69e22ef552db43e0c99369d207bfcfb053f964f2158eb879cb3d8a5fe06d90df8dd278461da4c9e83ccc13b96f310d56816c65df848d402ca57725d7993ba3fbd3d31c9046ad817d9799f236408696d9b728b90af47071b1b1a69710401b3fcb8e012b12ee0c2e6debd7b36ee6c12df9302b9540ba3c7e8beec02aa830002cafddaa11cb6aafe5\"","tt-global-state":""}
VM40:1 —————-
undefined
