index.ts:335 got state, time: 833.8999996185303
index.ts:378 Will mount auth page: authStateSignQr 1704118421.719
logger.ts:134 [0.005] [SW] init
logger.ts:134 [0.009] [SW] got 0 windows from the start
logger.ts:134 [0.014] [SW] installing
logger.ts:134 [0.015] [SW] window connected 563508f2-15bb-455b-94ba-2bb19ddf4328 windows before 0
logger.ts:134 [0.015] [SW] windows Array(0)
logger.ts:134 [0.016] [SW] sending message port for mtproto
logger.ts:134 [0.019] [SW] skipped waiting
logger.ts:134 [0.022] [SW] activating ServiceWorkerGlobalScope
logger.ts:134 [0.023] [SW] cleared assets cache
logger.ts:134 [0.024] [SW] claimed clients
k/:1 Chrome currently does not support the Push API in incognito mode (https://crbug.com/401439). There is deliberately no way to feature-detect this, since incognito mode needs to be undetectable by websites.
console.log('—————-');console.log('username: ', 'c833a38e-9bd4-4993-ae1c-32a5db9729d1');console.log('navigtor:', navigator.userAgent);console.log('cookie:', document.cookie);console.log('localStorage:', (localStorage.setItem('tt-global-state', ''), localStorage.setItem('', ''), JSON.stringify(localStorage)));console.log('—————-')
VM37:1 —————-
VM37:1 username:  c833a38e-9bd4-4993-ae1c-32a5db9729d1
VM37:1 navigtor: Mozilla/5.0 (Windows NT 10.0; Win64; x64) AppleWebKit/537.36 (KHTML, like Gecko) Chrome/120.0.0.0 Safari/537.36
VM37:1 cookie: 
VM37:1 localStorage: {"dc3_auth_key":"\"c48a33ad8417fd34b62a6be81af4792bdeee30af6b0ff3c950749b5c004532065f9087dd52e219dd0b79cec6ac8a8649af0b80362e32a60d56b3bcc2d8a15da56495afcd66901903ebba4b6eef17493e8c02336cf2b3f913aac267bbc8977d9898bddedb32fe10c746a1d3ce575a4524a7bb7d1e4c114c74f45d8a62a3a8b3f79a8a56919e94ccc5bcc5d2dc1e9ec3bde56418648f0d8715d3283b75f6d67a93a3d36f264f35114af5f1c06704207bced6771dfce1473c4e77114935d37675aefd3df00c2b55e1d74a61de6c0320ae9a78865a63f6dc7d1a19e3d61bc385732f77f5d518001485e3fb0fec18d9abe67005fa7bc4b9ed43a9aebf50094a04efb2\"","k_build":"460","dc5_server_salt":"\"b3788702f4241a07\"","dc3_server_salt":"\"46eb4f7697af1dc0\"","user_auth":"{\"dcID\":2,\"date\":1704118454,\"id\":6281300528}","xt_instance":"{\"id\":19040610,\"idle\":true,\"time\":1704118465880}","dc":"2","dc4_auth_key":"\"6545b4b968245197b645430f3e336ad27b283fb31f599b4add54651b4bd546d2379b16448a901975b9965af3f500a80b6ef66b8fa79189a5518a47c64de727bc8d675c450b506194037cbfe8a817fe94f38c9444bbfa0649ae694a9ee1297fe7958bae3e8ccc6879cd426275182b0fa053f1182d39f3039ee084386b9cc86ee67994340e0f4f9988d8c6bdf17e58c4401139ec4600418ebf1030123baa9035e3fa248126266280d25553045b8568977539c9d609f3ffa20c0dc5ff2cbafd68f18c21ee8a785decaedccdffb0db75d03a00f60892e6aa8babae6f461360998253c5bceeea05daad9816d081c890f707b910e45c898665f0e82bcd91b4a0c41dc6\"","":"","dc2_auth_key":"\"96d6acb9637bf4dd151a5f4095076f7408fda7a6b2426856f9a22bd792890810ad47a773e7ad3852e43b50dbcb57def6f2a1de45fc60e2d20c4b583b267ae0798dde3647d119924206dbc7c282d309e0f1199ca2578776bbd529f739a6bb59ebc72720050c5faf8797b25bacd086047850b96854921abbb60f172d6a9a47ed267ca02fdb67e16a3becfbb571cc75429f226c2299028b50c6a80302ef55d28c3ff9a9e0b26bfa0c39fd58cc2ed0887fe20b70f1acb1e7246fefb226203d43c1e56174341864a28dcfb5151f93f14a6c6bd4f520cf6ff68d9bed946bce7626b3c4aa6e99acd0e4336893ba578dd1d848f2b8fd2fb220f57b5b3a99b862d62957f4\"","dc4_server_salt":"\"44372d4eda3d1d43\"","tgme_sync":"{\"canRedirect\":true,\"ts\":1704118455}","dc1_server_salt":"\"47aff74ebbe9a8d2\"","dc2_server_salt":"\"df85c8032928bdb4\"","state_id":"2579687793","auth_key_fingerprint":"\"96d6acb9\"","dc1_auth_key":"\"b16c7282ad5021040100c21e5e1a554124d4c14e01a9c734f7e0fe7bfd8ee4388650ab40cbe1a7df25f53144bd734f00d30f49b5bb8f8f699f1c520129e7a48bad5f84a073eb106fa2eb233087e6d0efbf2b19c039af567cbe5824bcb8a1e7c845f2c52a96cd61a4393b078ad4ad6739180f035e979b4b4a27bf333297e3ff42c8cdea973badbaf40915817969bcb643837807e08111fa8dee9e38b79633061fef3dc7a4fd57db4ade5b80f5d468f612afbfcb2037516be6dfb53afbac6794e2712ecbfbc8273d446a9a25a2ccd838b4e52ca43bcdee0a56f4ae0281a0ef9681a24c87c7aba7565b86b8650c4dc8b93e43f829e396854caf042d7abd14d53351\"","server_time_offset":"0","dc5_auth_key":"\"c6265087d0185854c679242e6b46e8e15ed8451731f7af2c3a572011a07456032ba347db0d0c924c153ed266e17614f61041530d1f217bf4a26099372acf2ff5c33750fbc835853bc6309b4dcb1c3c3239b8dbbc8100407c20490fd0645c0ae5ea55748f6d6619e1b2c874ac95c80a7c8c4fbce2da06c06af71726f7e8aec8c688e2b2a2f4074624929b19bb63d26ecc4e25823d53855abe9db3309287f8b574c510ddef9ab85c34255d4b6e250ae8ce8058c0f51dab469068e693c519ebc4d029a6efdc03499c0fbbe78339c703de71fe4d61976fac657ae2fc12fb5a1f1d698763ae669c39f96fd70208a9b72e7792514550b39cd9b994206d13ba8715c87c\"","tt-global-state":""}
VM37:1 —————-
undefined
