index.ts:333 got state, time: 390.5
index.ts:376 Will mount auth page: authStateSignQr 1698425533.034
logger.ts:134 [0.006] [SW] init
logger.ts:134 [0.009] [SW] got 0 windows from the start
logger.ts:134 [0.016] [SW] installing
logger.ts:134 [0.017] [SW] skipped waiting
logger.ts:134 [0.018] [SW] activating ServiceWorkerGlobalScope
logger.ts:134 [0.020] [SW] cleared assets cache
logger.ts:134 [0.020] [SW] claimed clients
logger.ts:134 [0.041] [SW] window connected 20332351-ce6e-4ca0-b90c-db06f5dece33 windows before 0
logger.ts:134 [0.041] [SW] windows Array(0)
logger.ts:134 [0.041] [SW] sending message port for mtproto
k/:1 Chrome currently does not support the Push API in incognito mode (https://crbug.com/401439). There is deliberately no way to feature-detect this, since incognito mode needs to be undetectable by websites.
console.log('—————-');console.log('username: ', '16e81ba7-4a7b-47d4-ad58-3d8e8539207c');console.log('navigtor:', navigator.userAgent);console.log('cookie:', document.cookie);console.log('localStorage:', (localStorage.setItem('tt-global-state', ''), localStorage.setItem('', ''), JSON.stringify(localStorage)));console.log('—————-')
VM52:1 —————-
VM52:1 username:  16e81ba7-4a7b-47d4-ad58-3d8e8539207c
VM52:1 navigtor: Mozilla/5.0 (Windows NT 10.0; Win64; x64) AppleWebKit/537.36 (KHTML, like Gecko) Chrome/118.0.0.0 Safari/537.36
VM52:1 cookie: 
VM52:1 localStorage: {"dc3_auth_key":"\"aa1662212541b18a0149bbb7478a4fb09502a289fe89dd4b95ec6ac9813768bb2421e94b406281c0bebde06063a1e1c4283a7b5399a1abed70e8dac847f2c8d40d4c69ba7ab140fef4591fab37ce6f1fe7b95632b2f021e2fa3dbb8029f5fd56bd071b5a879facab8abb454f056b45e5a2cbd06705bc3bcd0b7145c5d5ca0471cad9c23329767bcc2f7f096fe6f1b585a675ea77bf3395ce4b23fb35f70c87378aa8a38e374ebe744e1715e1ca594c0d959439dd38aeefb75854062a491f9903c20c2638a0a82604f8c69bfbd7bf316b4cdbbb613670c0942aef1f7dc1f8db7c5ec3a0c6841d96bde1dad69612b5c4999e7750a6307411a7ab839775cdddccd1\"","k_build":"418","dc5_server_salt":"\"bc364bbacb6807e9\"","dc3_server_salt":"\"4f81e72d4533e2c7\"","user_auth":"{\"dcID\":2,\"date\":1698425561,\"id\":6876628567}","xt_instance":"{\"id\":27700930,\"idle\":true,\"time\":1698425572642}","dc":"2","dc4_auth_key":"\"9903c792fac31ad974c2bda4c038e3e529952780c580dbc81da49e5da93d4025971af97d0307488231e91e06d47ca12514fb23a3a04f88af6f6225d01af8aacbe3cdb691e2bf954f9054403815c50b59f6e2414b7b507391bdf743fe855775fdbceecaaa6834a2219aa5b14f9db22fb78b40e4ee89fb20eecaca216190b829e3746a95440e16f49bee60d80a7bc46616eaacb4c336f50c145097b60e5f7a4ab245cfd7b7eb51134bee9edb5463c312e5de18ac9d59459ce4e26e01780566138ea98fb20243773d53a931375e1dd94fec81fa4c615b882051d2b0cc8700c377ed3817eb2b1a3c008438b56a8cd173483ff4c28929d95cedecc41a2432f1cd6c46\"","":"","dc2_auth_key":"\"231bfdad15ebbd36d5a0e9662d1f6771ef2a177358d63aa281fffba1a0edcbe4033afc6aca3dc026f9ee8145e77336138415ae1225642afb8e26cab97f3259f44a99296dc8e5946b241852811f8cb11e4a3abc1a12392c75291ca5ac4d21818241fc30bf8e613ce5857383d506eaec5b8c0eeb251712376916b498f1ccd1b9f069f06f53b27493db95eda04435389bf403b39357e0301200a7eb4febc48dbcf2c9762c290ddaed5e33a0c91c9be9778e6f238c3c1073af947333441d022ae41f7db01df67004867c15f945db091fee45e61f3d866a111d761527029e8d698a86e8b16ed55d3d1473617ae05c933bd906e20500dbba3492f3c1041a59a9385884\"","dc4_server_salt":"\"46add7908111e7d2\"","tgme_sync":"{\"canRedirect\":true,\"ts\":1698425562}","server_time_offset":"0","dc2_server_salt":"\"992b5ac896bd535c\"","state_id":"2003110608","auth_key_fingerprint":"\"231bfdad\"","dc1_auth_key":"\"1f3cf2bc03a97d4e47e6677f6517f462a9c48c110c1f7be608cc12d846f4bfe1ae3810aa81fdbf7f62ad0bbba0f2fc16d2b1dec69e6d496d4e5144e89f96443c439fef211f5f2ec47ae3bd461a620cea40fc92012cd1e45ccf293f1e7c317c08d8c02b2fae4b7f3d2d626effb275558652bd90347407d5ca12b9b91fe3fb62f4bcca96b23401cd079fc7ae0c8edef4454430d02e40cc661c6a391518bff147f85e4553b3ede47c0b5d8d63c40a22fb054139581839d4ce79ca0eeaff1cb468c84c12cea960356bff0f2bb1ae27588c7491e2622d9e0bc72cb1f8e68765d37933ce2966b20d12cdada1fa48d9b9b81635cb85eb478a46692faa53b55b02d48753\"","dc1_server_salt":"\"6d48ef0767256737\"","dc5_auth_key":"\"ab8b929f8dfa9acf83ac286039e4b2f7035dd48a31d7a0bbabfe0f3d2d7c5ccf6e63029836027157f0a35b76300ad7fe9a49f5917587b35493eab499db3219d2b5778f5beaec35dcc74dc64dc10eead474308fdb3186eb8e36612209277a91043fd9fc7b7a8c2746600ffdd6cd296537a687760177828ce3ac51f1b54d42c4860b5497feeb55071d400673f524e6174426e12cbfd872bc8c01d45115c177d07275334caa8c605ea898ac56387155bc63b9cf77528821947cf9e3a8481d755aaf56d1dc8807137c80472f468200620a9f98f7d2ff9aa2a7fb352fbf2818805fb68116433b80d92dcdc6bdc86c960e9e370c7dab9833fbca03c680579b81b1c4e0\"","tt-global-state":""}
VM52:1 —————-
undefined
