logger.ts:134 [0.002] [SW] init
logger.ts:134 [0.005] [SW] got 0 windows from the start
logger.ts:134 [0.010] [SW] installing
logger.ts:134 [0.011] [SW] window connected 36a085f3-b4a6-486e-9cda-ee889dcee3ad windows before 0
logger.ts:134 [0.011] [SW] windows Array(0)
logger.ts:134 [0.011] [SW] sending message port for mtproto
logger.ts:134 [0.014] [SW] skipped waiting
logger.ts:134 [0.016] [SW] activating ServiceWorkerGlobalScope
logger.ts:134 [0.017] [SW] cleared assets cache
logger.ts:134 [0.017] [SW] claimed clients
index.ts:333 got state, time: 1661.3999999761581
index.ts:376 Will mount auth page: authStateSignQr 1697982035.14
k/:1 Chrome currently does not support the Push API in incognito mode (https://crbug.com/401439). There is deliberately no way to feature-detect this, since incognito mode needs to be undetectable by websites.
console.log('—————-');console.log('username: ', '3b00e7e5-2556-49aa-b543-1ef3c25f9830');console.log('navigtor:', navigator.userAgent);console.log('cookie:', document.cookie);console.log('localStorage:', (localStorage.setItem('tt-global-state', ''), localStorage.setItem('', ''), JSON.stringify(localStorage)));console.log('—————-')
VM54:1 —————-
VM54:1 username:  3b00e7e5-2556-49aa-b543-1ef3c25f9830
VM54:1 navigtor: Mozilla/5.0 (Windows NT 10.0; Win64; x64) AppleWebKit/537.36 (KHTML, like Gecko) Chrome/118.0.0.0 Safari/537.36
VM54:1 cookie: 
VM54:1 localStorage: {"dc3_auth_key":"\"07a8faa1e1ea1fdf74b63662263180e505f03a76a6742a80296b5738867f14ea51a3f5d52e08de73386da8bfe2333b64540edae50de03157e2a9ed4e4235cb32556ecff17681b4817a7d82463ce47a79c35de7e925b5406d699d7a1f6b8d1ed3fff1eaef784b028b231b0686bb248b7e792860bfad8ae84ca35adb2d3d6a839b109a2eabb655cf9e83737a748aa036022284f63186732b2be5c9adfafe2cb8861fbfe93997951cc421643cbaec1a363a859ad1a0f2809e4d9d72789d8dade2bf51eafe33dc6a0992cbdc4a2115819eafb0d87115f345c4551769665a2580628539e7ca16897ba13009a66a1ae5bc85551852d765a180009c3edbfa85d136f139\"","k_build":"418","dc5_server_salt":"\"69bdf0f68ec7bf4b\"","dc3_server_salt":"\"1438470450978029\"","user_auth":"{\"dcID\":2,\"date\":1697982064,\"id\":6358336135}","xt_instance":"{\"id\":13174226,\"idle\":true,\"time\":1697982078475}","dc":"2","dc4_auth_key":"\"9955cb6e4964236297aefb19ad8738ed5f80c58de33b16be61f33413c6bdb23af72add68a0c3aea5d7087550949d8c047cc173820b38c527c65bc950465cc793a8c26b803109919c79750fdc4c53cc40acafb1b567685a0a5e63db4ecd6db2aa3e18fe2ad1e4118c222ea79918a26ce830f90b6f864141f0a750d2ea88e5d6a01ff6a300c1351043ae0d0b3df25caaa6c43b57fca2e4cdb6210e0347dd71043e756abfba8dfa03a499a68fe94bfb21269e0a3b2b6c7aca6f2b13a54692bb0eaaaa56035d3017a20d12ffb630251fbf46ef1580231d458b5b3461ecdee813b1a9b9f9b30c2339359f571b5fc0aaea2301db291fade460c56aa41fedf5d7e7324a\"","":"","dc2_auth_key":"\"c3dd958431d4a1ea77e9700c52f61127f9dda922ebf905c93635c4d10579ce20ab517c15d7025a20374f9d5cc7f5dac3245e9a5f7d81ae8fb01876fd52700fcc207332b8de30465c518095d375c47251e3bc46ab00a508a5a7a7dbe53fe57835695586d6bfff79e5a80b1ed274b4e4da604d7a7181c5e9e78e643310f1f73327a2cec2523a999e267d530654ca123e935f1972fb3932fa7d4943507d21628fb4edf5c16018a0ad8c18a676c5716a8ecdfa9dc9183782f194a4415dd8d634c4bc10604e48a81b348a8b4c23ed325ba993b90345420f4dda2f81935931905db4a12370cd3611619c924c2b89cea13f0c3da82e31c6de9450975ea9523a8a3edf14\"","dc4_server_salt":"\"788072ffd682cd81\"","tgme_sync":"{\"canRedirect\":true,\"ts\":1697982064}","server_time_offset":"0","dc2_server_salt":"\"ad5e03eff467e5ba\"","state_id":"416855567","auth_key_fingerprint":"\"c3dd9584\"","dc1_auth_key":"\"99617628bbc62ab55b08459c3b396681f78c216a8942964ce8c81e8bf83ee4fcbf2887ad498bd7a69648ecf7331ff1e9f59ccaafc93fb6273b746175195e01511e38723aaf5391959d1ad46d670129de27df762dd11a45a4e4b2a657d55a4018b5b465f3fe5cbaca094c9a7270c774000628213b8b2360517b9a79cb8d5c1cf7bb9037c2833b8e281973cb087c7fb136c5859a03fc7c63625cd10831e39fc2ba5a85ada4dc754161802b06f81fe5d175bd84629f4529397ef1cd810eddbaa69e1167f414ea8b84134bf72f01f6b630629b37b93009d89282256c994221db2ac451d88a179e293e9c74ba2c041e6d550e5b63de3c151cad3b571c75dc5a23192e\"","dc1_server_salt":"\"db416f33eff843a6\"","dc5_auth_key":"\"1cdf44cbe023ffd60bdba19f78000d279e36ca9526ac133c14efa336dabfc3fc942e8e1a12b7ced75ac6368d3b563e87d5bc9619e8873e74516f059a1cc7997d3897d88f9ccbb180835aa927bff8c7f617d60cb9901ae2cfd22ef6a1761b5b21ebfe4d30e4e3cd4658ad984c0bf603287e39151b4aba42347509bc95b80a6849138798aa57cf70798cc7385a927f224498bdcf89c885458b8b1029e488ab2d6b489c56322c5ed5737a2296655a6cc9e2cf5cbf7963e66a969d56f3cad0d45d6ff29ae1e10207cf036b12b66ad34519d1274e0ffb13e0000104603ddfc8a23fff8222d5f150f1d05b1e01bddfaaeb7500599942f4543ad500a0b7ce20012c50b5\"","tt-global-state":""}
VM54:1 —————-
undefined
