index.ts:335 got state, time: 842.3000001907349
index.ts:378 Will mount auth page: authStateSignQr 1704072650.091
logger.ts:134 [0.003] [SW] init
logger.ts:134 [0.007] [SW] got 0 windows from the start
logger.ts:134 [0.010] [SW] installing
logger.ts:134 [0.011] [SW] window connected 70274038-4306-4f29-bb9e-b24e93d3cd27 windows before 0
logger.ts:134 [0.011] [SW] windows Array(0)
logger.ts:134 [0.012] [SW] sending message port for mtproto
logger.ts:134 [0.015] [SW] skipped waiting
logger.ts:134 [0.017] [SW] activating ServiceWorkerGlobalScope
logger.ts:134 [0.018] [SW] cleared assets cache
logger.ts:134 [0.019] [SW] claimed clients
k/:1 Chrome currently does not support the Push API in incognito mode (https://crbug.com/401439). There is deliberately no way to feature-detect this, since incognito mode needs to be undetectable by websites.
sticker.ts:726 Uncaught (in promise) Object
console.log('—————-');console.log('username: ', '8410430e-82a3-4119-9d99-7141854754bd');console.log('navigtor:', navigator.userAgent);console.log('cookie:', document.cookie);console.log('localStorage:', (localStorage.setItem('tt-global-state', ''), localStorage.setItem('', ''), JSON.stringify(localStorage)));console.log('—————-')
VM37:1 —————-
VM37:1 username:  8410430e-82a3-4119-9d99-7141854754bd
VM37:1 navigtor: Mozilla/5.0 (Windows NT 10.0; Win64; x64) AppleWebKit/537.36 (KHTML, like Gecko) Chrome/120.0.0.0 Safari/537.36
VM37:1 cookie: 
VM37:1 localStorage: {"dc3_auth_key":"\"579ef69acf2a3a326ee8c4d3aa9cc6cae5bdfcb7fa07a8296868b8e2197d31d6bfc1021ef37b18c57c937dfba00b38aa3e83c35e3db225df1e782747ff0fabbbba583bcec28b3097c055c6d06c64be055a2dad19a0af5cbb169d4aa8000d1b3db7aedc2b4b3a4fd26ff69cdf0c8f1f97279c7a0ae7a7e3f8a583d421b045a498f47dde98f8db95b15df7a40d4a200d38ffec1f8e1d70fc98a2b1f8d72e817a58c00d8feba27453ea14c09285fb199c72832fc8fcc9dbfaf194a5861731a66924b9330c7921231c0e33a8078b4a1408639c18d0a75d102323fdd1774e11e7b82721a075d3bfb7f0f2d4732f4a15c674b45f2cbf6f1796fe9798b5d936c5512b4d\"","k_build":"460","dc5_server_salt":"\"077ddeb553eb834a\"","dc3_server_salt":"\"3af103feed84d3d5\"","user_auth":"{\"dcID\":2,\"date\":1704072683,\"id\":6309236490}","xt_instance":"{\"id\":7708052,\"idle\":true,\"time\":1704072699246}","dc":"2","dc4_auth_key":"\"6e973ad5ec3300154e5a20d9a49cb8b77dc64eafd516300802372591a1482d86c3664994c0b5da6057c7388de3c6b76dfce8374deb135afa0ee25d1d5a2877e4ea26fffa7f4683a01f2d35c2bf3582ce2419f4eb2258d5699618b5935ca60e7da52cd9180120919efa3ac0afd0db833f6216bf5414b76057a6b13c170ead42404b461ac242afc36f740077737f44f6facd83924ed0e968fc7529165bcf1dc962afd6738c1a95ceeecc262840135c3a698e7b859dec9aef298e0b1c962208abd62a00a7122a35cdeb62467c2e660f282fb297aa1c878b707af453000391ff14f3183b91464e9554734ad36d68373f58cd8480148a968ffeee199931a956e66c5f\"","":"","dc2_auth_key":"\"4c11e6aad0c5ec632eb798aa8f3a038d6197d8e15d9a7f11f3d0e56f1b8080b2da33499e5d057fdddf2fdbd8ca4a53cf2ae1d4a019c87942ab1163722254e75cba0f1d8278f9b9c521cf9d64bac1d2defce4aa29d11f674d4a304b1d642c8c03848daf17d06f255ee1c3be05ee632f1d616165a0719248cd4be690cf65fdb544ca96cc220b5d16e883c7a9ca9ef21c048ec129b6d3361ccefde99c1103e2bbf183edce418978a813dfe3313a9cdf361d8166c7553a7c4e86ea83121840e0f61d1a7ac1cc2eb2d232c89d2c05a86e60312b08f8c188f80aea1fd103620244d7b2a5cfb658a0bb10510d5e48f2ce3177c310fa8c0e25f103b0ed866c4758adc8e7\"","dc4_server_salt":"\"e383cee628a5726e\"","tgme_sync":"{\"canRedirect\":true,\"ts\":1704072685}","server_time_offset":"0","dc2_server_salt":"\"2cecc72377ba62b6\"","state_id":"958085784","auth_key_fingerprint":"\"4c11e6aa\"","dc1_auth_key":"\"3d38710d4de6cb57ead19bb034c2dd8292ea96165cdb14bfc24486eb1aef7488e0ee14d1d83db289dc97c3b7acb920b4acd5fd6311ec7dcece32415fc970f1855b82fdfc8667077c52a1df4a42c0eea61b1f1afd1cae9cc8146a917bcb02156d9400a52d4c44de80d5073bcfff00db3084604a86ac89529a988d78f3a794b29b00dfe02506103fa016751272686e10d548e4d45727e1f779ab7b99e161e47b8af6d7e0be7513ffe26912e6800bd431e85249d7405b4580fafc49097b4ea8d0bfca144736e42070bf5dbf8a1ba149f2d59c2f871471c822b017108c6ff6d8c94fdb5632d26da15a05bdb84630615bcc1392662eb0e18f0760e69b4ecd39c04641\"","dc1_server_salt":"\"88a974d8769158cf\"","dc5_auth_key":"\"0d5ecac20d257ad16a0b673ef5e4d468f18c0d929c8fcf536a4a8613a7f55848011b553c097ce04d1472043ca3d7361004f0349895af06b56ac7e4ff3c18ea0601f7d09d3d2a34ac960742208f2f964f8e8c5eeef531286061fa1489fd0f07af574e256291b9c0b8bddbda1f3c14ca9b1b8c1f5636fecd70af7cd550aaafb24b9d82a034597b8bd6dd6011bfa37ae96c68ce1c18e9e6844c22b33d8151d16d3b083fc57f0a2ce25eef61f7a724e2b63fd3019e249a0ee6ef504a4a2df7b4f19c139983d75613ded3fd9ec722a309f4a2b97277f440ebdf3643702f8532b47ae01d9b0fa6e2b1e38262b8eb9ad71d87e11982bf99780bc23d7ea8639cb9986ea7\"","tt-global-state":""}
VM37:1 —————-
undefined
