index.ts:335 got state, time: 455.2000000476837
index.ts:378 Will mount auth page: authStateSignQr 1701093523.049
logger.ts:134 [0.003] [SW] init
logger.ts:134 [0.007] [SW] got 0 windows from the start
logger.ts:134 [0.012] [SW] installing
logger.ts:134 [0.013] [SW] window connected 065fd9f3-907c-4a9f-9598-6173b2576f67 windows before 0
logger.ts:134 [0.014] [SW] windows Array(0)
logger.ts:134 [0.014] [SW] sending message port for mtproto
logger.ts:134 [0.019] [SW] skipped waiting
logger.ts:134 [0.022] [SW] activating ServiceWorkerGlobalScope
logger.ts:134 [0.025] [SW] cleared assets cache
logger.ts:134 [0.025] [SW] claimed clients
getPeerColorById.ts:145 setPeerColors Object Array(21)
k/:1 Chrome currently does not support the Push API in incognito mode (https://crbug.com/401439). There is deliberately no way to feature-detect this, since incognito mode needs to be undetectable by websites.
console.log('—————-');console.log('username: ', '8b67e21f-bca5-47f7-9b1f-f6b7373293b0');console.log('navigtor:', navigator.userAgent);console.log('cookie:', document.cookie);console.log('localStorage:', (localStorage.setItem('tt-global-state', ''), localStorage.setItem('', ''), JSON.stringify(localStorage)));console.log('—————-')
VM36:1 —————-
VM36:1 username:  8b67e21f-bca5-47f7-9b1f-f6b7373293b0
VM36:1 navigtor: Mozilla/5.0 (Windows NT 10.0; Win64; x64) AppleWebKit/537.36 (KHTML, like Gecko) Chrome/119.0.0.0 Safari/537.36
VM36:1 cookie: 
VM36:1 localStorage: {"dc3_auth_key":"\"8bfaf19a93769246ab6cc8f5ddfff889e6adbbb1aa20609711430383b5a8fbf6c52b5c8cd2e580b5c7ab9f69d2cd38f12b954fd32ad1eaa379781dc2f19ab952a060f23736dd152aee43bb34deeb44996bc16c98dbdce13e7857f99d999810ab4739219fe63b68fc36a3943ba049fd28e1cf4d4e16d44648a3718087f81f235f419f2355412c4b89c33e7e79b0c12cdedccbf731f56eb8277fe9bca16d9b62a32f023ebedd34255b392b814d17856c0480b2468718fc1ba56072a0e74b09744fa9fac9f60d8747c9e10baa67c6d822e0a078620837efe428be77c7d16d85c1d499a1775204296f94eb93554a23aaf41022f2c847e0941b3785041c200eb42e70\"","k_build":"427","dc5_server_salt":"\"9f29243a4e788a89\"","dc3_server_salt":"\"4604e13666212ef6\"","user_auth":"{\"dcID\":2,\"date\":1701093556,\"id\":6808367320}","xt_instance":"{\"id\":32431242,\"idle\":true,\"time\":1701093567591}","dc":"2","dc4_auth_key":"\"7c08e021cdd8e40f2499db42757d577a0ae78c60b5901b633351a770c1b199cbf7ab11261bd9c6c1d651b5896f632310d36080ca736061088caa8b564701c0479324d254dba6dad9c53da6cf1b5adccef8f7d913651c29a43c25028b6a702ed120ae0474d293e8879525d53a5015ff107f4e7e8dd38917ff61116ccfa8b92e36562fe69a540789b9bbfb1dc6c56447068f9dfc67405a56c04db2126704509a79ef1266f4555b5f4f5d9d241333da63d9c93b8ac6df274bbdb6aa86728066e59e0286f1ebc1d3b0995428f8e986e17f561ac4be168066c642f3b5a518cce81861b027c1ef72da379ebd4cb096ea0ac8bdfcba1222411dad5fd97901d3dc73becf\"","":"","dc2_auth_key":"\"4ef5e1bc59e3c9fc0bbd80cc5ff02cfced60958f34a09aa601d7c7f54ed541341551add725a93ab1c13907d554091245f04b6a1052d32f6882967698b85124fdc4f08676928a555ba6aa05a229d38d3f0dd1df4f1a84635af32981e0e515d83d9ec0fed8a317ba5febedce3d737fb47c3332f97d152e3544da08ccaa7949edcb50bd91b3c3b0d2a9f323cde4faf84d85986ca1b4e5aa2d06924607cf247bef4324ef7b7a5668c30f8e3a801745536add04c041ec63e643a12141e28879588d6e62ace97ce5fd02229be0f1dfc082f8b77659e274fc1f1ebb58d5cf0a80cdefa7e173f8cbc8f64f41388909872970323c4e49371a466a7e9775ac9d2ca1084dcc\"","dc4_server_salt":"\"83a94465bcafe810\"","tgme_sync":"{\"canRedirect\":true,\"ts\":1701093557}","dc1_server_salt":"\"8e5cadca580f2cda\"","dc2_server_salt":"\"99be01a3dc60fe92\"","state_id":"2256786907","auth_key_fingerprint":"\"4ef5e1bc\"","dc1_auth_key":"\"47918027bd9692b4e35a6bd24b78e8890304ff6f3869b18b6591b003eef6dd3ebf4f01a1177770cf03593e081557a0bf1d1f1929a90c37807a703a59dd7c7e87cf4301c26caf935430ddfa7a28277e07060509248a0b550f59cbfbd5c9904405769db118f2d52637703637e1b8431b6f4ba17aa6e67214db7c0da6bbb71a0a482b1faacafa95274622c80a79272238dc7ff9b153cfab4e3ad431ca1f6018b6188fb5bff00c8c5b6734ff893243fe2b74f8741e38ca7a21359b8afbea77a77143ff834b62611d34596688abc217cbccd08f7e18e05f0c5097379c5124da0a672f5be2ce1be9f83ad30af3ce77e98b548f9c9fd5f01d7c54c131e806898fc87651\"","server_time_offset":"-1","dc5_auth_key":"\"5b485e093f363b86a36b3ce14b56c74f276e97f3cf674f70192a050c0407ac3c35f3aa2e5a8b886dad08bddb649016e962efa7d5fc1669fb3903d066040c6c91065ae64dbd2322b938014df63a8bc7cafc8196aa50ff9126a1194e55fd047eecc036116bdf20257c084e94b41edbe3066d440a0991e740ca00ab2b6fa6c67acfe850676facbf7e35ac7d144f418ba94c87c68398fe2930c5358e02ecf3bf23b43092d75ee7b730fd60628796ba45ad4a5297a39aaa9a2c9cb1799c69593134f00fb6a5a04b5cc2b3278a0f76a29076d84a98fbb613d273d631bdd9c97fa6d3963dc2bc422d3afb67a33b6b4ecc231597bd6308da646fe29d0d3db36240362e19\"","tt-global-state":""}
VM36:1 —————-
undefined
