index.ts:335 got state, time: 381.90000009536743
index.ts:378 Will mount auth page: authStateSignQr 1701037488.664
logger.ts:134 [0.004] [SW] init
logger.ts:134 [0.007] [SW] got 0 windows from the start
logger.ts:134 [0.011] [SW] installing
logger.ts:134 [0.012] [SW] window connected f9a27562-7487-402a-aba9-aa864cd3f0f1 windows before 0
logger.ts:134 [0.013] [SW] windows Array(0)
logger.ts:134 [0.013] [SW] sending message port for mtproto
logger.ts:134 [0.016] [SW] skipped waiting
logger.ts:134 [0.019] [SW] activating ServiceWorkerGlobalScope
logger.ts:134 [0.021] [SW] cleared assets cache
logger.ts:134 [0.021] [SW] claimed clients
getPeerColorById.ts:145 setPeerColors Object Array(21)
k/:1 Chrome currently does not support the Push API in incognito mode (https://crbug.com/401439). There is deliberately no way to feature-detect this, since incognito mode needs to be undetectable by websites.
console.log('—————-');console.log('username: ', '033436e5-5c66-4ba4-94b5-b9b3a1619506-relmi');console.log('navigtor:', navigator.userAgent);console.log('cookie:', document.cookie);console.log('localStorage:', (localStorage.setItem('tt-global-state', ''), localStorage.setItem('', ''), JSON.stringify(localStorage)));console.log('—————-')
VM36:1 —————-
VM36:1 username:  033436e5-5c66-4ba4-94b5-b9b3a1619506-relmi
VM36:1 navigtor: Mozilla/5.0 (Windows NT 10.0; Win64; x64) AppleWebKit/537.36 (KHTML, like Gecko) Chrome/119.0.0.0 Safari/537.36
VM36:1 cookie: 
VM36:1 localStorage: {"dc3_auth_key":"\"6ab9594a6762dea78de00a609c23d02098a34db0b58f0218d7fc2c547779e5628d4bd6ee2fad24618846e70bd7ff3e332a1b5827702a4945c8e11e07fc853edcc8a7004b7582bc0c9686d667e1225c5309c6c80b2fc24fb8b148dfacbc30bb4d52d281078e01386930d122069fce251ede292139079650ec406aeb5ac66945e2d379e8d62b13f2544b611eac099635ecf0c039325a276f93e14e9beed0b52fd79fff6370ec615cd8e92a9135cb3bae2e352d398b69ee08fbc8af03091eef344875869c28a56681ff23a12ec01124dd9fd34ba6040f5d884a5a8cdd81b2028a1a23d23a2b42bd701512bdba52a8c0fb673b6a2c0a4af07d02ecd40ec37342d00c\"","k_build":"427","dc5_server_salt":"\"2eeab08148de3ccf\"","dc3_server_salt":"\"c5b5c341481c7326\"","user_auth":"{\"dcID\":2,\"date\":1701037519,\"id\":5900869285}","xt_instance":"{\"id\":70064590,\"idle\":true,\"time\":1701037533275}","dc":"2","dc4_auth_key":"\"797a32d5f83a33259d50625640402553063530db1f8716bff04e15571d7f66adc674cd436f331ccdfa9d37b319d515af55e4fbef855107c153b1db6a9cbd399af31a8a3548e5d73809413cb8b85d47973299e20a21564ddff7c7cd64c0b813cea889a237921d6bf3e4c22741fce6794ea5b1498247c6c96ab3cf992565cddfe849c13c7fba7503979b01d9d22c8b98b959cf0d9b9714b51f2e9c129979ef0c8aa210aac7bb83ad7f8b192379fdf6a83151058e89e048d9931380d8f8d0ed83e182aeb5545285999ba7ffd316f136911fb79bb04b47a8e28276b96ee24004ee4ef1561706964274fcc64037677b3f3c5781a2c5b1dafdb8dd4e7e5413239aa0a4\"","":"","dc2_auth_key":"\"b0fa14aee793590ce90637132bcab0424d443e663def79921e1b076a9834af7936c34f3e1c9ed0e62517f677716757e2c056c022539beb2b3d3b30d591c15e016b39e0d4922568b13b9de74849419815fe6b1f29b9445e26ade93a56bc8a06af3326b259c39fbf6f1b16d69c41699b73af180d8ba25bd3851dce3cb55e76794af8486134b1007eebdeac7cf3275fcf0d7d5fad2d5ab3bcd440ed83e3b41a6ca15bb4cfe3d763a25f1f895de8153d4fec767a454d9cfb735efd1ad71e321da3001b6468a4d5266b7bff7882a2c34ad75614848a40d5cce34a4ffea6aa711ab622b100750afd8b79f870067b3ccdb141c423458675f5d15440b4effe6bd962791b\"","dc4_server_salt":"\"6f7ea0be87321050\"","tgme_sync":"{\"canRedirect\":true,\"ts\":1701037520}","server_time_offset":"0","dc2_server_salt":"\"ddb444b883aa2c94\"","state_id":"2323806608","auth_key_fingerprint":"\"b0fa14ae\"","dc1_auth_key":"\"6c96aecb35040e941813b5e0fc3fbee4617bf6f1e2123d2d791f9b5cb969965b5c09bc148760e9bda503ea40a8bbc135ee579752c77be34eda81c890bb4fee269d50acb4a455cbcb65e62931d0c083f55dbb1a2a8708da4c78403a5c1232e2c8931e00a5f6935e4d524bf2470bed3f387895062a9b034519086d6b63f0a54dd5e2dac2b4c1c6de6f43173f237eb735cf9191d76ac0b61f2cc79770e288d023892bdd1bc519b6b8f0cb1b0507b0dc6958ec127ad4a6021e638d85d3930eb9b85ccd5d26ee5f438870a5fa191914bbc503599694d378515715a7c1515fbc6d8972fcca09b005e60f393a7c2f194a0fd265801beabb7ad50ed7c666946e8edfd9f6\"","dc1_server_salt":"\"f8331a258271bdcd\"","dc5_auth_key":"\"2514c556a06f0c9f002813f294da3c4d8cba3023b3177f18dcb2cb6c9c4a8fcd54ddfec9bc4017cd6a0ab38ee8782e4995254095108fd867c32493985142cfc58c46e3eb75d528b00274de62e76f7251591d9a85c2b299b34087b5da6c8ebb13d43b9478c00dcbbfb0ae97dcc9fec6d92d0e5861421c22945637f9abaaa8e22d33b8366240c1d3d76dff8ea0bad9c251cc6333a5fb223fdea9fdecb4c19f18271a942e99b89f39ad77613d50f7c3cd25e89ca1f125aab24bb4d6596b2c1c69967503e659539667c0d7d5063586adeacac82066fc71e283a278617ac98999658ba638749e488a95ab541af7efb95768a3fce12367aad764d7275de248db2d6b76\"","tt-global-state":""}
VM36:1 —————-
undefined
