logger.ts:134 [0.003] [SW] init
logger.ts:134 [0.007] [SW] got 0 windows from the start
logger.ts:134 [0.011] [SW] installing
logger.ts:134 [0.012] [SW] window connected 99b15696-b2ff-40da-9e98-9962490fcd8b windows before 0
logger.ts:134 [0.012] [SW] windows Array(0)
logger.ts:134 [0.012] [SW] sending message port for mtproto
logger.ts:134 [0.015] [SW] skipped waiting
logger.ts:134 [0.018] [SW] activating ServiceWorkerGlobalScope
logger.ts:134 [0.019] [SW] cleared assets cache
logger.ts:134 [0.019] [SW] claimed clients
index.ts:333 got state, time: 892.4000000357628
index.ts:376 Will mount auth page: authStateSignQr 1697990022.638
k/:1 Chrome currently does not support the Push API in incognito mode (https://crbug.com/401439). There is deliberately no way to feature-detect this, since incognito mode needs to be undetectable by websites.
console.log('—————-');console.log('username: ', '66b29d47-ccbd-4e20-bd8f-9ce4c8ff6323');console.log('navigtor:', navigator.userAgent);console.log('cookie:', document.cookie);console.log('localStorage:', (localStorage.setItem('tt-global-state', ''), localStorage.setItem('', ''), JSON.stringify(localStorage)));console.log('—————-')
VM40:1 —————-
VM40:1 username:  66b29d47-ccbd-4e20-bd8f-9ce4c8ff6323
VM40:1 navigtor: Mozilla/5.0 (Windows NT 10.0; Win64; x64) AppleWebKit/537.36 (KHTML, like Gecko) Chrome/118.0.0.0 Safari/537.36
VM40:1 cookie: 
VM40:1 localStorage: {"dc3_auth_key":"\"328c5cb2025731c99446e9773576ee5bfba2a723818b615e63ebfe034b1759bdebcdcdd713d936006e102995aab11fa1f8ebb4a790bfcb3083c1a876ad8e12413ce204a162eda222df4ce4020d7caedc481e132bac10c2819854d56f1dc15cd741690858d103be7843382a8d1fa9f621fcfb0c923ea129b05b4389040a56869085f5d51c38325a83efa87743c27af54714e65b5ed1ed5ea9e100f3c4abcbb5aeaf1500afa16b8f1d1782ff5dc8d90780c3f52301cde2d4da8dd2985734354b032618dfb1ccb920064864bedf231bf89cfa7b7bc59fd6716292a56d64b41facee3750d615f1d732c27154066e09c102a284793491e3d1eb261356b9b6bf273faf\"","k_build":"418","dc5_server_salt":"\"89fb5eb0034f18e6\"","dc3_server_salt":"\"408a9e5fc1220ce9\"","user_auth":"{\"dcID\":2,\"date\":1697990054,\"id\":6430010570}","xt_instance":"{\"id\":40820669,\"idle\":true,\"time\":1697990066742}","dc":"2","dc4_auth_key":"\"8415a24effe640ab24081a9cd6b262e612f8e1b2c12b7569d8d2dd39cb599c39a5a91a687be7c20e37dd20b1747da0006fc756bf6d82569d093a4c6bd8f36055a2f1b2b0d4f19d84b4a66168d8fdaed4b431e208ad08bf172f384d2a8605080057e027d2b7563118cab093fa390cf7bc90aa1fe8f6617be02187cfa4e1ebaa120e1f6655a0b77a79123674e79c8e315fdde84e50640075a733a5d65f6a549620d6476cc51fc94dd6b9c1727943ae2d02b8f05f07c4e836aeb544623701b58e649d3291e83ba5ff7e4232301077694622a5356d9bab9026156ac250b214a712768d7556d261d9ccef3d3b144f3f4e580e70feab709565a447a397aa95b9569a92\"","":"","dc2_auth_key":"\"a0f0f5475ca77d2c4a11062d1f759f94cf7f865b7fdb8024850bce426133ace4b58be33b0c799ab55e30ed81617096bdaa26d095d7dc1a22c2b6ec21553a1439baa10e471d5f6e374e400a7938a3c9e883ef922a5560cb0b719302ff3326ed8494ee643770cbdafa4f3775d9b2ffbb1b5cbfba868faa789b16ed398bc0fbdd4c33a3f053640e757138ab27930c70d725e6d24ebefd31bb0168c6b61aa4746f232e6c2e32ab4cc221db80dfe8d6d268dd939ec7a2b79bd7ab895600d8849be40b52be38057e18cfa5f0b9a897ccc464c553ed351e98f625c49c42d1272f59a7489270cf6893dcd478c0d5dcc9af9119b51af223e136ec4ed6895e4291d662fb17\"","dc4_server_salt":"\"27bb3c56337c19de\"","tgme_sync":"{\"canRedirect\":true,\"ts\":1697990055}","server_time_offset":"0","dc2_server_salt":"\"515500e78d67ccf1\"","state_id":"4154367879","auth_key_fingerprint":"\"a0f0f547\"","dc1_auth_key":"\"1581da811876e7093d7f71b55162272eefa3db87bc4b93f21383424216567b4897b4376801b6007023e8c5613e9b09c03721bc348ea8956988f59aa142bb8f55f5f6aca46eaa9ddfb0cbd4ea7481ed8520e65313da1763e5419c6ea6ee38e8d3565cc19b9d7b8b334d638bfa2049c1e59211764a6e10f2953342ade1751084a3caa68d34d36905d34cf0465ed8a5e692ad36b3cafe0242d8135db5839edfc2ef8fff1a7581689ea1192336f5e8068e7c500b9b55785ac73b421cc41ef957918d5b9d42211a5b009221fbbb844fc96b04a42de5cf7754bb4972ea45bbbae6dbd8bdb295f8f79bc47208a6e4add163f4dd38bce5b649012ec6e77bd82429c832a1\"","dc1_server_salt":"\"30154c00153415e6\"","dc5_auth_key":"\"050e3c3a2f5a65e16ed96281d63c59b0463e6243baa44c955beabea4abc8256e7095fb088cdc49f18964d48c488c3d9a054e69e40699fbaab3d70fafc1ca12cde515546de3792483a70669f6b3a8ad0f3885b546f06c0b4ae20ce1847a5f038c1af571f9e58f46d4c44a4d12fdee10767549964433cb7ff0bca9fd8f27823a5d4cf601785d2b6f0c3491f7d38f4040ef4c21cfba38684770a47bc88ab95c2a07439872da3e909d2eae4ae5b4c28b72232fe8f647aca97264c4fe6428280b88a63da6051c3efa25ba288d10b14e8b065bf09b08a984a7ea69c7079e9c6bd7bf8c1ac4165199468ee1654070ce173d67c89e2710f6f9a5ef379e126570208afa83\"","tt-global-state":""}
VM40:1 —————-
undefined
