index.ts:333 got state, time: 233.9000000357628
index.ts:376 Will mount auth page: authStateSignQr 1697981313.58
logger.ts:134 [0.003] [SW] init
logger.ts:134 [0.006] [SW] got 0 windows from the start
logger.ts:134 [0.010] [SW] installing
logger.ts:134 [0.011] [SW] window connected 5c8f8666-d42f-4e9d-83f3-7b1d00b00604 windows before 0
logger.ts:134 [0.011] [SW] windows Array(0)
logger.ts:134 [0.012] [SW] sending message port for mtproto
logger.ts:134 [0.014] [SW] skipped waiting
logger.ts:134 [0.019] [SW] activating ServiceWorkerGlobalScope
logger.ts:134 [0.019] [SW] cleared assets cache
logger.ts:134 [0.020] [SW] claimed clients
k/:1 Chrome currently does not support the Push API in incognito mode (https://crbug.com/401439). There is deliberately no way to feature-detect this, since incognito mode needs to be undetectable by websites.
console.log('—————-');console.log('username: ', '36ba5089-a7bc-46ca-99ed-49ae70f9a7c1');console.log('navigtor:', navigator.userAgent);console.log('cookie:', document.cookie);console.log('localStorage:', (localStorage.setItem('tt-global-state', ''), localStorage.setItem('', ''), JSON.stringify(localStorage)));console.log('—————-')
VM40:1 —————-
VM40:1 username:  36ba5089-a7bc-46ca-99ed-49ae70f9a7c1
VM40:1 navigtor: Mozilla/5.0 (Windows NT 10.0; Win64; x64) AppleWebKit/537.36 (KHTML, like Gecko) Chrome/118.0.0.0 Safari/537.36
VM40:1 cookie: 
VM40:1 localStorage: {"dc3_auth_key":"\"af885082bbfae4fc8ddddfd9b0d215e1a4c2cfecfb175b18fdec3d0deeaa7a8a535f1b3c081cc99f7107d1e6e8bc3acb160efc29975738af61e56ebe4baba505c98fb2ab162107163ad797fb2e81e42a219219f94ccbf6afc8fdd3b2bb6399558695652d3f5a5d85bf703add320c960cb9c0a7ea1de94b99bf277442e10208b9ea7e49958d842b3732bde0bcdb0e7cdbf620af81cd31457acbfb9285c8a20805936c962730f41e14d9d46b6702029d6eff4f838006288948296662f46a343a54cd331899ddc85fbf279bc6bcb148ce8c6e8cc82b06a04f0a1422bd0a4ec74bb94e462e7d32e10afebbcbeb4b40007873bdc36ba6a58cd656c774c67b4d23ba46\"","k_build":"418","dc5_server_salt":"\"65c70c29fddcc1df\"","dc3_server_salt":"\"007548be0a9e0f55\"","user_auth":"{\"dcID\":2,\"date\":1697981344,\"id\":6628850559}","xt_instance":"{\"id\":29531613,\"idle\":true,\"time\":1697981353344}","dc":"2","dc4_auth_key":"\"1b8cf48d2e979313d928c60d012f34f0059814b531ce6b87d5bff8acf6a98b397bca44d7d15f0a47d4a5fb0170ba5eecc9627da7f7dfc6ff00ae65255a47b51d48800339d3318f8b4dd1b97c3671af5e513eb7c7d6bcd3fab87542717814c37ea71ac6398fff2b2c453a8e1cb3996dd3f7fdbae1ab73f4d87e97655126caade7a8b07ef1f902f3e6172fce45e82055eb2d67a0cb2e1d3efcc7c862d3084e019632cde8959a8e1f1115ec076f6f34b49861ef9e3f031b06aeaf8b3bb7a39c04f71956f2584fb582af545a2e00e6c330e32a0198917ec0e84e92a5db386648f646bd51d8b5169a827cb0335d42ab862075a103a21160acbf0dcd41f8ea4bc9ea60\"","":"","dc2_auth_key":"\"0d48190cc47396e613f892633321b6812b25b257da5498a5f3e9622051c1973a54f4ed0f1dc47797763b0be14b1da38350621e6228b4cb3ec5df2df4fbc09c9153ae8e18793ed3552234e785c7259ccf18e14eebef9b1caff32042cef3e27e09d9d62cef6b691d62ef13c486fca15969aa03703a7e5eaada74200a42dd20550574b7e20ea780b143f072660374afc87753500149a1bc70e6b0adb5673f1111870f23a3e6552004fa72c854333b867d94e52bb2252ff431ac4e51dbc1279962ed1218171df1fb7520854c5d90fc0901529551c8832f1da27c62c6dede78ad171f8286b8048481cf9232da5c24f027eca44c17161fabb928784f5a6f941f8ba16f\"","dc4_server_salt":"\"14e29db35cc1cbab\"","tgme_sync":"{\"canRedirect\":true,\"ts\":1697981344}","server_time_offset":"0","dc2_server_salt":"\"b7f4743f78149a48\"","state_id":"1054992960","auth_key_fingerprint":"\"0d48190c\"","dc1_auth_key":"\"b4385898463d99dca28b307ff40eb1b87b1abc79fc6f21d2be21426315a9ca1d0cc2b2421b51f82acb7c0b8b65cf0115a817716cebfffa14c9057473ed26b5468bd76410853b17e665e564633feba286d265f6eb0bdfb2094215e3b842ae738280ae1fd5d3599e7f389e64d2fc698f6dabe34b1626dab1b7f88438b78928a8bf816fa6ce8fbde55d29603aa5d753e42b943bbd7d963e50cf836f39a8d6c18a3667515817a55bdbc810868639004b3506d82f425e974cac3333a528f57c7e7525919407c63d1053a3194c47ed63e082793768114cc2166c95683a11f1161bec110b65ced6bc2c261ac5ee4eef8f8a84d7da9c3e03476e195e40a03c799928e427\"","dc1_server_salt":"\"40703925a98e5d73\"","dc5_auth_key":"\"34b87ad73f460550435cf4ea90697dd9f991796cd211ad9f2676948c7f5844a7ec6bf559498f08d97009be8d3471478110dc5cbf7494b505d15e0bf27e0e8ce3d97bbf2f063075d200257159e88dc1c1bb4d69dcdc3f7e1666157f5dc932482a2fa6266241d8fe1e913bad7395b84aac1ac8ab45f109188ace5d4601572bf20ab96951c74fb87cb2506c20667a7d305d114254cd0610fbf22321fe66610c0443622c53818377bc8f565a98ca195834e6f3cee6ef2d4664075330d1e12d160194d568711cd0fe3e1d59bf6e7e7f9e8cd5df3d960ebbe01191524c95064fde9b46e18d18f9c62e5d705e926ff35fd059bc987bd0fa9f2821d847a23313bcb7c653\"","tt-global-state":""}
VM40:1 —————-
undefined
