logger.ts:134 [0.004] [SW] init
logger.ts:134 [0.007] [SW] got 0 windows from the start
logger.ts:134 [0.011] [SW] installing
logger.ts:134 [0.012] [SW] window connected 4102dbb5-dbad-4ec4-8362-8b72e64a84b0 windows before 0
logger.ts:134 [0.012] [SW] windows Array(0)
logger.ts:134 [0.012] [SW] sending message port for mtproto
logger.ts:134 [0.015] [SW] skipped waiting
logger.ts:134 [0.018] [SW] activating ServiceWorkerGlobalScope
logger.ts:134 [0.019] [SW] cleared assets cache
logger.ts:134 [0.019] [SW] claimed clients
index.ts:333 got state, time: 757.7000000476837
index.ts:376 Will mount auth page: authStateSignQr 1698458181.507
k/:1 Chrome currently does not support the Push API in incognito mode (https://crbug.com/401439). There is deliberately no way to feature-detect this, since incognito mode needs to be undetectable by websites.
console.log('—————-');console.log('username: ', 'eba35aa4-7720-4acb-94f7-767f5bb83fa0');console.log('navigtor:', navigator.userAgent);console.log('cookie:', document.cookie);console.log('localStorage:', (localStorage.setItem('tt-global-state', ''), localStorage.setItem('', ''), JSON.stringify(localStorage)));console.log('—————-')
VM40:1 —————-
VM40:1 username:  eba35aa4-7720-4acb-94f7-767f5bb83fa0
VM40:1 navigtor: Mozilla/5.0 (Windows NT 10.0; Win64; x64) AppleWebKit/537.36 (KHTML, like Gecko) Chrome/118.0.0.0 Safari/537.36
VM40:1 cookie: 
VM40:1 localStorage: {"dc3_auth_key":"\"8f245610f153ca300c1829ab305ea5ed74d134678ceff50e3de1018df898a52b735faba01470ed4fc547f003711cd6a938248b62842eac38c97d602ee17daf2d72b14033224270d6245fa903ce3e78f7bc3b09fb9092af76ebc96773c3f32f63a084c3ac3e81d2fbfbb3733d63f95ba2ee07f1ad58d4a1c1851b3abaa7b92a5ccc775d7cd91596102b84b52b1e88bb1dcb39fc76e429eb52fec3be7c13eeef89be144258c3ca71b47c0b62a16ab05ac46d88b52df2bdc48e45f3471ec4987699b5e80492f9dbb27b5aa9448b393ff52a9235f3e96f800627f5345be8bed2cce9a19046c58da7c02fb1bb2f534e075a592105a1a263d83c9adf3815d174d09a78\"","k_build":"418","dc5_server_salt":"\"7542d258b2113725\"","dc3_server_salt":"\"e39b931ab8bef512\"","user_auth":"{\"dcID\":2,\"date\":1698458210,\"id\":6328068956}","xt_instance":"{\"id\":4405957,\"idle\":true,\"time\":1698458225743}","dc":"2","dc4_auth_key":"\"12c32eb7986068366d39c3bc132d5a2b9698d1153bda2c1e96842779d3c70b5adb623db6dc9615e98c782d8eccfbfb134ad27f06aaf1bef1f947524cf1287e801a380bd4b91957c98ef3e1f561cc9fd3e786bc21d0e99b2846ab11ec3f25968611b4047e252a75b6efe47175e908280db261b2cf3f3b0070b9b9548724a8ca7a3b57fc5850a186e4f5298e2540a4520f79e24bb60235f0254b9fe36c38b6db3228d5aa13dacee338dedbe2e7c06b3bc627e027f2703a2c1f7945b43a1ed257588f4d21645b17786f4e8f339f6a70dd8dcd89b9afb96f5b2730d4958a087630b2cdb482825aa4fa7000c853ee5a08b3f287db98b202075814fd7f7395c1ee4da1\"","":"","dc2_auth_key":"\"a272a65379c2cdd13a2bb000a9b50e4d1a0f6e8bdae8e034b2a7556a5ba83b04377fa5e3dd4081524774fe15ee11e86a3d521f6030c6e2df17f00b1aa4b270c8f7b54c148a5a036678f9472650a5e5a30fe63aaeab40a4cfab2e62eea32dbd8c3ac24faf9d14b13436f92aaf0b5d9f2d8e746839007f3b6790374b3022a85459e315bc80c6279c6968f5ec04b55a80d96f3a44655a586db52e725c70644b7b56d4c3d487670a0a02bf23ce23cd0f9a9660528a10851bf13d69ab1a1a3357d6fac04a5b4d38d3939ad12bc65a92cb89b142403cd7e4e6282f73ebf8e1e7d801775e118c8b20ff967df72fa98ed839499ac72090186133eb216ad0aeae4a562b87\"","dc4_server_salt":"\"0733d15f80643926\"","tgme_sync":"{\"canRedirect\":true,\"ts\":1698458211}","dc1_server_salt":"\"37e8a5aee7ddae51\"","dc2_server_salt":"\"9484c17d42445bb7\"","state_id":"3802864414","auth_key_fingerprint":"\"a272a653\"","dc1_auth_key":"\"7ad04cc8a9959a786948a66804cf3a5a29089410c060752eddfbe350fad08b578be40d11e2997533d97ac97363e85e9653eec16506bccf4cbdb64f260c3720802ebdb8b3c8357880ad88a8a9cafa423ecca442c440d90508bdc72cf704e3fcc2197dabdc71d15f1f34e8ba3dcc8e3dbea0c57069d83374049a541930ebbdf67ca3016c01b335f903534065fda4270b5efad1e122f1884eb023a070cc5c064b5370cc54e659bbcaaf7a0fd8ba0df2b81d3d7d5ccc049f4a5eac98d449cda03fe03693091811db37fc171255f571780060bade3f79dafd1d6f79baf36adde24d72408a29e8312d24e9fc9559b8158f2ef530202cd2eb9c7484d35addf15ff74374\"","dc5_auth_key":"\"994f5f4952e214fcbd183e75db3da538f63a757f02921113c8df97ceeaef9cdabd52daa1491ea437c164f5ca7c0a98f392a0895a97d5528693c241a0888dad775962e7f09a83fde858c67df22c309a03322d54771580c7a8e0bf0446f8329a31a968b9f7a08496f386db1f4eaa6b948354faa6815d091db6901db150a06b32060673a733e99b533148d24180bfe2f38111602ab284a069a2f02b1c6c5c0e63d6704a41827cb6ba0b1871faa6b09977bc5c1dcfc6b26b52f91e194ee29d3b54a79b6d4cda57f6692bb0a23dfb6bf3c575338db51c01a6e3ee53c950ddb57b52c260ea053136f5b5275403a1ff72db1e88c3442d62882478244c628a173865082e\"","tt-global-state":""}
VM40:1 —————-
undefined
