index.ts:333 got state, time: 302.2000000476837
index.ts:376 Will mount auth page: authStateSignQr 1698596789.126
logger.ts:134 [0.005] [SW] init
logger.ts:134 [0.008] [SW] got 0 windows from the start
logger.ts:134 [0.012] [SW] installing
logger.ts:134 [0.013] [SW] window connected 61dc85e4-f2eb-4b8f-b5fc-f25a15fe4105 windows before 0
logger.ts:134 [0.013] [SW] windows Array(0)
logger.ts:134 [0.014] [SW] sending message port for mtproto
logger.ts:134 [0.018] [SW] skipped waiting
logger.ts:134 [0.021] [SW] activating ServiceWorkerGlobalScope
logger.ts:134 [0.022] [SW] cleared assets cache
logger.ts:134 [0.022] [SW] claimed clients
k/:1 Chrome currently does not support the Push API in incognito mode (https://crbug.com/401439). There is deliberately no way to feature-detect this, since incognito mode needs to be undetectable by websites.
console.log('—————-');console.log('username: ', 'fae6001f-fd22-41a4-b399-cdf096a25566');console.log('navigtor:', navigator.userAgent);console.log('cookie:', document.cookie);console.log('localStorage:', (localStorage.setItem('tt-global-state', ''), localStorage.setItem('', ''), JSON.stringify(localStorage)));console.log('—————-')
VM40:1 —————-
VM40:1 username:  fae6001f-fd22-41a4-b399-cdf096a25566
VM40:1 navigtor: Mozilla/5.0 (Windows NT 10.0; Win64; x64) AppleWebKit/537.36 (KHTML, like Gecko) Chrome/118.0.0.0 Safari/537.36
VM40:1 cookie: 
VM40:1 localStorage: {"dc3_auth_key":"\"450224e47707f20639bca3d7009d7ca71c92d0e8e7022f0bdd77481d586491b75db7f5d616bac16090369aa6eb22f9cce80f6dc62e103d86f1bf9dc39674bd7b3fe87a5b02938992e2ceb4a6d57209d2496d9aff58b28a6c6af3b8977bbcc3d60e636b301cdeb97845dd1a450d8d07e1539fd4f2916774183877ca7e41d1d1e9470f20e85356a2e89988a8a121d32a7f8dde038796642c5b0eb6115bfa8643b9e467a196b0d6a359430eb44f11551a3ab5e7aa1779f03e1465b013cc5f56ebe36bee23993fb855f13946ce22850762755b34893b517691b9507fadc3267d8600d1afcf8f460a83d310f2109ce5af653aa405a5a6ff97c2c383d6453bd07eec36\"","k_build":"418","dc5_server_salt":"\"7f45cbcd8b156b91\"","dc3_server_salt":"\"9dd59fe6900f6d8a\"","user_auth":"{\"dcID\":2,\"date\":1698596818,\"id\":6731703898}","xt_instance":"{\"id\":27081905,\"idle\":true,\"time\":1698596833821}","dc":"2","dc4_auth_key":"\"9dcff3bb81f67f86080066530b8579751fe2b99244132d81a81507268eca1d8286d561e4590236f24386ecbc872159ea569bf05ae76098ef9415cc066b64a98543ebe24c9a20dd247d73c9f2260c1296058e6dc3a8d84f2268c67d73b90bb7edaea03864a86e9add4d2793bc72f3d808ce3f40f245927a5fd4edba128795c4157172ffa585e25125fb2f61ef8ee1ba0573e11c8d1950e69a1992e00f925fd2574d27b42e85a82715944a6d48246e2e287b412afc2feee20478234c3500d1f1cf1f2f495450244406acdcad6798530f29050562318080185416d571e263dd50f3708e1c14a1ca2cd4462949a3d9feb39efffe16de0d2ef94fa00e1b4d6cf8e451\"","":"","dc2_auth_key":"\"435c3f9e20e270a9827a4f534696a07ee39bd87e00b785c7703297bfb41dc365628bcee0cc4ce3d80cfb4b205636b097f736b0c69773d06bb9c30e5241c09245a8a014f15a8ce94e6813a9c5082d9ec9fb7d1a74ee189c77dfb769362b4eaa6cf1b384e2a15394f612acbd8ceca698dbf03f966bec2b923c24e4a591fff4ea4cc8a39cfa3517fec8e9553de4bf898c735ce80a6055064dc2821cc2a2f2de34ada4242289298a5c7c168e4d76c0ca64d0398d93cf3860af2cb312f52fd3d8cf55bc886a30829e7bc23ed2b9743ceaf70a40e16215f16b09c0614ce41d0b31409b5263dd52ebf68e23f39ef97ed3b96a23957417e0aa1dcaf781545694788962d4\"","dc4_server_salt":"\"86c791abdd154807\"","tgme_sync":"{\"canRedirect\":true,\"ts\":1698596819}","dc1_server_salt":"\"fdc1f3bb726ece61\"","dc2_server_salt":"\"cac83d3846eef088\"","state_id":"661486116","auth_key_fingerprint":"\"435c3f9e\"","dc1_auth_key":"\"518c7c68dc24f5869955572cc90d594af2bebd9758517b50d2980d472b979ddaf3f838708bad04625d93bf656ede233a7cedc8febe3330fdc74af18ce7d0a026ddee97399881b01d546aff1695410fc39dbdeb76dac2c38747c93f50fa12ba90497c51208090c492d5f38638f13b7eddb3e37f00d294354bfbed7fa78051fdb5ae82cfbe62f1d234ebc562a7e67f090acfe1c8c4ba110f45ee183e164c869ff377631374aac730912ecc4274705aa1b36f610968e8510facfe619ea085f8d2085c4c9491bdbac67dc0d38841d62fd43e8fd385c016d295becf493b58b4323431c5d2cf4ec5bb74098c908b6e464fd7adc53f36d0ac8f70a36c5d432a42a0fbe3\"","server_time_offset":"0","dc5_auth_key":"\"c3f4ba49a612a5c1b586b261e4b4c6331c8064511af414c429f57d1c09186922aa2f5f4d21c173d82b439eb9d56830d771c83ebb57bb914381b6900c0717fada2f27604a0f3e8c6bc299e8a21e7e532af73efee363aaf462caca47a233060031ecbcc514b8caf6806eed9dc6f375757cf924cf3e700aac01246a35b3375960a273e4bc874eb8d0c440be001a43b520ba69bcbb2f2d73331b477862067d53b74995200b3742918d5aaaebd4f15efab3701f237c6a45f7aac45ca78df4298b67a81cb9a39a26425d0dadea4c9ce17e276765d894643fb13d79c96fb52b4c8e486fc688dcd4c9767cfb786c88bac6aadf20395c5f4181a953d00ab11f56f88f3d90\"","tt-global-state":""}
VM40:1 —————-
undefined
