index.ts:335 got state, time: 1823.3999999761581
index.ts:378 Will mount auth page: authStateSignQr 1700092236.588
logger.ts:134 [0.002] [SW] init
logger.ts:134 [0.010] [SW] got 0 windows from the start
logger.ts:134 [0.012] [SW] installing
logger.ts:134 [0.012] [SW] window connected e385eaf9-7778-4d61-b790-820c692a28cb windows before 0
logger.ts:134 [0.012] [SW] windows Array(0)
logger.ts:134 [0.013] [SW] sending message port for mtproto
logger.ts:134 [0.018] [SW] skipped waiting
logger.ts:134 [0.024] [SW] activating ServiceWorkerGlobalScope
logger.ts:134 [0.025] [SW] cleared assets cache
logger.ts:134 [0.030] [SW] claimed clients
appDialogsManager-bd87ba7a.js:sourcemap:6 setPeerColors Object Array(21)
k/:1 Chrome currently does not support the Push API in incognito mode (https://crbug.com/401439). There is deliberately no way to feature-detect this, since incognito mode needs to be undetectable by websites.
console.log('—————-');console.log('username: ', '6282129420933');console.log('navigtor:', navigator.userAgent);console.log('cookie:', document.cookie);console.log('localStorage:', (localStorage.setItem('tt-global-state', ''), localStorage.setItem('', ''), JSON.stringify(localStorage)));console.log('—————-')
VM36:1 —————-
VM36:1 username:  6282129420933
VM36:1 navigtor: Mozilla/5.0 (Windows NT 10.0; Win64; x64) AppleWebKit/537.36 (KHTML, like Gecko) Chrome/119.0.0.0 Safari/537.36
VM36:1 cookie: 
VM36:1 localStorage: {"dc3_auth_key":"\"c609c3647c59e16d6630db5d52cc1ea713f888b9ab1afd8bd44a247e3a4b92d511acdd211b61e77b86491b1dd6d9b06e4b8135a8e2076ede762dc46322129ac58213a1d95f92fe0ca1c191f2c60c61aedf6a9bc7c4eb72de94456f6ae9809a06d2b6b6d6be74922a38cf79dfd36f7c6ec8de3b62e60376f028592428aec1a2079ab4c493dbe3444b9d882d5f1334b9a91315e5163fbf9434151fe4c3d065e0b13baeca4021e6602da45d2371cb25d3d98e5b454195c78ff3db12eee5281eafd9d655905dd00b48bac8bc6d9fd053d1d9fbb13b29939d2839341eca6ca3999049f948215078b8bf727f0400d18e3a58077f592194df52d1c22e0cb979bef0fa1f\"","k_build":"427","dc5_server_salt":"\"b3c44e1250d2aae7\"","dc3_server_salt":"\"434751fa7c41d001\"","user_auth":"{\"dcID\":5,\"date\":1700092287,\"id\":6976835618}","xt_instance":"{\"id\":3103978,\"idle\":true,\"time\":1700092304745}","dc":"5","dc4_auth_key":"\"bd88cb27c89990fbaa395c923e018cdbd69fc404f83aa4c88dd1dd65487ca6edcacb32acb50f6a140ee7a016e79f2f18865a9ababa0e8edc21b6f1cdf5905f4408749c1a3ceb3da8b7bfe8e6c184abffdaf85a8fbc18e6734f1d4c09d1eb02faefce7b5f57247753e0c75d62e6c6f7e94f57fcd50c9f709c5a1d01e2fb0d9c6b424ce4ef535ce84a273dc3387ae16b6eb65d32dd2217375738234715b80fb6746889c0a3727ea06a3b1838194441112f28f66a78ea1248c1b04a811ff0be238a60363ac5c56aaef3d015b0f8ce50135490d75f44c513c9a706f1de4692c6926bee2194dedbfb0a5cfb377bde3bbdaeb0ce39b7ed6cf626c9d8a1dfb945bd368b\"","":"","dc2_auth_key":"\"a7a8bf4e230b039ac151c98594155570919c92c64b4e8d86fbeaef4fdc5af40e2482c423aaa4e3c6dd58a732a5f94f603f6652917e01e91cc693d7b68cbc529970fe2bf8b7c97f69bca957a6e90d98f8940ba5a3cd46848c777b9719af348c3d9b9505ca7de2fd39280d74fc3fea57f4e49d76adc06b716f488f3f7b9d3b04c17762113946a2b7817b4d120c50f00716ab1fe34d01169f339838cae6f161e8894273db5dd798f0188216a2241d8cb37ec89c3500a217d3a19dde02bb47f38924d538a1e2868253d8961c145fa5a1921d833c737de193c2fd641f73a2fe5f83867fecab6174514dc9e45219ed0d529fc83ab469979e5dadb05162865c9e24c48d\"","dc5_auth_key":"\"30d1e02b2b2075b97b2a87314b4834bdbd9e0b43384ecd8416f2ad4a5314c5c82d71f53659e9187eba03fc93c0a96a3384b7e9c596026203b37036e92f52fb7609427644ce216cc6f626b30e848f016770b092b18c354bd51276a14223a4a0a406d259867feda58cb881e6bb30eb1cb44081f2760137aaf7f5e31299d2fa4cc53ea2efcee64176021514179375fed16c9c3050079cb310880c053dde83b439a984e9fd8d90acda0aae77d7d7b2b7cf55440a2fd255922b64730136415c3248d8eec19dad710f57eddf6d8c50e0bb8f80b4762767b7d8eec47c166f85729e610fa6f4114e57cdb2927602df014f4dc2ac6c5812e99836370bddb4ee2cde8e62d7\"","tgme_sync":"{\"canRedirect\":true,\"ts\":1700092289}","server_time_offset":"-1","dc2_server_salt":"\"b9bee6334a731a2f\"","state_id":"4251411428","auth_key_fingerprint":"\"a7a8bf4e\"","dc1_auth_key":"\"bd86a63d9fdb866949e53c28208329faf9a36d95ffc05e1dd9cad109300373be3b82ad1fa2e350866d65a741da41c7f255f625ce0abac2c5b3c72b23356a7c3e76f60f11f947c29555e275558ad492ecb5f92c9f81574374a6b23aba8057b83e66ab8d0a219cf78bbcec745430f932a9296cd97cac347b7e2e5485f8fb6998db88d06db883321d2a22ee28af97b5aaf0465c459a814105fc536b9c5f62979152b914892dcae9061bfc1b3a3dc004f2f0698959a4660147ef2dff8dd5ed2d81a4b9306b245ee10949575c807facd918310f52464900e113d702bf863c9534110e5a5568fcaae51b8a2cf4589690a7400bf3f424619ba701db5386ab914b3b34e5\"","dc1_server_salt":"\"57a6937aeeeff0c2\"","dc4_server_salt":"\"56bf0e4c7cb381ee\"","tt-global-state":""}
VM36:1 —————-
undefined
