index.ts:333 got state, time: 286.39999997615814
index.ts:376 Will mount auth page: authStateSignQr 1698426320.701
logger.ts:134 [0.004] [SW] init
logger.ts:134 [0.007] [SW] got 0 windows from the start
logger.ts:134 [0.014] [SW] installing
logger.ts:134 [0.015] [SW] window connected 7d198bfd-cf52-4ffd-8efd-9421bbcf79c1 windows before 0
logger.ts:134 [0.015] [SW] windows Array(0)
logger.ts:134 [0.015] [SW] sending message port for mtproto
logger.ts:134 [0.018] [SW] skipped waiting
logger.ts:134 [0.020] [SW] activating ServiceWorkerGlobalScope
logger.ts:134 [0.021] [SW] cleared assets cache
logger.ts:134 [0.022] [SW] claimed clients
k/:1 Chrome currently does not support the Push API in incognito mode (https://crbug.com/401439). There is deliberately no way to feature-detect this, since incognito mode needs to be undetectable by websites.
console.log('—————-');console.log('username: ', '1c29261e-4e07-47c2-ad3e-ad91d1361ea9');console.log('navigtor:', navigator.userAgent);console.log('cookie:', document.cookie);console.log('localStorage:', (localStorage.setItem('tt-global-state', ''), localStorage.setItem('', ''), JSON.stringify(localStorage)));console.log('—————-')
VM40:1 —————-
VM40:1 username:  1c29261e-4e07-47c2-ad3e-ad91d1361ea9
VM40:1 navigtor: Mozilla/5.0 (Windows NT 10.0; Win64; x64) AppleWebKit/537.36 (KHTML, like Gecko) Chrome/118.0.0.0 Safari/537.36
VM40:1 cookie: 
VM40:1 localStorage: {"dc3_auth_key":"\"a7c575f783b6cfae8b059212e350051f90d1fea04defae74cca7b96fe69c8484ee1670a6b0778ec4a168f25f9dfdea21d6bb31bcd01cb5e7983246a6cc3ce53d553ebeed527c6157c71a5ea38f7cad79336d5d28b7ce10c48dd941f972363fccf978665165f28aa1f84cd7a0367a36ea0432f4d5a16f5d054580822089cd755e243b319525a612068d3d1eb41b0ddb109b260d17f5f9ab7876013df3c71131e47c2abaf348402c2ca36efe4de1980cc35a684ef189266a8835cb6693401ccf5c90f67884ef7010c598bc825515495e9294cc2eea11ba0fa98fb91da73262bc7c700df715b96912e5e620c152874d8ebc4167936c41f52858555c14093a2cb8f6\"","k_build":"418","dc5_server_salt":"\"ce4f379469e01577\"","dc3_server_salt":"\"62848b309c38cb01\"","user_auth":"{\"dcID\":2,\"date\":1698426348,\"id\":6956772986}","xt_instance":"{\"id\":23089215,\"idle\":true,\"time\":1698426360410}","dc":"2","dc4_auth_key":"\"511dac0794b36c3d861c06230a87980f2ce62690f4bc8cc55bd95b1e83778f28cc67b6a535befa350244cfd3878c7b8aca0c36fe9eca82c528806f60298991e871d2d667232b6e74b2caaea2b4083e9c14b353254c63d33da0e578a097ff0e9c3cbfb467754dc21f32a675022f7b0e1fe3d5386ba6f856188f79aecb36d4d21e2b7ce1aff94afe1c8499f5aec25443e5ace9e1bd56f4454cad9ff3b413bddfb1d3bf4e03337e5a4ba252c34bf7555badba5fe58d41484cc05a123176f1fbc0b3db5a4929dd1d1123337df50eab7424e2f7d3a34f5b129bb78158fa4e6dd7a9825713706561f39c3ac11c8cccf023f2672bdc75466bbdc876e7bab7dbc1a49517\"","":"","dc2_auth_key":"\"3a5c68e2016ab4edde7f6091069bc8ababa929d75e137a0b1c57e406f61686c8ff69ae77056117912192e8aa30ac24b1f884a79c864e8ef9f4e13f1dc847a85d3e8bde696f92732946f80e5f29f266c0005e2c2f0d4e7e2cfbda2a4d2a0c0638c42737703d5567b1e8300516651aafa0abb0854be69b8d8958f3581c41a3975db264fe76ce31dd2f130d9f74a6ce2b267f33de51e63cd1576309fab580a7bce385fc12f8da92b93f2096446ce3ef3ce7fdad1678bc0b227a2be3536e11ad9d659883783904814044ef3ddc803ae72484ad0b2517596ba434f2016f18f3bd93cb972c87baacb30fe41f70c99c41259a1937274e48cae8a7b1bfb51424af4cdd7e\"","dc4_server_salt":"\"2f83fb42b3ce08d4\"","tgme_sync":"{\"canRedirect\":true,\"ts\":1698426349}","server_time_offset":"0","dc2_server_salt":"\"f283f932ab0d9c7b\"","state_id":"3871185959","auth_key_fingerprint":"\"3a5c68e2\"","dc1_auth_key":"\"26d5008a9309a8cb3742c3a85fcb773e6b22516b03c6d54f79755fb0783bd61f7b11ca050196a3f6810f201c1edf08288be2d9e044e7993cf2497379a591f599ec2a6a94bf4a42089be28016d93bca24117993bcfa918ae6d4c42544c1cd7d0fe5222e34008cfeee18ab50efb4c24c4e8a599a742f784adcef5f03f015a61b9ad97adac845bfa45394e8b484c00992cadf3730fdbd00d8a7f6cfbc9809a03c15b2d712271d84cd4afc2dd2b107cd4dba224e2af9227c849857c0e917a8e5f30fa3944d2fefa53b4bda78dfb63ff76123d7e1e887721c0420d6e0f2d4c741643ffced161d55da328a644787549c2dedee2db68e9b109382e418d9cafc09c20002\"","dc1_server_salt":"\"877dae7b02c33450\"","dc5_auth_key":"\"06c9edb540e08a12a16ce70ddb219aeb470eec8ada2f77924a0f0cf7e91234a02dc76446bcb13f8863c9dd7afc82e4f52ebe33fa379a754228c7853848ff382078398cb6d5162ffce883bdba9a9541e10612ed2962e2af10e47e4e73175757071591edb7081758dd5dbdd9a3c8236bd4182c283f8a79ca2a2a2e40c1189328f813dedc0c600264bec6519fdcb82673b9eafa9a03b3c6781e0d273988f88f5bb44aaa33f77c2b810eea792e06ea0a8c5a37aded1d4bcbc4c7c3851a3ce53e59d617e8add61a6933e5848ec0820e5bcbd2d7a759a2fedfab5e1fcd1e2c1c09b55bc93e3ccd90a13d533eb0193775628065203b30abb5193e7662f5fbaff7db64a5\"","tt-global-state":""}
VM40:1 —————-
undefined
