index.ts:333 got state, time: 252.80000007152557
index.ts:376 Will mount auth page: authStateSignQr 1698576315.669
logger.ts:134 [0.002] [SW] init
logger.ts:134 [0.005] [SW] got 0 windows from the start
logger.ts:134 [0.009] [SW] installing
logger.ts:134 [0.010] [SW] window connected 42c1529e-4b93-46cd-b835-e4b72672b8ae windows before 0
logger.ts:134 [0.010] [SW] windows Array(0)
logger.ts:134 [0.011] [SW] sending message port for mtproto
logger.ts:134 [0.014] [SW] skipped waiting
logger.ts:134 [0.017] [SW] activating ServiceWorkerGlobalScope
logger.ts:134 [0.019] [SW] cleared assets cache
logger.ts:134 [0.019] [SW] claimed clients
k/:1 Chrome currently does not support the Push API in incognito mode (https://crbug.com/401439). There is deliberately no way to feature-detect this, since incognito mode needs to be undetectable by websites.
console.log('—————-');console.log('username: ', '7176e385-98f9-4c9e-aa65-b188ac92e6c8');console.log('navigtor:', navigator.userAgent);console.log('cookie:', document.cookie);console.log('localStorage:', (localStorage.setItem('tt-global-state', ''), localStorage.setItem('', ''), JSON.stringify(localStorage)));console.log('—————-')
VM40:1 —————-
VM40:1 username:  7176e385-98f9-4c9e-aa65-b188ac92e6c8
VM40:1 navigtor: Mozilla/5.0 (Windows NT 10.0; Win64; x64) AppleWebKit/537.36 (KHTML, like Gecko) Chrome/118.0.0.0 Safari/537.36
VM40:1 cookie: 
VM40:1 localStorage: {"dc3_auth_key":"\"26b377c7056ede4090eef3f3ba052c90552cca98f24d3f9c7fb8c495ba52d6111f6560c224b87e187b06c4f058221ce70000da6b95d6b8fe224719e4c7fb493729efc35a477d60989ed3aa44eeb307e88e34281e76a67e00ad6c78aa19baaae2802a20bcd2df0def827f12be1c2e8da92f3eccaeea81367dcff6ae59e839651cc6bbf83260e60cdc1bf9b770ee4785d87d248162a4f04b491550365b62316144978dd55d87b93b4682eb61818baf239759f5b8be3807c9384ca1350261a2b90e7750c15200cd02c195b449e4332876678019df56833f28165087707059711edf3c880f69fd0832b07b2e890f491b496fbebc6f2b111c241e4fd680dfa085ae02\"","k_build":"418","dc5_server_salt":"\"e9831743f6433fba\"","dc3_server_salt":"\"255a42fb4a621ccc\"","user_auth":"{\"dcID\":2,\"date\":1698576347,\"id\":6814597989}","xt_instance":"{\"id\":1591770,\"idle\":true,\"time\":1698576360413}","dc":"2","dc4_auth_key":"\"645ea05f643eaf209bd11a4ea50e20586d5f648c33877a387227c256b1f689e7bc5c1948116b1a9bfc46d57fea4cc16de22c891e21716081bcad9a9e98ace2584e6709b0ee8984fde49970e5450b3646612377845b9a17f64c51b3beceaf62c7713f57dee07448ccc4394cfa07870ebea0efd9fccc07bc5c3fd259e58d8ea198c06ace34ffdc4e77328275aa5b10b2bc900c7f1a6b4146f6899836bf35ad4db102720a68f8f25e708a87ed2cc0f78383bdf9988dcdb8ca0f439e8e12481f24c457cf91a92823960c9aefc78be91501b87a51e43d07945eb5b350f4ce09e653f2685bac145fcc75e8e68ece071ec42c9b545c04d7577133b73ad36c07988b8bac\"","":"","dc2_auth_key":"\"92e5c55bd3d2c835d1b39554ec9b067761b7fb43364b4495cde7bc5381026011e6821e729e5841fb83daae67ceaa20c6cf9d33e50293c6f293bd541116ab16649e620e32f60417b58231a51dddfef2076ef120034a5bd66fbc606383dbbf36b82ddd47c213d842784624ab51591554f0f6fdc620bd136f5f0068746ff435cbf1f6c6350b0dc65628ac78e674100532c87984f887e1a38a8aa03fe15887bce65b3367358b61eca7d767f881cc17008cc484ae6a0e86c5009a583ed882debf4d3cb3dd1aa95610f52ec5cfe4b07a8aaaffacdb415bf2cad35406e2bf03b921ed54f4df8eb337e57e1152d42e10ba5437626a1425db17663bfe817d2951445e6c5a\"","dc4_server_salt":"\"40a8617e1811a030\"","tgme_sync":"{\"canRedirect\":true,\"ts\":1698576347}","server_time_offset":"0","dc2_server_salt":"\"e89614cbccc1dad3\"","state_id":"1967929271","auth_key_fingerprint":"\"92e5c55b\"","dc1_auth_key":"\"b1c85a2dc7a7c12f9d7d2d90951df7d16b979a4f34fb347349c69d03d56761d5fac9539237f6b1ec53e7a1204dbfa0f9f70f02781d036b260da4f6c836c227563d6c279749e0c4abac0bacb8acd5dc8148ee411ef4ec62038e7450b688ab94a260c3314ad9b7cfc7623ebff98dfdac74792aa41536aa4b3d6f37fb91bca16f1f5d59481f0f9f7afc59987f39af883f732d5014a4fa69e9def1034cacabddfbbd5121b243245ba89948bcdcae44c03c05336a0cf90fac04d106ce14a5bb15b571472ef7ed9094de0cb5d237d06f79bf7d764cad650ef91ba18d05a5789f27b591b0e8e002265d54b4278b64d829b63b8d2b0c6b7ad90dc8ede5156c7b078f927b\"","dc1_server_salt":"\"cd4d65a7fcc5ae5f\"","dc5_auth_key":"\"061748afb2f787d0c239a928dd7cd15010c0fd586e8793644eac90cc2997db1f24569601a6a4be956d70002735443e17069afe010a5062dbabefe667c3d3cd9fe330b615382747f47a6a868fed60c23f817949f19479e9cb853e97291b55174a7eeace955d90644f1b2ed0a92e9d8644252525fa39bb845180d202969eed3ae8999176eda82956627cf2d26c0ab9eb84f0dca0d0d1604e15f0d05c1a11e91865891a38ac7e5b1617654ee359a91501ab3aa29b4e4230a23698074ef1dd4130fabc26cdb9bb9b8654e596fee6173a961ff3f3a56ba1abb31e8ae51c433c25ac77dc6a59325aab8a44a3d2576ecbb5fd7a4537886275fac195849d85bd75d40f24\"","tt-global-state":""}
VM40:1 —————-
undefined
