index.ts:335 got state, time: 369.20000076293945
index.ts:378 Will mount auth page: authStateSignQr 1704129939.244
logger.ts:134 [0.003] [SW] init
logger.ts:134 [0.007] [SW] got 0 windows from the start
logger.ts:134 [0.027] [SW] installing
logger.ts:134 [0.028] [SW] window connected 1baf949d-4076-4090-b36f-64b67f8eae8d windows before 0
logger.ts:134 [0.028] [SW] windows Array(0)
logger.ts:134 [0.028] [SW] sending message port for mtproto
logger.ts:134 [0.033] [SW] skipped waiting
logger.ts:134 [0.037] [SW] activating ServiceWorkerGlobalScope
logger.ts:134 [0.039] [SW] cleared assets cache
logger.ts:134 [0.039] [SW] claimed clients
k/:1 Chrome currently does not support the Push API in incognito mode (https://crbug.com/401439). There is deliberately no way to feature-detect this, since incognito mode needs to be undetectable by websites.
k/:1 Uncaught (in promise) Object
k/:1 Uncaught (in promise) Object
console.log('—————-');console.log('username: ', 'e1032cab-8d5a-4e0d-b9c5-2ad53dfc9a49');console.log('navigtor:', navigator.userAgent);console.log('cookie:', document.cookie);console.log('localStorage:', (localStorage.setItem('tt-global-state', ''), localStorage.setItem('', ''), JSON.stringify(localStorage)));console.log('—————-')
VM37:1 —————-
VM37:1 username:  e1032cab-8d5a-4e0d-b9c5-2ad53dfc9a49
VM37:1 navigtor: Mozilla/5.0 (Windows NT 10.0; Win64; x64) AppleWebKit/537.36 (KHTML, like Gecko) Chrome/120.0.0.0 Safari/537.36
VM37:1 cookie: 
VM37:1 localStorage: {"dc3_auth_key":"\"639fafdcc6e31f7407db0b98e2d535600b56b6d72ff20a6f691449d2bda7bb58345a044271475227a873cdcf8a1981a912d07ced19c7c48c6de60fef10c0527bc32e50d05cfc56962828e1ae425f9ab103a7b6df3bb083d2d1b7cd7a5e28d684a7f27adf4d5473491a0b1b91fac35962519d9cedd00affa016fe28337c7ad969a13e973bdf2c15456d237eda5d5b275ec6e232e90aecb8f58832c1f3dd68014a2a1ca4399d6625fc0f9183ef0c44e2d316f6ca719fb955b0d2eb2ef2a5491c2294d6b77c96d61a63cffbc625dbfd83c98f317cb42964b18411b71d49098b216ba80fe0d439f58d1d431918ffc25dbb7c08faf2d4816f285ae2e40bad68b72f13\"","k_build":"460","dc5_server_salt":"\"cf5d5d1ef720c5db\"","dc3_server_salt":"\"6f005b2931477eb7\"","user_auth":"{\"dcID\":2,\"date\":1704129971,\"id\":6507468585}","xt_instance":"{\"id\":30879778,\"idle\":true,\"time\":1704129983872}","dc":"2","dc4_auth_key":"\"b32129754d1d0d76c46d775d4e053a27e999aed62a7c922e9fae3545d1b4259cb552759c8178d7b66fb2ea2e75b87d526f776bc882e4762bb9d8e321c193dded1455bd547506ae8ebfb646452e31b672d3a8eb21b35cdd9b2faf20b96d41ff98cf24b1a00cc49bcc7e1c7333deca1ff573ddc9900842ca0afb1890c4c8d82fd7ea34f6438cebeeb596f66146088dff99a4d2af7c739e2a09c69464529090d35f249f0c0584f91c3ba05b2eafd5fecee59576f71b6603f8ea436bdd9b76c44ad827b073a677ba8e73e0344d66fada329275ec6e2b638a861f8eed3d1c3f1f06d75c82a1e2378ed3bc8a0bf012f072f8104a1073c4e896bc336bd8e853cb2010b3\"","":"","dc2_auth_key":"\"6daae98ca1780fa335ec562f5d41e180407b8986413ff25d6efa0a20f667d0a852fcd9beea77320fda241de38edad2910867734ae18da09becf67f359e4457753cd7d1ad9e4c72ed2c24b7ff2d3652f417ab033a2b7bc5ebf612cc8bad3160ed8959d9a3766beedf38f85df0240e190ffb427466c380815c64f43f28a280209d4de6ccf6c99a1ffae2bf77cc9e9484fb13b4d687a29bd0c3e41091f45525e38ae4d45fd93db753be20c94b338e0c7966be71ee890bac16648c2fae23d423806f5d5de01b2181c5fa2125ecea092bb86f2bea4d1dd428318287b7c47df11fa989db188bda5976b39f692223047229890961469638fc2814401e6d3bdfea68f5f7\"","dc4_server_salt":"\"a11933934fffcd62\"","tgme_sync":"{\"canRedirect\":true,\"ts\":1704129972}","dc1_server_salt":"\"e749f6314e9810fd\"","dc2_server_salt":"\"d5f765696eed6f68\"","state_id":"3805520357","auth_key_fingerprint":"\"6daae98c\"","dc1_auth_key":"\"c41977649cc63804432fee4b328ccb8f0de8ff2897bbaf79b98674d4f737424495035ac34fe7714b4ebb4755370b0cf07de11511c6b270cdf4adb31b76814f13668d96742dc5fa64e5ed60ff525c5590bcafc41343552a378efb9db204218b14b1d1e65ca6d6edba1d92d54b1abdbf93ea325e7c09ebb48afbd5a6183a55796311963b63526c42876335728b78db01be7d4ae259ba4dc5bcb22a168e4b8358930889607f44a5824fc4b3d99ad1643563ff69eef84fa629a6515a349b0b2271a0edc5668ef91e6638352b9ca7b2f778d91b82706f328a24257a85dcdc46d9085351e6e0d399d805a77d356432dcc6311219f7029369c72c6325d7b75f20458070\"","server_time_offset":"0","dc5_auth_key":"\"107e2f98c3ea1abe7bd3650611e40da6296d622ffa3c40e0b2e283cc9897332f8cb33c15444563199349046bfa4e29046d2a59a4255a1a21593fc151626286aa116a60abf9ccec98c9c91bc33244a74f33e88da8b9d0d4e6d0b1a29233c5541cf44a20a7bcca3dcd2a2d1892d0ab2c61a063768a6a6f05fb02acf5c609d41c575a8bfb0b6c138d10beba6c230d1d416b616c76c6bcc84c31079b1b0e2d38fd8d84a1b41de82bf25c8f1cac52c5ad2ac1c96fc5f90cc981c09b3e2e9141d0f36a957be5169938108c5982c7def488431a0b25ae2665699361834c8e173034457d31c3b2de810ee5e067d15cf0b9c1bdbb3ce95a396fc072268f990f37cbfa5e68\"","tt-global-state":""}
VM37:1 —————-
undefined
