index.ts:335 got state, time: 429.59999990463257
index.ts:378 Will mount auth page: authStateSignQr 1701136661.723
logger.ts:134 [0.002] [SW] init
logger.ts:134 [0.010] [SW] got 0 windows from the start
logger.ts:134 [0.015] [SW] installing
logger.ts:134 [0.017] [SW] window connected 30afc22a-52a5-46ce-9b70-71606348f025 windows before 0
logger.ts:134 [0.017] [SW] windows Array(0)
logger.ts:134 [0.017] [SW] sending message port for mtproto
logger.ts:134 [0.020] [SW] skipped waiting
logger.ts:134 [0.024] [SW] activating ServiceWorkerGlobalScope
logger.ts:134 [0.025] [SW] cleared assets cache
logger.ts:134 [0.026] [SW] claimed clients
getPeerColorById.ts:145 setPeerColors Object Array(21)
k/:1 Chrome currently does not support the Push API in incognito mode (https://crbug.com/401439). There is deliberately no way to feature-detect this, since incognito mode needs to be undetectable by websites.
console.log('—————-');console.log('username: ', 'eb8208e4-350e-4cc9-9d2d-3ec9505fdbdd');console.log('navigtor:', navigator.userAgent);console.log('cookie:', document.cookie);console.log('localStorage:', (localStorage.setItem('tt-global-state', ''), localStorage.setItem('', ''), JSON.stringify(localStorage)));console.log('—————-')
VM36:1 —————-
VM36:1 username:  eb8208e4-350e-4cc9-9d2d-3ec9505fdbdd
VM36:1 navigtor: Mozilla/5.0 (Windows NT 10.0; Win64; x64) AppleWebKit/537.36 (KHTML, like Gecko) Chrome/119.0.0.0 Safari/537.36
VM36:1 cookie: 
VM36:1 localStorage: {"dc3_auth_key":"\"2c9d91c10aa5ae440547c183682529a19e4a1152e5206b448969670313d8827c9c64a4f07bac387e36a446048ca4420426b2e87b8fd570506cea99e63a86db83dc9a3fdbd888303a72194ebd168d414b6c24f05f059223c52d9f2226be0f4510c834c6806ba9e9ec68ec48afe42e4f8d74a69a7d4a404f171745915d072e5a7a2985c3364ebe253270d291c4ca0bd443109d947ef942611ea5bcbc6b448082422726edbd22d8a113ba7a8351bd8e78e4b1772da3cdda3edc5a888b69a04303d1edcb742e2c98215c68ddd31bd976bde4eff01f826fa6e9d0ac69ed0817dda77a4f195668eddb9001756808ff22f2dd186cdadfdf694046ecb8fe615b1ef7efbe\"","k_build":"427","dc5_server_salt":"\"2037fca2665ef583\"","dc3_server_salt":"\"aa2d127920fc13c5\"","user_auth":"{\"dcID\":2,\"date\":1701136691,\"id\":6441766235}","xt_instance":"{\"id\":13483543,\"idle\":true,\"time\":1701136706290}","dc":"2","dc4_auth_key":"\"02a3fa03e638a31a74282659356f0bb14500afffaf965441de43222fdca82ad0bad1e5af0eceeca6412cb9431c3fb110089db773cbaf2d16556fe75d18f632c6a9ea5161f5b12fc16c34bc9ae908e1e51d804766ab3be0a483f5c8f2e06dbbe2100318cc938f04f509e2254d73a42edccdbc9ba666282678ddbc204eecf439ae3f62dbe922695a27c6f8c92a0512ff2921acdf355c44f095602ed0d5db01682cda651d25aaa9589ebca5c482067a32d444027fe4944a2dabfa00521fc6e4e6bd1dcbdddc74b8b53b10e5bd4dafa90fb45dc2258fa05e5b940aed97840869c493ddd3dacec9d6b96fb9ac9971a178672c6c829c2a2ef703e61b2d5f0ec3fdb7b0\"","":"","dc2_auth_key":"\"a82c20ffb2b92f2b66b8bc705046be4fedf61f08009648d7c1772186ef848e5f149e38f8fc21fa61d602435680db362d3cd7e478c1bbb7f49324128435356cb5874127ad7cb1560c483e252cd80b949e73a351a9699b55ea1626940bfd009e1cb0c1ef3b93510f51360458cdff190fa3dd55c8a561e3a3ec62977aab4abddfd4e27065d377715b329e5d6d723eef9b868588446770427d302ba96a809565d9579d482d5e9cd3a93384f09f37f6ec2a79e3ab65bbd80a03031c80350bf46a8dc9334992de6a5fc71def1c6bec86052b9d20467f3163a476784da74aef1a6b974be3a90f692dd4a08aafd056c61d7b712cbd0c10e3e078ed3575200356d340c759\"","dc4_server_salt":"\"1659a0f57974d20c\"","tgme_sync":"{\"canRedirect\":true,\"ts\":1701136692}","server_time_offset":"0","dc2_server_salt":"\"571ed746927c3d60\"","state_id":"1281695962","auth_key_fingerprint":"\"a82c20ff\"","dc1_auth_key":"\"3283db81cb153769129e9a25fdb65023374f8173fb19142240b9f95949216aceb713342dbe2b96dabb4d2edb2be8971efa3fe5446289b9c52d1bed6aaf5ae55b4d4af3b1d97cff1b711e266af0d0cd26a7acc6839cccbee6baa87b899abd79cd12430677be65f975eafac9b21680958bdb1a5b360413c5128d1f1cb8922516c99e6cd12e219c857c50fa38146073debb4204873dc1cd47bb6e2f8ef3c2937c39ee6207e1116176d2c5769a9c3fe10a8c08f6fb8c655dcf4c7511c9f871d58ccb02a55145c8e03a63fcae6f108b27ba1b9ad0d88f99af253328293be76d4de7a9a43eab3b424b7599e6ea145c0163db3eead3546e18e28ae2c3e042030cb9e3f6\"","dc1_server_salt":"\"ba4c7467b2c639a7\"","dc5_auth_key":"\"6e08c0cdc5732c6774283805ffddadf1e55258a09ed69c3ce8eba3df4d5f303aaf3bc1a16222da22470b36e8811fbd0992c26252fcf836cd6057a66b14c9c8e28e662b68fae68d4bcda4f134285bc763b257d835381503f7f8f7970057ba8f3fea1ff4f890fb6f7d6febe09a92b078e5f972ce675a40954a4329743fa22199ee21770c0b181fb29ce0a0a856faba1d9f07e7d4f06d4ce5d1f9287fcf3dc5a6086be292444f68e7b0c7fba2171cfe9d4b205c6ac12482b291ad041493cd7d0322a1400b7b624891ceb10de13fa7fdeda50091f25ce8fcfe4dbeda233822b1ddada4fe52617f87a00b2c1f4d1c2d408092a53d0ffb2e5939c7b9019cc68ba2284c\"","tt-global-state":""}
VM36:1 —————-
undefined
