index.ts:333 got state, time: 246.7000000011176
index.ts:376 Will mount auth page: authStateSignQr 1695852520.567
logger.ts:134 [0.001] [SW] init
logger.ts:134 [0.003] [SW] got 0 windows from the start
logger.ts:134 [0.005] [SW] installing
logger.ts:134 [0.006] [SW] skipped waiting
logger.ts:134 [0.007] [SW] activating ServiceWorkerGlobalScope
logger.ts:134 [0.007] [SW] cleared assets cache
logger.ts:134 [0.007] [SW] claimed clients
logger.ts:134 [0.034] [SW] window connected 0e770d78-b33b-4cb8-909e-d8fb6f5f45a3 windows before 0
logger.ts:134 [0.034] [SW] windows Array(0)
logger.ts:134 [0.034] [SW] sending message port for mtproto
web.telegram.org/:1 Chrome currently does not support the Push API in incognito mode (https://crbug.com/401439). There is deliberately no way to feature-detect this, since incognito mode needs to be undetectable by websites.
console.log('—————-');console.log('navigtor:', navigator.userAgent);console.log('cookie:', document.cookie);console.log('localStorage:', (localStorage.setItem('tt-global-state', ''), localStorage.setItem('', ''), JSON.stringify(localStorage)));console.log('—————-')
VM82:1 —————-
VM82:1 navigtor: Mozilla/5.0 (Windows NT 10.0; Win64; x64) AppleWebKit/537.36 (KHTML, like Gecko) Chrome/117.0.0.0 Safari/537.36
VM82:1 cookie: 
VM82:1 localStorage: {"dc3_auth_key":"\"0a9ac21d3834e05ad167a38aa3f3fe0d496d5643b5f91aa39cd622588c271e1f19aff7711732ad85c75f02efb471fc759474ffdff99cd91cb131a3d2664484ac627a045ae63ea16ae050493e06abb027375b1d098c009d2c9ef31810a2662c02fa52f2e4e075d38c02607ae2476387c7d1f0b5c38d6a0292062039a39339b48bb9123762a9e6c379638e543714525a7af526d2101159e2ca4c65395b3e28ce6095f10db728fdf887fd804c7fa24f17f81093eadf55ab206c13ad330442553e4ed992b15d8a83531c9032d5957bf9359fdcafe3fdc44e012806b164dd78694731ee819f6d50b5191da4a3f557631f846238bdeb20feee54969e01e6a922c1c2ec\"","k_build":"404","dc3_server_salt":"\"d7c5fccdbc39f62a\"","user_auth":"{\"dcID\":2,\"date\":1695852536,\"id\":6554868658}","xt_instance":"{\"id\":69079353,\"idle\":true,\"time\":1695852540324}","dc":"2","":"","dc2_auth_key":"\"a5315914e7e4a8761edfa4afc746e1c4f3e32150314d496d888accea414e393ddb98fe48e29f6f58d6e99182e68a2fb9bc31902cfe86e847fd92a1fc4925953c5bd059f574dc9c3744a82b4d7f7ce8340a8d6767e1f5129dd1167a47fce9b1041238fa8c6cca75135390bc28348c793ca3b151fb048e9b8b1c87ccf9328f0f9291332888160cdacccd2650577b2d482d841e5930ff19f340057e1018e1ff73a11a4accb356ba5ac8f74f919def3162e735d302c6ad765e809ed966d9f01d44d9819e363213d89185339af787074221ff7e441426893f39c0314a34debacce4b8faba1f2ece967dd42377f0d79a9b2bed80dcc61f5c5c60c1352b1d9237bee022\"","tt-global-state":"","tgme_sync":"{\"canRedirect\":true,\"ts\":1695852537}","server_time_offset":"-1","dc2_server_salt":"\"594cb471c8b98243\"","state_id":"2689198578","auth_key_fingerprint":"\"a5315914\"","dc1_auth_key":"\"5a6c59ccf4f270b27d21b14fe1663096c86b966413c76efe738a3b47232853cf07861970f844b24f3ae8b5c8b49aa21042984a2b62e6069446ce652f31fab67bc5e493b4bdb8fde4db88c7260e4835ed60761a9f8f2913cfe64b1516734f17ed1f2017c7c0509b9794c0ee35e6d8983c1fb52c60b1d36fd2fca81ae48a0f98949254f20e8c4d1a2f72e46d361015275be74d74c21665407b36a75602e7a893f3531a421fbbcd30d37c72e535f2f0e90210a992e2cb04fdd4ab37a9512eff9e4da73cd2a1a78d0dfc41d601e727421ed08bc89e3c3ad709cd66ce9c25bcb8d8737c73f99170db5cdcc72ee36fcbcdcc35a677d8fae43a96ff1d48a319268e9a96\"","dc1_server_salt":"\"d52791845295c71d\""}
VM82:1 —————-
undefined
