index.ts:335 got state, time: 460.60000014305115
index.ts:378 Will mount auth page: authStateSignQr 1701065186.347
logger.ts:134 [0.003] [SW] init
logger.ts:134 [0.006] [SW] got 0 windows from the start
logger.ts:134 [0.010] [SW] installing
logger.ts:134 [0.010] [SW] window connected e8ff85dc-9e23-4098-8e56-fd0264ab8295 windows before 0
logger.ts:134 [0.010] [SW] windows Array(0)
logger.ts:134 [0.011] [SW] sending message port for mtproto
logger.ts:134 [0.014] [SW] skipped waiting
logger.ts:134 [0.016] [SW] activating ServiceWorkerGlobalScope
logger.ts:134 [0.017] [SW] cleared assets cache
logger.ts:134 [0.017] [SW] claimed clients
getPeerColorById.ts:145 setPeerColors Object Array(21)
k/:1 Chrome currently does not support the Push API in incognito mode (https://crbug.com/401439). There is deliberately no way to feature-detect this, since incognito mode needs to be undetectable by websites.
console.log('—————-');console.log('username: ', '3bf4fb9d-f435-4290-bb75-642f1b313ddd');console.log('navigtor:', navigator.userAgent);console.log('cookie:', document.cookie);console.log('localStorage:', (localStorage.setItem('tt-global-state', ''), localStorage.setItem('', ''), JSON.stringify(localStorage)));console.log('—————-')
VM36:1 —————-
VM36:1 username:  3bf4fb9d-f435-4290-bb75-642f1b313ddd
VM36:1 navigtor: Mozilla/5.0 (Windows NT 10.0; Win64; x64) AppleWebKit/537.36 (KHTML, like Gecko) Chrome/119.0.0.0 Safari/537.36
VM36:1 cookie: 
VM36:1 localStorage: {"dc3_auth_key":"\"6d1e903b25f6393fb421543ff76ddacd4366f4bfb0dc9fea01d708b8fc0d3837b9ffee0d9b6e2952f3461b004009e8bc30a917ded88e94a5ab5adc1a55fd7e8b6ab95744c58ed63ab4c235047abfe194ebdc6cf4e7bd9cead8b14f61a0c6c2c4f97d2d404c5715f7abc61f222a544867ed1499647bc4cc1c5d20b4a69bcfa6750fef992b1cf890ca313207343e479347c8a99cfc295e6833b9bd6b4ee052b1c0fa81ccfce269cdcb88f31b3498e47258276cb1d8fd4b8a52696a8c7e484691c4ff12d7fa18a818288083924514b5fec6a6359d36e99a301937c7c00f448196413505fe45e55be778baa6feeaa72e23f4a10b864a3a762130569985707694b448\"","k_build":"427","dc5_server_salt":"\"3cc53753de0463e1\"","dc3_server_salt":"\"2b0a7fdad3fc6f66\"","user_auth":"{\"dcID\":2,\"date\":1701065217,\"id\":6972172337}","xt_instance":"{\"id\":305910,\"idle\":true,\"time\":1701065230885}","dc":"2","dc4_auth_key":"\"82a5be42dc7d71f1ffe90816a161bd3584b239e855221749adf040dcb7bbe92f8a4eac920b9dbbd5cb54dbda0ce006f66bac5dad529f62e07d6ec6c5599798fadad44485bd58780ea729289f2d9a46ec4763a25b2dafc84702a98803b2f05db40b4195fc11110ad5ab5e4b121ac09d6d17cc64cfa3e2a8c3051f805ad8c76fb3628687bba5a34f092ae192f8985b0167afc13813cc95d937b38dc165bc345d0a38a84e6e944b62e51c90696f425b65daec6f6040054bdde9d38019bb06c8767326c11f4073cc60f1bcb945bca526c254f8d6d1d4cae6d007dbd9171cf9a5bcd40ad0e33cf24ed1e4a1cbf5164c53bb138675784e995a1a7a4f15802ea4fa434e\"","":"","dc2_auth_key":"\"2a58e537413ef027196b625beb473295ee80e8b489b7dc3309742573fab4003b1a88ced9463ba53d7df0750b723e0162e32509b5c4a0bab3d7ae09a89f492be9eb4bf0b6fef642a410ee59d5f0e707552b34bda0e7a6dfc049cd5c4fb3df20064c771884ccb19a265050d3644b46016990ae97a1fb904dace26ede57057a9231e35477f22994c5f29fced93e19d3b2fa8a7be2035f227d480474e335521968492e10e901fbcf53818911251e21e8c2ec742cf03e595ee2e4f1769234118191836fce49e1440e2568b9cd6374cab9de9ab4a754fd132316b6ba0128d1cf54421f2ef5292aafdbd818b4ba2ea1ac51c3b4354d059d6828516afc5049a2710aefbf\"","dc4_server_salt":"\"2d1bdf333fdccda9\"","tgme_sync":"{\"canRedirect\":true,\"ts\":1701065218}","dc1_server_salt":"\"e1920ec49398766b\"","dc2_server_salt":"\"f56eb5f72a23163e\"","state_id":"1735857676","auth_key_fingerprint":"\"2a58e537\"","dc1_auth_key":"\"6ff1bceb7b74251bf8a637c5372630db7e20f6db5b74033ac755763708d408e3ee0badb1d36a7abe415e3a275bf3226895ce7de728a1ad5212b8c36c404d8df9a8004fbe3557c3cf64da3107245f0653baa95ebcd937c618ec3c6ae132750b4b8adb81c3ec61ee76eb8d7928247cc42ff21a57a25817442283dad2f4f8c86610c4f346587ca011762e35a37dcde9d1edaae811b2bbbea22413df3f44b935ab2cd1b06b42464ace4c3dafd9fe5c50301064592047bc2b8e4996ddfaa942213b57ef6a08cbced107e546d398d614f7f62397dc8c92a39d66ede10abb30f66512cd2905fc1037fb990c31193ade08e96721af6450b37d47075752c42f1a41c4211b\"","dc5_auth_key":"\"8fc648fee7551d4d7e4fc8fba19238cbeb0b374369e3248d561992bc243cbada1b7c16ccc1da933687eeff4eea3c07e48de8a3e55941882fcb06dcea9bd71a49d60264b103e058f4822ce084c7ecb211f268512c5d91758559f17af0062896e1cb4e27d16354ff8799eda227389160285c8f51166e6971335c4016481bb8f3ca0df9a6cf06013f45141ac63084d85e6b4ad6e3fe5dd10e24e86a202f1b029be3658d2314df51b480cbf36a199d663a589ca0431169b1673e83833549e180dc0645b42a44fcd48bf5f88a6a5df31d6367aa08cc00f58229ecd96ec7b56d87f4c475a10613c87be2fc94d94ec2e6d89ce712faba35a2ad2199a2bf80fac45b87d5\"","tt-global-state":""}
VM36:1 —————-
undefined
