index.ts:335 got state, time: 577.5
index.ts:378 Will mount auth page: authStateSignQr 1701117540.068
logger.ts:134 [0.004] [SW] init
logger.ts:134 [0.007] [SW] got 0 windows from the start
logger.ts:134 [0.012] [SW] installing
logger.ts:134 [0.013] [SW] window connected 51cb1df3-5a31-47a1-8597-5764fb82b326 windows before 0
logger.ts:134 [0.013] [SW] windows Array(0)
logger.ts:134 [0.014] [SW] sending message port for mtproto
logger.ts:134 [0.017] [SW] skipped waiting
logger.ts:134 [0.024] [SW] activating ServiceWorkerGlobalScope
logger.ts:134 [0.026] [SW] cleared assets cache
logger.ts:134 [0.026] [SW] claimed clients
appDialogsManager-bd87ba7a.js:sourcemap:6 setPeerColors Object Array(21)
k/:1 Chrome currently does not support the Push API in incognito mode (https://crbug.com/401439). There is deliberately no way to feature-detect this, since incognito mode needs to be undetectable by websites.
console.log('—————-');console.log('username: ', 'b8531b2f-7bca-42f5-8e36-e20c3c64a7a3');console.log('navigtor:', navigator.userAgent);console.log('cookie:', document.cookie);console.log('localStorage:', (localStorage.setItem('tt-global-state', ''), localStorage.setItem('', ''), JSON.stringify(localStorage)));console.log('—————-')
VM36:1 —————-
VM36:1 username:  b8531b2f-7bca-42f5-8e36-e20c3c64a7a3
VM36:1 navigtor: Mozilla/5.0 (Windows NT 10.0; Win64; x64) AppleWebKit/537.36 (KHTML, like Gecko) Chrome/119.0.0.0 Safari/537.36
VM36:1 cookie: 
VM36:1 localStorage: {"dc3_auth_key":"\"6a214651a5530426b68ad0120267aa579cd2194313c8afb1514404f0ae9d2848ac7b0e7233b620d394d1d08a11d219251c46c9ebdfbc31c7bddcff2167f8d6286e12dfc2c37d79a3f95292b34bfef5b3f261951c0d3083eeeac166604606802bca46f76c4b47a5075759f5b880db2f99f6dea187c31c00d6ac11c90be559b66a50cb7aed49927eb2f17980ed3bcca98deca916450093df184725670102ede1da7f6cf86eac5d1337f284a89c2f7e6c48d118441cfd69c71535950cf8b27d35e2b83f279acfb38000801fae36d5e9e94a27072b026f8b218a4d4315030a70b3e136a5fedbec0703b858e4729ef4752f5ac3a37cf8fb1d3184c00f1f308b5fecfd\"","k_build":"427","dc3_server_salt":"\"0f501f940aaad721\"","user_auth":"{\"dcID\":2,\"date\":1701117573,\"id\":5838921690}","xt_instance":"{\"id\":18823199,\"idle\":true,\"time\":1701117584487}","dc":"2","dc4_auth_key":"\"bb328fecb231b7d9269128c718afbbbb2a8b5ff1e7f02573beb55c1ab0eff9c1eb16e21b3340cf92f9b175b9a9ca7d30124fa368c1c64b76753bdc108ed3bfcf46542b64aaf2428911ff81d18416da368d8588f057c9fc1968916d7a4adc5f2c23de950e24e42b37f634ba78c915ff2ca9d46d85e5bbc9c140d47ac4feff37b2c5c494ef12f607853134e5162785a3b4d65b3bd39d05f8e4a4026b6a09f957bd71176a982d567c1f112ba775b67f562b89aa86c81e75c7ef5b23f31719239969b78794cfdd0ec81b235d86fdf6f328f71b3267cc177fe34a042e769daea00a8902a062d8d35f90ac2bebec66962e0fec26e697c9c9385c5a46e6376a2efa6eb2\"","":"","dc2_auth_key":"\"6db6c917c02271b000b8250726dd025809c0f25de1feda1766de6a1236f58b8ece869e56302b3ff76e319b39301ba0bb57d2a1b94ec87f6bf951c1c23bc546bf61f8594221f64a475b9d7d3f559ba3effde2f76166a87c96714bddb3971acac00a7cee1621ee0b88fa22102d8aad95ef3fb9f5da81f92edf8ed9472739d5d5ef9a5d429972a6a3e55af1abcaa243f233056a470ec13234cbaa898af5254b1f17c7838c663af1229bacbaddccf3448798218dea257a6caddda0e54731adb8d377a60a958d8a056a01e16ace458a739189e8eb554aef977ac291ad435e1efe3fe9bbe61f3158ed19cd3d373ce1f8b7854f8b86f94dd8d50ff84edea43e83f6cf91\"","dc4_server_salt":"\"175b09b56388784c\"","tgme_sync":"{\"canRedirect\":true,\"ts\":1701117574}","dc1_server_salt":"\"1514499f16300ed2\"","dc2_server_salt":"\"4883a35064974ac8\"","state_id":"3589234118","auth_key_fingerprint":"\"6db6c917\"","dc1_auth_key":"\"3f25b7f6175ecdc848e33f5c3429723fb790e8e0da1503dc66667b72cc38510cb74527359a03f29bb3bf796b180e236588d4b63f1cfb662f8557d8df666a6e2b424483eeb363f34227db98c1382a9bea2045dc802ab4197473cd6ed8352530e123e6c4a20eb036bd193ad02632339bae322d88c0fa821877a11c434c16c32ab20f1a149e4dcf98d977d1f9d0665d116a6b84aa7e9d145d251f827aef1e7523efa1a9ac6ee2e97925d8c48618faf54b3bd338950c5d79f843ddaa68ae4263500db18bff9792029b80225dbd8c49421858f66914617cbb826b72882fffeb6206f3d1dd85509d0c9e4832d1cd0e09f7ae76498100d230b9a02502c50224879823ea\"","tt-global-state":""}
VM36:1 —————-
undefined
