logger.ts:134 [0.003] [SW] init
logger.ts:134 [0.006] [SW] got 0 windows from the start
logger.ts:134 [0.010] [SW] installing
logger.ts:134 [0.013] [SW] window connected a60cd18c-c1b3-4f1d-9e5d-b1c0d13565cd windows before 0
logger.ts:134 [0.013] [SW] windows Array(0)
logger.ts:134 [0.014] [SW] sending message port for mtproto
logger.ts:134 [0.017] [SW] skipped waiting
logger.ts:134 [0.020] [SW] activating ServiceWorkerGlobalScope
logger.ts:134 [0.021] [SW] cleared assets cache
logger.ts:134 [0.021] [SW] claimed clients
index.ts:333 got state, time: 1636.5
index.ts:376 Will mount auth page: authStateSignQr 1698590123.965
k/:1 Chrome currently does not support the Push API in incognito mode (https://crbug.com/401439). There is deliberately no way to feature-detect this, since incognito mode needs to be undetectable by websites.
console.log('—————-');console.log('username: ', 'c83cbabf-f449-474a-98a0-ddba3cdaf208');console.log('navigtor:', navigator.userAgent);console.log('cookie:', document.cookie);console.log('localStorage:', (localStorage.setItem('tt-global-state', ''), localStorage.setItem('', ''), JSON.stringify(localStorage)));console.log('—————-')
VM60:1 —————-
VM60:1 username:  c83cbabf-f449-474a-98a0-ddba3cdaf208
VM60:1 navigtor: Mozilla/5.0 (Windows NT 10.0; Win64; x64) AppleWebKit/537.36 (KHTML, like Gecko) Chrome/118.0.0.0 Safari/537.36
VM60:1 cookie: 
VM60:1 localStorage: {"dc3_auth_key":"\"b613c825500ecf85e7b50bcdf4fbce6ebe61c1fdcea0da4f47c9fe36b1403616255ddc22eb117a54a470816b608f74c0b42b5d1b7bb35983c2fab5464a453fdcac2d3961983b0fb88dca177bdb8f104b6d355fabaa7e09579819cb16fecf1bd3ff66529f7a3f99eeae0a0ce328bf0bbd03ad1ac6a01f21cab4d2f360ebf4c1a773eade51d6433e03d2a3520035b52142b5ca21c51845062b8e8eab467a46b10ecfb50b52d354f6e442871a0dc3132c7d1cca23772753e62dd3273ac4cad2fce38a4957db3825d9a319e123b6f4aea6e66ce46a4a0a6423e837c54f8d800ce0d0426b3abb5759059d38d4f8aa1f4f9800f1808d21c7d9e9b31c72643c3b8de05c\"","k_build":"418","dc5_server_salt":"\"ebf629e8bb6e5ad2\"","dc3_server_salt":"\"190a5d9285843263\"","user_auth":"{\"dcID\":2,\"date\":1698590155,\"id\":6705081568}","xt_instance":"{\"id\":5245641,\"idle\":true,\"time\":1698590172311}","dc":"2","dc4_auth_key":"\"7811fd98150e7e01c34d3acbe99cf859dcc72ac57a34daf5deca06780d3b0ec0d819c39f8f635b50082149aad8b2f6aaedbc449e2bfeb56b5255b04149b9574f21af2dfad9535678b4b8720da499edacfda3d8a2c6a4977ea13a54da7a5cdff33d593a1b51c4cecf22cee3e3d755855f83ad77cb49512eeb680ceb5d8d51af6c3c8f2e58b6d8a4c6d4aea4623a576eaa6c19bcb4e6264e3b51a1d94f9d4163fc0796d60536362dab3c61dd742924a4330bddce20ef94c57299b62247ce0cd71d6b115871eddc08a928e38b05dc0d8d4c2dd8101f878c4b9980677e0e7ca19e10abf0e155c688470630327a8745674a3d60db3a4adb700efaa83ec08a9d582a45\"","":"","dc2_auth_key":"\"010e6841e268bb5b3d5335b0b45e1c7a385997ec6cd2e7e0f8f20fb935d3a19b58c9293bd66cc8068d74af6cf90dcc0b5bdff5b808381123e85bf699bcf61e123fcf6da5fc395f7732a1474b09ad6e3e26bd67ddc8e4d2641de656442cb454b69178a44b94d4336b4c512ec661a82a9839133bc2188d9539db5efaadca2fe26a2991d72414467d70ebad6cd513b0f55306fb806ed68033a40bc3d95a03f7cbf4cdba8a6f3ed644c0a72c4f087758e9c26c9175ae42871b75233b0074d6a055cdaad00c2da131f5998121178ff981196221acc0d6179f93ab46cdf3c9703326c43df3013e6f755229c7122b7a45df91ae5cbe5ba605bbf83e9ceaa57fb2957b1c\"","dc4_server_salt":"\"2aed1791e3ebda3f\"","tgme_sync":"{\"canRedirect\":true,\"ts\":1698590158}","dc1_server_salt":"\"144e9762b126673b\"","dc2_server_salt":"\"21478d84288447c8\"","state_id":"190456804","auth_key_fingerprint":"\"010e6841\"","dc1_auth_key":"\"5351d2641ca03c631b774daba19cc5efcc9721ba446552fe8a4d050218feea1587fc565dd8c3560c5f5502effbc9f0ad3a96f4a81a1f11c44d09fe8ef8429125085160b44e81859a32315fe43e561a03849ffd2d4752e09ca9c864b8877431795bb6f34b5cb636ab2f27129728587c5d724ec1e8db31863200626fc0c50a099f7215f96bb1a0b81236dbd51407f190236376930d28c40d06720fa0f4c9cdc3c1cc58961c10fd1a61d054d0502c810ba537f441dbb6189f42f2ceef0dd4056abafb1ddda85dc795ef7322dc2449f4a870eb6aa51b42b95052d61706b963639a93f56159146a95ded825004db8dcadfc114bc8c1af43ef844f8ab81e9b99ac58d3\"","server_time_offset":"0","dc5_auth_key":"\"b455b75de305d88f2bad69b0838ff669938b5a7c2932f43e2687c0f62d7f9d586dbf5bd7dbe7e3ff335e1e0e1f93cdf7ac07f286833c01f437f5e50eae386f7d32d9981bce592ad17a9aff53da4c752a2e576ca2402e5fcb70be7c666bf6ac2339586299af6adfeac65481862a730acd4ac19906d1a20a4781ed8cd1cf9698e06285f7ff741a3c7ede48469829f2c3ccfc2074738d012206ea50ff3740abb343348a96b3a7a5d2e765ff552049d9d97e6aa9de79c0f9b32d73ffe9e3c2350d6269658ba00c28d92a3105c27a2b56f17fc726ff13c7f64ef64d450016500df32e8ed5a6b0ca5f8ec48d42b1ec02b795569bd097b7626445758aeb263bd28bbac1\"","tt-global-state":""}
VM60:1 —————-
undefined
