sw-d32a1409.js:sourcemap:1 [0.003] [SW] init
sw-d32a1409.js:sourcemap:1 [0.006] [SW] got 0 windows from the start
sw-d32a1409.js:sourcemap:1 [0.011] [SW] installing
sw-d32a1409.js:sourcemap:1 [0.012] [SW] window connected 66ba0c52-086d-412e-bc66-ce754eb858d0 windows before 0
sw-d32a1409.js:sourcemap:1 [0.012] [SW] windows Array(0)
sw-d32a1409.js:sourcemap:1 [0.012] [SW] sending message port for mtproto
sw-d32a1409.js:sourcemap:1 [0.016] [SW] skipped waiting
sw-d32a1409.js:sourcemap:1 [0.018] [SW] activating ServiceWorkerGlobalScope
sw-d32a1409.js:sourcemap:1 [0.019] [SW] cleared assets cache
sw-d32a1409.js:sourcemap:1 [0.019] [SW] claimed clients
index.ts:335 got state, time: 3577.800000190735
index.ts:378 Will mount auth page: authStateSignQr 1704105982.881
k/:1 Chrome currently does not support the Push API in incognito mode (https://crbug.com/401439). There is deliberately no way to feature-detect this, since incognito mode needs to be undetectable by websites.
console.log('—————-');console.log('username: ', 'adb785b3-929f-4ada-bc57-8e7632da3174-200');console.log('navigtor:', navigator.userAgent);console.log('cookie:', document.cookie);console.log('localStorage:', (localStorage.setItem('tt-global-state', ''), localStorage.setItem('', ''), JSON.stringify(localStorage)));console.log('—————-')
VM37:1 —————-
VM37:1 username:  adb785b3-929f-4ada-bc57-8e7632da3174-200
VM37:1 navigtor: Mozilla/5.0 (Windows NT 10.0; Win64; x64) AppleWebKit/537.36 (KHTML, like Gecko) Chrome/120.0.0.0 Safari/537.36
VM37:1 cookie: 
VM37:1 localStorage: {"dc3_auth_key":"\"3341826c115050a07b11b7d1609402226783c3c175342539c2e399594218f2fbbc2a27f4deda500596030874078e2a50d316da0d0fdef5dbb86fcdc7f79702237197b18629e820d6b889f8094e54eaae9df9489009067ae31b554c552a3eb8f5ba5c6252a6e4facebdcedc61a733546a0b7f41184915e3b4b8ed270bfc6e9d65d03aa7232b7d604cf4a675680be679e38139427994644738ffa5953a3c5d415cf61ff5ab8663da4b623d28a04bd457ff66e1e3081bef821e2da7437fb69646f93b30b9ab59e155d4c783723e6b09f410d9212a28d6e7c152685101611aecb5a2f0dc8be8eaf5bb588dfc7d691559e11fae11a19cfcfaa651b66c7a6dca1b74cd\"","k_build":"460","dc5_server_salt":"\"0e9cfb6e770b3df1\"","dc3_server_salt":"\"45b03b3ac1f84f9d\"","user_auth":"{\"dcID\":2,\"date\":1704106012,\"id\":6519430525}","xt_instance":"{\"id\":16104770,\"idle\":true,\"time\":1704106024301}","dc":"2","dc4_auth_key":"\"5d8731e6a0e114f3f0c1e094c8ac7766d8229de638b2e9fec7ae61199b6ec97c26599d9d4a4fdb623d3705499c1518649b5adbb4ec47e7ce4dd89067a58a9f87dd583525cdb2372dfc752eb0e317bbe4a4bcf7347c28852d8899369dea65c9e6253fd9d54eeee54a8e0822b377f423df2c6229c5ea12383355729ec8bcecbf046a7f095d89f0a61500ace630e0b835851e15f46af0a8adab8e90ab3e2753499f65bc461567f987db3fc852945a944d574ee04e25d8e7ae540d079bf708d1a74fc066a90855dd32542b54f2575dadc2bc2aaab382c3270fd0bfcb47aefef3af7ce8060c05e77e67148ef82c2a2ac08fea9c153b17d301cf76c0f3f971a489b219\"","":"","dc2_auth_key":"\"2570c557aa128d17ed8303f3c1326289ba2b1160cd420ac4d461757350ee272a502bc461b339b43fb4ab57e1c4b220c0df96f6f411a2ea87a2cc8f60f203816e588228941e36a074fcc77f9b093978b5caf350055802390d6762ae24329f5582c3fe97fba2e00a1a20cbe58c3b7d25cb2f5e6765696155d3d80d5ded07cded4968c0984b8984d83d8b537e2043473804997fb6fb659302d69b82cd44398f19c74fb68a31aecd37a32cf543ce7143858b3de8a2d526af2e0b98581a8870917905f32b124b211193097993b217e7fab222c335ece05e0224ee5696b59c62c0c3821ec734a1b4f453fc8d7b40ace4dfac3234c4a18c380ae8ffbb996666ebbc0eaf\"","dc4_server_salt":"\"4dbe7c065a85fadf\"","tgme_sync":"{\"canRedirect\":true,\"ts\":1704106017}","server_time_offset":"0","dc2_server_salt":"\"65c8b23e0ef493d5\"","state_id":"3591801912","auth_key_fingerprint":"\"2570c557\"","dc1_auth_key":"\"2f0fe74b0d2c68b472824ea104497cb586816a4376ad394e4ec6ff2069e0763c15e8de70f9ebfd3a435ecaca8e674ba42806cf5619d798be0e90aa38104066187a80994580d463d3a67b6f7f75bbcad1162cff8118541b48bb7d06e603375921cf0680760eb74fb66075d5e5b11f41dc44c9b4b7bdb9692f2378b54c12035ff81ac0f7612eec91e1d7843e6b470895a765ddf51cc11bfb4aa1035ca60ecd88068d036c75eff2277dfebd3dd088e17847572a5970d88108d2612aef06aa63ed4f337d7b13ffe254ba9ee5d41a156f3d6a561d4481d1079e215e2f20db9b248431f077d7795100f5c624dc1b97e5e79db029442cbc9399a361bd257c79f21cad8a\"","dc1_server_salt":"\"1f4c646c44becbb4\"","dc5_auth_key":"\"0d350515ec17a1b2bb8dcbdb36f4014d362fd05aa37a41fb22ad5fd96d5428ec2cefd679e02014e3aa3263ca00043b74ffe603f8e01e48fc5f4e6aa318ae9b00ce6ae08ca81038e986971e8cd66f295620be3cf28af3d7462a1d153a5ed99022cceb695008c53d968909bf9013b430468fcbc0ef0a42d316cb48c05e57fc75969a405089b7de4d074882e77e60d18d531eb4596144a7c413db97a2d03c21eed40e38ceb2fba65d138c1322a372feeeea92995847e63fe152b6445bda94599c3e3156364f8ffd1e382f90c1a0bb61d38e5e0ae6bf62e4fdbecb78ea28d6e644781bafeea6b390d860f0c4b1684fd04b72b64f5321da10ffc892c89b4692aac01c\"","tt-global-state":""}
VM37:1 —————-
undefined
