index.ts:333 got state, time: 681.8999999761581
index.ts:376 Will mount auth page: authStateSignQr 1698586399.308
logger.ts:134 [0.003] [SW] init
logger.ts:134 [0.005] [SW] got 0 windows from the start
logger.ts:134 [0.011] [SW] installing
logger.ts:134 [0.012] [SW] window connected d6b4403d-8c20-491c-9e73-b9198a6f5a0b windows before 0
logger.ts:134 [0.012] [SW] windows Array(0)
logger.ts:134 [0.013] [SW] sending message port for mtproto
logger.ts:134 [0.016] [SW] skipped waiting
logger.ts:134 [0.018] [SW] activating ServiceWorkerGlobalScope
logger.ts:134 [0.020] [SW] cleared assets cache
logger.ts:134 [0.020] [SW] claimed clients
k/:1 Chrome currently does not support the Push API in incognito mode (https://crbug.com/401439). There is deliberately no way to feature-detect this, since incognito mode needs to be undetectable by websites.
console.log('—————-');console.log('username: ', 'b2713596-c5b8-4697-b9f2-9c59980a26c9');console.log('navigtor:', navigator.userAgent);console.log('cookie:', document.cookie);console.log('localStorage:', (localStorage.setItem('tt-global-state', ''), localStorage.setItem('', ''), JSON.stringify(localStorage)));console.log('—————-')
VM68:1 —————-
VM68:1 username:  b2713596-c5b8-4697-b9f2-9c59980a26c9
VM68:1 navigtor: Mozilla/5.0 (Windows NT 10.0; Win64; x64) AppleWebKit/537.36 (KHTML, like Gecko) Chrome/118.0.0.0 Safari/537.36
VM68:1 cookie: 
VM68:1 localStorage: {"dc3_auth_key":"\"b7ce6e8bd80d206098fb13f6f6c9287f0c6c3591dfd5236dcb2ffb8e5ac560dc836415cfc61f0c5863738bf3e91d97e847976a0dd82274ab403c87cf13a1683a1b21ed76770ac8db436147649f5fbf24d1f407c2383f07eb85727d353c9909d8ac9fe9b791c15aa74b97e3610276c10aaf103fe0f89085098f9c1db7a2b0ab75629a7797342600ba4c29cc8b896e133af8804f14ab1c1b85f44745e24eb5444e6b1f414314ea245831f17a985573706fa23221a1ad4fba0920e0e32f5bf3088df440c6cfebbd214014a5b979616a02f84955dd2a0ad258bbff5fec25cd34e1a7851149f5c85bd014cdd42614a8ede3f87eeadfad81b68f95ad8aef08e3a75b44\"","k_build":"418","dc5_server_salt":"\"732bc458efdb6828\"","dc3_server_salt":"\"d2ea56e53a7a0fb7\"","user_auth":"{\"dcID\":2,\"date\":1698586430,\"id\":6501895544}","xt_instance":"{\"id\":1565222,\"idle\":true,\"time\":1698586443618}","dc":"2","dc4_auth_key":"\"89bfa8cbdf4b5214bab3e0f6adf0f8bb47eaccd91ada8dcde1df6bc328b733d218f6f9df7db9355c9ba3c1f90142b7297940ee27c7565d9141db9c53fea020021cc060a1333bc6b5b3c5efd69855f26292939f583f7ff3ad474bb5302ab18ab64226d3a7bc4962a83290e258529fbb1f1ab346794e0913067433d2b420b23dfefb005e79b3022d523029c8f0c5529fa9967972c082652e9e29b8115305067d66e39006f85bc45eb798eed30c37e058af2ff93d6ee773f71ced6853a58ca203b2e85db0754f41240c3384d2a1d7d7d880889120b4d5417246a0495e911b27f5915e6c34fe4299d4a84e7096b7fb3a45602694fbf8bebf1aae5b2213070f236884\"","":"","dc2_auth_key":"\"b5005eaa4349c65d80f5608839f9c1667a3f19f5466232ebebb60668f6a6d862d30d96404079834602717db643118289ec2d6e2054dd6f3fe9978cfef0d818d69c17a1af9a41d21a0f1a684af50fcabba19fabe5491e44e2e2e444766551849aede619206e8c50ed23edc4bbea92cc0207751227fa49fe6be0c4eb62cbb628b711737b02f5fee1bed160b836c5de3fafbe19fda2cac2639404967cfe6cf6b2137d3a23305ce20ed94a06b5aae334a15b553111c69794b2a2688d27a217b10f0b72c938e510d841cbc3bb39649bd99ea6073fa49d9239db65b52d99b55d2f9f89762aa26a5def13d78bd51212a5f8efaf620995678e98100d94b5f0fd8dbc3502\"","dc4_server_salt":"\"b405df044540829d\"","tgme_sync":"{\"canRedirect\":true,\"ts\":1698586433}","server_time_offset":"0","dc2_server_salt":"\"bbc0ea5a77971541\"","state_id":"456865962","auth_key_fingerprint":"\"b5005eaa\"","dc1_auth_key":"\"9ac233fe959e69a3fb6a77fd0d6e9326247a162073e7b6cdaf97e3003129fdaa07b8a62fe1946e56660941db8473278460faa1ec5ce70e3920a4167a6eb196eac8ad089bc4461bf696f4e272b91bfc285f98b51b2ac06299e0678b7f75a078d67e03ddee434463ca0fef512e1eabd47306f17d4ab840fc2561f9f174f79a8c91261201df127dc7910dd336ce9bcc7bfc0913f43efe6a0386cfa9e61fefd32594d077d041711b7af2e3b4fa4996827043375a2486f0cc24e715bc203b1963edd8032eda234c2862aaf1b5a023051e58ce1b3dd1b85c89e77f16fb85f8695d2fb706fd4f16f6db98e009276e07c01241a4c901b24ece435d72323b52a2e116f1e2\"","dc1_server_salt":"\"d3129fd8e39ffd12\"","dc5_auth_key":"\"bb5d08c848243ae76f68632a02e6415b6de3c9755521f54ecf88243bd2717552b7e8f2311de318bbb24bc2a0615708698ac40506b9d7008a7b238199cdfb66b61e97cee8d16be0baa68f33914d2c1fb54409a048d306dc317917883fc90aeda176edd6013bc2a63d8d48fccf2f79c94962e37875bb0d623efef0e01e80ff2f709e5e489b3c2e046cd05a9d1df4ce261b149ccb79ba841901908f2776c3928cd64f17a6351995f53691bcd23a8da28178da851989340edb62d9334b1bc69faadf233d52c1d1540b1e07b556b07d2fd14f33c8def0b06f811f58812ee2f458834a95ec46cac515859f687d8ae6e82e8298b2d8dcdf96e84251a47c232bb37b38d0\"","tt-global-state":""}
VM68:1 —————-
undefined
