index.ts:333 got state, time: 236.29999995231628
index.ts:376 Will mount auth page: authStateSignQr 1698456285.318
logger.ts:134 [0.002] [SW] init
logger.ts:134 [0.005] [SW] got 0 windows from the start
logger.ts:134 [0.010] [SW] installing
logger.ts:134 [0.011] [SW] window connected 01b41f02-00ce-4fdc-be95-03cc4b692720 windows before 0
logger.ts:134 [0.011] [SW] windows Array(0)
logger.ts:134 [0.011] [SW] sending message port for mtproto
logger.ts:134 [0.015] [SW] skipped waiting
logger.ts:134 [0.020] [SW] activating ServiceWorkerGlobalScope
logger.ts:134 [0.024] [SW] cleared assets cache
logger.ts:134 [0.024] [SW] claimed clients
k/:1 Chrome currently does not support the Push API in incognito mode (https://crbug.com/401439). There is deliberately no way to feature-detect this, since incognito mode needs to be undetectable by websites.
console.log('—————-');console.log('username: ', 'de216405-ff28-4544-ad30-7c331a3755ce');console.log('navigtor:', navigator.userAgent);console.log('cookie:', document.cookie);console.log('localStorage:', (localStorage.setItem('tt-global-state', ''), localStorage.setItem('', ''), JSON.stringify(localStorage)));console.log('—————-')
VM40:1 —————-
VM40:1 username:  de216405-ff28-4544-ad30-7c331a3755ce
VM40:1 navigtor: Mozilla/5.0 (Windows NT 10.0; Win64; x64) AppleWebKit/537.36 (KHTML, like Gecko) Chrome/118.0.0.0 Safari/537.36
VM40:1 cookie: 
VM40:1 localStorage: {"dc3_auth_key":"\"be81bbd8dc2fa276bb3ee78242518eeb502c639356af1f2ada4edaabe6c80721503b06a66cf9e73e9cdd5b686377f3f40b6b0d2fdc5e8febfdf95f63e836805789a274dcb12746c606f0058203e136b060b5686a88968cdea982f7f736a8b8ceff1f7fa7be0fdda53b6ae6891156c6bf0bdbc341acd10440a282348dbbc675cf98797b33f1c646c1827b10b29a99b889375bc15f537350490c201230e1c74be04097fa8570a67c669b7e1c8a56c863fcba6df7414de7e431958b13ee9d2ec414e19130b34e599ac6fcb2697c41973374c51397781dddf7ce53b2bfc96b296999ebb4d92c568ab9b3f77327eeb9342db44a5ba9689176b1296ee423cb9e31efb3\"","k_build":"418","dc5_server_salt":"\"248ef15de1df139c\"","dc3_server_salt":"\"b8fa239db1a38940\"","user_auth":"{\"dcID\":2,\"date\":1698456315,\"id\":6850042945}","xt_instance":"{\"id\":27223554,\"idle\":true,\"time\":1698456330075}","dc":"2","dc4_auth_key":"\"55d97af72ee45a4f8999531b08db9f9a367d33311043b8dc7f4240c40d83a5f6cc2aa0bc51e4f7d3d749388758bf2472dcdae1e11df42570153b8bb1283b362ad5b5f2943ed74874407b0aafe26bc6af1ac346cd1e587cffe71cbed291c96ce7800c82a77ef9ef0752bdb5bff784adff453ad3017261c054e596a0782737a2a2a310426612876db4ce468501cfc4ba2cadac99dc049658663902ef78991a285d46167df7b39cc63e363cb1d914d129909f95d785074272a5a7e218d034717450e0c71485ef415864924b8e4e2487f0213c7bae93034bfd9b847445dd0355145fd139810901bbfafdbbc4087f5285db5d4fb50274a38dbf3767aae404b55ffecd\"","":"","dc2_auth_key":"\"35694a1b82dd97db7de38a1311c94554949e3d325c08cda5565139c08c38702f3aa57db20eb9795a7e72a9520187d601db36d1ed23d7a83a72a970a930c09212eec9358cf3b320567880331d39f11c3be1ed6f918eee653fdad5077a25300c64c7ac5dcc2fed1d9a2cdd43d0c454fad1fe969172c4ddd24b232efee94bd0539d07589dbd3307f474d1151052988eb37d6ad0533107c9795786bc037d5d1dd7f2176fb6c93c3ac1f4c9b46fbdab482988ea01ac73d9b3e051e989dbcf59767ac06afacb68845be332ae56504b00764464080bc0fb5d45db505a147ad1a1801d0ad96da0818e82da9f1b5fd39162bca5e2d3d5421ca9b59436c23b16750056af72\"","dc4_server_salt":"\"73b27af79d722cfd\"","tgme_sync":"{\"canRedirect\":true,\"ts\":1698456315}","server_time_offset":"0","dc2_server_salt":"\"76bd54fa00601c7b\"","state_id":"339568281","auth_key_fingerprint":"\"35694a1b\"","dc1_auth_key":"\"b47a2057ebbafd6c32a127de8a2f5b65282b9ebbbc1bffdb46f7c9fed7d123765f2a1c81b610387c2f5824d507ccd21904aa2f3a740551347ad7942c65437ae84c1f3ed8d1046fa243742332cd876a25afd9ec20b1eef8100d2dc0a583e7c39e73f01aece298ab6742cb41364704ad6a91aca7f63be49d51fa6e3f6f219b2d94bce4de5c7a7620433b52d29592f46bcd5a6f883578f661e2d022118576de7859ecf04a3c1a8a11fe8b3f3b9b6cd35756206b286a89c4f26f2c0c7428c80e04796b4ba355c53bda5e6e6a23196b182549c3d48e680035328c4bc4a9365ad27ef3d448447e5fdc039ac691dfc3f103a948b3c0f5cfb8a9a6cab5fe7a1c73a482b5\"","dc1_server_salt":"\"19116235c607153a\"","dc5_auth_key":"\"27ea164faef577de04a0afb81b88a8afb6027784dab99ebc573fd8f2dae935148867038e2967c647f77ef9f61b3e8196d160dd0cd24da2f2de34ccbd5fc78bdd7b752bb36a8b2ca2bae70df0bc0a8a252770b9a14d3a942ec7a164aaa7ae78cdb3d6c40a8f05ee1485e8210224ae7593817f4331b211ca320a5df5b68dbd2f06039afb984e630b48d6a7999ffa8b4ea08a12062a07d57fb85afcd732f7e9819d8d71cde192cd808ceff6a3d60d8e5b3546fe5105e75d600ceaf176e8af87986cdb526e5e0704c19a85bd6707228f3922dc943849ef8200d4bb72f93d07d6c2b7e9acf707551e1894f3059c29eac32546473266bdd9b39af7d7410b36c9133b15\"","tt-global-state":""}
VM40:1 —————-
undefined
