index.ts:335 got state, time: 539.5
index.ts:378 Will mount auth page: authStateSignQr 1701138075.261
logger.ts:134 [0.003] [SW] init
logger.ts:134 [0.008] [SW] got 0 windows from the start
logger.ts:134 [0.012] [SW] installing
logger.ts:134 [0.013] [SW] window connected 3b4bfd47-2c80-4b41-ad0a-e310fc9bd6c3 windows before 0
logger.ts:134 [0.013] [SW] windows Array(0)
logger.ts:134 [0.014] [SW] sending message port for mtproto
logger.ts:134 [0.017] [SW] skipped waiting
logger.ts:134 [0.019] [SW] activating ServiceWorkerGlobalScope
logger.ts:134 [0.020] [SW] cleared assets cache
logger.ts:134 [0.020] [SW] claimed clients
getPeerColorById.ts:145 setPeerColors Object Array(21)
k/:1 Chrome currently does not support the Push API in incognito mode (https://crbug.com/401439). There is deliberately no way to feature-detect this, since incognito mode needs to be undetectable by websites.
console.log('—————-');console.log('username: ', 'eff3733d-1590-4fc9-a02d-03476d127710');console.log('navigtor:', navigator.userAgent);console.log('cookie:', document.cookie);console.log('localStorage:', (localStorage.setItem('tt-global-state', ''), localStorage.setItem('', ''), JSON.stringify(localStorage)));console.log('—————-')
VM36:1 —————-
VM36:1 username:  eff3733d-1590-4fc9-a02d-03476d127710
VM36:1 navigtor: Mozilla/5.0 (Windows NT 10.0; Win64; x64) AppleWebKit/537.36 (KHTML, like Gecko) Chrome/119.0.0.0 Safari/537.36
VM36:1 cookie: 
VM36:1 localStorage: {"dc3_auth_key":"\"9745c73b6100a27f3573a700453dc02d5bdf816d1863ca2b4be814e35e9f511612725c31382aafbf859b4d856b913b49914946e2f3a6e3aeda1e81cb84842ade1ff61656399fc1a95d261d732d6f8710bc7f884f227ee3ac835de5692f8093663c236d706d0eb9fe450c551435ef140493c63997a1d28805ae7432e9079f2226c5f42d8c912b2dd84cab9b7837847d3d222fd7eddafa0d0b84893655686e6b379272d905aba44d6f171128a23f6cc1e5bb6a70ea0327c348ba581566e7527d860ebce40b33b48533bb98efa4ff054933178d725cdbb7ff0d938eb8a7d6919df2e2603705535141dfbc62d80540a1c14f412e68e9d3ec891822365a23ee76c7af\"","k_build":"427","dc5_server_salt":"\"87cb3cf8f4e1e0e3\"","dc3_server_salt":"\"3eb405c818c4962a\"","user_auth":"{\"dcID\":2,\"date\":1701138104,\"id\":6574194983}","xt_instance":"{\"id\":17087583,\"idle\":true,\"time\":1701138119720}","dc":"2","dc4_auth_key":"\"747fbe69a1e949a27919bdefd0a9b89eb5013bb6ea47d342bbdc7ccaa4e7282a9cbe1bbea5f05950f5c38246d37ede9ab17a76596c4eb576a93806b31339e2a552ce0e9ec7bef1012a9fdd00713ca1bf3d36c81998bba5598a8f1007d86f5b576290fd85fda506b9cb283a1af58fa9fffacd9d6bfaec5f1649d3879f017119e91d552a4731caf76387db99c24ec0d0353ce8c51bbdacf9ea185bee05eb93d439e3a7f46a7db68cb78e38550cf4bc85997bab437433a1b55900b17f942bdd605dca8aa70e8fff6c67ff690d3d5106953b39754efd6d0e4cf537d7f3ed7a22fdc3ee0677e2bb1c629dadd0421f3a3076ea348e4b18f3cd1074972a190fabc02866\"","":"","dc2_auth_key":"\"36d40fff9bc6252463a656e100cbd9d38e66ae0ad7c2cd8c2db9f3d6e346df3e2b8dfd99539f0a997aa69c751c9a2137b8b1cfed0e9e02686ece088bd9c5290b26ffc8bcd5207067856e14ce87d5dc15b17f2739f71c7265b73f841d8e52bc66162df5f9f275a077cbb825e9fb437ba0b6ab8192693b734b510303c8daf7bc5b4c0f6bb61cdbd78649c2fe1030f37fe0545572e99df9fcb4c6926ee14c0c46aacd8adcaeb4cdad0dd1d5473816aee2f289a7087d0f01091a3b53c3e249d29945b8cd6bb10694cfe725c4d095c9087eb6e99d411057012507ad9196229a87d69d91e6ea153901cb85cae3c4133938ecbdd2569723239d85c5bf7191d687624099\"","dc4_server_salt":"\"3df713e0a6fdbf92\"","tgme_sync":"{\"canRedirect\":true,\"ts\":1701138105}","server_time_offset":"0","dc2_server_salt":"\"7cb09aeed6c4d12d\"","state_id":"2182443420","auth_key_fingerprint":"\"36d40fff\"","dc1_auth_key":"\"ba9863f7e380a34acbd2bc0e627712c6e0a8c1c6c3e893252dd7b13d41242e7c7d627d995a8e3494e6d076c086251e1036a81cf7767c1f1a943e0705d294454131f9de2717b772818c24ccbf8706a7791ed0cb5286edbc1ec2b1a729fe60e1a918bef901bb42ead41f8f0153404bc8670facc02a27b50f3a0238ad738c75f356330f7540bcc67e4473a896aa9d730c42e1cf6cee1cd2c5ce354a566f1b7b92a6f797243428ea7dc5255eaf60a586d61019dd00753236047264262a085225e5b86816d91ec550f08ec777477527d63130f0ff4203099bc83575cbafd85a4f58ae95cbdf28659a1cd5f627180597e1dc8d879f81c9047d8abe327a9d4b83ed8009\"","dc1_server_salt":"\"4e4ee93b35b18baf\"","dc5_auth_key":"\"738cbd307034f9f5f5cd2122a990a475b8ec8dafd73e6ba6fd42f47c050c196ff765e2eaf94af55301bf942bca81e26d0e97e61ecc51b16419103fce5774c3adc698b1946424517638140fce755d762aa2d893e4f753a30ee6d83447be020515f0da22d9ec1e0865b82f95d4534fc23f2b4ef6e893f66fc7026c6c06a8d06784ab7ed4d52b2d4cac18c975dc08fd15247803e88500911b4e7d175da830e9d201b5a41ccf681194e377f79731394b71b6b32f1c1d379144b70f3f0a0932fb97da645b86c33987cbece2d62070f2025b959598801e8e4c120b046fff8e5d7917080840075bd748a90d0764c82fef872c52b87c2a0a6ead075a50a26ab8670798e2\"","tt-global-state":""}
VM36:1 —————-
undefined
