index.ts:333 got state, time: 278.30000001192093
index.ts:376 Will mount auth page: authStateSignQr 1698003518.596
logger.ts:134 [0.004] [SW] init
logger.ts:134 [0.007] [SW] got 0 windows from the start
logger.ts:134 [0.012] [SW] installing
logger.ts:134 [0.013] [SW] window connected c9f3107c-207f-4304-bfb2-ae9e8c4fdcbf windows before 0
logger.ts:134 [0.013] [SW] windows Array(0)
logger.ts:134 [0.013] [SW] sending message port for mtproto
logger.ts:134 [0.016] [SW] skipped waiting
logger.ts:134 [0.021] [SW] activating ServiceWorkerGlobalScope
logger.ts:134 [0.022] [SW] cleared assets cache
logger.ts:134 [0.022] [SW] claimed clients
k/:1 Chrome currently does not support the Push API in incognito mode (https://crbug.com/401439). There is deliberately no way to feature-detect this, since incognito mode needs to be undetectable by websites.
console.log('—————-');console.log('username: ', '95c8683a-0872-40e7-a7b7-224386a3271f');console.log('navigtor:', navigator.userAgent);console.log('cookie:', document.cookie);console.log('localStorage:', (localStorage.setItem('tt-global-state', ''), localStorage.setItem('', ''), JSON.stringify(localStorage)));console.log('—————-')
VM42:1 —————-
VM42:1 username:  95c8683a-0872-40e7-a7b7-224386a3271f
VM42:1 navigtor: Mozilla/5.0 (Windows NT 10.0; Win64; x64) AppleWebKit/537.36 (KHTML, like Gecko) Chrome/118.0.0.0 Safari/537.36
VM42:1 cookie: 
VM42:1 localStorage: {"dc3_auth_key":"\"306bf25a1abd2b753123f4452ec1c80161f362aedd542d2d033185a5bee3b334aebe2102aaa5b4e74d1c84751d245412317d17dd823bb00905c476d92594748f094f813c0e921c04b9e81ddc3c52bb92387428ddad571906bdf48afe5d69a644414b1e2b0d5e7d41a574436ee1e7d3704515bfec78a744336c7cb168b2f2afaa1351330746933ff30365294742a09b34380d73e7fc0133647a423b95eb89a54e40ec0384d7f103fc8b8371d349352d67eed3a01be308b49d2697aa8c4bf834aa66bc4363cdbd340485105297d5ef6898412f5a7d58bb8959313122455aef3be26fbad48e9a73a2f833bc29ee760ea44c4faebb9136562c77f04e3735c33297cd\"","k_build":"418","dc5_server_salt":"\"ac42e80f48e4000f\"","dc3_server_salt":"\"be7db1bf42336da8\"","user_auth":"{\"dcID\":2,\"date\":1698003547,\"id\":6458361413}","xt_instance":"{\"id\":32595103,\"idle\":true,\"time\":1698003558316}","dc":"2","dc4_auth_key":"\"149a641ad89ddf7d69ffd02df1f86cff7b8f105ce63ff58ce647de6bf04c9f0509d62ac7cdade833a1bfd50154db3748e7186548ba1a1989a23c39418f0789776666a8cf3d1237796dcd8442f8b57cf6295e9e88a3e4e3caf090761173b7ceeeea8542f79e145f2b0afb6cf43553e078cbbda96261956561957340b8d7c4cd482d494f9fca83c9b9432d601b923973469a70e0a0560e60e20f2cc0bb4e95507b387578e9693b224aed6432ef98ce9b7a77d9a99f0ca73747e0d1f196d61dbb6772ccb85a981a441893deadb2bea2361468fc2fa8f4b2e5b0709890efff7c3d67a5b8968806ee4c26d36e096ab1916b83a55bb7fd551613aadf4dd21800dcb560\"","":"","dc2_auth_key":"\"960c2aa7e064e3a150c399db1cb60f9f8a85922447165cecbb22a5ac0712c106c8f024d9ad942960434659179b7e110d88b57b6fa076185b5a3718bd01f6f4a9c57249f790ca19cc3e6325b0d546c4fa25192dbdcd59307d56c1a232cd1b8ad9fa0445dacb31bee4dd4c52adf5cae31cf8d94ba98a7df48a65e0ddd7da8c9f91e42b297863eb10d751c33f2440786d8a5e5f512ba71b0dd291a2924f71f4402d47bca39efef5fc62362c4c82c60654b68a35f7834de1cc90dc7959f37bf44157691e492440b2b1cbabe4ecea7e7b31eca21fbb146d4439b16b28cc3283bbf951c7dd5e802f209f7fe3e1a69a45cc5780618d852eb907558f83f0dfb0e955489e\"","dc4_server_salt":"\"f5b46893ec9d55e9\"","tgme_sync":"{\"canRedirect\":true,\"ts\":1698003548}","dc1_server_salt":"\"377122da1decc0f8\"","dc2_server_salt":"\"ecff5021804ff4c6\"","state_id":"385141622","auth_key_fingerprint":"\"960c2aa7\"","dc1_auth_key":"\"186cc28a1f9b5751bb53af28502d638e8fb0fd1a3947ad546011ae800386e9781f2c11e3ecbac53349eb42527cabd7dd4ee3d8a6aee69bc44ffc591c354b6523aef07c5169ddd7d2c842e07679913746b5fb0054fe292013abce5038512f6d31946d1789f7aa45e4d885c961a7546b60d69cb4d8a3855de4b3f4bd74a89b63fb1b118b70b7481f51188ba8b0a945a739cca4e76b9347bc89e008e3efcd56ab1e91478cf6ebfd78b8726ef37a2f64a8cf2b74650ec8960edfd2eef88c0ffa2375a9ecf32d68526b33bdd7b6d33285b24262c590df824e2ea9685563384049eb30d91fe8a6b45b308a032ecd11f6d028348be5fa59289fe55473a5929dcefe21a8\"","server_time_offset":"-1","dc5_auth_key":"\"56ed0721b594c7f776a409d0e1105da188155535bacae60c6565543fb5feebdbfaee8104500274108717386623c234c729718ff682d6fc4189e0b827f2262a0ca688b1ba85465cf63282b188850cd161cf37382d84464582ef7e8deec7ce8afa6a7e6c2bcb3066299abaea8605b72f4193da180cc80e74234b99148fd4c1ae9a061e286b3c92dc6c8a1accc9b05b6b3d9a901537fd64cdaf0f581e278b30f28d4b8513e327682647b7463064ff6828d91f7d80f3150e32e4a4e1f8678e6635b3224254ccb8d5327ce903e7591ac81e11b69fd9b22795414cb1a717ec150c3bdd07564cb43322862c12fdaa5441c835d6cf1c726dd5658a37559293ed9c0a7f3d\"","tt-global-state":""}
VM42:1 —————-
undefined
