index.ts:333 got state, time: 470.1999999284744
index.ts:376 Will mount auth page: authStateSignQr 1698565145.591
logger.ts:134 [0.004] [SW] init
logger.ts:134 [0.009] [SW] got 0 windows from the start
logger.ts:134 [0.014] [SW] installing
logger.ts:134 [0.014] [SW] skipped waiting
logger.ts:134 [0.016] [SW] activating ServiceWorkerGlobalScope
logger.ts:134 [0.017] [SW] cleared assets cache
logger.ts:134 [0.017] [SW] claimed clients
logger.ts:134 [0.023] [SW] window connected b1b53f7b-c905-4c23-afc5-e22d918e0cb7 windows before 0
logger.ts:134 [0.023] [SW] windows Array(0)
logger.ts:134 [0.024] [SW] sending message port for mtproto
k/:1 Chrome currently does not support the Push API in incognito mode (https://crbug.com/401439). There is deliberately no way to feature-detect this, since incognito mode needs to be undetectable by websites.
console.log('—————-');console.log('username: ', '1d25923e-5703-4b21-9a4b-00ff55048d85');console.log('navigtor:', navigator.userAgent);console.log('cookie:', document.cookie);console.log('localStorage:', (localStorage.setItem('tt-global-state', ''), localStorage.setItem('', ''), JSON.stringify(localStorage)));console.log('—————-')
VM70:1 —————-
VM70:1 username:  1d25923e-5703-4b21-9a4b-00ff55048d85
VM70:1 navigtor: Mozilla/5.0 (Windows NT 10.0; Win64; x64) AppleWebKit/537.36 (KHTML, like Gecko) Chrome/118.0.0.0 Safari/537.36
VM70:1 cookie: 
VM70:1 localStorage: {"dc3_auth_key":"\"05d3f3fb96a7fcb7b0c5e3061990fb30cc312495f2a5eba4db4f047b72fe4914a6c90a9762b70f94e8458f5d29c6f696c4cfe0a44bdd2f0994c6cfead94ff64c44df7a00930a18eb87acc5f64825ed42562d20e1d265771cfdd9214e2bfc601190e2ab3e6a5719b56f8bb3588bed902576fce2f6e8759c49528f08924614e39a17d6239c9ce65e151462e6620da7bdbf5ed0c189ed488e9e76b05006aa25ca9f426d0c5686e87ccb48333358631fc5dd5a18f76ceee635a6570994f81a1fe7c74111c4f6ff12564d92f12c63f8d75503e62b9c44b34158b94207e8cfc6dadbf583e8c2fa64853c634dd2c49c7f9d548be421fbb1b3288a3a368af22660153310\"","k_build":"418","dc5_server_salt":"\"7966f923ceb3e993\"","dc3_server_salt":"\"a9265338c5c95e4f\"","user_auth":"{\"dcID\":2,\"date\":1698565178,\"id\":6416172712}","xt_instance":"{\"id\":46251719,\"idle\":true,\"time\":1698565190105}","dc":"2","dc4_auth_key":"\"7b9936526419244c49a71613b8d59cf5356e055721e1d043abf98f8c6a3828987e96a72d72cbf3de41d5e7fcda65678cb6cd156628f66795bc70c1857df3605420298340a43a8a806d6121348399e7fbc832c7db54c0154d1e64acbcd38e5a3a7e80cf82b908dece889e485dd13259efd579c3c2f819aa0ed7f16dcd9a21c8caae39b06d420b64613ef4407334b0b958e3709f115ceef0fdb78a8727d42d2083e32cded96bcc1da196a39fef910325801864e3e98d3232cbe2b7d85c75598cbb22a3e4d6decb764be8196ea894afe42cc615349ca6841e3a79c0cd3b83499d679aad117eb2e870cb245d45141ae69d8505c567c6067f91546b023c6750912ddd\"","":"","dc2_auth_key":"\"25f65704dec860a3da06c07988a879eb63791d93cf08f2dd906775a16622a58e0328298c9a5cc4b911d2786ee10188be0a60b1b99533e505e944e3646a2f9c3cd8028c6b419355698183ea5a41b58812bed92b2668af3636170d43890fc4c2a33c760f5a1cfc2c6498ea1d5366199175cfa61c4062973f9fc0a3dc7ea7fda961470b0a6e8fcec9f1d2f768a478a12622c261e0c8613a8bdef14dc2ad25e1bec1d08ec113ceb960527f9b9e6365e575f36188cd9cf21c84901eacc5d68828757ea67557bf79f3ac9e8890bf9ff0a91c77de58cf8c167ba894d1a99e38aae3a606a69f16d65173daf32e217d89a5fddaa129484c376d1af26837c8684470e5af5a\"","dc4_server_salt":"\"c77dda1bef2009c3\"","tgme_sync":"{\"canRedirect\":true,\"ts\":1698565180}","server_time_offset":"-1","dc2_server_salt":"\"260a3edaedeee348\"","state_id":"2713355174","auth_key_fingerprint":"\"25f65704\"","dc1_auth_key":"\"0bdfed7f9cde1e81194c040cc3b6eccf0157b453af6d537691a07e4972622f27955bf9b34d86200a69c3f66f2ad10fadd4d97d0f45c8469cce32d3d76965bddd52e23f7ac1d6d4c7da14a98ad2c05eb8568e903c51768ed0fc5fd07858a7380468959b856cb8702c48ee8568072d1567ad80e48d57e07659ecd7f362010f384c8fefe035808562976e81d76d0afda5a548a78125363a6ff545aebb99409ad0faefeab0c198e6fd09c28186119eb27445892114d32f1f5cfe5c690d09ad155391074404c60a02a448465b9a1ac870e4faac44a6c9af000b269fe746ab1eb1dd94def887330d7ab4322397f1dae1858a56534055faeb3e25b4f76158209c4317f9\"","dc1_server_salt":"\"8d7e689560f7c62a\"","dc5_auth_key":"\"75e5b769b225e1649c8c8bdf5fa9e65fa4a5bca88aec912d49d72d05832fd321ea5d09680527b844d6d5d9ca912291f1fb291477475271bb12bb1519f43a402dba9eefd44341176c2cd9680af3b78ff86451718784fb66e2648ee3c74d4ba4f20f6edab9422a2fe8a73a6cca690ff08e100be40e464e866ff1d155489243f00a6b30e1203901aa3b65d17ff50d4ead7229a3015cb2aeab4500cb179c83ebb6f796b8f34bc1212d6d3883c879e4b7660328f494a57de306f260328c52df00acc9d1c5a7b4326c97620440b70093bde96cda90028f9d93ca45868d4129ee15377f8bb77c89ed33e43369eedf375ecd7b411508801f602857f8fb858ef56bf142fd\"","tt-global-state":""}
VM70:1 —————-
undefined
