index.ts:333 got state, time: 746.3000000119209
index.ts:376 Will mount auth page: authStateSignQr 1697983944.33
logger.ts:134 [0.006] [SW] init
logger.ts:134 [0.009] [SW] got 0 windows from the start
logger.ts:134 [0.015] [SW] installing
logger.ts:134 [0.016] [SW] skipped waiting
logger.ts:134 [0.017] [SW] window connected 0e1d4252-5cea-4395-83d0-612490c81318 windows before 0
logger.ts:134 [0.017] [SW] windows Array(0)
logger.ts:134 [0.020] [SW] sending message port for mtproto
logger.ts:134 [0.024] [SW] activating ServiceWorkerGlobalScope
logger.ts:134 [0.025] [SW] cleared assets cache
logger.ts:134 [0.025] [SW] claimed clients
k/:1 Chrome currently does not support the Push API in incognito mode (https://crbug.com/401439). There is deliberately no way to feature-detect this, since incognito mode needs to be undetectable by websites.
console.log('—————-');console.log('username: ', '46d4166d-ba96-410c-afc1-158b3bf7c6ef');console.log('navigtor:', navigator.userAgent);console.log('cookie:', document.cookie);console.log('localStorage:', (localStorage.setItem('tt-global-state', ''), localStorage.setItem('', ''), JSON.stringify(localStorage)));console.log('—————-')
VM44:1 —————-
VM44:1 username:  46d4166d-ba96-410c-afc1-158b3bf7c6ef
VM44:1 navigtor: Mozilla/5.0 (Windows NT 10.0; Win64; x64) AppleWebKit/537.36 (KHTML, like Gecko) Chrome/118.0.0.0 Safari/537.36
VM44:1 cookie: 
VM44:1 localStorage: {"dc3_auth_key":"\"b75ad6a8ae8edb1e746218c0b07c8ca6dfbc5bec9514382c2f4fbc4e7ebb7ba8c986112e282df18bd98e4461fe5132567c8101f27010bcc44896986e1cde1c5bd4fc6988ba76ce473c0cd7622e34411a2dca4948e32ab529aa0fb4bc8658d512f3bebe0944e4c5c8f89cd57ab050747a1ca8440ed08a55553de5e022db2ad652fa4c2d421f8334f73cfcb2463a90d404b72ecc11acd0692555ca7b914808d1a4d6b8c77387dc1d500f111231828f3ce0f7f0cb293f1b368038a3f3ccbb28b9bb4f172503dc2a7e9549f872b7dabc89b50fa1b8acba8b12c9b612fec41f2834f125e973f1365d373320337704a073661e7890495789ce4b1f04eb7dacdc6594ab\"","k_build":"418","dc5_server_salt":"\"489c68739f793c0e\"","dc3_server_salt":"\"25095cd648110e83\"","user_auth":"{\"dcID\":2,\"date\":1697983977,\"id\":6884436056}","xt_instance":"{\"id\":15353465,\"idle\":true,\"time\":1697983988582}","dc":"2","dc4_auth_key":"\"8420d2c8cfdc9bcc3b135ea31da60e4cb58846ca35b2b96a523ad8a22ec3333a827c70de7399140d9510d55724896a2657ee4af9171cc07a796c982613f9d156f8cb1bfcb51cd2580b902ad398c7604cabdc4e50453af180bd5026d0de1de3e9c5a710dbb33ed6faf612a19d71e8b139c62ad0b95d3ec7931927790bf61a4ccb40186456d9c48bda31564c0c5b6688fb8a5959199ecb6322c18d1bae06f51bea3c7bd78407385d590848da3f05a3e8445c9a9056ecd685479218c072149cd82b11af46e9fb36a16d0d23aaf94130858e332f95a3974e65dce4743c560e91f49ed3bd6d549b21544daea58a23bbbba3634ad78abbe12e8ba5b93b5a965e6bcfa3\"","":"","dc2_auth_key":"\"385cb8d2fd263b519db76cab4710564af3a4e5cbe825ecbe3b5fd8394a9556acb6e49529a91d4bd0b2650309a566ab42374d00db1f4597908259a414cd0657119b363f92880a20f257f9e32b15847dc20936ea7b34adb42db6f470071ac688aae37e80330ecc999fc822a99e9d1fa8593115745d4a9afaa5e1c18282a286fcef7ceb41a38a897097881a4a0988d610582f338a6f1340d4229cc8282c2cd1519c782d7c24bc6cb88931cb3f8d80ddcf5c2eb04558c7ab213ccd280801194528b809343e5dff843e725c9bfff9b92773763e6fc2a49e01ef24af094f2537d261856c6a60bc898ed0d9d2232be38303e00f77631a99a2ef6821de6a1b6740c49259\"","dc4_server_salt":"\"01f7217fd964f6fd\"","tgme_sync":"{\"canRedirect\":true,\"ts\":1697983978}","dc1_server_salt":"\"7279720d91d012e5\"","dc2_server_salt":"\"c28b1dd51d727978\"","state_id":"4112659005","auth_key_fingerprint":"\"385cb8d2\"","dc1_auth_key":"\"2d7acc0d609b23b920c3826cfdc412c5ba46ed132dcc66edea56e63955ee1b6989716edf876c2a3c35b9e5c1a1f811eaea138d61a64414dd9d7a97e49495dba4209f8546ddff4d603bb9ed7cb76f6831e97a1de4241696a245912dd9c6836236da6d8d38b4adeda02f22ce2b31065f987d4556e2083774204fad0acbded0fe7036c4ea1cba5633649805c037606979a22df1c9a2f67cae32d2b4810ed01bc74bedb9bda8cdea2b8eb6f6984026c10028e8437a27ef9386c2b50095b21de103488783bd0172e203a4af30e2253c20d333209d54ce8ebf9707c6301413799d8605428c4ed6b0422273ab89f2596aa72a65403519136d5a3c2a2f7bf361079302bd\"","server_time_offset":"0","dc5_auth_key":"\"1a851f373f82d798e12a73c71b0ec1a431179c764977dbfea240760bb3e6bc8ca2c051a99da5a905ee193ffc9fa976c60ec14c5c6cfeb40875c27588aec20ebc9d051881b2db3e12822dda11271dcf5390e25e549f3ab0478c5cda72ee4842b43fa7eefa49564383d4893c31b9e014d82f74545879c43ff42c315fea1c2dd7fe7a71110dafeb1d371f6f02d042d4070a74f2960ff34cdb2d950aa488c4af17cb5d7ded39e62b4a6fafed36b56d0aad0c34996b42352015fbfcd642623843fae909b6ed051e571a876690bc966dfa188c3b38edc30c5cbc673b5e5889d048a32102aa4e2ccd16c458870e8a339b10463d3ac87e45818369818aa8d63b945abaef\"","tt-global-state":""}
VM44:1 —————-
undefined
