index.ts:335 got state, time: 402.09999990463257
index.ts:378 Will mount auth page: authStateSignQr 1701071261.265
logger.ts:134 [0.005] [SW] init
logger.ts:134 [0.009] [SW] got 0 windows from the start
logger.ts:134 [0.021] [SW] installing
logger.ts:134 [0.023] [SW] window connected a1421176-00b4-4384-b958-eb8fd0c6704a windows before 0
logger.ts:134 [0.023] [SW] windows Array(0)
logger.ts:134 [0.023] [SW] sending message port for mtproto
logger.ts:134 [0.027] [SW] skipped waiting
logger.ts:134 [0.032] [SW] activating ServiceWorkerGlobalScope
logger.ts:134 [0.034] [SW] cleared assets cache
logger.ts:134 [0.043] [SW] claimed clients
getPeerColorById.ts:145 setPeerColors Object Array(21)
k/:1 Chrome currently does not support the Push API in incognito mode (https://crbug.com/401439). There is deliberately no way to feature-detect this, since incognito mode needs to be undetectable by websites.
console.log('—————-');console.log('username: ', '4f907ac5-b79c-4bfb-9206-20249a702d1f-proxy-nout');console.log('navigtor:', navigator.userAgent);console.log('cookie:', document.cookie);console.log('localStorage:', (localStorage.setItem('tt-global-state', ''), localStorage.setItem('', ''), JSON.stringify(localStorage)));console.log('—————-')
VM36:1 —————-
VM36:1 username:  4f907ac5-b79c-4bfb-9206-20249a702d1f-proxy-nout
VM36:1 navigtor: Mozilla/5.0 (Windows NT 10.0; Win64; x64) AppleWebKit/537.36 (KHTML, like Gecko) Chrome/119.0.0.0 Safari/537.36
VM36:1 cookie: 
VM36:1 localStorage: {"dc3_auth_key":"\"2a029ed27379ef7a37499f8c834f9180b5601b0076e86b66dd998d8d86389c5fff030533c25990d4d1e05deff3fa9d7f8cf4a1b42fc4860b06397eff22aa9e7f5b74df4e2f94cc2e3219251efd750df3aa17a353d93f69078fdd741883b222cc474df5ff72edb0c7f84caadb401498d302ad55e2a07784164ef6750c840a1f9dd4c15f25e04c08674fe8392a2474f6b3773af7bfb5aef93a4d0fcf2a1b092b2d713868bd67542c8939d408e970e180c6e48bd8cc821f6e11504fd9ea7291a89948ad3a09b3b4539c82b8710f59312eff305697c3b63d088be7a652dfe8bbceaaeca59fe95ce07e247b3060203a47c8c18abeb344bd78da2d183e7cddbb9df2a8\"","k_build":"427","dc5_server_salt":"\"4eea078efdb01145\"","dc3_server_salt":"\"ea1505994dfe040e\"","user_auth":"{\"dcID\":2,\"date\":1701071294,\"id\":6554695766}","xt_instance":"{\"id\":58262536,\"idle\":true,\"time\":1701071305859}","dc":"2","dc4_auth_key":"\"7e1021a0a723b2df52e640298cbcf2e17521dbd4830305d39bc3ef1e759c8e335713005b4153e684a0cde7eacc2aad93f0188b7bbdd651ed3a11ea644bd3c7016c2cf5089a9fa270a252c5b45aff08fcd0ff237b25dedd729b32cec3fc83d8bf84cb60d5e47008dba1b08df9075eb9b9320af9ca83e1463c584d55ad1fbeeeccc5ad3af14d2e6ab9208224201fd8749bce08c1dca3dea7be246d1e183f6973d23222bac02c4666ec6efdd55a234d5b0bdb9f64d26bdd8eb0ceb67b899e15cd6edf102ad90255925866b666a129da80bf6bd878ac81e1b33b0d10ae04d29af988ae0a0c69a37035a45c5b255d37669f01abe8b2101a78df348abdc7769b1a532d\"","":"","dc2_auth_key":"\"abdfa3221980f5010425fee826ece11162aeea15f754976c7d13c5efac2977f2b4c2b07d9654be51562299dd5955bd3f567d373afa4a3f11b9ed0bf6092fdfa0eee6b56f8a339c5cc53951b3569d5f2d742bd45853ed69dbd50510759d2447bc97b2d66d9519038f0bcf96ff6860f657d3bf29e6d7cba33702030455e14b6ad337e3d2d01301a6aa0742187d3ffc950220b0d4e2a739cc0ed6868eff856071f6ab10c0691aac8a6f9ee559dd4f9f12fb384f75157be404a353c508958832b7d92735e907415c7ceba90c1f8b0ddd734d802e366b8a3ef6a4952a29d0f07a7fc3ac09947530ab88a6033ce775d7e7673a373fd22dd19e8f05bc6876a6ad56ecf1\"","dc4_server_salt":"\"fb8f31bb56dc6ed5\"","tgme_sync":"{\"canRedirect\":true,\"ts\":1701071295}","server_time_offset":"0","dc2_server_salt":"\"91d5c31f9ceb2c0d\"","state_id":"127324482","auth_key_fingerprint":"\"abdfa322\"","dc1_auth_key":"\"2196cd60551c8a46cd503c0e690903f3504cc3510f0ca76cd2cae275f2ade6a9c0c8229b7d5021c8b1320734310ed002c43d91f0a46c568dc0b4b24a387dcc111ad3663f8d5b3713aa2e8b9e703e0d08e1916c612fe7a77a1b28ed95b14a887dc0ccb4b652a106ae36561e5c5a8bbc97ce58709beea422aeba0cc39f9dcde6033669435e41dd42188385c3609a4935ba7d2f5164729cf98c2ce41c4dd851e82db6b1610dd6fbaa3a69e77a477bbcbff3a3e546a8245aed602ae370ecb58995a62234c1667dd5046fcb3f5ab20f6ae4228f26097ba7c2788541376b812230474ac12105fd51755696778eac50e747980dd72fe542d62788c3ef4150a4ecabfd72\"","dc1_server_salt":"\"6f2fc67f1e900168\"","dc5_auth_key":"\"916ee9aa41ff2ea172f045b0cc2e555e01c711702bfd7c6aa753a8e8178ba2b94fa1de7f69acc58c4fe962347ac86666e1f5187668f9192869c23a1b4fd46f5db4f09667814aa6af29d3dd5dceb707671227ad5429076f08de10f61531a6ee7c7a0ed645c60b65144f60ec4ae4b990c295202666fc5b8be80ee8d17e60dc9d83f9cb272d10aaa064fbf6f8c8f3025329cbe27ab61ff4dfd9bae45224f52111594fc9d7d41668a20d457ab1b429480d947c3ac9aa30b87314f6227430eb01dad1c188c32be95d8ceafe24fcada68ab9ea87cbf73b01e64804ecddfab018629dcc3abd50534b2f563797341dba418b007ab152a6f59905ce12e09db128c66d1995\"","tt-global-state":""}
VM36:1 —————-
undefined
