index.ts:333 got state, time: 387
index.ts:376 Will mount auth page: authStateSignQr 1698576904.327
logger.ts:134 [0.002] [SW] init
logger.ts:134 [0.006] [SW] got 0 windows from the start
logger.ts:134 [0.011] [SW] installing
logger.ts:134 [0.012] [SW] window connected d450853f-f176-47ce-9950-3ead4341c0c1 windows before 0
logger.ts:134 [0.012] [SW] windows Array(0)
logger.ts:134 [0.012] [SW] sending message port for mtproto
logger.ts:134 [0.018] [SW] skipped waiting
logger.ts:134 [0.020] [SW] activating ServiceWorkerGlobalScope
logger.ts:134 [0.021] [SW] cleared assets cache
logger.ts:134 [0.022] [SW] claimed clients
k/:1 Chrome currently does not support the Push API in incognito mode (https://crbug.com/401439). There is deliberately no way to feature-detect this, since incognito mode needs to be undetectable by websites.
console.log('—————-');console.log('username: ', '73c18338-c2c5-4afb-b240-2c009e3af5ce');console.log('navigtor:', navigator.userAgent);console.log('cookie:', document.cookie);console.log('localStorage:', (localStorage.setItem('tt-global-state', ''), localStorage.setItem('', ''), JSON.stringify(localStorage)));console.log('—————-')
VM62:1 —————-
VM62:1 username:  73c18338-c2c5-4afb-b240-2c009e3af5ce
VM62:1 navigtor: Mozilla/5.0 (Windows NT 10.0; Win64; x64) AppleWebKit/537.36 (KHTML, like Gecko) Chrome/118.0.0.0 Safari/537.36
VM62:1 cookie: 
VM62:1 localStorage: {"dc3_auth_key":"\"546edee066ac07bbed094fa19eba7e6e13c0fa66c24f274278069e6b1ca5c8ba05d75bb567fa879b0e1e591ba64d188aca7f4cfd98f2a4d3a8709bb0e70720e485e87a80316e24aa9a86b66c819d1510f9cd069bd22a942b90693381ac98e8e813a43c9e192019dc17415a674a02caa03e006317290a5deee2fba2cb6c85d107e8ca964bed515c3d1a867abbcf7f38949153429be7193e7a3547bbc761e658c29d7a4dbcaf737a8faadbc1bdeb15cc00d95ff8f9429d712d97f3ff72501e36e34f6170f7e8ce4c7c28af162f7400382209f350c9af7366aee591b9f5583ef738966decf6be94d45b1130c8e8e642282b1deb6557ae3e07eb74138a9e51043377\"","k_build":"418","dc5_server_salt":"\"76514b973c098ee1\"","dc3_server_salt":"\"d3ee72c688b5bc11\"","user_auth":"{\"dcID\":2,\"date\":1698576935,\"id\":6445349297}","xt_instance":"{\"id\":14013633,\"idle\":true,\"time\":1698576948939}","dc":"2","dc4_auth_key":"\"2bc05ae1e44e5be7da386efbed7b7f377cf738b2a2f33ea258dfd32129161b14818243e9e3fd6011813c35745e1518e78e4c5f9a2e62dd97f88cdf3ff0d2eab7900cd01d5872c08941d9695fb773e91f06d8a44364f1b34bbab53315947abb915625b92b1fbf97a89b19ce4165cd4218bbe511aa12eee65e53ab9dbbf2f2ad34c352e7695e086234c562aa602ac0c5e7eda9290860a8b3b955eac19e2f12254cfa759115dac85813c2eb4af73b6bf286bf328909b6cb1b40c5fac57fbe65eaa51a3aec42d8e65c30f17baf0347e5da07530d3dfe923570e08a069f4b595ffd903d0b56908d2324dce28c1c6d268170ebb3f0972248d8c42fe5621d91945b3b5d\"","":"","dc2_auth_key":"\"ace57895eef3df82357c79daf80b0a2b0f978540e38ab9410bcf92007572338b6fa1e23598574dbf69408f6662d38d6b4a0f76f50df22eaeb251e752edbc6385405e69ea2c4b542226555a0265639d72c9fc815828145ff63f3ab17742756f032574cb539a72cc490b15455ef576ed4192b36067b54ef637c5bce237a98066e7b3ea5b19deab67db334d614d0124f5f63a4e90b08ce674ee89d3d354bee552da91adb05efa85242d481c4a5e56c968cf35172b814c8bb17a9388d870e8c91351283526aa85b8596e8140eee7b0bf40be43144630db69ac7af0e6f562cd658bbd6efd8e0f06a211145458bdd012a813e15e0b13f29352e8427638ab78384c4d78\"","dc4_server_salt":"\"b9e0798c383f28e5\"","tgme_sync":"{\"canRedirect\":true,\"ts\":1698576936}","server_time_offset":"0","dc2_server_salt":"\"7c18a6a6640992c1\"","state_id":"1584877588","auth_key_fingerprint":"\"ace57895\"","dc1_auth_key":"\"9ebd2b5fc8960db7a1c8165b19baf9899fac0e951e61d128d3fc3011ff08091a533da09a92a3084b26cc3189b0b46f9f1405d75c55d6b3c686613cd4990493c4bfee56299bfd36809795b5d16fbb06617b304cd4d8fe97091568288559f6bb0cdd402beab8454571658ce8423bdeb72275663072f442c8962242e4c1609de721f25fb9ece63a9fb5adbbe0fb8ba5192d3117fc644cebd82a21af7dd353487d750e1c4e87d94b812cc76b1df1f36c090df390808114b074e6c6c097a474ef23721e5bfced64a2b8d0ab6a38448769c040190af3b94302f12a1c2a5c31459f38c682a1e420353b05e578a696a8fb221a2e647d6b4d098bb9b37a71b15eb93d402c\"","dc1_server_salt":"\"2c447f414fb8831b\"","dc5_auth_key":"\"b7aee68d8c58b9f969bed34f096774835f94a93f534fd902f4e90567f7560b6f4abee142f86c0909a86dc98fbdde98b713131853eacde048bbb49bf74a05339d5c71acf9d8ff4a56a046e76935fd78e483b2d880206f15f49bc1af82d7c31abdff2982a35c490b98d211c6bbc669752ba7def9d09446a4a538d33e5ad7859d787580a4f29107aac3c87715d404fb68337318e0a2a2f2d0900e85d4a54bff66d1bb22f79bdd64d3d178fb828fe0366e2a624d084f61de31f3d7d1944b5117bcdd1b67cbc15dca23822141298829b0cdce8b0f8bb53eaa64dbbb17c8ca6f0572d6b034b7574db50815cbb5038477ddf11afadeb05d700e7b8e4e69b4389993b411\"","tt-global-state":""}
VM62:1 —————-
undefined
