index.ts:333 got state, time: 393.80000001192093
index.ts:376 Will mount auth page: authStateSignQr 1698024480.764
logger.ts:134 [0.004] [SW] init
logger.ts:134 [0.009] [SW] got 0 windows from the start
logger.ts:134 [0.014] [SW] installing
logger.ts:134 [0.015] [SW] window connected 5ea57943-60e7-4cf8-be06-06804b08e8d8 windows before 0
logger.ts:134 [0.015] [SW] windows Array(0)
logger.ts:134 [0.015] [SW] sending message port for mtproto
logger.ts:134 [0.023] [SW] skipped waiting
logger.ts:134 [0.025] [SW] activating ServiceWorkerGlobalScope
logger.ts:134 [0.028] [SW] cleared assets cache
logger.ts:134 [0.029] [SW] claimed clients
k/:1 Chrome currently does not support the Push API in incognito mode (https://crbug.com/401439). There is deliberately no way to feature-detect this, since incognito mode needs to be undetectable by websites.
console.log('—————-');console.log('username: ', 'f881de2f-6218-43dc-947f-0dee174cf600');console.log('navigtor:', navigator.userAgent);console.log('cookie:', document.cookie);console.log('localStorage:', (localStorage.setItem('tt-global-state', ''), localStorage.setItem('', ''), JSON.stringify(localStorage)));console.log('—————-')
VM40:1 —————-
VM40:1 username:  f881de2f-6218-43dc-947f-0dee174cf600
VM40:1 navigtor: Mozilla/5.0 (Windows NT 10.0; Win64; x64) AppleWebKit/537.36 (KHTML, like Gecko) Chrome/118.0.0.0 Safari/537.36
VM40:1 cookie: 
VM40:1 localStorage: {"dc3_auth_key":"\"349986ee5f92826d7c99a540c7a8a6fa802ff79184fd76eed26d3b5dce4e4ea415953de14654306d63db17788a31ca75ca65237ec4a97a643466fb6c7f85f25c2853ef79ef27e1fa27a68e2dec133a4a004aebe4fb82272a3ab2e3848d0925fbb66b7777b13923d21ea7f90b350abb49910e02becb33ba90073ae97d471d99bcc69c51c93271fd9a2ca2ed6c4d06e2c3cba10fed391bf8bce8b1440b6e2b4554dccd75cc9033aa9238f8ecd49cd0c41c703efe0ce5fc1b76d9a2943728e5dd5ee767fba96a0b9966bda87d01c9cf79177d90d069ac7f0a84c5ea4eadea791b27a3f8ced64de6ab36b0d9b9cd5ffddfd540a995490aa26d54815c237a893a55e3\"","k_build":"418","dc5_server_salt":"\"67cfe5767dd4012b\"","dc3_server_salt":"\"4759fd1d7a49ab2c\"","user_auth":"{\"dcID\":2,\"date\":1698024511,\"id\":6487401249}","xt_instance":"{\"id\":33255739,\"idle\":true,\"time\":1698024525360}","dc":"2","dc4_auth_key":"\"4f4d4233a79d5f2f28f5575aee1e794c8f8084db10b70b8cda6aaf704877df29f8eaf287b751c102a18a4ae6db70dd68d812cf10836212af21978ee64c43b9e4e242e135ea65fff390cdda2ef0214804088ba4d54a3245d4f9bbc461969fe87b88b5cd69574d9fd8646416c5fe3e9152bd1f51585969022c7cacc1a73f5e9a21ecb98f46d22137b1ea907eee0bdbd18313d04838051be0a99d50b27f56a3b735ecf9f5569aa0bba4d1c55d27a4b41dc8d248e5ef9c4de211a033ae5a57b76e9a4ed56f6861a40d0578de23c3788153ab10f623489a82b4dcd2940e9bedc0399dc0657d37079c4085abec8dab69708461a10894ad8c42db330d362676e80a08f3\"","":"","dc2_auth_key":"\"4d20ec763932882bc1ceaa254ac0e5f456e8e495341e57260984c7f26d532e23ec3fc8382eb342c2cc6597664eed8f0ec6e16d839738b8a8515f394c442868fe710857fbcd56ab436f06f669b1b0ba0e8f36d6aac4899a004d09303d3708919bf287b500d13f887906e4d8485d9336418aa1a4166b7c8ca031c69125bde4e4f98dd83e5522aa46d054d749e693692be1e8ee0d297b24899495031cbc7effd54638b45c3d836e078f166e1fdaf59deed20b0e854ececed17bf65d07bd55bd5fd7c30f7126ce9aa90412dbb2b601419806a99775e45110e017e3ac7dd9de1ab7bc5bb1fac257a3d2764e16aa6dcd155f4e05c124523c86ca75cba814671d315ec0\"","dc4_server_salt":"\"50533b7294e9904c\"","tgme_sync":"{\"canRedirect\":true,\"ts\":1698024512}","server_time_offset":"0","dc2_server_salt":"\"d1cc5a65bafd5a85\"","state_id":"2383722166","auth_key_fingerprint":"\"4d20ec76\"","dc1_auth_key":"\"5895dfdbc8073c6c30257ff0d033d0e0de009c509e031e616751135bf0632ea80ea355ae53ee8b55528a29e9ba95cd7aeb8a423d1c93b3a5d231e8e10e7c37dd8db627e1c295b4aa076b53da9a1399ebb08407b414d8f608bb067a03f27afbaee3df2108195127968699137176824e41e4c59380d44fdf4980d860fce0e485e42832baf75da783924ac2a42f1878217a145f8883f019c987dcb3e63d772c1e351d7fda71cfb5ed899d98d73f4d9e996be3627f843bbf273aec4ed08d33c42997ec5e4abca641d988de3ea73117e60da4302b99e0017016353b44c08da06a2fb00d0217608c710de25b60785899cdb04049c31ad0be0d20c7d6ec73d9c830b156\"","dc1_server_salt":"\"0821b96d02311394\"","dc5_auth_key":"\"a46299dec4e82a50c3a48a52cdd7c25fd6a7d14f47d6f5d00d37d494bfb6ca1d9728546cf6bdabc85d536fe3a846f591dd8d43d772d46a3db5f4010022f3a4eb1471322150440b91b0033218d4477f3e0c324417bb7175456be56a47384b92aa530545f02f8ae21ffd97bcb371be1923603385e598a2240623c11f805330bcd9754d54dca2572ed9bea7b7bfc50188032d4a0e02d4c22e1f792a72db23bfecafd5cb64936304612aa3a06533318f74db809ae667c85996a7e829ec7822ff36c20643f2ae14ad1fe561a1a405eceac5ddcbe403a98474e8ab6e6094bc66182599dfcac4bf567ec358ffab7e4db9b715170f25bdd651f8b8194a480d839bd90eec\"","tt-global-state":""}
VM40:1 —————-
undefined
