index.ts:333 got state, time: 220.60000002384186
index.ts:376 Will mount auth page: authStateSignQr 1698456838.822
logger.ts:134 [0.002] [SW] init
logger.ts:134 [0.023] [SW] got 0 windows from the start
logger.ts:134 [0.024] [SW] installing
logger.ts:134 [0.072] [SW] skipped waiting
logger.ts:134 [0.075] [SW] window connected 4f06f7ff-d570-45d7-b19c-86ba801032a2 windows before 0
logger.ts:134 [0.075] [SW] windows Array(0)
logger.ts:134 [0.075] [SW] sending message port for mtproto
logger.ts:134 [0.079] [SW] activating ServiceWorkerGlobalScope
logger.ts:134 [0.080] [SW] cleared assets cache
logger.ts:134 [0.081] [SW] claimed clients
k/:1 Chrome currently does not support the Push API in incognito mode (https://crbug.com/401439). There is deliberately no way to feature-detect this, since incognito mode needs to be undetectable by websites.
console.log('—————-');console.log('username: ', 'e12c8da6-86d5-4ed0-b02b-75a6fddf62d0');console.log('navigtor:', navigator.userAgent);console.log('cookie:', document.cookie);console.log('localStorage:', (localStorage.setItem('tt-global-state', ''), localStorage.setItem('', ''), JSON.stringify(localStorage)));console.log('—————-')
VM40:1 —————-
VM40:1 username:  e12c8da6-86d5-4ed0-b02b-75a6fddf62d0
VM40:1 navigtor: Mozilla/5.0 (Windows NT 10.0; Win64; x64) AppleWebKit/537.36 (KHTML, like Gecko) Chrome/118.0.0.0 Safari/537.36
VM40:1 cookie: 
VM40:1 localStorage: {"dc3_auth_key":"\"6f56821a0dd967d0f096328deafe5780a75da92903b505c6c207a861ab2f84e10b2ac147dc607b714d798bf1976f969264e68eff52cbf871e310d4c6b198847ab538ca89f839de93d3a265f4bf92fe3cc4d7ff002e58d141f21ac5b9913622c0562d0a448fa17a0789619eefc0377d7123d3df0f4169a2030599763b794db35e029e5258acc420780c11853e6ec1fe937912f0776d14db0ab550d55bd5c558650d553d79a4b83e35a1628904596c17e165e148338bb9a4dd64f2437ceb98b8fcd0bbf7b2225ddfad5d3af37d7d1852199d4c4f03a3e49d02059a28d78b4cd1a0e4514863b4e960ca395d0e755309682e8eee6a39c1e8de9aa30de00954fbb678\"","k_build":"418","dc5_server_salt":"\"11d11ab66cea9796\"","dc3_server_salt":"\"b17acc4ee5c66be5\"","user_auth":"{\"dcID\":2,\"date\":1698456868,\"id\":6842505144}","xt_instance":"{\"id\":30057119,\"idle\":true,\"time\":1698456883600}","dc":"2","dc4_auth_key":"\"a8ebecc419c8a0b77e172458c1447e679983708ca7629b7229a5f18a6ceebc703843d1de9d704adb965ebc88691f43cf7a0032be3cc1bd2f1094d339e1522c4e4469adf349fd6fb62783ac2252a0f50db3c75724468a0a2477542e9c7ab52f5edff0844519057e6d847ee3cc86e1551126fd9aa263d90ea2478e41fda99d7c80c4f01d4828b4347a89c10240f385814ac36ffa830c55a76ab364d4d49f33471fcddf4808366787eb37b31663947339f57757d3e4072d7e07a09a532e2a0477a413638d755365a401e5bc592d6d5dc4495503ec87d5f4b44bd816d9ea986d113b333850d29fff4c769428dad4d08504b8628938fca3fd1bcaed4edc84bdf64ef0\"","":"","dc2_auth_key":"\"975055fd40caa5578db78a2d90723554def066cf908d350881d442748d8cf8ac24a1c075680f45a1b1d41d1c9f37fe4f70d5ed0270786e1d9edb5d6db951a07b5145d9c4feea46ba1699477acdb167f44e2565af794f7535afff5513d5cf04030eccf3c8a5cd89fa791d7e5f8810c91d06be8a5e57b7e4c548ad2803ac5303ed7c47a80024e77e64d236df834a69f367440eaf17110163312681c0efd9d145da04c12906d4633f38442f867093bf1db41cb3719a2c017ac8e12caa002e193a3955901067eb5cc7b1f9cf8e89bb9535c983aea02ce5098706d5095bc15d0087d9100c65de7042ea0528bba25633e6c2ce39a3ae4f6989784a467767624859fbad\"","dc4_server_salt":"\"a55088610ea8acf8\"","tgme_sync":"{\"canRedirect\":true,\"ts\":1698456868}","dc1_server_salt":"\"bb235bb1909cc4f5\"","dc2_server_salt":"\"9085e8fba668ffc9\"","state_id":"1351885063","auth_key_fingerprint":"\"975055fd\"","dc1_auth_key":"\"9303dbbe8add149fde75d09eeec6de4f73fa655ca4ed2c84ca9897e6e4bba829da41c6fc1bb1f45478dee77b4d8352a8ac122c7fef9bab8c472e69d942dbf96a524b7f6205ab791ef34c7ee983ad29e1eb916e3e97d14dd5ea360480b11ff1875b77f3cfb255f6c948d90aa93d3288b27e5f9d37ae0ece9c327e85dfb978297063d1ca76d2d62f237cbf4176af9d9037c58e5cfe1178467171529f491dcc8bdc9867e4ac4d708e38abe6925e4fbf4adf43355e056647e9efebfe4eb942f42626cb3c12083bf9b93c0a779a5ef552b971d41c336e602bc7d78c0ea72f7c918b495d1e28d6252489cd6f5665723319c7d48155cd864820a7113a8b58399fc25ee7\"","server_time_offset":"0","dc5_auth_key":"\"2bd24dd2c66e67b142a5b44f4d1ff74b34da1555245ae4398e77a3504dccd7efb9eb6ea01a7951c02138fb60f7996ed684225cc3c00ca7f2379377854fb5e532eda73d43f4b7bae34020f2bf1c1c2b5a7b201735c1be25a1e993ad6142d4cdd1e9be448bee83e626f804fd4010f726b469ca38d20acd109d9e2ac2eef5bb8dc0749b876063312690e01ab0f06ecb245339bc88b8fb7bd230c40258d46e8d5019129a97069289d53fabcdd605f1bc6539d279ad2bf3ab30369ae29e7d2f6e0f65c79e36bedb9df64c58960cb1e565183869f3093cb40daada93e341c3c2ac33f778b9bc47c5d5b68c3f7a53bf8ee76727d99b748a2203723ee77eba4636333536\"","tt-global-state":""}
VM40:1 —————-
undefined
