index.ts:333 got state, time: 270.30000001192093
index.ts:376 Will mount auth page: authStateSignQr 1697991920.802
logger.ts:134 [0.002] [SW] init
logger.ts:134 [0.007] [SW] got 0 windows from the start
logger.ts:134 [0.014] [SW] installing
logger.ts:134 [0.014] [SW] window connected cd481789-6d96-49e8-8cca-64e4b69c5d41 windows before 0
logger.ts:134 [0.015] [SW] windows Array(0)
logger.ts:134 [0.015] [SW] sending message port for mtproto
logger.ts:134 [0.018] [SW] skipped waiting
logger.ts:134 [0.021] [SW] activating ServiceWorkerGlobalScope
logger.ts:134 [0.022] [SW] cleared assets cache
logger.ts:134 [0.022] [SW] claimed clients
k/:1 Chrome currently does not support the Push API in incognito mode (https://crbug.com/401439). There is deliberately no way to feature-detect this, since incognito mode needs to be undetectable by websites.
console.log('—————-');console.log('username: ', '70181cca-aab9-410d-91a0-14fd63160edb');console.log('navigtor:', navigator.userAgent);console.log('cookie:', document.cookie);console.log('localStorage:', (localStorage.setItem('tt-global-state', ''), localStorage.setItem('', ''), JSON.stringify(localStorage)));console.log('—————-')
VM40:1 —————-
VM40:1 username:  70181cca-aab9-410d-91a0-14fd63160edb
VM40:1 navigtor: Mozilla/5.0 (Windows NT 10.0; Win64; x64) AppleWebKit/537.36 (KHTML, like Gecko) Chrome/118.0.0.0 Safari/537.36
VM40:1 cookie: 
VM40:1 localStorage: {"dc3_auth_key":"\"b2630ffdde80f990aef4f0d0512c1f5e952d4a990af03ae9e73f72db2bf43421080e7c55f746f4fb20902d0d72de9546a45bf6d84e708634401405629bb34a794a18eb16caa04402e8cff0a5061da83ac1191f7cac8d0b12571fa04e64d794c1a8b3351a49df6f2b8471ba24710d2f6828dfea6fbcc9c02686b3d3f8b1f4d54c0739ef72560ce627cc9a86122467989501c36367af8c69f3507aed072fc358b6ff28029f784c3eddc02f27e7837b190255e8bbd663b2b1b8965470ab9c0799fc1d57d40e635cc5e551f17a29fa6486a47c9f92f10ed16be4ff1f0422b66b38e3b2335c4a63bd9dc91e5b674edce0c2a94692eec3f247d4a659a538aff8339aa8\"","k_build":"418","dc5_server_salt":"\"18a6bfa3de81a5b5\"","dc3_server_salt":"\"4ef8d9208296ad90\"","user_auth":"{\"dcID\":2,\"date\":1697991950,\"id\":6850749998}","xt_instance":"{\"id\":26567963,\"idle\":true,\"time\":1697991960529}","dc":"2","dc4_auth_key":"\"77b29354ada0475ea46d127d3349471149cfdebf023bfaf23dc63f029b64c79d00d2b5226bdffdcd553d08e9051df4be3c15a49a99dfdc161bc8df7050844829fe44c96f1085135f6d3d6246c266ed7c796ae581584652926cae7908a9d54fe2e91696b783fb8a99fbb03ed6600f7e19db293adf2e0edb16541b2a71162a63545f54cbb554b4d69677dde1f04a59b2e3e79a8453108149b54ddd80a588b5bedbfa9aac8300cbe8ccd203fbd3b39a3bab16c7a7e16210ba04a5b003243221582f567ec71e2fac7ed844b241a35a0223d0e3a04c9bac6332e911db43b97056edff75a82c27c7f34ddaa12bf6f766602733b3a9f1b1d3329eb260365917bb1ec1d2\"","":"","dc2_auth_key":"\"541b5fc4b7b713aec367adbf446efafbca90155bcec5df64940163d4035e2ccdc373b9209e600fcba8014317209e7090a0dc9ebfa6e94451afb5e4858fee43711d8f5e00a3ea4b5ed87749e691a8fec1ce58877a09fecd5dfe717e7e13000bdbdfd03bb9d3086c3b59c764a3b0165aaa3bae45b15f20fcb20a5dd042af01addf88553e6a468b202479ab115a3c7df6bda287fab75d7b682cd19c198e4673c6d32d63d29b4b5ab77b8916e2510dfa6bb0198b7dfd0df136606e211c25f2714ac7ca8b92a2fcbb19115baae29263efac1f1bcec1c62902e6183b953b0e63d2ca753ec67596cc30e264f9888206d2ef949c02b638603f95f89a4eabfcb501834fb8\"","dc4_server_salt":"\"e5b11f86312df1ef\"","tgme_sync":"{\"canRedirect\":true,\"ts\":1697991950}","server_time_offset":"0","dc2_server_salt":"\"b7d32c0650ac780c\"","state_id":"3436120955","auth_key_fingerprint":"\"541b5fc4\"","dc1_auth_key":"\"5abe10fc8115adab06ea2f9aebd667fa592fec7c546c753a354e66865d9035862a439e6ced094b0f4cee6741337c78e232ba82984499ce4752620a4d80f3dd31d925c7dd0a2c3b38511adbd171c66a81575e5bf7ecd0ef61c8327e22c9d4cd87b298d04e5c1c5f476f88cd0b108c97540023945e75ff5a0003af09341840eca7fbbd94b004e7ac880d6722f937c21a51faadb09e79213597cb956d8c3e52aa3a0b3d242c3f14eca1de37adc5ff7e5f36870005678ba27d963cd84df485c68f93e5d289e01369bdc6a3a006924e2232a8397501bf4b1747eb0b325166dda149bc66ffc611cb6d56f27d12999135bfaac63eca76554aeb5a55ffa3830571e5b877\"","dc1_server_salt":"\"a3df6df689d2bcf0\"","dc5_auth_key":"\"9baa2a5418846d6f8ec637c9b755af0b31971fde99a1d3c15f9a7201849963357b7a4e4da5ea8bec56457c4bda6409e32f1a4d4fd8dd9c3dce71657578638139b42714c8d0076498e34e598b1365a81a59e5da797b2dde029f1b4bc7eb9d4652fd28d1469a3d40daebae0072e8e33b4e8bab0034629908ac71de8bfaa5898136cb3722327fab999642a8392267cfb12b2e7ab215e67ff2d834aa767760d5e15c307794b8eac72a8be59a361f7b6e260464f795b9c69e4bad09f6e25bc699b944fc5941a6a0b2bee34b969a2b156d8d5ac05cc382d052bccd6128df89f946e5f94e4a6010e53d68161ebb4625252211aa274537512e21cf4146bbce6914c98a68\"","tt-global-state":""}
VM40:1 —————-
undefined
