logger.ts:134 [0.003] [SW] init
logger.ts:134 [0.007] [SW] got 0 windows from the start
logger.ts:134 [0.012] [SW] installing
logger.ts:134 [0.013] [SW] window connected ed876872-85f8-487a-a19d-d5dab1fc174b windows before 0
logger.ts:134 [0.013] [SW] windows Array(0)
logger.ts:134 [0.014] [SW] sending message port for mtproto
logger.ts:134 [0.018] [SW] skipped waiting
logger.ts:134 [0.022] [SW] activating ServiceWorkerGlobalScope
logger.ts:134 [0.023] [SW] cleared assets cache
logger.ts:134 [0.024] [SW] claimed clients
index.ts:333 got state, time: 664.8999999761581
index.ts:376 Will mount auth page: authStateSignQr 1698445343.219
k/:1 Chrome currently does not support the Push API in incognito mode (https://crbug.com/401439). There is deliberately no way to feature-detect this, since incognito mode needs to be undetectable by websites.
console.log('—————-');console.log('username: ', '82857991-0219-43df-b3a2-612dcd107f56');console.log('navigtor:', navigator.userAgent);console.log('cookie:', document.cookie);console.log('localStorage:', (localStorage.setItem('tt-global-state', ''), localStorage.setItem('', ''), JSON.stringify(localStorage)));console.log('—————-')
VM40:1 —————-
VM40:1 username:  82857991-0219-43df-b3a2-612dcd107f56
VM40:1 navigtor: Mozilla/5.0 (Windows NT 10.0; Win64; x64) AppleWebKit/537.36 (KHTML, like Gecko) Chrome/118.0.0.0 Safari/537.36
VM40:1 cookie: 
VM40:1 localStorage: {"dc3_auth_key":"\"3a91723bed3238420b7b6d8d02565bbacee3038288a555d7b6295170c1052f9b23341fe0ebbb1d91b75a9fb488843a0e56e25c3dc35d5b28360a8bf3fcb640a62ae4f12f9724abf16eda621e161a78eb795ce1dceda10ac82a1cf043989eb4a1777472b1ec26d1b58c4b9785e8b476cdd3c91f93126c8e3771aa7657adc8318d549c6aee31f0182807e078fd5d31dbbd8565c63e10fb62a62be7683b259cc77fa33b1a298c2bf8d4d65899a78c555b41d5a8e7b6a18ee38e1ed13ef2dd3f8cddfd26af5a8854771a17b1eb3cf65c05fc8b05568985bcee56ee4a2a4ad3f07d3e0a6e509e346b5576e41aee92b4fe5018089c7698811a7ad55975bc0c1f109f44\"","k_build":"418","dc5_server_salt":"\"e4b3bcc8b655271c\"","dc3_server_salt":"\"4634dc9da974bfec\"","user_auth":"{\"dcID\":2,\"date\":1698445373,\"id\":6828649446}","xt_instance":"{\"id\":2294116,\"idle\":true,\"time\":1698445387544}","dc":"2","dc4_auth_key":"\"3f3f76975224fd4a3a668982e5626fc6f31c02787a80f318b195524b7960c4150a76e1e4c45795ced5fdcc25a6a96cfb20ea026135913e1770c019bd3d2125d8b76a9444659242cceb35762942f6de4f4095d274dfe9db5798fa49703af16ae27c8c6e1186e139d68c1dfee7ec39f8e045b9d6948990c1b287f1b6b0b8586bfbf627618b35865100bcff692c353e43e8628ce80a6d0d6cf949920edf8d38fd60ae4bf258b0c590fa179fd07999f67b99ae935ecf24e6d9d0dbcd60762fe11219904091bbabff1d078b5422b26ae7c0997e596787ebc92081c9a349d300c99961a5a2b5075a1171aa5006ff667d36892eb6795a928f384f28d760b37d48e4bcad\"","":"","dc2_auth_key":"\"c192430f8c9acf8f5508a91973a7f7b8a57d2c14a2eed6aebcc9d12b3211a2113045076a4259e47f2e6974f76732de47f8ee2c7cb031eb090ebfd61b6dd8e6929b823691664cfaedf52d960cea4c59c031b8d82fb3af0da9a8956c5a648567270bf3607ffacb416ed16322a547be86eb0cd248ca9f9294e7dd2008c793100eff68c999edcd2a59ea140d56713d869089a291b8e06c72dfa4fc170a4d129e6a71695d1f70c9a628700e0ef647b0b37e1c1886199f0125dc8e8016b3ca74c8f00013fcf9754c4dcdbbda5a3b21f6fee37ba03c9900dac7e80da37c06cc743f2023c5b30bcd9160384cc034e20a7d1ff9cf595d34bc5838a9fe81ee722c553274af\"","dc4_server_salt":"\"1a88895d7e05dd5e\"","tgme_sync":"{\"canRedirect\":true,\"ts\":1698445373}","server_time_offset":"0","dc2_server_salt":"\"dd293af85f67c29d\"","state_id":"894601252","auth_key_fingerprint":"\"c192430f\"","dc1_auth_key":"\"17b1509ec52d437ec0c8bb0aff7f60205539f6d5e754ffb94085b2753c254607bd1b312f0e36ee4f852f632ba09b067d351ea4b9ed895826c9c93fe921cffd62dc66278077530cc5860a75857be742992310c51baf5d8e1a7103c9183d86b9b9dc0749f586f90c3bf4d9c5fabb53f039a85714fcdf6a2f5848340d0ac19457e0549f4c70ec33a1082b3e01ed9e553a7b202912a260439a31cbf8fa6f07c9d5e376cd3c928aad943286a6e62b067824bb03e2ed9f9793deb027253c203440fa5a56c11ac2bde24f325e43087e3154c5ea5bfa8cf3841d3696244e43aac2c046af642e137b3051ac6df2a0ee2d1977d1c30ee296ad028b750fa3c17084e94f8f30\"","dc1_server_salt":"\"ef471925e57dc5e4\"","dc5_auth_key":"\"13c9d8376198d4a44781f1e98b59c3fc0833de79daea730df473ddda626e2840e9f8c96785efba8c32ca924e478d2de08e6cdb55eda76553572d7925daf56a215d72d64a7f66e7556aa115bb023aca543c8c4eee9a6ce11c8c11ca4cd1619629a13dae6ab644431108134dc6dba0d51c63a50ab6a65aa8da9163d74fd5b6733faca1755d430539b7472c483267c10ac855f2670b1f90ad3a9c0bdba186b61afbaf0ca5881850e4f46ab5fcd604b602022025551a4f0882f632b17c42310b1fe591f660a69d128fa00c5c422b6e009fadb651dfb4bfa4f86bea913caabdc2bb5d66720768af8b0cf0b2424de816dd2026582fe09de97b4a072e67e48f5a173b43\"","tt-global-state":""}
VM40:1 —————-
undefined
