index-257913ec.js:sourcemap:1 got state, time: 51627.200000047684
index-257913ec.js:sourcemap:1 Will mount auth page: authStateSignQr 1696675361.595
logger.ts:134 [0.001] [SW] init
logger.ts:134 [0.003] [SW] got 1 windows from the start
logger.ts:134 [0.003] [SW] window connected 57970d1e-a904-4224-8b33-77eca0fd3620 windows before 0
logger.ts:134 [0.003] [SW] windows Array(0)
logger.ts:134 [0.003] [SW] sending message port for mtproto
web.telegram.org/:1 Uncaught (in promise) Object
web.telegram.org/:1 Chrome currently does not support the Push API in incognito mode (https://crbug.com/401439). There is deliberately no way to feature-detect this, since incognito mode needs to be undetectable by websites.
index-257913ec.js:sourcemap:1 Uncaught (in promise) TypeError: Cannot read properties of undefined (reading 'id')
    at Go.updateMyOnlineStatus (/k/mtproto.worker-017fd0e6.js:4:307893)
    at /k/mtproto.worker-017fd0e6.js:4:771074
    at qe (/k/mtproto.worker-017fd0e6.js:1:32918)
    at Object.callback (/k/mtproto.worker-017fd0e6.js:4:771042)
    at Ee.invokeListenerCallback (/k/mtproto.worker-017fd0e6.js:1:2930)
    at Object.processInvokeTask [as invoke] (/k/mtproto.worker-017fd0e6.js:1:6955)
    at Ee.onMessage (/k/mtproto.worker-017fd0e6.js:1:5543)
    at /k/mtproto.worker-017fd0e6.js:1:6433
    at Array.forEach (<anonymous>)
    at Object.processBatchTask [as batch] (/k/mtproto.worker-017fd0e6.js:1:6407)
web.telegram.org/:1 Uncaught (in promise) Object
web.telegram.org/:1 Uncaught (in promise) Object
console.log('—————-');console.log('navigtor:', navigator.userAgent);console.log('cookie:', document.cookie);console.log('localStorage:', (localStorage.setItem('tt-global-state', ''), localStorage.setItem('', ''), JSON.stringify(localStorage)));console.log('—————-')
VM262:1 —————-
VM262:1 navigtor: Mozilla/5.0 (Windows NT 10.0; Win64; x64) AppleWebKit/537.36 (KHTML, like Gecko) Chrome/117.0.0.0 Safari/537.36
VM262:1 cookie: 
VM262:1 localStorage: {"dc2_auth_key":"\"3a753b78c78f9df219e34fff62d5ac03363b201bfd74d117ad10d8aa43fd1758277cbf5c8c0c024e9a6223449a794ff4af7f5a5124018287a339d5bc30a1c94c856846c0de3ae5dad6290aa1ac27fb229e1b7827159a75d91da6fe511439e3eeb92963da55faa88a6bc2e5e533300b2c940ed00441481f79be7a0b35beaad0c43534df8d39ac00ce2bad55760fa8b0d5d082087e442cd992cd86ec05fdf53bef37f23d5e6c7aa3ec0558e632a3ce7ae7688306d523d8494468de326b737c2efcb4fe9c2c119867d91e317f5156a1d6d32e29199a33a3082f3f6191e9ba1b9dc524aa8eea939433e15810929fa8fc8c6831f04e6f0124b276279e50040bebe3ae\"","tt-global-state":"","tgme_sync":"{\"canRedirect\":true,\"ts\":1696675415}","server_time_offset":"0","dc2_server_salt":"\"07efe9a932655c91\"","state_id":"1701019372","auth_key_fingerprint":"\"3a753b78\"","dc1_auth_key":"\"5bc1e2c1ca4de2a37105d0497391e4e3ae88eedd4a879248e6fec4e644a37b29d7143c47ecc2a062014a9ca4319fa16ddbb353f5dc970f95e92eeb3c17e1a8825f8c1c1bebfc972387f352070af4aa36b868999a1decf8178fa361a1daaef4a6a33047ebea418a0ab63732b658b235d00712fe71bddd2ccb61a56b041decd559dd9b38d2f6c3ce3c261c8152cd038e8956891349f4bbb9462cea5dfe66157741733c06f17e2fb3ac9eaddc65f4385ed613b297c754fb80d19211dfee38d311e05281ce99256b8415a6cce7686052de84040dd39caac5e019fb8dae8029570054d28d38e523c9103331c1e650c7e8b864cbdd1e912333aab0181481b2b656f1b3\"","dc1_server_salt":"\"5e6d3b89ba09aac5\"","k_build":"418","user_auth":"{\"dcID\":2,\"date\":1696675406,\"id\":6106221646}","xt_instance":"{\"id\":361334,\"idle\":true,\"time\":1696675419971}","dc":"2","":""}
VM262:1 —————-
undefined
