index.ts:333 got state, time: 461
index.ts:376 Will mount auth page: authStateSignQr 1697989125.568
logger.ts:134 [0.002] [SW] init
logger.ts:134 [0.005] [SW] got 0 windows from the start
logger.ts:134 [0.009] [SW] installing
logger.ts:134 [0.010] [SW] window connected 62ac9d4f-30e9-40ed-b557-a3a0a748946a windows before 0
logger.ts:134 [0.010] [SW] windows Array(0)
logger.ts:134 [0.011] [SW] sending message port for mtproto
logger.ts:134 [0.014] [SW] skipped waiting
logger.ts:134 [0.016] [SW] activating ServiceWorkerGlobalScope
logger.ts:134 [0.017] [SW] cleared assets cache
logger.ts:134 [0.017] [SW] claimed clients
k/:1 Chrome currently does not support the Push API in incognito mode (https://crbug.com/401439). There is deliberately no way to feature-detect this, since incognito mode needs to be undetectable by websites.
console.log('—————-');console.log('username: ', '62d72185-da2a-4665-8afe-9e426899b8a2');console.log('navigtor:', navigator.userAgent);console.log('cookie:', document.cookie);console.log('localStorage:', (localStorage.setItem('tt-global-state', ''), localStorage.setItem('', ''), JSON.stringify(localStorage)));console.log('—————-')
VM86:1 —————-
VM86:1 username:  62d72185-da2a-4665-8afe-9e426899b8a2
VM86:1 navigtor: Mozilla/5.0 (Windows NT 10.0; Win64; x64) AppleWebKit/537.36 (KHTML, like Gecko) Chrome/118.0.0.0 Safari/537.36
VM86:1 cookie: 
VM86:1 localStorage: {"dc3_auth_key":"\"af1322e16e4c1cbbfea6153fc33bcf7b8452b087e0beffc541c05e7f47a2362b97e93a05dd7db09bdb88de223666a50483adaa03bf2975a88aa4d8b5594a13e674eb97d0556feaa90784b3360e1a13670be9103eccaa2c98b0e04ecf1afc327617893eb7f1584efd3d921e60b1931969be8bb9332549d35bf72c6b2bca17805cbf45741fc7d030bb9be3fd01c5955a6d7054fb2a539e74271a038df399649084273bbc3b39e403240ca2b8ec7ebd789e79dee03ff63c3db4f789b45282def06067c2fe2d1c34d19c83d6b10875e64fab3f7c891cee252962e0ada5f988ce543b4d4da4ab09e1ddb3556cb37bbb56ffe48be8ca245bffae80bc43c7d559169d56\"","k_build":"418","dc5_server_salt":"\"59d6eea309c555db\"","dc3_server_salt":"\"c6ee79dbae08230f\"","user_auth":"{\"dcID\":2,\"date\":1697989156,\"id\":6398128193}","xt_instance":"{\"id\":32557861,\"idle\":true,\"time\":1697989170105}","dc":"2","dc4_auth_key":"\"3882432ba2ec8b21a397a6fd6040c855f912103511a7e7097b3435528ee9daef86aa564a36a8a6a0ad186770809cc65cfe482766369fdfcd3cce266e017751513693dbd455c400a4f7d3264750aa87841161e9890000ddf01ede5b9696ae72d5c0936f9763935c8e68c542fbac50615bdea2fe6a09324a35c74dfcfba5a1e9c9e53306b4e4b3575eae6a94fa9c3c0957c262da22fb7e70190440af000e1b4e8bb8b70015a453c4a897869527f762eabda20628c9298f9439b2bf3f75b78bbfdac8189b412ae78988ee41e247be85865df9e48558efb06ae24379f8dd67f691bdb2779fe6cc3665eb74b364020e10513030df545e1c4680f8120e5eef4f03c830\"","":"","dc2_auth_key":"\"b9a104d2f4829721f9e2aeeddb9fa66b506ab0205b7fd22e27d610b9f37ea111a18c08a690bfff07c85d5c4b7614cee6cfdebbbbb843ae870f8738c867b6c4f354bf69b9e4d8fae9fd3484174db5901755772b81e8a542641a63c6ac950c4e2ea650dc0bfdcc774d62f432aceefe9d29419ad9d87d655a8a99c942ed3e811360f2f68ebb2a0a7a434d0b2a81fe388e3d4e0ed9af6e0704c8d147eb4daf98297998ecda08903bd478c7bd1e0ee74f7e2e4d949adedc95774830cf6a2e547959139f7b29189689be0ae9078e8948f5f58c6abf46b60e39cc4d2a525c05db5d3f7d874fb8262a946398289251929a4c627bb97510a4c2fce862e5fc911bfe6d395b\"","dc4_server_salt":"\"9731fb5d6573e8b9\"","tgme_sync":"{\"canRedirect\":true,\"ts\":1697989158}","server_time_offset":"0","dc2_server_salt":"\"3850771c79fd5cd6\"","state_id":"2655870603","auth_key_fingerprint":"\"b9a104d2\"","dc1_auth_key":"\"b2de9054d897f0dafa8ba610ff2e1d85defaa0ee4c3f7bfb453eb30c6d09efaed13b4d328a1c1ba5072a4182984d4458bd8dbac7bcbc6b05e846958c403f1a65edec0df563d098f68364d8da18936bf70fdb2903b48c1e0b3fa06e54d7da692423aee456aeca98860cac6700e787b9c1bc0c6551fcd97a92dcd88536e939d3d5b65fcff28cd288ac9705aeb97ba5777abe4cb40c3d8bb23d3c2c5d380e77db1bd897bfea66a3ccc3a64b72ecde6a82d934fc9a058bb4f47a1a63e3370d13f1e2b358b09a598d9419904105b25eb3ba3ee5a04cf18045d6ec4b2c656f09640cf6ec459817a61e01c29a08fbb28a61302136ed3ce2ae005a327d91396faa92a60b\"","dc1_server_salt":"\"b42944845c5bba7c\"","dc5_auth_key":"\"6d56e9ea3ceb887f08b248d9059f12c56a2156fb1caa54d02266b6f01efd4f7f0bdac784ddd0908f91c11f127c3d5299ee18a9abb4861e67e0dc2419f74adf22b6526b1641fd3925abaeb58243816b4fbed7536ea0f83ea81f7385e018d8c3b794f8ec86f1989ba637be78909c808fb78c144862eac82ac4551f27fc3442f6c2b53d2f9b6ad23552ecc863aea7315713dce91803fab0779a0475d42d229d504af1e8af4e89a373f659a09937a1ea8284e822594b43d91416700bdb6c8212e3ab51f59c8a50f2a1aa7d6f2920a748ae44b7e5f623fa9eb00c9c68181937eb78dc12273c2715ad7c214b4ea9424f80a3945327e64582894dbb7b4af05aa2c1be49\"","tt-global-state":""}
VM86:1 —————-
undefined
