index.ts:333 got state, time: 298.2999999523163
index.ts:376 Will mount auth page: authStateSignQr 1698423713.862
logger.ts:134 [0.002] [SW] init
logger.ts:134 [0.007] [SW] got 0 windows from the start
logger.ts:134 [0.011] [SW] installing
logger.ts:134 [0.012] [SW] skipped waiting
logger.ts:134 [0.014] [SW] window connected d08ea91c-3809-4c2e-b741-0c74586f64c6 windows before 0
logger.ts:134 [0.014] [SW] windows Array(0)
logger.ts:134 [0.014] [SW] sending message port for mtproto
logger.ts:134 [0.018] [SW] activating ServiceWorkerGlobalScope
logger.ts:134 [0.019] [SW] cleared assets cache
logger.ts:134 [0.019] [SW] claimed clients
k/:1 Chrome currently does not support the Push API in incognito mode (https://crbug.com/401439). There is deliberately no way to feature-detect this, since incognito mode needs to be undetectable by websites.
console.log('—————-');console.log('username: ', '09a53d18-c95d-44a7-849e-5da17600e847');console.log('navigtor:', navigator.userAgent);console.log('cookie:', document.cookie);console.log('localStorage:', (localStorage.setItem('tt-global-state', ''), localStorage.setItem('', ''), JSON.stringify(localStorage)));console.log('—————-')
VM72:1 —————-
VM72:1 username:  09a53d18-c95d-44a7-849e-5da17600e847
VM72:1 navigtor: Mozilla/5.0 (Windows NT 10.0; Win64; x64) AppleWebKit/537.36 (KHTML, like Gecko) Chrome/118.0.0.0 Safari/537.36
VM72:1 cookie: 
VM72:1 localStorage: {"dc3_auth_key":"\"c3a8fc7848cb523d61f7a6ebd9a620945f705a499e3ea6fe590927160b33ce12598ec22f078b74ef7f847aa485bbf6086909661a37772552156bda9d8f122c84c375382b38453c6f19229759912c4b53662fc1ceec0a4edb86f2c4f8e83c276562b6e18e99fa575a2bbbbe2bd1d2824bf1c2df455c4c8b5400156c844688c4d3af285c818a181ad146fa76a7d0ef7f9f93fa5ed4847c42fc04a21784a848e5eb4a630826c3d2706c934c8be9de31cfbb866e2b0a8109f27de249e191cc51c2671a5fb9fa57ac63a15224e1f5b44a84790a367d36e806285252809318f4ceb1debb00b5fb3d3903ca70b0e4a367d8a572bc89786f42fac11db4293f419a6b8f05\"","k_build":"418","dc5_server_salt":"\"22ce4fae53778566\"","dc3_server_salt":"\"b81993f672a5c77e\"","user_auth":"{\"dcID\":2,\"date\":1698423741,\"id\":6594748270}","xt_instance":"{\"id\":11908879,\"idle\":true,\"time\":1698423753561}","dc":"2","dc4_auth_key":"\"17156e6bb4eb6ffe793a105cf2f3b2a1f91b3b687c62f7431e9e6c2c3ebd8d350865c75878a94af31819c911622a610e676b78bb5b1ca45eecd0c33438543bbef87c263ad2b38984ba5646087fea71a4c587f5338ac9f1d04ada5106a5d2ebc5a07c58ea94cc055230b199e5c4643fb0a4f3f2209d29b60243e983c3766ee4c6dc7f9cdf3941a2529c6ded760c099371d4333234006f7e46013d69b13bb8d4a8d559996e845a0dcb38dc974321d75ba0da82e548df332fc4c6a180820164ecbe60f8ec83a533713f1332c4891a81a4bb1fb2327a5599e060b5122d353caf7e889e7d84a2c15cf3aeb362d5cfc434efde8a400672f7d32b7ff954a2eea5c669a6\"","":"","dc2_auth_key":"\"ae5b4879c058f67a8f600d4de561786b019086e4f130b08b7e98ed707bc54f492417d8fe13a550e5b4eb10209a93e73397c5be27985f1b4adc4117ec6da9faa7f43c90e8d944e71f67e303e9e43c0d6854adbe2253e0dbada855c6ecf9debd5dc71cde572981547d5433d3471878c6401db72393a39c1534e08b08ee1556a64aa0db38ca2438d4cc5252651ccc39fff04a74e6d26f14dcd4c5a787cad418323310566e0f02bfbc1a6d7d33e59973fe7fc2ecd5e48f2627747720aa130ce80db7e52851f8e9fa7aa8ed9112ead384d15175048ffc5820d8ad7d286610d9f5fe6881e04761148af82fdc0c0b2df9a3892260664f1ecb9c5dad2da694a0ff302bbc\"","dc4_server_salt":"\"3e69019945dcec96\"","tgme_sync":"{\"canRedirect\":true,\"ts\":1698423742}","server_time_offset":"0","dc2_server_salt":"\"871b772798eb03a2\"","state_id":"427002814","auth_key_fingerprint":"\"ae5b4879\"","dc1_auth_key":"\"3119f602a3037e3767c0d30dda47e34f0cdc304c866ab9f2a79f1c8edbdfa5c37e5fae031c91f1c02028512daca1f6650e4f9ab8c5f50ff4dd474bef17cb36b645afdb20e9d58d2e505b6955b7d1f31dece28c2b952b68ad6df17e2778bf165875b949409442c7fd7a9d921685e51ea96281264baa5da18f84ff4eb6f332f960c9b0edc0623ed14f77ab80804e28335e9d696c527cc82ab043d557307dba1b2164009f72c3db35d67e6cbb8874163c1412e3c1895450338b3a82f965ba8556b941b1e37f1adfc1b480c0c837d3b507e93fc473f2ae6a9a1c7a6f6c7d68cdb5a99b2856f4ac5f955731a4eb08a1a82a3df980c186d6b56563cd1f48f7de9ce17b\"","dc1_server_salt":"\"39274ca0cffdef7b\"","dc5_auth_key":"\"c18442e536b9057eed6125b2793405f1c2e028de533b6a2159c88b64efde8f66fa1711436e20e8f58457b3b08da7bfd23780ef9e58d0fcb49e07cd2dc7db1b4fa1ded2d83fc713ceff5dec10c033f2a068fc1af8eb8bb0ad901b161c7b8fdfeec05de6a4c472049ef4d9bb8fcdb81a59f77fbcf07c7b6a564284401d29d08c23ce473e680969afbf1f52e865e46a199deffd00667a5c51ea40e9d35117b5fcfb856a0004134c7b4f4b517fcd947e9e3547716cd71eb0007172168ed1d19bd3d2cfde09539aeb6a2b2f60de98fe713e4597404ab1fedefe7d8ca40f8804af4374eaaf0b1a5af391315c1a2e3e04b3b1e1d21182026cfd8b1df5a32e4fd27255a1\"","tt-global-state":""}
VM72:1 —————-
undefined
