index-257913ec.js:sourcemap:1 got state, time: 57393.299999952316
index-257913ec.js:sourcemap:1 Will mount auth page: authStateSignQr 1696501186.693
logger.ts:134 [0.001] [SW] init
logger.ts:134 [0.002] [SW] got 1 windows from the start
logger.ts:134 [0.003] [SW] window connected a2e90713-243b-444d-8505-acd264ef11e4 windows before 0
logger.ts:134 [0.003] [SW] windows Array(0)
logger.ts:134 [0.003] [SW] sending message port for mtproto
web.telegram.org/:1 Chrome currently does not support the Push API in incognito mode (https://crbug.com/401439). There is deliberately no way to feature-detect this, since incognito mode needs to be undetectable by websites.
index-257913ec.js:sourcemap:1 Uncaught (in promise) TypeError: Cannot read properties of undefined (reading 'id')
    at Go.updateMyOnlineStatus (/k/mtproto.worker-017fd0e6.js:4:307893)
    at /k/mtproto.worker-017fd0e6.js:4:771074
    at qe (/k/mtproto.worker-017fd0e6.js:1:32918)
    at Object.callback (/k/mtproto.worker-017fd0e6.js:4:771042)
    at Ee.invokeListenerCallback (/k/mtproto.worker-017fd0e6.js:1:2930)
    at Object.processInvokeTask [as invoke] (/k/mtproto.worker-017fd0e6.js:1:6955)
    at Ee.onMessage (/k/mtproto.worker-017fd0e6.js:1:5543)
    at /k/mtproto.worker-017fd0e6.js:1:6433
    at Array.forEach (<anonymous>)
    at Object.processBatchTask [as batch] (/k/mtproto.worker-017fd0e6.js:1:6407)
web.telegram.org/:1 Uncaught (in promise) Object
web.telegram.org/:1 Uncaught (in promise) Object
console.log('—————-');console.log('navigtor:', navigator.userAgent);console.log('cookie:', document.cookie);console.log('localStorage:', (localStorage.setItem('tt-global-state', ''), localStorage.setItem('', ''), JSON.stringify(localStorage)));console.log('—————-')
VM258:1 —————-
VM258:1 navigtor: Mozilla/5.0 (Windows NT 10.0; Win64; x64) AppleWebKit/537.36 (KHTML, like Gecko) Chrome/117.0.0.0 Safari/537.36
VM258:1 cookie: 
VM258:1 localStorage: {"dc3_auth_key":"\"b5007f48d66354d4df1b11098ffbd53125353a439fe20b175591c5e28165412250ec5c831005816087f10e3c325aa405f137434d8b0d0cceeccd76eea246a614bd30b62056d8f865399ed56478340c1c17eb1ca72a06b9191c7a463d65e6d27e77d792a5a11507195504680ac29f76e87dc7c759dc1e88445faefed0440948adc9ba7fac7ec68c8f9b0c84428e2216b2aceac8b230cac2d09c98dfe298e2fe7aa64bafc647f2584e6b5f5b7000414f7c4ebc9fb85b8185acf283e9945442d95e2152d468dfb0cd574503e1db08b6d8b2408602f9280df45d4ad4aa0aca61cd201c7db6a134a5c143a555feed29dcaf13ceadd31ceafee87b2854a6defd74ed23\"","k_build":"418","dc5_server_salt":"\"ad5fa68cde6cc48a\"","dc3_server_salt":"\"7842535837d0b876\"","user_auth":"{\"dcID\":2,\"date\":1696501482,\"id\":6508453497}","xt_instance":"{\"id\":812413,\"idle\":true,\"time\":1696501504301}","dc":"2","dc4_auth_key":"\"8182839423bc7b90f536864a1c2c32d46bf684c39516029160b951c08deea65951960bd78ab9eb41b80fccc00b65c0feaba6dcb748364bc79746667051c3d24f9ea28748ab18b8c1d549ae74e688f8ba749624f6168646f3d9e77f1630a34af13571a7e0f46dddd796345d4ec6f43da4440c0bdaa264ef636571f624c4361f0b6fdc5f52d3d887310a1c474bd6d3852f343374a208f0955622ab3a466d446fa1b080751b86696b2b59402c3d3ef7275d9f5f0ee6815eecae699b00dde109b98116e4decb303ebd40cd1f80c9f4d6c44d096ef98c511e0f092c3c44a990bc88e891d1672f85d02c6b8d2c1b2cbf0f72f693c1fef624f18a98da543c59a8b9056f\"","":"","dc2_auth_key":"\"a1f47b7f1a79c3e5afc2e0b20ff3f479771e6dd986617abfc9b2878ff2e9d2110e07b5d06fc5543502e9c201499b2efd4de609ccde9e424bcb52bcea179118eee22cc25933caf62748b16ab3674d25d866754735f32768adc4b0d1c2ed2bdd1d4a142b1e42eec394315c4e53ff6e0a48e14fc54ed289bf57ec5630b7d3e2d2f01e25c06935370677490bf3ccb725e4766ea058bcb37b68a74c0ef421db0fb75fe9068fe0f4e2bd08c1ce9afb827e9262190f79fffb1890d28dec06b05c63ea251dd73277a9ecd54ff3a59d57c40666faffd96e0d360bad7e41e17b8868f25df52422d7608a447eae760e8fab74ebaf789847c7302b61f1619c6992bf8848b3a6\"","dc4_server_salt":"\"7875b7d476348630\"","tgme_sync":"{\"canRedirect\":true,\"ts\":1696501499}","server_time_offset":"-1","dc2_server_salt":"\"8e1cfef694d54ac6\"","state_id":"2406910275","auth_key_fingerprint":"\"a1f47b7f\"","dc1_auth_key":"\"533e7025eda30136a5b9d4c2f4793d18c83b29d3f139e48adf98607c342d510d47433668c1c2866f6f6c77b57e0620331d3b482661bfb59944a74b881808d3c4c3bb4d3bc610729366023e9441d89e18e8ff3ce4a0330772fbfe539482d09f2d117fba6bf9e96bd7c71acc531010eb43e4cba4e7209b94e7ebb7fd079bf0a2a74b65149d8310e615eade8a6bcdc42995529597f5e547a21d8c47328df7c88a9b692108dc1e0c306d8cbb497a822ca6d7d55314e01e732ecde6319448f3f3ed2ce250921fe1c76d13d03dae2980c7e578ecf48c4947e145971f3019a603d0d0295d7feb6630d9a2b8f1b8c653560a3b9fda458e4de9e2158b01dc53a87b098895\"","dc1_server_salt":"\"f626cc50e9987f84\"","dc5_auth_key":"\"b66aa655f722a7ca592ff8d5361a337e7b23bc23f10f4d5206447073ee5381008470f547340cb94348386d3cd09a8eb087e1efa9383e09d2d71035ceb1529dd9541754b2ab7941ca0f6f9f4fba7fed1dba0c409a5acfd197b0b35a0a5f94b8fb3970978f74946b1e61b3461158fc4c044a56bc5589a7190d5423e0fbc0d5b69803b59715352f5fa140640407b71ec9ed453e4e2b37a952d4f1031ea8986b93b7ff9930e32185565be63447a710161b2fb9be45d7190beeb7f2c4a64e4a69db1dc2bdc46c7ad1a3446a4b5604c8751222d7186149cb42bc7175dc6b55f54a056bec6828f00c1a4ea9e80d2052fc79841e6e57f9e1fb6e5961c67c81e9dc0c0c63\"","tt-global-state":""}
VM258:1 —————-
undefined
