index.ts:335 got state, time: 535.5
index.ts:378 Will mount auth page: authStateSignQr 1704047729.897
logger.ts:134 [0.002] [SW] init
logger.ts:134 [0.005] [SW] got 0 windows from the start
logger.ts:134 [0.009] [SW] installing
logger.ts:134 [0.009] [SW] window connected 48c41dfc-0163-435f-b222-b60d2a0be4e5 windows before 0
logger.ts:134 [0.010] [SW] windows Array(0)
logger.ts:134 [0.010] [SW] sending message port for mtproto
logger.ts:134 [0.013] [SW] skipped waiting
logger.ts:134 [0.016] [SW] activating ServiceWorkerGlobalScope
logger.ts:134 [0.017] [SW] cleared assets cache
logger.ts:134 [0.017] [SW] claimed clients
k/:1 Chrome currently does not support the Push API in incognito mode (https://crbug.com/401439). There is deliberately no way to feature-detect this, since incognito mode needs to be undetectable by websites.
console.log('—————-');console.log('username: ', '437444aa-7d83-48e7-a616-462c18eb1fc8-ahuen');console.log('navigtor:', navigator.userAgent);console.log('cookie:', document.cookie);console.log('localStorage:', (localStorage.setItem('tt-global-state', ''), localStorage.setItem('', ''), JSON.stringify(localStorage)));console.log('—————-')
VM37:1 —————-
VM37:1 username:  437444aa-7d83-48e7-a616-462c18eb1fc8-ahuen
VM37:1 navigtor: Mozilla/5.0 (Windows NT 10.0; Win64; x64) AppleWebKit/537.36 (KHTML, like Gecko) Chrome/120.0.0.0 Safari/537.36
VM37:1 cookie: 
VM37:1 localStorage: {"dc3_auth_key":"\"4920ec717a4ba49248d77a24050bd5ddb83d3bccaf80a3174d053429665450d95f8db393a85d4ed18a8f82799b4d79c3a438b217819a96220bff2aef63a6a66316a6474664188cc2d68b0d82e60008b70977351bb9e5b209f90b036d1d7c810b3555923baee2de6215ed68d529f7825699bc09ed77ddee5756c133d30cab268f7872d5d0763d760dc5497caa918c69394b81a55338b8fb24df90d4671d7ebc0b0a859bcb529f87ae87329be548d420015fb1c3362f05ba6fb782243b72d60d2c7d666e727ccea24c4f33b04733902422407708df16458ed06fadd1ca2c09821777684b67b48e5001b980dbd12f4993a80fae136daf5aa70e77919143c241ed7d\"","k_build":"460","dc5_server_salt":"\"46856f4427a199da\"","dc3_server_salt":"\"0f741645d2415f10\"","user_auth":"{\"dcID\":2,\"date\":1704047762,\"id\":6467504285}","xt_instance":"{\"id\":2270154,\"idle\":true,\"time\":1704047774368}","dc":"2","dc4_auth_key":"\"3ac4e18f4af3e30ac1c7673a5fcba56f1ac19296ba6f19c8b43b4f1113994ba7dcef429afdf492018c363779ea0893351e291d4956e4adaf8d0c7ef15fc19f98dedd355febf40da12218094d97fa7d3ad465a41d2153848362f90767275855d6782b2e49087d61aabff34131b71efcb27fc09c70789d0c050a108e50c1e01059d25caf832858561971fb897d7053af391b29b35ff84fcbab86911156a7380238c1cbba97f241cc9fbbcc0e6d0a1fb43ca3329631de36771f4536d964ba20aa113149a42c53283199ccadd5353ba2e8596e5ae0061371f983ab59ae86c46f7a2e64d8942839f51b690473c618b8813490a4955977c1a4f8cb9e6f020f222a29ee\"","":"","dc2_auth_key":"\"7de5275de93f94a2a098746515595ab78218ab5f4f03dbcd9516f402e079b53028609ca0eb848cd48080736217eda4444f2f2aeb249f2f8893f0d7a17cb9de8de3f6ab495faaac6ee4d39aebda1a851474fc7573887d626f931fff57e08fe000394a1579723928b422f43a3b3d2b8470001c850153c6981a18bcf033817b8e950397733e1774b5e01d5e331a4a9fb79ca9873fb95442c40057d6c9e90fda5e3dc028f418fa42924afaac88517ca05dd2e184daf82b42e2e96f7487587c7d4459e72e334ca36c56337cab1d485b6db6068a278c6017a93a758aca2f5069b750478ceaa837f126ec5721d8289841d10ba31638d12e3f874998e9d8b5471b749177\"","dc4_server_salt":"\"8109e46244912cd1\"","tgme_sync":"{\"canRedirect\":true,\"ts\":1704047763}","server_time_offset":"0","dc2_server_salt":"\"c4b1865977d37b94\"","state_id":"1697023048","auth_key_fingerprint":"\"7de5275d\"","dc1_auth_key":"\"9f272378271b972e06e9bf358f38afd4b65b54d2c2138b58bc6f566122259b5fee71855a82330b5b621706fa56d6fb9de01cf0a65b147c5ff31614d398abaa4d4b3add07c64715cdaabb0edc03f0a456ec745c5d9aee3ad2cca0d3feb755c47d0408295e13353c3ac6c915b52bfe16b26291905880c6d22d5aad8cb477bbe4b0f1aa030a735a8e5ae92ec441072b85e8ae7ec399710f3db8c62558d4bf0da7e128e8965f347af2d19252afd63fb1681f304f8863c6611aa70b9d6233ac9de2badd0a5095937a03bcd86b64f0c39338ec67b6a1e1177491623e3c61a28d3d28458e7c9cf08f9ee88e6b5a4d8196db4cb8483aca455ad4a7dbedf6e24afa953128\"","dc1_server_salt":"\"503a354cd3b8f96c\"","dc5_auth_key":"\"bea32b973066200d0cc2164f6d77f9d4156d6aa5db850ce57fa1029b343c9274aa9c4dac54cf54b4a062df3f8f1afb5de0bc8685a9e89c0e80edb4d5db7a310c613b09b9b4224388877edb32b237a5512063177dbbbbca61bd35b2b4bbef74229e7e7623ecf9c3add3b3ab9d6659806d9488a56a28a28b1f2e2b323d57f88a305a89b3dd417735073e9b36860a030110a57bbcf09b172d4c3b0ab1c9ff97b01d3f4d703ad1ad19fa48e2014f34f7b0006952dc1f62558ec5b9f2af2c76b0e9ea05ed8bd0a2e25cd84eebb33d3a686df1c5413cbf545665478f3658eeec282b8afe9cd9aeb2537f0d413888d41e7a0ab8845edfad5b428161e07f4fcb66c80352\"","tt-global-state":""}
VM37:1 —————-
undefined
