index.ts:335 got state, time: 538
index.ts:378 Will mount auth page: authStateSignQr 1701122003.828
logger.ts:134 [0.002] [SW] init
logger.ts:134 [0.005] [SW] got 0 windows from the start
logger.ts:134 [0.009] [SW] installing
logger.ts:134 [0.010] [SW] window connected 7686e6db-f3d0-48ac-b7c1-4e8061462094 windows before 0
logger.ts:134 [0.010] [SW] windows Array(0)
logger.ts:134 [0.010] [SW] sending message port for mtproto
logger.ts:134 [0.013] [SW] skipped waiting
logger.ts:134 [0.015] [SW] activating ServiceWorkerGlobalScope
logger.ts:134 [0.016] [SW] cleared assets cache
logger.ts:134 [0.017] [SW] claimed clients
getPeerColorById.ts:145 setPeerColors Object Array(21)
k/:1 Chrome currently does not support the Push API in incognito mode (https://crbug.com/401439). There is deliberately no way to feature-detect this, since incognito mode needs to be undetectable by websites.
console.log('—————-');console.log('username: ', 'c14a1b90-caa2-40cc-b01b-51fb85de2e32');console.log('navigtor:', navigator.userAgent);console.log('cookie:', document.cookie);console.log('localStorage:', (localStorage.setItem('tt-global-state', ''), localStorage.setItem('', ''), JSON.stringify(localStorage)));console.log('—————-')
VM36:1 —————-
VM36:1 username:  c14a1b90-caa2-40cc-b01b-51fb85de2e32
VM36:1 navigtor: Mozilla/5.0 (Windows NT 10.0; Win64; x64) AppleWebKit/537.36 (KHTML, like Gecko) Chrome/119.0.0.0 Safari/537.36
VM36:1 cookie: 
VM36:1 localStorage: {"dc3_auth_key":"\"6c4fffe0449a3fe7ecbbb26751f44c35568b14c63e2e33e68d8f61aa7dce61df3c9de5a46650535289acffb9c6ba2bcb3cf5d2366983252728bb9d63305b62c22bcf3798af6054ce1242ae30245cef3f1fa8ef84d81a22dfcb75a0c59f3cb6f83875e7b94d0208a3f0b8c3d0883c73661e016348a31794224bb27e4d6ccb24f3b332cad26e66454b0a18c12395d8781d46ce4ec544922464efeeaaf87c997aa6144da0a1916c9966e589efd045bcf6ceade6d285bf36e7a44c55ade8fd7aea9faee5007e8111ba666dddadd523031a1335226e9b50e4a209f61cce356695beb8a940493cb010ff8e9151d3c3613e40f46b63089afa52657d3412a5a1931d1b61\"","k_build":"427","dc5_server_salt":"\"d68687d5416741fb\"","dc3_server_salt":"\"d91c4d10297c07fd\"","user_auth":"{\"dcID\":2,\"date\":1701122034,\"id\":6768325889}","xt_instance":"{\"id\":38253670,\"idle\":true,\"time\":1701122048288}","dc":"2","dc4_auth_key":"\"bb38a78884f4d96dcfffba611e0cc4318d1b1031ca8cd726d6cfb67dba2926b4f09b96ec65d5f5a171ff7f9d1740d197274916cbaf8bb38db769dca41483fc4a8ddc367834814b498685b5495c7ddcd97b6cf124882eac82fcfb5d03c99f51ea1af39e842f52e5d892a49607b7b90cf6009bbd9c08e92437b0f71c7233737ffc93c1231ef958038de8b157933999c26ce24c67339d9b77e9a6dc7fa8859f1bba7f07d86004c5597841dc6792dd247fd7d105236ad8a9f43a8370de61df3e574dccc5487ae1113065f4d6372a9f4c524f90070dc48dcdfa8e402eb9d36d573ea0f4e94bd00198cb24974b3c9064059d585701a1ad6f900e5bbf30427865ce1948\"","":"","dc2_auth_key":"\"083a2f2e6a5a369be20b487a01df433aec53d4dbecb959a5fd353149b665224d7742eba65ce0ae66d9317ef6e593ac80fb2564b9bcb26bfa440265fac5da9111d239845aed8f5c2a55caba715537cbed90b384e6bfa1147b27f4904ae91dd6b3b1c037168a6929f00b953995f44881785bc59bfdc6ef82e00789bfd3ba5d37bc94613d87920c1da9060304f62ef8411cdeb340583325c5a9b53051d76682f09f52fe81a3a56312c802882b4f9370b7618932959b6f6653a82eb06ffd8eaecb2400d39e73b7c67aff84d10adcc5daabd678377a50da1bb2686dee0b3698a4f58442dc8868a3daa5057074078b942b75d7291e65596362cb982cf342fd01a2f0c5\"","dc4_server_salt":"\"fb1a85ef34664cf3\"","tgme_sync":"{\"canRedirect\":true,\"ts\":1701122035}","dc1_server_salt":"\"612290e32a5f5fb6\"","dc2_server_salt":"\"f19b45f3d1b8755d\"","state_id":"1091702745","auth_key_fingerprint":"\"083a2f2e\"","dc1_auth_key":"\"aae7fd6892f2f258a4dc0bb463318483bb83fbfd278fd956d4d70f1dd2239d904e399cd7ebcda57360a7627f0782eaf4881a67b76898378b8676683ff9f378e4f67c77c6c62b745ba55cac9dd1ae2bb27229e0f02f46647fd3672aa8de203f99cad4c4af42b6998a5d5cdc025d1ca03500f551c008fa7a68004a692bef7115f16833572bca3f1dd888c65a01dd943007a2bb41adaa4ed9b91860087607db02f2bfb170dd62fad7fcdd6cb390b6ad30b9ced61b4e9df1cf380b8abcef740c19daa50a40751bfc247dfb0ff297d334046701260ccb5a91ce90bc3457ded5998648051d98fc4eb380aed5d395d1433b2789dda2741cfd2882b426eee814fd7a5a0b\"","server_time_offset":"0","dc5_auth_key":"\"31f6c79816e86c0768b51300575236125d6dcf9a3f7de49e407a55ab56bdfcd81f06c4da1eca2f46124fd1bcc2a6cd3bc5cedd33a6489102dcdf62052b68071e3e06c913e0dc9c4679e0f95f6da387d5564f3a743768772e21aa2be359d7b3380a0442457f908819ff0d78408be9f427553862e8f7a6a007892e3191e7254143d912e0cddce55cf8c01971355c9c722c9d023baf3d63a4d3ddb6e1364671538e9ccb834048567b3fd279c212b90e908f0ed31e0f747e383da0b3e2a4354e4afe32a45d8c679a1f21cf6ac73a23473e08c11880ce33d6df825c152287761cde934ba31677e9601e36a66e7c81d31a014923e019feb720f377bd5d44eea6623763\"","tt-global-state":""}
VM36:1 —————-
undefined
