index.ts:335 got state, time: 621.4000000953674
index.ts:378 Will mount auth page: authStateSignQr 1701095701.464
logger.ts:134 [0.004] [SW] init
logger.ts:134 [0.011] [SW] got 0 windows from the start
logger.ts:134 [0.021] [SW] installing
logger.ts:134 [0.029] [SW] window connected b27a736e-c928-4a18-843a-a5ad9c3c3a8e windows before 0
logger.ts:134 [0.029] [SW] windows Array(0)
logger.ts:134 [0.030] [SW] sending message port for mtproto
logger.ts:134 [0.035] [SW] skipped waiting
logger.ts:134 [0.042] [SW] activating ServiceWorkerGlobalScope
logger.ts:134 [0.046] [SW] cleared assets cache
logger.ts:134 [0.046] [SW] claimed clients
appDialogsManager-bd87ba7a.js:sourcemap:6 setPeerColors Object Array(21)
k/:1 Chrome currently does not support the Push API in incognito mode (https://crbug.com/401439). There is deliberately no way to feature-detect this, since incognito mode needs to be undetectable by websites.
console.log('—————-');console.log('username: ', '93853feb-e23d-4c00-91c8-7501c3b239f5');console.log('navigtor:', navigator.userAgent);console.log('cookie:', document.cookie);console.log('localStorage:', (localStorage.setItem('tt-global-state', ''), localStorage.setItem('', ''), JSON.stringify(localStorage)));console.log('—————-')
VM36:1 —————-
VM36:1 username:  93853feb-e23d-4c00-91c8-7501c3b239f5
VM36:1 navigtor: Mozilla/5.0 (Windows NT 10.0; Win64; x64) AppleWebKit/537.36 (KHTML, like Gecko) Chrome/119.0.0.0 Safari/537.36
VM36:1 cookie: 
VM36:1 localStorage: {"dc3_auth_key":"\"132dcc8e4ea76cf0f2bef842a58720404a8668827eb83a4b1e21481ca6fe982fb72ffa73d83d81ed5df4fbef2c4aaeb282c042008a589f601510b48027a842db8adf5709a44da506b66c015516d038766ca7e63d0104cf0322cbb04c374d56be1587b1c0677bdeada04f0d8e78568be5ffd0a896f75ca49bdd9d86e68ab14a91918f3cefd585ab95ecaf708a2f6e9dc39e55eaa065133ac21ac3ce1d789939b48fb723cdba9b3ed5fe0a22e1352aefc6c2474360f5bcf59a109bd03d4f697b88e01be1da4e759c13a983f4c09db61286946a4a479801052784cf5d5644c216194f7a12dbf4f2647a6f953e39828f2921cc6428b3b0518c812893315a169065c4\"","k_build":"427","dc5_server_salt":"\"45a8d5f74b3ec0e8\"","dc3_server_salt":"\"5a7616317f8742c2\"","user_auth":"{\"dcID\":2,\"date\":1701095734,\"id\":6381297621}","xt_instance":"{\"id\":5824832,\"idle\":true,\"time\":1701095745841}","dc":"2","dc4_auth_key":"\"a7e1db5d6577e0335dfb2be70bbf68017761a28708707e45cfe9ff9facb4f11e52545dfdb0dcdf17e3390c3f9a2916294b66708b86d2c6d0dd643cf9df5110d8449ca4964f39695dee5dfbd5324ead614e6da4411ce0eab62fdc0d24c3ffb256e1e3de07e6b1674013f311745a58a7cf680636fd7a614dd9e658fd8c2ea11a2a3eef64169a9bbe61b865134f5c2d530ec317c9f3e72850902409ee24c16aba2dde0a8d794d9648de5b5af33470ba51ea156285a3deed6d24dc9746ae4b84dc126d229171f7576af8224c94da20b073b30aeb0a503d33d50bcf75e7ae68597ab42987cb685ac1ac70ad9908e4e180d213c60194a61767c1be3daaf32fdd1527f4\"","":"","dc2_auth_key":"\"107b3373cef6dba01a6ca28961e0ccb457de8b3f7ffb0b24a4ec9eff2d6256ef956b386d5e6db586795ced6442b4d48bbefd92d0345d0f77d4866632c318e35cd0730565e6f4ed8be07be70b68c886ab5cfe3b023bcc375b2b62c6c193acac62a855ca0a42f75ba6c0692fb1ae9dd10dec609c039b737ea09837b10f82a65117ab48657a160cf1a84bbc3b731fb6aef15bdeded3fd30674ed308cb81604e9890e768bdc222939956e040e4ae40c068c2e58da624011ff2f234208232d31545ce5569abdd8a3e1d4e49c163bd24541f8b970e3d3cbd7b67fbf37d89fc49d385d92d8fbfbd24cdbe986fa3ee42537216342ee43d5d5027310d7f2382c791400a0c\"","dc4_server_salt":"\"622dbca7ac8acd28\"","tgme_sync":"{\"canRedirect\":true,\"ts\":1701095737}","server_time_offset":"0","dc2_server_salt":"\"adc8c8469a6d7672\"","state_id":"3172273538","auth_key_fingerprint":"\"107b3373\"","dc1_auth_key":"\"057d9b370b8bdd8e15d67e119d600957a5d615f1f68e2e0f9c8fd795affe79eaa8efc27febd651d46ef3b1d13cc1435c6af4ccc06afa851c06f3356dd5a8b3ae60de40e0c169c28af2f594b08839c811854ce92264d1f9476d1275b544aa184da6d4d52e3757d01c3cd13c7cd66b65ecf5d1d861ccf9d879f3e9e84fef46ca1c703be923e7b8c2db0dad079d1cfb2cceef0e5c48a7a69815fe36307f71e25a167c5f992c98edb12b9a36759ac54e3a658a6671cb6f3c70824bdf4bb8e7e45d1f8fff33ff96e0200bfa20a429cbdbf0ee4c98896a6609aed5e7306fe8efd17a714af32bd92d0960896d06d3056be814e603d8a24b5e9596698436943d52a1eb7f\"","dc1_server_salt":"\"544f0ba579e80686\"","dc5_auth_key":"\"86430c088aada121394758c35c34848c70bda322e472ee63d311fba42625285595223b1ff20a162fccb502ea50b369050979c8bddd41bcd3e68ee69ff1eae73912284dfa53703e4d58b41ec44047e9bc4679c10d71d7445b202889c09e2c6e78f8c70191270b8095aa1e341e17ecdd11d0ab71728067e26a2a39ab3df56a8eb98c600eb02d76121962f40d5a395a65e18a4eaab052c361e76111a1519a718e8ca4264bb278a9680b7dd0a92a17c7f7c89a58e54ff1383971c2599e6cecff38274e3b6703eb6a72304b5c97ff25ef5cd3d4a1aceba6617844fc731188f19a21b4f7d8dfa4230dd215607eadf3c80b9ef03e2ff171a1a406d0722cba780f6c6d98\"","tt-global-state":""}
VM36:1 —————-
undefined
