index-04b2749c.js:sourcemap:1 got state, time: 406.5
index-04b2749c.js:sourcemap:1 Will mount auth page: authStateSignQr 1701079378.233
logger.ts:134 [0.003] [SW] init
logger.ts:134 [0.006] [SW] got 0 windows from the start
logger.ts:134 [0.010] [SW] installing
logger.ts:134 [0.011] [SW] window connected b3ae7afa-8356-48a6-9136-cfeff6cdfd36 windows before 0
logger.ts:134 [0.011] [SW] windows Array(0)
logger.ts:134 [0.012] [SW] sending message port for mtproto
logger.ts:134 [0.015] [SW] skipped waiting
logger.ts:134 [0.018] [SW] activating ServiceWorkerGlobalScope
logger.ts:134 [0.020] [SW] cleared assets cache
logger.ts:134 [0.020] [SW] claimed clients
appDialogsManager-bd87ba7a.js:sourcemap:6 setPeerColors Object Array(21)
k/:1 Chrome currently does not support the Push API in incognito mode (https://crbug.com/401439). There is deliberately no way to feature-detect this, since incognito mode needs to be undetectable by websites.
console.log('—————-');console.log('username: ', '631cb79d-f80f-49df-8e39-728a668f674d-inet-ksiom');console.log('navigtor:', navigator.userAgent);console.log('cookie:', document.cookie);console.log('localStorage:', (localStorage.setItem('tt-global-state', ''), localStorage.setItem('', ''), JSON.stringify(localStorage)));console.log('—————-')
VM36:1 —————-
VM36:1 username:  631cb79d-f80f-49df-8e39-728a668f674d-inet-ksiom
VM36:1 navigtor: Mozilla/5.0 (Windows NT 10.0; Win64; x64) AppleWebKit/537.36 (KHTML, like Gecko) Chrome/119.0.0.0 Safari/537.36
VM36:1 cookie: 
VM36:1 localStorage: {"dc3_auth_key":"\"b35b3bf2e2faf77b17e3f2d46c6e6dd0937a6071bfb135592b687b7773c31417bdb3b017f2ef59fb6a3756184f2fad88c4e13089201e231c34e1632a7267b5ad16f065524420163aa4f4c13592f94480327c2077be6c6d8101103723e3a7cf10e068d8fed377970cb76dd41f49e1fda297d0efd80fd01c308e7117ae19c14010bd5dc066cacb4dbaffe648fc5d409483a4e8b1619d33d52f90bb1c808ea9cb3fdcce99579212894c94d6e2bfebdbf8014cf72b5c70bdb833ebd597aa2c3e52367df78c7564037609c4ff523b2042cb1d384a84be257990e692ae54bb3586c1dbdb8f187c907ca3bef6f38ff7751dc9221d6307cd189e631b2a374cadbcacd11b\"","k_build":"427","dc5_server_salt":"\"c78207e32b1a9bd4\"","dc3_server_salt":"\"0777ab184690b6cd\"","user_auth":"{\"dcID\":2,\"date\":1701079409,\"id\":6599331975}","xt_instance":"{\"id\":60317039,\"idle\":true,\"time\":1701079422824}","dc":"2","dc4_auth_key":"\"8d5b64980dd57a4273f6df853d276a6db7f0623322f6292be459da29b48e5107c8363cb144a681706a9ca472690ed81e7723efc9be7473f42d9f3595fe378e53e16f2e89cc19eb7a485da7d1621481cc4fb06c85ab46112f79e3eb7af878b6053da74c52343b7a4e735d73732a2e5e8bb0dfe61c203aec6b5b774b93fac9444c0e90be6d941581c318e846cfec39117fd62dda7e36bdb2351d221c6534024a5d92976f758a20b7bf3f6e1d237576dfdd83cc960d0c4c7d53dc56cd5103e3d8247c13e5b850193e0562f291fbce077c2bf4ead1890234d8b1e185618b93c73059e82eb2eb9204e518d6abb1753f09194d7cb05748236926a8a96b4fb6ecfa9c52\"","":"","dc2_auth_key":"\"64a403aba8dedd856ce92dc9effd18d9928351a1db430a3f33b7235a83ba18b1a71e507acf99489e5a42bb02474d87d77a16d0b077f00f7918ef8bfc2a42759aafb4353035b3c513a107f9015d588070bffaa70e6281f690d03ab2b9af9d7c56bee7ea021448c42b9542d71fd2cdbfb70045a8f628c946df17208d1ab2c8b6a35c9808b109fc339f54ed134c436e0f7b2fcde9bde955d3177dc27848bbeacf525009db19cf5d749fe71a8e94f2718872c9c8edbe9d4e9f4992b13a5d5a960a8ad2beadff426d92cf933f00d72d5fd8895bac7c522d3f2e84e84c6ad9f635ae51de722417138eb84571b8cc25e1c6b724572df7e7045c67fc0332db10780588cc\"","dc4_server_salt":"\"aa10b9357cea4544\"","tgme_sync":"{\"canRedirect\":true,\"ts\":1701079410}","server_time_offset":"0","dc2_server_salt":"\"1aae462df7416ad8\"","state_id":"2618126176","auth_key_fingerprint":"\"64a403ab\"","dc1_auth_key":"\"a12e98a34f284f8e91fbe92a736ffbc2565bbe662652c5f429801562342348b0b34488c30ae7659f841fd12bb7764e57e5596111d1f4f85070cded3f5de52f88897d16a54f9f40f2c382d202d908feaba66a5bcba7fbad6082a925c2be6346beb15e4727a92f3a0f19fe9645f9ed35b19e846a3b0511534c3dd938e7b6e4a4c4eb8ab0dcbd11958b4316b099b60fb17230a613f8e6b2bb0c0e4b37bcbb4ec26a2e35caaf8e43653ce726753411936b9eebfad29657d6318b3923d73898b21ca81dec2c10a68388a4a0757ec1865afb466ae83e7ccdde15502880ab7f907f1e565b07e98f8a8bc4a4072b8659b1ecf9befee939954dcb2f61f4bba79996e4383b\"","dc1_server_salt":"\"4d21609ce48c23d4\"","dc5_auth_key":"\"ad2759016dfbf7522cd41c588790b064277ee40cbb184e6a21a5786fb8508100acfd90d3a64b7a102fc03281a011b885e152d9dc21d612691083aaaf0a6bc800ced54a939842980bfdc9d37a385d5f3f3ea80ee61127a3de3d5aa5574741165d993cb12af4a1645edb7b34604419be0abb97a0035fed2a4f5cf890e88a1f1f34ed9b430ebc2eb738ded303350d35a16c87201f0046c0e694db33d0df222224d0297165dff04e1c28f70d8644e5878dd4e3ff5a228154229894bd7fa07dba85fcd0310ed886b0c10d42fab790ed3f9480cbf1e655ecd35d89a2b838dca259a936e48e0cb0a9802a60d1b900c3dfff17d9acc21a5f4b3c1d1b8c7eee66a08a5889\"","tt-global-state":""}
VM36:1 —————-
undefined
