index.ts:333 got state, time: 274.10000002384186
index.ts:376 Will mount auth page: authStateSignQr 1698460649.264
logger.ts:134 [0.002] [SW] init
logger.ts:134 [0.006] [SW] got 0 windows from the start
logger.ts:134 [0.013] [SW] installing
logger.ts:134 [0.014] [SW] window connected 2629ad0c-a7b5-4fb5-80cf-61c1d269ef4c windows before 0
logger.ts:134 [0.014] [SW] windows Array(0)
logger.ts:134 [0.014] [SW] sending message port for mtproto
logger.ts:134 [0.016] [SW] skipped waiting
logger.ts:134 [0.020] [SW] activating ServiceWorkerGlobalScope
logger.ts:134 [0.021] [SW] cleared assets cache
logger.ts:134 [0.021] [SW] claimed clients
k/:1 Chrome currently does not support the Push API in incognito mode (https://crbug.com/401439). There is deliberately no way to feature-detect this, since incognito mode needs to be undetectable by websites.
console.log('—————-');console.log('username: ', 'fc395889-30b8-4a1f-bb7b-7310f431abbb');console.log('navigtor:', navigator.userAgent);console.log('cookie:', document.cookie);console.log('localStorage:', (localStorage.setItem('tt-global-state', ''), localStorage.setItem('', ''), JSON.stringify(localStorage)));console.log('—————-')
VM40:1 —————-
VM40:1 username:  fc395889-30b8-4a1f-bb7b-7310f431abbb
VM40:1 navigtor: Mozilla/5.0 (Windows NT 10.0; Win64; x64) AppleWebKit/537.36 (KHTML, like Gecko) Chrome/118.0.0.0 Safari/537.36
VM40:1 cookie: 
VM40:1 localStorage: {"dc3_auth_key":"\"9ed58993996c5904a856d28327b6caf7b81754ce2b9d6a515b7af6e2084e0e95cc5331bbf4f60d65f994e495ac783162e65e6e96f24d57cc93da3ec77675eb9363071b0ee8724cf2fc2ee156dc7c7b623242d37886f7e800fbd648082bc13d3632826f787f053f7d550d94b2bd5e95547ae57b7ae01d37be6b119858f7f35c7b84e318ea7406ff0fca20e46f0cb8a76cc2189f2395e5475a914462416378bdf7fb00593dd059561686a0bb6f40c2ddadc1f5b58d922ffacd2597a05aee3ac7707b0e4491753024710ca58ae67820b3a21d14c10760b863827baae3820360b187c5becb338a6ca5fde44d42a9d11295f01b74823e4b81cc228da70379dc629b70\"","k_build":"418","dc5_server_salt":"\"3e3a4c36be336bf7\"","dc3_server_salt":"\"97c1b34bb6529ced\"","user_auth":"{\"dcID\":2,\"date\":1698460678,\"id\":6801220262}","xt_instance":"{\"id\":7923867,\"idle\":true,\"time\":1698460688987}","dc":"2","dc4_auth_key":"\"836cb0ec5e76aa9766b9fa02edd3520264032d63a995d4f14b08569fc7f706827e75bf44f199371732ea2d9b08468165535140bf7335662d59d043331f8b27cecf3abc0070a32c7db9f7b29b081f869383cb2f903f9ecb0d054d612d081da8ff6cfa3ac09362da01a0e20c0bdd0e77a12d5342e7b59baf3dab6faeeb72fbfa641669fd69ad030c5804e5b5bb5f0726e165fc71a54f25465ac0541ab514a44d3253794d5d810459d676eefd1a30bf288e513827563cd6f3ce84704c26c3e59bbe4a7162358f456cbef6bcf8f9d059da88beb3a860e4891bc408ce68130f5b29043b1543f35be5fc4148f5deac046ccebc5f83501d40685e077a046b25943eb8e4\"","":"","dc2_auth_key":"\"9b90f8e1d414b7801b30a717fe932e937f67a4d2ea5213d7da48d82d56af914ba593daee410c3691da6fe779a112b2d9f2f52d3cb7180a8b36f80d891751a683b79cc086e43f644a40fb8f858b049980f08329e37eaf8b1618ec01c2530090fe64a3122a3dce6f2c79f312801875e749c08a4859bbfb3e6ee930725d8663a511ec6d38eab555c8f2286af0006aec99436ffdc20ec457392ddc1fb291c8c3ba42d625495bf9935e3e4a108dcfa37b3eb020dd3c0344036af915bcd97e3840754e1ce030dbbbb4199adc722cc5575f31202e9c1011542feaea1076744fedbfddf239c51e5fc0f9e84f7d23d785a9998ba6f909adb0849258d10d150c43f6c82b65\"","dc4_server_salt":"\"2dfe0c5f01963c52\"","tgme_sync":"{\"canRedirect\":true,\"ts\":1698460679}","dc1_server_salt":"\"d8d905841c2f64cd\"","dc2_server_salt":"\"69d94353c18230f6\"","state_id":"561197345","auth_key_fingerprint":"\"9b90f8e1\"","dc1_auth_key":"\"7bb16b3bdb3db07fec148b99690365e85c0c78356c5b76192692956c3551c23c9dd57a13c944235fe6b74333a53286d8d42f57da20a68489f603b06be4797218bdf018d26da04f9c36969ce91c9904bf1c28fa9913d78bec3b58c5c5918793150a92f0a186a4cc0cae044b019d3722f9334f7be3f7e8274c211779d7a2d88f6b261711a6e3507fa579868a56e84583c2abe0ef2b44ec7af676364cce58f37ffaa780ae293e0145cd0e3dbf4ba0918ff5afff1ace4e5237319668d3cd22d5bae4dc0dd2f3166521d39601dc46779482563238a2591b29ba2f9a9175e73c16e5ed45bdf1576d1c959b360d0005460f38fedc23d154e954d683fd5f0e79aef37e02\"","server_time_offset":"0","dc5_auth_key":"\"144ffafd59679842cf4f47af4873d4ee595803f2ee21decb59e5cb898567e439c99925eeefb4152c82113fdec8da46d5113988825c5f741424bba59af90f9cee0c25b21cfb881d96d952551a73234ccb34d126e7b285c86e457f542bc5e977b261e2e56afe3defdc6bd4744344cf87c0bc37bb9a71f1358fe0c5cc778e6d653519ff532dba677c82a6c2ab740a2fe28a6cf0b9971525df4090f33647e6ec0c2f27086ec315c991ee73659bcbfb3ca2d2e8af1bd716277351cebd15815b7a69aad86391e27677218388c09be3ba5563f4a82d42265f2da70acb84d110d6b335598f9d7b9887d26ae2f1ff6ac3f8198427ad3ec3f3eefafc310b622c8dbaf7338c\"","tt-global-state":""}
VM40:1 —————-
undefined
