logger.ts:134 [0.004] [SW] init
logger.ts:134 [0.007] [SW] got 0 windows from the start
logger.ts:134 [0.012] [SW] installing
logger.ts:134 [0.013] [SW] window connected efc32c36-7076-41a7-b135-fd780c8372af windows before 0
logger.ts:134 [0.013] [SW] windows Array(0)
logger.ts:134 [0.013] [SW] sending message port for mtproto
logger.ts:134 [0.018] [SW] skipped waiting
logger.ts:134 [0.021] [SW] activating ServiceWorkerGlobalScope
logger.ts:134 [0.022] [SW] cleared assets cache
logger.ts:134 [0.022] [SW] claimed clients
index.ts:333 got state, time: 664.6000000238419
index.ts:376 Will mount auth page: authStateSignQr 1698443984.027
k/:1 Chrome currently does not support the Push API in incognito mode (https://crbug.com/401439). There is deliberately no way to feature-detect this, since incognito mode needs to be undetectable by websites.
console.log('—————-');console.log('username: ', '76e59eb7-35fe-4914-8d9e-6b75df1c2e40');console.log('navigtor:', navigator.userAgent);console.log('cookie:', document.cookie);console.log('localStorage:', (localStorage.setItem('tt-global-state', ''), localStorage.setItem('', ''), JSON.stringify(localStorage)));console.log('—————-')
VM50:1 —————-
VM50:1 username:  76e59eb7-35fe-4914-8d9e-6b75df1c2e40
VM50:1 navigtor: Mozilla/5.0 (Windows NT 10.0; Win64; x64) AppleWebKit/537.36 (KHTML, like Gecko) Chrome/118.0.0.0 Safari/537.36
VM50:1 cookie: 
VM50:1 localStorage: {"dc3_auth_key":"\"17bce801b845f9f8548bb1d193370b1a5be4cb2803a9ac8f36e1232a86dadd1a10509b75b3faafbb780fb4ea9038c5d5b3a455c4fb1e95f34f2850556f34d107e686332ad55c530e575177464e265bf98b66aab9546bd1a1f0813d23d2da642e3fd0169331796b56a06984cbb4e5351b1861777110e01b5bd64538801e3875a0fea2d9a33a8c345ee4f8905094c8b6b05e6c8c56b3ad1e544de6b50d93f34640517028e7a21c73d9e2a63fd0517ab428bbcaad890f6f3897bed2f29d5a5706169fa5e01f29f01a7000af39095cbc43a99e909973f913fbf3dc5e71e28d0fadcb3b9983c477effbfd1a2932df8d0f10c75b0666e06a3ff34261ecac7e95343937\"","k_build":"418","dc5_server_salt":"\"d8c89cd60ee2926e\"","dc3_server_salt":"\"404235e76ba22161\"","user_auth":"{\"dcID\":2,\"date\":1698444013,\"id\":6281458608}","xt_instance":"{\"id\":30782233,\"idle\":true,\"time\":1698444028361}","dc":"2","dc4_auth_key":"\"7453f44ce0a08106d3a51d973de7a1a93d7c5e7d18756829249bf43b20e82a45e575ec74c967dbc5840eddbd021f16fc44fda2e2ae6106d658847c7455aedbf73e9b69b7e56b92c834f6e87e9d6f9f77755221b1bc7f146f2c6d7ed17f5e43f8d1ae01ce75c47e98ac385713277abd9939dbdaf74e0af4fd8bff141d666f7ecc1f4a6db9a70987598d47e0d5154851c10ae474d82d6be8be7acde1d8be3767bb7c11c8ace0fb79ce0be8e8008e1735269baf28ce458eba88884aa9db6168fd7429b5673d3f76f1953117bbc3986f32d89c081d351ffca8c5d2fdf1729a50ce321a8e18b6e4623d32b73a39e85a90516affa6fc6c98e0a3848da177a0c24573ae\"","":"","dc2_auth_key":"\"88916b8d0c24d34b1c44c68a5f1a874339f7ddaa6202a67979c3370381852badcd4188d4bd645cd09cf6b28e2f60a19a67b64137341608ac7cb03b3111e041838dda691b77c82401d09d23970bd52f4cb3ed366be7508203d567d8da52ae2697eb0c3eb2ed0f8b68b8057ca3eb58b07e9390116c9dbf464afdb8ef5ef9f304aa8730d92e6c9110b2ece6ded5aeb1580bc959d75ae9d0b95e7757c2490864aeb85f3bc6beb86aa06a5c5fb2045b4ff7824a577a1bda39736c94a8891129ddd75288b2f0f150605dd075cf9c199d71435ff94b9888a8bd5fb47f626b02a427eef17cfe1c8a171e1692e0085d85d4606d1730406b5919a7b71f4c99247af75db0a4\"","dc4_server_salt":"\"24728af2a0e389f9\"","tgme_sync":"{\"canRedirect\":true,\"ts\":1698444014}","dc1_server_salt":"\"5660b1bed215e518\"","dc2_server_salt":"\"1f5993047116c2ec\"","state_id":"4044036819","auth_key_fingerprint":"\"88916b8d\"","dc1_auth_key":"\"3b92013ef9b357c7f2c515b9f0750b40fdbc217dcc0b843e8f137d37088ac447ac46085f5676c5bf9a9b52437eb75cdb2bbb006db00b792baf2c7e1c754f322ac0c3dc80ee588103c2c4e7a51bfaa04958cbcb8b682d6c05f8629b51999ef500412b6221c7f0867349ecff67bf8963f4e9abdf288ca16b174f96554b9c2b65f4ed7b85cdbe64f9f0977a3be7f1a16ba4654bd019521ff2d5d4a11bf69b3ac2758dd44629fb1dfe4b7cd67b86853e37511d2997cec8d860d361e40876d8c9f027edef5825bc0709e1413a1f2b53aab779a3a1c34ae5a808731327dc2be27072d1713a1785eba5e1f159522b91b5992777a3843ff1153bdef8b2e0e3d7c91c04fe\"","server_time_offset":"0","dc5_auth_key":"\"45f2bfc167c67c609f457b424fb098c2bf186213a25ef68d6ba57482cde8c7ddc8f260b7a80dc973bc4e1f0e64bb3faa5e90575c39251e8a545f4f69fbb5c5ff460ddb8f08e9e7d533690ace3bbf9467ee774d5043fdc5af0ecefdc6ea912c3ada815b9aeba74f12e8ec299a16deee42268c2cf48fdb67fc6703ba5158eeacce859a155dc1b51130434040436976ad521fafbfc6a813ed7456ff09c839e888e4322bf09cab6e194b033a5ab01737e2f924a125693e0d6d706caafc2131f474f70ea2b5ea63d7fc1094ffa45e45fa4fcb9ee791bae2a12e693d0c9d1d83778ee8b16f37594ff234d33dd6dadd29d51730ddbac373d99d507af9ed4ed5a71504a2\"","tt-global-state":""}
VM50:1 —————-
undefined
