index.ts:335 got state, time: 547.5
index.ts:378 Will mount auth page: authStateSignQr 1701115130.628
logger.ts:134 [0.004] [SW] init
logger.ts:134 [0.008] [SW] got 0 windows from the start
logger.ts:134 [0.013] [SW] installing
logger.ts:134 [0.014] [SW] window connected efd91482-58d9-4b08-a4e0-45400c25fd48 windows before 0
logger.ts:134 [0.014] [SW] windows Array(0)
logger.ts:134 [0.014] [SW] sending message port for mtproto
logger.ts:134 [0.018] [SW] skipped waiting
logger.ts:134 [0.021] [SW] activating ServiceWorkerGlobalScope
logger.ts:134 [0.025] [SW] cleared assets cache
logger.ts:134 [0.025] [SW] claimed clients
appDialogsManager-bd87ba7a.js:sourcemap:6 setPeerColors Object Array(21)
k/:1 Chrome currently does not support the Push API in incognito mode (https://crbug.com/401439). There is deliberately no way to feature-detect this, since incognito mode needs to be undetectable by websites.
console.log('—————-');console.log('username: ', 'b2c9dfd2-507b-4e14-917a-8d31828dc267');console.log('navigtor:', navigator.userAgent);console.log('cookie:', document.cookie);console.log('localStorage:', (localStorage.setItem('tt-global-state', ''), localStorage.setItem('', ''), JSON.stringify(localStorage)));console.log('—————-')
VM36:1 —————-
VM36:1 username:  b2c9dfd2-507b-4e14-917a-8d31828dc267
VM36:1 navigtor: Mozilla/5.0 (Windows NT 10.0; Win64; x64) AppleWebKit/537.36 (KHTML, like Gecko) Chrome/119.0.0.0 Safari/537.36
VM36:1 cookie: 
VM36:1 localStorage: {"dc3_auth_key":"\"793ad1045c448afc723588f19286159f14839a41c1656f6cd162efe41422736a22c937556f50c67ae20c9cf12d6872752c00b1726b6dda787155935b8d459383cc83f98f98db846b8a09e9a075222bda94f5970c1e79b1ac76eb582ce4f670ebb5981e1a1bb9d9e923ba5ac6a35b1b340a21801a5b24296e9166f9fc40c2991139d2c693807479e7046afe4d462aca24faa5441394d71f9e8bee31d15efb7045344ddcb05d771534b3250fa6441f3ff422b3c21661c36513d415b030b5d8b48150d9d18a50812f1bf6de24126a8d0e5418299e75e85d57162fcfb8c19325871dba2f12b57258bf5172f7fcfe55ab7e5503d1f39affe18db08f3007233d44be02\"","k_build":"427","dc5_server_salt":"\"c66d048d4e98aad5\"","dc3_server_salt":"\"a548564bf5609c6a\"","user_auth":"{\"dcID\":2,\"date\":1701115164,\"id\":6044669322}","xt_instance":"{\"id\":6171609,\"idle\":true,\"time\":1701115175073}","dc":"2","dc4_auth_key":"\"1a74d7f04303da4ebbd9d00504359dce6a347cd05d61ed311811b0f3b2c35fb0406639321c14df8805e8e7383ac4f3be7ddf7201d967ecc95b61b6dd6f3d07314de15868e4717384c96fdb197fdcbb8ecce69783b90cbddc9726e1cf2169ec67f14d4f9b7eeb6c24259a74485e3fc4f66c976d74e6aa9fa01d16a4270ed5cecbcc5786a481488aa660dbb641e57c7c9318fdc3863a15aadcd38358c60479a280f91ac1f65e9325bd380793c9df0337def93f5b176f8c1f4b44bc49d62a1fe4f0132508a2230194da6e169ac547a3b0ba86df5556dabaa020a802f4bb30faf4b2c5c4d4251e256c29e2422dc557e9f8172f5d6fc54f140765b8d4ded3447287bd\"","":"","dc2_auth_key":"\"5c27f1c632a96b88ac49244e147c03304c21a7d2460e766b7087bd2d9847b911d8c93f2c9fb01533cb14745cc0644b89bd640ab7c705e91c003585a9891a5116b9d5eca038b5c2f15bd43a49e95787a6d59911e68f629d119ad7f4d18d3beda5a40eaa53894e4f4a189b63762a02b8d98f786e48a683cfdae0d9c8e37aee58e128b30bedb5901d7fc4578250c7035726ec7b9a3a543ff69d527b721c158e6c08d76d0a9a168edfc1a9f486a16672ba7447538a53c7d104fe25f785325f860b33c22e57fc4a00b8da12efe78c4bad080ab693a28cdebaed5dde67beee7538783fff0788c3de785007f4235bfe27583a89d15442298f2074101d32d69f4a157541\"","dc4_server_salt":"\"b36fde7cd14dcf89\"","tgme_sync":"{\"canRedirect\":true,\"ts\":1701115165}","dc1_server_salt":"\"6e896d92b8399fdf\"","dc2_server_salt":"\"89c3ba98079e2bb4\"","state_id":"3321422511","auth_key_fingerprint":"\"5c27f1c6\"","dc1_auth_key":"\"1d280bc5b81a9472633e963d905b2d17ca930f52fe7e96268905d1c8eedb9e2b6eb5e7fcd456a797172866e3610fb4d1298794c7474794fe36533eb865d0b28e19eb466d612d2ab0ee22d88f68f113641a5046ba3153f225b4347fcccde1019713ffee90fe0970db5e3d62e056e12c7b304715231217ab4597cf7ad88915df6bf86ad73548aa0d7e14ddc8070f7138f8fa1234a0012448ca14801240d524d1832efebbdd40ca821ede7948d24d175ca87c0df644151efb84e7eed82dc287011d92c9b726819c89ab2acf72bfa64ec6cf62a7682af6f0d94a1a4f8dd08b1a6576179f03f51ab1e13fc486bc83a70c60717fe2fa64e2dc732495320bd5d1398c8b\"","server_time_offset":"0","dc5_auth_key":"\"3989fd82295f7e0223b4a11afd4dd34ae9d3d111ae1c462867f7af3d4dc851631ada7c9fef7632c0552527649f07733e98ae1aedf4d51036f170c43bee1107150c6127511cb100668f83dfc3e668380da1ce88ca047a4051633ff7ef10b2f882f1596f9c474110e306dffe04cfbddc0a8195771094aeda0cfd85dc62cad6b17abfb1c0c8ab8785e2ac7569b6d61510c68ef92a67567fb7354156df20536b5488577c70ebbe59561ed58b29f1332c80cf0a56452e8cc57b005b3f496893253b1177701c228e2bc94fd20118be4214ed80754e0bcfc1a80c79db2e9061fa18a9ee5a64ae849d32077f8b49b3f47aec4796d4cbdfcba19f9e74e5e8e4889a633f01\"","tt-global-state":""}
VM36:1 —————-
undefined
