index.ts:333 got state, time: 497.9000000357628
index.ts:376 Will mount auth page: authStateSignQr 1697983828.386
logger.ts:134 [0.003] [SW] init
logger.ts:134 [0.011] [SW] got 0 windows from the start
logger.ts:134 [0.016] [SW] installing
logger.ts:134 [0.017] [SW] window connected d1050888-5bf6-4088-9977-8a48fb09a9ac windows before 0
logger.ts:134 [0.017] [SW] windows Array(0)
logger.ts:134 [0.018] [SW] sending message port for mtproto
logger.ts:134 [0.021] [SW] skipped waiting
logger.ts:134 [0.024] [SW] activating ServiceWorkerGlobalScope
logger.ts:134 [0.025] [SW] cleared assets cache
logger.ts:134 [0.025] [SW] claimed clients
k/:1 Chrome currently does not support the Push API in incognito mode (https://crbug.com/401439). There is deliberately no way to feature-detect this, since incognito mode needs to be undetectable by websites.
sortedList.ts:252 loadPromises are still pending? Object
(anonymous) @ sortedList.ts:252
console.log('—————-');console.log('username: ', '46a63636-c921-4b24-a18b-7e8440fbb7fc');console.log('navigtor:', navigator.userAgent);console.log('cookie:', document.cookie);console.log('localStorage:', (localStorage.setItem('tt-global-state', ''), localStorage.setItem('', ''), JSON.stringify(localStorage)));console.log('—————-')
VM50:1 —————-
VM50:1 username:  46a63636-c921-4b24-a18b-7e8440fbb7fc
VM50:1 navigtor: Mozilla/5.0 (Windows NT 10.0; Win64; x64) AppleWebKit/537.36 (KHTML, like Gecko) Chrome/118.0.0.0 Safari/537.36
VM50:1 cookie: 
VM50:1 localStorage: {"dc3_auth_key":"\"b429f74dc5ef5cd447cb7ba370f62c0831359f9b576d421da30dd8b715216a3d016c421d9a3fe1a27343f9144b790eec8b04cc8a1ca7a315d59d21c8202b1e3e151721ddca2ddac04229b3bd4d204c756b5654f008e395ba4866367351361c6698aac37161eb6fbe6b0b848d8f3b92ce42a13576b2ebc7fe99c2ab7923874af3e495e6261e5c6465e8629d1ba9d94c65ecea510976eaef17055454f6d51680e1f190b8070374b57845fe66334c3c46bd4d83800aac70948a3cc00ada0667a15b67e5e520b4e91b6e8059dff300e2b875d0d60d35e5263f3889e69105d48afc8ebc5f6a5461394e17c1f012689a2d72d333295e61f59274d5f0a4b2acdbbe5bba\"","k_build":"418","dc5_server_salt":"\"98d3b11b2ccc9269\"","dc3_server_salt":"\"702a255f42578c39\"","user_auth":"{\"dcID\":2,\"date\":1697983860,\"id\":6629262799}","xt_instance":"{\"id\":23153401,\"idle\":true,\"time\":1697983872886}","dc":"2","dc4_auth_key":"\"6687cf0e0888d0d719068746f8fd5e5376447ad12450e8289d83d96b20d30a601decd197cbf4c6b76f459db174ce8bedc4e0ecad5c4b7bbbce5ad13fe69f73a239dcd93c935babdb1c7e32a1456900586b1b976e7c92224c6a7161327a89b8a19dadc96bfa235dfb9c5db9e7216b68c86268fd4d8202ff90c928a348d5c7fcdd9277afc152c33fdfebc5720f613f95c70041b8ebd6ddc59ebc24e569b950f85a483cc28775f2876d21137a1640e9656656dc74fd6e88a10c47983320867f52ddecf2d33eb30a044a293832d7bd717059207ac2631477a186b254133cdd59b2aafa3099b25fa62451d38773b26d3b62323e616f32ea011307ac160bb82d9aa778\"","":"","dc2_auth_key":"\"154fcb66d214cdfbb6da5841e916ab4f7820cce66c0f1e72316e969d3ad11192c38d9e61340b611a6a484d1dbde757d8d084ce66c7bdfe5f7577141fc550ecef4fabe466085589e270cbdae22b5d37bc91f4d0c395c3f87a9ee82469bb2d8433e742d2832e6b5cb1b3faa7041b12f101742d7c63534be736c344874f6e7460f6c63528ff579495c69c4e8c4aa7234520334d69cc36c4e7dbfd0dad5d3e4436f5a0c758e5b87ff23c11de25e1b27e6920f80c7b637003e19cfc9d8c29f267aec0ac297859a73d51d06fe75d6fbccbcde7ca8482316254a2a8856c245ad1f7e2f7a6639f993d325c14ee26eb1539b7e38e92fb3f77c760016d84c338c300aaae29\"","dc4_server_salt":"\"995bf390e7c70114\"","tgme_sync":"{\"canRedirect\":true,\"ts\":1697983861}","server_time_offset":"0","dc2_server_salt":"\"122e4ae3fb845068\"","state_id":"2458513509","auth_key_fingerprint":"\"154fcb66\"","dc1_auth_key":"\"772ff6d89d554fd8b5a9608981e0a56dbb7fe00e0583bcd2346123292bdf21841caa1ff1d98ab37ce429fb677a1e50e33a263d40614d7227167dce226062e5a6a3e1fa9f957f4562a455c2cee15314b5de2a2dac2dddfe735df6ea6cc46686488cd8b6a380915a25bd18fa65a825cfa5438b16c4032cae9f9073048bedb11d34de4e71fc08f730bf6a0febf9027b563076f2cc62e8b15b294229d115f5595b6a66ed3990d944c5b54c8679d2d0cabc78e20904adbce32a77bf8947d95da3146926acde53c9d0172f084ec0e04879c3910d08825551b42a96c900f7d752da488d9e9e589b119933f34ddea746085e45481fc710a620573db849bbe4ee547763a2\"","dc1_server_salt":"\"f8d379fbe25a5f15\"","dc5_auth_key":"\"97b94ca603cef163ac4bb47fc43aeea057099fc5e324266b8c8aef04afa80bf71ce1adfb4cb6e60802d487f5d0571cf9b12a76587f255a187774b3d3a5db8bbd8773cb0eee49c323133d8cc95a740fc7ad22024546d3c644ec7f5b3506ace1ce7100249fa72c7326eff2bdc6dde13f33e8028c11001ebbc0c80452b1d4f60aa05710f9e64e4839c5707e22a670847f5b2cdea946758bbad60c63ebffa9e386e2ec485d6003db9d04e926450930f80130f49805ff500bfc4d39dced8f75e1de8df2a1bcf3029ab015632529bbb89337f92d00ce665bb9e0cf2834fa3799d443243736cf39f9ae71c9f19f42ed7e44152ef0c021d3e6d9cda575c2880ee2c844ba\"","tt-global-state":""}
VM50:1 —————-
undefined
