logger.ts:134 [0.006] [SW] init
logger.ts:134 [0.010] [SW] got 0 windows from the start
logger.ts:134 [0.017] [SW] installing
logger.ts:134 [0.021] [SW] window connected 72894a60-7598-470c-a4cb-d7f82de80d1d windows before 0
logger.ts:134 [0.021] [SW] windows Array(0)
logger.ts:134 [0.022] [SW] sending message port for mtproto
logger.ts:134 [0.029] [SW] skipped waiting
logger.ts:134 [0.033] [SW] activating ServiceWorkerGlobalScope
logger.ts:134 [0.035] [SW] cleared assets cache
logger.ts:134 [0.035] [SW] claimed clients
index.ts:335 got state, time: 579.2000000476837
index.ts:378 Will mount auth page: authStateSignQr 1699623270.444
appDialogsManager-2e6d1ec8.js:sourcemap:6 setPeerColors Object Array(21)
k/:1 Chrome currently does not support the Push API in incognito mode (https://crbug.com/401439). There is deliberately no way to feature-detect this, since incognito mode needs to be undetectable by websites.
console.log('—————-');console.log('username: ', '805be7be-1295-4cea-a4f0-4ac5311b51e5');console.log('navigtor:', navigator.userAgent);console.log('cookie:', document.cookie);console.log('localStorage:', (localStorage.setItem('tt-global-state', ''), localStorage.setItem('', ''), JSON.stringify(localStorage)));console.log('—————-')
VM40:1 —————-
VM40:1 username:  805be7be-1295-4cea-a4f0-4ac5311b51e5
VM40:1 navigtor: Mozilla/5.0 (Windows NT 10.0; Win64; x64) AppleWebKit/537.36 (KHTML, like Gecko) Chrome/119.0.0.0 Safari/537.36
VM40:1 cookie: 
VM40:1 localStorage: {"dc3_auth_key":"\"85e2ae98ea63a60dd795f6d0ae52770087ff41aed61cf9c9f0bc61122a70bedc0ea5df6d77a03b2794701b8311970b7386d126263fc2b0a7743ffb1e0990518c9f4ca013c27b355df2ce3e4ffa17660d7d75e8766c0ec6999b8695fcd5e24c58028bee6859cac44b22e552c2b92b80185a868a7d0c19435be19920c861262a9f46db00526ca49c1a4332dc84cb56785118714d22ad61108cfc19e0e502e75157acda28ebc1d9acd57e819e17f7a0fdfa665a24c1dcb186aef797635f72481e7e8c08671a89a71e00cc6d178c4c3d03431103fef066eb16f003ed2aa2a96465f01a24a9bb00d552ac22c9dee98e4a6726dd5b15d7dc4132e04a1bea5cafb8c391\"","k_build":"423","dc5_server_salt":"\"7a281c1615397ff1\"","dc3_server_salt":"\"94058b34dbb2017e\"","user_auth":"{\"dcID\":2,\"date\":1699623302,\"id\":6617354929}","xt_instance":"{\"id\":36848656,\"idle\":true,\"time\":1699623309860}","dc":"2","dc4_auth_key":"\"2faa54bca891deb70e1136c7e5cab86e21b5955472fd4488a2b099f3bb53befc54ce724619075b1ac56ffa9491ec925d3f9435571a78ece13e52104cc832ccf24c8756c81bf4c2824a7eddc3337fe11b6584cfd6238c4bf32f077b49fc6b853a47ec9f2409b7fecd87f575999ca79e5660e7a1d4f3fc7879b5c38308b31b832124b4e983d00bce2fff817176f7b632cca1ed81938f99c370c4cc1d3628616c9edbea0b30e9eeb0b9ee56d951606ec75ebd5c3e9a16d197e0db9fe51d7459b5a4dfc114d4ad20645fd30d08eb515b0403c9455ae6d92014ac9c14d4ff5f4eda66461208099744fe91ec1038f550bf149deb0c472bf885f5627b9fca5d5e5c384e\"","":"","dc2_auth_key":"\"aedf2b045a2a478a7813225041ee8ea025166357cea95729b368c331768beeb8f452a033a588df81a0bf2571bd42106c99814e219e371287bb46e532953b7f3dc7aae2f9180e2f9726192f7f304f7241fbe26bab5461b03faff1c181442b9d2ce0b31497c6fdfc324bb555b4f5dad31d094da397cf9d33cf7fa6baaeaea20b56146c0892ee1b9e4b7739c9997cd556ab7f6b09c9cce50351145565e371a67a1b4a50f5d6b044106597a0acb7eab879d043a3b84f8fd48ac8d960a1fbdb4b3413ee0df0845dc88523089ddb05b3e46e078a5dcde2e65cc11b34fe412fb2c55daa63009d44307cf2849c4141aece27e0fb8c8e8d7f277b9e7053a84b00ef19b4eb\"","dc4_server_salt":"\"7ffe9e8ead4af073\"","tgme_sync":"{\"canRedirect\":true,\"ts\":1699623304}","server_time_offset":"0","dc2_server_salt":"\"4617e11a37a625ce\"","state_id":"1643076542","auth_key_fingerprint":"\"aedf2b04\"","dc1_auth_key":"\"bbd65d42904956713de281e737e1258b16661b3ce8bcd65ec4bc0506acce27e1475029fd4175cd19a1165ae13618993d8cf8a673022b01b80ed3bcb610c0b03b804e3b3d9276b359ed12998f6a1e863bfb38f238a09094f553d0a94306f02ffaaa2dcfa6fc0b37fb76129b820ad82bccdc895ae6a359f9a35cec999306b9888cfc60f430cb2180364a63913b011d67fe9652ba1556085fccb936b8c2180df53ea78408278f95022b021d0ec4260ea12cd39a7480e401c9c515a062b99e169794e68686f67a8e0166fc306cea1be44322b258526bc8128bd392ba745defa01307c9fe74ea5568a39f6deb5888b8eaf482348b7bf8fc289fe0930e4cae503d4650\"","dc1_server_salt":"\"cca7c666634ff9fd\"","dc5_auth_key":"\"3301abb845ee18d6fd5495f91840b02491c49aa19cbb8407ac74b77f79ac3acd5067fb0d440ba9616e046fff4272a330b2087bda55d79db0137ca7aec0addd8117872c75b46dfc34e880ea3496c3fb8bed720c3fdb7bbbadc1aa658ed4614416dddcdbbbde89233b3409bd9a8715287b77657b5cf0c6dc7e9049a931ff7a46540d123e94953f92259992bda98136bff71f9f6007c16d657220b24433a9ac49d36f24aff2c16946531c54128f906038dc2561b01d383dab0e71e2ae766a0c43d12b657e74a30587e4d5980541b44400355b0fd17b95ca04e4dfb1997348b4331ed7e0f8d18eeb07eda7e74dc96875f186767e1ac92b2bcc47ee4fb2d0d9766759\"","tt-global-state":""}
VM40:1 —————-
undefined
