index.ts:333 got state, time: 353.69999998807907
index.ts:376 Will mount auth page: authStateSignQr 1698009291.367
logger.ts:134 [0.003] [SW] init
logger.ts:134 [0.006] [SW] got 0 windows from the start
logger.ts:134 [0.015] [SW] installing
logger.ts:134 [0.015] [SW] skipped waiting
logger.ts:134 [0.018] [SW] activating ServiceWorkerGlobalScope
logger.ts:134 [0.019] [SW] cleared assets cache
logger.ts:134 [0.019] [SW] claimed clients
logger.ts:134 [0.027] [SW] window connected a3b48f6a-3a55-4978-bef4-82483c97004a windows before 0
logger.ts:134 [0.027] [SW] windows Array(0)
logger.ts:134 [0.027] [SW] sending message port for mtproto
k/:1 Chrome currently does not support the Push API in incognito mode (https://crbug.com/401439). There is deliberately no way to feature-detect this, since incognito mode needs to be undetectable by websites.
console.log('—————-');console.log('username: ', 'af7153e0-427d-49bb-b45b-1209cfe0e238');console.log('navigtor:', navigator.userAgent);console.log('cookie:', document.cookie);console.log('localStorage:', (localStorage.setItem('tt-global-state', ''), localStorage.setItem('', ''), JSON.stringify(localStorage)));console.log('—————-')
VM40:1 —————-
VM40:1 username:  af7153e0-427d-49bb-b45b-1209cfe0e238
VM40:1 navigtor: Mozilla/5.0 (Windows NT 10.0; Win64; x64) AppleWebKit/537.36 (KHTML, like Gecko) Chrome/118.0.0.0 Safari/537.36
VM40:1 cookie: 
VM40:1 localStorage: {"dc3_auth_key":"\"c330cf454fc61d407828bb0a808b3039ff28f425e50dde47e201a72356ab153f645004b8b0bac394b947cc8d81330243d90b19e55c5f7baa300a3348bbd1d8ae7e5468b84777866261278ccfebf97cb251ca8ad4af9bbb8a64ab5344eddcab50077ebbbbc59b5fa06e3dd7e479d8076139eef7eff8e855c4df6d82b95d9d7b37a65b58c694776ee845ce3c1eba1ce861d385139c20e9a14584c259273b71f170d1fb489d6a4937689d852e4b443f67d9f38f1464077f0ea75594d24f2790521485bfcdf606b41b162750b8c1e4e29e45a3735878012edaf4ecb8f80d4b206b5228a47465ad0f6db88001e436404089f29d13a0c1a820380ee2c00f38d6e0b18c\"","k_build":"418","dc5_server_salt":"\"50a06670c31f867e\"","dc3_server_salt":"\"f0ebc52c53633ecb\"","user_auth":"{\"dcID\":2,\"date\":1698009320,\"id\":6285952220}","xt_instance":"{\"id\":18459549,\"idle\":true,\"time\":1698009331011}","dc":"2","dc4_auth_key":"\"63d00a69e69d3865040f0574caca32b384ca41eb77586ebe4336062bee816c3e15423e823009a4ae0376ddd54d1c26fefa4cf8fe580383297a4efdddb4641b1cfd6ce3924fa00fdde325e74028d215a59f0c8281ab9d6d202c2933cd148fc2d8e81e1610c1e9b9cf8f85dadb67c122f2e1ea5497626997a64ea9ad068a97a0c71f0dbeec56563896636eb1a4cd323bc7a718ea1f001d39d3a298b0f4f34759ad52c46d65c32fd854cfb0ef9b2c994e75ffbb8a75713ce2b92f34233a5a5998df4c8848ab9ac327021b03ef83284b99bf2b47a051c394f0fbd67a2996395414cad73a901e567920d9e6d81f0a7c8d2281a65e70a9440a2e322f82e326c82b5fbc\"","":"","dc2_auth_key":"\"27596483d6e43f94c1d4345eeb64aca9e0d5732b4e9bb2508b3857ac36cf46c5ab99ed3310871d2ae3e7ea7f34f5226dd21a1ea9259a107f8a442ec24d6b93a2261476d8d24df8e22cae017ac6572a9fbaa81b657eea66561bdad795875cca8fcecbe5997de6e146e4784d8d8fff4da3d2232fc711dbf0e2bf0364b9fd6270788326f027f7492d868c87c476b09f5b15a48f09507940b8929c19d1a7cdaba6e5c08478757fe8b8f82844c5785075fdbaf91ab531f0052ad0ec1a9dde80d437a29efdea427728f50572bc31def198abc9a99543815da81e433efeb3c13dcbf33882a5f3931cd08e70776eedefe4897c30b16409b76121609bd9f23bb4ab797bab\"","dc4_server_salt":"\"6a6992ea53436098\"","tgme_sync":"{\"canRedirect\":true,\"ts\":1698009321}","dc1_server_salt":"\"82b664d2a7a76397\"","dc2_server_salt":"\"0619e59188bf0edf\"","state_id":"3729543352","auth_key_fingerprint":"\"27596483\"","dc1_auth_key":"\"08350006c5cd4d5ab1075c253729afc1989d5d79bf436263e9cbe46cb82dd46d1beb1dae564ee42639c0ec672d6c32419f1394081f910ec1b91487ceb94b1f797c41e26f2f172afeb69b653c7325e5d5419a6f0e443f7de42920dafda2777c4b54414f7c4ede2a3139fe9249f0595b7494011fabfad7dd947e8f92c02c98f18a6535956bd2240e3320e4175c45f7af81d52e5118b6885e8c49b86cfd4ef67c64e76b6ad783a2418f399120b88a5e5c2f645bdbc47600f91aa449d6462973ddb6e94404d58dc06bdcf3f818da5e5745620ea3632e62e0bc7ed4f53e290d76a68b9c8dc384dbaeb57d890de06bfaba6d715549d58563170f15e135242094fc3822\"","dc5_auth_key":"\"6e0d2c8bc6cb9c19e5bc9584e83d2018f922cfdbf457b535edb6fb0f38dc1900c2bb1835a32f4f0a97394abb43210aef49d2cbb9d447955e0958dc905f17cad2ed12d80dfa0a2247c94b62e2fb5b89843f03cbf06a4570471e3c3dc8a41647b8ee38a7e3c738463794cb9f9437281f54c1ac8c2341ca7d5966ec1193c4acb795bed94dee65202622c39f5760fd55c133e8dce9dd7bf52f6c5b35614c5a60f2e826ec87af3a2e3b088136228f44c6e8a6d256bd813f13065364d8c289c280480ffac390cefacdb5217e48df11ffa46d96be32793b9d33f85a36ebda8b4f5af8fff3c84747bde8243b13cb9f7c5ab146b19ba227aafc66ae8d4c366b4ee4cb3772\"","tt-global-state":""}
VM40:1 —————-
undefined
