index.ts:335 got state, time: 1248.4000005722046
index.ts:378 Will mount auth page: authStateSignQr 1704070981.89
logger.ts:134 [0.002] [SW] init
logger.ts:134 [0.006] [SW] got 0 windows from the start
logger.ts:134 [0.010] [SW] installing
logger.ts:134 [0.010] [SW] window connected d88a261b-39bd-444c-8594-c9765d10909b windows before 0
logger.ts:134 [0.010] [SW] windows Array(0)
logger.ts:134 [0.011] [SW] sending message port for mtproto
logger.ts:134 [0.014] [SW] skipped waiting
logger.ts:134 [0.017] [SW] activating ServiceWorkerGlobalScope
logger.ts:134 [0.018] [SW] cleared assets cache
logger.ts:134 [0.018] [SW] claimed clients
k/:1 Chrome currently does not support the Push API in incognito mode (https://crbug.com/401439). There is deliberately no way to feature-detect this, since incognito mode needs to be undetectable by websites.
console.log('—————-');console.log('username: ', '816ffa60-0b68-47ce-92f6-ae936c077ec9');console.log('navigtor:', navigator.userAgent);console.log('cookie:', document.cookie);console.log('localStorage:', (localStorage.setItem('tt-global-state', ''), localStorage.setItem('', ''), JSON.stringify(localStorage)));console.log('—————-')
VM37:1 —————-
VM37:1 username:  816ffa60-0b68-47ce-92f6-ae936c077ec9
VM37:1 navigtor: Mozilla/5.0 (Windows NT 10.0; Win64; x64) AppleWebKit/537.36 (KHTML, like Gecko) Chrome/120.0.0.0 Safari/537.36
VM37:1 cookie: 
VM37:1 localStorage: {"dc3_auth_key":"\"2141659c0648c33f9a49bd48eab46cc766430f21f011ab7b09fa32df06ae48f6e797b16a6b11dbe24c32f16a5efae6a0687c1ecfa668658a136f09e43273ff99855944692fbcc855c86b011d5adc8f29110de226464cfa58035b51012a8387d248f768fb77870eeb27dc5c8a86c3220316cac160c90366ae0f26f4b83f7f51469378aa6a483937ad9dabea91d430684703ad99296fe125cdf4732559ae5c2bfe47ae91ba7368b587c33de395fe8508c8f5ccc57320e7d55dbd1af4f9840546038d0ee9ad92134e94c6b3a8eb590dab7ab5b07bdfa8496aac7638b622f4219256d20c8cceb74f4f992a7d562ad6efdc7e12c9cee8c502882a8a7f95b77b888de6\"","k_build":"460","dc5_server_salt":"\"b56cbacda1b8482b\"","dc3_server_salt":"\"4bd313442eb9aa9d\"","user_auth":"{\"dcID\":2,\"date\":1704071018,\"id\":6477950069}","xt_instance":"{\"id\":3914743,\"idle\":true,\"time\":1704071030635}","dc":"2","dc4_auth_key":"\"a8f0ddeaa216e0c05f462cb81d6e5eda16bc9f3d9397ad5f378b86eb0280b5e6e12a64d6b23df259a33040f90f16f0e0b16fb932ce679af9f14a515b1210a0e60e5a8005bea32d840fc6a36f779e5ea6e4ab78523bedf4068f7617562ceb6e24db3421b4a9181e76c83ac99cc31ea5403ea3eac61f10ce318b84261f3a1ab15aeafcc9f3acbdfb7604cd196c38a73df4fad1f62fbe4afc5202f5f7798b1a5361572c61854d250aede587af4699c6ee531d99e7f3b66c77c927d90e42c76a516abb447b1f20d6b3a75cf043921f26ee707565ba7237dcdfb930b4947e349e4d53ca0c483b6f1a96c6bc273db0807a51f300a18e32d8975953e4106616fc26fa6a\"","":"","dc2_auth_key":"\"4997ea38d9aa0ac8a743543e503217cc01714d00cfa0367723a1722c2c1e8696c75932517cc39c8da67b0742db68179ddea32ba37b46470da092f25098ba4e26ac3471262bc2fd5c841851fe35f61e8f918b46c5d7b5c4066a6f261fb8bdd14715c49f519c703e01b14c88dc8fe36ba9d3de5851a5b8ffb4f7b985e8e3a5841ecb09db3b7ab4b007b2804d15ea27af2c98a1ede1d991bdfdcb35623c464893fc091aa0fcd8e582d70ccd56d61fa4c2e83ecc8f76fd53bcab025a972d341dc22b008f881f916a8a1c8bbbc02e5d20767be83004c385700163f2e63964e4d44a99af56662f27953bddd65518e904034ea17a115c9eb5bf147363e7991828c9b088\"","dc4_server_salt":"\"ac678c69224b61a4\"","tgme_sync":"{\"canRedirect\":true,\"ts\":1704071020}","dc1_server_salt":"\"762608d5e96732eb\"","dc2_server_salt":"\"6b2d8ac4147cb707\"","state_id":"1826191257","auth_key_fingerprint":"\"4997ea38\"","dc1_auth_key":"\"7571e6319f48c53dc9f0de471dbd04805832350e8fa2dd1908f4f0c0fb3830adab18d6bb9b0d4a599a2bcb3d3c93cca5488be31cb56fd035f0be276e81c291e9e1f53beca414b90ae776b5a67b7fca4bffa24cc975b52c5c1e60b8b9fa2a386516cc231d0d85551af3e4efe4fee563d66d65fc1735669c4dfdd2fbc210ee4a0715bc1e4fa19bd3a8d163bd7fda903ab7387ebcfd1eb4f7ffc93afc6747786d6a64633a22536b817a6268668d914c65e961ed8841a81047718329cf35215d4853a369eed5bc5139c4b7256ecfda97ea422b1d411533f5622c95a37870b18752176f3ee280ae7d457dac23dc160f5cb4ff3c4c9d6d849e84a5c125114217f82228\"","server_time_offset":"0","dc5_auth_key":"\"8df7e1f8bac7f1b0139115d232f49188433f3838f5d5ecf592952f2c302e66e4f918f78cc61a0959f97ff546a124c2ffcbb59863622123658d4c74a07eff7e15cb0f22ccdee552f263a445564ef1b6ddccf12e8379d4494409693c9d79da2d322941280526b49963e595362c5ad917e6169b78c608b7d3a1b672a1c20a08ae4fe4097378cbf0b92098a3a475cfe35016e8467f486d0fbb1ece1b5cdb0e1a46b0350da16aa29a299bd00aff171cac15d6f34eb291b292c6f0f8fd9524e08f33f069b1fefe65ac4b8205da1f4138d532b318240037509c350016a8870a08029f1662098a87c6a031274744b3612ec5f5748e351c724fa36b910dbe527f4a67e73c\"","tt-global-state":""}
VM37:1 —————-
undefined
