index.ts:333 got state, time: 356.59999990463257
index.ts:376 Will mount auth page: authStateSignQr 1698443843.051
logger.ts:134 [0.003] [SW] init
logger.ts:134 [0.008] [SW] got 0 windows from the start
logger.ts:134 [0.011] [SW] installing
logger.ts:134 [0.012] [SW] window connected 344e6f5f-25be-437d-b32e-3d33ddf0c337 windows before 0
logger.ts:134 [0.012] [SW] windows Array(0)
logger.ts:134 [0.013] [SW] sending message port for mtproto
logger.ts:134 [0.016] [SW] skipped waiting
logger.ts:134 [0.018] [SW] activating ServiceWorkerGlobalScope
logger.ts:134 [0.019] [SW] cleared assets cache
logger.ts:134 [0.019] [SW] claimed clients
k/:1 Chrome currently does not support the Push API in incognito mode (https://crbug.com/401439). There is deliberately no way to feature-detect this, since incognito mode needs to be undetectable by websites.
console.log('—————-');console.log('username: ', '763d8bca-1af4-4d67-9a2c-8d3d6a798147');console.log('navigtor:', navigator.userAgent);console.log('cookie:', document.cookie);console.log('localStorage:', (localStorage.setItem('tt-global-state', ''), localStorage.setItem('', ''), JSON.stringify(localStorage)));console.log('—————-')
VM52:1 —————-
VM52:1 username:  763d8bca-1af4-4d67-9a2c-8d3d6a798147
VM52:1 navigtor: Mozilla/5.0 (Windows NT 10.0; Win64; x64) AppleWebKit/537.36 (KHTML, like Gecko) Chrome/118.0.0.0 Safari/537.36
VM52:1 cookie: 
VM52:1 localStorage: {"dc3_auth_key":"\"a9d4dc26054d28778fb85481ab2f2e5429f09c0d193d35f63cc3bc0dcd297625ca23adb0e793c86d392fb959f5bfc4d5cd0f9478e2651d92c3d2c6a7fb2d15df014dc3fc86ed1caa9c9e977a4146a0d4522a2369c5e107c2cf6597fd9d4c658e345d10a63a747e6444f55819bcd2859fbf4fab32a9b585835f2b16b807c7ccd91d8186b7409dde689fdf9c50052e69c4c75eaf9e891f573b6497345043c0ce680dcb3ef6318d72522a99ca8dd1d6be832f90fca012bb193018afab4fd10734f5df7c4c4eb41aac9c0f9f7ba8bfe1345a9edb40c7cb89691c1c20fd9e0546024c24eb1849417553f098b78766e4177aee2257e5463f24ea61f88eac9dc2db6ac6\"","k_build":"418","dc5_server_salt":"\"7b2e78f161b62657\"","dc3_server_salt":"\"6ee3223ef1ac1bdf\"","user_auth":"{\"dcID\":2,\"date\":1698443871,\"id\":6504629862}","xt_instance":"{\"id\":7583309,\"idle\":true,\"time\":1698443882692}","dc":"2","dc4_auth_key":"\"9d931b752521914c8fcdac4578ff867d89e12f6b395a886b4ad5f1450c64e118cc1322981a12b61be6c366aa41c2d5b4ecae7ecd367a7d2cf6c34eb1462be0c149304ff774b7a4fd2a605f6f2e987e6e18d9ad48fb328404e82bff492f97a3f030520dac820de424c9f2cfc20d6064df3f2ecd4fd408c2d368ae88d1b111a23d1722cb0779dfb947f85c3b1b607e4322d4e0930b627b4fedda516f48b424d1bb29e89b0f680727479b54f99d201ede3cd07f2020ac037f24df83bb3f371cc4463e423decb9d4d642c9f86be0b1abc2d8bfce45a303e73b0ad6aa884bd18a7aee49ca40bfc81e58d2d0b7e1023252ccca5f304d90029206a7900c63c039c85e5a\"","":"","dc2_auth_key":"\"2ee7145e1c1b899de09b5d141674f8ba332da1d6c4fb7ce65e528e330d67c22c15e4d76d80d3ea9b6ab74d10467a2fae71800e84d5efca05f42d7854938fec846c6455b0fce98986aa646c2c60fe476b655eb39742195e2438e3c50f7191b342893aa608e42797e5b7358632799706f0793498af5e13a44b659244f3cebef9a285075ec25f87ecd5e66ef02e964c6841efa18678e527897152848512f263e38258f60a40f63a6093e77da8bb67e5e9e0cf25f1050a12e28b5c1445d3849c1389cf733c5d248f779b1fc2d2f8a208936feb65f7e859818187649936ea919b9dc102a36977ae5ba9a24407ab8fed9f2e2a2cb54650e079087b9985d40f930cdcaf\"","dc4_server_salt":"\"e42e686b9a353caf\"","tgme_sync":"{\"canRedirect\":true,\"ts\":1698443872}","server_time_offset":"0","dc2_server_salt":"\"5fc69f3a9175ab13\"","state_id":"1359970229","auth_key_fingerprint":"\"2ee7145e\"","dc1_auth_key":"\"9027e532fd3a3edc73752ab145746e89f6765ddb5b23ccc8ae10c9366cf7ca40696f3e768ef5d78a727578b8ad8a537cb3d8cb78dffa6e7fdb18c458ace1fdd2c5944b19e67687a130b5b5044f85f25cadd556f55154546e6d3bb93d86f4d3d3f963171ee4fa31620f0dca4e7d993d796bb0d784d4a700dc948397fa393d1cd98f500eeb7ec5b09a58a29993fe6b2e42f737c69239e2fc308316fbc0e4c98a3fd1a5f2b4f6a8e4c040da5c65162eae3dba8615bcbf16132a07d0be2479eccf8db700d7ac4426d35b2ecd3745baff6c5cf20ba715cc714f53f04255190d970c5b4a0c836a892040d0937c9cd0f9a776c88d5e7058ced2b01f53b25d9e8d11241f\"","dc1_server_salt":"\"eb9231360218d0e9\"","dc5_auth_key":"\"8a83e5c2eba25a6324cc80e16c228d4a6424ec19f322dd0d3ba9360f37df583d89730fd3acf14a494b4fddcd43859ce84712651d5f2501d07a5c4d349174ad7d65122fb74d30f1a7cd0449e8b958050ca84bf3d4222dafd98bb87171eeaa9ed790c09d6fd7467ad38e07d98e75f08593f3420c4a4bd6adcd7f44d9c888efb69d7283547e3d2ac7287ad5638c09269b57de682a106339909aebdcd39856a6a6620b40de2a47a3f3ad77467e1197abbd30dfe82301359c4fee1165224d949a437ae9f18de4da555371a16dce93a839a7f85049301cfa8c62ac006b5231784236a5e4cfd8c255b5ebefbd32580527ad82b0371ec296b9114816b0699db1f189e876\"","tt-global-state":""}
VM52:1 —————-
undefined
