index.ts:335 got state, time: 648.8999998569489
index.ts:378 Will mount auth page: authStateSignQr 1701133134.521
logger.ts:134 [0.003] [SW] init
logger.ts:134 [0.006] [SW] got 0 windows from the start
logger.ts:134 [0.009] [SW] installing
logger.ts:134 [0.011] [SW] window connected 8fd5d2ef-5b96-4f3c-a238-2802209a0ac5 windows before 0
logger.ts:134 [0.011] [SW] windows Array(0)
logger.ts:134 [0.011] [SW] sending message port for mtproto
logger.ts:134 [0.014] [SW] skipped waiting
logger.ts:134 [0.020] [SW] activating ServiceWorkerGlobalScope
logger.ts:134 [0.021] [SW] cleared assets cache
logger.ts:134 [0.021] [SW] claimed clients
appDialogsManager-bd87ba7a.js:sourcemap:6 setPeerColors Object Array(21)
k/:1 Chrome currently does not support the Push API in incognito mode (https://crbug.com/401439). There is deliberately no way to feature-detect this, since incognito mode needs to be undetectable by websites.
console.log('—————-');console.log('username: ', 'dfda4699-6c61-4dd4-a92a-ec05abe1a36d');console.log('navigtor:', navigator.userAgent);console.log('cookie:', document.cookie);console.log('localStorage:', (localStorage.setItem('tt-global-state', ''), localStorage.setItem('', ''), JSON.stringify(localStorage)));console.log('—————-')
VM36:1 —————-
VM36:1 username:  dfda4699-6c61-4dd4-a92a-ec05abe1a36d
VM36:1 navigtor: Mozilla/5.0 (Windows NT 10.0; Win64; x64) AppleWebKit/537.36 (KHTML, like Gecko) Chrome/119.0.0.0 Safari/537.36
VM36:1 cookie: 
VM36:1 localStorage: {"dc3_auth_key":"\"58972135fbb9485e791a3fd53366852219aaa2b848e299e7acffdad6b07b038cf4216be947d25769622d2b67572d0a3d16df6af02a09a3b257a72a117e87f6d29ccab7f06b0fbe27227050dbd7f05586146fd76ab57e12d2ad6dc284a2df8e88b83a267b1241f185c56782c3acc42ae63063d719c42443738400b0c81813ed490aefb380cbe811185cfee74cc420c1644bc3ebd80f48d36abe6931166e25da8a052e3e1b380dc3f0fc6ba1cd9c9cde64fdc5ff8eb44e7bfcc68ff595a763ca5691f0fa5f057f2b68ca70478d16272c190bbfb2f070701e8fed9a64095259c61e73ce31a35ddb758fe719edfaaac8c11a893600c738c52889fa8ca249047bf128\"","k_build":"427","dc5_server_salt":"\"e94f8fb844f85a86\"","dc3_server_salt":"\"2e1cc626d382e8e5\"","user_auth":"{\"dcID\":2,\"date\":1701133164,\"id\":6542531779}","xt_instance":"{\"id\":54222511,\"idle\":true,\"time\":1701133178848}","dc":"2","dc4_auth_key":"\"16d796d0dd7fb08859f55fa353d4b2ca1bb2d4e00b7fdfb3d14bd90aa950c817cb1b5b5f58160caa9e84b159ca71395f4d49d8acabdb1c8b7cc81239672e8b43019f415ff9ad90c5272585993057a645b27784b22f5dfd9abd712bb443d79fbc88224d573f1cfc06906c23a04fa1f9a05e3be7dc2343d84f26952c19f8e8fce85ff8ebf6646a6a5450812e41edd6c487274b27fbffd507e074fa0dcd5abdf9867033574c74bffd49ab7e8d2e232547d3b8050c9af66d271501ac378967f949d57f415030d52d1962a8eb19214d1e05e976b02eef683195a2b3da2e0d6f73b4d024c028b1378e622d24800c7d9b513f0980b0382083535febcd79b08a2b67282c\"","":"","dc2_auth_key":"\"c2057ea6e4283313d1fa96d0607a709aaecd3a5db97c3ddc064adf4ee4c236b45feba3d4392863205cea0a50213ee9c0ef7f88f696e1359e2f7e798d477aa461fa2dd002be9568b73be8ef4474d36dc09d7c7eec84758c5f2535876122bc772b268c61eb3e85656fcfcc7a8b8ce7ef33a08e393d026274fe5349be0cba0d1ffca01da34abe7e25d173a4ffbc38bb5eaed9f4195c2cdd5fdfde32250d11d7c20d7628dad1208a6bce94377ab243cc2f177a2b2f82d9fe2731d4ad960c453e745ce87372a37fb94ab06e38c46836d1ea0e57453cc2bdb645e2aab4a786ee7228e056d56e826c239c24b25a8a435ba63493889e4352c4413e39d0f6785393643de6\"","dc4_server_salt":"\"2ea1018453da39cb\"","tgme_sync":"{\"canRedirect\":true,\"ts\":1701133165}","dc1_server_salt":"\"8c5c8a7d37a57ed6\"","dc2_server_salt":"\"bf43eec46283d18c\"","state_id":"950204183","auth_key_fingerprint":"\"c2057ea6\"","dc1_auth_key":"\"a5aa1bac5145f9bdd5c6d19551188f5a2ab7cc58d6e42ab13b4233fa7f5236ae4921316f006f85e7005d36f72855b1f813b41fe467d1f792ea2d45a3e8974088e295706efacd5dfc3bc7e36c7756cc623de8669d8ac12066d1c3e8f530bbe665d8d629db99a4b91b02ca564f5e162cf4fbd2e6e3bd6bcc21009791ac589b03cbc2ab41a611dec83fbaf3cb62206a7dac8f2e5ff89c2b533dd147f647721e2dfeed42ceaad4b9049af7bf96fcf25e74c0d3b6d22a5ab9ac6ffa349b71514ae774540e11a6d9cc72cf3335b0d29aba74812694df6d86b3dad04947f6e6d25aa3fc74f7492ed951a6c708e4fffca8315fb7cfb81c060d7e2b97fa0f2390feefbe69\"","dc5_auth_key":"\"63dd0591b26e6cc2ee039535dc50ac3beef98fd3026112abf4a41f7e48c15d8d49c8fb7b755a35e8d9f0fa951e0d1a1f632fdd7c2d2b7ac623107695209df660de31abda70593e0212d84976fc9282cf082ec52197e668ecc8c299cf28d8aa889d5feb072b69a4b7d96313b587149163d7ec266b18a4c5eaa63d16d326bb5c78365c2508662aee42f3a183e3f37b75e84008f58d6750fb2a8f33bb48c028d7c08aeee80ec0bc0b47609bde5d3f88e0184388b2e20707e8e5b123fa6a6f5a4e917ce50b269e52ea9c6ab1067bf7a25b2e6395af6e6e04dd55d8c055bb5a16402342c99964fb80faa868bbcb2419c09fefd0468a9441dadfa0553399e0fc4877b6\"","tt-global-state":""}
VM36:1 —————-
undefined
