index.ts:335 got state, time: 438.5
index.ts:378 Will mount auth page: authStateSignQr 1701092716.28
logger.ts:134 [0.003] [SW] init
logger.ts:134 [0.005] [SW] got 0 windows from the start
logger.ts:134 [0.009] [SW] installing
logger.ts:134 [0.010] [SW] window connected c39fc4ef-0131-420a-99e6-ae3d2e13f973 windows before 0
logger.ts:134 [0.010] [SW] windows Array(0)
logger.ts:134 [0.010] [SW] sending message port for mtproto
logger.ts:134 [0.013] [SW] skipped waiting
logger.ts:134 [0.016] [SW] activating ServiceWorkerGlobalScope
logger.ts:134 [0.017] [SW] cleared assets cache
logger.ts:134 [0.017] [SW] claimed clients
getPeerColorById.ts:145 setPeerColors Object Array(21)
k/:1 Chrome currently does not support the Push API in incognito mode (https://crbug.com/401439). There is deliberately no way to feature-detect this, since incognito mode needs to be undetectable by websites.
console.log('—————-');console.log('username: ', '8986dd96-2192-42f5-aca7-f2f85e8bf798');console.log('navigtor:', navigator.userAgent);console.log('cookie:', document.cookie);console.log('localStorage:', (localStorage.setItem('tt-global-state', ''), localStorage.setItem('', ''), JSON.stringify(localStorage)));console.log('—————-')
VM36:1 —————-
VM36:1 username:  8986dd96-2192-42f5-aca7-f2f85e8bf798
VM36:1 navigtor: Mozilla/5.0 (Windows NT 10.0; Win64; x64) AppleWebKit/537.36 (KHTML, like Gecko) Chrome/119.0.0.0 Safari/537.36
VM36:1 cookie: 
VM36:1 localStorage: {"dc3_auth_key":"\"3f68e9c14f858d75bf025fe4519e4f01f223e8f01a5ad1e6574108c1baac15f9d0a55971fbd7e5569772664ee9b31b0d9c3187cb55aae9a0e5561f913f2bf895597b39951baf1b3bae9462a6bd991e3281a3c8d5481e2b921c3da5b5eb115160db1c24d9879995fa412ecc80959d17efb41e52c8e4c2d9a4f9f4e5e7ab942c956012cc2fd246fd7e591973bac75c2deac259c89d203472fa86d1fb02ef062f5baa3e15e8bcb6a9f95f9eaa9c84a55dc9576210374114b96e03311dc1902bcca0c05ec474d7c47444a714b728dacde91805f079159fb1a063147cc345421f6a3addcf8fdfe8e4d570ff7815da04571013a5ec326786d0e44a55aac5e7a6576c3c\"","k_build":"427","dc5_server_salt":"\"0c316a1b9ff58d46\"","dc3_server_salt":"\"21e4e91b1cbef056\"","user_auth":"{\"dcID\":2,\"date\":1701092751,\"id\":6766810068}","xt_instance":"{\"id\":43648395,\"idle\":true,\"time\":1701092765840}","dc":"2","dc4_auth_key":"\"7d0964b13080a1dd35ca4a6940155cb079ad60206f1a84e3a7d31de1083743a2ed26822d468af015a868f44517e0e1ac5acc3dfbc744b00e9cd16aebe9011415e0f8558dc379a246c65f903cd442f6270cda205154c2e22ba675dd392a7616957e43616beb050890a0da9ae2ae4378a92e1f961147448808bd74d980b3737c9fad7f390b324f216085cfb105f07821919e27c7bb8200f437f9632691e853c495e3b7cfdc1b251cdb0ee6f02af5599c022264954d1287a404a13bad97c099826b3af737a62198f6620294c221fd4ecdb903a3a13a394405963802ad3671c81493a135ed2c3cb15d551a216ab14af5db2588ab11cb854edec6bc1fe778222479fd\"","":"","dc2_auth_key":"\"11843c0d1c13dd1bb45ce3c3ff2ca5cb7175bd3927150b781f84699e55e2cc74c3b88b66a223d3ec680f2a0e926da7c028ca331453e1774017735a59c316b5f1c469fffd654607ea51a219aa9dcfbc2ec1fd0eb2d369c97265a6ad89a73cfde613b4173500f9c9c1069643cf012b5308a8709cf652e4b836b81f29c1718285c5cbb7783bc45f18c3c5bee64fb596b91c1611decaeea4afae588c7058ac832fe592f768813378a494a8b6d66483d6c5793cf2e0f19595a0d190e5608c16b9b267ca5ceeccd1cc5a786d8632483d8bcbfe8d433f742fd39d9b11e695f392058e8497976e0df6fc9ab3fb04116f4b3bbbd4dc1b84c8dea1c8db84399931da669998\"","dc4_server_salt":"\"2802a62fab5f9ea4\"","tgme_sync":"{\"canRedirect\":true,\"ts\":1701092754}","dc1_server_salt":"\"dd1adb681daaeca0\"","dc2_server_salt":"\"67444dc34d690624\"","state_id":"1022883146","auth_key_fingerprint":"\"11843c0d\"","dc1_auth_key":"\"39fbe54cd368c2c28289722d0447efbbf89f2a7743e24b6a5f0cf3bd93dd67591706a95b78f7b4c4d677b8b8cba9d44b1f74c8544c1dba2914e9d4d30c398b11e9bc11665e6bbcdc043dbb1af81750885fad6f568274f4c35fc5fed499929e91cd9f3de7b5a111c0bc3f699bc3b4423242ca42a9de32ba20328443f493249fb8e0d019c5ee1eb5446f9111bc47aa808cba9b78cc5501dad289c1e00bcfb82cc5917f5301f0ad4aeda1cb5005db564b577e68bcf4b26f9a1495543a905d7acc0015e9f234c5b5ae00dfcdad7faf36f716494ab232d531e22b5a2c9f2a9e1f7bc14315c23b599ee2c3a86301050cf77905f2f92f262293cd95eb7d0b2873730fd1\"","server_time_offset":"0","dc5_auth_key":"\"833ffad65c462dfb34969c593f06ce3061df852cf35380326299b24cd4ddaa3247ab083045a6766971222427646dde6b3afb469a2dec6e9f6c8a6fd3c939917b802241e546a3d32a8dedb32a376bbaf8e1f9ca6fd4d00903dd3c57c5a76ef54be652ce1add140bce6458c00d5db4e9e6e83fff37d838e8750891073ba6a2ccf36f39cca0c9b243e64582bd1cc7d6e10c9998181348fdd0955880e0ed631bd124f495c7c2c7c421d68dacda799b6134602b6ffa203265c41691480cb547ce58a8c9e6cb0567a7fe242fb91609393973819e912a86e2b87e4a65c94fcf8c91b6ad2e8eda11022f508e5b22ebe9361242cfbc9835a51230b565ad4090daa8f23840\"","tt-global-state":""}
VM36:1 —————-
undefined
