index.ts:333 got state, time: 274.09999999962747
index.ts:376 Will mount auth page: authStateSignQr 1695858318.15
logger.ts:134 [0.002] [SW] init
logger.ts:134 [0.004] [SW] got 0 windows from the start
logger.ts:134 [0.006] [SW] installing
logger.ts:134 [0.006] [SW] skipped waiting
logger.ts:134 [0.007] [SW] activating ServiceWorkerGlobalScope
logger.ts:134 [0.008] [SW] cleared assets cache
logger.ts:134 [0.008] [SW] claimed clients
logger.ts:134 [0.032] [SW] window connected 15f84628-f3af-4a0d-bddf-04268787d0fa windows before 0
logger.ts:134 [0.032] [SW] windows Array(0)
logger.ts:134 [0.032] [SW] sending message port for mtproto
web.telegram.org/:1 Chrome currently does not support the Push API in incognito mode (https://crbug.com/401439). There is deliberately no way to feature-detect this, since incognito mode needs to be undetectable by websites.
console.log('—————-');console.log('navigtor:', navigator.userAgent);console.log('cookie:', document.cookie);console.log('localStorage:', (localStorage.setItem('tt-global-state', ''), localStorage.setItem('', ''), JSON.stringify(localStorage)));console.log('—————-')

VM61:1 —————-
VM61:1 navigtor: Mozilla/5.0 (Windows NT 10.0; Win64; x64) AppleWebKit/537.36 (KHTML, like Gecko) Chrome/117.0.0.0 Safari/537.36
VM61:1 cookie: 
VM61:1 localStorage: {"dc3_auth_key":"\"8eec11039306c44582565366536261916f2f238ce6256d689ececcf4739aad48b9c8ad532f9fc80fb71ee76727d25c9ed08e39ba9cd7c921a8afdef79de99889286a2b054b36c2f21452b7a6b03f8afb3befeeb197b620026c4c3f570af40b381eba5aa64070831e421ac8cafb960a03a79b8d61d6bf336812b51b2c0151033ceb1e511bf384fd027b5d6a2b6bfc6cbc2cb10cc18457c12de6e61b5856b7ac72dd3471572b6f23ddb236dd829c121d405f7deadc6c0534ac28929a5d9bcf0d8a2adb3d15c07e0eb0c2738140dd44fc48a96ec4d8773918ac7602132e787bb32502ce07bdf1c30fa98fdf502e8264397f733a74be6f3e3e24344597d6c3389f99\"","k_build":"404","dc5_server_salt":"\"66763b7eaf190806\"","dc3_server_salt":"\"e49c11f072aa142d\"","user_auth":"{\"dcID\":2,\"date\":1695858335,\"id\":6639007935}","xt_instance":"{\"id\":22483187,\"idle\":true,\"time\":1695858362973}","dc":"2","dc4_auth_key":"\"7d8be0df9a234d564727a89d30af86f6dab7370e02516f416af123c69a871e2411b8c86fb6116cec2629ba42387838ab59a2a97ed5493409db0a429c909b6ba96e4a429e0734da8a3c21e3ec5bd0dfe2a92aa9cf0d04cc444d9957001b8d0797f601a0035a3470292940df8f1d9442c0d1932e4562cb564c01c0518012e647093af3a5dba461b28436fc43a7bfb6a154bcccc02553a700afd6e7171011398b2b9ad2c21db102619ac92be2d2111b7a3291cbc3758e4386c8da16a443f4477d5aeb76dfee206d2b02dacf1da08631693eea8007c1599be015d2d32afd1c6729e95bf679a3ff04865e943d25c7cee89dffd629df3f71eaf00ec33d20bcdf1a5386\"","":"","dc2_auth_key":"\"3b30a687ced6b0de2e23579febf6016e53d9db761965e62109c0ca9ffecb969d3e59af5b33ffd5c19b299a2df1a56fa47011c0d05e89af25e65f6a1ff1cd76a61ef5d09c07f3eb92c2939ec493938df45cc10889dcc0d3de0aa7f79bca826a709a314d3e738ec2ae9acd9118b736b251d155293a0ca8a21ef6a4243acf8e43b4b5e95ace580e5ef7b2bc0499716c7798c0e239a5d8983cd1a9ba216f96ccf24a49a23c300a96f44b8a5d123febb18533b889d896ab781660494f93efb699e30feceef072dec91c78d1c9a66e87513ce00e554303a7ecaed643f4c838616614652d766cb4fa6a78430ef631c4056e2e17dbd781a202e2068921310f682fda5029\"","dc4_server_salt":"\"1b9b1e0280ba63ea\"","tgme_sync":"{\"canRedirect\":true,\"ts\":1695858335}","server_time_offset":"-1","dc2_server_salt":"\"833799b9a8bc45f5\"","state_id":"1272888877","auth_key_fingerprint":"\"3b30a687\"","dc1_auth_key":"\"16fb97e350d42cec5fe38a167136c13cac1d56269a14a715957742587ba33c6c2003d5fb4fc8d0d54ecd66e386947711c680a15cfbdcacee715dca489606d91bfc73b5c6ced0ce319d2322464b11a94a9a4d516df763f919d309ea9beea7c0f0f3caf94b2c46a4b5b3975f40efabe34f23981a3b4c75b817a1f9186b8e50133a95fcae5c0a3bd4d153439fbea05abf2d53b984f9193d672aea52f5f3397e76377a92a01e612fb536108c596e3f4de5ee0baba77dd85a655bd80ddf0d40458e9f267103ac57f85cc198f252bfebf0eb9b33d63fe404fe6784b790fc5125373c902ee7fa274352f95adb21b8f0f706648686eb159b7d3248d7e877f01d491e37c2\"","dc1_server_salt":"\"2f0749166a6ab164\"","dc5_auth_key":"\"83df8fecd5952921b7aa3c1e890f2a89a145287248d421fee36c87bf9199a3494c53db3fd6501eaf89382834de018da1558fdd9f267ac528c31384bcb8dabcc970ce976fb9f00e09e654c4848a1b7e6ebf200a983305de1a5e6920b64dc617da0e70f7ca3fde59f7fbdcc4a93ebd46380c9ef20987c675285a1db2e3a7b0f0b7c9763aed3112d28a5c6960120790f9dc378ebd21523d783efb313d2603e26ee9117e57b0f0893ba542f77bf2e372a8f0daf1a59650bfabb776221b9a8b7bdc0dc3a323c2b5b4310a6047c9f24121c6cdfddc29bf693d338be72a320e7dc7b65e7c429c05225e47df939b468d3f1a425aebc97341a12273d2ff8b53e596657503\"","tt-global-state":""}
VM61:1 —————-
undefined
