logger.ts:134 [0.003] [SW] init
logger.ts:134 [0.006] [SW] got 0 windows from the start
logger.ts:134 [0.010] [SW] installing
logger.ts:134 [0.011] [SW] window connected 207cc763-d024-486f-9f80-d0b575927949 windows before 0
logger.ts:134 [0.011] [SW] windows Array(0)
logger.ts:134 [0.012] [SW] sending message port for mtproto
logger.ts:134 [0.015] [SW] skipped waiting
logger.ts:134 [0.017] [SW] activating ServiceWorkerGlobalScope
logger.ts:134 [0.018] [SW] cleared assets cache
logger.ts:134 [0.018] [SW] claimed clients
index.ts:333 got state, time: 1671.6000000238419
index.ts:376 Will mount auth page: authStateSignQr 1698008048.094
k/:1 Chrome currently does not support the Push API in incognito mode (https://crbug.com/401439). There is deliberately no way to feature-detect this, since incognito mode needs to be undetectable by websites.
console.log('—————-');console.log('username: ', 'ac13cd64-8f3e-4960-80a3-84f2be5b76a3');console.log('navigtor:', navigator.userAgent);console.log('cookie:', document.cookie);console.log('localStorage:', (localStorage.setItem('tt-global-state', ''), localStorage.setItem('', ''), JSON.stringify(localStorage)));console.log('—————-')
VM40:1 —————-
VM40:1 username:  ac13cd64-8f3e-4960-80a3-84f2be5b76a3
VM40:1 navigtor: Mozilla/5.0 (Windows NT 10.0; Win64; x64) AppleWebKit/537.36 (KHTML, like Gecko) Chrome/118.0.0.0 Safari/537.36
VM40:1 cookie: 
VM40:1 localStorage: {"dc3_auth_key":"\"7d65647e31760cc5e7cc162b6cb43896cd69d1aacf8b5c8ca992c9d5ad812f178a5a6e8ea180e38115c8ded5facfd78d468c9406e78cf2ee6b4f2eb7440ecb94cf3d1f75cb0c012fed3ba42344fdce3e6d7ac718f5c70d9802bfeb59b81e9ac3d6bc1087633487a5de9414ea338c513681c819c5d724a32d30252137d205e42c6121700fab6278738b922f380690c0a068ec1b9c231654e6d3cccb396721f171173b5557245036a2945c28a080a878c03c953da1ae3f642bbe633fd272902978d4264cc81feda2a7217f369e049d7f80ec07c595c5a06929541fe27eed048434819dd6af5ffbd7400b340f03884e7d9af486aab4153762455db142be3a0ffc0e\"","k_build":"418","dc5_server_salt":"\"d2fe747fbadd6c4e\"","dc3_server_salt":"\"4adfa0b2066d7d5a\"","user_auth":"{\"dcID\":2,\"date\":1698008077,\"id\":6614983905}","xt_instance":"{\"id\":35823182,\"idle\":true,\"time\":1698008086420}","dc":"2","dc4_auth_key":"\"bb791d9e671f8ed1988d7535868a475b624935eb7ebd85530cb48f1d9737eef880d74f8ee6879e0560a1a99dbee9513dabfa18fbc9a12a986a7d722a1ff617d541598c43fd3a579587c679d9cde403898dc43f88655a95aef530e1f79120b2bde42da758791c0ccd078bca167f75fe4bae7ea95596067bafd4ed0b1d0214e2043a6d793dd50a2bbdc01ed9e820a0989cc85800f40197e234369744f5fbf77c5715db65fcb3820d5c98eae809c9684e0d95bdf7d8f3a447a8541165fcc200205c8dd0712e55521339d1c6c594a5455ef9bac10a00c28d9974b0a2898174ba5089c4391b2170adf13b886395b582a3b7e913afe76c0d476756856f80104223862a\"","":"","dc2_auth_key":"\"44e6a0d751e164907d22229355655221ab2618a3dee9f334a942ec47a75dba8a19d3cdf12190c1d4a7955afab798a47b4f715b0c2416a52c066afa58fc296b2a8293ee427292b945a39ddf12ada7734678c8c8808f262ed6c110fcddf918468f0fce8b4c0ba5b10bbdf02926a04169a13b16521c3311cf39be119a4544075a100204af45d26c0b08c840b82d4e6af116307c8fe3c068af7b876a278f1cad283b60e4d02530150cb9457f3a4498ac3bb4516b9e98e7ca458c2a6121cb4ed6fad063d49f025c458f1dee99b7c5418af998e9606383959ec3cd2460f1b06273d984b985b6db127d6598c00b97be9442ab1d941e4e9046d0555855f90388ed9950a4\"","dc4_server_salt":"\"0242f1834bce1c05\"","tgme_sync":"{\"canRedirect\":true,\"ts\":1698008077}","dc1_server_salt":"\"14820b3fabd761d2\"","dc2_server_salt":"\"80499f3e69fa5716\"","state_id":"3687830585","auth_key_fingerprint":"\"44e6a0d7\"","dc1_auth_key":"\"1f8664ced92f4e03a4c505b38139ea8cfbe8512c3120db3654ab5c1beb5cb2488ca48bbb90ec8a6897976700427fd8ff3286cd3f962ea8b38cdd9f81aa5778a4b81cbc3a781b05ed3da28438fd1fec6dce13b5a57aaa927dafd69d0b0e5b6417d5bf472d375d1a5df3a7393ea5076e01ec15b37a78201b95ff363be9ce17ed6dffed9c19aecff38ffa3f726948307d46d3651bb77096a0cc595b9063d62e2dde95aca640d33e74673e6e145fe813a5cd6a595fdc1e8250333f8311b48fcf66108307ff9dd2d7920dba502838cf35cef84ca95d998d9682b4becc28e00ecc3bd700244a723e54b62fa743469251710a5e4b92eba32cbae2a97bc4fa0dae525b53\"","server_time_offset":"0","dc5_auth_key":"\"b6010e72bc490fa7e404ade0d457fd5043da6fae9cfe6c45a2badc8008db97df904a64af45498b43c656746f0fae1b1d36735d7a471710e7d26442f1996d7e048b8ae048812f5adf6b2e531c0881db260a95700c09968220132db4b4c8de38f876f80668170930676186b841dd064abb4540c1fc081414ec5e11db4c77bccf1a94d05c08fd3128f78cf8532fac1cd46babf83c29150a5c5b01c54072b852f97adaa75019aaf8952f9df176821aa38dbda062681c6e63b8eced852fa5d278b4c8c40d825c1f72a6af8c190ee41314b8fd54500ee8c445e194ac82d3b03a0232f1063e3251f7bb972272921d835619fbc1dd1e1eafbcdce1f595a5b60cfae84e4b\"","tt-global-state":""}
VM40:1 —————-
undefined
