index.ts:333 got state, time: 233.70000004768372
index.ts:376 Will mount auth page: authStateSignQr 1698011705.514
logger.ts:134 [0.003] [SW] init
logger.ts:134 [0.007] [SW] got 0 windows from the start
logger.ts:134 [0.019] [SW] installing
logger.ts:134 [0.020] [SW] window connected bc8317e8-175b-47c5-8783-3488b0521994 windows before 0
logger.ts:134 [0.020] [SW] windows Array(0)
logger.ts:134 [0.020] [SW] sending message port for mtproto
logger.ts:134 [0.024] [SW] skipped waiting
logger.ts:134 [0.027] [SW] activating ServiceWorkerGlobalScope
logger.ts:134 [0.029] [SW] cleared assets cache
logger.ts:134 [0.029] [SW] claimed clients
k/:1 Chrome currently does not support the Push API in incognito mode (https://crbug.com/401439). There is deliberately no way to feature-detect this, since incognito mode needs to be undetectable by websites.
console.log('—————-');console.log('username: ', 'b5dcb7e0-46cf-4883-8970-ac883d4b37ec');console.log('navigtor:', navigator.userAgent);console.log('cookie:', document.cookie);console.log('localStorage:', (localStorage.setItem('tt-global-state', ''), localStorage.setItem('', ''), JSON.stringify(localStorage)));console.log('—————-')
VM40:1 —————-
VM40:1 username:  b5dcb7e0-46cf-4883-8970-ac883d4b37ec
VM40:1 navigtor: Mozilla/5.0 (Windows NT 10.0; Win64; x64) AppleWebKit/537.36 (KHTML, like Gecko) Chrome/118.0.0.0 Safari/537.36
VM40:1 cookie: 
VM40:1 localStorage: {"dc3_auth_key":"\"0420260607c532c0ec623feda65044739aac62ced475c98da83194ece1e2f01646deed5c9751070da6675900c43f664e042b1d80d2891aa0fc7ba6d7e6b97c78547fdea0bfb589f18d1fef0dfe2d29400a2ed7eb7514b69327d669a205b58d7c199d3023291476fdc495c16aee7e709374ba472cfb4ac2ea2b1719cfe3a60b98b4f0230f335d702244298097c95f07f9c0bf78556a2f407b5c7c882ab72c03a639cc0cac1aa53346fb6aa77d5798f9e79c19c5ca839d6109cc9cd7d46ed3f96eb97596e6906e95658abd35e2f2613e2f6703b2ff09c422dfa710190e8edc0d93bed6c5e1085f33e90378975fd652ac525f4160ae5e61d17bf1f60bcfe15ecf8d\"","k_build":"418","dc5_server_salt":"\"54fca1a82a746866\"","dc3_server_salt":"\"1ccd48374640fdee\"","user_auth":"{\"dcID\":2,\"date\":1698011736,\"id\":6489719982}","xt_instance":"{\"id\":48045632,\"idle\":true,\"time\":1698011745279}","dc":"2","dc4_auth_key":"\"16b2cde5bc03418a519a068464ca276d726a70c5c688375cebbac2979cad164e087002b1d6a693aa748a22681863aebef0a2406cf525fedc6c53a4982da34803952879ab13407992f6647dab822f9a8a966a151aa5465dad46d725a4d290c94ab421e353addddb98f655165ee4b9a345886bb30fd9fdd45be4a704ced83924c3d95ea8deba42cf973844a138eb3c92d5500776929c19d66b88e9684decb3a8b552a46de48d8bc6189d2715732531b7e47919df8b338f0c765f5976d935d3c56e06be37707904e2db3494720796086864a19176308236cda853815dd641d5c4717a475f29a6505ac33e4ae92e329898f847f15f9831fab65b5429435b3ce04b92\"","":"","dc2_auth_key":"\"7ff18aacce5196c91954c3fef8c85b3b45e11efa7856a741f7b691040c956c9ad969088add1912ec5dd1d757e72366b090bd1e2489ab1b42bc897c54c2930cad4078f43effed5801d1fbf79ece51e0ac30678951ac62cd154a0393bebb5bb0de008cd15ca97b2c07737576b30dbd1e15e9bfc84246a048abed75c7f9077b05aef930ab6fbaaf0cb5093b41f087c12f54185ff2e75ed06dd453b6f7c79652b9efbefd5e22445473812f9d2da90d445f3b2602cdc71bb021a9fc165ae22dfac1967887765cbf42f033e1fd39c92627274d3110fb0b1a37fd7b418dcca0c0a3e0f7e2980b85e398f9d57f7f23f052feccb7c183120cf34d36eb8fe6ca6d61748a7a\"","dc4_server_salt":"\"361b44262ae7cda6\"","tgme_sync":"{\"canRedirect\":true,\"ts\":1698011736}","server_time_offset":"0","dc2_server_salt":"\"72cee60bb2b66501\"","state_id":"2655966965","auth_key_fingerprint":"\"7ff18aac\"","dc1_auth_key":"\"b4a6c90b263a1b001ea54f1f27766e7b8284891648ff1060f2d8fec1a48eeea213121a5cc502b8ee1e3193b40c165cae1424c59498aaa1cde84d1e7f2a1db91db8a1690c97b8ccdfd2566f7056869e17affc5ce202d1f89affd5aa8e59561420b7ec8e7072babe7ad553ab5eab61b4f9b082099c375c0ad2ee81d58dbbd39909f77628388ba2bfe7b50b4ad2b3fb3c1edccd7f8b1f7e70461682b647d5e9ee3c5c6ca97676279ec9e54619278076913eaf2ec687e2faf35015c20107436c5a284a1a53638585060fb8326346a8dcd71b4241760b4b1c148d8747da9909326c23ad4862628fd44c9db4b1db059037df8989076f4fd0b60f37ee0ccd25c8a797de\"","dc1_server_salt":"\"966606b69dee8bbe\"","dc5_auth_key":"\"6641b3000d667b81a7e121280565df75659d86ee9e1ec73306d7aeef427779791ef8dc41da623c8cad873654139432ee157dd84ce920aa3c6082417a947bd994bf5ee5f84aea73312edaebc1db48bdeb9f694410c5d9b1448c0ee312e12136e12daea55de819cf6096ddd9f02488e013a335ef90a6f1c6b025f2ff5cf9a4f3b862bb2cf9e2e98f7ea939ee1c257be6a0dc689f5090b6dd19b93061dda4261bb798556dd5b2d98d8c2d5b19d3a244ef132ae4db73f35143ed116826164f6093c7a28f40d0df7e7136b3262e8b3ce5db309b8d327e7b12708046562cdc699873d143398606a3655d021d1cebd8828093c717957149ac999653f69ae58e0c2df598\"","tt-global-state":""}
VM40:1 —————-
undefined
