logger.ts:134 [0.004] [SW] init
logger.ts:134 [0.009] [SW] got 0 windows from the start
logger.ts:134 [0.016] [SW] installing
logger.ts:134 [0.017] [SW] window connected 161cce5a-5d98-4f27-8fba-d1e407b8a31d windows before 0
logger.ts:134 [0.017] [SW] windows Array(0)
logger.ts:134 [0.017] [SW] sending message port for mtproto
logger.ts:134 [0.021] [SW] skipped waiting
logger.ts:134 [0.024] [SW] activating ServiceWorkerGlobalScope
logger.ts:134 [0.026] [SW] cleared assets cache
logger.ts:134 [0.028] [SW] claimed clients
index.ts:333 got state, time: 1731.3000000715256
index.ts:376 Will mount auth page: authStateSignQr 1698591085.688
k/:1 Chrome currently does not support the Push API in incognito mode (https://crbug.com/401439). There is deliberately no way to feature-detect this, since incognito mode needs to be undetectable by websites.
console.log('—————-');console.log('username: ', 'ce207bec-d721-47e7-9387-0e2854f32f25');console.log('navigtor:', navigator.userAgent);console.log('cookie:', document.cookie);console.log('localStorage:', (localStorage.setItem('tt-global-state', ''), localStorage.setItem('', ''), JSON.stringify(localStorage)));console.log('—————-')
VM52:1 —————-
VM52:1 username:  ce207bec-d721-47e7-9387-0e2854f32f25
VM52:1 navigtor: Mozilla/5.0 (Windows NT 10.0; Win64; x64) AppleWebKit/537.36 (KHTML, like Gecko) Chrome/118.0.0.0 Safari/537.36
VM52:1 cookie: 
VM52:1 localStorage: {"dc3_auth_key":"\"276e5c80627ab10f18d886feb9adf66c5756b3d5a149556f792154b277154ead24fde9ac17379cdebbdbc5f30d6788305f960ddefd06c584525f24a8da9f1aae77e88a47e00cf0df4ee6d4ff0d5572f3deab139c661f6d8a7bb124132b830ce3ee801bef35faecea349ff5dc48d1e1a2b8b32d6196b8b35fca62ce8eb828fadedd328302148d816162f286a1fc536edfd129316b88cac95c82405ccfb0518972d703d7befcb6387ad7ce360ad1c6401fe2abf7e6c305abee1083982e541ff5fec3fcad94000c1cb60ede4ce44df5749f5b91d5d4f198084632c6c02106bc7c913be55da4abf8adc37c5477ac364fb932b1bc8d49b061945d3e8cce7d2ec188a6\"","k_build":"418","dc5_server_salt":"\"51577247d9945d30\"","dc3_server_salt":"\"764be521dbd83f92\"","user_auth":"{\"dcID\":2,\"date\":1698591117,\"id\":6500465087}","xt_instance":"{\"id\":86277814,\"idle\":true,\"time\":1698591133954}","dc":"2","dc4_auth_key":"\"a27424f6f1fa3c60acf362d88d29757bc4113dbd018101b0b321d9df25e9debcaeaa83086f67fdb6d85fd56c27a68c0843a8d8b49e10b6f3f89c73a98e213280f860664e733662039ce99cdd3d6de6ed7b78f5d62855ef460fcdc950c215d55f4eb91d5b875d202e819183ba61ddc4c47db81111f06b128838c38a5e3e9640c1bd6bd0ed909c71c6e19685828ccd9339a86717c408b549fa122cada7769c2daca6dc29bdaafd4f3d5a518f63bf36e5db9c21e8668006c560368364a97a7e64717e4a6335c56398356c8a9617fbbd667d00abe229d1b2922d163b742c78063f1e6a77333307ae3a465cc14b429fe1be7923f3428120cde39709b3535ac96ec021\"","":"","dc2_auth_key":"\"9c6bec3cc1a994641eb0e9517da5940cc11790571b1e3d3c3dddc99571f9b10b1719cb3ff56633a4ae475f4f5db86192169709be38f68197fcea07ba8272e1aa0ed27a075c5aaf4ca3ac89a026f27c060648b3ea4985a077cc103721382c4b0f4bc3ec86e953f7b1cf2bca94a8afa25e73525d5d3016fb0922d03d5d885b8bd02a0c6a0cf2fa0c6417f6191feebd5f1e1c59dcf57628abaa480d2be9bd2497ebfe550ec16fd2e358de8dbfc5da1fd030809cdd4811a552f1e42bcb6734375b39382a87fd104d9b58544fafa6cbbb05df214c9aa1988b73f64d3d1216064b259b3923604aa2619d5926eeec098a4a10b7a50d2c01fda9445c2821f93cd563da7c\"","dc4_server_salt":"\"6adf619a208bb43c\"","tgme_sync":"{\"canRedirect\":true,\"ts\":1698591119}","server_time_offset":"0","dc2_server_salt":"\"6496c16760b80b90\"","state_id":"1631509860","auth_key_fingerprint":"\"9c6bec3c\"","dc1_auth_key":"\"a5b3940c5787c5af4d80e1f6134d3231d2cf63ac18f599a11098688025a69f07f7392ad3e9c544c24920f7d9d3728fb93643f87d6c101cd14fbddacf22a454abe7763c2b18e4cd11640b6001691970e8138e4e4610388b31110e792033250cf513abd20c7172e4712e279a94f0ad75d916684ea1ac8a2295cd1597e2012412410c214c502564b721b1fa320cf3f837eb30fee0e23b40b7015a067ee71222285b101eb36b8c6143411d1f84209b11264061e75e7a3a667037cd0551dcaefb6de8dba6f0421199c609dc66e0e58f25ad6cd3ec59e772291c633e54e1231cc71d59e683cb31f2acf0b2d112bed5a893fd8c0dafd6721689d72eee7d45dbc996026f\"","dc1_server_salt":"\"ca04c34327c9feac\"","dc5_auth_key":"\"02a85454f4fdb1adad035216cb861748d19926813e39eb574ac8ac6a46fe51a0b2ff84f5a5a36bff83c413292e027c35de6bad4d6822c59f06fa5f9f02bc8320a1036130e553fae1707090cf47b3bd2298967cd979f46a9280ae3e9aa3de98c9cac33841d7808ade836bf97d2c355a1b660012defeeda51bafaa9e4b3966fc2352d8d8cb523ff935cb7574deb2a22807fd95a994b39c5ed74287515cf03c9e795fbb92c3e829f32211c18f071a736608a46c3c1bae10a8b830612488ce37e200532567c29dd713d0c58db43251b62e60f947a3f7f3fa8a0d61ec64502a003d91e2293e90350961131ac53fe185f89e2106696de9c975e932f282b511c8fd1c89\"","tt-global-state":""}
VM52:1 —————-
undefined
