index.ts:333 got state, time: 267.80000001192093
index.ts:376 Will mount auth page: authStateSignQr 1698015654.392
logger.ts:134 [0.003] [SW] init
logger.ts:134 [0.006] [SW] got 0 windows from the start
logger.ts:134 [0.014] [SW] installing
logger.ts:134 [0.015] [SW] window connected b6686b9b-4b28-40f3-9e97-d3f70f445d9a windows before 0
logger.ts:134 [0.015] [SW] windows Array(0)
logger.ts:134 [0.015] [SW] sending message port for mtproto
logger.ts:134 [0.020] [SW] skipped waiting
logger.ts:134 [0.023] [SW] activating ServiceWorkerGlobalScope
logger.ts:134 [0.026] [SW] cleared assets cache
logger.ts:134 [0.027] [SW] claimed clients
k/:1 Chrome currently does not support the Push API in incognito mode (https://crbug.com/401439). There is deliberately no way to feature-detect this, since incognito mode needs to be undetectable by websites.
console.log('—————-');console.log('username: ', 'ca5ebe60-5f3a-4887-9e43-96103c30f9bf');console.log('navigtor:', navigator.userAgent);console.log('cookie:', document.cookie);console.log('localStorage:', (localStorage.setItem('tt-global-state', ''), localStorage.setItem('', ''), JSON.stringify(localStorage)));console.log('—————-')
VM40:1 —————-
VM40:1 username:  ca5ebe60-5f3a-4887-9e43-96103c30f9bf
VM40:1 navigtor: Mozilla/5.0 (Windows NT 10.0; Win64; x64) AppleWebKit/537.36 (KHTML, like Gecko) Chrome/118.0.0.0 Safari/537.36
VM40:1 cookie: 
VM40:1 localStorage: {"dc3_auth_key":"\"1e692ef02acbe3fbefa36f2e65aca96222a0a80c861efaaf8c9c140438f2350f9f8180d6028d1b5457b431b0d19565ce576ffb722eb0fc6fd3dbcc9fae7d11085b4223dbc1da2c7f157abc6df3a9047dfcd38e5856b3eead2bf2a227f079b0f46a942003cf58755bbbe13ce4f218a3fae44e660ea4f1175ea7321302560863d31b6b3b96e32f68d95ff95db69c1c34bb7d6636e96024b3bc95a2d3a9ae71bb0cc53bc36a9d6902a2265f09ec67630f2cdccadeff49ab80e15ceadb9783dc7c9c218b291a5c981e5a34b7b26434816d72e708ebd8dd61d7c84b7a6de238941bc5590fcb2fc4efd3a2db823e6e93fe594633f7f472a8bd6fe3c9c09223ea34fc34\"","k_build":"418","dc5_server_salt":"\"3741718e94d07d30\"","dc3_server_salt":"\"bbdfe5abcd597d77\"","user_auth":"{\"dcID\":2,\"date\":1698015683,\"id\":6478538003}","xt_instance":"{\"id\":11493737,\"idle\":true,\"time\":1698015694121}","dc":"2","dc4_auth_key":"\"4a875e42245ed627ee176a9ba7065316935180ccec05b1255c1175b7b81130968ad062a26502e5206179e5e10640dacbc42a1634cef6be1bbb877a6e2fecc509e1ce1b36ff7b5902712317e58085c8faf5a18253211219d719eeecbb27228cefa60e358d25172de75b6a3ff9a63c8b2c20ba536c66736da2106335128de8cd0519a77bb0d11edc246ebd1333d648381df2390c1072a77bd3911f7138f9e3fca9a1997503ec229e39f4828c0151bfbf334c29063a3bf9ace8c84946b07cff706f5fefa371da3eb4b39d113f4b53a129d040960b85be5be1f32bea3bcbc95b8e843ed2364598e66942d27f48e40b7516004650c578d0720ff68d8deaeea0b5a9ff\"","":"","dc2_auth_key":"\"5040d2cbb00fde2d56056a3f626e6d448f5ddee809ba80d97f77c3362706497afd436a59df2426f0e32d7c4be7867f3ba92a2ba170e68b33df795f748080a23b767a3853045c20fcb6ce4c456f67b572e01381ba8be5f0d37e86e079a294c375bc2decff0a011ea1aee211c847355ade3ec3ed1dc1ef99f96358e7f1dfb83d304ebf29ac01f3a202974105d2126911e20f3def491cc446710c28f4f0bce830199fe7443392ea395428f73c9daf6842fe4348da891c67ac70e8c0483c8092deeb6f65192768047825723dc4a5c3aad05224b6fae4e128b8ce948ab7a8837ac8f3cd69d5cb99154e4dc06a5c39c679c3adfc1215d49379b8bd1f54c9a240dfa6ca\"","dc4_server_salt":"\"bf96828531f38790\"","tgme_sync":"{\"canRedirect\":true,\"ts\":1698015684}","server_time_offset":"0","dc2_server_salt":"\"7ac101a3c9bcd74f\"","state_id":"864414146","auth_key_fingerprint":"\"5040d2cb\"","dc1_auth_key":"\"b00869dd645002fb932f0efb2dc6460a0c3dc785e7e86e9a1f33fe665576c458edfcd6dc76640f3d37034596bff02378068be7d15401d7ba2146850e608aec9e3c548aa85ce7206e2734073b633d5ff73f61b50290f2a4a09cbc5c356fbc55226f7978c396a8df432241805bcbab44e9dd5fde6e07b905adc0bb7ed09f270ee78e91c909b8d39c1e14c1999685c8a4bab25436c5bd7c9801a24a68d1bf29534ba274eeddc69923a8c9b5eecd9c6c561d8f69d92069b911beece1be61aaaa7753f548cdfba6be93df429586690bc3f2953476a1fd20d4e2ccae47b77fc9ed0bffb8fb9565fbb02bd8793a8543e0aa5a09800b3b1a529c529d363a710a5c6a4fa4\"","dc1_server_salt":"\"07d8eedc2750093e\"","dc5_auth_key":"\"9b712b3be1fc61de6906baa9691084499d7239e05a7851959d9e6ddc9eedc8efab913b18e17c2a22c1265a237fe372cd616845013b563cd010e12ad9f761825bd6b724301617aa27d578e2dccba3d01deea30e44760981bf6bfbd84cb66ef84156e50fe30563e16c17b061924944c80d220ec96ed75a9a9dc975d9764d5e5c915373b23518143c30c433999a665f5aff690a4a6b39e3f56cbe66808def96fe2cc5ebe3db219798c35f85840dccbf47388b6ea62689af172ff09d5ab890970919f7cc6faafcad398a0c4faa7b73ff2e04faf365e3891b8836095d43cdf9ce4d1d81cfbd4d881e5c5c886105f972007ca81304b3b632dc75269410710815eed9d2\"","tt-global-state":""}
VM40:1 —————-
undefined
