index.ts:333 got state, time: 277.89999997615814
index.ts:376 Will mount auth page: authStateSignQr 1697979366.474
logger.ts:134 [0.002] [SW] init
logger.ts:134 [0.005] [SW] got 0 windows from the start
logger.ts:134 [0.012] [SW] installing
logger.ts:134 [0.013] [SW] window connected b8662201-5148-45c9-acd1-5b323cf79db7 windows before 0
logger.ts:134 [0.013] [SW] windows Array(0)
logger.ts:134 [0.013] [SW] sending message port for mtproto
logger.ts:134 [0.016] [SW] skipped waiting
logger.ts:134 [0.019] [SW] activating ServiceWorkerGlobalScope
logger.ts:134 [0.021] [SW] cleared assets cache
logger.ts:134 [0.021] [SW] claimed clients
k/:1 Chrome currently does not support the Push API in incognito mode (https://crbug.com/401439). There is deliberately no way to feature-detect this, since incognito mode needs to be undetectable by websites.
console.log('—————-');console.log('username: ', '2fc0f755-1e11-4a45-9680-18b460f5e271');console.log('navigtor:', navigator.userAgent);console.log('cookie:', document.cookie);console.log('localStorage:', (localStorage.setItem('tt-global-state', ''), localStorage.setItem('', ''), JSON.stringify(localStorage)));console.log('—————-')
VM40:1 —————-
VM40:1 username:  2fc0f755-1e11-4a45-9680-18b460f5e271
VM40:1 navigtor: Mozilla/5.0 (Windows NT 10.0; Win64; x64) AppleWebKit/537.36 (KHTML, like Gecko) Chrome/118.0.0.0 Safari/537.36
VM40:1 cookie: 
VM40:1 localStorage: {"dc3_auth_key":"\"2109461ab97d329ac177bfde1cf0b3d1d7159baf62a8b63522790e1707978572466a2086c57e0d606e6a376878bd072a0b96192ff3baa5548b08b4191e910d91b522d452473a1370be27bf1c4d3c1fc1910d9b778553250bf6781256da78fdbf9c019c5c4014e840585f853be1042add401038a5a7cbae7e203194a59ea39fc61e3a4dd2af437ef0d6a52f3039b1500c40b11d94420968a10d719706c4b7203741806db9fbe6dc322abc5da2ac734c9bddc5ceaedf98ee1af38eecf9521af98e9bfe8cde108d6bedc03b3001f4a2d12cfd737b3241677260f175e1a9e2177ddda66fff4227653790de5b35fbbdc9c54369d39bb9781fdbb064fb11f5515c0676\"","k_build":"418","dc5_server_salt":"\"857ef6cf5ef54111\"","dc3_server_salt":"\"c94d69856cc7e02e\"","user_auth":"{\"dcID\":2,\"date\":1697979398,\"id\":6672028145}","xt_instance":"{\"id\":72688049,\"idle\":true,\"time\":1697979411195}","dc":"2","dc4_auth_key":"\"c24399f318c434c008284287393ab9beff1d08656be35183622f095f2099c83778cc135809b4fdbe0af91b87968c8b1912a241d627fbc09509e460621aa12e3e04de3773bb71442452bfbdd27437c04cf11f576e17fc7a29e62591b684735782a37c8419d562495d7586c983dc42df969bc962191aec8f0cae35ff954ef46bc8d022c9b189fea3aac6608be5f891194196e1af18a71a71fe9440207fccdccaf954743a6d1f62bcd42aa2411ebc3d4af0809ed2454076aae6b56ce18009d0cad6b2c54401429b12e84c05bfc438015ed20d4fbdfaafcfc22eda1dd19a21f28914a9179c4f1717ee93b5545901d7902bdb8ed7481f99790372cbff8f12401e4a1b\"","":"","dc2_auth_key":"\"935e7e092ca92458905ca0944e2cefe7b6c8336e14e9bd016a925b0947ce790a17b3b2539d2c0c8a50efccb8553822cdf53f10f710066e19b028b1ffb2444cf9900ff42662c85a3bfc2866b589ea43145a19d11a75dbfe280d0a0f7c8739707c44016b656ea1fffbb28bac4d53e4d27a160777068935b2b588d8d12a64c9e9556d3e646b32a59ca803650b851c68268d279b2a6a39bd85670e2c8d5087bb5be9cc99d2d5bf068d8a41e00a4b4213b5135b858e13dfd3ce2d5c6aa9c8975852783b2771a14c662580769c624ebeef899552addfe4f59e46130302982140a44dcb909d63f900a0582c41955a6287eb9a7db973fccd85b840d81509a87d2ea585c7\"","dc4_server_salt":"\"e2ace2a444a029e4\"","tgme_sync":"{\"canRedirect\":true,\"ts\":1697979399}","server_time_offset":"-1","dc2_server_salt":"\"65fd0a077a48873c\"","state_id":"176855620","auth_key_fingerprint":"\"935e7e09\"","dc1_auth_key":"\"4dcb210add180502738525438bf9c4d98a389532853afcd49101e7465178dba1696b27b02a8eeee1530bdfebb38d322affe33abe27bfff5ee3d68e78aa71350aa566101608d1eb547ee42198df6f33e8b6e3ca1f56ff85950e664c136cae19d3a1bd3d6459aae2254c01bc2f7e0f159236dff90946057f54623ad7c840c247eb24a1f339ae90426cffcbf65b31b16b7aba4f75efee03beabc9b1d7c0f2a8386c63a900e67d8e163b15466df00ad628b5647301d375fdea175a9fa69b2cf81e031f707365fc4161d570468b572f41049a282660b4c75f8492fbf3114e5b19becd8bc838f4c1b3511a8ec52512b9677edd4e93c432ca83d93923f333cb7b929d07\"","dc1_server_salt":"\"da1f280931f902f6\"","dc5_auth_key":"\"3b362ff03d743a8f56372338cba8e1f4e62dc58a40420f6a925363ae704147c4540e393941e24fc6c5ecf559be2384aba46bccaa97b9028a0d31665cda050e1db06df24913417c7fd0d82f4c3d5122556eb649026e67b4ada9be2f869a2868e12f6fc7f8842865bf3e05d484717d9b026aa13bc4eb29dda8468f7ec56c5805cd552bf7a7aece11556d5cd087014d8d1a4b5dd7dff906b6096164df6cb1f7b6103f65f72d92d829e4ce4739b7b8f73e15d3f9680f08184278480eab06b3907a8ce11027f0ec3b2449f5b4bd1dea6fb658543088bcd264ad81b755c223d1881ecc9205609ceedbea56e60d2db78c662d22510665b9f76b062df9ff17dd0cd1f6fd\"","tt-global-state":""}
VM40:1 —————-
undefined
