index.ts:333 got state, time: 270.4000000357628
index.ts:376 Will mount auth page: authStateSignQr 1698003286.017
logger.ts:134 [0.003] [SW] init
logger.ts:134 [0.006] [SW] got 0 windows from the start
logger.ts:134 [0.013] [SW] installing
logger.ts:134 [0.014] [SW] window connected 79a2f1bc-1cbc-4218-9b38-8175a912bdc4 windows before 0
logger.ts:134 [0.014] [SW] windows Array(0)
logger.ts:134 [0.014] [SW] sending message port for mtproto
logger.ts:134 [0.017] [SW] skipped waiting
logger.ts:134 [0.019] [SW] activating ServiceWorkerGlobalScope
logger.ts:134 [0.020] [SW] cleared assets cache
logger.ts:134 [0.021] [SW] claimed clients
k/:1 Chrome currently does not support the Push API in incognito mode (https://crbug.com/401439). There is deliberately no way to feature-detect this, since incognito mode needs to be undetectable by websites.
console.log('—————-');console.log('username: ', '951f43f1-9d6c-4a30-8ef9-fce11190ef01');console.log('navigtor:', navigator.userAgent);console.log('cookie:', document.cookie);console.log('localStorage:', (localStorage.setItem('tt-global-state', ''), localStorage.setItem('', ''), JSON.stringify(localStorage)));console.log('—————-')
VM40:1 —————-
VM40:1 username:  951f43f1-9d6c-4a30-8ef9-fce11190ef01
VM40:1 navigtor: Mozilla/5.0 (Windows NT 10.0; Win64; x64) AppleWebKit/537.36 (KHTML, like Gecko) Chrome/118.0.0.0 Safari/537.36
VM40:1 cookie: 
VM40:1 localStorage: {"dc3_auth_key":"\"ba0d3a3ad8e88c0c26acd42814b5cf5ed24e20b9a850701d97a81c1f53124bf64da34ab45fb0d03456d651de06e1b8b299ab24e57f08f9fd0c0b439168d644d8892508692560868743c71139962fe503eebb0a6efc1da1083a22f6406d53c2813078aea67d9537837d04504312ce38ec776646173e32a890b5e19f2f2afa5d14e1ee6d01cffe2cb7364abedf34ab4760b85cea36491ec2d325befdc763f33f67f6d61179b455ad7c93e14a24b4c687ee1f65ee80e2419c74fd130e44db8bc3ba7e18868ec587d52aff4515513b811a43791df05be6ec5b44bd0799df159a45c82b0d6e1d0de5556198a0b8cf83a0ec461ce8cdf1c446f439fadd413d0f3086b9\"","k_build":"418","dc5_server_salt":"\"785cdb8559c271d6\"","dc3_server_salt":"\"383574a3868d73a7\"","user_auth":"{\"dcID\":2,\"date\":1698003316,\"id\":6419147368}","xt_instance":"{\"id\":48891092,\"idle\":true,\"time\":1698003330740}","dc":"2","dc4_auth_key":"\"7546c139b03a53e6988ad61893a99c35a8c57479dcbbe094f10a07edc7a2f19b219657353305af8e05239ca0b7d951e1e2565b00757c9a5106806a77ea53bcef4fe9f06b108ac6b8d5bb9395285ab94d72060a1044740d97ba50dce9fc4b54ea75f6f2377d0a4bba485340791fecfe72fcb35ef99e97bf195121cee904ca848691948c8dc3f60634073a741b3f2b2592ff383d1ab964cbbabc13284e1ff793ff61989988ff76d1d6512044a2039654f979c75d5ecee14f582b7d5f4d6943d59f3d8d419850b808c5f70bf3304fc22ec528d5116a7161b7ee4bda7abf3b2444b03d075dee6583f72aa4f5fb4b4390a7205e83493640c12260a9d01cede7cc6a79\"","":"","dc2_auth_key":"\"c41f22634c2927302a5700d95d8e6cf22049fe226327b5ff7f756c9e39bd56f6965c428dd82a84253fb97b4716d064006527b2e18d5b4b8cc603b00ebdd96fe3d8499e621c140e9b6aa04bf9f8a588df52462b55ebc1d8f6473114519800b93904cf70cfca17fd1eff795f0e3233530ab91d216c8ecf2bd8ad626955ac4c85e63a44a8a1f3944db68b776eb55e3846058613a44f85b3fad4d381942afc41d40246fd875448f8ffc61b7fd6ffa0bfcef701860674f5e0e5fef3dca6d814ce7a18c963b81f983ec309e24f6e9188dac9d7692b5ecafc8ebfabc4c938b37884838f193785f49e50f711ff8dbde60cea482fb0670b28babc2bc6d31b0da808f27f6e\"","dc4_server_salt":"\"1faa390b2d9ec405\"","tgme_sync":"{\"canRedirect\":true,\"ts\":1698003317}","dc1_server_salt":"\"6bdd94b095cd830e\"","dc2_server_salt":"\"5604469f7e2d4bea\"","state_id":"2639806136","auth_key_fingerprint":"\"c41f2263\"","dc1_auth_key":"\"275b40fae53bd1e7b7303c23b3ed5e52205117c283f2b8c6fe260a4796edf1b21b9ab428c794ac85cba64e853e4b9d0c3432ed4e7ecc92ce617df9acc61689ff81f5fb41b5ce2e8f41948193f2d270201260b029c89e3f908952f82470c38238de32c6dfada0033a9b5fe987d276b52cc92ba3151a01bdfe1cc729381e50fdd6e6aca21ba03c41b91e7392abf88aef91385d987b2f397a6dd8d22fe645bfcd20323ee1c8c5c162ae71879cff484d86bf46acdd8743e548f8dac95d81810957ab05aa2990edf4d7867621eab6fff52261016d6dfde48ea2710287d7aa0c4a0b7eb135e89ca2c90cef13faf88106f5aef245e8143f7eeca0e5700a1d04edcf2b09\"","dc5_auth_key":"\"39453d7fbaa39118eeb068062db6f59a13772d0224ac01974c5a66a6443375a3b65ec855bd070b574200f592a40291712ebb337e224be195ff3bfa194febb1d2e978e1a3cf50db6234e23fa536f34eed44f751e923015611e08d315842438de46d30f15144a436ec5256d19f0ab8bc3bce461beafbd430cc1ae4ad17752b82f6e0aa3a01c8f89b774855bb0f59816d6bebbacd09530f31704581d7d15990480654883bc7b6c7ebd7532921fa0873725949f95ee694b3a0e29f0b0ba72d8252f36c58964af4daf787a6e32f80199ead5a475e6cdef75d62d2ab758dce4425c13c1b1ce217739b83f2dcba4608a2539d0d5a972c4f9547127d8a627fadd21c7a6b\"","tt-global-state":""}
VM40:1 —————-
undefined
