index.ts:335 got state, time: 532.7000000476837
index.ts:378 Will mount auth page: authStateSignQr 1701088511.747
logger.ts:134 [0.003] [SW] init
logger.ts:134 [0.006] [SW] got 0 windows from the start
logger.ts:134 [0.020] [SW] installing
logger.ts:134 [0.021] [SW] window connected f729904f-ab19-4a80-a6f6-b01ec6d354f1 windows before 0
logger.ts:134 [0.021] [SW] windows Array(0)
logger.ts:134 [0.022] [SW] sending message port for mtproto
logger.ts:134 [0.025] [SW] skipped waiting
logger.ts:134 [0.027] [SW] activating ServiceWorkerGlobalScope
logger.ts:134 [0.029] [SW] cleared assets cache
logger.ts:134 [0.029] [SW] claimed clients
appDialogsManager-bd87ba7a.js:sourcemap:6 setPeerColors Object Array(21)
k/:1 Chrome currently does not support the Push API in incognito mode (https://crbug.com/401439). There is deliberately no way to feature-detect this, since incognito mode needs to be undetectable by websites.
console.log('—————-');console.log('username: ', '7d6598cf-31b3-4ba5-920c-e79d3f621d22');console.log('navigtor:', navigator.userAgent);console.log('cookie:', document.cookie);console.log('localStorage:', (localStorage.setItem('tt-global-state', ''), localStorage.setItem('', ''), JSON.stringify(localStorage)));console.log('—————-')
VM36:1 —————-
VM36:1 username:  7d6598cf-31b3-4ba5-920c-e79d3f621d22
VM36:1 navigtor: Mozilla/5.0 (Windows NT 10.0; Win64; x64) AppleWebKit/537.36 (KHTML, like Gecko) Chrome/119.0.0.0 Safari/537.36
VM36:1 cookie: 
VM36:1 localStorage: {"dc3_auth_key":"\"bfee2c825df8bb4650047df705ad826033426b5de770692642c7a9eff1b764ffc523c033ad9840dd176dec0ce96955f5d393fed8009a9f968006ba821c2430081359816c979637e46b4c62fb2ea366049200db05f1458639f403b02b41e1db71371e0ec5d3160b547b92e401bc456c4366bc0530954cc8f25ea40c11124f4d317cb279ceb45a93f9ef8bfd9dded6367e83c4f78435280aa5f28d6defd4cf583e3ef67f59491b8ee1311cf5a47498c9f994265cbfaf626456935329ff9d41d4b5ad78c1d072eeb7f6305105e5c74fb452355c99c4491767ff8e661fa2a9b6b1f37ca253013af81299bac778edf5bf2d4b4b1859c745a091a03281db3400d43d23\"","k_build":"427","dc5_server_salt":"\"2387e6ec27e5b5ad\"","dc3_server_salt":"\"4a7b0783513e2ca4\"","user_auth":"{\"dcID\":2,\"date\":1701088545,\"id\":6950064417}","xt_instance":"{\"id\":9599739,\"idle\":true,\"time\":1701088561212}","dc":"2","dc4_auth_key":"\"4d2b46fbd504414219eacf73e2cfd6b2a53b4917057f6ff0255b180e08507a382a4a8b94618a6c1ef334533daa9dcd04c714acb8cbf9d82134911ee70bc00b41e3dba65227d9adcc0dbf2e64d7e90c2b0b4f62a1f8716bc9483795c777d71c0ab263df2a20bd0c4ef2408494b4e73aec01c01326fd1ec837c814942a6b8ab25089ab8f2d7f809337d45e7f651a6cc9a3eddfc8001ebc37e45d53c57ac9df5f474136480afe36b2783f5adbe00cc9065a777997f8284293d610e433aa2479212a6b2ae79661b70381fcfc5a2e3292d214aa78d9644330249becd4e487b805ab6251ead47fc47456c7a7e054d068bf2c037e4f92f6fdbc2a9d52d812afbcf2142d\"","":"","dc2_auth_key":"\"09beb72f7c752be845840e8148c76b6863d5cd77399ba6405b33c2389424a5c59765cb08ea2ec2ef4a4464bcdfe8c36c814a9fea21400923f4cf24a238db86663f09a213735cb09c403bc5add7bd73cb593856d2e9799d0ce99b722ead1d911424f78a64fd1ba760f09b81b4edfe8ac76088c7167af963c6ff9c7df767bbfa5e9e4884a8b7bfc35a7d9ce06c161b60c182c24b71082b99b0f0b689f39622f23eb02fadf7cb775f466f28272e3b446c2e671efde2a1739bcffaca545044392af42662fe2c3133857a876259f5a074e2e40407c64e6d97cbc3bd8fe2fc45d1c15d971a8e82e122709e814e9e09de23dde909b30611fee71437927476cb6fd759b0\"","dc4_server_salt":"\"cd90bb75400ba474\"","tgme_sync":"{\"canRedirect\":true,\"ts\":1701088546}","server_time_offset":"0","dc2_server_salt":"\"4a306275fc153166\"","state_id":"2187625086","auth_key_fingerprint":"\"09beb72f\"","dc1_auth_key":"\"812a6554b0f4b34410fb429ae0661562b69228d60661f73d46c18ed7523a6789253541abfb413bb4461dbe979c6a2084cac66c0a562046502298bd05a2444cf32a335e9f8f72cfbc705e32a201578f2c3fd75022a427dd236656dac7a48c318312ef6ccc115cacb8b634568618f64a3e78cfb3ed195e7a814634d0a6249f4d6712a1079f4e7bd77d67870d4b2b36802ff04b4ae85388ff5157383c47501de506317c480542ba30a5d3d8f534500c6c74c2ef8c973cd237789e067311cf793f1623b25c460f1d6a6522c5151172aedcfa6a3b7d5a4b015fb29002f24b3bd18cd4f9a9f7aaf6e4474d530077861fb4a5638ac37c032a71576bddbe4a5d8205f0bb\"","dc1_server_salt":"\"e096b80c62d52f1d\"","dc5_auth_key":"\"8049d165820af85e7df9c463cf86492c4a1b2dae384f2ed6d4506e836bd61aef6bb92e8d65052ccc46b21c6fed8d3f575f6fe727aa6e5da26e9d0980857843863d314b39798e481bfd53e8982f658777794e1e8e7e99c610c118e049293bf29cb9e83b82ff01ab26428c6b6e5ad38f66050896a56eed1427c3363856109b13b2a3497a2311d1df571f4e81f236a91156a98b23fc4020c910bb15551f31600d558a0524fcb3c6349fb24b4040ae9f277ebb32d938c06130718fbe3d2169f6b010db0124b647cb294afa7b7b19ff58d021db55449831fc25465f1b2d8fec8dd079b1bc8eba91e95289444f33d8e7b47468ad5ce5c3967051d1af66a6bce8d1c649\"","tt-global-state":""}
VM36:1 —————-
undefined
