index.ts:333 got state, time: 266.5999999642372
index.ts:376 Will mount auth page: authStateSignQr 1698015304.224
logger.ts:134 [0.002] [SW] init
logger.ts:134 [0.005] [SW] got 0 windows from the start
logger.ts:134 [0.012] [SW] installing
logger.ts:134 [0.013] [SW] window connected 921fdc50-c5a3-453e-b505-45afe6b6adfd windows before 0
logger.ts:134 [0.013] [SW] windows Array(0)
logger.ts:134 [0.013] [SW] sending message port for mtproto
logger.ts:134 [0.017] [SW] skipped waiting
logger.ts:134 [0.019] [SW] activating ServiceWorkerGlobalScope
logger.ts:134 [0.021] [SW] cleared assets cache
logger.ts:134 [0.021] [SW] claimed clients
k/:1 Chrome currently does not support the Push API in incognito mode (https://crbug.com/401439). There is deliberately no way to feature-detect this, since incognito mode needs to be undetectable by websites.
console.log('—————-');console.log('username: ', 'c9b7a745-a40a-4d23-820e-175f4e91ce92');console.log('navigtor:', navigator.userAgent);console.log('cookie:', document.cookie);console.log('localStorage:', (localStorage.setItem('tt-global-state', ''), localStorage.setItem('', ''), JSON.stringify(localStorage)));console.log('—————-')
VM40:1 —————-
VM40:1 username:  c9b7a745-a40a-4d23-820e-175f4e91ce92
VM40:1 navigtor: Mozilla/5.0 (Windows NT 10.0; Win64; x64) AppleWebKit/537.36 (KHTML, like Gecko) Chrome/118.0.0.0 Safari/537.36
VM40:1 cookie: 
VM40:1 localStorage: {"dc3_auth_key":"\"bff8a76b899dcc428e642f51077fce52f426921271f904f76e422f51e8e031993af7d1c0bb9b32ff724c616cf4b547b9de17984be91b864aeb4ac3e8b9eabc9d1aa2cf127029a4cca726c140ec073473f5c69669232c4467c2b8aed15c0ccca41b86b4b99d0b36e18273606d31159f15e9e340cfedef8616f8e2f3206a1a4e735ec3aa80a4f1dd32d3f935c5d1699e8f0d220f89d8c1e5aaaa9e6d994d5c533d8c9ebe9ef0910218388d2fa6aabda9baabbd2f6df124cab3993c4402f6074b1b3cfd8470fea050d806fe270cc6ef43619858e3433c3fff90942deef341a18a23aefb7f3ad27e5fdf722cf1674ba31b0b3657922436dde87e31d84a2989afd97e\"","k_build":"418","dc5_server_salt":"\"0388e0dcb507b871\"","dc3_server_salt":"\"689de9ade79e2d87\"","user_auth":"{\"dcID\":2,\"date\":1698015335,\"id\":6551206393}","xt_instance":"{\"id\":4688939,\"idle\":true,\"time\":1698015348955}","dc":"2","dc4_auth_key":"\"bc5404b055e87461582972d720100d702a66c4a57d70a6e50c82944291ae1274de997edc6ac6c9387cfdbb672b05a697b57ce45a6a33c773d16a1ebb2015183724ed8306efe526315217765ba426d0e70a126f1040b01b9b5c0f29cc4a61e72fd8ee4c7afb9da7ad6a9bd184538044792eae3e353640ba00b15e861b0d3c990ab1c4ab03894445ec88d8d9b0f2b2dfd6deda7c7da9fa2eb6caec981e4167ee7a6c682a99efc4ccdbbc7f049e6ac0113476048c5d894a47a1f151f2dea232f59044ebf4d474c1a08e2c23dfd9f2e2ff13453dbe62babc1485d73be129f492038c4db26081b9f7c7ee7a0758b2d7c42dce5968a4f96331f11f5aa58eb3eb50d58a\"","":"","dc2_auth_key":"\"2866124d66de186d1b21376bf3d50d3d09a74ad1a37d73e5994a4291388ccd1c52086119d3e6f703c66fc8d059068ad7ddba168f103a87e573981292fd28d9adbcfec702d6e6ed6f5dbf4eaea334f2ee549c835ad778cc31d46f505554bd3a1e2738feb568cd769586aa42bad298d01e6354d1e1a9a724a9ddcebf020354c00e7afff62ac9b63be3ce99ab31c6ecfd979f200619eb1cd9b253add0ba77718ddf2764457abc6c7c25d410989cf741d5b610d99d261336b30a7155b786abe85261fec1c1b303fb751f271d47b83856302240134fed70d7db0791bcd0086b4e4de42cfd742598c758e3ae2c07ab4fb36411f14386291da066c982f254dc0efae3d0\"","dc4_server_salt":"\"c10cc8311ea9859e\"","tgme_sync":"{\"canRedirect\":true,\"ts\":1698015336}","server_time_offset":"0","dc2_server_salt":"\"81e1451e52793d69\"","state_id":"736913611","auth_key_fingerprint":"\"2866124d\"","dc1_auth_key":"\"40451d5447fc6da43dacefe3cd05e38c79e5ff808426b75ad79134818ffcfaef9816fc0022cf0ca38113c42e1f148e140a4c8ed63b76bebe1aba377408819368283271747795a2a2b925f39ed72f37fd0354df283c1d8943978f3db228335a8a347250fd473b214eb56b8e749e298aedac6ccafaa6af1cf84db6e72ac545ca8c09bf6eeb6f138880ac111634ccc96a6ba10ed736f118fbc5848fa427bd6cf65379369347583068a8800696df6af08735f24343147b1216811e8a6d2a79653383ee1907e52f7bc3aeacf0b63510df5ad8564adc223116a40d0c35a02f0dc4f8cc0837114d2156a50712ca38a921ff56f39cba823d2455d1b3d1e8a9bb4a88f32f\"","dc1_server_salt":"\"39cc343b963fec7d\"","dc5_auth_key":"\"820e7b4de33644efb4e338b637bc7113da7d96f8d54e6adc020a7e29414ef1fa8bbad0787397cca664a4e3457983bb595e848d7eba9563a866378f1403426caa757f56cace15fe6a4c5cfe4b47381fd601828b0d523c61638192ed2bea6f44c0469dabe7104e264b00ae6045dc5c1b559d1a69b1e7229bd37c4732c0599a7b03e4d8187953885464ceb8f22cdadc77449616162c0cb6cd18e9ffcf4471f783a8fc1a288686a9de6796d2acee61fbc875f73e419f8afb1a93f21988a4e247312a4417ed682daed5d45771e02f381365e091377b637fdfdb6cdc13c7b4389439e7dba83e7c2c6bceed564cd877c4e498f073a29b0deaebb0111bacd57a92463137\"","tt-global-state":""}
VM40:1 —————-
undefined
