index.ts:333 got state, time: 246.10000002384186
index.ts:376 Will mount auth page: authStateSignQr 1698457739.096
logger.ts:134 [0.004] [SW] init
logger.ts:134 [0.007] [SW] got 0 windows from the start
logger.ts:134 [0.011] [SW] installing
logger.ts:134 [0.011] [SW] window connected e48a8310-0a96-48fd-a844-e086f73373ce windows before 0
logger.ts:134 [0.011] [SW] windows Array(0)
logger.ts:134 [0.012] [SW] sending message port for mtproto
logger.ts:134 [0.015] [SW] skipped waiting
logger.ts:134 [0.017] [SW] activating ServiceWorkerGlobalScope
logger.ts:134 [0.018] [SW] cleared assets cache
logger.ts:134 [0.018] [SW] claimed clients
k/:1 Chrome currently does not support the Push API in incognito mode (https://crbug.com/401439). There is deliberately no way to feature-detect this, since incognito mode needs to be undetectable by websites.
console.log('—————-');console.log('username: ', 'e845e064-1756-49ff-8615-bff19159f175');console.log('navigtor:', navigator.userAgent);console.log('cookie:', document.cookie);console.log('localStorage:', (localStorage.setItem('tt-global-state', ''), localStorage.setItem('', ''), JSON.stringify(localStorage)));console.log('—————-')
VM60:1 —————-
VM60:1 username:  e845e064-1756-49ff-8615-bff19159f175
VM60:1 navigtor: Mozilla/5.0 (Windows NT 10.0; Win64; x64) AppleWebKit/537.36 (KHTML, like Gecko) Chrome/118.0.0.0 Safari/537.36
VM60:1 cookie: 
VM60:1 localStorage: {"dc3_auth_key":"\"a96fc5d7b217823816f45efb8cb9069e2ff4a74e83cc2197d6738a1f136d2993b2dd7e09ff9694ecd24a6bfdafc4d790918606c01fddeea1e2789b6bdb36b0cbe8a7998fe9c8684e5bc9739377119554d5241d146aa50729abccdfeb28127f57d2c51b4cc88a40e53d1571a9e87ecb94d9177c4513e1d8629c3c54b340072bad9c96c3bc3a26b5c77dd440cca8b01f181f2835b6a1196734f39c8d595ffb39c7ad8a4fa73f28f8251f075eb12f0445187fb8572bfd565778e0a94f1efb5c9867a775053f24301db208a6e70f124867012fd0b493038327bae5863976fe4deaa5ecc495554c90f275e977264b1e2c629cf6207885521e928e17410ca0dddd8b39\"","k_build":"418","dc5_server_salt":"\"54a719ea48503cea\"","dc3_server_salt":"\"9347293e11874509\"","user_auth":"{\"dcID\":2,\"date\":1698457768,\"id\":6871750636}","xt_instance":"{\"id\":75374915,\"idle\":true,\"time\":1698457783846}","dc":"2","dc4_auth_key":"\"4b16de323ffa8f58d4dbebfb75269819b1fbd4e71de233c6691d6f1c0bd7c5f14a36ebcec38504d769f10f0aadc385d4531a4d9af392d69b4f89ad9fa5e8b23cfea3ccbf737194a0ad52f53daabe37538d779676ff93e76fa0b24f1b75eb04eff44f245df43f02fba6bc65ed3082575b3fd378751b2fb09769a62686046993d34dbb83411ba202bd513785e7a48dce5f7554b37c649619c1cf3596a41a93ce0ca7572046138610bdefd80377c77df81bb6bfdd809517fe7bcc3952bf333b5dbb317a2f34c21719cb14b147a809778d0f8262dcd9a9b2030137b07258c358f4b93e631c15ffa0e90152e6d421657bb2d45049f38d8071f778b8132029ae721bad\"","":"","dc2_auth_key":"\"b1bc62e4034901ed3ddb62f38b9e4e6e65214132f4ab074771a353b5ca7976b55a87c8ae5513d67c878edc86467bb9ee74830094b3cea0a669ef3dd9abb75e7a28768204659fd3a89dd089b981772b13bc6f8216da99318c34549f9e82312dc065d6ebf687a5ccb1b76c339897f0e11e9c1dd43f0cace8fa7792719ebf00dc9f39104aea83fdb46da9c73b28da1d01859c7d00477e113c6e96dfe3203770fbbbe330393726984ef68a33e0be063fc8bfd89e4af1639b0546bb9d96a1fdc043cc50461955c6d6ee27451b77811b19693f1d9fe583cfd9b173b3052a8de6997d2a30d546e6d396c7fe90d02755e11aecd5ad286ef70c393c391fe2d55f769da3b3\"","dc4_server_salt":"\"e6979a983a8b9646\"","tgme_sync":"{\"canRedirect\":true,\"ts\":1698457768}","server_time_offset":"0","dc2_server_salt":"\"3967947a472331fb\"","state_id":"2648947980","auth_key_fingerprint":"\"b1bc62e4\"","dc1_auth_key":"\"051baa1b0c5fd414e958ec4ff7fa02caf7b547b1fd7a2743fdc2610c2a9ae43754253a72b521659491d4dd476d8d865656b6ad1ab8bc1a2afdc52e2c63007bb76cc3382844a5563e870a9c66072b468c8abf8ce2c87789f0ad1729f90e558a8a371f644f88699a72307ae6f07265af2da07ca0d64d8cb51c223b4936b923659b7c3b7306287611d3ef71abba2de8315a5083eeab193b01d134cbd6900549cf50b26e2a63b753e833592e319c8d690672552b85b16882ff307098ffbb3a0842e7a72e4ea767ca9baff05d9d361eb2c3eade8e3d7e3956cf4a6a861069ac95cc1743be2052f9a005445029bcd38b0859259aa0c98ebde4851d78a306bad3a42eec\"","dc1_server_salt":"\"b3884ac1d27e3d45\"","dc5_auth_key":"\"49f8ddeb4484b742a671d4f5a7aecabd221177e3a122d17967a668c5642062f484280aad4c7e766041f6ec914a7cf11c27cf0b3b26f67d30d4b4fe83cd8ac1064f043db0b294e8fb56c120a0b8a719ecee06e82aaecdbb5019b3ae59b2f91046c78f50c0b384600a7add427ec7fcafcb2e7fd7f1f7e515924b6d8faa46aadd28b59733b996c02b2c09a098276a04878f39294a263a783ab5545e27fdaa6f8c27196e8c0079490f5d239e37514e3dcf55619cd143fb6dbbfc2bdcc69401f2eb3890985c19d2b60d8b0a33439bf5005c0894c09c1af001cdc564b986e10667f81036293efdb36a265e4cfb56322546911feb8d1c2c2b66fc30e1150f81c4e864cd\"","tt-global-state":""}
VM60:1 —————-
undefined
