index.ts:333 got state, time: 293.5
index.ts:376 Will mount auth page: authStateSignQr 1698454173.971
logger.ts:134 [0.003] [SW] init
logger.ts:134 [0.006] [SW] got 0 windows from the start
logger.ts:134 [0.022] [SW] installing
logger.ts:134 [0.024] [SW] window connected b699f67c-0a47-4be0-b234-957cbb2796da windows before 0
logger.ts:134 [0.024] [SW] windows Array(0)
logger.ts:134 [0.024] [SW] sending message port for mtproto
logger.ts:134 [0.027] [SW] skipped waiting
logger.ts:134 [0.096] [SW] activating ServiceWorkerGlobalScope
logger.ts:134 [0.098] [SW] cleared assets cache
logger.ts:134 [0.098] [SW] claimed clients
k/:1 Chrome currently does not support the Push API in incognito mode (https://crbug.com/401439). There is deliberately no way to feature-detect this, since incognito mode needs to be undetectable by websites.
console.log('—————-');console.log('username: ', 'cd672ab1-302d-4665-8c06-e03011de28fd');console.log('navigtor:', navigator.userAgent);console.log('cookie:', document.cookie);console.log('localStorage:', (localStorage.setItem('tt-global-state', ''), localStorage.setItem('', ''), JSON.stringify(localStorage)));console.log('—————-')
VM40:1 —————-
VM40:1 username:  cd672ab1-302d-4665-8c06-e03011de28fd
VM40:1 navigtor: Mozilla/5.0 (Windows NT 10.0; Win64; x64) AppleWebKit/537.36 (KHTML, like Gecko) Chrome/118.0.0.0 Safari/537.36
VM40:1 cookie: 
VM40:1 localStorage: {"dc3_auth_key":"\"162d48c822fd5acfbbb02066f1c4222bc8ee4ef5cfa267afffe81e6398799752b7fbc8e530cc410348423e5443b771c43d9ee6ce5dae4c0469690990e49e2234fc7ad825b8e0ff5f46efbbc92319c3ba024bc023782eea4b8bc98e7ddf931086a6bcc0b1a97f0cb3630ba5c06a69e88669b5ab488f04cdc46a171a077f5804fb646b993775571727fd332f32bfce75388a5bc4821ab6bac268347dfccdab05ad76188fe0846a68fe75b53fd66d176ffa54b2fd06ed62a402b2f0c177c47962f9f653ee42a6011b743794a1846d3cd89eac8e7b2e87ac41897e82386d1053f35c5ca2fd48065629587b287a6658cd826b02bb71a6bcd3ba9c4a9add3d88a2750c\"","k_build":"418","dc5_server_salt":"\"4e385e9b5948757a\"","dc3_server_salt":"\"ba475fa4a38c77e5\"","user_auth":"{\"dcID\":2,\"date\":1698454203,\"id\":6412700467}","xt_instance":"{\"id\":8332386,\"idle\":true,\"time\":1698454218671}","dc":"2","dc4_auth_key":"\"5170937de9a55f4e3426ec23fa586ddf97248f1eba04987db6dbee033447ee185e1a2bb0c6aaeb25f49162f0103e73c2c5a289a2394d19569547d0d1d63746ed731e5cf6db100608ff4c54a8ebb5ae625ddbee2c84c74a218c6c7344656a8daa98ad239d136883b229280e8d9a10fc4cb87ffc1a8cb18e4a54154b9404ecfe418a5b05bde2aca08690fbfaf48dfa644fa5aff2e28c33400541c22211c5e1866c4fa8910470c844c014f3740dc2a191eb11f4b821d0e8cc3a4ba5c1c2037f36b9db1cd833c0bf062926a3888f37d30f875949b8ab47d116169e882af18213301466c6d7b38f3f5f21c26d4c131850c44b47b8a659dea81b3d85808811a09f2c7a\"","":"","dc2_auth_key":"\"44e236598ec1276c003596ad3a7c053a2ce4e342aab885ca24f907bca3f4704f3bb81a2d29b3ec51231e38a605bdd25445fd7794c3cadf1585c6be9e153687158f5e92b5524f7b287da3dc8a1fbd250743970f17ba959953404a2df8ed3a55615b10251a8093e498742b75b1213f0b2c3a9e3a36d9387eadf50ef6be3c5734d98f76629bf27a0351459d5da600c3eca2b424012ea2f1e4d8072603070820e428b86eef34d229a9044bc4e770134bd1780c959acafa22b97b57fba4de317cb06fe1250b70574fbe04a834ddef740802a247ae17bc7966b704f474052d355f411075cafe1cd8ebb68c7127a6318d438b212194d24b2dbaa9c474293a44e7abfc70\"","dc4_server_salt":"\"1478d67a27b5fb93\"","tgme_sync":"{\"canRedirect\":true,\"ts\":1698454203}","dc1_server_salt":"\"8eeb6ab3a5392241\"","dc2_server_salt":"\"4132d1b2dfc9bbb5\"","state_id":"2462051114","auth_key_fingerprint":"\"44e23659\"","dc1_auth_key":"\"0cdcb29061e728877bac96019f16dbdf8d4f3f1c091e8db7a9e3fedc4437e605c8b7770c1a173541fda3438081e4d54fef848d90a4c38f31b5731c5507b90b40d4fa63f47300e2f55cb504fe0d3d60648008afc31d888b0fa26c9b391b6473661030c119038b6540ba5526433370f1dcd144b022f56a960c8d29225063cc618dd8992c87a2a9e3bcd0ba72ff9c044459007f444ea366f8b2321c305eeff5394ad3e9beeb14c4c62cd246c49800fc45b034e3c5533c9f48061fd6610ca4eb331f69e29d1b984e57f32f3f1b659bde142eebe49484b4f5c9add640281bce91cf9c1f815ce6b415cfb32e8841835a4a41f48f95029d0b5ae39593ddfa584116cba9\"","dc5_auth_key":"\"5034e3e11e398b0b8aae5c19997cd3d916171b13766bc648d8670ca9fb748db1024b2a65d4af93cd27fd4c57b14e6b5683619013e293603982543865fdf9e415e8001320716ae913699f55f59b2555533f5d0fdfc0ef4770bd62bf445e949f969203fb1012aa9608b60280e6eb26c00e2c21cec2d3495ef68eebeddcf05cd415854ee0a8611c5eda508da0a9ebf67714143b1467fc2653f12346d64b798407658a561aa06730178ab84f6275ed0d78a8b8ac80fedec64f8eaf3f4da949d8f892946a1723e6f6b6b7c8a50a3bba7395e8b4f22ec6323b9806ae7b1fdd38b211fd6a32b54c42fdda571cf73b4d66a4314a98e27d576085147d9071de42027b96db\"","tt-global-state":""}
VM40:1 —————-
undefined
