index.ts:335 got state, time: 1798.8999999761581
index.ts:378 Will mount auth page: authStateSignQr 1700089832.116
logger.ts:134 [0.002] [SW] init
logger.ts:134 [0.005] [SW] got 0 windows from the start
logger.ts:134 [0.015] [SW] installing
logger.ts:134 [0.022] [SW] window connected f3cd3543-b06f-486d-b576-3b31920c8ad3 windows before 0
logger.ts:134 [0.022] [SW] windows Array(0)
logger.ts:134 [0.023] [SW] sending message port for mtproto
logger.ts:134 [0.025] [SW] skipped waiting
logger.ts:134 [0.032] [SW] activating ServiceWorkerGlobalScope
logger.ts:134 [0.033] [SW] cleared assets cache
logger.ts:134 [0.039] [SW] claimed clients
appDialogsManager-bd87ba7a.js:sourcemap:6 setPeerColors Object Array(21)
k/:1 Chrome currently does not support the Push API in incognito mode (https://crbug.com/401439). There is deliberately no way to feature-detect this, since incognito mode needs to be undetectable by websites.
console.log('—————-');console.log('username: ', '6282129269727');console.log('navigtor:', navigator.userAgent);console.log('cookie:', document.cookie);console.log('localStorage:', (localStorage.setItem('tt-global-state', ''), localStorage.setItem('', ''), JSON.stringify(localStorage)));console.log('—————-')
VM36:1 —————-
VM36:1 username:  6282129269727
VM36:1 navigtor: Mozilla/5.0 (Windows NT 10.0; Win64; x64) AppleWebKit/537.36 (KHTML, like Gecko) Chrome/119.0.0.0 Safari/537.36
VM36:1 cookie: 
VM36:1 localStorage: {"dc3_auth_key":"\"66d589a75c5cd3f3251c3460bb2a9e3e223618f222d27526beae4b0d3dda03e66ae9c3a20152b508114b83ff7a903fd35fd5fe8e6809f3eff7c4ec6a96b8eefe287cdfcaf3185d721b94be01309a0b35b9448271c94ba25478c2c80c3145055dabfa7ac737d644e44bdcc28e90cc0ad6b21b474ec08c79409946f89026319b2231000a86bc99f6d45e2610dd91e6f8c951757305d53772acdbbb3049a245677e2958ccd593ae0e913a6bfaf3b228b67e20c393c39e6b8202cbbc9d02cc3410fb133ac2a4fef16331297b1664370dda7ec0b75edb9f6549eeb304733e8bc28f0b65b1ab4f7ca128b3432b4f0b72aca494772ff7869e94858415137bf5db0b7553\"","k_build":"427","dc5_server_salt":"\"f8a28c703835ee79\"","dc3_server_salt":"\"6d7f169a02069b11\"","user_auth":"{\"dcID\":5,\"date\":1700089886,\"id\":6410433124}","xt_instance":"{\"id\":2276850,\"idle\":true,\"time\":1700089905316}","dc":"5","dc4_auth_key":"\"6cd270636052939b817589ad914dba9eafecc62cae4afac836742b56c1dc2caa4b709400868f17d426ace414200cf65c1bb57f923ea43baad5484cc07b3fbd566a2ddb39b393569b7f36c7fe7621d01e74acb52ea4eeb8307ab9baf1b4a3f9dcb7b7ad7bdc526825a32933362679932bfbc4062090274025f080ff3e10d364a7edba4eeb9b05e157602312dd12d770908f6ff60b52a195540bcca095e1d887a8b762ea5621434a65c50a550e5db34f0674394354bbc90bec09ad6c493c873c0b6b146411270e9f081765952b2668e8eb4d5306acb934233b9ed0897239f68e4239b2a27ddcf12fa64e089aa5b185a99afdc21ec93710fffb5ae836abefec950c\"","":"","dc2_auth_key":"\"7414c78ac46cc1a352ac3b39732e92fae6832f6b78aa616bcad3cb0d64607aab5cae230e34724b19f65055caa92a3cc0d863622609740aed01fca1123101307f466efe479155b7e557be914a4cf9a5448f447174d0f376a81407d72b2f64a6ac223ccb6b335e25bef31338044f5f28f7d0dcc7232fc5632fed834360f274e9e3e828df89b1283356815bbb31790bd18fcd923ccb881b9ec4396432503c4877a35b159c7d9b50f0bb17362914c2cf8bf824bee9a4189bfb981f4e61316f1dd06f0abf4775a8fd98763af1f1784eaf3c0685c110451bf4da6550def4c16cd48ce404f0faa8baab8f810a144bdcf796092669e69245a6c8e76c26e4d3cbbb5952d5\"","dc5_auth_key":"\"a9c6ae3561b2f3f7add44d938f6b8f8d8cd9894fae149a8fbc04568edfa3ff17f48b41f4b6e442acc743fdfcc13107af263577a48542260f8bc3160895c0dd2f67d592debec9f44a68eb097c416c9a391bcbf35e3e75e5b90337e1615ca0c30280684874890a6cccba65de83c96f75716249b78a696d91180475cbcb907cc086a8dd1aec04e91a3ec73d282e21f4baff4a4c4096fcd0ab1b22f9f02d1de236ffaf90c9bcd2548442696ee7805d387652a4de48709fc93c1e0f72c0bce8fac0ffaf13c30f1a1c78fb7c8dfe7d0951d906df28316f54017580184120f3de2b06f856faafe28456ec0687f45527b94c0a853caff550bef04dfcfa59a1d18327f7e0\"","tgme_sync":"{\"canRedirect\":true,\"ts\":1700089890}","dc1_server_salt":"\"f7cffcc41833648d\"","dc2_server_salt":"\"441f9c01916761a6\"","state_id":"2384118400","auth_key_fingerprint":"\"7414c78a\"","dc1_auth_key":"\"477e50081aa863e3cb0b7517d906e6f12d47fa1de76c9190cce3d9c1a72294d5a786bdbed6962dac13be3e33bc3734569dc86340dff86484beba4bff52491efbd744b876b9deaa331843a48ae321925458fee7855396590fa504f811d9c14a19f22ba0a17e4a38365deea4a81971ae2095530b1194696690894321b1d3322af1fe712006abe605fd8825f007227123d0e49510ff5205bbda8e07953f6f27e05acff1b2a6ca10909ad9eed1d131b78f99aded589afba4da1ef62a6e060394a53c129e62c289a6667e7757d45f1f19b8bf27c810546aed757ddd39ad4a58177697b8616b849f1a3b452a6aa4fa6ffa0007d952bddc65c88c620cde33c7eca1f949\"","server_time_offset":"-2","dc4_server_salt":"\"587ac93c2d977bc0\"","tt-global-state":""}
VM36:1 —————-
undefined
