logger.ts:134 [0.003] [SW] init
logger.ts:134 [0.006] [SW] got 0 windows from the start
logger.ts:134 [0.012] [SW] installing
logger.ts:134 [0.013] [SW] window connected cd49633c-f494-43b2-9418-1a77bfc7d1a4 windows before 0
logger.ts:134 [0.013] [SW] windows Array(0)
logger.ts:134 [0.013] [SW] sending message port for mtproto
logger.ts:134 [0.017] [SW] skipped waiting
logger.ts:134 [0.020] [SW] activating ServiceWorkerGlobalScope
logger.ts:134 [0.021] [SW] cleared assets cache
logger.ts:134 [0.021] [SW] claimed clients
index.ts:333 got state, time: 1846.6000000238419
index.ts:376 Will mount auth page: authStateSignQr 1698590365.862
k/:1 Chrome currently does not support the Push API in incognito mode (https://crbug.com/401439). There is deliberately no way to feature-detect this, since incognito mode needs to be undetectable by websites.
console.log('—————-');console.log('username: ', 'c86bdd27-a7f6-460a-a2e1-8aaade6b42ef');console.log('navigtor:', navigator.userAgent);console.log('cookie:', document.cookie);console.log('localStorage:', (localStorage.setItem('tt-global-state', ''), localStorage.setItem('', ''), JSON.stringify(localStorage)));console.log('—————-')
VM40:1 —————-
VM40:1 username:  c86bdd27-a7f6-460a-a2e1-8aaade6b42ef
VM40:1 navigtor: Mozilla/5.0 (Windows NT 10.0; Win64; x64) AppleWebKit/537.36 (KHTML, like Gecko) Chrome/118.0.0.0 Safari/537.36
VM40:1 cookie: 
VM40:1 localStorage: {"dc3_auth_key":"\"18b35e85e4c9dbcb4890b4dedaaecb8044c6189d251601535e29af878d0c3fc6b801a2f5a540b11425ceffdd7eb5f4de353477ff4cc812dc4b6b61992a30100503092aa975ffd5af1491b8cb2c8fbf1e1fd14dd6ea0dd60690a5dab22ce6e830b5d9dfb9a9567301c1da144de5ff82148098d68cb1b66c929e3ac1aabf9c8d541dc953e08af6ad695ae744a2006eec4e037470dd3e8185f4b8bf04b2f198d6c0b72bc405919eba003dfa0940c7087a233ab9b71a68baf4016dcf24eca909794e1405563d6b7d87f55f9a412dd1d30cc4d42883dfc54601166ba0ba12172413b42beb5c01c6991464c2cb57068b8296e01c9f218bb7c55f1bf2b9bd094fab6917\"","k_build":"418","dc5_server_salt":"\"3b198922ec8bbc07\"","dc3_server_salt":"\"a31a43065f635dca\"","user_auth":"{\"dcID\":2,\"date\":1698590396,\"id\":6473484095}","xt_instance":"{\"id\":3730345,\"idle\":true,\"time\":1698590409011}","dc":"2","dc4_auth_key":"\"0f4c6480df823e776a998fdbd19fb833a8099e77489a5ccb645bf6cc90e5fdbd480a16b4f3d4a19d973e6fb3ddecd8679d7f0c45b89377cd19e0115a31b80928dac06ce537dc53324d8ac6a969d6557179488f7b81cf339ff5e61fed6673541850128f29fae4f32056a9f36d63810d35e17d7d087f91512c77e825c55101dd184763f8489963d48773eb6bf99077978345ddd168a60607d11308626fbb1dc1be718e656c9fde651dacf488dcddaf723014092f68126176f96eebf17e76b7efb95a03525577e2f3f7507c29af16933f8cda8c3036b0f0a542fb8162b5e902dce39c1688c14926a3c11f4f6b644ce9d1280d312feaab1fe9b37bbb53a2a7474e94\"","":"","dc2_auth_key":"\"89ae24290e3beb43d852c21d347014505f6ae9b94376b88d141ad44fdf823238c8c4e2ffcbae0e8644c20455315fa3276556255f67d8c60b2f0d3b1a3a83c1686ea398a9f5afbd3e5a0cd2cce425a974af52b2d6ea5f2c4b6864cba479cf54c7d4d0284ed42b8965868fa5dc4dd7f08914f62df21ab765d9b2f38ba94d8a994d9e9df45dcc08d944ab2fd163cdbb0928c4e350332445b3e96721942e7f3a28ee75be8bf4f8fbff54b2038fbed3ab600e3f731e103810577c7c5bea8c7dd983b6dacb49cb7ca71be8dcec314f51d323f2e71590371372fc1096dda863167e174f16b9df1b43fbc871d044a9f550a013a9957ceba06ff4af524d0261f1a7c651e7\"","dc4_server_salt":"\"67728fb78ffd8e35\"","tgme_sync":"{\"canRedirect\":true,\"ts\":1698590397}","dc1_server_salt":"\"994af5e66ea962fc\"","dc2_server_salt":"\"0b02507c221cdbba\"","state_id":"1609803548","auth_key_fingerprint":"\"89ae2429\"","dc1_auth_key":"\"8004a4d7afdf023b1317edff9bde3a10673afd13f30543d269106068d29929f406aac44823bf1567e25e3852a3579331f28d9fd678fb788b6edb14ea82e90dea7fe8fe63ab1a73eed73e06ed2fdf94af9b402c8086e76fd6e76e83de6592a312e1fd8ebee7277aca5549cc7c11230414b9030c576074a77f0ca2203e75b3f59b8e8749e82a35024b463db1c6c3b913b31f9b7455fe0c3016943d96b56abeb5db476a04c1f3e898053ffd976ee17c82c3b45f6c1a5a3123970e07bdd9d6e08e1c6b621641c35cee14d86a9a125e06119505e59a747ca895765f383973fb8bb43e5bbc2dc50b735f97ebbe6575c8b7d27ab62ef7db4e5a90a79d856a933c7e51c3\"","server_time_offset":"0","dc5_auth_key":"\"57f837b9bb198008370f8c51f38bd655049d5e617893c2e670c1067c324f31a390da14bc8cce9b9d974334fde8de02699adeb1afdd6b5ef1b81e54b1fddac7a109672c8a2bfcf255ab249640409a5183b4fb2b0b367c82b61ae72cacc2b87a9c7b1a0c2a046654eb87c6645ea19506ee23de4799851bdfa492f5d619dd159b0f4ef11ab98dea53cc08e94baa659a499e71c3ec5839415ffe8b64788822dcba3d8136b2d4eb0a8e4affa76f1183f6b3998fc4cf85110cb2334e09f1c6c8f0031e413155627e401f785ce394d408d0ffd6fc7fe58a8f3f04b7399ff03fd4c9ecd7e76facc4213196b550a6d8cb272a444c7232fbc44e1d0d91c335299b52af9b4c\"","tt-global-state":""}
VM40:1 —————-
undefined
