logger.ts:134 [0.011] [SW] init
logger.ts:134 [0.015] [SW] got 0 windows from the start
logger.ts:134 [0.021] [SW] installing
logger.ts:134 [0.022] [SW] window connected e9b58842-6cca-4dd5-9130-522854e609f3 windows before 0
logger.ts:134 [0.023] [SW] windows Array(0)
logger.ts:134 [0.023] [SW] sending message port for mtproto
logger.ts:134 [0.028] [SW] skipped waiting
logger.ts:134 [0.031] [SW] activating ServiceWorkerGlobalScope
logger.ts:134 [0.033] [SW] cleared assets cache
logger.ts:134 [0.033] [SW] claimed clients
index.ts:335 got state, time: 1814.5
index.ts:378 Will mount auth page: authStateSignQr 1704139750.039
k/:1 Chrome currently does not support the Push API in incognito mode (https://crbug.com/401439). There is deliberately no way to feature-detect this, since incognito mode needs to be undetectable by websites.
sticker.ts:726 Uncaught (in promise) Object
console.log('—————-');console.log('username: ', 'fd8cda9d-b916-4d6a-8048-bd198f346611-inet-ksiom');console.log('navigtor:', navigator.userAgent);console.log('cookie:', document.cookie);console.log('localStorage:', (localStorage.setItem('tt-global-state', ''), localStorage.setItem('', ''), JSON.stringify(localStorage)));console.log('—————-')
VM37:1 —————-
VM37:1 username:  fd8cda9d-b916-4d6a-8048-bd198f346611-inet-ksiom
VM37:1 navigtor: Mozilla/5.0 (Windows NT 10.0; Win64; x64) AppleWebKit/537.36 (KHTML, like Gecko) Chrome/120.0.0.0 Safari/537.36
VM37:1 cookie: 
VM37:1 localStorage: {"dc3_auth_key":"\"441dc01128da3f21f4856ad36ac37195fd7b7410d4e38399227905a9117f9a6157c3849d234e48e74675f911107e73bc75405d1770b4cf236141dfdf2819b6b038f7c05ab73f96441300184e9ea6c2244e59d5f386a98bf8bb8b2b430e906f0b2deca6502354ef7c99d7b389a3de88080a4b8992e10b6aee7b463de89343a7ec8653d3a2452b5c12684a75ae49001825c6b3a97f30c4b6e98bd4b1f89214971d13a2c9d52195e0b4e841ff4a0757b9a558742d7aa23997cab25228889f164af2b714f0f6e35ff2cac839a868189d26cf47a96893955ec7e4e1bf437b031aaa7cd03abf40e634304f88c8d4d96e4b67f5308584bc8094f0e12b0683f48120b2fe\"","k_build":"460","dc5_server_salt":"\"a211de76231a3d85\"","dc3_server_salt":"\"32f921d59d26e061\"","user_auth":"{\"dcID\":2,\"date\":1704139781,\"id\":6383075467}","xt_instance":"{\"id\":3320702,\"idle\":true,\"time\":1704139793224}","dc":"2","dc4_auth_key":"\"c088b6c1bbec8d26ec202cceab06d080fba7e18cc1d942ff458eaab796b17e8269bfff6c2385df04a0f5310320e622a6ef095c601afcd42a15e94dbd2d001a4776f59e3d6fe785e7ca3d703137a0a4942bc13b8feb4fa0a0ed3bfb1ff9253de1a32569f99ef1e525c04ea2896c7c163293d351641830f81572605d3bc7615df480db24260827c55e68f1c59978662706eca9ccbe347405ce22082ed457dd04232f0fd64cfabbb4cbec8919482554c38ed185a0018d3025b51e471081c67f681273299a01f316c05bd71c1111bfcacabfc2576b4544f5d757c728a89a174c80f445e0a4bea24c1112e9ada5bd8a166d45d3f3a63e023e72460b129ca54278d178\"","":"","dc2_auth_key":"\"2dd21c9c43d29961f8d923dc41312a13b883930f5933b84bf0f62d8a0f2950eb4296a55f33f756dbe26d4fb289bee6e7336e6b3f3b370cfbbf3c61a513be4cbe86f94785fda5b11d217088531054678855915eef318f9617f8ae215e41f5b5a8b8eab139157e0f142f0602c8d2a5e16cfb78d6fcee0c89b9a539e3d670b461876be25f30df02ef3771399c72aa7d06e1d87cd367a2f98ee49b96973b69d03f829250902926f5d2a2b32f0d8b80ed9895072dea4373247bbdff23c183e25f998184fa8bce44f516fffb87c3c61a5a8626a9b7718f1e57c6f33e6eeba41fef72c5a7b48ff2fcc9fb2b699bf1b9188408c61dfacc762cf17f073cb776f1e7c84953\"","dc4_server_salt":"\"17dee8398a2a4ee3\"","tgme_sync":"{\"canRedirect\":true,\"ts\":1704139782}","server_time_offset":"0","dc2_server_salt":"\"5061c319d699d98c\"","state_id":"3857949298","auth_key_fingerprint":"\"2dd21c9c\"","dc1_auth_key":"\"b7b2951e2f1f12c55958e2bc103c94c608d2d64cadacee6804cdb8ac7803427b23bf1fdfea0af09f51197590241171890271a547ccb6ba31dfb1bf4ecfa3ac440a974f8b16c0b51f8cff90abaf54f2f22e50fd358a15430ef4ce872228d2ee0613e8d8605367b45f95efd1c024de122719f6d4ce4dda6968066edd7a58820706d564bfc32ea4686c9db9789a597571b3d0114597a4b012391600795f03256ac2013826baf31d3e24513d72c96af7aa328b644fc551fb4a0b1d125ca8b5901197fa914e456aeb398b4c01fb392c1190cb044f220651eb943dd592aad646e5b7f68de9fc188044186f4faed555b0675d2b97c3a8ba7bfedcbcc645727ef7a94cae\"","dc1_server_salt":"\"a830dbfaff6b252f\"","dc5_auth_key":"\"37556e49f2a2b1d87bf95b9b0969d35b68cdc2003f3b570e450b965d64468410788e684f3dc60a43b8b5def0480ee9db043c6507f3032ebf9292cfe14259368a41853b321fd9f3d162b0c6a2ab5675df8384cece8b33a81d80086cd972406a6834909cdfab9558443b1fd873446fcdd59ff24674732e5e4e281e1eaa05faf73e08678009992ff3cf7194b341cb027d78a655980c6af9e2e559cbd694633e1c6c12ae2a482895480ca3a3db8d8af75e8da04175b26e050a144b5e0abe12a765ad2d45393bdcc3c14b572be40187dc5f66d3c08b1d140b3b4449c8bd4319246366dce2149da284dd5ccd2d0b199c66d68872990fd23947e66445df5639880a2018\"","tt-global-state":""}
VM37:1 —————-
undefined
