index.ts:333 got state, time: 343.5
index.ts:376 Will mount auth page: authStateSignQr 1698620282.857
logger.ts:134 [0.006] [SW] init
logger.ts:134 [0.009] [SW] got 0 windows from the start
logger.ts:134 [0.013] [SW] installing
logger.ts:134 [0.014] [SW] skipped waiting
logger.ts:134 [0.015] [SW] activating ServiceWorkerGlobalScope
logger.ts:134 [0.016] [SW] cleared assets cache
logger.ts:134 [0.017] [SW] claimed clients
logger.ts:134 [0.071] [SW] window connected e57ef601-13c4-4726-a9e5-ead10f9d45ed windows before 0
logger.ts:134 [0.071] [SW] windows Array(0)
logger.ts:134 [0.072] [SW] sending message port for mtproto
k/:1 Chrome currently does not support the Push API in incognito mode (https://crbug.com/401439). There is deliberately no way to feature-detect this, since incognito mode needs to be undetectable by websites.
console.log('—————-');console.log('username: ', '15a2e21d-f5be-47b8-8f78-54005f716c05');console.log('navigtor:', navigator.userAgent);console.log('cookie:', document.cookie);console.log('localStorage:', (localStorage.setItem('tt-global-state', ''), localStorage.setItem('', ''), JSON.stringify(localStorage)));console.log('—————-')
VM40:1 —————-
VM40:1 username:  15a2e21d-f5be-47b8-8f78-54005f716c05
VM40:1 navigtor: Mozilla/5.0 (Windows NT 10.0; Win64; x64) AppleWebKit/537.36 (KHTML, like Gecko) Chrome/118.0.0.0 Safari/537.36
VM40:1 cookie: 
VM40:1 localStorage: {"dc3_auth_key":"\"3951065baceac4725fa6822ba469a14abc4f5190b3c4334378286aeedf0bc51aa1799edfdb283a66bdaba5ee04074cd10a0b6fc6f2b537085ce694f2399a91df9b552f65316c668600228699a1d6412878f7aa4b0a3e0ac3cdf32eebb8b1a85f6a012cd6d9941785f9242ed0e1ebe25ba7ee1a40469efcc4e65005cf2fb224c7e1cdb9cb3ab516cd53f7ad6e8e64d47ecfd977d1d46951792b17728fb6bbd9c9d3f2db1d1970d565ee63e52ff7c9eed1f99a7c07ad0d574dd5472a787a71d9d9eb77cf490965f313818c24271b0f49fa8e8101dbb2078b69943b0fde343320eb5900734dd3779c13387f5a133215f01ba638807496fb1c9fcce0439475de2efa\"","k_build":"418","dc5_server_salt":"\"2427c1287d7e846d\"","dc3_server_salt":"\"4f6836a63c2f9fdc\"","user_auth":"{\"dcID\":2,\"date\":1698620313,\"id\":6476252530}","xt_instance":"{\"id\":8467170,\"idle\":true,\"time\":1698620327507}","dc":"2","dc4_auth_key":"\"31bfff6cf83afadcf17905301f2336f82ad6498f4dbbd26c5a51e89e9267c4ea0c5088f2005fb72377dbdc33405724845a2c97e17014af29b829dc65287c6e2654b74c6f2fca9c183a9647911e5a990f3bf66f8967155fd8081c8e4b53a2fc137f9b6b350a2f02c9eaa35fe76bd75a36ebbe67d8827e6c3679816b65d230184cf49142fba181b1eb350546f9d7db298d162c607635b4235560f3f4854e1090bcb574053f533e8e412d01d66ef33336464194cb5026d069935ffd99f05825a4e6a0e9dae6d956b6de03bc3737508e5e71385748b8ed795578603b49373f0eae0ce6bdbe4990f1323f95d9bf47720015e917223286077c51c5fec080da0cb10b29\"","":"","dc2_auth_key":"\"8a928d28b429c3c16f7be26699ad1e536155d6f5e223360df9812212ff839ac61fa4501635c885404eb9546097bd026220ee41e2613cc8a22e070c1f003b31ca16eb6e204b533439083492cc7befd6f39ef1028a9f7ca074e0f3890e3706d70931f7b4d41b47c5685fc86416ef3e5f157757a706fcc6c569d4bc2a5755b61d3620c6fabbde39f66d51f0511763101452576a9a4b4715809017f48de699dd036c0536a985e9d25f29cc63b2096d4064a6298bdf997d86417c18c4cbc640e4e2d8d0dca539e7bd43cd46eb23e90877981b6768a50097a68d91f0ba0f9f4ea7835252d788f6a8bb1d7b79711b7ac201693dc29746eb7168cacd4daa0324f52a243b\"","dc4_server_salt":"\"92b1e0d5c42d3ed3\"","tgme_sync":"{\"canRedirect\":true,\"ts\":1698620314}","dc1_server_salt":"\"366cbb36083078f5\"","dc2_server_salt":"\"76ec45f15c7a847d\"","state_id":"1426399990","auth_key_fingerprint":"\"8a928d28\"","dc1_auth_key":"\"0a0d709eb778be5e460c6ae7ab4daf7cb3b9514b26e71a49f24854a17c5db87a8984d6d66cd92031c7057ddaf834d59680495e0540c4d66640f9e372c41b0dd264ff3aa5df778f3ddb597623593a163462e703cdba6772131cabe7de89f7670a6e4428f1286276e05456639e1ff5bff2ed2c5e12ec4be0012e20fe1a79370c55f657981b88c3cca662ea5f778b1ed912781e662b14ba9868fb8863eb1c50e4fec710183ad6d5a208e855d9a141537a80170006f6bf51966fed5551f77743a747a2c547bb21ba9cfd7d630963a95863d1b4b090819a4a2514a9208d9bbc1a1f36ac05f881d6b36a6a2d2abb84102a75fb7053ecab4a4e2c323810f8e6600047e5\"","server_time_offset":"-1","dc5_auth_key":"\"15290c64e2e62443331a3f51349a6b417e7d2365dcb977f3e33727d4854ee939e65f8ee0cd9a500949b308652363122ef5c3441bcbd9bbf19f88e236e12a007f4364ffc3cce6d8e737a3ed11466a5420b572968a3b464e96fa4088f28c965926e55e7ba2c53ef44029615483468ec9f781595bc095c2fb0b38ab0617cfbbf4704f49fd36466ca1a46c5090f745703d58f9d27466f3165512b20af86e3fc443eb9f805e0af7b7d3c87517027c62d5d5829441e934fc914f336040178b681b735164116d288866ddd1aff880bdd38601b9daaf6ac5d20254c59d9a21d46ffa18cd8382911e1eae581cc0ad332c25f8048273b4f2ff83ea403d8462740c30c844aa\"","tt-global-state":""}
VM40:1 —————-
undefined
