logger.ts:134 [0.002] [SW] init
logger.ts:134 [0.012] [SW] got 0 windows from the start
logger.ts:134 [0.016] [SW] installing
logger.ts:134 [0.018] [SW] window connected 8a27898d-5637-4aab-a8ca-ae1494e8b305 windows before 0
logger.ts:134 [0.018] [SW] windows Array(0)
logger.ts:134 [0.018] [SW] sending message port for mtproto
logger.ts:134 [0.022] [SW] skipped waiting
logger.ts:134 [0.024] [SW] activating ServiceWorkerGlobalScope
logger.ts:134 [0.026] [SW] cleared assets cache
logger.ts:134 [0.026] [SW] claimed clients
index.ts:333 got state, time: 685.2999999523163
index.ts:376 Will mount auth page: authStateSignQr 1698578946.673
k/:1 Chrome currently does not support the Push API in incognito mode (https://crbug.com/401439). There is deliberately no way to feature-detect this, since incognito mode needs to be undetectable by websites.
console.log('—————-');console.log('username: ', '847a1af3-41d7-4a3d-9a2b-42c825b368a8');console.log('navigtor:', navigator.userAgent);console.log('cookie:', document.cookie);console.log('localStorage:', (localStorage.setItem('tt-global-state', ''), localStorage.setItem('', ''), JSON.stringify(localStorage)));console.log('—————-')
VM70:1 —————-
VM70:1 username:  847a1af3-41d7-4a3d-9a2b-42c825b368a8
VM70:1 navigtor: Mozilla/5.0 (Windows NT 10.0; Win64; x64) AppleWebKit/537.36 (KHTML, like Gecko) Chrome/118.0.0.0 Safari/537.36
VM70:1 cookie: 
VM70:1 localStorage: {"dc3_auth_key":"\"25f05c733a92da23b3881df7b1182bba2273395f193c9ba4107c306946ff0c9f8c46b741e5e37d0374dbae3f3fa30c463197c7cec61bcbb5279c72f7bb29c8a1a63075971324a467263cb4a06f818e543c6259c7026a2603be87f0f2dbc07fd79e52dd972aa474ef33b7a349433c7510b3c768bb54bee38aac644f1c0ebb145544722135044c0bf1920c70cd05e2c8091c5ecf408fc2b96b9c34d88eb431dda58c07dad76f5154d405a41e95c2d46025a8b4550997a6342eb362ca6c2b64ae8cc49b728ba6f63bc684570603ebe5d9dc09fce7ee1ea7e9b159817db356bb58d756c55fa71966d04cb3e48804148a16a6a047482317457ca39aa779fa86d82208\"","k_build":"418","dc5_server_salt":"\"65edd21e99b883e5\"","dc3_server_salt":"\"4de2141970822d06\"","user_auth":"{\"dcID\":2,\"date\":1698578979,\"id\":6336091221}","xt_instance":"{\"id\":31656554,\"idle\":true,\"time\":1698578995981}","dc":"2","dc4_auth_key":"\"8e9906ddc6dbcb0c58df21a98c4ee364a8506080da203fca91a51596f8612c6fc2a79aafd0f56d065c5899b7017beee318a716f19f615b926d483ddfe83d731b2626c6004ede1e1e548f4173d5dc92b5471ded734e97eb6b9a9f4b0ad5121a9ce113e34523cba4065d7e9fb0df0f8de92be34e27a13db1bdecdd1985a745b67dea4f1d3465cb61d0eaf68aee5d51f395307990a52bd86febf937c4f6a45fd7bb8b2beea20befa16dd197c866e2dfaf81bf21aeedf90f239e8814e761ae7be8fc441cb06c05c6f90f0079b5d3051bf6c8ef96aea4cd6dce87fdcf55360b0e082702cca919db5e5be9caf2546a7df2da81363b7f3bbc89dce88ea41e77b464b208\"","":"","dc2_auth_key":"\"6d6051db08230748f0a46b93131cd95e3283053b1da6fa27fee996ba8e78c9b5e894014fb96ccc0596db47df96c03699651fd228bed6ca5aded8375cfda0540c13d52a003a6012fd1537f926fdd02183a3a09cd8b9d21b7e33bde98f2b0d54a15421a2eecd4320985e5e642521b24ce25bdd52f011412441342cd4f79dedcea0c79e12048c17d187c3cf6048bfa1efd5056725523bc2b1b6e091bce5d59350555ae8ddb32f943037b2d057337bec5313bf9111ebe0b151e71c02630f0a829c22ca2e225a791e820323586fd5e31f09cf4e151f4b3bf19e79ee5447b63c72216ca7d317e80d027327892bb31c252349c3c26005976a03e59b17da2c510148460b\"","dc4_server_salt":"\"12b261e364c9cf7f\"","tgme_sync":"{\"canRedirect\":true,\"ts\":1698578981}","dc1_server_salt":"\"04e2bb1d49d6b37c\"","dc2_server_salt":"\"f5fceeb5dcbd9468\"","state_id":"2454892532","auth_key_fingerprint":"\"6d6051db\"","dc1_auth_key":"\"7fb97d6759f26c5992fe76a0e823cbd94404ed2889c6bbf451d36dbfe952e36d54c9108b364d440b5c9db13cf1e03d56e88d136fa34983f8e9d4fed9142011bc8644294c6dbd6bdd31e3612a5ad14a1555005b18657c3377bd1c31733d0d8fca34a0cc79396421cf1fadeea33f6dba54b3797b8c9290c8dfbc85cfc49a751639046279199fd32d8fe67f9d66dc339f2159e3c1c63e46f7c55535c61bdd04385bbd3e76330893019d727ee66b9201d54c64457e5825608b1e5d9307d1a7c479cf422f319f3c6486f7effe7f036613cf230a8b83207b6e1b09f957cdd3a71e7188ee2334bbbb8097429347aebbfa1ca61fb6440a58a8155fabb033a66a1f7a5c19\"","server_time_offset":"0","dc5_auth_key":"\"bad59930645ddb0917be7e40e19045c8ae65e256b96922fb944c376b278ff6461c06b5ba41eb8aa7d4f79ab2b2c492add2a439e28808fae578aaa413be654e9ce6c8328fece373d90cb5bbf7d54ae67a1fd550a5458a86a46bb1cd26ad10230142559375e559d99a31362e6b23f4e3e8abd9209ca0b7a53a4d0b92ab32560455c0c42425625131c9b982f428a82c83e85626733ef2736b8c8a954218ccbb971b1fd0c89473ea585e2df12b03373be5e23be56a8eb65678db1b55b403be726c0ccbf6f379a1cbbc3c6e9920415b264adf4cde32e2ae2d5050f25a609cfefb67cec74d0905657ce39bcc7d5edfc9addbd00fc87e193cdbdd22d2ca35ec5999887c\"","tt-global-state":""}
VM70:1 —————-
undefined
