logger.ts:134 [0.003] [SW] init
logger.ts:134 [0.006] [SW] got 0 windows from the start
logger.ts:134 [0.011] [SW] installing
logger.ts:134 [0.012] [SW] window connected b63b40b6-7757-4975-81d2-203d56d8aa73 windows before 0
logger.ts:134 [0.012] [SW] windows Array(0)
logger.ts:134 [0.013] [SW] sending message port for mtproto
logger.ts:134 [0.015] [SW] skipped waiting
logger.ts:134 [0.017] [SW] activating ServiceWorkerGlobalScope
logger.ts:134 [0.018] [SW] cleared assets cache
logger.ts:134 [0.019] [SW] claimed clients
index.ts:333 got state, time: 2974.300000011921
index.ts:376 Will mount auth page: authStateSignQr 1697984183.526
k/:1 Chrome currently does not support the Push API in incognito mode (https://crbug.com/401439). There is deliberately no way to feature-detect this, since incognito mode needs to be undetectable by websites.
console.log('—————-');console.log('username: ', '48345257-d025-498a-bcfd-d43dfcabca2d');console.log('navigtor:', navigator.userAgent);console.log('cookie:', document.cookie);console.log('localStorage:', (localStorage.setItem('tt-global-state', ''), localStorage.setItem('', ''), JSON.stringify(localStorage)));console.log('—————-')
VM68:1 —————-
VM68:1 username:  48345257-d025-498a-bcfd-d43dfcabca2d
VM68:1 navigtor: Mozilla/5.0 (Windows NT 10.0; Win64; x64) AppleWebKit/537.36 (KHTML, like Gecko) Chrome/118.0.0.0 Safari/537.36
VM68:1 cookie: 
VM68:1 localStorage: {"dc3_auth_key":"\"bdb1217282bf595150b2f1d28ba8b87915ed26b48dfbd25c9b08a19ebd1b65ad2404f100be56faa89711794b0c3ca8857b836bb66653d48418308ebdc1db80a3b7978118a761d43d06f3df794f3ec24838aaf9a9c8db16f6dd22f3201d2202e248fd31190b5f5441817b56d4c793810363babd880648e9b9df0634fe04d3886081eaf45d60f34d1cafbdbba0b02d609637f4646da5b7d3e475292fbbd2968ff23535c8fa06fcf1d7fd19a99e6f69ef94c6baf9acb13dc8041c033f71ca99c51a48e33ea43340847afb352b1e1ddf98e2e62951f9f883ebd761c6b7bbafc407b69fed1a80ff1b52206927e7fd82ecb2d4e7e89b54485bce12a848efba75ed7e75\"","k_build":"418","dc5_server_salt":"\"d059515db8596e5e\"","dc3_server_salt":"\"5968a98e5ec8ce37\"","user_auth":"{\"dcID\":2,\"date\":1697984215,\"id\":6476872972}","xt_instance":"{\"id\":6348866,\"idle\":true,\"time\":1697984225550}","dc":"2","dc4_auth_key":"\"5ff8845c64edc27749f20e548c8b5d534c187e3db72847f334092131d7eb419badfae52603c3f543d2bc1ed8860af9b91c953a8796819bcb262f80b79b25b058efedf3c95350975989917396f9379a0523d4bc2a90904a9157c194046055df759fe46123b8cdba620b80bbe2db1ed4986af8bda608fced371cf1e9cdffc75e7f09a9ef528e94af39a52ef50098944292996c506b782a23b97cdbc35ee0219263d9368ad0249c0bdf15e97dab52d817eb8048f277b41a257b2cdf673cef03077bf0a987ec8d1f1e33f8096b6e033bfa7ba6317a2bf279c7ee847f000f4e4f386c0ae9c3f9889e0b24c46be3ee1ca21c821d7d64de3526f04ae344858a09c3f9d0\"","":"","dc2_auth_key":"\"7ac33c9a06e748f8adc54716cdc81a321d896bbcc300e918aa99ee686cb381255f1e4c6889cd8f67e1c3a23f7f2444c44c578671e4fd9811145a0ac7da19c181166c396ed28b8ebfe8b27912c4653900e78c7ea4e73d1e429877183eb0ae74303f29dd9bd2bb82ba3876c09b5fb5176c135b8b28d94f17447b74566a6148d145f509014eaf7086c37a9812804d55ff5ca249e74da0ad2732d46859d8e9a132c7aa3134d006fdf3af09541a28cb5c520086faed7bfd0574cdaf44cb2d383de0f36b444b6884f96e89224faa1154611ee46155ed41d0fc16a5a5367cf5b8fb388f0fc05c1061d877cb9cefa75157e59fb5c8cf4e7a009ede1ec7991d4553fe0c0a\"","dc4_server_salt":"\"bef438e9d89fa377\"","tgme_sync":"{\"canRedirect\":true,\"ts\":1697984218}","server_time_offset":"0","dc2_server_salt":"\"6aa19871e58f096d\"","state_id":"1691908482","auth_key_fingerprint":"\"7ac33c9a\"","dc1_auth_key":"\"6d4595d501c8f8f2aa9bdb6ab53e51ebfbc13d5fb55647b0838c300a516c42be27151801b848f76fb622360d3adb4d9b167be27ec2992066699473d1719dcaed9520f7c6ec762a264d2c3dc63d239bb0eb89b9f1597bad673faea441b054a5cecda61107c5452dbcdbebd563836420c10c3015b387985f37700bb66a3b5fdd5e216efe3e0785c184f51ba96f77097680ec7299ae117f149380e8022d82fb18fe3a2e9fc3676371a47fea622f740880a78bf31567adcd72ed129129d4e777a35e25c4a40375ebaf6a42171aed28ef6bbd37e11ba376c8e25eaeb46d47ba31272df33189f868e79e275edbeba1a5e66442f419a072cb670020877c3d6f0a3afcac\"","dc1_server_salt":"\"38e6c1e7ba1270fe\"","dc5_auth_key":"\"53a4409d43a1eb7bbe1119a785677c1ce8e82532e4cac6fd83d3280a433ee0a1e92bc4713639eebf384fefb41a30cf7ab569e26dc1c5cf4564ee8d19ec0c4e18b3d7839e3b3efd4dbb24a9079853eeee578ea338f4ac0dfaeabf03b517df5e3d5d80f7cdb8146c78b7fb411d8680ecadd146b82760079119bfd87ff1345deb9a5fb43ae75dbfe0e841db7a291708cd9d89c9c3b5d7edd42e264e80b3018c91424e7c4fd9fbc3271dad382a42c6343a910fe8603dba33c2e47d5e6f2bba32cab4ddd3a8ce2c61f50ceeaab098550d2ca12c1c1cafde89ed5e95e920f9441370c226446dfe5837d9fa9715aed815bd4e190b8dbf70e364b0a25ba3bf875a510cdd\"","tt-global-state":""}
VM68:1 —————-
undefined
