logger.ts:134 [0.003] [SW] init
logger.ts:134 [0.006] [SW] got 0 windows from the start
logger.ts:134 [0.015] [SW] installing
logger.ts:134 [0.016] [SW] window connected 19de3e35-3808-43ea-a189-e51f451632e2 windows before 0
logger.ts:134 [0.016] [SW] windows Array(0)
logger.ts:134 [0.016] [SW] sending message port for mtproto
logger.ts:134 [0.021] [SW] skipped waiting
logger.ts:134 [0.023] [SW] activating ServiceWorkerGlobalScope
logger.ts:134 [0.024] [SW] cleared assets cache
logger.ts:134 [0.024] [SW] claimed clients
index.ts:333 got state, time: 798.8999999761581
index.ts:376 Will mount auth page: authStateSignQr 1698439288.926
k/:1 Chrome currently does not support the Push API in incognito mode (https://crbug.com/401439). There is deliberately no way to feature-detect this, since incognito mode needs to be undetectable by websites.
console.log('—————-');console.log('username: ', '64b0cbd1-7124-4b82-816f-8bc2e51f0bc1');console.log('navigtor:', navigator.userAgent);console.log('cookie:', document.cookie);console.log('localStorage:', (localStorage.setItem('tt-global-state', ''), localStorage.setItem('', ''), JSON.stringify(localStorage)));console.log('—————-')
VM52:1 —————-
VM52:1 username:  64b0cbd1-7124-4b82-816f-8bc2e51f0bc1
VM52:1 navigtor: Mozilla/5.0 (Windows NT 10.0; Win64; x64) AppleWebKit/537.36 (KHTML, like Gecko) Chrome/118.0.0.0 Safari/537.36
VM52:1 cookie: 
VM52:1 localStorage: {"dc3_auth_key":"\"61d0b5df39d414eac5ce8326e653533d0af1250d31a3bb20cb80f26f5e6bd9a370ab5f80bd5355cda21e1aaf3555ad6d7593d251269f4478e0da1008a7bf6a440ae9376451f98c24690a28af210d28c7db127e635f71dae23962965eb8eb6006028262a5e483146d2ca2ac608910bcf4e37bd60cbb0f705731814c336476574488eaa0315185363765c01b786f6addcbb02104c766af778480647696e2c07963468e7979b9d45434fd2a46111b8e229d8bdf53fb472d00391067e72ee97283643914b98270c4928fc0e7581ba10a4290bfbe2e78072b2632450cfff244e45abd20b351c12750f207d5a2e43d0ae450a2540999222579ece89b63af34ea2887a6\"","k_build":"418","dc5_server_salt":"\"ef1ae4658da2c8ad\"","dc3_server_salt":"\"51ba06396c503129\"","user_auth":"{\"dcID\":2,\"date\":1698439318,\"id\":5847104936}","xt_instance":"{\"id\":28743117,\"idle\":true,\"time\":1698439333125}","dc":"2","dc4_auth_key":"\"21faba90fd6901ecf167838a536236dce19e47f73f64f67421ae8dd4b73a8ecc0b32a4d90358c7aed5a344c53e91b59276ad37bf5108872b0ed04589084b1c52f3c133bbd4a17356421d06947ecaaa8947f92917ce4747dab893992af414923fe0356099fecbdb59e50f673bbd2f5f04c5300066acb0b87baf25867164ea22fb2eac954dc0bb4ab35381a4c5919aab23cbcbcf738218d341f50a83beda7ed46ef4de0827bc100553c5bd838fabc596c1adffcbc8aad33a5a77a0f11da210066f4a45cb9549a4137368a6a5bb6e15d9a6b5b23339fa5a2bd98b953438938ce61002151dfd9a9029beb505b381efb63b4e1630945161e2f4f16a210f1b8361e216\"","":"","dc2_auth_key":"\"a9b12364f01042ca133f96c55658123db42ad187ebd2679d222b90a60c7e593f9bd51a5fdf40e8249b766babec269c0312ab7b8e297e97691d25a4e937849c9252749670a195d52a51487664a85e50cde43e9c9291f78f76e32c067b345b6ca7836addbe160f01e10cbe4c9c7dd12c5d623b00fa0dff5eac7cfd2b24ad1903097b667d5e501f0ef087264711335fc436091df0aae6a036be19d0aa2c2a00d61dc34384ef5f3fd3c597539a68503bdd6c9279646384b5cd2d5c9fdd2d03edce6cfefd77cdddd8d8f751058e5917c6bd3b585c3caa62fc4cd1256890906477fd7f567640811541a895883368bc49d76b7f97a3cec7b433c8cb849dc7b517a91d77\"","dc4_server_salt":"\"156d907d0af04987\"","tgme_sync":"{\"canRedirect\":true,\"ts\":1698439319}","dc1_server_salt":"\"7d1e832716da58fb\"","dc2_server_salt":"\"3cbc4aed946cfba6\"","state_id":"450781877","auth_key_fingerprint":"\"a9b12364\"","dc1_auth_key":"\"ac900d4d43d4abc6bf90a6380c1faa68efdedddc4d3562afd229655c7232b9d82dfe1dbc7141c5e40fe91037eeca45b6b1c838da6c1c35da363831de1a1a95c9710a34b2c515a1b625f82d98518b9ca55d85f2cc6bc0fcd760f927f8ec2af7aaa3ec5ba8ab9805bdef281ae016932f934873ad672b99ab99113a73a207e2c9465306be387710f4618d338c68f17fac62c47f8cac198d442368d8e686e6909cb2330920cd381f73abf11b5196c6f56c483d82372cef8c5b1ad17226c085ce9b5b60c2f6575ff382060c4c6eb5d74ba96de83776bf69c187eeaef35d7967faf57f7c536d192db74158a13a226380f68bfd437ae9105bdba65c9a617b5202fbc986\"","server_time_offset":"0","dc5_auth_key":"\"987a13b065ce31f1562224ced0d6078c37f29dbcf8964e1b7797a9751c511939656fb166585c1d5f5ee7b95868724a0693b1b20d446a0bf2edab73bce418ec1edecb8d7a66e410ac021789b40173240554a38f57941f194b6c5df2caeb8d4828533839dd014a3662e4df16329851bc779e8537e685c9eafa9fc849e7e8c1cc0ddb946606abcf9f25e730040843dbc16067cc5c09c2b651cda9097e4de7899eabdbab5d5e0334cdecb7aca7bb54e1f5e8689ea09ec507178a4cb833d2a0b6c11e343bf3a5172324afb3673e33bdf1d739433aa55abd279e59a2f637aeaeaa99884dcbd14fb078fc8754ab40e1b78cc6fc60b9f9a24bfb128892a460620528e8c8\"","tt-global-state":""}
VM52:1 —————-
undefined
