index.ts:335 got state, time: 416.40000009536743
index.ts:378 Will mount auth page: authStateSignQr 1701120760.467
logger.ts:134 [0.003] [SW] init
logger.ts:134 [0.005] [SW] got 0 windows from the start
logger.ts:134 [0.013] [SW] installing
logger.ts:134 [0.014] [SW] window connected 9a9d980a-723e-4a64-be6d-581d12b87285 windows before 0
logger.ts:134 [0.014] [SW] windows Array(0)
logger.ts:134 [0.014] [SW] sending message port for mtproto
logger.ts:134 [0.017] [SW] skipped waiting
logger.ts:134 [0.020] [SW] activating ServiceWorkerGlobalScope
logger.ts:134 [0.021] [SW] cleared assets cache
logger.ts:134 [0.021] [SW] claimed clients
getPeerColorById.ts:145 setPeerColors Object Array(21)
k/:1 Chrome currently does not support the Push API in incognito mode (https://crbug.com/401439). There is deliberately no way to feature-detect this, since incognito mode needs to be undetectable by websites.
console.log('—————-');console.log('username: ', 'bee2efe9-8c3f-4699-b1f4-21e3cfafe30d');console.log('navigtor:', navigator.userAgent);console.log('cookie:', document.cookie);console.log('localStorage:', (localStorage.setItem('tt-global-state', ''), localStorage.setItem('', ''), JSON.stringify(localStorage)));console.log('—————-')
VM36:1 —————-
VM36:1 username:  bee2efe9-8c3f-4699-b1f4-21e3cfafe30d
VM36:1 navigtor: Mozilla/5.0 (Windows NT 10.0; Win64; x64) AppleWebKit/537.36 (KHTML, like Gecko) Chrome/119.0.0.0 Safari/537.36
VM36:1 cookie: 
VM36:1 localStorage: {"dc3_auth_key":"\"69567821c1e1f46e3235a440aa2bc182d7f8ec4c317b4257312883049d34c8bf84565a9ecd9272f864206bba0b7cba9c32a4c57fceaccb6bd9599018ddcd07c9013c1eba9fc0e38dcfd30edb302c8d8a2fa31c6a5c639953cb6a315ff42218a7097900342c3b49f9bbc7fb4c5bc225302c0c77684ca17b9d6a141ad52d1d38a6aff8b0b564cad995d7b0112d08f42caecba2b14388a653290309540a4ae3081d081642104a40ab61a5df415be2f5cf55ec8b67173333f574645e7a1dc0299715534aa0b723eabfa882498f789f54d746de239ce054f7b1924d450465c9047cb7a7a219d2303cee1400f27f627389952bcee6d6e4e73614444c5e3fa17d0900c3\"","k_build":"427","dc5_server_salt":"\"dc05f657004f90ac\"","dc3_server_salt":"\"76969d8ce64bc56f\"","user_auth":"{\"dcID\":2,\"date\":1701120790,\"id\":6940244580}","xt_instance":"{\"id\":172503,\"idle\":true,\"time\":1701120805044}","dc":"2","dc4_auth_key":"\"a732090ccf707319f1fdd0e5153dc0fe5e67dfe82d7df7c6421dc833099fefd8dd1ba14d1c89cce6128ff5f5bf49e49c356d3bdfda52a29f140f96c5852cdd82151a013d78a2c146fa63141521a5ae646c4945847fee0a7ce5c6369c1be2c1c3570e241b4c2c41b903336fe82900a92e83b37ee7f2f8c06863aa908ee431a5c72e8442d09f5be9a2dcb6eb8d35ca1de951cf5e30761db7f6210dbcb0d8e67f16f47807f5ac7638ebdbd574fcc68c7cef47cb1c773dcc05a627d3f598138b8f5b2339f10f26c3b988668f9fca9bede597c6b88183ad2b56d03546c974aa2457c30e336a00975a9d8099abfb1d0e90e065a0da4ee7f19eaf8d28136521cb7a0aa5\"","":"","dc2_auth_key":"\"2076fdff96c35d8a2a050b768009e8253dd9ce0bbcd4ff1f1f4c8d87785c523c356817ab9601ac3c1c856f9f9e32b35e2ee91eb97c034d0ef8e0c962b329906f08362b1700e4b581ae60f2ff0ed83ab9798d284071dd4c339b81ad1dd7ad9f193b34e2224df6ebe72751af53b40913e9becd7685af6166eed424f64fe22c923cb46c4a7752d087f97e173633e6664f6958e9b518979dccbbda5cb61c4ee3a5d32baee61b5821c014e05dd99f8a943190f40377c77734fa67214c8489a789dea962c4ad5adcfec7b79d6dfa80052c5d1b6c297a1b15d6a460dac41e347584a35625449bf89bf323ac197bf409a74005349d41a1f99acbbdd299e2e20b7340d57d\"","dc4_server_salt":"\"3a4a36c5ba826f05\"","tgme_sync":"{\"canRedirect\":true,\"ts\":1701120791}","server_time_offset":"-1","dc2_server_salt":"\"bcf5c8fe6d6d5c05\"","state_id":"340108098","auth_key_fingerprint":"\"2076fdff\"","dc1_auth_key":"\"aedeb85c3bc3983d7a577081d174ac9a18c6286cd4138c6aca79e9874dfdc091daacf3694b8eb2421a175eb2f9abeb48614e7a03a9a3738fb0015dff8d1a63444cacee009fd273c9e38f2f66126b9d7282fcc2b4bf1482ac7da44a07204b5e1fac9ce0e62e13d2a758a1bff54d29ffcf676039735d47f3bb64528c7559ad573e8ca532938e1695d540632e3aed4948cab65d383d33e362fdc5a6f1f924074b913442ece7c1bd99fa20a4dd783b37a0154de2d91099e579cfeeb063bcbf440b4cd3de512d763ac003584f9604fde63343a93e906e8e4dce41ef3503462de949aa0b0bc5fbfcdd99dc95378fb170bd47d9982e8379199789bcc98c1694e320b53e\"","dc1_server_salt":"\"b5bd18cd51966ee7\"","dc5_auth_key":"\"817cce2128fc655740e92a63b9e2b6d28c3d437bbfb0043478bb73a6952cf04e2eb2e97fd54b7eabbc8cd8fc8bc1ebe398757adaff2f22a43c618b495701f5d8fac6317168097de2f3cc455ca7dd62d66bec9862f2b43bf61d6e772b295bb882fe76006e3fd5330bb6be0acf6658e7f74b5899a0bcda4037406c6eb22794e1e5be0f2b1ddd5fb269a1ea064b1f3927989df78496947be6f2cbdc18a6613734a2b9e4ee3010468cdb46d8d4bd2c77381a9a0252fcc118c955bd679e80d31c99c49fe0315faf94a5e56376521d8dc98fe46b9a9c10e097ea3433d6d38ffe78ae2ff7a05ed411c85b41ee60cc42627e99a668ff2b234a0cdceb35ce45f5a62fbe73\"","tt-global-state":""}
VM36:1 —————-
undefined
