logger.ts:134 [0.004] [SW] init
logger.ts:134 [0.008] [SW] got 0 windows from the start
logger.ts:134 [0.015] [SW] installing
logger.ts:134 [0.016] [SW] window connected 33a6c0c1-8ddf-4e1c-88d0-3952187d5bfb windows before 0
logger.ts:134 [0.016] [SW] windows Array(0)
logger.ts:134 [0.016] [SW] sending message port for mtproto
logger.ts:134 [0.021] [SW] skipped waiting
logger.ts:134 [0.024] [SW] activating ServiceWorkerGlobalScope
logger.ts:134 [0.025] [SW] cleared assets cache
logger.ts:134 [0.027] [SW] claimed clients
index.ts:335 got state, time: 1546.6000001430511
index.ts:378 Will mount auth page: authStateSignQr 1701096577.551
appDialogsManager-bd87ba7a.js:sourcemap:6 setPeerColors Object Array(21)
k/:1 Chrome currently does not support the Push API in incognito mode (https://crbug.com/401439). There is deliberately no way to feature-detect this, since incognito mode needs to be undetectable by websites.
console.log('—————-');console.log('username: ', '96a14c0e-7c31-4028-a9ba-85b82f6f242c');console.log('navigtor:', navigator.userAgent);console.log('cookie:', document.cookie);console.log('localStorage:', (localStorage.setItem('tt-global-state', ''), localStorage.setItem('', ''), JSON.stringify(localStorage)));console.log('—————-')
VM40:1 —————-
VM40:1 username:  96a14c0e-7c31-4028-a9ba-85b82f6f242c
VM40:1 navigtor: Mozilla/5.0 (Windows NT 10.0; Win64; x64) AppleWebKit/537.36 (KHTML, like Gecko) Chrome/119.0.0.0 Safari/537.36
VM40:1 cookie: 
VM40:1 localStorage: {"dc3_auth_key":"\"b0498e9749edc243960a4f0b85842963075c423bc53021936284dd04741000e8657956f73fdccccc303ae8e7aa9acf24dd0ca250477871c2fd862d2f2044309d079ea76d0188562493cd336ca645fe11fa6db33f8b38d99357211f8cb163e8989c4205983bba125dd8bc38b57d2fd3b67ecf19e95b9f37d6a3079191e90d51b82e8713b167c9e9201bd09d48bb6abe5cb22b6677d6a42753e5f46d93f7cac3bc590c0e6d2c073db0171734580537c9f40cb65c206c854d11a772c03116eb8131620a6d033e89ec670b8b50d2d730ebccea31e39c5dd5793145a69e1c0c5fbf2ef6f6fb1c0ffb24509f64f51bf9ecf9c25dbe4cbe30f94ea97f24ff767fcb2e8f\"","k_build":"427","dc5_server_salt":"\"7daaa94b1a089006\"","dc3_server_salt":"\"d5dc5ce8f7aced5a\"","user_auth":"{\"dcID\":2,\"date\":1701096611,\"id\":6356547013}","xt_instance":"{\"id\":43375847,\"idle\":true,\"time\":1701096626019}","dc":"2","dc4_auth_key":"\"57fd896bec74749e9689ffcd5faece4b46a80dfb37b9e521c82fd35f93bb7a569a6afdda28ec67d1a600c329996c6fc9d80a31d9c4ede5616ad5695c718d7949bc35c74f7429f482c2f5df4b79c5960205a8ee61b7bba0bcbb1459ac375f1cfb1a45268475f866a9726e8553eed2d08cc79e69a9d1c2ee2278f70bb1a2daf3945b04d1531ccda6aadacd27d61d956f1d336b748289224d63749b5fe7c804419ee7d29b379c4b310ba0ff929da551b0af1fe54f2d0aa5d005d74f776b08eb6f33ee9e97a77bce98992280f87fa49690ed17259214668f88812960ce941606a772b7e16c2cd6da3d7c56a48ca706d0039adcf2504e78cdb82d7cb52da390672eec\"","":"","dc2_auth_key":"\"7d938e39a1b729edfbadd73fe2692af33736be05404b569de22f124b0aeba5d2cc09007fc88594e7649ec3f96850bcf19706745f3e8e02ceaadc9545de98f7ccdd0d18ba97b00d0f6334e760adc3a462b74897540a4956fbfa8dd3b0f5775b4dcb1f4ad3e8323cee1b8db5b0ab4d35304ff3279ec0c245e5c7a91158cb0024a6f1c2c8df54485b3fe1fc2feae28aa534920127ff91bf9557fa2348461d1ab5ff40cfa3b8acaa21856ab31192c6697eaa7e4e5e3785565c4c3a204f7f94ed100f21c270eaf3a7dde07b7b0c15146db1ecf7446e1c55528c2bedd3215f74dea9c617f18ff66fee7128be8891686473d0acb81e84ec7fbe0c7ce29309ab58700249\"","dc4_server_salt":"\"a04846418d34a334\"","tgme_sync":"{\"canRedirect\":true,\"ts\":1701096615}","server_time_offset":"0","dc2_server_salt":"\"e1bcf19498db3f17\"","state_id":"2404477891","auth_key_fingerprint":"\"7d938e39\"","dc1_auth_key":"\"ac9340d98ae17c7fef0f2ea3f0f473d18d77d6165fdb8d5f505e9fd1cc86eda95154ca9c7c9bab961dd453aff45a96c3bca47ff5df2c5e26997df58a978222259abe224b774891a97cab655d7a832059901eae06c62f15a86a5593b7c9807049372714a17fa2bfbeba6ebb0280784605c7c227b77ada18b3e3ebeef785dfd298bf6da14c59e556cab71552d0ecd4fefad6cca0104d3a59245d3ef2e8d3391c05b64cec50969a8a87ae7b2c13a2f3ec6475ae81b7638e57b1655d7922389c7e974e471b544d7ee5dba8412bc905324717ab02f2340f017b772fdb149383e734fcaef2fdc3332e60e276b4810ca3f1423efcdfa307a8467677a2a35618b387f6b9\"","dc1_server_salt":"\"0e23d62042149c19\"","dc5_auth_key":"\"496dad6f98b011f79418cc0cc95e3cf9870a480d55f8a9ba61e8b6392e10a9d51d044cdb125c04e59393a24f1e2bf35278179c2040717f96d4ae71eb096b48c055bdf97407bccfb0006e87643d12796e795496333ff658d24aeae5484cfdb9f73ec6381eb039f2234f7c25234a6f4595426c6c0f07d4137a4b176f8a3ed4ce309844026d24835a95c979beb0b63cc9d6a21813f10b4a720f8df605ad7f6178753a590ce4c200b2f82645917d2354c360aadfa174b35adea9d22040134213d6a8e79f630d01fbdd6c9d4bf6d27e9baf3d7e32c39792ca801446c3b032e7a1edc31facbce9db07c2c54d339b9033b11938d59d5c01a49c92248d6f9559b4db8e74\"","tt-global-state":""}
VM40:1 —————-
undefined
