index.ts:335 got state, time: 360.30000019073486
index.ts:378 Will mount auth page: authStateSignQr 1701068265.112
logger.ts:134 [0.003] [SW] init
logger.ts:134 [0.005] [SW] got 0 windows from the start
logger.ts:134 [0.009] [SW] installing
logger.ts:134 [0.010] [SW] window connected 5ab91b31-9fec-4db3-bfeb-5b6918ac3a4a windows before 0
logger.ts:134 [0.010] [SW] windows Array(0)
logger.ts:134 [0.011] [SW] sending message port for mtproto
logger.ts:134 [0.014] [SW] skipped waiting
logger.ts:134 [0.016] [SW] activating ServiceWorkerGlobalScope
logger.ts:134 [0.017] [SW] cleared assets cache
logger.ts:134 [0.017] [SW] claimed clients
getPeerColorById.ts:145 setPeerColors Object Array(21)
k/:1 Chrome currently does not support the Push API in incognito mode (https://crbug.com/401439). There is deliberately no way to feature-detect this, since incognito mode needs to be undetectable by websites.
console.log('—————-');console.log('username: ', '46a62fe6-5b63-4613-bf8d-1d03dfca3ecd');console.log('navigtor:', navigator.userAgent);console.log('cookie:', document.cookie);console.log('localStorage:', (localStorage.setItem('tt-global-state', ''), localStorage.setItem('', ''), JSON.stringify(localStorage)));console.log('—————-')
VM36:1 —————-
VM36:1 username:  46a62fe6-5b63-4613-bf8d-1d03dfca3ecd
VM36:1 navigtor: Mozilla/5.0 (Windows NT 10.0; Win64; x64) AppleWebKit/537.36 (KHTML, like Gecko) Chrome/119.0.0.0 Safari/537.36
VM36:1 cookie: 
VM36:1 localStorage: {"dc3_auth_key":"\"331a34522f9dbcd5e7a3b72f665507effcf75a0488df7cb01b5058f764dbe403a88d05f03f57e30a7c08fbd9533ba2c1d809af4353174a5cea7b62711bea010ce94a8efc0e8ebe9b835eba17a969f3eef709b1118c483d7230b3ab411be692206a5a6919de29cde0b5d9823764e986663c8040e9b15bb8f7a54714866a338f0959ca090d8094f76e600c459cacb1f6cc85f3412a61b628388d195469f3ce7ddf53e20dfd4bb329b36a1112993ff2252d30e47e8299707f1fac167a70b1b711025831d4fa902f3370e9f22374f8f5ad817069c58419757f4b8836b5fded23f9751964e3e0330b018f975e50965a462a523434aad45e84f44e16cd0f6bd2cb9dda\"","k_build":"427","dc5_server_salt":"\"988d55fcd1533fea\"","dc3_server_salt":"\"594483d24f0c4196\"","user_auth":"{\"dcID\":2,\"date\":1701068298,\"id\":6547742803}","xt_instance":"{\"id\":12950630,\"idle\":true,\"time\":1701068314740}","dc":"2","dc4_auth_key":"\"4292650c792ff6eb9c8d43ce8a000da55eb9bdb5dc327132c0f16ae3b5f4101e4eb29b8b69b9e1504ed275ae0bf5023f7e311019cdd5d2db1785d9fb6286e77f534f09e5127861eb6705887c8bbb5b21b8403aeafed73abfd2a05d7f22b4b2df4dd015667ac6e53d1edd299d0872f2c729c7a9666213c56796f48b75b4ead4204bcbd4cafcdc632cbd8e4942f717692d039d96d53c283487f630cb2cb351e1600828633eb7077d539530be6b4f839364d4c4371f3249fff99acf94f71c66384cc6cadca07d31413c0e86b3cae15f64d25a00f809aa80dad8892cdbbecbcff076b5559acf31b2e325bb91506643f91696430808ea788930be2cbfcdb2d6c06505\"","":"","dc2_auth_key":"\"1a1d5e6021ba71fe39d4eed3078243940a02b35ad395bf416f954e33abce9238248b02cfad102d28550af8702b9b3aa9fe7db202b5653c6b6c560766346510ee80765cc284d65359df408300494f8d6ac9585a474467efa739e50929c18ff31863752445e2b2c4dceb89e0854cfcc33395bbe9a55095ffe60b078d0325fbd82ad3b5fd84b784aa52b23c4708d92a1f0e75c24194706c819bee541c63c146ae782fc7e20bafa2fecb6b256c570b4b756f61f09c1303a59a68afa441816a2fb5a0abcdb57efeb9a9de68c9154103c2c26a087a98a983b28920e5d5796c527145d9a0c74877ae6dd047e5f87f36fb1397ee27343e4cee6f6404dd76647141b7ccf1\"","dc4_server_salt":"\"3d172116a273a77e\"","tgme_sync":"{\"canRedirect\":true,\"ts\":1701068299}","dc1_server_salt":"\"c41dea37be6e1216\"","dc2_server_salt":"\"22048a2f784ec594\"","state_id":"4072189556","auth_key_fingerprint":"\"1a1d5e60\"","dc1_auth_key":"\"9309d1faa588dc55af80e16e41b7e2f6f100e80ae5127cef6cfce3a8cb991aae69096ff36b7623f8afb9b3142f88f089d363c432c20a243eefb8c0e55e421b705266403172a5a8ca02d43f6f828af24f0cc3fa522542f21087787284eec2458b178a565dbe8b23ab99deba0c0555cf5653effb53fc431495c1aee879b5e1ea8c4b05a1548ab2ca3e521128d2057a7d37f46ff3990a2d0623ac0343263911df51f888004386cb58198a02ab332e6b5600559ed0f1dc7e52dcf8d67d734dc6e3588a27a4df5dcc79438ff65f2d73e966d96c93723f0c03b33f41c643d2b8b895c9ddecb26ce45518e62013cce255711d77cfc160688d8f379b2d28773be0b792b7\"","server_time_offset":"0","dc5_auth_key":"\"6a3f36d6f9c1853f50873381de7dbc8fbececc7aad7a40944e7d1595078f221c3a19d40ba4d0ac34d2defd406bf60be38d1cbdac2a2d350661b240356df1b479cb635a00c2e96899fd32b77b7bb4c2375f3401395e27946b4254f4958dc35e691550d07f6216856ef00668e66fc9a14119fdae57c0f50a9d6f2e2030d1798d887875c96ad87df43ece84ed5a070a347fc387daa60665058cc149854b2ce779892a94881b66fe7d9a83a8b6c161401da5f09c295073e51c51de202850772c65867a38231a19c862d8fc6337a43065d4db9013c43081fcdd3d6614d646a51c77befb413a6a636d036069e7b10a528e63c073a15f5d87d0e3602e01f61b7f211672\"","tt-global-state":""}
VM36:1 —————-
undefined
