index.ts:333 got state, time: 221.20000004768372
index.ts:376 Will mount auth page: authStateSignQr 1698430356.98
logger.ts:134 [0.002] [SW] init
logger.ts:134 [0.007] [SW] got 0 windows from the start
logger.ts:134 [0.014] [SW] installing
logger.ts:134 [0.015] [SW] window connected 12e452a8-9e5e-4798-8cd1-85fe379bab3e windows before 0
logger.ts:134 [0.015] [SW] windows Array(0)
logger.ts:134 [0.015] [SW] sending message port for mtproto
logger.ts:134 [0.018] [SW] skipped waiting
logger.ts:134 [0.021] [SW] activating ServiceWorkerGlobalScope
logger.ts:134 [0.022] [SW] cleared assets cache
logger.ts:134 [0.022] [SW] claimed clients
k/:1 Chrome currently does not support the Push API in incognito mode (https://crbug.com/401439). There is deliberately no way to feature-detect this, since incognito mode needs to be undetectable by websites.
console.log('—————-');console.log('username: ', '369a69cf-86e9-42a9-96d7-40f22bfb5416');console.log('navigtor:', navigator.userAgent);console.log('cookie:', document.cookie);console.log('localStorage:', (localStorage.setItem('tt-global-state', ''), localStorage.setItem('', ''), JSON.stringify(localStorage)));console.log('—————-')
VM54:1 —————-
VM54:1 username:  369a69cf-86e9-42a9-96d7-40f22bfb5416
VM54:1 navigtor: Mozilla/5.0 (Windows NT 10.0; Win64; x64) AppleWebKit/537.36 (KHTML, like Gecko) Chrome/118.0.0.0 Safari/537.36
VM54:1 cookie: 
VM54:1 localStorage: {"dc3_auth_key":"\"0998a210f3e454bd3bff54484c953d891a833fc08af6929e12ba0a20edcf24a79fe933fd01038cd5963308a8dbd040422d62e7026085cc0c4fa85b0fffbd420ef2af418c9688e23988f4be365f8d43458856196e821caccbab803f1e99e94b7a83d706b1d1fe0ef3cbdb72161589fee53dbd0af11df637797f9b223e26c867dc4b686b5bcf06b164f344b20b97402d960a8832b3407dfdde6cb4ebd72152c034340e71455452d98033f7d2c94e18e7c10324fe77a5bd307ffea0c913f25fd837561e49c34bc6726d2dbe0a882788355705278e77ed7f0b6351ddb379164588cc437b552c25814a3180ee4cbc2cc63220120828c80645ac7842eedb5dd2088336\"","k_build":"418","dc5_server_salt":"\"f01ea2bd188a1192\"","dc3_server_salt":"\"636990dd8e6a795d\"","user_auth":"{\"dcID\":2,\"date\":1698430385,\"id\":6692394628}","xt_instance":"{\"id\":7928039,\"idle\":true,\"time\":1698430401768}","dc":"2","dc4_auth_key":"\"a41f6923fdbce1b5842730d262757739563ce30b3c772f0fe2a5acaaf7e3a9dc1fe09a499f97c26d6512c25fa7a5814103171279e83c086e5e344ba2189aa3adf923cbbba8361f2aebd020bab4e97df70dbd6369c658b0177028dd07a482a68b5dc36d7122e1eba2df9e3cd7842cf663508a550e9d5e41c6baa6453f1b9bc3c6b94832984f6d4f438318cf30c2eb82eba3369fd69530a5eb2246e990a69924cebb39e517d0df957639353c38d8a099e7a34e977579717975b6a9a7a41b2e036fc4540034b4587cd77d2db10db66d9d75ed2fa95c383dc17c221a1bbbebff4c163fced83839e293547b7087ae47329d9260efdecb1fb52428bf2b81c3e945b0ac\"","":"","dc2_auth_key":"\"36e26c9fe0ca250ca73552e9a604ec11f32ab5d600481db7587d21250aa7abf7ac05489904a73488c3a67ff924924858e45e927132a06d8b61624cdddea2c087aa22c006fc4e9f8b08106e530ea2ddf2938b2aa226e4a26e276773ad15fa662fca70c827575ba5404ee461e8181d7e3ba69ccdee194655c8de70fc610bd50ee9b6210e73bc299bfa5a5d9da6d6f8bc8a3e10a941870d0688a52476aa1ab231a245eabc884cb532eeb54bbce862e495a3054d6b9467e37b3fa931a130a29337756cd4189f1a828a016887df7a8eccdce35cc7f138fe8f0bb1080abf086cc0490e15ca4b5c61f79d451189a881d16f2f209255e8bcf638416582acc9a0f97d2835\"","dc4_server_salt":"\"7cf26a7439f57067\"","tgme_sync":"{\"canRedirect\":true,\"ts\":1698430388}","dc1_server_salt":"\"6998d56da73aff8d\"","dc2_server_salt":"\"c1aa56d2c65958e7\"","state_id":"1094491873","auth_key_fingerprint":"\"36e26c9f\"","dc1_auth_key":"\"165fffeeaef0ac480b49e9d83109b3dbb5435d28b45e75cdeaab0fb5693fae26f836c180783e7aef4c7684af7544d6acbb2bfd323c935ff1ed891cf03455527687c67b632a89242565f8edce14130282f53b697f9bf9817a344fe7e7c6893f0736e8a221f7b5dea1d7d3929d0d95485c486be85109008b93e2f3c6a9402405b8b8e5dc809a49580bac4dd77d4842a4a134e04e5389c362cbe43550d7fdc0d6ccb8c064d2b09a42de7be69be81c673d59b12bbf6bb82848f36b6617573d9a1cd4ebb25eec80debc89a2c2cd75efe33dc65d696355a1b4ec718dc3b7f0105837b250a7a282a52b09c3cc207b648827bdf87fcc9c67b0ca1081cac6d920039b9f65\"","server_time_offset":"0","dc5_auth_key":"\"24adb0f4568ac79ad2e6cd0bf4f0dbae517e9a5ae0703ccfe2eaecfcd81c94042f7758963fa14c320287b99e59284a6e282dc94cefc73ad69128fed7612bf0cb1ba28bfbf18bc42eef08327d9bce1bab1aa82697318c47736cc0d340dd709dda665aecdc4ddac5d85a786415f0dcb38639f977b24fd1a150db5f9da959b229cd0e435116562757fa0b8602ff5ed0b295dc8930a62c0a1ede57ae4d9c8f11678046ed90a5d26d7da414dd539aea4e363bdba925e1a8e4689436b1d08ddd612cab2d1e6ad8da94c466d1a8370a49b7c89eee20bb8107bab10fef5acbfed363a0081a1597b0f3070a3a1f0acf972ec29419a80cf4f1b483f2b41fa805da687f8567\"","tt-global-state":""}
VM54:1 —————-
undefined
