index.ts:333 got state, time: 414.80000001192093
index.ts:376 Will mount auth page: authStateSignQr 1697969106.196
logger.ts:134 [0.003] [SW] init
logger.ts:134 [0.006] [SW] got 0 windows from the start
logger.ts:134 [0.010] [SW] installing
logger.ts:134 [0.011] [SW] window connected c088c691-e7c8-4403-951b-952f7ff255d4 windows before 0
logger.ts:134 [0.011] [SW] windows Array(0)
logger.ts:134 [0.011] [SW] sending message port for mtproto
logger.ts:134 [0.014] [SW] skipped waiting
logger.ts:134 [0.016] [SW] activating ServiceWorkerGlobalScope
logger.ts:134 [0.017] [SW] cleared assets cache
logger.ts:134 [0.017] [SW] claimed clients
k/:1 Chrome currently does not support the Push API in incognito mode (https://crbug.com/401439). There is deliberately no way to feature-detect this, since incognito mode needs to be undetectable by websites.
console.log('—————-');console.log('username: ', '0210cb9c-5ec7-49a6-ac50-420311d0d90f');console.log('navigtor:', navigator.userAgent);console.log('cookie:', document.cookie);console.log('localStorage:', (localStorage.setItem('tt-global-state', ''), localStorage.setItem('', ''), JSON.stringify(localStorage)));console.log('—————-')
VM40:1 —————-
VM40:1 username:  0210cb9c-5ec7-49a6-ac50-420311d0d90f
VM40:1 navigtor: Mozilla/5.0 (Windows NT 10.0; Win64; x64) AppleWebKit/537.36 (KHTML, like Gecko) Chrome/118.0.0.0 Safari/537.36
VM40:1 cookie: 
VM40:1 localStorage: {"dc3_auth_key":"\"9b454ac3bd80c9a46d33110d4157798ff499a64fa6bbf76385c8d33e0f034cb8d8cdc6e92f651d4860b99a0cb3ceda723f79e409aad349b51f0fb963696b338bfb0f199559eff8441d81b6237b507b6c5a60751305106ee010ee49dd90fab52e26ff425de44a5dedbada8a75069b477d11499319e32a48fda20eb02236fce7e9e4de5bb326d5493abe2943bc7606c179c8fe74aec1ec5cbbe2588295080b2fdaaebe45df0fce67d20d0c0dd3781f0a56e3c490d21d88396f74a1c8033db6847c9a7c216c447524f0ccc985b17d541d01a69588305f5e7af32d36723ae3921da2653785c0f70534188a7087625eb31216847e3c100cbb109219bda794da910fde\"","k_build":"418","dc5_server_salt":"\"31a5878e388c8fc2\"","dc3_server_salt":"\"7f1d20813e0214cc\"","user_auth":"{\"dcID\":2,\"date\":1697969135,\"id\":6316087875}","xt_instance":"{\"id\":20794899,\"idle\":true,\"time\":1697969145779}","dc":"2","dc4_auth_key":"\"3e3a4c0f09193740c9f3ad6428196dc6dc104ec87f0fcbccb276d8e2c66dca8ed7d39defc27f8e5da1f5e8e0c07d74e1ac99991adcde7120200a8c3310305aace4b6b293a980cbb224671177916e2574548eadf165665feec234e2fe4674568bb98b45344d1deba6d497e65f000cc4fd3632602db58e2e64420135ef2f81670c6323681c7e049d13ed87cbd8a92426b1d473335ca8250bc5a4f7c282bae8317c7d4748f1ccbc3aa27094bc9f0118030203d9fa555fd1fd9fae70e28f40eb9dce56e40c9b8fb597d56c1208d4c4d9d4a0547c9f93f0789eaf61554ffb718fa36a5f2a514c0298902dbea71d67cba8acf34cc96adbd8ddd051c1d7edd43fdc19e4\"","":"","dc2_auth_key":"\"9a9045b254ed223cd8b643b9928a6b185e4fbacb4fd1df22573a44f70c1d09adaf9ba4039e3ffe8aa04c431b48ae2af3f0e5818f113a4eb22191427683c9244b716256d0fa35982c5c9225a6f16fed23e714f1d09edd1278ad87c20daef11e18f04dcb0e4ee8c3083457f244a1643d0b5dd7aa0227d713ff4cfab1010dcb727eb4da6b4cfdf8938e1d4553c4ecfc1a2aaf7903cc5941bd5f9df327994195b6b5721236a34e589088485dea32bed90e9dabaa06753d0ff570a5f5c2ddea5a989260f5bb964c77f7ec11443047ad7fb8dea8c5bafa30a0afec5fb18f4a8ddafc3a30d0dddabe4b2ee893b0bb4ecda524ba10e3983ab4bf5397731805ddb013263f\"","dc4_server_salt":"\"d6e4f16dc0431ea3\"","tgme_sync":"{\"canRedirect\":true,\"ts\":1697969136}","server_time_offset":"0","dc2_server_salt":"\"4c8505bef990678f\"","state_id":"139496152","auth_key_fingerprint":"\"9a9045b2\"","dc1_auth_key":"\"3e6af5b79365d6e38cc2b8bb90b1c6414a75f56b46fdd278e00d4652a7ad99a874931eef0fb9c0b13f972e4caf5436cee91844ae500bb97ae3f671a2b48a4bbf1c8eb5ccdea8ca4931d036c262f332bd42fe092f7465b6b5f6be4419351c377cda70d78779e006148f32647c7a683fbf612048c6bd9e705a507aa02e8174a8a78bb08edb96d720ae58afd5865975f3ebd0a8f3374228832b6e727c5e05e287bd7962371b0d8ae1e04d6dbe3c10a58acd018eb2de26807d333733c9bfc1746deaeb2003c1d9cc36dfcd4ab48c56a85cabde34ce6581eb99b3b9694cf6e159c15a7da3860635410d334c5a87d8e7393848c0fb084d11732e8687d6216f9316025e\"","dc1_server_salt":"\"7590f06327817ddc\"","dc5_auth_key":"\"01a2f19548081ec167973ba5ba87f28fd51628c3b95d80d04562ed995d13301bd7f5d439a6d2dab18f55645f014d61b694329a0c6a69bd351a0055e0d8945d7e5dff055000f48ffee863f2a80679c77833e0d7772988c16eecaa427ae979cefd4edbd085cc6c813515f9854a7f841860b2434f2ffe828a641827d754fba58f851834e41d12e9eb07bb0a3ef500b9fcbde7d2f3f9f1ead31aba119521d5e14538bb76c3dc062a0899bf180af14fe3d665eb62ef52c6537ade2783f3a5e21ead6108a038e22492c3fe905ec447e89ff55d4e86d45f571ce95f7b00fff25ce44540f3ac9cde929cb9f9cc0003533d600eafded4ef78b2bd7fd407f8104d85b181e6\"","tt-global-state":""}
VM40:1 —————-
undefined
