index.ts:335 got state, time: 311.5999994277954
index.ts:378 Will mount auth page: authStateSignQr 1704038991.629
logger.ts:134 [0.003] [SW] init
logger.ts:134 [0.006] [SW] got 0 windows from the start
logger.ts:134 [0.013] [SW] installing
logger.ts:134 [0.013] [SW] window connected e5bc7e7c-2a62-443c-9922-5d8e9ae45ac8 windows before 0
logger.ts:134 [0.014] [SW] windows Array(0)
logger.ts:134 [0.014] [SW] sending message port for mtproto
logger.ts:134 [0.016] [SW] skipped waiting
logger.ts:134 [0.018] [SW] activating ServiceWorkerGlobalScope
logger.ts:134 [0.019] [SW] cleared assets cache
logger.ts:134 [0.022] [SW] claimed clients
k/:1 Chrome currently does not support the Push API in incognito mode (https://crbug.com/401439). There is deliberately no way to feature-detect this, since incognito mode needs to be undetectable by websites.
sticker.ts:726 Uncaught (in promise) Object
console.log('—————-');console.log('username: ', '2b6b5e34-dad6-49d4-a4f9-106a551e599c-proxy-nout');console.log('navigtor:', navigator.userAgent);console.log('cookie:', document.cookie);console.log('localStorage:', (localStorage.setItem('tt-global-state', ''), localStorage.setItem('', ''), JSON.stringify(localStorage)));console.log('—————-')
VM37:1 —————-
VM37:1 username:  2b6b5e34-dad6-49d4-a4f9-106a551e599c-proxy-nout
VM37:1 navigtor: Mozilla/5.0 (Windows NT 10.0; Win64; x64) AppleWebKit/537.36 (KHTML, like Gecko) Chrome/120.0.0.0 Safari/537.36
VM37:1 cookie: 
VM37:1 localStorage: {"dc3_auth_key":"\"1cb6ac531a85f5665b233f7adb179f50d2ca19db19fc96d922d1bf8f7e6928a1965edfb1d12ee1c8357e6a4f44fcf68e95cf9182baae5ef6512aa5562417157a6d72a220205776cd8be51eeda303a574136c436a596423fd24cbd9a967e3adaefaa392809fc8dfa2078134376ca3959e0c1cd158867876f3c93c9ceb29cb0ac199e2bc172d028d63d9d06487b6fe52ddcd27b7374b78031466a2aaca224d7849031c8ef8e630e53d3c3edfa6dea47a00eb72e9f5d250a3d91452ee4a877b816d2fd70255cfc77c4f987d0ba016237b8a4e7adfc0a2641a1e87c7805f2a9c7267658cffd299fa25201866fc41f358a6e90b4ddae722647286399aa92f12137e40\"","k_build":"460","dc5_server_salt":"\"ed4d8039fd72f895\"","dc3_server_salt":"\"3b0dcf15bb2f1267\"","user_auth":"{\"dcID\":2,\"date\":1704039021,\"id\":6900908273}","xt_instance":"{\"id\":2701980,\"idle\":true,\"time\":1704039036316}","dc":"2","dc4_auth_key":"\"936586c1c5fe9ef086cea46b56163e0696f365f24e00ca57dc03f9eed8ed010b465113ec8be0032e393cd158e36e3c330f8e756282af707e7f9b58344fc893b2a15c4d2176de8e13d839fab01dedd49e2c898493a0670979324a0feb9057863a4f1a6e6d5ab94d95ebec39dd38ed26e0eee0bfacc49ca51ef23f6ff404bbd225a214b0f2b0b4eb5f28eb9d6a999db18149ab7bc9cad54c20a9bd5a9bbc52f0a4468e24e6ea2da21a5e1b52c30da0a60f552d63388c29c45f79d8c3bf75bd7d85f7b0f5dcc367bfdf90f2ec43c28bb223ccf2f9812bf413a22e9d7051d1ac50ec7791987f3ccd6d9df9bd0efe0b3756cc47c9d6a33dff9df800e5bff12d795502\"","":"","dc2_auth_key":"\"52ba75274a2004d86f2633ea89d5794331eafb1dbc4d241c1a01d9e4819e2be5d65a43e0ebec118ed61a866a59bcd70d16aa8f5f244881e210b7f1072922c6fd9bfe50a53a32594ba5c8ce1c6325295fbdce6ce0e456a40e527cbfeb739823e38f5e38f77ab1dc15f209bdb2675393f0a26c23dda20b1e99fbe736899c82d4ae35b3c959246fce189f854bb98040eedb74f7f644f13238cb5757143b5d3bbad223d287236abb54cdd3b023e8866019f210af837df5b06df8466a8f927e4d2c36c75b04d3f57de1fc3b61fe8af984d5d24846da751e6a8e3240504c3971bb7be8498b0ac72e16988cae05b025b2c45cbf4aca393f090e5e3f79afd2072c311154\"","dc4_server_salt":"\"45cb0d9971a2c84b\"","tgme_sync":"{\"canRedirect\":true,\"ts\":1704039023}","server_time_offset":"0","dc2_server_salt":"\"7acb89772eeac681\"","state_id":"4241372884","auth_key_fingerprint":"\"52ba7527\"","dc1_auth_key":"\"2dfc5d62ad48a4a0b394e2074a25ea3da96c52584b9155836ce0354c38fd85557d3b4ca247ea2bd8b70c10d1222ee9f103b01e7e545285b5e4e7eefb29c5f90245babb49d78a9c37e180b2644799aa98d2553e6689b0a059f84f34428656c1a791ca4ebd1bc6d10980c52780a18c85935cbb9126fa19b662b3b472bd2e3a28b5d495c1ca9a4036c5d4cba79d5f9ccee8e3fefdddf8584b7e769fe0b19b8d2365dff5c7e1c988e72fb92507176bf24eca0e49b4810571137da2da50458483e58f30cc693d2071418b9dc9a893c984bf7f10451a0bb1cfd241431def01d91b7e9f54e6be95187177c34eb03609bf5417974d5674c3f989c08cc1c4d307a82eb8e2\"","dc1_server_salt":"\"5a635e458458fc5e\"","dc5_auth_key":"\"8d9c8cbffff2f6fc2bd0a8d7b6d56a7919be417e45aa49d57140ef912f8b8b34312e7b73ed70d95774e7cc735593ea45ad43a23df0c0fb1156c73495b5d38ea2cf904bd8f1def86a15c30a0f539a73477be92200a5892ec9839a860b75ff6123d0e37bc35c3d46f3064fb3db76c66dc98088e620e9dd97e3bd1cf7be37bc22ec750a7e17b28ad1dfc8818b68cad53eae5d2c76f17159e98102614c49e86aaaf5def25ac8457da71502523245a0be9ab9dff55424a70fdb7dc696d8544411e4b0872a9e00f397340cd064f59e2a788de9fac19a0bcae824afacfa098cd2129f7dea94790fba710a89586639838caff0f1050a9de15e92b8b655f2a61c89b44308\"","tt-global-state":""}
VM37:1 —————-
undefined
