index.ts:335 got state, time: 331.19999980926514
index.ts:378 Will mount auth page: authStateSignQr 1704039448.281
logger.ts:134 [0.004] [SW] init
logger.ts:134 [0.007] [SW] got 0 windows from the start
logger.ts:134 [0.011] [SW] installing
logger.ts:134 [0.012] [SW] window connected c28e7172-e7ed-4879-91f2-d60e8163dd59 windows before 0
logger.ts:134 [0.012] [SW] windows Array(0)
logger.ts:134 [0.013] [SW] sending message port for mtproto
logger.ts:134 [0.017] [SW] skipped waiting
logger.ts:134 [0.019] [SW] activating ServiceWorkerGlobalScope
logger.ts:134 [0.022] [SW] cleared assets cache
logger.ts:134 [0.022] [SW] claimed clients
k/:1 Chrome currently does not support the Push API in incognito mode (https://crbug.com/401439). There is deliberately no way to feature-detect this, since incognito mode needs to be undetectable by websites.
console.log('—————-');console.log('username: ', '2d7067ff-60c9-44cd-a86b-c8f6c3ef2eee-200');console.log('navigtor:', navigator.userAgent);console.log('cookie:', document.cookie);console.log('localStorage:', (localStorage.setItem('tt-global-state', ''), localStorage.setItem('', ''), JSON.stringify(localStorage)));console.log('—————-')
VM37:1 —————-
VM37:1 username:  2d7067ff-60c9-44cd-a86b-c8f6c3ef2eee-200
VM37:1 navigtor: Mozilla/5.0 (Windows NT 10.0; Win64; x64) AppleWebKit/537.36 (KHTML, like Gecko) Chrome/120.0.0.0 Safari/537.36
VM37:1 cookie: 
VM37:1 localStorage: {"dc3_auth_key":"\"5413a95cb2c08d44ce74793a621c5052309a19ed8770daea0321c3e21f4aad66c4a24db8c5de7218d926eb3cfaf0bf64b32533da1cf2ec5004e83ec6bca2fc605556e2ca365d3b7f571def8a61c80c762475e48a8d66f0999b6c8ca39d2e54fc72ad162c52c178287da9976c12de168c418b281b64c4c445799a2d0b364a252970d6aa120fff4593ef1eacbd716d4a356cf1e0e7be5e1af4ed577709e69114e66b07c6d45122ee455782325080efec6f6f54b35ea6be1d94f84009eb1b12d9501a16903b67feace30bd4875f6f1d9f2dbdbfad8db1e33aa81a332d6cfa8282590bd84aabcd6b8bfaedbb9b15f430016d0141006760392b906d924565652e39ee\"","k_build":"460","dc5_server_salt":"\"3678efc70b486ef2\"","dc3_server_salt":"\"5cf1678f4f25425a\"","user_auth":"{\"dcID\":2,\"date\":1704039478,\"id\":6805355268}","xt_instance":"{\"id\":64045060,\"idle\":true,\"time\":1704039492951}","dc":"2","dc4_auth_key":"\"c044ad7bf1dac9af503e0b3a06c85a93fa10ba69dfbbbbde8186e5d6636a31c8713623ad613538e743cfdcd9ab46a5da13858bbb58c74f07682f682ff11ede565b6ed0d8c982a70950f65bd22759ac897d3a8d515f6d0f754c9088ee287b19838e4c55bef9fe27742d0a5886666ceedddb92091054b94f295cfac708898a3f4d40218453916173977b116ff1c5473ccc7f5d933c9f2f99a22874b756706cd9a375d942853bb5d59627e9b1a54638427386cf999688542f7ffc99554e3ae880e0462a15a66a47c5b72d3903af5d6d52212902916f91f3a5702e86ca28f78e3e06d01fe4243820ecca320b87c6cc6e6a7534f8ad98be0887f81c422eb848455d24\"","":"","dc2_auth_key":"\"65ef64be278db5454c40a098f900184b1e06617ed2539ab8bfeb9ad3999a54bda8d7567a2d9540f20e9ff3b67fc5db5215a7b49115a58bc399196d442231f2025f72911c03301d932bb38d7387c13b036c198b7c6a148c8edc78de5f9e6c8aaf0f0177732e49db827473ff699f84894caf9f1d61efa7f316ed863a18961ef931d9ce5a98f02aecb4d5d74c0ead84f92ba1a9f94e2978b5ff1db44672f59b4c9c49a3441adfb506b2c3517253e7fd3ac4816c088ceb401b498dd11911f5651ea638f683f48f4625cd3bd942224a564d1120082985176af6496af15e2c2d2757504afa466655091658c35d6d14b3d5b80cf7b2fd12526f1806f4109161d278b3a6\"","dc4_server_salt":"\"1d78cd880f32b9ce\"","tgme_sync":"{\"canRedirect\":true,\"ts\":1704039479}","server_time_offset":"0","dc2_server_salt":"\"e7fc82e6c57eaea4\"","state_id":"2888820555","auth_key_fingerprint":"\"65ef64be\"","dc1_auth_key":"\"91ea89c2b1c1a71c85479e0304e077acb60151e8d981af322c59b43712a95442ea7eea800fd62a086376c6f1bc61791ecefd5569d10c2af32201d4f771589b2feda7bff415566a20ab82c60654d079fdd2165f96b0f078542248474fac8ec45ef0084697651d815c7683bc1d1ef1cd9675f954bba59636bde827751bd0cef887d1b55fc65b669ecd141a3ae11f9811920617eb69851173dc8ecbce7d34ab081fc34ab36d6c469278cf0709aa7308d5b2857007fb059384d8c7c2a7a0805118d6feaac6c527d15f28ccf8ac07898b4fc2ee52469566dc15400557cdded322aae247ceba8c093950aa8d72438a60071439cca9a4a00ff6579fb22beb924799652f\"","dc1_server_salt":"\"8c276316f327ab4d\"","dc5_auth_key":"\"28f71cd282e284be65f5f86ed8264d53608d43be57c071068edfc0edf23440d605af307cc27b88e3d9e1a31a328381f00bf9c3b82535a0e1c0d034b2ba94e0db34000eaea1382ed05bf043447dc10b52713882a79fa8c9ac7bbd51ec77d27a3d61e8610cf0352a3f1398300ec8f1cea5efef4d01899c249667d70e8fc7d9d6fada460e6307bd8ab0fb329def860aa0b2e72222d45008333dce48f70be14e1e2b66b9ce4ee62089ac6b967a2c1d8a0f95708c903a1b0bd1faf8380ba65f656f00de75eadebd0ac8066e7facc9336d70221913c175103884bbaad581891050f21a18fbe93af56c59f779eef2e6ee572f75a8edb4a2109830e0b58c5aadb5d02381\"","tt-global-state":""}
VM37:1 —————-
undefined
