index.ts:333 got state, time: 338
index.ts:376 Will mount auth page: authStateSignQr 1698567749.737
logger.ts:134 [0.003] [SW] init
logger.ts:134 [0.007] [SW] got 0 windows from the start
logger.ts:134 [0.011] [SW] installing
logger.ts:134 [0.013] [SW] window connected 7086174c-bac1-44a8-bff9-680b5b651a5d windows before 0
logger.ts:134 [0.014] [SW] windows Array(0)
logger.ts:134 [0.014] [SW] sending message port for mtproto
logger.ts:134 [0.017] [SW] skipped waiting
logger.ts:134 [0.019] [SW] activating ServiceWorkerGlobalScope
logger.ts:134 [0.020] [SW] cleared assets cache
logger.ts:134 [0.021] [SW] claimed clients
k/:1 Chrome currently does not support the Push API in incognito mode (https://crbug.com/401439). There is deliberately no way to feature-detect this, since incognito mode needs to be undetectable by websites.
console.log('—————-');console.log('username: ', '2e8519ac-a835-4af1-a1cc-f5cab5237034');console.log('navigtor:', navigator.userAgent);console.log('cookie:', document.cookie);console.log('localStorage:', (localStorage.setItem('tt-global-state', ''), localStorage.setItem('', ''), JSON.stringify(localStorage)));console.log('—————-')
VM40:1 —————-
VM40:1 username:  2e8519ac-a835-4af1-a1cc-f5cab5237034
VM40:1 navigtor: Mozilla/5.0 (Windows NT 10.0; Win64; x64) AppleWebKit/537.36 (KHTML, like Gecko) Chrome/118.0.0.0 Safari/537.36
VM40:1 cookie: 
VM40:1 localStorage: {"dc3_auth_key":"\"23f760d2e4ff1db27daf9ab9c91afeb204191aaaafbdfd11eb186bcc1108a7d9a35bdfe332ec959c59c43b9f58d40fec8aca1a03eed5cbf24073da0b3a983ade4fb9253ad450106f22a6f7852c9d1e954476dd7bf26a50d0dae7040f3f10e6c24300133d443bcdb5373c6dcb737d7eba5fecdd05c1dcfee8bdaca4b84d279614f596c7d4c397719d49e2a4b42b199bf59fd91b452b423e427328a60e9620c577c3b80d3135ce1ba6a4a1e60a98d0eb59458e149d28204d19e768c519a52cfcc5b4dfc8e9dbc96bad6da4891ce72f84cd204e630640c3b4652b1dad6935f514c1a97207e9d29582bc1538faed7647ac0eb2a13207d78eb1e4cf3a186ee29eeec9\"","k_build":"418","dc5_server_salt":"\"63e363b299771418\"","dc3_server_salt":"\"160821a9de8af5df\"","user_auth":"{\"dcID\":2,\"date\":1698567780,\"id\":6398620282}","xt_instance":"{\"id\":4168275,\"idle\":true,\"time\":1698567794398}","dc":"2","dc4_auth_key":"\"43e7a9584bba387d6f9137ea8da7d14959161344794a056aaf0d2d9633172ef60c3838507139dffe319f5aed0af09e715288cef607b0a95c4d6d6a7f28cb4971eee538df80c761753e3a6375ac82cf6a96b064f54e20920c83d380bf470627f23748f2dae74efc635fad695ce14b88c3d51aec2f9c43148a6fafa18bfa0d5f1ebd01f6c99e186cd4e4520b9704cb6b7057cbdb4008eb9bfab66d7e4c7bf11ad957c7ec1af1363827821d2b4536cc5f832af35314f17d4031d7067897dd91aea102db5bcfb40f906fadb5bce45f57df38a93d4d2a87ade4fe51f8fac37a2f81ab95577f2840ff84db059becffed29ff33648fd31dc3d214cf03e67989e05a8183\"","":"","dc2_auth_key":"\"5bf6d1feca0bc217f8b1c10ee4154d07475ceff71d42ba4aba9cc100cc89c54ca1023a29aea590eaa39de0d74c2986d16277a15f562cb1768f18e40ac368342a80f9d1c9e16f6fd43026fcb336ef06a77f00f40853ae1921a34721847269a8db2c3f370a4b71c459bba7f1dffca079222ef289b76609c0afa224711d965e5679c2bc3cee327b49a397cd72ac905d90b402a96630c3ddc275459c64894145eb69712dc5e48d69412cc5b66999ae690806f290e31b9a8853723e13edccc4cbbcb8241dcb03d22214eb74ef89c5fec7b3b9930e61d9261c83f17c274a826f9c6dd723adc8c8531955ba330e1a1edaa1f750755ef2c6b6ff23261644f13eb4e3f1f3\"","dc4_server_salt":"\"af5619a1ad191a1a\"","tgme_sync":"{\"canRedirect\":true,\"ts\":1698567782}","server_time_offset":"0","dc2_server_salt":"\"3d766559beb49362\"","state_id":"2282091119","auth_key_fingerprint":"\"5bf6d1fe\"","dc1_auth_key":"\"97b8ea0f7f2640cd0d5bea93a5758760ac5eb197443c826cedff959b553bb06330fe7d89c2edc41ce7ed595ab60731a841b3cb635616e7fda47463a5d91e0068a0722a2c2eb2580329e5450efe0718f55a8d64edeebd5bc3e5d49e66110800323b2a4c42a3ae6e2a81a0eac76e23d8c0571230c0af4c57a19d8202eefac88d51299cc03d468f1cc8d0a41457e971b6aa3a9126fe8f7dadf9a83e4ff95a90cabc4e5214128968475ca034b225c4bce7fd485993950ff9290c121332fb375ba997f78231e205970587fc864475850f4b1db8bfbc14c03b3ca1dd0b31478a39722e3865b666df7b0083eb8b0b9a14b1937ec710233436b9ca7d6ffb30603a5742ad\"","dc1_server_salt":"\"09c69b74bcfe832a\"","dc5_auth_key":"\"9ab10ac693233d2983c71a995b17b7cd668a5e74df5b7389003faa47c651435d728900aaf7b0021cc8d6a0a05dee308c265a7407e202fb08743c5c28a5a115b88ce5615a83ad6f8e241333816121b58cf5702214361f9c9b80c8a7055006c2f6d0af1ea3082b119cab7e9078395e05a5eab830694cf3f5699a1edf3134cfef20b95b42b499048b7b5f5776e7bf2e6e2d4f4a3ebd854f06b63721e84df85d02b3bf5208f202e4681e0b014a46efc64c909f0af0791ebe1fb73240565ed8220791cc7038f693f68ae42d00e84e85bc2adc8942b83ff1e2574afb852e9ab2383212224ee10dfa7bdb2e3d2484b3d854c9d6f892accabc55ba683e58e952a12dc595\"","tt-global-state":""}
VM40:1 —————-
undefined
