index.ts:335 got state, time: 320.30000019073486
index.ts:378 Will mount auth page: authStateSignQr 1704136594.504
logger.ts:134 [0.003] [SW] init
logger.ts:134 [0.006] [SW] got 0 windows from the start
logger.ts:134 [0.009] [SW] installing
logger.ts:134 [0.010] [SW] window connected cd9b81cd-3f19-4b7a-9395-2f054d5f38f1 windows before 0
logger.ts:134 [0.010] [SW] windows Array(0)
logger.ts:134 [0.011] [SW] sending message port for mtproto
logger.ts:134 [0.013] [SW] skipped waiting
logger.ts:134 [0.015] [SW] activating ServiceWorkerGlobalScope
logger.ts:134 [0.016] [SW] cleared assets cache
logger.ts:134 [0.017] [SW] claimed clients
telegram.me/_websync_?authed=1&version=2.0.0%20K:1 
        
        
       Failed to load resource: net::ERR_CONNECTION_REFUSED
t.me/_websync_?authed=1&version=2.0.0%20K:1 
        
        
       Failed to load resource: net::ERR_CONNECTION_REFUSED
k/:1 Chrome currently does not support the Push API in incognito mode (https://crbug.com/401439). There is deliberately no way to feature-detect this, since incognito mode needs to be undetectable by websites.
k/:1 Uncaught (in promise) Object
console.log('—————-');console.log('username: ', 'f662da5e-b008-48fa-985c-f33edcba25c8');console.log('navigtor:', navigator.userAgent);console.log('cookie:', document.cookie);console.log('localStorage:', (localStorage.setItem('tt-global-state', ''), localStorage.setItem('', ''), JSON.stringify(localStorage)));console.log('—————-')
VM35:1 —————-
VM35:1 username:  f662da5e-b008-48fa-985c-f33edcba25c8
VM35:1 navigtor: Mozilla/5.0 (Windows NT 10.0; Win64; x64) AppleWebKit/537.36 (KHTML, like Gecko) Chrome/120.0.0.0 Safari/537.36
VM35:1 cookie: 
VM35:1 localStorage: {"dc3_auth_key":"\"63842748e4a69653e0f7c027d63ef6695caafbe8583183aa5874997387f6725f53cbc138490814c234b03d7a97642d4ab2b266ed42ef09424658fe3e61ab69a78eb61243d5a80b4cfa550e057decb06d1f5db62feeae5eb50f8f1e84d34aac52e6384459b9196fb2ccde6fe3af4d82487ec708b552dc5c9fa9c90eeec0802ce14711b0d6cb1e055b5ffe5ddaf07a5ae18038b600b77f36f5cdc78e57a690db7025225cbd2578dc2a4c7c168151c207f2da4c2b4e1f7303b4a923cb0f756384214fab76080a56572234348e94ed7bef06b4d9c806ef379d36d947118e23c71253db31e86b9ea869fe80e5be2ee23eb2546a6806becc6ab6dbcc74121bbd63b340\"","k_build":"460","dc5_server_salt":"\"f28bca3b4c1a9db9\"","dc3_server_salt":"\"e56319f69119fcbf\"","user_auth":"{\"dcID\":2,\"date\":1704136623,\"id\":6756306880}","xt_instance":"{\"id\":28693998,\"idle\":true,\"time\":1704136634181}","dc":"2","dc4_auth_key":"\"883073757aa386159aeb1dc8e757634ebc429bf575c5e275f9d9549fd2d234ff243a1eeba36613247f10097c60ab5ba0e5222cc818d2d09825d76ac385fa242c2ee7a522b3281b250894519dfe57a6a4353430d9a1729aae9fe9389e4afe4861fbb647d34e1becf433f6a8e4b9485190a68dee0bdbb7501a59ca2e7499ea49b66ba3d4478e09f631834e251f07d2bd84560ff0cce08c7512e1911cd843f3faf53e7915981cb606f887793381a82408f4ac4d261aa080c7725132244afb237fea3eded42c6c3f06fa53caf7be60525f225816eeae116b763b2b80c40493ba8c63ed78b4834d61c1994b024a442ae45b799b3675c9e22dfb176cb1ce980c541ed4\"","":"","dc2_auth_key":"\"0a75d2a5f090e248219916d6360b48e30f5f3ba02fcfa5fc6dc3ff3a0ce53e29fea9084e5591e4ddf146a4f1f8cc958b9f9060c32d1c2ab5b98e0b1deca63fb1d4299990a34dc897868d93835bd1186fd75b416bb5d41920d0803f2cb20796aa17c892918ca5db3aa85d0cef9fb1901986f2834a1329527a5f2acdbafe4d86edb1452d439969acb3cecc292094a7f51fb67f136afae4562b651b4a20b05f7ddfe6a9a510a4ab892fdba80f1e9d68877bf4fccb8fb58be5e50b7f70b9b1b415073fdec833bc3885132889929b910dd427b9f40214471333c9fe36fe956abc429d6a8b8e102b6fed172b51369e839730ce8a55169c416165f0f9247a94ba20b233\"","dc4_server_salt":"\"3b7ced62b2b3cbe8\"","tgme_sync":"{\"canRedirect\":true,\"ts\":1704136624}","server_time_offset":"0","dc2_server_salt":"\"0f61a80495c3051e\"","state_id":"2854113054","auth_key_fingerprint":"\"0a75d2a5\"","dc1_auth_key":"\"c44365637685db0b803cdb8515374f2688bfe67d7f224d04dfba7340e4ae384d744874c4583a3848297c3d2520e33038ee7eed08b26daaa3e2a49c19c4c794e198f34f35562544baf69d83cecde4fc2f6f5a657c4f71ccc711e50a6a9f5370c8d614228a4e8243f876957869c889202a552301dacb248d3c87feab60720a5d93752f930e94eed4f521f565da37766c20df4fad84ea7d7a588ecb85fa63bd221d20094ad504a8d5927a739f1e0b2291a66a90539c42c8bcbe44c9a1824fec1dd2f6b9d8793b5e44fe43b7df24e5e85c331567f68c7e714ec4dad9a78861fae739a62effeb362ea18a320ebec71296e98990b3c498a04c60093caf66f6dadd5474\"","dc1_server_salt":"\"d6fa074b859b0462\"","dc5_auth_key":"\"35de638d862fe9e037060131c05ee531177153322ff6f8e649451fd4596ea0246b921ae4dc63d3e0aaff2378aed4a8cb3760dd326e8b64713ffd64abeaa5de4868212563774b7429728a5adcb296ce607639fa6d7f58a959c6ca4f567596aec24aab18f0a90e60d4749927d8509ba1d50e537c8dd1eff50632fb4275b362dbf21b27b7d304d4dd520d54320f46d7623466bb15e6eef939fff497b40e445870fd6d52ffdffa0d90f1b8a3da562f5937bb92a63ea7cd068d19bf1bbbb5b04376226cb2eb01f8652c62c9598a9c6256eb31343d6ec896d4e6c2b044d739c1e57f056432ca50e7754c16bca31a73bbb5e997b0470c05533ab1a98e7a143f59f06a2d\"","tt-global-state":""}
VM35:1 —————-
undefined
