index.ts:333 got state, time: 343.10000002384186
index.ts:376 Will mount auth page: authStateSignQr 1697975029.285
logger.ts:134 [0.001] [SW] init
logger.ts:134 [0.012] [SW] got 0 windows from the start
logger.ts:134 [0.014] [SW] installing
logger.ts:134 [0.015] [SW] window connected 0c19ead4-b747-4690-b132-ef96ed05a6bf windows before 0
logger.ts:134 [0.015] [SW] windows Array(0)
logger.ts:134 [0.015] [SW] sending message port for mtproto
logger.ts:134 [0.018] [SW] skipped waiting
logger.ts:134 [0.021] [SW] activating ServiceWorkerGlobalScope
logger.ts:134 [0.022] [SW] cleared assets cache
logger.ts:134 [0.023] [SW] claimed clients
k/:1 Chrome currently does not support the Push API in incognito mode (https://crbug.com/401439). There is deliberately no way to feature-detect this, since incognito mode needs to be undetectable by websites.
sortedList.ts:252 loadPromises are still pending? Object
(anonymous) @ sortedList.ts:252
console.log('—————-');console.log('username: ', '1b788bcb-2b63-4859-86d0-597272c752fd');console.log('navigtor:', navigator.userAgent);console.log('cookie:', document.cookie);console.log('localStorage:', (localStorage.setItem('tt-global-state', ''), localStorage.setItem('', ''), JSON.stringify(localStorage)));console.log('—————-')
VM40:1 —————-
VM40:1 username:  1b788bcb-2b63-4859-86d0-597272c752fd
VM40:1 navigtor: Mozilla/5.0 (Windows NT 10.0; Win64; x64) AppleWebKit/537.36 (KHTML, like Gecko) Chrome/118.0.0.0 Safari/537.36
VM40:1 cookie: 
VM40:1 localStorage: {"dc3_auth_key":"\"41baebf02388a999f7fc8f97d4b8982f5c5e1d8d62e6171b362510ec3ef56dc6efda257b774206a9082f81dce762b6c01a8e87d30f9ff75abc0cb1aa26ebbc879648a8fda89d0f40ee9edb1eff78945276f75f957a61eb787d91d4f002eae45b06eee1c5f28b10719134381fd8d485c69b809d4f43bc0bf0750ee1137bfb8d16156ce4eb2b172d7259248cc1c5a96f569af087a7f2be2c3de19cede31b3a4b4c18e77573d64a7a6522ed05232cdaf978c18169c392dfa6ce2598d02e7baa163abf007d5eebbabb94bdd4e8e94d4ef0f6c07d65c7f7f62bde5817a0b173acf8fcc3a4826da6abbf197b3b2273230ba4bd8b829166501fc51f7f99b26b86e7a03e\"","k_build":"418","dc5_server_salt":"\"3c4269ff25fc5dd3\"","dc3_server_salt":"\"ca7f02fe0a109ca2\"","user_auth":"{\"dcID\":2,\"date\":1697975058,\"id\":6468189463}","xt_instance":"{\"id\":43941319,\"idle\":true,\"time\":1697975068936}","dc":"2","dc4_auth_key":"\"1dff2871d8a295cdc855fd84b0fa12ee25a3545618315389c23a871ba1aff7f43302f16da3db9c98f635f6cde094dad7d87b0fa23827fd31e8e73d6286a4f6198629bc0e5af9dc52b8ca10f78dc0a6b671e2c84bdf110747a76e91a694ff2f3589d3e1f130b64758eb811cf25c0cbe3b2c066c34e51b93773552a5c9a3a5d552c8cfb798cef7e84a1d17e6cef064cfdbcd00e6c4a29bbcefb7155bbc90e0921c1c41d42e5acb6d48d72cc29caed01a114f87e4522b4af719dd3297c2dca3eb59a89aea5476e9a75038dd59c0af78e375687016b0cec744c30108921d21573abba257c9bdea4e5ac2e15a6360078b0fd5862745fae1492d5b5d3989508311c120\"","":"","dc2_auth_key":"\"19887ccd7d2e147f83ba876137ce01029eabec32404a649a382dbc9e980c7ef3a66f30634bfd624b47e78bd2fe2f2af4e562fbf535276e0465ced3946283a3fb0d34c453461e29276f69dd1b14015b0c2c0680815d2c1d7f34c63c0075e5f091cd310628ff32c495b02c166d3d47ac2dd8e1a62001829f201676669b72b89c3b1965e12e2dbb9fe5530c4d9c07774bc2f33d4036b84fc07605c81faaa662afb9f16a6a90f12a1392196d92ae7f37dcb7902b058176b271764643478baf58e63420b3bddefa8658c5f2722d5eb9fca56268d4be4c53274b7ed765d9e86df614f7c883ebdf36dba47dc1e2cd27507c20c653153478b7255c116f644c9b94b5cfa4\"","dc4_server_salt":"\"387cfec2ed3bd2ae\"","tgme_sync":"{\"canRedirect\":true,\"ts\":1697975058}","dc1_server_salt":"\"f711aaca4f68f3a8\"","dc2_server_salt":"\"16eff76fd6a812d6\"","state_id":"3681195602","auth_key_fingerprint":"\"19887ccd\"","dc1_auth_key":"\"95c2c9a652945b35040e7834522cd24c60da85206bf304be8c405c434cd7aca89e67784abd11d476d70083d5bbe17421dc10c0c80ee870edfc0dfceb6289d182fa9f031b9e071c8d27906b9f957fb8e11c0f8ceb73d814e3d4732f0421bed76bb20596204568aeb4f32f84386ad780a5a02a2161fc9f1bb76d8d0877b7b09f731909480acd0cdad959d8b431e3f975864bfea4a95ae45b216758678a35513bbba5b65d5f8e0f855bc6f0fc541e4191079b8450d253c135bed1e052302e3da90f14c390d6418105b7aed3aa66561899a77a9a5cccb2ca52399cd56ea0825e830c7f667bd1771125ea36c91b782aca8b754da342a1434c77ea5d20b4d9214dd55c\"","dc5_auth_key":"\"609deac6add0cb2cf91ced8b667847e4b0c33ff55fbecb5529ec6b4d9778bed5727f1039027e2c6ffce6b2885cff262446a069203ef1119f94c07f249bf54941c1de4bb095f92b1cfb8fe3f63342f8afe26bd1050a19ac0d56f67f2c5a6707988ea29cab32e2a08a75e407bb32a2e772c265a5f4235e8634bb7db0911d8d65b895c1ab678de256cb0f6f9794c5404f073d9848aebb07b35bc402aca7d39fc2e379c751994a3169ff356d3a0fbd05873788b47be09ac05a1952e48253064084f34282a511f8e108990451148df877bfa16797bceeef3662cde0536c0b8b228c6d1bf81b72353101f00ddda7e3709fe47ebe0553ed10feb426a612e014762d2ffa\"","tt-global-state":""}
VM40:1 —————-
undefined
