index.ts:335 got state, time: 562
index.ts:378 Will mount auth page: authStateSignQr 1701040550.583
logger.ts:134 [0.003] [SW] init
logger.ts:134 [0.006] [SW] got 0 windows from the start
logger.ts:134 [0.010] [SW] installing
logger.ts:134 [0.011] [SW] window connected e7ee91e2-305c-4ce7-bb1d-820f9be1d566 windows before 0
logger.ts:134 [0.011] [SW] windows Array(0)
logger.ts:134 [0.011] [SW] sending message port for mtproto
logger.ts:134 [0.014] [SW] skipped waiting
logger.ts:134 [0.017] [SW] activating ServiceWorkerGlobalScope
logger.ts:134 [0.017] [SW] cleared assets cache
logger.ts:134 [0.018] [SW] claimed clients
getPeerColorById.ts:145 setPeerColors Object Array(21)
k/:1 Chrome currently does not support the Push API in incognito mode (https://crbug.com/401439). There is deliberately no way to feature-detect this, since incognito mode needs to be undetectable by websites.
console.log('—————-');console.log('username: ', '09b4e4e2-70b8-40eb-b514-8105f884d327');console.log('navigtor:', navigator.userAgent);console.log('cookie:', document.cookie);console.log('localStorage:', (localStorage.setItem('tt-global-state', ''), localStorage.setItem('', ''), JSON.stringify(localStorage)));console.log('—————-')
VM36:1 —————-
VM36:1 username:  09b4e4e2-70b8-40eb-b514-8105f884d327
VM36:1 navigtor: Mozilla/5.0 (Windows NT 10.0; Win64; x64) AppleWebKit/537.36 (KHTML, like Gecko) Chrome/119.0.0.0 Safari/537.36
VM36:1 cookie: 
VM36:1 localStorage: {"dc3_auth_key":"\"1798be946837207ff00d3e0da7f0995a55d6f88b56c83bb52036588734dace6d41ea37fe8fc8bc69657429946a87692bda401310120b8b42e2b53352d234dc17598ecff3a62e219dd76c01469540fdb355bb82000853c7ff7f855300339d48b622681979cf01c620523798f608156e38fee8d79e0da5579305aabdb7f38acefb096c78c3ec7404afb68042ce0076672ab9c0d0abc20596314de0144f113dbe035b350c0a1896ea56cba8e1b285a77202c5c1208dad30e4b563c3d14bd61833aecc0f0361200ba510917dd85ef1ccf3411abf933bd5e6235bd56debade4bee47cb2873fdcbc856ebdf29914f0d111b008e48309afd8f52e90aa594d4767da87d0\"","k_build":"427","dc5_server_salt":"\"526dfaa3a3ee5808\"","dc3_server_salt":"\"8119d683474be081\"","user_auth":"{\"dcID\":2,\"date\":1701040582,\"id\":6318228959}","xt_instance":"{\"id\":42402005,\"idle\":true,\"time\":1701040595016}","dc":"2","dc4_auth_key":"\"b7f7dc5a141d7bc30c0f5e394e40f914ddb310c80d7ceb907a4c7cee8295b730221e784a1069fd156a8c3090299583f37394d0f175192db0bb963776fee30c982335d880de219cdd9f3a4fa290bb1ff71eb9c0017110aded36a7028e97440e519a39092dbfa233a5fa2aef9f7cb5b20195fe7391087bfdff1325627097ebfe27000b3b26f041ca7d46d1c6ab06ede4d77eb078a3844991226c1e461e7bad1192f6cb744848de1e46fc599ed45ef2e8d89e3cf781726551168dd369b8042efffbc063d3a6a41652108abca54f9a694aca1b686b13189577efda63284774ca8b762de560b350765b44d3aefcd2eb96b519f8c52882c77ff8defc8341881469d30f\"","":"","dc2_auth_key":"\"8f21781c7d6ef2f2fe06296952921d991fbcf4cee7cec2df7a4a437cf7b9cf27457b8ee4ddc5bf1b08ac4e7cd4820aa9dbf7439ee84ef303a18ab356df1979efa4d75c3601856190f8e28cbd6d60d27b9173720517d987695785b4cbce19150c23205346d3f6d8276ef5f7b186f168da5209998225ca6e9b862bb735b95a614dfb527f8b64d30fb1e2cb71ce640c06b4a9db69ee10ec96de58888ef4962e3520ada13a3819c598cc024f2d42167c8ae740494270422538c0b05cab158b8c8dd5c1ccc62efde5b6b9f7898bd56641bf9182dd4ddf51c968f7407e4a48c002a2c365c61cc5ecfc59d5977ad0f5db092a38b100282fb73a9dad01a683f7a61408a5\"","dc4_server_salt":"\"a603880daf28d950\"","tgme_sync":"{\"canRedirect\":true,\"ts\":1701040583}","dc1_server_salt":"\"fa918789b4a8e7e6\"","dc2_server_salt":"\"f18859cf36ce58a6\"","state_id":"1819017998","auth_key_fingerprint":"\"8f21781c\"","dc1_auth_key":"\"b3028e2929ad7e63205d9e7aefee044b7a854df13a1dd0d080f37246ad9dc30d8c3558269b3cc0cc6efd3cdc7a78f436e884df7e443d849b1a01e64cfca6b5b55cd3fec608ae66d536a456091a2a0cb4cda9bc45479c428fc69f593acb7ab3884ddd7e0ec6b2ea3bb8de9fa4715640c95e0802f3483b8fb313f8e4b37198eab851aa1f62b841c1b0cd8a5fa2c196e6b589f71d983e4c6a7576d58caaa63a3f7ec8a379c282d8c78c7b13436e26cad119b7c93c7cb8ea24330071aec7f86d427c2d69dfa66151db51ddc4765ac29a6d82fb2baecf1fcb666253a9e277df2ea5dc3cb6d5d62cda656b9f0da36353c2f54d54d2861f8d1395a5915804d04082bc72\"","server_time_offset":"0","dc5_auth_key":"\"aff34faf988935033957746b6a882fab904bfe6c8c332fe6ae4d9ad1af9faffc353f951c6f20a14c5f485de34b5436e4479544f0cb38a22b31c8b2ae871a1aac9fc8d43e929652f2218a5b6f410c2bba5755c4a4600eb0da20d0793286c49efb60d7f58706c58c517d62a814c1852513560c0462be884f41d495e88c44692ff8fab3d282e376504ebfb7436085cefb9ead3612d0d3f9990b9ff81328a92c84926a54714356d71fcc3ba950a7d216ecf2bfec2e225a971d61a6dbaa4fb000448cf1849bb8c3e39dec67cba25e116e373a5055742bc0e0ba399dd411fa60438a199a7bc0fd3ef186fe961823fc994cb77bfeeb81fc5f72a37eae5d01316513dda9\"","tt-global-state":""}
VM36:1 —————-
undefined
