index.ts:333 got state, time: 590.2999999523163
index.ts:376 Will mount auth page: authStateSignQr 1697988307.731
logger.ts:134 [0.002] [SW] init
logger.ts:134 [0.005] [SW] got 0 windows from the start
logger.ts:134 [0.011] [SW] installing
logger.ts:134 [0.013] [SW] window connected 2a127dde-9d09-4b0d-ba52-20a0d05a5648 windows before 0
logger.ts:134 [0.013] [SW] windows Array(0)
logger.ts:134 [0.013] [SW] sending message port for mtproto
logger.ts:134 [0.016] [SW] skipped waiting
logger.ts:134 [0.018] [SW] activating ServiceWorkerGlobalScope
logger.ts:134 [0.020] [SW] cleared assets cache
logger.ts:134 [0.022] [SW] claimed clients
k/:1 Chrome currently does not support the Push API in incognito mode (https://crbug.com/401439). There is deliberately no way to feature-detect this, since incognito mode needs to be undetectable by websites.
console.log('—————-');console.log('username: ', '59e8b4bb-e2ed-4d39-9499-63eb65b93b29');console.log('navigtor:', navigator.userAgent);console.log('cookie:', document.cookie);console.log('localStorage:', (localStorage.setItem('tt-global-state', ''), localStorage.setItem('', ''), JSON.stringify(localStorage)));console.log('—————-')
VM40:1 —————-
VM40:1 username:  59e8b4bb-e2ed-4d39-9499-63eb65b93b29
VM40:1 navigtor: Mozilla/5.0 (Windows NT 10.0; Win64; x64) AppleWebKit/537.36 (KHTML, like Gecko) Chrome/118.0.0.0 Safari/537.36
VM40:1 cookie: 
VM40:1 localStorage: {"dc3_auth_key":"\"c08d344034ec7d3ceb3542b6f8f52c4e96ac05a79474f4be3c3ec679e6d18ffdb7fee9845f60d8706049f90f89c8886a2da079aa7e9064f115499d7d92557510a5c36985cb4b18a9622b9346e02f0263f3f7095cf4f6f01a04ef474f8e2f75e9f64dc398bdfc9d87bc9d1eab728d212b057ae6620c255bf2f9e823640dbefeefedc1dfea0fcfd3224682dacb092cfcf55c5caf293180021ebf9a4cd0bc2fded7b491eb74900faa7605084aa0e18627367f55258d3bbc544a939b71406813a6e5a081788e710566f54899725414f244f4be0fd9ef13197d796d3d526261aa7d1cf207794afe2018e3b7a6a6bfc4c807edcc27e0060ce94a56fd45a57838e230ba\"","k_build":"418","dc5_server_salt":"\"cc60b11bfbde58bd\"","dc3_server_salt":"\"8169c246da8a2efe\"","user_auth":"{\"dcID\":2,\"date\":1697988338,\"id\":6535922578}","xt_instance":"{\"id\":15926598,\"idle\":true,\"time\":1697988352136}","dc":"2","dc4_auth_key":"\"7c8cfe14fa5b444b980cc6d92e88506686f2c66fe06af6009394cf170bd7e4693a1eb178f19ae1da93a4b5c30dec2bd83acff7bc1dde493499ae583231de2ca5d49f951bfaf5389d1f6f3f892158cb2e66d2afac92618fad321862f6eead610b7faf535739a682e44103664d2094f72a4fd3fa348568e8f0dc3d86bd70dd60a7fdc2a5da446035384a0734b1cdbb3ea0107ffb4cd100643303048cb28c62aefe1fb934a8dfb89bcffe860f506b82f5935dde9487942f579ff8dace013dc36a90a9d421df9effa2158848e5f7ba39940dee639e36977bb41a8fc79c1ecf907d7c9e9c921460c79130149297942e619bc374a87c75db6221d9cdcff8235bc34b6a\"","":"","dc2_auth_key":"\"97d0573ba3f7024ce76d5f991aea283c4da45ea8f0c231802bda441d22c0ba4344905125712c95f3d744a3bd00a341ea9d3e48c9f00678cedb1321c7c49c87d5271a2910dc8180747c11ea8be465692b1139390d605a59976054136e226d2f3891a7ffc957dc4155088b9ea355d8c33263db14e60f5969d84920eda91f37c95775cf44daf820fcecc4c8c473c60186dfbacc6777aac1c00ebefbb88a3db0c0529654736d87c6d37896b4a94621973dfaff053d911c8f010ef9277d8ac2beb7cba644f0d273631e6bb06e992ce8f52e0bd0cb2a2f92826848c9ef7bcc3f888abc718bd78a90e661e485f7f90cd2ea5aa6d42ede4c0c48da9874c8db175208e469\"","dc4_server_salt":"\"7ac7a007d079fa50\"","tgme_sync":"{\"canRedirect\":true,\"ts\":1697988339}","server_time_offset":"0","dc2_server_salt":"\"c0ddfa3f6951594c\"","state_id":"4151192464","auth_key_fingerprint":"\"97d0573b\"","dc1_auth_key":"\"0c34e0c67d6911401e6f66c2d0fc57f1e52018e26a994239a6e1ffa99db28f7ec8a3e585e6110df741f1fa95423de44e015c674549197b11e1174177c5da494b6639f84cb9e016459f870acf2f6ba456588fbb25f3eba667c31b651d1b892289181c67dfd485864f8dfe233f4bc3a31b2b7bd9f7ca030feadf4e8d275b4b413257fb5d219e3edf8b6eae3b9b7a24401aefea9e345ed60020722024d659968419d115e80ba9851f14f21cafdf868d299306f437fa1a0a4c93beeb30031661e3e7ca08e5e57305bfe5ff3e8fb7f19aac3060ea4174ab280db45bba7584cf34a5e8a358c9bca0657ec4d849a8630fb0b104fdf779caf70e8c19a98eebcabf74a0c1\"","dc1_server_salt":"\"6bb0f75f3b55887b\"","dc5_auth_key":"\"6fbfde258327be2d9d0cebfe583cf82490441d7ed88d04c7968991234402cfe7a4f2ae918bbc855929be0fea331eed8fc848542d1c3e6159ad2e5532478a76de4a1e08789d8a12080686a5b3ed55e2408ef0463d31abdc2dee06a66213a9312ee1a0143b6de32819f575ffafe57410cdcc6de3c9e09bac82a0ea16001b20ae87d49e2f78d103a334fa3550be22a2be0f81e7a5bdf532aedc826d95d31ab2e9305ee4128c15fc9a65064f5591e72cd35ab01bb90825c182a10d7b3b6cd0077b8c035f1856218ef09afee4ac94a00be49be267f44b3c1797f49744506f563bae3f6c551a11dd0e4ef027dd7af91225e27423da4709f835cb64a0c216b394e294f0\"","tt-global-state":""}
VM40:1 —————-
undefined
