index.ts:333 got state, time: 239.69999998807907
index.ts:376 Will mount auth page: authStateSignQr 1698018399.142
logger.ts:134 [0.004] [SW] init
logger.ts:134 [0.007] [SW] got 0 windows from the start
logger.ts:134 [0.018] [SW] installing
logger.ts:134 [0.019] [SW] window connected a5675588-a947-4549-904f-ac8d9a9078be windows before 0
logger.ts:134 [0.019] [SW] windows Array(0)
logger.ts:134 [0.019] [SW] sending message port for mtproto
logger.ts:134 [0.023] [SW] skipped waiting
logger.ts:134 [0.091] [SW] activating ServiceWorkerGlobalScope
logger.ts:134 [0.092] [SW] cleared assets cache
logger.ts:134 [0.092] [SW] claimed clients
k/:1 Chrome currently does not support the Push API in incognito mode (https://crbug.com/401439). There is deliberately no way to feature-detect this, since incognito mode needs to be undetectable by websites.
console.log('—————-');console.log('username: ', 'd7b26c26-d12c-4267-b2f1-e57b9c54d3bf');console.log('navigtor:', navigator.userAgent);console.log('cookie:', document.cookie);console.log('localStorage:', (localStorage.setItem('tt-global-state', ''), localStorage.setItem('', ''), JSON.stringify(localStorage)));console.log('—————-')
VM43:1 —————-
VM43:1 username:  d7b26c26-d12c-4267-b2f1-e57b9c54d3bf
VM43:1 navigtor: Mozilla/5.0 (Windows NT 10.0; Win64; x64) AppleWebKit/537.36 (KHTML, like Gecko) Chrome/118.0.0.0 Safari/537.36
VM43:1 cookie: 
VM43:1 localStorage: {"dc3_auth_key":"\"04e487a154cc4cc24e3e7f33c0dac96084265adf4003d26d68db40b9f7a266283bdc2b5c0b7a1d8a867816935e436b67cba52faea663b010892998c7641e30df25211b46000e56fa3871443890959fb6a600e261313c5ccce7392f802395c2c2b08cf4c32e3ea17478da9f517f96efabba00b559a7e11e1d1bba6e246ddd71f9c34f0d4fda559ed04de7665199febdaa2d1294be586a245f444a59f456319b20b2354f458b76aa88d25c400df6807fe04f53cb8eaaea04dcd4063740f2a47ceb94f9b1fe60c248a548302ac048436574cac3c578d5ef8d31024f3f9d26fa06c2c4058baaf2e042cc77cba65b8a67e1324470c45deb0dc4e45275efbab5dea60d\"","k_build":"418","dc5_server_salt":"\"ddb158f392206e64\"","dc3_server_salt":"\"35f6f9c6c01193f0\"","user_auth":"{\"dcID\":2,\"date\":1698018428,\"id\":6926886071}","xt_instance":"{\"id\":21635359,\"idle\":true,\"time\":1698018438900}","dc":"2","dc4_auth_key":"\"5d0136ca00e28e6e8ae8854ce61bf933f7643ac7a2a6f684e1741b6f3b9242d5744534abacb06f71da9b4553ed86e43c03cffa7534ea3bcb33e78b39e0e94cd441162297430cf16b529e1a3fcb9390692dacacc14e74171c554be8463c7c3364e1a2eb99be9a1fb85ea42aed059d35deb539a2d7690ee0449dd3bd5b1449415e2c75943f4d590d67d674e90c39ccc9a4e7fe917166428fb4060328a7dbad678f33fe05e053686ef9e7cb6142ee9dcc2c3c64b82741a0ba676de5b83363e34b0b5c89e1637da057472d55593f8a9b61e2ce036033bb090a45d3f3d3d4898391a4f525e51d0ab7fecdc5a1afe189d7517f58d032057747116bea8dffbcc4f1bddb\"","":"","dc2_auth_key":"\"c012cefe16b2479716ff91ff763464d2d1b34643f782da1886eeabf043a9044f8ba4df66c3b30b31d9e4623146ebc5a9b92157d8cb95282bc7105fe6692ff889fd8b0037a9bf9c1b54806f450873fd9b37757ae62d698767f827e762bca1858f29908a272eea042fd7a1af0e3ea1a40cf2f3f6ca376cc46fa7c69feea732d95a40735f7ff4b8a75859ef3e84cc3f3456139edf256e9ef76e7bfb141b8b79bf7b88829d421c639e15e7a6afcc586f71b2ceac4e81971134f91eb85785bd685716c59ea91186b114c7805c4ea975022ab72fbc2e3079950b8bd8a5c9e8b59ac7b74545584faec89fb0078e161d53f5e4382ddb0ca534d6b01b5b3f2dd2e33d3df7\"","dc4_server_salt":"\"4f83fb4677c0ab51\"","tgme_sync":"{\"canRedirect\":true,\"ts\":1698018429}","server_time_offset":"0","dc2_server_salt":"\"989a47cf9851c09d\"","state_id":"25906302","auth_key_fingerprint":"\"c012cefe\"","dc1_auth_key":"\"9d9450f73b2dd74424263ae25c89fce3ff470390e43c92c7aaaec93944bdd2cc5f1cf30e04746b4bf59d2bcd25d5c13ede766b6b4c8875985e462d64797ea30bec133734d5f5284444708876da2dc5eafb23bf0c828cb293edb5fc99e91517a641c9e241869be2f5584356e3f5555250dfe33060d400216d7ce6ce8ec14487c16d2da841ae95ad48d35949db9d103094cae1c91bf34ef985e8237886e7ca0e51c69c7ffafe1205c76ae7c30f32adddb24edff6f57da088d40f4a48ed1caa73c37e896c4206c57970f0f07de668dbeb857f00e4868c4c3bcc1e7784d9813129576074257b14d2af3bcf392bf932b0e0074b9df0d9371114da09589f9c6c7f44ef\"","dc1_server_salt":"\"1f00e371da36deb0\"","dc5_auth_key":"\"64a277bab7f3295011b73bb5476eb966bc2debaf87a826dd5f37f63127503174331e9c31e6a0b48b9ca71b148c76756a2f29c77d98bef6874cea0cc8e75b69a7fcedd11fcc58cceee3156a05c86d821cb00a090aa1a0e8568ed9f1c7e0e38948725e8347c0f9c240defe773ff9a37f24505871f93c528428bcd0a6ac0712c401b610ae889e45b8ff15270bae64d10b44e36f1cefe867d071017210262254cca9d9f6e5e71201ab37df9ac96b1c4fff8299a5702a09dd95d8548606b1b2e9945b01d8dd923ddf4e2741a38efd79241d9ad19753d31ba5305b87206bfacc19ffafcc4b63dd6c8df76af767e2b204ade4766c75ce75bea2c0e1e7b395cbc6f0dd44\"","tt-global-state":""}
VM43:1 —————-
undefined
