index.ts:333 got state, time: 318.5
index.ts:376 Will mount auth page: authStateSignQr 1698450720.337
logger.ts:134 [0.002] [SW] init
logger.ts:134 [0.007] [SW] got 0 windows from the start
logger.ts:134 [0.016] [SW] installing
logger.ts:134 [0.017] [SW] window connected 507b752d-ff74-46e5-ac1b-59833d3f44cc windows before 0
logger.ts:134 [0.017] [SW] windows Array(0)
logger.ts:134 [0.017] [SW] sending message port for mtproto
logger.ts:134 [0.020] [SW] skipped waiting
logger.ts:134 [0.023] [SW] activating ServiceWorkerGlobalScope
logger.ts:134 [0.024] [SW] cleared assets cache
logger.ts:134 [0.024] [SW] claimed clients
k/:1 Chrome currently does not support the Push API in incognito mode (https://crbug.com/401439). There is deliberately no way to feature-detect this, since incognito mode needs to be undetectable by websites.
console.log('—————-');console.log('username: ', 'ab159ce1-b886-405c-bbcf-8c59774062cb');console.log('navigtor:', navigator.userAgent);console.log('cookie:', document.cookie);console.log('localStorage:', (localStorage.setItem('tt-global-state', ''), localStorage.setItem('', ''), JSON.stringify(localStorage)));console.log('—————-')
VM40:1 —————-
VM40:1 username:  ab159ce1-b886-405c-bbcf-8c59774062cb
VM40:1 navigtor: Mozilla/5.0 (Windows NT 10.0; Win64; x64) AppleWebKit/537.36 (KHTML, like Gecko) Chrome/118.0.0.0 Safari/537.36
VM40:1 cookie: 
VM40:1 localStorage: {"dc3_auth_key":"\"618fad10358fee0264067dfe160ab8bfcebb9ee192f317b643b82bd4df329b1008230e47bfd756bd41c94606ad03df13ebb7c9ad63da019a941ecc22d28d3c9af3c0584ae1cbfc589dd3ed4f1aea66c1e7ba544052f2607a2fadc055b1b8c8b5a87c9535b049c157c9683ef6f9d77025001472d07e7b1633c2cbf97662f16fc4b7cc79a78db3d23d10ff6de612a2dba2f463c550d19314ac681be4fe1ec78ca1cb8d11d445188c97bb6545e84552a6a8bbc0c778f3d54268e9380081f2e82a4019a73414c4ae37252d4a1bb4df27ed975067089c4afc4f29d52cff627dd857678ffac2f92e1ba7c37b983ab344d3480cf9b3a05c09e85da7cc67a13c1c172b24\"","k_build":"418","dc5_server_salt":"\"d1614dc52e1ebf37\"","dc3_server_salt":"\"704e556ece82f750\"","user_auth":"{\"dcID\":2,\"date\":1698450750,\"id\":6488750955}","xt_instance":"{\"id\":618786,\"idle\":true,\"time\":1698450765010}","dc":"2","dc4_auth_key":"\"81903eb94e3ee24cf80812a4d304022015d1445dabd61e790a69f9d894e566f6f51d636c3a8fe8ba4806d2e4315b197dcd25f3b409ee4460c2bbf65800a0f4b75dc224a1abb8b96ca4f8705225849f8a7ff34f4e034b7f1816291617f6eb8414cfd3d722530230e30daae640637094817c6d8df1e0aeda67efc05404e35d4b6e7f36a5ea7c1ebd94dc6cccc1b691004198edd7fb17c5b3d138d3429238d88c3a5c3311db0f24d3ba53ba0ff1236d0a50730f191d53c7d584fc4879b2f1d6221141aa9a017e032b8a98b289575cadeea65667873d388a92b543f3e41eab8b33f60c41d5c48da402499a444f731f7637252a20d23c54096a1a4ab6e6df132f6a3e\"","":"","dc2_auth_key":"\"989b341fe6b0e4db5d66c2c39ce7d91ac94831e4986c155ce8ed6dab1dda7b353d7df1448d8de0c9174841ddc6e0a7654c4e1d89402cbf8a8c2c061c3a487f8c11256941bbdb90e5a3971ed58e3d70524c07a4181b2f26fd614fffe269cdba7185e8e049929b6df06180f7ae2524d8c9bc3e81a0a051394c0a150b7f4e141b349988d8497d072dd91aa605a184df88a55cf60f9295014c90be0e64c56b071a3b5b9856cb46d1c37920dfec63027d365c62010a3fcaba7a95da4030a3e95291f69bc47e7abfd14b733f971ed0d149b99193355cda778c8d8e2fdfdeb0b1146ca3e3e7640120bce1ed9d64e11ef94290ec49051c18611aba12eed708ec23283c1c\"","dc4_server_salt":"\"79323e3fe027320e\"","tgme_sync":"{\"canRedirect\":true,\"ts\":1698450750}","dc1_server_salt":"\"6fea8ef16c5e8998\"","dc2_server_salt":"\"9690e1ba90febe73\"","state_id":"2680083258","auth_key_fingerprint":"\"989b341f\"","dc1_auth_key":"\"678ef5823d99196262b4f4121b67ae24e31cf41d97b60b3436b7e843eb20e59f3d8c3156760147bde985e96641a684824f9b35e052b1a8c7d373c00056bc43f5254b3f762d3c980cebe900b2aee9a9520214d2b5b4f8664b2b03dc507dc5ff6aafc435b3672c0c76c9dcd0467f4515a85c9a7e49d13411ea058071c307578d3e828729f470b56e5dad788c654ee12f57779ee4be542b6a7c272779a0401d2dde3465ee1ae7ed0955506932a55db54fb5df43937ac8cffb65ea772e623255b61f1f36ccf9aa03aba4facc3372c71b26d2a216f5e64d7564901c9767d9b7c7c2966b356025963d70167a0f48c45e616cfa4e3cf7a1dd1f44e47cc6adbb2528d1c5\"","dc5_auth_key":"\"c5ceff7294642b6d7fc92e4ed1779caa3c8372f6b16bd44980cfc9f0721952704ada1c2317c16cc0b5fcc704778522a95069c102e73bc14a89e8a60744faf3cb52c5a3c2fb08cc90c48fc2f31e724df5048aeee424ce727fe9012e599990691131247a2398341195064ab71a96aebe7619bd1a97b9a71c0c032354c0b07545e699d5e50009ae135614e3eae6d3f9b43976c47fd811f2394d97cedc82797cd8fba3b3c566454c83e309a42ad794ed569f7b2af29f5dc3f9d988f1a4bfb6b43f231fc44a32d399c570a60d55c2f9a1eab12760f7500a70d22d8457ef0adb44a8df840e5f96e2682beda98e29525cd9020d9c53c4f12abfb2c06e820f1beadc3490\"","tt-global-state":""}
VM40:1 —————-
undefined
