index.ts:335 got state, time: 406.30000001192093
index.ts:378 Will mount auth page: authStateSignQr 1699267832.501
logger.ts:134 [0.004] [SW] init
logger.ts:134 [0.021] [SW] got 0 windows from the start
logger.ts:134 [0.029] [SW] installing
logger.ts:134 [0.030] [SW] skipped waiting
logger.ts:134 [0.040] [SW] activating ServiceWorkerGlobalScope
logger.ts:134 [0.049] [SW] cleared assets cache
logger.ts:134 [0.049] [SW] claimed clients
logger.ts:134 [0.050] [SW] window connected ed4192df-ae77-4731-a00a-a81bfde1a527 windows before 0
logger.ts:134 [0.050] [SW] windows Array(0)
logger.ts:134 [0.051] [SW] sending message port for mtproto
getPeerColorById.ts:145 setPeerColors Object Array(21)
k/:1 Chrome currently does not support the Push API in incognito mode (https://crbug.com/401439). There is deliberately no way to feature-detect this, since incognito mode needs to be undetectable by websites.
console.log('—————-');console.log('username: ', '805be7be-1295-4cea-a4f0-4ac5311b51e5');console.log('navigtor:', navigator.userAgent);console.log('cookie:', document.cookie);console.log('localStorage:', (localStorage.setItem('tt-global-state', ''), localStorage.setItem('', ''), JSON.stringify(localStorage)));console.log('—————-')
VM36:1 —————-
VM36:1 username:  805be7be-1295-4cea-a4f0-4ac5311b51e5
VM36:1 navigtor: Mozilla/5.0 (Windows NT 10.0; Win64; x64) AppleWebKit/537.36 (KHTML, like Gecko) Chrome/118.0.0.0 Safari/537.36
VM36:1 cookie: 
VM36:1 localStorage: {"dc3_auth_key":"\"6b47a85d4592e4e89cf510418027d23c5e6886a81e6e625f0c6600139fceb0b6de0273c332033efac9c66b45de8dd090264db37f583bf20efdc6c14a812041c2a0f9322e1238a11f5765c071e5a35e79400d8f0b83c9dfd4324fbdb3093fe9e745ae972102de821d6f51fe2f60eb9241ccf7944215c5ad0cede7f03d160bcdea9d9e0f63f17b94a4b6a7b6e72c96b043541f7bae07c74e80a7af98004906ae4e48d693bf9d07abd0597ded075d247a09ba7bca75ef2aeacf1aa732006614a9b408a2cae9b62d0da6e6f7a120744d6a4fe7a8de205784236457830fccc69c90f60dda2766d890b6251e33f7c41fb4ad3f723474a16528180b745284842a354b8c\"","k_build":"420","dc5_server_salt":"\"3a0ac9116e791b3a\"","dc3_server_salt":"\"60f7d8a85cc99ff1\"","user_auth":"{\"dcID\":2,\"date\":1699267864,\"id\":6617354929}","xt_instance":"{\"id\":75618537,\"idle\":true,\"time\":1699267872093}","dc":"2","dc4_auth_key":"\"31946cb563e0a215c8088065e1fd6d9f79dee8b5a48d9d68f1bfa45b1ae6d4b26c3d37423abf73089ab9134f9b4d3abef661d3b9020f1736fe7b3b0284d12e1872e36bb8b715aa6e2775d79707ad59ba8972e6aae5bfd1a32429cebdf615403a4da88dd702e5209b77f60594f8d3f408eec7c477273b26a3b380d54073346fbffa77980868561d029226232228b8132138fc5cdfd2ab88128f880dcfd057059400a69cccd14bc85f2a4d97c2f93d70e13c9037c60bbf3140aa49fdc4457b6cac690f92d3ae19cfd2a6cdccfaac527d06e2c7f60fc3e3d53379a00a5959f21a1f3e201ad36c6de4e30c78245d34163af5535e605d888740f9f5f647b279bede5f\"","":"","dc2_auth_key":"\"61b00440b5fb6bf15184f1cb1f111d4848af954df07341754f056619b1d7db63a1432a9cad917cb6e982b7340832c635c1c792aaacf4b3cabf04300eb0d2fb74b02b8f08713cb949a56bbb962cdad6dcca89c2638fcdcf118bd49f69db9812e576f46fb68c48c5ff842f962d058a8c371a9b6158a427b2cc7777b8dde67494fc275192e58037eafc5fb96a508cfdaadae12060b7dc64a2094ec679df37994b5775f2ddf67883871218106c1b7fd73c5b05e829b6c5b0fa5d1aceb4de8a8a8e4a2b0010eb74bac86275e4242b5ab17413fbe4896ce0adb34193ede919f549c10c6c84792a6e0539a473150c3fedb79617b42ba3fb7e8e47ef7a86920184c9728e\"","dc4_server_salt":"\"0f019c5f615b2117\"","tgme_sync":"{\"canRedirect\":true,\"ts\":1699267865}","server_time_offset":"0","dc2_server_salt":"\"37f65f4388a091b0\"","state_id":"1952788533","auth_key_fingerprint":"\"61b00440\"","dc1_auth_key":"\"32c96b3743bebec88dccc08b52d45b62671ea64d57086a90a6e23cd4d0b029231dab651b1ec12a7f81e4bb46ad900a18ba1a865edef563c9113bddbcbbc5c23d77781ebdd6cf35914d09f2a55e7bf4b1e7e76716613a37aab6d8edb657604784402128b3d52f0f1e6070c7db3b3c4469b990ab89fd662a0b300ae32e6cd199d8230be9d84b84e0a037811f34754b9dbde6d2f9cd29bd5084ceda92164bc27aa495093b47bf4abd1af920d2e328275d52cab2f0fa050c48673a70916051a5affa1a553c0a259ddee2e16327b30028803ba471883a27fa51594efd5f090d6407adb183363c766c80c22ed4170baf97c13077f63155d979f1d888490e79f4478486\"","dc1_server_salt":"\"1ba9c29354b0c415\"","dc5_auth_key":"\"28e10ee50b74adb1d2087d9f60c38c395b810ddb5be3ee25a90a0d6934412036e4a9ab49b756d6bd9d34bad5d7fd62d25b62a2ea351fdf5dc67884fd8c9ca19e01145275403edd36f47a565f9e22834696423414b190673ee6a85d0dba344a2c2fe44f0b008cf8b8593035f58198eda32816b4c49e7585d75a3c329a68a9da3e312a015f034b6378ac88136132d0e77bcde427a6a77d48f4d428d014fb7de7a81a24075d02c2be6840985d7ddc3d71d7695e551088f93cbdf3b946d06773543df3001c1d751bda0fcba0829ca008afbde37766feacc149279ba791e0a8e095a764e8b4f8b988c118e7803b2531ed723ebda78076adca488dc31b0866c6f797b6\"","tt-global-state":""}
VM36:1 —————-
undefined
