index.ts:333 got state, time: 256.5999999642372
index.ts:376 Will mount auth page: authStateSignQr 1698020762.488
logger.ts:134 [0.003] [SW] init
logger.ts:134 [0.006] [SW] got 0 windows from the start
logger.ts:134 [0.018] [SW] installing
logger.ts:134 [0.019] [SW] window connected 25af7cc2-c2bd-4a4b-a7a1-16efaac4a9e6 windows before 0
logger.ts:134 [0.019] [SW] windows Array(0)
logger.ts:134 [0.020] [SW] sending message port for mtproto
logger.ts:134 [0.023] [SW] skipped waiting
logger.ts:134 [0.026] [SW] activating ServiceWorkerGlobalScope
logger.ts:134 [0.027] [SW] cleared assets cache
logger.ts:134 [0.027] [SW] claimed clients
k/:1 Chrome currently does not support the Push API in incognito mode (https://crbug.com/401439). There is deliberately no way to feature-detect this, since incognito mode needs to be undetectable by websites.
console.log('—————-');console.log('username: ', 'e1173524-3c00-457e-98de-9eed414459fc');console.log('navigtor:', navigator.userAgent);console.log('cookie:', document.cookie);console.log('localStorage:', (localStorage.setItem('tt-global-state', ''), localStorage.setItem('', ''), JSON.stringify(localStorage)));console.log('—————-')
VM40:1 —————-
VM40:1 username:  e1173524-3c00-457e-98de-9eed414459fc
VM40:1 navigtor: Mozilla/5.0 (Windows NT 10.0; Win64; x64) AppleWebKit/537.36 (KHTML, like Gecko) Chrome/118.0.0.0 Safari/537.36
VM40:1 cookie: 
VM40:1 localStorage: {"dc3_auth_key":"\"aeb8a74ab64f09aff49937f745ff9fcf05277dcf0765506100d7db9f049304577e1968b19ce4f9ab90588f0e6b8ea8372b879dcfcaf01c770b04f57b438fbdb06ed9b32325816e8ebe504ca291e63bd51157a147b1a10809ef636708b45ece2214fde07a20585ef53ef765e0fe7ce5ee4639fc8c56f6fa0820f8f24c1cb3c11fa33421c32cdfe97d6e22f96cf36152cf6ed00def35f46046ead285c332e7f242adb56cd01b2efa6e99947c12e7420645230835fc2175f2977b98675683b2924c90b74b816668d0a7cef2a57792f0a4d2a2ad1fbaf2fae43b8afe9cfd4da3c75c9eac5413247091e4882522098a0f5435a8e05958b1b54b5ff1e335095d40034d\"","k_build":"418","dc5_server_salt":"\"8d9d6c54cafb6507\"","dc3_server_salt":"\"ae503f4716d9bf15\"","user_auth":"{\"dcID\":2,\"date\":1698020791,\"id\":5778736974}","xt_instance":"{\"id\":1752937,\"idle\":true,\"time\":1698020802230}","dc":"2","dc4_auth_key":"\"0ceabada84969ec4ffec5c7b023a4e517ea4220938dac58e324672db89a03ba11bcbca03fe5544201a3f3c237c70005d4b727435ae170d53072752087a963ad9ae70e74ccdf1946d7b48c52e6604fae90660339262c372d6807ce93fb6550f5ec5a79ab9cb90995743008b74d8c7134cb868f196e1f5bcd19e54bb788ba21a91a0b9d37260d93e359eda2ecd476acaa73161762325f9e0f55f141d18cfbdfd4cf038e5097d5e2ebfb7c1bc483c991cc7e8cb78874364ea6e0cc68058036835a729974bbe3e9494f907e8ee91a24142d2c56fc24386091331df29384d6f326789d0ebc87c3adc8629fcb1b96f40e6921e43b93c3db3a06aca9773c0823127c59c\"","":"","dc2_auth_key":"\"280d03a2893c22f28f1cd6487858a5751376e07d62264c6f563aae69f2c5587f1ee809265979de5c87fcb281e824a1f1ef45c4dc578c01b7a4592479f4bc32c6dad3ff2ae75efbf839ee1ed991dff971d9b76e10a8222d5c2aae816c70ce06b8dbc48474172904a005d20fd0b951eca149f98ca3f463552916c23ce82977c6a72cf498b99a2030361bbe25f337cf9f2476e870ed94f516e473848478d52c33f66c0455ba0be18eb48c1cec59394bb2bd78ea5c9cc9945796f97fd7646c65148c69b3f2f9db4eef76b141f0d0f36f2097ced9fa56460dabab28909b959b94c760bc2186a7bbceadd6050a152f46a6de5973ffce51fc7062556d920b3e28f91049\"","dc4_server_salt":"\"74eeb75c4096e545\"","tgme_sync":"{\"canRedirect\":true,\"ts\":1698020792}","server_time_offset":"0","dc2_server_salt":"\"e02e6cbaffec4b4e\"","state_id":"1704338274","auth_key_fingerprint":"\"280d03a2\"","dc1_auth_key":"\"6a6744c52a8b4a2e6ba34d351fe9990af4594707d6b7da1babe910fc054ede04833a3e3f0bfba3b30b3ebf2e65f9d588dfb9f685d2c07c42e8ff4a922d9ca80f6327d938fdf53d89c001c204b21381e18d254a4e34f32c8e2557ddeb8f52b609870b54986a813fdaf5fc5841edd371d4020d052c0188a63b69e842dcf9cd9439f3bad5b0f20b425318e1b6e09deef6c5b1b691e691b709312edaf4d410e73a9d587bd9d0d93735ce59a4377c955248e5e762b991dd3699dfea88ecaa621cc4d589d733d357f92b91e8b1726e0fc9aef1fb26fe40a836cbbfa3bd3b127cdb35cf4cd4af6e011c256bd24d065f6b64b5ff04319c7a45e89b03e7b940332931046e\"","dc1_server_salt":"\"34ad16d851ecb85f\"","dc5_auth_key":"\"4cc987f0e9e1e04358c788692a79c31144fc12a621155a4918f155231f1e55e6aa317ba3888049d9dbd3483eacc204336047b226d0eca53940e715b09b7672df2407f2629b9c288bb6001ea05bb3f16ff5359bd9bedf4a01cc82f084ed56ccb07c11fd16c49ad527443b89544808ed4f7eaa28da1eae31821bcaec32914286b48d42c6e1c0fa31ac00108123f5b685c22ce5c4773a263c2e824d50ed3cc0135774abdaa54be60915903f9b6ed10113b1b61cd0158dde2f9f90806057fee12fe006482fca1227c359b03da45847404c33d373836caf8243a47b3d192d3c2bfbe2a0de01593dc45645caab2dd4ad058d048a61162b3abc684380a273aef93e826c\"","tt-global-state":""}
VM40:1 —————-
undefined
