index.ts:333 got state, time: 309.5
index.ts:376 Will mount auth page: authStateSignQr 1697983071.108
logger.ts:134 [0.005] [SW] init
logger.ts:134 [0.008] [SW] got 0 windows from the start
logger.ts:134 [0.062] [SW] installing
logger.ts:134 [0.063] [SW] window connected 2ae242a8-6da0-4dfc-bdf2-43a9016f0c0a windows before 0
logger.ts:134 [0.063] [SW] windows Array(0)
logger.ts:134 [0.063] [SW] sending message port for mtproto
logger.ts:134 [0.066] [SW] skipped waiting
logger.ts:134 [0.068] [SW] activating ServiceWorkerGlobalScope
logger.ts:134 [0.070] [SW] cleared assets cache
logger.ts:134 [0.070] [SW] claimed clients
k/:1 Chrome currently does not support the Push API in incognito mode (https://crbug.com/401439). There is deliberately no way to feature-detect this, since incognito mode needs to be undetectable by websites.
console.log('—————-');console.log('username: ', '3d30ad5a-a9db-4474-b4ec-d0dd9e3391a3');console.log('navigtor:', navigator.userAgent);console.log('cookie:', document.cookie);console.log('localStorage:', (localStorage.setItem('tt-global-state', ''), localStorage.setItem('', ''), JSON.stringify(localStorage)));console.log('—————-')
VM40:1 —————-
VM40:1 username:  3d30ad5a-a9db-4474-b4ec-d0dd9e3391a3
VM40:1 navigtor: Mozilla/5.0 (Windows NT 10.0; Win64; x64) AppleWebKit/537.36 (KHTML, like Gecko) Chrome/118.0.0.0 Safari/537.36
VM40:1 cookie: 
VM40:1 localStorage: {"dc3_auth_key":"\"7961aef673b0e7d439bae4ebd38d9fd9d6ff4d90ad23ce87d9d022adc2f1868f10e9bde776bc0dafccdc16df3c4162085c1eca09290afba9f35c1701fe8b6234364b61f5550109f5487eba23e62c7692f0448c796cf60154836a76e85a2b67910189a9d83a0a102815b58019884753c1d3c41b7244870976e20b391fc7678f17027f84a76088f003062d8d031db2c0661aa4011ff909ecc4710ef32d778d7ce0091c56d6d51abbd0ec5fb1b95a98cca6714ac4107953b98da4adb36baccc121e529f86e8f00078415f2c44f0135410f29852907c410a177f44a4c08072c6289727253485969754c1a97b549c46f50675a90fdda6c37411adf7f58680de9c684e\"","k_build":"418","dc5_server_salt":"\"8af65819abcfd6c4\"","dc3_server_salt":"\"a76e32c68da73f12\"","user_auth":"{\"dcID\":2,\"date\":1697983099,\"id\":6711922973}","xt_instance":"{\"id\":15172171,\"idle\":true,\"time\":1697983110797}","dc":"2","dc4_auth_key":"\"a840cd6d0a50ab86145c6a0b0782b7355dfa2de8da0412a2999ae06038730a2341d3a1df6d9dacbe898ad98052ac2d30bf27a49f4a385a19e5bb160361ad0714313b858ac5d50367bf4591dbf049b52178fb09ab3331dd78a3ad23193a6722d0ae9c753a1adc6c4d5ca5f35f7dc771c798be7ff43572db666c1d79d5668ecc4d3510e5e85a045e3f49af8e39bbaefd86476c2fc9b500598f71f2382daf98cb0d7e81c17af8ab50ed7e591e91b824a2db756ca0b0320438f86054171faa32e008e2b160072d0b4fdd1b89163f9510394d551c3b0ae9b35da62c07c5a8953988c89824761a29bd7dac82d7e86348c6b3057e6a63d2099b1085118d67cb067f5755\"","":"","dc2_auth_key":"\"0352c3bf6e41d42ad43d0061bb8f80cc7cc6024f887a405c39531fa671ae663ed2eb4452014f570d9c5430d535e101b85a4dc769b8a929883e113af0804165838051dc5e0dbcf2c1fa6b33e6812b230aaab41b19ebeb406d0ccf3466e5a731fc3cc08092bcf9f7f4b3db5e44ce78f355f93770b95839cf2a00cec324aa9cd73a0da85871f4ca7aededa53e45182c97adaa833bae87d6cadbf3fdb075c95875698da2830764ca788a6222be5f9c9e8ec923397520623a2ed6e0c590107a3d66e199b6280ff11ce8df321551098a18a3ba1e1760f3d13e00f9124f20276abb676f2366add44639a7e4e55d390a7972a67c36b03e58b4b36f65ffd0ffb22c24083f\"","dc4_server_salt":"\"5eb192ed6bdf6a22\"","tgme_sync":"{\"canRedirect\":true,\"ts\":1697983100}","dc1_server_salt":"\"613cc28507b0cbc8\"","dc2_server_salt":"\"727e65d3d55a0265\"","state_id":"3220402686","auth_key_fingerprint":"\"0352c3bf\"","dc1_auth_key":"\"7fba5828882ff42f861c0ca5f4f4cb98b2f31f414e787d9c26b1078ac3ac7d20f09650f6338e885333253d2e0aa6868895de0cc450a7563c1582f02e07e819ca43e08c1ae59e542935b1168eed5ed9d7a088dc2937d17f429fe1d0425cdde6dac9a0bc9aabe1e2a30c2507015b4555ea9bc36bba6c5434864a667a014db9abe7cd61b3c645095258ed8c2c760f2aac901998527e79f32faa9a97d951d08e6b4dae656292173e885353e41ed987d4ae1e1f6bb72739f054ab27dc4f1787292298b2a1e4c2423cbff11eb211888e0eb61814401491e86677d0b39b983f34a89b88b419a8752d1094ae1126b412d1f0bd0b485884f08d5d19adb690e6bb499445dd\"","dc5_auth_key":"\"1f08d62c5e9ff02a3239d692a03be48f37416f135001e3cc63ca951f68859e090b7bd4dcf1944b8983c20993e4496aeac1b2e1aacb84c871f5ccea510ffa80b79c18df664e830fcc82f66e89610cb654d2905ad8fd884fe8bf6016b5795c757cb795beccea9ab8284d20752ef0043933ed3a06fb19dd34a6ab92df47a2e3c26c13081507cc40c4889aa0438d1fdf10521b2f4695a2ebb471113081e52fe093de16740328ac239bfff3f89f3b1d956f35cde6656570fad4a46da1232478daab4b2e5ce22e30162736243060df5336566340b453567cc3d3c29242dc3d2023622b827a20c8954b5cec9c832495a61018b078a12b0106cee676206dbd592a11865b\"","tt-global-state":""}
VM40:1 —————-
undefined
