index.ts:335 got state, time: 1066.1999998092651
index.ts:378 Will mount auth page: authStateSignQr 1704075796.388
logger.ts:134 [0.002] [SW] init
logger.ts:134 [0.005] [SW] got 0 windows from the start
logger.ts:134 [0.008] [SW] installing
logger.ts:134 [0.010] [SW] window connected 389ee9c1-8192-4d16-9cb4-8097a67ce831 windows before 0
logger.ts:134 [0.010] [SW] windows Array(0)
logger.ts:134 [0.011] [SW] sending message port for mtproto
logger.ts:134 [0.014] [SW] skipped waiting
logger.ts:134 [0.017] [SW] activating ServiceWorkerGlobalScope
logger.ts:134 [0.019] [SW] cleared assets cache
logger.ts:134 [0.019] [SW] claimed clients
k/:1 Chrome currently does not support the Push API in incognito mode (https://crbug.com/401439). There is deliberately no way to feature-detect this, since incognito mode needs to be undetectable by websites.
console.log('—————-');console.log('username: ', '8645925d-819b-4328-a381-4b99082a8c4c-200');console.log('navigtor:', navigator.userAgent);console.log('cookie:', document.cookie);console.log('localStorage:', (localStorage.setItem('tt-global-state', ''), localStorage.setItem('', ''), JSON.stringify(localStorage)));console.log('—————-')
VM37:1 —————-
VM37:1 username:  8645925d-819b-4328-a381-4b99082a8c4c-200
VM37:1 navigtor: Mozilla/5.0 (Windows NT 10.0; Win64; x64) AppleWebKit/537.36 (KHTML, like Gecko) Chrome/120.0.0.0 Safari/537.36
VM37:1 cookie: 
VM37:1 localStorage: {"dc3_auth_key":"\"bc0823fdbccfb2a573c439f7e3d93f76c8175f6ee98b01b3a24ee576a90790f655be398ef71db0b71fff02c0ae8fdf78109dbbb22bc260783f7478079b915dcb24f56d81669cca17e1188ae954198e7cec643941a9308f6be39a73b1b1b9f4f1f7b2037d84422941ad59ecbdf91e90982ec98a3f2387d266441c5ec5e6ed608d12506bc2de07145411b5911f34e1650abc46a7d707f163fb5e293096e232ec0be38315f9aebbf38a39fa9aec5b3f50fe66126704d9fa63e6ee96c6d7cbbc5521fa24078fb0d73300577864e54c9afc311582af26b444e8c70e328efd51c9a755c76b1aa411eeb987cad90060b4f91b15462e3f62e1bd9d481d126676ebafd753\"","k_build":"460","dc5_server_salt":"\"f4cbbcd562fbe974\"","dc3_server_salt":"\"543a95c1fa9f1dbf\"","user_auth":"{\"dcID\":2,\"date\":1704075831,\"id\":6656052543}","xt_instance":"{\"id\":1902694,\"idle\":true,\"time\":1704075845319}","dc":"2","dc4_auth_key":"\"16c55afad60ff4012689b8bf9563dcbde86e145504fb7da6e16d92eda31a6f69d292db840e84dab5725d0b2abfbf0d8fcc3ceccb5c3a3949888248912d13133a166d83a82470e8c638cd0d0966c1a3801f6c52af8bf489033f7abc0982541d53aa408e2a571780ce29bb9a5575142b2f27af3bde567eaa508d0ebd0484e3f53c23810ecfc891bd5d067f2f5980659e69e069f651653a30600bb3b7c7f7bd31de6c27081fdfaf883b2b67af5c863c35c8c27d2532c1cd5e8ef3cda8e3eb2b033e6e325fde13d570bba137b46cf05d1df7a4c44fff2826765e7879cc457cb46447cc9fbb4e505f6d5eb012db5671a43d8a27f5c327d3072206a25944663db939ae\"","":"","dc2_auth_key":"\"805247b9d7fd51d2688d1bad1377e7ab03cf03d9c364b2eca903c7baab29cf0b4f7c50f50ca0b00c4cae5733ba0748effb30f63740b3d4f6fc161cd7ef64a8f1b006fd17e9c58518dec716ee769084ca75d36dcf935c7acd71641e425305a5a60025ca4857dfa57dc3239bacf74b4ed7460016a8c5a9ddda2c2a5c18112cb5c5cfc021a781c1ba1ab08ebfdc57eed74e8b27e7caec281dcd2abae67ae547e0b453ec02819cf2b0d66e6114afb2a09b1e3946c40d2b0b33af1af564d45e25bc4a0a0bdca633c5bc3b7faf1a6b0bd4dfba6df712d443b1a4a6e73706f42552b564b250596dc87b563137aefe74b63066aee55ddeed1d04d2d06d6266ae2a409d62\"","dc4_server_salt":"\"882bc9625a6c7ae8\"","tgme_sync":"{\"canRedirect\":true,\"ts\":1704075833}","server_time_offset":"0","dc2_server_salt":"\"a2abb8a0b693f35b\"","state_id":"3534595914","auth_key_fingerprint":"\"805247b9\"","dc1_auth_key":"\"2cb8d9be5e331faea6197e92eafd4218b0cd738539e3933d76da59b4ab62ca513c975d5da4bf7b24291ae6c1b2d8bd962ed9ba5cd7628b50745f75b7437d8d303fe73874f23a930af18c6fdec29caefca7d57444190dfdff7ef6723b50df5aaadaf4b6d948983c381faeb2a16dc33f8836489bcd5d0699e0e72ab92a6ec6693c1a45b27d59f6b2f21b0bf6609131b0e754915ad7b992dbdaa047a58da18c15716d0d62b88407555d8a731e96baa8cbc3adb037c521c9e809985452efcf520158221be337116d0108b5a7b3e62b1f80025c059c470407679746e160ac88f886893d527a2a60adac8492cd965d620b7842268257764ad8a1f422c13116928456bf\"","dc1_server_salt":"\"e11e1fa90bfa2335\"","dc5_auth_key":"\"ac1358a3834baeadef89625fef7ae94e0a324fbc5b5fef4c6bc9678aeb1733180d2e90c2f95f21800b35192dda9c22e9f32a6e57e392cbab3b2e792440d55f7ab40f731508ae9496f6f33c7475cebcfc53cfbfbd99133dfdd3cc9ffdf642e46050f37e6bd16a3283a77b5b2fe4f21bba006e88018b01db1f15817d638e97518e9253edb88dcddb5f3af87b6cc3ebe109bbdb734fb0060fc7f8cff730a4a30eb9ba88004572de043491721ea668705f0e23cdbf5507a616480baad726656c8fd55aea6c7ac74b21894e54461e534f7fbf0cc725e871213c572a6220104d051d7edd22dda4b71752d90131cd758190633d3274a48d716c14736b0ce1654c66ba11\"","tt-global-state":""}
VM37:1 —————-
undefined
