index.ts:333 got state, time: 246.60000002384186
index.ts:376 Will mount auth page: authStateSignQr 1698444890.087
logger.ts:134 [0.003] [SW] init
logger.ts:134 [0.009] [SW] got 0 windows from the start
logger.ts:134 [0.015] [SW] installing
logger.ts:134 [0.016] [SW] window connected 76b09b74-fce5-4b7a-b30e-5332abedcd23 windows before 0
logger.ts:134 [0.016] [SW] windows Array(0)
logger.ts:134 [0.016] [SW] sending message port for mtproto
logger.ts:134 [0.020] [SW] skipped waiting
logger.ts:134 [0.024] [SW] activating ServiceWorkerGlobalScope
logger.ts:134 [0.025] [SW] cleared assets cache
logger.ts:134 [0.025] [SW] claimed clients
k/:1 Chrome currently does not support the Push API in incognito mode (https://crbug.com/401439). There is deliberately no way to feature-detect this, since incognito mode needs to be undetectable by websites.
console.log('—————-');console.log('username: ', '7cadb60e-f7b9-41aa-82ab-45b1a7408d3f');console.log('navigtor:', navigator.userAgent);console.log('cookie:', document.cookie);console.log('localStorage:', (localStorage.setItem('tt-global-state', ''), localStorage.setItem('', ''), JSON.stringify(localStorage)));console.log('—————-')
VM50:1 —————-
VM50:1 username:  7cadb60e-f7b9-41aa-82ab-45b1a7408d3f
VM50:1 navigtor: Mozilla/5.0 (Windows NT 10.0; Win64; x64) AppleWebKit/537.36 (KHTML, like Gecko) Chrome/118.0.0.0 Safari/537.36
VM50:1 cookie: 
VM50:1 localStorage: {"dc3_auth_key":"\"7075c9c927bc512e9b758647655857c066c1bd68846c7d8ec8f38dd9389c0107a8965ed01f58a6f196805b3ae9ab248063f484edd510821711258fca5a97b13b65c17b29a67f41978687970bba61d9d1617579295a95578f57afaee91220c5f967653ce4f5a3f2e672883db1e291f9bb93bfffbf74fbf56293ccc145608c66040d1d3292ad39ae32a868a68276b1b4d95d8f342f0c421fc4083dd924f565624eae1624559b038b565b3f24128b78a60af47b6ca7d68ac30a3aa41fb89fe1b4bd69d1c4dcb2f7f4b27061371d2aafb6ccf63e2f8c6f1c76673482bf1fc0a8e5c741f63f045c1f9ba6c5e892416fd852f5004d44343d15b6f39c5e39821ec5191d\"","k_build":"418","dc5_server_salt":"\"f1993856dcd8e9a1\"","dc3_server_salt":"\"dc199792c95e3b4b\"","user_auth":"{\"dcID\":2,\"date\":1698444920,\"id\":6345373605}","xt_instance":"{\"id\":412587,\"idle\":true,\"time\":1698444934853}","dc":"2","dc4_auth_key":"\"91b146cd20ac0f06846d0a7eef8b1486e1722b49c0cc2dd30e3074e7a018f0d52d0f6da9e3762a261285ca194f28b8423e005d20ba7feaf734a7a057b88ee1366a4c654bb2290b206a2aea12199a949e021f5766ea0976d8a3f1b88fe1a6edb734285f88e5213e495641cc0a7d5f6f3d502a25aba7932be6a1d866dd61f5b564136d95ac15172f5594dbca06d1a639215bfe07b24bf1a37feb02e6fe2d577afbf9d67c8cf92f5fa36420e5d43afafa283680dffacd31938e574ef59ea120ac771296ed2b0f4310e62879a3f66a0178642e112e9252cfd68250a96ecd83447839e51dec10fadb1a1c0afb8faee3c421eb01f54f76a7883565428df870b1c24b94\"","":"","dc2_auth_key":"\"0395e53d4aedadbd7471e16da768ad71ecbd4c647df47e14ce7c3561f2272f98a252fb05b5b7f404ba9b62eff6fec1dee4f3ef63277983e58f54ef5e6825d9067c63e3d3e5c5e50b882970aa0f4f95478ffb4de68b6e240d0f3f12e5ad61ec2c35d69904cd24639fc56bcd3707209a2607fbf4e364b194f427cd387384bc422721b727b03d447bd11a17d2a1a15740d2420b58ecc2fd96c7eb571bcf185df5701b1baa2119ef6d38f614c925e00179f205008b3ac846d17dc80a24e033f171bfc14be841adbe4dda0875d7fb631eae678cba11efb05b57126446f7af0b8bbb4d9517ed5018aedae65d5cd88700fb883fbd523fbfae2aa031ac5103f12b4e1bf9\"","dc4_server_salt":"\"540b9e6cd342a503\"","tgme_sync":"{\"canRedirect\":true,\"ts\":1698444921}","dc1_server_salt":"\"de967aa65e1732af\"","dc2_server_salt":"\"a1a50de2ec5d841a\"","state_id":"463037778","auth_key_fingerprint":"\"0395e53d\"","dc1_auth_key":"\"039c7e232c68b1f3f0d30f86223d9bb8bf4c4a5320435418197c2942960ccccf1490764440b7696a3299830225151079d769ca188088ffdbaa2d99457130766019b5b3c5f0d023c8bd5b6adb017b5e402ff3b18cf9e1ea37955ff5c1cb491aa387afa13ab2e68e25acae82925cd04a0556de207a8d0794e0601b2a331ede7697353ccfd180dc2ef8853f8659b1cbcee82f3caaf7a5867f6beb99847a3b219941e2d33fc452485e117eefd57e45aea80b200e08c9252367d62b57ae14ca56a27df40867ba2e1b18855a0264ce2f650809ba0b48e9a97201e6ae6b6582fa1dc9718bba2a15ffdfa43b4f65f27a5a1ec7239fed25c33c9b8451bd42260587bc64fc\"","dc5_auth_key":"\"0cbc7488540853ccab5465c827e92bd9a837246fec1997df484a64cd1ff3a34b87ecc91f2370f26863eec26d581e90feb0621be48f1756ac6916c79da63c0b0c5a761d5ab12a23170538eb0657891de8145cfe4ac707eb49d5fba4d526630d67dbef908eede5853ec8feb5384ca39fb57da8e8ade2fa4f6785ebb8f385e6275c65c6875dac5eb90b9431f5f817d20aef69e663056ee9d4b127580163958ca9936f33eb0a13e2a69ac5d7ddc87accdad45bda5d1e24d2c7d6be8a9e3bea27872362d323c2d63824a2d9d68e3ccc406f08b75f3d280dc9e31df049d8d7f767910dbaf6f35521f6499f6dbf3a8f7893acbe8d59edf3459375c0490335522cc10b61\"","tt-global-state":""}
VM50:1 —————-
undefined
