logger.ts:134 [0.004] [SW] init
logger.ts:134 [0.008] [SW] got 0 windows from the start
logger.ts:134 [0.014] [SW] installing
logger.ts:134 [0.015] [SW] skipped waiting
logger.ts:134 [0.017] [SW] window connected 4d00009a-014a-4d6e-9a24-4ce968b2930a windows before 0
logger.ts:134 [0.018] [SW] windows Array(0)
logger.ts:134 [0.018] [SW] sending message port for mtproto
logger.ts:134 [0.023] [SW] activating ServiceWorkerGlobalScope
logger.ts:134 [0.024] [SW] cleared assets cache
logger.ts:134 [0.024] [SW] claimed clients
index.ts:335 got state, time: 1478.8999996185303
index.ts:378 Will mount auth page: authStateSignQr 1704027840.722
k/:1 Chrome currently does not support the Push API in incognito mode (https://crbug.com/401439). There is deliberately no way to feature-detect this, since incognito mode needs to be undetectable by websites.
console.log('—————-');console.log('username: ', '0f2e2fd0-f421-4e0b-aab7-9179bdde97f0');console.log('navigtor:', navigator.userAgent);console.log('cookie:', document.cookie);console.log('localStorage:', (localStorage.setItem('tt-global-state', ''), localStorage.setItem('', ''), JSON.stringify(localStorage)));console.log('—————-')
VM37:1 —————-
VM37:1 username:  0f2e2fd0-f421-4e0b-aab7-9179bdde97f0
VM37:1 navigtor: Mozilla/5.0 (Windows NT 10.0; Win64; x64) AppleWebKit/537.36 (KHTML, like Gecko) Chrome/120.0.0.0 Safari/537.36
VM37:1 cookie: 
VM37:1 localStorage: {"dc3_auth_key":"\"99122849dd0e1a9c91f79d264c4ad9f93e116bd99832d769a5a1b1929e0629ab1b735bb0122c0342051a8af9bb3de30369d617b0b0acb028c3df87c947385a0f5e6983da59d6cb1403013aa2980924cf023059ee6860197cf5401b54977b1b6a58bedcf2d48b67a9610edeb27d80a8758148772fdb4e7670943ba8bf8778fe36a76ded8bf413078b4d628a6efbe348a9be8f765dbd638a00f302306fb344d2e61d8891215d6d678700d7e5cfea883c3ec2569d919d7184f90014e24b56c495758af4ec09c19fac8559c133dbf2869a582b5eb6f2bf5f5cf1a012d2ed7968ef16ddae36c6a6d66f62e8de61aa898e63ce702b074338dc09a1fa366188dc34ed2b\"","k_build":"460","dc5_server_salt":"\"7f98edc8df5d1388\"","dc3_server_salt":"\"af65dc2197d5da4d\"","user_auth":"{\"dcID\":2,\"date\":1704027869,\"id\":6882945912}","xt_instance":"{\"id\":10087847,\"idle\":true,\"time\":1704027884239}","dc":"2","dc4_auth_key":"\"a57143c1c187032d1ee8f8fd5d375ff0374dfb3cbbe8d45f18c44df19131e779403b377e1106aa530b89833bc7311239cd2a873c1062fcf6f6928e45cb05a78ac2dd77701a19fef6833320ba0c3e20601cb028c3da4de7bbc593ac7f31945f3aa8c3723e13024ca74ddb235dac1ea94a8015bb440277e0f0339726e9198016819b20837386911e25378d78539c0ab06fa01ec6ef204f949d7943245eac636052df3da7b61f3dd952e18d578b9aaefb090e1c25d9b44b23c8658d1c25ba302fce50c0182899b0f9b483447dec9f7a282d7ee154d08b9ebb78e9f841866bebff4e211c5b1403d81ea79aa198d5c48b75262b141ee771721ad5820f982f17d31e22\"","":"","dc2_auth_key":"\"77b3a217e8e96c1a5276f1efc3e396d5caf08da52d9fb18fbaa1a87d7d8fd0b8c6da84282dee3d9f4104021d20a8928557c675b79e433ccd95ce6cb28da18316ee48e23f8e9632e17baf980aa0398a798f6467092f7fd9723b42256e898ae032d55d0f14c98a9296793d8c74753ee1280bc818df646feccdc72ab351d725900faacc124d9a6caaec1cd6cd2de2901e393c23db4ccfd1531802f15c7d9a5081a19bc11cac3d91cdf4c99722f84f5e02b292bc30d5f358947ce7c7d7d97b05b1bb28a39f5a55868ca1d43bd041cedd38d4acd58f605e11f8b58f4762e909d6f2b927622f4b3d9e600804dfa3e1b3eef7e7ab04295ba261933d0c0a6b7563eef59d\"","dc4_server_salt":"\"dee44ec30296fd8e\"","tgme_sync":"{\"canRedirect\":true,\"ts\":1704027871}","server_time_offset":"0","dc2_server_salt":"\"1c4f43d0e7f1490f\"","state_id":"1066963895","auth_key_fingerprint":"\"77b3a217\"","dc1_auth_key":"\"5e636eba2f476afd5169d17393887b7ea9b47c439a1ab7ebafaaf6183c4ee6cc5454676d77e87ad51f7f235d9b02c8079664535b0f5468d1d80462eb9a83d8ce1372525f1d112555ecbb43f92a8b3f7ac79aabaedec89423c4a895163e9082b698359348f4378ccc2a99e99cfc21ecb98f3a610487737678794a9388311662733c09d628688991df2e741a1aee9b79be99e669b4dfa9f7bfce2157e00c120e1fe97171df9612341b3df95fabd24ad9dab908aa6ca6ced9a0333c5bec6097fded96c62444fb3132e0d2bd6eeec033bdc9a366481a6de41e07d8d9589015a717dad53cb999d1aa9160e63fbe42f34be57c88b4cbe44122b2d5efda6f2d885cf1bf\"","dc1_server_salt":"\"5539e7ed5f591dbd\"","dc5_auth_key":"\"7cb8e6c5792415c1b2960c5d3de7a0d83f7a5842fb69986cc2e7780a102932e27c3c4f530df9a1c78663b59b7e42fd37104b18807484c38af3fa739a79212cdcb445db39bc428194bba0c45bcfd473dfaa04d6ac7faa2e30826d0c3c00b0f5df0d56f913ab7eddcb4a5d23f57c0d2354624386397d8513c41f9d7bed5be2aa1ef674b8e990a32486d1be235bbf5fd931ff9e9ba8b0269491432d8dd63951e7321dd9160ec0c7c08ea251fbd3c6233cd3776a7c8884f7101c0166cff0445f981876ff3c784f857a570052243c32b195d359fbde94cdd488a54a65bb66e6cf3032e23cc6a922a38136a0fa846b96f732bcce6528bd0d11552958e821724c4e2804\"","tt-global-state":""}
VM37:1 —————-
undefined
