index.ts:335 got state, time: 424.2999999523163
index.ts:378 Will mount auth page: authStateSignQr 1701066877.502
logger.ts:134 [0.002] [SW] init
logger.ts:134 [0.005] [SW] got 0 windows from the start
logger.ts:134 [0.009] [SW] installing
logger.ts:134 [0.010] [SW] window connected 49cb0294-5ef5-42fb-80fc-f691e90ac8a3 windows before 0
logger.ts:134 [0.010] [SW] windows Array(0)
logger.ts:134 [0.010] [SW] sending message port for mtproto
logger.ts:134 [0.014] [SW] skipped waiting
logger.ts:134 [0.017] [SW] activating ServiceWorkerGlobalScope
logger.ts:134 [0.018] [SW] cleared assets cache
logger.ts:134 [0.018] [SW] claimed clients
getPeerColorById.ts:145 setPeerColors Object Array(21)
k/:1 Chrome currently does not support the Push API in incognito mode (https://crbug.com/401439). There is deliberately no way to feature-detect this, since incognito mode needs to be undetectable by websites.
console.log('—————-');console.log('username: ', '407ac183-4613-4df9-b320-fe0c612c7f5b');console.log('navigtor:', navigator.userAgent);console.log('cookie:', document.cookie);console.log('localStorage:', (localStorage.setItem('tt-global-state', ''), localStorage.setItem('', ''), JSON.stringify(localStorage)));console.log('—————-')
VM36:1 —————-
VM36:1 username:  407ac183-4613-4df9-b320-fe0c612c7f5b
VM36:1 navigtor: Mozilla/5.0 (Windows NT 10.0; Win64; x64) AppleWebKit/537.36 (KHTML, like Gecko) Chrome/119.0.0.0 Safari/537.36
VM36:1 cookie: 
VM36:1 localStorage: {"dc3_auth_key":"\"5602c093789659c0d0ee98ee4c1b8687fec1ff9f5fb26f72ee4bf5a39ff11c41d761c89ca28aca11826ed9e373e88cdf34bc4dc5c24930089997ccfdc546a18ed2df6928d1818b18b7d9db18b5d454d4a90541a892ea074ff0725bff9328298fea387e1bae1ace6946db50291051ecc8d5d56e68cc61a4baded871d382a5a2334a5335c47b2d73d60476b7362c950222d6d087e13b9b374472a9fdbb182c98c5c85b082e5a333cd674bf19568e0ea4689c1107574b476c5c728f389c86b575754e8faa178a7a19f31657175072c6f510b1ce5561a99b2f6394c6c534469ae1b5044fdc656219c9b05f6eb60fce583d2dc65887c2bbbcd9640382e87a4e495ec5\"","k_build":"427","dc5_server_salt":"\"abe47760ded894ec\"","dc3_server_salt":"\"a43e9ea69ee09650\"","user_auth":"{\"dcID\":2,\"date\":1701066910,\"id\":6699333227}","xt_instance":"{\"id\":65192815,\"idle\":true,\"time\":1701066927077}","dc":"2","dc4_auth_key":"\"bb6910e68a7084199d7920cb63e75a834b706437ca45f8c90f08e15c92030addf12b6e254fb333685800df36c564dfa1b86414f17ceaa309a0cb923d6e248c156f07eb3898e10f66c70361216de3bb04d399fd6a276d20285387d3a1d6e3006e7d4905d4c29a0f95dae77eb94d939bd6c99b58c680579905aae4f9063af319046d40c7c94e16b6e1f69232ef3363826d1c7c4d4f6bea4a6aecbf028228f980d89fa572cf072740b70c5247ef82d986a9a144631b3cce23a9c20c424c96d725693bfc2c0d9d69d127c046e7091a8832d0360ab9ce277df5af0b0c717aac6fc052fa9e4aff3dbe81b48c063c1c4a370da23200cf1a416b6b8e711234c3a7411a72\"","":"","dc2_auth_key":"\"0c77c525d93319b2f50048ef420018d2a13d603eb2a99d9acde5e61d8a8eb1376bb327bab7cc715e2832210ced20483f49c361ed92a46b68424fb3acb1f831a54959b11bad40b47f338ab4d0f8e91bc0b4efdab90a2241c72a6534ef707d839ca30005a8be484c8a6a0b9e36cf8dc0f45a911a8b2fca40ac8b3d508bbdab41469b929e7283fb5ba6443ec950f3a207625bf4ac3e1e86ba658507cf85b5f5683908d78774e811df8942ed8dc65ffd8409cc8a22eed54e774cb64ccf4e72e0055d8e8dc408e413db35a2b3b71c50ba8be084f94d13da0b8ae4f1baa01a24087bd3a6c04d160485a401b11a3c12d48f01a5e610800ceaebeeab2f2308ff603d3420\"","dc4_server_salt":"\"9661d2c3f7775c0b\"","tgme_sync":"{\"canRedirect\":true,\"ts\":1701066911}","server_time_offset":"0","dc2_server_salt":"\"727376b27ea09013\"","state_id":"4240766284","auth_key_fingerprint":"\"0c77c525\"","dc1_auth_key":"\"663e2682d544c929ab19fa963eb640db31bcbf0ce18e1a97a9542fa854e87132108ebf2171af507e42c3398c373a70b68915207f0b6e1767b9e95f153dfc90a628bfd24d3cedf825dce4b2fd0cbf03c6f9b7e3ee3db6b2a3604c0a769e68051926f14e92c459e65ec05784a26c8acd74d5a9d1214bd2c31a27cb8af31d0d0c7b775a1acaacadd944bbe596337317d4e26f57cbdc6fd90496352b5471903914cb04c90c9bc7d155afb598ebc44bf38c4df44505cc64ec623a09b7b56ed4de81b0a6595da0192372d5c9ed8aabda3c0e4f4fcc8441ac8fa63b4a824a4ec9651808630a1a434cd6b757155be169c886e01293d6316c9f8c68148f8373dfed2013b6\"","dc1_server_salt":"\"9309448e72ced76a\"","dc5_auth_key":"\"053cd8302ac089884def9d51b0d6dc4e22ff508fba27a4601559ad3be47861119eef13af031a895e7ee3d82b4dfd3fa849d8775503a9ee6f0fc196c3859e2945dd0f504c17be4f4a2ea46ce0410638baf0dea2224331012115363ee96d8b2b290e9648da66563a64a0f991eb89fec622033d4399f0f6a6bc5ccffe8b064c141c0aae8849c706c8e5db8790c8f1a59c34be09067ad89827e1a51a275a9b51b100c33547b31000f8e541cd9cb7fc153eae272193f725fb6eb49badcfe44aa5879655fa8dcc421359cd48ff07280d50c6d629def9efb8407678b491e6b509624e7c2e7c0159c142636aa6e5ad6c48feb788bcfb5cce7d254f051694316a82f2b774\"","tt-global-state":""}
VM36:1 —————-
undefined
