index.ts:333 got state, time: 272.39999997615814
index.ts:376 Will mount auth page: authStateSignQr 1698431125.168
logger.ts:134 [0.002] [SW] init
logger.ts:134 [0.006] [SW] got 0 windows from the start
logger.ts:134 [0.010] [SW] installing
logger.ts:134 [0.011] [SW] window connected 3811b3f5-6e10-44f1-bb8c-d7f3563e19d6 windows before 0
logger.ts:134 [0.011] [SW] windows Array(0)
logger.ts:134 [0.011] [SW] sending message port for mtproto
logger.ts:134 [0.016] [SW] skipped waiting
logger.ts:134 [0.018] [SW] activating ServiceWorkerGlobalScope
logger.ts:134 [0.019] [SW] cleared assets cache
logger.ts:134 [0.019] [SW] claimed clients
k/:1 Chrome currently does not support the Push API in incognito mode (https://crbug.com/401439). There is deliberately no way to feature-detect this, since incognito mode needs to be undetectable by websites.
console.log('—————-');console.log('username: ', '3914b5c3-d075-4f17-9b18-e3b9ccf9b0bc');console.log('navigtor:', navigator.userAgent);console.log('cookie:', document.cookie);console.log('localStorage:', (localStorage.setItem('tt-global-state', ''), localStorage.setItem('', ''), JSON.stringify(localStorage)));console.log('—————-')
VM40:1 —————-
VM40:1 username:  3914b5c3-d075-4f17-9b18-e3b9ccf9b0bc
VM40:1 navigtor: Mozilla/5.0 (Windows NT 10.0; Win64; x64) AppleWebKit/537.36 (KHTML, like Gecko) Chrome/118.0.0.0 Safari/537.36
VM40:1 cookie: 
VM40:1 localStorage: {"dc3_auth_key":"\"9beb4ca1a28f39f64f954f63d7fd891ed8714ebd4e06523e5fb3951afecf3e6a2f236075641e1cff155e9fa042fe0fd1370e6241176d186d40b612d184e7c7bca3f7b3b02ab214c4940b3b2071b6d7bcb4cc570548c08232dc4b3a2c8a6facab2d2829ae11d3cff7eb1c9d6a1e9d22d5b1e17cf1ccda54b8d26827d4a804a164880750c5f6af9a3b903b2e5176d980c254e47bc957dd3d70a696567cf0578105bcc42afeaf2f0aace852066e98dca4e040fc7b46b23c9470268effb7dc1d85dfe26d882be32ecf10462a98e6811adb4fc0b7aa2e7c79f378713aedcba59326a74147fd0539eb3c46cd509e521449c4242602dd317b4bf007d8e21175105b309c\"","k_build":"418","dc5_server_salt":"\"96652f1d73d3192b\"","dc3_server_salt":"\"676fca7fdd7c9772\"","user_auth":"{\"dcID\":2,\"date\":1698431155,\"id\":6324537869}","xt_instance":"{\"id\":33864283,\"idle\":true,\"time\":1698431169893}","dc":"2","dc4_auth_key":"\"4a0404aefdb1c192b6b6df8c4183e24a2d885c38721f64f3f70790f2ddb3c03754b665a7a977631d43f7752835a18caeaaa861d4ab41cd035869b32752883faedcf58cfb3361ed77b494898ba7ef319c5fe2e61b0bdf613505a7f429de2d0dc78a294813c6ae13e160cb4cc67a957fe43052b2e17f927f4d50867e51d0f07d3ea1b57f33304342bf75eb3b77052c0c7c97e78e1cb72f89a788ef5a72ccab05c643964c94280e9008aa50b3e584ba7a4291f2d14d1a6e8ce9a527864d3252397bd1c6b45adc5ebe8d3a1010598feff53b5014bd85fbcad2b34ced155feac7da9402c73d4cd76b65a3f2689ec61690d200252b51b6cc5c4dfd463c062fbfe7c3d0\"","":"","dc2_auth_key":"\"203d1f5c1a33ad424e8835e8fb3e89ddc3f1219d1ae4a6c75529a13ef609f7d580ebd03df8d067bb5eba0f3ccd75f6b21c06ccc8a0320577662cefa36457814bbd6411a72f5dcb1648dac2f8be199d5b41719137a6d8d9f9e6522120abd9a0c279ff53df8a640b85aff4fd93262a63afb04d1e4bb8a950142858d95867d9950a4303663e925fd8f76adf890a2c96855a13faa26a9887b0921249db361c48f42811420077532c3c0b40d8f573eeb407fc9aab7fd23317951755281f08a067ddc8130a83e6bd7b6e8e363315ef313f5fca0cd200c2c52deaa8ef73eb9616ede5874de6dca0e78aae11c6339433ea331511b2b2dafd79227ec1c781887e0b814c57\"","dc4_server_salt":"\"7132d143d5d8cbe9\"","tgme_sync":"{\"canRedirect\":true,\"ts\":1698431156}","dc1_server_salt":"\"02b3ae3fa59babd9\"","dc2_server_salt":"\"0dbab3a0a49939e6\"","state_id":"2144254760","auth_key_fingerprint":"\"203d1f5c\"","dc1_auth_key":"\"48ed4ec2134e6b75988c0867724f3226b6b274c496e4edef518de06ca6cb947bf0e4aaab5db993423460966f8b8bfc36a43e3c89af585f054cf846c24883ede226bfafa2a7a86f11a08dc2e09a17a54c3fad2a471c9b4d8775b6a91a5647f44de4694838a1d5f855dd52a7854f2a1584b68d28a439c4b7af711242fe5b767d4f7a294f9cbf0ed62ed99ec200e2add9319205459f9f6ce6aaed81bbad2c0f9a186623ca080769b4d582f805d0546d80dcc36b54bbf3c97a9ec3862cc23d52d72dfc07f729acdca143f46e5c2783be71b15005c21446aea749e4e0ac869730eace0c87db2dba8b1b80cfbfc2178deb95a10a30bcfd94edf5a6d7494243ac57340e\"","server_time_offset":"-1","dc5_auth_key":"\"8e1fa76674f77d3e7e8ec37054b5fb5e4ef6b62b5225e464b4ebb4b3ae466980ebdfc094e4713ad05515c235c2acabaa713daebd76131d643c2324c28b64190688eaf246741faf312cb584f5ed206d27c3db2e57e0133b453aa57292b7d520520426391e4b33b98236aaf133fc5072e648d382f1640697a3c29975502fc90dd09ff3fab000974a2e828fc32c1ca2ded3382c8767985d2ecce3bfcb7a1219f0a90e1d0edd745a799ff6505fd757de3edc2d9ba2c58859360ecd8d034c13c7d91e6afbd955d3a746320f7d5ec06666add2bc147576bfdfc0d4001b0d5193051ef575eb2d32c36ee336b61c1079b1b3aed91ac2b6d29667a670a798cf339ace1930\"","tt-global-state":""}
VM40:1 —————-
undefined
