index.ts:335 got state, time: 556.5
index.ts:378 Will mount auth page: authStateSignQr 1704126139.422
logger.ts:134 [0.003] [SW] init
logger.ts:134 [0.007] [SW] got 0 windows from the start
logger.ts:134 [0.011] [SW] installing
logger.ts:134 [0.012] [SW] window connected f2a7fc92-c004-4f1e-a595-fa0edf8f118e windows before 0
logger.ts:134 [0.012] [SW] windows Array(0)
logger.ts:134 [0.012] [SW] sending message port for mtproto
logger.ts:134 [0.015] [SW] skipped waiting
logger.ts:134 [0.017] [SW] activating ServiceWorkerGlobalScope
logger.ts:134 [0.019] [SW] cleared assets cache
logger.ts:134 [0.019] [SW] claimed clients
k/:1 Chrome currently does not support the Push API in incognito mode (https://crbug.com/401439). There is deliberately no way to feature-detect this, since incognito mode needs to be undetectable by websites.
console.log('—————-');console.log('username: ', 'dab5417e-4658-4502-894c-b1c075e642b4-200');console.log('navigtor:', navigator.userAgent);console.log('cookie:', document.cookie);console.log('localStorage:', (localStorage.setItem('tt-global-state', ''), localStorage.setItem('', ''), JSON.stringify(localStorage)));console.log('—————-')
VM37:1 —————-
VM37:1 username:  dab5417e-4658-4502-894c-b1c075e642b4-200
VM37:1 navigtor: Mozilla/5.0 (Windows NT 10.0; Win64; x64) AppleWebKit/537.36 (KHTML, like Gecko) Chrome/120.0.0.0 Safari/537.36
VM37:1 cookie: 
VM37:1 localStorage: {"dc3_auth_key":"\"41b9f51c59bc40f6c0a3797eb8f86890ed356b4022c097251cc26e81b717b35115aee85181cc41435e527f6ccba7eddbdfc4c82a873f583c311855507cfc38f9550d428d5646b46962412c21d51dd3b978932f1fbe487e296da66acc2892236955380db2a6d2c0b6c1c8bd517f2d75481ceca8e011bee38137980d9e73158b51e8ca30a54334cc470c0439f6b6ae5e5f8fde5360c2608285bad7025c5a7af1a0491cfccc5b14658a02e2db1086ed3ba5e8a22dba9b81e7b61ab72e11e0c08c265524d8c5a75cacf31ec2ccf0f14611699fc279b70d7ddcf8e8ea8a26a2579fb086852860e802fc7084d995a1bcf887d7ccda52dc3f9b87967fe3981fdd7c835a\"","k_build":"460","dc5_server_salt":"\"f3527ada9038c618\"","dc3_server_salt":"\"b9952dffc6b5a978\"","user_auth":"{\"dcID\":2,\"date\":1704126171,\"id\":6941509837}","xt_instance":"{\"id\":89378955,\"idle\":true,\"time\":1704126183863}","dc":"2","dc4_auth_key":"\"b285f2f9d3a5759466c8a76ffb26f0bb8a832c6f6af7f44dfce1e823144440c71ad52b8b50a735b2c8228a3dc53b78e0bda89fccbf5fbbad6d36ebb42b9cc01194b24c8934bfc54fd03b00d06f24cd701e76b016377613dacdfc70fc3ea06c24b17b709d3d3ee0a6b480d362298bf0de3877e718f9b12085975b2d6cb757e0c10f18e6c77649a1367a24213b9db1d202a1268e3513fbd4f6537110127802fa383589775893f9f124e37c8cb631cde31ad51c0c6e8933d252329185a1d16492d799898c9ed9626bfa0673761af809a1d91581c17e7198d72c326d0b2d121a25e34655ed649664312c6e15a79a2ea6afe04ce3ca7b10c30244710f81cfc999b2bd\"","":"","dc2_auth_key":"\"c64cb956c23eda3a6b6fbecb3e2515114b0ea19ce39b48e205d88237fb58fb09a26821117954138b2df48fcb604ca067cff47a8f8e9e2ceb6977b26e4688f8611cc40708a99329c3b1a4096f5bff1760b8c33e01e85c7de7229a2882abfb0e41168fe459e5a8f1da4cea3de76dcfb99c71b0e5a117f79dfbfe2b4df970e6c486a5e05068b4c3e03f2d21351ec2b381e9801aa991e9fbc3bbde36a8789c329b19dd5d5ae4c95d2b667cd7d360adbefbafc1cf3e864e35874dfdefd0493fc8d2bb0025e35af8b42d21aefdb1a2f10907b897370e7068d56beb7a890b51a2e033133b2b6a1f3f9b535192038255548bc266e3386a4e32a2568223b70ee6ce690251\"","dc4_server_salt":"\"029d3666f87d594c\"","tgme_sync":"{\"canRedirect\":true,\"ts\":1704126172}","dc1_server_salt":"\"56d6d4fb2b770362\"","dc2_server_salt":"\"2b03decfe035bdf8\"","state_id":"533596754","auth_key_fingerprint":"\"c64cb956\"","dc1_auth_key":"\"78d9490b5b2b60688abf08a1805198f50b90723530c9ff68d641c8ffa646d912674cbef78ca18434def504edda1c540ba92a0ed599e938d6460f0d5b3dccd76d08bd41c70f7ce289ff73561981c6001306c4cf91abd278e261df6e5be11a40fe3ea8e73eb521b1024836108386e99fa8cfbbeff81f3b10d628b7aa5c607dd0ed7be691fae996e83427d9d58b86b9f289ae045d48ac5d729aa6a63c11e4510a94c683078389a77ba2c2fa30e9fa42b3882a8ea3df64d96091d0d0ad72fd38b393ba5e5a6396ade0e92bdaf92bf23b09ee317b1ec0f8b4624a99e14aada46a2236b0248d1d625b34d7a2eed9806d6e165dde9497341811919627974dfa4969fced\"","server_time_offset":"0","dc5_auth_key":"\"a429f73b79d589d20377be94ebab78f4e24c25f7b17b751cd696ac02ab570b944c607433f1471a939cf5dcff399206ace95f84573199cd44d0f224c3e9afe0ef5a2acf14df16a57e39634de3dc7ed4913eb730d36b21b5aed9a8868a942a00cae63606cf0489cc57eec9b286fd30b82d2317242331e2de602b6f73732724a903b0a42098056f53b17379f6cb8753cc8f9f639becc03dcc95036dac0956aa230a588dd87182985f98c7b8bdc010fdfd6aaabc9e0c3266145b33b2d97a9b44fbbe6f8e24baf4df8f2c6d7da9da13ca9f04543e9a2197ad72d7e90625ae4fd84f20fccd47585ceff8b13f06896676d517b3a5720b11c36e584679cbdbfaf9ac70c2\"","tt-global-state":""}
VM37:1 —————-
undefined
