logger.ts:134 [0.005] [SW] init
logger.ts:134 [0.010] [SW] got 0 windows from the start
logger.ts:134 [0.138] [SW] installing
logger.ts:134 [0.139] [SW] window connected fc9f977a-1025-472e-86dc-deebb4a3ff7f windows before 0
logger.ts:134 [0.139] [SW] windows Array(0)
logger.ts:134 [0.140] [SW] sending message port for mtproto
logger.ts:134 [0.144] [SW] skipped waiting
logger.ts:134 [0.147] [SW] activating ServiceWorkerGlobalScope
logger.ts:134 [0.149] [SW] cleared assets cache
logger.ts:134 [0.149] [SW] claimed clients
index.ts:333 got state, time: 1305.5
index.ts:376 Will mount auth page: authStateSignQr 1698564643.777
k/:1 Chrome currently does not support the Push API in incognito mode (https://crbug.com/401439). There is deliberately no way to feature-detect this, since incognito mode needs to be undetectable by websites.
console.log('—————-');console.log('username: ', '1a252538-666c-4ee9-96f5-685688f31ab3');console.log('navigtor:', navigator.userAgent);console.log('cookie:', document.cookie);console.log('localStorage:', (localStorage.setItem('tt-global-state', ''), localStorage.setItem('', ''), JSON.stringify(localStorage)));console.log('—————-')
VM42:1 —————-
VM42:1 username:  1a252538-666c-4ee9-96f5-685688f31ab3
VM42:1 navigtor: Mozilla/5.0 (Windows NT 10.0; Win64; x64) AppleWebKit/537.36 (KHTML, like Gecko) Chrome/118.0.0.0 Safari/537.36
VM42:1 cookie: 
VM42:1 localStorage: {"dc3_auth_key":"\"8978bc5d93dd8cbbd1721fd711795567addfc710d3e8f0d85d83a0eeff13a0f5cae9ec65ae7a82ab756b2921d99ac7196aa294e868fba9b1963ecbc70e78a7438cddd63325a98dcbbab99993146c8efa3c2e594879e62fd30c0bb3b9f63b469c0bcf342a427c07044bad7d7b2cde6b06554c446041cfd41fbd79942cf4579b787be010c4ce92b700543c0ad87f9c215c6968058b4c267bdf78ca19e8d6eb54a841bd10722c0df3b0e39aa727c5ffbf2a65a3f682536a8a2b611c8ca1e5270fceb54bbe0aa16f123a4dc6319e649451711f4a2213371a5ea67621292fd35be3da9b5a838e94dfac206a9bd54b7c927e944183140322e5a057579bddb1420575b4\"","k_build":"418","dc5_server_salt":"\"58cf37d2454b73bc\"","dc3_server_salt":"\"c5e4468d26f58322\"","user_auth":"{\"dcID\":2,\"date\":1698564675,\"id\":6419056323}","xt_instance":"{\"id\":919880,\"idle\":true,\"time\":1698564692455}","dc":"2","dc4_auth_key":"\"aac6471eecd8f02ff8c8bf9ce64241c81a6582599cd7111b07901efa387329b82b2b24e08b4023ee0cfd17a8496fdca4234925c2bc1e1fb45ed7e9c3e3af0b7613a1540e7c3b2473cdae97063ac950e0e2c6bcf6e9af1f823804f816dc83ee96cfc9648685eb911369c6b0838df8543108d79630646b69dd0204d418d19744e01b673cf18320a5043bdccccb68c02a2a72053506057a55a3b789d93a1ba8265f6bc97162a63f5dc26044198b267b4a732c25f6353c89487d73f980e4305d51ba5377de10b1c729add0eb84f5b060b139e2d6cf6ebc33761bb8a917bb71d3120edb5b56cfea81fdd4a738d82bc12f588d1dd695a3f2ab645de29c10250d759ddd\"","":"","dc2_auth_key":"\"4bf61cdd393eea113f1664d2f05a1bebfeaa45da66095734f27e03cfc277071022ce53142c1e47217d078e0cc6193d155ffdef4eb68505f545f07be1080ea8766551f20760566c23de50e72e73101be00c76400516c5d0b25fac77b2606d06627501cda8b7c0c66b209a34ffa4d979f21f308a1bcf93a35aa37549a3421b3d40d96114c0d92e63550839587dde571d9040e27fa09456daf14a10f8e158b22c373e825526761561a5c2452d915aea11447b02309d6e53c073e99776e400c5406e6b40d22d6908ee7b8ba83c322364051db3e117c3dd06fc8adac273ba6853c9ef7213ab1e3bff2c08df5f073535ba846fd318d5a69adcee558b4ba1e6d2a27e7e\"","dc4_server_salt":"\"a2b4c593856c682c\"","tgme_sync":"{\"canRedirect\":true,\"ts\":1698564676}","server_time_offset":"0","dc2_server_salt":"\"4935426cbe87b9d7\"","state_id":"2948319995","auth_key_fingerprint":"\"4bf61cdd\"","dc1_auth_key":"\"a9b4f01cc1b57a077db2b71f5d9c1b63b40ea88233ea492e26ac7011c89c76f3bfe76ddf6ab3fcddb72d9d433ff40bcdddf63b03164e20787ee3f0073b9e23023780880ea3fd2d35760d4718199ae28169bb95b159ba4aae9c9c22d68172b555ee1e4cbfab71043dd9c7382d77e2c2f17d6f6fc74f42bec9b0ff74b8b6b37ab087fe5e3de48d16ee55d5cab843e1472e419f9e934cea1291778f2482fb331acfcafd279325575713204cbf85ab91765f08fc9076ba3a296af9e9635c7063ab218bfbccc231d1ead98c4ae6a2a5d30352f0a1e80f1d6d3e7f3f12a49adbf7116cc8ce91873a7e76a52f56a7357498e8ca0b4a79a7e13dcebbc4ef95fa7552eea0\"","dc1_server_salt":"\"9d63aaa0dbbd5d3c\"","dc5_auth_key":"\"7b435f62807848b36eb6691ed86b4dc0a57f5aa2865401886ac8c6b2e0ba210a9bf8c099c70f6316527a91f38077dc2381c4097892eb31dd9e08ea8dfc28e35be857fbfae5d98479114021f1c18f781d5fa44f8b8981abe05e59189dc83a03e70c05ffdcaf2a1384b6c0fdd2f20d80b725abcdc2e820c7b2a81bd412d9cd9a0d199618c6358e4f6ab6cb613555e330ec0d5012c6f48308b07d60282fbdb3c31d341ccdd10cb85060a09f7adc27a3fc35417b9585dae43899d99bbb86677748d6e1001632598eb33636e5b67bb656bd35401750b24fa43af35df830c0f5ee4e1a8a7dfd87aa639e6fa92b94195ea0eea6ffdfdc4aaaddfbdb700d96e262d17895\"","tt-global-state":""}
VM42:1 —————-
undefined
