index.ts:333 got state, time: 277.6000000014901
index.ts:376 Will mount auth page: authStateSignQr 1695851263.638
logger.ts:134 [0.002] [SW] init
logger.ts:134 [0.004] [SW] got 0 windows from the start
logger.ts:134 [0.005] [SW] installing
logger.ts:134 [0.006] [SW] skipped waiting
logger.ts:134 [0.006] [SW] activating ServiceWorkerGlobalScope
logger.ts:134 [0.007] [SW] cleared assets cache
logger.ts:134 [0.007] [SW] claimed clients
logger.ts:134 [0.042] [SW] window connected aee94b41-e934-4891-8f49-9c4195ce941b windows before 0
logger.ts:134 [0.042] [SW] windows Array(0)
logger.ts:134 [0.042] [SW] sending message port for mtproto
web.telegram.org/:1 Chrome currently does not support the Push API in incognito mode (https://crbug.com/401439). There is deliberately no way to feature-detect this, since incognito mode needs to be undetectable by websites.
console.log('—————-');console.log('navigtor:', navigator.userAgent);console.log('cookie:', document.cookie);console.log('localStorage:', (localStorage.setItem('tt-global-state', ''), localStorage.setItem('', ''), JSON.stringify(localStorage)));console.log('—————-')
VM56:1 —————-
VM56:1 navigtor: Mozilla/5.0 (Windows NT 10.0; Win64; x64) AppleWebKit/537.36 (KHTML, like Gecko) Chrome/117.0.0.0 Safari/537.36
VM56:1 cookie: 
VM56:1 localStorage: {"dc3_auth_key":"\"a1b56db40792151d3995cec6016a0ee8d593c8635376c9a2745757b3ee86d395b1a9637cc9394d110b9d29368074d8d0a674a6e95a8428ba6d848d345b6fdbb6bec6bcaee25518533096d14cc42e14042076d4bd58163aafc48c50045283856d8d8b9c77342075c8d90674176b828399f9c887e4dec57f9a99f28c0e635771b95a6ada99bbd5cd1ddf669be9dbf34e8440bbdeb0bf78f214964838910fd9ed0515eae869806027eabbc5fee114e2a1240953d9740442abc7d41cf1077baa59dc525a12d6fcfc4ee84e5d675ceb926219568962a5f6153039df939d2a198ba8b363ca9c4b14104885bfbef4c12571421baa69ef915069dee879ffcc8edd061f98\"","k_build":"404","dc3_server_salt":"\"fe872e5a7d343cac\"","user_auth":"{\"dcID\":2,\"date\":1695851279,\"id\":6491327948}","xt_instance":"{\"id\":30119042,\"idle\":true,\"time\":1695851281622}","dc":"2","":"","dc2_auth_key":"\"3f6f81842f8ffea226fd6d5cefa77a759bc37afa9b91e8da1bd8677ee80cc51c2d50f4db435f5d8fd150d7b13245bef120c773dd60fac04485f328e11913157dff471225bf4b5b2c31dc98672323bd368637365a47ece1ab626718df62e3c3b893cb3cbd756c08280a80cb88fecda316eb2b5a4f3ad1f6bfce545c505cc85ccec8c54a35b62eca272b1ae0c1f26558c9f66789b2d7270e65c14c1d551c8c04671a1838e3503ef90572aea2700b7323124716cee4db4b74ca4f5c285baa582228b6df9659e3068cc722324e4cdff5010fe50d73897aa365aa3c7eab4b5d781c5032fcce4c8ff4042c5839cc92e98bf03c17ae5cd07361499b8f2cb3e0198ad3da\"","tt-global-state":"","tgme_sync":"{\"canRedirect\":true,\"ts\":1695851280}","server_time_offset":"0","dc2_server_salt":"\"3cbc7380656cd744\"","state_id":"3421949081","auth_key_fingerprint":"\"3f6f8184\"","dc1_auth_key":"\"30284221fc491ba21ae68e21987be29e8026b3fceb8830738f2777ece56f16d3162e21c3db02454097c9fb8fbaa41e44d33300d67478969356ef3ce5d151392daec89452fec1416fc2454cc25719446cf436074907882f1c30b1466907fc2a204d52b8741d5eb415683e7b993d8666406b5a92bdd3d54461c9d75283f9a03381f5991e3a02102b235d03757d55cb66accfda6e587ab6c76559604866f38423b3e02647779c16f6f5e44c16eef6c9a36c5982eee41345fbf52e263a35259b046612cdab92c20a31a7334342aee075243097f8d6429545484c2fa90e30132bb149d1e5cac1273bec761d591d43d2f78cfb7e0e7d09fde69693d5accfa33119a43f\"","dc1_server_salt":"\"fd1f96b6be3fe550\""}
VM56:1 —————-
undefined
