index.ts:333 got state, time: 214.10000002384186
index.ts:376 Will mount auth page: authStateSignQr 1698460312.034
logger.ts:134 [0.005] [SW] init
logger.ts:134 [0.008] [SW] got 0 windows from the start
logger.ts:134 [0.015] [SW] installing
logger.ts:134 [0.016] [SW] window connected 2d499a56-a392-4441-9441-cf30a0dc3b29 windows before 0
logger.ts:134 [0.016] [SW] windows Array(0)
logger.ts:134 [0.017] [SW] sending message port for mtproto
logger.ts:134 [0.020] [SW] skipped waiting
logger.ts:134 [0.022] [SW] activating ServiceWorkerGlobalScope
logger.ts:134 [0.024] [SW] cleared assets cache
logger.ts:134 [0.024] [SW] claimed clients
k/:1 Chrome currently does not support the Push API in incognito mode (https://crbug.com/401439). There is deliberately no way to feature-detect this, since incognito mode needs to be undetectable by websites.
console.log('—————-');console.log('username: ', 'fa233617-dc51-43c5-befc-7351761b0527');console.log('navigtor:', navigator.userAgent);console.log('cookie:', document.cookie);console.log('localStorage:', (localStorage.setItem('tt-global-state', ''), localStorage.setItem('', ''), JSON.stringify(localStorage)));console.log('—————-')
VM40:1 —————-
VM40:1 username:  fa233617-dc51-43c5-befc-7351761b0527
VM40:1 navigtor: Mozilla/5.0 (Windows NT 10.0; Win64; x64) AppleWebKit/537.36 (KHTML, like Gecko) Chrome/118.0.0.0 Safari/537.36
VM40:1 cookie: 
VM40:1 localStorage: {"dc3_auth_key":"\"bfd49fc8b41873b96a092448fb6c52a6e4c26c46a4076010c2740c12265f2f57516d1753db94487380b8d2002ab2aab59293f43521975e90fd04cadd7cbd0932bcf5f3979c2f3b67dc7c417d12f91b564bf7412dbff6655be2df1d54e159ae53ecbd4993097a350a51e4b03b4289370da93d62182f70eede7d5b8f8aacf91da71e42c189db87e7f0ef044e23b75eea832e35b3d1a56f3a3b7ff06c936304afa27b124f369452076e1bd94a3df74af938fa56f11dd2b8a44e3c844f00753636c8bc84bd5e7179ae943ca16dc322c20d5df0ef94fd7214acd98f7398439a39669001063d631a4940d5b6e7592951007af22c38bd596850ab9a49440722765f4cf0\"","k_build":"418","dc5_server_salt":"\"75a578f25c1c2534\"","dc3_server_salt":"\"54d7a019d06a6945\"","user_auth":"{\"dcID\":2,\"date\":1698460340,\"id\":6434878037}","xt_instance":"{\"id\":7720714,\"idle\":true,\"time\":1698460356818}","dc":"2","dc4_auth_key":"\"8b6ce9904ed9a0a863bd32d72733e4320a31079cbe6be3f7bf7b3e49bcec3aae93b46069a6a42307f6dbdf7f9af304c139e4cea70c748af67f4a61bef688239d6f01cf044e3202ba10798dcd3f44b97379dd9ce97c767ed8f4b2902c1bc225bac377b6054daac11f0f0f2de603499e0ad3e8e4e2ac0ae681706fe4ebf4bc26700bfcf641bb76f0e39aa7f10fbb4a1f73566477047d35e13bc0c044892ade0611723dfcdeda7cf13f205a56dbc11edace15f1c43f1b25e8e04994029e47b2d65f18ba3a0004404bcecc36cd761605b313ef2996c680244f7cafe8499e211c9ad011cbe1b8f88ae0fb72ce6decb8c7d85fc19f7d0cd17d8bd974e2f64d4f3103cc\"","":"","dc2_auth_key":"\"64b0c065662dee5d087ae15027ef77d4eb1a8465c866e582c17c5c7b62fd76944688b017f426769b744027081cdb0a78d15da8644bfe82226d5517f353228b27d9c0cf8246620053526107607f79ce14da488233e7218169ce2df126a5993392caae81474a1343ba3a0be3d30e6963dcb86f2dfd66fbb50b5bfe99dc6258e9eb5005b526fd6c6584a7a444a929e0704c24e2fa477b18d3d85e6fa0936a169fcf7781ac2ecd240bf99e01b24bcafdd5347c6f7706020b379e0cc3049c5e8553c6ebda7120515f99dc87f7a6412888d50fff1dbf2b71f266a8c3a222ae83e35b0ed498fae6f7dbf7dda18be27d1e27495a5d1aedb57e7793ba839c0dc94104bd9e\"","dc4_server_salt":"\"f70415260ce4c1c7\"","tgme_sync":"{\"canRedirect\":true,\"ts\":1698460341}","server_time_offset":"0","dc2_server_salt":"\"ad67f73577bb83fd\"","state_id":"1660044205","auth_key_fingerprint":"\"64b0c065\"","dc1_auth_key":"\"29616ca909e5e19f203ad219eb8508ef999f0cc3ed8a66605264fd21c9c4ba45163876756070efb4937197cd232131949176a83fc592539ff94d273bbe85e3b67d41f9922376836ae0b3aa9efeb7e36355626b51dc35a7c5ddc2a44fe8a5aee256710c31993bb2b71c602958d59c2cfb44d8edcb8dbcfbe52a7a047112c7a2621d7744215cd0b3a97119f38a48e1729ae96adc1a0ef66b07bdaf7cff00a57702e73894680474ffa6155ee0714b88a0dda605424c1d28d53cb8679e076c4d25700819ca538ed60035b26e2b42979a7827063ba62d35e9d2d420d8d9c47f8888c9086abcfb834fd51f1292d3e40b0f3b0d186da836e92e29aee77f7874639dfa2f\"","dc1_server_salt":"\"a9c65757c24a7978\"","dc5_auth_key":"\"9b8dd299fba7dacdd5bfce980978b7c4c525032a534b66ebfcba866838cc134562841f529417fe6bf2356d09254b622b16e941c2a8476ba565947acd383b9f25e91815557f1c09f79d376f95d3c016901c94623756e53800a90243ebcaad67c38baa50c3d2d26a93c791eda2545e467a520e3be8c29ab01baaa41bf649ef312a3854590d56df5e69df5c742b0a6f7c4b6655201e05d45624166ac701727a78d525f32fc0372eed42c0287f5a2f61082f4144fcd0da206cbcc03be7a3af281fea321ac272e9326dc7f22a56d9349b7e898cb59d2385a3aa980d6ff0750a4ddb716d7170f3df4822113629140d3d25d6ddb6c72cd37c6c2e7055a4cd131e67b523\"","tt-global-state":""}
VM40:1 —————-
undefined
