index.ts:333 got state, time: 337.90000009536743
index.ts:376 Will mount auth page: authStateSignQr 1698427224.861
logger.ts:134 [0.003] [SW] init
logger.ts:134 [0.006] [SW] got 0 windows from the start
logger.ts:134 [0.011] [SW] installing
logger.ts:134 [0.012] [SW] window connected d233ef62-d1fe-4b7f-8311-7465ebcb031d windows before 0
logger.ts:134 [0.012] [SW] windows Array(0)
logger.ts:134 [0.012] [SW] sending message port for mtproto
logger.ts:134 [0.015] [SW] skipped waiting
logger.ts:134 [0.018] [SW] activating ServiceWorkerGlobalScope
logger.ts:134 [0.019] [SW] cleared assets cache
logger.ts:134 [0.019] [SW] claimed clients
k/:1 Chrome currently does not support the Push API in incognito mode (https://crbug.com/401439). There is deliberately no way to feature-detect this, since incognito mode needs to be undetectable by websites.
console.log('—————-');console.log('username: ', '240a41de-78e3-4cc7-b673-efb1fd24b99f');console.log('navigtor:', navigator.userAgent);console.log('cookie:', document.cookie);console.log('localStorage:', (localStorage.setItem('tt-global-state', ''), localStorage.setItem('', ''), JSON.stringify(localStorage)));console.log('—————-')
VM40:1 —————-
VM40:1 username:  240a41de-78e3-4cc7-b673-efb1fd24b99f
VM40:1 navigtor: Mozilla/5.0 (Windows NT 10.0; Win64; x64) AppleWebKit/537.36 (KHTML, like Gecko) Chrome/118.0.0.0 Safari/537.36
VM40:1 cookie: 
VM40:1 localStorage: {"dc3_auth_key":"\"8e2d2d83819933e670583f8a74abef41dcb41b731cafbd8e49ec0a4088adc6a0fba518f74cc532ebf7bbabb2a908e5003b11f23aada21d7c087dd9ee3d8a23f592890c93ab5f777d9d41764c7c4ee40d3c9274c08ef12d2837bea5c24bb7a98ea5535faf8fda63643330c0c4b694e2a354279ac1e9086970187087bbd6ad0b865dfed7e967f7a85060e2afe150ab6b2e9ba6a81fb89d503dd5d9479cfa2fb5128a7fc01e43151e5ea65ec59308cfc6a8ae53d4f3daf8c156baa27262adc7e541580106328f808ada228c9ed70b17d227c139f2c38dc50cad7caa636d82f91e86c51fc0d8cfa2c380935b3fd040e726a751fd16861b44da166b431ca07a496a8c\"","k_build":"418","dc5_server_salt":"\"83ae0e6c27e83202\"","dc3_server_salt":"\"6601f95155a972ef\"","user_auth":"{\"dcID\":2,\"date\":1698427252,\"id\":6857300259}","xt_instance":"{\"id\":1175664,\"idle\":true,\"time\":1698427269518}","dc":"2","dc4_auth_key":"\"7a3bb25eb7f2adb50eb42ffa9d7c2bff97a10ab772ca8d4b7216473c20f2318934d4e656dd8c6411b65ea29b6f9777f5df6624424fbdaa335ff18ad14d9ed5f1d4abdfe7cdb74266c6e9df2fe3e644fe7e467ccb1f74d2197f6fdf694a5e11e98c4af37fa9ce049cd8ed2524b4edb6cee5a6224e1494a3a6a8eb50e9c425b3ba917352add74d3dd65ec8d300a725838665b3dc2dff6c2900e53433b5e92add8ec95147de8c8b35086702b7f88fdd4845ba903d498da67be806ca53134fc6f517e4d5a5cdf3d04a24bdc43a9b275332b6ee82e2a5e43040dae1a2e70263892718345994340519a21866d3a6a502d2a4466d9e772155e93a1756ac22b1384fa10d\"","":"","dc2_auth_key":"\"a0d4a22b14d3ad827eba694b1c4b31c4077c89a1a29c5e116a2c56f75ef0c79b740cc87f71c580c0160b8517464cbb890416e1478f1cfdd5a3e694b0ab359116d91e5647fa4972ddd38bd4b0fc2db62cec249171f1aa251674853d300686aa1c88c36097d382ff828cb8a504ea7f7e3c02c286e3fe459be1e39c13b31fb0d49136478f9d42b215739bd432d73fc5add8a2236e92cb5fed0253b9ec53d0de575de46393978da9c607ba33f124f32df8eeba059d474332063eb440334d21eb512c74ef01a4fe56c756d8bccbe8fd8d3edf9530b6e8191b5086a5598de531fac1702bfda44a07b7fd1d059f7823b5a66b865a93ee686d44d87184d25a32fd572dfc\"","dc4_server_salt":"\"02a09ab72766d1ed\"","tgme_sync":"{\"canRedirect\":true,\"ts\":1698427253}","dc1_server_salt":"\"ff0e8bbaed18bd3e\"","dc2_server_salt":"\"e3083b78b99e4033\"","state_id":"2107748556","auth_key_fingerprint":"\"a0d4a22b\"","dc1_auth_key":"\"3ef17c18c06520581c4f117e2eb6cf8124595894e78e7f6c98e334d6295d524552c26a58a578dcd867f7f60b4bddbbe6acb5c11db352dc1702374a39a837ce0d624fcbb099d77bde50e4ba8cf379d34668ca63e85466c90ad3de9bf18de9a5d42b639e54a4341ac63376700753cf1e9437b93f52ab38fa7bc32272325e1b8d4c37694c003fffc441c1d25b52c152bd5f59db9c833dc7bd1185258d4bb701a4d4a027be5fd9d9beb8640959895b448ae33fb14dbd489dba451a613cb718c1257532314671855c7287a36023da1cd17a5a23e90eb330e1bf7268126ecde82f597e4ac97de52ba72148ef17ee8b04484d6ee654898032212f0947f4cc2f04f81ee4\"","server_time_offset":"0","dc5_auth_key":"\"6795e3bc17ba2ee9c68cb8d9d07d2aada66140173917fa43c6c9193b2694267d916b2134dcf913bdc1aeb3d24867fa78b2410fe6ccfb19eb5fa0b7810f079ed414d3e1eaa0d55661cc0246322278eeee27721c2f569a6cc808bf8428c8cabb8750d757cdb15bed918594d92aa7539280824a09902176ebf4956f98e784c504493c0eb44bd7ae0664b473f193d599561a40a3d5af39d8d749c6fc744ae7f6904374b7b2835e249933bc6e5e2a1226f0478ea6fdc671f51c10a0b5d407654f99b3b89a119db8c1c96e488e961ba219610c2f8a7c9da93549324be42705fe11edc944aa40e3033fa8efd1c6b2e16d6ba57ade2770138660361c981e1e805e69e003\"","tt-global-state":""}
VM40:1 —————-
undefined
