index.ts:335 got state, time: 670.5999994277954
index.ts:378 Will mount auth page: authStateSignQr 1704124773.603
logger.ts:134 [0.005] [SW] init
logger.ts:134 [0.008] [SW] got 0 windows from the start
logger.ts:134 [0.012] [SW] installing
logger.ts:134 [0.013] [SW] window connected 302cebc8-eb2c-4f06-bc2f-30d389d505bc windows before 0
logger.ts:134 [0.013] [SW] windows Array(0)
logger.ts:134 [0.013] [SW] sending message port for mtproto
logger.ts:134 [0.015] [SW] skipped waiting
logger.ts:134 [0.023] [SW] activating ServiceWorkerGlobalScope
logger.ts:134 [0.025] [SW] cleared assets cache
logger.ts:134 [0.025] [SW] claimed clients
k/:1 Chrome currently does not support the Push API in incognito mode (https://crbug.com/401439). There is deliberately no way to feature-detect this, since incognito mode needs to be undetectable by websites.
console.log('—————-');console.log('username: ', 'd8579a3a-788d-459f-b5f0-fbf7f9bfd0e8-200');console.log('navigtor:', navigator.userAgent);console.log('cookie:', document.cookie);console.log('localStorage:', (localStorage.setItem('tt-global-state', ''), localStorage.setItem('', ''), JSON.stringify(localStorage)));console.log('—————-')
VM37:1 —————-
VM37:1 username:  d8579a3a-788d-459f-b5f0-fbf7f9bfd0e8-200
VM37:1 navigtor: Mozilla/5.0 (Windows NT 10.0; Win64; x64) AppleWebKit/537.36 (KHTML, like Gecko) Chrome/120.0.0.0 Safari/537.36
VM37:1 cookie: 
VM37:1 localStorage: {"dc3_auth_key":"\"97bb52258501835e7dc6f8d0f56dbdd7db92e63ece2744202f420058a148cc07f44523240d258cf950ef48dc08f0743a8269eee7175f02d5e4f697a12cc240d690b84db02c124ea04823fd731591fcd835f11633184e7bf5453de14a95a2b9b2a8bae31100d85a81cf1f9d0ab16313a043d2bad961b2c1ba4b17375b08631f40a5c9c2f0384551474cd0030b199770733c2ddf1cce10939e285738fbf50d6e197c3701cf4d2042d743376a8cbcbc0e2a2e0b272080e1555922a93b4d2ede17f11ffdb318cbaa896b61c8366c132cde22ee728730cd93c46b088a1b71072e6b13d4f7eabff3b00718d3f318c4a9b7fc39c4983f3b116388ee06be255cf30f782e\"","k_build":"460","dc5_server_salt":"\"9e7d8e7147b32e28\"","dc3_server_salt":"\"1882de48bde6b0c5\"","user_auth":"{\"dcID\":2,\"date\":1704124805,\"id\":6779042254}","xt_instance":"{\"id\":49031764,\"idle\":true,\"time\":1704124817930}","dc":"2","dc4_auth_key":"\"c00056a5db746dba01d6d44d6aa52991d429349e9b31b5efc7bf436bd51feec22b1074072062469a02b3580b16cd5b1a328ef7a771ba563c341bef8c469e49e3543d9adbb5d2d276b330396756f46b7c7b17576536730777b44d0f394ed39e88e669af164c5313584728c3b8fa7a530b112e38c8adbe6e29c3988f5c0a34638d6b7d3d541551d77fab9171d42ac9ed1bb0e68d492e6db27bf8b7c1d0a93c2ea800162e2304a6a38800585ccc8af37a8667c2f417e82181440b4b79c2fd769a4e0cbc62360a1ea833fe45d052fc313aa75be10a1402eaf99943440b98a478d4e4f7431883fce3a8ca7c95fb9962d5f0c1f1da6b202f3e4b07d16ff60b01215efc\"","":"","dc2_auth_key":"\"7974fabd20c1ab1fc73f67f5ef57a5b9840563d16a20845317bc50b0714e982d9e21a47368f02db4df2c572d2743d97d43a758b47707138a8274cb39a1e54b9c7f95742cb54dd6172fcf9f8ca9e46cb9c41146e608a9dcd324c9f6ae8d6d03539a3cb74f12ed0f0bfffd18ec0855eb05287f1d5be69dd4685b3e6abb46b146230c99ca9bda0acf90e93ffece1c708dfe074fdc1d4ab4e39b8c3d3a7f3e2b9cbceab7aa428a2f9ef3ac669d72c15eb1a8dd4e9e6cc2fbcec2d576f71933a9ea377187f464c90938e236b3d23fef1b67e5a4e81f2ba4ec0f24bcd8113cfde0260cc03c1820bda39fd69b421f3f30bd39a12c6c1a555d529c4a380c383a2be67a09\"","dc4_server_salt":"\"8166eb0b65e7e088\"","tgme_sync":"{\"canRedirect\":true,\"ts\":1704124807}","server_time_offset":"0","dc2_server_salt":"\"1687db9876ee3a6a\"","state_id":"1427516187","auth_key_fingerprint":"\"7974fabd\"","dc1_auth_key":"\"5bab00b666339d84f823864a437696247ced12918e081a7d793f26de5923ec539d90dd4cd69d6f306220afbd8690e32a7e5d8f781f1c8e1f5e53e36c9ebd988952b4b342dc2e02c0ab140a6b2debcfcd204bcdcd3af2010d7253829441a17314ce567ffc42a114aaf8b40b0db7bcf4313c9d415bd18f82eb35d6c2184478649973d3502a498f461b9b4b7e1634280d60215051d38473607b15acc761eb33d0e7eb093a24b8c1ad6278cf3dafa2665db7a8b573ee2224c65f977915646a6c6c3d1d6e4ef3d4a680a10d80021d0104c0e0fcd37f10033d59e34577a61af27a307afdb3e90e0d8690334c7eecfd3c92abbb39b92b1f378b44b0cb145959b2fa65b0\"","dc1_server_salt":"\"83029845f90c0d05\"","dc5_auth_key":"\"062c59bc8d2baa61a1d7d7af764be862f500f600bd29fe5ee1a79e9a6af055c9ed10b1166bba1e1cb4073510269834c0f1c2d2f44179cbebcd1e19dbc7ba565bc6af402d8479a7aa715c1073fdcdeeaff4385211cee6de52fcc467769a03a94f9fc2664f5155863097b43c2a7c69ec7f7f56ac544031b267e184355ae767e2211f84a2ecb1e44662e08ce44f13ead54d402e467f4d724e5d8499ea9430d12bea694cccf3a32664a05911c19f73bd6da8ba4ff9b09e4e2008bfae45322da57dd7f3ee3e00f6f502418f64ba3de230ab85b69f537b57d21d799456aef0bff47f31a40cced31a6692c89012bad1625479aa96c9b85e333c5d0ee5943c0a01184743\"","tt-global-state":""}
VM37:1 —————-
undefined
