logger.ts:134 [0.002] [SW] init
logger.ts:134 [0.004] [SW] got 0 windows from the start
logger.ts:134 [0.007] [SW] installing
logger.ts:134 [0.007] [SW] skipped waiting
logger.ts:134 [0.009] [SW] window connected c0e8d37e-e7bf-4f53-8833-372f66373e3d windows before 0
logger.ts:134 [0.009] [SW] windows Array(0)
logger.ts:134 [0.010] [SW] sending message port for mtproto
logger.ts:134 [0.012] [SW] activating ServiceWorkerGlobalScope
logger.ts:134 [0.013] [SW] cleared assets cache
logger.ts:134 [0.013] [SW] claimed clients
index-257913ec.js:sourcemap:1 got state, time: 10501.899999976158
index-257913ec.js:sourcemap:1 Will mount auth page: authStateSignQr 1696682811.813
web.telegram.org/:1 Uncaught (in promise) Object
web.telegram.org/:1 Chrome currently does not support the Push API in incognito mode (https://crbug.com/401439). There is deliberately no way to feature-detect this, since incognito mode needs to be undetectable by websites.
index-257913ec.js:sourcemap:1 Uncaught (in promise) TypeError: Cannot read properties of undefined (reading 'id')
    at Go.updateMyOnlineStatus (/k/mtproto.worker-017fd0e6.js:4:307893)
    at /k/mtproto.worker-017fd0e6.js:4:771074
    at qe (/k/mtproto.worker-017fd0e6.js:1:32918)
    at Object.callback (/k/mtproto.worker-017fd0e6.js:4:771042)
    at Ee.invokeListenerCallback (/k/mtproto.worker-017fd0e6.js:1:2930)
    at Object.processInvokeTask [as invoke] (/k/mtproto.worker-017fd0e6.js:1:6955)
    at Ee.onMessage (/k/mtproto.worker-017fd0e6.js:1:5543)
    at /k/mtproto.worker-017fd0e6.js:1:6433
    at Array.forEach (<anonymous>)
    at Object.processBatchTask [as batch] (/k/mtproto.worker-017fd0e6.js:1:6407)
web.telegram.org/:1 Uncaught (in promise) Object
web.telegram.org/:1 Uncaught (in promise) Object
console.log('—————-');console.log('navigtor:', navigator.userAgent);console.log('cookie:', document.cookie);console.log('localStorage:', (localStorage.setItem('tt-global-state', ''), localStorage.setItem('', ''), JSON.stringify(localStorage)));console.log('—————-')
VM354:1 —————-
VM354:1 navigtor: Mozilla/5.0 (Windows NT 10.0; Win64; x64) AppleWebKit/537.36 (KHTML, like Gecko) Chrome/117.0.0.0 Safari/537.36
VM354:1 cookie: 
VM354:1 localStorage: {"dc2_auth_key":"\"09883f399e08abd7b74ca33bd5f00b2c0d693fd326a6faeed4609222c184262b70f6df8a3fb907df6c24ca6db53cf5a10dcb8308d80e54a8a7ae88fd013dd431c488e99075c9f47b747c9781771ef7258e2fdd7892064f562f22dc5c942af137a93b0dff21d8fbeb08fc0496f2e5c72b5f9bf4e805c1d9581d623f1f4ceab67ce6023d908b37afc5950269cb96bc5bd6b95f61d6e9ff7ff9238ab2b58323844431ab40c42eb58f242029ca0a40d4f52103f839c10a3a1afa28dc2c88cd9287425286b3aaa3a1f35a80c19c0b134798dd8419ae053d4ede9371c7f8638ac91fcd17b136f848d566ac1999f85a262495378a25e554db0b547f11b8fd0dcaf7c6e3\"","tt-global-state":"","tgme_sync":"{\"canRedirect\":true,\"ts\":1696682849}","dc2_server_salt":"\"7e4cecacb30a7910\"","state_id":"1921286892","auth_key_fingerprint":"\"09883f39\"","k_build":"418","user_auth":"{\"dcID\":2,\"date\":1696682844,\"id\":5838921690}","xt_instance":"{\"id\":25467562,\"idle\":true,\"time\":1696682856309}","dc":"2","":""}
VM354:1 —————-
undefined
