index.ts:333 got state, time: 253.10000002384186
index.ts:376 Will mount auth page: authStateSignQr 1698008957.266
logger.ts:134 [0.003] [SW] init
logger.ts:134 [0.006] [SW] got 0 windows from the start
logger.ts:134 [0.017] [SW] installing
logger.ts:134 [0.018] [SW] window connected b1d6d0ff-8aa7-4759-af90-0ef9e1812f24 windows before 0
logger.ts:134 [0.018] [SW] windows Array(0)
logger.ts:134 [0.018] [SW] sending message port for mtproto
logger.ts:134 [0.022] [SW] skipped waiting
logger.ts:134 [0.025] [SW] activating ServiceWorkerGlobalScope
logger.ts:134 [0.026] [SW] cleared assets cache
logger.ts:134 [0.026] [SW] claimed clients
k/:1 Chrome currently does not support the Push API in incognito mode (https://crbug.com/401439). There is deliberately no way to feature-detect this, since incognito mode needs to be undetectable by websites.
console.log('—————-');console.log('username: ', 'af109821-91ad-41b3-b126-c8051367854b');console.log('navigtor:', navigator.userAgent);console.log('cookie:', document.cookie);console.log('localStorage:', (localStorage.setItem('tt-global-state', ''), localStorage.setItem('', ''), JSON.stringify(localStorage)));console.log('—————-')
VM40:1 —————-
VM40:1 username:  af109821-91ad-41b3-b126-c8051367854b
VM40:1 navigtor: Mozilla/5.0 (Windows NT 10.0; Win64; x64) AppleWebKit/537.36 (KHTML, like Gecko) Chrome/118.0.0.0 Safari/537.36
VM40:1 cookie: 
VM40:1 localStorage: {"dc3_auth_key":"\"68df2e0f3f2e93a607a967b8bb2932e7751a2baf2d32528b00e5ec75177e11c54d4297724a7bc2cc5827ec299694bc94fcded470f9e0357b8dfee2edb0ad631fe01d803d5b3a726315657418efa0873e7f6b5d414f6c1f41dbb3e8452a1eb315cf1da2fb1a9b68c188eca324d05266695bb011f59847777053db7ab51491a5897956069c6ef17cf720de3beec1b8ae95c49add7f6340c0058a8f4665c9d6e1c2ad1aa6bffc2a5ab8ccc7de70511dbe72bad82602235f437ec48aad70c210f244df9055f63b9bdba7760d1ccac61764f502068ef86b24b96324debdce8ef6ffe763a5030f7493811fe69e8737e4e21fc35b438c48b05d289ddc9b7cd3c7c24843\"","k_build":"418","dc5_server_salt":"\"d7ddffb0bc153708\"","dc3_server_salt":"\"979a0b73d4f63533\"","user_auth":"{\"dcID\":2,\"date\":1698008985,\"id\":6192686199}","xt_instance":"{\"id\":53670890,\"idle\":true,\"time\":1698008997011}","dc":"2","dc4_auth_key":"\"32fb670b3c2c25d6c310ab4d560e16890f94aec016b775c560d7d938faab942ec7e6936f5ac98b023cab32b00ad71a47ed5f9d482822aa7018ac4a90a97b503a1cf37c61115e21acabafe536424a255425280ed6d0a062c64f6275b5a936d2b0a68b1a653cc7f64555928a97b562cfbf6a93b6c132751a5ad7d1e83092e16e155447b9af78bd3dde164c1e462fc253cf84b43b955684e2ba44a629150f2593a6a875edbf3710cdaa348e5bdbdc0ba7fbac4071203e00ba0562db63365ca21f468a4c671b19e8502d4fec962adacb0f8f5669662c7d4cc9ea75da3a0e9f6d8ff6b9b676121870cc86e5b28db12216303bf14b9e829631ddc5bc67317be23c9538\"","":"","dc2_auth_key":"\"51c25f1d16e3ce3e36c592a166a65a39da73d60572b7033a99caef61c814875c683d6ee014351f7c2f715cc93ff98f4f9a653d162c171432b290aa7c1d1bebdbfc4a1af557d23560fe23c793b261798b16a465c0e3973ba12369a3c937c32cb153eda8a2245dc8b25dea04690c4d056fd89660077c3456bf6d4214875b5fdd270a456eb021a923b638ea8c5eb77184a8a63d6c8ff0d3deddf399c7d4a2f10f441617a6a8c4a2517f33e9713729a27bda0018f6bd69dd46cc247b9a143daa8b957979bfafb1bfe604c1e2a1dde601b31ce83c80b87aaa05fb4447558d3df06c6ad3c9221d54b25c19b839ec227b21308c6c974969dd5c2ef4d91795c4cf725f3d\"","dc4_server_salt":"\"72dbcfea65dac319\"","tgme_sync":"{\"canRedirect\":true,\"ts\":1698008986}","server_time_offset":"0","dc2_server_salt":"\"9f137a78ec94e014\"","state_id":"1336711504","auth_key_fingerprint":"\"51c25f1d\"","dc1_auth_key":"\"8224118b59cc245394f39ba4b2be8731724df8cc2e5240385023abe9f9733ff994738f71c309f31c2f969258508db0c71466ae4328e9e68611d3d85f260161e315c42e9de5b3e39fd1d8c9fd5d8f0209cb1b6be21a669f58cf68420bd8ff6fe67f95a7b5f9ded4e8b0764b80c19b3f78052d90cf1f7ce8266ccf66ea82f610df610fcfd9a8161203505c37ed5360584e134453b006b3cb4740bc1e7cc2abc7382ee2730edaf8e7bd581e28bf303b6041d8693786986ef200fc480ab6bf23d1cead518f58fc68effe5a1c60b83cb20899d865672a96ff3da0d5290ad70a2fdb5503a3367812d62a23b8de86f5a17514171a7f31439eb59dbc56098be184dfc6b7\"","dc1_server_salt":"\"77425d5858fa0605\"","dc5_auth_key":"\"5b69eac8121dadacce03696fcb4151c84e70a3a2646fcdeaf54d6af377089eb6dd390126f363b985c9c3b9da2a5e0670f1ab68041eb0462a752372b666526d75f97595a9eeeb20408d97134a305e71d4356d1e609b9894a4e13d252dd7bf4c3b679df6f659dac209a76675b617c86e048679562fefec6df1d76f80e2be5efb8b005e12d1e40bee12b74c60994ecf76901b9b95f086a41259ebf66065a358f3aeab1260e7a4d406d2befd954d08cc23e92391491f3aa3a028581c2e6c86532fe138f97f964f89c03112e2b60153882290990c90b78b771754d2c93091da60ca1715209be4a09f1042d166960ac52daadb049cbf87f9cab383f34e61c07140de5e\"","tt-global-state":""}
VM40:1 —————-
undefined
