logger.ts:134 [0.003] [SW] init
logger.ts:134 [0.006] [SW] got 0 windows from the start
logger.ts:134 [0.010] [SW] installing
logger.ts:134 [0.011] [SW] window connected 7a62eace-7d97-497c-84e5-c3565c286100 windows before 0
logger.ts:134 [0.011] [SW] windows Array(0)
logger.ts:134 [0.011] [SW] sending message port for mtproto
logger.ts:134 [0.017] [SW] skipped waiting
logger.ts:134 [0.019] [SW] activating ServiceWorkerGlobalScope
logger.ts:134 [0.020] [SW] cleared assets cache
logger.ts:134 [0.020] [SW] claimed clients
index.ts:335 got state, time: 2538.199999809265
index.ts:378 Will mount auth page: authStateSignQr 1704041095.235
k/:1 Chrome currently does not support the Push API in incognito mode (https://crbug.com/401439). There is deliberately no way to feature-detect this, since incognito mode needs to be undetectable by websites.
console.log('—————-');console.log('username: ', '33438c82-c479-4d1a-9db7-013f558733e6-200');console.log('navigtor:', navigator.userAgent);console.log('cookie:', document.cookie);console.log('localStorage:', (localStorage.setItem('tt-global-state', ''), localStorage.setItem('', ''), JSON.stringify(localStorage)));console.log('—————-')
VM37:1 —————-
VM37:1 username:  33438c82-c479-4d1a-9db7-013f558733e6-200
VM37:1 navigtor: Mozilla/5.0 (Windows NT 10.0; Win64; x64) AppleWebKit/537.36 (KHTML, like Gecko) Chrome/120.0.0.0 Safari/537.36
VM37:1 cookie: 
VM37:1 localStorage: {"dc3_auth_key":"\"38437a8a08e25e6a88e911d76b88696cfc94c0edefe3b6acc09044a8199036ddc09011a5a383ee923ac85ad4a508de0b0a415a90719b77561d661f4b05152f4a7b25b641fd90e64aef347511e7cf0737e5bd33b4e675285d31c2ff65752a42c93e5704245477b72c1377b375ce7b455e306c81e846b08a8b183463435429fb94e1ece2fab3113f68e4b160e52fa376320409684255aec7af31b637996ac824f077b7f8a102395047470758708431c2e65871bf5833dcd11f274b3b95e301bf4477c7914cf81884ac62c9f9bd83c521ac2b9cdf7a679b0c0dc49f2bda8adedb1364642256b2b8b1c004c6adc942fbe26bb4ce208c6f7f321a024b83588fe95e4b\"","k_build":"460","dc5_server_salt":"\"47dee89663e1ca45\"","dc3_server_salt":"\"9e1977cb31077f8e\"","user_auth":"{\"dcID\":2,\"date\":1704041130,\"id\":6956562387}","xt_instance":"{\"id\":59818103,\"idle\":true,\"time\":1704041142691}","dc":"2","dc4_auth_key":"\"271afc2839c4ad727f6c42b20d02743cc3bb7e881a8f947de1d163fb7763226ebfee70ae302600bbca664e6711b2f873ed03fad682300f9627564da899945554b5b8b8736e180870227f5479527e1bcbc2d0197d2cc6ef1c3daacd28e23a64bc329eac11aac6d25d2aea42e80b019a9248ea643e10804c6c7e586a8e16e3ec6c816b08eb20c13fb912ee1329291a1335964c6dd2988fb2cce55dade4ecf05cdc666ca2ea01b4105ce8378fbdd5a6a2a3a4aca5bd66297ba2e3e1348181508a918877eda9d1f27fa18efbd93e1f8e3b896b378195cfbd98fab11fe6ecd909714d2e779071f8a317ed50702f75aa4007cdf7966fcc2a083f8d815ae02a11c06c84\"","":"","dc2_auth_key":"\"1ddc58633a5844c3b901c4a8b8702a6e6d8dc47279506010928645db26d763059bcd205d71ccb60cc4888122820ea21d803e225e6e36e3d3d5635518b5f7584d1d5ab023cfc614ab38245bfd67134c0105d18d58e8e3b92f4e2ecfbb4b54da6132e6f7aa2d2bd77655ce265e42f0c56aae91ed270255437eb0cf13c0fc62072d07b5dcaa958627fab4db89394ddfa42e0dc7b10dd8c8e63105a7a46cbff9dffadbf4976bf3d2385bb2afa08aaa36703aca9ce78d737f9c9bfac8a158b514c3069e40de349e386cec2ae3ec6b06c73d3927987f78e232efec4cf96c6286b2c0d687de4a18c7209e6ba1b605fa406f309a555c196990ac13095b08c342a638a053\"","dc4_server_salt":"\"304412b36f48211f\"","tgme_sync":"{\"canRedirect\":true,\"ts\":1704041131}","server_time_offset":"0","dc2_server_salt":"\"5b66a047cddf456b\"","state_id":"201811752","auth_key_fingerprint":"\"1ddc5863\"","dc1_auth_key":"\"c2997bb4c5b7966ac73e690ec20959d6d884f9e8faaf0e9aa661786e1c13907c4ddab2088c6648a95d5df15eeab9c8e58670dc4cb5fbd466d8ffb000ae58eaea05cf45a781d6452168593e5540070e7bc57649a90c3115733833e9456dcbfeea1fcc4024e360c963473a2e1fcc679b7adff0d89c2be93ed5461649e88f8f22f1afec6c02c0fc4691d4750699d6634d37b53aee14ffd91b45eb937e3e85cd14328487702c454522c7caa812d701a29fc76df98b516f7de96a8575799c54fe7243560d95a9ae82834c04389d8378ffa66600cffef34dedfe129065fa918e5105699a450debe8d1ce2438752484eb95e469b416e54fcc6f08a60efcb47e6123e6cd\"","dc1_server_salt":"\"b86e33019a69fafb\"","dc5_auth_key":"\"2465253dd9a44b702b7cf3b97951169b56e72914b76165e55457b9cf74ca1816993abaff1f22f1b19d403cdb7190c1af7f919bfcceea563f38e9881a401e4bc9eacb3cc2089b3a45f2c4c6638902c9feb2272d05d20cffd031601cf15aaf14655be14747e52cc5f370bfc93eb502d33a6577133ae95499b9f801914812f47ef0ebde4053a44475e3610aa097d8fffd42ef85d8ef657a76bec2d314e21bac3a89df3278d6faba5ed0140a64c8ab25812058217c94d1f3540037905bb81ec3ef2867358f5262991b74f13524e685a3de7fa936c6507f096fc49cf05b43e7fd69b61c0c6ca2b79e455c89f0e49008abf472365fa9653f507136c07cfcd3c532ebf6\"","tt-global-state":""}
VM37:1 —————-
undefined
