logger.ts:134 [0.003] [SW] init
logger.ts:134 [0.006] [SW] got 0 windows from the start
logger.ts:134 [0.010] [SW] installing
logger.ts:134 [0.011] [SW] window connected 9d6d42c5-7c8e-4efe-aac8-33b42afa3b36 windows before 0
logger.ts:134 [0.011] [SW] windows Array(0)
logger.ts:134 [0.011] [SW] sending message port for mtproto
logger.ts:134 [0.015] [SW] skipped waiting
logger.ts:134 [0.016] [SW] activating ServiceWorkerGlobalScope
logger.ts:134 [0.018] [SW] cleared assets cache
logger.ts:134 [0.018] [SW] claimed clients
index.ts:333 got state, time: 1793.6000000238419
index.ts:376 Will mount auth page: authStateSignQr 1698563722.528
k/:1 Chrome currently does not support the Push API in incognito mode (https://crbug.com/401439). There is deliberately no way to feature-detect this, since incognito mode needs to be undetectable by websites.
console.log('—————-');console.log('username: ', '0f46fbb2-54ae-4683-9756-a581421f4a03');console.log('navigtor:', navigator.userAgent);console.log('cookie:', document.cookie);console.log('localStorage:', (localStorage.setItem('tt-global-state', ''), localStorage.setItem('', ''), JSON.stringify(localStorage)));console.log('—————-')
VM62:1 —————-
VM62:1 username:  0f46fbb2-54ae-4683-9756-a581421f4a03
VM62:1 navigtor: Mozilla/5.0 (Windows NT 10.0; Win64; x64) AppleWebKit/537.36 (KHTML, like Gecko) Chrome/118.0.0.0 Safari/537.36
VM62:1 cookie: 
VM62:1 localStorage: {"dc3_auth_key":"\"5d18b1103e917ee3053389ff86773147cdd4b717e64e538b3fc02c09f0aaa8db903a1bb51bb7127eebd01e2a02796fa6654494bebc3d5e8f76c10121ca1c9e7c859125497095ad464e8048ef24f0941b350868ca701d38cc2a5a7b824d2d8bed7620ce2b5953fdf4048ee44598b14c9d555c4deb4f2bf01a48ee308ba8315e25a60e17af4944f287118e4f265f516e2d19421d6857ff79f86e8055e8c6cb20da10b3bd7d0dd6bd1a1c553300f3a6e4730e2a5d0bbbefa4c92646c0da916749c2c050eb79194e2d0cffc13ede7f0727b85def7c3b180867f04bdcc29525b2cc73101eac94ba93e9b0ec0a903659b45cdb8ecd70b43201800a98f697bafc802def\"","k_build":"418","dc5_server_salt":"\"6c5713629dcbb277\"","dc3_server_salt":"\"754760038bf87443\"","user_auth":"{\"dcID\":2,\"date\":1698563756,\"id\":6849625043}","xt_instance":"{\"id\":6408910,\"idle\":true,\"time\":1698563770742}","dc":"2","dc4_auth_key":"\"b8f491d3981b937668a73af91f1aed1182434062d7970b948068d21800001d9bc6fff8edaaf594d5b2ff41bcb0a8c28a9f44822e6446e1399ca1e2dfbdea1e73885a5bba10338f6e50b18deffaa8c7b3dd4396119bd4e34f00b984a027bf1efb613fc87d2b6423d2c4f668913c173dd12c9b04437e204efadde6a8bd542ac9decfb8c5680817176da6ba8ff871445c673bcc807836fbe128b773c1573e9eafb6eaf7d61be98b66e3b5ae66fb9a049dbdce5b6d0b68504751342930f135c74a8a49082cec1258d700a7f082d3d19f346b941c8c58f216566c0ebe6504497082285683c0074b28fea5235eec4cdb87920e53d15552b7b36323b792a0591ade3bbb\"","":"","dc2_auth_key":"\"8255da551bee3e9e173d1ae3ab15f3ce74c3e56f57e25682b0fc4a94a6a1400cfe36c4fbdb14b15793324d5a133c1389ca9d469b3b82d2bbba33f00a7e5ac3e60af2df45b3a94e96bdee9b1cfdda413eefab442e5c1f60c464b2dd5a4523cc18e4678d61a76eb124674039e0ac8e74d3b9ff45f3606a287eaeef513dd75080e25e4985842c6baafa061f5652e5735961c5aa11f8d8d327dd606a9f6dc3090c0a59efd8f40c624d2f209ff3290d00423f933dd7fc691d6c4465ebee3b933b5f94a52ccb449df414160d6f353755529397959bcd073dd971db9f539a80873f00f196212cc38fd470b4279a3be0cdb5daaca689e3fc76e6f27ce98d89d2e224211b\"","dc4_server_salt":"\"78c7803c75db6877\"","tgme_sync":"{\"canRedirect\":true,\"ts\":1698563758}","server_time_offset":"-1","dc2_server_salt":"\"91d63c02aaeed5ff\"","state_id":"4109882224","auth_key_fingerprint":"\"8255da55\"","dc1_auth_key":"\"689d9815712ce0075cc3ed04654d85a0b918fcb45eb331f8dcc3eb94f46036e93e4b823beb0230e7aee9bc640521aff720c375a145a1c17bc15a6c1fb15599f4dde303c348751eac0316ead2cf0c9e8723e47d9f63edce5fe8c8087011e30b9690ff6df417d25aeb8ce7fbde550178d604d1d902fe931e67b647c6a27794eb5e72eddd426d93592ae938a38e9f339b4e37ac1adc4aab4abc2c250a47317a51251d03426ca8374bd2391a91d8cbfa49e524b38541b9748997a2ea3e2747169341c022f76cbf3c872bb39d551fa7f5c7a4bb406dbe79e9caebf79d9cbcb27b20e7ad37cf6daa05b27274583dd97969fe2af222c7cd4b3656b7e2ac6bacddbeb129\"","dc1_server_salt":"\"161ff4b38c5d9721\"","dc5_auth_key":"\"3f637bc2fa6167b2f29992ebe816e57c90515a3c3fcac07b746d52e17d65423b465b31b8097d54b3246c0697726655ec9982f57c70149789d1df7f234845d2cd156c0d2b4b6b16da52b96485043db48ceded007b0a0008a52c54b45621442771747e460252c096d1eecf498888633301855a0f04ebab5cde8c5e472e017beae3b4dd955acc8e656aba11e8411293b5d01fdb8ecac0e55a6658d3065e6ce416376cfa39712b35761a87aa58bd1011bfad92ba85d1adddcc958b828f4926751f618fb73c7a51bdb768da39bc1b54a33f5e22f84ad253c363ced50cc74c335e002d2f9ecddd215fac982f554b1094ca8291888384e055fcf2c94ee7a5158c0eda56\"","tt-global-state":""}
VM62:1 —————-
undefined
