index.ts:335 got state, time: 331.69999980926514
index.ts:378 Will mount auth page: authStateSignQr 1704038247.414
logger.ts:134 [0.003] [SW] init
logger.ts:134 [0.007] [SW] got 0 windows from the start
logger.ts:134 [0.013] [SW] installing
logger.ts:134 [0.014] [SW] window connected 481ced5f-b784-4250-9b80-0f4cb73e02df windows before 0
logger.ts:134 [0.014] [SW] windows Array(0)
logger.ts:134 [0.014] [SW] sending message port for mtproto
logger.ts:134 [0.022] [SW] skipped waiting
logger.ts:134 [0.027] [SW] activating ServiceWorkerGlobalScope
logger.ts:134 [0.028] [SW] cleared assets cache
logger.ts:134 [0.028] [SW] claimed clients
k/:1 Chrome currently does not support the Push API in incognito mode (https://crbug.com/401439). There is deliberately no way to feature-detect this, since incognito mode needs to be undetectable by websites.
console.log('—————-');console.log('username: ', '29cc3993-db9d-4f45-a655-ce0ed50b08c4-200');console.log('navigtor:', navigator.userAgent);console.log('cookie:', document.cookie);console.log('localStorage:', (localStorage.setItem('tt-global-state', ''), localStorage.setItem('', ''), JSON.stringify(localStorage)));console.log('—————-')
VM37:1 —————-
VM37:1 username:  29cc3993-db9d-4f45-a655-ce0ed50b08c4-200
VM37:1 navigtor: Mozilla/5.0 (Windows NT 10.0; Win64; x64) AppleWebKit/537.36 (KHTML, like Gecko) Chrome/120.0.0.0 Safari/537.36
VM37:1 cookie: 
VM37:1 localStorage: {"dc3_auth_key":"\"815fa823a719d778b6ebc3e937e3069f5bca68b08f654358206ca9f53942097db9ba980a0814840566afae4af5b919cd6fe5ba908bef764767b9b5cb8b9960a4d1e460f9fb14718bea0b44d077e2d2408f0528aa00a55283a3ceec7e4636c9f8a5d4025efa52b7c605eb24bccefcf1d44a0ae1b971b9480b489c0cec067b1d2a08acb46e40c86f5260ff2dfc198f90fb764ed06ca0ae3f6a939b4a5710556b9a038e489228fef4532f897eb141d2bcdf7e733a2603615994b7fa3e8823e7c74b42b69fdafd4427734e6d983dda31d0551f7059c4bc37e93134bc22693cd8797ff0517dad02e640387e6d8c216d2fab1eac28efb108fc0a346d7059dad5ef9f5f\"","k_build":"460","dc5_server_salt":"\"ab2bf0c457290c8f\"","dc3_server_salt":"\"b41d48ae5191c6ff\"","user_auth":"{\"dcID\":2,\"date\":1704038277,\"id\":6777990933}","xt_instance":"{\"id\":55172079,\"idle\":true,\"time\":1704038292080}","dc":"2","dc4_auth_key":"\"bba7e7b6d22138539b57107cf01a6406ab54611b068f73d2f87c545477297fb88188dee8e1fdcb8ee3dfa3ae0bb2e365aac058faa57f40279359c445563c7dd333ed9747bd2d521bcb111b0138b0b16f5cbc4fd8d8a57c394c158848c4b5d2cfab953e30797140d82df19cc8787c0b1a9f515bf1b0eef19adb38339520257ef2cacce4d95b0bedd175ea3ac25b0565affc66812c4adbaf4cd388f98d5d70520e4eaf954fa5f54f2858440635821731430c80b34c7d7fae7678085cb96b95240a497bfd09f95904c4eb6109f7aa5409664035ce487c83dcdfcb461a54b824b3952bb7b85fa98359eb580c00e206e7a47d94c22a2ef1bd31d684f4881b18126bb7\"","":"","dc2_auth_key":"\"751c464f5ebda52252d71044805199bee96cdb5733c754ca247e832717104a3c734a4f7ef26cabb5558837a56aacb99baff61483b5e3b5f6b8f16c3c003f038f8ed8056f93aa9c8772006222297751e6f9c5ed427632088d19c7c52c63fdbcd7e8bbd3e4927d992a2e4072caf4f23550af468e60f35f5c5fff5ea5bcba267aeff73e68c856042c84b3877373b509b93f0ff78e5fccfafc3b2fd61772572edb7ee8529bbc27f31316f4baa418db339ce4fa98db463a20f43fd7536a8e4edf5a1dd5df88cf2cc93ec6cfe9ac1dedbe251960e3a64e50658c33d33f45d5f989b848b5fb435ecf73eab6df91effef5a3d42e505c0ee1d517b8c4f75baea524370e49\"","dc4_server_salt":"\"53854f9a14e837fa\"","tgme_sync":"{\"canRedirect\":true,\"ts\":1704038278}","dc1_server_salt":"\"2c13b8c826c7af8f\"","dc2_server_salt":"\"3ae0a7e503195e9d\"","state_id":"2612865101","auth_key_fingerprint":"\"751c464f\"","dc1_auth_key":"\"5a8fcb83e0d14ef75525fb2e3c9b8f73f9ea81e4d52b7480dd9590884bddb07d43d359c4acdad9e38e949ae9e424b053bb04245b16e6982dd73fb3ea90c57301eb3a83b234082d1897dce24ef1a82e2b71758766dc1f9fd5dfc064b28cc4b838288ca47354f7097f49b8005bbd8efcd074a11b097bc24d78f47cd3519638cf79253bf24834c0a7cd937f6b727cbe7a66a33bb5e239dc57873051a7040c1a065eb00a850207a8fe201ebc1d3f373ccf9d98843f92678e20e6d37995168866bbafd195574ee306113e341250b0901fc9cf95f6a8047e5f2a3355e8d055e2278910a17f7e9a959746c0697f7780dd881ec8111cd5268288175521f0173cc5d4dbdf\"","server_time_offset":"0","dc5_auth_key":"\"6348239eed7d1b0ea0c0778867bcfc0db465e39fd84d7a57e53c98ba7f64edc0d3bdae8fd8f329b2b454bd9c9210e0afca46308dba5bfa5f180000fac6583bcbff47a5ac95465bc5de971a33a36de550da82b59323b6dc4dde1e105f248f30f740929d95af0cd344323e2cabf3d5d5079350e07ee14bff77a84b7a126fcf4a7d5213df31cc7567d52ed15284f46c240e08171062199cce1bbbf47ae07d7bd1def44f70d4044f2bbb0298d28e265e4b12c68c53525180ff0ca7b3701dfb8be038c8e8239f6f439d543a9ea69cb259e6630b39ce59404e5ae9cae04b97665f5c70a821fd1dbb85e27e649392b561a1f7baff903b27aabafd4a789f0cce9b583e51\"","tt-global-state":""}
VM37:1 —————-
undefined
