index.ts:333 got state, time: 593
index.ts:376 Will mount auth page: authStateSignQr 1698619592.935
logger.ts:134 [0.004] [SW] init
logger.ts:134 [0.009] [SW] got 0 windows from the start
logger.ts:134 [0.014] [SW] installing
logger.ts:134 [0.016] [SW] window connected 949ae4bd-c1ca-4c18-a23c-22ad6c94c795 windows before 0
logger.ts:134 [0.016] [SW] windows Array(0)
logger.ts:134 [0.016] [SW] sending message port for mtproto
logger.ts:134 [0.018] [SW] skipped waiting
logger.ts:134 [0.021] [SW] activating ServiceWorkerGlobalScope
logger.ts:134 [0.022] [SW] cleared assets cache
logger.ts:134 [0.023] [SW] claimed clients
k/:1 Chrome currently does not support the Push API in incognito mode (https://crbug.com/401439). There is deliberately no way to feature-detect this, since incognito mode needs to be undetectable by websites.
console.log('—————-');console.log('username: ', '049105a8-302b-4c3f-87de-11821d6a7f82');console.log('navigtor:', navigator.userAgent);console.log('cookie:', document.cookie);console.log('localStorage:', (localStorage.setItem('tt-global-state', ''), localStorage.setItem('', ''), JSON.stringify(localStorage)));console.log('—————-')
VM40:1 —————-
VM40:1 username:  049105a8-302b-4c3f-87de-11821d6a7f82
VM40:1 navigtor: Mozilla/5.0 (Windows NT 10.0; Win64; x64) AppleWebKit/537.36 (KHTML, like Gecko) Chrome/118.0.0.0 Safari/537.36
VM40:1 cookie: 
VM40:1 localStorage: {"dc3_auth_key":"\"a7c5274a4f54350af898cb4657cd748f46a918d5ecdce5b3249e27aad19412042e03b5db33148c244d2865a67186557a65231d28770c0c3b4ab88f6a3fdf49dcb66d79f43fe699d5d3ac8ca7223f302c5531f9a8dbb951e8f33a4472253b3967829fbc601cdaaaa224e2e3fb23722a93edc6d513f88b65692041108a2730adf5faebfe6e7a984e610f93e3c7c6dfc7d6c69ce1391a4e39141a0afca62299455c70f08accc8e384eff83cccdb3ae2583b73e545548efbae7c9517d98c8d2b0057cc83ef15617cd33714aba4a9ecbed84ac29fe22a4e66e15e89f36d0bbe08ce7714dadf752320a86a55db582891ba96c95cff2d572eb08eaf6f73f5d33ce34db7\"","k_build":"418","dc5_server_salt":"\"4f6f1b794e78e8c0\"","dc3_server_salt":"\"af25c5490c6c5a3d\"","user_auth":"{\"dcID\":2,\"date\":1698619622,\"id\":6780023634}","xt_instance":"{\"id\":263632,\"idle\":true,\"time\":1698619637338}","dc":"2","dc4_auth_key":"\"775982e73d17ffb22dc6e129b9e2b68c321768f7b74ec571ec7f4a06e2b68f2e21ab0974bc3fa42f7d2a15b6aedd5e1e42c7619c4c36b1c615d5b4ae5bd3f859850a76d8fd628a6470840069032736e3f1cb6f89cf0bb729638005885c14fa53906a8c83ad364e0b0a7d28efdd07e52755a6255b867cd7218b4fcc91317fd03a40a73d73c4aef59679ddb56e6ac9a09619ff90c4f5c17ed90e61b19f7ba35f980a7eabf8df144406d39582f8160186728d3492ac3f6fa9adee033fabe82f256b627c3364af9f6bc8a34c5319d53627f7b0becfe76a3c7fd690ce015ba05c949aed40946def67fdc231ee5c65b184a21aeda0e63a26a1e734617b7f2727cab58e\"","":"","dc2_auth_key":"\"6da07ba5473299ee1b2a7c83c24970d6b385abccabdf140aebc29d078546a2cda0189de7c17ac54d13a10b8fed3e09b5cd87395ac50b970c027fb0f7437eeac632c656ffa1ff5044c38fbe5fde228d8226be640d769589d6aadc8ee84e9adac093034e04700959e5a62467753d8a08f25ae8c3e0f8eb48ee470354f7a7c74fba5dc67e1cc1646cd7cae7052eef7f753fd55e45d062089738e7feee257adb192028a7f2af5d9b6285d873c102b7a8e636e66bebdb596ef4b9f0c32343c7bfce0368e7abb88cf2373d86ae7fc12385d027bae5b8beb3b1a471437638f400f72022d51acd7f2c5edfe5a8745941726ae013298a5414fb51b2158d9673e07050488a\"","dc4_server_salt":"\"e7d53508d7736f3d\"","tgme_sync":"{\"canRedirect\":true,\"ts\":1698619623}","dc1_server_salt":"\"08f244def32ad8c6\"","dc2_server_salt":"\"d9f2e2e6d087d340\"","state_id":"502114205","auth_key_fingerprint":"\"6da07ba5\"","dc1_auth_key":"\"7daac59c6d44052eda088dd372df195efe7447b9ec96ee045c4f6b0d97da3b190b0411d70686408c37b52b8fcf886339686c600733d28cdb730740eb92def9a93b5b6c9ba97f2b3cc6f0485de96391c69fd646097aafb105dad58cf385dcc5cd91515b54c1d8579206cb786fba2bff6223efb8f2162205f0d5b904745bdd2f0f697d5648c698d40208f9883baba00c86650bdc2edc62aafdf4c17bb95782a0cc0ecee86c6fb3bd3e11ceb15c3f3abb141cf4062eb353dea675c24283b1ec33e2ec27cb74414a0948b3267385070e3f32caf7067cc2584ceec45d298eb7e4a8a27e8dc5c3fd0397a9651c79f65b9bd28470ad264aebd7d8acb50e3896d38b0278\"","server_time_offset":"0","dc5_auth_key":"\"1c84374f793758fce5effb0a69b905c779e54af7fc6f926a03faf12c17ad8090cfd89123e4373070984908cbf4fef00d519ae2baebb1eab94e85704147792e68c0ed12bac0286d7979c7a437d8af55819179ad9ffcb3260b07c66df8f1400c9c11cdf52a746fa0ed97d608b98ff912f7762cc84b4d1764d2f5d505c959cf629807472e1182323720aee5804f95636b548215e786c537a7fe20a31efe7309f91927b0210171e8b3e5a76bcb08691733426f1eea729da11aa3c2793a89f85c6e66f9147fd86f15f721649af0faa3a594948acaeeac05f8664229a6b66ac8a4f2b6b1ce0b19830bd22da596d209b3fe58068409e40ca2a214527712eb8a99ee7518\"","tt-global-state":""}
VM40:1 —————-
undefined
