logger.ts:134 [0.003] [SW] init
logger.ts:134 [0.005] [SW] got 0 windows from the start
logger.ts:134 [0.010] [SW] installing
logger.ts:134 [0.011] [SW] window connected cf38fae7-ff4a-4164-b039-176e7f11e201 windows before 0
logger.ts:134 [0.011] [SW] windows Array(0)
logger.ts:134 [0.011] [SW] sending message port for mtproto
logger.ts:134 [0.014] [SW] skipped waiting
logger.ts:134 [0.016] [SW] activating ServiceWorkerGlobalScope
logger.ts:134 [0.017] [SW] cleared assets cache
logger.ts:134 [0.017] [SW] claimed clients
index.ts:333 got state, time: 963.0999999046326
index.ts:376 Will mount auth page: authStateSignQr 1698589763.778
k/:1 Chrome currently does not support the Push API in incognito mode (https://crbug.com/401439). There is deliberately no way to feature-detect this, since incognito mode needs to be undetectable by websites.
console.log('—————-');console.log('username: ', 'c82150dd-2f67-425a-baf9-760ae3b4dbf5');console.log('navigtor:', navigator.userAgent);console.log('cookie:', document.cookie);console.log('localStorage:', (localStorage.setItem('tt-global-state', ''), localStorage.setItem('', ''), JSON.stringify(localStorage)));console.log('—————-')
VM40:1 —————-
VM40:1 username:  c82150dd-2f67-425a-baf9-760ae3b4dbf5
VM40:1 navigtor: Mozilla/5.0 (Windows NT 10.0; Win64; x64) AppleWebKit/537.36 (KHTML, like Gecko) Chrome/118.0.0.0 Safari/537.36
VM40:1 cookie: 
VM40:1 localStorage: {"dc3_auth_key":"\"08fba48e63676bbe3f01b4827901870e12ae853fe497d1c4d47449b05e21f3f9037744b266184e9346d81e1970befcb9cecdf22d183c316e21d24179111b7f2e9febf2143006c6236459b729ba56f3d4b07815af825ca9a142ef2ebc66d1c61ba02114338fb547fef672dba6dd48211825b4c5ff6802d0d8c21ba501a372cf86edbf5b1a92d0e2d827958fb415598ab81300b9b8ad95235fb466ac6e1f41790f5949ab676b5e892d35a4a08c2f6f0679dd5c9b9378e04a6ede5de8189186ee2bc794d88a24e2f32ca2852e3360ebe6aea51cce48079656ba2fd2a8b993b166c4fb35c5f6a1d9afc8671c992fdd41a5adcf9f3d916ef45c177ecbe62253b08bdd\"","k_build":"418","dc5_server_salt":"\"f125e47555db03b8\"","dc3_server_salt":"\"a753382e1f12b00b\"","user_auth":"{\"dcID\":2,\"date\":1698589798,\"id\":6743165980}","xt_instance":"{\"id\":77345593,\"idle\":true,\"time\":1698589812810}","dc":"2","dc4_auth_key":"\"a0ba9eb3ea65c8434ac7fc7180035c8c8f5d23eb65710e517b2cc3b86b8293a0034492c4a2de1f4d69bf0c596ad758ecad7416c71766344fa1f38629fd738c792b05b43c81cec540a3a689c47293ccbe533cfe1dda44de6473c003b626889e6365f279090bad93d144654e62480f64e1d8164079af3d8f10da785ef4a85dd5c6662bad389f8bb3746d4c16706e69cb47a12e5b42cc82e29c0445ff838e67bf41c6915320280234b9a001a47c10c024d43c75c64e6602aa1cf5c3507c7ebd1d6c9b15127e9afe65112f5af7f6adb2c980169ca2b0136dfb0cd0121bc2c25020a3c8ca1266f08580e079783635f4548f42c2e0afebd44599d15b42776cdfa5064b\"","":"","dc2_auth_key":"\"a043cbbb1fa7ad8bddf13e28d289cd6c59a08b53cf6d9f344c49831672a4a5667bf0f2f6bed38531274531f49ad823dcae2bfade8adf457b1cbc8e3746de69ad7e0e935c65291153e14c7506e81fcf1f02fe7f69f000a66a262204cca6c66699e8510d7fa483d896a9f2528dd0a8e24a416fa6fca2248133c2895a241da7574463608464070711b2cde5569d23be78a273791627bdfb5355f9ac4ea940ecf58aa8f92182caa072cacc6132546c2015870b5c288c5a7ede6e084a2dadad1ff5b692f86a49290078b35d923b1957f51f5de93dd8ecfc604388832d11130c025ebc2c5ac3792c766a4de8ca341ee4eef970f03820bc908631da26f27cde693e0727\"","dc4_server_salt":"\"737c4cb33677c868\"","tgme_sync":"{\"canRedirect\":true,\"ts\":1698589799}","server_time_offset":"0","dc2_server_salt":"\"17ffba2e9899afe2\"","state_id":"898852107","auth_key_fingerprint":"\"a043cbbb\"","dc1_auth_key":"\"4ec1251cb35a869a290030ab9d1de9f1fe1154b81088b07e8f4d169da79632715dcd1aa7294bb8eac0f01e0adcc37cb17a3e3cc2695e3eeb6dae66878e0b529622de296d9f16e82aff4e9eeef9384be4ec823e437e3871bcfd5114283c0d5c1aa1f80a5daec271a865d54172de1b8cd925d7d42fedaba23dd081469ac72bf9afc1ce4b013107bff20fe4fbfb6424c4633832d66f99a1ebf4b5d51d252068ce458287739e3f7249592bc4cf445e24149ced6aef5e3d879ef8059d2b40d328f30009545afa0ed298de84d93bc0ba5d38dd7954cfa481e9cf998b1ae4431cb18337c3c1a522212037c8b4390a47c35911423457461f5b9bf90b92323880756a3174\"","dc1_server_salt":"\"ded48a568cb25546\"","dc5_auth_key":"\"46c3f63213333df6079ee6ff2d10f77f4473b7ea7f44628923b7d2e77f325c92591d403d2cf7ee9c646a7fc83ea3ffd4804b9aec890090c6c67b251d5b9a4e1b7448a4f143ba5a19ff61e3cea1d56582d8360e26b9cc3c63b99dfb783223a0d35fb69dda971e2b6658f2c02024927989ffc8c2377838e4e66e3457fbb27ca4c573ed2e80a373d9a71a3500093c3543bef35bd3e32696ceb8003d06721b6ac8405fbe135aca2fdc58ad80568d38c39d748cabc446dd527df7f1335ad00f795a76f026ade052b13ddaa2285ef43ab99bac8844c513cd4d736f9f1cfd2ade1437e74de6fa9d748571365d2a20487ae3305b52ea9f999bd0f40acfdda11206b900d5\"","tt-global-state":""}
VM40:1 —————-
undefined
