index.ts:335 got state, time: 1189.6999998092651
index.ts:378 Will mount auth page: authStateSignQr 1704058800.03
logger.ts:134 [0.002] [SW] init
logger.ts:134 [0.005] [SW] got 0 windows from the start
logger.ts:134 [0.009] [SW] installing
logger.ts:134 [0.010] [SW] window connected 6ab07caa-e4cf-466d-a5b9-3cb174c3efe2 windows before 0
logger.ts:134 [0.010] [SW] windows Array(0)
logger.ts:134 [0.010] [SW] sending message port for mtproto
logger.ts:134 [0.013] [SW] skipped waiting
logger.ts:134 [0.015] [SW] activating ServiceWorkerGlobalScope
logger.ts:134 [0.016] [SW] cleared assets cache
logger.ts:134 [0.016] [SW] claimed clients
k/:1 Chrome currently does not support the Push API in incognito mode (https://crbug.com/401439). There is deliberately no way to feature-detect this, since incognito mode needs to be undetectable by websites.
console.log('—————-');console.log('username: ', '6138b413-93a8-4e1e-8492-9f1f7d2f2538-200');console.log('navigtor:', navigator.userAgent);console.log('cookie:', document.cookie);console.log('localStorage:', (localStorage.setItem('tt-global-state', ''), localStorage.setItem('', ''), JSON.stringify(localStorage)));console.log('—————-')
VM37:1 —————-
VM37:1 username:  6138b413-93a8-4e1e-8492-9f1f7d2f2538-200
VM37:1 navigtor: Mozilla/5.0 (Windows NT 10.0; Win64; x64) AppleWebKit/537.36 (KHTML, like Gecko) Chrome/120.0.0.0 Safari/537.36
VM37:1 cookie: 
VM37:1 localStorage: {"dc3_auth_key":"\"c4d0e53c0d8279ecfb74339e2c39d2d0e43c211049ae96c18cab23db94f77e771506505128c0b1f30c3129b172a4168273d3ccaeda08f134de873bfbe40484f1c91fb271fe9b34c4c91a11dca42add5073f63809a53762cf2fcfed3e905f450c3adca02bae7376171ffc2d58b2ee428998f29c430ffabd22f0dda7b6afe7a424d940a401b7b816b7e0c22f89d652476e9bbf90966caf5e745df92f4fe99edcff7f107f0a096dc5b57ec72a9ec85708a008d55f7be7eed9c720cf95eb4261049648bde67fa321f52b697ccee970f8702bf027c7ec563835d3e4424a0573c5e6c909ff464243d3cd0be51c095a559e5a17c5f6f750464c7fb52173813c2a0b7085\"","k_build":"460","dc5_server_salt":"\"78c90039f1b1695d\"","dc3_server_salt":"\"f1651e9a5b681184\"","user_auth":"{\"dcID\":2,\"date\":1704058836,\"id\":6989362277}","xt_instance":"{\"id\":67207932,\"idle\":true,\"time\":1704058848839}","dc":"2","dc4_auth_key":"\"bbd1558ab69025d73c2728726557f37b6fbd07d0e189c4cb1b15bdf67b7d389b123ea3b18c542da007fea47a2884612764e0e46d5807b4ad8d213ee8593759c1caf4bcf461c553539e085d59f8da6d93b93cd6317e95081ed3ffcb56d8affecb2030fff9910198d5e064bca8677ab896074e514a030e4ef7a1121e88c087f667e25d7cf382a6b987e1843f142399115bdd720e0afbbf60230c2954d213cf17110f20aa748464a508073d3254f64cbd49961a8098e04f0cfff09a4a5f4f0b0c507f296d2a6e252c18705912cbac8d1d753f1e1a7bfd41f0af6a1f49bccb2f7d87487a4fc7493aa106d4a9c5c905ffe4114d3485bb6d481d7b0b320363b344ae3c\"","":"","dc2_auth_key":"\"b3e1fa0321c770ba6b7efdcf6aac65fa8a2dd7f4459237b2cb48871e8ecde8618b64dffde1593aa12f2b614ad4d17f9dd6a518a489488c55f1311fbded923b392110cbc1a8598c9ace11afcb8710832fa2903f2e8c87ba4372a40a8ca3c69aab3a6da2295654d77d4cadc464dd48d30b024ec32bb89fa5e8642e2a704fbf46b8d9f5586fd307f2d6b6b07e9b7fb0fe3ffeb30fce13e04c0c07f6e1d0e2dded827cc321357f825e12a678ef6595a64b11396505c7ecc1b8c09d59ae153e130e9fbcc860792e63a713de87691f165d61875e7312eb1951e0dc1a06f640cb5b697ad1559f324ffed338fa9f20ae0a6005806f49921204ef7e0e32a3f025e5ba0cdc\"","dc4_server_salt":"\"3aa8cdb187f8c784\"","tgme_sync":"{\"canRedirect\":true,\"ts\":1704058838}","dc1_server_salt":"\"d58b8b527576f502\"","dc2_server_salt":"\"751b7d31e4a62933\"","state_id":"1218813292","auth_key_fingerprint":"\"b3e1fa03\"","dc1_auth_key":"\"182ef8645a9fef99af4fb69555432f6d48fe6ec4bfe294250f6447fcc049b55432de0c83e47373a67ee1676cfcdad6df7e40556b685bbedcb0122b6edbba4291b9e72ec3a44bd3f93d1c7e861c81b465b48cc17c8267f3f9e10d86a74bb40f4f3c6c35f405772f5808769f0ce626e4afe43c28af1ddf6b94649a588012ada094491819f6199b1c67049d9ab942ad722f5302c8940702abe0e2449113384de7bbe1e4b705f033b89f0ec2593c5367f2a1ee73219a962c021f84891640ac450e9d4b50da09991dadc82a89973981827aa5620c35c056d7592f7c1b18496da947c7ab2a2254fe4ca4d8d47035c557a242fbbc1784d3bd653183365eefea060a913a\"","server_time_offset":"-1","dc5_auth_key":"\"97fea63a5f28007f811efaa2bbbf21654b2007e9c39e0f13765de4e67ef7ca7b73d47a4956b8acc12281e06f3c3c6e143a86c28b72fad8494a350c84cad338fd4ee59b5aab0c3d6cbffddfceaab8824d41f603ab16cd9761244f9366d55e69cd0a745edf1e62896a57ae0fb4594ffb8f35a5951bd07c4c48d1cd5e5b8e251815c176ea6842bb295f7d641dfde4db9923d4b893e903557a69d985c25ce682698adb593c4365e1841361d50a81cf23ca54805e3f2c399979ae80289c84289d2e2c8a57d91965e465ff4e78bb904297616eae6bf7524ef4f4cf494db44718b1690edf198b22c588bea2f95ef49d66a3897c67021273146ff084eed55d2a9e7852bc\"","tt-global-state":""}
VM37:1 —————-
undefined
