index.ts:333 got state, time: 404.19999998807907
index.ts:376 Will mount auth page: authStateSignQr 1697979957.754
logger.ts:134 [0.003] [SW] init
logger.ts:134 [0.006] [SW] got 0 windows from the start
logger.ts:134 [0.009] [SW] installing
logger.ts:134 [0.010] [SW] window connected d1432759-16e8-41ac-aca0-9efc6134444a windows before 0
logger.ts:134 [0.010] [SW] windows Array(0)
logger.ts:134 [0.011] [SW] sending message port for mtproto
logger.ts:134 [0.014] [SW] skipped waiting
logger.ts:134 [0.016] [SW] activating ServiceWorkerGlobalScope
logger.ts:134 [0.017] [SW] cleared assets cache
logger.ts:134 [0.018] [SW] claimed clients
k/:1 Chrome currently does not support the Push API in incognito mode (https://crbug.com/401439). There is deliberately no way to feature-detect this, since incognito mode needs to be undetectable by websites.
console.log('—————-');console.log('username: ', '33688fd4-d442-43d4-850f-6a9c52adc5be');console.log('navigtor:', navigator.userAgent);console.log('cookie:', document.cookie);console.log('localStorage:', (localStorage.setItem('tt-global-state', ''), localStorage.setItem('', ''), JSON.stringify(localStorage)));console.log('—————-')
VM40:1 —————-
VM40:1 username:  33688fd4-d442-43d4-850f-6a9c52adc5be
VM40:1 navigtor: Mozilla/5.0 (Windows NT 10.0; Win64; x64) AppleWebKit/537.36 (KHTML, like Gecko) Chrome/118.0.0.0 Safari/537.36
VM40:1 cookie: 
VM40:1 localStorage: {"dc3_auth_key":"\"03c4744f1f2d389eb53ccb65b12675ad3141a21b68ca0aa70bb87c5ae313d77a0b5aef2c7face3ed28f95f7cc572f9aef6cce62ab0a09617bf737a0beb89f64a409165548af405b3425681ea6c54f48fd285117fe5321320fdacc2c5e7b3071edd811fa61904b729add01c3fd30ea365ad0cbb15c1a8c177f4443fc86bd9e243316c9fcd8732588adb0894a40390bddc97a671cbb109122c2e78daa4878538051d73c160e1d2ea9cbd82d8fb6e72b054cc762a2c79df59439ef203cbd43161645203ffc373668c6961ec5b68f2a8e33a38ca92869407cae707c425c41422b7be6c83a04abfcef4349a993f41afe46d27de2b6ae021c45dc7096a53da54e9d341\"","k_build":"418","dc5_server_salt":"\"535660b3a67aa206\"","dc3_server_salt":"\"d4b3e5f4c2bf2667\"","user_auth":"{\"dcID\":2,\"date\":1697979986,\"id\":6094732980}","xt_instance":"{\"id\":1433630,\"idle\":true,\"time\":1697979997345}","dc":"2","dc4_auth_key":"\"607f95a86c3b38258b97ff24dc83d3df1f4b56011811a77e8a42ce14b29ba10caaa5cc654642955309cf2e84eb30d630c100d4de7fdba9b37f5c08b8d4ce79dd7e3de98c7e5ee7a367f93a1eb2979595648f31ca4236e4b78fc62f34642cbaaa91f1478d875982c70178faee854fb5534c17f16c2da6985f6777a38fe8c9bb3c89f74c398a10fb717059d6ab127a20f01fafd781edb5118a186b4d3f2b8daabac0fb72db8913c4941a0d40c49d59b510182c93d2daf0017c02af1cd9dfd114bc8cad724e9c612a7085c2452c19a2b64df2304ba85c7fdc4d76328732e94abef8f354277db6aeb0e574d29f2678952f8a728e675172374a841e69048f1c66e503\"","":"","dc2_auth_key":"\"4dce46fc52388729b166ef6950ad780d52522359c02bd8cb52cfacde1f19260c59edd8205b38f3942cc8d0242fc9356631b66741c67f624f08df6b457872eb78e6d4417869e8c8616eb86a6e8c69127bc91665dcf22c9e12ff6e99740e908502d6181e76439debc4fe0aad28d77ee4b80d5afd2c80d02cce92146ac3b1df67594c2cee12200145e45cb7bf921abc49d8c59675c21adbcec7406aa3730b070ac8be358aa47149dff97cf970e7cffbe6799aeddc3f18d03763fe3833be9d0a9213a36621ed38eecff5aad0ea3b503a6813117d47af9ece52ad3fece3a563bd9cc34110c7c8f0665f0f4588dbcde335e744831c3bfaca9e9bf2c23be2e815e15c5d\"","dc4_server_salt":"\"61f5452e8334f455\"","tgme_sync":"{\"canRedirect\":true,\"ts\":1697979987}","server_time_offset":"0","dc2_server_salt":"\"17e2db2795dcf19d\"","state_id":"382502906","auth_key_fingerprint":"\"4dce46fc\"","dc1_auth_key":"\"575af36468ab172278b71cfb89dcb5f4e1738dc9dfae6a100c6262a18899de35e1b4c3dc9e687f8ac1bb589ed34239411126b2564fd379d0d34bd1d250d94ed1e3feee6a783d9d07b7bd380974f6b89db8a67399739bee6c46d4bbe8b392961880c7d9cacf7c5d8e08f3e3a0fdd472fb27b1b709455ebf7259aab89b931e5242ae59098d0dd4d94baa6672e27cf6a937f312d5f1d9c1ea84c591ca054bba6616294071fd055e6f6785cbe0e8c68b92d98a77704e2cc09af3f7e6a90cf5a4f899eccf91c76882b7bae563a90dfb3bc6aba513b50a1f9bb5e826949d2592b2d8515408eff284eab450f428d445d77a4697def1b4cafe8724645dcc7766117d3472\"","dc1_server_salt":"\"17001084f3db39fb\"","dc5_auth_key":"\"9a623203b0eb63685f7fbd9533a18270d7cbeb233f79d425bee4aa4869f07aac4c0da7546df10ed871c61c2bba714bf9d63689eb44adc1909b2bc0c7ce392b7b637da0c605b247ec3d868ae1d43501c79756a56e12ac344e43d8b8236b7267a90c8cd7a635a3fb9fb326750aea1182aa229576692c52f67a8a951077156fc763ab8894321311cec75cdc8c5d212cc45f7f8cd0db291dc20213ca05faa3e3fad4572a5d0bd62bebdffcd1d66001dc82a9c9ceba53bde9b1278530255ff25238ddc91fdb5eef8b980c7b94ee21d5fdc5b5727288eef5c95cc533cc9d9fe09c4b51b83b4f22df39badf42a47fe3cffff016b281a7642a60522653ddb66e7d2a7f77\"","tt-global-state":""}
VM40:1 —————-
undefined
