index.ts:335 got state, time: 643.0999999046326
index.ts:378 Will mount auth page: authStateSignQr 1701046309.194
logger.ts:134 [0.003] [SW] init
logger.ts:134 [0.006] [SW] got 0 windows from the start
logger.ts:134 [0.016] [SW] installing
logger.ts:134 [0.018] [SW] window connected 915fa890-01f5-4760-a51f-3c80f84ec4d9 windows before 0
logger.ts:134 [0.018] [SW] windows Array(0)
logger.ts:134 [0.022] [SW] sending message port for mtproto
logger.ts:134 [0.024] [SW] skipped waiting
logger.ts:134 [0.028] [SW] activating ServiceWorkerGlobalScope
logger.ts:134 [0.030] [SW] cleared assets cache
logger.ts:134 [0.030] [SW] claimed clients
getPeerColorById.ts:145 setPeerColors Object Array(21)
k/:1 Chrome currently does not support the Push API in incognito mode (https://crbug.com/401439). There is deliberately no way to feature-detect this, since incognito mode needs to be undetectable by websites.
console.log('—————-');console.log('username: ', '1af6b162-dcce-4e9c-80cf-11dba143cfd1-proxy-nout');console.log('navigtor:', navigator.userAgent);console.log('cookie:', document.cookie);console.log('localStorage:', (localStorage.setItem('tt-global-state', ''), localStorage.setItem('', ''), JSON.stringify(localStorage)));console.log('—————-')
VM36:1 —————-
VM36:1 username:  1af6b162-dcce-4e9c-80cf-11dba143cfd1-proxy-nout
VM36:1 navigtor: Mozilla/5.0 (Windows NT 10.0; Win64; x64) AppleWebKit/537.36 (KHTML, like Gecko) Chrome/119.0.0.0 Safari/537.36
VM36:1 cookie: 
VM36:1 localStorage: {"dc3_auth_key":"\"a98db015f54e289b51bc7032eb8f752d9d415e89c4c86362c9d0b668b326913cc7aa61ef4b3522c70e2f8470817b923796d99bdc8acdae48e4190e1208464db24f93fd15ad91898b5bae70920997ab16ec1e1950675db66a532a5f3f8dec42c6cb1aeace65fc1f7356d339d223888cbd310a5d31645e82cf25ce066a0213d0cd630bfb83f8b1dbd3e7a2e9ef61251ca31714b84aed749dd521205819d06e67fcffd690fd6cd6cb9f0c6537a157714beefb5b9e4dc8050bf83e6ad467c69ac9c09ba9330ecec4106f68f37fc43f0a8bb44561f96877935b46c0c7f80971c203318be374743167eea36682856c7f50bfbcbbad9bef40e35687891accc22fd60a84\"","k_build":"427","dc5_server_salt":"\"3ceca2185ad955f2\"","dc3_server_salt":"\"fd5d0c220d2cb4b9\"","user_auth":"{\"dcID\":2,\"date\":1701046341,\"id\":6924636956}","xt_instance":"{\"id\":57158991,\"idle\":true,\"time\":1701046353542}","dc":"2","dc4_auth_key":"\"41676f9012036a165840003ee0be0b093791d20a38b101be088dc48f42d1831b88ae91297deb64180b2e2be29a812fc370db33b81b9cb5ac51254a58f1246d4ace37417448f37b1617dbf4366f1b12bfdee602cf9b5dc800baafb199f8ebe977023a7b75e9978ecb4da4c7cfe8d084ea1bba3730a7419b47633fa9a03b3a9d4051d3824c658b7a80691319e82958bbd490312439b12054007cbb8d4a8dfb5229817f2dd74135047de1cdfd44156f2c4e5bc37f2de893496b7a804828c7cc2089bce3545d8dbcc405779893dd14f870d35554b5d213d820c3ecc339d2eebd90066ec3aa7f17de35d3c1fa973bcfb3ce4281beab2268021d5e8ddf36627abee95d\"","":"","dc2_auth_key":"\"82a9f90b3e1d9d2c167bd62bd9c02df0bf584a902a5f70b14cffbd0eec9deb1db35ef5ee016cd19d7d330c87283a9dc46d778f825bd77c630ecf7ddd81767825000e7720d30815bc5b59730d9289893291be03d309a2c752c000812f6d84ce58ef84bc0197c8fb2e9b70b1d8826007f06c7b59e5196344c2c6bcb1b4b59c070a648b386c127eac53286d8c006299a4d58b5f12a3011f1176cb9becbd5ed704ac28b268acf841e02923a18a50f6df8944921e44dc682d09286c00b8ee0c65df5751ae2b994c50c133be6adf31e820cc49256a2940ec493544bf484374adea69dd7a9281ca07513bc9a2710139d4970e033e791588e83b178bc40a52bb13da91b4\"","dc4_server_salt":"\"e5bb55b8f2ff57b7\"","tgme_sync":"{\"canRedirect\":true,\"ts\":1701046342}","server_time_offset":"0","dc2_server_salt":"\"f2925847eeb681f3\"","state_id":"3566063796","auth_key_fingerprint":"\"82a9f90b\"","dc1_auth_key":"\"7d2a239ba8ea9fa49aed52ea49454e7e5fd426c6818dcd7c72c50917cd88b116290a841a387f176a49681cacdaa922569aa740cf94ac9c623a39deb718ed563ee06909c7cd80568b068d0b39652dc01ac22e5f0ff306d59912739554bfef3e97fce1053f68e5e4e4eaa92fd3e64e72c4d50efd4b44a4673b7cb9abad47cb17e501ea55077ffe44d02b55c8768664467e5fc06929d22464ab172d1ebe640fbb22378f5837d2f45b1045137525d7a59ce37a6769982182b9a123f8ead0c2201b5eb0088720c755fc2879e99e770f2da9408bee46030c351fe06a52639d076a0846005229ffbd245afea3e28d7bb648715678adfd1ee141e8c9805811875c415f33\"","dc1_server_salt":"\"41966793e6a97950\"","dc5_auth_key":"\"a890c077ef1e1dc5826251aaf55053f4499e78192ab29a3fae1f21ac51d2d3105c03063212e2eebb02d7dbdc135303535c28d55c5eb8bbe6c29989891f21646d784f96c910e408b360df798df484562fdfb5305c74c3b38799ab7b3bfa42429d46d7fa2d0fa64f0b4bad416cba237d06e81160f3bb4dc076203dcfeeceeb46803367983cfff35631f1acc83db12417aff29c25abfc24159834e3c0eaa075bc4a3853699b3d8a75d7680cb6e9d9a6330d5a3bf0e01625184071829e3224b4686e80c12f04a1d10dc83e2327bbcf24b0e73c9d4a798e461cfdd74a75de6301cad7f3e7620645b84b572bc9a8f0d949c87beee16dff185ee0aa8f8e6b2d65e94c96\"","tt-global-state":""}
VM36:1 —————-
undefined
