index.ts:335 got state, time: 389.69999980926514
index.ts:378 Will mount auth page: authStateSignQr 1704036188.723
logger.ts:134 [0.003] [SW] init
logger.ts:134 [0.006] [SW] got 0 windows from the start
logger.ts:134 [0.011] [SW] installing
logger.ts:134 [0.012] [SW] skipped waiting
logger.ts:134 [0.013] [SW] window connected 57c60129-d507-4d4a-a96d-d54d68f40811 windows before 0
logger.ts:134 [0.014] [SW] windows Array(0)
logger.ts:134 [0.014] [SW] sending message port for mtproto
logger.ts:134 [0.016] [SW] activating ServiceWorkerGlobalScope
logger.ts:134 [0.017] [SW] cleared assets cache
logger.ts:134 [0.017] [SW] claimed clients
k/:1 Chrome currently does not support the Push API in incognito mode (https://crbug.com/401439). There is deliberately no way to feature-detect this, since incognito mode needs to be undetectable by websites.
console.log('—————-');console.log('username: ', '240d22fa-659e-461f-941c-331aec5c0e7d-200');console.log('navigtor:', navigator.userAgent);console.log('cookie:', document.cookie);console.log('localStorage:', (localStorage.setItem('tt-global-state', ''), localStorage.setItem('', ''), JSON.stringify(localStorage)));console.log('—————-')
VM37:1 —————-
VM37:1 username:  240d22fa-659e-461f-941c-331aec5c0e7d-200
VM37:1 navigtor: Mozilla/5.0 (Windows NT 10.0; Win64; x64) AppleWebKit/537.36 (KHTML, like Gecko) Chrome/120.0.0.0 Safari/537.36
VM37:1 cookie: 
VM37:1 localStorage: {"dc3_auth_key":"\"a11ef82432faeba4384a8af20e21b7be13b35bc1f9369ed62e31758b941c33bef5f2246037d044a12a92c2f97640a2b067c34dbbf0b18212e2d22f494ef61cfc6ce079234c4114fd8e2b2588f2b5f5c3666a83076ebd28890d849cbb3015a29216d0d62884f6184c9436118976bf07b906908cb13c60f86162cb7c0149aac9a9df416f8b24aee32fb0bc4bc64d8f991d89fe87f9d8de79f3a86d50818ff273bf025077e7a9a81caa6532d903f889112febc77b7dfef3e9431f32680d2cfa5a07055426cb1873e1162ee1dc3503a6513db96d8b2d16344a9eb9bf845f5c2425e4da9c2b8b57151907786437e5d00a021cf04b6e8ebb497c0e2f8649153671ead2\"","k_build":"460","dc5_server_salt":"\"61fbc06244b0ffe0\"","dc3_server_salt":"\"95e680bd264d19d6\"","user_auth":"{\"dcID\":2,\"date\":1704036217,\"id\":6514524027}","xt_instance":"{\"id\":50952303,\"idle\":true,\"time\":1704036228332}","dc":"2","dc4_auth_key":"\"8792429990aadc7e54bc4a2ee53cd5b19308c6362c85733464439afc77de972c0f9826bb6a9672f23b197610d606682325e6e66b81d8e63707b6948afae02484d3e111636aa2e832d2b5001ab7ee03727b0f800acb2968e182989bfe140e20992714654a8b3e61b26f98c1701d229487fd253a4ec4ea8a28e94253a73846038cfb95d285a7da63364fdfdddf201573e0bb1bc0f46c1644afe89a76e8ff41a4b958e89effcae65bea5718f031da32375e6ae5c7e59b42b7b68e48c70a76fd7dded35e5b1760aa296bc97d482dc30ec8370e30a5b388f39ba51bb51f165766d0dc51b5c6add3bee05077dbe5cff3c91c4caa4fc78da71a5f21822c1dc4d3daeaa2\"","":"","dc2_auth_key":"\"2f7d6733fc722860f42a9da2b5f03f199c78646db77bcdd45637966531e4bd3835cdd64a79075895f2462e4632b66baf4a7ac08dd3d73022a45a443ba770222ea0a0ae6dd76c578663afdbe1e04d70fd8a53e8e1ecd230fb721b5e0c9f48ebad6f5da65becac73a7e3cc9520e0d32182f7e1ddc7083b922456413920d82a3e617f65c82164d5af5e3543baf2b0d3bf32de6ddc91303a0725647a5af83c953568cd82b575251ceef50c3ea86e46fa4f0608359a43f51e53ac85c1309a8fb5ecdd2aa20dacaf75ddfb03aa61af4f83c3e834dbc53d6b141a1b845a627556b1a9d032fccf62de85cd1f68746c386ca5da5e1d52558d07084a31044771fef6b64505\"","dc4_server_salt":"\"120896b622ae17df\"","tgme_sync":"{\"canRedirect\":true,\"ts\":1704036218}","server_time_offset":"0","dc2_server_salt":"\"37b7675e158d7d00\"","state_id":"922151129","auth_key_fingerprint":"\"2f7d6733\"","dc1_auth_key":"\"b8c9b3398da95634be1545b49eb8d62dd04dbf0f271e5a54cec4b14836754f291fd93ec237e92a32f720318663617270bf88ea39072bceb8a56bcd7cc826a30732785aa21696c6b3d6570c107315072d8e66d9b315adc3dd3b90480e58f36b1d14e4bdefbc91e2ea8d2af195665dd54b36c1950dbe1effef30d6f029c270340c97f2588c85e877edff16d7317271e93c6fa2ad60f6da691e259a1760cffbf905417aad7b7a7666384fb968c796d0287e4414951feb88d426af107a901e03293d23f513ea7a0ead7e2b1bc109db1f521038bba66748fa0c7a915928aadd32382775413ae3756c0e46dfe11591325b5d5e071076c99ad9328713580f25767f1ef0\"","dc1_server_salt":"\"7eedba4c0313b72e\"","dc5_auth_key":"\"a90ce1ee5d54e51a66eb3a4fffadfd07867bc81cfd52be41647d3e27df8fe216a1b2ffecb11eb05c86c269de9444939730867910e3b63582ef5aa809fd7cd82959871e623844f68262ae5ad61f7d0b82689c6f757814ce934afaedbd48a79cdecbebe2da52500a364a628da24e549e11fbfd9bbd2c7e9a360b00f84d00c42bb16b1d5c96033468c68d030af7ee65c5b4cd7522b088ab3a18229bb1ada57f4fa849e402598f4220d599b51246343b972fafafcc6eacd21e203f0ce69bad368733ee0985618557c91872e83129e2b40b37daa59fa5ca35e20427e96c02284813d67b8cba569eee0e0d818cc9ae1715dab18e5a0884da71747bc87b84311ddfca5a\"","tt-global-state":""}
VM37:1 —————-
undefined
