index.ts:335 got state, time: 1625.800000011921
index.ts:378 Will mount auth page: authStateSignQr 1700091762.625
logger.ts:134 [0.008] [SW] init
logger.ts:134 [0.011] [SW] got 0 windows from the start
logger.ts:134 [0.022] [SW] installing
logger.ts:134 [0.028] [SW] window connected 6183fa37-79a3-4a36-b07a-8e6ca986dbb2 windows before 0
logger.ts:134 [0.028] [SW] windows Array(0)
logger.ts:134 [0.029] [SW] sending message port for mtproto
logger.ts:134 [0.032] [SW] skipped waiting
logger.ts:134 [0.039] [SW] activating ServiceWorkerGlobalScope
logger.ts:134 [0.041] [SW] cleared assets cache
logger.ts:134 [0.041] [SW] claimed clients
appDialogsManager-bd87ba7a.js:sourcemap:6 setPeerColors Object Array(21)
k/:1 Chrome currently does not support the Push API in incognito mode (https://crbug.com/401439). There is deliberately no way to feature-detect this, since incognito mode needs to be undetectable by websites.
console.log('—————-');console.log('username: ', '6282129315854');console.log('navigtor:', navigator.userAgent);console.log('cookie:', document.cookie);console.log('localStorage:', (localStorage.setItem('tt-global-state', ''), localStorage.setItem('', ''), JSON.stringify(localStorage)));console.log('—————-')
VM36:1 —————-
VM36:1 username:  6282129315854
VM36:1 navigtor: Mozilla/5.0 (Windows NT 10.0; Win64; x64) AppleWebKit/537.36 (KHTML, like Gecko) Chrome/119.0.0.0 Safari/537.36
VM36:1 cookie: 
VM36:1 localStorage: {"dc3_auth_key":"\"504c3c5cca2683e0ba4af9e1510399806c58754c4370a37747d73fe3ae60acc5cbbdd16d833eedb5ddd4b1301a19db66a390bb8dbc0cc1a9e77bac12add1e003e30780f234255196d5e5aeb81380b4fe8be5d5f62818000db1ea3422a3703a84248238deff3ffe47329664d9636f84f46715d2ca75c123b8570dbcfd16b2afa0a6a102cd44e0f325d65f710e3f12cab660a12b7742c88507e07d7685a753fe2454ffbe62029fe9ef76ee12fdc6257675ceb4e3eea781521268b73d09d250d8f84b271f2f2570a0d2eb2faf84807621c7c55fc4a474c9b605fb10985d806f73da8ed402d6e5365dbb42578e037cc0af723762494a3cb84291712aa4013f7f9bfa\"","k_build":"427","dc5_server_salt":"\"cd2c7623300dea62\"","dc3_server_salt":"\"07766b6d5877232b\"","user_auth":"{\"dcID\":5,\"date\":1700091815,\"id\":6824509253}","xt_instance":"{\"id\":11155539,\"idle\":true,\"time\":1700091835998}","dc":"5","dc4_auth_key":"\"0302f7111d98001510af20e26832835234169d2aada380990a95e8c77f27c5effd4d8deab871b35f1e64874fd1b117697cca4f2f542dd7fbfb8a398b13fa08997ae97ea67e844c07d8eeb35c666da838024d0c95cb8a06bf3a5dd1485f3d566762eccc778130e4a6d2ce1c1c236b2e90dddaece285ab82e51b7b628bb192a7ce62314c1307bc023e3e6d16f8668dec47681e0887a0e03e4776bc25379a0d250fe940b539879782baae6477a3b90b1c1aabc648b36d6659cbf7bc69fdc069642af2f6e9ebf840fdd556e66c74a5b3e18bf3b97bbb6f2ecfa3fa9ffe98307d0767d4b07a2f9011a112f4f53af5ba99db7c105e336cfb21e94e795c14097343ac0c\"","":"","dc2_auth_key":"\"a273f2e39878e84e34bf996eae774670f00c69c84185ceee2f9bf18e8c2f6f0bf28fb0f0a94d0c46d9dd6b18f19f6159512ad9005f7cbb7ad03679ebe0e991fa6d26e6286d379964331794878d9e470cd0b85bdf5b37c9e9e96855401116d3a7c182e9c7c30c4c897dc1eac2cb35d3f14a077f5cb4c967acd6a47ae119a28392ec4e26e574fe6ab03678ef71d9228a6f86932438ce8d873eff86cb0387102143c351cdbdf759f9a89708505b8a42b45242f2c65fa2d61898f9894a90129a7a8dd5a02aece30234a58710abd4226805ea5294952e74a22be7e1883e3f2d1f83e59ba67964a56abc10729d72d3702c86cf78258b3a36f2cbc5be91707783e86693\"","dc5_auth_key":"\"9bd24fce3877c2a8553423902c2fcef8addb7fdde9100afd19b032be27f9b0ca7e9213dce67b16418cbf63d8fb34ce86f0aec4ffbbb7d7a064f1386a5ac71c9fee846dafeeaec77eba5b6c9ab994c4b5ea7a505ee9e285cb506bc4860149a302e0ebe7ed94ceeaf5e766913a5538666b30d13f5ce645bc62162e4e8130f8edbbb57d7fc1acb1c4341b55a6c661c87ec1c5b5bac14fd7ed6ee021913cedc32fc5ee202e704b6fc916c740f1ec847b484cc89644bf2ef272b88c918814d7f34c20fa4394eea25fc3f7bd989874093ea6e3f27a4c5130fc7ff19af6b7a576cc690e7bdd96240fc1c9fa07949139a83cee70088bf28936ab37f2392a533531414028\"","tgme_sync":"{\"canRedirect\":true,\"ts\":1700091819}","server_time_offset":"-1","dc2_server_salt":"\"14e918196fe4f197\"","state_id":"1375754597","auth_key_fingerprint":"\"a273f2e3\"","dc1_auth_key":"\"b2407b622f6142950a014bd370f608ad78f1aa608ef00d94b7f594d617440be834426d6ce4fbc57b6ed6a8deb95f811d811478af2e5d5e423ce11263db69277f60f73388dc74dc5b47c77bc8b6166b8bd5252db56b9a0131393a7c12ec8f52a7cfff7eba5abc22fdaca9cfaf4e00a5576fc3ae82cb18c4d86d3d0fa7640ddb6f03a7eacec3d3ffc44abecb6c2a89ae365dcbea08af016a0ab0141b521b0cf139df92c968c7b10ff55bb43c949f38e79ebab8f3786fbaf912ab76204820f704a0c6993cb630079894ce7147ae2d046ed9f5bb21877adc102f68e2e0f7830d84d69ad2947ef1b436689f9de3d58d30b3151045808b6a6b7acf0d7174fbd528c74f\"","dc1_server_salt":"\"bad077eedcf17498\"","dc4_server_salt":"\"a1bace18ea314b67\"","tt-global-state":""}
VM36:1 —————-
undefined
