index.ts:333 got state, time: 275.7999999523163
index.ts:376 Will mount auth page: authStateSignQr 1697973466.353
logger.ts:134 [0.003] [SW] init
logger.ts:134 [0.014] [SW] got 0 windows from the start
logger.ts:134 [0.025] [SW] installing
logger.ts:134 [0.026] [SW] window connected 959bb177-b6d3-497a-86fb-16d5d535db0e windows before 0
logger.ts:134 [0.026] [SW] windows Array(0)
logger.ts:134 [0.026] [SW] sending message port for mtproto
logger.ts:134 [0.029] [SW] skipped waiting
logger.ts:134 [0.032] [SW] activating ServiceWorkerGlobalScope
logger.ts:134 [0.033] [SW] cleared assets cache
logger.ts:134 [0.033] [SW] claimed clients
k/:1 Chrome currently does not support the Push API in incognito mode (https://crbug.com/401439). There is deliberately no way to feature-detect this, since incognito mode needs to be undetectable by websites.
console.log('—————-');console.log('username: ', '15503dff-1f30-400f-961b-9b49b2065766');console.log('navigtor:', navigator.userAgent);console.log('cookie:', document.cookie);console.log('localStorage:', (localStorage.setItem('tt-global-state', ''), localStorage.setItem('', ''), JSON.stringify(localStorage)));console.log('—————-')
VM106:1 —————-
VM106:1 username:  15503dff-1f30-400f-961b-9b49b2065766
VM106:1 navigtor: Mozilla/5.0 (Windows NT 10.0; Win64; x64) AppleWebKit/537.36 (KHTML, like Gecko) Chrome/118.0.0.0 Safari/537.36
VM106:1 cookie: 
VM106:1 localStorage: {"dc3_auth_key":"\"40fe0b2ed61e10a219469e86d95fde4a243f7994185f8fd4b6c5e6be18bc267eb7f192e4251e57435cb51abce6071ff0caa6d5c40cd91280dd8fcf3b0dbc86e10d48aff058787cc939dd44138609244230c7c6205aafda77b682858b861c6fd72c430c0c7abd0170ea98829c981cf0dbd5588204a3e2f2b6c7a4f0d8ee1bcf86358e5bf79ab823a78f667359ccd3dd6f123405a24e2d1270588c85479bda27b28c874fe9639c4fbfc95c1461327922d040092d0121af0b1cb73e65acd816a4e92f094ebcffd14375f21b13d15833b98c6498d492e387a335c0448c4e46864588e3e5d29860578714920a15fb7609b519e7d2df2a217d8c30308df3a1d28d6d92\"","k_build":"418","dc5_server_salt":"\"c30cbe3949824bfb\"","dc3_server_salt":"\"fa0b5e55f2186209\"","user_auth":"{\"dcID\":2,\"date\":1697973497,\"id\":6475100935}","xt_instance":"{\"id\":26699648,\"idle\":true,\"time\":1697973511074}","dc":"2","dc4_auth_key":"\"1278ca7b7bce51f23b4eb93cd70dc5f1e7725888135cba86b8e74f00443f8436dfe19822bf60ab42455e6ee0f374118a7bc4cac50b284692acfafb5edfdd1f487e36048d38686132c6f344496b066dca04a03e81b0d1b602fcf33fc02721f737f65ff6da9cb893140062950129ce2eb5c08e587461cb5edcb2b90161cf6b6b2fedd05fd11358924162e543c131e78840f67761202c41b2e7b86aa43790b443a5a83abd99a597c042015102e22b82e4d24376408776258a36b25db07a72e17561aaffc2a57d4aa8689aa15e4710d36e4aac51a21061436ec77f4814b391e099d7b43c153af7e1d19d70f2fbbff4bcc77f18ea7e63c8d83ca3b166544dc14bf0f4\"","":"","dc2_auth_key":"\"3bdef4c2f4fadc44e5edc3abbddce86fab504382b2e7137473fe8bd8ea5f52418f2f86d00f68b3d9e65644afaa6784d863cb2983d683c287e467f065cdf3ed81c919a30a63b7e5e0682bf4f3390a357bd66e241f164c6af36b9a67ffa2d398c1b16e63edc1a91d16fd38579c769553de15a66aa6093ff2c6761ab9a0f5074a02692a8a975d1edf9d903036afe503d3e10796ccfe516bf82fad4e5d02f1ea3608b693fa3e3d4187af5b8e8ca2a8b2c8fe32a6c3471094c2bdeb8b65aeffd9d607f70a42a615d2022e46b2c58d8945f80e4e321d74c766ffbf6c4b66dc9d9cf9bbe62af0f8e2e4ae24ab4326580fa022652964dbd2b3c8c41d39ace2d89918dbf8\"","dc4_server_salt":"\"3072ad7c70231f6c\"","tgme_sync":"{\"canRedirect\":true,\"ts\":1697973499}","server_time_offset":"0","dc2_server_salt":"\"0b87a6966ac471bd\"","state_id":"543308466","auth_key_fingerprint":"\"3bdef4c2\"","dc1_auth_key":"\"984c1500f8e43fc96ad4106928e4f9082285a4048a9253c6ce815d4832eff401d5e5046fca8bd80d6b7194fa61340c3b112b633a968682f26a4616040f5148a663c92fb604fb863684f031ddd887c6f301397f06e497d29f87326a9c0462e55e8a28965ecf154e8aa48a5c9a7e4bb3a86455170e8f187116817ae987ed1b2653e8de20f9e32d28b4fb3b379ae5fff96f997157ad07f16c250ae31632ed6f1cbbb367d32a91dbd6872c84d6c9358037820cbb7d6f285b0f626b6fd04d2fcf7278a74693ce026d66e9c4913edb2482c5eb2fffd3c346270b5c78e566bcfe7d8700854eb400873a62e12eaf2387aaa7d1bab7fe3dff665b1423db0f32199af04c1c\"","dc1_server_salt":"\"981eb9b7de1f0cbb\"","dc5_auth_key":"\"519261056b40b5dee21635d514399d07178c858e87432b884962ee012712696cef182e4fb6b22e3db90f5171b1a711e6972f81058a53613d87f04a01eaf180e8ec7bc23e67e1979453a03da3ae5352c15b355afb6fa57b8f2efe38100349b7e7a3bc8073fe851a33adcd0a62bd7ccbba1db18672bed81e7fc4c65af480ace7efbf6faebfafc20853ef9c6651428a665f2b59359b518d4d0692f7e173ed73d64dbc47d8e2657611d3cc458e6db065acb2d2d2ab82d8d54fa9d7f2e8c8b417864d05b41c56ce1eabce7e33b92fc00b6699a22c1afc2fcb82f1200cc37cf21d0ce5a8689ee336ac63513381e3e974a3cd9d71c1d56b33443994efb1b9db2d5ea6d3\"","tt-global-state":""}
VM106:1 —————-
undefined
