logger.ts:134 [0.002] [SW] init
logger.ts:134 [0.004] [SW] got 0 windows from the start
logger.ts:134 [0.005] [SW] installing
logger.ts:134 [0.005] [SW] skipped waiting
logger.ts:134 [0.006] [SW] window connected 45265ac6-8181-498f-a36c-9376dc96492c windows before 0
logger.ts:134 [0.006] [SW] windows Array(0)
logger.ts:134 [0.006] [SW] sending message port for mtproto
logger.ts:134 [0.007] [SW] activating ServiceWorkerGlobalScope
logger.ts:134 [0.008] [SW] cleared assets cache
logger.ts:134 [0.008] [SW] claimed clients
index-257913ec.js:sourcemap:1 got state, time: 12854.899999976158
index-257913ec.js:sourcemap:1 Will mount auth page: authStateSignQr 1696504232.432
web.telegram.org/:1 Chrome currently does not support the Push API in incognito mode (https://crbug.com/401439). There is deliberately no way to feature-detect this, since incognito mode needs to be undetectable by websites.
index-257913ec.js:sourcemap:1 Uncaught (in promise) TypeError: Cannot read properties of undefined (reading 'id')
    at Go.updateMyOnlineStatus (/k/mtproto.worker-017fd0e6.js:4:307893)
    at /k/mtproto.worker-017fd0e6.js:4:771074
    at qe (/k/mtproto.worker-017fd0e6.js:1:32918)
    at Object.callback (/k/mtproto.worker-017fd0e6.js:4:771042)
    at Ee.invokeListenerCallback (/k/mtproto.worker-017fd0e6.js:1:2930)
    at Object.processInvokeTask [as invoke] (/k/mtproto.worker-017fd0e6.js:1:6955)
    at Ee.onMessage (/k/mtproto.worker-017fd0e6.js:1:5543)
    at /k/mtproto.worker-017fd0e6.js:1:6433
    at Array.forEach (<anonymous>)
    at Object.processBatchTask [as batch] (/k/mtproto.worker-017fd0e6.js:1:6407)
web.telegram.org/:1 Uncaught (in promise) Object
web.telegram.org/:1 Uncaught (in promise) Object
console.log('—————-');console.log('navigtor:', navigator.userAgent);console.log('cookie:', document.cookie);console.log('localStorage:', (localStorage.setItem('tt-global-state', ''), localStorage.setItem('', ''), JSON.stringify(localStorage)));console.log('—————-')
VM336:1 —————-
VM336:1 navigtor: Mozilla/5.0 (Windows NT 10.0; Win64; x64) AppleWebKit/537.36 (KHTML, like Gecko) Chrome/117.0.0.0 Safari/537.36
VM336:1 cookie: 
VM336:1 localStorage: {"dc3_auth_key":"\"6d41cda0fc605c3667a4da65303202865498f611753bb28794db35a25c1e4d248f22723fc0dd517706ed4286c2d0f51a0590686e54825de34838e1aa025342b93926f9b8e95f53efa10ca7b6319736bb8258a02179585c9071d2121e2341c9a917ad51146db27194ff00648cd53c21cbad156aa252702e2414f8738bac22ec733896380f48786d410c8f32880b9b85b915bc39a7a179769849731c9da3b9f69a69709f3766a25a9791aa189ffea1d1512ab8e72c2584a4c2ee2554a4452df532f14d3e3da94326481ee69058a24a106e61ae0276109bc2107f8a1783cd2cb2aaf9cb0b3f53105a76002b1688308b4fe90a97e832e013886f8e03c9bc9ecdb696\"","k_build":"418","dc5_server_salt":"\"4a02744dfc9002ed\"","dc3_server_salt":"\"20b736f91d947634\"","user_auth":"{\"dcID\":2,\"date\":1696504283,\"id\":6530531893}","xt_instance":"{\"id\":33677159,\"idle\":true,\"time\":1696504299577}","dc":"2","dc4_auth_key":"\"12ec5f013e624e3b0d94f633adf7dce481244acb0f91107883a6d3edf4426ef853118897a4c8444292fff43b567aaa69c41956ad8620f082da0177134693d6a6a75e5a5ed2183f620329ba365c0236f9ee5a3051acc278d1756f3846bd411f953d7d4672d9be7e430408c0f7c096fbd18c0205769aa3fc7ab94092af15f28f5f8b907fde2b6bb74655eec7744e29e526ee8db4f147a7f12c2aa8b281c186eb9c292e13d8ede1f4e7c8b061622b08d68a6ee7d8b07588c3750031d607ce713fe5251fae6fdf1e75964017bf8b956febaaeb07121f2c8f6296e6422cff2df8ebba3cf41f108d33a12dfbf38f97a1ce8ac76596c3cd698ac7b72754ba1391747a82\"","":"","dc2_auth_key":"\"b994098cd6da25d2939d6bfe886c5566c2e475fbaf5af50b47974f96404a89410e5abfc159fa7691e16aa9b68df493300f72c6e3dac2dcde196879abcd77385c1c51a30f9dc72ba0d09e64f3a9b52718a620a612bd1c027a5324fedcc0d8e7eb0ba28a48e18b6f420076954d5f132edd52d201aa3da17d1414359f23555ad6965f381f392552abb04515fe9f8d747e06e06fd8fbafc105357bcbabef7eb793d30887f40bbe1790373a0147c2bd8ada6fdb18093cd624c578f19d16313b06d43ebcf55eb7a3e16b59a3f1d919487bc8ced364ca302bf48bcefe4bad60693918c03f1d30f6eaa16722e9ba39a538a94d54699fba65f6018e4de744aad55fef7e7d\"","dc4_server_salt":"\"69615d7d1729ccdc\"","tgme_sync":"{\"canRedirect\":true,\"ts\":1696504296}","server_time_offset":"-1","dc2_server_salt":"\"adb06e05db725adb\"","state_id":"360245834","auth_key_fingerprint":"\"b994098c\"","dc1_auth_key":"\"9f013dd541867922fe076d2c7a12e1974d33a3a3c5be1f540effb684a5140427b43cff4111580582aea88b1062ba7e24f0f49fcc6e292ab1f6c9ea11ba8e5e4fb165711bf629e94be1f14fc2ef11427fcb8ba2358075e00c37c0c3651124c7bfd36a0a9f94aed6da7927fd2a13b6914c753956bd29159ba5f236efcdc2a0debbed872eb429ac6a2992622ae08d48def802e270c4556161697483ca818a8f6af46aaf40eba627a17371990cc9f2ac5505f47cace91159c42dc40dd83eadb51b826fbc69e51bd884624b3f1d2d075f016fb6c2b034fb7de2e1aa034e45ecfff47ea74eabc1f4a3e18cf5804590f0b5148bd9bfec6f5b4f039643a3a87710a717ea\"","dc1_server_salt":"\"47689d37af985423\"","dc5_auth_key":"\"0439f25fdfbb80c5578cc3e414f6ed6b3e6d7296258d0bd3bacbab8d95ccbe96aa6d74ea40d929d619057ae5334e61e1da9fe6c417cc1664f21eb3c317d092f9fc4a24f3b6be43f86b2fc894799827d5c34e4928a60f45227d1160168ac3a6d70f8d5646b4d16ccb01478fba600c048a441626b935cecc928537e0b5f58e93cdd2c914b0ec7a208ac019e30fc8f7eb1c13b5915b5c93d25770154c21f5c6500df46f5794757fa09e3e0fc4920df1023e5b62b25f7ff535e82d3294b8023a47e4b8f1572320bb3e9d006a58c527f095cf531418ec563bc3b3bf4494e9016ae8c4591a1afd47d18d5ffe37c1aad884747e5f7bbcdbcc743946a56bb5a884f65fdf\"","tt-global-state":""}
VM336:1 —————-
undefined
