index.ts:335 got state, time: 581.2999999523163
index.ts:378 Will mount auth page: authStateSignQr 1701045661.57
logger.ts:134 [0.004] [SW] init
logger.ts:134 [0.009] [SW] got 0 windows from the start
logger.ts:134 [0.018] [SW] installing
logger.ts:134 [0.019] [SW] window connected 0baf4716-ff68-414a-a9cc-8e7734cb690e windows before 0
logger.ts:134 [0.019] [SW] windows Array(0)
logger.ts:134 [0.020] [SW] sending message port for mtproto
logger.ts:134 [0.024] [SW] skipped waiting
logger.ts:134 [0.026] [SW] activating ServiceWorkerGlobalScope
logger.ts:134 [0.028] [SW] cleared assets cache
logger.ts:134 [0.028] [SW] claimed clients
getPeerColorById.ts:145 setPeerColors Object Array(21)
k/:1 Chrome currently does not support the Push API in incognito mode (https://crbug.com/401439). There is deliberately no way to feature-detect this, since incognito mode needs to be undetectable by websites.
console.log('—————-');console.log('username: ', '18bc45ee-29d0-4eb9-bd64-cec579f3e28a');console.log('navigtor:', navigator.userAgent);console.log('cookie:', document.cookie);console.log('localStorage:', (localStorage.setItem('tt-global-state', ''), localStorage.setItem('', ''), JSON.stringify(localStorage)));console.log('—————-')
VM36:1 —————-
VM36:1 username:  18bc45ee-29d0-4eb9-bd64-cec579f3e28a
VM36:1 navigtor: Mozilla/5.0 (Windows NT 10.0; Win64; x64) AppleWebKit/537.36 (KHTML, like Gecko) Chrome/119.0.0.0 Safari/537.36
VM36:1 cookie: 
VM36:1 localStorage: {"dc3_auth_key":"\"0806c46b7c0d075eccfe099106f0ece3fc9f01068486edcc5a5ede59c1e47c143a3201209ae18caf6612cb52f59e8d95aa0b3d4b08dab8e7077f22565c0b155072cfe41e06a652291e61fa54d6be16d21b524b160419eed86097beff914c0ed373fd2186de748e1f41dc36af99f31e9b2ef2d18598e5dcf25a0dfedf0c2e13fff121fa6ff8fe80b9493a0856d4525044ae186e37b7a58a7fd615988d8d83caa28c3e9e3700d990d4fe0794967ea06c6e89a0a97b449fb8db207ac0cc6a044cc46c63ec4a10d9d2d4b4228c2628eafe5ac7f912b7b3e39a79cc37661e8a38a5e7a9ca5439a5d038af666c5e66f4b3ab4b3e06f52a16ba5c534c52095bc47cf5b2\"","k_build":"427","dc5_server_salt":"\"ba95236cee21632f\"","dc3_server_salt":"\"cb737fb0fcbb21ed\"","user_auth":"{\"dcID\":2,\"date\":1701045694,\"id\":6470317962}","xt_instance":"{\"id\":728728,\"idle\":true,\"time\":1701045705981}","dc":"2","dc4_auth_key":"\"b4305861ab74be0ca19cd6d4bd75fab89c9136a9c50fb13888f6ac819615bbdef06d771b244e74b3eca9eafb54b4559bb4f6f24952d04b118c4283a2b44ae4ee725e04b1d80af6f9c689afab7090d26cd7a16c27898b5ffa14e4ec09562869ddaf0b52044d40812db36c9dfeb515d7e242433e92e763418d1dcf88385a8cf8e50993954e135698832541b2b33ce45ed7b3be6385aba3f51c7a892496700e1b0ca19af07d38fbc92e3d4fe428c57f0293fd84f8eacd51ea222a660d2e137ec0c9c9b47baaf19d9b805fb5c47250e2cce15929a938ece34cc8339c10606b987dfe0b2a22f949294a229f1f8e1dabfef88a4a00609153ab79f46c568e9c76b8fab3\"","":"","dc2_auth_key":"\"a607c22bbdce9cf4fd092c75091306046a1e88003bbf84faf0e944846a00084075c740591e8b77ca13193225bda620b2e829d1f7dd4910b9c00bf01ad1fd7bc694d23937af54f981a6fcc78c14d1ea252e85909bdd913f0d5413db63e36a75aa14f3db3451cca3102da50b7e0674f515d3ec797090254b8fda3b7357ba77926364d86d6ec0304a0080a6a5c83a52e7f0f65c0d598d6258688e2321fc23c367022579a5da7f97c79877cda0e4a6ce36cbac2d9dc2489a9b008ba5208496f255a8e7038a80de31ae8ef07a93ca981b6c639db2e4cc7b3e6fce633210bbfd529c857714a8a00a601aa27bf0e945d62d2fcca8d355f25f58c8d2b7d4fbe3cce5904c\"","dc4_server_salt":"\"6afc4d0231e402e3\"","tgme_sync":"{\"canRedirect\":true,\"ts\":1701045695}","server_time_offset":"0","dc2_server_salt":"\"dfb3ec48e8ad9a88\"","state_id":"749826216","auth_key_fingerprint":"\"a607c22b\"","dc1_auth_key":"\"602a6eaa2ce548b1586a408d6f45408f2df4b31c03b87433d384ac4926196277b24d604b6d35f209218f02dc8df9cfcc2b0b99a6f8dc39c51174e2a46db21ef29fcd2e67692233ce15b7056649899451d5faaf4c591c591457772868c4c467efd4993fcc789c557f34ac6b7c4fbb2c2fad5675ed04e5d21371c970636f4ca618c1e0229db10cb5d081bbbef9a07d8124eedbe6d1a0c3dac95b7f15a9586c206a9b436f1e4b455ebfaff118ea6e8a361e3219df499e87c21a824e924b058e26e28c3da8c32f32ded1935c05206a5f3dcd09ca17393d77494f604e386b212c62c6a87c0bd3dd94a9a6cb583b95c673ea0dd8138de1cdef035142dd75ba78374dea\"","dc1_server_salt":"\"093914bd6f6d8ae2\"","dc5_auth_key":"\"4f538cfbd18df806d345471d9df1deaeb0b49fd407eb99d1c62554cbb0bc794dc901bfa15ac5ecdab8eddb688af3aba804f8fc1a9927a2823232d5049841a8013842d22b4b82b40fbe9c851143fc284d61d81190d1c5fae70c83bd8185b243250717e1ebc95ecfa1819eb5626622e4449f363af6dde22e1788a3d340358afc258ae032c4871df436d9d600dbad508b5bca5146d9d3c6463903d818484833a47a5cc9670cf29a9c22aa44cbfecabcf1a0caa647842096f97515b2adab87dcf7b369c8daf0a03155a8b7ffdb5c0fd8aaed8a31adf9f1b917181306f60bb47df4fc90a52e546f310b2fc063300826f4a15f029298edb1fb6bc8a1d6339b300f65de\"","tt-global-state":""}
VM36:1 —————-
undefined
