index.ts:333 got state, time: 257.80000001192093
index.ts:376 Will mount auth page: authStateSignQr 1698007486.126
logger.ts:134 [0.003] [SW] init
logger.ts:134 [0.007] [SW] got 0 windows from the start
logger.ts:134 [0.013] [SW] installing
logger.ts:134 [0.014] [SW] window connected fdb2e528-6026-4112-93f2-c71cdf8d6482 windows before 0
logger.ts:134 [0.015] [SW] windows Array(0)
logger.ts:134 [0.015] [SW] sending message port for mtproto
logger.ts:134 [0.017] [SW] skipped waiting
logger.ts:134 [0.023] [SW] activating ServiceWorkerGlobalScope
logger.ts:134 [0.024] [SW] cleared assets cache
logger.ts:134 [0.025] [SW] claimed clients
k/:1 Chrome currently does not support the Push API in incognito mode (https://crbug.com/401439). There is deliberately no way to feature-detect this, since incognito mode needs to be undetectable by websites.
console.log('—————-');console.log('username: ', 'aa50888c-deac-4a64-829c-4df2da34766d');console.log('navigtor:', navigator.userAgent);console.log('cookie:', document.cookie);console.log('localStorage:', (localStorage.setItem('tt-global-state', ''), localStorage.setItem('', ''), JSON.stringify(localStorage)));console.log('—————-')
VM42:1 —————-
VM42:1 username:  aa50888c-deac-4a64-829c-4df2da34766d
VM42:1 navigtor: Mozilla/5.0 (Windows NT 10.0; Win64; x64) AppleWebKit/537.36 (KHTML, like Gecko) Chrome/118.0.0.0 Safari/537.36
VM42:1 cookie: 
VM42:1 localStorage: {"dc3_auth_key":"\"75e2e7e436932513fab967849d944aa9cd6b55dd7c67100789f29fb678c7928861af104ff5a6527cbc38b563d9f03e16359a00b94a6f4e5b00a70c41322d3a391eeb7d6caafad77bfd412c0fc51719820580073e7dad11194edbba1dbf50e1a2713a9c2cea0ec78c5edb4bedec70884d9b5c6f59d70fb97769d100b1e40db19e243e88e3daf7e6ba8f27d09fea85bf81df22b9794edda2a860ec5456772384dcd8f45819c2bbf10fb878c6df0c3a746d08131c24f7ab01d26906c64955c0d5a614ae88610964a8f566017bd8348611816ccdab78d1164b171767a6e560db0bd0b34cd8b08446c5edd8829346a0cd677629a4b7b2d9bc591454695c7a492c1e8e\"","k_build":"418","dc5_server_salt":"\"02be7666a417ae7e\"","dc3_server_salt":"\"fae135bdc49e4321\"","user_auth":"{\"dcID\":2,\"date\":1698007516,\"id\":6449983706}","xt_instance":"{\"id\":36850881,\"idle\":true,\"time\":1698007525866}","dc":"2","dc4_auth_key":"\"4edbf81a95e729e9a551f801b95f0cf747716d3e08daed51f53301bf8038dec987443b6caf7e9c3d3b05296b57aca19d96896683ff5c51fb91d80c89ecd80a96f551c8e24c026158dc84b1e602d64f31ed3d7bdba722394c22c08ee3d2eef62023ca06b507d211f8289cac02606e193ee1321ba41b83d7742d1306fdd398ec6a1336107e802298f768be0739a861d7cafc0656c737f72dc30403a1598dd872aeaf553c4b0f5a42a8a9eceec9ab0b0ce632b5019ef89d99af0fbbe5b1c09a3bbd6a8302e4f8d6279821296d763498da0222820fa68ad88350f5b3b515c00bb4e2ab60ed6b509df767c08649664ac893d49086a05394a52994271f015a4ca6c9dd\"","":"","dc2_auth_key":"\"9125a1aaec1af93ae2844a3ce8403dca4bd44775770391a0f3309bfd4a9c5a09a7f5f2fe0e4e81345931da98eb6f753eb4ab6a314e6e0be7de2f3bb98344d6e204d8766a0709b8d9ab9445f9d585ebd3cf59b8bc74003ec627d4979bc5178dac0c97be750ba07b4792bdb651315df80e14c9c11c9395e044513f97fa1a48d4499810be22c3d5afc4256cbc8c78b01008a8b089f05464ddc08fed78fd44a3b6d3351b698c85b5758bc1d6834d4dccb3e47e3792705980501bb49f621c0f1f27e3fb15dc72592723201cf386f2919e9efadc71a1b61f8af1f8927975067d49cd1ad757316c226a1ceb586b9fbebf280f4dc319dcfec9dea9587b5f8e728e2590db\"","dc4_server_salt":"\"1aa62e4bdd508e2a\"","tgme_sync":"{\"canRedirect\":true,\"ts\":1698007517}","server_time_offset":"-1","dc2_server_salt":"\"4e59e3ae5de46eec\"","state_id":"3295938858","auth_key_fingerprint":"\"9125a1aa\"","dc1_auth_key":"\"c557cfdfbfaa38c8b85f330d7f57cbd82aa9ea772f307ff584bb59ac5422ec06e960e98792950974031c7a741b467c11b1bb466cae1373ae1a56a1b93ff679411a020d45308a1f82254b411379b801a614ddbf340151ba523c28ba421314c8058be0cde54f3129ea1c50713ade1ca112c663d8b0a041212ec86fb9e1764a46147a5bd065f65fcf172086d8111a3d423162ad3df6d87f9da1d4c79f902a2a91d50dc2eedbb6f136efedbac1bab9a1ea62eb6b1ea28e0fba4864db6207fe6da826a882523135eb2ef8b4302fe47ccf44534f9a0d6d017336ae9a8c7af8dd7818a8ecf243602f9aa6632de3e69972af0624b72c08c6c238940037ed5d529dea2873\"","dc1_server_salt":"\"9765fb7fa5131638\"","dc5_auth_key":"\"70b57ad65c6c6cfbdcb76e2161b463a5920a3007cee532bd56f2e17dbc931f25b0737dbf153e15f012a1a645a9dba475bfba88eda9c05e081c7df1de8d8c3501fe42ea2395c177262bb1ef18c70ccd993d6195f4634ecd341b350fbfca6f63633f4409898e1658786d7d7aff116d8e14e49330014cdd9665ff7d31460c03a8b98ae91ee537ff781db628f8dcec71b8c5985666e703f0b29c9dbf112b5bd9b7a16d7c294b2eca165e0db95b60829909c0e169d6f03a1f608324ed69de43ee922d34fcc6591a93a07cb3f41c5b1278acb1ea3853daab777cda9d7c1480da97d46427968fa441811d0ef815acd5551f8ac66bbdd2c2dbb28cf131ebedb10b205774\"","tt-global-state":""}
VM42:1 —————-
undefined
