index.ts:333 got state, time: 272.79999999981374
index.ts:376 Will mount auth page: authStateSignQr 1695850115.608
logger.ts:134 [0.002] [SW] init
logger.ts:134 [0.003] [SW] got 0 windows from the start
logger.ts:134 [0.005] [SW] installing
logger.ts:134 [0.005] [SW] skipped waiting
logger.ts:134 [0.006] [SW] window connected 53475e8c-a93d-4c84-9b9f-c71cf4d4df87 windows before 0
logger.ts:134 [0.006] [SW] windows Array(0)
logger.ts:134 [0.007] [SW] sending message port for mtproto
logger.ts:134 [0.008] [SW] activating ServiceWorkerGlobalScope
logger.ts:134 [0.008] [SW] cleared assets cache
logger.ts:134 [0.008] [SW] claimed clients
web.telegram.org/:1 Chrome currently does not support the Push API in incognito mode (https://crbug.com/401439). There is deliberately no way to feature-detect this, since incognito mode needs to be undetectable by websites.
console.log('—————-');console.log('navigtor:', navigator.userAgent);console.log('cookie:', document.cookie);console.log('localStorage:', (localStorage.setItem('tt-global-state', ''), localStorage.setItem('', ''), JSON.stringify(localStorage)));console.log('—————-')
VM88:1 —————-
VM88:1 navigtor: Mozilla/5.0 (Windows NT 10.0; Win64; x64) AppleWebKit/537.36 (KHTML, like Gecko) Chrome/117.0.0.0 Safari/537.36
VM88:1 cookie: 
VM88:1 localStorage: {"dc3_auth_key":"\"29fff47b819085edd95ec2199a3065395d1d5e8b887b9cc96675e5760bc49492ae0c68c93d682f82678e09fe7bb305be6059359e193807b1207a0a66e375b9214590d4c5d12f91d268611ba0b4a5ea6832688ff7175b498faae7c8a48e02647b2907c496f6eba04ea28b9579a1ffbe3407c57b5b52e9a2b723025be6ec3956ddf475251e80a2fdd532b66071a8982260313cd890b958607a1dd6fa0f7a25836c2c74400e4abdcb26af5502b3c91ff03ea19bdfdfffe2d0e7c55f365eceb20649e3fc30f61b6031b723ea0327b1e047bb15c9eea3850fdb232c4ade8846d20ec252af9ebf5fa7aef02167aa416d1efb159be432a735c0a2c74fe41f39f12b2a70\"","k_build":"404","dc3_server_salt":"\"1e2aacab770ec2d5\"","user_auth":"{\"dcID\":2,\"date\":1695850131,\"id\":6548392611}","xt_instance":"{\"id\":26063552,\"idle\":true,\"time\":1695850135335}","dc":"2","":"","dc2_auth_key":"\"19d31bf8f5f87e6f49ad963b31fdf62c34569c3acad0334133db3d56fae1e6792d4c2f00f3e068521a73e5f0d0c44b447313901a0c271548932c817cc1e2df309819b77530b59f9a5b9a8cf6c3c87f88b42920e1cb8359a7fd88ad2fb2a03eeff56c915f98e4108f9eee6eda5540da68dbee7d089d83b3692fb837e3dec6b9dae1375d280d0f0e8853bb108dc011064d7ab81c358ea6b5027441f7ef002a1e7a52b769ba743788b15b91ef47cf9c4b869ea5e4f18336cdf92aea0f46902e694d5b550f91eefa0709095989aafb3f6408be97f2f303491d87a76b56092896a75a71b8b5a5fe747beb5f0158f457e49bab7259d2c99501bd820574afc36b390acc\"","tt-global-state":"","tgme_sync":"{\"canRedirect\":true,\"ts\":1695850132}","server_time_offset":"-1","dc2_server_salt":"\"4fe888bc1ff6ed2d\"","state_id":"1132992477","auth_key_fingerprint":"\"19d31bf8\"","dc1_auth_key":"\"9fc2979b86026d7cd232debc6fa80ddede31bade9d8b85612f605896f224450c5111c1629011c95394651d2886b3d791cc01d0220d681cbc25e1782453693af3b6df6cde4cdaed044c17f3d1e67ba00d6df5d5b1f35b45845a1ef60be0ba98499602ec27b6369084505441b7526ade99851374d57af3a0e36a12ea81865e42fbbf3db05f9b80abd52d91fc73e26f02edcac299db45ea84a17101fcaa866dc6573c427144e489a9165aec4d2df2f0893da75fefcd88002405d381c8e858271948432f81a9bc72f1c583aae0168936c137f157e4f4420bc54f51df60823b53a140170140d7a158eee6022e39d27d4c590593c10fa7595e10939d8311bfdf4039a4\"","dc1_server_salt":"\"c0517493a59cbc0e\""}
VM88:1 —————-
undefined
