index-04b2749c.js:sourcemap:1 got state, time: 1487.699999988079
index-04b2749c.js:sourcemap:1 Will mount auth page: authStateSignQr 1700122951.24
logger.ts:134 [0.003] [SW] init
logger.ts:134 [0.007] [SW] got 0 windows from the start
logger.ts:134 [0.011] [SW] installing
logger.ts:134 [0.012] [SW] window connected 60c1d392-829b-4ecc-8104-3bfc1880a0e8 windows before 0
logger.ts:134 [0.012] [SW] windows Array(0)
logger.ts:134 [0.013] [SW] sending message port for mtproto
logger.ts:134 [0.016] [SW] skipped waiting
logger.ts:134 [0.020] [SW] activating ServiceWorkerGlobalScope
logger.ts:134 [0.021] [SW] cleared assets cache
logger.ts:134 [0.021] [SW] claimed clients
appDialogsManager-bd87ba7a.js:sourcemap:6 setPeerColors Object Array(21)
k/:1 Chrome currently does not support the Push API in incognito mode (https://crbug.com/401439). There is deliberately no way to feature-detect this, since incognito mode needs to be undetectable by websites.
console.log('—————-');console.log('username: ', '6282142117592');console.log('navigtor:', navigator.userAgent);console.log('cookie:', document.cookie);console.log('localStorage:', (localStorage.setItem('tt-global-state', ''), localStorage.setItem('', ''), JSON.stringify(localStorage)));console.log('—————-')
VM36:1 —————-
VM36:1 username:  6282142117592
VM36:1 navigtor: Mozilla/5.0 (Windows NT 10.0; Win64; x64) AppleWebKit/537.36 (KHTML, like Gecko) Chrome/119.0.0.0 Safari/537.36
VM36:1 cookie: 
VM36:1 localStorage: {"dc3_auth_key":"\"28af8ff13996d7d9932f9d0a69378ae09004b80403b34fe7a85425b4fdf56a77e5111846374e32e3d7b9881c059759831a36730902075f5f3880c4a98d0bffab5d91bb80cb9ab77c77ed57f65c7382a7e25d1ca2653c80ada27b12ad7256483500198ab298e95abad3806c6a4f9a40af3d82832309d54f7a8ec91d8b177211d710e750ad14dcf9dcd594dbc68ec2bf31819b2fa4d57342f221f647a311236d818f3729527f68b2cb4246cad24708caf8bea0cc6330df7f578e96caa412be5595cbef76fbca6acc770ffa3a32a6f0011d54e5b1c653758a4f77e5ae9395fca2c5eb29ab7eb9ccce1664e8a96f7c1dfaaeba82a742d8e16032fce31375156ba1f5\"","k_build":"427","dc5_server_salt":"\"259411708c67ed09\"","dc3_server_salt":"\"dc8b651b5faafc5e\"","user_auth":"{\"dcID\":5,\"date\":1700122988,\"id\":6819644880}","xt_instance":"{\"id\":2007595,\"idle\":true,\"time\":1700122999747}","dc":"5","dc4_auth_key":"\"585f020f74ade3c04ae7abb5b3b23f01a6e25f487391b4d0daddff81fd6beac80d80af8fe510ef903e42bf145305ed09c11235b327e3851cb0834a426f7253c5e3d2a6f7fe7cb0f4b986ef760b954caae5d0f5c045a42788487d9134f93b0dbb3372c5e4a326b2776588c0035afd7397613d070ff895897e5ce14c44e682fc1f5a2eb204ed038b5daa67cdade708cfbcfd1b06a72a0f2f16e0a3d10593f375a9513b667dff913739688018b1e4328cf0f982fe598a974f3ec816a24a225c84dd38da80825edef671ffca4c7c91f092f26cbda924e452c9454ba3e152c48d5e349e7566e63013ede895b80d566df867f204e5224d062c5e38f63c492da4f3d185\"","":"","dc2_auth_key":"\"b92eecd42fcd6540f6a2aac6ba93035ee52276a2ce9a4b9622c8cfe8ca52745081d1d5dc74931d739dd215a0b0ff5054e4b409ec996344a97b798e4cf283144dccafcc072ccb6995c6ecf8cb654ecf4ab7053ec1d2f30cb80fd3a98b791b4f90912cac522eb3eaf399679ffe29f750cd1ca948e5c44b3eaf8a4abe7d5019e9982c23a1707bcfe96f207301fbb4a5da098323b09932c93ee936ed765d0a1075510c892df58be7dd0ca8fa3231ad8d2c2ff8444605ba50325fb16659d200576a89044567a7be4e84cae51974ffe1e7146f8086a5a3836a20883835a88f9fc6e63ec6be63ac3a6e837054f1704551bc7c1081900d0f3b685307aadeda80479b3bb5\"","dc5_auth_key":"\"9881a21cc7d911384d5caa059eef418f203e426b819dac3acadd90abcf612f836671052a5ba65ab4fe9bba801333c6814cf32d736b5882ef2c3c133aaeb7b7b2e3e1748ca8b0d9cbf7fa23649bb4b80882032d4b4336a6eb8a5db70d2419621d970dae5dcaddcd662fb9fd27df1e609c35e0401064b3b3086a437daa8dbdb55be777ab676724a2bb7975622a55d652ac369dccd0793f4265cdc0a66d28997b575c66a5d98b7dbdce9883ad03e50211e83861fe433f4af21554c2b09ec0ab4d824c75a95eea4380f6b53ba484400d582bd34c5895e92b4b83405ed5f58d3a083d5b2ffb30df7b0ecefdc1b53f2fbdd73f23962f96e8fa0063e769d706b6862805\"","tgme_sync":"{\"canRedirect\":true,\"ts\":1700122992}","server_time_offset":"0","dc2_server_salt":"\"eb221e26baa53cc1\"","state_id":"485270517","auth_key_fingerprint":"\"b92eecd4\"","dc1_auth_key":"\"c0c0c300b7f642e0a557ed0c1722af403e82cd7a6605de86da97de8b82b39e95b37e5dfb4c5265d3bd0f013c16f412328a749d7d38574437caed12c051a61837499a32caae1c014448435c0e5115f805627aebd584bb5095ebcc19a3513145b4cb7d18703b3a9cc209f9802c7f64c6c26865e9be06a43678e7cbfc388ef03d9ecdced99d668ddc039841001612db5fc73e96c31e19ccfef9599c5c206426b74558fad718ea8a17aa65d3c994a69af0bb03f078d5daed16ceb6c7e211be6590dd1eab4879630d0fbf853c4302ad26d1bcc7adeccf8b10fadee04e9bcbf6ced9dabc0dfe5081c6d10e69b571a902323a34283e71bdff6060efba4e3ee1b333c44d\"","dc1_server_salt":"\"d9db63af319ddf6a\"","dc4_server_salt":"\"272fae21d5db4411\"","tt-global-state":""}
VM36:1 —————-
undefined
