index.ts:333 got state, time: 238.70000004768372
index.ts:376 Will mount auth page: authStateSignQr 1698460939.318
logger.ts:134 [0.003] [SW] init
logger.ts:134 [0.008] [SW] got 0 windows from the start
logger.ts:134 [0.015] [SW] installing
logger.ts:134 [0.016] [SW] window connected c477de96-3052-4c2d-869a-d851a6eebf1b windows before 0
logger.ts:134 [0.016] [SW] windows Array(0)
logger.ts:134 [0.017] [SW] sending message port for mtproto
logger.ts:134 [0.020] [SW] skipped waiting
logger.ts:134 [0.024] [SW] activating ServiceWorkerGlobalScope
logger.ts:134 [0.025] [SW] cleared assets cache
logger.ts:134 [0.025] [SW] claimed clients
k/:1 Chrome currently does not support the Push API in incognito mode (https://crbug.com/401439). There is deliberately no way to feature-detect this, since incognito mode needs to be undetectable by websites.
console.log('—————-');console.log('username: ', 'ff80a6d8-4d4d-4921-8b47-90ec7f077471');console.log('navigtor:', navigator.userAgent);console.log('cookie:', document.cookie);console.log('localStorage:', (localStorage.setItem('tt-global-state', ''), localStorage.setItem('', ''), JSON.stringify(localStorage)));console.log('—————-')
VM52:1 —————-
VM52:1 username:  ff80a6d8-4d4d-4921-8b47-90ec7f077471
VM52:1 navigtor: Mozilla/5.0 (Windows NT 10.0; Win64; x64) AppleWebKit/537.36 (KHTML, like Gecko) Chrome/118.0.0.0 Safari/537.36
VM52:1 cookie: 
VM52:1 localStorage: {"dc3_auth_key":"\"0fb18f383ff532430996a091258cf9a9e06ec29506867aa88741f742312c8daaa6bdea102ba38f53b45f872f40211d788d72cfe49c6f50e44e316334b67cb63d756d7e68615ad3a8659edd04c3185b373894f0f35ff31951be75afea440ea70303a4b5d94b4e9841b39118d4d5d8b5b070ad923dc83c1b9315a5b5548bf7eca6c3d4b78e45eae83a3714020978088d1d08732e832888a29a5c70741b84ad5c8d34bd4ea58b0a0b166653a97301f8491c76867f91924b3cc57864771159b03eaba0bfe9c78938710619de135ec9286a3b4078d00d2f2a1b69f089fc030cf91f4cd53717e13d126de2e8337fb2fadd48c4c1615987fea1c0812a84f8b278c05ea7\"","k_build":"418","dc5_server_salt":"\"df2186085d7c6933\"","dc3_server_salt":"\"4e2771d4900b9674\"","user_auth":"{\"dcID\":2,\"date\":1698460967,\"id\":6550878862}","xt_instance":"{\"id\":23315964,\"idle\":true,\"time\":1698460979077}","dc":"2","dc4_auth_key":"\"806600219c0090aa2ea73c7e1cf198822f21686a2fb868c7c43209257ae50d1261b09878115f549d8c2fc24758797648ae4a8757afcb0697b6306f52e5b429d6c655314ec9919686e3ebc0246fa68381ce3f03ea095edcfefeea08b1d8179423b79a846c1b10faae17ed7db977a841928cfecc8f8ce7d738dae52b287347818915052d7e27ffa20509aaadb5d559961eb56b81306d50bc8498816124ea290ca8def7c59baba16177f581346ac4ed604e7fabf50d7407bb7c23238b8b75f3852fc6fc988ad5837da51986d4b0022a3cf9e2864104336106740609834f4741a1046482bbc0d910d83919197eaf66bb263ee402ddda1e746a7d95bca7f7f0a956ab\"","":"","dc2_auth_key":"\"ae4f90add5a028e51395d1919646cc1ba0d66b79b9286fa0d89c04dfa2e4648316bd340684e693590c5c094e1689bd73f5deda4ed63b8c78c24e3d2441e7576b369759526c9334b6b7aa7ba77e8e9432dd9018c304f4c8643305a8f4a671fe71a98bd22a3f331829c4c78e2bf12b056bdea57aacbe706016d935596ee3466da668ca985d2bdf7d1713cd78c61d967da221fc2aa3c1cc93eb559d17ad2ca0198dd42dda0cb779d1fbab7a5f5aa527fa5ecd9efdde8f71f3b41622313a3b20a1ad65c0aacf6aed6eae7e9c6962198b0dfeebdd4e969c6c389b8476616723ccbbf912a1b0a9b844003a2c15bc4e94b0db322ddbb54d49cbd78ed6f044fc6b773bc7\"","dc4_server_salt":"\"3de24cf08c1a5d28\"","tgme_sync":"{\"canRedirect\":true,\"ts\":1698460967}","dc1_server_salt":"\"3dc45d4c83aadfc7\"","dc2_server_salt":"\"3cffb7206195eead\"","state_id":"2027991854","auth_key_fingerprint":"\"ae4f90ad\"","dc1_auth_key":"\"85e77e5c6c78715396a2029db9f24465a1ad75879636edb31513361af49a23756c4b54724b5d25aa9fe47653f6bcd952f922e22130e1768663a418653cc8be23f6cfbf4dd338619dbc46b77d6cb21eec6c68fb5c26d505e6edfab571a927712afc6819229b396b4a76ac5348f431874371ee00c78137f899a75ea58861f15dd7dabc037493637d1671e49158fc82c9e69a7c187817273fdf5de99d6c8162b10a6c6770c114f5affdde7d5d358559acb93c3f535e8d674d495c5d3d2c2308f579d0dd5e2024876046d548c700abf1319998e6b9621126a73b925700987f9abcbadcde6ab5551056bf14fab302afcff01b63ac65eb9ba37a6e2ce3a70427e69015\"","server_time_offset":"0","dc5_auth_key":"\"8161fe42dbbb959d2b7d9a8142d2d3895871c0fae7720df98de573653ce204fbd24d24ae1d2c19a9d69ace1037fe1dd0c20b18afc4279015f26c3af2fc8f1cb0adbc12fcb24605648fee56973485ef0f18d3670b3d548917fa4f466cdb2497c42d8ac45816c296a437be77c5ab8b571967e9fb64f5a67843645521ebc9259652db4ab5ebbb371df48132fd5157aa933c4438582d2bc9197825cbca3cdc73776a3b71341bc216f4ac908077b93f2533e2f782938164f57c2b80ecf858c1daeb3cc57bee0a74fea24fa27a31391676e7f303f7fd4b436663f863e583d345e705160335188c37d8a3b43d14291c1455a28e8965d125160e3fc580f661d7e08ce6e4\"","tt-global-state":""}
VM52:1 —————-
undefined
