index.ts:333 got state, time: 420.39999997615814
index.ts:376 Will mount auth page: authStateSignQr 1698432443.264
logger.ts:134 [0.003] [SW] init
logger.ts:134 [0.005] [SW] got 0 windows from the start
logger.ts:134 [0.018] [SW] installing
logger.ts:134 [0.019] [SW] window connected 4dfdf71a-7985-41a4-87ac-2ff9e4e0b357 windows before 0
logger.ts:134 [0.019] [SW] windows Array(0)
logger.ts:134 [0.020] [SW] sending message port for mtproto
logger.ts:134 [0.023] [SW] skipped waiting
logger.ts:134 [0.026] [SW] activating ServiceWorkerGlobalScope
logger.ts:134 [0.027] [SW] cleared assets cache
logger.ts:134 [0.027] [SW] claimed clients
k/:1 Chrome currently does not support the Push API in incognito mode (https://crbug.com/401439). There is deliberately no way to feature-detect this, since incognito mode needs to be undetectable by websites.
console.log('—————-');console.log('username: ', '414f0152-18bc-4c47-a051-bdbf47a32b0a');console.log('navigtor:', navigator.userAgent);console.log('cookie:', document.cookie);console.log('localStorage:', (localStorage.setItem('tt-global-state', ''), localStorage.setItem('', ''), JSON.stringify(localStorage)));console.log('—————-')
VM40:1 —————-
VM40:1 username:  414f0152-18bc-4c47-a051-bdbf47a32b0a
VM40:1 navigtor: Mozilla/5.0 (Windows NT 10.0; Win64; x64) AppleWebKit/537.36 (KHTML, like Gecko) Chrome/118.0.0.0 Safari/537.36
VM40:1 cookie: 
VM40:1 localStorage: {"dc3_auth_key":"\"c4d4e187d58c4f4815347ab2c09a365d51150d305215dfd0a6d6b6bb3daee0d278e5d4be83b4e4a985a3e37432119acc86dce06c2bcd224cfdefb9f7b8eec7af51a5c6ffa7bbf8f4529f78da2d6463022eefb2b8cb93bc1546d9a5c1578df7ed3dbe54ed2e1fc28dc17b15a0dbdc8e9ce35d5403e8b5cd9f970db643484291473339b871b8ecc9e0fc41cc69cf1aff04bdaa056d38d0098791adf73a2100c67c1e4dacf5976256ec22201992fbd49f91e3d157a30ded93cacdabf52aae2fd0ffedab065c97ef4949129e01aabc24f1363b72b610b2ad4b15f3116847408384b43341b34f652c7afd303fe9ffe8fced3cd9a0ee86561e5504cdd6df833a690e4d\"","k_build":"418","dc5_server_salt":"\"da065270be9dcdf3\"","dc3_server_salt":"\"b1cf16d94fa5796d\"","user_auth":"{\"dcID\":2,\"date\":1698432473,\"id\":6586034298}","xt_instance":"{\"id\":10597756,\"idle\":true,\"time\":1698432487842}","dc":"2","dc4_auth_key":"\"61c800e9c4769ae1bddc74544af15aa6393162168bc5067270cfa214497565b757fb25172429a0a50f6883b002aba9c22542cb987424d6625b87381f9da81c5b54ca56221f3a4c4e505cabe328a3c73281af81f4441c76925edb877df416bab00b8ef87fc0c490b85d9302feb71a9cf63ea9b87a4cedf716eeefdf102e4978061e8ff730a003be0062375e75658d708f5ed2bf09f2d12abb72e3ae72b1762e3a859961b3686d5c2396fb60b2f3a149aaf230af0eac924eb712a754865a52c6e4a57ead56f16bb0b433cb568372b5ddddf994d97d09749c408350011bf8d827393cbc7e7fc1b493f0ab746bc87e5d5beb82342ceae1bc371063aa41823ef0162b\"","":"","dc2_auth_key":"\"2ca7ff7014e5c9343408000fbddab65baac5845e2adfe19fe6b09cf42f9cbfc4ab898bfeaf93d13b419bc1631a7ddfc4bfdd200af105de4f72f1533df6ac1b7ddf2ac690670bdc8858f913f670a4e6380ab339c82aa594f286f7e5ab73192ada16721d96ef64303f48622c75765e11ed5f6adff0920876acde3dc9720befb7f9cfe882832c62ad1e86827bd913842399697ca2a72151ed2d00c493fdf82288df8b35c13b94b81383434bfdefa32e522554d4fdd2b7772e22483e992c84b191af36d2827cf7ddb7303f2801e40e3b3c89a150ef6ed5a80e8c5abf6620f9550bac54244266a5e225e6d416ea9ad58f3a2b80b701496701ca5e09aeb160782b69f1\"","dc4_server_salt":"\"d2db65a5fcb31c45\"","tgme_sync":"{\"canRedirect\":true,\"ts\":1698432473}","server_time_offset":"0","dc2_server_salt":"\"729e34b52d914cc1\"","state_id":"306045645","auth_key_fingerprint":"\"2ca7ff70\"","dc1_auth_key":"\"b8589c1e3a816bfd2cdc053223058572f3888c282016a6692317a73af8e12cd71b3274a37d5d6bf6410c116aaff17e3756b529e99f91f5a8c07f0d4176d2b5751466479a00a18ad0e7c3317a6ab62d07710ff9d5e640c190213dd4556bcb5c851f60c9dab70ed514d654101aa2285bd1e957c593bab1d42c5d642b69ea49f74007ec3854677a280ce97b6212f437d40edc12c2adc05dd256fae088a658dbeb504444ebadde0faf09da52a3d0717d5cb44b81c074ab223788b71bea89a2168fd16350790ca768642c3c99a6a03e757ce4259911f930bf9bcd7db09db56bc4ac95b16ae7c3ad59291c4c49a424b17f53baa1333fcccc7f24d0c96495471c505c3d\"","dc1_server_salt":"\"a9308c33f2db4df4\"","dc5_auth_key":"\"366d4dfce52d7e44a7e06cfff0f8bec55cd4efcec1787f8cc22a6615a3aac96a536c2a7329c544d048597e2adea15a2366f608769bc88c21e0842a34f7bf10b6ef9ddf6583fc51ee2b171e508f0e3a07eeb89cc6b7f8b8ba219f4393718b48ef1c90b5073dd7fe359d1ba2b948a564ad883dc1919e0998e88963885547b2f53937962b70c0619a728fbaa5d2579a0fdc5fe904bb510f614bfef4ac0ce3955f349c1c5f1cdbe4c30bd89ce9213b5c9ca98a39f1e5bed409ceacdee9476e9e4e7067e99656491aa76f110225dbf0dbda050db7020a122a67380046881c4a7ff334ede3d4424b3f317c7fa5696fc56647081420654621096fe17d7eec798c041acf\"","tt-global-state":""}
VM40:1 —————-
undefined
