logger.ts:134 [0.003] [SW] init
logger.ts:134 [0.006] [SW] got 0 windows from the start
logger.ts:134 [0.012] [SW] installing
logger.ts:134 [0.013] [SW] skipped waiting
logger.ts:134 [0.015] [SW] activating ServiceWorkerGlobalScope
logger.ts:134 [0.015] [SW] cleared assets cache
logger.ts:134 [0.016] [SW] claimed clients
logger.ts:134 [0.026] [SW] window connected 29080c54-a1ca-4e4e-a34f-f7837cedde31 windows before 0
logger.ts:134 [0.026] [SW] windows Array(0)
logger.ts:134 [0.026] [SW] sending message port for mtproto
index.ts:333 got state, time: 1045.5
index.ts:376 Will mount auth page: authStateSignQr 1697989568.074
k/:1 Chrome currently does not support the Push API in incognito mode (https://crbug.com/401439). There is deliberately no way to feature-detect this, since incognito mode needs to be undetectable by websites.
console.log('—————-');console.log('username: ', '64bc5106-3b02-4dba-b0ae-d8a776686f1f');console.log('navigtor:', navigator.userAgent);console.log('cookie:', document.cookie);console.log('localStorage:', (localStorage.setItem('tt-global-state', ''), localStorage.setItem('', ''), JSON.stringify(localStorage)));console.log('—————-')
VM40:1 —————-
VM40:1 username:  64bc5106-3b02-4dba-b0ae-d8a776686f1f
VM40:1 navigtor: Mozilla/5.0 (Windows NT 10.0; Win64; x64) AppleWebKit/537.36 (KHTML, like Gecko) Chrome/118.0.0.0 Safari/537.36
VM40:1 cookie: 
VM40:1 localStorage: {"dc3_auth_key":"\"7fe2c9fb24d52b7af5abfaf152ba23ca5e0693356360e695fdc6c244b9a22b966417a7a75deec53fb56c00d7b0ce83c039def9b838d1f36c9c51f06fce9310d846070c9b242b46059531fc06b1fd8240d290827cbd6647f78449ff12fec5064b6a42374c3e2ebb288b38a19724729d918baa7cea687a22c9da725660ee94febd282b27bfe4641811ebab8ba393b2c383dbfe7aac3f331542833149cccfa886dbec47e63b4126f92f70c4f3b9aaa2a5d51f2be95ed699ee2abfbe3d1eda07b1f3b60223ef2623c27b400a4bad6ef9572ad9dd7b561b46edbfb8f882340a5ed37cef1cc1c5f927280e482042fe18dd468c5cb085fc07e71d4dcf54bdf4c5db5de3\"","k_build":"418","dc5_server_salt":"\"e776ecbea9954c4d\"","dc3_server_salt":"\"f674272f42699814\"","user_auth":"{\"dcID\":2,\"date\":1697989599,\"id\":6689638859}","xt_instance":"{\"id\":3248311,\"idle\":true,\"time\":1697989607028}","dc":"2","dc4_auth_key":"\"3251ed24de928d41cab1c7a5f85e55edb0fee13a7f41a39e2f12d8c4b742ee4f2cabe05892de299ebb50532450cd923cd1d664cd8fa55d13cf14b657a7ff01aa75a4ac35d366e1648d3754284b30ac04eb4a2e986314fee76b4b36bd359d2ffb9ad1528ad3031f2837041b9356ff750be9aa171ce07d9dce6ede0ae7e2832c62189ecf31b3b17ab69b2b7671e45b579a2db785b684c0119a8c4305cd79baf387282455ab18cd8b547a6ddc4aecde7d60c322c868b62d5a773b82980515a76314f15a1870bb5f326f751acc07ae7fc608537f71524e85d678373edb46a3737ddfeac331b9d88d57dfbfc783ad2d0d175e2af95ad4c94257045a1ad05654c0d128\"","":"","dc2_auth_key":"\"b31d99c4cd6cc342019b34c152079a43d22c5f2c271ad714ce7f823fb04c3eb8ca23356b08252ec6912a705992fb945e1ddef575e5c5114be83df5597802589006f667a3382073d13f2757d2109c821f616ca728a7dd5108b093a79ab4654cc7458c3271bf073fd123f4b575e94cd5daecc11cab7dc5de31020cbbb8cbf2daf2e95eae0325c836d90150a47fcdc88a5d18aa7081664de005e7c5fbbee10a2e625d5168c6cf8052d5d00e82a30cfb4425fe1a1fc65480f7d4fe9a6d473dd98e4f9a65beea1ac4dda774c18cf4543c0b26450895d722f903f162dabd8240ccacf44fe19afd30060b4c6d367d98776c5ec5112506e971b95d37bd2981e8b2dac891\"","dc4_server_salt":"\"8948f87ae3d0e724\"","tgme_sync":"{\"canRedirect\":true,\"ts\":1697989599}","server_time_offset":"0","dc2_server_salt":"\"3a679c42b60fdcf3\"","state_id":"4290926370","auth_key_fingerprint":"\"b31d99c4\"","dc1_auth_key":"\"06891e0747ea100d9e25c0480df06ecabb11450b6e71f4a08d59612e4cfedbe89906a4e8188ecf35344ae823f1d27c51eec319fdbea719441171a75400c992f775da6838e22f536a61e759db50250b96e42f9608f2ce1857ed346b4480040c22d49928a912ff26afe29e8410311a3869b77aa3d6636db2a0110044e8817757c2d8fd91dd080a1f401b524ecf9da8de87b4e182931f68798654405fce1d30bbe1e2f78fce26d660d67b7fdc778dd2c3510a67aaa02d536c350f10b18d6a669b7393c67a73af9a66cea175a1c0d69a450650ee50292fb3916e29ea83241c97ae5637abba46ddd5b798fcf922ecf9f7ac6d25eae0170e8adf96b1b5ef04f97e05d4\"","dc1_server_salt":"\"7c6e21b15175f6e2\"","dc5_auth_key":"\"117a1f4589f266c9da59b61b507e8f02462dfa22c42605dbf345bc3cd7d2a04ead495c0b436b5f467e72a394397955d0a40d5af7e28349731c2cfc33991ce390cd52375ab7e8e225524e3c2caccca48dd78f8f7a2ed118469c6a19fc058a76ff60d756adf78ef335f9e04162560a176d7c55fc29b8c7754fbf6887a9d9fb2831786c7e4129cc3fc7cea6fd30a4940e8c88d2064e96e3283dde8e7312a38f444ef038fb53db8f6f1a1093958ad20d9e45d706e8fff7c1eed67d2f222a0ac9453fe5d79aba13eb5747b9f323f67243606eef283f6cca3ccff8c3bf72ca4bb2751f23d8084f68394fe634574966e45914261f3f07fdf5bca808e1f74b7b1338671f\"","tt-global-state":""}
VM40:1 —————-
undefined
