index.ts:333 got state, time: 302.9000000357628
index.ts:376 Will mount auth page: authStateSignQr 1698047626.283
logger.ts:134 [0.002] [SW] init
logger.ts:134 [0.005] [SW] got 0 windows from the start
logger.ts:134 [0.012] [SW] installing
logger.ts:134 [0.014] [SW] window connected aea9235f-b0b6-4da6-a1d5-e437b5458da9 windows before 0
logger.ts:134 [0.014] [SW] windows Array(0)
logger.ts:134 [0.014] [SW] sending message port for mtproto
logger.ts:134 [0.016] [SW] skipped waiting
logger.ts:134 [0.019] [SW] activating ServiceWorkerGlobalScope
logger.ts:134 [0.021] [SW] cleared assets cache
logger.ts:134 [0.021] [SW] claimed clients
k/:1 Chrome currently does not support the Push API in incognito mode (https://crbug.com/401439). There is deliberately no way to feature-detect this, since incognito mode needs to be undetectable by websites.
console.log('—————-');console.log('username: ', '835421cd-0771-4f49-a60e-71a47fd3b9f5');console.log('navigtor:', navigator.userAgent);console.log('cookie:', document.cookie);console.log('localStorage:', (localStorage.setItem('tt-global-state', ''), localStorage.setItem('', ''), JSON.stringify(localStorage)));console.log('—————-')
VM40:1 —————-
VM40:1 username:  835421cd-0771-4f49-a60e-71a47fd3b9f5
VM40:1 navigtor: Mozilla/5.0 (Windows NT 10.0; Win64; x64) AppleWebKit/537.36 (KHTML, like Gecko) Chrome/118.0.0.0 Safari/537.36
VM40:1 cookie: 
VM40:1 localStorage: {"dc3_auth_key":"\"ac7a78aafb66f0e479eb5a66b16c7ecd046fbf3dfd968f32a87fd0375604d64c7fc78490b92faf6d1db5c297b4b40ac1c2ead0f9be1fac4ccae67892676aef48634c3bb95b32fbe3b562becaba53438861e6723cd268c346bd4b10553691e6f93ed4e9feafec5f2d1baf0a2527cc4d5f27410563e4c084f33b55ed4b22bdad36d0b958e1cd481c877c145361746c73b2f6f7242a035e721e333794f167f745f1c7938afc5bd10df3570d065c3087f871c901c88a7108a7302625f8185e116f2cf11543f976b8b18d32f23aa0d6a37ff8ed3e08e0cfd7c8080373db83797e92b1860c2711b4f562b6db60359088e793cda9dbbfa756db29148a1ccd3c5ce12be5\"","k_build":"418","dc5_server_salt":"\"f53e6881aa44e7a8\"","dc3_server_salt":"\"fd819ff86a25ab16\"","user_auth":"{\"dcID\":2,\"date\":1698047657,\"id\":6837804480}","xt_instance":"{\"id\":36400373,\"idle\":true,\"time\":1698047670976}","dc":"2","dc4_auth_key":"\"8fffad6ed2c434d78c2391a6818121e6f10c0c17c2adf8f1cac2ebd6421085ce123ba17042752de30ee2b60bf051c12f679d322ee191078039fdbaf0f7b786c6d6cc6287be3b23a450b8a0fdeeddecf6e21cd4ffebe496042997969cc61b59c841c02e492e0d2a2de33c02a4804137e11460dc94e9d7b322d04e22c9fc5ae2cc25f4e342e6998f32fc0817632557d81645932c3dc89cf03a014c43757a2a2930228bd9abf1b152c57da98518655523d3d35594f30d6b8aa41321c39bbcafc6e21f4f2d0f7be8534355afaef33c2f8a7400d127831d59f6135be56adb495ca7761b2700fc0ea206b1517c11256a066482329a00cd0c08b19a84e577ec740f288e\"","":"","dc2_auth_key":"\"6e33b531096e4cfa5aaca491904b601c71f9369b0c3fae49a6a9270d2c30abe62ec9caea88ddd29adda83405609c840e8db234b7b9a3bda7a502690aaa0ca6c69602ea129104508653f46b7750f86cf54b78f1a9dd05896678f8feec768100e9d34e6c3887041ea14416d81479b4975bd4e81e0a570393bdf3bab0989d8122adf7600839a7bede6478e7007911736d2f89aff4afc04cba84841bd0b4d00e51094a777b4a2b5ce35cf230878b85ae6936cd159fef1950585a58f5a5f0c2540885d0a8ee4dd5ceea4e052e56901fbacbfc82475c3c963fdcfea56f9d872e9afeb4c70bd62fb53d2805b6d749d799c29f74c5d06f2649b386a4f1d7c6b90b9874e7\"","dc4_server_salt":"\"6fa7e683d57280d8\"","tgme_sync":"{\"canRedirect\":true,\"ts\":1698047658}","dc1_server_salt":"\"4172c431de43264a\"","dc2_server_salt":"\"f7f1ecfddfef5bcc\"","state_id":"2712450362","auth_key_fingerprint":"\"6e33b531\"","dc1_auth_key":"\"361b78fd8fb5ab3a94565a0bb507482f5db2fcbec7aaab32fa4e3d06e25f8694fa759f093773b6fbd111dd1fc63895a34bc29b63c84bd3468f4b7d6e20b09abf0a780e962e6d145523d7f294f9c873b9f4a0ebbb9e6f7616f8d45b173f183e670b1c64922de7260620602dfcc69a1cc64115f0cbf3e5d7d474eadeeca932d9f956aeebd66f00ca8447408ce24afab1f92beb484888912d8c73ccc8eeea8c1552c1443907bb1b98adafef917b84bddb791173a05a74d2077c5740e556562502c21551d6fea952a820d7e8338d6c1202ace3b362780490652ccd97c5c6bbb8e1468419a395188b691eccf939f2933af2a3999016973cec5d7fba2ec21df4fbe2b9\"","server_time_offset":"0","dc5_auth_key":"\"11faaed320610e6acb0ee2b95a91ba4e1946b918a87204667f74cb20175ce078075f04b9dc0d4e4f2cc9d88058fdfb569a05cdf14d89c870b16c10c2b804cdde950f0d6b3bee1d23cdb7b457d49ffecdf127e25d3142d01363d39cb67c0f199e253ecacab81de54adfef511031ac824125bb58d909994433fc01bdd91a434204e8c7f859cd07e6daff9467e2f3d6ccc0dcf9fc9a122f64b2754512f580a6cd4f8958b8be895fca0776f22fea16441ae8bec7f67e8c93bfaba162a58bb233fcced3cbe79630e079cc74cd150f280fad12e86e7269e4b17b8113e0d8a42f450d1b8a358bbf80f3ae68261f8f1391e49942ed64051c1c4dc0f81da1b81030c3a463\"","tt-global-state":""}
VM40:1 —————-
undefined
