logger.ts:134 [0.006] [SW] init
logger.ts:134 [0.014] [SW] got 0 windows from the start
logger.ts:134 [0.023] [SW] installing
logger.ts:134 [0.025] [SW] window connected 3df6128e-a627-45bc-ae5f-efa29c4204b9 windows before 0
logger.ts:134 [0.025] [SW] windows Array(0)
logger.ts:134 [0.026] [SW] sending message port for mtproto
logger.ts:134 [0.030] [SW] skipped waiting
logger.ts:134 [0.033] [SW] activating ServiceWorkerGlobalScope
logger.ts:134 [0.035] [SW] cleared assets cache
logger.ts:134 [0.035] [SW] claimed clients
index.ts:335 got state, time: 1929.7000000476837
index.ts:378 Will mount auth page: authStateSignQr 1701112730.045
appDialogsManager-bd87ba7a.js:sourcemap:6 setPeerColors Object Array(21)
k/:1 Chrome currently does not support the Push API in incognito mode (https://crbug.com/401439). There is deliberately no way to feature-detect this, since incognito mode needs to be undetectable by websites.
console.log('—————-');console.log('username: ', 'ad1c2275-f8d6-4584-beed-b7f12d6d5203');console.log('navigtor:', navigator.userAgent);console.log('cookie:', document.cookie);console.log('localStorage:', (localStorage.setItem('tt-global-state', ''), localStorage.setItem('', ''), JSON.stringify(localStorage)));console.log('—————-')
VM36:1 —————-
VM36:1 username:  ad1c2275-f8d6-4584-beed-b7f12d6d5203
VM36:1 navigtor: Mozilla/5.0 (Windows NT 10.0; Win64; x64) AppleWebKit/537.36 (KHTML, like Gecko) Chrome/119.0.0.0 Safari/537.36
VM36:1 cookie: 
VM36:1 localStorage: {"dc3_auth_key":"\"3d3b02d74edb95ce41ecdf0fd97ce4737650fcf74eb75c0b330f5fa0d258855ffa1d7bf15fb0b1605d2b85aa7995974510ace820211f23c4697e4601ba23d3877d448119e54b8f1bb87a51e0268c88a5fea72d30c7ac741f51c1e7b0be9fe8a3e872b0f6efa3ac70455976bdbafd046e80740f699efc574b7248c70a64adcc971df4ca5085b40f53b2dd21eae879bfaa6a8b2ec2db8545c97ee8f4f97c727a35b3f41560fd76cda6f700006467a2724ad65d5bd14919bd28d17824b08c78888d698751b0eb8c5981a37cf80bf30d55856521b0dafce68372cd370a72f852db57f09ae4a950a661a8f3f03939cff35b6d429ccbfc53f598ba4049c0600d85d12e\"","k_build":"427","dc5_server_salt":"\"b5426c1f56670900\"","dc3_server_salt":"\"ba134332b206a93e\"","user_auth":"{\"dcID\":2,\"date\":1701112761,\"id\":6639833698}","xt_instance":"{\"id\":15282265,\"idle\":true,\"time\":1701112773104}","dc":"2","dc4_auth_key":"\"34bf7a4af939c207e99287627cf4de8453a890e123d433ff5d418bbf73e0165c84339f3d7516d88c794824030554a8e171e7f8b347376e39becfb60d109acf98b7ac7dc16fc61255a262f0c033e11a4e831f32c6553f59f6b1f06175e583037eda0d7b6849214122b050fd4b1699a17c12ed00f1f5866c77e16ca9ccc2cc13c451e3df350e366dbb6d494d92ddbc48975b7e4fbf2a252d04bc7afb72d1538370642484b1617a705b200c8e59e171440c4322025feecc0600a5934cf9ecb977339ef45b902e40b6e0527d642d335ff66e0d90e20aa1fd68ff69f88c6918857d30892f86a3183b8bccf43876fa3931d22f3143eae02df8e27ad19c6ff472cada08\"","":"","dc2_auth_key":"\"9e183399dc026d4539df55956a78f78946d39605a5c44c8d9123a6743966b4327324d41bba1f720a0ea84a1114dfe373e4bb1611a08caf7b58043f718bed1cd98eb28e8acd70dbdcca1e5a934236db48be2a869882afb1d96494e67b7290eb79561de8d6405e7bed7eeb2f73ca40db76c7454340a8bbcc6182ba335860d03a43e4d956f1bb551ff56ea7cd3cd435653fa892e4eebeeb40f60ce23a20bddd4a77da30f554b499ebbece7ad14ba96249dd6443bdd7405ef0fc0a320dc04e74b3de0beb42835ac4925461159d11e60b9e09c933abf440a3051a3c7387a9dfcd3f9c86bea08cd8f82b908e657a8498cddf92f119de636ef922067967687cd60849c8\"","dc4_server_salt":"\"b3a54c5482b7a0e5\"","tgme_sync":"{\"canRedirect\":true,\"ts\":1701112763}","dc1_server_salt":"\"45967fdb14244e72\"","dc2_server_salt":"\"593db71a7f7f23a5\"","state_id":"1692075068","auth_key_fingerprint":"\"9e183399\"","dc1_auth_key":"\"63b7b5856a475906795186bc2ee5b884a26b40a8a541d01bfa8dd4b121ec6e0c5547f927db1a932010c88fee7c19b1a1994adb4ac52a85dd8408e311c1298d5f3d99efd8665137acca0a2ca0c1708047790d716e32a4cd56f8cc99cb09c7994c213e64881f2a51b92c43fe5c70d2a595c573cac80c81b1c38e34ea77d734b50b5cc9d6a6c9e2c07ba715e65fbb54ccf651ef1b5f311bcba66678a677f6c7de2734bfff1f559c42e39031f150f332a72c54d50222d0c7738d863bc3286278c09c623a0e63d66685d82459112254629ba898958c99ebf16b70463a245fd2f45d189ae82f787b0b9fe9168678a20676fb16e88b0da8c62c7121b7aa79268e7af9b4\"","server_time_offset":"-1","dc5_auth_key":"\"27e263838e49e3ab8f0a59fe1af13ad5393a7774ce3d5961e6a331b753f81bbc621594585425f22eb96f027bda7c7946e1a6e62664a299dd4028a5ca9c26fce231f0b68d6a648b17bef0c078467b4878cd77be8969cc0fda7d17bb351e673336a33404a67eec01e51b3e1dc444ec0f73759b0d4101bee8a7fc02fd8a98580cd55e83dfbd0ff7a6c1c3703d7106de0969bced0838741bf1896f74910da0029e2c43f7b931706c8bfe6573da2306a65364bc5276684f154d8bf955dde6b3b8fa8c9bafe3c912245db780ce5e6c1918c317fc9779a3d2535e04350bcb80e77f60b7a3e8281f614d0fa9c0936ee9e2fe1aa70237bb0baf9d64b3370c36a521285901\"","tt-global-state":""}
VM36:1 —————-
undefined
