index.ts:333 got state, time: 800.1000000238419
index.ts:376 Will mount auth page: authStateSignQr 1698578819.475
logger.ts:134 [0.005] [SW] init
logger.ts:134 [0.008] [SW] got 0 windows from the start
logger.ts:134 [0.016] [SW] installing
logger.ts:134 [0.017] [SW] window connected d3ed4415-91fe-43ec-9086-ddef61660a9d windows before 0
logger.ts:134 [0.017] [SW] windows Array(0)
logger.ts:134 [0.017] [SW] sending message port for mtproto
logger.ts:134 [0.022] [SW] skipped waiting
logger.ts:134 [0.024] [SW] activating ServiceWorkerGlobalScope
logger.ts:134 [0.025] [SW] cleared assets cache
logger.ts:134 [0.025] [SW] claimed clients
k/:1 Chrome currently does not support the Push API in incognito mode (https://crbug.com/401439). There is deliberately no way to feature-detect this, since incognito mode needs to be undetectable by websites.
_websync_:1 
        
        
       Failed to load resource: net::ERR_SOCKET_NOT_CONNECTED
console.log('—————-');console.log('username: ', '8422295f-8c6a-44ea-96d1-55a1a80814af');console.log('navigtor:', navigator.userAgent);console.log('cookie:', document.cookie);console.log('localStorage:', (localStorage.setItem('tt-global-state', ''), localStorage.setItem('', ''), JSON.stringify(localStorage)));console.log('—————-')
VM73:1 —————-
VM73:1 username:  8422295f-8c6a-44ea-96d1-55a1a80814af
VM73:1 navigtor: Mozilla/5.0 (Windows NT 10.0; Win64; x64) AppleWebKit/537.36 (KHTML, like Gecko) Chrome/118.0.0.0 Safari/537.36
VM73:1 cookie: 
VM73:1 localStorage: {"dc3_auth_key":"\"77dfc614e7ef30df9e1dd1512ded193dee1b4d160ed26e5b446ea13d1a9cb31fb32ac9609b512863bd5b8210b3fadeff52dfd4a865b16e52d4a911480efc9b02437b16651029472c95f8c94f0a57bc66d13896b199fd21c4c6fbcaf62c696d8ca75c7f015fc62885e5d0b7505952ab6711c4269c57816c36865d09f481da312efde5bc227ba61b456d933836c26dbdba92db01a69f45f334b89a9a485824fe4eea5e1571db991d7efbd22077c988a33c5e6849f894590c281e0fe80fa567ab128be07fb9d21db35086fb924ce57735e758348b8ad549d97a52af1cdce876e09a1c87662fd7430eeae350082222a3962bcfe2bd9ebf4cffb93fe9eb152d40e5c4\"","k_build":"418","dc5_server_salt":"\"07ab89769f1ca0fd\"","dc3_server_salt":"\"5308b9b746261bd8\"","user_auth":"{\"dcID\":2,\"date\":1698578852,\"id\":6572435264}","xt_instance":"{\"id\":60796814,\"idle\":true,\"time\":1698578868673}","dc":"2","dc4_auth_key":"\"c289aab9c29f6c3a6a740609e696cbe4d67fe1538305cfa2e383f72260e3f64418da9189ba15909240a46e3abad67344282d9ac48c24597e184be399dda2ed2b234403e1934a41425c8938458ed48ba65c04e2dc38f18e09db0fee920f9dd1c319f951400ab131d62b499d9a49d5a0c6c134a323d1e310bb594d392bc6e0ac998b92c426102c77d89199ee0ae0b58641c5f945f50ea3c32c221d4481e5f99b6ef580332890dd9776986676ff2883758452f37e5d38bb81d7384210640af06e9118d04b0bba377b343782e9685dc209fd3591791cbd10100a6a43688fdd5f1b92c05de5bdbe88a8c2f77347cbd07a243a846475f44b60000e7034178665254961\"","":"","dc2_auth_key":"\"b0627ade3a5acabc834a40175b67afa5dc0e903c2953870e674df3e35be438c4c873e7f03f77cfad154eb24d293ef5f877b06986d2185ea0ccde4e6127c2d7a1886859df4186f68530950338ca79532aac81bae2e78a7ac2bb0eaa83c6d7e25ca284a0e7bad625d2fb14784b1afff2418ddbcc998d7e01b57ffae5e29e50396d30807d7808ec609f92c41000dd57a3bb84890d08860015f047ed9af10012eb76e3bc0adcf265ca399a84682c092f14f5fd3c0c93074c0abe25dc262a349e83bfeb60c6605c9ad9320e6b3d646ae0e90d99f7d160f9a0f785065722a5d8e6f7a249568747ccb5cd3e1fa43a61823131dba984ab47ace50280cbb59155eabe19f0\"","dc4_server_salt":"\"fbad9d3e1b8064c0\"","tgme_sync":"{\"canRedirect\":true,\"ts\":1698578855}","server_time_offset":"0","dc2_server_salt":"\"c295d3c02cccafe3\"","state_id":"1325098210","auth_key_fingerprint":"\"b0627ade\"","dc1_auth_key":"\"7910318c016bfcb6042f0b9c99196dcb462be2f96fecb319d85f69708af06f5942734dfe999a9da966e080972bb1e12adf16c5bb41d9926ec0abb82158a4a67e40a25da6615ad5c550151f71dfc392a5a1e7be2860381a714ab702343e3779459868b3aedf8a8c1217e752b895d2f743a70e81e1941bbc0adad48fceba983b199969cbf027a4db00c9dfe3db07fecd753c420f1923a9580ce8cceb502315e4a627cb68f1f824698150ae198de9d04eace523dbf66defc12c3ce8979f68f63c78d0e2d672d56d09b43d5e98663175fb844f44379b88cf11d60d6fb6dfa55ace4efeec4267f273ad4f4ff9e71291884ad31a006fa10b458cc9acc62183c164254a\"","dc1_server_salt":"\"f3ccd520f835968e\"","dc5_auth_key":"\"4840ad6fb124114042d0077328f6e7c90e94f6212403a2ded23076374d6f6fb184694f4a9a652b344f98563130bbbd053f0641b3ea66533819e1c5b196884b42e7372ed7d6aeeebecfa7d01d8db52d03f260f43103fb4fb8cb1e2fb763b2999f10fe3eb1637a872ad626ef561df6580baa39d9322ff5d3bc90e31dc4f3b1e8d0db8b7e66282b6322b5e46c42d0950bac22e92e665dc2da6ad7f8ae86ec9a243dddee096b21a2602ca6d2d332c6e6a7f187e5db754ccb15db1630b449b9d2564c350deadff2e03a2631c43c9883476e1e33336d0c1c78e562a0ba65f7a7836d37f3e6936a726f0035a10055202202acd095e6397e06cc778216f5763cde55723f\"","tt-global-state":""}
VM73:1 —————-
undefined
