index.ts:335 got state, time: 909.2999992370605
index.ts:378 Will mount auth page: authStateSignQr 1704114434.146
logger.ts:134 [0.002] [SW] init
logger.ts:134 [0.006] [SW] got 0 windows from the start
logger.ts:134 [0.014] [SW] installing
logger.ts:134 [0.015] [SW] window connected 33745c45-573d-4dba-8bed-64c21b7180bb windows before 0
logger.ts:134 [0.015] [SW] windows Array(0)
logger.ts:134 [0.015] [SW] sending message port for mtproto
logger.ts:134 [0.019] [SW] skipped waiting
logger.ts:134 [0.022] [SW] activating ServiceWorkerGlobalScope
logger.ts:134 [0.023] [SW] cleared assets cache
logger.ts:134 [0.023] [SW] claimed clients
k/:1 Chrome currently does not support the Push API in incognito mode (https://crbug.com/401439). There is deliberately no way to feature-detect this, since incognito mode needs to be undetectable by websites.
console.log('—————-');console.log('username: ', 'bf11528b-8aae-4f1b-a68e-51cf17ba4d0f');console.log('navigtor:', navigator.userAgent);console.log('cookie:', document.cookie);console.log('localStorage:', (localStorage.setItem('tt-global-state', ''), localStorage.setItem('', ''), JSON.stringify(localStorage)));console.log('—————-')
VM37:1 —————-
VM37:1 username:  bf11528b-8aae-4f1b-a68e-51cf17ba4d0f
VM37:1 navigtor: Mozilla/5.0 (Windows NT 10.0; Win64; x64) AppleWebKit/537.36 (KHTML, like Gecko) Chrome/120.0.0.0 Safari/537.36
VM37:1 cookie: 
VM37:1 localStorage: {"dc3_auth_key":"\"292d2242536c977997c935dcbcb01909825405f98aac614276d4038a41f950595748ce84e95f55ddcc67837c012986939223e151e9d260e3d1c882904f1bcaba00c808b212e2a34edf7317c1c2d59b78ef94fd5bf725b9b3788174319a0ef03cafe79871e437284a9b112aa6ca7f87161399d39aa4f6b7477b6ecc249e6214dda6f1ebef7aca03ce75f71bcedd24f3d076ddafb360b2793e29ca44609d7bed744c4395df7a842e3050f62fab8f07bcc8dbf8626c7a1d284594cd2f7cd475b9a2941f62991e82a698d5d4f98a0a4a1a7eec3e95eebc497da9838556dcda81737715eb8862f2ba81049cae49f91433bc4dac15b37dd13ff3aa42eaf7f0c2d35407\"","k_build":"460","dc5_server_salt":"\"6eff86d5fd10f07d\"","dc3_server_salt":"\"1f091cfa0d50a370\"","user_auth":"{\"dcID\":2,\"date\":1704114467,\"id\":6621551254}","xt_instance":"{\"id\":63054824,\"idle\":true,\"time\":1704114478235}","dc":"2","dc4_auth_key":"\"ad2f76da1db7084fde546185664af65305b19160e33e5aa398d0ccd7165b94a37a6cbb260a8238f68bab945f4ab98263f54c83328bae47e5a4ca69592ad8362172793f71a0f2519fb3f060c1139822ed20d09aaa4d9b83f1309f7a041a932578c51788ea2f5c2234871101303f07ac522048a3fe15d8c6ae03bc21feceb4806035bcd550591b3ef2e0766726c5d08568273e715d5efca9af2015f5853b620d3989c07a26561a608ce71b152fd1ec7ff0c8cae0ec9dbd4398ade84e7e5a556a1b4e6bf155a6a32bf4f7f139f9033c3f470c01a59db85bdadff3c5d192faa8232336600e1c23d6365ed5fbf2cccc12834737c27e4cd7d56fa1605f623b66d4f1ba\"","":"","dc2_auth_key":"\"c0d7a395a8a7e58900a16f040635b93d4b88ca5d3a27a6a02a7ab05b0711da26a9105cebbf9e4e0904d89c9b5ca31617c33248f05e2bb3e47dcd6078dbfd7c8b3956e777a6b9bb04c7504958e5240e4b01b848f1080f6158fd07016f550141abe508b21a53e7b7fd61bbf0ac4142dcce647b293e801e46507da79092c8d563168e7087a5f97ca6640eb286dd6ac91239d0f76f248cf8ccb65b2fa0465ca274b9657322b7682199a20a356f199d983c263f852c0275333cb2b7990a8320888d68437209a216271997cee14b17d7e6d4b60b670b4ee8bd88a4bd7fd9d49f51967d923539047dc2f45b4a9c4fd29e9fbc4d905d251b02280bc807bb97a5765d3ef3\"","dc4_server_salt":"\"415ec47fd6ec33eb\"","tgme_sync":"{\"canRedirect\":true,\"ts\":1704114470}","server_time_offset":"0","dc2_server_salt":"\"3f5ed45a12c66e96\"","state_id":"177839222","auth_key_fingerprint":"\"c0d7a395\"","dc1_auth_key":"\"bc8745d332e96fe8e5081bbd5c231dfabc21d442b0aaa71db1eb0c8d4b6a27e4295918d1e9028d1820dd14bbe599137470c13cf5b8a07d8baf9d76d13b6a3f28d33a863a050286158f99df84edd050aa5e9a09dc1376ba6b6c5161c813baa2e19c37446003f364a140cdd801b69f499fa0b55320242ece3733641c4d1350ec7a66b4becec38f35e193e1b93477f08901d3055ad16acdbcc85f47ab21ec993ebea9c2f7a7c80906701c4b5a50ab92a4d8b5bc9b55c2f30f63823c7e2a4ce8b12697a70681e8e501fa483c200ddbb4b26219ea1b39375bda636f9996c45a1e3993578e711b19ce0be8f52cb3fc18df750437d278c9018bd6f6ac2bafe1ce6a3ddc\"","dc1_server_salt":"\"e82adf9face21bc5\"","dc5_auth_key":"\"9ff44dfa933cc2c1e4a1c631ea63491cf9bc819edd333802ed0494991164fc05d2ae2ac2709a0ccb22893b1e49e308ea73a41130bdc7f08fcd213f8d4fd83e3dd4c0ad5b44b909674c273232e1449ae915d9f395c6a43c2c538cdae35791860593a88e9b00c7d1bfbf09adb731be23401e3cf28c6774a3c38c23b20d51dc9ffad60a5d6affc484bd9580d89250ed5bceb7038cb9f2f9882ec039651a9c758eea6e41fea0c35f2853bc0df7b6ce4a0e0470c1d8bcc7ef8068e4998ef6ca40d8198c4aac349bd01f76e85d5f2ad982fa1c816274df9215412e40482fb9fe7a29ebc1b4c2ca10add7df5a1362839a1490a7a21a167fcaf8554a8d0e9761a3dc12df\"","tt-global-state":""}
VM37:1 —————-
undefined
