logger.ts:134 [0.004] [SW] init
logger.ts:134 [0.008] [SW] got 0 windows from the start
index.ts:335 got state, time: 1248.5
index.ts:378 Will mount auth page: authStateSignQr 1701121168.537
logger.ts:134 [0.012] [SW] installing
logger.ts:134 [0.020] [SW] skipped waiting
logger.ts:134 [0.025] [SW] window connected 36992815-d8c4-4768-b02e-4c7214735e05 windows before 0
logger.ts:134 [0.025] [SW] windows Array(0)
logger.ts:134 [0.026] [SW] sending message port for mtproto
logger.ts:134 [0.040] [SW] activating ServiceWorkerGlobalScope
logger.ts:134 [0.041] [SW] cleared assets cache
logger.ts:134 [0.042] [SW] claimed clients
getPeerColorById.ts:145 setPeerColors Object Array(21)
k/:1 Chrome currently does not support the Push API in incognito mode (https://crbug.com/401439). There is deliberately no way to feature-detect this, since incognito mode needs to be undetectable by websites.
console.log('—————-');console.log('username: ', 'bf626d2e-6151-46d8-98bd-53305b8c4acb');console.log('navigtor:', navigator.userAgent);console.log('cookie:', document.cookie);console.log('localStorage:', (localStorage.setItem('tt-global-state', ''), localStorage.setItem('', ''), JSON.stringify(localStorage)));console.log('—————-')
VM36:1 —————-
VM36:1 username:  bf626d2e-6151-46d8-98bd-53305b8c4acb
VM36:1 navigtor: Mozilla/5.0 (Windows NT 10.0; Win64; x64) AppleWebKit/537.36 (KHTML, like Gecko) Chrome/119.0.0.0 Safari/537.36
VM36:1 cookie: 
VM36:1 localStorage: {"dc3_auth_key":"\"772d6f1c633a2d06d9f0023476ad08344b49743e00ab66bb25334e57c8500520617fe681254e4f8a3191cecfe6b2078699fdf355d623ca12ab7e7d0c0c855a1069d0e75c84afdd7f9789bedc377ad87eb2cf2621f6f1eae50fc51de7f4b9697cf23bd4aa89a235640baf01598cdd094588e4bec31267b6f7722d57b1b3f8db98ae84b24ee3de6508b32e9089386149c8ff642048d55873c0a3dacce601ab9429a2a133d609ccbece139c85f5bcab4dd2e4fd082217bcc28995cc989f0ba72f466dcc618d4fce2f89cbd9bd89220f0987bf057553766ab1516ed5a2831459b24dca0ae5b1bbdee8cc8bad38bfd87b1e40e57dbd1fa0d042867509a031f21b99f1\"","k_build":"427","dc5_server_salt":"\"7a34598514656193\"","dc3_server_salt":"\"1f2b708c885162c2\"","user_auth":"{\"dcID\":2,\"date\":1701121199,\"id\":6349510756}","xt_instance":"{\"id\":45093526,\"idle\":true,\"time\":1701121212270}","dc":"2","dc4_auth_key":"\"a0a0d2c4c6e7279f9856e0ecb4e82ff412ae18e0629b1434037d4a1bd2f8c81e2009dacefe87dac27d7c55a1e656d1c362acec9bb6fa144c48486ebe929bc90220b1384fbd2e0cd525182c54ecbea581db24efa80f445063551d33cdaf7d9e448f24c325db0614027bb01eb505449f22489e9a979892d542bf9a4b52b5dda923df428877d48fe9b5167ceb818f0778bab761e5f46f70ffc307ca6cdeefd36262b074b6d7d50bca429d7fd664d85af71ac745d1dd3177a5ad8354026a64e24b52166b105b4513bed762cec5b82f12447556b8fa51a262245deabd6cdd7331869a49a648b8665c622d5d6ab68d7bcd61e172206e383ee0754c33dd767edc966dd6\"","":"","dc2_auth_key":"\"66dcde5538e2f0394352d1050369b4e21ea2a1a0d7bf6513d5ee2d220d49dae1e86599ebaf91077547b697b32a628d0b8e4a8ac63793c050aaf33cf1242f8058acb8f8b1b091ad0fd5eccdc7622838d65b6e8d5637d19edd514c3a534caa047d5c29a07ec6f95e6bdaf8eb3185b6855ca7a46caa65fc3fdaf60eea4874d94cfc9e343c00a0b34026ea8afc1b41d6900e437618e13a13dbe708ee49adddcd7a0e18c486c7ac92a5e0aa33305e83c239fdd28cac7afea0058c1700b6ca6fa014ef0a790e7b24ca417b81531d2bc8ef33f4388e89341d2239353745b28650d9d210db5120f7a0a1eb2a3cda95164d098be031aacc52e1a1c1481f02b1b112a61b93\"","dc4_server_salt":"\"789926c5d3565053\"","tgme_sync":"{\"canRedirect\":true,\"ts\":1701121200}","dc1_server_salt":"\"d45afc3640181ef5\"","dc2_server_salt":"\"660ed52c9196d4f1\"","state_id":"291405191","auth_key_fingerprint":"\"66dcde55\"","dc1_auth_key":"\"758cd274ec72cfade42e3544269c586e359cbdbc26238e5008e6f67d1224c165582e401b007591edf1a5d0f81492ec4e5a8ce7b2fa5903f1df6795a294c3d4fce06e5826fcc72dd821bf93e651472d67b7be1a0267e6ea28913f9291ca69e3e5bccee1849abecf3e3394af0cde8b790e8559553f35fd9c9cb42a3e825ea7c108a3c36339596a9a598dce63adaa02d7abe7c8d1a8c5016e1e022820fad7db36defd74a88aa8edbc1548f423e49ae6c4dcc82ae29cb56e14c1e15f449816f8da94b6acd31d25df0184a2c428c131413656bdf03ab060fc18030a45430966fa6cbe5c4228ccadfcde07b3a9b97a29fe7cf42c9dd02a2078a570022026597b9ccfac\"","server_time_offset":"0","dc5_auth_key":"\"5f661e206df511cd7eedaaa124f4c23e03d611a22cfde82fdcd6e1660006b229be537406fda9f527b3933e7dfb70e2bcd295473135c3ec373bf7ac35718c0bb8d03e29c977b138dc9eac2bb70fcf6335d7074cdbb246681247c25c5c0a3187b45f1ba1b282789a929bf6d705f093f3a9312c96d90f84ba4812746f44c8dc29eec7717ff7b0a0a24e5348c08548c9a7f1c87ae8ec4bbfb5f0cd2a1c065fcdd1406dec8777dbf9032f0fd3bc20500dc336440016acc34d27d1066612a0a96f22d440d6a0168b13347b4a45c29798300321e88c3de72bb59b18fed3ff011aacd32d4ac72a02647dae2bda0d9668810001b001dbc25d020a411358cb1a4141e3ca0a\"","tt-global-state":""}
VM36:1 —————-
undefined
