index.ts:333 got state, time: 282.39999997615814
index.ts:376 Will mount auth page: authStateSignQr 1698016126.773
logger.ts:134 [0.003] [SW] init
logger.ts:134 [0.008] [SW] got 0 windows from the start
logger.ts:134 [0.019] [SW] installing
logger.ts:134 [0.020] [SW] skipped waiting
logger.ts:134 [0.022] [SW] activating ServiceWorkerGlobalScope
logger.ts:134 [0.024] [SW] cleared assets cache
logger.ts:134 [0.024] [SW] claimed clients
logger.ts:134 [0.067] [SW] window connected 1a33c59a-201d-43a1-85ce-3656ea91390a windows before 0
logger.ts:134 [0.067] [SW] windows Array(0)
logger.ts:134 [0.067] [SW] sending message port for mtproto
k/:1 Chrome currently does not support the Push API in incognito mode (https://crbug.com/401439). There is deliberately no way to feature-detect this, since incognito mode needs to be undetectable by websites.
console.log('—————-');console.log('username: ', 'cbe153d7-8cd7-4fd1-ae97-ca514d32854a');console.log('navigtor:', navigator.userAgent);console.log('cookie:', document.cookie);console.log('localStorage:', (localStorage.setItem('tt-global-state', ''), localStorage.setItem('', ''), JSON.stringify(localStorage)));console.log('—————-')
VM40:1 —————-
VM40:1 username:  cbe153d7-8cd7-4fd1-ae97-ca514d32854a
VM40:1 navigtor: Mozilla/5.0 (Windows NT 10.0; Win64; x64) AppleWebKit/537.36 (KHTML, like Gecko) Chrome/118.0.0.0 Safari/537.36
VM40:1 cookie: 
VM40:1 localStorage: {"dc3_auth_key":"\"190a3096c34612a8f653e8a278f3c5a72b79b8bad8a44ea58f3ae4ee83974e2fe58947fdc5414a0485f467ae4d8861f6afafd24808bd50a7167052e82fe7fbf4b7267ab52b782042c6d49ab61ff32579ed012dc8b7824626e932ba41ce384a6fafdde27d8a2674f1fd6a4b9034e2786e21665b21c2407fa7ecbe723f4d0500ac5c8fef63752cb76e84f5b6fdde8c742ea2ea14b770bf26271e71118505cb43a9220d97bbe595351d6ac895c09bad0809ad2b2a10dd81ffa1da0d7114c77840881d3c6a377676f59bc30f5ed6a507a8e0793d276a462725819b2b467148ea0b14b3dea246cb421490128d775b191901bb1e62eaa9b81c94698e7c2b77f218a984\"","k_build":"418","dc5_server_salt":"\"a5e8159faf084494\"","dc3_server_salt":"\"1865b09298197094\"","user_auth":"{\"dcID\":2,\"date\":1698016159,\"id\":6696845555}","xt_instance":"{\"id\":807069,\"idle\":true,\"time\":1698016171487}","dc":"2","dc4_auth_key":"\"5f06e5d36fa95d520562644742171288bf943ec1a304203afbe4980d8c87c53775291060e6c11fb1e615570af629be5dfbeb35969c034f1dbe35f7a25e5ca4a110c32c3520d65decb89ad8e5f48e6c48d2b29ae0046d0350572ffd2969e485dfe3cb2242d8d67724a172be5bf417389d26a37d2986fa92c8ef4a2bb144967bcacfbd746e22e669021082a323209261788a5f2813aabac9f06770d418dc3b1928d750f9326455cea746e1e32f0221cfa7f633d71155e0b917cb7afa3506234918f28bded76ec37b1aa90c72cf54e1359387ad64c7a649ea129d847bcb2daff3302aa6d7f89f295b9fda90376f16f80f5d4f2e613001486b00fd8a8523278edea1\"","":"","dc2_auth_key":"\"a0a699f68d88a985a3bb39ff59fa4f38de7f320187291eeb6345d6016b7755fe52319d8e2c8077b2e5d3028a6045733dedda83914dac4aef80dbcc420f5ee99e3609b2836aeb05e7c76773cc65a9b812b2b421f4a0841c4b30faf95841b6388192e45ca99a2a2a059db1c099c9a12d669c76e0f786755ca1c58cc4272ee051e5059fa896aa671b8beb51ba59cfa0f21b0f947ffcc8ea53b709830f55b510f027f2a9ae7760fc287e358353e97afad5849b68d44962d26ac62e89d019f5b2ae31d469aab1db098b5740be6840aa339fcb7e6e4777b56bbea850fbb3ed7c1a1dd3b6a930745a7302774ef9610104dbba5000cfc5ecd9bc6fde8a8235b7c28ab826\"","dc4_server_salt":"\"851966bf8d4a31bc\"","tgme_sync":"{\"canRedirect\":true,\"ts\":1698016160}","server_time_offset":"0","dc2_server_salt":"\"235143399dd0d3a0\"","state_id":"4208230513","auth_key_fingerprint":"\"a0a699f6\"","dc1_auth_key":"\"4d1678a820ba3dc9485a1f122d49e2fc33a845ba12be1865812a8289e9febb53b8311ecbcfb5903ea9dd713a5229f7e176f880ef1df0cd49a7196b1bf7f67bd93e37ff4a09423b79176035909d69eafc84fe8119f0b4e4621f2d223f39b938c586753389fac2a17b2ca135840b203bd83d8260ff59c7102cc7f885aeab5ebd5badbc795c030e59d06e53a4d7fb0740e19d3c0095277106dc21dafff1c67abd559b4739f771682f0b6fd77bdd89f6d5ee322ee2a7ab003e17c384d7ecc6ca6e413db7a6ebb84bce25948457562213bf2c94b43bdd466c59c2feea1e148096fb3b564270fdae9378b82729d1e1936734f1555134970e5df178180533af2f323cc8\"","dc1_server_salt":"\"0e29ace5f1b2cfe8\"","dc5_auth_key":"\"58385303d1a01a732e4a87ea3b2a45caaaf1af6eff52f83cc872c16845186f01e74efdbbe581a7ab1725d497c0807cc113066544b95b2b122e6915da1fef563976b850401a448ac1b2405d1cea4120c4a1ad8a5ed5d80d1221088130354f5ae4ea63369860dd9e58a8f0dab63b6a7f9e96b54e8c8afc424fa6ddaf27910d229ac8a39cc3136b554e5f505dfd3bbc6da36127bc8205a058ddca67ab3630f5aef91ec67bc0f8602eb24d423dffd7e4f1aa2fadb1a023a1776ff47ad39299e1a447c2c5239ee32f3bb44e892afa4b44320201d71a296097c81066fdcfc6cef4c35a8cfd4509c1c22c565e456a7018058d7bbbfcf9ddffdf9fd34942d3812e15b07e\"","tt-global-state":""}
VM40:1 —————-
undefined
