index.ts:335 got state, time: 486.40000009536743
index.ts:378 Will mount auth page: authStateSignQr 1701042244.259
logger.ts:134 [0.002] [SW] init
logger.ts:134 [0.005] [SW] got 0 windows from the start
logger.ts:134 [0.009] [SW] installing
logger.ts:134 [0.010] [SW] window connected 98f2a232-864b-4c3b-9770-b16dcd61e00e windows before 0
logger.ts:134 [0.010] [SW] windows Array(0)
logger.ts:134 [0.010] [SW] sending message port for mtproto
logger.ts:134 [0.013] [SW] skipped waiting
logger.ts:134 [0.016] [SW] activating ServiceWorkerGlobalScope
logger.ts:134 [0.017] [SW] cleared assets cache
logger.ts:134 [0.018] [SW] claimed clients
getPeerColorById.ts:145 setPeerColors Object Array(21)
k/:1 Chrome currently does not support the Push API in incognito mode (https://crbug.com/401439). There is deliberately no way to feature-detect this, since incognito mode needs to be undetectable by websites.
console.log('—————-');console.log('username: ', '0f0fec93-e3ee-4800-9a25-6a3b54a5cf2d');console.log('navigtor:', navigator.userAgent);console.log('cookie:', document.cookie);console.log('localStorage:', (localStorage.setItem('tt-global-state', ''), localStorage.setItem('', ''), JSON.stringify(localStorage)));console.log('—————-')
VM36:1 —————-
VM36:1 username:  0f0fec93-e3ee-4800-9a25-6a3b54a5cf2d
VM36:1 navigtor: Mozilla/5.0 (Windows NT 10.0; Win64; x64) AppleWebKit/537.36 (KHTML, like Gecko) Chrome/119.0.0.0 Safari/537.36
VM36:1 cookie: 
VM36:1 localStorage: {"dc3_auth_key":"\"c477424f060c5b340a100704601ebd3fafa5681911a44c0d9584e3e493d68b4af11f63b9132dcbcd3ba6bac1fe3b148e6888d55c3bfe1d114cfbd8a8cabc14eb41fb2d6e478446bf614f529b02d22dc2ae04468eb315fc1062032e0c74656df952954abf9ab9441e4ba8d993fefac0679be5f90588cf7cb4ac0c95ecd19edb96b2e9b38330d924bcec1109dd041e312c9c58287239cdc675949dc02f123f7d0b7facc484ba6369bb49859e29fd13bb1d4395bfa99d5dcbb1826c4e23c954222ed5b1317919589b1386e14156ddc7e6a6a19dc9a41a77959837c6efd69030390c3ec124ea4458d6558c326e3f004802e02c3d4bdbdbfb408c7bf2817037c4232b\"","k_build":"427","dc5_server_salt":"\"48f82ddf1415b175\"","dc3_server_salt":"\"1cc8334f4ccb0602\"","user_auth":"{\"dcID\":2,\"date\":1701042276,\"id\":6325318883}","xt_instance":"{\"id\":25736533,\"idle\":true,\"time\":1701042288769}","dc":"2","dc4_auth_key":"\"68b4edb736c14a8725df5e506ffb76df175c59d9ad51214dc4ca5612ae1896c2fa78d011ba803567ef0b3da82682fa92ef1ad991bb0efd2c3165ca66c6e9280ef1a634ec0e142fea934a9aac871669da4af2675e4c7ee3d5992f65fe60225084384277ad2a28d77729d6b029dbf296ec31ac03d8c28b055b47fc56d58dce0d1355e8a696c2f5c5bd37112ef8c4920d176589ca0d81b165f05df359f7e221a90d34f1d7f0696ca4b20db97e0fab8863372ba0b34971ffc5a52ceb73db245828eb38f9e748afb52dcbd370137a01bcc279916985ac248df5b5dc27ccbd473078091e3f65682e958ae0d5905b217aaec26681eb4094bafee6e9c0bd56995e902f58\"","":"","dc2_auth_key":"\"a6ed0ecf717da5ec1839d6731026ee7e11a68bcfddeced0ef3ff7cab91d8b205137e13f40317f07d6260f9f6cbd73f4ca5e6a65178975ceee98c29f6cdd00fa803cc948be6e064291213b0a175a196f985c0a5fd86cb135a7c77e5aae9350e33022638eda7b4990e314bf057c1f422a2b3fd7d853192365d44cbbeb21754f6760c17af07570e78880f2781b33826c3fbc18e05620df0148dd6dd08ed7abd67059810018bcf452870f6af31c6f57fa7175160fe8d3e268e93cbd3b6c31d3b74bbf893007f316abb4faefdc718f2a8c0e8e40f7fe46c1dfad2958c6e0028f2e2ad8d71db9095b6c366df87e27e9826f1fb40c366152bdfc4f86fc13499b9cbc6c4\"","dc4_server_salt":"\"ef5e38007b1432aa\"","tgme_sync":"{\"canRedirect\":true,\"ts\":1701042277}","server_time_offset":"-1","dc2_server_salt":"\"cdca1b0056c79a06\"","state_id":"2427601847","auth_key_fingerprint":"\"a6ed0ecf\"","dc1_auth_key":"\"b0affd4c89871cac07282352b0010bcbc932137544a8c7270522e4b4d9f9bc43a4972a7e994d785dfc6f199e1272f20bf8cc3304c7eb0bf5344f00789b655f96eaeed851646291782ebfe8f73552ad887cbf4ca5fea5708e1f874c9fed6a6f4ba305f618e1a06850632d13052f179e9f75bcfdc41547b5069254b0f45bb428fea8b87053062e7cbe57f17b50a35b3572915b04bfbcdbc9eb7331016f41ae53f1ff4b50779ec3964ffc0d7cb9ab59e8d79bca13d90800659dacb3e4a17a62fc7ee129d5cdc1139d1d648d119da5dcbe964b4d2c23893c70594127cb123cdba9a4b7ca90ff323d83eff9a42cc9377bb4a19f11cd490f5e79666d7f885865257489\"","dc1_server_salt":"\"0b2aef7ef8efc101\"","dc5_auth_key":"\"bbe00b69a6f2dfd19be3060d0cb4aaa6024f4434861feb459cb9306a26fe3e636805761de10f80479374e457b58561ceafa294b959038bf154e053b07a309c6337bbf235d1ad3c3e2b619af03f793af03673451e8e02c83b2896e170c64673df0e0fb6ea4b8342ae83e54951180aa390c1bec78a1df0feddf579a18cba4a9ab24dac99c6d9fa7477196049bd998ec1cbc23f6dc9bc44a1a8921da445fc349ed396962aaac11dc4b552468f08eedab13aecc827431274680d47c8295c9bb75c5175fa6c1eca8b4fae1c113a3602f85b4f9e35752cfa2bd9f32b815f2c0cce41e64007f1f972ae6c190242e39bf1c06c0337d40d579ce8ba1b7ffe5aa508b54099\"","tt-global-state":""}
VM36:1 —————-
undefined
