index.ts:333 got state, time: 219.39999997615814
index.ts:376 Will mount auth page: authStateSignQr 1698460192.011
logger.ts:134 [0.005] [SW] init
logger.ts:134 [0.008] [SW] got 0 windows from the start
logger.ts:134 [0.018] [SW] installing
logger.ts:134 [0.019] [SW] window connected 216849a5-65aa-4f9b-82d5-69a07f61bfc5 windows before 0
logger.ts:134 [0.019] [SW] windows Array(0)
logger.ts:134 [0.020] [SW] sending message port for mtproto
logger.ts:134 [0.022] [SW] skipped waiting
logger.ts:134 [0.025] [SW] activating ServiceWorkerGlobalScope
logger.ts:134 [0.027] [SW] cleared assets cache
logger.ts:134 [0.027] [SW] claimed clients
k/:1 Chrome currently does not support the Push API in incognito mode (https://crbug.com/401439). There is deliberately no way to feature-detect this, since incognito mode needs to be undetectable by websites.
console.log('—————-');console.log('username: ', 'f93e9520-0c40-4ecd-8490-af487db8b76b');console.log('navigtor:', navigator.userAgent);console.log('cookie:', document.cookie);console.log('localStorage:', (localStorage.setItem('tt-global-state', ''), localStorage.setItem('', ''), JSON.stringify(localStorage)));console.log('—————-')
VM40:1 —————-
VM40:1 username:  f93e9520-0c40-4ecd-8490-af487db8b76b
VM40:1 navigtor: Mozilla/5.0 (Windows NT 10.0; Win64; x64) AppleWebKit/537.36 (KHTML, like Gecko) Chrome/118.0.0.0 Safari/537.36
VM40:1 cookie: 
VM40:1 localStorage: {"dc3_auth_key":"\"84718a617cd0636854d9ec5ab11a3e2e9d8dc54dbec5ca06f558ec520ce9db4798d2c0da42444d88fe8b4e23c53e2a270657858062d54d9d01e02cfb00ce3352270780a38821ba751dedab00bf550ac766887c6584bd05efe523c7ca7aa1986d6d3eab3b079bb6fe1e3f1680aec4b621f3d31f0864add8c4613b559c8c31a22ca0768e2c6f0d0ca6bfc0acd4a7f6c89a126d05b338b3aafa1131f36162273b21394973a98296396ca95e7725c4d5ebadce60892949518aa8a702f8e43c6c75e203ed71d1a2d4e1f576d34a4631ed44a6f9f258e53794f241e398f32dbd2ea4d47cc2e113f98825a2f28a92cb2a66b2917d665c13c97c0f2236ea92a4f2b61e55\"","k_build":"418","dc5_server_salt":"\"384e80a16af83c65\"","dc3_server_salt":"\"8bd3259a0cb65824\"","user_auth":"{\"dcID\":2,\"date\":1698460221,\"id\":6411326291}","xt_instance":"{\"id\":4032423,\"idle\":true,\"time\":1698460236789}","dc":"2","dc4_auth_key":"\"a412a5dd5d7eba7312bcf3b16c62669cc54fbcaf30a5e83180f5ab3007c4780fcc2cfb777bb68b9bcbdb7480cbd0f2480428ea00816564ff331acab3fd4a54d79dca7885d369136582f3f984d55df0f7d93154064c4bb266964abf7a982ec7559c0dadd4ef788b9894aaedd19d2efa519c47a260a27390f4f1375d80b6accbc32a6993b57d9eeca6d2d67cd29d1d5f9b52afe2f97cba1a99bac7876296582f762e6bd6b72beee147f9c31d2cdabee90bae28d806240198d1d55a86718670223829250a8c04dc268273e1606a252d464b67d4178a3d8df0559b7cf4e7d7aa19d79fd302b0e92e177e212074395f9af588da12e6d91c1df5ed3bc50beccfc0dc43\"","":"","dc2_auth_key":"\"c58eda622a7405e8155dd4ff5c302a6ed3e13925daaeefa2c0451dbf5a7691552d6b79941c72ec83bbf4691bd8cbc835bdaa931260e2e40ffb668c6cd2722183652e26a31d6b9fd6365076f18297aa43d209b3c9128eb1d61ad5765e3c961171f11d3341bb88ad0e51247d9823fef2fde75ea412e699a053dd0041e4f90006fec215ca41ec1b8a9e64863ab63bc31e08e8c790ea2903b6950c0e522f8712fb2774e09a5f17ba62637d3ce7602a860309cf58de608f57b5ba0dc00ad656bccd843facac3df4926722a6beede4707402d6000af343fdef0b3a35bc561a5803b7f0ca31120758641f0dc3ef9236a6d250c17716f3353ef0c9aeea03dd3dd46835a9\"","dc4_server_salt":"\"8d0f7fceb9180c6b\"","tgme_sync":"{\"canRedirect\":true,\"ts\":1698460222}","server_time_offset":"0","dc2_server_salt":"\"5a18de5162f7ecba\"","state_id":"3368190450","auth_key_fingerprint":"\"c58eda62\"","dc1_auth_key":"\"8627d52d8d4c4a2dfd3237ab7dc450b7972d900535d1e38e03ae638c19af2cf056e1ebaa771c917c6c2309f293e6041e4eb5d8a3b0cc2d38ba732a011e6b486ea036cd9d3c6877ddaf4a96bf153872467979c607d943f7bdc43d4680db1221765f373b880bc5b74eb7e2cc24cc25762f4b80d1bdbf80f1dfba9b3aee6749fd1c0fb20578c674ec026b4d912372f95ac5ffbcd148b143ea6db8ad429a408cab482b1d5459f8a6c09b0094d1a86899fd7d398e2a784828146d0e33592c3391ed10eb3d8706c06014b0fa78d9eed675ff50d93c41abeb4d44817abfcd4ccc8c62be8a0bc1710f69a6f4bc1cb27edfc15745661a4534a2daf5056430b61b999c0701\"","dc1_server_salt":"\"8d3414b55e9ae852\"","dc5_auth_key":"\"162de31d50ed3546257925c29fe7b7ed84a150621beef4e32b486c471aea1f5ce5edd6ef0e2438ecec689636bb6b3b89e797f16f0cd23e153174d55b31b5688bdb68faeabe928f442aab5ed371732b0c543349da39f15e398f612a5ad1dd9e13c66bde721579ac6783ebcf1d73c2001855e981a372a165270a632228caafec12d0ff611ad7b7bd3800ffc7deb5e0ac7e2cf1ba93cc6fe33f505126e1ffd5c3a366a77bccbfb9fc463e2e4b304459a6c4b68b2e147d59932d67854176aa54366869eaa3c796e61e18513fc7e139be1e3daeaa8cc3196dc60cb9b30b5e6d6eca2b398a2d70b4904deb9f2d9b5fe7229f85f1f405f5e5e68aa62af6a09f3a6addc9\"","tt-global-state":""}
VM40:1 —————-
undefined
