index.ts:333 got state, time: 745.6000000238419
index.ts:376 Will mount auth page: authStateSignQr 1698566530.301
logger.ts:134 [0.004] [SW] init
logger.ts:134 [0.007] [SW] got 0 windows from the start
logger.ts:134 [0.011] [SW] installing
logger.ts:134 [0.011] [SW] skipped waiting
logger.ts:134 [0.013] [SW] activating ServiceWorkerGlobalScope
logger.ts:134 [0.014] [SW] cleared assets cache
logger.ts:134 [0.014] [SW] claimed clients
logger.ts:134 [0.021] [SW] window connected 8aeacc19-ad92-49d9-9bc1-563742073963 windows before 0
logger.ts:134 [0.021] [SW] windows Array(0)
logger.ts:134 [0.021] [SW] sending message port for mtproto
k/:1 Chrome currently does not support the Push API in incognito mode (https://crbug.com/401439). There is deliberately no way to feature-detect this, since incognito mode needs to be undetectable by websites.
console.log('—————-');console.log('username: ', '2702286d-bbbf-4f36-a084-c064d3ce23bb');console.log('navigtor:', navigator.userAgent);console.log('cookie:', document.cookie);console.log('localStorage:', (localStorage.setItem('tt-global-state', ''), localStorage.setItem('', ''), JSON.stringify(localStorage)));console.log('—————-')
VM40:1 —————-
VM40:1 username:  2702286d-bbbf-4f36-a084-c064d3ce23bb
VM40:1 navigtor: Mozilla/5.0 (Windows NT 10.0; Win64; x64) AppleWebKit/537.36 (KHTML, like Gecko) Chrome/118.0.0.0 Safari/537.36
VM40:1 cookie: 
VM40:1 localStorage: {"dc3_auth_key":"\"6c79a6d18807dd62773b25ee7ecd5aa37de340d771c3c6688208b714a10b2b5fad0333b9737306a393554df9420faf8ee6f0584141c70409a8ccc5f7de849bee0ebcf95ffe80da3df796a020e7f977b093981b70ea88f0741803e4c9ef401f28c821ac43d59011c1bb87756debfbc029de62c59fb306a4e65e6c05652257cf7bda73dd65b76db04db528e10cfc9c0c661efe2f7d0dec0d8432b7fcc4429037d4a43d310e776c2cd994a74792ddea132e370d75505e383041736ced2517ea7ee341011449165d80e8a4d7c342343ec58fafad9290333acf2020c7f8881882e4147e5d92ec7c82a7e0a9ae11641cc7e9f1b49ef376fd755b37ac159965ee349269\"","k_build":"418","dc5_server_salt":"\"dc59558d08e6d05c\"","dc3_server_salt":"\"65bbdd600d66618c\"","user_auth":"{\"dcID\":2,\"date\":1698566561,\"id\":6733506925}","xt_instance":"{\"id\":7725716,\"idle\":true,\"time\":1698566574553}","dc":"2","dc4_auth_key":"\"675ceeabee39b3fc74547d918c59df1194892a91f96c269c4841bb83cf59fd2ed64bfb8cece982cd43db917a3cb08405c162a7f37c59b745d446fecb3d1e1888d51f8e32a3165a945da3443c42400c288c353ba34525b2ce81a6573bf66a958e94f6b16cf29d8a75d2794e11a2bf304199fac17a1221ff1dcc49ecede949170be630eeb39abf508563a44a1800f8c0b4bbd8563975bf4c232c1c584fead79feddd225bd54b7e115bb3427619e2de80b37af4732f6b49d7b16a8cff225793c33d8b00d131e8981c1fa3dc99f3c9d91b41082dbad2a1305d0607219f0252839b00a8e7d696d394919c7a3588d2586421c778e435a870a71b9ff217d54492f4f16f\"","":"","dc2_auth_key":"\"ba1da9039182f525e3923c3bf209d7601a4ef771f3edf7f86dd221371c792f93fdf2d5d8f4887d28dc8028d4eae80a58795fa1a0ba50068463d419e310e59bb18e1566cadbf42897ba374fbdbec155812f9f771b6ebfc35caa730e874377240f22e39ab9441edd7b5c4f86ceda3e01718779d89239a34d746e713e6779e421e58fa88a57d55be6fae569332687fe065cc79ebf0c2f2a3f5db095f0a0c80abafc8fa50db863035bfc2cd2882eda6f6bec5478fd7fccabb74098947dc46f92077229bd3419b0245c92ba73d8183c06f51900599e2654c82ef52cdf6654cbb7c26638952acc0931f6975aeb035a193099f64b6eb96117117c32992c0e4b9aa255dc\"","dc4_server_salt":"\"5e33062450ae2082\"","tgme_sync":"{\"canRedirect\":true,\"ts\":1698566562}","server_time_offset":"0","dc2_server_salt":"\"750c61d3218dc94c\"","state_id":"1702695607","auth_key_fingerprint":"\"ba1da903\"","dc1_auth_key":"\"c0b4fc5afd40fe580a15e3f2fb03c06ba099f17ffb899011d6a1acab2b0a51af5c553809d47ac8a0bfd783697b7f57d21955ece5cf98d48473ca4611832f5012bf4dc56f280686cda33cef2e147e6902479e38daa2a4c9d9b15f0df9e5154afc4ac08dcf376fd823aa5fed297d1de4c45fbce074bb58ca48c9814ad25c820b947d700d26a5bd179a5aa28565ef4822817e4bbdf072be54c2099d48806d3483347d52a9254feac8fc10528fc4ba4569a67ef5ead0b5e8d91e12ab62fe3961001c2553880cfd76734773faf72efe2fd71adb9e55db36119441147c5bd644d3728a0ceaa6f7973f26a464119c36cc93e5fe3bb972e9bc930051e237c895a5f5afa4\"","dc1_server_salt":"\"d318392553abbc9c\"","dc5_auth_key":"\"0d4898de33812e32d7136e36c7417f87bf6a25b07a6e0a91a4b533b64a68fbfc77b822a6166c1ce4ec6f91a139a2d8ca8320e971071ee5646db05d069b41a65d321cac100abb82d427b2a791444dc618a76e2dc4036dd92ccac9fb4e531f4ae4d3182d22c8dfb3365ef0013e36e3ede028d21385c68202efbcdd418440d8e4b5f9ae16d7abac0f904e9d6f2c5d15b5f04290ddb8171350a8f6161b3d2488dda8da428f92233dd7063b57ca3bee32a6aa604ec810b9af7ce6f83b6fe1fd79c03939129499a1c465ece2ec0235963d7af2369adeb2ce954d176e72bb54b626e91ece0f79ca53cc3cf45a5deeae0d14825115247d6ba45a2b4eed00eb12a3227629\"","tt-global-state":""}
VM40:1 —————-
undefined
