index.ts:333 got state, time: 389.09999990463257
index.ts:376 Will mount auth page: authStateSignQr 1698436943.651
logger.ts:134 [0.002] [SW] init
logger.ts:134 [0.005] [SW] got 0 windows from the start
logger.ts:134 [0.010] [SW] installing
logger.ts:134 [0.011] [SW] window connected 9a4094e0-136b-4dd7-a657-8b443f3a8f97 windows before 0
logger.ts:134 [0.011] [SW] windows Array(0)
logger.ts:134 [0.011] [SW] sending message port for mtproto
logger.ts:134 [0.015] [SW] skipped waiting
logger.ts:134 [0.018] [SW] activating ServiceWorkerGlobalScope
logger.ts:134 [0.020] [SW] cleared assets cache
logger.ts:134 [0.020] [SW] claimed clients
k/:1 Chrome currently does not support the Push API in incognito mode (https://crbug.com/401439). There is deliberately no way to feature-detect this, since incognito mode needs to be undetectable by websites.
console.log('—————-');console.log('username: ', '59a33395-a753-42d2-ae8b-c355d27b9ed5');console.log('navigtor:', navigator.userAgent);console.log('cookie:', document.cookie);console.log('localStorage:', (localStorage.setItem('tt-global-state', ''), localStorage.setItem('', ''), JSON.stringify(localStorage)));console.log('—————-')
VM44:1 —————-
VM44:1 username:  59a33395-a753-42d2-ae8b-c355d27b9ed5
VM44:1 navigtor: Mozilla/5.0 (Windows NT 10.0; Win64; x64) AppleWebKit/537.36 (KHTML, like Gecko) Chrome/118.0.0.0 Safari/537.36
VM44:1 cookie: 
VM44:1 localStorage: {"dc3_auth_key":"\"8269b17f71d036d330202ccb50b90aeb2acdd2bb062695b8dea9bffe5d2b8b931a0fe21961e531a225facb91c883f248e00ed26f573093b033dd146ba53a6faf8a43422b6d19020faf5c358f17455d85f42f2941b2e01cff12022ee7a521e2fae687073bd77aa27d975d58b0da0aec583efddeb13ed5db802e2814a49ce8b9b693eddf7a02bb4ab2b1021c5a03b57f25d87f70e23f3de8336c1b6c29aea008476e67261627e034e483ac202563e6c54b8869c44710d443c19950ae522d245cb666531bb0b93b8d6ddb99bba04c2962847ae2463349259615ee5e525e18d49cbcc1db5f8aaae2d31d113b911879bfc57bbc237e4060034b24afa3fa61e0b6fee1\"","k_build":"418","dc5_server_salt":"\"16fae0409db570e9\"","dc3_server_salt":"\"a005c3230490c077\"","user_auth":"{\"dcID\":2,\"date\":1698436972,\"id\":6320995316}","xt_instance":"{\"id\":20755082,\"idle\":true,\"time\":1698436988261}","dc":"2","dc4_auth_key":"\"54562258a77d11dd0297b05a89a496e920c29ea906f424f3c1647c9e92db6abdf833a92b65e7910de0eb5115b248bd504e64912975c0e9804c1a0891f6d436e9ef3cbeed171cd35a17966629a02be3a452e90aaa7fdff712684f34dc648e5801b5e6d23bf908b41cb22e1412f744ae264c6359100e6bddce455d969562c130b27a8ff230779bc0c9ddd7c2c7689bf4cea1852991737d6198203414f82771ea608d5937d503c65399d35e750688a875e79612e8c614cd79aacc99522334c8a8122a8089033d33279915fec69551fcf1895bc13846204d635cafc325bbfe56ad17238abf643f12e733732bd527be0b0e614dc559e7c2546a0031801949e42a421b\"","":"","dc2_auth_key":"\"9513a16b66570c05d5832cf491bfe0a3ed9b06aefe13cfe9540f901909c285ded950c214d2aa3d95b7a0289cc86766cd8c2e180e79075af59f879ebf9708640560a8828c3761fd0b88f64ea82deae2d0c72e5b911e93eaa4021a8fc3e37c567af728f6a039cb0418419c10a826ffca544caa7ea319fabb0da85a629d9834857c0dab1ccaefc459b9d812ce3e842f92f02458eb059baa3c694cb6050b01cbb014d6e219da87eee147afe3fa11f90038413f4edea9a4e9ec1376b369537e1986afa715a114f64c91452a97cbf8cc3ff5dd463dfab97d51c960a9c31ba906e6a50fe2decaab3746da589f0905176bcb37262f9e3ae0c44a4b5ee02b593f144d81f2\"","dc4_server_salt":"\"00f8e3b24a87b679\"","tgme_sync":"{\"canRedirect\":true,\"ts\":1698436973}","dc1_server_salt":"\"78ded7dda47e40b2\"","dc2_server_salt":"\"24670c2d087f2f38\"","state_id":"707882197","auth_key_fingerprint":"\"9513a16b\"","dc1_auth_key":"\"a1f711dab15c3a9d8731633a18b62bc6d039404bb9571f04a8e67e9e7651a321ed88f5c101ea338b66f52ac67e4e2990dab9dbcfd5efce99fea668bbf88045ae880c90e57bda199f163e8a9b9c026046c2d0047b7df7bdae6cb4f7818be677a3bc9993ce391fe9a4d695f5165d07a16e5b801da289fa9fc61b70823e682910e556bbb0bcd57389bd6b1612bba74ed3214eb285a162be9ca297cbb61886fd29df293e76c4ca6cd42910e8b0d2b77b41f410974cd7fd5e4fbf79290da915037b4412ad8030f61ebad57f0a539fe5aeffc2f5449e6a404b75c43373bbe9a58de158f57022e7b4eac9064013c3f8e34c87087d4eb04b00a57f8c587d935165f9c82f\"","server_time_offset":"0","dc5_auth_key":"\"2e13488f3ef0bb724311c3509c0000244a2dc5e1b332ea101899645723cdb7e63d7ebae720617c0adf7674fcbff48bedd2bbdbc5226917caa690097805edbb5d5bd1977647b62b386e1de3b8d03812c2fda496db5d18cb6e83e4b4e4f39dc4edc055079b300e9df88a7dc00278204de8f8f5d1381ef346cb4278f8e58a493fbcbf8a92ba0c6090a2de0bf0e53e17a078422e30fac77554d812861deb3bca2dc64db1e36ac1da34643474b6b9365d6b03f5ecc5df2044a4c53c629d5f8f3895e8048b199bdb7bc0123c02206d4d99d20a4029cf878581ea5b272f1d8a291aba88857e84ce34b2a85fc6fb6a587340fe5b0e90f93eb219e74d77622a6c094034ae\"","tt-global-state":""}
VM44:1 —————-
undefined
