logger.ts:134 [0.004] [SW] init
logger.ts:134 [0.007] [SW] got 0 windows from the start
logger.ts:134 [0.011] [SW] installing
logger.ts:134 [0.012] [SW] window connected 12879bee-2374-44ba-84ea-47eba78ef4f5 windows before 0
logger.ts:134 [0.012] [SW] windows Array(0)
logger.ts:134 [0.013] [SW] sending message port for mtproto
logger.ts:134 [0.016] [SW] skipped waiting
logger.ts:134 [0.017] [SW] activating ServiceWorkerGlobalScope
logger.ts:134 [0.018] [SW] cleared assets cache
logger.ts:134 [0.018] [SW] claimed clients
index.ts:335 got state, time: 1324
index.ts:378 Will mount auth page: authStateSignQr 1701096815.243
appDialogsManager-bd87ba7a.js:sourcemap:6 setPeerColors Object Array(21)
k/:1 Chrome currently does not support the Push API in incognito mode (https://crbug.com/401439). There is deliberately no way to feature-detect this, since incognito mode needs to be undetectable by websites.
console.log('—————-');console.log('username: ', '974a4e70-abc7-4f78-ae49-01d6d96546ab');console.log('navigtor:', navigator.userAgent);console.log('cookie:', document.cookie);console.log('localStorage:', (localStorage.setItem('tt-global-state', ''), localStorage.setItem('', ''), JSON.stringify(localStorage)));console.log('—————-')
VM36:1 —————-
VM36:1 username:  974a4e70-abc7-4f78-ae49-01d6d96546ab
VM36:1 navigtor: Mozilla/5.0 (Windows NT 10.0; Win64; x64) AppleWebKit/537.36 (KHTML, like Gecko) Chrome/119.0.0.0 Safari/537.36
VM36:1 cookie: 
VM36:1 localStorage: {"dc3_auth_key":"\"52a9b1e859948040de683d5c60cd03bde30b05638c69ed819afc313307b33068165dda40c10ec4d84701a61487e24c2b2c59f80c7ab25eb7af647a9517b7558a2be6101ee3978df9fd2d515ef424f495a96dc03aac9c9b93e3b1f9833e7df1ce7cca63c75f1b6438b94fa5d35d4f90b45c5b9ba80acd016586e72234dfd3d8ef9290ee8b12780f212118d487afc7bd8d11a90238717e39b830d4034065a2be1f47325ec4f9c1ed63c6835bc67e45b57cad9ec1139c0bf4b528226970c3ba1ddee726c344f7fb65a432ddc53122c28fb57a2dd9e20bd2f352f7dea37e06da8f84c3a67179b5ba922af847a38d9b896a66183ea8ef1d71cbd8e4ffeba7e11830c3\"","k_build":"427","dc5_server_salt":"\"7a59b7eebc8143b0\"","dc3_server_salt":"\"23674d3cf903d978\"","user_auth":"{\"dcID\":2,\"date\":1701096846,\"id\":6796866683}","xt_instance":"{\"id\":20468811,\"idle\":true,\"time\":1701096858916}","dc":"2","dc4_auth_key":"\"c0db61c0b3625ac93e88a46756f9536e5499fa82616af94f2cc2823bbf2c010b085d591ef0ddf9d02f1543ec05b516e9688c3847d6ade2654e5a8660d931be39af501901bcec88f0463235ed64e32ecc55689619560943cc79c09c205b2800fe8f8c81e020fa96bb678f063717553c0a8f9f45ce7ce1d5d12f8e195e6b0070b7c2d4764ae57f46502060cc3770823132892ae022a2b1b8546f11922cda136cec17d730501ec270d6795b4e9de2c4fbb501ac23433eaa997e58b3f86361da036259ba63e7c465acf3573e5814cf074db9c7df785c6f92fd075094dfa4acf2a7939b046bb8f8fd7a8c17aecb2d98fc94f8f1d3ba62b3ab27b7deae4184366e76a0\"","":"","dc2_auth_key":"\"13965556c4d7d487de5b106e6a0fe550d7116be8ec897e51f33093da8fc8af8d7f296510840a2d3f1d54be0505e53760dd6d625c9ceee5622e57a1ec7c122dc98ad7de12f54c8758c5aed2bc523e8e11f40fdb6e6e15787ad6a6ad6f1949f30229fbce3306e69fc5d7e8d9b382dd5e8554bf13c4c5b205c78c61c78ad05be83d85368077b2b19f4f924e8e4f47a49e4568453c37521265cd39d4d2b8eefc66dab019d6efe4a068a59cf43519c13e8fd4ed3b337e190eef2bff4b104322d64af7d530e076fcfaf8e0c3d42fdbfd70c86b61a636d1ef6513b05030de164b13746913af269986dd0762ad9d25fe79307ac650b854f6043ba48d8b11a21bcb2d6150\"","dc4_server_salt":"\"f3a2a07643c4dcc6\"","tgme_sync":"{\"canRedirect\":true,\"ts\":1701096848}","dc1_server_salt":"\"86f0c9a2e921c66b\"","dc2_server_salt":"\"e59b80e88d34f150\"","state_id":"434901949","auth_key_fingerprint":"\"13965556\"","dc1_auth_key":"\"5ac46b5f89c0cadce579402c80dd002d6c2e5a2babea1133c85718cd5598aaa3bfd5ddd0a7b2c134dbb912dfe1b282241f823861277d137ba2d6f3f6a2e94311acd2a7bae55b46428e97f01b167cb7976065038703dbc97375f66874577d84e7fc719502d46010e1bf77ad5f5c2d04510186d3a6ef8984986fad085b749b78b3b43b2a437e546c0ede795866448686a70a5a471fe7f6ba50db9523c4d1d24416a94dc8127e792e7727f3d5792fcccc0ee9b40c4fd753b37c9fbd026a521b231157273030838ac617ea76aecd93a1645a9bc807315d6cb823f6e4b8ae5d3c12f3af2858256494ee8e517ef66918d39e33037de4f8d4f696eefa165debbd55ef9f\"","dc5_auth_key":"\"b982c3a9ec451f59403015a1a20e6fdc7d5dc37c30c85f95379095b6230cad37b06a55ebab63128a42bd0249144fa574ebb17bfc48c149891240937e040f410f869873731bf1f9a6c5cb5a8d686d4304aab8c5736c32d937d398001285fc65c58e97585cce090c6cd94017fda740ce57fcb5d50e8cd28e25ef6cbda583b4b9cc01377759bc0183b9a3aa1cad7d6348747bd6da59bec1e05c22afd412cf6539915ec2f515deb555b96221cde8cdf751f688a823f1bfb721235f28e1323af18fdd009247e92ffa022d512d00aa6b615e3aba47bbe30c31652cec83f3a3a3a673093e97b1cbb43c1135021f1e68c8d966ae859ef9a5331a35d221d6fe057bed567e\"","tt-global-state":""}
VM36:1 —————-
undefined
