logger.ts:134 [0.005] [SW] init
logger.ts:134 [0.011] [SW] got 0 windows from the start
logger.ts:134 [0.075] [SW] installing
logger.ts:134 [0.076] [SW] window connected d58ecabb-b9d7-417b-9d3f-d58f64b1247c windows before 0
logger.ts:134 [0.076] [SW] windows Array(0)
logger.ts:134 [0.076] [SW] sending message port for mtproto
logger.ts:134 [0.080] [SW] skipped waiting
logger.ts:134 [0.082] [SW] activating ServiceWorkerGlobalScope
logger.ts:134 [0.083] [SW] cleared assets cache
logger.ts:134 [0.083] [SW] claimed clients
index.ts:333 got state, time: 843.0999999642372
index.ts:376 Will mount auth page: authStateSignQr 1698009629.356
k/:1 Chrome currently does not support the Push API in incognito mode (https://crbug.com/401439). There is deliberately no way to feature-detect this, since incognito mode needs to be undetectable by websites.
console.log('—————-');console.log('username: ', 'b0a6039e-f5f7-4b1c-82a9-8e28fb519806');console.log('navigtor:', navigator.userAgent);console.log('cookie:', document.cookie);console.log('localStorage:', (localStorage.setItem('tt-global-state', ''), localStorage.setItem('', ''), JSON.stringify(localStorage)));console.log('—————-')
VM40:1 —————-
VM40:1 username:  b0a6039e-f5f7-4b1c-82a9-8e28fb519806
VM40:1 navigtor: Mozilla/5.0 (Windows NT 10.0; Win64; x64) AppleWebKit/537.36 (KHTML, like Gecko) Chrome/118.0.0.0 Safari/537.36
VM40:1 cookie: 
VM40:1 localStorage: {"dc3_auth_key":"\"050051a0ca372f86237bb2f06e4ded4a3e0c8808360b20ce395a3c5d5fbe9bfd759c1e9dca9a64901fbc1ec52c634b3f22a63ca44562fab2bbe0324ed5ba17422cc78fc9bfd8615e4bc26828c7556ea877c942aa10f645a104b0c00e902b4c10db86c1c33b8ad4aa7f30c41516847bf1b9a642f66381abeee0dc426ff0dab1b88968c5272751de323ab4ed514effbb8d021c9daccbf0a1d258c1cf5c55683d19f559daf115e22ec44ef7070ed7f920c261f221eceaf81d72be70f8c72d8b0b99ecf1827a6357caaa9e3fc55561cf586459884052aa31ad05957a4b2e83cc325f6a80d750deb84f6c14b056473edbb4d1386c72248f70330efc277b1d3245aadb\"","k_build":"418","dc5_server_salt":"\"b892f719eec3e790\"","dc3_server_salt":"\"4baea39897933de2\"","user_auth":"{\"dcID\":2,\"date\":1698009660,\"id\":6685346670}","xt_instance":"{\"id\":3444037,\"idle\":true,\"time\":1698009673519}","dc":"2","dc4_auth_key":"\"4b375236a1d928f9c27847d3c52553a085a28f5439ea2a67d292a2fa3a24b9977dcc3ba21a8ffd40bac4f1a3947987f2d7c04effb2426cc701b0858718cdbe42cc6f11b2a2c67e26b16f439b324a83e439a0cbbeb854d6077773aa0e2e248297e6b3daba5f3acbc6b6b3bffc502b00a65095ae3fef5d928722daf24f47708a09b0086403d9f15b0e087def0ab741b877ee054f31ee520295d68add85c4cf7e705bdfeb733938a5e2186c425957c4728456e430cd37cc09959321877771b7c1f650ef8f59d0181bd3e80019d9b68037f79f93586f4390ff088619aa8a4dc01d86999d14b2351968925b69aaf5a82ee570be479e601c7b5f2abbf70b18a15307b7\"","":"","dc2_auth_key":"\"4cbf40ee4320224d06c76d1119658c7b3365290e208c779ba96d6411459dd74f03a1e7dc0cc7aab6c063c0b6458ac5ed9e07a6e3b6f96d92fd688c3b388a899d0339640c3dd055e85e2563c439ae783b1b6e5d34c59974272144804c9cf6b096d3db6bd5b5357c12d25b24a48f986c5617331a058f1460880370ba07f2adaf1c7568851d77509f4851141e75b018e2457a2571ac7e1612ded6505f39a1aeb3955083a4187a144b61a02e0bf89c7a71065ebb4c10c26f44bc478864aec022e638ac2502c72521b595588b41edbdb7b869b58a5bfbfe7961999d410c79593fd78bfcb06976caa9887b98eeaec4a5239b86281c0254defdd6a6f0d2a7a565d8c54a\"","dc4_server_salt":"\"05025693a1cd386f\"","tgme_sync":"{\"canRedirect\":true,\"ts\":1698009660}","dc1_server_salt":"\"c907c6c17228fdca\"","dc2_server_salt":"\"37bcc18b16046018\"","state_id":"2899911067","auth_key_fingerprint":"\"4cbf40ee\"","dc1_auth_key":"\"21bbc45ad0f94bf1a8cef2214c13649823914d770f0b60b57b10c24abce2c9c9cd50d3d4deed162af4b79b4275315e4d878e77b4032786082d82ba5df9f31700b5903bcc0cba371737a5d12966d0bf39196954e6fd29f397f67a043bb0dfb20340effa49f3ad7a6e0b0b74ae993bd7f06d70485a7cbbf84a21dc42b169c0730c41797b7492a883b99e6e273dabbab7d12f463223041997e6c617d037935f9c47e5802a9dc6fbb7d2812a13d164b92dbaee3e2c2afaa2857de3d72a18745affd10e17294aefd06e244cb02e3c833a96fbabe8ce3779466e5cd895ac1b5d720429f3dfa25ad0812b7dba3556bb39aa71718ddfa13fb157e41ee522776944737f05\"","server_time_offset":"0","dc5_auth_key":"\"515c5177eb0b743a22c4e602b5bdc31331a8813979b7ff967a5a94d2505798ec69aff6b06a26bd69d02141e1f06c0c50758e0b41e2ec5c26896d9b75d74993c8a19661af2cdeabb008cb06596743f2ce05330f4c79a8b78da9f185ae86127da0e4d6fbd64de05301c912dbb13f2fc28df0350a2f7c42445e2d8226ecfe1494098e94d3f52f4435d73e0b6677e407cbce5d450d3670ee2494abbdb58311da1a70e5e3d4b18faa4021d2f8c5cbfd813de53ce2a78fabf202c8de3ce8750289fc99d8f327a667982d93a7f1a39aae30676fe084c9721dd0bc71ffb246d40625a726e48fe95cdaf95a5a039ba88c0e4b993f2c75ba3e2b4aec4e5bb21e1edbe4ce3c\"","tt-global-state":""}
VM40:1 —————-
undefined
