index.ts:333 got state, time: 313.7000000476837
index.ts:376 Will mount auth page: authStateSignQr 1698453168.996
logger.ts:134 [0.003] [SW] init
logger.ts:134 [0.006] [SW] got 0 windows from the start
logger.ts:134 [0.010] [SW] installing
logger.ts:134 [0.011] [SW] window connected d835d753-cb67-41f7-86a3-d82214f82f18 windows before 0
logger.ts:134 [0.011] [SW] windows Array(0)
logger.ts:134 [0.011] [SW] sending message port for mtproto
logger.ts:134 [0.014] [SW] skipped waiting
logger.ts:134 [0.016] [SW] activating ServiceWorkerGlobalScope
logger.ts:134 [0.017] [SW] cleared assets cache
logger.ts:134 [0.017] [SW] claimed clients
k/:1 Chrome currently does not support the Push API in incognito mode (https://crbug.com/401439). There is deliberately no way to feature-detect this, since incognito mode needs to be undetectable by websites.
console.log('—————-');console.log('username: ', 'c0354e2e-52a9-435b-a87d-f01cd8cd289a');console.log('navigtor:', navigator.userAgent);console.log('cookie:', document.cookie);console.log('localStorage:', (localStorage.setItem('tt-global-state', ''), localStorage.setItem('', ''), JSON.stringify(localStorage)));console.log('—————-')
VM54:1 —————-
VM54:1 username:  c0354e2e-52a9-435b-a87d-f01cd8cd289a
VM54:1 navigtor: Mozilla/5.0 (Windows NT 10.0; Win64; x64) AppleWebKit/537.36 (KHTML, like Gecko) Chrome/118.0.0.0 Safari/537.36
VM54:1 cookie: 
VM54:1 localStorage: {"dc3_auth_key":"\"0a3de55db44f259b8b10c5e49c99a1a1d287b78081d22edf9f1dbba57caaf71345d126d0fb2471ae45bb717f6d01b0438638a643de85de4ac01ea93426cf2e3ef78f835ec309743afde5fd1c43f438fbe795a7c87970ba7db8348b83dd12f2c057d5a712e700d2a508da538852caa1579fe85940cc2ec024464454cd958ceb72a5cb6d4486c33827cb24559099af5ad1a0d26185de73adc226e53f91a02751df237a2db218f323a4763207ebbfd7c95701e25bd7a30c09001339b6948fe9c25e34f942c72b99aeaafaf17bc30e85bc3ed6dc03e7ec08c68cef5a862eaf530edd18da5bd5563055433543c68f2ad4248495502962385b4d81ad7078f8cb44f1a4\"","k_build":"418","dc5_server_salt":"\"941e883245670c82\"","dc3_server_salt":"\"2e92701d0a804d9b\"","user_auth":"{\"dcID\":2,\"date\":1698453198,\"id\":6810204462}","xt_instance":"{\"id\":2358776,\"idle\":true,\"time\":1698453213678}","dc":"2","dc4_auth_key":"\"788b2fc2fa0a852c45ba1ab75e97614c694acbaaec80f44d8fe249c9ea12e139354e5523f69cca6d95d52782f6f787c146d1d3064191a8ec9bf1547323505bede3b00b36878bb083bc4a9550c2a905f9556a911ee07016905d029d034ac3599ab6f9b3ab91ea9e7bafd66bc26ebe522bdeb716e2d35999f6faa791a280fe79760f87403ce7c3e31c228efa2dae7ec4a422383489e984b0fbc3be35ac4065f685315e48531370096aa8ea24fcbcfa7f1059c1794d6d1f6046792318f9ac6d4332385e06e5cbcb72a03a17807fc95e803bf42423fc5d00636dc7290f5507db7091bbb872050d1e00db2e0874ecb3562bde2d6c9f32f8841b9193af939a775bc4ea\"","":"","dc2_auth_key":"\"afbb63268a25fac310212ddc142b93bf8444d14c2d4acd3b19b8bf47966db99fdddbfaf11a27709d0e0850f4b160207cc5787995eac7958f392c2caf621dc02b7e571f7aa9df194d6bc94014f3e9531af5d0dd8eb330161cf77a435168530bfbd02df9e089c176149b24b29a98960c9bf80d85e23581a307b0c9407ff095f62d53de526dedf19664088a2f9a1a5c16dd2cf5525c9819166b1629a8914a4b769b92d986738e646c911a8e9a79c46671ead756de80fe0a859239b16f73c5bb40749799bfd1fa82be96626479f035c79c871b497d3ce94da5fd5255bbe4f35281bd3d7cb193adfc1804fc676db3dcb9e82ef3c12af048b811dda6abfe3685374a6e\"","dc4_server_salt":"\"81399f53f77ad531\"","tgme_sync":"{\"canRedirect\":true,\"ts\":1698453199}","server_time_offset":"0","dc2_server_salt":"\"15a556bc9589e8e7\"","state_id":"1845143377","auth_key_fingerprint":"\"afbb6326\"","dc1_auth_key":"\"79670535cd2368e48056fd3ab5fc36eba8bc648f131716361f5bfa7778a4929a44cea987fb89bec4fc198161045866fe98e33e9777481a655709b6e69444cf49f5c3329cf366f070116586f23f7a91bed2e4ab2a10f2e032c5a10f3ade5a3df21e4f42f526f248276191ab4e2ab89fdb718b6bcadec916b5639073a8fb75a0835ed31cd843ef75e015b2d6a24a64fd79b7f642403e510ce3712ebc00aa7ae735268b5104dbd6ebd2b46669ff79f78aef95fb3641f53baf891c1f75c6460478e68fa59657bb8dcfcae7184b075764fb4ebf836f3e9ed19881b1018d8b7f64a8689cba4ec8f5781c5ea95984b81523e92329e36f4e03a599bb698822d62a6fa350\"","dc1_server_salt":"\"004f4a6b35c803e9\"","dc5_auth_key":"\"82658208e4e4dddd3b73131492576dc2e2bfd44132f5050869c543235e1380fab310f240066c6dba48ba69a42fb86cc1be7a2308c9eeebe90a35f0daa53f89e0caaefcb46deaec67a7be8874151cb0ec111fb7136c5982bd3f3c5b1259ecc283d010439d815304bc7de204c99b425528d8abbba8842bb99b62b3842d77521d95f192530bfd9b2428cb29ef2804f751375b485d7a292578d05ed8eea07a626c25290f6861ec0d11393f7db93437c51801244c8ec595825719884519b8263ffe834059dcbaa606042ffedf4cb81bb982bf88376dda29657416fdc74e4b90b40fe5fbd7f7ac08caee3e7161aa09135aefa0115ea18b13dbd200eed874f778f2cee7\"","tt-global-state":""}
VM54:1 —————-
undefined
