index.ts:333 got state, time: 745
index.ts:376 Will mount auth page: authStateSignQr 1698458738.823
logger.ts:134 [0.002] [SW] init
logger.ts:134 [0.005] [SW] got 0 windows from the start
logger.ts:134 [0.008] [SW] installing
logger.ts:134 [0.009] [SW] window connected 74456214-d15d-4585-833f-1c20c760a714 windows before 0
logger.ts:134 [0.009] [SW] windows Array(0)
logger.ts:134 [0.010] [SW] sending message port for mtproto
logger.ts:134 [0.012] [SW] skipped waiting
logger.ts:134 [0.015] [SW] activating ServiceWorkerGlobalScope
logger.ts:134 [0.016] [SW] cleared assets cache
logger.ts:134 [0.016] [SW] claimed clients
k/:1 Chrome currently does not support the Push API in incognito mode (https://crbug.com/401439). There is deliberately no way to feature-detect this, since incognito mode needs to be undetectable by websites.
console.log('—————-');console.log('username: ', 'eef6681b-8451-47d3-90b4-9a061948bf9e');console.log('navigtor:', navigator.userAgent);console.log('cookie:', document.cookie);console.log('localStorage:', (localStorage.setItem('tt-global-state', ''), localStorage.setItem('', ''), JSON.stringify(localStorage)));console.log('—————-')
VM56:1 —————-
VM56:1 username:  eef6681b-8451-47d3-90b4-9a061948bf9e
VM56:1 navigtor: Mozilla/5.0 (Windows NT 10.0; Win64; x64) AppleWebKit/537.36 (KHTML, like Gecko) Chrome/118.0.0.0 Safari/537.36
VM56:1 cookie: 
VM56:1 localStorage: {"dc3_auth_key":"\"1ac89570ea0b11a908aefb5f8c05524463cb7ca1ba6f3fae7f1ccdb84a4c700ee6f171b9bd087dc9ec7baed9773b7bc995218fe6c0852dc3418cf1feb4c3f3b145d35073b8c2bb9db86a4a361701b0b1964db483ea7a38fc3373297e4faef6bf0194f5df6d37727940a9dd93670caaba5d41f1f0d33ec6c1884c5e615a5228abe1399cbf4298e6ba256b044f68ed4679636352fddad04099de698ab5c0e905f55942d9d0da32765406c5c0419deced2c2ed1b993b4602dc7d163c7530ee697e1c895ae4dab84db381556c3db848b8a4f196cb361089f1f54b384a1b2309e77a2922fc26f9dc8b1085f13383935df3cee630c13f249441dd325078982e19cc1e5\"","k_build":"418","dc5_server_salt":"\"bffd534e26e0c283\"","dc3_server_salt":"\"2dd6bb2ea2b23864\"","user_auth":"{\"dcID\":2,\"date\":1698458766,\"id\":6538581678}","xt_instance":"{\"id\":44203224,\"idle\":true,\"time\":1698458778075}","dc":"2","dc4_auth_key":"\"9b2f9da1e5e1e63edbeaf878b552739ff6ebe00a9a794798ab2e71de51437c623eb633b32813771cb042a535de832d81846085ca33760204136ab36184a5565db87e12b9af4a81c50794096dda25fdad0e44ecde05c9494d99afc1e2ff52229552740ae4bcbc7b42735fb6e1ee7dcb0f0e31e8bc7f434f128a648f252f37130239fc20946423034f9f43eb6f63f97800a22c6a3c53cbefda1eef162efe99653e0dd76cb1e4dd73dfe5f21b9a75536b4394425f1ceb5df5c35c0fe397d01ea38415eae11284f60dce80eae8951d9b4071e5e9fedf3c37d72920355f077b3b5516b4eacc0558a57787cc223ed2c6070328a44b0ad1b43ff62888fff8d5b78d10c4\"","":"","dc2_auth_key":"\"204725b158f9c81171b029645285d6acff49ff9aa9be4599cb2ea0ae18a8186b009e3028dd96786e7042658ad73c4bdc38ce0b7b333978bcd3b869bd5b67570645ddee09a8954c782800cc2546f481ffc447579ac488ba48953129a876827ba12103ee2766afbac92ac3490e20e791d4bb21a44926d1e2b6ce36e2d107a33885b808eda028cf6a4a63c8a3747030dd9320a014e4a970163bafcced6fade21516f22e2fd8ff61d83d8f78874978520274fbeed3c3a97d675c6a47fcd2e491805b13bd0a48ef1340a31e5a98f0a3c76f171d2d76359a5711915482a734182f871065345ee0452ddb051158e5f696b2a59f5067a479a04e8836ac094a6a8c387fbc\"","dc4_server_salt":"\"3db72c34fbe06782\"","tgme_sync":"{\"canRedirect\":true,\"ts\":1698458767}","server_time_offset":"0","dc2_server_salt":"\"659fd05df4f8a3b8\"","state_id":"1121520985","auth_key_fingerprint":"\"204725b1\"","dc1_auth_key":"\"108249f11248b07133ce5c2259843547e1d51bd1a2aec341a720cab1c0c336bf31371a7355feff1b1f1a9f1153b1a15dd3c6cf867fa9d5a1c0555987eda5504048ef271a1c526df0d92fff78d1d986510cb2258576ff09b7ee0c855a0d733bcdc69b5e25be5bdac7290c172f741872068a01d4d8b5c9b71ae3a375ecb717fbf8732ef34c6c8563305aff47c8abda5d135893fe3c5fff06cef795c8f9f844595aeed161bcf2c5497accb42a8ff0ab5b54300b83feb7723eb3ddfdb53ecb9c5bba2b7caa55a78581ae29e5787c94e735eb512980b4a07c95589231012e24082a03369b5344d241e81fd19271b326593912ecf089d2ba1e0d311c43969819a799a5\"","dc1_server_salt":"\"6d67f95531bf3809\"","dc5_auth_key":"\"092071c65771e1b0bfcba3b664a2d859d1f7ea6ec9ad727a0c8575b9b5db13579a5cf39704cdfddd022e6a3a73a35a74b7af80ace2ea21709c782ef7896089fa60ca567967a3b4983c91e8e8de68616742b621c6e223e657ba347ff5e04f08f0982a865abfb35c7a42efdc3678ad8c72d32aa588eec15faa036928040df0fdb58a4644ebecf096db5712b195e1bc34e1a041f709a5913f15bfbaa35f5ba91b91e67fbb0163455ae192fb7309278826d256b1b13f6195c6e2f43d8fa0ea0aaa328a7bd6afd49a08e83890590074a15c0b8e7dbed03a9ead839d809b211ab847f5ae2281c5c0ba13e70eaf4250ae2fb934cfe08df7dca35f2716568018b23f9f50\"","tt-global-state":""}
VM56:1 —————-
undefined
