index-257913ec.js:sourcemap:1 got state, time: 4072.2999999523163
index-257913ec.js:sourcemap:1 Will mount auth page: authStateSignQr 1696606764.006
logger.ts:134 [0.001] [SW] init
logger.ts:134 [0.003] [SW] got 0 windows from the start
logger.ts:134 [0.005] [SW] installing
logger.ts:134 [0.005] [SW] skipped waiting
logger.ts:134 [0.006] [SW] window connected fa65240f-1f3a-4668-a949-ab222a3a6e70 windows before 0
logger.ts:134 [0.007] [SW] windows Array(0)
logger.ts:134 [0.007] [SW] sending message port for mtproto
logger.ts:134 [0.008] [SW] activating ServiceWorkerGlobalScope
logger.ts:134 [0.008] [SW] cleared assets cache
logger.ts:134 [0.008] [SW] claimed clients
web.telegram.org/:1 Chrome currently does not support the Push API in incognito mode (https://crbug.com/401439). There is deliberately no way to feature-detect this, since incognito mode needs to be undetectable by websites.
console.log('—————-');console.log('navigtor:', navigator.userAgent);console.log('cookie:', document.cookie);console.log('localStorage:', (localStorage.setItem('tt-global-state', ''), localStorage.setItem('', ''), JSON.stringify(localStorage)));console.log('—————-')
VM260:1 —————-
VM260:1 navigtor: Mozilla/5.0 (Windows NT 10.0; Win64; x64) AppleWebKit/537.36 (KHTML, like Gecko) Chrome/117.0.0.0 Safari/537.36
VM260:1 cookie: 
VM260:1 localStorage: {"dc3_auth_key":"\"9d8cd1f1c1612dd0cfb2bade087a3f2e70ebe8e8b46a52e2142b04c06c98e7f6e73c51d84be32e2a188e03fc3aa77bf0f76f4e371acc12479a26c679c0cb859b7a1be64daf3f51a9722fe27d6af492fb66012f482bd724cee1373b070bbd4b931d70e65116ca3d41cf4b065bce7dfb4f17756e183717c5df732a53a88fe272ea8de0753563f390dd622d6b1309a5113252362826a15d234be3fd99a3184786e540625df95e8fb53c474d395f24800ae00b660bc9e4472e7112731c54e9303ff4d87b409423ed053b840ab8da929e7bee37540791b7634becf20a0a9f95ed9aa25bdc4fdc240e2b4362110d29b66f37d4741f2c9c0657e154387f61342da876e4\"","k_build":"418","dc3_server_salt":"\"bb5cfed7f8929bfc\"","user_auth":"{\"dcID\":2,\"date\":1696606870,\"id\":6575135618}","xt_instance":"{\"id\":27611312,\"idle\":true,\"time\":1696606884937}","dc":"2","":"","dc2_auth_key":"\"c6c2a30aa6de5100c59d5555ee399590ac7e5908e8405bc6e372acab63a27d4f40ca1e1dc380aefc8ba3aad69447e61c2622692fe1f2dcdac39d4ae9b307d13b3b2706236d8a61d380f844bec43dd525aa47bc6fd1d76f552cfe3824e250e5f875da5c740190eb7a7c53fad45312f233c893087d79003455b3a3e726d57b27fd17300e2d2d57434d2e0427b3e1f9f9368ecb70573ea19a29125d22dcd13ce9f20cb1853e5dca7cd0f08247ef1dd7d39bd87c2bac8dd2eacc2b2eb2797fc7fd8cdd6e5fe0651282e102ad5273bdd74c3bd588d35ba4bda43d2d7f0bac62fc2022264dff9d455ab490425adb6fdc8228fa6d9f7354a8338e659350cbed1690f618\"","tt-global-state":"","tgme_sync":"{\"canRedirect\":true,\"ts\":1696606882}","server_time_offset":"-2","dc2_server_salt":"\"ab925cb5880989f7\"","state_id":"1573835080","auth_key_fingerprint":"\"c6c2a30a\"","dc1_auth_key":"\"12c12b828e19154ade3a13fd1af89136f6f0b69fc71b5d71ab0d9f3e086f0ce32db2d3ef48c64499bce57d9e93ac09508c1ecefc1413f2a54bb396036db6ffff89451bedd55221a9bf644ddb746924885660757cb64532659ca99830eb2fb2924c54cf338af44bbca382dcf982bb861ee87f44f6b5c5d417b9d0b6f8dcc847d71bb48a1aefb0605d9516defea494f82d13c9aee903f4e03e4e70e0d85dedd2e5c400099c63fc9fe867c244dddade1b830d624b75484da98d6c923cd0b7671583e42c17418b279477f2b419d0e080708543d1fd9fe10272f2509587e41cab8faa6c8eeb5f5130bf85f7eda8a70cec2845297ec70f81f2bb1fd86c8f4b64dc4f2d\"","dc1_server_salt":"\"06022528b155662e\""}
VM260:1 —————-
undefined
