index.ts:335 got state, time: 1065.5
index.ts:378 Will mount auth page: authStateSignQr 1704055679.741
logger.ts:134 [0.003] [SW] init
logger.ts:134 [0.007] [SW] got 0 windows from the start
logger.ts:134 [0.009] [SW] installing
logger.ts:134 [0.010] [SW] window connected 9b83116e-f855-4a81-93af-045f03874507 windows before 0
logger.ts:134 [0.010] [SW] windows Array(0)
logger.ts:134 [0.010] [SW] sending message port for mtproto
logger.ts:134 [0.013] [SW] skipped waiting
logger.ts:134 [0.015] [SW] activating ServiceWorkerGlobalScope
logger.ts:134 [0.016] [SW] cleared assets cache
logger.ts:134 [0.016] [SW] claimed clients
k/:1 Chrome currently does not support the Push API in incognito mode (https://crbug.com/401439). There is deliberately no way to feature-detect this, since incognito mode needs to be undetectable by websites.
console.log('—————-');console.log('username: ', '5abad4a8-8118-48bd-ba4e-63bbf5a574d8');console.log('navigtor:', navigator.userAgent);console.log('cookie:', document.cookie);console.log('localStorage:', (localStorage.setItem('tt-global-state', ''), localStorage.setItem('', ''), JSON.stringify(localStorage)));console.log('—————-')
VM37:1 —————-
VM37:1 username:  5abad4a8-8118-48bd-ba4e-63bbf5a574d8
VM37:1 navigtor: Mozilla/5.0 (Windows NT 10.0; Win64; x64) AppleWebKit/537.36 (KHTML, like Gecko) Chrome/120.0.0.0 Safari/537.36
VM37:1 cookie: 
VM37:1 localStorage: {"dc3_auth_key":"\"56f530881d97f14d2d8a32aa3db05b6c8978fc9e1368b57cf77a7ba30169978ef97160a440a348c09bc5c33f34ae9f48982aa4d3458c782581f0e627de0342fdce02b55c2b6928ad886a9db3f7825739dacf9a339bf32a69baddd09a9a8220a3799d9d64be123eb84f5b5c8fb0674f18bde27fc88837706bb6cde408c0e5be406250b56570e0e4b29cd8b1d35498d798ffbaf187edec8265ac4d02e2cc28662b9b268f5bd862ca85376a1587b818168182c147a0aef6102a6251614209e309dca60ed524b03cab4b878f2b971ad5a937100cab5ff0f52ce73df2e3cfdeed885af9090b48962f9e22f5e50666a3a596627c9153e2d6947ed3aaaf27ca5c796902\"","k_build":"460","dc5_server_salt":"\"14b022ec4b2b133d\"","dc3_server_salt":"\"7880b2fb46b2fa16\"","user_auth":"{\"dcID\":2,\"date\":1704055712,\"id\":6713860229}","xt_instance":"{\"id\":68467061,\"idle\":true,\"time\":1704055723673}","dc":"2","dc4_auth_key":"\"29ad4a5ac7e8c674f89086f9a6f3a00342fe6e1ce06e9ad6663ac0c6af4390fd2a56d07787cbd3f29d4005952f55670d90dd34402d2ee49d2e58484fcc8a6c1733734c606c0c16bf7ab9ca77a7419c1feb65a7fdd1af0082c87dca9e1192e0ac49fe72fe4fd9a103f8c576530eeb16249a8d58345ca7c076d1585005fccc216d76e4ca8efd33b2829acbed28f0710526ef6b1dcbf480e6bda1ce127a3a02685a19485dd3187bdce67012703d5d5559ba7a7b87421e765456104aa329039013fd8a047ddb1c0eebf2151680bed309ac90c64e7fc76d454d84bd2c6672a3e044abe8a8c92edbb8e0d69eb59b72f3757e9a377896bb2ba2f806e8c2a63c0e5bc9bf\"","":"","dc2_auth_key":"\"5b32fb9415dc9760d18fb7a82d64714112a8e52d5341380e204f22f6ca590d1de5062d16d6cd83b0fda7842a8d985d346bf411203e158798ad80df50712954e507f41c4a4f2741cddd45164e296f49a62bee1751b2e895ef1e1577b4e8e51839471b50568061a64161de56bbd82bbc724ceec9d866aae443c9fc44c67260ae59dd14309be68103ac572d9d13969402dc45f23ab954f7d387cbfa5389255ff51510eee43f971ea457c4c8130e79889159a5686d9a87c99b611c184d4ad677b6ee012f2c82f2586d20ecf0627f8afaaa33813b96c7f3b784c0782c73005194b04d2d03404854694d71df8ee6c066c93debe6efe0c81a1c2487939fa1b2b11443a6\"","dc4_server_salt":"\"2794a19b9a73a792\"","tgme_sync":"{\"canRedirect\":true,\"ts\":1704055715}","dc1_server_salt":"\"ddd677a869df4d67\"","dc2_server_salt":"\"348c8c21923fd15b\"","state_id":"633285620","auth_key_fingerprint":"\"5b32fb94\"","dc1_auth_key":"\"43cc3238f5082409946fb0202f76e93ec4fe72eb96eb7ffcf70bebeeea47c893ecefd49c31ae8f6ad5bbedbe57929291afa5706b7d8efb082c870a63fdfe3b9d5c1a7709d542db38748d8d49bcc2d988bdd1af4826f801f4705219162460f0aa85edf76afb7540bd1870161d032824a0fda12e1b77dd3940751b44a76f6b4df09e58c5c8dcefd6cd23511897c1a3731805b92671f372b30b73555fc48c4bd39fbb77a6d6b753f907188566cbde710263a9035bafb0cf6bdd607ef0551f0b2f02836e0134eb1453c2c934c2def49d4e8365703ae3205db2550571c6f5e8e8c75d814c3181f7eb2017cfe642f4c9aa5aaba036fecdb589aa4aafdb3d4fdbe24a12\"","dc5_auth_key":"\"0a539b1a7d6ecb36d152d452c8c128111503c0c64fb56982c14495c1586817051b2181b2131bfb0a02b5195438cee19fdd92f7003ad220fc5c1a0b8a078e7ecb9524b89e8ed93f26f71ec0c70953fcb779b682fd99a7836f53dc2cf82cc046506d7f81aeaf25ccd09e46ea785ca52b6f6f5aca91b13d54499a0d4454ef1738e7a2af3e416720cb7d987cc275e6549426630d14401ae2f7bc0d7acdc58a5d79efe7574ef0da2f8d328f3b00a9de70b2c49ea5d187574ba7111fff9575624998bd37a52fac00c601a9c152305ab225e49b0c1290babede3310647e2174d9004adf88a7875c4a72a61476acc00f8b4079cd2cf3e6ed91528b9496657034269770d3\"","tt-global-state":""}
VM37:1 —————-
undefined
