index.ts:333 got state, time: 270.69999998807907
index.ts:376 Will mount auth page: authStateSignQr 1698008385.599
logger.ts:134 [0.006] [SW] init
logger.ts:134 [0.010] [SW] got 0 windows from the start
logger.ts:134 [0.015] [SW] installing
logger.ts:134 [0.016] [SW] window connected ff46eece-fa29-408b-90d0-ce1096a6e1f9 windows before 0
logger.ts:134 [0.017] [SW] windows Array(0)
logger.ts:134 [0.017] [SW] sending message port for mtproto
logger.ts:134 [0.022] [SW] skipped waiting
logger.ts:134 [0.025] [SW] activating ServiceWorkerGlobalScope
logger.ts:134 [0.028] [SW] cleared assets cache
logger.ts:134 [0.028] [SW] claimed clients
k/:1 Chrome currently does not support the Push API in incognito mode (https://crbug.com/401439). There is deliberately no way to feature-detect this, since incognito mode needs to be undetectable by websites.
console.log('—————-');console.log('username: ', 'ad31ff17-1712-483f-8c3b-7ff891b83bfb');console.log('navigtor:', navigator.userAgent);console.log('cookie:', document.cookie);console.log('localStorage:', (localStorage.setItem('tt-global-state', ''), localStorage.setItem('', ''), JSON.stringify(localStorage)));console.log('—————-')
VM40:1 —————-
VM40:1 username:  ad31ff17-1712-483f-8c3b-7ff891b83bfb
VM40:1 navigtor: Mozilla/5.0 (Windows NT 10.0; Win64; x64) AppleWebKit/537.36 (KHTML, like Gecko) Chrome/118.0.0.0 Safari/537.36
VM40:1 cookie: 
VM40:1 localStorage: {"dc3_auth_key":"\"693d3d95d12be1ecabc3b2a822d858108a3ed0c72abf5a33f9a5b1a6c415f718ef0cf9f52e309c7fef375fa295e64c187b0d7e043793f2bc546020dee679606fb826697358267dd8a2f9fba27b5dbcc2deb12c4031934720441b194e53b5b0f1b5c390ca0f12372128dc5843661382b37355e760257ba07007a362383628a9dbcbcca56c63ae6dd866e2e2243d3d0ea29d3ce563f03271cb9c7c2baed3f62df7e554593643a7768197a0e27d37d93050d978cbc026571e5b9b80d4c306575e1ce8e35dba87f727a3dee2b34e31748c89e1e2f16a9a8df83b59d20a523f157a623b191cca88fb48fe77a09b578e5d736ce6ebdaddb133b0d37aec994c21986578\"","k_build":"418","dc5_server_salt":"\"759e806a0950f381\"","dc3_server_salt":"\"e7ac8be89a0322c5\"","user_auth":"{\"dcID\":2,\"date\":1698008415,\"id\":6080639377}","xt_instance":"{\"id\":13409646,\"idle\":true,\"time\":1698008425326}","dc":"2","dc4_auth_key":"\"19d3403c43f78b825873222c2c6e0829c8d4fdcf159710b3a2fea1851bfb93e4f51a8d9b90e6ade57c858301e36605fb5e906beb57aaa58c8d147cb92d17b70eadd2255e787111b46ec3cb504eca9a8c067c797dffd4a5ad0677fb52606af8a279593d123d83695961b5d749d8ef197fb8d9a326a18662a37ab7f9d737c12b49e6accfd2612a782c1b80a9230471aaf061ea7f7b14a2f0571a894b6ccb0152dd022c837bd4853b08e5527c018b11793118d64e20e057521e52a672968fdfb105a47ecb6a876bf7b83396a390a4348d7dd4c46af63c85df9f7031337d34769664860de6c89596e56a7ad37dd993b7a801037e2091a0ea8f47b50bb8b894ec398f\"","":"","dc2_auth_key":"\"7fd2c328c30cab6b816bd6b329f687fd4746eadd05700a6bc72834f84ed17ab150a38ffacdd49f9cfe81cb4491778906131997920f3fc6f11d2e4eb06722b0dd08f4527724020938685f457fd61dac7b55b2744f58b8cf1da02d1284d4d74d88f983c6a6d176f711a85b45c01fc7cf818ac7dfad1d59212e1e0f56b4a895b4559072be02ad34542e10be12da9b9e4cb73b25bb10a05d2e2e5f3d463b5a4bbc1656ee7c43e8d45f7a5779abc470b8255857cefed86ad1c710727c47847b1e9ea06da92608ab1f741bc17ef743dc60bf45602af0601bc723b7f911ef1d66a09fb4419711fe8a49a722aec679be451ca30b0a5c48705f311c2a8239a30e02ffc4a8\"","dc4_server_salt":"\"5ee80ff939dfdcab\"","tgme_sync":"{\"canRedirect\":true,\"ts\":1698008415}","server_time_offset":"0","dc2_server_salt":"\"163b46f4b6a4100b\"","state_id":"4163440309","auth_key_fingerprint":"\"7fd2c328\"","dc1_auth_key":"\"24f5115d9bf69a5b94366f8047947a032f1b67536759bcc4bda3922478ebdf0d8028a1917e5d19e75d69849881f4c2abce1b2cc880da1cf3e7b45a877ecf5430baacd5ca4e628021bec2d4cb7227cd2f5126e4276b6cecf2314ee3ca334ddf13a2576e29adfbbb95c753ab1bd347c4f2b2362b0da68164a935405febb785d101b47ead56920095d17f28879e7960bc59977f00c7511592f5c599cc10f347cb0b90518a8f5e91393f95ece5d7e8e1b9f8d9106d3986551e32ee03f2ad3308e4af2d143d1cc8bcdca219351929e3e232f9bd34bd6f6a09ee027aae98ec46c3412b169031561f2c807107313566c27f0f08f1489d33c641161c571a357752c58e8c\"","dc1_server_salt":"\"4e53a1f4086d8601\"","dc5_auth_key":"\"408f9cdaf33b71026d6254b8822e9b850d1014f974eaca583bc293c2348178539c840a45624a8297654669e265fc0d000326d6db828adb0dd90dc8dae36b2e744e17533dd9d6222c8c90529332e356371fe011625d15c0f31316bde868a8d6cf3f624a257572b83efec3ead0936c4765de06259878e968434b8421a0369ad96513a63944b1850ba733dbb3138ecc1904cf49f70ec3c7b9443922a3c83770fba0c8147f98e690b058e1499d6590d81af205586bae114673d1a038e739816dca901f52129ac4cd5bfe60f5b361740769262b06752f13a110c24ce9622321e7dea9ecaec7d4504316fc7e38a0b0af23bdc4391308a3ccbe2f34b691fe8286619aca\"","tt-global-state":""}
VM40:1 —————-
undefined
