index.ts:335 got state, time: 1682.800000011921
index.ts:378 Will mount auth page: authStateSignQr 1700091416.84
logger.ts:134 [0.002] [SW] init
logger.ts:134 [0.005] [SW] got 0 windows from the start
logger.ts:134 [0.021] [SW] installing
logger.ts:134 [0.022] [SW] window connected c7a0d9c4-f2ba-409f-b44b-c182e0fac873 windows before 0
logger.ts:134 [0.022] [SW] windows Array(0)
logger.ts:134 [0.023] [SW] sending message port for mtproto
logger.ts:134 [0.025] [SW] skipped waiting
logger.ts:134 [0.034] [SW] activating ServiceWorkerGlobalScope
logger.ts:134 [0.041] [SW] cleared assets cache
logger.ts:134 [0.041] [SW] claimed clients
getPeerColorById.ts:145 setPeerColors Object Array(21)
k/:1 Chrome currently does not support the Push API in incognito mode (https://crbug.com/401439). There is deliberately no way to feature-detect this, since incognito mode needs to be undetectable by websites.
console.log('—————-');console.log('username: ', '6282129311376');console.log('navigtor:', navigator.userAgent);console.log('cookie:', document.cookie);console.log('localStorage:', (localStorage.setItem('tt-global-state', ''), localStorage.setItem('', ''), JSON.stringify(localStorage)));console.log('—————-')
VM36:1 —————-
VM36:1 username:  6282129311376
VM36:1 navigtor: Mozilla/5.0 (Windows NT 10.0; Win64; x64) AppleWebKit/537.36 (KHTML, like Gecko) Chrome/119.0.0.0 Safari/537.36
VM36:1 cookie: 
VM36:1 localStorage: {"dc3_auth_key":"\"4934b348539fc476ad08dc28e88f39befcdb9837e7d607a527428707a5597371b0c222ae625ca8781873f955c7c9b83d52340966c59328958d4fa4d946fb4f38ab4f5b5cda2b1a27ab250ff68c1f06f1d8759b4503ba6f8ca26932c961834090a8ecd121a22e611f586ed680c70b9f22df5482138d37e8f5f674b3b8191522395c2c9b926ba6368567520e66f28e2c4475910774175a931adcbadac5095a3de4a6b7d795bc566b3ad6fcc895e03c921b2bcaff8badf203765f8ad5a29c0984c9fafa0f7b2062ad42674c473c6f736bd0ed6ea3f8b72f8363f2e70f1375f99d0bc54651940eca05641413ef8180b48025c5be45c92b97df2e0e0db5c76c21cc9d\"","k_build":"427","dc5_server_salt":"\"85b294397236fb4d\"","dc3_server_salt":"\"118e634a35282bdb\"","user_auth":"{\"dcID\":5,\"date\":1700091469,\"id\":6512894249}","xt_instance":"{\"id\":15142445,\"idle\":true,\"time\":1700091485149}","dc":"5","dc4_auth_key":"\"a5dca570fcad8ef712403fa815cdef6b58e2d95cf4bcc1bf3ace520fcde25d4d0ee9b3af6074ed7822f6f2dfa3b798e4395fba099c546bea7d7b8fdf439a14efd5f761bb91c1a113b94d18e88b08f3ea304f0ae81e680e2e62d8d52d41242f4faf626743916d8d0bf89a14759a001c9f8c7dc11b71f0f540afb3b344507cf6ababed5eae8e8782190ef2fd286b4d170d8701e42d25fad22611c768adfac44173b0b0f360ba6b7c0137fca92744a84ddf70fea2cb52be701360f5c37b997c1315c147b030fbebccff40d1a2d74f960800d5c63bcad75b4f9879ae76d540eb8bdda38c2cac61c9d8eccaaa92f7b9bdf5f2a36110c31dd92a160c8359d46faefe85\"","":"","dc2_auth_key":"\"c3655d3090e7c2bb64c14a853571929e2708f194856cd9beadc6a4d6bb5e8805ed77556ae65c5ecd5d45f0ca24fedfa20f0901b1acaf444b90c96145111254b6870e40b16ad1dd277a72db46b5c2cc5288fd9928a9ed2bdde557c4e7dcb295ea1d20314069c9a827b3b1d3aef121164f790dc82d02a13c6b5ba7ef0b9cfd047f024aede26771f98cb293387a9dd0a4a7d7a24bc08f9a8b517af9bea0514bd902b7494cf7d7eea25a81cb098da872fe74cae8bc2b0eb23bf5677bac24c6c2b9f9ea154028a1a9211a49e2c3350c155fa6bae9213d3057a2dd9f285e286c22e09e35232e7786ecf7c4ef65dbc1d37e308ccb08fc6101e1a8b4ef0423bcf33ac1f4\"","dc5_auth_key":"\"6da291d52329c77baf8554640d3faa8ba7313262b68941db682e1dde7cf1188536caa089fd04426fcc83cc2c594b68fe76356797c53340289a384dc178b37ab05b42f3d0eaa62d86a18a5070f08eddf0a1b3bb0a870a1e1c503f1b9a60f3533189683bcf8dbb82c3b7364ef164895241c3eb70188d765a95af340daced5876d4457031a12ab1074bedb202481717a3308fd36aa746db4db367fe388ad65d8414aedfe159423ab93b4f5f6f71a28ce2feb9bb74ad08a5666386c3863e59d0125c325ee0caace7dc1b74266534f619c04aef85fdb99b38fb517cf86748f3a68a8e6219f6933f95b3fb8e47a319a6982fa5a30b22500e46595977b9acc5d701addb\"","tgme_sync":"{\"canRedirect\":true,\"ts\":1700091473}","server_time_offset":"-1","dc2_server_salt":"\"fd178140aabc15f6\"","state_id":"2134111942","auth_key_fingerprint":"\"c3655d30\"","dc1_auth_key":"\"292ba7f62cb0e5a8497bce9422a36c1d89dcd24899693effb88ea7080cea4b7d79c2a98640909122b33830c2d2746150232ef78172c4316af980227697554f3e32044aa792cbfdd2915d3698354588686282c09abb51df1c36d254162067e878f201c9beaffd8e6b635168683f02f65ec484d6df0b200952e4f2f304c547056cf417db040d48437ecb0a24885f55311620f08a364acb54e22596b1587fd485b4ae3c1df6c75645137146ba5e34b1df552404587dff616b02f771fafd0c3014272813677bb2eb9fe4a2a9ca026a9ff45f67c91196a527d95df9111b9c0589c3b3d0e6259c4e9539aabc661092f0d32e3a0ee12c08b5d5482e7d2db1ce0850f9b3\"","dc1_server_salt":"\"26c5faf2442e75c4\"","dc4_server_salt":"\"cc22de98bb72dff3\"","tt-global-state":""}
VM36:1 —————-
undefined
