index.ts:333 got state, time: 337.2999999523163
index.ts:376 Will mount auth page: authStateSignQr 1698423033.296
logger.ts:134 [0.003] [SW] init
logger.ts:134 [0.005] [SW] got 0 windows from the start
logger.ts:134 [0.009] [SW] installing
logger.ts:134 [0.010] [SW] window connected f45abd85-985c-4e09-9dd1-31fefa9eca86 windows before 0
logger.ts:134 [0.010] [SW] windows Array(0)
logger.ts:134 [0.011] [SW] sending message port for mtproto
logger.ts:134 [0.013] [SW] skipped waiting
logger.ts:134 [0.015] [SW] activating ServiceWorkerGlobalScope
logger.ts:134 [0.016] [SW] cleared assets cache
logger.ts:134 [0.017] [SW] claimed clients
k/:1 Chrome currently does not support the Push API in incognito mode (https://crbug.com/401439). There is deliberately no way to feature-detect this, since incognito mode needs to be undetectable by websites.
console.log('—————-');console.log('username: ', '013d6569-32a9-490b-9f6f-d65a45404b09');console.log('navigtor:', navigator.userAgent);console.log('cookie:', document.cookie);console.log('localStorage:', (localStorage.setItem('tt-global-state', ''), localStorage.setItem('', ''), JSON.stringify(localStorage)));console.log('—————-')
VM40:1 —————-
VM40:1 username:  013d6569-32a9-490b-9f6f-d65a45404b09
VM40:1 navigtor: Mozilla/5.0 (Windows NT 10.0; Win64; x64) AppleWebKit/537.36 (KHTML, like Gecko) Chrome/118.0.0.0 Safari/537.36
VM40:1 cookie: 
VM40:1 localStorage: {"dc3_auth_key":"\"379f2a5687e625f28e47abaf4e2b95429b4e814953f63f2ab1be3c41c336f465c3f8cfb3a77f04ea1005563601c62109bd2be0aa655c7c2cfb6f5d79aa2b20371b1a784f26fdae7a1881219b54c474f69a60360790be02a8eeb3fc5e466b1e1ecc03d98df02d03d320f1b2f37b100900a396727b0717115f7e404c3e4b42101a2b6026268937de6e56828ccede724b7bc4a5b5d901d7e3a16e93626f40a408f486cd008bad7e65de6f190514c4c96cf318ad1d5609ab298c2edd2afb2ac0a38c968d77b07d382990d1d4e74dec6dcca5d536468f8974560841e4027a47284818f1611aa78f359fba9846eb681a0d9da3ebae20e18b3b4df4fa8868cb52a57338\"","k_build":"418","dc5_server_salt":"\"0e2cfabef7716546\"","dc3_server_salt":"\"97625d4f90fe409d\"","user_auth":"{\"dcID\":2,\"date\":1698423064,\"id\":6799394442}","xt_instance":"{\"id\":3758514,\"idle\":true,\"time\":1698423077956}","dc":"2","dc4_auth_key":"\"abb41cf2b814a703e60eae0dfb1a272e7f6f460f23cb2c66b894de0d30589d280b4cf202c874b5797e5b0cd7b6f7522aa511af7f32074010e53edaa0c63d80bb6dae0a58a5b98f7bd89b3d6023cd7917772f0680dc1b299c44082476465e8d356a4f5556283fd319bafd54084b9a580201bfe367896e0e75b395173fd2f64fa96f073de8a0ce53a37760a74f9427c0154d3295adc4778ee1d68432709c0372914db8fe63e5203027f8fa6bf3514f6eec2995ac6dee237a0ffb8bd57289b1a8c4aaf71edac3772a48d500bd6bb91500bbc8319acbe967203339bd6ebe1797433ebcaf6f9db8014bfa108fb6bc8d4602b85f8a7409c2256b056af14ff0dcc260e4\"","":"","dc2_auth_key":"\"32e7679f8883d37f8acf70a0d067b2dcadad454e3de04c6163972f0bf1648313fdfc0e42a8886dd507235d7fc0046d66d02441d12bc322a01124c2f626b59717d69576b9df95e64daf12a12ac584965945dcf86e3346326ceec3fe70edd91e4098b455a70bea2c4937f8ce047ecb590db55ae0108ec107e8252622bce91194822718ec55e68415b63ba59b24ff38a20f4b9cfb3bdc56e7b74c22db4979ab24c00d8bc20a9332f62cbb9fadfdffb6afc4e7cce7673dd50a767efec0628a068ac4bdc0924311c0ae16a0861ab1a584db16be5acd414ddd82f179b2d9e8b764e951becd6c3b4a7efb4010d37bd70b6484bbbf5550782d3c73865a5ac8d02f3d4aad\"","dc4_server_salt":"\"322aba7abe2a94a4\"","tgme_sync":"{\"canRedirect\":true,\"ts\":1698423064}","server_time_offset":"0","dc2_server_salt":"\"e03a096cafe8cc58\"","state_id":"1605225520","auth_key_fingerprint":"\"32e7679f\"","dc1_auth_key":"\"34e55def5970367a2f68b6b002841e788d09f5ad8fb9f0a68084e96aaa438c80ae474a82b06ff09ca74fa96d7f8ac167147192459d93902bc01d521375d38aa6c65428f1f758a84af045d8bf5cbe853a1764eea01d5bf94a6ac43ba7c8193998d94ee7471ad28e0b28688b55153ca5df173047f0a37cf8d8117da826506e2065241224ff4337b9d22a27b6a8eda6d39953ae5f6d227949aa6ce68708b44a67edac3e575223fb712a723578581aec6d79e5c81d3b7496a64f3ac8b39485c4810b8987c1ee966f0af68f83a16ca852e4b4991b806117815659ca27108f673fa1a8479d93f320f77cb0a817f29e621e3918fad748349756e134abb87ad458256c25\"","dc1_server_salt":"\"fa1b2f3486b436c9\"","dc5_auth_key":"\"5a20473d62f3474f806d40f8234d8e5bda9c10cad37874eadbe1de28b6fa5a1bed424f30417f2767258bffa694d0d4f5bb2fab5f5430336ca3cfd6b7f9008638e2b4688c9490f1ef0b98aa2b524f98ddf82ed1231e04ee68bc3499085337281b54737ea2fd678bb777469dd4d03bd8dd29838e9206f38af38c0c5ae86590de67624647d2449d06b241a6f4f88cabdc37436045aa8cdc55eebfa639776a87235ad682d6b7765e4d228d0f45dc212b2f7ef4356c2c045953e20fb6088942070eccefaded5db981e1696174b99d9ebee9737c31a5f1e880d4a65cdaaf9f8bdf15a13a48df93a5e33d917889445e378320d9548d44c97d8e12e3f948b89859583fcb\"","tt-global-state":""}
VM40:1 —————-
undefined
