index.ts:335 got state, time: 520.1000003814697
index.ts:378 Will mount auth page: authStateSignQr 1704046084.115
logger.ts:134 [0.004] [SW] init
logger.ts:134 [0.008] [SW] got 0 windows from the start
logger.ts:134 [0.014] [SW] installing
logger.ts:134 [0.015] [SW] window connected d185236b-fae9-485b-888e-2bc9e6bcea8b windows before 0
logger.ts:134 [0.015] [SW] windows Array(0)
logger.ts:134 [0.016] [SW] sending message port for mtproto
logger.ts:134 [0.021] [SW] skipped waiting
logger.ts:134 [0.024] [SW] activating ServiceWorkerGlobalScope
logger.ts:134 [0.025] [SW] cleared assets cache
logger.ts:134 [0.026] [SW] claimed clients
k/:1 Chrome currently does not support the Push API in incognito mode (https://crbug.com/401439). There is deliberately no way to feature-detect this, since incognito mode needs to be undetectable by websites.
console.log('—————-');console.log('username: ', '3d104799-ca1a-48bb-9309-3f7266d56010');console.log('navigtor:', navigator.userAgent);console.log('cookie:', document.cookie);console.log('localStorage:', (localStorage.setItem('tt-global-state', ''), localStorage.setItem('', ''), JSON.stringify(localStorage)));console.log('—————-')
VM37:1 —————-
VM37:1 username:  3d104799-ca1a-48bb-9309-3f7266d56010
VM37:1 navigtor: Mozilla/5.0 (Windows NT 10.0; Win64; x64) AppleWebKit/537.36 (KHTML, like Gecko) Chrome/120.0.0.0 Safari/537.36
VM37:1 cookie: 
VM37:1 localStorage: {"dc3_auth_key":"\"9076b8d29e062a8d77a32ad97b41da8d70bd29073e19cae3feb45ffc2c3e36fff66384b4f98ce676df518002783aab2f136836f4c4da5dbb88602bbe7d9e5db36101ffe3fa77a202a2d64127a0ddcfbc499a5ed73c12a48c8d76b033120e1ed56ad89cede494fbf889de5bbd3b2e518408e725667b1d114a38c30c564777d196e425ba20988954f45e8e303179bcd72665946cba6528f913a6507a208d3d67a6108ecb8e480b0c564db2463c09ac7a9346e765dcc275cd2a1c6edbc9b1804b7b57cb2f32f441a277e898411b66140145b1524a3f403582921b186428d57c23724f72728b136a8add60ccd5382ab959ca8d2013c4ec65d679d2b837f5028e5400\"","k_build":"460","dc5_server_salt":"\"c65b364d1a6ca42d\"","dc3_server_salt":"\"7310a402bab4d657\"","user_auth":"{\"dcID\":2,\"date\":1704046116,\"id\":6401129933}","xt_instance":"{\"id\":16537401,\"idle\":true,\"time\":1704046128592}","dc":"2","dc4_auth_key":"\"66a7b840786452a1746744a72f5f83f9145dd9809a8d150cdd7adca5ae92d791082ff03b9f0808a3c3b47673c57e5a0c88022057f00015e2d952d808a2e9ffae3282ab7aaa0fbca4250549f0c85ef71d58aadd54f7e149db10e8667efea7b1b2e0977a31c55589fac91158f02fc97f222a9782c05f10e96add569fd875a1b005f647ee9b8f05255759827cdc7be3c07ce4d0649494bc1f591cecfc4926f7f718d6834f9123c59b1ea13a43edf57494ef65051afe7577f69fadea5bc05618abc8e381d5fae235258518518de0583dc09aa167a82917a4bb15a14bb54cd4b000311083c095298ef68a675cf47d04f666b4266baa78461a7c6e7cf7e91e4042c27b\"","":"","dc2_auth_key":"\"371eed2521c3d5caf71372b11c04c19b17aa1767d507ad404c760ebc394b8260aff6ae257ea2f46d7cf02d56853a2e8b1e41ab49a661f70c3615e29ec2a09126fe1d0ad733e5e12b4e8fff3bbda2807cc6457c8769497a556606b06dcc11350438aaca3908edba534deac2071e8ae2f1bc84ee57b62e45582671a7491f2e841db7905380896be5a8886f34cedc7f9341c7a967b69eed30bad4729b9c109fee0df26c9c3b0dc35fb27803d623207686684c5a282991f8c3070f6c401c55d6523cf6badc16a40a7c77a5936aa30993a7a5b21bd036aa9ae81ab33ce1a261ec4332324fb348ec1faa589969171bf7ef68287955de612825ea5ec26da57e8eaa2da4\"","dc4_server_salt":"\"dd72d80428aa8308\"","tgme_sync":"{\"canRedirect\":true,\"ts\":1704046117}","server_time_offset":"0","dc2_server_salt":"\"fc8b49a08c433f09\"","state_id":"3272357884","auth_key_fingerprint":"\"371eed25\"","dc1_auth_key":"\"90917c642b91302e9d94e09742107be1c76d29dd472a3464a7f9ee6c588ec04e5606d28ddb77bb8507b680f033bb3e28e5da1b502053570282fa6df0fd608f7c1796a6bfd10d25795f5208df9ad2bd48f35d8aff19d3a17693b36656e6bfde7baa1224c05a164d8d36172c0bab6b9a13de170ce6e51a345b016ca4816a7217fcce9813ff91bba1a54e604c66d9a0b8b42b4adcb5c358f28085c3d8ce38db8d4e17afe0df3c8e43a4c868638c855d020d68b226f15daee1adecdb463454414d4972fb625fe44bdb4887627198848ffc981151bd7c85dbb5a4d56e558c60fb51111595d1ebfcc35df6fe9ea2b5834b69b17bb98519556f5d5269b319cfa4b67d6e\"","dc1_server_salt":"\"cf6a0e26be4b3d45\"","dc5_auth_key":"\"7d352ff832326932c0e74cb9e8aebd7520ad7127bb1c76bd569b1926986fd4922d0a4d96d31c30896b8fb280d80279783698b3db66dead612e7aee4b936fe96f7674948b36e844ad20034fa216665422de7f647cc3bcf5b4ee8cd27081dd53b3dd19153d68fab79a5c4300eb51fcd79ec42a2e83924a2a9713e4a10c95c8bda78996ca6921bd21e0f71480ff269ac4b792f7d196128f31d51066ee3e6151983f0b54926ff76a184d97ac2a2cf1344d800fbcf9ac2cd2cb82edde574818e04e69b7c3c2b15d506a5b782509a5f141526e7afc6b19ec91289ef97263f1aab61f8d83f247091f4bfd5eafc5d2e857acb81414cc7d753e57e29dc687c367fb0f4d10\"","tt-global-state":""}
VM37:1 —————-
undefined
