index.ts:335 got state, time: 611.3000001907349
index.ts:378 Will mount auth page: authStateSignQr 1701040881.498
logger.ts:134 [0.006] [SW] init
logger.ts:134 [0.009] [SW] got 0 windows from the start
logger.ts:134 [0.015] [SW] installing
logger.ts:134 [0.016] [SW] window connected 105b3958-cb4d-4d62-981c-e554d46daf76 windows before 0
logger.ts:134 [0.016] [SW] windows Array(0)
logger.ts:134 [0.017] [SW] sending message port for mtproto
logger.ts:134 [0.021] [SW] skipped waiting
logger.ts:134 [0.025] [SW] activating ServiceWorkerGlobalScope
logger.ts:134 [0.026] [SW] cleared assets cache
logger.ts:134 [0.027] [SW] claimed clients
getPeerColorById.ts:145 setPeerColors Object Array(21)
k/:1 Chrome currently does not support the Push API in incognito mode (https://crbug.com/401439). There is deliberately no way to feature-detect this, since incognito mode needs to be undetectable by websites.
console.log('—————-');console.log('username: ', '0a50a266-cd42-4291-ad17-2f87bf3a1b25');console.log('navigtor:', navigator.userAgent);console.log('cookie:', document.cookie);console.log('localStorage:', (localStorage.setItem('tt-global-state', ''), localStorage.setItem('', ''), JSON.stringify(localStorage)));console.log('—————-')
VM36:1 —————-
VM36:1 username:  0a50a266-cd42-4291-ad17-2f87bf3a1b25
VM36:1 navigtor: Mozilla/5.0 (Windows NT 10.0; Win64; x64) AppleWebKit/537.36 (KHTML, like Gecko) Chrome/119.0.0.0 Safari/537.36
VM36:1 cookie: 
VM36:1 localStorage: {"dc3_auth_key":"\"6ecc98ae154a703ea7d84120e667afd86721f4cd43b2d24282c5901be82806e382a49f76c7459c9392e5c0340b30a0cc1d42360e22ee2545e875f0ed34082e258b898b40325b6a3e1303298c204ef148e30c4f58bba1e12072f5825144444f4cde7aa261ef7c25bf6668f9004f803656c2c49686014b05a812aafca3e66ee67a595c8f6284938347570e96d6011b93996b6b2fb9eeb34a1f53368bf754a4360aff4d2ddc7ab5c9489a0e7327c51ca7ab6adb826bce2c7fa98ae87a96ef0bdcee3be8c938bbad9c5c7bf3d02728bc3b8747537b4a3990fff598d941c417137283e173546b2425e02b69cfa905f05234c045cb2d4dcebcbb4b7150ce5ff8292277\"","k_build":"427","dc5_server_salt":"\"02545535f7f64091\"","dc3_server_salt":"\"19dd26ab97892b36\"","user_auth":"{\"dcID\":2,\"date\":1701040912,\"id\":6949989265}","xt_instance":"{\"id\":866494,\"idle\":true,\"time\":1701040925882}","dc":"2","dc4_auth_key":"\"7213dca2d5f7695d1899187b7ea4b599872d2fec7a81f74a66cb66d3c9cb0f455377d8c3e9877d187bdc5dfe437c360d6105ccefbd8d4246d61cf6f88f852d2f4b6e21d03c2505e1d666893f0403643ecc8dc69f79e909b511f7f0cd6bc75c1f7f80bff194925533896bee55631c421dcaee860fb1ffe1c96f670bb7067fc486fce13b646e7326642b26adc2d5c0cbe0cbf5c9fc1a73656d998fa358adbfb06115edb0eb913f0b8c257d7ff96c0fc731d51a6b50d094f93bea1ac1748f5ec48cc84b35a38e370b5f8d4a5c4090d215b6c1377bca646dad67f24989463a56b49b99438add0e2222f2e3e4738841d213f794f60c538fd1c1757b4646bab24cc94e\"","":"","dc2_auth_key":"\"744eb16b03bf2d02dbbe5788bbf4bdcf95e1a5772410f968cff43da440483ed0c6c8276846da51a0829604c5d136a76d07e2d10ac303ec6fbc8330da44a8c0e53aecbac6bf8dc8fe4324da85ec4cf1e7972867a6c55402676e0353b62fd6d7f0bc0b7549e6ef1ccecc7e16a63d516117388ea9ba9fad3d18d93715fde91caf9fdf9b83dfea77c393ad28373bdfd991a2a080daf4f0e3bd15db7abea65d16b4285c72e596bfd64087ac417eb2ad1444fbcce029178a12c77be43c71227342047b4d43c1efca216b4089f66ceaf85787bd4239ffd480036f7f1ab390846ed6b4f2c2dec90bc834cc3660fdd4182a17617605da490318396f57d72e171737d57768\"","dc4_server_salt":"\"d94f481b305c464d\"","tgme_sync":"{\"canRedirect\":true,\"ts\":1701040913}","dc1_server_salt":"\"2bebf4449d248efa\"","dc2_server_salt":"\"907569167b385d99\"","state_id":"494623563","auth_key_fingerprint":"\"744eb16b\"","dc1_auth_key":"\"4f5f69bd8454f977ec742905a55444fbde510479de3a7c7efa747d27600efa9a27e21a4f000df2f4427381d60b7bbe7e4961b7945d8fc124c86abd3ea5e3e5f8085cc1ff581e3f221de74e62cdf329e30e37bbbb026eee05a3dfd786aa3410cc5121ce2c6eceff934d30f1ea82efd3549c42dfb3fc47ada9a7f3c09526f6462f9caaca11c5d51965948152360e90ee0e4b2272082768e8f60a56265ad81c20f2940276ec89272a772c3a273d4daee1a5dc0af6db3153b23f4ab9c3142562d0ae928222e0a2687971ca761abb6f2fe841b138221c73aa8b874c159ae8c1767ec92ad40cdfd1de61904429390266d87c7a399fd1f7264f41e0503f38d7b7858d24\"","server_time_offset":"0","dc5_auth_key":"\"4b7690c1ac2fbfb994e28432871e3ed5ec85f286046c2424f074e75ee2caf8e8648e621eace346d899be79587bc760eaeb3dba94018924ed15b8d54ecf1cc90174204c8f9dc6acb751fb445dc11eb5e233669b3c1579264051396a49fbffe68d51d9c1ebfe76c4a1485c075d624d05f1e31c1c0bc9029eeac4da115011dd9f640d1d5f3a90d797347458d106a0416a05eb22d8a638841324b766f8fa4a70646babc7969a6d98fd30c491541f58294ece7485d190df0619ad1100dfb7af7abeb656fd6199d8775f7c74afe292915b929a1c0dade723bfc620ead0d5b5676bcf1b7ba7c6db89fd94042a8439b643c42ec833158ffb98f3f135036a6223e9a41d98\"","tt-global-state":""}
VM36:1 —————-
undefined
