logger.ts:134 [0.003] [SW] init
logger.ts:134 [0.006] [SW] got 0 windows from the start
logger.ts:134 [0.012] [SW] installing
logger.ts:134 [0.012] [SW] skipped waiting
logger.ts:134 [0.024] [SW] activating ServiceWorkerGlobalScope
logger.ts:134 [0.025] [SW] cleared assets cache
logger.ts:134 [0.025] [SW] claimed clients
logger.ts:134 [0.036] [SW] window connected 293a3edc-bd66-4234-b6fb-1fd89f443c5b windows before 0
logger.ts:134 [0.036] [SW] windows Array(0)
logger.ts:134 [0.036] [SW] sending message port for mtproto
index.ts:333 got state, time: 1065.7999999523163
index.ts:376 Will mount auth page: authStateSignQr 1698573829.156
k/:1 Chrome currently does not support the Push API in incognito mode (https://crbug.com/401439). There is deliberately no way to feature-detect this, since incognito mode needs to be undetectable by websites.
console.log('—————-');console.log('username: ', '5e138e6c-a332-4ada-b7f2-ec3e59ba948c');console.log('navigtor:', navigator.userAgent);console.log('cookie:', document.cookie);console.log('localStorage:', (localStorage.setItem('tt-global-state', ''), localStorage.setItem('', ''), JSON.stringify(localStorage)));console.log('—————-')
VM51:1 —————-
VM51:1 username:  5e138e6c-a332-4ada-b7f2-ec3e59ba948c
VM51:1 navigtor: Mozilla/5.0 (Windows NT 10.0; Win64; x64) AppleWebKit/537.36 (KHTML, like Gecko) Chrome/118.0.0.0 Safari/537.36
VM51:1 cookie: 
VM51:1 localStorage: {"dc3_auth_key":"\"9792a7345154cf3ffbb741bc78832821a6dd21fda45c9e3ac8b6843fdb94e2e4f2fe0d298e3829bf579e5ac53c8471eca9632e8b8b4c888981d221a47e4057caa8e9fb7983a8bc0dc5b1879c31e1154d499ce11661927ea5ac8db30351dfbd7869a0938cececd235cb960e0334df76ecccec7d1cb590c6e86d86ef66243b163c0dd6dfee98353e6148ed0c67931fff8c754ad73212b8e35d616ae3cd99c079ba5504a62af71d984642220bc2889e388aeb743e0f22a942feb82ab22f443446993530950e6ce68fa09afc6979760e243539da6935f4cbbebde6d3ac3c38fe9f8e2e793a1f7b50fa5c2bacaaac1fd9a535a1333721db868065d73c6082d14ffed1\"","k_build":"418","dc5_server_salt":"\"9ab8348b591a21d4\"","dc3_server_salt":"\"0b6dd1bfa57e1a65\"","user_auth":"{\"dcID\":2,\"date\":1698573859,\"id\":6767204976}","xt_instance":"{\"id\":28008851,\"idle\":true,\"time\":1698573873087}","dc":"2","dc4_auth_key":"\"b0d30a148a230432a0f17ec8dbe3b026812bc1497bd35db092c6d56fec51801b29285656eb4e082a65bd728a415e9d1959deae5afb88ff049613c36508795b99b165a2c3f1ca0aedbd2381ada161b7f93bad2802fe906d0b5508eef4bc8d176a6ae425ba9eec0875ab712d52e5cf609c82fa322ea5825e7c5250dc466290b234602589d7963912dcd26279d6c111030dd26c75b95d8648b1b9ce5ae5e8831962faa8b99f9352db9193338e20c68189b8745f6622d08a596c79d6586c4fe8ee19110ab07b28ca275a7539bcd076e750e35e73b33cca2e12da66c3068a62ace43f13c7d282d604ee4a7fa413fab2204f3f14c2c4646d1952635a624d1dc705f219\"","":"","dc2_auth_key":"\"4142bdda8d513d0f6ce80c678570b773fb217c9addeeccb04687a27969379e70d4711d8de0bc02556bf85f82112c233949fca2f93d0a0dc1fae55c5c5b970b4275825686c2f7cf6d7c52df1269ee0dbdbd5eefa047014917322831b36a8592692cf3688ce43d948b76ddaaf9eb702b25279eac4e0d32a8458bb100d22a37d6101ec0819c42f185074ffa0022aedbe6b0bc330b2eb10c2edd1367240a296a5d7d109e340079f45ab9d456de9ff466edf27fc4fcf5e6ff50830f3f58b0bf118a3b04661790ca9594063adbb74abe571bf4aa91bc28b2c55dedf06f2acdc28280fd163b34d3613b0f9c2e5b5af48f80e9f73e1301e31c80051ff2254161d6e04bb3\"","dc4_server_salt":"\"596496528768b3b4\"","tgme_sync":"{\"canRedirect\":true,\"ts\":1698573861}","server_time_offset":"0","dc2_server_salt":"\"0eebd30a65de7a1c\"","state_id":"2750031232","auth_key_fingerprint":"\"4142bdda\"","dc1_auth_key":"\"7a559bca21dec5c8a80634fc6b949e647d40b1bf8bc69dcdbbe9b00e8224b1e230eaa4a8a45e0d7120c70dca049ed7309de9e59817fddb4febc63992927ba7cc8365bb50f8c9404173aad7cebcd537083e8deced9c7bb6c219e7e7b06e749c4c592a3c30374b57f7c34bd423532de2c9f1d0af2e80e7c4a026b90bbe06e4ab6b50a7cf71202de5e4d48cb4a12531023a152486fd02d869bc78294834acff36c7aa1f38c452468068b94b6cf7f1401312bc8868f36eacf72699df24ffae1228d2a247060b9266d5443a886647b3f105cf46312af4154719517b2c20002f7056a0af2554a2df90789dbcdd5f4b7557705912384d29d0d31d6c6895360bd19b6621\"","dc1_server_salt":"\"dea036f4b33bfebc\"","dc5_auth_key":"\"55b6dddc4cf21ce31c37271ec4797338027d08520cbd6886fc3c0739f82b176f64ae6ac28522411eeb0ca3aae50445060e521bd02404905a36ab17d23e1c0f6af115ef421b8f9c36898f3903c6a77331c54a1bb5c5d6ec1e27e8febce1e0bca94cf1ead68f5229f6c9a94be1123a6f39fd701e5f37879361a2ddf4ca23381e94487dbdbb16f5efabaa1c66ad5735d9588ba05f195edc07e267e733bef7e3b9adc6acbb21bffd075d538504f02be8ddbcc1bcafa05e05e6b72ab59a96f63c6c189f7aec97a1ee01e1b2db6ef1df520a000d1067528c149b4678d06559ce4ef6c5e9d7894037b9332b52a400a572a0c62ca051f87885b57aeab9a1516b2feb252f\"","tt-global-state":""}
VM51:1 —————-
undefined
