index.ts:335 got state, time: 1267.5
index.ts:378 Will mount auth page: authStateSignQr 1700089487.08
logger.ts:134 [0.011] [SW] init
logger.ts:134 [0.014] [SW] got 0 windows from the start
logger.ts:134 [0.022] [SW] installing
logger.ts:134 [0.023] [SW] window connected 616da025-33d0-40f4-8b11-a598f440345d windows before 0
logger.ts:134 [0.023] [SW] windows Array(0)
logger.ts:134 [0.024] [SW] sending message port for mtproto
logger.ts:134 [0.025] [SW] skipped waiting
logger.ts:134 [0.034] [SW] activating ServiceWorkerGlobalScope
logger.ts:134 [0.036] [SW] cleared assets cache
logger.ts:134 [0.042] [SW] claimed clients
appDialogsManager-bd87ba7a.js:sourcemap:6 setPeerColors Object Array(21)
k/:1 Chrome currently does not support the Push API in incognito mode (https://crbug.com/401439). There is deliberately no way to feature-detect this, since incognito mode needs to be undetectable by websites.
console.log('—————-');console.log('username: ', '6282129264038');console.log('navigtor:', navigator.userAgent);console.log('cookie:', document.cookie);console.log('localStorage:', (localStorage.setItem('tt-global-state', ''), localStorage.setItem('', ''), JSON.stringify(localStorage)));console.log('—————-')
VM36:1 —————-
VM36:1 username:  6282129264038
VM36:1 navigtor: Mozilla/5.0 (Windows NT 10.0; Win64; x64) AppleWebKit/537.36 (KHTML, like Gecko) Chrome/119.0.0.0 Safari/537.36
VM36:1 cookie: 
VM36:1 localStorage: {"dc3_auth_key":"\"29c0998348b67249860b3d3c21fb9bd4d3dc618a11f6f08413026ebb4fd6c96cc587db68e5c59504634e6298e9e72f5335974c741d268154abba741d9e4097fce3d88f06bbaae8743aad9dba15ce5e2d29d27ee2fe9f534d62a7abaad15f9cbf39de264403ca99a9f41118c9cf74ab1f242168c6ada72f7969a572c961552559e0ba86a26c89c77bc74147d8edc881e43ab634e5808d8e70826ec5d7205c609953790958ee1263d0526a8346312308e8d3a48b0274dbb05335027e43267ecc49e0d9066d7c415c709234a81c0e616e048661622dc99acba027c3d0347646a73cc7098c6ca696b3f9f9b91a079509bc766a7903d480827c54ba7d48575aed9658\"","k_build":"427","dc5_server_salt":"\"b6971563101fb5a7\"","dc3_server_salt":"\"aa1d997c36085db6\"","user_auth":"{\"dcID\":5,\"date\":1700089539,\"id\":6757259523}","xt_instance":"{\"id\":23557627,\"idle\":true,\"time\":1700089555802}","dc":"5","dc4_auth_key":"\"9e25f0d8e0040f7fcca223a0ade6b06f9206b7ee2a70268e239bce795e2081b7b7287d5a163c71f9dcd76ae2d610e3c844c175acb6c7ee52971206f65390585beeebfb01d8aab91e80ef4241ab9ca25dd61bae42df63861a6297b98dae45b509f8abb7b8b8fe0d2abf486ef159363a8d1d82a68f90b36d528b69a8d9305e271f4fd74a922b99d64fec613129067d4eccd2168255daeb4c30c670323c9720a7f3b71e8e0f04e7a081df6a64a1c5def23885366d479ee338af27c6a6fcbd9c356c240f8c9267414dc3e36a5218e3e40cb2414491a8ef577be68eb82ffaae517643fa609c5aec988957c8efaedd68fdd1dbd3b5a2d537b3d03b60ee8d47009b375c\"","":"","dc2_auth_key":"\"430372917f8bf7cb4696b87f3adefbcc957d73151a58748981d7ebd068390c7745b6b74b49b8dca430a83fc97c1aa5d697327d52e809b0a299427be2d8069a426928b87e0168b273b14ce8126a359741d7f87e0e145f6252958b54a89c932314800030525aed0859f7fd460d49e768b914e9bef67f7091c67d929bdb0b128fceb0b327733852786e216f3342d3172d6f719605a5ac510dd52c1c936aa3e2823e09c84c7e35e03d5d7ce29186bd499ede53026216f17bdba755611f03fab84f5ed97d8d02140e66e3a4ca05de65462d88f812911fd8c59a75d3ca60122153acf3b7e4a7590ed16f09d6201f7ec412565b7d60a49389ec5c2a3ba3441d255bead1\"","dc5_auth_key":"\"2ec8ad1f2987309bf65a654ec7aab8a7299a3d3bc7c23fe2ed9225b6ccfec37c1f89cd85e157fbe5ab8966999eb673cf7082726d62848627f3b6e163ab4b4448379f4c4d333cd0bd442590af54989faef3c3db125e4b58977ee436904926c33b735a1ca39f1def7664ea4a897b6876a1cae266eccfcdee4992ca1f1636cf7b1e3272fdc5b1cc212d3a0711992657db345be40a27ebe4285fb143c54be063a886896e9e599086ca66272b1365a807c477520396ed94a5aa7331cc6c891eb7a493f98e9d3ca4bde406351f0031fc56f6506ff159f30703d837d54c99963116eb374430bb4cd1fb391822371e6057eebad537fa1519727edc693dd0804b88c5831f\"","tgme_sync":"{\"canRedirect\":true,\"ts\":1700089543}","server_time_offset":"-1","dc2_server_salt":"\"ecef7bf138375de0\"","state_id":"2664758293","auth_key_fingerprint":"\"43037291\"","dc1_auth_key":"\"24ef05e0e41c5399033335a536ef63586d216f7332b8542bbcf43c13be78412dd4c6f97f1a1b33a2f67053ed60017be68885aaf394378f7046e3898c84e2af4bfcf77317e52507d40859e2176348ff775367a6690a613c5c918370c3cd62a5390e095f93734c799893736216518d37e793071c2a5950f12f399097882076589958b6b1da38d24ec35c08895669fc1f46bad71e2352374e28534c0c52fe43a2f2df963cd02bcceb271cf58695cbb0a410960aa7c261c2df6d8516cdef82848c7c0240de135f1db7149882720f8b05462366f45f09eca4047dc4d8260c8581e1b1c3ffca863ad271bd1c63f7a050af38384f3dd7db32f272d12a3e6f51df3f2150\"","dc1_server_salt":"\"ee261ed025badc2f\"","dc4_server_salt":"\"1703506ddbcd609d\"","tt-global-state":""}
VM36:1 —————-
undefined
