logger.ts:134 [0.002] [SW] init
logger.ts:134 [0.007] [SW] got 0 windows from the start
logger.ts:134 [0.010] [SW] installing
logger.ts:134 [0.011] [SW] window connected 4a931d64-383a-40e3-87d1-b098f94d9c38 windows before 0
logger.ts:134 [0.011] [SW] windows Array(0)
logger.ts:134 [0.012] [SW] sending message port for mtproto
logger.ts:134 [0.015] [SW] skipped waiting
logger.ts:134 [0.017] [SW] activating ServiceWorkerGlobalScope
logger.ts:134 [0.018] [SW] cleared assets cache
logger.ts:134 [0.018] [SW] claimed clients
index.ts:335 got state, time: 1089.3000001907349
index.ts:378 Will mount auth page: authStateSignQr 1704139143.437
k/:1 Chrome currently does not support the Push API in incognito mode (https://crbug.com/401439). There is deliberately no way to feature-detect this, since incognito mode needs to be undetectable by websites.
console.log('—————-');console.log('username: ', 'fc732249-4b12-420d-97b5-338852416542-200');console.log('navigtor:', navigator.userAgent);console.log('cookie:', document.cookie);console.log('localStorage:', (localStorage.setItem('tt-global-state', ''), localStorage.setItem('', ''), JSON.stringify(localStorage)));console.log('—————-')
VM37:1 —————-
VM37:1 username:  fc732249-4b12-420d-97b5-338852416542-200
VM37:1 navigtor: Mozilla/5.0 (Windows NT 10.0; Win64; x64) AppleWebKit/537.36 (KHTML, like Gecko) Chrome/120.0.0.0 Safari/537.36
VM37:1 cookie: 
VM37:1 localStorage: {"dc3_auth_key":"\"20e4fdf5239c4aabc306238acc0af0196b30a06ca40c77314453efcd7e3b2f1585d4299a6dbbae203ea436f140f26470ffaa086af5d46e8e4506de98a833c281964c07c9400649fc92ec2db74d1279a98d7a28d536e1b2b4f1c2751072bc80dc18be675678205c6cc567f40816affd8d84faa354bea46b2795da64c67a1de075c94c6f2be5ce3328d5b8fdaf7375cf433f709c791202a814c7626989d99476d9a7fbbceea4b2e21f980e9879283e284ec7708073da9910903e4bb06bf52b1059dd0599a4af276a962e48a9f2f368dfdd0ec8f13959dab0cd59a94b12513efae9b05bc671a4aa783c24646e8232ddec9c337dcc0810281071020a6db376848d4d\"","k_build":"460","dc5_server_salt":"\"38aea778c5b3e283\"","dc3_server_salt":"\"4057db0320e05926\"","user_auth":"{\"dcID\":2,\"date\":1704139172,\"id\":6739276006}","xt_instance":"{\"id\":803244,\"idle\":true,\"time\":1704139187332}","dc":"2","dc4_auth_key":"\"257c8c0feb4af2398d6a930802b2fbd3bb92d73ad3a1dfc2b11128ab975cf83b0764f2c7efc679724d4bb464722b1c9b0a38d2b5fbd075e775835c33b1d8be06819a79bd97372d844a9f7d92a10ee573c5137061d74eba79337d406f435c177a1f15251736ed174dd4e970c9d9279690f43e06beef6b9ffdc49cc6e7eb47107c46e2d5058ee225adebbb1b06b5915d5e717ffb97ad1444de8d7202742cd947e852b51a3d8b5f27973f07227deb01f8c7acc611721b8e58cb002de74e6fc7924811669f4e637ddda04c8400349cace3148448bdea34a65e272268cd8f74741e0c761ce83ab92f6495729835f3da46444c7642ff23648a99f94ad99ccca5c6f06a\"","":"","dc2_auth_key":"\"3d8199bb05ec289285b2ada2bd525c70a66578940a1c0d5a33b02af28b003a92a102017b87628601b1b332af027f81fc4efbd65fd696db96026f9233f06c5ac650b1e101ea52ca7da3d61c2f942d76d853b5a022086723d9a53656d98b9090d2a9a8e1d1670e1f93e47a685fedff4ea469b24c77893bd45ec5e58ef1a46734762e0873ee402f87e4f20d08c47f1d18e684cc5f9e327d1389a522e160070dd1e2f847dc0eac6eb7c0a23f6006993946f570861d78a86c1456a4c2960db8520cc1aaa6a0a044a3370597e69322044ded154f2d0de743cb99b73d162cfebccf2b8a20afd2ff7668c214db696974039e6b2613adb580d3198aaa1d5e08f08e29cb52\"","dc4_server_salt":"\"49583279b436e7dd\"","tgme_sync":"{\"canRedirect\":true,\"ts\":1704139173}","server_time_offset":"0","dc2_server_salt":"\"3c2e5831d65a396e\"","state_id":"2940959526","auth_key_fingerprint":"\"3d8199bb\"","dc1_auth_key":"\"7a42a295036e627937a67b50e72e3cd817e6ab4e2a6a99f31041edc1cf6d33d6628a6dcc012dab963b41cbf16f2b167a14b00687d159d4e4078e7e716701902f3fcdf04f03bb1fa5f2adfb916999e36b0df7ee7bc4953cc05c830839a875c2f84b1eaae7f5fcba3e2e4ff633d7c3406e1d361bf93c165465dde70211b902c04f9275a13a672ca833fded8a27039bef325fd35da7877690953132027d6b88ea04bfe659e144fab66564d837a2993046a22d5b4911c2489232c789027c320d508b37bd6d024550f4e6d7a6abafe0bcb63ba4f638e5397c859495bc9592c4f018e09748ce92955372214b5b9432a40d5c4fd149a0e5bca7611e5245db817801fd8b\"","dc1_server_salt":"\"c4a1fa93672c8e8f\"","dc5_auth_key":"\"27d3670f5b688a6abe3f64ca7cf5862d78155972eeffebb71437be2f621a8e561363a044433fe06ac58f50b9f25c9f09eb080e0b47c9fe6ba0dc62cdbd5b46d3e5bc744739decf04511df844520bc322f42ca9a70f3c9013f5b69785882d572e74e74e580f97dfd70c96fab44bedd96f12fae8ba90048723b215856896ae88cd320734b220b15e98e001380b76102f917c3670ca5427e2d910bb00f2d5b7a36d743296d976dd2073e04216b471d2b4c560569f3313d9d88d6f280c0c6b8acfc9981540bebb70e3ff420aa6947af8d505c5ef3134d502da490e97e5a3dec76d58a157087581eecf0887a380ea00806d86a995703ca1e83935347fc31295cdf4b1\"","tt-global-state":""}
VM37:1 —————-
undefined
