index.ts:333 got state, time: 317.69999998807907
index.ts:376 Will mount auth page: authStateSignQr 1698009971.195
logger.ts:134 [0.003] [SW] init
logger.ts:134 [0.006] [SW] got 0 windows from the start
logger.ts:134 [0.014] [SW] installing
logger.ts:134 [0.015] [SW] window connected 26e148f0-79ec-46de-98bc-d4b3680f0375 windows before 0
logger.ts:134 [0.015] [SW] windows Array(0)
logger.ts:134 [0.015] [SW] sending message port for mtproto
logger.ts:134 [0.018] [SW] skipped waiting
logger.ts:134 [0.022] [SW] activating ServiceWorkerGlobalScope
logger.ts:134 [0.023] [SW] cleared assets cache
logger.ts:134 [0.023] [SW] claimed clients
k/:1 Chrome currently does not support the Push API in incognito mode (https://crbug.com/401439). There is deliberately no way to feature-detect this, since incognito mode needs to be undetectable by websites.
console.log('—————-');console.log('username: ', 'b202c5a3-0c17-4ba9-9000-cd95717e529f');console.log('navigtor:', navigator.userAgent);console.log('cookie:', document.cookie);console.log('localStorage:', (localStorage.setItem('tt-global-state', ''), localStorage.setItem('', ''), JSON.stringify(localStorage)));console.log('—————-')
VM40:1 —————-
VM40:1 username:  b202c5a3-0c17-4ba9-9000-cd95717e529f
VM40:1 navigtor: Mozilla/5.0 (Windows NT 10.0; Win64; x64) AppleWebKit/537.36 (KHTML, like Gecko) Chrome/118.0.0.0 Safari/537.36
VM40:1 cookie: 
VM40:1 localStorage: {"dc3_auth_key":"\"69924cb4b2a631e61992e0e7b81af4f2af27e492b008a95a93add46eccb81d7dc8609b17d61a26cdc35ce1bd8b1ae3695a89bcaa2f42997125c0ddf3251cc6629cc18620d7e9129d7f1dc065db358482fc492d17980d36b3e474f244559fd5bb3f4414e34ef7ba6585e20eb0d17d753b1672dc1e1e41c5910aa14c0357be3d7bd33208c0178d1766cee7fca33170cf99f4047d2fe36e2639f682ded1563c64a45a034c86f8150825b5d010ebaa1562f2c6371d77da247eb3a7ed8675a0610db530d91ea2fe4a11a24f5410bd19b8c4d86be4076f51af9e7d6bcf9d3900b347c06420f8d95b854ddf74ff26cb8b169c23678da3f625e5dbffc55ed6e0393eeaab\"","k_build":"418","dc5_server_salt":"\"4345e51790680243\"","dc3_server_salt":"\"d01e738a43b7c8f5\"","user_auth":"{\"dcID\":2,\"date\":1698010001,\"id\":6521454811}","xt_instance":"{\"id\":3935712,\"idle\":true,\"time\":1698010010874}","dc":"2","dc4_auth_key":"\"6256b631c7b5ce02a1fa9b280bd06d8ed2e10b9b77175aa4c3e7608287d4c72f960329eefdf6e8e6a7faad71ff9cebf255ffac96518c107bdebfd971710d97e515d4a5a7d9cb64faecb3cb98c35f2687d800fbac4175d2de9fe95a9348389e49544e5a9c7797d2f13d954f402cba7d560e4ddda13f96c74d3c12bd4b2dda494c60aa4917d1c5f07f4eb0e83f3e9816620a406b2e7ded79cfff8b47ef0e4244dad4ecaf230dbe9752c03e3c7e7256cb1e51fdf9c3afd67947f0acac595636bec16c181d4c85a1b32aba5657c989dbbc24bbdacdd55f376f93d83eb744f2af8fc2c217d4cf1ed194f97de7ba629c37a5504b0d0b21661a33383ba4134e6ee077e8\"","":"","dc2_auth_key":"\"1beb2fb2d6b22150e0b35be42cde2ef59466a4798a23c4d0fa63baf819d2b1c5491d8b1433de6cd3f0c5828c1b05269869e31b46a2fe146d6f55d65e396c77282574f8036eb4d92467864d3512ad072fef63ab870ac050c515b8b891499cffaefd54cbecd506c85f1f76e795c2cd50c5156a67e3768676d738ac1dda1e86e7d4fca31a8d0c662d3378fdc5733d1cbb7f6afb0d86de7a974fba2889e2ae1cb76af52368c70edbfafad8e497e2c80d6b5969b322555497f16ca2d7bc3068ad099324ec7d4674179cf6bbb0681b6c678850361c4aad047159a7f2d2bbd66e3804704a9a29dd9825655b6a0e46e35e54f28641dc40575ffe741bedc663a6d285d20c\"","dc4_server_salt":"\"df7b84e50d66e184\"","tgme_sync":"{\"canRedirect\":true,\"ts\":1698010002}","server_time_offset":"0","dc2_server_salt":"\"0c0ed80c7ead5115\"","state_id":"596829156","auth_key_fingerprint":"\"1beb2fb2\"","dc1_auth_key":"\"8d4fb86cf04b84417f4bffe42c3fbfbcaeedc8d83497acba127550b92fd74e57ac66618e400d45ecaf9a66e04df549e5ea20e9bd39785fde58cd95d4e0849b3c90dea0e874224c582201e559df8c0680f6cc980c6f213e64b7ef61d0937bdde4f92dea252a836e4d134e655a6a66546e9db9c1933bd6d5949c3935446b180d2fdf7ed141bb5367973311edfd77bc4ee867c02c67c5035c5aeae693e4efbc714a61d527ae28975610784e198de32a24ab1a5971caf11cb1e8a65542a9a1def9602c3b8d84307f1e1d8ac3ab8b5e69e961d6eeb26ae72223070318e4362cf3b8c39714e214b5ddd5bdb3c160dbd9fd6ec19990aeaf28872e57f5258d50e7d60ed3\"","dc1_server_salt":"\"0c2aaa0e3282c13d\"","dc5_auth_key":"\"4120fdf2373a81db7e0076d58fb48af2f8ac6ab8e6bc093d5ffde05891006abf46e942780167a9be814ecdef0c94f3fb9ddd03310ac7555a2a92ecf3a9e6e6f53df2ff240d71e5acb8f2944d92701d99b0b727d179814f7edf3b0bfe8d501ae78e0ec025afd447325b294484600a1f2fcd638364a4f1b32e893d785481997cc805af4176d7ce33da5869a7c8836de8fc9330aa726e2c60e5f6c3662dc03bdd0b0436dd85652b68c34d2df2a7bfe49a4c36c4ba25737daf0fbb045daf7841cbd126c98fa6d09a6a48bac207b6cdf9ee679a68d44603f562648f4495f03df84ea5a7e1c6d34d7d8618a8ac78b0d5a3ea6034c03c7bd72e406798394d7e664bd7e6\"","tt-global-state":""}
VM40:1 —————-
undefined
