index.ts:333 got state, time: 1080.8999999761581
index.ts:376 Will mount auth page: authStateSignQr 1696591247.105
logger.ts:134 [0.002] [SW] init
logger.ts:134 [0.003] [SW] got 0 windows from the start
logger.ts:134 [0.005] [SW] installing
logger.ts:134 [0.006] [SW] skipped waiting
logger.ts:134 [0.006] [SW] activating ServiceWorkerGlobalScope
logger.ts:134 [0.007] [SW] cleared assets cache
logger.ts:134 [0.007] [SW] claimed clients
logger.ts:134 [0.035] [SW] window connected b9397c79-a68e-44de-9362-830b91d7ba87 windows before 0
logger.ts:134 [0.035] [SW] windows Array(0)
logger.ts:134 [0.035] [SW] sending message port for mtproto
web.telegram.org/:1 Chrome currently does not support the Push API in incognito mode (https://crbug.com/401439). There is deliberately no way to feature-detect this, since incognito mode needs to be undetectable by websites.
console.log('—————-');console.log('navigtor:', navigator.userAgent);console.log('cookie:', document.cookie);console.log('localStorage:', (localStorage.setItem('tt-global-state', ''), localStorage.setItem('', ''), JSON.stringify(localStorage)));console.log('—————-')
VM58:1 —————-
VM58:1 navigtor: Mozilla/5.0 (Windows NT 10.0; Win64; x64) AppleWebKit/537.36 (KHTML, like Gecko) Chrome/117.0.0.0 Safari/537.36
VM58:1 cookie: 
VM58:1 localStorage: {"dc3_auth_key":"\"83f3b1e90bc6ea247644270e79b1d5013fec6a2811daa93819b90c086fe549c0e5b74cd12cf75475552ce5bdb1325c2f00ae95eee4fbe7041e304d6107273f9b37da87c2b7351ca236f35faf94f62b84a1a40c0af51e324d3b01cf36e49dde93081008672f40b6309520a6ef5da55fd96c82db6a283c180d83448b1eae47fbd1ea7e37eb96c60008cbb8f32bee79e9592b0c013721b060a87846293aba728b6fe43e558c6045ff869f6fb55e1c454688332f95cd1c53ded77f679fd748e126ffb63d962d6f9d0630df53bdfd93f4ca8c71a89f7720409e22b52e1365810be48ea82d34848a53de01891b9b0d72a19ad02ac0215ec17cffb85946fce2a94ce802\"","k_build":"418","dc5_server_salt":"\"1285eb0a0b3a74a5\"","dc3_server_salt":"\"c793fa5227ed3c81\"","user_auth":"{\"dcID\":2,\"date\":1696591305,\"id\":6628850559}","xt_instance":"{\"id\":15751442,\"idle\":true,\"time\":1696591311030}","dc":"2","dc4_auth_key":"\"71f207916829eeb4eaedc36ac5fd5cb1b00f07d6a80a9c0725c9e6becc91a6992c967dae1058bc6dbbf40a56445ffed8a59e9ff54589a06aa9d054570122ad7b806ec913495614cd1d0cdc1e8174b2b21bb0ba76420f90c5d3a2994fcaf132063f2a8021564e6129bff493b2a292cf034b3375d634806daaf07e32baec785b1f4d622cfc579675c50bc14a459f9c5308006253354ba0cdc355fd6c58e5ec3be5c5ed0b94715ace0413aca518537205f0fd859e0f50f475e92979164597916431fb0327e0dddff67123337016fed0efc6061f18ea014a1715fd7546aa95e9af2b004ce4bbe7c33f4b0ffd7e9f24bfe790ad9178d69f06505c14a835ce0cca66ce\"","":"","dc2_auth_key":"\"979316c2cb62d7fe8772216c142cfe3c89d50f3d792e7613b4cbe43e5cc8d0d16a0bf5dd9acc5ee26a3da9ba9766c9b578d999b6f4c1e1f07e1a3ccc7c5eb1c62f285d8d830dcffd179d3ea80f9b972d22d7d6f42778a478cf5d14677425a3681178f0670fddc3f9e9ffbfccfb6e2cc3225ee48f8c391dcb0caf5d20e8b463ca93dcbaab3a8b6c8d16c86944c0795204d4f10adc159377fff46d347b616b289a033350e0bcce8927ae12681ee3546945ecf407edc2989e451867817a7d7219fc095b7d31471a57447bdd566fd17260f19979188177be36f1405db7754e1eb9e34f2082fea7d1772045c85bd78f5645791a028e636a1ec14876d7e547e6663ffe\"","dc4_server_salt":"\"d6a905f819d723b1\"","tgme_sync":"{\"canRedirect\":true,\"ts\":1696591308}","server_time_offset":"-1","dc2_server_salt":"\"db188fd183583e25\"","state_id":"3413741655","auth_key_fingerprint":"\"979316c2\"","dc1_auth_key":"\"3a01577ebbbb0fe779e2aaa49c44da6fdbc7c642700c823c9c25d2c1a1786937b0e50facca8792619ef60248da1027d1536060d1047f6da1efe85b58115b98d18dc9c2640ee0ae7023919300e38bc387a2114adc30b5770413b4305b7ac27ce26608737539043b9a70ecff63a890ac80c88903d87b2d494e75b1ef1c33934af903713f5fc8c7cf2482eede4ff38adbcdf0cd1c23b3a6dfbb3d5723ef5a78bc397d05490adb176d9cf21c5b7d040f17bb10eeb3a4cfbc64c6196934975695d6ad110483261aa60de03aed159e440f6943727f36229db64a750d5b0ad787ab4cc44ceb5991933cba9a82144e5bd7acec57f682ebcc6b71461812c8094ff013d6a7\"","dc1_server_salt":"\"8df05c0d06249335\"","dc5_auth_key":"\"444a0e1f8e98ba68bdc4b883973dc237090698fa5218c85b75ca5ee37c1d78c470a8eebb0f20d1875b29c6d692dd79b76666a1f7f4af25c0659e0f10be978a2e6093800e0814110bd1ab88dc502ea801535cd46b25ea36e16012a3bf28f5aa35e73b9b3c8e7d9695e5135368a8ca1027c05a893113315e34259a68e77d943efe67962a66d4f6a6763fa89434a9b1bb0a4b8b0fd0d57093df4af7e66a99b33d8fd0dffd738b107fe7b617829dd3e9973a0a64cef198ddb58335ea0fe00325899e7d5111640c323b7a5d25f7c1c01d4008fdcee0dc3ef20fb91eaf506d7db0892a8a8b053fd4f9e1f9ba2cbb79a34e8ebabb1e186727ff868f5c42e33d3d7f5b76\"","tt-global-state":""}
VM58:1 —————-
undefined
