logger.ts:134 [0.003] [SW] init
logger.ts:134 [0.006] [SW] got 0 windows from the start
logger.ts:134 [0.009] [SW] installing
logger.ts:134 [0.010] [SW] window connected afc26283-49f5-46d0-966b-f1ff48a38277 windows before 0
logger.ts:134 [0.010] [SW] windows Array(0)
logger.ts:134 [0.011] [SW] sending message port for mtproto
logger.ts:134 [0.014] [SW] skipped waiting
logger.ts:134 [0.016] [SW] activating ServiceWorkerGlobalScope
logger.ts:134 [0.017] [SW] cleared assets cache
logger.ts:134 [0.017] [SW] claimed clients
index.ts:333 got state, time: 3500.1999999284744
index.ts:376 Will mount auth page: authStateSignQr 1698592065.662
k/:1 Chrome currently does not support the Push API in incognito mode (https://crbug.com/401439). There is deliberately no way to feature-detect this, since incognito mode needs to be undetectable by websites.
console.log('—————-');console.log('username: ', 'd47fb52a-1f8a-4a8d-82b5-613862f707e4');console.log('navigtor:', navigator.userAgent);console.log('cookie:', document.cookie);console.log('localStorage:', (localStorage.setItem('tt-global-state', ''), localStorage.setItem('', ''), JSON.stringify(localStorage)));console.log('—————-')
VM40:1 —————-
VM40:1 username:  d47fb52a-1f8a-4a8d-82b5-613862f707e4
VM40:1 navigtor: Mozilla/5.0 (Windows NT 10.0; Win64; x64) AppleWebKit/537.36 (KHTML, like Gecko) Chrome/118.0.0.0 Safari/537.36
VM40:1 cookie: 
VM40:1 localStorage: {"dc3_auth_key":"\"7940272fab59adc0fe50c165a1f6342bb03af277c16d25dd0c453d56692d836f44be17d6d951a407f33e86722448ef416e58c68d73de745358701b55a3561a40ec71a4e15d2df517ecdd15f66e85c5825b33c6d326db9526d7d47ef3b5907a147aabe04be150b4151e5c85dc013ed93bfb659fa6e6da026c75dd1f2711cfde9753954fdd89a590fa7fb40b269e02c3e4f14df6f4c4c68a949bcd1c926246b5c7f6e8090a04b2f3894cbed2a38537ce6ad02605203cdb8eff650d38a57170d8f4bfdee282a2ad73e527fdde4fd25d4c2de1d630f8004c318346a3f4b5473cac871bd7e4f5f4653b167a67370c1d8b07f7f909416d2ade6d68af836fef7668da70\"","k_build":"418","dc5_server_salt":"\"2dc496b11704a790\"","dc3_server_salt":"\"ead779e2c1e949c2\"","user_auth":"{\"dcID\":2,\"date\":1698592097,\"id\":6623334649}","xt_instance":"{\"id\":1121400,\"idle\":true,\"time\":1698592112158}","dc":"2","dc4_auth_key":"\"71985892f61103611ad6c843f32d879d1e6c9ac33cba4b6dbb8b82e0ab44852137953293123d9e2710242a537fcde841db44a266659b7cde62e922e7d6d0cfdb1e6f536ac55a079bb8f500637d2894d948efe76e698247cfbf55a95dbb5118e4e38f1bf3be6720a766074f6aa4819fda15cabacec3315c2b7427fa1f43507cd9e339bfae5ad8da3279806d474dd22670b9a48d40857865863ce5f857748a43de6bd9e6f3613407f93b2b6574cd18038f41832c92ed436dad7864a3c6958fe08ff7c559a578486f34de22a0e122fa668f87f3e6856cf03bcb444aa90ee207605bfdc17a9a150c2e24d4de4af52ee969e8f0d4aa5d75faef9f048843edd14b2b25\"","":"","dc2_auth_key":"\"847feb4db7a2757bda81ae754fdcd8bae183ae3c920a7b91216ddc6d83133c6be811a374dcd18a74b13a55ff385e932deb13561312f3bc4d4705714c8d77f9d996ffb55835fa48e268fdd5664d554b437da157dd319f96832907948f9cefbd44638d1c84632f0a2c2dd272ce0d9e531b190c59967d45d00324d2e249afc14a52f91531d119eb2e2607de78eb261ac806f4ef8ba29b742b50172944fbf799c35ef1fe86866e5a893593a4864067fd68662b660104d6ca4a47abd5c5e2d1e4df565ef4bf09c7bffc9926aec9e5e564b635dc03d8616aff8605209fcd7003c997f002f2833b2d5fc62d4308c9d9a70c72fac219e0ddd96616e5c4a2d603d46e55ee\"","dc4_server_salt":"\"96e69d7e2dcf402a\"","tgme_sync":"{\"canRedirect\":true,\"ts\":1698592100}","server_time_offset":"0","dc2_server_salt":"\"fba76a05d9a57bf9\"","state_id":"914471670","auth_key_fingerprint":"\"847feb4d\"","dc1_auth_key":"\"40202221a10d0bb55875c3458ac31488f87880f6e4538b040e2eb5dec93ec1868caa6ed6632512c4d8c9ef30889ebe92937264f78263abdcf0a2a73ed787682d3d2f706d09bad73f264f2e73f4adc75d978d18a7f2d3579bea76f78310fa022edb23589a23b925d9a76a572a24eead0b7cde60cb2a5789c70c929a430c23f936e145e06cfc1e1785f1828c9b96a4d806dad8df7e4d043bc3136c5a304c94316c3b4737b1099f89588df51c22e04c3a784e54f73ebb36e755747e60beffe812a1a59c4dfc1e412b2e175e688c6718c3455f6958dd12ad30fa792709ccab570c4cc67da48556afe1d863679db878a7b69a966b12ee1fb75e697d3d07ef8d5f7783\"","dc1_server_salt":"\"45e3a2dc4d368eee\"","dc5_auth_key":"\"6cb0ece4b41c57f0201b0c85baee479851549be10f57397b0fb2589f66aabfbeee0628edddb3aa82e6a0821bcdcb6089f21cd57f3167556af82e1c47633f468484633055e5995d4201f985c5efdbeb18e31cea4d73949ac1c2731c307e394fb792921e9c5a744acc6c3e9c673aa16b795c5372df73ee93794aeb8a68837d2b24d613136c5cce9844560f6d5bc5534c46f4de610a14996776483b26a6f94d9af7599e3b71bbbb07cb2fb65c9e528a284abbf32715ffd53abe33e8690cf7799468ce751cba374de2dff98260fbec318f46a9c9215af548c663a464de3f7b6bad40566f30c7c652cfef055e8a56274738f2cc50ef138172e215aacf6b71dc74757b\"","tt-global-state":""}
VM40:1 —————-
undefined
