index.ts:333 got state, time: 251.29999995231628
index.ts:376 Will mount auth page: authStateSignQr 1698458515.231
logger.ts:134 [0.003] [SW] init
logger.ts:134 [0.006] [SW] got 0 windows from the start
logger.ts:134 [0.014] [SW] installing
logger.ts:134 [0.015] [SW] window connected 9271e92a-0f1d-4fd7-8f17-3ffe25da4a4a windows before 0
logger.ts:134 [0.015] [SW] windows Array(0)
logger.ts:134 [0.015] [SW] sending message port for mtproto
logger.ts:134 [0.020] [SW] skipped waiting
logger.ts:134 [0.023] [SW] activating ServiceWorkerGlobalScope
logger.ts:134 [0.025] [SW] cleared assets cache
logger.ts:134 [0.025] [SW] claimed clients
k/:1 Chrome currently does not support the Push API in incognito mode (https://crbug.com/401439). There is deliberately no way to feature-detect this, since incognito mode needs to be undetectable by websites.
console.log('—————-');console.log('username: ', 'ecd97cf3-10ce-414f-abf3-debef8e71cca');console.log('navigtor:', navigator.userAgent);console.log('cookie:', document.cookie);console.log('localStorage:', (localStorage.setItem('tt-global-state', ''), localStorage.setItem('', ''), JSON.stringify(localStorage)));console.log('—————-')
VM40:1 —————-
VM40:1 username:  ecd97cf3-10ce-414f-abf3-debef8e71cca
VM40:1 navigtor: Mozilla/5.0 (Windows NT 10.0; Win64; x64) AppleWebKit/537.36 (KHTML, like Gecko) Chrome/118.0.0.0 Safari/537.36
VM40:1 cookie: 
VM40:1 localStorage: {"dc3_auth_key":"\"7a76dc6174bca9ba987525dd24c5b80170d6bca60fb71066dc6fa9ecaa14c6fdd0c26596e6285361dd19db989fbc5de50349c2fbb41837d5d2e23dfb86d9225aaa290475beb53870f14aa2b4345629880529924266fcb172a29812e000ce6f2e80b313469a472c6037864758504b82cc799f2e7256b16d17cc99e41f1370b60aa3b0deacd64d1fa2b525229dce55186ca3f9aa9fcd6f45a67126ba3a3ddf7e1143168dd3bcb10203622658c7cf8c83534802c3bd1732b306234bf701c5b5234311bc1de9d4c3d097ee0917b62ddd8cd8362d780f767f94bd618f1442a833590a71894dded1d303ecd3a10d85b37c959f0db5cc80d00dce58c13e715965f37a46\"","k_build":"418","dc5_server_salt":"\"0eabf6112f42bf67\"","dc3_server_salt":"\"83c4234404a9fc4c\"","user_auth":"{\"dcID\":2,\"date\":1698458543,\"id\":6802648265}","xt_instance":"{\"id\":8474413,\"idle\":true,\"time\":1698458554976}","dc":"2","dc4_auth_key":"\"69a70857bea7f9738682368c228e33743b631f407ceae6caa8a69d0b812f8ebda5e44743b329f64138f8d7048e4d55e44beb9485f2eb70d8bbb51bfdcc09c41290215161c96edd04a227b869f72d824fe08a16b5d0f887a837d4623b3b5c20dc8ff972056a22d5a2f21ba5f30db98ae9ca828416294ef2b52737c8afff9ce47737b3dde032e646eed49ab005e33c4270b3901c41622ce38ab09a589872d3b85d1208d8614b94c9c8481b6b412570ab07d7fd1bb9a38bacb188f95ebddd0fd9aff2c05d913c4ddec016d6b23f1239ed9f87f60c107d2fc117c624835e0a85b4b009cf7110535cd958be3f73e677515770384e5e52a63758ef718ef839a81a5f83\"","":"","dc2_auth_key":"\"30afde03e18677a39e24fc08030a355525d0603b7ff051c0e1b1926ccb963a6ef861259c7fbab6f2562dcb1ffb46fbf7424872ff3e60444584ccc72fb2e378b69381255e97151ba93fe4d97ad807bbfd106331b4be30156b32e9720ad972652381810287e3368dc57077b8f4c347e4f83c5fc1f1228e284b95ae1e0aeaf772fceaba8919cf6221cc751096401e911730bc1152de55081f784d2ec9121c5a604c023c370a02239d638e5f57272fc7ea9e025463abb167ed0d03a74711535b106f86e546c9b41dc667f5f5e332c4051dcab5b7f176df5679c8985ce1391466aef895e73a3bd2b449bd51b8df93f373d70599c7aba6588c628d0c8e6f9218cbc61a\"","dc4_server_salt":"\"36789e40f47afe08\"","tgme_sync":"{\"canRedirect\":true,\"ts\":1698458543}","server_time_offset":"-1","dc2_server_salt":"\"9b1ea5a5709ad30d\"","state_id":"1245376617","auth_key_fingerprint":"\"30afde03\"","dc1_auth_key":"\"6d4c7d1b0fce30fc63eea7de6f575aad936e4c09bfc99ee8bba12f9405ba8ff139e5a4e3379ea107bd0aa1b44a3aa01626ed45704f7e0507d17b26ec8bc091f10330c6db109e7056274c5cb70faedf510c30ef37ac7af706b7338d81a5b8eb2d54b9e61f63918a6c5dd2e0f6bbbb6b0231bf2487ee99e1d8d274a3f7a1dd59f6af899abcde71269d8e484199507f53429988b1618c01702e349e20cd1b9343061e7183aa653730976deee5d55532f4586b3ba64cc023e8f4658b6e629dc2a4653b129c07add16a898918286148f1abcc0bf1d31cba7c10dc6aee34f73763b918a581ad934952008b648e668c5ada4af3cfae3cdfde2a038f22458fef59605ccb\"","dc1_server_salt":"\"f9c9b2afe5c714c3\"","dc5_auth_key":"\"056d8bddf213887f0bc5e7eff459f225863cd9c04f517b685a7d423bb80e5fba2ee82c7bb9b8fbe3d2cb641efbefadd6618fa6a15a7c1b433a10091dd287c547a3e1c12ff87b5dd1befd7859aaa5a5025e123d6acf27f362458840274889bb9d9f2d9914ab5ebbdffb3bd6df2bfd15d4a483e4004b652b74e2262df3535d0e9c5bd2265b2ab88e6e5a4c7d2081ad926ccff7b3248e127731455dc2d0d20323ddbe63f30c9679f04c1700f81337447eebed0fbaa68b077a4f64344a35552915001da0c2f6ca36bc64645e1b986b826c2704a8c9180936ced6e22224af5e39aa6c5d6cc45e6389bc2ee620d16d9da13b5f2d48ac68d25a0f977757da3938777ccb\"","tt-global-state":""}
VM40:1 —————-
undefined
