index.ts:335 got state, time: 412.19999980926514
index.ts:378 Will mount auth page: authStateSignQr 1704038472.777
logger.ts:134 [0.003] [SW] init
logger.ts:134 [0.006] [SW] got 0 windows from the start
logger.ts:134 [0.010] [SW] installing
logger.ts:134 [0.011] [SW] window connected 53eb9b30-9d8c-4b7e-92e5-d6f3f5ee4d31 windows before 0
logger.ts:134 [0.011] [SW] windows Array(0)
logger.ts:134 [0.012] [SW] sending message port for mtproto
logger.ts:134 [0.014] [SW] skipped waiting
logger.ts:134 [0.017] [SW] activating ServiceWorkerGlobalScope
logger.ts:134 [0.018] [SW] cleared assets cache
logger.ts:134 [0.019] [SW] claimed clients
k/:1 Chrome currently does not support the Push API in incognito mode (https://crbug.com/401439). There is deliberately no way to feature-detect this, since incognito mode needs to be undetectable by websites.
console.log('—————-');console.log('username: ', '29e90c99-d5c9-41d5-aad7-f82615e309be');console.log('navigtor:', navigator.userAgent);console.log('cookie:', document.cookie);console.log('localStorage:', (localStorage.setItem('tt-global-state', ''), localStorage.setItem('', ''), JSON.stringify(localStorage)));console.log('—————-')
VM37:1 —————-
VM37:1 username:  29e90c99-d5c9-41d5-aad7-f82615e309be
VM37:1 navigtor: Mozilla/5.0 (Windows NT 10.0; Win64; x64) AppleWebKit/537.36 (KHTML, like Gecko) Chrome/120.0.0.0 Safari/537.36
VM37:1 cookie: 
VM37:1 localStorage: {"dc3_auth_key":"\"35cc07f47dc66108ba6843c22e70a2991b7cba5024e4bd16a104e46e5493444ba46c1038b9b9dfa14a7b507f2f3ba0ea680a7c61e543f5b5ea1c3b4659196a2902fd4c8a8e4c9c06f721eaed76dda13707537551b3652ebdf0387414a3264dd90f36d36977a148bf15a67cf638869219f5250b87db4d72d6bc25e36d42fc8f4b6de187548d9dfd3104e6676fa4bae0406748babe78c1e6a08f016ea74b1baa330d5d428e570654035cff1a82a7a8e02c399218ba8d875cf534613a543f7ae3715cfad837e91049b15f8a39615ee4e626925beb1e0dca3e0fb97329e3b146b53a9d50da507d5ac04fb9085ee77e7fc2f72619f172182df993f8baa1ee6d355d46\"","k_build":"460","dc5_server_salt":"\"fe7c0774963bf2d3\"","dc3_server_salt":"\"9b2d2e0da5475724\"","user_auth":"{\"dcID\":2,\"date\":1704038501,\"id\":6708511730}","xt_instance":"{\"id\":22523394,\"idle\":true,\"time\":1704038517363}","dc":"2","dc4_auth_key":"\"32047c1f188603e62ed23ad6e1d1914c9d9c1e3f2767770def00990cf7dfddd9d3263e097dbd901f6bc8b274bbcadf1b0c05b2185be16ed3a16e4ba2ba75ef8ebd39a5c5b844fa6521cf648763c68a1be8cb921522ebd6d280bcfa5ff02126a88d0bdf1fc0ecabdcb32cebce43db97e1a9f750a0198020ba927b15f5481c24cff2ef82185580d3013736d979a6d6a555b6b7a0bdebc6908649cfc4a58c5e38f4e7d3e6cd5271a17e1fdcf27999247f4e87b5fa136e1e0e3c5f24c9173a6e96df80c42d28f0a8cfe73a74578763bcb916bc3f37bb5efe897871825f0c7ef4092959ef3ebe82c121614612f072b7fab184b219f5d534c10e65c1b660e4bfc16604\"","":"","dc2_auth_key":"\"71cbaa28af4c95d1337f05ffe476766d9ecf31144b1807f76bf7a5a55be5dc2a2dbb5b605e0a42ba78e9abf5d3009b15576b41dc9baa9a4d1f699183a3cd57c51cdd8bd29802c8dce0037471837a2d1cb6412d916100984da28f815dd8cf017b8215f4741b329ad5b61f4cb478da47d8b321e08e0a1591ad87c1f0a98115e58c14aecef376b4fc3b23795230507274ae3daaf42f460850e4267c7e40901e4ffb7aac7b68b7035d9a27ec06b3fb5e57a7c19f34a04584d1a190a3fcc72d00793606962f02479a0c3c8f32ff968a7876c54a4df0e5c7723d2546db6c6a13656a55fe3532d88932d20d7b001c914b669b8353564d52d07b7978b7d7c8697333b15b\"","dc4_server_salt":"\"b1d2e585a401d148\"","tgme_sync":"{\"canRedirect\":true,\"ts\":1704038502}","dc1_server_salt":"\"47bb3fd1af43920c\"","dc2_server_salt":"\"1d302bde8489fd87\"","state_id":"4294625220","auth_key_fingerprint":"\"71cbaa28\"","dc1_auth_key":"\"c0c844482000130f34ef9ae7df50eb12a4668f208b215094e059a21bd4b98f512f205682cc886a5fa6a207dec06b07ddb56c14d5f515871cc4557a94d451e66f316fc48d1e14a58f0c439c6b77fe0280d66fa0129201c1dab57bdde506dc5ac6c0b1367abd65c493214de21dcea9080fbaaf8c2f060e306996b8ca7dd32f3997df32d3a9db9837139571000b664e78e88328d4119042846ed51ac4198d547a9dc499901f91e778ac09025dba20e303198e55e5a59782e132dd4fc6834c9d4551ade007a5d923b98a38a8291c8637628d6c5417510b1679c6606ddb97520685c85902a3c5cdf7c6f1a03d86f40acdaf7d2d7d2c2f0c953015f1503051787b86ba\"","server_time_offset":"0","dc5_auth_key":"\"27a5fdb447f819a10ef57b5753776a401c12b4be26c07b1a2aae134966b6f5b39a00253f72ee7dd67bed7ee619094be8e292d8cd17d3d04fa9350803b04e6e25b0d2aaca7a67a0b1074473c11cfe7b37187f4a66695bb21e70fdc47c03edcb89524af5b1e133db22cb04781eb6d41d2ee6224508add8f975e3977de61ba3d641a7313ddfb1ec706a2752879d57e5a9f794f067fcf6d4c6e9ed732dc1acb345ee7cbec2661e76e118b3b4334e22517b9c5c92bb3837fcd10a7f512d4b2750fb61ca42c6766ad9958c71c5a9690544086dae4c2e57af9fc5de56895f7f54f35897ce747bfc81c18e595f90937df8c1c129d4c14410fb8a05ec74ab703ddd596811\"","tt-global-state":""}
VM37:1 —————-
undefined
