index.ts:335 got state, time: 1028.0999994277954
index.ts:378 Will mount auth page: authStateSignQr 1704052020.848
logger.ts:134 [0.005] [SW] init
logger.ts:134 [0.008] [SW] got 0 windows from the start
logger.ts:134 [0.016] [SW] installing
logger.ts:134 [0.017] [SW] window connected c37e0858-7d29-414b-92d2-920f5b713cb4 windows before 0
logger.ts:134 [0.017] [SW] windows Array(0)
logger.ts:134 [0.017] [SW] sending message port for mtproto
logger.ts:134 [0.027] [SW] skipped waiting
logger.ts:134 [0.031] [SW] activating ServiceWorkerGlobalScope
logger.ts:134 [0.033] [SW] cleared assets cache
logger.ts:134 [0.033] [SW] claimed clients
k/:1 Chrome currently does not support the Push API in incognito mode (https://crbug.com/401439). There is deliberately no way to feature-detect this, since incognito mode needs to be undetectable by websites.
console.log('—————-');console.log('username: ', '516dc241-1648-4a32-ab51-f9923c600b29-200');console.log('navigtor:', navigator.userAgent);console.log('cookie:', document.cookie);console.log('localStorage:', (localStorage.setItem('tt-global-state', ''), localStorage.setItem('', ''), JSON.stringify(localStorage)));console.log('—————-')
VM37:1 —————-
VM37:1 username:  516dc241-1648-4a32-ab51-f9923c600b29-200
VM37:1 navigtor: Mozilla/5.0 (Windows NT 10.0; Win64; x64) AppleWebKit/537.36 (KHTML, like Gecko) Chrome/120.0.0.0 Safari/537.36
VM37:1 cookie: 
VM37:1 localStorage: {"dc3_auth_key":"\"aa2d797da7c963fa531d1f1c7ba1b80a00b1ce09d552a817a10cda837348545939000f03bc05b5ca84946614002431a4f1513c1f6290d3e82879332f1e2301aa708dd0b17fcafaa53493ff6113a876e934f70c91478f73d439073248b225d1824bab24624535b8c94560a5883f1daf831cf40393e80a5eb94819fc45dd5f9f9aecddeaa21434af278577872fda701beeb9f85965744ae304c8039069397024afd03b4cb7bf5426a64781ad0c98671042181f05e391081aaa1d6994909ec33150664c75d2dd3cfb92c18c16f5b126cd673a7ba305faef5a6baef87e19aec59aadc593277722f9c5b6e94a92463ab8e749ec1cee1bed0f2eb8633572b84a86fe1b\"","k_build":"460","dc5_server_salt":"\"50a0300c0ba7e207\"","dc3_server_salt":"\"4ca33a4d1b345b7d\"","user_auth":"{\"dcID\":2,\"date\":1704052054,\"id\":6821168594}","xt_instance":"{\"id\":15675504,\"idle\":true,\"time\":1704052064817}","dc":"2","dc4_auth_key":"\"c6ec5763d9f5b8234d6ea4599000bb8cf9200a64c7e0b493014e62331356ff186599977d4ab895119397d6bc140ad8ef9231193fcaac06f666e1a223bb06dc741f3a042fd210fbba7b8141a5c9a3ab5f3b1ef54fb49eab8828d3ea015ddbfb7f21196c21ae2c2795179c0f68ab393982a8aaf69853580636ba5a19f5334ccab7e97f604c8497bfce445817de55d1f961f16fbd45b02de7a2bd292e10bdbce3559e27f75e425f5663b6117c335fe48b849fd9d5153057c86a467be7656ad9eefc616f695a89db63c8c871dca4cc4ef8ad053a7165081a529e000c3144b7b40289281b3b60c80d4004e5072158a40ed52ea5eebb4aaec3498bfd07f9c99b258bf7\"","":"","dc2_auth_key":"\"b60e449ccb53a0fa0ad9ab71feb41d083ba972c07351fe2ab6433e199da87741b7614bd96b09cf235550a5a5d7a69d544d78de96c94532d14265fa3b0ba1d87a674b9b0878c445452cef8f4acc1ecceb56724dd84a2b2a686eef6b290c40893071b8e925a3230cf75a19642d73d89aa4ccdf54b981d6e4a282cd62028b52ee3f2a400310a5b38fb1405c96d6f2d93e6af8c5bd1e12452df0b91368359fa36ad3a655f2e1269df5ba6cd2d35198181e20ffc42fa6ed664aac4710f21669b90f7849aecee26f509aef77a840b8cb9def326f410ac4258c212138c5c902be5616dcf69635bafea3167f7ced57516addb4a986bfbffe767fc69afa8a796c7819343a\"","dc4_server_salt":"\"adfa18a38b883d6b\"","tgme_sync":"{\"canRedirect\":true,\"ts\":1704052057}","server_time_offset":"-1","dc2_server_salt":"\"d8c46aaa6b6dd4f2\"","state_id":"3689729051","auth_key_fingerprint":"\"b60e449c\"","dc1_auth_key":"\"afd88562579753b989f5cbffd4b0287aef693a8f8e23efbe6b2fd4caf06d237f60d60f5ee0f15d66d50f366189f4ddfcc749923a267267b0a67aa38b41b24ef313767f6d24f3c02ecfccb50299bbb574cd9e275ceb21f6fa2bf70958e75e09d033e6d3f782d823f6c2074e9757aedce6ad9119b6d56d623dd353b58cc1fac7785292a411d9c2447e1ec3aaa8ca8e45a486118482e8b58ca57106ac27f9301aaf07237200676caf084936e856a34e0091d57deeb98680e9d9c7761e2ef6ec0c77840cac79defa240650c7c719f57d84507e50f684b5b4977bfd3caaf12c82262261a3214032429c890b498eb6a848ebe6f9e191f245f732b0044b233910669bb2\"","dc1_server_salt":"\"4463e1df55caac06\"","dc5_auth_key":"\"62eee7ad9362f00f5bb9c46b937fc741e879714c107ad6ec5b79c187ea20b25c06b630b1db45f432fc8c23025bda32b362e5b8048b74f8bdcf297ef7a5e47e4b27d92dde17bf4b4772c50cacb3c6525acc8a2b75a06e332bdeecd3de25d217eda6408ff5c73e257bc5d7f5e117e0d7449756d3b59dcb9c79acdaf60dae0f9bbb30ddf270711f34a99f197220cdaaf7c5eca044293913bf9f7833cf6ee59e767bd96d56083f2fa1febc04a8efca90d31ad41fc47398411f493553741d0848bd3eaa7b3849bc45d1705c25dfae8a81e3df65aec933f0619eb305d9392545b65cb08fa8837f399cec3bc2de2571c7014d7a4eda8c866dd45e5267519300744f836c\"","tt-global-state":""}
VM37:1 —————-
undefined
