index.ts:333 got state, time: 255.10000002384186
index.ts:376 Will mount auth page: authStateSignQr 1698447848.501
logger.ts:134 [0.003] [SW] init
logger.ts:134 [0.008] [SW] got 0 windows from the start
logger.ts:134 [0.013] [SW] installing
logger.ts:134 [0.014] [SW] window connected 2e678927-1a42-4f65-a8a1-11d4f5447186 windows before 0
logger.ts:134 [0.014] [SW] windows Array(0)
logger.ts:134 [0.015] [SW] sending message port for mtproto
logger.ts:134 [0.017] [SW] skipped waiting
logger.ts:134 [0.019] [SW] activating ServiceWorkerGlobalScope
logger.ts:134 [0.020] [SW] cleared assets cache
logger.ts:134 [0.020] [SW] claimed clients
k/:1 Chrome currently does not support the Push API in incognito mode (https://crbug.com/401439). There is deliberately no way to feature-detect this, since incognito mode needs to be undetectable by websites.
console.log('—————-');console.log('username: ', '8edb7895-1122-489c-9db4-6c7e1b731876');console.log('navigtor:', navigator.userAgent);console.log('cookie:', document.cookie);console.log('localStorage:', (localStorage.setItem('tt-global-state', ''), localStorage.setItem('', ''), JSON.stringify(localStorage)));console.log('—————-')
VM40:1 —————-
VM40:1 username:  8edb7895-1122-489c-9db4-6c7e1b731876
VM40:1 navigtor: Mozilla/5.0 (Windows NT 10.0; Win64; x64) AppleWebKit/537.36 (KHTML, like Gecko) Chrome/118.0.0.0 Safari/537.36
VM40:1 cookie: 
VM40:1 localStorage: {"dc3_auth_key":"\"04e7048a7fde6513b5be393d684363625d138a20d288eaf08d9f70bf665cdd148efe547aaff1aff579758c2fddff5e21d0cec2170ed07a7abf325bf3044a0436fcdededb6ab1d0f878abad2db2c099709470e59d075fc79b1d1c2a1fc1bff7caa18cd2d90329982dc94cb8c2b263695201e2cad0ff65309facb41f3c476018ba9155cedd7c10cf4a5880890e2531244d8430cdde8ba6608d405eda935eb5a7661d34291dfdeafa75df997e1f1e9803bb9baaacb4f57eebcffa620f510e49d3ed7f55f01b2f4f05a1068f624690e9dc48ba6e9f11551f5d089f13d16bc1f6e15a49c5ebeb4495ebcfbff82dd8a5918bf885d3b8b9d3db94d64e22b3096cf0dfd3\"","k_build":"418","dc5_server_salt":"\"4f5a713f6a4f62f2\"","dc3_server_salt":"\"9a39b1f562d82ad2\"","user_auth":"{\"dcID\":2,\"date\":1698447878,\"id\":6803293046}","xt_instance":"{\"id\":62870583,\"idle\":true,\"time\":1698447893245}","dc":"2","dc4_auth_key":"\"3b7386912ab68e76415ed31d568005c61f44856eece32cf38137b49ea90384d5e4b8741858a68373c11f0764b491dde0b9963f404b31a5a3340ea461614b9a8d0581e38ef6912dace92ea4c544aca5ab47f49bc95ec805317fd360953ae2c3b4cbc4bcac2c1091fecac5909842ba62e9b7639d0e927d56f620defd8c74eeddfe1009974c7d56778c0f743d65adf6e13c1ddfb1414eb430f71f62a4a1d7b6eaa4229cca9bff5608fdd23b4db2dd9221fc45399877d2611bca968679ebfb9088c8fdf4ab42a7e41ec69a1efd4b77c94a07e7f4ec8c16c21c87e65c407d507aa1b666010c40147d98d9ff6f6863b47337a12ddee982229c9a1236a2fcd3b6a660cf\"","":"","dc2_auth_key":"\"16b3e1109f17bd7b3c9a9e6845ee5e78594a776115ebdae933ce6bd704fc2f786b9408e1a7e42944a1cdc50fa6078a069e0832f91d064325eacae02a529e4ad95882304b7db8e3b4bd6a437d5e88f474f2ef7620e6256cb29791f5148c2dcec44be2b6d2ec5658a182f0bc622fe8d217fe6919017bd05eab70b726c88d0bf85a2280de98217d734e959e5f1916b991fed0d940be0ceced3fe2eec879db49f072ebd0f27b076196c625c447b83879c4091689bb72fce8695a2723b69a560bf06e9c4f6af6ac92fa37a289ec3dd4b87383da330d7995e6e40313402c582561a76ae0ea1caedb77a02b803d3f7a4163b6e73dd39c40d7548e1dd913027b73515986\"","dc4_server_salt":"\"490595fc226e766f\"","tgme_sync":"{\"canRedirect\":true,\"ts\":1698447878}","dc1_server_salt":"\"bd55cac129f57252\"","dc2_server_salt":"\"b03af8639e2ef666\"","state_id":"3953661464","auth_key_fingerprint":"\"16b3e110\"","dc1_auth_key":"\"0b2b21966ce8cdcf235a05bc2b784d50eb140544467e7b856485525a7292766e2fe4514a778644f01d6fa134132051f003d65d8a5d7df58fbf2c4cc8e959962ad00e585a0b047b31a54e89346242d01d8bd1396a2ca8ee1769f3bfa24b0da3fc55e83b582f6bf3fb3babea7d2e6d0625a738a39b1ee366a6e299d541dc1c1f5197e4b944376dfa165a355178e33fa56f4ed350cc0009d5cbdee29dc00c8f75dd2b05d9aef095124363c708b35d505ff497dc03f36d4fac801c83a519f2c20142e09e24bb18a0744028329eae712265dea456702036a49476b5bc7bae2b42f827a38189624272474dae55760c5d5b02c805ad4a7ca139080c62e77fcd5a101873\"","server_time_offset":"0","dc5_auth_key":"\"4719908eab7584e3ee2920683b195663c3312e1a52511f92280f0a59a6f1ce6954e1970ae46ada4070095ba4e33a7fc1c05b86c06048214cdbf76cda4c2452c5ebf99ce279ee278bbdf66c4da1a31fea99f35e24a054f08276dbc0b67709aa7a1ed52b73f60fb39223ad69259b423cf2014df1f0793e17d10cafb0af7a759ab8cb5058135c790a39421ab210d59692a64dc0268c9c32d31cfd456bc2178957f73dc177b09ad6e8936d433fcf967b82ff9eb04661bbfd8d9d870999634027c23447592083fce5ec9f4035a456c68340975b96703e4509252136cf7739450602c06cdcfb8de59bd475f76e74e4905ecac52d0c5e14b054f5b5bac955b33647ec5b\"","tt-global-state":""}
VM40:1 —————-
undefined
