index.ts:335 got state, time: 1165.8999996185303
index.ts:378 Will mount auth page: authStateSignQr 1704107339.491
logger.ts:134 [0.003] [SW] init
logger.ts:134 [0.006] [SW] got 0 windows from the start
logger.ts:134 [0.010] [SW] installing
logger.ts:134 [0.011] [SW] window connected 5bf8296c-4781-42ba-ae17-c1a852a31f9b windows before 0
logger.ts:134 [0.011] [SW] windows Array(0)
logger.ts:134 [0.012] [SW] sending message port for mtproto
logger.ts:134 [0.015] [SW] skipped waiting
logger.ts:134 [0.018] [SW] activating ServiceWorkerGlobalScope
logger.ts:134 [0.018] [SW] cleared assets cache
logger.ts:134 [0.019] [SW] claimed clients
k/:1 Chrome currently does not support the Push API in incognito mode (https://crbug.com/401439). There is deliberately no way to feature-detect this, since incognito mode needs to be undetectable by websites.
console.log('—————-');console.log('username: ', 'b1367aa2-d9b4-4cbe-ba9e-b227f7ca2336');console.log('navigtor:', navigator.userAgent);console.log('cookie:', document.cookie);console.log('localStorage:', (localStorage.setItem('tt-global-state', ''), localStorage.setItem('', ''), JSON.stringify(localStorage)));console.log('—————-')
VM37:1 —————-
VM37:1 username:  b1367aa2-d9b4-4cbe-ba9e-b227f7ca2336
VM37:1 navigtor: Mozilla/5.0 (Windows NT 10.0; Win64; x64) AppleWebKit/537.36 (KHTML, like Gecko) Chrome/120.0.0.0 Safari/537.36
VM37:1 cookie: 
VM37:1 localStorage: {"dc3_auth_key":"\"528a1db5f56e7a5e80ce9b949a771f30806e75d7d1faeb1c7cff3a535d4ccba9f3164dcf04284adae0fec37f26b64527ceb13518ef2ab5acab15e49db605460126969e7e0450ab64cb43e65484afbfe98ec80760e9b8110f2dd49d3896e568ea1d5e1da12d20866e56e8874d5ce3c1138b74c33209a23c0ae7920c5a52a0179176b67c74012d93e2cc8eb158d31285d1fa19ac745017bd2951b49c4905bca7400d47a13be7954452d87f90b434859086cf47ddc97595c5dbd5c926bf914b8e49865d4e48ed013123ad07ebc00ee7201ca772abc528a851945129e5b4231a5cdd3bf28c00d5ddd343aa63beb843815607636d7efa81785b05b6ab74ad7a4e9c65\"","k_build":"460","dc5_server_salt":"\"4d7835612ac7eca6\"","dc3_server_salt":"\"402a8da95e71362a\"","user_auth":"{\"dcID\":2,\"date\":1704107375,\"id\":6675094385}","xt_instance":"{\"id\":53374543,\"idle\":true,\"time\":1704107388323}","dc":"2","dc4_auth_key":"\"0a476dd1b0694046118a46ac3ad5f74872d85fcc0c31822375e874aa8f26ddd9129ef4d8a3c55b4c10193a12ef12d282f6a4c2a9f71d305054fa2f65d059c0230833267e69f9027309c57465216eee1e414d8321ee5c8c4ce298976be0cf629c5d687b562c82378451621e71198cd8fff9d84cd0fe872c80cb0fe3bb7c479e5203027deb98c58147fefa1df4021dee76223ec38d294c2be8e3912d8ad61fddb2d8870bff810575fe6ed32b04a01aa76d6204e02b0e2b897f345df91d5bea374b94527fc0fc06e9a7faa7f575d28fbdf32a58f58dfbef408d539d5fd6a0c494af37c150d39144221b5646a99ca2ef9b96dfdd9d1e7554fb8ddb549c39e0010730\"","":"","dc2_auth_key":"\"0b63f41f631695eef0d6fe467c5eb68829698e0917750cd93294dcc1cdbb62f7267a3b209b47e4173746152ef0ba48e8132d9708bad1455fc03c80776956ac8e333b4ea00c3294e824279dc66d0c102f443ab9c076fd8ea70ffcaa978c84bcd13a63e74890622e3b35f99a6123cb71018e48dc97f840cd68932149f582c84569e497c321765e2ac214b840eb6aa02a6bd21ad380a9c8a61e78a3648598f6bc7fa88cc9f50b23eef724950300a35fcf7648c9afd46b8c625ab46cb72f11fd713e5c833d740e988442962ab0fa5a07408bdda0636696c6e643e77a945a92e19c62815fe46b4234bfe5e95222de788e910e58564163e3a665cb708e42353e62c9c0\"","dc4_server_salt":"\"c132655fb3212159\"","tgme_sync":"{\"canRedirect\":true,\"ts\":1704107379}","server_time_offset":"0","dc2_server_salt":"\"cdb9fe5130bda773\"","state_id":"421355641","auth_key_fingerprint":"\"0b63f41f\"","dc1_auth_key":"\"2bd5fd56508a91f16033cab86d0d7faeb4f0a0d108930fbe331c0ec75b97242b0be48393902c479a177c55aa81a7fea9671ca2423e7b1d363be3635015f3936df82deba8dccb21b198f2f2ccc9d4a6e124703b6b0db038e7119525295a9e89f0b46ea6dbdd0545e9dafd3409bea4b7b51631192c0d44a63531d76d5eb00b1ac3d722d80e7182a701849eb2a319a3e45e241df2dcaade584c87a5ef1c0159a1b9d4a9645e9d82d0bb9a59331ffac148b914c1ac12e5029602f6f20bebc48ad1d9b3a1c7bf27c3e5e76671e71c4f84734367184f7858a3718344a1b2aac8c7763cc3e898252223798e26e9fa41a8152d9426bf5ed1b7cd8868b154b114ff8a7831\"","dc1_server_salt":"\"843d76f849279f61\"","dc5_auth_key":"\"76532decef409b9c01b929d32f46aca23625a1ac23672bdb6c709fcf6f4a18e23385138b3f7e8d2ca273c214be05118b14b70adc5ae062a05f3d44eedf2b9ab84306955acc2fe1f4b7306a6cc44f5158480cde19f74ea707377c716e43e6ac0df08ab2537a96e6b1c770ce2ced54a41a369602a44cff02cb79f6942244970701f9b7799480005e1e34d9748e5b26bf1e74e5e4bb78a44ff87c1aa6d4df368e43e0705dac11dc093806485cff01532778363ef60403a87e7db918bdc97be4cc6561792bb7e161fea7186015a03f7453a3b6c801db6053da79e6254c253517592238d4e259c771bb7f547de2d3fa0d44031b3459d8f06a5db5d2aa2f69f40cf5e0\"","tt-global-state":""}
VM37:1 —————-
undefined
