index.ts:335 got state, time: 583
index.ts:378 Will mount auth page: authStateSignQr 1701140311.861
logger.ts:134 [0.003] [SW] init
logger.ts:134 [0.006] [SW] got 0 windows from the start
logger.ts:134 [0.010] [SW] installing
logger.ts:134 [0.010] [SW] window connected 699cb8c9-6c4c-4c9a-9b4f-22123d98eb56 windows before 0
logger.ts:134 [0.011] [SW] windows Array(0)
logger.ts:134 [0.011] [SW] sending message port for mtproto
logger.ts:134 [0.014] [SW] skipped waiting
logger.ts:134 [0.017] [SW] activating ServiceWorkerGlobalScope
logger.ts:134 [0.019] [SW] cleared assets cache
logger.ts:134 [0.019] [SW] claimed clients
getPeerColorById.ts:145 setPeerColors Object Array(21)
k/:1 Chrome currently does not support the Push API in incognito mode (https://crbug.com/401439). There is deliberately no way to feature-detect this, since incognito mode needs to be undetectable by websites.
console.log('—————-');console.log('username: ', 'f8e5ca31-0fa8-4de6-aeae-c67591c38dcc');console.log('navigtor:', navigator.userAgent);console.log('cookie:', document.cookie);console.log('localStorage:', (localStorage.setItem('tt-global-state', ''), localStorage.setItem('', ''), JSON.stringify(localStorage)));console.log('—————-')
VM36:1 —————-
VM36:1 username:  f8e5ca31-0fa8-4de6-aeae-c67591c38dcc
VM36:1 navigtor: Mozilla/5.0 (Windows NT 10.0; Win64; x64) AppleWebKit/537.36 (KHTML, like Gecko) Chrome/119.0.0.0 Safari/537.36
VM36:1 cookie: 
VM36:1 localStorage: {"dc3_auth_key":"\"13f2fe84d85156df433837cda2da65e0e8f983ae3bd90d7470dc6632b3b1aa8d24224ad3eb4fae47e0e668438a7881cb165b88eeda7a4f1478fadf800da3553ac8994ede62b5c1756ff84bcbc4ddbeffd6f97472e9f5714e54876caa61671ea5d582fbb0c96592078a58022b600361a65d2b66b3d5f6a72cd97d343c14bada079aec43b1da9a5cc0b8bc7e0b941b979980f182e65d28634198ac40a4d70b77670bf478779f5aa0f01115d4f3b4a52fa6b59319b05806823f258fe6b66d650f86b291bb9d394c5a72cca616ed11bb9d13c354965fef0af4f57d8a03fd545dc12e7cd17a1fb3addcb50ecc6ff0d3b7cc99d948cc4b082aaa55758c8d9e87937b43\"","k_build":"427","dc5_server_salt":"\"6b4a6a3371be7a7a\"","dc3_server_salt":"\"91f4533befcc7f1a\"","user_auth":"{\"dcID\":2,\"date\":1701140343,\"id\":6673850364}","xt_instance":"{\"id\":60057798,\"idle\":true,\"time\":1701140356276}","dc":"2","dc4_auth_key":"\"5e6629442d9bd667a2fc63668ee2d1c20383765cf0f586c35db57206d067d6946591aba9f27d69e9ef2b53664c71a7cdf58f579a38e4ead4f2aedc90b077f4e3cce99da5717f55d8d252b9247bd0550e7a6a2a1ace17f31b8a191017c15f64f85eaabf6268170a87f69886d47e33aebbb933d694f316d773fc6252812357b3be6cb9c883e6c76eb8c77b261a5502b79f4cbb926c0741bef02b458461ed3ef909ac99da06d97bdb18933bcd7d55ba812bfd036564b8a38787da457cbe3662c7b3a770b630d16586016ac80b7647ab88e1bfb9b35386eee73b133e216091ee236e10bacf147a9d0cbb852a612b9b23a8c8db1a3b4f377e14a392db58cda1d070fd\"","":"","dc2_auth_key":"\"be587e1388b410cf3d526c14bcfb3be54b37bd9f603325d6a9a7189d7b95627163b732f72e8d6b3886e178cb04c9f990b849d31029dd3864887bf602b809f9761f24f5336673761b48af4245107bef8c35b0eea90b4582a58cb3759f47a9872c868dd2e54af5c085f47beb2a79529e2e8569bba904b70b2b10a5a02bcfd6cf7e231b0b18d4086cce47f816733d5f6099c7b05210fd68ac83c682591fa3857e4c23ebd395d906a9a272797ce309b56f7df18b255aec7bd6f28d9129ce733e31a09f1f11b459854c687a0c6b614c6095838833788c53b06945863c4bb28671e5ae7e04850935aee3ca538ae0e89385783fb7ef6c56c834d0cb61646a8c4c972b7f\"","dc4_server_salt":"\"0e5179d1a893aa6a\"","tgme_sync":"{\"canRedirect\":true,\"ts\":1701140344}","server_time_offset":"0","dc2_server_salt":"\"87135fea945c33f7\"","state_id":"405263853","auth_key_fingerprint":"\"be587e13\"","dc1_auth_key":"\"4e4390a8fb66d989df01ca29a719842574bb361f6d47121be9f40ec2ead2990d21e7b6d9821110ff66aee883853df41eb630e13e73e5f1eb4787c87d8596662e9b92b81807fd7c30e38442fcefa4195d8a43b189a362a3fca9038c3368a838011db2c9788572487db8d580264ece44814d5d701c4c78f095b57bda8b02554666d5ae3612b8c876a406d9d5226c730707841b29f47d6d8d89b36da944b1326a2828f0c9c858c46b6e06cc4f9f48b81c615ca86bbca30fb4c48588331cfb3bfb8b7b1acdaa2ec8d69c7e9210d199329b508fd11571591e41175b0b612370d7c12b048031d00b67250936c9eae1993df0c46cc30e81f47bcb9a37befc0193d5979e\"","dc1_server_salt":"\"a464042d86791e64\"","dc5_auth_key":"\"5b568e8c2a5d99ea8016fd491d6b05c523d10bb07366f50689d02b394719355d72c0163a81f61cdef8b295bc2216af44f8363350d0925074f58b8df4c60647faa0dfbb3efb27cfd3d72609d469f8d801684b87f66eae1bc9f00b6ee06fb9797ff4ac9a3b27c7dec195c60915855901448776450c5552ab0002737d04a49e6823eb4c8bcf3dec6315d85936eca785ddbf11c7144b6cb7f4676609e75e80e4650f157e15ac172ff631b9fd639269e4c9f699faeace4694c84d686f3f04eb3e611668290f8c67742ceed9e717675542b211446025c2172238091a046e90f5470f6d4352047ecafe5d0d571ab2c8847a86896befe28a2abaab70d9a620d44ec78e31\"","tt-global-state":""}
VM36:1 —————-
undefined
