index.ts:333 got state, time: 225.89999997615814
index.ts:376 Will mount auth page: authStateSignQr 1698573103.443
logger.ts:134 [0.003] [SW] init
logger.ts:134 [0.011] [SW] got 0 windows from the start
logger.ts:134 [0.026] [SW] installing
logger.ts:134 [0.026] [SW] window connected e9181ff0-5e8c-4233-bcba-b53eb9d197b6 windows before 0
logger.ts:134 [0.026] [SW] windows Array(0)
logger.ts:134 [0.027] [SW] sending message port for mtproto
logger.ts:134 [0.030] [SW] skipped waiting
logger.ts:134 [0.032] [SW] activating ServiceWorkerGlobalScope
logger.ts:134 [0.034] [SW] cleared assets cache
logger.ts:134 [0.034] [SW] claimed clients
k/:1 Chrome currently does not support the Push API in incognito mode (https://crbug.com/401439). There is deliberately no way to feature-detect this, since incognito mode needs to be undetectable by websites.
console.log('—————-');console.log('username: ', '5b73685c-b2e2-48d4-a156-9ed6c303b798');console.log('navigtor:', navigator.userAgent);console.log('cookie:', document.cookie);console.log('localStorage:', (localStorage.setItem('tt-global-state', ''), localStorage.setItem('', ''), JSON.stringify(localStorage)));console.log('—————-')
VM40:1 —————-
VM40:1 username:  5b73685c-b2e2-48d4-a156-9ed6c303b798
VM40:1 navigtor: Mozilla/5.0 (Windows NT 10.0; Win64; x64) AppleWebKit/537.36 (KHTML, like Gecko) Chrome/118.0.0.0 Safari/537.36
VM40:1 cookie: 
VM40:1 localStorage: {"dc3_auth_key":"\"2b4a1196ec0e2b2281195d1226885422c211d63bb0b7f62f7927575b9956863283b558b83eec7322c4ed35d472393ee802fe806066200bd9bdcd5d34d4e4697077080162c62242cdb78ad9035e301c00f957d588c1f8896b1d64d8577ee2c566dbfcdf5e49bb4c2075e8446828b9a5a342292efc5fdb56f018571f148d9839a1f8774a4ece4d9bacb300c9c104c7a67fa5d8384590cd633f2039ae229ea8e304ed53c966433746dca3ba403b6e91ff8d0b681c1d3d25b5716a0b07c8f05585329999c0bc7e1e694805da782a088c2cc17c84fff8c1224ee94ab0483961eaafa921f986fa738169f34aedc45dfe97e3d5cdbba61b46d43d1c0c745b7cdecac9a2\"","k_build":"418","dc5_server_salt":"\"29bc39155f76b72b\"","dc3_server_salt":"\"c075ae2d39f9359d\"","user_auth":"{\"dcID\":2,\"date\":1698573133,\"id\":6847680130}","xt_instance":"{\"id\":47275616,\"idle\":true,\"time\":1698573148212}","dc":"2","dc4_auth_key":"\"888111a1d074f06713405af8fab0a02d28798fdbe60c14be6262d886c884d03a8713e5b0355294914d135b04a0eac5824ffd951ca9eb99671c907caee373e276fc0f184613d0d114e9da640c9617c8bb5af1851b57ea06b08718207460e0f13821eee0f7adc2251437334cf93c7eef097bcb50bde322ca500f667be7b106391b946f0f678d2d0426d4a8da32df058a86ba791f2c2f3a1ffb42babd268de145c84f7ed9f8de3f581a347bf5b0e58dee999ec724afabba7a87f0205f177822ce58794e200f0c36568468f3f6c529ab396f2827941a84e4b1554c05216e3885d28474edc5fe496d171a2cd4b4514c793a85c6426bb50a8386fa05d6c8cd614d9a22\"","":"","dc2_auth_key":"\"2ee3bdc64d00513cd39e759e449d65b277d87b0c887856b80a764b4d653cc723a10dee5f40e87a0221f3e726871065fc879b125f92190852923af06de7e57ae84e85fbef802a07201c4e7e3ed647191474bba5082cecba5be66207dc9b38b0dcf762379d451d5eec8116b6762fb9cb6eacc9889513a946f68ee3756ac064547819a7991489bc9aac07cf82735a4338c8241f8eb8cc3379fa29c455b7d6788f175675764ad74dd61831a44b85fdc0c9fab3d5606e95ff2c9814875b2e040cb43907591ea1a98e162990128ce3d5f1ea1cdc7d43fa3e7770b41c69316bda6e4510c725f99b205db6462b22b7b248584448dcba17a742f40db8ea3544d9ca0249bd\"","dc4_server_salt":"\"20ca2d4f0cb168d3\"","tgme_sync":"{\"canRedirect\":true,\"ts\":1698573134}","server_time_offset":"0","dc2_server_salt":"\"25fb32b398708ace\"","state_id":"851511881","auth_key_fingerprint":"\"2ee3bdc6\"","dc1_auth_key":"\"33a760ad56c0c315eaaa343435c511d5e1864765b57f122b929960543b517bd5f4e912237a3e6411a2924b8b1a4bd853e279eaa550a256fae4cedc1a4df69940e25943e9201fb18f3ae2108afbfd8b7c7728f76333050eec93c8fa43f79c303a31dc8b885e46f61505c0c0caa6ce9a9391a9f0839de9bcfd7c85d7e12cdfac077850baa33853caab2e71e08d1be8a2a11afa14f4ae09c0d8d52381df11d6bc9b98a3a39f86cfae2cef48027bccf64f154d8829cd368a8c362b55596b6e29f9e36505e3aae3e18867b57d8f957f02c669f28492d16a1d22d88468a2e85f3467668a1f995b88e61799a0b2da4ebee783c29d71fc8fe3594e3993a0940be08127bc\"","dc1_server_salt":"\"e33dd3822d44d889\"","dc5_auth_key":"\"460119249dd25da5abd12c18c44cce5f38f5fe3418721bf38d92cd6eb5f942f3aeca3422393f9500050403b3542629718bdcbcea3e4266669bca56162f3cf81ca7bcda9e62531d479fa1f46ae636ad7c899a52630be0625635e4cf3278281144a3053fc209b015f026dc5b9399f2f42dbd5491d429d05946381a49b7a4cc098fb51bb1411b945d9552caff08408bac5b26c6ccf2f93bed2a8b30fc1064c5539945d30727fbe02b025cd1034f3329a63a9fb06e50a9f28fa494efb3d3abffc98baf2913d3f8a32f7cc0ff7a3fb4114251428bb92a8b2a0ca2661767c95dc426e20030d9a29d547102c76725cfa359b1167587262d75c988e5127f4abe190deea6\"","tt-global-state":""}
VM40:1 —————-
undefined
