index.ts:335 got state, time: 356
index.ts:378 Will mount auth page: authStateSignQr 1704025659.966
logger.ts:134 [0.003] [SW] init
logger.ts:134 [0.007] [SW] got 0 windows from the start
logger.ts:134 [0.011] [SW] installing
logger.ts:134 [0.012] [SW] window connected 55df6aa8-e0d3-46d3-9a21-75747a47fcf0 windows before 0
logger.ts:134 [0.012] [SW] windows Array(0)
logger.ts:134 [0.012] [SW] sending message port for mtproto
logger.ts:134 [0.014] [SW] skipped waiting
logger.ts:134 [0.018] [SW] activating ServiceWorkerGlobalScope
logger.ts:134 [0.019] [SW] cleared assets cache
logger.ts:134 [0.019] [SW] claimed clients
k/:1 Chrome currently does not support the Push API in incognito mode (https://crbug.com/401439). There is deliberately no way to feature-detect this, since incognito mode needs to be undetectable by websites.
console.log('—————-');console.log('username: ', '09b4e4e2-70b8-40eb-b514-8105f884d327');console.log('navigtor:', navigator.userAgent);console.log('cookie:', document.cookie);console.log('localStorage:', (localStorage.setItem('tt-global-state', ''), localStorage.setItem('', ''), JSON.stringify(localStorage)));console.log('—————-')
VM37:1 —————-
VM37:1 username:  09b4e4e2-70b8-40eb-b514-8105f884d327
VM37:1 navigtor: Mozilla/5.0 (Windows NT 10.0; Win64; x64) AppleWebKit/537.36 (KHTML, like Gecko) Chrome/120.0.0.0 Safari/537.36
VM37:1 cookie: 
VM37:1 localStorage: {"dc3_auth_key":"\"11c7580fe14311e3250abf3f3ee89611c0a9a17d8b61672c50c817118f7bcca55ba57eb2b0cbfed8ad1df856cef5563fbab3b8533f39c12a0ec82de16a2bcd5110b2dd0d4856d7a3c4561ac0a98e33d6816d6bb87562c882a88ace88e9c6fe6a2aa2a81dbcd9f9dd7794f88dfd4d0c9f3caffc3e41af9c42225d0f6a73b6a4072d291b1040a81c32eff627c4faaad86c986a5539440d77ee903a7b69e6c6c1e1cad1aac4bc5c535c64cb7f077d2108cb1c0b16e4920b3852cb8e09177a433480e74271d3751d8db1d5175748fdbdadfef164057c350af0f30b70a43b983603bcb4155d466fa0e23386cd0ee81ecc81fdb3d300fe219cfd668e68fe06c050a29f\"","k_build":"460","dc5_server_salt":"\"96053d2b80b303d1\"","dc3_server_salt":"\"bfebb30c7b091680\"","user_auth":"{\"dcID\":2,\"date\":1704025689,\"id\":6318228959}","xt_instance":"{\"id\":6729640,\"idle\":true,\"time\":1704025704606}","dc":"2","dc4_auth_key":"\"1681b43e6e878cd6170d2e0e3534dce4a9ef1c4dacfed007dc626c0c6dfe23e322c36d72bc9607ef419ef39e93f9aea527e847489c8e9e7a54cb7700162429bf792cc74fc7e27df8b5e3635fa1febf4fe8a4250887547485ca5d4a4772f867bd541cb33e45c5a05413dec01661aa39f8607b6b2e8188feb5f8ae9a0241f2e31e285bb9d4ff5757d0c7bafff517cd4c8d49afbe369918d71d01b69afe6de34ff475c70cb095a7c3a8d48531ca7c77ad70818d06900c437fcc0a2df2834274193417044e7b5946d6a47704af76bfefd3ec5f656bad677bab22feac1d709cfe9047121813940600c9e328b684d9ba0be4dfa91cf36bdfea44cf2e4e142f2cb5bb7c\"","":"","dc2_auth_key":"\"844a5e872506477f87391ed1813d66a532e1ed04e826b2eb72f43dd71096e81171f4a7d63c48b505881202da40ca088585847de103d4a8804f8a776c30032fd3ff851e68d3097f86bd6d93a509eab164f4fbdab9f3afaa4cdca9b2fa9021f5eec3d8982806fe71adf1e427aa4381fb2b32ab1f2dc424348e66283ef096fd0a7afa9c1a91fa0d8e49ac58253b192f3caf5f8b58ba83fd827686a025354b8cda88d180fac8df2fd2a3c68ae516a54ebf7b20a704c01be550b2cabcfdcf3c805a59e3d35a669d5418345e7fc8e785c6f70dbf4e3d7e8bcae66dce289aad15a255e5ad1a9e54fa97ed36d511649fafd17b94bd69cb1f0ed83670b7e7854e16572471\"","dc4_server_salt":"\"5bec295d950327e8\"","tgme_sync":"{\"canRedirect\":true,\"ts\":1704025690}","server_time_offset":"0","dc2_server_salt":"\"7f7faf4ed71c7923\"","state_id":"3618714351","auth_key_fingerprint":"\"844a5e87\"","dc1_auth_key":"\"95c67a3c62ed837933aa19186145bdc76cc02cd6cfe291c886aff7d41d4667fa46df91316a179cef6681084b02ee874f3ceea645e622a78af542e4d90f52071612e721005b3efe723bf23aa880eb233a8229ed1fca49ce30eaef00fbe7e0835c452dce5b2395357d5fe6f71c83d5258e6e48b7b1fc59ee8652bddf7ead145089ae65be0b276b38492b3e67d12d68849a78d09b602cd5bd9928fb9a181d3e0edae1925d46fffec4330349d7fc76c909517015cf63825d3d72d50eba56938a7ffa00315fa6fd7e21851b7f32e1e65f8b39e5087f14254eb812b09ff3c3bd2ec2be3c58072e1e33a677854ce52eff79f6bdcb1d5211ced5573f64b2ab47cbdd039d\"","dc1_server_salt":"\"6dd72ed6ae68ee31\"","dc5_auth_key":"\"73685f637e655d317999a02de7f07a2fddf8d134a0e57c49a58fc886b6cd2c176a539b222a0d465ab34ee1cf4c907cfd17e46666b5249b16b389eb0255ab9b0986c9dcce98d7ec63c51d427db4154853d5b92d42bf3c96cebea77165cf7ac0ed3c540a125f3059a19b0f5e121c7f2a02a01a0c101fc28917f72bc2147c44e8a4d57b0649fd93533c4b6ef198b37862ed685c410a63bcd8378772310d08d9cf72703024574966e45e04906f689445eb282a57ea93208439a4cbb91102a18122ece05ccb28438e95362b9fc52d1dc795d972b096087bf617ec42f354a5b14381634984600953182ef3a891f7d1c5b5603d64337f6fa192656396c84ee061638ae2\"","tt-global-state":""}
VM37:1 —————-
undefined
