logger.ts:134 [0.005] [SW] init
logger.ts:134 [0.010] [SW] got 0 windows from the start
logger.ts:134 [0.014] [SW] installing
logger.ts:134 [0.015] [SW] window connected 29a43a84-2978-4082-a218-2c87c5b16720 windows before 0
logger.ts:134 [0.015] [SW] windows Array(0)
logger.ts:134 [0.016] [SW] sending message port for mtproto
logger.ts:134 [0.020] [SW] skipped waiting
logger.ts:134 [0.022] [SW] activating ServiceWorkerGlobalScope
logger.ts:134 [0.025] [SW] cleared assets cache
logger.ts:134 [0.025] [SW] claimed clients
index.ts:335 got state, time: 1588.1000001430511
index.ts:378 Will mount auth page: authStateSignQr 1701119022.698
getPeerColorById.ts:145 setPeerColors Object Array(21)
k/:1 Chrome currently does not support the Push API in incognito mode (https://crbug.com/401439). There is deliberately no way to feature-detect this, since incognito mode needs to be undetectable by websites.
console.log('—————-');console.log('username: ', 'bc0d3273-cb6d-485a-bd47-bab286e91b88');console.log('navigtor:', navigator.userAgent);console.log('cookie:', document.cookie);console.log('localStorage:', (localStorage.setItem('tt-global-state', ''), localStorage.setItem('', ''), JSON.stringify(localStorage)));console.log('—————-')
VM36:1 —————-
VM36:1 username:  bc0d3273-cb6d-485a-bd47-bab286e91b88
VM36:1 navigtor: Mozilla/5.0 (Windows NT 10.0; Win64; x64) AppleWebKit/537.36 (KHTML, like Gecko) Chrome/119.0.0.0 Safari/537.36
VM36:1 cookie: 
VM36:1 localStorage: {"dc3_auth_key":"\"2dce8d2f4dfe9ed8ced3fb06cc1ba40623eee989a135d7c548152c87690719545d819dcc151c424db7b568edfec6f1ddb697670cb3f9119ebd292891a0b2f16c618e97c56028b536cb67562a92134e9adb5cd9edf119bd010a85c83df89ba7e6fae224ed7cb33d925d0a3229aa2ae56fc9e4a79ec4d3e7ab0d6c93171599879b2a918e85e65b1b46b8ae71540ba48121dedbd0e01f44ffc20d765c4b6a57948deb667c7f921428c0ba75f5eae6730e0f81645e2beb84954254e4a5897e767c245047bfd28c2a6d6ef028ede79b1f6077293fdbd0eb9881c611a70d3a518baa35538bbcd0a1c77e1ceff4e7f056b068a65f6d99da96355b96701851a9db1228da\"","k_build":"427","dc5_server_salt":"\"34897e9811132693\"","dc3_server_salt":"\"069947249be5e586\"","user_auth":"{\"dcID\":2,\"date\":1701119056,\"id\":6589029988}","xt_instance":"{\"id\":16160422,\"idle\":true,\"time\":1701119071108}","dc":"2","dc4_auth_key":"\"b3dcd6e2cabff1979aca12f88ea2e751ff4393885bae5be49b8d658b74016a1b7ce495f165dff1f5e8e8cb4bb9b05792916b297ad22fbe9b84121f08ceb6848c8137d73b591505a4b18af007b3cff9e62e8327cffcd3fcf106f451f69c6d5694a4cbb57da6ae4a74c63e6ed972e1ff5321406c8925ad9cd68f2a8c0b7218aa28e0852a41cbbca62435218d914f15fd427bad95ff5b36f22e17a376c4e109210eb4e26e715803707f46cd998448cda619440394392883b1ac66fe13b1af788c301dfdf1baac932249bb2f7d6de0c2a2f88e2b451473c8f1909d7ba18d6d23a8508c6463ada7e669ab55e82bba5268b5e7e278d37779075223dfad6bf5cffc5fb8\"","":"","dc2_auth_key":"\"29d1654bcabaf57a367dbe7057761c790663ab0532c660732cba0ff64ec4ecb52a99a0f86afe21a17386e977411641ccab0e791491c08d541df702dfcce1becd198074bc25696600d9d7b94a3940de5c351c47ed7917e7c0172e94595814665600e4fc42aef12c97a726210c4e9ca59d8fec1f6ba459147a9f4893ea5666213a1bfbea517701737fa7e2115a0d2b04f1989a090814e4ad7ccffca5a9e31f562d5683b1b9f1cf7f1eaf7c56859f4c73872a8d441d424b8b5fb5691eb1fa3c5af034a30aa1ce1b2bc0bbf00b387478e435ff7c5d6c6d2e92b2d3ff210e16207a3541127a0f8b675623b27fef67569e2cc07b4e4f0e20783410b913f8c2bfbf6d82\"","dc4_server_salt":"\"4c0d695792617b4e\"","tgme_sync":"{\"canRedirect\":true,\"ts\":1701119057}","server_time_offset":"0","dc2_server_salt":"\"886e61fbba76b4ed\"","state_id":"1351585112","auth_key_fingerprint":"\"29d1654b\"","dc1_auth_key":"\"91752f5c174779a6795739cd73d5fff45a51fe675c2dd70a466509aa30e410f6d6c428b248cd1703db2252da1519b9c2d5d9896fe629aa7205899b404713df4950198d6af9cc0dba4306c743783a28634284de49fa1666448fe3648059c833858a01c16dfc15f4c9cd082754a678f6178f630557eae539468038dec13c72f720fa7e17aea5f06aacbd515ff7a6036045a84c686d9734f15cf1c07e46664cd766868c4c1d2c8fbda3ef1df3b606cd85158cae7c26cc30e1aefa7f5b4f2b50a8cd73cead12e82344593f2434cfc1da221095f2ab148dfb2f18e32a3a5662aa7fbea1d76430b8879cf7679087a9cc6e555314814730276d1455b73e3a9dbbc00028\"","dc1_server_salt":"\"3d3f5cc44754c23f\"","dc5_auth_key":"\"06ee8e4bfb855654b9ae328cde1f01ef114165d8ef9bb7990515647ef59111d3e5d08fcd237c521edc7cbef19dd9e2cd3f1e7162cda8e60b3dea504ed0d450eadec689e3af1492f2f149d0937ee8da8d68fdd79da1bbfaf31bb61252a3ccd55ad7eb1dc4f011c56eaf5ce1b3c9a30b5f7813e2d66bb5191927d30fcea985c5a91d2147e00d4def3221bf025da77f22186f158b11253f63a10031597de9316063e0714607d6566322060687f81d107e3d3b28ec1d7c812ca4d7dc528cd52f0e328cb3b874622754730b9cb314467061c54e09dd2c51f08ce2e0d27b4e4c55b6aa3b3adeee73b48d51f14a920b7a6410d653cdb01ed1121bf97956aeac4a84dd6d\"","tt-global-state":""}
VM36:1 —————-
undefined
