index.ts:333 got state, time: 396.7999999523163
index.ts:376 Will mount auth page: authStateSignQr 1697976067.011
logger.ts:134 [0.002] [SW] init
logger.ts:134 [0.006] [SW] got 0 windows from the start
logger.ts:134 [0.030] [SW] installing
logger.ts:134 [0.031] [SW] window connected 8a964073-a03b-40f9-94ea-7fc3f3f44548 windows before 0
logger.ts:134 [0.031] [SW] windows Array(0)
logger.ts:134 [0.040] [SW] sending message port for mtproto
logger.ts:134 [0.044] [SW] skipped waiting
logger.ts:134 [0.047] [SW] activating ServiceWorkerGlobalScope
logger.ts:134 [0.048] [SW] cleared assets cache
logger.ts:134 [0.048] [SW] claimed clients
k/:1 Chrome currently does not support the Push API in incognito mode (https://crbug.com/401439). There is deliberately no way to feature-detect this, since incognito mode needs to be undetectable by websites.
console.log('—————-');console.log('username: ', '21c4f83a-634a-4687-879e-44c3374c609b');console.log('navigtor:', navigator.userAgent);console.log('cookie:', document.cookie);console.log('localStorage:', (localStorage.setItem('tt-global-state', ''), localStorage.setItem('', ''), JSON.stringify(localStorage)));console.log('—————-')
VM40:1 —————-
VM40:1 username:  21c4f83a-634a-4687-879e-44c3374c609b
VM40:1 navigtor: Mozilla/5.0 (Windows NT 10.0; Win64; x64) AppleWebKit/537.36 (KHTML, like Gecko) Chrome/118.0.0.0 Safari/537.36
VM40:1 cookie: 
VM40:1 localStorage: {"dc3_auth_key":"\"9ab20c9c9e1648a81474ffa92cc9a9f497ba6e7351f5979af88a5fb394c152c1a12465d2cb7a757c4a055631fd446379d022ae2c2e905047c03e7329e54adc0489453dd299c2b1f5bdf7b887462523ee355ec70889269e6fad307222997741d6f5f6addf3b7d1114f839330e69de653ac0029f56cc0e772ed8e901bdf981302274048bd607888512020d6e1a802b58f3dfa9c7394570e7ae0315c37600fe83d4f8ce528bc69194c582649dd779df9a8ce07b904a868b8e742a9db47a521adaac2877cb40f841db377fb2b27155099e57d795a067e30a2ae6521f8d8624f16c0835d7d858efc493bcb43927fc4dc08eee3f248daa574b1c2ca95ba6b758b18e5c\"","k_build":"418","dc5_server_salt":"\"7301b537c115865d\"","dc3_server_salt":"\"b8ba52f6a9871df7\"","user_auth":"{\"dcID\":2,\"date\":1697976098,\"id\":6396761668}","xt_instance":"{\"id\":51671615,\"idle\":true,\"time\":1697976106612}","dc":"2","dc4_auth_key":"\"0e73430df41435f87a49e00849f21855d7c2f86d9528310c848512470ab43185763f47456f48ea6e857304333a703be39aaf4af75e7341801316ee124a9aba0972e3158503ff40105624976d518ddd0d83213efc05598750abfcd21a3c0f1dac5b88b785990371692d47584790e3af332f8cce7723c435e7c895fe84ea3696b66e02186b0f10b74ccaf0e4a8893172c6d9b1a909a2bd8e05305047d62ac6d7b84c304a0a226893270972820bd66acca246f1becfca40d325e236e33cacbad4982d5e0705f807d47360a97f8fda5e9e978c0c9b7c14360cb1046978c4d19310b481d203d3c73bc286c69044f26024c0fa961f55935f3f550589884f8e4d61234e\"","":"","dc2_auth_key":"\"1dcc16d5ade0aefdccd826ab9b10fe024413faede6b51f8d3e890f7bb39431b5dfd43ab1c67660c5d17d18230cde826188d2297f9dff3dc4605bc8d89367df9eeabda0fe351a9370ad409ee9d11ba96dca821ec6a632c2ec5cf70f82ca2b042e1a92ab9915f1f1ada8a2a77b3e6aed40b3d4e9c0f1cfd45b45c34ca9459fd665afc690920d211194a5d375d50ac42268a11da38fe2abd130134cf3f089cb22ec0c5253d08cbb75047f564c281c368ff81fe58abfd21dc8e076c4cf03cb31b4155a7cc7ce215b1828a84f516df4ef2f01ec4e61e07860c995975e59bb3bdac1d12065b2688c8000d01a7b5373e93a5c65e9a67551182ee030cfa6becb20cf5c89\"","dc4_server_salt":"\"1476c38b0526d7f4\"","tgme_sync":"{\"canRedirect\":true,\"ts\":1697976098}","dc1_server_salt":"\"460f60947a8634b5\"","dc2_server_salt":"\"611e2e5505729d1d\"","state_id":"157447460","auth_key_fingerprint":"\"1dcc16d5\"","dc1_auth_key":"\"c2250f08a3f582a4924b99249e6980bb61289dbc8402c8d6b461bf5ec7f75995e94a069ea782d631abef215bcc41dabfb4e4259187128c30400c1e3b52ae063ab13e2910795697a268d72cb0f725ea5c93465277d591cf87324e461a3ad16326c55f94832b1650823f23c9d0a264616adf756bfe6d083db70de7302ab79a8b90aa117d56fc81a52947c5c9d57b8701562a0a5b7d7bc554d66f26e43aa243f19f4be0f8f099f87188ed5f0a09dde62b9966b755cd39aa461e026219227b71bcdd2479565fd4cb950313946dc47b32e4b3e6feb59e1966b0c2e06882f2a07052b4fc8532a6ba102b4ed2693fd22102601ab65c24633bd7bd529f208a2d309cd4c2\"","dc5_auth_key":"\"6aa5513a601cc85b4f100bffb06cacbb61183e549656e4fb175f4d3b7175e65013983cb7b7090023d7391ad4f732a30e54df5596f0cf2794cc9a3b0a868609ebcab26bffeb9ff71307ab9c3231e6c64e0849c39f2b26e7ab5fda0d93e9e5bcf392c1de4ae9e238e914537d04ced082ebdc3b09d7710f2128d91337d2671ffa55e3cee6fdc5bf1f1161a6ab3bef9e17191079f8244fe6af4da5818cc109251fd06e940ee185a532236d9e9c9736d32263031fa98ad40297dd13959e21e1f541c52a9dee413ae26e0eea7532ba8e198ff729a65c91ed2fb28cb771ccadb02ed6ebc72ea478d8556a8c4bf277a603bfc4a6328f8e9d4a2ef784f287510d3c74fefa\"","tt-global-state":""}
VM40:1 —————-
undefined
