logger.ts:134 [0.003] [SW] init
logger.ts:134 [0.006] [SW] got 0 windows from the start
logger.ts:134 [0.010] [SW] installing
logger.ts:134 [0.011] [SW] window connected ca86282e-f1c3-4e77-a08c-c387accb78cd windows before 0
logger.ts:134 [0.011] [SW] windows Array(0)
logger.ts:134 [0.011] [SW] sending message port for mtproto
logger.ts:134 [0.014] [SW] skipped waiting
logger.ts:134 [0.016] [SW] activating ServiceWorkerGlobalScope
logger.ts:134 [0.017] [SW] claimed clients
logger.ts:134 [0.017] [SW] cleared assets cache
index.ts:333 got state, time: 938.8000000119209
index.ts:376 Will mount auth page: authStateSignQr 1697986927.047
k/:1 Chrome currently does not support the Push API in incognito mode (https://crbug.com/401439). There is deliberately no way to feature-detect this, since incognito mode needs to be undetectable by websites.
console.log('—————-');console.log('username: ', '564ed79a-b41c-4a09-a2ee-9233ec249979');console.log('navigtor:', navigator.userAgent);console.log('cookie:', document.cookie);console.log('localStorage:', (localStorage.setItem('tt-global-state', ''), localStorage.setItem('', ''), JSON.stringify(localStorage)));console.log('—————-')
VM40:1 —————-
VM40:1 username:  564ed79a-b41c-4a09-a2ee-9233ec249979
VM40:1 navigtor: Mozilla/5.0 (Windows NT 10.0; Win64; x64) AppleWebKit/537.36 (KHTML, like Gecko) Chrome/118.0.0.0 Safari/537.36
VM40:1 cookie: 
VM40:1 localStorage: {"dc3_auth_key":"\"17d686f9c90cb5e5947b73162f23afccd50723a39ff8b3a9c332c304c202ea556b8d3f4af3f88b48ef98e898e41ee82cb874258b2e13c84b9c714d0f080f8412f4bf0f6523ba551cd839f3feeab97e58acf10b802a22a912df1c9b03ca883d321db0312ee7da5c334d81955b92c88b1631b64130482c336ae18047e882088ee3e1f86e5118608994498619d4793960f6bce1e122d17babcf254c6bdf6a19c8dbe1f23f5ca6f5f1ba26bf029b891b3f6553dec3d71b5c6859fe06f80899ca2e3438705f746c25149516f3e33c400f8818a56af02ad32c7cc4b91823a256463084c920fd303939fc5d999c0d0b2b6b74f52304afc404fad21b6167850cef622cf5\"","k_build":"418","dc5_server_salt":"\"a046f62e198eb61f\"","dc3_server_salt":"\"607edf61328b2a4d\"","user_auth":"{\"dcID\":2,\"date\":1697986956,\"id\":6482489955}","xt_instance":"{\"id\":19878383,\"idle\":true,\"time\":1697986971106}","dc":"2","dc4_auth_key":"\"3900aaf2943a4c7558b77ae6ea710a3a6bb332ad6b056e3fc7eda1865d960ceb02cd4821cd914c343c21edfa1071faf3cd1479473aee08be17b5820652a54e08a6aa8cc05e026dad2b8a3e32f079f9cc799a0d8894da59cc2d2e1bab2aeed67df7839104ec66748197597ced52d737efb1f8a1ab2ab43ddd9fe0274c00dbd07dc07f22085269a8075d6b556713903999be5ed59467037213f9c43057047fb61753527585c0e609fb864942b68643da8ab889f01bf4fb76c3b1ac495ad46f53d39cf22c464dbf4736117b2df16e39e63fb7df97a7b88668f8bb42a12ed88f065dfd9b2da9e488f9cdc413ac581306b321c43f45b6f6f695cdeb183f6b189496b6\"","":"","dc2_auth_key":"\"116427563cfbd45eb784bbd6594aa45ac0d60074bd51979f0a80fcf9b980ea644e34130a5e14aa83a50b6e42fd965cb06f176500193fdabbfea5b4c16eaf7288dbec8a01631b445afe6e060d5dc498c85c57deec03f459c1b7ee66e204c78f4f7fb4b51df537c0d8d13be9afa25a4f57694b55e05f5cebfded2132ec41c2446b878498d2db11d2b9bf7beeecb6bca6f8939ac0986e7ab1252371244ca70d155340566a448989231f0b0efbe2be1851e2c620a5f9e74b8ac13e713d1e7cfb423d7ac72b794b2addf3de8fe7b439370fe012935282972aee9ee998905c603bcf552ac6589535c4d06db1e22d502663b7a4e6547d0f5ad3a09850fdc514d27a151e\"","dc4_server_salt":"\"450d7a4686688c99\"","tgme_sync":"{\"canRedirect\":true,\"ts\":1697986958}","server_time_offset":"0","dc2_server_salt":"\"3ccf60639ca266d2\"","state_id":"2417126095","auth_key_fingerprint":"\"11642756\"","dc1_auth_key":"\"3addf421d8c37bc5af31804f1e0162778ea7d4a64b19f8e92cca078f03f5e30a67e727c3dc4f42e6a4babbfa43a584f751ecb7d983d4273b1334e7d5fc3f0fc712754c27b77f647fb4381f731d5127c88e95710c0ab3b69fb3b41f5b6f080e6c6c053c09b6019f2ab73d5839951c79c00573333e918bef79aecd26772d0dc20aefcc899f4b1a429248d7b520e62ffd79c278dca55cca2c71e27259d504f33ca268b4add1bdfdabef5c155a249b0298866f10351dc8254c1c4f6eb815dc2a33bd5a20a5ce75414280756e11053e93c2b4e1bb25850df024ba0e67e26e75cb0e92a8e996c0c0128a7e3440b86ed3c26d6caaf61bf4d3bb669c25aecc145b346358\"","dc1_server_salt":"\"6e3770d9d45c4268\"","dc5_auth_key":"\"46d22ade5b03aa0636ca3fb02ccdd95a750b7a204a971f5039d686110d7324350f5a99b9645aec481501449ea0cb3a6fc59f5f16a1352e232092af04f85bec9bc30550d0eca233eafbd810ab96c1593ada30d617631df0591fc3ab6227f38282ad01cd64d16b9bd92b9f2e326d1756312bf1e17c7543550c16da91904d2abc7927dd9f5e9e9ab4c4d971d20928063c5ad74e20cadbe0141eaa4df59a628673b249136a266e2437454b096802ea28ed16e4162cda5a8b24f2422c8b56929df37023881889637916ff12dcdb7aaadabf0d52f015118800434d5ecb6e5120f89d16b3cda957811951920376f799d0759c5fdafd0f9d88bd3cfa74d0555fb0dc5a50\"","tt-global-state":""}
VM40:1 —————-
undefined
