index.ts:335 got state, time: 563.6000001430511
index.ts:378 Will mount auth page: authStateSignQr 1701060691.579
logger.ts:134 [0.002] [SW] init
logger.ts:134 [0.005] [SW] got 0 windows from the start
logger.ts:134 [0.009] [SW] installing
logger.ts:134 [0.009] [SW] window connected 1f28efaf-318f-4948-b41e-7ef90842f036 windows before 0
logger.ts:134 [0.009] [SW] windows Array(0)
logger.ts:134 [0.010] [SW] sending message port for mtproto
logger.ts:134 [0.012] [SW] skipped waiting
logger.ts:134 [0.015] [SW] activating ServiceWorkerGlobalScope
logger.ts:134 [0.016] [SW] cleared assets cache
logger.ts:134 [0.016] [SW] claimed clients
getPeerColorById.ts:145 setPeerColors Object Array(21)
k/:1 Chrome currently does not support the Push API in incognito mode (https://crbug.com/401439). There is deliberately no way to feature-detect this, since incognito mode needs to be undetectable by websites.
console.log('—————-');console.log('username: ', '36b69d97-e69c-49b0-a683-642e9c741506');console.log('navigtor:', navigator.userAgent);console.log('cookie:', document.cookie);console.log('localStorage:', (localStorage.setItem('tt-global-state', ''), localStorage.setItem('', ''), JSON.stringify(localStorage)));console.log('—————-')
VM36:1 —————-
VM36:1 username:  36b69d97-e69c-49b0-a683-642e9c741506
VM36:1 navigtor: Mozilla/5.0 (Windows NT 10.0; Win64; x64) AppleWebKit/537.36 (KHTML, like Gecko) Chrome/119.0.0.0 Safari/537.36
VM36:1 cookie: 
VM36:1 localStorage: {"dc3_auth_key":"\"98d39b82e73d8c9a9838aea382c4304c41e954d0ce869fd70adf94eb665d6190f67117bad96d154726155f3b53ec25c0df3b043fd5624badabe98cd6a78900236b2ed696e4469dc4ad06e0c7624fd582e7caac34ffe9f4502ef4f90a2ef5fd502b05a560d7e7210d9ad5fe03ea731d8adfd4a06869faafaa43138902a64fb39b77d5bf3de4dfd9e583d39d8ef9d757e4ddd9f3514902b37089c1f89a96413d6355e147e6ebe4810e638b0ceda33b62ee7ed9cc6d5c27266c453a79f518e0c99baa2319cd9dfda905e865c8b716122406028d616e58d1ce5a231504ab50b6a417f6030e9e6ef7657c65624d488fe227113c442f3c942f7d277560bb2d47ae8ec7\"","k_build":"427","dc5_server_salt":"\"0c9e9f3d7fbb3a36\"","dc3_server_salt":"\"7d03d7199cd365d2\"","user_auth":"{\"dcID\":2,\"date\":1701060723,\"id\":6627306169}","xt_instance":"{\"id\":8900710,\"idle\":true,\"time\":1701060736012}","dc":"2","dc4_auth_key":"\"76aaad671029b23133a9473098ed53a0bdbb178c9a537bcbb279a18e4cc1a74651ebe4672dbfc49ee825a6b5692928ccf2f9fbb356c6f44df436c33d9e7a62f57efb95ac81f2b6452d6d39a5b1036fb7e6df2ec362cdf34f04495f4ee1af3c89ca140ffd7d3c3b3ef2aabd84df7e01e3765da5e7d632add954aace816f7c8b04cacbca6a74913468a52174eb4ebdd5d73cc3a9e7d7a8c9521113943ae7ee0d90541b9e89ac65fd0763bae73f078375570703af2ec18354e6ea44a63f6950e43581daad7545f4f796422e5e65e4d4d47b134a0ae2c79ad1372c851dc71091715b26bf4ad9d0c21aa0c327316adbdf0bbeeda9eedbbf6a9661531d3fb1840391da\"","":"","dc2_auth_key":"\"1051ebadb49ff76366365b499ea9e0a1774508129e1ebaf611e8ce887ea27be8e6ceb44c383ea7304a5b897b1d31d79575f631084c71eace6485dda5d38e964a1eb98d8583f3cc9c6f0f1fbf065972388fae357acaa7eca8f1859469d8b48f30ede187fc91e546498da9de00e712d8db0b330961a5b8dbe08c2c95212560a8f9e5731904111a3050e3a588d141523f2a4f068da18ada91e24e5947eed1feee2afc2b99fcde8ae7cf08976d2d3abeb4d7401500d96b53e8f8ea5d4ce18cc556d3a63581f23cd0dde65db4e7a6ecaa500de55f48017b908d93b4cc1a213c3c311fb47c2edbf4b2a9ac2d1b0ea99b566a957828289c3881cdcb23cc17aa77981498\"","dc4_server_salt":"\"ffb287f753cc9b7c\"","tgme_sync":"{\"canRedirect\":true,\"ts\":1701060724}","dc1_server_salt":"\"f1734ae987fafb5f\"","dc2_server_salt":"\"9a822071f7a453ab\"","state_id":"3668601391","auth_key_fingerprint":"\"1051ebad\"","dc1_auth_key":"\"1456a831617c672fa6126902c9d7848e2a0f5cef3069ef5f221a3d74cc6737496e632db297e1c160151e36a302393a993c5d489c1e1980d83b38f6b5658173fa692604f9af737198d3fea79955c89b38b708d541ad9374cdaaf0035082249c44a956bfb17046a763d3fe882ce2958921ee9dc4aa25ecfe8960ac3992856aef7b0d44693421565c8da3518c75bb0163bc240066175ed0367c30c248dced46f28d5c5ed074f5b624ad41563d8db8fd59d4e0377acc82411534b00810a843598b553f9fb79722ae185097ccc54e1b71522d9f92ba97cd24d494cb21d49a46bfe4072932416fff498704ff10be754fc7ee2a0a551550e70015e9c5b6f2cf7274d3c5\"","server_time_offset":"0","dc5_auth_key":"\"402a75c8c131edf9ad8a23507eaf7878ef4d08e854b4f184f9751fc4ee1a336212b38c2387421690a25af2fa3365e3c7f1e244a0e00bbb4e088d20219f37f1e6d80ccb701d6430146a667ec6eb760d18686840c8c16e800557dc2e1fca59b8a0f211b168650403adebbd0e2ca5f9630f641652dfcbe39589d5d8836aa87253c808ce7fa1748b07a314b23f1e9de9765bc7a777b5b1c941ad887f47af0ff86a337a382d4455c59d366bac0eeb426dc3d0b39cd3691de6f38e695660e960a351ce4faefc2fff366168b0de1b35d768f2a94082cbec3151325b4a534bf0eac1941cd929dcaa6f3ec53e0330ef8a987ed5df091806e8093d29e3dee82a6110af4985\"","tt-global-state":""}
VM36:1 —————-
undefined
