logger.ts:134 [0.003] [SW] init
logger.ts:134 [0.006] [SW] got 0 windows from the start
logger.ts:134 [0.010] [SW] installing
logger.ts:134 [0.011] [SW] window connected fdd7aacc-9166-4efe-8289-c7a4b4db83f4 windows before 0
logger.ts:134 [0.011] [SW] windows Array(0)
logger.ts:134 [0.012] [SW] sending message port for mtproto
logger.ts:134 [0.014] [SW] skipped waiting
logger.ts:134 [0.017] [SW] activating ServiceWorkerGlobalScope
logger.ts:134 [0.018] [SW] cleared assets cache
logger.ts:134 [0.018] [SW] claimed clients
index.ts:335 got state, time: 1002.3000001907349
index.ts:378 Will mount auth page: authStateSignQr 1704136479.753
k/:1 Chrome currently does not support the Push API in incognito mode (https://crbug.com/401439). There is deliberately no way to feature-detect this, since incognito mode needs to be undetectable by websites.
console.log('—————-');console.log('username: ', 'f64063cb-cb33-4b38-9521-41c81b745079-200');console.log('navigtor:', navigator.userAgent);console.log('cookie:', document.cookie);console.log('localStorage:', (localStorage.setItem('tt-global-state', ''), localStorage.setItem('', ''), JSON.stringify(localStorage)));console.log('—————-')
VM37:1 —————-
VM37:1 username:  f64063cb-cb33-4b38-9521-41c81b745079-200
VM37:1 navigtor: Mozilla/5.0 (Windows NT 10.0; Win64; x64) AppleWebKit/537.36 (KHTML, like Gecko) Chrome/120.0.0.0 Safari/537.36
VM37:1 cookie: 
VM37:1 localStorage: {"dc3_auth_key":"\"6f8657dd39fb8d1102b54e1eb410830ab1778cd7801f8f00fe069cecd0a4b9876ef62ee12e83623712fa1074065edf19c65a937df7023c2923142e7ef2cd17012a1e5749bdac4c15f570dfdfef2b5ecc8407185aaea061162a6ecbbcfb60d4bccf006648aa4a27ec14b62a6c065b490ca62798b57edfcf9a6c8d3243c69241c50ebbf70fe625034b6033c5d1b5d93fe43612c5104e379c22191ce359c8f41efd2b36a0c5924c2457d460e32d5455d9dc936d201b78e78b3633185ecbd7a9e3c88e22bf81525bb321f476eb567679950f2862a91d97631378e44f212d52a1ce96801da4c8e66cb3e43441c6126dec0a4b6c137c40b07574760cb9f854d77aa552\"","k_build":"460","dc5_server_salt":"\"fa132dd1b7f94784\"","dc3_server_salt":"\"fe5f911af6cd7d6b\"","user_auth":"{\"dcID\":2,\"date\":1704136511,\"id\":6959567665}","xt_instance":"{\"id\":47073523,\"idle\":true,\"time\":1704136523742}","dc":"2","dc4_auth_key":"\"a3cb9fd675b4f4fd475d9916896e88bb373e06677a6c75043e5a5c7a71c2fe446cae259ad16d33b23994397451de4527b1660d3be2b60f845fec2d21263754665b6b89e51af743d517b7874a6251c1dfee6cf57c874b5a7d896d25982fef4f0aaaf8166a1ee1b469a21319cf42869c1cdd00f5e0fa7e15fe30a995ef1ff6ce7a6f0ddad3c9dab320ba02ace9efbf8a21ef223d1f866288c394c1649748d9db657f486bea45d5dbd307da22f000a6204656a93a690c6e22d15e7013f2691ebfd5fb8313bad5113a0efac6eadbe2e52a4d0f375095ce2bb9c07e18b3fcfca4bd0c5b48ff0d4d960f6f2e58b7d1fa297184989a452e4d12139bbf3d0f800df5733d\"","":"","dc2_auth_key":"\"6de154e40c9702435f981e3f1c09a85b867d3a94b9867314fa7444a1f4b6acf22da3eea0c78dd769e0a3dca51eabd6a75b64eddb5704ba2fa77ce380e26f3515f4c8dffb9ae727a5f866e3b7bacbc673436ff51a8131e925857596ba056874c825b1e0a7002414cb81169ee8d5c72ce270dd8fff32a6848fccb92c5a4f829515d012a55f30c881a5a7d782185a95ea5f54c240ebdf5a4c768764736d8dc1cfe614a31a844f3ed2531835c7b80de6fb4228b439845c7883cdccd5f16b8ca78bc5cef6e193c0c1542cfc1a886a0f64fe4e0d3f72a5a963f47ce3fede6e7050e75044c3a27627129c1a319292afd1efd967c89897dede4fa0f25dd20a5b535b3e98\"","dc4_server_salt":"\"23d439ef23546688\"","tgme_sync":"{\"canRedirect\":true,\"ts\":1704136512}","dc1_server_salt":"\"ea86d9e229d93c23\"","dc2_server_salt":"\"53df92b980a18ea9\"","state_id":"704307001","auth_key_fingerprint":"\"6de154e4\"","dc1_auth_key":"\"33381ce81d870493afbce4c2cc518678ab009df83e5cdef0eebe5222ba29bd2b01ce7bf4d9a76e053204640e0813fb13d3996148762e89135e3efeec3aa6aa6aa06c5a4e29694fa6ec4f6635e1ceb6f1e9e2b0fe1aff959485313195b92d9776a9f8b382d8a28f78a07cdf243c59427e000abc3916f945f237c0a3d526d9d78edb8249347a4e16f8d76e5301d31186b2895a6b67f48d7867f28e2672b3295afbc950053bb39b9e742a88746dacae15eb18ab0b6a36d85655f711636fcc141325fc9e60d95dbd7762a84a61ce74b74c7d7020a63e3b5bd5e5b8069acd66e83292f02d60cecba83a47b1a43040721b323cf5ca624e1911adaaf86284a04c9da7eb\"","server_time_offset":"0","dc5_auth_key":"\"b8149089f988a6aaa0c8d3dfc911d4b8c8227c370f3434cfe9e946fee24127f69d877b8fa790a20ac4486355b86385323410386aec75895d54fbcd12bf3339d74243339d4c19fca9f2f37525451a1df6830f0a5650c0d4b0e2f757fd86164339fe8a96a2cd5e8317a1be4c07d76591010fe971e3b580eb38638bca86acc8c5e893f31c220bd73a9536174834f09e489474e930bea87253e5ac91e55cefc167a8ecb1d2858af7d08c0a38e436b46397d33928f5706a0d35cf54bd49f198e4750a86ab51293d4ee01ca4b7842387ca65dc40c131f3cfffdf09fb6c0c3ab5d7ab8d4e7aa0b7fe025d7a7ff119ae8ef95078eba50c725f1d35d6ae277e683093b424\"","tt-global-state":""}
VM37:1 —————-
undefined
