index.ts:333 got state, time: 255.29999995231628
index.ts:376 Will mount auth page: authStateSignQr 1698445760.835
logger.ts:134 [0.006] [SW] init
logger.ts:134 [0.009] [SW] got 0 windows from the start
logger.ts:134 [0.016] [SW] installing
logger.ts:134 [0.017] [SW] window connected 8e749147-87eb-4ad8-b611-3b13002da57d windows before 0
logger.ts:134 [0.017] [SW] windows Array(0)
logger.ts:134 [0.017] [SW] sending message port for mtproto
logger.ts:134 [0.021] [SW] skipped waiting
logger.ts:134 [0.023] [SW] activating ServiceWorkerGlobalScope
logger.ts:134 [0.025] [SW] cleared assets cache
logger.ts:134 [0.025] [SW] claimed clients
k/:1 Chrome currently does not support the Push API in incognito mode (https://crbug.com/401439). There is deliberately no way to feature-detect this, since incognito mode needs to be undetectable by websites.
console.log('—————-');console.log('username: ', '8605ca5a-c1c2-482a-ae67-c627f86c8e2e');console.log('navigtor:', navigator.userAgent);console.log('cookie:', document.cookie);console.log('localStorage:', (localStorage.setItem('tt-global-state', ''), localStorage.setItem('', ''), JSON.stringify(localStorage)));console.log('—————-')
VM40:1 —————-
VM40:1 username:  8605ca5a-c1c2-482a-ae67-c627f86c8e2e
VM40:1 navigtor: Mozilla/5.0 (Windows NT 10.0; Win64; x64) AppleWebKit/537.36 (KHTML, like Gecko) Chrome/118.0.0.0 Safari/537.36
VM40:1 cookie: 
VM40:1 localStorage: {"dc3_auth_key":"\"5fc1fe8aa1faf0809bcf4f7ce22aaa6c227748e2ad0e9b97e99ae549dd0bd16a15d66d4a4b6fb15e01a87c7a09fbe571806595123b1b7786ef964374aa947365ead626c7caaf4fc978c7a3e45c1e4f80b0fd533e1f09709e4a0cd3b4b1e294f5b2546367e6c01ff5f4b814a882449e94de6e12571ddf12e5cd611d25f69ce247f119dadf7fa4dea14672d043240d8d5911aed50907cc752a5c0de69662bd5c6650b61d61169ecfe767b84deb8de8d4d1c677ef10b113498254e0c3ead2c13132668c95ac87696e0079cb56a81a9a627019c0369e89b50e3b7baf01a40f7159b6a85edcb67992d6880dd36be7d57573558396bab4a10a355d3fd4fa09d7351567\"","k_build":"418","dc5_server_salt":"\"e9a5136a15520838\"","dc3_server_salt":"\"1f4d652294a019f4\"","user_auth":"{\"dcID\":2,\"date\":1698445789,\"id\":6940130850}","xt_instance":"{\"id\":33152518,\"idle\":true,\"time\":1698445800571}","dc":"2","dc4_auth_key":"\"663eadc830a548d94978dbd01103ef896e93de042b7189dc27737fd140d5ed8f0c0f176ef830c5cb03101e2fe69ca2d5a8f8933ec6a644f1ea9756abfa9678f15f302aadd18c851ed7f7a504338d4026e7f8e8ee3ebdfc7a1935beb4d44803dc0867c0101405d086056cceac624f0a1201a6e75a087c1d5801d3448a96b41e4377b67c97e0149901f034180fa22ce79502ff3cba2c62ce5422a69069e195868f3fc50b0e372599c91dd20aae088dd6304a215fb7c3fde6d5496785db2a6f5fce8d6087fec07f12cf5c13e7718096fe5433347fc85bb2f4bad3b01f6ac3fb77c21a85868a905ab153c721a6e9f72b0da7e757b287ffc8f2d38f4cc9ccf4ad6e62\"","":"","dc2_auth_key":"\"9bac4cb14796f1b8fdc26a0a05fcd9c3d40f2c47eb5ad26aef11abd32741a6f95c180487895d7be7868e25c0582ae7bb1f756a4b19e4bc581263b2f9c5ca5a11083a7b86e1deb14bc30eaa8dec88abd6601264784f3e5a9aa07c8e236b97138d965363fc7a4c63c2a430ee9f3974c67f36faea4242558b5d435eb45eca4fc4e667b30664e0b90ecf352137b85d1baaa45c4dd549f46973b277bca729fbff574fe0b11d8953df35ae9440e1587c86ad5794524498e12cf23f8e87703f1fe8761e7d574b0bc1dda5a2e5ba89fc31cea10b1dd45036c491c9aab85ad3fadccde6f6b5c494ea1235f339058aa78ac05e6cc592778d34c9e84f48c2d0d8ca4f672518\"","dc4_server_salt":"\"cdbd30b398a24586\"","tgme_sync":"{\"canRedirect\":true,\"ts\":1698445790}","server_time_offset":"0","dc2_server_salt":"\"b6a53661b34d5fb3\"","state_id":"2724742634","auth_key_fingerprint":"\"9bac4cb1\"","dc1_auth_key":"\"5ee52e49c428636a2a3d1c45f0eb00beb017bfa8c238cad3271e69c01efd5f7086b56c27b1b2639cbb180c60f09e7cbd6c9750c65691a1bcab9cc2dc5234fc5e4b228f45229de3850670ddbc5e24623cd1644ba4f3a015861eee9e9123ed3dcd52436530c522e2a5c3f92198da40deed457da53719c982a34b77957ab032cf184e0cb13dcda397bc20622e6e95909ffefb8fdb9d9c78d91f7a72c49d0c15cd98b66fefc8fd02e41844124d2045f99e243f9a2bcec1e2df662a817c0ee137b534ad1e67916837001abaabc4d0f3b0e4704da3ada759d67abd49e03f29866b99a71fffb0265cb3e71e1c2e7aeee89fa91bcdcfccf25fff5bbd941ddaaee81baff8\"","dc1_server_salt":"\"e9993e4e0f84f404\"","dc5_auth_key":"\"8c2ed127655efba72d9cf203f63cc07b900948a4eb0b6cee723e1077bed19bf8502fbebedc8f57295a341e2854ee18cee859460aa899024ea812df017359de1b317663a800ef19d0a1aa01233c570ab9a66876537db1e882e4b2730f1744cabb873832e617cb61464525f32cb3e36faae8600d4912a5bf43f0b95005741d70e671a1b491ad437b2308dc72c9031f9068769d20a5fb3a5bdb248496a44b55232849f9dbf2f076c8f0ed8436f93748cc0159936c955d5d3553e77a87cf0a9ba1988dd592151e51988afb98155df052eebf8a5a327aedb42f155a8cc95811f46454d3293cdeb8ced35203006e0ea1326913e22a26c549a5dfde512dfaccdbdc71b5\"","tt-global-state":""}
VM40:1 —————-
undefined
