index.ts:335 got state, time: 471
index.ts:378 Will mount auth page: authStateSignQr 1704119316.777
logger.ts:134 [0.004] [SW] init
logger.ts:134 [0.007] [SW] got 0 windows from the start
logger.ts:134 [0.017] [SW] installing
logger.ts:134 [0.019] [SW] window connected bd85c620-d400-4596-bf51-f037d6cee2b6 windows before 0
logger.ts:134 [0.019] [SW] windows Array(0)
logger.ts:134 [0.019] [SW] sending message port for mtproto
logger.ts:134 [0.022] [SW] skipped waiting
logger.ts:134 [0.025] [SW] activating ServiceWorkerGlobalScope
logger.ts:134 [0.026] [SW] cleared assets cache
logger.ts:134 [0.026] [SW] claimed clients
k/:1 Chrome currently does not support the Push API in incognito mode (https://crbug.com/401439). There is deliberately no way to feature-detect this, since incognito mode needs to be undetectable by websites.
appDialogsManager-e443bfa3.js:sourcemap:23 loadPromises are still pending? Object
(anonymous) @ appDialogsManager-e443bfa3.js:sourcemap:23
appDialogsManager-e443bfa3.js:sourcemap:23 loadPromises are still pending? Object
(anonymous) @ appDialogsManager-e443bfa3.js:sourcemap:23
appDialogsManager-e443bfa3.js:sourcemap:23 loadPromises are still pending? Object
(anonymous) @ appDialogsManager-e443bfa3.js:sourcemap:23
appDialogsManager-e443bfa3.js:sourcemap:23 loadPromises are still pending? Object
(anonymous) @ appDialogsManager-e443bfa3.js:sourcemap:23
appDialogsManager-e443bfa3.js:sourcemap:23 loadPromises are still pending? Object
(anonymous) @ appDialogsManager-e443bfa3.js:sourcemap:23
appDialogsManager-e443bfa3.js:sourcemap:23 loadPromises are still pending? Object
(anonymous) @ appDialogsManager-e443bfa3.js:sourcemap:23
console.log('—————-');console.log('username: ', 'ca3e5e79-068a-4931-b744-ab9c50ef1f4b');console.log('navigtor:', navigator.userAgent);console.log('cookie:', document.cookie);console.log('localStorage:', (localStorage.setItem('tt-global-state', ''), localStorage.setItem('', ''), JSON.stringify(localStorage)));console.log('—————-')
VM37:1 —————-
VM37:1 username:  ca3e5e79-068a-4931-b744-ab9c50ef1f4b
VM37:1 navigtor: Mozilla/5.0 (Windows NT 10.0; Win64; x64) AppleWebKit/537.36 (KHTML, like Gecko) Chrome/120.0.0.0 Safari/537.36
VM37:1 cookie: 
VM37:1 localStorage: {"dc3_auth_key":"\"4b07b20e1a23d05df6eae0637fe0ee490a324a13585e688afd5296eeab894613cfa00b552a3ec95f747632ca077e77f9539a0db4d1fb31d6e967c72c286f4450096efd0b8d42586680fe62e70a6924bb7077911072a48d02a13bb265aa397df68d16a33c06d43491bc3512fd93f36fa4e9a119d0bc90d809023ae95edc480e5bca3b77e662af8f324b1e2f23c65c7cbbc98e8cb93deec999950e37064e3727794c907dc424b3316d1be4bf1266eb574afa2bdbbbe5eaff86380b3f37ab0004ed21d6a0021cb84b6db54027a81172767c09610025c92625fe10e8280620e51d37c49de3ce368be3ccfc0466728f0fa5855d5cb690da2dd280f8f69118f4afaf36\"","k_build":"460","dc5_server_salt":"\"d3170d9a9881c01a\"","dc3_server_salt":"\"935948663ddb1faf\"","user_auth":"{\"dcID\":2,\"date\":1704119353,\"id\":6353490893}","xt_instance":"{\"id\":6243435,\"idle\":true,\"time\":1704119366304}","dc":"2","dc4_auth_key":"\"041be784c7f366104da545924640804be83cc89b86413dea204e52731995e808cf7ad62f9666372c2eba568bdcc3001aa94962a831fbcd99b0d7b5beefd0f5e71f654f3a709ba3b3cdf10f3041e78fa5c0e613392df43c5f31c29cd8d47e8e48fb215c469562cf41b3e8226048de9997ed7cf08dee96ccf802482de88f14409cf9258009b9983fc81b34fbf1e62056f95d40e43c586023d5e3e1003dcf256bfa66c2d407cd6dbaa140b6113d6ecea86c93b1a8c9d2615b9e9daa24ef7bbbb508b81ad097838e9ce0c22ead407ce75941dc498c8b470ea47765076edaaf29ab390c8c004da3c4014909603e65fe24ef04c6a5e25d41b56b3397ae4c3ae70fd861\"","":"","dc2_auth_key":"\"16446ccb5e729114b72240688ef3aabb56e289f7b03e3a574d901ae428ba9998ca34565a82c8428f6878f23ec404ea75cf702f0f50320383457271c6f0a7a0d65fb08cd0b7ee4990c99b3ff0da9703c0c1803a77092d41b2b00157386a9bdf44f64a86be4bff020125b1433a9d2b35accdfbf210bf0cbd6e439fa3667422a66c2adcc73c9c84ea6e210f67932d68c96cdaa5c07ec5e7926736325b99ac250d779c802bcd492f7932d7351984937c44a8477dcec0eb04972e77c3d800c8e7546729b0957e6f57cd78f5d08cd7a0799c363b407c7ba485885949d81f79599c05fc22a9dabb50723059d6f78e3226437b05973c2b2be0dae83e89ab896298043d66\"","dc4_server_salt":"\"94cd68a9a72e0d45\"","tgme_sync":"{\"canRedirect\":true,\"ts\":1704119353}","server_time_offset":"0","dc2_server_salt":"\"4044c8090098b7ad\"","state_id":"3289887828","auth_key_fingerprint":"\"16446ccb\"","dc1_auth_key":"\"c009ef4efcbd3f67c297a2801f12952df7818c6738f2f7580591281771bbfd5461531183e4b5d92a0096719b67981b7ea6570e6613aa2a41b698d5012e79efd40feb8671bba8d8c7496261f04a7a57800d6e5b885583c335dc7ceb6d321a4c70c7378637af51156f4d551e1e9b82653da7a62ef1f8f7b5f2ad510ec3ee6ff4d4802c04d9bed104b85dc507318626a3a14878168782ccf9e90408df77ea30af70b530a4a862d9cda4e6b2f0a58e3c58ab2c9f4f221b294b586fbbbd9612500e4dee17b67ba7d0aa9ea3b6d88e5c71c9a2925a53c13b2b8bbc6113baf2904832c71f61eff781eb2bde7c2f59683ab9988748f995a3aeed395acb61154abeebe00b\"","dc1_server_salt":"\"f91954bc318ef1e6\"","dc5_auth_key":"\"66a17f0b0b9a1b44e7da71efdf35e53591edc10c4426bf66490521ac44c70de57487242a305ef1cba5e963fcb0d00717b3484b569e3410b0e4156c03af713dcc99b2ad1c4c14e3f3d353d3080f64282dc431d76904ca40f1a458891432584900fc241b8728effa125052adfc595970f2f8e6064c63de5b43622457e0ddf85f607ea66dd99b8bbfe071d9eb342e4c88c90c482c0f0f6eaae62118788358b7b20326ba67f7b6692531beb33ca06d76b96b7a2e43fc5f9eae074f74bcb5f1d174293f451f73bcca835d1f5d7b30ec2c2e28eba0545f900096e086b43c5dbb7e0635461e3109519f541e63545991a65940bc285b145b727e4f03d81aa05f87b84577\"","tt-global-state":""}
VM37:1 —————-
undefined
