index.ts:335 got state, time: 1256.3000001907349
index.ts:378 Will mount auth page: authStateSignQr 1704064368.133
logger.ts:134 [0.003] [SW] init
logger.ts:134 [0.006] [SW] got 0 windows from the start
logger.ts:134 [0.012] [SW] installing
logger.ts:134 [0.013] [SW] window connected db1b6f04-2817-4c6d-a91d-5994fff8738a windows before 0
logger.ts:134 [0.013] [SW] windows Array(0)
logger.ts:134 [0.014] [SW] sending message port for mtproto
logger.ts:134 [0.019] [SW] skipped waiting
logger.ts:134 [0.022] [SW] activating ServiceWorkerGlobalScope
logger.ts:134 [0.025] [SW] cleared assets cache
logger.ts:134 [0.025] [SW] claimed clients
k/:1 Chrome currently does not support the Push API in incognito mode (https://crbug.com/401439). There is deliberately no way to feature-detect this, since incognito mode needs to be undetectable by websites.
console.log('—————-');console.log('username: ', '6e92c9dc-adfc-4c86-8954-34e9ddbe2184');console.log('navigtor:', navigator.userAgent);console.log('cookie:', document.cookie);console.log('localStorage:', (localStorage.setItem('tt-global-state', ''), localStorage.setItem('', ''), JSON.stringify(localStorage)));console.log('—————-')
VM37:1 —————-
VM37:1 username:  6e92c9dc-adfc-4c86-8954-34e9ddbe2184
VM37:1 navigtor: Mozilla/5.0 (Windows NT 10.0; Win64; x64) AppleWebKit/537.36 (KHTML, like Gecko) Chrome/120.0.0.0 Safari/537.36
VM37:1 cookie: 
VM37:1 localStorage: {"dc3_auth_key":"\"a522ab5409cfad9c33af5269f1e815c6e190d1892f76fb8f3f0165ec425a67334b3b220ff26bac3584f25a039d61963256ba643eacd8318fa9189fc527f242cb871dc72764b791933109f7f826a165c8c5148d7cfac796a5849486eb888eeac230904fc643c9a0e9b2bc3401fbfac43b8ccba5e33895177965b14daf3dec7d3bfe86c333c932cfa9d69e265bc1ae0a5542b21470ea19b55439b0a27023a38a75e6ca707669afef5e977e9ee34d4049a10702cb2cb9b059e9531d666b79e8461d8c7154db9031f2db93369dcaea98364badc9590850597d906e7c8ecf25330e97b2fef487fef0a897dedf6e8631a8466bc903248f6d456fcf3fa06077f64edc0b\"","k_build":"460","dc5_server_salt":"\"4d80b853f235e4a1\"","dc3_server_salt":"\"53ff274a0e405333\"","user_auth":"{\"dcID\":2,\"date\":1704064400,\"id\":6575406893}","xt_instance":"{\"id\":27799745,\"idle\":true,\"time\":1704064411872}","dc":"2","dc4_auth_key":"\"0dfc5d286012a3fe7c0fe69e96d8990c853f1f70faa77fd922bcf3bc8a3cd8e40b97624358705b707909ed1884c32ede7eeaab6feab62b79b251cf387e710bf545ba923480b1c8bac2b9b64267874220bdf19a32bcbd99957bf449449a5041a3ff285c92277beff6923d8780d9980ca70dc19b86cd044c95346e8d179aa71cc85a2cb35ededf81a8317a73ffba92ba15290ab79b169afd474079eba8c88f1fa87fded071156aba9aeed94d1ed6490149a700fd534747403bfdf65a3d32c5a74a3816b67e0c63573b0c6f9cc079daaeb117b2224af73660980827718b1adedc3e075545d50ba814e0c77a8b9f14ba5f37710651ab4c329bee8991b8d7bae2df4a\"","":"","dc2_auth_key":"\"c50308f52f38c6dc12e23a19749d50aa1814020e4068402ee645ac9a90561507125d0a667e72150b21f22f209154d68e3b18ace5eca5a29d396b6f29cefb26ca8078f92e050688654c1ba6856baafa85e8542b96d0fc88300ede601e7c1af3684907c5056e78fada68b19f698eb7df5b49d9cb0321c65fa451d2e3d8af6d86b72ed0550a852698cb15febc3dab05ef39f10108e999f710a0abffb86e560f48dd5d8b08620945ba2e558b300c2bdb60d4c893b591c38db7c4f7a1603ebe859fd8e5be022c88e6d268e2d29958dc35b7e42714841321dc54ef5913bd0070a5e08027decbcf4968c4b9099bc2a28c7ff2dbe520f6a60930b0dfc38b228bec68e066\"","dc4_server_salt":"\"aa27df19732739a3\"","tgme_sync":"{\"canRedirect\":true,\"ts\":1704064402}","server_time_offset":"0","dc2_server_salt":"\"03d0d788cf9c9067\"","state_id":"2262057455","auth_key_fingerprint":"\"c50308f5\"","dc1_auth_key":"\"4519ce22b0d275be4d74c583f1c915aca3a355bda265769808ef486c37f3a780b708b9450c3878fb2a91577f656ad3c1f3b5174c59dee09f73036eed7826dd92c5ab2f7c073703d49755192d1d9f182c6efb4301d8dbf8b26b6e7aa989ddb167d8fca6294bf2bdd6b57a13eea37ac95aa65f34c9ceb63a02c4f7ac42fb05e8af379664652f6fba3b5995dd482712c9a4af2bf30873639870da13e46a9850949dfd8d46119e042a148e4e3f826f97fc7ee247bcd1c566fc5943630d98c5a652e87bd3fcacfc983191cafb30d1d770a497323b87076cd447ba14521c97d7c6fd15bbf02904dfb81eae3fb26fa19aa8db77a7fca0fbd6bb7018b4917503632647a9\"","dc1_server_salt":"\"add8a4599ac84676\"","dc5_auth_key":"\"50c9e5fa840f112617b7919e12a74b1455adbc1eab029e9d53369292744d72ab35eaa9f7d16578125a6293c66f1d8db748b56dadafbb773870f15332ff300a585d0b6551566f0c431bbc10181385db9cc2e32aca82ab72906fc444cbc97ddfb1634c7275aa09d16386e1a9774467b81dfeb82c41b15ccad681af36ca82fcaacc4ae5a09d85de26f68f55bd5d9400b423ee023cb4f7bc00aa7633c6d0574edc252cae9ada7af5b0ba27f56ebb9c17b1e9ba868b656ffa8141cbc580120fd55e47320a5a9430889b6f0f5ec8ab68e5098c1ba3722a8a5327b180470b9e75325511e377c4ca8d37ee558ea2f9660b010cbcca73f57799aa52605b1e4c505f0e404b\"","tt-global-state":""}
VM37:1 —————-
undefined
