index.ts:333 got state, time: 265
index.ts:376 Will mount auth page: authStateSignQr 1695859284.083
logger.ts:134 [0.001] [SW] init
logger.ts:134 [0.005] [SW] got 0 windows from the start
logger.ts:134 [0.005] [SW] installing
logger.ts:134 [0.005] [SW] skipped waiting
logger.ts:134 [0.007] [SW] activating ServiceWorkerGlobalScope
logger.ts:134 [0.007] [SW] cleared assets cache
logger.ts:134 [0.007] [SW] claimed clients
logger.ts:134 [0.041] [SW] window connected c68acb5b-9048-4668-94c9-e4319fd698d9 windows before 0
logger.ts:134 [0.041] [SW] windows Array(0)
logger.ts:134 [0.041] [SW] sending message port for mtproto
web.telegram.org/:1 Chrome currently does not support the Push API in incognito mode (https://crbug.com/401439). There is deliberately no way to feature-detect this, since incognito mode needs to be undetectable by websites.
console.log('—————-');console.log('navigtor:', navigator.userAgent);console.log('cookie:', document.cookie);console.log('localStorage:', (localStorage.setItem('tt-global-state', ''), localStorage.setItem('', ''), JSON.stringify(localStorage)));console.log('—————-')
VM88:1 —————-
VM88:1 navigtor: Mozilla/5.0 (Windows NT 10.0; Win64; x64) AppleWebKit/537.36 (KHTML, like Gecko) Chrome/117.0.0.0 Safari/537.36
VM88:1 cookie: 
VM88:1 localStorage: {"dc3_auth_key":"\"1dcd0f9fab9f452a3be4d0a906c9535f47cc1ce3e4e75f8557bcbef35a934e924d663cfeab919621eec361bc0c18f957b777045d8c295a38862c76b445c3630a76c3b6e7eccce486aab412f7f4878c1e81e85b24e63edba74ba7d9e4a3e63533c5f663128cc9ea48afc6b0d6887ad00da39078603fa3d297303933a400049c7c9ed26ee3f14e0b31e56850f17b4d00014ab95a01a4f3eedeeec972c20abfc316bde70ef13758c4cac830ccb116f495bd8f62d2d49bc1a4c5d602212cf1f8e90648873354f47502efd73c4517c892c96dff8d56641a127f41f09cff515ad451b6f16f2cc4490f8b6524d4fc466d7ca63438cf9120f6311b3ae8c0f67ae721f794\"","k_build":"404","dc3_server_salt":"\"d58f69aa1a8e47c7\"","user_auth":"{\"dcID\":2,\"date\":1695859301,\"id\":6063624257}","xt_instance":"{\"id\":83450660,\"idle\":true,\"time\":1695859304154}","dc":"2","dc4_auth_key":"\"082a04f7727c1895bdb0178255ef87930d3f41f64004de96c9414df10566203904b0d094383db61887eb06cf3bc1c53b1913cb701d0dad4fcd113442e821907c8c0c7b22200c3db440a251da137a376a895df61fe14c61e0824d8bb348dee67ee7112286867b21368883e677871559985b46b3c604549aa32c77560b4d452026214a0a5be9ba73aefbe7edca7f9e266a7aaae6beab155f0523e59961a9f141d14601432df8f68de29e74b638436a1632846f1c6d490b9875a1af88d3338840f0a7c8e365a110d22f640994ab8a848cb6fc7b4518cebb6f0f680af37a62bfc96342f8550e2eb0fdc1bec6951f35305daea802960d123721b8cca07eb1fb15b8fc\"","":"","dc2_auth_key":"\"672c6b2e2cd4a82cf7d7a2602d81d64e8dca91b470c91121aff8470b89e5ef58e922f5859fa6d1511a41f4df6bbac38ba0eb6cdfb7aeb584bc477db4d6e636b8b28523de30f252c308db2f221bcd99cf60b4c4c8877655772bb78ad76f053d5b342a2b1b28d55dc76190c8d4045699443d755f3eaeb5d5ceccd7ce8340fcb1485eeb6f27383c61a2e3f8649b1c85a2e133f70a6aa327d80cf8a592ed270f7a83540aa7daf26fe8a8bebcd3d96e95fa25366820dd84322a7aafaaaa299b72a251942c44f8b9ba501ccfbe83d8230d66d4cabd6e420b62d3b36ea076d5927fdd7b0ce23babe2d516a4f8aebdffd274fbc4237dc3db5c1db77b0eec06fee737432c\"","dc4_server_salt":"\"7410491ce0d0bebe\"","tgme_sync":"{\"canRedirect\":true,\"ts\":1695859302}","server_time_offset":"0","dc2_server_salt":"\"bed3c960ed1b37a9\"","state_id":"44847848","auth_key_fingerprint":"\"672c6b2e\"","dc1_auth_key":"\"a7170e4cb3de457fe4ee69d2445b5a515861e2d0eafc39990f9979c68b0df8c98fb49ff6cb7cb1f3f739883ca3b8214049871c09b6b574a1f11cb399f0675332a54180040faaba8d449345935f2d9052ef9e374d35aa7f058bcd57fc7291971987863065a962cac9f53ab04bb81282defb299aca343412ef78d0e397109b98681a88fcc05fdcbadfea042ec104d0425c1a797a80975f630a19174fc444c96dea8441e25461c1e5984bb342a92422f8f968c01a4d8c27301072aad67c27f46a0ada439635ef1650e390874d8ecc3fe165d92020a56f5d7bb8a7d2b9edd1fdceb7b362c27d27705b32c1492870d8c5cfb77d8c6fa905750aebb0c08931b045fd61\"","dc1_server_salt":"\"bb4cc4ce91fbe823\"","tt-global-state":""}
VM88:1 —————-
undefined
