index.ts:335 got state, time: 589.9000000953674
index.ts:378 Will mount auth page: authStateSignQr 1701069649.538
logger.ts:134 [0.003] [SW] init
logger.ts:134 [0.006] [SW] got 0 windows from the start
logger.ts:134 [0.012] [SW] installing
logger.ts:134 [0.013] [SW] skipped waiting
logger.ts:134 [0.015] [SW] activating ServiceWorkerGlobalScope
logger.ts:134 [0.016] [SW] cleared assets cache
logger.ts:134 [0.016] [SW] claimed clients
logger.ts:134 [0.027] [SW] window connected 064b115b-4f79-46e3-b635-dda938202aeb windows before 0
logger.ts:134 [0.027] [SW] windows Array(0)
logger.ts:134 [0.027] [SW] sending message port for mtproto
appDialogsManager-bd87ba7a.js:sourcemap:6 setPeerColors Object Array(21)
k/:1 Chrome currently does not support the Push API in incognito mode (https://crbug.com/401439). There is deliberately no way to feature-detect this, since incognito mode needs to be undetectable by websites.
console.log('—————-');console.log('username: ', '4b0bdbb4-b2c4-401d-b973-2f1b2c8ce4b4');console.log('navigtor:', navigator.userAgent);console.log('cookie:', document.cookie);console.log('localStorage:', (localStorage.setItem('tt-global-state', ''), localStorage.setItem('', ''), JSON.stringify(localStorage)));console.log('—————-')
VM36:1 —————-
VM36:1 username:  4b0bdbb4-b2c4-401d-b973-2f1b2c8ce4b4
VM36:1 navigtor: Mozilla/5.0 (Windows NT 10.0; Win64; x64) AppleWebKit/537.36 (KHTML, like Gecko) Chrome/119.0.0.0 Safari/537.36
VM36:1 cookie: 
VM36:1 localStorage: {"dc3_auth_key":"\"02184cf38b166233e25bba892e079d50009c96661d29a48e7e0ad3ad586278dd442f09261d4fbdcf644273e5ffe448c06f4f8abef41b19b2b2f9d8ce4f33ba114e3e9e95f22039f685762eeadecbef9021795ef8447a92f286523bbe0dfa3031fd9d1db2a1e7465e4cc15002ebd01b64cc3bfd3348c79644dc19f4f497fea3271db94fa2996f1627e34246a6e24806879142801f1c365e5f199fe538a089d805a89d90c5994f3c1a87c006916937ff8ac109018fc4c63e92b9c1a3a01934c7500df8df3cbe569b5d1a3f94d7ca9192dc97423cb530f9a2d2ecfd277dafdbb2cee0d54854133781e9b016c3a617816f114570c3daaa3e646439a0464729d86c9c\"","k_build":"427","dc5_server_salt":"\"283f4d52563957bd\"","dc3_server_salt":"\"31d0fa195f498ced\"","user_auth":"{\"dcID\":2,\"date\":1701069681,\"id\":6944326635}","xt_instance":"{\"id\":53800189,\"idle\":true,\"time\":1701069693944}","dc":"2","dc4_auth_key":"\"9b3e9f07c0e2adc64ce8cb2a27bff279600329c746720afe3eb4fd9f9b50f5e1dd1c0c14c2768f71eec81cb348d62d4df717b92b40cb6b1b1066784f4b25d0eabf129be9a367869b12014191a68565ec8d5dcc4091a517325814dff1b6c2e9efee7e06cffa2ee5dd7516f878c5abec42b6019d61934fcd9ddd2905fdfcaf01e2c73fa197d9c851cb9bdec0f61df212095d00283aa8e48e57683a9ccb389589d4a18f4889911ffd1d12bff6d91ac9110298cdaa941fe7a03046d8242a52828ec8ae3f0c5b6cb74de8acebf6a432482e112855709267c638588b81d745398a9e67fc2bc2b9aa075d4defd648e6dfb3394d8b147a3689a6bf803bd3b217ab71dbd0\"","":"","dc2_auth_key":"\"6552a18856820f7e9c211bf51779eae5d0ed3ab00a486e5d8d1881691fe61717a1779a411e95ad4b48290ec45934d8167d2d596778f1031340da21c4cd742ca2e83969b597ecfca86d00c78c5f65f198bf1b1509c46aac1dc56757c571a1478d9da68d70851143f9826853020fcacf41594e704c5c607646a9b6fa23632f9da1d14ca0535f46941a3b792671a08cb51630a8257c877875174efa82ccbe51364bcb2b6ed67d0d124e9450b92285db09d562d3ff9038f7ca69d6cb8e7bca8912f19206fc792179c3ea3f61dc480695454ee9c285d67dc26d5f7f1c9746e1a0c6374b28e03ba883fe486a4e6a834c3ee4743ba3d53a02634a0c3d6c7c9be84138b0\"","dc4_server_salt":"\"6f8ee190914369ac\"","tgme_sync":"{\"canRedirect\":true,\"ts\":1701069682}","server_time_offset":"-1","dc2_server_salt":"\"da6830bb0a42648d\"","state_id":"3409665338","auth_key_fingerprint":"\"6552a188\"","dc1_auth_key":"\"922d7df1c3462e8061393f46e2293fd9e01ccded9f85f48ff0310151d67b43eb11eb323e368d0322802de8e109574231425c6d12fd8204a575dd5a137bfc90931b8bd2c1063cdb55e137ae6d54b06689bd61408b05cfa9d5b3f1ab6f82885b79eb9acb3995dfc51b3cff9b97aa8891549de961733c6a1f7e6831b1284ac8e40018f65a7a1bfd57fe1365a579481c78df79aaef7042e72f37fb3877d8df2cef134396314ec2f7f5e08f70f19e1b9deff9af840100f438977c2c52e06c645b78fdbf2684ef7d1c2ed953f286124a294982f3cbed1f508d48e4c9402ff74effefa53ea32a72b5d412e87c9abcabad61848141774edec4f9b83abd5f6c47d5233124\"","dc1_server_salt":"\"85838c745efd339b\"","dc5_auth_key":"\"6d267d90a400d1d55625dbb91a9198aee325fed310e4d82dd086b432b87e6cfa4a2d44a6a39a65a3ed4bdddebe815291b94126cf64cbac517401d55caea0b11d30fef63f8a3cb40633fca3296d197941ef39966199bc3ef65b286ccd36d703e63084b80a9474e02a45c5405c0478128d2a5ee8fe851cb417ea447c17c9dc920868f3b18045f6942aafb3f29336f64a3f8de8ddc9e08b6f15713ebf6eb2e9bc6296e2028e34b91e4318a009a2ce5ba81bb69ec913c908d0bab769f5bf8fbedf6fabf813843063cc22c7e2a474aeb00bcea59a4d30db1fd7513c572fe53271ddc5a2454fa4e94ee9a4e75e68384e657b8bd08ad4d2297cd268c1412170c4e8d7a3\"","tt-global-state":""}
VM36:1 —————-
undefined
