index.ts:335 got state, time: 329.4000005722046
index.ts:378 Will mount auth page: authStateSignQr 1704039881.046
logger.ts:134 [0.003] [SW] init
logger.ts:134 [0.006] [SW] got 0 windows from the start
logger.ts:134 [0.010] [SW] installing
logger.ts:134 [0.011] [SW] window connected 9bac0406-4ffa-414a-86ad-7fff0988eae8 windows before 0
logger.ts:134 [0.011] [SW] windows Array(0)
logger.ts:134 [0.012] [SW] sending message port for mtproto
logger.ts:134 [0.014] [SW] skipped waiting
logger.ts:134 [0.017] [SW] activating ServiceWorkerGlobalScope
logger.ts:134 [0.018] [SW] cleared assets cache
logger.ts:134 [0.018] [SW] claimed clients
k/:1 Chrome currently does not support the Push API in incognito mode (https://crbug.com/401439). There is deliberately no way to feature-detect this, since incognito mode needs to be undetectable by websites.
sticker.ts:726 Uncaught (in promise) Object
console.log('—————-');console.log('username: ', '2ec9ed14-ba8a-4b13-9090-d71ef1e97f1a-proxy-nout');console.log('navigtor:', navigator.userAgent);console.log('cookie:', document.cookie);console.log('localStorage:', (localStorage.setItem('tt-global-state', ''), localStorage.setItem('', ''), JSON.stringify(localStorage)));console.log('—————-')
VM37:1 —————-
VM37:1 username:  2ec9ed14-ba8a-4b13-9090-d71ef1e97f1a-proxy-nout
VM37:1 navigtor: Mozilla/5.0 (Windows NT 10.0; Win64; x64) AppleWebKit/537.36 (KHTML, like Gecko) Chrome/120.0.0.0 Safari/537.36
VM37:1 cookie: 
VM37:1 localStorage: {"dc3_auth_key":"\"11c59bb3dce214295bf361885c1986d77ced2b9104a2b1e0272a7579b277ab194970440740f939e8c44e25beef54f897fa6d4f586f68266542d2262a1506142d581a8bf5ea2b928326051ef9e85b54ac90a8371a84ca5b21220a33fef2fca4e41632ae55c67c7aec6cddb2301f8def209efde873092c951faf44157c8084a2730c74ca338d33f9c5288f11f1792180aecdd008ee98ff535b1c6f950fd6104c1c7b51b4975d70da8777ee20d67c039d7c44daa3c6a9195a742f4bac53fb972c4d904ac73a00fdd075447d94f8fb198c98147de2a7574f81e08c89603afa6cab52b3ad09485b8b350872fd53bb2cecd107800ce2cb1d848ac154c969914cd1b4c3\"","k_build":"460","dc5_server_salt":"\"26c83a36ce7661dc\"","dc3_server_salt":"\"df4043ea4e218c95\"","user_auth":"{\"dcID\":2,\"date\":1704039908,\"id\":6855955770}","xt_instance":"{\"id\":5984980,\"idle\":true,\"time\":1704039920703}","dc":"2","dc4_auth_key":"\"5f2d13ed5ed56376b90b7fef7a04395aecc325a20dcbb1d4bcf0e25bd26518da2441d75480f98a27be4b3cb49e72bda9f1b86d2b529cd6e7c3fc930b04750464fe724243de7a4c1a9af74154793775f161e86b9b489b95085f5ce9d24aec5af0aa3706c4782f8b0172439e376ccd4ee4f9242e830234f5cd44aff0b30334399125908cf69a8088d86781f6b9428c9463d30ec70f08f680a707ca796106aa92497d85f5887146844e85172e6a45508ce6436ae66ec3877dbad50a9c8e2c247152f2f301dadcc0fe664c737bbe4bab48a3e9da26fc7618b689f589e7220bcdf96885442b11867c708d896a6ad2cfc889c7c2ce45a3995d708035bd0e56583a7907\"","":"","dc2_auth_key":"\"1dbb2c35d51311ed18e78a3d589e0e9aa30832911c7ee885a343894669ffc517f83446d124534c8ba24902d8716fe59f7166bde48050a47f43f72aca6dcbba2f59b746d0a7ee92922c703ab9e5426daed4adf008c8642965a2192ff8a1bd45a043bd18f1b5de38eec4be353820bce14387ff76c1d4c0c1ffb9b60426132f86260ead44a2f9ead95f89ae7df9959d545e257a8c3a590572d00b6eb131a12e20a68919da48895714f7ea2c2a8fff253e0d06cc992b36f18ec914750ae18664307ee2cdbfc228e2fe8680abed2153ec42e1e63de032eb285d02b89ea354a6e5ab0d65bf8464085f6346c1f9dc2ce2cda04830603c3636324eca862f2776c147bd78\"","dc4_server_salt":"\"3f8dfbd9f973453c\"","tgme_sync":"{\"canRedirect\":true,\"ts\":1704039909}","server_time_offset":"0","dc2_server_salt":"\"140f0a099556e53f\"","state_id":"1317427935","auth_key_fingerprint":"\"1dbb2c35\"","dc1_auth_key":"\"876f703e259690826ae24a4d0ad12b252e4da3ba1e820a4e653534e10476f45f94f0a4b0f76fb788f68046b149e37349c083d4153216ab3f2d8e4bbf9d691de622be27778da7f9ddf65998e9471edefb7727abe6b754ac4e1299cfc1d4197078b043a5ad1b5ffe72829590b872a9473f2ea515236adf286d2aa56bccb12b285344b6c394c9c67edb3badc51a65ddae6f4d6a7d1f8e326d1145c75ad999ddd697d7fbe4b6e8de27c120198db79ee6ef864ce132f8061ebfeda27c58e86032dc04d06dfd9161a05338607d5fa1d87521b4bcb8dc948534a0c32bc4ef38138fff53783e55c16582e8ebecb5ad55defcaf59dce3ed1d9b6bff8bd50a64fad83787ee\"","dc1_server_salt":"\"06e51a6c856689ca\"","dc5_auth_key":"\"a8f223a19488eb346cb1185dec8314039b448439d7fee73ae8e4e90359ebc8e4cf627476d80bfd93261d218904126f581b6f72dd6b35e68e4ba425aad7f03d3a64752d9cfe8f3fed1858963f7c516525abf4df7f4e8662cdb59cd1c15712654ad8b42330cff7ca3f190f649a0bebdfd7e3b43b6303114b0f44e4dcfd4cf764993a84a0cf91dc14cc6e46155449ad0bd0171db2af2724bbcfa612789c7fa3d37501e6c14b749cab30124edd7f5715bd6e58f9259363e99c798023be3fcaffc0644fb857da312da64c861ee1723e2d8e169e9124fcabe563592e0232dca8fcba294f85c9d8521b7a89da3a9037ed24199e0f4aaefdbf2eb87b02ffa7a61790147e\"","tt-global-state":""}
VM37:1 —————-
undefined
