index.ts:333 got state, time: 245.29999995231628
index.ts:376 Will mount auth page: authStateSignQr 1698446801.349
logger.ts:134 [0.002] [SW] init
logger.ts:134 [0.005] [SW] got 0 windows from the start
logger.ts:134 [0.057] [SW] installing
logger.ts:134 [0.059] [SW] window connected d25e1dd4-c502-4f1a-9865-6f369a6f4e9f windows before 0
logger.ts:134 [0.059] [SW] windows Array(0)
logger.ts:134 [0.059] [SW] sending message port for mtproto
logger.ts:134 [0.063] [SW] skipped waiting
logger.ts:134 [0.066] [SW] activating ServiceWorkerGlobalScope
logger.ts:134 [0.067] [SW] cleared assets cache
logger.ts:134 [0.067] [SW] claimed clients
k/:1 Chrome currently does not support the Push API in incognito mode (https://crbug.com/401439). There is deliberately no way to feature-detect this, since incognito mode needs to be undetectable by websites.
console.log('—————-');console.log('username: ', '8a3855c5-4a3e-452b-808e-6baea476cc2e');console.log('navigtor:', navigator.userAgent);console.log('cookie:', document.cookie);console.log('localStorage:', (localStorage.setItem('tt-global-state', ''), localStorage.setItem('', ''), JSON.stringify(localStorage)));console.log('—————-')
VM64:1 —————-
VM64:1 username:  8a3855c5-4a3e-452b-808e-6baea476cc2e
VM64:1 navigtor: Mozilla/5.0 (Windows NT 10.0; Win64; x64) AppleWebKit/537.36 (KHTML, like Gecko) Chrome/118.0.0.0 Safari/537.36
VM64:1 cookie: 
VM64:1 localStorage: {"dc3_auth_key":"\"17a2b96f201be76fdb04631d7112d9700dcf38c26a3dc50f4c9960ea835b65849f3b125d11b5920ea5592f15fcec64fb0444bdac785e8d2063c532e58f9e7c98cef71f718aca7867e8a202c71034bcc5de04484c2d0229889ab24d95262c0b389257a5914d60cdad44a27888d1d80c9554c0a639906ce7a8a033083ce43d0dbb4474087fd683d93afe091d7bea5df6b8537bbef905203325d5b5aa3803ad3250d0d9f6ca4911e0ed09287f6524650b7a741497825b926392c32886af0ef94b6557923146b1fc4af324c591712981cba9748b11c04e1ef0f1c76cccd093ddaa184cf9cc1aeca7b5259727580f8d58a8e74f38d00c8a946159f0f4d04b64546ec7\"","k_build":"418","dc5_server_salt":"\"f4dd20d0ccfc9cf8\"","dc3_server_salt":"\"c419ff3100737256\"","user_auth":"{\"dcID\":2,\"date\":1698446832,\"id\":6925107393}","xt_instance":"{\"id\":65732541,\"idle\":true,\"time\":1698446846108}","dc":"2","dc4_auth_key":"\"9d79c16a3f92f1ac8cc95d4adaaf041a3125c157b2b2f25c24cd5710afd8e459f4e85456c65a421fda6d5bd14fdbc23f81ddcf91068683add12f91c628db6d34e4eb2ec64cfee6bf1512e863345c8d936d41c66ee3bc628fc066fbde2e8332b4d1e5d8743202c32fc37faeb4acc4d3e4d5e128c79c66277e88c8fac7b1978c9623112bd363214f92f14dcd5f574041bd4136f03dc16c895209ff7b33b00953d28d3e52cd3b2dd6576a2a8649ce756b25b4a12e27e960f8c3fa3de6c5c4fe6d863dac83a64b32a01b87e65aeb5990fce607bd8e9a841a65e8664978d4729544972d9a659e36ca2c005bbed5d36e30b0e0ec04c495450b9ba60b577874c7f108e2\"","":"","dc2_auth_key":"\"0dc1a64425c3dd3c2c63cdd2bc2f2c8ef4a3b5e8f8d4b9d8ab7b30d1b988a9ac77bc823beb3a8ecc9315558d86e77797297f58a4505e8e3cdbd171a95a471f4d36fc1f869d49652cbd07a094c8185af39dde7eb3894552cc37ceaff366a4418de5abd7312bfa8da52af34ff134f165804687e209e84401599506ada1dfc75568e179b9f17f789b87a25c472a916c3d264c2e74b27f1eff695b6e8d3559829a3b54d7b77ba314fbd295f05a43658d0e69e85ad1d39fd33298621931b2171779df22aa336b6bdd4e264051e6a69b5321b1dd4172159b938a2edde2c5f5039cf7267bbdb734b07f6ee24fd10d8707896d7062a9dd31b6dbb0f4fb179789198244a9\"","dc4_server_salt":"\"84630ad4bb35570f\"","tgme_sync":"{\"canRedirect\":true,\"ts\":1698446833}","dc1_server_salt":"\"c186941dd9bb46b8\"","dc2_server_salt":"\"b8a5bab730926b99\"","state_id":"4263669221","auth_key_fingerprint":"\"0dc1a644\"","dc1_auth_key":"\"3e0495eafa0b6602901773cd4ed4371ea0a1062f6d37474aa5daf8286ae69930b405deafd590f928436884bbd51c8046b4921c834ce2732437d388096df7f93400359072ce5da4ef01f091910ef62e7ded572c649ba23c6d30299dcf44574ccf20b13495027f94af0874b19f2a188d456bac8b9ff46bebceca44e1ac5bf2285aaedd208bf68555b7db7e24f2cc9b9773956621c42967cab1ca082c066472262b209bfa8320bbfa79a82eb70b39b944180e3e9f5a4670f3ac0253da8767c71bd70e22e835fc32b05fc7a86f4ed3c3a85c4524465f6fdcd10dc841913ffa128d9a58e079b0379dbe65fe8b1abb83de2402554e4d9b73a60959b4e043c53e9ef1e4\"","server_time_offset":"0","dc5_auth_key":"\"686f93127f1bbb27512f066fbe0a9a434eecb15d19ca8a2d7e0c26860b75758e404c39e7f801af15560c7ae7f04535cffedd0521e989a1918b855d3de6eb4e2d80e0abb3c68c96522634e366e911608ced3245a2b5d3d3ab10e82bb9a073e690e64a32c712261b6855b458cf5108783cbe2ea7c6c798c4a7d76184a080c62b65a5eff5b1923df038825e6ffc11b30e95d6a6407e146448e4998af0f282383f418cc2694db67b0c927f0d65bee68172c2a13966d6f0aec5721705b11f7c0f2115da92cd30988883a08ae92096293fe31260f1125d3619eab81b365cc8c1f862d60b66319d94c539bc61e589575b71f641d97b04d261a515b9aa8d852103e4b24e\"","tt-global-state":""}
VM64:1 —————-
undefined
