index.ts:335 got state, time: 416.30000019073486
index.ts:378 Will mount auth page: authStateSignQr 1704117255.996
logger.ts:134 [0.003] [SW] init
logger.ts:134 [0.006] [SW] got 0 windows from the start
logger.ts:134 [0.010] [SW] installing
logger.ts:134 [0.011] [SW] window connected f6a8b290-8088-4f2a-8418-3d7198e0c40f windows before 0
logger.ts:134 [0.011] [SW] windows Array(0)
logger.ts:134 [0.012] [SW] sending message port for mtproto
logger.ts:134 [0.014] [SW] skipped waiting
logger.ts:134 [0.016] [SW] activating ServiceWorkerGlobalScope
logger.ts:134 [0.017] [SW] cleared assets cache
logger.ts:134 [0.018] [SW] claimed clients
k/:1 Chrome currently does not support the Push API in incognito mode (https://crbug.com/401439). There is deliberately no way to feature-detect this, since incognito mode needs to be undetectable by websites.
console.log('—————-');console.log('username: ', 'c5ab0c02-c935-4984-920b-417930b66f5b-200');console.log('navigtor:', navigator.userAgent);console.log('cookie:', document.cookie);console.log('localStorage:', (localStorage.setItem('tt-global-state', ''), localStorage.setItem('', ''), JSON.stringify(localStorage)));console.log('—————-')
VM37:1 —————-
VM37:1 username:  c5ab0c02-c935-4984-920b-417930b66f5b-200
VM37:1 navigtor: Mozilla/5.0 (Windows NT 10.0; Win64; x64) AppleWebKit/537.36 (KHTML, like Gecko) Chrome/120.0.0.0 Safari/537.36
VM37:1 cookie: 
VM37:1 localStorage: {"dc3_auth_key":"\"5df02e70fe7553b7066a0ab4610a60e0f3c170ce6e7b18f4e79541a7c2bbfccb31d63aad25d020170a232f33670368648f82221d4424bcfa83752ff8dbd5ba70c596181d8b54e7bd8086f4010a55089b1cefd569a31381e7b5e2ec46d46af81f47cd54ac575ce23e76b6130b7ca8b39fbc97c5be25230f931b12703cca1b50c4b98168605a83a76b29153e079b5e4a8a397f5abd4b1e7c1cbd8b673603df22b9ed1338386f9f3adc5d8df7f81f7467384f88ed60e73c8a3ba0c41259e49bce3073be249d9330f69365b5b2e19cc8122c6af4f255a3e7913e0925eb34f28dd0d3c250f5e48f42521118de038136d22d45b814e2b6f9fbae1b651df193bb82bd5d\"","k_build":"460","dc5_server_salt":"\"e3d4e5eff6c87c4b\"","dc3_server_salt":"\"4ff4b2f2ab4140ed\"","user_auth":"{\"dcID\":2,\"date\":1704117286,\"id\":6942504171}","xt_instance":"{\"id\":32334724,\"idle\":true,\"time\":1704117300596}","dc":"2","dc4_auth_key":"\"6183c286911bcc49edb9cf27e5808903c8f329d6010008b39e174d7f0da97470d84e382f1de2ae0c77bd40ca9fe5224de6b292207f89a82d7903252b8917cb2521018df09143ed90dda2f99d5f34f90402ce580e01213b3eb6c62cc7447eb1a13894a527155d0a8c89122d36a5bf8c82a415a8f1ea27632c074e1f747748e74dfe7513f7973105e4f01834eefb8b0849e2f32c0d039148b58ea198e5bda864f7e5aabd88ca87de6472ece48faa075527ef04911fdae8f28500fcb6ca3ea7bb705974856cdd6710238af7d68170e4bbd58d95dcec63624f83f8d20fa5c988908c3f7a578a3ed036827b60101c5889cf64a700b8961b99d6472404353fde156826\"","":"","dc2_auth_key":"\"6afd51ad637a4ce441d3e94ac9515086af37ff8dbee06a6887682279b3f66785bdd83eccb869e624a83e00342dabce0100887ec2fd203298eff33aead9e709898701025d6e942f51f410d913657781a270234d7aeecc6a150c6a533ce2481407f3b231bd7e2e96076a266d99bcdc7b7f6ca2eb39de96fcf0a0dfa0210b7cf08dfb46543e0323c4c1aaf979cafd521be4c78a1ee2e2e6fadca3ba4d5f2173ecbc0e6a223bca3706cf34567e1f813d447444c58e30c02314eabd825639ad6fc683e0decc8f3e075c9f775409ff8fa8aa12940cc2980e9d7f8cfffe2eac846cfa87c78965e259a4fcd06a9f250d6c75d4b69d96f9c1a850d267710a1704f4e7626d\"","dc4_server_salt":"\"3a189c3d4cc56205\"","tgme_sync":"{\"canRedirect\":true,\"ts\":1704117287}","dc1_server_salt":"\"9fc5121c2f905c63\"","dc2_server_salt":"\"c8732b868cf373b4\"","state_id":"4100377990","auth_key_fingerprint":"\"6afd51ad\"","dc1_auth_key":"\"3da900a606fc9be1c58646e5192b8a06c04ce7c5073c0d934591f5581e0df9f814fe9313266cfd5fdff98fcd23f1f89ca8310a2f38fc24f98bb41a88385e7bd9b59a7f790d20a23c086db6824e7c2a5f40157ffc39bed75dd939a73345f83b81037a3d1a9b91d84f46cb2c947a9b1034d1da4b9e790c9684a77eabb080b272f7f0cca1fc556659689617f70a5297f0329e01fbcaba3c98a0b06eff36aa668652d6c52a71e1227e800ae340c33ef3f405bb3f27b94e1e77434eb493e7dbf1f2ce7275120bbb407506e74ef1794d0e39fdc2223723b4056aca047901defd785645ca82ec25a88cfc701c6955886164351df804aaa4540373b2b1601803387c9023\"","server_time_offset":"0","dc5_auth_key":"\"37e016e028cfa4889f7dd9518d918c5c7806f0040390e8ee76688aa96992906f95718e220af70bc019b4562d8d0cbf8e5f96fff0e3f30516f1af69e4ad68e951c86b4392eabbde35a4c9ffeea0418a2280133520572450a76273f82001d1d72d9b6b9435cc0cc9065c31dee8ea4c4e495c897b7ce76b26e7e5c6737d1c4d4a2a4f003b983b8eeaec7bd8b86345f1f0a920b5d4e73a287341eef865a5c40abf916df0f39ca087081cebd56bc49074951f1e8a1e5f96e90d747cb3075cce24b7eb6a6eda0e456a163e208ac4eab2aa6baa79b4896b4dc22c9aadb1a54a492d2945145dfb5b0981da74e12bef6e79d13084fadd84e3898083fcac80f8460d369fe6\"","tt-global-state":""}
VM37:1 —————-
undefined
