index.ts:333 got state, time: 262.40000009536743
index.ts:376 Will mount auth page: authStateSignQr 1698425757.736
logger.ts:134 [0.003] [SW] init
logger.ts:134 [0.006] [SW] got 0 windows from the start
logger.ts:134 [0.080] [SW] installing
logger.ts:134 [0.081] [SW] window connected 6e2bf8b0-fed5-4a0a-a078-30f67d1d0072 windows before 0
logger.ts:134 [0.081] [SW] windows Array(0)
logger.ts:134 [0.081] [SW] sending message port for mtproto
logger.ts:134 [0.085] [SW] skipped waiting
logger.ts:134 [0.091] [SW] activating ServiceWorkerGlobalScope
logger.ts:134 [0.092] [SW] cleared assets cache
logger.ts:134 [0.092] [SW] claimed clients
k/:1 Chrome currently does not support the Push API in incognito mode (https://crbug.com/401439). There is deliberately no way to feature-detect this, since incognito mode needs to be undetectable by websites.
console.log('—————-');console.log('username: ', '1746abb3-2d22-4a5d-bab0-b76dd1cdf4e2');console.log('navigtor:', navigator.userAgent);console.log('cookie:', document.cookie);console.log('localStorage:', (localStorage.setItem('tt-global-state', ''), localStorage.setItem('', ''), JSON.stringify(localStorage)));console.log('—————-')
VM40:1 —————-
VM40:1 username:  1746abb3-2d22-4a5d-bab0-b76dd1cdf4e2
VM40:1 navigtor: Mozilla/5.0 (Windows NT 10.0; Win64; x64) AppleWebKit/537.36 (KHTML, like Gecko) Chrome/118.0.0.0 Safari/537.36
VM40:1 cookie: 
VM40:1 localStorage: {"dc3_auth_key":"\"b94ff537bbdb7a9679718a4afedfd1795419df4876c9044e48611a229de0f39b35dc42ebef1042270643c062276d34568fccbeb2ef2181bd54eb10421e03cf9108e087c92c9f36b7073eef674cee99a1804e215cfbaa69188478bda5ef46c4f32aa879082b35d461b6c9d7e7ecb0f6e84d5e6805b98690fa8ade4ac1bc7b448dd03819cafaaceec573abe23f3d02e188ea4b07f961f5b32e3f80791ab7c37b9312aec7fbd0d0fa1d309d9effe93716a86f38ed1f3ffb2a6bfb3e4983927f32dc467ba4896a865f5751716fd2d1221f9985c7c8369b792e50371d58a752ca7de877604b2045d104ba398e2140c298e3044e51fcf385896106385be8bf944af979\"","k_build":"418","dc5_server_salt":"\"56cb2b42398f646a\"","dc3_server_salt":"\"c0450b3f0619d085\"","user_auth":"{\"dcID\":2,\"date\":1698425785,\"id\":6926066200}","xt_instance":"{\"id\":3672556,\"idle\":true,\"time\":1698425797470}","dc":"2","dc4_auth_key":"\"9bbceb872905e43aa56cfe326b428588d5018675620dfe69ef442b76aef721018e73d54bb758ede60d9cff0148d45d14f5adae1221a765b02dd3259922b7a38de0aaa862d4a471ee54607e39a8b6d8af5a17d9951d31d8a210d7891ef0604c2879e1046e435f0875c327b2b409bfc4a37752d301361056b7fb230e25f5edbf8690c20d60bfee7cad9109216682c89d2069bb91719e377ef4fcaeeafff24ca3e4d2e71fc965ba7e4aa1bfc3881a9f0688d3df7b3ff4578b1aa9f7ce2dd332a4b6dfe0b200a2a00dc936f16a30eaf26372494f2733d3866882e611e3334654997ebe9864d62175f353711f764dd37285a16140c252de98c0c13a00a880a722e14d\"","":"","dc2_auth_key":"\"72697a3fdbfb3095286500e1fd9449969257a895003019a4f3dee69bf29590c69a9161e5e6ce512229c8b6d6c958ee0e84bf191fc3a6fa1c558cdc11facf4ec280f0326f6ff9e5ad357aaeafb99b46f6fc01b790ee7cc93051562285ac1cffff8731d43b53ebe151187263332908a52590413b5904583c4eef3227f794e08fa1cdb3c1e1dbe81444d2374e5d23c2a24085ba798c361de7364da1f1569045f0e83f8c8ea61b968ea34e8cf2be1bdf06d899cd46560ccc6fc3622278a58e29a9f675e2a1f91ec5bf71f2e863afefdde2984fbc0a33fe91957397f7d8ef2a572b7ed9529ee8cbd2c97928e35b2dac5f0407b0a88a7e3477fac429d9efae2a669b22\"","dc4_server_salt":"\"3f022688441ec5d3\"","tgme_sync":"{\"canRedirect\":true,\"ts\":1698425786}","server_time_offset":"0","dc2_server_salt":"\"210750524777ce3b\"","state_id":"2585033645","auth_key_fingerprint":"\"72697a3f\"","dc1_auth_key":"\"2f7964a90414f38992c00da9770c27bd1fc1359c82269336df7b0a3f27393913cfb237c45a5efa8e503c6808db396a44b84c27cdbc52d9974126faa68a7b2d74d8d9edaff4bd396bb1511e956b4ca6d769d84ced0000291b65f38031e775aed50b0a02dc596e01a96c9a248cffb3d6d091c85c344ad003677db00301ec5f7e9a38e66897223a79c953435e9546d1a04751481e1b23adf0ede9c7038661caecb40653c94a4cc9d9e14ddf8a6fd6b531d227ddf2efb93489b9db9246a26dd007abc8179949dfbde96f17576af5ddd3bb9d02279c2f478806802d48c134a7ced289f5b1742b6b9d7d012ea17ea7a5fce27168c1e00f5dbd4a6b2feebcd57c09004d\"","dc1_server_salt":"\"05efe4dc4b7dfffd\"","dc5_auth_key":"\"11c17187f587dbe307a1a3631d613f6dc56e9a507938a68aed51150e8f678e1ba83bb81f2bed6f0b5cc02318b07fee5b1f3dfc4328f169a3e1b833c3179cd2f5d21b5c03bd5034e87b371275804adc813878618b923c7fb72480e94983ca45736d5663a0c4f249f0db486c871b0b494f24b53f068b3637d4ac4d3ad74c7f9d0c283979f5d0f00828b99ec7b06755980dfb65b1a44250bba3934446e2a859471bf2eb649c7098b547a783a0bed88ba5b396d2b60366784b5ae7608fb77dc3b8b952ec7c53861c3c7f3053920816cc01a3b67b037eda2acda89899dc96d5c9a88773e83303ccfcbcbc6550721051cae038802be8556fd9d2f3b927c4ccb1680af5\"","tt-global-state":""}
VM40:1 —————-
undefined
