index.ts:333 got state, time: 348.60000002384186
index.ts:376 Will mount auth page: authStateSignQr 1698008272.976
logger.ts:134 [0.002] [SW] init
logger.ts:134 [0.005] [SW] got 0 windows from the start
logger.ts:134 [0.009] [SW] installing
logger.ts:134 [0.010] [SW] window connected c3a892a4-595c-490f-b879-bdbc68c2dd62 windows before 0
logger.ts:134 [0.010] [SW] windows Array(0)
logger.ts:134 [0.011] [SW] sending message port for mtproto
logger.ts:134 [0.013] [SW] skipped waiting
logger.ts:134 [0.016] [SW] activating ServiceWorkerGlobalScope
logger.ts:134 [0.017] [SW] cleared assets cache
logger.ts:134 [0.017] [SW] claimed clients
k/:1 Chrome currently does not support the Push API in incognito mode (https://crbug.com/401439). There is deliberately no way to feature-detect this, since incognito mode needs to be undetectable by websites.
console.log('—————-');console.log('username: ', 'aca6d67e-414a-4841-a998-dfdb1ee746f2');console.log('navigtor:', navigator.userAgent);console.log('cookie:', document.cookie);console.log('localStorage:', (localStorage.setItem('tt-global-state', ''), localStorage.setItem('', ''), JSON.stringify(localStorage)));console.log('—————-')
VM40:1 —————-
VM40:1 username:  aca6d67e-414a-4841-a998-dfdb1ee746f2
VM40:1 navigtor: Mozilla/5.0 (Windows NT 10.0; Win64; x64) AppleWebKit/537.36 (KHTML, like Gecko) Chrome/118.0.0.0 Safari/537.36
VM40:1 cookie: 
VM40:1 localStorage: {"dc3_auth_key":"\"adb59cba8d56be83d0980d94566cc197d40b8071938562cfa8b8c0a16cf56fd4fae9574da843fbb7f42b413167e83edb33615c4301d72b645e7a4ea24b9a0396268425c01bd6b93f0e2a1837f6d29c974293d6537ffaf0a4dce9a0f0a16403d1da90b9a4a783842a6711c9acfceeba9b3bf6f29c1c38bfba1e9f6821356fa526be584a71998d848607871900ab5a3fd4a81cd702397040db3e12ab8f947541f44acb4c3d83b87588730a2a0f37cb830b517d0554220a9555248776ce876a98f9554508eb5d4fb5fb3436aaf918a5ea2fc34587ebdad89466048db5f6901b88d716f1966b1a50b8a8dd1fe9b84e3830e9778db6903fcbb7f0cf1538627b420c6b\"","k_build":"418","dc5_server_salt":"\"3885c1a3c5611667\"","dc3_server_salt":"\"6394b3a6a5b96075\"","user_auth":"{\"dcID\":2,\"date\":1698008302,\"id\":6946051430}","xt_instance":"{\"id\":18256767,\"idle\":true,\"time\":1698008312624}","dc":"2","dc4_auth_key":"\"bd643c8e8dcd6a731b6cf164d941bc3c76a7ea84e9246c3946147970277164ea2477ff41e2ee4f2e88a36b4e22805f499807e88a9ed58164d93d04760009a60b700a36fbd22c23f741f98d5f5b710616fb7d59352133fafc26604b3dd56ab0f0748a14df5a65b14f23c3b76827adb011e99709fb3dde97500bedc14b7d0d85570780ce4caeac53f68a8b5621ead5867652a676dcd2e8b167dce480e7fef79296ad23e02bc8f2ba48b93eebfd0fb672aaad5733f302ef1ced3b15cd7d39e1c1c9caf317996673851d406c14e376c74d3ee7eb7aeaa77284493547f0ac95629a23d749ea0a6f332c9722f4d718284ab0089791b6ec8440ecb03104585dbc3c11d9\"","":"","dc2_auth_key":"\"23c68a6de81874e62f36330662064c6ddd6649a13417f12a70639e236b5b7cc2f8407bdcdd77e5fd57d286ad87d77629506d133281434a7090f4bb61c841247922580f1bb3079ef0c34b8e10fd61472f9598915ec3156bc30f3d2b1d53ab7aa55f5daa896e90efd2e59557850209cd45a015085483e47fe784411b26910e886fc1d7199489ede1574d3795d29a68a81825cf2d50861c550cbd1a2137f585f7f7db109ec8f8fa5a0d278906396e9325b23a287ddbdaa3ce32f1ed2ae2847dbcce8e1417cf7efb1f14fb80732abb1ffdf74f7b4c5d42cdade03c0536cb363462be885b54df7e59469d7fd5e1bfcb8091e768b2320646ebf3771af5270ed6988626\"","dc4_server_salt":"\"e0bfdc75a682e4d7\"","tgme_sync":"{\"canRedirect\":true,\"ts\":1698008303}","server_time_offset":"0","dc2_server_salt":"\"0aa72dcac489a4bd\"","state_id":"3620653494","auth_key_fingerprint":"\"23c68a6d\"","dc1_auth_key":"\"88821325060045f0d42aec20a2c534bba4e3fc883f687c273b4b0747f602672cbe50310e90c156ff5f0c3612aeab27d005c5179e0d08e2b0509a9123fca2970dea88930eb686eefe55912a3e475e5d548c73916786f228bbedd0466cfd8b9b36a9da2c6424f6faf3e04dc12f41ca186d2f51c8ea9abb8f46bfd939dd07b190ba87f0a6bb63305c33016585fa2d3fc55634e5a9f2e308d57c1eb3c470fd2f5081c0432a9fed9c58a20b97b06f3e8f2f5ed1e67da67de41b32bd4fbb7570d7908c531f362da84a2483779aace84d225f410b0f396c5f391255b4d27ce1d86b6abcf2fe8a04962a74bae39cda986a100f783b313887f53c19155bd29c541ad66829\"","dc1_server_salt":"\"696cc1cb5be1181c\"","dc5_auth_key":"\"bce9d58b5b6ba099994a36183a63e7ec32a45f9422a77fe23c60b9d89a74d466e814020a27cb9701b176714ea0e4705faffec2526dc555cca42a5b92d4ea241eb68223ce7c6da6a773e383bc40712e61a53d47e8b0dd281e22c386fd994d25eefa98ae6192e71c99f594ca953ead31bc4d5c75c4495d049a016421bf7951bb495b04319b9d3d930b10e27795f8fff983476eba57039ea4b1207d7c67eb1188838702f5e1e7cdb00da3e2a0a66d71283a3e9b12346c53ad5555eae492b65aa961acd5cccd02a08240bb4ae9e89a5152db223d3c0f27b53a788c8ab431065141b5b88a0294ed522fb36388ad5be68f141bc5a6537644b3fdd138f355a53ee5b4f2\"","tt-global-state":""}
VM40:1 —————-
undefined
