index.ts:333 got state, time: 252.29999995231628
index.ts:376 Will mount auth page: authStateSignQr 1698453510.5
logger.ts:134 [0.003] [SW] init
logger.ts:134 [0.007] [SW] got 0 windows from the start
logger.ts:134 [0.015] [SW] installing
logger.ts:134 [0.016] [SW] window connected 38e77b79-fc7a-4407-a34a-33698d440de2 windows before 0
logger.ts:134 [0.016] [SW] windows Array(0)
logger.ts:134 [0.016] [SW] sending message port for mtproto
logger.ts:134 [0.019] [SW] skipped waiting
logger.ts:134 [0.022] [SW] activating ServiceWorkerGlobalScope
logger.ts:134 [0.023] [SW] cleared assets cache
logger.ts:134 [0.023] [SW] claimed clients
k/:1 Chrome currently does not support the Push API in incognito mode (https://crbug.com/401439). There is deliberately no way to feature-detect this, since incognito mode needs to be undetectable by websites.
console.log('—————-');console.log('username: ', 'c637602e-3962-49a2-8f99-bc00d2cb9a7d');console.log('navigtor:', navigator.userAgent);console.log('cookie:', document.cookie);console.log('localStorage:', (localStorage.setItem('tt-global-state', ''), localStorage.setItem('', ''), JSON.stringify(localStorage)));console.log('—————-')
VM40:1 —————-
VM40:1 username:  c637602e-3962-49a2-8f99-bc00d2cb9a7d
VM40:1 navigtor: Mozilla/5.0 (Windows NT 10.0; Win64; x64) AppleWebKit/537.36 (KHTML, like Gecko) Chrome/118.0.0.0 Safari/537.36
VM40:1 cookie: 
VM40:1 localStorage: {"dc3_auth_key":"\"72f2c7b908492395bfb30d1b8e2447604ac08ec4c558cefb78e8980d6c7021da744bcf975d7976c7fb1c531f8c4fd6a47d2681073b6afdd111487fa787ba12d7dee67ece5539a966018aae4548fc37ac751d3d18c2b0d89e8404d5d9f9d4e5383f7c0bf15aaaf8a60baae0df075dad20b46772ca1d01b74bcac3bfcaaaba6375e334547ba85251737b5d90a653300eac823a35c9ea0423b267b3c02ed8aa58c65e5931afb5763e71f825709285c88ec60aff91e13fe572bcd29079b5d264d565b5cae18da5d11ff62e18b9bf4201629186ec9188595f25b92af47959a34633d913f5bd618c01bca27561ad178563a6725cdc03dfa17d6b62bf30bccca4dd7456\"","k_build":"418","dc5_server_salt":"\"b2df45567c213d35\"","dc3_server_salt":"\"ad7f8b48e4e92257\"","user_auth":"{\"dcID\":2,\"date\":1698453540,\"id\":6679766751}","xt_instance":"{\"id\":5111031,\"idle\":true,\"time\":1698453555244}","dc":"2","dc4_auth_key":"\"a7ba5fa5611326820ded4fdc0e0f615dfaae22289d335de677336eefd643eda0944dce77084d8de14d34aa917c0e0581569a69aaad6eed81ae25cd6d1830a51af2fb742722918bf8329f3aba3062c8e0472443ab55aca083538a62a9596d5853313a15512a22d59b1aaf8cf36ef5dc5fbaa9de25c85fa5579e43469424d51e8aae3b6feba8656ae489e159fb14aeb2a15c6ed2e6d974252612564a11cd1bf87df2101671bf2c48d9dc3f761b0aa9e7727533b635b04d13afd67c0789c4ccaa6887a3717bd8aff89dfb1ed55de3916888cd59a742677728345e844d26526d5eb458fbbf2a519e6412124569f2c68d9f35fbaad8fafe021b4f8a471772ad28a672\"","":"","dc2_auth_key":"\"8badaa1f79fc115a2ff439da150742e4d61a4b29761e9e3e6f1cbdaf434e7da6df25f1a0dd36ce52c553f3a34ba70054de3183245fdf2261ef1be4a77e794f9de94c9f28d1b82d74a1a481f993a0a8c488ffd15f084b16d2c789af72c837f2bc4b473e7c8f891f3836a05614120f7f858dfd3f6d0dc2bcf76880dbec813f38b8c39cf88500e987240193867b1895f84bc9def72c40f00d7b1a63dea3175e563cb3c6a253ce49c3026ceee570df3a25e210d0223b8c0732a663b5fe4350ebd02acab66004bb35f2b7ab5781bd27c9d76fe9030d5111da841fd6cf7b49ac2285645449a08ba4cfccb9a1a7261cbb4dd99f4124118d065ba082e69d578cb2398dd2\"","dc4_server_salt":"\"a6d5f31cbc0aa9ac\"","tgme_sync":"{\"canRedirect\":true,\"ts\":1698453540}","server_time_offset":"0","dc2_server_salt":"\"b2095a2d3e3bb25c\"","state_id":"135058375","auth_key_fingerprint":"\"8badaa1f\"","dc1_auth_key":"\"5282d46fbf52a32940c00a2d10b956d469026377584b8af0c0356bc26dfdff306a64d45d010343afffb95ce5f3a5fe37278893adac1d6b9250577c05985e22b31ec423d4b8993c465777eb5961f7db7db5472cfa2258d79f42ce74187a1d197b215e5481ae52a657384097e3d41249a609ade9883f89259298628fc4d8ab29b0519be1182b99802f79f20082eb4a2cdd08080f4ce6a5fae5af33c64ea8ac4cc8e338972e24526fa649baffd8ee76a9758d8bda5d49be0c2df4d38f1af1e994237ba407ddc2a36c6c89f1e5db82ea5accc76909b24a92b5e513aa17ec01cfcf56687e1212d8b236f94e31261218719f6a3194ba796b79652425cb2543b37b0691\"","dc1_server_salt":"\"5b86445eeb492775\"","dc5_auth_key":"\"89a8ed90107eaca9c2102f6a4218384f7881a7137fb6d315e6fc9a46646e35c4128b9b804ab6e6fa5c0e98a81a2cb849695746dd118ba0bd4fe7f2e729d979fd1e89734557fa10dd2d0175e587a32717533cce92d289a8daf05def7c26400bd1426f6f67cb9c3d51d193eaa3a94700ddbb7c0837fb82063fdb00fb5900c39f048eb72340173e0841b12663cfea6cbff0e402d0b554e83a478a9b9dc8441f98464783ad70f93e7d4b973eca19c2c1d95cad46d6bf97680211f12747b9e346d68f632ce9736596ccface650ac2cacbd8e578b416a7d4d5b42dc586bdb0e501d161aa3937a8ca97094b5140847669faf566b2048cb8d415e84c5aeed24aeaf55a07\"","tt-global-state":""}
VM40:1 —————-
undefined
