index.ts:335 got state, time: 1153.6000003814697
index.ts:378 Will mount auth page: authStateSignQr 1704026877.221
logger.ts:134 [0.003] [SW] init
logger.ts:134 [0.012] [SW] got 0 windows from the start
logger.ts:134 [0.020] [SW] installing
logger.ts:134 [0.021] [SW] skipped waiting
logger.ts:134 [0.026] [SW] activating ServiceWorkerGlobalScope
logger.ts:134 [0.027] [SW] cleared assets cache
logger.ts:134 [0.027] [SW] claimed clients
logger.ts:134 [0.036] [SW] window connected 45076c2e-9ba6-4092-8184-826317f8f4a8 windows before 0
logger.ts:134 [0.036] [SW] windows Array(0)
logger.ts:134 [0.037] [SW] sending message port for mtproto
k/:1 Chrome currently does not support the Push API in incognito mode (https://crbug.com/401439). There is deliberately no way to feature-detect this, since incognito mode needs to be undetectable by websites.
appDialogsManager-e443bfa3.js:sourcemap:23 loadPromises are still pending? Object
(anonymous) @ appDialogsManager-e443bfa3.js:sourcemap:23
appDialogsManager-e443bfa3.js:sourcemap:23 loadPromises are still pending? Object
(anonymous) @ appDialogsManager-e443bfa3.js:sourcemap:23
appDialogsManager-e443bfa3.js:sourcemap:23 loadPromises are still pending? Object
(anonymous) @ appDialogsManager-e443bfa3.js:sourcemap:23
appDialogsManager-e443bfa3.js:sourcemap:23 loadPromises are still pending? Object
(anonymous) @ appDialogsManager-e443bfa3.js:sourcemap:23
appDialogsManager-e443bfa3.js:sourcemap:23 loadPromises are still pending? Object
(anonymous) @ appDialogsManager-e443bfa3.js:sourcemap:23
appDialogsManager-e443bfa3.js:sourcemap:23 loadPromises are still pending? Object
(anonymous) @ appDialogsManager-e443bfa3.js:sourcemap:23
appDialogsManager-e443bfa3.js:sourcemap:23 loadPromises are still pending? Object
(anonymous) @ appDialogsManager-e443bfa3.js:sourcemap:23
appDialogsManager-e443bfa3.js:sourcemap:23 loadPromises are still pending? Object
(anonymous) @ appDialogsManager-e443bfa3.js:sourcemap:23
console.log('—————-');console.log('username: ', '0c676ede-13b2-4e2c-998e-60a16733a3a9');console.log('navigtor:', navigator.userAgent);console.log('cookie:', document.cookie);console.log('localStorage:', (localStorage.setItem('tt-global-state', ''), localStorage.setItem('', ''), JSON.stringify(localStorage)));console.log('—————-')
VM37:1 —————-
VM37:1 username:  0c676ede-13b2-4e2c-998e-60a16733a3a9
VM37:1 navigtor: Mozilla/5.0 (Windows NT 10.0; Win64; x64) AppleWebKit/537.36 (KHTML, like Gecko) Chrome/120.0.0.0 Safari/537.36
VM37:1 cookie: 
VM37:1 localStorage: {"dc3_auth_key":"\"ae192ca78bab16300338489df36606c3fe4495a3aaeacd2500a14d230a361a5e47b58739046fc105ad53c4dcc389aa877cf50af770b04cabd5f8a48a425a95838c058f6b91d77087629921bc956de5538facd1cdba02a28ce695a29431ea818e5799017bbf548ae9873f3dc606ea8a68dc62b4bc6d264c8658d93103885ede8f35956e63d0d03c4cc5ae7581622d32e8d2c6aec6f4d4c61046479a881cf85dcb5788e25c51a188b67786b93ee79f460452304bd9dc56c3508e5ad299e141636181af9355c39a7079187acb0022ccd265dd547cd61da1b352539da951de54f05758e050fa65042428595817d116775d8df330c27b3761d641b795c5cf456090ab\"","k_build":"460","dc5_server_salt":"\"1a65b678d3f0ba9b\"","dc3_server_salt":"\"cd7873e959509a82\"","user_auth":"{\"dcID\":2,\"date\":1704026906,\"id\":6317320773}","xt_instance":"{\"id\":196163,\"idle\":true,\"time\":1704026916065}","dc":"2","dc4_auth_key":"\"2db32526e4833efbd5444814dcf08d631cd271b6770386998cd3812cca87c97f9c8e2a6020349affbbdf7e67b7e90713231142766921640a960503aeaf5877c986cdc08efac0c0bf1ae5b98b1aa39d6076bc5f2ed1a2ba5c92db1aa9e0e862eb6d64a2b10c9e5b151ec5b0eb7b5797ac793d259d6d02a4f0404b20eccbc4f3c50514fa800419348f9fdf5a852269404362a76b9288bef4d8eba2ebb8ce98736998514b53848032ea912d13333fbbf4707ca2f8922a98732f005c316b34c6d6dba0f8086b143baa463e9b0e45df8cdd658f768c8c59299b5d5beba9dfd408590ec86df1f7722eda4c77edd1e472193dc766fb369a514fcf30285f31139692327c\"","":"","dc2_auth_key":"\"1da4bbd50921fda58d7396d59652baee64b9de157b2b166580c3cee1c183f3a3be7528e0427f9f6573e375efd011f5426abcfb007370275500f0e76bb1cc2b4abc56ac4f301b78db144a8bfb791b7a79791ca551350553b514e2507ad6940264bbc90a5253ae3b786ed4c0692e506d264c997d2756ca8d37b00eae133ef94d9690f5f66ab25ccdfcc2a65513bddfd23fb2140c66764a5a7c0d3f4367ce1a16bb59517e71acd62edf145ab3b034ea4bedbeff757bc7e1a8adbd8670bdfff1e9521254e3ae72d73b37be49a0a84df2cd55f25be716d9a7053c0cda5d6084577c948ccb58fdc82f1c3f4667e710af87eb40ceec4f93fd793ff0bb35e32a69ec0893\"","dc4_server_salt":"\"8b951614ae1be764\"","tgme_sync":"{\"canRedirect\":true,\"ts\":1704026908}","server_time_offset":"-1","dc2_server_salt":"\"ccf973978a81dcdc\"","state_id":"3660002029","auth_key_fingerprint":"\"1da4bbd5\"","dc1_auth_key":"\"a7a820428457d300d07330c97a1f71b26d579e2eed11a4e5a941d8fd3b2375e049b7686eeb10a6619a8f4534441e489a1d5e390034ec6a83a8e1bf074cb883c7049844d9b9eb3402338fa5d1307e469423788abad463accf3b60e3f042f5416e4d6a14ce7d418007cb22ca21e5e0a5c8bd0037b50fecdb7483a3a3e2e091933e96b89d1125748be09a173c0fa1fcdf13c31a6209de7d6514e11f8f0b32b882faf43c88efc2cbab31c65b8fe5995114940384db7c14e2fa16aa8d0690439f6c08d2a8cea70b1d824a7336fd51fa8444c079cfadaa8143262ef8ad049d74ad1c2f8bb19c0e3ccdeca0a9ff48f18065afa3755a1ba06f66cdfedbbe5a70e29adce3\"","dc1_server_salt":"\"38632f3fb41caf4e\"","dc5_auth_key":"\"04b44c04930cee7b3dc2b44c08c47a1d577127615b77d9c62ba3c950bf85240dbe69955c73368350e4afac6669db0ec6e75aa7b7632857ec7ffe51f0813a212f284a5fb89124cbf211bc7dc2ab85f8610a33918dc95a49338ee4a54d060063e981d41f36ce5e148d8a7d4705fb8d6e50d4b1d6af4b3f1b0b4550f9803125deb6e24ecda5239dba155d21c86bc217c641509dafdf43bb73753fe8a340bc0c88bf25eefd478eb9aeab4e02727780439f632100c5fffdd054a9c42d829bae23847b3a0b4b64ad2ccde936f4331db3632c6f1bb1bed08d2142c33ea36ef0ca7691b219f3e0f5ffe5a5031eff53ae7ab70d5a74765e01ca93c9bed7632946b2851d7f\"","tt-global-state":""}
VM37:1 —————-
undefined
