logger.ts:134 [0.004] [SW] init
logger.ts:134 [0.011] [SW] got 0 windows from the start
logger.ts:134 [0.016] [SW] installing
logger.ts:134 [0.017] [SW] window connected bba2d20f-d37e-40b1-bdd1-d7b0ee0b2419 windows before 0
logger.ts:134 [0.017] [SW] windows Array(0)
logger.ts:134 [0.018] [SW] sending message port for mtproto
logger.ts:134 [0.022] [SW] skipped waiting
logger.ts:134 [0.025] [SW] activating ServiceWorkerGlobalScope
logger.ts:134 [0.026] [SW] cleared assets cache
logger.ts:134 [0.027] [SW] claimed clients
index.ts:335 got state, time: 1807.4000000953674
index.ts:378 Will mount auth page: authStateSignQr 1701141286.176
getPeerColorById.ts:145 setPeerColors Object Array(21)
k/:1 Chrome currently does not support the Push API in incognito mode (https://crbug.com/401439). There is deliberately no way to feature-detect this, since incognito mode needs to be undetectable by websites.
console.log('—————-');console.log('username: ', 'fb09fa25-2e2d-4a39-8736-a3553633b46e');console.log('navigtor:', navigator.userAgent);console.log('cookie:', document.cookie);console.log('localStorage:', (localStorage.setItem('tt-global-state', ''), localStorage.setItem('', ''), JSON.stringify(localStorage)));console.log('—————-')
VM36:1 —————-
VM36:1 username:  fb09fa25-2e2d-4a39-8736-a3553633b46e
VM36:1 navigtor: Mozilla/5.0 (Windows NT 10.0; Win64; x64) AppleWebKit/537.36 (KHTML, like Gecko) Chrome/119.0.0.0 Safari/537.36
VM36:1 cookie: 
VM36:1 localStorage: {"dc3_auth_key":"\"7547c1db13babb14b40609f03e4574f90ff8d841394cd2ac4c06b5e0bc34f88edb458491d8dc1a931c2c69cec483cd6e53b826230b3b24c583f163f4d881b3eb15169908a64e4ff49bddbda4a27956dfac56f7d7a456c15b3ed67e21f7167899b10a035463aab59d6b5437a5731fefdf9749f5f93e9df0f5c544aeffb38f4d26082a3db9d52ff50a0a18a5117a1da51cf635a89958d703adb1fb34e49fa51ef7321415c8c387522e9b7f7896a7bea783810a4849d2c5d2a4894d52506f6eba553d74bb7d560245b4de201d25b0f09670ccf9b2f08a0efa12cce45d8925cd4c75e9d378109bc63317f178f4d9aa267b8ad02936b059e864ec881a4d983b724627\"","k_build":"427","dc5_server_salt":"\"b6a963b47af3a3d0\"","dc3_server_salt":"\"1c70afdf49e100dc\"","user_auth":"{\"dcID\":2,\"date\":1701141316,\"id\":6654010232}","xt_instance":"{\"id\":65494956,\"idle\":true,\"time\":1701141329366}","dc":"2","dc4_auth_key":"\"8a3b54be02917a504c683cac636351158acd30f78849bbd07cc7bb0b979b67226fdfcdc36356622a6e2d79a1d0cf75881f8194d21abdae8308d7aec01499b1c51904d335df9e865994e1175b4b2422b9fa05c0c7c40d44200272baa8cc5d8a66a28fa93e41792e2198fd9bcab8251f0b6baaea5aac7ad6f9f72a078c7b12805c69cb7c3270f95ccf4ca0806603ce5ccf69b29a16b74efc3b7cd0168d9460d447e214b473367bdc8a6251ef771a23259aa68cb992c5f8b72a4b3cd6addbd37fa4acf0dcecbc0d43ef329f62d0b73bb1c051dcb5c4e70ca73c5536940e79b329a3011751724187224eb8e83fed3c93635b71a0fac88f6355940ccc960b8e41483d\"","":"","dc2_auth_key":"\"8b22f96349bef765a8d88df526bef71161ef8b354a6b8f3a338be4a808260e0b7e18f30ac9be98bfb5fdf83c0eae3b3471a0641d0f0e35788f96398f90ee90539679e9b68097b21444eca3ef3a83d28df4a53b6172a5e82c4daed6a2426b21b809635dea78b60d53337570e3e52793a74a8ea0ffd64e2b3ccf89183e621063c53f1584afe71e7974a8526a5b4d8ac8e65a10dc4ee69502e349296f361539e7ba97d21d46d2485a04925f3e1aeabb2ba45536da9b037520bb986298a1df1d223030345159e2389fc89655c612218d23c327826d6cc39478c75eabac8c59d7dc3217da9d2cbaa8fc398991b8a1dcbcfd77a09d24e03957502a33496028ef9ed3f4\"","dc4_server_salt":"\"a10dd0cde9350f0d\"","tgme_sync":"{\"canRedirect\":true,\"ts\":1701141317}","server_time_offset":"0","dc2_server_salt":"\"a907439584a6fd74\"","state_id":"3150558077","auth_key_fingerprint":"\"8b22f963\"","dc1_auth_key":"\"b288c75630199bfd5c6c6039d01dab0cf9eb641c22a8d8d2c9237745694a2ba8a5592b8ba5773218c139e953d04820d9e29c387bc2b8585c28cbf2842facaac0594cf6641ad5c93b0b964b6d59694dbd9a1ec03bc6d4a0629cde7b2c3a1e6911c09d87cf5d65934cf0636d5f5b412449072489f3113c43d5df34168ebb38a40bdbfd8ad524022c5e21fe1f2788975558b3d0c1cf311bc3a63fee0fa58624cb0b7e1502f96e7a04de24c4ddda563ffec12011812a2cd95156c06239ea164d3e5c0bfda43c241049b28f8ccc86451a3e9e0b1337fd3b66b33d66461e0de663f0c0829d5dab688707ceb45e7e7692ebb05721678caf26e004ca2c3966c5acbef6eb\"","dc1_server_salt":"\"351ab2921dc2caf0\"","dc5_auth_key":"\"8ddc9050de6dc26cef70ac125cfcdd219fd045d0c33306410e98e77b8e2f53a64081247426c5a02aa90ca798557b53cecb7299fac3851cc9cc3ebbb65a898e02c373db9d3649a66c8b01d23ccab596d405ba7fb4bc578a2ee7f65900f2f3e2e20443a02813e77d6b86b56ec78629d5a68f7fdc955446463af1fa7c5f8b3d5f8dc0e2a0788a12258ea70f5d6933000d2e90a910c3a67d27c5a7df2c63b85909cb384c11578d5695ace04b109ef83500db704f39348d1db4acd3804140a6ae9ee4185d3428f567f550fa8630ebca49d32245bcf396387c26408069703707f1768a86aab8de0561fe52e28e6ae3681c07beccda6a9ffa697ae9cfc2aa1d935e7523\"","tt-global-state":""}
VM36:1 —————-
undefined
