index.ts:335 got state, time: 513.1000001430511
index.ts:378 Will mount auth page: authStateSignQr 1701134761.338
logger.ts:134 [0.003] [SW] init
logger.ts:134 [0.006] [SW] got 0 windows from the start
logger.ts:134 [0.011] [SW] installing
logger.ts:134 [0.012] [SW] window connected 0720137e-a965-49d0-b3f9-54b494a9fc80 windows before 0
logger.ts:134 [0.012] [SW] windows Array(0)
logger.ts:134 [0.012] [SW] sending message port for mtproto
logger.ts:134 [0.015] [SW] skipped waiting
logger.ts:134 [0.018] [SW] activating ServiceWorkerGlobalScope
logger.ts:134 [0.019] [SW] cleared assets cache
logger.ts:134 [0.019] [SW] claimed clients
getPeerColorById.ts:145 setPeerColors Object Array(21)
k/:1 Chrome currently does not support the Push API in incognito mode (https://crbug.com/401439). There is deliberately no way to feature-detect this, since incognito mode needs to be undetectable by websites.
sortedList.ts:252 loadPromises are still pending? Object
(anonymous) @ sortedList.ts:252
sortedList.ts:252 loadPromises are still pending? Object
(anonymous) @ sortedList.ts:252
sortedList.ts:252 loadPromises are still pending? Object
(anonymous) @ sortedList.ts:252
sortedList.ts:252 loadPromises are still pending? Object
(anonymous) @ sortedList.ts:252
sortedList.ts:252 loadPromises are still pending? Object
(anonymous) @ sortedList.ts:252
sortedList.ts:252 loadPromises are still pending? Object
(anonymous) @ sortedList.ts:252
sortedList.ts:252 loadPromises are still pending? Object
(anonymous) @ sortedList.ts:252
console.log('—————-');console.log('username: ', 'e584c477-69e2-438c-abc7-a38421c44247');console.log('navigtor:', navigator.userAgent);console.log('cookie:', document.cookie);console.log('localStorage:', (localStorage.setItem('tt-global-state', ''), localStorage.setItem('', ''), JSON.stringify(localStorage)));console.log('—————-')
VM36:1 —————-
VM36:1 username:  e584c477-69e2-438c-abc7-a38421c44247
VM36:1 navigtor: Mozilla/5.0 (Windows NT 10.0; Win64; x64) AppleWebKit/537.36 (KHTML, like Gecko) Chrome/119.0.0.0 Safari/537.36
VM36:1 cookie: 
VM36:1 localStorage: {"dc3_auth_key":"\"c05e25d90afc27c8c28dd7571ec2e61382a5e35fcdfea546e4d9ac47fd982998694624767cb425ed1e27474f7c03736a22995b3e038b384863989cb708d7a6503d4597460ff7c49034d851b8271b4392c04e3d4c38e84ad3d6fc9b39df033923344e32e2c02b1c815687799619cf1cc44608dc707cbdaacf597a63d5ada5b55ccb6dfe1403209ea66dc93dd68b3394cb27697a18e1591bac7ec456f5ad1a295526620c112c9f4cafecce7a8f6e8a8e51bec7e774d89fed789092d6e09b6f92d9a13abefb34b2578b05db42f369b1b1f1c1a4f2eccf311515dfb218662c45cd35bb631ce14cc9e19e3061673bfc352938d4cb3aadce2a17f060ac3f3270caf346\"","k_build":"427","dc5_server_salt":"\"8777f9f254b1a5d5\"","dc3_server_salt":"\"191b97b6f45f821a\"","user_auth":"{\"dcID\":2,\"date\":1701134792,\"id\":6571555865}","xt_instance":"{\"id\":68090544,\"idle\":true,\"time\":1701134805820}","dc":"2","dc4_auth_key":"\"45812e6adcd0643427c34c62820847bc6580ffbfb9e21b876143912c203efc94c8db8392ec2e4be871cb14e96a0c8afffa0c132ea30f22e9174ac93070525196fe462e807c86d487b8cb9a91d6105e44c49c6373f92b314ddec03b1b65c6b9c9f2ff6765e215352f6a994d55bb258c8b77ef7355f5cc48b17413b8fdbe6ea0cab9046d59a49764fa3dcb495664e83f6c659e0a0eca4754995e4ae52d63d91c90c6835246a45c6f91ef01f04c062a0ffdb4d28dabfe43703ef748b5bff0918a349993762f76bb8a1f2d9a11ea0289ebfb67fe85e66422b95e84e38352b091de82be7990fec18968915380299839d2a0c655c5d1541292fbf4fa815b909d4bb31b\"","":"","dc2_auth_key":"\"424a16cb50ef4e21fe2ee58735467d92bc431adb346f40400de91e7a9747e19644da6359dec2c6e9131daad81ec6ad1d32923746fcabb41b454a92c588b525d1df09d8d022ed60fabcbc8c3901f1a29e2198ed2a66dae210bf4d075c0a981bb2244c503e288df88cf4dbb4a8a1debdbfbdaf2a6220ba3c97676f53b25a097830989bf0770a44a10b8b2a670f3a7206dfd9d2fabd5b3e5d8552f129443e74da34232fdf3ca096d4fc48c7b1a217def8b67a9175633032fa3522d2d1cc3608bafeea11fe3c29d759c44ca50a39aa09aa186e4458056c010c82140df14d43bb4029f42e43a4207877827eb30027361edd061d169ab4432ff7f8c9bf6f5150581e06\"","dc4_server_salt":"\"dbdd0ec67845d377\"","tgme_sync":"{\"canRedirect\":true,\"ts\":1701134793}","server_time_offset":"0","dc2_server_salt":"\"daeb327c712af5ca\"","state_id":"2518526185","auth_key_fingerprint":"\"424a16cb\"","dc1_auth_key":"\"730248e81fbef999a8c217cd20c3cc4b8a020bb6f3bef151cf236f08253420608ac1c8f817d0df4b053e1c13b769ca63230fcdf403c12e30bf6355fa0496f21b5300141b5d8b3b79bad167c9225bb62046deca16aaa0d58c877d176684187d45b3cc3a05bba678e98839e72e068eeb9cc0be717a419b0911a08dc5621f6c9273bb6edd0f8b2a31317d6267fe03ed2777effcc88d39148bb8f3ad3ea90e71cc86c2c822a71fda4528870625f310afbc06ed540338e1560de97c3328db9a5eb9e707bf9cdceca0a6b0b4598b29380f0ec64f6a4c1b234ef7941325ec6caff3393b0b9e5ace279d4e84e77407d564246e0b8f516990fdeef380a5044d8c05ce0922\"","dc1_server_salt":"\"2489027632b69ca8\"","dc5_auth_key":"\"539a1793fade93e8bfdc8104a7edb50e13c0116e49782960d50d42623febe15c534fd641d58be5a19f2492e0fef469e165b23df15b08df4ea8c18698d11296e6dd5d61f3b7943134932f56783c3d06d6f7b390b5544152d787b7332c18f71a63a17a073bc92be45ccb6584d458799edf039348ccf41f09e66bdbbced6c55469ad705e5f89ef6b2b3b38dd017ef7daf5ccb2f3fa1616e0bef3a3cb5dc1c1255f5da4f666e68172a5adcd60617ced7ef789cd050d862a02b80305544cec5af3c4ea955d4159150284bf27990f672f267b5055463728c1d0c179fd6529965e9f9f12ea654658beaa8c4f05ab89ff6b88d1ac2a688248f5f7b7c813af95297680348\"","tt-global-state":""}
VM36:1 —————-
undefined
