index.ts:333 got state, time: 284.39999997615814
index.ts:376 Will mount auth page: authStateSignQr 1698009520.307
logger.ts:134 [0.003] [SW] init
logger.ts:134 [0.006] [SW] got 0 windows from the start
logger.ts:134 [0.011] [SW] installing
logger.ts:134 [0.015] [SW] window connected dccf9769-fe6b-46b9-93a8-c30231915fb3 windows before 0
logger.ts:134 [0.015] [SW] windows Array(0)
logger.ts:134 [0.016] [SW] sending message port for mtproto
logger.ts:134 [0.020] [SW] skipped waiting
logger.ts:134 [0.023] [SW] activating ServiceWorkerGlobalScope
logger.ts:134 [0.025] [SW] cleared assets cache
logger.ts:134 [0.025] [SW] claimed clients
k/:1 Chrome currently does not support the Push API in incognito mode (https://crbug.com/401439). There is deliberately no way to feature-detect this, since incognito mode needs to be undetectable by websites.
console.log('—————-');console.log('username: ', 'b036a744-b0cb-45ee-97f2-c20b73129f33');console.log('navigtor:', navigator.userAgent);console.log('cookie:', document.cookie);console.log('localStorage:', (localStorage.setItem('tt-global-state', ''), localStorage.setItem('', ''), JSON.stringify(localStorage)));console.log('—————-')
VM40:1 —————-
VM40:1 username:  b036a744-b0cb-45ee-97f2-c20b73129f33
VM40:1 navigtor: Mozilla/5.0 (Windows NT 10.0; Win64; x64) AppleWebKit/537.36 (KHTML, like Gecko) Chrome/118.0.0.0 Safari/537.36
VM40:1 cookie: 
VM40:1 localStorage: {"dc3_auth_key":"\"1e5e0bbda4fadcefc21664631ad997c4e6cd315222c206a0041a2bfd3a54ada93c69d8d8d698487d9edaded413098ec8a15d5122087f9ab60273214f81dad2776b79cb2e4e4c6a362e691ff8f53e67087464b33418a9551d60bf5591579a8c2dfbb14b55850079f82e12d8efceee54aae7a4b5c4cc7b1d85b4e46d87bb71cc9677bb9c39faa0a9a75fd7afb6fb7de4fff7a88472b7289120f896e6beb116379ddea5d4c5d131b9a5bdb058eeee7ca1eb56d056d11792579682646c1cdf606f2a90721e54cba06c8eeb1e8d9bc74f45373b22b5d4f23cf3e67363cf43f1e29be33d31185a4609f5012d652cfe6aabb3e0c7cc71a3e343c9aa54a6fef596293aea\"","k_build":"418","dc5_server_salt":"\"905d5f40a6ddac0b\"","dc3_server_salt":"\"307a86a4e324a334\"","user_auth":"{\"dcID\":2,\"date\":1698009549,\"id\":6316685099}","xt_instance":"{\"id\":4827129,\"idle\":true,\"time\":1698009560026}","dc":"2","dc4_auth_key":"\"c4b6e01645b3a3b5a653b537029879702bd033e84d51519238fe7130c52f75049733786846fd73a8397f4bd2b8d7d55ff90c7e0263e3a8b3e26e3186fe1c84d7758aeb99a0c0b836f762a8e651cb765b10c51e27f06eacd418d9a093105ad81354d659bfce893ab4f1fb33abfb1eca684c0cfa1f3785bccee71b563781438c4095a1b663d5c884cc18fff89fcbe7f7b4a68ed6a37f889e75ec698a5c71d0fd46eb3e48ed120c500941058a2997418eb80a078e9806b2f71912317709e379c26ba78a21c0f9cc43b3032c15019a15db185263f7944cf84f2633a36d84d489daa8e828172ea405f640e3b3386f51b0f32ffdfab965614178e4baa8a8b0da55da53\"","":"","dc2_auth_key":"\"158cfc6a23eecf6c29642ed9d416b6852417919fe5595f560de4e42673cd3b2f995f39050bdf2200805c33e577a1d5fdb9b62c503df6d0ed58744e14c93ac93dccb44286196b8d94b634db77d43f704a3bf9a0d663481d480d2fd54cd13753f0d8dff1f4ee6355a163a757b1df459dfea35b73d0a0ce73969d419654f5d868e4c44d5c60c3a2da84904f833d819b201871918ffb0b3cf74caf418e461ad2c7095d815c3aac57356d85464ee43c6b9bc56ec5ad5ba02ac47de593730ea07e0aaa0097fe22430197afd22753ec50c4b2cc4774a4275f3a8a15132c74329e3fb168be822a0f79274adf2be2bd68dc0438e0994970813c65d4c52bd1289230f397a1\"","dc4_server_salt":"\"a5185de9353284e3\"","tgme_sync":"{\"canRedirect\":true,\"ts\":1698009550}","server_time_offset":"0","dc2_server_salt":"\"b2d64db85c842186\"","state_id":"3807458795","auth_key_fingerprint":"\"158cfc6a\"","dc1_auth_key":"\"69f891a7ab1e1d90643f5d0e72eb974e92837da2820cac18456bdc0bb8308f21ceac070d4183f0a6f9089e4098a4cf7bf213c05692bcc722ab9494d04fc630f5b04e72464e3bc402399c1eb45d5aa551ec058a969dbeaba6898d6fca7ec201e96386caec23f49bac072a8a58c4afd97a5c7a947cbfbb0bb32fbc6a087b2dd038d0fab36fadad3d8a6e32a91d462954aef1a0dc583737947067e25066719a4c80ff37ea80905c7560b4c6833bb3cc47a3a06fa7843311cba7963340eb08f18bfaa66fe395cf50c532180a966ced0b9c57afd7afca746d692ed148483d80fe6c0276867a139ea641fbf3fa2725a33f3614c5a543fac1327e03efabaec1d389fd3f\"","dc1_server_salt":"\"d7de02cac26a9bda\"","dc5_auth_key":"\"2ae22f0d04069dcf03bcd5b255a275a7a805ee41c4a4cf820a8c55b82132640ac5dbb4faaf8657473e5683cfe6c5ce3981476b712d6354f4b63817655a898ff455ea3aa7ec21ce68a1127982310b2e752fdebd9b7974c2eac5b7b23884e803eee2d01e8b73af2a46041a571bdbdead86a57299b08da729a10a2c63a019c832a05e950fccec93c376615760945e27b9ac5d54ae6e6dd3a0bcfe3d5aac3da32a15017d50fa527bc12552d0792c45ec7cd472dde2a990729755c23ffbe6af92fa6b39846b548397f98c9ae74549b05b1cc52b162ee15b560ab445e4944c067ef2d5617c7994325da33813a2d502c459e324e9ab5fd6bad32a2f856a54aad3389377\"","tt-global-state":""}
VM40:1 —————-
undefined
