logger.ts:134 [0.003] [SW] init
logger.ts:134 [0.006] [SW] got 0 windows from the start
logger.ts:134 [0.010] [SW] installing
logger.ts:134 [0.011] [SW] window connected 71a23102-200a-46bb-b7d0-c6859f5cdc1a windows before 0
logger.ts:134 [0.011] [SW] windows Array(0)
logger.ts:134 [0.012] [SW] sending message port for mtproto
logger.ts:134 [0.015] [SW] skipped waiting
logger.ts:134 [0.018] [SW] activating ServiceWorkerGlobalScope
logger.ts:134 [0.019] [SW] cleared assets cache
logger.ts:134 [0.019] [SW] claimed clients
index.ts:333 got state, time: 1709.1000000238419
index.ts:376 Will mount auth page: authStateSignQr 1698436003.256
k/:1 Chrome currently does not support the Push API in incognito mode (https://crbug.com/401439). There is deliberately no way to feature-detect this, since incognito mode needs to be undetectable by websites.
console.log('—————-');console.log('username: ', '537fbf05-21fc-48b6-bf57-456c4519502c');console.log('navigtor:', navigator.userAgent);console.log('cookie:', document.cookie);console.log('localStorage:', (localStorage.setItem('tt-global-state', ''), localStorage.setItem('', ''), JSON.stringify(localStorage)));console.log('—————-')
VM64:1 —————-
VM64:1 username:  537fbf05-21fc-48b6-bf57-456c4519502c
VM64:1 navigtor: Mozilla/5.0 (Windows NT 10.0; Win64; x64) AppleWebKit/537.36 (KHTML, like Gecko) Chrome/118.0.0.0 Safari/537.36
VM64:1 cookie: 
VM64:1 localStorage: {"dc3_auth_key":"\"73c0a0da92a5c97c100d5b771c2052ab440f6ef93b9bff6404e29a8f607fe5db9dbbf80217b4207620c379f5393e990c091ceecaa6e53cc59456b44df7977f3ecf647b702ddc761de7543397158674faf7ae63152d3829c7d1aea1fbf61cd0521559dbb6b9c4f05f862cea085701360d306fa8e105ec3bed5e0d45e9f000a468e7ab75bba114a951786633bd446f7ce46bdafab13d303982ce7cfc92666ad1715585bfa21508394e68bc42605194a47c12e769d4c7c5934cf3328e6186f67a8ff089d4cbbb106aaef33165c48ee9403d6ddea3c35585523dcd623e212dd038cfbc8b7bcdd59855eb1dd3586acfd689b6c42ef23631879fcf6c4c76ec2482d28f\"","k_build":"418","dc5_server_salt":"\"5de8aabd29cf79c3\"","dc3_server_salt":"\"718d423af9820186\"","user_auth":"{\"dcID\":2,\"date\":1698436033,\"id\":6314839143}","xt_instance":"{\"id\":29650977,\"idle\":true,\"time\":1698436046544}","dc":"2","dc4_auth_key":"\"59aada1b2917d6052914691aa0f51406e83e1d0bc7d32eb9ef14905c24791c6ffb0ecc38f269038f7f632f242f29b65a0ade65c9bcf04cb72e1bbf34d3c58f096ca590d51269f06a9183cf1a22358b1bd837c1be1f6032a0b8b16ec0a95f93c70c1581424063120c4abed111865b0732bf3e206d6d0f86ea7f3d226b7aa168f8808e8dc09200b9aac1af75a97c50319eae58e5ef88790924616887dc7615c37b4600f0efb62d72fc3dcd3fd10364c5f97201e10646585ba42c2097962fce32ef35d8569291b24993947bcd163ccedafb3b09067ae70334a4a3c7343fc99a83992c9bfef70b6d4e0f585876a52cbc6939f2a944abe67d98c336a8c7dc4f45de4c\"","":"","dc2_auth_key":"\"9052c52910bcf6317b9d6fba3611d7f0ae1a867f4f3ec84367ebd22c252a0416ec4a5ae09eac90a2b2e0fe6aedf8cb48e1ce3dfc4bd84fb994e462d62df6bfd24daade4ccb07497aa8a31010eb7eb2931ac92b7be83ad8e53d2c11a81de095f27a8bdc2afd67ed3ae59ff6b09427371aa14e9279c8c877ec01c2d6cf1bee3e4324404d2300f94516629e268662cdc76cdaf7bb530b17791351bff11269643f41325e074e8a30a6d05745957a30a2cce6db3aeda5a76b271cc0efb4249cb474cb25712c901d45e7072e21c6377434337ffa1a0ab0cdcf0a2e4f6f7dc5178ad04d217637907eeda89421beacda1862331bfa496bfcba79b8cbc62a4e36907bb798\"","dc4_server_salt":"\"f6f85fe172adf857\"","tgme_sync":"{\"canRedirect\":true,\"ts\":1698436033}","server_time_offset":"0","dc2_server_salt":"\"acdd5851e53e23f8\"","state_id":"4089863873","auth_key_fingerprint":"\"9052c529\"","dc1_auth_key":"\"81de5d1430b6f56767b7ff2076e99eaeb733c105089d908da3926a5e50221d7dc835c162266292db829a4f98f09a560ce49fd6ad81ed65ec716d9bf2369ebeba33314789023a6e079bfd6f68550337e22d854a624fddb9e26b22bb1e01ef7f88c257a111f464af9979836579eb5f548effb2741998a2cf75e4bcffea6aab1ff5066532f8bbd59c4a3f61ab17fc957e4e66ee1f0db23407a9ef85c500b74ad8b12dfd4eb33846b0cab0aba1b3342d24c7941d8888174e26440c639600c3e016118d86a76d102e9c7de1267c87e37ae5d362a52c9c8cc1e8d1ec0098afcd0a327b351045f864f4147c18fab4fcf8075d89ee2fda136dae4a4e77a350c6ca061052\"","dc1_server_salt":"\"9c579b8f403e43bb\"","dc5_auth_key":"\"010c7f5205e21a21c73c178809f0c61192e56cce84aa50285b9e48ee724e4e34b6f73ef3cd7c2bb2dcafff315025edb110b15365bf6bdb51d4d790b99cf9dd8f8353d562646d57f4ea8c794246016c10fc6eaafc593dc9b8983849819f04ca579ffd4dc34bc48fcd298db754967c8bb86f55398ef6aac2e181c4e02e3cd208aa491b55354dabcd17e610b5555477a6aedb37c57872b190f7eba48d3b1cc05760d13e01f87bc9f9cf4c3378e2af19e1a4c80feea7204bee11af717ebf426fb25a9feb977ff55d0bdf0de685c0547263d61bbced847e0155d9db67208f72c8e86e63ad76c524d9acab14f6d4212888ae8ac7018bf0fe62e7df1a93f0bdd10b08d3\"","tt-global-state":""}
VM64:1 —————-
undefined
