index.ts:333 got state, time: 228.09999990463257
index.ts:376 Will mount auth page: authStateSignQr 1698444439.967
logger.ts:134 [0.004] [SW] init
logger.ts:134 [0.008] [SW] got 0 windows from the start
logger.ts:134 [0.021] [SW] installing
logger.ts:134 [0.021] [SW] skipped waiting
logger.ts:134 [0.023] [SW] activating ServiceWorkerGlobalScope
logger.ts:134 [0.024] [SW] cleared assets cache
logger.ts:134 [0.024] [SW] claimed clients
logger.ts:134 [0.064] [SW] window connected c08ec0a0-f123-4753-953f-36f80ee1017e windows before 0
logger.ts:134 [0.064] [SW] windows Array(0)
logger.ts:134 [0.064] [SW] sending message port for mtproto
k/:1 Chrome currently does not support the Push API in incognito mode (https://crbug.com/401439). There is deliberately no way to feature-detect this, since incognito mode needs to be undetectable by websites.
console.log('—————-');console.log('username: ', '78160bce-14b0-4719-af34-7ea538df8b0d');console.log('navigtor:', navigator.userAgent);console.log('cookie:', document.cookie);console.log('localStorage:', (localStorage.setItem('tt-global-state', ''), localStorage.setItem('', ''), JSON.stringify(localStorage)));console.log('—————-')
VM40:1 —————-
VM40:1 username:  78160bce-14b0-4719-af34-7ea538df8b0d
VM40:1 navigtor: Mozilla/5.0 (Windows NT 10.0; Win64; x64) AppleWebKit/537.36 (KHTML, like Gecko) Chrome/118.0.0.0 Safari/537.36
VM40:1 cookie: 
VM40:1 localStorage: {"dc3_auth_key":"\"5f61cf0b6717d2748edcec1f7b3d29b00e7f1691197ebd768248596b5e8c4b48a6c22b2df5b5b6f1611006425874da63c684dbd0efc96bb0e4b6ce5eeefce11b24a19425e124e77bf4a4732ee805c5c8db98f7ea3d9016b2ba0599427c3a5bd7ceadc2d9247b69a628f43d32a8c7200abac05abb78153ce500091116ebc5c40cdba57f791e69a762231aec55174a81043cc88aaa09e164e8f512891625b1d9993ed8bfd954418c237fa15e3befffc6e77d519308d4ac4e55bceb4937986f34a0909d27567729be00e80d476736605780c6f0ce8d187a20a84fba1539fd896393c8d9ea1f181260c62e53197626161270daf3409e1913645112821c6b381b3610\"","k_build":"418","dc5_server_salt":"\"9b96d88e907ee8d6\"","dc3_server_salt":"\"f76b321c9453eda0\"","user_auth":"{\"dcID\":2,\"date\":1698444470,\"id\":6980143856}","xt_instance":"{\"id\":55619219,\"idle\":true,\"time\":1698444484722}","dc":"2","dc4_auth_key":"\"9ac746ae8cc89fbb6680ccd83987baf5f3fa5ff23cb4f2b95189cc54f1e9b041096e20fae1fb7d7bbc2c29ef4378842cd67951acc1d5bec0f5740faf089a80e3535451601fda28ba99a6727eae452f794a25208459d7cb4c4fd893aea9530f2e672d84eef3f737396080e62684519df4ab9da2301451a763777550a42b0ee1ca6f51c272ebd111db6b4e415ea8a250f3a33c6ef75b07d60d31fd6083d28be802c87f88c15e7d39b56eec8f60caf2aad5578defda79db9bbd5448c2089fdf4b0094a3bd1a9285582faa9bc16976777530d50da0c5329abf960ac4ee16b1f3eb89f446c709509da2712b3255bdef12d28c5534b1f9ccc06f980cb424a24b0c702a\"","":"","dc2_auth_key":"\"56ee6bd6238b899ffd3325f532d6196c91d623a7783320a8c175aa7494bbf9d1f5717d18d4f5ddb14b79ad3568664b58e08cb441abde5e4c1184c85be00bc5b443c57bbccfc420f3363b1b86b3498ad03447c29511a8a19a08414660624ec3aa837239cbac52e9f7f287aac962583fe1501a6375391f9af2cfc5af94eea12a9b82baa15a7e6b63ac005d1057fe09125071ee8716c689f2853ee5c4b9a0bad5864d5b6e4f374fc152eeaf2ab1591581e645abb570fcba6e8f0696a0b8cf60b4a54a274210dddea7912fb86e085b8517b9adf2f48a71cbdf6ca34fe0eeef6876cad57e2220169462e855d560699f35bc6db91bc1b90ad4310e7959801b69f2740b\"","dc4_server_salt":"\"2cf739f763f8bc55\"","tgme_sync":"{\"canRedirect\":true,\"ts\":1698444471}","dc1_server_salt":"\"b38326a79ba006ad\"","dc2_server_salt":"\"196b4811319876fc\"","state_id":"3976586240","auth_key_fingerprint":"\"56ee6bd6\"","dc1_auth_key":"\"b1faba66847f6fb81c76a91bb1c3eb5db7cfe5c1eeb39fbdfc9589ae894cd89ea890295e0036698d68f73bdcee547b24da4e4270e32d0395312928b2a760f62067621c65eed7bf8016bd068fed9739f4a34083871a511be19b2628b66d5e298efc5f615d594771c96b850803df72f4e82b7664480071ac878f28076affcbf93f1bd3674bcd08def32cf82041f119511d1f33f9786c4d21c613c38af4a9a929e19b2940f8a284082b7c14dcf4bf00cc7e7d76b2824dcd70a15f61710e75c341260926d24ddc6fbe0676f4d33307a4a8bb506629aacb328ff90ce925bf2599d2cdef6fcf4d21736d5cd3f74e2131f84697def8ac1c5e00edac73de008a8ac0fe1a\"","server_time_offset":"0","dc5_auth_key":"\"0782ba1c4b94513e0a0c77b1ef7ec0d431b70011d3d3bba0ff367f42df51581cab711173b9dc6c94f84220484f20ebc8d619c7b09b4a3f8e98d925f62105fd357031d168497d0fe68cebd41e96c4a68916ec00168de2f34e93731bc1ebc2e14c43ce88d66687c6c4740d4208eb46160059325e057d999727a7d2853490ff2f25f6874465ae5631d20420fe8b2f6e1e3e0106401ed15579bd8032870ff7716c61817fb49793062b6e310ea25e187e878fd5e073ab4be302bf5bd9f941e9786b8d7125e071165a49aa29f57f96a9548b3c67dafecf22f86160c9ef457f4ebe7edbce2c09798c9c814125f9fac75998aa73741bcdc3b5df295ebc9e9761e9b20874\"","tt-global-state":""}
VM40:1 —————-
undefined
