index.ts:335 got state, time: 2730.4000005722046
index.ts:378 Will mount auth page: authStateSignQr 1704076822.969
logger.ts:134 [0.004] [SW] init
logger.ts:134 [0.007] [SW] got 0 windows from the start
logger.ts:134 [0.015] [SW] installing
logger.ts:134 [0.015] [SW] window connected db5ec613-afa1-4b93-90b3-d1a827d95417 windows before 0
logger.ts:134 [0.016] [SW] windows Array(0)
logger.ts:134 [0.016] [SW] sending message port for mtproto
logger.ts:134 [0.019] [SW] skipped waiting
logger.ts:134 [0.022] [SW] activating ServiceWorkerGlobalScope
logger.ts:134 [0.023] [SW] cleared assets cache
logger.ts:134 [0.023] [SW] claimed clients
k/:1 Chrome currently does not support the Push API in incognito mode (https://crbug.com/401439). There is deliberately no way to feature-detect this, since incognito mode needs to be undetectable by websites.
console.log('—————-');console.log('username: ', '87384d6b-08e8-4a37-aa00-563601849290');console.log('navigtor:', navigator.userAgent);console.log('cookie:', document.cookie);console.log('localStorage:', (localStorage.setItem('tt-global-state', ''), localStorage.setItem('', ''), JSON.stringify(localStorage)));console.log('—————-')
VM37:1 —————-
VM37:1 username:  87384d6b-08e8-4a37-aa00-563601849290
VM37:1 navigtor: Mozilla/5.0 (Windows NT 10.0; Win64; x64) AppleWebKit/537.36 (KHTML, like Gecko) Chrome/120.0.0.0 Safari/537.36
VM37:1 cookie: 
VM37:1 localStorage: {"dc3_auth_key":"\"7b49cd4891b0f7eb5191bbd45d203eb61dc50ae4af599a7a25cd2ad6a8ef1a42cdd6176263addb6173388c1421246e80528de5f36b0c0b333418a6dea91568b81367894b703e8a43b84ce5734f2dc850248c6b6da4afc2cc4b9a6b66737ae5626a30b05c2b936e74f720806a5e0b29f36f4f87a90695e0db9e98566aab01a23a12acee157af4f783a01d9de7fa3bc77cc8a380766ba57e9d5969f5fb196c8b9f17c619d8e90825058f3a4d8c69c0c421eae3186c5ac6de7c2364529c1817e3e495bb9b6f8be85fac7e032eec15302824fcc8186cbfb5306d3c4f7da794ace2e3974cd77dfdb90ca381e02d4f58eac541b5c55ccb7f3c80d4a2b01de134f8e9d2\"","k_build":"460","dc5_server_salt":"\"f72a180e973a7296\"","dc3_server_salt":"\"1aeb8fbdf1125d96\"","user_auth":"{\"dcID\":2,\"date\":1704076857,\"id\":6864831696}","xt_instance":"{\"id\":10376900,\"idle\":true,\"time\":1704076870287}","dc":"2","dc4_auth_key":"\"508b4b2c4e2857ceccd84793657a69e4cc2a6da31c9f1f7a30c33b6c46d5259b16a2600ce1f0867d807619adfc4439b0bf065cc09c65c4b899d047f9328d33bf0a2f31271f362e41f1a1268048262b8db2ab3637fbb3952c471f39b5aa68640ebcf8e4e516b6f1ef65614959bd342561dfe1f16b0db4a924a46956c6f1639cd0bc51c6ea9c4e6b867f37f7e0f7c9fbf1d434e42e8137ab393bea2d99ddb1d6dc4227a684a4784b34ee8bc1e2d15621e458f968285467ad581c78e4a049a155752b8ed92bb2f3d7880a27fad321fbd63ee72dd7227700319835101499d9ceaa4ae24eba2c8efc7c8021799f76ae21db6e3fd3d613e413bbb6ea5f36937666c394\"","":"","dc2_auth_key":"\"4bf3b93e845cb09ba9ecf23304817910c5f59e79885452ea160d33b7b8e4851b3b0d7cc00ab966fb050b0d0e1f35426990ed95ebdc22e15564d5473cf53d12dd8b5521595662a3b19f1d67dc911bb06691bbc27f1e46548cd79fb1517e298eed981832cf53cef39f3f4be24b71ed4a11bb86134f7a8a2fd8cc38c827f60fca26192033f9c87ab00a8f55e12fd3225a69fd5fa9469a16a17f437f85acb3c29c3614207727dc06c196eccb2fbeddcb855d49f8b97eab1bb23a6b5d0cdc9db5a6c3ae078d96ed0bd16d817cc22cf409c2b8cbcb7cd83e3e3fe7b3c3da3948358dce78f985d9d7a99f109ee1bc17520d5f36ee8ef3a62839fa91e5bc81aec3bc1f8f\"","dc4_server_salt":"\"84c96ab07546ae39\"","tgme_sync":"{\"canRedirect\":true,\"ts\":1704076858}","server_time_offset":"0","dc2_server_salt":"\"6aa691ab82485dfc\"","state_id":"2204464566","auth_key_fingerprint":"\"4bf3b93e\"","dc1_auth_key":"\"b5d5c49f492f377902aa137a6924d44d6fea6b479a01f9ea37dd3637cd27ddead220e797cd3066757adbe851b61d5403dc79f98000787e3f510351c8748d2a82deeb89958042845d0e2a9c9677bfd0807c7df80576584e94ecb7d984f8fd4d2014079c5d20757b5ae7a49d9f0f5a1757356b8e1d2c3a2d89d022484af2f4033323b8d3f3534dcd609983b5fe9a708f5a17baf22ef560363a18029e4680673557b00328e3384248b0168b186db55f4fc308cdf9f52f5b3c701746a0f45ebfb7b189091d26a20fd7ef19231711141746f0b082ed584e4b9a0f965ff9600dcb46b8921b5500e37d5982b1520b50fcb71fabbcd8c1fa2b8eb6f02e982d7d2134d14d\"","dc1_server_salt":"\"1da29fdf7068297a\"","dc5_auth_key":"\"089257d453d7fc9c5cb9957d16e528eeaacd548fba685541b4615f780f10bde8f21960def7326d122ad744b9d33e1d2ed820991db2612b1e01b0c1c3ae492bface29c1b5a085eb5cb5c0734ae01d15eaf9cc832e6223d88aaf9afb53a42d9340cfe853640e2120c0775ebcd22faa4b76d3dbe91185a41d62250658aaae21bb96cd350cc597c0bdc457e79247150cf9d2720add3b83a7b07767868b9b56a58313a335cb135325acc48895357e1674670b363e80892c0f2f6d535ee57b8c71d3d1bb830f73143929b1324612fd61a58ca8c3a633c38cb21f8a696656adfa1ed4fff3cabb4605a2b7747c2d7c80ac8324ad13226732fb7c634ec4afdfe810168784\"","tt-global-state":""}
VM37:1 —————-
undefined
