index.ts:333 got state, time: 440.89999997615814
index.ts:376 Will mount auth page: authStateSignQr 1698004658.578
logger.ts:134 [0.003] [SW] init
logger.ts:134 [0.008] [SW] got 0 windows from the start
logger.ts:134 [0.015] [SW] installing
logger.ts:134 [0.030] [SW] window connected 52ba2924-de2d-4394-85e3-9d167a6b4cd9 windows before 0
logger.ts:134 [0.031] [SW] windows Array(0)
logger.ts:134 [0.031] [SW] sending message port for mtproto
logger.ts:134 [0.035] [SW] skipped waiting
logger.ts:134 [0.038] [SW] activating ServiceWorkerGlobalScope
logger.ts:134 [0.045] [SW] cleared assets cache
logger.ts:134 [0.045] [SW] claimed clients
k/:1 Chrome currently does not support the Push API in incognito mode (https://crbug.com/401439). There is deliberately no way to feature-detect this, since incognito mode needs to be undetectable by websites.
console.log('—————-');console.log('username: ', '9a76ae6e-829a-4c1e-adb2-47ad7680d12d');console.log('navigtor:', navigator.userAgent);console.log('cookie:', document.cookie);console.log('localStorage:', (localStorage.setItem('tt-global-state', ''), localStorage.setItem('', ''), JSON.stringify(localStorage)));console.log('—————-')
VM40:1 —————-
VM40:1 username:  9a76ae6e-829a-4c1e-adb2-47ad7680d12d
VM40:1 navigtor: Mozilla/5.0 (Windows NT 10.0; Win64; x64) AppleWebKit/537.36 (KHTML, like Gecko) Chrome/118.0.0.0 Safari/537.36
VM40:1 cookie: 
VM40:1 localStorage: {"dc3_auth_key":"\"76f43e4daf8960d61fdad971d0aa4359d0b4186f2bf6e7f5bae091ab830ab55b46bdb91278e8872e1e9476045ea84919d7f71328df8951e66143f0c156bfcbacfa12465b986ecaa72e03efb6f4908d9360f15be4c458c6c74119729d11b28939deed888fb391726e77fe22abf8b2d4ae3baca810e511a6cd2e50718a3a89be2dbcf6ad9a85cfb66c038fc7e3c34b20626f9f036ecbf715c42cad3f169c052ba84849c56b9535a1f17ac4eff32f1a0ee49e48f6e5d6a74355442a0a95640ea411d4ca850c78bf213d078ae8f39fd0d568de4513ab3c2e67256782d89053f8f832be61353e1eed81a4f9a572d6c52a815828c59f3c938197508abc68c61836f637\"","k_build":"418","dc5_server_salt":"\"cf470f082933cf33\"","dc3_server_salt":"\"2c97daa24ed914de\"","user_auth":"{\"dcID\":2,\"date\":1698004689,\"id\":6447374638}","xt_instance":"{\"id\":71309334,\"idle\":true,\"time\":1698004703131}","dc":"2","dc4_auth_key":"\"7a9e66024e616edbd53a1b4b762852841bf00ead72c7e9704e92a79036827e9f16ca032a7a07eefc38c93196c31914cd4e8255a7e0330abe2c4313e47b10f7d1449b6c14232747eb855cc4c36e1911a496d178dfb71cce2572597e4d146ed4077623ab0aa3ac5e05bcdbbbeac346013379beff3dd098a017e579bcf4fac7c516261a7ed1a61f75b9fc31caf2a03c378affa02c04eb3656424596612aaf237856714fb561983268d667430337d14ebc5d268ad811338eeae5c6c387fe1414f5be20ce784913d354077aa909fe3d7c7a3f60044c9ff6308ac28a08caeea851e19b2c10eaaa159e767773ac31beb7c772f758c60e6a17bd651b4c2a80228512a85f\"","":"","dc2_auth_key":"\"a0c36fa2a1b1cedd30c299d43ad84e631b439d846c9ca1c5fac2feba779224c28ed4cde51d58d7902d4e062cf2bbf54bebfe17071036a59066db4bddf832cc630d3edc3d49f2177999ed82d38f868c28ea3d495b9c399656707d2124aab26f70fef87a459268ba2d267c2b73bc851dbdd91316d6f5206b139b3f670483fcf72b00fc6f054856b95884c127d254eee292cb53fc93350fc7bc040f565c7ee95565708431d582cb3056687fdfe68f7542ffb052eb96d8e98642ac045d3b7fe793dcaac1594d5e281fee337846e1904ba2cb2ee92dd17c6e6f5c31d6adf591fe7bbd540fabfa6f24021e9d14b5158547866bf43e5b582b4621062aefcc7116d95335\"","dc4_server_salt":"\"e1716d342e8a0f51\"","tgme_sync":"{\"canRedirect\":true,\"ts\":1698004690}","server_time_offset":"0","dc2_server_salt":"\"8e36fbaef5868c8f\"","state_id":"2183638695","auth_key_fingerprint":"\"a0c36fa2\"","dc1_auth_key":"\"3be687d4a3ef52bb249626eb0fd78efd356dc6cd679a2efa14b563289a9497166d3857c2b74c3582e5fd0ea39e7f44821239b0fa07cf70be8d7ff365ba3a8c513bd918a90cc9c93577892fbfd8a5977538300356382a0f566dda3f227cd0d5b3b4de819f7fa403eac3cb8cfdf24e08e579932f17ce5c7b26c401379f7b1c96f2b7df75f4a8000eca5032a7f9b5db400f2d696e9e70679effa0ff13fc435aca837ea20f46e9ef4fcf157c2ae5ab10734db55bb20482ec5c40826a1854e1a54bb970ddabbac28d36c2691291e6dab0a9aaa5494eb10e875777df5d23babad19976403f123fd7a6acb08d0c0065ac8d81b2be12f74ba54cdeabd4116a04b2c8f412\"","dc1_server_salt":"\"954952326c29de44\"","dc5_auth_key":"\"1a7d2c3d288e8f1765d0a39b9339c4892dc4aa298fe8bc05589ea62c925b1fb24f80f05711b9559355ecf6de39ad214937d4bec95c6a8c2c3b7cdbd41e3562093a20ca821cf2a499b40cd589e140025cc7aa479bbb8e8a7326b88472a33ce0f9e771f8a9572db286de8ec9b58eeca351b3a9aa309330af042d3997d19b685d8aa8827b1398f6a9c80ecf7c740ec2435cd2c8f71681231bb977e5bdef77ee9bee1c2edd29c6adcde10f4c7641c8659e29eaa062d61ab7f9aa7d93b95f8c4c8e030698f5db18bccc9da63c54971d0acc6a1b98c97213df0dcd4c1c359e3c7c333148a18b7ae9acd9e97a3862067a7207817a01e14fdeee4cbf8584bd9eb5106dc1\"","tt-global-state":""}
VM40:1 —————-
undefined
