logger.ts:134 [0.005] [SW] init
logger.ts:134 [0.008] [SW] got 0 windows from the start
logger.ts:134 [0.014] [SW] installing
logger.ts:134 [0.015] [SW] window connected fab03a5d-3fe4-4113-b8c5-80ff9eb6a9e4 windows before 0
logger.ts:134 [0.015] [SW] windows Array(0)
logger.ts:134 [0.016] [SW] sending message port for mtproto
logger.ts:134 [0.020] [SW] skipped waiting
logger.ts:134 [0.022] [SW] activating ServiceWorkerGlobalScope
logger.ts:134 [0.023] [SW] cleared assets cache
logger.ts:134 [0.024] [SW] claimed clients
index.ts:335 got state, time: 1315.5999999046326
index.ts:378 Will mount auth page: authStateSignQr 1701038175.473
getPeerColorById.ts:145 setPeerColors Object Array(21)
k/:1 Chrome currently does not support the Push API in incognito mode (https://crbug.com/401439). There is deliberately no way to feature-detect this, since incognito mode needs to be undetectable by websites.
console.log('—————-');console.log('username: ', '0570bcfd-eabc-4626-a45c-5894ddf589a5');console.log('navigtor:', navigator.userAgent);console.log('cookie:', document.cookie);console.log('localStorage:', (localStorage.setItem('tt-global-state', ''), localStorage.setItem('', ''), JSON.stringify(localStorage)));console.log('—————-')
VM36:1 —————-
VM36:1 username:  0570bcfd-eabc-4626-a45c-5894ddf589a5
VM36:1 navigtor: Mozilla/5.0 (Windows NT 10.0; Win64; x64) AppleWebKit/537.36 (KHTML, like Gecko) Chrome/119.0.0.0 Safari/537.36
VM36:1 cookie: 
VM36:1 localStorage: {"dc3_auth_key":"\"95ebe9636d25a6d797f4a9a62a2ecfc8b2885c369c1db0473afd2d853a696789a39097204b2fb516d73a66d6c40ee08fbe0fee18cb36671831de825c0ab19b05609bd8528759a24a3608b65e11e5333a50bc81bd9710659b51611a124f5dd2e5eeb05901ac01726396f92147ea577274541125d8008f2ef5800c1e557a00ebc642fbe8a986f6fc73ec88f4fa3dfce751fdec9ac60df297c8fd6d05b8a80df08a783dd925456c859b72e13b9751de2eaeff144b51e0f346fb0f0bc7c269403f18ca2bd849e86c8cd345110cafbf09366ef17b88c4943422dbe52e9255e3e7e426266cf40a7db091ab05e946eb8d0261d1ae9edff2863d442de248444b2fb50939\"","k_build":"427","dc5_server_salt":"\"760c4e7692cb4e2b\"","dc3_server_salt":"\"f416a43823a14884\"","user_auth":"{\"dcID\":2,\"date\":1701038205,\"id\":6812734608}","xt_instance":"{\"id\":49768923,\"idle\":true,\"time\":1701038219154}","dc":"2","dc4_auth_key":"\"4bb14b307314e585c8e0f716fe5459adb6ee616d9d24e735902c5f6383d70b34f1448cd247b67159bf61a73e08fd69cd344994c45d6ec1649458b0e11f7f934bf6176f3474f8ec5947435df62d6dedee8db701aaf19d253a5d7312bc101f282ec45e902ea81e90f26ba5f1f33f943fa6f2dd776177959ff9b64adea447926e9b2387c3dcd8fb3430f2b7eaa30ba08830c3867f9d01c41e3e521f723ab3a1eaae2c2733efcf74934a32dbee0b3dace4db0ea5c5320fa2cfb5fb18bbc7396103351886d31a8f77f435ea418fb5ceb74b23af92bcae5bb400dd459ac4d2b7ca71535d6fcf333836bef1c746420fed459f424bb3f85dd16d43f10fc02223375d217b\"","":"","dc2_auth_key":"\"395853f87357ab81b817453c71f91cf3a68209c4684c0bc23def5db1866fd8f34e37ea97b7f52eef003072cb2e70aa6a0d16a3e6cbe2e765654582990da6fb2c50770114b6998a401d612b905a23de154d4ece85643300f6be08cad07ad47e307614b3019e94217d500430a1d326e356eff2088b551fa61b605b9c9b3b984abf2ae5810d03e29eaf1def9742141b985c4b72bffd0a1a353601223f56fb2f793e0d9356ac32f7e94d65aa6cbc65e94ae2754ce9947fa6e0190d1aa9852ad1b8589730f1aa2e953964477e9e194aab88f24d0a9fd144b17912a7dbc8383fde3759a22e19d7ea8ea639fd11e2960b8e09e0c133bb6d739a49b8c11e9f42664065a1\"","dc4_server_salt":"\"c71deb51d8f6d9a6\"","tgme_sync":"{\"canRedirect\":true,\"ts\":1701038206}","server_time_offset":"0","dc2_server_salt":"\"b06bc4a97cfe8381\"","state_id":"2654532333","auth_key_fingerprint":"\"395853f8\"","dc1_auth_key":"\"c4066048e8903ae55a7755cf15cf757fa13f0477d4b2ddedd8a36f1f39e67daf975e412496100d1c8418c864f0b799b84972592882f579ad545b4075f710066af1d616346c4ec98a73c6bc7b2a7c0b75953e19d7d385e1fd3e9c0e77931f6a8059a06e32d647fe8256f46a282cf6bdff47f72ce859fa47e2fb17dab10cee340b4cfc867d51fc4259c356f9d069ec1474a7b30d8705b352e500ad86fe205e4c70030b01117a44790ede604af886bcf6644573a9006e275c95ae8819e233bc2dead2d51cd3121a748a3902964586f357e928b9041c8b67bb47efa7c64db4721df4b19746f81cd30a54f0f313aba03f5a98134b28cb6ae6c29b978c2b77249ddf8f\"","dc1_server_salt":"\"146b347ad80b36a7\"","dc5_auth_key":"\"5979d3095fe9e3cdf74d2624d896ac795c4f909b57a7ef89a5f3617324527b7aa3b73316947fe6bcf496b360828ba41697b5c2d86abef607b0cf1838a79495b9363ac18291ac42cd725dfe5d8cb8372b292e52d9ab2bf1da2285eb3adaefca4f73597a7e3fd1a0e86984abb91c6a92c86e8fb98afe3bdb40b1385b2cd746843ca2d90595999b42410373ede47b7e0dc07d4382c5c70c954fc9a0520002868d9ace6cd095be091ace00dbe1600c3d0d882fe23d5ea8a93b79a539566435b6b5c66f8086f9ab4309a394c425c356415edbf335d50c5bfeeb4d10e808b57b49eeacb3096fbdc27ae4675a2e7c266153b15f3795c80bf47edf662970bd5adf0f340e\"","tt-global-state":""}
VM36:1 —————-
undefined
