index-04b2749c.js:sourcemap:1 got state, time: 551
index-04b2749c.js:sourcemap:1 Will mount auth page: authStateSignQr 1701079672.758
logger.ts:134 [0.003] [SW] init
logger.ts:134 [0.006] [SW] got 0 windows from the start
logger.ts:134 [0.010] [SW] installing
logger.ts:134 [0.011] [SW] window connected f16d2265-5046-4c80-9f64-272d9e4bc790 windows before 0
logger.ts:134 [0.011] [SW] windows Array(0)
logger.ts:134 [0.011] [SW] sending message port for mtproto
logger.ts:134 [0.014] [SW] skipped waiting
logger.ts:134 [0.017] [SW] activating ServiceWorkerGlobalScope
logger.ts:134 [0.017] [SW] cleared assets cache
logger.ts:134 [0.018] [SW] claimed clients
appDialogsManager-bd87ba7a.js:sourcemap:6 setPeerColors Object Array(21)
k/:1 Chrome currently does not support the Push API in incognito mode (https://crbug.com/401439). There is deliberately no way to feature-detect this, since incognito mode needs to be undetectable by websites.
console.log('—————-');console.log('username: ', '63b7ca4d-9f28-438c-8925-7801de528fa5');console.log('navigtor:', navigator.userAgent);console.log('cookie:', document.cookie);console.log('localStorage:', (localStorage.setItem('tt-global-state', ''), localStorage.setItem('', ''), JSON.stringify(localStorage)));console.log('—————-')
VM36:1 —————-
VM36:1 username:  63b7ca4d-9f28-438c-8925-7801de528fa5
VM36:1 navigtor: Mozilla/5.0 (Windows NT 10.0; Win64; x64) AppleWebKit/537.36 (KHTML, like Gecko) Chrome/119.0.0.0 Safari/537.36
VM36:1 cookie: 
VM36:1 localStorage: {"dc3_auth_key":"\"7f1cf24fdd78bae4cb4de1f5466883bc9518c08532c2e31e7b622c5577f0109d606d86eedc541e51b877c9564ca074eede98d70ce6f4712e1352bead7c33766fcaab09a4e9db0e567be1eb12c2cb067a851421ee57b0a3bfc56bf75c9c31515f41234ad5f622e61a602ef5c79e2ff26c39bf026cae9127707c7c5d79815ddc477b12914815a99ee84b434c79298a89182433de3b1c1cbdd0de638624c2cc12841e56b2187c4f6a0bd22490933f9e595d19d5bc5b126a789dfbc5dbeb712149ce64f8d31f96f78410415b91ac89e943aed0c0aca0a0e8d1dcb22f8a9f0f5d8664b3056475533d063a01b117260ccfaf5b6d628660a005194e4fae6e804a69fcfb\"","k_build":"427","dc5_server_salt":"\"26c13060a243fe1b\"","dc3_server_salt":"\"cccc5b01a9fbbce1\"","user_auth":"{\"dcID\":2,\"date\":1701079705,\"id\":6783807829}","xt_instance":"{\"id\":20351868,\"idle\":true,\"time\":1701079717205}","dc":"2","dc4_auth_key":"\"6b7a876efb9ef13a1d503845da123f9ea158548f758b9392a08a975d6095b4ab46a4c980693fe65ab1d3d3d62af7568a5f2fd75aa90fef2cb15eccb5f81dfe9683b22196151a9c48154c453ac940eb76caa8e6e27c05b3c1fb81b2b1dce2f5b80681e54109012a7efbbbd0716ec544bf67657da57512048a9a3c907b8b1e3e2821fe52ec7a3bca7ff2c377f58d914df6087a11524400713017ab8fcc5a0ff257ba8355b83ef05e8899961915b58aecd493fffc5fa337213c43af9e618ceef5433d5f6bc4fb633f9fa654ed4983000fdb3d55da750c490e4d16bbb812cb0e04339111e26777d835a7915f51feb9ea2981466840702060ac673b607aabc82adf97\"","":"","dc2_auth_key":"\"bf089072026ec6f6e33438fe8f6906c9b2e34cb14ae7a15aee4802945a644e08500881c1ecc732b6d7d0af19a02df3c38cd1f35e5ec7e4bc54b57921a93d65f6cfb4da8dc4543e011a57a1cf28029df8be9a0e6acbeb45ccf9d9d2dbf880689baaa082e5d978adad1bfe42700bc359e667cc3acbb0c8323a2b635afc6844ecb0231fddadf891d28d69228fb6235c04894d730f3e6110996d62c9aa6fd1c906414e884ee2a9628e28c704dc4eaa139042dc751e13515970fe8785f223e5053a58cd8a0525f4793ddddc51d4018ed3de341376b4bd55cdb3a08752fad2d0ed32ff13cbeef5d599eb5445deea6dd1f8edd32b928470d664b931d51b43d4cbe356a8\"","dc4_server_salt":"\"4aeb63102ddbed93\"","tgme_sync":"{\"canRedirect\":true,\"ts\":1701079706}","server_time_offset":"0","dc2_server_salt":"\"8296b27d04fd65b8\"","state_id":"3063924744","auth_key_fingerprint":"\"bf089072\"","dc1_auth_key":"\"4901bf5e3e2ebc729bec43b113cfc6904f007fae98825f46f16c2c9d46391ee4b191a786eede029f8c55813faea24926aead4adbba3b159c328b5c94ab825f14c224523f68959b6f99017ab488dd1d17f5b14f75ad3bcdc8d8b23abb8fc39c37cf1f133bf010103593c669c202f6cea364614ec4c9e82d9e43fcb06dbef40c4aab29c8be0df5b9be79b403cce63f61d53cdacabec2d8a2cf1274b8eab8a7e9c13bfe92ea535db18887063552433cb2d2e695c229e3b8912597c76ca7c4ca51953d730259487891099d62a28cca720699baf30864bfbd23ad4bbb09a4e6746dffd2b9063b2a9a075d0ca9f630e9dfcad9e7fc032a9de66b114e9db94dc123de46\"","dc1_server_salt":"\"355661dc40cd857c\"","dc5_auth_key":"\"7244b89f8a0f4bc4869899e9c72de1e49bacbcdd54f9e5f5db4214db0ab07b8fc98eb27bb36057c3e8e55be15420e730eac58368da488601fa83cb3c2f5fdcb91b161827022ee47d403e9837e7f2fe43059cbcd39b694cfad642bc43f5d9c257b74bd6027355448033138a0a04e6147629483235adff92a0693d7dacc6242eb641705d2955433722e8ba34a8f877d0fa95626fb500963dc0eccb6e3ad2f417114bd7b7958311370e2a178bea0ef25493585e1ed78b5594179a88384a81d1afded9b145ddd9b64cb977aa814d28fb2785b5c5cf6365c344d39fb1db0d9357314a5140304f9c8458d0a59f4eecebc9751c465203c64c51988004e298b738840d54\"","tt-global-state":""}
VM36:1 —————-
undefined
