index.ts:333 got state, time: 269.69999998807907
index.ts:376 Will mount auth page: authStateSignQr 1698002538.902
logger.ts:134 [0.003] [SW] init
logger.ts:134 [0.006] [SW] got 0 windows from the start
logger.ts:134 [0.012] [SW] installing
logger.ts:134 [0.013] [SW] window connected 7d603682-9786-42e8-9d73-740c6e4b2f3e windows before 0
logger.ts:134 [0.013] [SW] windows Array(0)
logger.ts:134 [0.013] [SW] sending message port for mtproto
logger.ts:134 [0.016] [SW] skipped waiting
logger.ts:134 [0.019] [SW] activating ServiceWorkerGlobalScope
logger.ts:134 [0.020] [SW] cleared assets cache
logger.ts:134 [0.020] [SW] claimed clients
k/:1 Chrome currently does not support the Push API in incognito mode (https://crbug.com/401439). There is deliberately no way to feature-detect this, since incognito mode needs to be undetectable by websites.
console.log('—————-');console.log('username: ', '8fde722f-fe47-493a-9cd5-619c1c7e04b6');console.log('navigtor:', navigator.userAgent);console.log('cookie:', document.cookie);console.log('localStorage:', (localStorage.setItem('tt-global-state', ''), localStorage.setItem('', ''), JSON.stringify(localStorage)));console.log('—————-')
VM40:1 —————-
VM40:1 username:  8fde722f-fe47-493a-9cd5-619c1c7e04b6
VM40:1 navigtor: Mozilla/5.0 (Windows NT 10.0; Win64; x64) AppleWebKit/537.36 (KHTML, like Gecko) Chrome/118.0.0.0 Safari/537.36
VM40:1 cookie: 
VM40:1 localStorage: {"dc3_auth_key":"\"5aae97439f3eb8ce1d46df0a7d35ab26769eb85496fe119aaecb3ed870eb96316b7ac121a43a1496b1fc7a8b9ed0111c42c25d0953fd0b06792760d36947545d436b630c8726affa51ff711bb7eeb22e8443618c99be79c068bb26689c4628f2fc583ac2150a9f96e41ddcec71dd60184da9bef2ddf4d1c17548c7edb33ccc6165dccbcf250a536ff08883cd7f41b344b421bd7d1655d930e53397ad18e37914cd0f6147b5e8a4ebdf366561d43699d03315927814294f7a34807e387f8f93bd851dcdcf76169b2458da2fd96424d5e189de2081a5156545c0e27ddb094460a0fdf8fa3a93c5f0589930256986666e7bdd5b24064d4d28c1785a5e8d900f3617\"","k_build":"418","dc5_server_salt":"\"cb2289f80f04daf5\"","dc3_server_salt":"\"c4f6d9df6799d69b\"","user_auth":"{\"dcID\":2,\"date\":1698002570,\"id\":6514729686}","xt_instance":"{\"id\":37628932,\"idle\":true,\"time\":1698002583624}","dc":"2","dc4_auth_key":"\"4899fdc97ebd973399d4aa2b718c8b2d85a6123574ecc40ce823a2d7edb169353878dae479791aca4cb8e669bd4215976caa390da7ff291dba65b33c9a099ebb4fb64a54ba76727f07e2a4dc7af3244f22ec81cad12b4e477f0f75b1fc28a988626f17b759d8b640b3837bb338a4c8431a4ca7b6c7cdeb90a2ff5232f4c9270e1c5002013b7446384a091d16d67b4c3988223fad72d869a9f37ae20089f9e800d3de372d74bac8f5dc2e381787a22ab3524c306d98a79bac30ea1aa8ab0b79b7b738fd4ef1cd4771fe8928d4beb58e9f5520f922404f66f0830d2e1154e12a6169af274aaf15fa208777541c77f752f449625d12eb8a3efe184d9e6050b11a36\"","":"","dc2_auth_key":"\"7669bd398a383609d3cacb0d48d26323cb56d77ab19608b51c0b956c95a584883b2a776696c9496b2a65e63a0b554b0c2f1b61cccc8c5a7f0786fba92d4a55bd6d50a4fed2a2a3f093b45b8afd095bb740e5dcf29dc3726b2809e49786a92b6d62f131f1f1f1740f0c4ff05d87ef4383df42c75b23a14e842fcef834c43b8bffc5d420bd1ec8237d2a76d724b1e705929ab3ab3a85edee82d654d14f432b8fcffa9b77ea873514e0483120825cbe526e45d4f274fb39d9748ed86e275463a63e3eb8fb7800d21610333465fa35b05afd1e21f4b7a45c22adf59c27e030703edfbe7bf59a8432eb6357b1c840436b40acfa7965b7c55a52a9c7e03e6925afa0eb\"","dc4_server_salt":"\"1ec87e3c533b4ee6\"","tgme_sync":"{\"canRedirect\":true,\"ts\":1698002571}","server_time_offset":"0","dc2_server_salt":"\"cca25d5620aac33f\"","state_id":"2765338499","auth_key_fingerprint":"\"7669bd39\"","dc1_auth_key":"\"5705559df7c43c0a8dfb32cc25f7e56200590505f1f836086abc7cc77207214a2045a5ed00f045af2efd1ca77e3d4d140e39b3a1cd9d0a368b4fb53ab6220f04f89c97dee9cd38672a5fee7d1ae68e0d5a82f55606cf13c7b9cb900ba4d530dcdf8eb4c1c11148bc7d2ad13407a15a96e8d8acad8de3f382538937c8d79b555825ceef2adacf371eab08cd8500cb832bcd3897b5160c113e85699e3c669fabf370609418d2f0aac3c75cb3c110c88c441fc1024561808608979cc5e99ba916d8aae0a22470a3ca68e8d6f78651daa57dc57cc0699d31028b2162f9a7e7fddd0f198bfadd0e7d653a3f06697becf24e0ce5ff0961e9690c4c5337cf5475e7a26f\"","dc1_server_salt":"\"a1c858affd948940\"","dc5_auth_key":"\"305089eef3c9719ce5f20514a212d622e3c7341dc91fad09476426906b05944d2f6dae147b84e3b3061faf0953b1867a31309465f297dbef68358df3fa6daf151b74a451e72295bc3ccfcf14069d1821f62986fe80464c4c4799fe289859886573bc8b8b62e552f82432b23e921bd2f3127bb3fda3e6a7d5b4bcd35c435e9a4d8e20cb1eb1985fa9a7018c0368b2da715c4972d79826ec002d0ef0e17e34dcf337c7520af28d59aeb25c39bdb529349b25a46c96c85e256af23d739912397deaffb2c6c7b435af2cc7244aae023477c710d8a0650b752d759708fcaa305fa627cea041bec9c9cb050ecac17a9ded29877ecc2db05f1873ddec9a7df32674a217\"","tt-global-state":""}
VM40:1 —————-
undefined
