logger.ts:134 [0.003] [SW] init
logger.ts:134 [0.006] [SW] got 0 windows from the start
logger.ts:134 [0.010] [SW] installing
logger.ts:134 [0.011] [SW] window connected 78a53947-4aa1-4c9f-968b-aed5c4569548 windows before 0
logger.ts:134 [0.011] [SW] windows Array(0)
logger.ts:134 [0.012] [SW] sending message port for mtproto
logger.ts:134 [0.015] [SW] skipped waiting
logger.ts:134 [0.016] [SW] activating ServiceWorkerGlobalScope
logger.ts:134 [0.017] [SW] cleared assets cache
logger.ts:134 [0.017] [SW] claimed clients
index.ts:333 got state, time: 746.1000000238419
index.ts:376 Will mount auth page: authStateSignQr 1698446205.792
k/:1 Chrome currently does not support the Push API in incognito mode (https://crbug.com/401439). There is deliberately no way to feature-detect this, since incognito mode needs to be undetectable by websites.
console.log('—————-');console.log('username: ', '87cb2369-4b5b-4df0-b3df-c9a1223bbc56');console.log('navigtor:', navigator.userAgent);console.log('cookie:', document.cookie);console.log('localStorage:', (localStorage.setItem('tt-global-state', ''), localStorage.setItem('', ''), JSON.stringify(localStorage)));console.log('—————-')
VM54:1 —————-
VM54:1 username:  87cb2369-4b5b-4df0-b3df-c9a1223bbc56
VM54:1 navigtor: Mozilla/5.0 (Windows NT 10.0; Win64; x64) AppleWebKit/537.36 (KHTML, like Gecko) Chrome/118.0.0.0 Safari/537.36
VM54:1 cookie: 
VM54:1 localStorage: {"dc3_auth_key":"\"02eea0849509c07dbabb4f8d7e8d0ba86913ee5aa8f68b0d47b108d3b90a25323d5cb73e45a01257028f7e2df3f01ac0f2f2914c8da445faf2ecc20c865426db78d0c494818b34447a68721ee807141f8d670d2e4298d2258884fb04618997e3dd3e6313b1b5f23aa1a6a0939b7004fc9efff4f4d0a69159e5496352f30b8897f16a3fb70c963b3d6f6e0b299a2e89e6a60b19b3bccc51a98bb25764aaec3c92f53506fa542767454d3ee4e4761089e9e6c80d91a2b984f9fb37eb51cde6094d86a1d2f1bb2f433d025c5afc29021c10f910fed4b7924c153072a59f2a9647172d33d34397be14de40c4c846a00601f4cd5f3d0e4c757e685fb939015499ef3a\"","k_build":"418","dc5_server_salt":"\"42d537783c0f4c3f\"","dc3_server_salt":"\"0aa47fcdd214ef53\"","user_auth":"{\"dcID\":2,\"date\":1698446236,\"id\":6744909169}","xt_instance":"{\"id\":10168649,\"idle\":true,\"time\":1698446250044}","dc":"2","dc4_auth_key":"\"0b9800e8e331f4b28292db3ff8a4182afcf4f13e500afc48debfe94ac72c3b4e2aab956f334c70a71056df4a36ed6a1f77dacb6d2e351ffc703680232f0c25d218070b6664535126887b7edb3b0590cff9d814be834e7038c078aa9009b70d1693dda68bafe1bd052325d8962fc338eae51db1e7daf97150d6d04e25ce224968f768d293e47f90b77e45b94de1a4a1f67eda1a54d8c97641354c6ed29139e06702eb05c350d0414a81427ce36a12bf4c301e2013508202729c855f5f0889e20e14d2996e8cece026859021b6184a15cdfb4fded246d83225f9eddedc534511cd2daed89d45e0e70c0280697651fdf7d3c3003a277d201d304d304a2d70f0cfc4\"","":"","dc2_auth_key":"\"a29c456d82373c229b4bf255a1fd7b0e8a1dbc21278eff19398f8fc6150d6e677558b9a6dc73fa1ef2717854c076c540d73dad5833d5a974f35a5b6adf3e0acd54bcce7a92deec90ccf9310ca0bb4dc6169113a621b884f91cd10d1ae66c617445c37dc1c9b25a474f330193554d8226f51e5a1738175bd383df586274943086a9b87901d145928bfde611583d24efbc0a2d45041912ac3ea04af9fc8df16413181dc1b86681d1f7818fc0733acda8a0992c439c6eac89f1cd369417b72fac64587e878b7fb448f7ae4d4ca2b088246c77d2865377e78c942d03b32bfef565d62b295b7170d7a2f0a350459ec93cab691ded9268f0e62042766073b0ea248092\"","dc4_server_salt":"\"c5a4aa373bcdd428\"","tgme_sync":"{\"canRedirect\":true,\"ts\":1698446237}","server_time_offset":"0","dc2_server_salt":"\"ba8e9fa9c7cdeb5a\"","state_id":"2246645875","auth_key_fingerprint":"\"a29c456d\"","dc1_auth_key":"\"1389ff90ef4a43323c3893de6573fede6cfd488a8ec1e2b0008dff1fa499e6b5ef9412817b9a8b072af6b2de748955ed83746d9c3136c34d97b966f16eeb1b67512311ce7fd3752c31846238568fe3a27d22e2a2e73c9729aa26a9dbcea001d50468e4e6020d3766a03f249e480413d6d8bc5675eb33d6f6a3de703cd6c54de204807678f404a214d4fd66871951cb4b14c49e47052e4bb5b5027a0db4941877de7664cb18c71ec4c1ade772deb5c288cfd991bdb40ba9161831b4d538856531e2ac08838bc7f2889485325aa615baa2759bd0d539e1471acf727a8284750f839131e8141d830e214bb5ce67e3c16a89a0fe2ade1014a6fe507c663fc177736a\"","dc1_server_salt":"\"ee97f957a5d36369\"","dc5_auth_key":"\"5e5abdfc4bf432adbd657afd651c8f8ed7d5c336f09a0d3ade9a81f71a5536bab9e55bfdfad832e610483463240eb89965951dee5c8a3f0b903386fe237a4da1a9033fe698069db7ccd58a5091233d5b874a866e47cec10a1a60253ea5943fb32db6e92ec79bd1e8bab6d9c4663604a05d441bd46efdd135aea7f7ccd5de10eddf2c2c7903f94948194684d795aebfe57c665bd638ff0b4ef114e062d39ff1fe836345d5c05ea97fcb58360dbecd5ddcc87996791f0e98af3fb28f7ef8ecbe3044d6cc3dcee728870101397b1ddb43c9da91840bf5a62c73a6db05115eb9233a3789fd503c19efc0818d10d91e43eb63399298b9197bd5f2c20b8d7f7a409405\"","tt-global-state":""}
VM54:1 —————-
undefined
