index.ts:333 got state, time: 335
index.ts:376 Will mount auth page: authStateSignQr 1698572862.972
logger.ts:134 [0.013] [SW] init
logger.ts:134 [0.017] [SW] got 0 windows from the start
logger.ts:134 [0.023] [SW] installing
logger.ts:134 [0.023] [SW] window connected 7c3d1faa-5a27-486f-9479-64765d126b53 windows before 0
logger.ts:134 [0.023] [SW] windows Array(0)
logger.ts:134 [0.024] [SW] sending message port for mtproto
logger.ts:134 [0.026] [SW] skipped waiting
logger.ts:134 [0.028] [SW] activating ServiceWorkerGlobalScope
logger.ts:134 [0.030] [SW] cleared assets cache
logger.ts:134 [0.030] [SW] claimed clients
k/:1 Chrome currently does not support the Push API in incognito mode (https://crbug.com/401439). There is deliberately no way to feature-detect this, since incognito mode needs to be undetectable by websites.
console.log('—————-');console.log('username: ', '5951f9ff-283d-46eb-9799-a068af86b859');console.log('navigtor:', navigator.userAgent);console.log('cookie:', document.cookie);console.log('localStorage:', (localStorage.setItem('tt-global-state', ''), localStorage.setItem('', ''), JSON.stringify(localStorage)));console.log('—————-')
VM64:1 —————-
VM64:1 username:  5951f9ff-283d-46eb-9799-a068af86b859
VM64:1 navigtor: Mozilla/5.0 (Windows NT 10.0; Win64; x64) AppleWebKit/537.36 (KHTML, like Gecko) Chrome/118.0.0.0 Safari/537.36
VM64:1 cookie: 
VM64:1 localStorage: {"dc3_auth_key":"\"5202a4941f6812ccb0f3b5ebde2e2a5bbec4efcafd5f75a10c7c8bf12305fb548d9d3ff7b7b09d2311affe6ce63f83abd7de2796a507d7df9af3558b81c1b518f915b2fa4a19e928850e26987cee8cb3fb373d3dae7600908bef6577353f85f9501807dc979ee821718b5dd3b4d79d7f9d0ce53aee477f55e6c6072204aba1c81f4beed094c4e38b46c40aafac3ccbf82ad157d38e8d09af7e0e01dcde34590dc64686d4da4733e987d7bf2cdc603410023e5c8787540bd629974255cd4df7eede5332987ccdd475ae5d896db7ad696e249676c2a0019c83160fbbed9de44e1fb3068e2fe9a08791d01e0d1f2d676105664461a281c07d6f5ccc8d268a8d3260\"","k_build":"418","dc5_server_salt":"\"18bd878e8df74d5c\"","dc3_server_salt":"\"c88b04c34494efa5\"","user_auth":"{\"dcID\":2,\"date\":1698572895,\"id\":6545886415}","xt_instance":"{\"id\":21437045,\"idle\":true,\"time\":1698572912619}","dc":"2","dc4_auth_key":"\"86b12b2e8235f25490761c799ef6eab530c0c057310e5c820f4f3da081f110b5fae72e6ccd1ce503d030df51f9c2a72ab172a78a96a20dc43477392be0e345623104f507935c74a6bcdfd1d1a5665a144ab00545a7e18fd5cdc7b6f8590541df73b8bdd77773563dca8fb84595952bb9cac7b784b9a88d75f7fbf35e1accbb0b6038b465f53ed9add94c35bfd1dd83bda5e4947a14ae5fd50077e80c6cd12131188c545a6dfe13c862247d07cc966217ce13098e70a23ed1bcafe3642d1677a588f1671a4a04a98dd94680433b9a6a62314ec505b1554ae532089a3bd5cf15561315f13a9a6b5559884f00da34c124b4c6b9b89ac474583d92c8f14829eb130d\"","":"","dc2_auth_key":"\"86e5c91e3b87c32915a9bed7a579257eded869d25e63bf50c7d1adcce5a31e5116e0d4410d7f2d86e16fb88e109723c028d9d8961b13a47f0a7f561360024ff903c2b9b302e360438f4def62ccbde38e88e28629d400b191abe668f6ae88cead49e1a7b959736ea91f391d9f17149459c4142467cc37e48a7fa523cd91e016035abb661b16977f06b973169e8fce6a5b3f5ec163f8823f5f757c26cbb767263ff1f60b46baa69fd15f6df78ad33641259885e97100891f05fe0a4913055df732058a9cef7242fae8c7bf98aebdfcef51e92a86c0def247fcf0b4c9812220eb69bd421ef8983901f68bca1f8f430318ff4947c059862eb48e098ac47cb30c07df\"","dc4_server_salt":"\"e49261ac0d010f4d\"","tgme_sync":"{\"canRedirect\":true,\"ts\":1698572899}","server_time_offset":"0","dc2_server_salt":"\"461e0b5845c22245\"","state_id":"3140178296","auth_key_fingerprint":"\"86e5c91e\"","dc1_auth_key":"\"3ca84b51baacf1b2aa2f15a03973f563f559a12cc0993084c77f115ce6f8fd408b13687bbd2b26d4bbd4733e4002ce8f367276635dfe72aee8076a64522cf1d89b702b513526cd7c224e8d1a00dc1177d7add40224d03183dc0b9799be19662fc09e271e3ed5d828a2e5a13c930d8555b1e70d65b3d1b4a6363aaea5becd1b964d8208e0e9b112362f9beec0c2afc956e63a2c6f2b5f1e347c56a175ac714f6f52ae75449bef64a0cc37d25782c52eda1f88f92092f3a503bc6cb1d697af2a49275ded8eadc854c25a2f21732480fbb6a58f136c6970d83baa223701a4ae8b5e4110959f697894bb488795bc94a55cbff9041e50d5974afd8dafc8403aab1abd\"","dc1_server_salt":"\"d706e450f3a29e83\"","dc5_auth_key":"\"349d7a7e9dc3c4faf7d28dfc09dc27bf6e19610b35bb07d1dacd5d7737dbec0b52d4080c4e8ab3817e2e39b6cef2d675aaa1543942cf3923ad917d9b50cf5b8203e9a36981b63f887f9ac0a8f7a8d484cc846cdf063914f0f2ecf737cda1feebb0b06a1fa94bff2bd977b3a9207c318c0d7173ff0fd9069985f3a6789f1a05e28f3641adf000413a89e2b8b01864c7314ebdf5a24967afa837f69f292ea3abff32bce429ed346b6edf165083e322ace5cc024afd6950995b574614b59c021e6077a4478e12acbfd7fae0c045ff2da543ade415e4599b9d884da33b0c4584f550bcc5a3f08d05db0fa0a3563d1dcc16e2a6603ccb882485a6609ca2f73928d830\"","tt-global-state":""}
VM64:1 —————-
undefined
