index.ts:333 got state, time: 281.4000000357628
index.ts:376 Will mount auth page: authStateSignQr 1698023781.512
logger.ts:134 [0.003] [SW] init
logger.ts:134 [0.007] [SW] got 0 windows from the start
logger.ts:134 [0.042] [SW] installing
logger.ts:134 [0.043] [SW] window connected 43f3ce08-ddc0-4022-b3eb-b74ef029cde9 windows before 0
logger.ts:134 [0.043] [SW] windows Array(0)
logger.ts:134 [0.043] [SW] sending message port for mtproto
logger.ts:134 [0.047] [SW] skipped waiting
logger.ts:134 [0.056] [SW] activating ServiceWorkerGlobalScope
logger.ts:134 [0.057] [SW] cleared assets cache
logger.ts:134 [0.058] [SW] claimed clients
k/:1 Chrome currently does not support the Push API in incognito mode (https://crbug.com/401439). There is deliberately no way to feature-detect this, since incognito mode needs to be undetectable by websites.
console.log('—————-');console.log('username: ', 'f540c748-7e7c-4b73-bec4-739298204e6f');console.log('navigtor:', navigator.userAgent);console.log('cookie:', document.cookie);console.log('localStorage:', (localStorage.setItem('tt-global-state', ''), localStorage.setItem('', ''), JSON.stringify(localStorage)));console.log('—————-')
VM40:1 —————-
VM40:1 username:  f540c748-7e7c-4b73-bec4-739298204e6f
VM40:1 navigtor: Mozilla/5.0 (Windows NT 10.0; Win64; x64) AppleWebKit/537.36 (KHTML, like Gecko) Chrome/118.0.0.0 Safari/537.36
VM40:1 cookie: 
VM40:1 localStorage: {"dc3_auth_key":"\"258c34d8c28a3d5f5c96eaee4d5f72d7661d9a15679e5eba1e725631ad60ed923af0fbbb01e5ac920007a93600462a15ff37dbb32274f6ff3a55804f7bfc141ff156ab6d2e292db107599fc18fbfaf1e6ec202f006de52cd53c4c39eab97e8ef984b54a2551aabb6a2b1c080ad827d7693b80a45b0934ccdfab07fc97128cdd151290fcfaceb00b06eacf59f47a9674a4c096e112a96338c09ae67887b4cba644eedc5b284b4e1ba1a4f86473d14f7f0364657ee2aa469ce5fe476279df946ebcf938a38ceef6c2327262bc79c8ef2fa913faae74e71435a2a7951c6d7e23f88437f5b0e73209a829ab97f22208303a433b6aa281b66e62d455cd117cab76fcf\"","k_build":"418","dc5_server_salt":"\"5f8e1a2689861a50\"","dc3_server_salt":"\"f968c2784cae6248\"","user_auth":"{\"dcID\":2,\"date\":1698023813,\"id\":6443674064}","xt_instance":"{\"id\":21979680,\"idle\":true,\"time\":1698023826229}","dc":"2","dc4_auth_key":"\"8164154b6a6166c47a3c762294ec3728e6a36f2c9c32ad3b07ae4734d42a815c7e6a21534c84d326b1a0118440a7655f4d3994d7b8d4976adc5ae94e7a330f07ab2469f7030f4e486521f8b48f11825bafb63c1be0859b9234227995184e7a55468cd8d8c8c60bfbfc4672016c2e741a95595bae68afc876349673de3969c85f198188f8379c6454466fc07bb57e96ddd5d1cd6d5b650d0184a7b63a3ef6448b77121edaccf8602a0735de6daed5ce238479d1bfb808d9c80649044c60912f5010f9c11bf4fa9cfa0aa9cef66c6859b894ca0d3b1b9474c2df9c32e57836ade1af9459fe63fa6f2007ea408f1c3b2210bea570696b355785fd59a3a16267d428\"","":"","dc2_auth_key":"\"3beb6687d601aaff9cefea4365bf63c57ab8c80a75b62d2403879cba6ab003b42a672049fb54b4475499faf2d288618d1419ec5dbe0b5dd103bb20b2a56d978edd06b3936896c6ec0ebe92b442a7aefd3a15b40cd2a0473e83cf2a96581486b590cd9dc10d17219b3b5705174383136f84ba3ac0086b1f7023d4ee65799a7ff7986d24eee5aec5d2fd5c4a53a0c956f8dfd43c3c6e1e3c0a28cd49927ba3421c115f4c78742c3a3159e276083251dd3d12803fe8c3a74c70116e4d1c99a66a62f0fb2a48c746230a9e6e3930fd5d562a4c19cde65e6d2123ad0a7ccbf00d00f545a66301167c8dfb068343ba1cb7a513091b4f717f91ef57a277873190ecacbb\"","dc4_server_salt":"\"cebf1d8493a49588\"","tgme_sync":"{\"canRedirect\":true,\"ts\":1698023813}","dc1_server_salt":"\"fe114725a565149a\"","dc2_server_salt":"\"3385f623586769a7\"","state_id":"995834354","auth_key_fingerprint":"\"3beb6687\"","dc1_auth_key":"\"9b608993012d91742e5c76cc4dcc4522197a183a4082651a66ae87a7c5590537b21ac508eed0f4d28d5625ceba71c6e8c33695970fa52baac0739e1575849f8c2d0421c329b7389d98c7aa5484c9117fcc46c0d7c16295924bd24376822f17cdbd3ece9b9ca2ba7bd9e632df2b10c894dfe95ec4aaa28dddba663dc152ebe55cc2c47bf36e1942a2615cb8c1782b87a7ae071a59db1114fe0eef5572bd77b7e1b940cf643d762a2cb68527c7d18bfccdaa949925c40a1217cdeef2e3ddc0c59fa68de4b3b3eec41a00325dc9d2c0f32def56950843c37031543a1705a8581930181d28e09f1e1fd50a42e0928ff78dc4cd144ef86ee77c4df25d744d243e0e72\"","server_time_offset":"0","dc5_auth_key":"\"82f232f78b6a89bafc37df5e0630eb2060cd22135040850b06baec965aff283a95872497c50889e41b20814bde023a9c3e4a80ac0bed9427260865fa4e13a6c1641f1a3310537d5e3296527ae91996087e9f81d8c43a5d516777dd888a0ebaacdde2aaa007230e656caa8ce5a21f57cced72ca051a818fbb10d9378b3a153595587a3932c469a9b84c0251bae6d92a7459331ac719c34d3cd4b430a55eabeec2d9c474addee3f0bce400e34e61654609e8d79575729e37950e5eb5ef9c6dfb2b25d470dab8a6d684c75aeeb7c7b730d24cefbee77c4b3f1f59e21c85f97db94e620dd76daf57d32464daad00c480191b33c5ade6b9f3fb6048a401a7656c4cd4\"","tt-global-state":""}
VM40:1 —————-
undefined
