index.ts:335 got state, time: 1946.6000003814697
index.ts:378 Will mount auth page: authStateSignQr 1704046859.603
logger.ts:134 [0.003] [SW] init
logger.ts:134 [0.007] [SW] got 0 windows from the start
logger.ts:134 [0.013] [SW] installing
logger.ts:134 [0.014] [SW] window connected f195a693-7e3e-417c-a65f-3940998a1f83 windows before 0
logger.ts:134 [0.014] [SW] windows Array(0)
logger.ts:134 [0.015] [SW] sending message port for mtproto
logger.ts:134 [0.019] [SW] skipped waiting
logger.ts:134 [0.021] [SW] activating ServiceWorkerGlobalScope
logger.ts:134 [0.023] [SW] cleared assets cache
logger.ts:134 [0.023] [SW] claimed clients
k/:1 Chrome currently does not support the Push API in incognito mode (https://crbug.com/401439). There is deliberately no way to feature-detect this, since incognito mode needs to be undetectable by websites.
console.log('—————-');console.log('username: ', '3e7c1b3e-19fa-4662-834a-79f65aaf00b5');console.log('navigtor:', navigator.userAgent);console.log('cookie:', document.cookie);console.log('localStorage:', (localStorage.setItem('tt-global-state', ''), localStorage.setItem('', ''), JSON.stringify(localStorage)));console.log('—————-')
VM37:1 —————-
VM37:1 username:  3e7c1b3e-19fa-4662-834a-79f65aaf00b5
VM37:1 navigtor: Mozilla/5.0 (Windows NT 10.0; Win64; x64) AppleWebKit/537.36 (KHTML, like Gecko) Chrome/120.0.0.0 Safari/537.36
VM37:1 cookie: 
VM37:1 localStorage: {"dc3_auth_key":"\"3d863ee16312e4bc1b274d5f7376f4fb9e39c6c871e094bea1fd562613576512c2e86e6f2e46feabad76708cf9bf4e226127a45b5bba58a2e5e8f999e7bedcd8334ec07821a2a439701d4f741cbf036e00de0411dd53815b537d6f86b84953eca2f03dc3b19c095e124b81bda79279ad1501410f5a14d5869042e3cfe2dc02c4489100a484cb03f6a276fd8cd0c8cae7a14cc21b0d03a8f7a40c08d39dbb8ef4d008adcdb28d78c5091677db8ca97ec5715f6d2d15ef421dc1b39e778d6308ef5e0048b4f8ac7a2d0dac1bab1a0d16edc471ae268f64ac26fc722585a58dbdbcac299e525e4ed23d7418b16c87dd19118a3179efda6176216cf33d9324e1eb5e\"","k_build":"460","dc5_server_salt":"\"bb06ad7b9285f2d2\"","dc3_server_salt":"\"ec04f84e784bc8c8\"","user_auth":"{\"dcID\":2,\"date\":1704046895,\"id\":6678802347}","xt_instance":"{\"id\":6060943,\"idle\":true,\"time\":1704046907655}","dc":"2","dc4_auth_key":"\"acc8f6919bbfd9519cc0b40010221b2317b93b1ae958b3f48622c0737070a96ab8dbfa1333bd16ff2dd183aed3d51e92eae015f8848d29ad5bae453abd8d9d99c6f2f915cb5d934e52a89664918480c75f726c3f5bf3f50075f2e454990e152173fb3a30550ab09fc8640dc76858d6706b107ba00b975ee17bb8c4763009e15b03a4c3453c3ca13c2195bb11bf02565abdf22648d7c62d999bf563172e6210289589a20ff425f90fe7e485b1f3c1322d42a5946289081b3dfe2f242edb3f838602a26e342682a2cecbb53b8b2736fd169c2f6bfc3ceb136192b35444fb49d00c29ae12e9aaf91b79a5ffd28a0f1d7721e714f2ebea07ca885bd22ffda8fcf055\"","":"","dc2_auth_key":"\"9a2be9ab834df618a0427cc7489dae9bf1a3c3ce07264fe8b071aeda6c4589ed9afe943a339061f8556cc4b8dfd28c853e5eddbdcac21649569386fea931df9ad6c89f95e4f652b2c49ad7e69a27b9d69f72ae97de9588fc93a35782e4fef0bff0727f43bad77fcc74f4ee2adc0c8b33635a58b06ec26dc6a5f86d31a6f5f61b76a9258371868787bc8888de8ce6677e8412acfecbd97ca22548d02fb4159c681115b5028e0a0a87e14044e875c0fe7164cea1848bb8bc379241ed6edb66c8b5f50826d11722e315422552298e6efccb1c0a6155cf8eda054155776a4270b6d9cd331c3fd63ae1368a9ac1c49b63abbad3b85e1352fccc3b3d2c826edfd9a0f7\"","dc4_server_salt":"\"9c383f5baf6681cb\"","tgme_sync":"{\"canRedirect\":true,\"ts\":1704046896}","server_time_offset":"0","dc2_server_salt":"\"daa635f0cee93f5e\"","state_id":"2287997682","auth_key_fingerprint":"\"9a2be9ab\"","dc1_auth_key":"\"5318cf2f6a98efa52323d1c36f7fa22d88d5a74839da12f4b97e4d36b5bfe09f1467e92afb5dc09a41967138fd0d1bf02fa3c06279c6ab9d31322acaf83edfb05315ae3f68e6f53cfb679d9cb222212baec56600c43b80cad4e0485999217f8cfd1518666015f8665830c4ef0e231a1a945afd2124054878a871c2bb8979e84c7accc2fb36582d5e9286f9b68c40debeb088d9860fed41c548046d72ecbf1c202e71a50126015345794d0bd2f51b5f977947dcbe539e3e3c705a1f95f2a9c2361faf27da502de28175498efdf252eca0da093fc74c674654317675e5d02c3705bdf767facf28af3043c747bf7daa0268ab4a7e4f41617bdaa011e802a2ae4ad6\"","dc1_server_salt":"\"46ad2f519c62fb0a\"","dc5_auth_key":"\"33db468b890f30df697b1854800d8cabfbdd5f34a66a55e6d523f8071808559f704b0b2ab05bd22ce8c58efa46a829937ba9c4e4e60e1231434d590863d5d2a468e5e1e926d20accbaadf4cafa69342185346daee03fb267552285a98f9412cdaef81a50270699cbb8c67c5cc6284d913b394e5a143156bec0f7869b033ed62b1d520bbec88c395c778e39bbd01372946e99e8391e045166b8432cbc0eb99a6cd3f960b765d8016e838b7a3598b1d155d4c8506c009115a04f0bcc7ea6386242f1be21a9e00053fae0508549561653f6b3e8a79cf6df9084b131eb93ec00b65a81b75ab141373ccb4b6ee1640c75a88c5100496c576fbba37bc8b74bc5291b96\"","tt-global-state":""}
VM37:1 —————-
undefined
