index.ts:335 got state, time: 340.19999980926514
index.ts:378 Will mount auth page: authStateSignQr 1703969391.79
logger.ts:134 [0.003] [SW] init
logger.ts:134 [0.007] [SW] got 0 windows from the start
logger.ts:134 [0.012] [SW] installing
logger.ts:134 [0.013] [SW] window connected ae8a9b9c-06cb-4f1d-828d-70d604d288ee windows before 0
logger.ts:134 [0.013] [SW] windows Array(0)
logger.ts:134 [0.013] [SW] sending message port for mtproto
logger.ts:134 [0.017] [SW] skipped waiting
logger.ts:134 [0.020] [SW] activating ServiceWorkerGlobalScope
logger.ts:134 [0.024] [SW] cleared assets cache
logger.ts:134 [0.024] [SW] claimed clients
k/:1 Chrome currently does not support the Push API in incognito mode (https://crbug.com/401439). There is deliberately no way to feature-detect this, since incognito mode needs to be undetectable by websites.
console.log('—————-');console.log('username: ', '04805b4d-b9ba-40bd-9c5a-e8b9453278a2-200');console.log('navigtor:', navigator.userAgent);console.log('cookie:', document.cookie);console.log('localStorage:', (localStorage.setItem('tt-global-state', ''), localStorage.setItem('', ''), JSON.stringify(localStorage)));console.log('—————-')
VM37:1 —————-
VM37:1 username:  04805b4d-b9ba-40bd-9c5a-e8b9453278a2-200
VM37:1 navigtor: Mozilla/5.0 (Windows NT 10.0; Win64; x64) AppleWebKit/537.36 (KHTML, like Gecko) Chrome/120.0.0.0 Safari/537.36
VM37:1 cookie: 
VM37:1 localStorage: {"dc3_auth_key":"\"2474d6813118c1e4a5eb5374a09867d08c5ded6089666852640acdeece201988754b43fbb1d46e4042a49d88dd3eee5b8c17a2e137f5d0fe713a04862a30e21b27834a7e6e83bf2cde1de13de3b92ae200b64c6fbc88f318ed2546c8f4c1a56a593d00034efcc703fec1c79c8f95e1a853be2e8009508b899c6e76754b0515570b24a9c7d3be494915e7edd7a3290fbd8d1883a599af952a649e72509abef0eb30bb17c7a8601aabee51de28b8e34a5b4102e4305c3d5ceb030625d0fdccf831f68a22f1385d3043df0b437033d15476d5b8f99c8c785349248c6bbd870f39e3727f7a506884bbd545c4c58312720ae519fb8d400999e611a1286a6b2d50dfb5\"","k_build":"460","dc5_server_salt":"\"ec58a6970e114459\"","dc3_server_salt":"\"d26b51291d8a9091\"","user_auth":"{\"dcID\":2,\"date\":1703969422,\"id\":6937644568}","xt_instance":"{\"id\":25839346,\"idle\":true,\"time\":1703969436448}","dc":"2","dc4_auth_key":"\"6d75dd660e07f95137d814f28373eaab2cf83792d3394546db1bb19467defd065a72683dd49e7513b7111e8612698741c2215218493ccb29d41da6dba0a7c648aeb6df8b315d4b2074633a14186a429605b9faf116b842f5b00763ecbc50ab6c616a8a7feeeb359fe6da9bc12c51f56eb26c2dea7fbeacaea00e8288395ef55f069ba1b13df21fa40ba51e4e139f68401bd9b639660a6709a7cc4a7eb0a8b5f73807ab1751440e16414e81c696ebb28e169b3de569f113fe8d12c8df228f12550ae56c5eb53d56289bc1a983ea9882328b0865aadd853d97cdb4a2c996d1d2456132439b340c925a183327cded14a2bf374b4f0397d27a5961bf36a7bc0b236a\"","":"","dc2_auth_key":"\"bd510a094e230a8f18a0952cfded4cb185bac36c557c48905386cb66f7e8bc9868d17acc26ea6bfa1657ad882ccc5805f64b166a49c6d67284bd84b4ff908737eeb0720e932f4052569bc6ace4e197675486a9f3c327993e36d1c62abbecf1969d07fa210150bf27d9ec34df4c18db89ab1446399c2e80242259f2bfc3be33650d3989bc1e4b7cee1f4d453c8f142d864de9d05e9fda78de69221297181af3b07d33f865da9e606eb0131d16d5e012419a64e3b568a2da7bb9988def20d7cce6e65f14542eb0c75755e9011a4d9cda8c96d4fc47e9f534dd32f752aad428feb533b785e43f6acf30c4cfee51cc2d08d972ea92c39d183f1ef8cc975cc7b14ce5\"","dc4_server_salt":"\"0e3418d38e4bd854\"","tgme_sync":"{\"canRedirect\":true,\"ts\":1703969423}","server_time_offset":"0","dc2_server_salt":"\"7dd69bacf9d9a969\"","state_id":"463566893","auth_key_fingerprint":"\"bd510a09\"","dc1_auth_key":"\"1c08e96c777c754bd4272d4982e2186f5eea49ee965d1fb58dd82ef3d3988995815d774b3ddb30ddcb68e07d6471ee8774c3cdaffebab3a24b3b3ee2b854aa5f27692bbf4fda255d8314233a82b86b8296a6196297f822249e552511edcb1e93ae88d5caf9db2fcf8ba2e5a881d9a800b428215b1fb0a8b2d83e2734703d0d84c19db0bc6ece549b3f5dbfd8e5523674bf9a8e7b4a09b029601c6ae1b0d7d6626c525be2abc73525865becec5ea3fd3371998f98e5aa17e446d39392633d282fa5d98fa8ca5df65a364e88e9a851e3d327ad83332e33f8318089d1d7936e841b1560c4eb728ffc4a551b11dc02266d7b4b4c07b792194e444824030297d00993\"","dc1_server_salt":"\"8e988bec980bd5e6\"","dc5_auth_key":"\"66478e28e53c4fe44bc12c53d54b8968a29bc4ef4a5de29d65172b9381ab6a27b6dfabc2591e5fb8bb09198ce2b989ea245db1d76742daf00f11bf5bbe03e2afe9ba050497e38755773799d93cc5596fec939f95e2685605007910aa48b9997c7893416c144de8da52ca71a8cf972c34544bac82717164640721b8ca2edd7e648168594e0eb4c36a6bb808869582db70ee68685acf21339231b94d81fb2c0076c3b70e297377d0634f2ac7d9fd15b2f34e4e0129f36036ef3bd20ed3aaad12f02bbad543cd3179072a5aabefe8821930dde9e3b007088879598c982d778e69ae64f6fa9630a2235fe987524943cf33e730707c9a231a45853aa9524c23a119df\"","tt-global-state":""}
VM37:1 —————-
undefined
