index.ts:333 got state, time: 294.7999999523163
index.ts:376 Will mount auth page: authStateSignQr 1698010810.816
logger.ts:134 [0.002] [SW] init
logger.ts:134 [0.005] [SW] got 0 windows from the start
logger.ts:134 [0.015] [SW] installing
logger.ts:134 [0.016] [SW] window connected 3a8a66b6-0999-487c-b29a-19291e2e2056 windows before 0
logger.ts:134 [0.016] [SW] windows Array(0)
logger.ts:134 [0.017] [SW] sending message port for mtproto
logger.ts:134 [0.019] [SW] skipped waiting
logger.ts:134 [0.022] [SW] activating ServiceWorkerGlobalScope
logger.ts:134 [0.023] [SW] cleared assets cache
logger.ts:134 [0.023] [SW] claimed clients
k/:1 Chrome currently does not support the Push API in incognito mode (https://crbug.com/401439). There is deliberately no way to feature-detect this, since incognito mode needs to be undetectable by websites.
console.log('—————-');console.log('username: ', 'b3133614-8390-4ba9-90f1-f841cfd586cf');console.log('navigtor:', navigator.userAgent);console.log('cookie:', document.cookie);console.log('localStorage:', (localStorage.setItem('tt-global-state', ''), localStorage.setItem('', ''), JSON.stringify(localStorage)));console.log('—————-')
VM42:1 —————-
VM42:1 username:  b3133614-8390-4ba9-90f1-f841cfd586cf
VM42:1 navigtor: Mozilla/5.0 (Windows NT 10.0; Win64; x64) AppleWebKit/537.36 (KHTML, like Gecko) Chrome/118.0.0.0 Safari/537.36
VM42:1 cookie: 
VM42:1 localStorage: {"dc3_auth_key":"\"b319a6a79acb8e2c3cda699e47c768496bd9b244bca588f561d39df70ee8d67653cc23acf1b7aa6b6b18044358d48353ca636fded710ca558bbed7810537a5ccb9de419f6cf8dc9f7869465e8ea76fb1cea9ada802689106e9df2a3339df9ccb7780a3a8aa140bd1c94dc4897c640d9e0824b7dbc49e0b8afe7b9db38ca30960a139922f0e9beb47d7a75bbd08630cd95849c9574d49bd5c6b7a79c49e09f9b0f1df472e7c47ad22b443c877501a2a191c6e115fffafd9b9e21187e13073a00ed3ab298e67b780425c7f1a23d443169c6bff46cfcfcf626bfe722ab1edf1ee14a32f28e2672c7f7de6ee98362d59018898196ab4c75115dc062af73e530697c4\"","k_build":"418","dc5_server_salt":"\"2968284ca6df27c1\"","dc3_server_salt":"\"a6647d1a6f5bfb86\"","user_auth":"{\"dcID\":2,\"date\":1698010841,\"id\":6311110248}","xt_instance":"{\"id\":49740443,\"idle\":true,\"time\":1698010855516}","dc":"2","dc4_auth_key":"\"56b78d479c01d20021be4c392a21a34343ba4c8e4ab7e8622fde542312811019a3ef0682c877e29473ea7a3832229a54bdb6577c9b6e1520f924f0be202590a5607fc213553a1824715266afd65f940bcd4a283cd42ed4e75e2dd9d0475237c259da7492163e293ee4dd2ca0f68166fac1498838b851f093f0c00b5920d141b2d101555e7206cb54f55ebcfb9e5ec5a80174517adfef861636ba159215078911714248ded789759c672f6471cf5b714223ecb5d09f14e34b77e09f592e402097020b73d76cd6c08b54bb7938580774433ec208fa4d10457dba87178b2af95aca9e9dba70798efe581f3195a9c6333ba14790e02388fb317a64694387ca0842c5\"","":"","dc2_auth_key":"\"18910ff6e5722ccfb16316cb8d578e50416ec8777bd3d72dabc134cf0d74321b0381c25441d856337167cc240d4ba270cd185d7f98e73d95a09831e82d447cff98276f7d2ce00d0b9e8c5d4eeed58ac46c701597bc40351f8ee21f80d4e3561ddf2adf42b44b758b8f65d1eccc87b8f28da7aa577132395a89fa5cff560707413f2b0b371ce52fab2010f8a6acd12b500da0efab2f7c9aa1cf842bec9cd831899cfd68924d7ad4f0eaba4a2a9d43476194e645b987c08a8ffaa5c1948f893fd4e7b735c76e988c443972f7e9366524397e85e8a864dc547c955ca4789d1083c706131bda22d544e5f219cdcedf30a1423b56f3d283e36deaac6169be0eb5a0e3\"","dc4_server_salt":"\"c6c99f3c8a048f98\"","tgme_sync":"{\"canRedirect\":true,\"ts\":1698010842}","server_time_offset":"0","dc2_server_salt":"\"bff5e70c17a446ea\"","state_id":"507287447","auth_key_fingerprint":"\"18910ff6\"","dc1_auth_key":"\"c4729066c7526667239faf4bef215a54c9ef7cdc3528d44efa2734176024c4e9d3451327b32ce06a55b3b3c87597ed902458c903a7c7774e72e5f25fb5a1a0c20bc5669b6ec28248b62f8262bd6e2409f83c608a3ce0e2f9fbab408e5d682e2ddbd39e0aa80e5041e45483b71006feb3f03aff4b6eb600b9b4e854cedc9b3e7ae762fc8565cf09913e7019d91a065dba31f92b46f0a771067b107dd657f5238309cf32781c6ed4c8bfb2bcb958c0325e1e487bdcf773cf1e0d686200c817effd1287606b32bfc9ef2f59204a77fca5ba05eee3e8ea6f2d4577e7eea4544711da8e11db207e515b87a83b542f782e7a98b351cdea61e4ea869f19414bfd996659\"","dc1_server_salt":"\"1245d7573e8171a9\"","dc5_auth_key":"\"3b1b00a6388e833b64904d91b1d61ba09badf88b31e4a0066eff5578ce21d972a26e2905a81284bb07a846636ba8550add26fcdf11ecb47ed9245e43eae27baba8bf748ca8461e8aea9175876500b102610e88ed96ec316735fd70cf1d2db314482a4f8e76bef0477861d3fa2a147ba20ded12574eba7097e78907231f5f074cb79ff64de2934b4f61103833b3e8a93d415f95c9f53a46a0df7b55fafc45a7f50c3cab6464a2309369f538a4aee3318258c6adaeb2776d534ce56caef4f8b23c90fb7ef76f125fd4d321040032693d467f91a299fa907dcccf2be217a36e6f0a520f7799573366641b5c0215c79831a8dddf49b68a231c4e21bd330a23a960c7\"","tt-global-state":""}
VM42:1 —————-
undefined
