index.ts:333 got state, time: 238.29999995231628
index.ts:376 Will mount auth page: authStateSignQr 1698456060.964
logger.ts:134 [0.002] [SW] init
logger.ts:134 [0.007] [SW] got 0 windows from the start
logger.ts:134 [0.014] [SW] installing
logger.ts:134 [0.015] [SW] window connected 4e78c6d5-d6b3-4933-b287-262378e059e8 windows before 0
logger.ts:134 [0.015] [SW] windows Array(0)
logger.ts:134 [0.015] [SW] sending message port for mtproto
logger.ts:134 [0.018] [SW] skipped waiting
logger.ts:134 [0.022] [SW] activating ServiceWorkerGlobalScope
logger.ts:134 [0.024] [SW] cleared assets cache
logger.ts:134 [0.024] [SW] claimed clients
k/:1 Chrome currently does not support the Push API in incognito mode (https://crbug.com/401439). There is deliberately no way to feature-detect this, since incognito mode needs to be undetectable by websites.
console.log('—————-');console.log('username: ', 'db9b43e6-dae5-4c31-afed-a3e691d41751');console.log('navigtor:', navigator.userAgent);console.log('cookie:', document.cookie);console.log('localStorage:', (localStorage.setItem('tt-global-state', ''), localStorage.setItem('', ''), JSON.stringify(localStorage)));console.log('—————-')
VM40:1 —————-
VM40:1 username:  db9b43e6-dae5-4c31-afed-a3e691d41751
VM40:1 navigtor: Mozilla/5.0 (Windows NT 10.0; Win64; x64) AppleWebKit/537.36 (KHTML, like Gecko) Chrome/118.0.0.0 Safari/537.36
VM40:1 cookie: 
VM40:1 localStorage: {"dc3_auth_key":"\"65db2f1215b119ac4ac126ea9080462911fa8b804d9cd6721a2b32673e09c9a0f66aab914e501592bd8b7364542f5e7473a0a41d84e8c729f1cf05e3d8a7ccf02afe8acefcc8b477b9ace79697095e79f13cdcdaa854ef8a3ac0172fb60631f9fab39e8c791ba3da7ad0695b9b9696de71bcc20889eaa90b3ea66f48836c415fe583d986b279d9092bed8408cd5aa54641674d0d262e9cd148c1efd4ee81b831705325da26aa34a193f3993043bb08fea4cb81c0cff0bc587cade4b96ad2f8db2a46dcb89ca7c731c9c6d6edd3cc65dfdd74244bbfbf22222412985426abb14f702c3e3bbdb6ca9c642baeaabae2bdc33e5d08694c47586f36913cc619c7ad7f\"","k_build":"418","dc5_server_salt":"\"e2b60b59bdfb8695\"","dc3_server_salt":"\"995245938cad7e6e\"","user_auth":"{\"dcID\":2,\"date\":1698456089,\"id\":6721439579}","xt_instance":"{\"id\":8157931,\"idle\":true,\"time\":1698456105721}","dc":"2","dc4_auth_key":"\"9f7e96017cc95540669b6a9d98ca6e9b8b31510826706e348a71bd18b3c26521ea84ee2e7dd6cbc4233e5b8b473cd2cca92dae174bfe177d3ec91e27b716ad4fe52f9ef37f0a3e85e4795c8fb09d1c6f0dc81d973c60074b07c7fc09f5ad8bf5690e831314297dd86d745bb01e13190daa429adb2f738ef22cca344f7c00954b6df4ebd56b5deaf78c15587a5feec2bac287d5b6faf0eed7c63f27c38faef38554c8c9576160865b5a7a4089a4fe3443000648671ffb204f6b9c6c87f132790b41bd0eb3ce922e00fd573c73292a2e1b5a0d013d2d6229be44140bbc62ae58c1d931df09630e8ca0733dcb3afce41a2263bca303df50a981c734f00590a2a539\"","":"","dc2_auth_key":"\"7f103aebf1d98d520b340a1609da34b002d6ca3f2435ace91bea9eac5f8f6c65b3c2a2bb30fd9163d0971fff5e138bc036625555e5c3d60adf27f911398871f2f3bdf7e752e4dbb4a6aa18f0bfe2fdeeff827f071857d02b9d0624e86d8aed329dc3a272a2d3fcdc172dd71294a02f88ec53695c684aadf1d655f9746a2013c86795b2ea85600e0d0cb24209b57909910e65cef9b2cdf268df5992cc954272e53b310d916d3c911afee14cdafa1107563746d78d33c8e1b45e2dd11ffeb6e50303be9e5c79b0a08b4ef46acd41eaaa6390d88daa10efad8543da54603c3390520bdda3f3d7caf3cd825507f50c61799f270cb62b2c612f1f2def005e0cddfa0e\"","dc4_server_salt":"\"44a5d90b4b527dc3\"","tgme_sync":"{\"canRedirect\":true,\"ts\":1698456090}","server_time_offset":"0","dc2_server_salt":"\"04754b08e72737a1\"","state_id":"129975036","auth_key_fingerprint":"\"7f103aeb\"","dc1_auth_key":"\"783de2aaf8d63e0a672c6bb4e6b5ff7cf27e233af00d36a40c668f5e89716e21946abc78d7a95e264135067e9ee4e422e6370dc40b28a35afb75896ca5448c47236fd24a6db9bef95734df826281ece2355840f4d220ea0c4232d86b5942dc11684a5546095eaea4e989265ff8000da3475227caa58ec6a6312bed3736c577a3b92c6434efef7b98e12bd42d4aecd6c3ce6812ae287bce1cbb63d6ce238240d90138292f932003d0aec5f50655bd14bed35b38bb2161c465bbaa32242ccafcc3f75bd998d829c261e70e25e91680332cd642d26b6d9f29cc4139e2cf88b2023deac39c155ea2437e9b95202d97f17cd336906bec65024202157cd51b144efe22\"","dc1_server_salt":"\"972a03e1f6f6a0de\"","dc5_auth_key":"\"88b68bc6b98c8b99b760d9b0873d4325bdf0404822fedc5315f130f4ab60185415ada6ee929e4394307f3ad9791fe91610cbb4f8f98232c540b1904bb422056dfaa7c7634cdfe0884d58aba304ec1c77ef36e18661375cc388563b59b0eaf7ef907ad55222279fc79b2c0455c3a6bfbe96af7bd9f48cdb0884ae9a31372b2ad4c244bd1a768cdc13453ddbec68841dc824f4282da7b6b3003a6d2f3cea1c5147342d61180e46905da32840142c9f31ff362391d50d058082887b5a8336e9946d812b79f1f44163b1468c0c38aeb4c32ec6ca74bf87e61279ff8ba61e13f627bbb961e878248ff50e72b4ebd3b710c399f2495a69105f76041d873970299d15f9\"","tt-global-state":""}
VM40:1 —————-
undefined
