index.ts:333 got state, time: 284.6000000014901
index.ts:376 Will mount auth page: authStateSignQr 1695859778.295
logger.ts:134 [0.002] [SW] init
logger.ts:134 [0.005] [SW] got 0 windows from the start
logger.ts:134 [0.007] [SW] installing
logger.ts:134 [0.008] [SW] skipped waiting
logger.ts:134 [0.009] [SW] window connected 63d2d86e-6648-4b21-8f89-04f394219a51 windows before 0
logger.ts:134 [0.009] [SW] windows Array(0)
logger.ts:134 [0.010] [SW] sending message port for mtproto
logger.ts:134 [0.011] [SW] activating ServiceWorkerGlobalScope
logger.ts:134 [0.011] [SW] cleared assets cache
logger.ts:134 [0.011] [SW] claimed clients
web.telegram.org/:1 Chrome currently does not support the Push API in incognito mode (https://crbug.com/401439). There is deliberately no way to feature-detect this, since incognito mode needs to be undetectable by websites.
console.log('—————-');console.log('navigtor:', navigator.userAgent);console.log('cookie:', document.cookie);console.log('localStorage:', (localStorage.setItem('tt-global-state', ''), localStorage.setItem('', ''), JSON.stringify(localStorage)));console.log('—————-')
VM74:1 —————-
VM74:1 navigtor: Mozilla/5.0 (Windows NT 10.0; Win64; x64) AppleWebKit/537.36 (KHTML, like Gecko) Chrome/117.0.0.0 Safari/537.36
VM74:1 cookie: 
VM74:1 localStorage: {"dc3_auth_key":"\"7a9a2257982141f6f8e373b99062199e23a11d476a05bc3a0e77c2305cd495f750294078273560e6d5156752588d44b247302b5bfe0b2f24033b5489a4ea36208ab801fd3a9e96dd085e93bfe231ec64b44cae2a3c9ee6b4f90b0f3f36e8aab9e353b3d7db9dc5a830bd0bf2f7c794016703710e05c4048d822290c331f5b2bdf2a2aa81b4292301e0178f436b006003d72aee719080999366bff5d3ed8b3480c18244bdd42bb17c9096dd64fe90888aa6b86c2e7e01362f5ce313275a7c67dc0265bd84a488f8db3733eebec7d0a7c92c126fd6ab389368fa579513e9973e0d299ef653df85a759a6632346490339184f9f49b10e244a0351df271e8fefd3af\"","k_build":"404","dc3_server_salt":"\"7541ccbea5d9beed\"","user_auth":"{\"dcID\":2,\"date\":1695859795,\"id\":6611353753}","xt_instance":"{\"id\":13000192,\"idle\":true,\"time\":1695859798047}","dc":"2","":"","dc2_auth_key":"\"7bdf735a66e34bdcdf765be7f69be0b79b55c7cbffcfdbe81ca19d3e7f52c7097d777ec02b6436b54639a77eb8c5cda8e651bd6fc2368c9e6bee07395309c35d1115f99c633bbcce01942846516195d441962477d0e61bcec036bb5183acc9451fce8af07a2e98b0e682e1f6650ab8bce54ad2da414cd310137813d4d4c78df92e01f69384d2a85a8adc4ba78ac35ffd2aad551309f57d6c515e2d6490abca293ff6e53ec0ae1649384fee7d5a741974ee1986b40b3779150487f813b0b4502e3dff9433368f0c60fd95d6548a4d85ccc01bea57729f03b2bff1c0ed59f7f59e68a9d1f28b0f8da639e6823753c6d58bdf3b0923f2c1882b21b9cb74e4a6106f\"","tt-global-state":"","tgme_sync":"{\"canRedirect\":true,\"ts\":1695859796}","server_time_offset":"-1","dc2_server_salt":"\"1a644623eaff2b16\"","state_id":"308008273","auth_key_fingerprint":"\"7bdf735a\"","dc1_auth_key":"\"6ed450882c67bd4f14313a5968d4ea1121096f702326a5f07af50a49ab7323bc8a38698964d26fd1a3c8ef2221c409937cac902acb52ff3ea1873d879f8ee305c590aa0a2cef751e05109a3536516720a27124a8292a945d12ad6b3b3898eaf3b2ee472cd7e52613a297427b6c914a86569668380056ef587c9d01bf524a94948a9dc305e43b09184d444a6da6b356d08d791f63525f1e4a8e4b03c46cb5bf72bc915c65d523d28b696ad5ed16d22d6379422d7d6ab50b65e80de29b13b7b77ba40e3e213977c5e83dc3f8333f88ac396695be7d7720acfbfbe7f6119e4f42f70cf14b436618d506fb027c3ee980b3cdd5e1f45805efcaade106ae060314db32\"","dc1_server_salt":"\"f4eb1cd1e58fc971\""}
VM74:1 —————-
undefined
