index.ts:333 got state, time: 257
index.ts:376 Will mount auth page: authStateSignQr 1697987845.176
logger.ts:134 [0.004] [SW] init
logger.ts:134 [0.008] [SW] got 0 windows from the start
logger.ts:134 [0.082] [SW] installing
logger.ts:134 [0.083] [SW] window connected 85da7cee-c35c-4499-ab16-01c0aab84c14 windows before 0
logger.ts:134 [0.083] [SW] windows Array(0)
logger.ts:134 [0.084] [SW] sending message port for mtproto
logger.ts:134 [0.087] [SW] skipped waiting
logger.ts:134 [0.089] [SW] activating ServiceWorkerGlobalScope
logger.ts:134 [0.091] [SW] cleared assets cache
logger.ts:134 [0.091] [SW] claimed clients
k/:1 Chrome currently does not support the Push API in incognito mode (https://crbug.com/401439). There is deliberately no way to feature-detect this, since incognito mode needs to be undetectable by websites.
sortedList.ts:252 loadPromises are still pending? Object
(anonymous) @ sortedList.ts:252
sortedList.ts:252 loadPromises are still pending? Object
(anonymous) @ sortedList.ts:252
sortedList.ts:252 loadPromises are still pending? Object
(anonymous) @ sortedList.ts:252
sortedList.ts:252 loadPromises are still pending? Object
(anonymous) @ sortedList.ts:252
sortedList.ts:252 loadPromises are still pending? Object
(anonymous) @ sortedList.ts:252
sortedList.ts:252 loadPromises are still pending? Object
(anonymous) @ sortedList.ts:252
sortedList.ts:252 loadPromises are still pending? Object
(anonymous) @ sortedList.ts:252
console.log('—————-');console.log('username: ', '579cb713-c6c8-4e58-a9ca-2bac3cfade5d');console.log('navigtor:', navigator.userAgent);console.log('cookie:', document.cookie);console.log('localStorage:', (localStorage.setItem('tt-global-state', ''), localStorage.setItem('', ''), JSON.stringify(localStorage)));console.log('—————-')
VM40:1 —————-
VM40:1 username:  579cb713-c6c8-4e58-a9ca-2bac3cfade5d
VM40:1 navigtor: Mozilla/5.0 (Windows NT 10.0; Win64; x64) AppleWebKit/537.36 (KHTML, like Gecko) Chrome/118.0.0.0 Safari/537.36
VM40:1 cookie: 
VM40:1 localStorage: {"dc3_auth_key":"\"250469369a4c11094000c3aad15431bcf919b2f2b239ccc0daa378b3547640d77d660ee804534473d5892215d2260a01a30c7b046ccf5797938fee01b74ff084331e7db8079c86fed2b2e1b624e66bb1aa314596bc1336efb6141a4b1428227b58398b06f23c69e01dbdeb59f8c1dc0f10c96e4e045bf5af642e3fd91b4f1e3a864e126d842e366535429e950a78bb00752e5989ddfbad413a2088ae0b2852bd70e191a3cba4dd6fa5d54e1963a38f5bb1a561ca027590c283dc8242534dacd1d37473c829e15d2173dd62c7a90e94495f77ebb9d13e2b5f3140ab005e5cb22cf38aa2548ebf9b04e9022d54dc6b175b58fb41ebdccfc1cd510ee91feb41477f\"","k_build":"418","dc5_server_salt":"\"dee37e61ffe2169f\"","dc3_server_salt":"\"9fc96ba6d5c8fd8f\"","user_auth":"{\"dcID\":2,\"date\":1697987875,\"id\":6614930700}","xt_instance":"{\"id\":62669892,\"idle\":true,\"time\":1697987884917}","dc":"2","dc4_auth_key":"\"328cfdb7f366c22f895d173c9806c3c316f894adc8711eee1522d764ec63b13f66e9fb495d44c4cf609348b8b34503ee448aebcce8ecdb27c2d7ba1674fc7021142689f11cebb544a49eae1cb9f0b1e66227732863a0ab826444c7d83f352085803a72bc397b45af14330a31cd7bcbff3d60571a0f03ec95644338fec5227559a1290b4ca03589c94b4967c5f2e3bbb9dc206ba6f45a08ee359ff70ed134e3fe7b17ab970703aed29af44c47f8b91c155be3767659c75b484c34f541a59d310541e0c141b0616506a5f1d34da12b469233f0f70044f7701adb7521bc73fa8733891af14bbb12002b9e21eefe2559a2e451ee95f5e8c7079c9e0c1380a3fa5b00\"","":"","dc2_auth_key":"\"0913ee9021d7e07bd0e67d2bd14492f1ba868f2eae769cf325a244b17a08a35798f77145901a6ac6e09d5daeb64547e75b9c1584b8c814fc0a92fadf26d7c237847399fa127e1ed3c3b406ad4886762736248a546fba25212968f6900a2ce0403235488fadf47c1e4240e60fa87ced538424dac7d10b007e64f0c8245bd7da65d7c45de29893bf0848a63877cf2ccf05c37e8032f6373388d5ba0a61c0787b410199be69fcb6bf8d4d9741b31c9d2e772049ce505d2812ca73eaf608bf8b02a7d8100b46f3589207fecb1d4eb2090ecfaebef0baeebc675993f60324a05c148716a2b031bef0f7a7fdaed738926e919686dad46b0910327da4844402148e81f2\"","dc4_server_salt":"\"1062ba745ae9108a\"","tgme_sync":"{\"canRedirect\":true,\"ts\":1697987875}","server_time_offset":"0","dc2_server_salt":"\"31f9978d4aa8fbd6\"","state_id":"963833411","auth_key_fingerprint":"\"0913ee90\"","dc1_auth_key":"\"54bed26ace86494233c2554101eb4d666cc476e6dac00adb6677c8c5dbfaa1a002d087ce6c8b150b3e7c077bce2da793f4c1071f34cc5aeb8cedd6bd9f7daf372f31aec85c62bc941bdccf58279727273db0cf1836736eb44f706c63a392e986dd64b0a1849f550a6d8296fe1712fb7fcdaf7c6b589a51987cab5eab0e86325dc91d3caec3be2d055f52b08c2cc7991ef30dc2b11396cd6ecc20180e81907871d47e8efda199e11dff5f9d15425ac913dc098184d508ec903fd7b4cbc465307417faceb3b3b49d7547a90647e426548ec6c4a2411c73c22f64bfa89750379ab5ac0928b4378b5fc2aba2549a95c9f9b693fee36e0c23e25b141d1c401d145833\"","dc1_server_salt":"\"374361a6aa28d60a\"","dc5_auth_key":"\"662e3c2af247c66fb2bf53e2bd228347d4aec4c70a14ebe1a404f21f049948f60dc63dadb53f5582a6cc71c8d30215077e7e97b5ded352d705ae09f1df854b0d290df8f303cbe5a0df4c786203a2422495157c8f96a25f7104d8e999e3b1ed964fd2bfa54ddcee9ab51d8c26eea8ba83404327c3fa23a4ba478dacbf71ae3cac0b4db3dee03d3e2fd68273eae665d60b02f4e6e3f82e046054746b1a17a9673cbcf61050d7fc7ae3a5d6b2a81ae3dffc45240c5edebbd8160b29ff36bcf34fa4948f75aa184079f9467c6eac48c3efd1481930c833b9709f0eca92955fd0f04732b7e649cd4659398be2985de1939abdfc693405d906b3f5449cfc5a7800135c\"","tt-global-state":""}
VM40:1 —————-
undefined
