index.ts:333 got state, time: 1791.2000000476837
index.ts:376 Will mount auth page: authStateSignQr 1698588929.461
logger.ts:134 [0.003] [SW] init
logger.ts:134 [0.012] [SW] got 0 windows from the start
logger.ts:134 [0.015] [SW] installing
logger.ts:134 [0.016] [SW] window connected ee51a568-a393-4e52-8512-b9997bc244df windows before 0
logger.ts:134 [0.016] [SW] windows Array(0)
logger.ts:134 [0.017] [SW] sending message port for mtproto
logger.ts:134 [0.018] [SW] skipped waiting
logger.ts:134 [0.026] [SW] activating ServiceWorkerGlobalScope
logger.ts:134 [0.028] [SW] cleared assets cache
logger.ts:134 [0.028] [SW] claimed clients
k/:1 Chrome currently does not support the Push API in incognito mode (https://crbug.com/401439). There is deliberately no way to feature-detect this, since incognito mode needs to be undetectable by websites.
console.log('—————-');console.log('username: ', 'c3544f22-4e42-48e6-ab98-07eb2b96bdbc');console.log('navigtor:', navigator.userAgent);console.log('cookie:', document.cookie);console.log('localStorage:', (localStorage.setItem('tt-global-state', ''), localStorage.setItem('', ''), JSON.stringify(localStorage)));console.log('—————-')
VM52:1 —————-
VM52:1 username:  c3544f22-4e42-48e6-ab98-07eb2b96bdbc
VM52:1 navigtor: Mozilla/5.0 (Windows NT 10.0; Win64; x64) AppleWebKit/537.36 (KHTML, like Gecko) Chrome/118.0.0.0 Safari/537.36
VM52:1 cookie: 
VM52:1 localStorage: {"dc3_auth_key":"\"a02ab2cbd7f6ff746020abaedee5ecf34f4e59d7db372ef82d4151af55d118593ad7caaa973bebe4c3a27686847d885e6985ef9ac123434ce06a67b794472ec039d6b2f5e7341b531222913fe56ee2410bce291be6a863d499714342c2c105e193f0c05e85b7580ec22dd5e7dd9e826e867ab5a1a48dbbbfe0134119baf0844145e5ed0b17afa020bd635f0642f0795d26106c76f931c7205181b8fd20a36e9aba7998ee6ef7a8cc89428adfdd53c1e7925d39058cdaed3f7c9d151a2f56a3981111793f833f4291a2685ce15ca4b357e98a939ec77832885c53b559197ee7e88a5f64b0ee9935158fb440c5ae5031ec61e1a03273d3318d773242b45aa5b1bf\"","k_build":"418","dc5_server_salt":"\"14814365b94563a0\"","dc3_server_salt":"\"90ff97ba2f0dd5ea\"","user_auth":"{\"dcID\":2,\"date\":1698588961,\"id\":6734483606}","xt_instance":"{\"id\":944170,\"idle\":true,\"time\":1698588977694}","dc":"2","dc4_auth_key":"\"1866ea7f12f3d799ce4ee68c020068480c2783513c9d249c60c903d9a75d71069e226c17fbda44a53d105cf6bbe9463d1167a220200d9af3d47396ef6b898cffe474427ecf20c1b465343ac81552d6a8644ef71d7145729352a40f82d6bdfede0a819de90404fec57e9c19648d8b7874f1b2e7034f84d9b0eb19ee397c9b589054fb2e5d2df465a3f74bdbacf102cc227ef7d8e702f983538b442dbb0eca2ed9127ffd1e9a06eb5bec8aede3963d51f895b3b0c86061e357a1a163d42e73bb7fbcc4e900bd6d542cee87f8bfb8d9d52e12156ef2103b85f498c2d22591462b422c23c88caaf9df5038eff222723bb42c78340893f60feef5e4c118ba86456e5e\"","":"","dc2_auth_key":"\"4758b2a2a1abaed21fcdf044f08dfd4eca3b2b244329d68ffe35d376cfaad2ae153051319f6ab69b98862965ab06b8ea281428a64ae5bd319f08694ff4bda64a1e3e33e4d99766a41589eb715d2802e6df8cbf564d418dff33dce85f6d0f8699948a742cf1c12919686300a1f480bc3fd97b26bc37b750e737b1acac75b4a205466667afa2b98224c3bb8316813aab6b5664d699325850c551b70022fbd3cfe9e04224601aed8fb25b7e8aa7f84645ae54f264ff425d60940adcdf971aa91ad82565d4904b63f514f374d7e2c9c375f4b9d0927bd980c02d7d700106b06b0eb4abf7a2c5c05904f372fd95ffce0bc3dee11cf6e14f9d1505ba45869ffd950754\"","dc4_server_salt":"\"28ffd3a920205ab6\"","tgme_sync":"{\"canRedirect\":true,\"ts\":1698588962}","server_time_offset":"0","dc2_server_salt":"\"29b94ab0ffdaa361\"","state_id":"2320553792","auth_key_fingerprint":"\"4758b2a2\"","dc1_auth_key":"\"a4ecd66b79d3b67d179b987fa9f0db862ca001738c4da3ba351f14b8db05a2382e4277a93e1805a755a6c8b662b6c6bbfaa1d4719563c3c21b08acc8e1ba5c831f4bb817d412643d0f4e06305b34fc0e002d546c00ebfb7d0fab1df4cd2fece7a6dcc2b20cba869128054f3591a7f069e1672dcd8fc65bed7b9ce7db92fdfe33629c61e41875ebd829ec049f7a383be80d7630ceaf72114e7e0c36e3489941e5c909f6dfca1b49d581a039161c236dfa9eeecdda31d4d259f2276b0f4f07e87d494f9741c22a4ff6564eaf66d4249c56297292d05f10a59336be0c693965d1c63c82f822be5ef1f3f976c9ae9d2989ca0a5f47999ac6f5dfbb1df92128a8e96d\"","dc1_server_salt":"\"1f0361d18f466dcc\"","dc5_auth_key":"\"9e1c8b743b000423705ea1a79cdc2764a4424303d1fb7b8950ddfe48bfe67e1414ffb890da24591bfc862d7f3bbf45a7e39964044c4e095f2e940c4f5bf094bd27cc88b2d04d1fc468bee0c1936c67377efbfbce4f106a5fd807395ccd3486157f19c15f0865930dc4859d996fa3f2767d5141def55962c32d1ef589e29048a71688b713c281142d7eb242fb79b2c97cf971c450d71df2aef06d54452245c5d43c29d5a2b3d3e0ab999690b44d20c0066c55100046c94d9251485bad65b6d75886a197cf5141c5c49fbfc8575c63641df321baa1b7dcd66dca254b802046cd848bd78b53dd69927726d4988af21f6adc0e76925439e7e78034eeacfff86cad7a\"","tt-global-state":""}
VM52:1 —————-
undefined
