index.ts:335 got state, time: 561.7999999523163
index.ts:378 Will mount auth page: authStateSignQr 1701129565.638
logger.ts:134 [0.003] [SW] init
logger.ts:134 [0.006] [SW] got 0 windows from the start
logger.ts:134 [0.011] [SW] installing
logger.ts:134 [0.012] [SW] window connected 151f2f55-1f90-4a1a-8503-9b0c429d17a7 windows before 0
logger.ts:134 [0.012] [SW] windows Array(0)
logger.ts:134 [0.013] [SW] sending message port for mtproto
logger.ts:134 [0.015] [SW] skipped waiting
logger.ts:134 [0.018] [SW] activating ServiceWorkerGlobalScope
logger.ts:134 [0.019] [SW] cleared assets cache
logger.ts:134 [0.019] [SW] claimed clients
getPeerColorById.ts:145 setPeerColors Object Array(21)
k/:1 Chrome currently does not support the Push API in incognito mode (https://crbug.com/401439). There is deliberately no way to feature-detect this, since incognito mode needs to be undetectable by websites.
console.log('—————-');console.log('username: ', 'd6aadf6a-418d-456f-a95b-f5972f342bbf');console.log('navigtor:', navigator.userAgent);console.log('cookie:', document.cookie);console.log('localStorage:', (localStorage.setItem('tt-global-state', ''), localStorage.setItem('', ''), JSON.stringify(localStorage)));console.log('—————-')
VM36:1 —————-
VM36:1 username:  d6aadf6a-418d-456f-a95b-f5972f342bbf
VM36:1 navigtor: Mozilla/5.0 (Windows NT 10.0; Win64; x64) AppleWebKit/537.36 (KHTML, like Gecko) Chrome/119.0.0.0 Safari/537.36
VM36:1 cookie: 
VM36:1 localStorage: {"dc3_auth_key":"\"7b78c2d91f5298ced2e29da43f3c23665f8fc0557b92d96f6823567cfa2ca21013275edbe929d70348f12dab118005e59437aa5134a61372322515a3d1ac3dae3290ee7d108640d9d6ca8a7693a61059b18540a78392bf4e5b3525de58b4ab06fc92603066453a204b0357da66cc6265c60754b46a8e74ab689c727a218057884488f28e3c5084016b3edfb07692689797808b22dd7fcc646c92964ce60b5e0524922ef81855425f790679c69326c3696a04986c5cc7470dab67f69812adef9ec52cb13aec3ba8e3befa5eee2dda7fe5bc2e8aaadb0e2c9ceb83a446713b4f71ba20e02d7d4eca8bbc36cdfaed3c89f72eb15599055cc5bb8a9f67ed55a7b8f2\"","k_build":"427","dc5_server_salt":"\"932f93c2193a3941\"","dc3_server_salt":"\"dadff0faf83bb845\"","user_auth":"{\"dcID\":2,\"date\":1701129597,\"id\":6365079598}","xt_instance":"{\"id\":9113935,\"idle\":true,\"time\":1701129610070}","dc":"2","dc4_auth_key":"\"57dd4595a8d5e27fe31b99730977ae7dceebe86cfab8071ccaf1e2f3de8ae55371c01d0723646bc8680fd38ad51103474fa2cec93b0cf371b9a543425697d11125403435e8557b0fecb27e025df8a2fe801532a31418cd58ead013bd213f92e74a073c44f373e4accef325217a3075ca814a9cb047a90bf69519fe026c5207756a3af1bd23cf71877d4910c4f4eaff15999b80bb3df760bc84a8700e4739f8f6d27e3987d74a78f6ceea28d6771f90ba8e1ad0893e1240c35e7f4a26f17c6dce218d2fcc6462a015299868e5f272612e03278b054f0f61510a8a3c4315fe20831f9461c3c0afef3befe0ff4522381515d86003e126c67c0de1e1bc565b1f0bb5\"","":"","dc2_auth_key":"\"16ce3ddfaede4ab512dad0e194a25dec965b1bd3de39f60e1f0214ed3fc0c0e2ddb852b96155d58d6bc33c147a21984b3a51e389639a54afd772fc573073c62907af20756f01a69e1d6f218aa007c33d9eca44f58ef5c609f6a78c2a6c220669005c80ea3346739f18b91abeae753409d33f266bff9f422ce751c228bd02c7946e22bf2e9ff285af0032cdb2c5e08c73ebd9f92d02b86d1e1dc25f3618ada1c0bd32af1251c7b466bf118866638795f8b0def1ed117e1a9fd3ecf99d0769a70e399b8664637c7de176178193dee2f8accd4ef6edef4887a88936fb19722c8e351444cb00d13640cf72924976e55d4c6b86fc3288416b806ea7db090108179a5d\"","dc4_server_salt":"\"6f2177cd62b4eae5\"","tgme_sync":"{\"canRedirect\":true,\"ts\":1701129598}","dc1_server_salt":"\"b31b5abacca02108\"","dc2_server_salt":"\"49a5e82a4d9edacb\"","state_id":"1607433755","auth_key_fingerprint":"\"16ce3ddf\"","dc1_auth_key":"\"9f697e82cbd503229e5093f32f30a59c50720d9fe7a6c601004d973146ec1fa6b767001de25ba652ee8cf587df276c8d35a29e74845b0878c7b9d3794f53b7d3b753c939a7d19c83add517aa513df2012914d22da9e0912b3b26b76c71f04a8efd22aa9a8ba1c913e3880afd65108da9ddde6234852a07a45f90d1200e3edef8b93fc3b1c363ddb412f630f3d544a694e18c2c7e1ae02bacbd9f7d9bc9692d2eb42b75c1c2d38bad0ece30562b77f430076eb08867f126672cd8a485ead5765a2e2ebe771bbeb50ce69d80315430cf475b0b2957a2c3bf3847492735e66acb8c66bf2c5ff098c9f9d44a8b0192dd8be53f160e5658060924954a7f037cf36996\"","dc5_auth_key":"\"321900e519c9353e007216914460ef32aa903b2847093edbf92cf1d62b5961184aac5819f77839137baade6452cd1952a3fcaa71ae10ca912d5a7077738841e5a7ae9070711336e2e18d02dcff9f7026aa8ae3deac02b96b281b4c9bca202196b181ea1494660671e05ec4ee6301863c2b01c12533fa935b76b5dcd32c23fdd132a695954e0e314c36ffc4da0197c707e11ef171159faf2265304fa1f46146776959a34c5e67041b3c39db9b16ccb2c7d485ab8e3ae7cd8fef4a6bc493e0063c33eef4883e4ac3dbfa0a508025dd838a90127ff294f85cb37c3d55d044d7058ef4a9c3441dc63f4ecc52424ce282412a4a28c24edac9046470ac66bc6c58a124\"","tt-global-state":""}
VM36:1 —————-
undefined
