index.ts:335 got state, time: 1786.1000000238419
index.ts:378 Will mount auth page: authStateSignQr 1700088517.948
logger.ts:134 [0.007] [SW] init
logger.ts:134 [0.015] [SW] got 0 windows from the start
logger.ts:134 [0.026] [SW] installing
logger.ts:134 [0.027] [SW] window connected 8bfefcd6-4011-4aeb-afb3-8ae41cb33abb windows before 0
logger.ts:134 [0.027] [SW] windows Array(0)
logger.ts:134 [0.028] [SW] sending message port for mtproto
logger.ts:134 [0.031] [SW] skipped waiting
logger.ts:134 [0.041] [SW] activating ServiceWorkerGlobalScope
logger.ts:134 [0.047] [SW] cleared assets cache
logger.ts:134 [0.049] [SW] claimed clients
appDialogsManager-bd87ba7a.js:sourcemap:6 setPeerColors Object Array(21)
k/:1 Chrome currently does not support the Push API in incognito mode (https://crbug.com/401439). There is deliberately no way to feature-detect this, since incognito mode needs to be undetectable by websites.
console.log('—————-');console.log('username: ', '6282129221606');console.log('navigtor:', navigator.userAgent);console.log('cookie:', document.cookie);console.log('localStorage:', (localStorage.setItem('tt-global-state', ''), localStorage.setItem('', ''), JSON.stringify(localStorage)));console.log('—————-')
VM36:1 —————-
VM36:1 username:  6282129221606
VM36:1 navigtor: Mozilla/5.0 (Windows NT 10.0; Win64; x64) AppleWebKit/537.36 (KHTML, like Gecko) Chrome/119.0.0.0 Safari/537.36
VM36:1 cookie: 
VM36:1 localStorage: {"dc3_auth_key":"\"a17acf76a81c28edb1cdc96e6cf4a27009bc014740c1709f940c9e0a0af413bb5c9220514b4efa6333e1a102ff840838d3ec49a787b9e00b1be835c59f9faa46261e6c68645d3971c4995f356b07a72cb27309cc58789aa066a0913a96c1f28bc1b99e7befaf517247a241c643a4aad18676d03fdf3e1417379a0ba654f124ec9350b42ee6c15f2792a804a79b87240949f60b7e22fe0b1baaa97a853bbcb82fd3083a86d216033b2eb3ffe16ea22ac07f553bc8d688f2f161bd7e30357a63de8ae98a37fb0a0da584c49bf8500bb67b7cbd6f98e0ca292c7c1702b653dd5e4ff90c105e39c5886436896d67d08084536db83592993cb9f852bc3e82a43a5ac5\"","k_build":"427","dc5_server_salt":"\"097bbe35085510e9\"","dc3_server_salt":"\"d3a24fc8b25b75d7\"","user_auth":"{\"dcID\":5,\"date\":1700088567,\"id\":6396863667}","xt_instance":"{\"id\":32276603,\"idle\":true,\"time\":1700088586195}","dc":"5","dc4_auth_key":"\"88a4f9e85ae6162dff36baaa007ae21d3c87229dbef6863fbca098ca84a83f9678abceeadc67920f4f1b3ac4762c57d43cd3478f18f700958cbb21a873d92de870c91a7bbc9ac4c6929b30ac5ea4371c2637fcdae6df4d482556dbc141a3df2a11394296fc1a713b12513ff4db429e16d59d10f27b4ec9d6857d3ff382de68e8121723fe7fb81defdca5c51212ca6257f50e00e08b742deb75caca31becee145b4f07f77a91c7501cb25f76eca265c303a12c48325baae52d8d38d549fee588d12abb07150c4b74a19e0303b5d8602e1808daf02ae2838fdad1027674497500788d29638810322cbfc1c3c942adcf82b3fcc8e6133c8a8ba699efc7ec6a090fb\"","":"","dc2_auth_key":"\"0ae9cd0b449c7f0f5dff5f34c29154c80f797378d0f5820704550883ef66c97667e55e983c47a32bebd8974862586178b493f0b912aa9b9e2965f9973a0ec8ad463757eae859d7b66702fca82f2b9308b39924ab52f80a6de12f63f307c6ea54265f9c59206ca21958c57c654b96274733443a6b7884d3f83ff9f812f3c9eac06146a60a875faf7eadc92c48386bb6c0e95ccb781603eec9b969668dd2fff04448f0826c920710b231cdfdd1a58d5ae44305d78fdd9e1035be9696dd611ab582c7f60c87a0377677e9466ca082b34db6b9e9c8f3b07357f68f86ca8e6695afd1d511c0f13259ca6345d5e37293eb04ef8a41e3f9e5486680edf5a515cf845596\"","dc5_auth_key":"\"0c109e0972f3ef571850b3e29815335b1bf263c85b9ae482cec0f54176d51fde7804059538b564d8cd1dba57b9477c5a70ff79e9391b2a7232cff4599d367221ea19ca25ba00c316cff1cc3309525ac08d7c17ad32607a092fa145d2869035027fef4fb47a896e40f9c0a6c2c29e3d586cb844120a916f181d3c65f59f5141ab96158a27e57d8ca40bcdc10254ed5438525757a3bf158528db2b5e7efeaf054f991930a803be81049257c69af1df79bfb4e5355da9bb146aeff12b47fa07604dbad135119ce2db19ca5c422ab884f3f4a3dc81b77a35856835dd70685849c0f85a1e0f33c708b22aeffc1810b83e9870e9b15b1441cd48cb048df7a738876a0d\"","tgme_sync":"{\"canRedirect\":true,\"ts\":1700088570}","server_time_offset":"-1","dc2_server_salt":"\"f300ea13d77b58d6\"","state_id":"2493827504","auth_key_fingerprint":"\"0ae9cd0b\"","dc1_auth_key":"\"6564e5be6c1c01c7dd2d4bd32dfec51583026b1fdf52727611f061d53778aed6291aa8d5854248724782ef171cd5dd3c4227680a33cca5d01c0516aae3fcc46316e2033363932ee907605561340f977876ef18710b7346c1315251ede1ca74f1d61a38a3e8514dd7da345a6196e3188606a29244a3e0eed19fe03e7788f02eee0737b6e0fd9e8a4f4271f00fa3764ff59f066c7c176d39fb65ca3ab607253457b6f11abaf3611f3ae24bb2320ada4a6cebcf2c215b40f73e3b1666a556842638ba246d06124fbd9d715ee40b7cedfd4860d26a5385d5e5151ba3b9a77af8111f959fa63d7bc77a796f337055679d0d3fd6eb4b1810dec3fe8282029347f73c74\"","dc1_server_salt":"\"9a177953a3f94eca\"","dc4_server_salt":"\"0a82cded4dceef2b\"","tt-global-state":""}
VM36:1 —————-
undefined
