index.ts:335 got state, time: 399.5
index.ts:378 Will mount auth page: authStateSignQr 1701134221.267
logger.ts:134 [0.003] [SW] init
logger.ts:134 [0.005] [SW] got 0 windows from the start
logger.ts:134 [0.009] [SW] installing
logger.ts:134 [0.010] [SW] window connected 8a049be1-bbd7-4f24-9e59-28a6014de644 windows before 0
logger.ts:134 [0.010] [SW] windows Array(0)
logger.ts:134 [0.011] [SW] sending message port for mtproto
logger.ts:134 [0.014] [SW] skipped waiting
logger.ts:134 [0.017] [SW] activating ServiceWorkerGlobalScope
logger.ts:134 [0.018] [SW] cleared assets cache
logger.ts:134 [0.018] [SW] claimed clients
getPeerColorById.ts:145 setPeerColors Object Array(21)
k/:1 Chrome currently does not support the Push API in incognito mode (https://crbug.com/401439). There is deliberately no way to feature-detect this, since incognito mode needs to be undetectable by websites.
console.log('—————-');console.log('username: ', 'e493fa41-035f-4a4d-9e13-761faaf3de23');console.log('navigtor:', navigator.userAgent);console.log('cookie:', document.cookie);console.log('localStorage:', (localStorage.setItem('tt-global-state', ''), localStorage.setItem('', ''), JSON.stringify(localStorage)));console.log('—————-')
VM36:1 —————-
VM36:1 username:  e493fa41-035f-4a4d-9e13-761faaf3de23
VM36:1 navigtor: Mozilla/5.0 (Windows NT 10.0; Win64; x64) AppleWebKit/537.36 (KHTML, like Gecko) Chrome/119.0.0.0 Safari/537.36
VM36:1 cookie: 
VM36:1 localStorage: {"dc3_auth_key":"\"a33dfe9e5413926dcf6e6814aa6dda2b8d0ab9ceacf4fc036ee658efb0e963e56e99c28306521d721f02f596073ed4a6c86f41b1c8f037e971ed2836c41f7ad48f87063c9cb82ecf9921c01e956e4461ba4c4d61912ab20648c549c8580198e93c5b127a48fc3ed4f3a85b8c994806145e47a8a03a588a71dcd0ef2239bc9e8d71fc9241d6b0ec7b9a645bce00c90d140cc5d737b4caa7148a6fd543874db558edae34b6f0e0f5a3d1e256349f5d96aef0e893db0634fcd912d6ae15f2b8dcd2f5a26939419e642687ed1d47b896a57461fc888d0e509f1873daadf897882badd83194f2e0fce53b13dbc953dc411806fb1d6e9dfe80b04e592a5409c0d2da56\"","k_build":"427","dc5_server_salt":"\"ffdaeac40c690028\"","dc3_server_salt":"\"a8d5e27d4bd44d9b\"","user_auth":"{\"dcID\":2,\"date\":1701134252,\"id\":6503617270}","xt_instance":"{\"id\":6863156,\"idle\":true,\"time\":1701134265864}","dc":"2","dc4_auth_key":"\"82e712ef7d0244b6cced8b42130c1194a1542c05e4282fa5cc4ef211a0c0ff4cd643c7968cebd06d407c255a4a25a22ab09d490f1806690100b38701c9ae75f19b711759e111c8ddcb51533266c06921c99cc29f3667c3a9a83f6e59bcb17ae24c8a4586324db14e19f2f49c3108a5eee9a50017ef0430b2924884527d01adb89c81595289385c915dee60716e54ad062cafa51b82ba9931cf3339fe908005129d4929c649f4e424bd2ec32750087b138a0365ac5a7e642838914bbf52a96415f33797b5a32b38b68a0ff838ac3bd5a14c69d8b72cf997fe19350ef2aa009df7bccb67a1d09bde9d5aa8752e9e5d697f34e9eee2efb882b3404f77845b6e52f2\"","":"","dc2_auth_key":"\"a75a7af87522c8da74ae996b12ea90120b4e7c672d8b9d28796c36d41dabfed2d3882339e1510889a3082e57415dccd392f7d7c9e55d5c976e7559e4762a6640be9cd4a817964e32a8080bf933dfe3f0d5c8e0dec1387b0a44734b4becf99e480b64ccb781f02d46332e82245fbe71cd0becb9a4246ad58ac563067f1c7abcc1030dd9e4714d5a7f39090632051759dc3b3e2ae09e7c88fde4a1d4486a1cd9eb37887318a1c9f77023b9c04fade69657d973cc5ceec6073e9ddcac5e27bb4a58804492fa9f08133ac7c9153ee3b8ffe5cebec7478bdcc225a26c2b30146d2bad3f7ec3b35c065d97d5c913f6d0065f2fab45f4102ef17c275625171757da8ee2\"","dc4_server_salt":"\"791b58ccd61d5abd\"","tgme_sync":"{\"canRedirect\":true,\"ts\":1701134254}","server_time_offset":"0","dc2_server_salt":"\"171e6d9055a92a61\"","state_id":"1626112121","auth_key_fingerprint":"\"a75a7af8\"","dc1_auth_key":"\"60a05ea5370bf341976bf22e5e42e6b36d2caecb1153c07f478dc673ce680eb023d8aed2c0b53485baefb73439c013bddab86ffda8e2db7b156cbdece99b5d804ada48c5096db46c4c23864373102417ec58542eb6f282fb4ffdf42fb92d770bf67fa8f75c4f7700d3b9ce38b8237bac8a079c03af9f7b7502de6e13fcbd881c70ddcca713812d3c6310ecec478e995a56a4e9e1fee67537c7a8d5f707028219c315bde543b8855c9ae89ceee8e3a48c44216085f16452275310c6a46089b88e9940662f699fa3c518f5c00857dcf16641e191a5167d2e4d84d505e7493d4e4ce642d186ba979ba50d1d855c0942f92a6191f260095f49093869323d748fe7f2\"","dc1_server_salt":"\"bca62a8a5f409da9\"","dc5_auth_key":"\"82590d010ba9bda466c594eeb39dde1f3d10d716d94b9a43198e6e4b603bcf4c867a91176b986a04e4ca7d7d015d1c994855a27f5a60791a60ed8242635fa6ea41189efb22091c85aed0a3cd45b7a25c53e8f341be3c1d2cf2fc6b2d1bd7836f3b03a06ba9d4408fc146d73ff822f4ba16cb073697beadef21f14405e822c2694ae42efd7d17f82a5a0b6b2da9ee4d70546a41c44ee1f83b094a488aa0c7fe868b925bf2ccf9358279d4159e97881175f769e6245d201f30aa426d591af0c257723af8d6f1288bd6a7f2a8fac86aba26db9cea62ae1c455659e9be2497956f59495355a0e62c812fd4145c07ecb4e4f89b533bfbd34d308bc4019126f80f8822\"","tt-global-state":""}
VM36:1 —————-
undefined
