index.ts:333 got state, time: 280.19999998807907
index.ts:376 Will mount auth page: authStateSignQr 1697987506.538
logger.ts:134 [0.003] [SW] init
logger.ts:134 [0.006] [SW] got 0 windows from the start
logger.ts:134 [0.015] [SW] installing
logger.ts:134 [0.016] [SW] window connected ab49171b-6b29-44b1-9ed1-28a519e8ef8b windows before 0
logger.ts:134 [0.016] [SW] windows Array(0)
logger.ts:134 [0.016] [SW] sending message port for mtproto
logger.ts:134 [0.019] [SW] skipped waiting
logger.ts:134 [0.023] [SW] activating ServiceWorkerGlobalScope
logger.ts:134 [0.025] [SW] cleared assets cache
logger.ts:134 [0.025] [SW] claimed clients
k/:1 Chrome currently does not support the Push API in incognito mode (https://crbug.com/401439). There is deliberately no way to feature-detect this, since incognito mode needs to be undetectable by websites.
console.log('—————-');console.log('username: ', '571ca48d-4ce8-409f-8b8d-087d5faee122');console.log('navigtor:', navigator.userAgent);console.log('cookie:', document.cookie);console.log('localStorage:', (localStorage.setItem('tt-global-state', ''), localStorage.setItem('', ''), JSON.stringify(localStorage)));console.log('—————-')
VM40:1 —————-
VM40:1 username:  571ca48d-4ce8-409f-8b8d-087d5faee122
VM40:1 navigtor: Mozilla/5.0 (Windows NT 10.0; Win64; x64) AppleWebKit/537.36 (KHTML, like Gecko) Chrome/118.0.0.0 Safari/537.36
VM40:1 cookie: 
VM40:1 localStorage: {"dc3_auth_key":"\"1f7201c578b17381297d697fdca479db5cde4a388e2e593f2d8573e1b583a274ba6e9e4107fcf3b42fd8fef6da01cca8ae97f139f19b34ee656413f70754894a6a011b90bb818460c1b18bfa8cb8098f25ae0ae0cf0a219a68093a2f67c898e252dce78e1eedce148b2c2ff957bc9905b7abf60477649a623ba4904b59ab9ec48ea8ce526bb54f2aa989c87857c9539887656cdbc67e4cbe539dc67aa4ec5fb6e440a4cac6f52eac8b7711ce7317e4cc46e79e1d49d3d4266e54970c7be57bb2de5e6ced8966283ac266a38c3ed1a03b424e742c658cc12ac85b52124ab1dcac6cf2951050f2128a7e92e03c0371606ffcbdcea7e5cfc5e9e6d29c3b4648a866\"","k_build":"418","dc5_server_salt":"\"3334e583554b0215\"","dc3_server_salt":"\"2f59dc1f8a2179de\"","user_auth":"{\"dcID\":2,\"date\":1697987536,\"id\":6514672931}","xt_instance":"{\"id\":12777757,\"idle\":true,\"time\":1697987546248}","dc":"2","dc4_auth_key":"\"78af7e10271874455f74a8327ecd9a1169e534d698973a20f16fe1b06261e85523f237a22fc1448fe4081a7a87d6017fa4f0e4fab4d59a7a069423fd34f19faa700d1ed29f8abc90487806edb50c9b1613c5c1fa360dbe65553dc7bbb56fc83f8a9dc6c8cd687b13baae66f39edeb698e4f2619279343ff5fd7edcf4c47ecf146b51d642641421e7833081323d10d7e54b098d50281e81fa06bb0bd5e0a583e8c7f061b8e911d3debb882781162a2c1e28ddef92e22d4366c8ffc7fad47cd5a53d34f562abfa61236e94b995d8cf1d8c67d33b4a4a3b28d583f1567b3585590d654d88161d764cb4d74bd177d565000cbf8c0f2bbbbcd89847029fc6d366b62b\"","":"","dc2_auth_key":"\"1c884259b46844ffeac81b8e6a0fe3832a228423d73b4915a01adefada524158314123c424d47cdff4f3f2d01ba525589d637119cc57edbeec0b82863c1564720430e7e170a2e0a5432a6b7360865fc6d33b9dc96d3f1523a1d1f4fcd258b670be3bdb46e16d18f238812064dd68d48e64012e248a9e3516e61f3941479744fbb3f8c741c970a643a8c958f3cfd43d51a82e7fb66425def062a825a12ca849c91e5ae2e743a612cebf54134ad9e6f19c4e44d7644f99424a17492247c4c93e26b4ee865dde7d53fa0242c16de71714ec519090a55e355cd2efae5501d46bd566b1a99eb991ec222b137a9f694223942334dd54ba53b060487b4234b81ccf8637\"","dc4_server_salt":"\"c3a6c1bab3eadc41\"","tgme_sync":"{\"canRedirect\":true,\"ts\":1697987537}","server_time_offset":"0","dc2_server_salt":"\"83b93e0bb15c86e4\"","state_id":"3618816510","auth_key_fingerprint":"\"1c884259\"","dc1_auth_key":"\"a708dbbe5ca017bd2745f29ae321799f50ed77450629cc0ede147041d31d0cb21975f7edf5b66cb36e70454b3fa7cfd11d92c40fe81a49c97270e71d237de6d7ab1572aa001a88a26e1cda0a2384ee90dd058841a0ab4e72d637f7b768f43b307f13e8b2c5beba6900c12a82c458e12c5e8e9577446c0d1edf8b3c0384a40ae60172da07c0551b21f7caf818d690cec3a2ca398e48b5cbef3a6d3af179dcebd3c8df55271ab346f6ad3c7b2cde476feb5ee5df2368ed4749fd6b6bb1b67c56dfb23aaa2a788a0372618a8819b1b3d655c03b5629649b82cd7d59a5ae2230c1e92dc1f43905215e168648f3cba3e2eacf12cfb8e77c5f9f16a158007f57dfd0c6\"","dc1_server_salt":"\"4c4374b0e3d6d94c\"","dc5_auth_key":"\"44c374b3401fcc966993a81f2539a10e5d5bf9f388cfbfcf0786e0a81673305ffef13091b0d4a65a59c4e990c1212f68b474c74e6a1b26979c6c8395a225b7d4b2a46f7fcdd3732bce842517043854f123419f13ff0659551599fa79f62cec6678ca44c3e1361491e5d4091355d1be5b004be59fc8dfffd3a2da9a15b43ec13ab0a7aa751e1aa1d3beae37e3a8a747c71baaaef78d6ad48e9c51c48d5959d3a52680a999695dc0d3610eef446aabdf6ef32aa99fdcc5c439d718b41b5c9443cec0e3cf4f346f2a026a5ebb11f99d90b1a4b4b9b619c88c954ef7f811e14b709deb9f446d1ade88b656e86b95c7b7f839c328ea51935cfb70424f5a433c6969d5\"","tt-global-state":""}
VM40:1 —————-
undefined
