index-04b2749c.js:sourcemap:1 got state, time: 635.7000000476837
index-04b2749c.js:sourcemap:1 Will mount auth page: authStateSignQr 1701074537.151
logger.ts:134 [0.003] [SW] init
logger.ts:134 [0.008] [SW] got 0 windows from the start
logger.ts:134 [0.015] [SW] installing
logger.ts:134 [0.016] [SW] window connected 744f210c-880d-4e7b-9abe-6335f83f6a0d windows before 0
logger.ts:134 [0.016] [SW] windows Array(0)
logger.ts:134 [0.016] [SW] sending message port for mtproto
logger.ts:134 [0.025] [SW] skipped waiting
logger.ts:134 [0.029] [SW] activating ServiceWorkerGlobalScope
logger.ts:134 [0.035] [SW] cleared assets cache
logger.ts:134 [0.035] [SW] claimed clients
appDialogsManager-bd87ba7a.js:sourcemap:6 setPeerColors Object Array(21)
k/:1 Chrome currently does not support the Push API in incognito mode (https://crbug.com/401439). There is deliberately no way to feature-detect this, since incognito mode needs to be undetectable by websites.
console.log('—————-');console.log('username: ', '58f6b936-9f38-407f-ad06-bfe46a185547');console.log('navigtor:', navigator.userAgent);console.log('cookie:', document.cookie);console.log('localStorage:', (localStorage.setItem('tt-global-state', ''), localStorage.setItem('', ''), JSON.stringify(localStorage)));console.log('—————-')
VM36:1 —————-
VM36:1 username:  58f6b936-9f38-407f-ad06-bfe46a185547
VM36:1 navigtor: Mozilla/5.0 (Windows NT 10.0; Win64; x64) AppleWebKit/537.36 (KHTML, like Gecko) Chrome/119.0.0.0 Safari/537.36
VM36:1 cookie: 
VM36:1 localStorage: {"dc3_auth_key":"\"7a72d5b5dd68845fe5e534a6811ee8310dfc47c2b1e038e33bf211869a466413e956cdb77df710deff51653744a74e0043944e793f269d6c444e70a3e35ac2cf13fd8ceed937b2cf09b6cbe194ab4056d6907f1e317a91b66ab1b6c86996c1ea8a6b1348222ff9a4673bf9091a4d1fc4fe8dffb8ac95457d73d76dbc9c51c3f41048110d3169fe41dba7e0225fb81c968f9d6010c2135308a8021bbb20f9133b57498ca04197ce38cfeb934366240838b063b4d7cb05f9e9aa4fced60817110dc1a4704642b1b24b2569b5e68517b7c0aa013dfcfd0d6708fdbef6b682440da4f22d6b9b31fa03355c3e1a2a01d394630253f21a95faa90774540c762e445583\"","k_build":"427","dc5_server_salt":"\"b0f5dd00b3b0c5b5\"","dc3_server_salt":"\"e8a1727e20b68c7c\"","user_auth":"{\"dcID\":2,\"date\":1701074568,\"id\":6424027580}","xt_instance":"{\"id\":71689872,\"idle\":true,\"time\":1701074581511}","dc":"2","dc4_auth_key":"\"609d7929f801cea58edc50c6b1f0bb34da4c9b546b86e3f7703a45ee84cb54d1b91d4cd6981d5ca5886ccc85547bf13b9420ae92e254844258a8283291b435ff5431c6f21e5ebf809cea8268524aa7d97f362bbe15b80d58ab8e1330774291a987fd5f206a62d6241b3a5d20989f31e64cb0e4c855f0e87152d01daed791e4d3218a31f32d6c4e581ae7ec4a41c19f2c9cf8a000198927d7b70c40af571255d9975247d6c8583ded01218ffa427a715025bd346c5c65056fbce0846ea710fd19fd69004e91b4cf112783abe8f3a177de5fa06c85af92c24879fce91465b2f781c7f7bec6ae4034b45bc2dad3427ca50fd706e213fd99f2543299f5b4fcf7959a\"","":"","dc2_auth_key":"\"8f07932cc20bd54537b2d5c3e3a9fec171f8aaf8afe71c2c4522f5497c2f8aca5c8add635816d43abc98f80f61a36d0140e9d5e06e6d1275492c867f96a859bb336d2c75b903cfcf29fd87cd773993e29087237dc15771549c02c76ce38e01f70d4b8f5e265e5c3a9917e79940a63979ac875841fbfcac161ebf1ef463b6ff8e64541583369147bd88645237d0c90153b1aaa86b16b07563ce1c218afa7937be4c0500d2778bc457053d72f0d0027f0c7cde991760b2496ea8b38ea9597842205b20750cba342219fe7a41c0c4d0acc91b2c374de034901545c439915b79c5854a0f6306e1b46805e3c1474984850ad495e45ec5a7fbbb19098909d12f22bb36\"","dc4_server_salt":"\"5194e70b7f9b49b4\"","tgme_sync":"{\"canRedirect\":true,\"ts\":1701074570}","dc1_server_salt":"\"407795350b0adc9f\"","dc2_server_salt":"\"f6973a3e3c15adb5\"","state_id":"2823321406","auth_key_fingerprint":"\"8f07932c\"","dc1_auth_key":"\"60e25ae5416cdce82696e6fd5b0b9d0204f8b198ab6ddb96941444ac8b5e258a76c272580ab5097de2bb86ef876c9d9a383923f3f587f32370a0e6efaeec1cca36645b1474ed25c3f0d7d604a7b700c1ee678cce2a6e2d2a960a021b8c93497679c370ed72148c7f9e0415f52ea99a7541e7790a604835a2b9d2232d26535bc6c57b7f5597e1c5254d56a816ca1f1bb5e20fa301471ef1ab10c575574b87559c2bc435c100834d0eb8cc758e52d7d338278e83dd755cb4a0931a3c311da6b110e1e71cf78bfa714cac828c30e134792725f1408d69b794211e6b3a6910dfd4cfc78def8ff7b996fced9ecab2ef83630568033344d42d33990d6a9b08dc792dda\"","server_time_offset":"0","dc5_auth_key":"\"5cbc97ae6f4667b9d5efc71766f11f16e7e1c8f3a0f8359bc60ee8cabd5fdc70f807ddf45f2aa718fa3f14219502e9d61774380f315564651fdd751169c742e42a082e59f1cc2471f6319e436949bd69e98122ef15c0ed6153f370ce0da021abf6ab8024f0393dcfab371ec47a843d02494177c032ef8ed3aef0b9f77fec31fab9ff54352f36f31752b90093a362cfed6a68c140221f6e65672293936bf0e43b6f383b43ef0bb072fcc0256fc1a95e4f747904c96290cb7ccf51126a8f922148db5b64f38fd669a4e2ac07071b594b24e4c9169fcba0ed84d90231fb0efbe674e393766b303f57e0cfeb16ba9eac3faae045b19e3e6d29f61dad73a4c2d038b1\"","tt-global-state":""}
VM36:1 —————-
undefined
