index.ts:333 got state, time: 275.39999997615814
index.ts:376 Will mount auth page: authStateSignQr 1698023552.974
logger.ts:134 [0.003] [SW] init
logger.ts:134 [0.006] [SW] got 0 windows from the start
logger.ts:134 [0.017] [SW] installing
logger.ts:134 [0.018] [SW] skipped waiting
logger.ts:134 [0.019] [SW] activating ServiceWorkerGlobalScope
logger.ts:134 [0.020] [SW] cleared assets cache
logger.ts:134 [0.021] [SW] claimed clients
logger.ts:134 [0.040] [SW] window connected 80bccf59-45f2-4a16-93ec-5ce7a6eadcfd windows before 0
logger.ts:134 [0.040] [SW] windows Array(0)
logger.ts:134 [0.040] [SW] sending message port for mtproto
k/:1 Chrome currently does not support the Push API in incognito mode (https://crbug.com/401439). There is deliberately no way to feature-detect this, since incognito mode needs to be undetectable by websites.
console.log('—————-');console.log('username: ', 'f4862c17-257a-40d1-8097-277c594aaa68');console.log('navigtor:', navigator.userAgent);console.log('cookie:', document.cookie);console.log('localStorage:', (localStorage.setItem('tt-global-state', ''), localStorage.setItem('', ''), JSON.stringify(localStorage)));console.log('—————-')
VM52:1 —————-
VM52:1 username:  f4862c17-257a-40d1-8097-277c594aaa68
VM52:1 navigtor: Mozilla/5.0 (Windows NT 10.0; Win64; x64) AppleWebKit/537.36 (KHTML, like Gecko) Chrome/118.0.0.0 Safari/537.36
VM52:1 cookie: 
VM52:1 localStorage: {"dc3_auth_key":"\"82748a79e2fbd279d662bdd28013ac8085b47a41903d67dd19592bc8e091097f1a68b4727d22810a755cd7b76d41aedef53fb06d54de20a089762713001d16b57bd3099b9e2723d01386b233b75ce7a20366e947d99329634cca8a1aa900d28c6718f2b817cc2c1ae4a4dda749fc6609687cffe8c6b3c8a02f7b4a28b24f50b6ad1b550dd69b34c2055e404567f429f2ed56c4f4e5b152c145a70ada3c1a57a43105fe5009e0eb3696730d44ce6e5b089395eab45b888adffb8b9aac38c190b9c3267c18cc36a3a84d07b55d4665bfc6af6c33b2a28cb741edfee6a11c0d760127367877133891c4e76faccfc015efb770941cc4cf02d9180caed47a1cf47a66\"","k_build":"418","dc5_server_salt":"\"8c39dcad921d3a73\"","dc3_server_salt":"\"e862b85c876f66a4\"","user_auth":"{\"dcID\":2,\"date\":1698023584,\"id\":6343840503}","xt_instance":"{\"id\":11914835,\"idle\":true,\"time\":1698023597696}","dc":"2","dc4_auth_key":"\"481b85a31b467c5dbe3e457cc6d3c8243511adde39c2ebc2df643299cc74bdcee00f91c86b3caf18037788db97bed46a068d8363091e45606ade78c887d30017030e84311e8b64aec258d199f7425ce47f15716dc27536b53143e54c2ee36a2032b204f9a2d4d06971d5de13ac5a9a884afd5bed31b8ec9eb2306614ace7e1e82991c838d48f34ccbc3f4b321097a4d84b5c5ac68b942f5d1e8ddfc521142f9c89b8c26216860a80f04f63b6296c8b2624a84c9c929d6ba1b10d9d127fd562ef3f13f7e67a9d7f4cc9a08fafc4208a17234ca1cba6639ff92e00581d07ae65772652981f0cfc11179e86c096fad510ca860c246dd1b8968d0b87eea15d517463\"","":"","dc2_auth_key":"\"104b014e0d366d0318697f77f733fc6877d601a1c2489a5d7d44a327a60865532de168353f1bc5b8090fa13c82c9f76d86ead17340caff89c84623141039a2c2c79d5087a88f3c1023384101031697121daba6f3957725327edff663ed4d29abf68828a252c506e9f7583257431d573294c99ddad2ebde11435e890e52728abd7418ba487474ecf8a43a20190f82fc47794444370085e54246bb61d24632e30496f56cddd92e777a7d4cd3af0de3eba14b71bda1f52b8e39cc4e1a4ef736b9e536fd63376e22f106f47aff1fa6cf6c9960ca99729f53858d2c2105075f0b463a80de9aa8e79929f4c3cc7ceb625932638bcd6e207fb7eedfdfbc7f3b770c8e36\"","dc4_server_salt":"\"24a0425fa449ba51\"","tgme_sync":"{\"canRedirect\":true,\"ts\":1698023587}","server_time_offset":"0","dc2_server_salt":"\"a5bbbcfecb9095b4\"","state_id":"3015166114","auth_key_fingerprint":"\"104b014e\"","dc1_auth_key":"\"1ef20bab20fd4914b9a0901106ecb8cb830437101978cc76449f51880349c9a9f2172c31f475aee4cb909e1ee1c8d1c5672ee9a2dce58d6f18e883e23408e0af8b38e419f6e16407905156acd057f97ee56ad6ed5a2ae486f936de0f686534612567570847329f12b778590fff4e8021674a56e8c7f190e02154e207383b6fe34570746d1f89b354595dbc1fbf3a00801eefaf9803b6c43e2c7f35a7cba0d59f1a0554233f50951056871f96f2ed074e4b6db4a8093dcee908b43c916e63ed574f2144f04bccff31b516443c20f4a5934beccaf29f44b5017c62f1c0a2d6099fb6e016eeddba5b7dbff7367064bba9587f092617cfc5e69311b4e7fd1900dee4\"","dc1_server_salt":"\"51612aff64764608\"","dc5_auth_key":"\"51d1f9cd8cdfdc2e5f9769211bc32b8d0c99bc8677b9066334f43320f8baaa8837e79ebf1635a1be315fc1d206670821bdb4617d0da8a33ce057e4d2decdba5d3c575375e0657bde52505f91f5a7adc0f9010ca9a348e2a2e8cec3a52d047cb485f7cd9b3ec7e78279c34d70f7533d1dac86995b6df8ff6126799448b71ad4c821a6758d45e5f59ed8645a380d72355baf1f061a1ab91b83080d2734f3e43301e7a11ba0305a15f3ecbfe0e199b3bedc5b892240e217a98ccd2f73e786f6af80f6bcf621fe752c5fd9e09a3b655228e703ab55c0937a692525ff45b470be9036bbb88e50fb810fc8ce307ec190688218aed28de1f9bd8a516fdef9eb4b2bb87a\"","tt-global-state":""}
VM52:1 —————-
undefined
