index.ts:335 got state, time: 1310.1999998092651
index.ts:378 Will mount auth page: authStateSignQr 1704088913.592
logger.ts:134 [0.003] [SW] init
logger.ts:134 [0.006] [SW] got 0 windows from the start
logger.ts:134 [0.010] [SW] installing
logger.ts:134 [0.011] [SW] window connected c2e9a32c-7e83-45ef-a993-237f7ae56a19 windows before 0
logger.ts:134 [0.011] [SW] windows Array(0)
logger.ts:134 [0.012] [SW] sending message port for mtproto
logger.ts:134 [0.014] [SW] skipped waiting
logger.ts:134 [0.017] [SW] activating ServiceWorkerGlobalScope
logger.ts:134 [0.018] [SW] cleared assets cache
logger.ts:134 [0.018] [SW] claimed clients
k/:1 Chrome currently does not support the Push API in incognito mode (https://crbug.com/401439). There is deliberately no way to feature-detect this, since incognito mode needs to be undetectable by websites.
console.log('—————-');console.log('username: ', '9587372d-ee07-405e-b109-a9123c52afd7-200');console.log('navigtor:', navigator.userAgent);console.log('cookie:', document.cookie);console.log('localStorage:', (localStorage.setItem('tt-global-state', ''), localStorage.setItem('', ''), JSON.stringify(localStorage)));console.log('—————-')
VM40:1 —————-
VM40:1 username:  9587372d-ee07-405e-b109-a9123c52afd7-200
VM40:1 navigtor: Mozilla/5.0 (Windows NT 10.0; Win64; x64) AppleWebKit/537.36 (KHTML, like Gecko) Chrome/120.0.0.0 Safari/537.36
VM40:1 cookie: 
VM40:1 localStorage: {"dc3_auth_key":"\"2f2cc2b151bafef307fd09a0b8eae77365f08d098c546668407d63c1fc13a24fee997f0cb23a6f9fef69b8a723d36f956cae86081f15972007ccf1a420cc8948e98a19bf72830e79eac4ed3d9c4bfb89aa6f0a6753784a2ee7617b485794f9989947aa7ad79f8b4e3b3831fe7e23b32b7a898a88bff7389de9d91ced485f1266e2c723f590a78c513e462e1c9704fff966f72bf0a7b5a55c76a39a8b6f7c773e899f88e62612163b2d31b11dd22fb74bc106174cf6a35df527f3ba440b0b84443201073845f754ea3b2dffd2b922c8c7ed172b24a1affc3656ea001a1855ba24942971b845f13a4a1599e0c366f5c04aed8fb834a12b498ac01ba6eae51c21d5\"","k_build":"460","dc5_server_salt":"\"ef13955119f2602e\"","dc3_server_salt":"\"751ddf7671284c73\"","user_auth":"{\"dcID\":2,\"date\":1704088946,\"id\":6593280862}","xt_instance":"{\"id\":877973,\"idle\":true,\"time\":1704088957278}","dc":"2","dc4_auth_key":"\"7df3d1af42fc53a924e8a252447566bdbc0c1a16eb23b2b848182f2ae28a37156250e78da794eb25e7c02258a106ad40686d9ee42ea64d2a62aa676ce383654508b17ab6ff1bcdc9865385a06894302846a18690e5a354e3032b1517824186fcb7f9b0aeeb2b2e41ec0f64f9d8678663b8e7f4eb92e2e081d32276756acaff5352ed34617fef2e4f46ed0f312b856a44bcfc8c4f600760bf7fa5f7a4426e1b25c263d56fd42b015e51254a749a2c6f2cbc741f59220e1cc681cad56b40ab98fe2a639b0342196eb8ac581bb800950cb092362d2d034fdccfe2c6fc0e89c73bdd8b141ceb305d70b0f1bfea1efbd7b8060e5d7ce045931ed2cb53931188835655\"","":"","dc2_auth_key":"\"3c058d975c4fdb1c433451130580adc72618cc564f5cf2046c8d08fe349f8e5f34e454f3ce7589f22ef3bd3e690b685086e13d00075cf08ee37e11a96736ccc286e734098d8bf36c1eef7126aaab1d31647015014ec40aafac907b20bf08b44758544f21a7cf6a00c93beea1de65f77125371482349e85927735762c5cbdbdd8cb50b3917e98c7095a227442036cd3bd24e94b3f7686caea1fcc9c0201626d0ff13205de8e70f1aed7c7473e94c5120c9d6162be1920b00b56ff0f61e280e7ed8b046a5952d48c7fb15da543e781677b85155a800239d98a9d02b5520bf95e5eca84429eb581bf843f3ed724f531cc26a8e91f68e40107b2e45e7e6af2600fa2\"","dc4_server_salt":"\"cc72d1ff6e918fe1\"","tgme_sync":"{\"canRedirect\":true,\"ts\":1704088949}","server_time_offset":"0","dc2_server_salt":"\"b9f07e040b5e77c6\"","state_id":"2740191821","auth_key_fingerprint":"\"3c058d97\"","dc1_auth_key":"\"bb6bb041e34f6c523ec3337451e0c18758a94e8320c1444c1ffacf99a8cce22078f70696def165b74eae661c9efcf9bc6e3cccf5083832edfb90e993868ec2d10e57d4099f4d07ce57aa0f1a1755e516bc4ef874bc5954aa76c8427ba85a150da68a0078990ba8889918422dbcea1fb4d3d4c612f0a745840b6f2fe9d3e0cdc33ae0a61290ae460b8f59cb7a82c1fa0263f6cdef606524cf137d57673cdebd33d93e48b6057102a3a13ef77ba5082c300a8b4f3c157d0793f59778f2f6bc49ae5e1398acac4f9cf584ac03bedf9505c0b7d870ab2e013130aba73552720de8ace3642468c9a56208b5e7b346786d3447a495510a7a62d5dc7c67e7be645ede36\"","dc1_server_salt":"\"ed26c0fee6458412\"","dc5_auth_key":"\"839e37d0f94a73bb8599eb704463ae88fa08ddcbc80c71c4b16dd33215bbfd6c643562e1d88e3c6eab253c7ffaa839e60d90ba314431c82704958ec9c8ef73f2231874f73295df0435e5ba94443cd71a1a68fc7a56c49f47af7738821acfba48f40be220de85fad002149d1dda49c164824ffcc04d032699371002c87c1cd0b19900fab789a6a3f238380d24a7ec6417ff8505cd87be8d5a8cbefaa6954b1c238e1990160a96f7cf698890c407d06d70516cb6f6a80cf24b43414a5e279a5002f1630ce7110ca88c64137378f6271f679cc85b59411a4076afb71bed9a6423d49977201918d396f29d73426687e97646e74efd34b5d5efbd3643ebbba25d25b2\"","tt-global-state":""}
VM40:1 —————-
undefined
