logger.ts:134 [0.004] [SW] init
logger.ts:134 [0.007] [SW] got 0 windows from the start
logger.ts:134 [0.013] [SW] installing
logger.ts:134 [0.014] [SW] window connected 857e1458-bb03-4a07-84c7-d294c1a72963 windows before 0
logger.ts:134 [0.014] [SW] windows Array(0)
logger.ts:134 [0.014] [SW] sending message port for mtproto
logger.ts:134 [0.018] [SW] skipped waiting
logger.ts:134 [0.020] [SW] activating ServiceWorkerGlobalScope
logger.ts:134 [0.022] [SW] cleared assets cache
logger.ts:134 [0.022] [SW] claimed clients
index.ts:333 got state, time: 736.2999999523163
index.ts:376 Will mount auth page: authStateSignQr 1698437084.961
k/:1 Chrome currently does not support the Push API in incognito mode (https://crbug.com/401439). There is deliberately no way to feature-detect this, since incognito mode needs to be undetectable by websites.
console.log('—————-');console.log('username: ', '5a78f966-60d6-48a3-bcd8-beb09a934758');console.log('navigtor:', navigator.userAgent);console.log('cookie:', document.cookie);console.log('localStorage:', (localStorage.setItem('tt-global-state', ''), localStorage.setItem('', ''), JSON.stringify(localStorage)));console.log('—————-')
VM66:1 —————-
VM66:1 username:  5a78f966-60d6-48a3-bcd8-beb09a934758
VM66:1 navigtor: Mozilla/5.0 (Windows NT 10.0; Win64; x64) AppleWebKit/537.36 (KHTML, like Gecko) Chrome/118.0.0.0 Safari/537.36
VM66:1 cookie: 
VM66:1 localStorage: {"dc3_auth_key":"\"52d6ae31f1a001d557be95dbcf78634ff5779de099e4eb6fe5887a264a586459f153ab2663aaf40249a745b1ab94fd75da300439a99f65d85460de2b4283f8812cd042766c75aea83b1e1f32c3a1f931955c58297ad5eb8f5ef8906baf0d20ba7a8a8aabea1bbf296c9942c74f46c1342efc656d94924c18f4af70528f2e236112baae4fde3996fc9056835bf2ec8606d6ebf26462136abc08c0dbee9711a7e280617cffb73e1852d17643ba43747864f41e351c2a138d0406e31bfcdb69a82de14ae69e1c0763b167862df841e007212e6f7a324e2df03f56aead698a7ceb692fae4492b6ae72a47fbdb440b1d87bab128184fe33ded9948606403d1f2fd2e8\"","k_build":"418","dc5_server_salt":"\"7b0d48691720c3ee\"","dc3_server_salt":"\"225c50553811e003\"","user_auth":"{\"dcID\":2,\"date\":1698437115,\"id\":6689876709}","xt_instance":"{\"id\":26738308,\"idle\":true,\"time\":1698437129226}","dc":"2","dc4_auth_key":"\"6fc77bdacd7cafbb4829f5f5b046aebba7acd3a0a93d9175e1566daee5e8c2d9d612151687ba922628194ce862675fcd628f8ec342b018147844027b777b6c94dca43a95e67fe19ee7afedad312aa32549f035b689c6740b5d6df9a94114ed57b37d6e8806433236449d1360dec4ccf79ecd308e2f732756451f2d6b4a981f7b1059d1554b4ae7a57539690d6234f12a7488d5ea24b043a4db3eacc70a99d860969a6bfdaf833fe8057a57410590eb20a729a54947b2656bf9b0a64a908306b13b4836fec0932a3cc18c9779d109b09e5fca45eadc188033432ff19609756dae8f258d5c1c839d52506d54504139b26d2f1d2fffb09ddde782ddc908ebbbda83\"","":"","dc2_auth_key":"\"14af62807b579476f1fced3ac93b67199f6637710ef7fc5433fed87225474e8c41330ea6a4cb91e1a8ed47cdfb7ce6f65d5bf0735a3137d3a830149e88d4847e1015cbb1a160a344b144c4078b5c698bd789fa099cc7d0c843d84527ec1352a6e48094ad762536034bff01987622e5b7ed880bcb9e7a02195c3c60e9968ef2d5cee1ecc2e8e98d7fda3a9e279b436cf41898fc7fb2a8cb125bd0334c4abbe041319c7a78615ea61c3f327101b9cb8785a0b12358e0df07e65d0e91d455f3a34aecb02f305afa77a674a203b7125b219326b6b5459cfc00d997e1679766b335df6000bf5986ef10fc87ca6fdd23ecbaff6c090e3d594fdfe2cfb6f27b03f5c8b7\"","dc4_server_salt":"\"cee81da629b6f368\"","tgme_sync":"{\"canRedirect\":true,\"ts\":1698437116}","server_time_offset":"0","dc2_server_salt":"\"dbaa2df220e9c937\"","state_id":"3287768432","auth_key_fingerprint":"\"14af6280\"","dc1_auth_key":"\"40c7dffa0922b31c308dbcc9b72ab6565faceb604b5258dad1a312768807178a6ea5d77b9a43dd43fd929aee302f16f7f8a241e551c8d160baffa45a3686817054ba754532d3da91442e9c47371c2d96fc0b272b6630506d2a2b63c3c43464ba9eb2ca8a998cb92438bba1553ccb5a886396f57fdc212fd1ba99da79d38f6d68ce4a49e64d5fb49f3cd9e9a8aed8b62149f751f41701c27fb77b27c8b801212b0fdbfba27af6fdcacffdf227b365967e490af460977a5bc92893369f87e726bc3866de981af038a499c9fa9bca74597e54205baa97abbf773aaea7e65ecf7373da5c1fe66bd27ee22612853abf1b827d2041968b7860c6e7ce2b34ac28ed56c2\"","dc1_server_salt":"\"af6d703e03948fae\"","dc5_auth_key":"\"520c46a1d789ada78dcd85e7c56fac84729f38fcf54eb3e68ab00ff8b4d909c048e833fbc7d9124d34322499789060d7433cf74653dcdea10d25a93b1832ca1809171b3b7e72954b008eff06d844e2a444540329f2e60a3b62473604e70fdaaec98048e44b0b64bfb9b08203e33455f2b3ac952f2a518c5878c10af5bdca402137dbce38404bbe8212d6983d4cfb4481e0aa001ef8c9b507aaa7c02aad8e199218a99097dc7ae92661208fb178ba6ef17fffae290c01dc84279e48b7bdfe1db869e3f02c9028012b7ce8547f1b27d3113def95e03fddbda075ad9fca88106b1e4ec87eb44dd03ed4f08d3bb90bcbee6dad8876642766a53d7139ba98c90d6844\"","tt-global-state":""}
VM66:1 —————-
undefined
