logger.ts:134 [0.003] [SW] init
logger.ts:134 [0.006] [SW] got 0 windows from the start
logger.ts:134 [0.011] [SW] installing
logger.ts:134 [0.011] [SW] window connected 38e605a6-620c-4232-9c1a-ca9a1b122494 windows before 0
logger.ts:134 [0.011] [SW] windows Array(0)
logger.ts:134 [0.012] [SW] sending message port for mtproto
logger.ts:134 [0.015] [SW] skipped waiting
logger.ts:134 [0.017] [SW] activating ServiceWorkerGlobalScope
logger.ts:134 [0.018] [SW] cleared assets cache
logger.ts:134 [0.018] [SW] claimed clients
index.ts:333 got state, time: 747
index.ts:376 Will mount auth page: authStateSignQr 1698020182.799
k/:1 Chrome currently does not support the Push API in incognito mode (https://crbug.com/401439). There is deliberately no way to feature-detect this, since incognito mode needs to be undetectable by websites.
console.log('—————-');console.log('username: ', 'df16dc71-ff2c-460d-84aa-82a164370f18');console.log('navigtor:', navigator.userAgent);console.log('cookie:', document.cookie);console.log('localStorage:', (localStorage.setItem('tt-global-state', ''), localStorage.setItem('', ''), JSON.stringify(localStorage)));console.log('—————-')
VM40:1 —————-
VM40:1 username:  df16dc71-ff2c-460d-84aa-82a164370f18
VM40:1 navigtor: Mozilla/5.0 (Windows NT 10.0; Win64; x64) AppleWebKit/537.36 (KHTML, like Gecko) Chrome/118.0.0.0 Safari/537.36
VM40:1 cookie: 
VM40:1 localStorage: {"dc3_auth_key":"\"8c4d74d9fa4de6c00f1d90b92049078e7952b493cf7e1deb98d661fff8e65ecabf287238b681b8bf71d88a2f59dd1e7a6a9d166aa6baef66ad7fb9cd81f18777471081073e8903f8352fbd812e7bb91bf7ffa90b61ddf5e9b6342bcee12ca5d29dbb22c8633ced90f8712be0bbbfb4d1085917a359307a7fb70cf192bcc62110cca23435983d924935aadbf2dfebc01e9ad56b254c6508f5668d9086334c045b14cd7c21c094d53a3180e6cec610baca7eff34205a33800acc151d9dc8066f0b578bf8fcb751631fbfe6461a5ca7bedb95f08a76be843602d0c568115aa791d984ea9a3632e11c52a5709716b161f086acf016d585f735088fc066d49219f001\"","k_build":"418","dc5_server_salt":"\"65a68ff46f575e88\"","dc3_server_salt":"\"041c1bd70ea9e4c7\"","user_auth":"{\"dcID\":2,\"date\":1698020212,\"id\":6549698923}","xt_instance":"{\"id\":59152824,\"idle\":true,\"time\":1698020222051}","dc":"2","dc4_auth_key":"\"686bd14bc366be9986191556d92029338430e4f8d19430cf24c98e7c25c597313985c04c32dca051070e7fda8c823678cbf47fee4adb560a6d639a4af591de0df25d85248611ffce3060582f3d9b928ba23635d4af32db883df3c0152ba7fa617497b043dee13b30d8edf65fe21f1350ab56c9d4a98662760de34e843b196a4b18dd8988103c4a8399c720ccbe2d60d1e2261e624f0d8b95a1cad2b0742d45542192188843addbb4b438027485bea4c0097e313922d1daa0b241b747e6c62293bd03c038133dd673901c7a3063da29f5aef4f40ac1b838a7a94c989dacf28fb98939a8666a7ca2e0feca586e83231e9b549127fddf852e3b68906c68fd2b98ad\"","":"","dc2_auth_key":"\"33f3993185626a66c10ca20e82c7c5086d9851be85c3817c7ce626d351018be978069e5579cc090ba9df02e9d32d68e1f9c1c76e3754e305dc21bc5f53936b4551c0ebcb66a29f017a91f8bf8807e6d7a49a31742e128c4a21325f8a16e5d840f7878694c27f9dec4590cb6c0381e3ec5d50bd5ebf33821e07bd43133ad8773abeed6634b490272bc334239418f24b43f6e2546021b86cab29619ec11b2d63b84b94af32f151141203a26bdfe51690fff2fd3482da870298f601225443fe86c9118bcc817c7149570388f056280670e9470071948854c30226fb1bb704b6b7ada77f12139b096c2b1b417e5bd62c010592351c6ff661ae75238e3956752b19fe\"","dc4_server_salt":"\"34e3049ff0c997ed\"","tgme_sync":"{\"canRedirect\":true,\"ts\":1698020212}","dc1_server_salt":"\"4ab5e7e5240a8846\"","dc2_server_salt":"\"2e5649c23e53f1ba\"","state_id":"2391417665","auth_key_fingerprint":"\"33f39931\"","dc1_auth_key":"\"58feb11c1b8e1e409df3e5830a2e8eb816ab00f2b8bdc7517c0ea4e6d2f30a3372dccf6e655f3f728e2bf242c1e42b0b982791516435212aed5b0e7a3d5bb8fe99a72f0be0ffce40546e6f7b5aca59d34208d588cba2c54cbcd614a4910eda7cb9b5e098515dca577861ac0cbbfdd5213444ed5f71bef4cd67700ba1e863ac3e5711c2c6c92cf2dca666a314b644a125d78f685868388a4fa54be69da210ec1fd2f4e6e05387d112a6729baa4a8828f2ba04603318405525551add4ce8fa7a0a93804cd5fdfbe8f5ae70a03399d3e810596d970f48b76306efc0ee14cac7f5019454bbd217a2ccc71a9ccd2d035591af045e9a6277b6485ad1ad59fed010fb48\"","server_time_offset":"0","dc5_auth_key":"\"5d01797485e33ad2f5c9097c81bc83d3c77126fdccbc107966c0f33200a145dbeb96b1550704060a2420c0fcaaac5f5acf3d33af0797fe44d586bd2ce056776389dd862a9763eb6af04beb914f9793c6183fad640d45dc9262eedf2eef737f1a8d8f6feb758c92f7cb2243b6eb4f2d4c31122ebaba69bd969612f4df99b6239b4925f16b4fa9e23181895f2d8a237b0f08f115f78c203a6cb6c8ab90e2fb2f2cb6bb8ec7fe281a6b710692dda5e74d0559118e2b74c035da92404382f1fafcd4ece8d4f8254a7e8b9096f68d497683b73eefaa3f1a9123ec6d56799cdae92231993c5d794c030476d2648ddb95cb63ece8509765849fa84408e06aa5dc72dbdc\"","tt-global-state":""}
VM40:1 —————-
undefined
