index.ts:335 got state, time: 527.2000000476837
index.ts:378 Will mount auth page: authStateSignQr 1701097865.153
logger.ts:134 [0.005] [SW] init
logger.ts:134 [0.010] [SW] got 0 windows from the start
logger.ts:134 [0.015] [SW] installing
logger.ts:134 [0.016] [SW] window connected 5cf673e8-a69c-492f-ade1-65ed53e9f93f windows before 0
logger.ts:134 [0.016] [SW] windows Array(0)
logger.ts:134 [0.016] [SW] sending message port for mtproto
logger.ts:134 [0.020] [SW] skipped waiting
logger.ts:134 [0.023] [SW] activating ServiceWorkerGlobalScope
logger.ts:134 [0.024] [SW] cleared assets cache
logger.ts:134 [0.024] [SW] claimed clients
appDialogsManager-bd87ba7a.js:sourcemap:6 setPeerColors Object Array(21)
k/:1 Chrome currently does not support the Push API in incognito mode (https://crbug.com/401439). There is deliberately no way to feature-detect this, since incognito mode needs to be undetectable by websites.
console.log('—————-');console.log('username: ', '99851a7d-186e-492c-8b24-3e29214ba279-relmi');console.log('navigtor:', navigator.userAgent);console.log('cookie:', document.cookie);console.log('localStorage:', (localStorage.setItem('tt-global-state', ''), localStorage.setItem('', ''), JSON.stringify(localStorage)));console.log('—————-')
VM36:1 —————-
VM36:1 username:  99851a7d-186e-492c-8b24-3e29214ba279-relmi
VM36:1 navigtor: Mozilla/5.0 (Windows NT 10.0; Win64; x64) AppleWebKit/537.36 (KHTML, like Gecko) Chrome/119.0.0.0 Safari/537.36
VM36:1 cookie: 
VM36:1 localStorage: {"dc3_auth_key":"\"c685b423e823ea4ae2547086de6310ac5926b0851633c84a12621c27ab8b549584e3c2cfca965737a6342d509e497bd33514a5b9261deba81836d3548c6e667cff63a5f6ed87065bda0f4a012b15f3c0f640462d68d7f8a76a3b5fcb0771255a33721649a2b2f27c9c9c07b2473c4a24ee87eaf6658c975f9bafa5612d91a93af8147816f6b50a36b8c4a3091b156bcf77959e2ce2c61fc6df125055c9b4d0bf66d68b4eed93bb91322f86a2aed96bb9cff7211786e57a06dc24c63e6af1ce9e284a5ce6ac235927911bbc73d8203e57a236f144dbb5e7771df0d654c90d723fa58bf90174f5d9cc635ebb876024fdf0000b1c1f8b8f4a312c77f2b62b029fa9\"","k_build":"427","dc5_server_salt":"\"77cfdbfa3bec71f2\"","dc3_server_salt":"\"e965966516b13f6f\"","user_auth":"{\"dcID\":2,\"date\":1701097901,\"id\":6470483283}","xt_instance":"{\"id\":23832531,\"idle\":true,\"time\":1701097914623}","dc":"2","dc4_auth_key":"\"72702e3dc0111bdf1b1b50cb26f349965e6cb455edc34ed01a4b57f4d49cde39db3d0938d6a42e3cd1759c27748e48a3872310f7c6991e29e646a614bb9d7c11518a6bb78fae979e7f65cc4d5d0d6a6064faf2d45e0545c3c5b4be52d9bf74087db782d977c170985b988a0756038bbcb96b261b4c5baafb3f94ce91affcc2a6589e538dc5c474e7a181f1ea22ac15aef83ff63adc89bb7a2ecb20d35b4ed90f24ef4bd973703e19c3257108b68786f2d4e1ad9c3303a351571f46b468ccdfc579896e2689b9651d9f9a84c8d8725d98e5c5e1274d526f1f634fd8c9f091fd61ddab2e08defac9529f64af08e3dbe87cd585d47fa496a15121f07b1b2bd40dbd\"","":"","dc2_auth_key":"\"073f07676da037dc49ce4828b90397132376d949f850d78432412f20886bbcef31d7bb1472f1710c9d3b524ea0dfb453a6c72f312f5a2f785dc74322a776d530bac8c6ebd160bded69ecfafa81256c221cafc2b16d767e0c74839a19f4b99f5016f3fed0338dd4873fd5ee0002968a5d1134fa87e4bde544431322033ec08fab7237643689001f6de8fec274641d6e754af2509fca24274f65e2fb48dd020799f4858a07faec83cd9efc45de4a9a1fb7069a51824036eb01b5e57ff9329583998d2c8ba48b11fba87bf61140de1750e215474ee7a10d9d5f69f627f158062523ee2464b13e2b47915068576bef09ac62d7450f038a64ac57b0c50660c0991c8e\"","dc4_server_salt":"\"0b910deba9b9cdf7\"","tgme_sync":"{\"canRedirect\":true,\"ts\":1701097902}","server_time_offset":"0","dc2_server_salt":"\"07d2dd0f28d38d3f\"","state_id":"16831872","auth_key_fingerprint":"\"073f0767\"","dc1_auth_key":"\"574d68879bca6e6bb619e08e5c1d8b1f315a1b72f838adc0e00bf403f218b21eb95e50b96ecd3b9e2c81be6a872e2310d962608e9db744d03931d7526c501ec0a69c8a4360d901927f7c93485bbcef32565efc94caa0e6182374c1a6e12682a25bb89f0206ed2bf8886705b09f24bb41628699053d0b0c7c35380ff8c90c0d6c0d4a34eb3f8b64f5371f4a58140ef5bf7f0291d319727d64e30edf23c76123d31cb6369bae345b5aae86b4581211189d3a46b332b976db092006acedeea0152db8181bafe1c681f2d126d2e24153104638e6ac782182bb15ccfb0aefe0bd9c516a822b7011ce6925fa78fd975b65e97a5aa79369c8b255b8d650ea446c001b0f\"","dc1_server_salt":"\"bffbda09bcacb111\"","dc5_auth_key":"\"634e241442cf4029f714494664596d4afdded7c81f1ef276542b85fbc1f87963bdf6795276091a67195db56cda75f27ae8e462de0f14b229ddcd9a8476e07532834ec2d3c22515faa54efeee32934a9b3d909044daf0a9f1957225d21e52178e3862e05bc0357b7105505332a50db62bdbc69a86a77a17ea8500908039a03232ee04fd1b95cd970e3b2c452d522d46c4d77f74992133b6876b0e938930d3af379bf5850db244cb142d9914e95a1cc60ff693624e213daa88b9d901f4d950fa9783085adabd02a73317b53c63ac21a376633a23bb956924df16937cdebae9ae84616106f2039dc72c233d2000e5a561132584b707ad14032fdaaf9b5de9ae6eda\"","tt-global-state":""}
VM36:1 —————-
undefined
