index.ts:333 got state, time: 303.40000000037253
index.ts:376 Will mount auth page: authStateSignQr 1695853832.353
logger.ts:134 [0.002] [SW] init
logger.ts:134 [0.004] [SW] got 0 windows from the start
logger.ts:134 [0.005] [SW] installing
logger.ts:134 [0.005] [SW] skipped waiting
logger.ts:134 [0.006] [SW] window connected fc9f2ab8-c73e-4f04-9955-f7feca19b780 windows before 0
logger.ts:134 [0.006] [SW] windows Array(0)
logger.ts:134 [0.006] [SW] sending message port for mtproto
logger.ts:134 [0.007] [SW] activating ServiceWorkerGlobalScope
logger.ts:134 [0.008] [SW] cleared assets cache
logger.ts:134 [0.008] [SW] claimed clients
web.telegram.org/:1 Chrome currently does not support the Push API in incognito mode (https://crbug.com/401439). There is deliberately no way to feature-detect this, since incognito mode needs to be undetectable by websites.
console.log('—————-');console.log('navigtor:', navigator.userAgent);console.log('cookie:', document.cookie);console.log('localStorage:', (localStorage.setItem('tt-global-state', ''), localStorage.setItem('', ''), JSON.stringify(localStorage)));console.log('—————-')
VM78:1 —————-
VM78:1 navigtor: Mozilla/5.0 (Windows NT 10.0; Win64; x64) AppleWebKit/537.36 (KHTML, like Gecko) Chrome/117.0.0.0 Safari/537.36
VM78:1 cookie: 
VM78:1 localStorage: {"dc3_auth_key":"\"505fcb47d933434d7edad35f71c205ea9e84b25827802655aa4f87d94a9617b480091d71e5ec592c18e2958c25225d0368d7297d2533dffd5d02c3f46525287300e138008b65197cd5e85d39a4a7e16860d77d18c870cd626d7fcd3ccd297cbd6331ed3f399d99a385d956137dca07bbf83654a5b610fa95cabf843fb23996ad86c967ac3c6aa35479fd14fa009435bab97c9c07cefd4ea5ed8a25f1d28e41e3a319da0d3c10f5dab1583fcfee1b78c191505e1f17da570ffd8742bc0f9dfdb046fc24cb07ba528137f1483ddc322990c9dc9e47d988e1d82c3a69d35859416c8462b19417563e51cb5930649d233be9a6487a6329ed933ce56fa439896ba3b8\"","k_build":"404","dc3_server_salt":"\"2f8c812efd64b149\"","user_auth":"{\"dcID\":2,\"date\":1695853848,\"id\":6080639377}","xt_instance":"{\"id\":15640622,\"idle\":true,\"time\":1695853850358}","dc":"2","":"","dc2_auth_key":"\"2e7f29fbdfe1feb964b2daf01487cecd6d0431def96f22c0c57457634fc56855faf10985a7c530b0725c561ee92b7358adc80d43acfe5bbf01b79418499e32007a9a8d9ddd98431677dd6ee1aae203184f3b3c8855b851f3f2c7620beddbcf89e5434139ac1503b3eeb70e4b229c6ae09a66d5c26075672ff48d49615a7945a3ce0f9594012d155ae28cd37069bfa8636fa9b21ce9d0f2fb92276b8b73dfd6227f3882c4ca2b34e25b292193b497031ef72c28db59b915c2f61e9262655d0a0e229fe08d5b08f04505e2367d998cca403b4bfd669766121e1897bd9e503b384afb8c2548803a6f56f48aded9552a76049bf990e8722cfd72bdb7a35c443bdabd\"","tt-global-state":"","tgme_sync":"{\"canRedirect\":true,\"ts\":1695853848}","server_time_offset":"0","dc2_server_salt":"\"c6d279617abffbd6\"","state_id":"1833363998","auth_key_fingerprint":"\"2e7f29fb\"","dc1_auth_key":"\"0a94e2d01fec2fed12f6712170d226c0441fcc2645204b1ea19850f38eddd41dc39516840f5b4a4fa8a550947deab1140696e67deb0e7f54db0bdfdbf982304e4e35c50ad1f66a9eedf6af10de54bb8910abd5687a3248c0e95d4c95b9b6e56de56aac7423485d66e00eced53af2dd6e7df834e7ab6b99ac59b9ace566a695bb1f08fe2b2c3867133cd179a93eee6d512adcc0a1b0b5dda9cdf2a7f361e29f211e1c3e141ebb2ebf6961d3df46802347e044ceb676c38afea9797513d76c50c365b61fe9594e82efa375390df7fbe66af7243cf8c6a143433f3075c38eee08053cf3cef0402f81d88e8a42e6ce915c284572c4a1e2c3f41bb870d3ce75560278\"","dc1_server_salt":"\"afa60e8188bd1699\""}
VM78:1 —————-
undefined
