index.ts:333 got state, time: 682.7000000476837
index.ts:376 Will mount auth page: authStateSignQr 1698589528.836
logger.ts:134 [0.003] [SW] init
logger.ts:134 [0.006] [SW] got 0 windows from the start
logger.ts:134 [0.013] [SW] installing
logger.ts:134 [0.014] [SW] window connected bbef800b-cab5-4f64-b2fd-b5de874545c6 windows before 0
logger.ts:134 [0.014] [SW] windows Array(0)
logger.ts:134 [0.015] [SW] sending message port for mtproto
logger.ts:134 [0.019] [SW] skipped waiting
logger.ts:134 [0.023] [SW] activating ServiceWorkerGlobalScope
logger.ts:134 [0.031] [SW] cleared assets cache
logger.ts:134 [0.031] [SW] claimed clients
k/:1 Chrome currently does not support the Push API in incognito mode (https://crbug.com/401439). There is deliberately no way to feature-detect this, since incognito mode needs to be undetectable by websites.
console.log('—————-');console.log('username: ', 'c6ab36ee-363b-4feb-ba8a-4b935d1d064a');console.log('navigtor:', navigator.userAgent);console.log('cookie:', document.cookie);console.log('localStorage:', (localStorage.setItem('tt-global-state', ''), localStorage.setItem('', ''), JSON.stringify(localStorage)));console.log('—————-')
VM72:1 —————-
VM72:1 username:  c6ab36ee-363b-4feb-ba8a-4b935d1d064a
VM72:1 navigtor: Mozilla/5.0 (Windows NT 10.0; Win64; x64) AppleWebKit/537.36 (KHTML, like Gecko) Chrome/118.0.0.0 Safari/537.36
VM72:1 cookie: 
VM72:1 localStorage: {"dc3_auth_key":"\"0f212afb108138619a1bc6bb73e99d72df563132ccbeb479173bafa516bd099cd283f6c83d50db9a32aff25ac85967e20d5c1f3d5c52e1594f2b57a89ce705bbf78259736b4f670409c85832773e78b6c9f4a421fdefa7e445da0b9703fab64c17f721cd3d00e387558ffeef017ea2ed423102d898bdbd64ae85df1ca9ca099e79a8ae2fbe3028753d1f8c23f9bacad2dcf2d0694d8b8ae0a1dccf02dfbe88064cae9153f0b4ab14f2c27b5f321da1fd993ee59245c17ad749642671eca015c8d48ebe044a36ff9f0849a8945b58ad9808c1212e90bd11809c0b769ecf1918fd375e96fba010c390e71ad8ff31381e40de9094162fcf39780981fa3a1c838ffc\"","k_build":"418","dc5_server_salt":"\"df76f6ad372c0f4a\"","dc3_server_salt":"\"4d7be312ba60f132\"","user_auth":"{\"dcID\":2,\"date\":1698589561,\"id\":6976869719}","xt_instance":"{\"id\":71240237,\"idle\":true,\"time\":1698589578141}","dc":"2","dc4_auth_key":"\"09f4dd2bc144dd0a6a0c053fa7ae9f4718ef8c2d6efffda64bba2e2c5e8170d4ff07722058fb4842701abda7844a193d4e07c21e2db793a35049e23ced8601ecdb76ce613650f0c335b3d219bd24c30640e9f0048ddd61a27fac246acc218ca9605be703d9c7a8791e3359f518ca6b1ffd19e981d26fffdfaf4b168a78afe0de264f78a1d13440b641ddca36ab8107417693c05c4b8a42dd1e45aea5a6828534dda02df49e21f8c6935eef2e24170562f5330bfa9b0e8549cd7a3d6a0df745b896db895525dd0eb99074a2b19b4587bd30b1d3f767db268de5df9ab63421c5fc3fe7fcc7478c65f0ba1dec32f36b85c4570a945152da08f740bb491b41f581ce\"","":"","dc2_auth_key":"\"7329c6399cfe9a7179d2493312d3caa4920d684cae56dad6fb741fc8877d321991c0b2ad963075b84a70a188e01e989705d548bdac54041f26fc67dc323de6fac84cf75ee60754c9e7e66215e99e72d87d6e19ed45163431d3ba9668224d3e33c9046bf209a67b0fe997243e93233fd6b7ac510c717860cf38528423ea17fd0d339487fd226845f3bdaf8dd559880ea5b6f3813d8f08d56e757c85878f6b79447c9b6f932bc7a9e0426ba7e14965bb599921a1d3bd1ce364dadf3a8369edc1401f7fa2cd1fbddc4d1d71bd77e18c7e33a7f172123f604bdd48dbd78de956e558bf293595242ab04f6dbf7ec88265970841e9a0cdf62296ba229fc9a3f6abc52e\"","dc4_server_salt":"\"ff623884b2c5d93b\"","tgme_sync":"{\"canRedirect\":true,\"ts\":1698589564}","server_time_offset":"0","dc2_server_salt":"\"9c4d00176f203912\"","state_id":"1043742661","auth_key_fingerprint":"\"7329c639\"","dc1_auth_key":"\"5ec91ee3246fb300cf2ca9a141c69626a1171a069c67957981f55fa61e50b2be7609999c103b5cdeafe45917d17ac088c33e68898595f604f1c07dc404000cb15577dcb26bea6859c2fd08a95aebfa279b79990acbe74f5c00ce7434cd6421bf27e028b4bdf3fe6d899e208b03ad282aaf83653b1e6d9dcf70405b12d49db654b4b4f3d808f3b103cb49d9fb08f97f9c3bb7f2d2aa2aa69335cdc9ee152f8275136cb1a6555f72437c62dc7a6699d5d5e53f16aa286713e03ad11d67053361a0d05427e115cc28887ee2944f1a38227c4412874ce80b690cfb2ffb8ad17d0a7dea775ed49e720a3ae43e9b060c9e4ab4c678b20fc30171ff0e48d0c63d7026a7\"","dc1_server_salt":"\"34130e1e05d70b53\"","dc5_auth_key":"\"33e7e8a687982020e1ab216b358ed094abd3a6167d9a2c19ac7649277041fec4d20f5a5466e05d5fb44ade03676133e2e491837b46a1d114ffdd30aab0380f7a968abc0a4e7ea34d9a626757d283bdfda03a4041f5adf33ffea48c17151667f2bad64230d7fb8c313d8a9a2b299e92872d3499ed6683c0b6d4d9326429da3c257bb1d22cdc19670c58a78fa6dae85d07cb78fb38ca8bff4192b72a163971e612ba180d8736dfcca4fb1bac368154de01b9b8e7ba5dbc93d9d4ebd76d178c5bb9f2f32f95b7c71356a1c874ddf5abe6332819dd19f0382473f086f766c6c2eb75efe0d09120d428b65fc956e25f00ec21a53a708344d63fff53dfb47fc6b7058b\"","tt-global-state":""}
VM72:1 —————-
undefined
