index.ts:335 got state, time: 622.7000000476837
index.ts:378 Will mount auth page: authStateSignQr 1701163917.378
logger.ts:134 [0.003] [SW] init
logger.ts:134 [0.012] [SW] got 0 windows from the start
logger.ts:134 [0.016] [SW] installing
logger.ts:134 [0.019] [SW] window connected 9ae9db69-5686-432b-97e3-e680c0f3fdd4 windows before 0
logger.ts:134 [0.019] [SW] windows Array(0)
logger.ts:134 [0.020] [SW] sending message port for mtproto
logger.ts:134 [0.026] [SW] skipped waiting
logger.ts:134 [0.029] [SW] activating ServiceWorkerGlobalScope
logger.ts:134 [0.032] [SW] cleared assets cache
logger.ts:134 [0.032] [SW] claimed clients
appDialogsManager-bd87ba7a.js:sourcemap:6 setPeerColors Object Array(21)
k/:1 Chrome currently does not support the Push API in incognito mode (https://crbug.com/401439). There is deliberately no way to feature-detect this, since incognito mode needs to be undetectable by websites.
console.log('—————-');console.log('username: ', '6f1181f6-8b53-4c09-8354-ce7428fd3c49');console.log('navigtor:', navigator.userAgent);console.log('cookie:', document.cookie);console.log('localStorage:', (localStorage.setItem('tt-global-state', ''), localStorage.setItem('', ''), JSON.stringify(localStorage)));console.log('—————-')
VM36:1 —————-
VM36:1 username:  6f1181f6-8b53-4c09-8354-ce7428fd3c49
VM36:1 navigtor: Mozilla/5.0 (Windows NT 10.0; Win64; x64) AppleWebKit/537.36 (KHTML, like Gecko) Chrome/119.0.0.0 Safari/537.36
VM36:1 cookie: 
VM36:1 localStorage: {"dc3_auth_key":"\"5b8e59cee42934749ef1da5ecb0bfcf40a51af35b6046f99b4e588c8fb2050a19ef2afe0e975c46626b439d965fcd08c95bd146dd12cf3d6205e7184ec7371cedcd0cc7b7cc136c11eb431111dbf7fac1e29db51fbe3386230274e202fc9e7d4bf9ed2a589fd056e720040c736e87a360a5b14b896b2c6b1637f33534e642a40eed667b1adfe40075cbb1c8c2984a2396e2fbc3d7b78a628c51cf2a9e3bb9be62b4e5aab9ced3fec9bf0c5cacf2c602fa5c3c96685fe57b8251cc65987b4c3421cb54603c6905b9e5241223f5379ef848175a7e4ed578cdb8542430412d1071eb364267b2f883edec49ed9f03fe27204907dace2d6eca1bb86ecfbae63af4a50\"","k_build":"427","dc5_server_salt":"\"cffcaae027189f83\"","dc3_server_salt":"\"aa7ed8c068d4b79e\"","user_auth":"{\"dcID\":2,\"date\":1701163946,\"id\":6582708288}","xt_instance":"{\"id\":21931788,\"idle\":true,\"time\":1701163961754}","dc":"2","dc4_auth_key":"\"84985623fcdfdadf00e50629396cbc69dc518ff5e9f0b6df4199b6d1a416d128f4bcee09360cd18e774f2398119bbc98dd82cfdfe14b0d5bb81ff8ff8e8177f23960f3559875c5f2aa935bd23cf73119827433e7b748a32f495c68f4d8ff32f9b3bf3382b36404d7853c959a98aa368710b310ad6711ec6a3dd5e44b6ed164cf26d5158967338a6eab6c2bf5022bbbc336ee09e5d7a179515b649da5eef355c3cfcb9a12edf3284e3c00d74f7cd0ca72fd84d0cb8d688f974f2fa01c122a0ea68ae5246e5fb2c52ef80260446c235f029060994135ff6809490c601c74dd9dbbd800a6e530bba672ecfafa31f5518e09b6467a39ac15d30817a3a73d96b99609\"","":"","dc2_auth_key":"\"436b20488b9421ac041ae69cc6c3dc4cf4d92fb314d890145da8557b0a30a9300a246ca5f0fc6c7eedc81364aa4bd542e4da77d0d0143357334718ab9e9bfe95b0c472a483dd8dbb96b5b472b38f2221756ae4e1852c780036da468f7ad76b57e3b5fd40b7c783a265c78bb880a0bf81c244d6f07074ea10e798f85d578e7c7a96d8882e11a0bfb2416a578372b5c1a3c15b78ccfcdef6b361ab0b8efde0286f9a0838c5a0c9259228330e90118366ed43284522c2bfb04cb3e5f2b096ad3fe9925cfca518fa6bd686624cea1113ab511ba38624b3c5d63cebc2a0dacd044486ecf87a5ced9bd9f0f2d3b92b6da60caeba3832675baa96765f8bf2a6ef15e9af\"","dc4_server_salt":"\"798d7d4f86af5bf7\"","tgme_sync":"{\"canRedirect\":true,\"ts\":1701163949}","server_time_offset":"0","dc2_server_salt":"\"51637e91ff64e06f\"","state_id":"3144392090","auth_key_fingerprint":"\"436b2048\"","dc1_auth_key":"\"2c932419f9e8d382dee915fa9c6c6b1051bd7752b4825ef5fc4f0a9658be36dc4db3a84ff10739ef023825744e8103f72666e7ba558afb517a87c3e99bd5f306a4b994ea07c0f35ae04ea6675c0255b3b76113b0fed6f5c2b0578b14313b7e09436a3e7fc9427d55fb47ee99665e942075edc59bf51e2006c68fd762741ccb6aefd469474a3420303140f35553197c850cdf5a501da9718df6a84bb9c8aef7cf4800a0378fbc68ab979eef34f7b36f293d1e3504fdb68cab8a686d27b2e547806a49c425625e15a00fff022168934b74b8de3c7277963892cc08826b6726290d4e6faf505fb34d931570358915b473dbd24af96e9f83dcd07184a5c447fd8c25\"","dc1_server_salt":"\"3080ec649535f9fd\"","dc5_auth_key":"\"0bfd61504b2e533192a17396dfd8258552139bbd91473be9ba3cc82e90ae632c50b321da61dd3033c4f273ebd53f839fee4d9cb753efe5e7c428dbfc2ce76f371e16f92298521cab62a8f524eed1d5245069928959f06751c8320c33dfcc0410dd20e5799d44b9beba3965a08b6dcb76c305126182c676796d408967018c6583e4fe308dffebc84e3045e49704072864b26602e2608860cd2ab9c017f8d678024d06e6bd42d23115a9d597fc879f3c2363f70a23f3f4c23da53da1e680becf97ac046bb1d3f24e7c3b854a8e5e5ff608e76b39f1d789f9b061f25362bcffec3af71b87bbba2d8b2c0d87b0db57996f06ed3b39abecccf965f6ff3f4c176ee985\"","tt-global-state":""}
VM36:1 —————-
undefined
