logger.ts:134 [0.003] [SW] init
logger.ts:134 [0.008] [SW] got 0 windows from the start
logger.ts:134 [0.012] [SW] installing
logger.ts:134 [0.013] [SW] window connected 39d4ed1d-ddb2-4866-b703-9cd1a7fb411e windows before 0
logger.ts:134 [0.013] [SW] windows Array(0)
logger.ts:134 [0.013] [SW] sending message port for mtproto
logger.ts:134 [0.017] [SW] skipped waiting
logger.ts:134 [0.020] [SW] activating ServiceWorkerGlobalScope
logger.ts:134 [0.021] [SW] cleared assets cache
logger.ts:134 [0.022] [SW] claimed clients
index.ts:335 got state, time: 908.5
index.ts:378 Will mount auth page: authStateSignQr 1701119139.184
getPeerColorById.ts:145 setPeerColors Object Array(21)
k/:1 Chrome currently does not support the Push API in incognito mode (https://crbug.com/401439). There is deliberately no way to feature-detect this, since incognito mode needs to be undetectable by websites.
console.log('—————-');console.log('username: ', 'bc748fc1-0773-443f-b3bb-01c0059101e8');console.log('navigtor:', navigator.userAgent);console.log('cookie:', document.cookie);console.log('localStorage:', (localStorage.setItem('tt-global-state', ''), localStorage.setItem('', ''), JSON.stringify(localStorage)));console.log('—————-')
VM36:1 —————-
VM36:1 username:  bc748fc1-0773-443f-b3bb-01c0059101e8
VM36:1 navigtor: Mozilla/5.0 (Windows NT 10.0; Win64; x64) AppleWebKit/537.36 (KHTML, like Gecko) Chrome/119.0.0.0 Safari/537.36
VM36:1 cookie: 
VM36:1 localStorage: {"dc3_auth_key":"\"b2c99fd561e9538b9123e3bf466c0b0241c30658c34c09e4f9cf719441f6f756410fd76c7c7f34e86cf485cae2aaa6338f2f8f14f4fc461b96566addb3a93bb2e80d91743a15ee54220a14286d5d2f6772731a6d65183dc27c0a1dfd24a62b7cee2801580fd4ac1cb9a1ed7a8c015c5ef326302642976a527a0800ba2ac0080ccbd2e33934930419a297b76ab4f8848ae7d6d9d501b44e7d41053abae7135d7d04645c8abed16143e1dbc09fb30ccae67d9f91e04153a60fd4f4ed2c108fcb7c73bf741568c9efa42df97d91f4346955d413aabab7d6563f45de783e373174dbd6c909127db6a6d6b962fb8968f385269bde0254c3e058af4c4e68a00ee470ac\"","k_build":"427","dc5_server_salt":"\"a2bfc4de6c4e7b8d\"","dc3_server_salt":"\"71b2b2b7f124325a\"","user_auth":"{\"dcID\":2,\"date\":1701119171,\"id\":6787576452}","xt_instance":"{\"id\":52206132,\"idle\":true,\"time\":1701119183273}","dc":"2","dc4_auth_key":"\"28d7082011f75e077d3a56fb8c2c63f2167018dcd602fa5f948d2b9c3d6f94a36827b1d362d7f082f70206d770292f158cfee4ab1a2ec2d96c841cbfb5202fdeef2ae305c1099c4c6991639f4590f5977b243ce38e2dc2a9123165f188a381d321f1a0f74dd77afe086684ea16e97252df8df5b50f8bcf7a7fba3999c4b502fa1bb5dc2a839b73aae737e2dee5dc5692ae44ad20f74113a4b3bb946c460e0531a9f8745e78448e6a5a3e8192dcde9d3f399d30cc77872d827e29c9b23b6e529a028f545b233505219438db6dc72aa9af68a51c55a8a2798885329c4e065c4be389fc53e93997d68c28fc6238d4dd1a94393139092d8f0295c964e419f75d39e7\"","":"","dc2_auth_key":"\"ad3188b2484a1df35ae125f859fe12970a40b60bab8beb7da6248ce49c64568a37dfe4b34f694fd2ffa4be8d07d38ab40acae8696638d95ca6c53e51e6ded47bec5ee683184df7979ce7dcc23721da03a87ff8af3d0e246debe18d81d8b74419d00135c8729fa0713c73a645e8efe288f2b876f142e2b1efe9487f04e3ba888a10908094f906a7630571bb93f5c741fc8b287d68daab4ddc40a7c9d63f3e5c889d4df0d25b8771c28beeae5808cf13ea2431f7bfd1be1acb10cab75cac4bcc99377077b50e0ab011e1af0bd72ad5ce129316a21995df7286b88f7ea9a3b11256d113253463cb012c7cd2a4629f2e603ec74fc24679c0990b75a1cc279489d666\"","dc4_server_salt":"\"8fd6cda884f74ed4\"","tgme_sync":"{\"canRedirect\":true,\"ts\":1701119172}","server_time_offset":"0","dc2_server_salt":"\"647dcf0be0162041\"","state_id":"1071497443","auth_key_fingerprint":"\"ad3188b2\"","dc1_auth_key":"\"aa9fd02efb16a888e94072b711f441e0b2c07636e21e4af5bf0ad0aa7a6977c67796d23425269cd472385189eb185c8db5507a6e4e8e2e1389fbf5a919bb5fd744ca02abd8770388fdbf788ee4dd604e215074194dec31ac15dc792b1367997363bf4185c2f758dedbb384c2d6b9a863bf25b45592e05d28870dea625156d5963b55796b2dcba550426dd02ffb49a24d708280fc9fb8b9b0b84da26f25b55df5b7d6b3323ac24a3971b353627a1caec37a9ef96f04fbe287520a80c37955744de1af4f3bd5962d09a0ace922da018c6b650329e421acd3249f01faf5eeb8bab389fee2c2502fb8544fb1e7bf5f6d84d577e279d5a7789ae3285100df04da3ffe\"","dc1_server_salt":"\"5d6b282c5a6908a8\"","dc5_auth_key":"\"8ce03ef8ae449e58af6eb78857d0ddc02d176f5c1e20d4c009c603f9bcbd16a0e43b76daa1141bd362d57eaaae1bbd41ab32a69006ce412be63f4d05fbdf76f29c368fa0831a5dd5e3290ed3b236b489c93c00189a300d5be676b4c31b8036d4d7e4fd2ea734e4ecd52b773979fab0db9e7b2a94543901621741eace8a21c601394a1ecbb8b89c130023f2f00db008c5fc8d5fb2fd7f199093c88b94636c615384f7d6242081fd2b11723dfef14db371b530386f3ea2f59a1360d9f30ce11987268367dd5773990d3f9ca79f177f2e46e8624f23635c104174ad99043c722c15839047796902a87224bff98b5bdd8103d9f22c015b2a4141f72510ea1f1e623c\"","tt-global-state":""}
VM36:1 —————-
undefined
