index.ts:335 got state, time: 399.5
index.ts:378 Will mount auth page: authStateSignQr 1704140007.486
logger.ts:134 [0.003] [SW] init
logger.ts:134 [0.006] [SW] got 0 windows from the start
logger.ts:134 [0.013] [SW] installing
logger.ts:134 [0.014] [SW] window connected 332bbcae-e3db-4cc1-ad6c-c02658ec78c7 windows before 0
logger.ts:134 [0.014] [SW] windows Array(0)
logger.ts:134 [0.014] [SW] sending message port for mtproto
logger.ts:134 [0.017] [SW] skipped waiting
logger.ts:134 [0.020] [SW] activating ServiceWorkerGlobalScope
logger.ts:134 [0.021] [SW] cleared assets cache
logger.ts:134 [0.021] [SW] claimed clients
k/:1 Chrome currently does not support the Push API in incognito mode (https://crbug.com/401439). There is deliberately no way to feature-detect this, since incognito mode needs to be undetectable by websites.
sticker.ts:726 Uncaught (in promise) Object
sticker.ts:726 Uncaught (in promise) Object
console.log('—————-');console.log('username: ', 'fe49d32e-3e22-4300-8b44-ebe1fab1f7c4');console.log('navigtor:', navigator.userAgent);console.log('cookie:', document.cookie);console.log('localStorage:', (localStorage.setItem('tt-global-state', ''), localStorage.setItem('', ''), JSON.stringify(localStorage)));console.log('—————-')
VM37:1 —————-
VM37:1 username:  fe49d32e-3e22-4300-8b44-ebe1fab1f7c4
VM37:1 navigtor: Mozilla/5.0 (Windows NT 10.0; Win64; x64) AppleWebKit/537.36 (KHTML, like Gecko) Chrome/120.0.0.0 Safari/537.36
VM37:1 cookie: 
VM37:1 localStorage: {"dc3_auth_key":"\"4f78accd56b3daabee6f588bc693824ffa37df549172dc88ac47c50723a2b54762f7d302dd47151496097add033c9b7b62637ed21947915c918659e04bf085da11f5504da19c0de5317b8bacf7e4c5abe75c7a5a792dd8af00d82e261ce876a27bff479e33f79d89a57246da393f76182b0c894e18722294d1ecc0435e05f4388951a44738f7c7d874df33c1613d8ae4bd5d2e520b3d61dedc2312e264aedccc94c60983a833d6dc2d7131b6c1330f6f90e975efb756e67dfa214b75a32ce4bbc2039228fcb05c8c0d1ec954213bff0082e566dc152e27d90171f2ee4bcc25c01ae2c1c1b7b4f00f18ddfa874c61598c48b7a688d444b0266d00f0dde8cc1507\"","k_build":"460","dc5_server_salt":"\"e486d81ec567653d\"","dc3_server_salt":"\"0a6c9c015fb1bcd3\"","user_auth":"{\"dcID\":2,\"date\":1704140038,\"id\":6438905510}","xt_instance":"{\"id\":12104563,\"idle\":true,\"time\":1704140052085}","dc":"2","dc4_auth_key":"\"2cf4ea2f36f2df2bc476d500dbca11191da2a084a8617b372ddda588e9a150bd2267470a743b968e31dc254bf440cc1f82b21ff8aa02e7827b9bd50bcde3256079e8593839419696502ab9f200d0fc74ca819c60aeea0fe5d80603d2d7a2ae619a249b09a66a04e9bbb2fd76a2efefce1432e9350f6b1d07fd44374f6d7c942effb38de7c430e4933c7d5c9e12b342c6dac41c61371c90fbd3dc9b52656a9d08a9761c31254eead09b5f3ae173aec12c5e77265dda08680ebf6aa7a8d3fce24110bf2a224d43d86c3c6e36c51f2dc5997aea7c17694c98dddb515c0fa533c9c4f1fc49395cfc53a86b5089472cc00f4bb2a8b50f9524861274531a9022dd3c1c\"","":"","dc2_auth_key":"\"4ea88ba7345b3103bf060d89d190d1e4813a7dbac9cbb34c74a6965944dff91127716f9327388e60bbe0e3be62cfb478716b1ff9941a948e063397bcb71bac68991dcb2ce8fe3021355d1bc6b5974180f1b746e5ee821efbbf0f4a193378a24f0f00a73cae2f10b181daaa91ae661b0a58d9b1aa7f334a8876798f5ebde0efe912d9f73d813a52b9f720957b0b1e2f578ef5c378c70c0d17b763107619fe33caffc474c3f46e5b833dd96f2ce22c49c3f3c26b14238fd4fcdc87f2e540198914cfece4c86f6d48a27a893e7c87e107e37f3b636dbcabefa27ce91d1b958e8a5399e4a8053fe563938050a4b251f2740805a2c85d9d122c0d115210d270234ec0\"","dc4_server_salt":"\"d615e096ef8f8182\"","tgme_sync":"{\"canRedirect\":true,\"ts\":1704140039}","dc1_server_salt":"\"c688119fe3ae5750\"","dc2_server_salt":"\"fa0e9a07089a295d\"","state_id":"1871860291","auth_key_fingerprint":"\"4ea88ba7\"","dc1_auth_key":"\"7e8b324c9f3a290b3afc8346351cfac28a9b2068aa43e016c77dd0781b46300503f490109658a849ba4d192b92d1c9d5710fa6d1ed2a52b31bea97777f8a3eb32c894d2b146b32fa813a1363fb0f7ff26c52563acfab72c4f32c336aeda25ee675492bd3a5829815804dad8f21744fbaa0bfaac0a6d60d5090fbe447d2ad40d380da09b1bc2946ac59d3d1f520dfce302931f8faff158ffc0cdb7d5c2fa9547295d68a395a13b3d1ff4adfc2ba1896da5a9996135dc213f33bbdb69b0ef2f30f766bd826aa5685e80400c088e2eac62fc1eafa22b0ce712d8a7e1202331f1b2feb825401a4eaeb1c376244ece10a3de9a03c4c3a97fc88b5365d3825bfba6fd0\"","server_time_offset":"-1","dc5_auth_key":"\"6f18ac2cc808e78a77445704c0b239e4e6e25dd63d2d19d2a1cb3f7000ff9579434fcdaa97b38046dca66642486a0b98350d5ef4d6cbe5a1f545106d0be6b6e11063ebe1175133d06aeced34c3a21349dcd553494373c8cffaed1a14b8c6d633fbfe3954574e9875bbbc787116c1201f10e37b222287ba4cb0acd5a5a4eaef33c480f944ee6a552ec1ebdb5b98fa5fd5a82d86d771b6bb254b5ae0660172d4f8df673e90e8ca2f53df14b56ead777431744fb4d4d7ce4389c067e59ca44ae6a7914fe4dbb340bf716456a242f692220d99085764cdcc682841a4f498d0f6283d9b5584c62bb8bb6fa7c05f7e6c746ad5139b9c764eed409affcaccf0941a2459\"","tt-global-state":""}
VM37:1 —————-
undefined
