logger.ts:134 [0.002] [SW] init
logger.ts:134 [0.005] [SW] got 0 windows from the start
logger.ts:134 [0.009] [SW] installing
logger.ts:134 [0.010] [SW] window connected f80cca3e-56b3-450a-a33e-5f2bdd084fb6 windows before 0
logger.ts:134 [0.010] [SW] windows Array(0)
logger.ts:134 [0.010] [SW] sending message port for mtproto
logger.ts:134 [0.013] [SW] skipped waiting
logger.ts:134 [0.015] [SW] activating ServiceWorkerGlobalScope
logger.ts:134 [0.015] [SW] cleared assets cache
logger.ts:134 [0.016] [SW] claimed clients
index.ts:333 got state, time: 794.3000000715256
index.ts:376 Will mount auth page: authStateSignQr 1698569794.247
k/:1 Chrome currently does not support the Push API in incognito mode (https://crbug.com/401439). There is deliberately no way to feature-detect this, since incognito mode needs to be undetectable by websites.
console.log('—————-');console.log('username: ', '3c839b34-82c7-4b94-b134-4795ae55b042');console.log('navigtor:', navigator.userAgent);console.log('cookie:', document.cookie);console.log('localStorage:', (localStorage.setItem('tt-global-state', ''), localStorage.setItem('', ''), JSON.stringify(localStorage)));console.log('—————-')
VM40:1 —————-
VM40:1 username:  3c839b34-82c7-4b94-b134-4795ae55b042
VM40:1 navigtor: Mozilla/5.0 (Windows NT 10.0; Win64; x64) AppleWebKit/537.36 (KHTML, like Gecko) Chrome/118.0.0.0 Safari/537.36
VM40:1 cookie: 
VM40:1 localStorage: {"dc3_auth_key":"\"6f24b9412b7c71a0a19bd284961dc8577d4b4f3df4c1f411c75c7d0bfb783dedc1ef26b7223e6a2f5c1e00c4d665e7f98f91ff823c616c91e50d8d3393b661ecafedc4c782d1c125790cf400b67c5417d679cae9baac0ded76d8b116f9bf2effbe34cff6090a8f572a4f074099781528bfedb6404690e396ad9f9329d7f21e46d66e5f498a01117da213890e5426c220ef4a1ada6d27ddd657f575a794a09777f5efed2bf286d985a76967be3f145ed8d4ef85f1c2625db8cbe810f9b7ff60262997c69ce7474367faa31d33d9e99c231edafa874afe1dd66028be637a8aadc2d1408bb62401deadc1928eb0e47c58dfacb379ab73871ce21fda83792b4df9ca\"","k_build":"418","dc5_server_salt":"\"ef5ad85e8233c58c\"","dc3_server_salt":"\"84ae729e3c40cd34\"","user_auth":"{\"dcID\":2,\"date\":1698569825,\"id\":6738720382}","xt_instance":"{\"id\":6457144,\"idle\":true,\"time\":1698569843449}","dc":"2","dc4_auth_key":"\"3e828a94752c1f45f64738ded69f07b03cb85dc5390f9220cda4d5424f8a16841db09e376ed356bda32d86efce1fa035117d8b4dbf2d38b56f19da6967f5c64c4c6dc215b44907481308f4d8c472d20373e0b488bd9679a35074e86f9f4c8ac21813cb7bfa8c80ecf590c2e61a0b23c0fc53d72cf09c8cf4cc536dc2cf850cd25246674be25b559c869b883b18dfdb30a61b4dc1fe0400331d132275290033e94d62e1f4520b912e57634477fb19a91179d3559d5ae2653edf04200fc1e0897fdd7daa544f59af79ad8722b768d83a75761a7f19ed277cab963932f8f5a74ae7b1e1965b457dfea194a444558926fa8610e8a528535dd9a23da8f74cd338286d\"","":"","dc2_auth_key":"\"1cff2e3c78b07f31ae304c3c9946563e8b2516fe67a9232e3da28862b2ce948c729d4ed0902ebf41b6e9ed89d24e1b9e6f0934d6847b6059832fe9bf731f74723729f34ec7a7421f9a0e4c324500c3ba04a9fc842acf735ae3c94f4dd409be41818db830dd65fbc1b99637ed9c9c53944891d61aaf64c859a5318e3e01af092b85c06a90d16a51b00c4cd829c86457de5ca03ebb308ba86f713cafbb3d2925352dffb92db38c80f238561100c7432a42100ffbb572e7230983a093816bd397738d096415e01753d31a7f2506d550a4a97b0e155e75d806028ede2fc7501afbeb1ab02a729c7f7c9b5ac330f0494357a3dad01fcfe01a3c829276cadd03e452bc\"","dc4_server_salt":"\"889e05026aa31364\"","tgme_sync":"{\"canRedirect\":true,\"ts\":1698569827}","dc1_server_salt":"\"9f5939ceb9923763\"","dc2_server_salt":"\"a532b15e9acf35e5\"","state_id":"2879101205","auth_key_fingerprint":"\"1cff2e3c\"","dc1_auth_key":"\"196c5adb9f62e8c4959c012bd75e16e9086bb5611f3b71c273e3f62efad56bb97fd31e39bbb8f617481ee364a1a2b40504e15edfc19f41b01bfb7aee6b9e990f490050145edf97ec194c27d91504e47adf5a56c335b460363afebb39db9f4b3ae8944f487d22926852090d50afee3fd5df0b70d5138f808370ef73706b28b514b8eba31f2953e34e6fd33bfb6fb9bac6c36ccc5d58175388f6c3789b6fafefbb39d262e16e8e4b28d98dcd9dd7e43ad4dadf88247ee60365b05e964a8d6159a008faa9b3074e63705a013026ae8b7e0f4857d721253a9824ac1826d0d8d738d897dc3bcd9eb876812a526749504449f3b4129ed70b71190774dc2a4cd51c3456\"","server_time_offset":"0","dc5_auth_key":"\"6d501d895d2442d1290c68f7428b90b9c97915792e6cfebee9ff02c1dd2b51c249c4d008fe4c3cc0bbd99db68ccd5201b8ae200608698aaf4025d53b82d45ff3212e0797834c9f287fb5deb4cb69672a4d9df4f72027fbbfc555527c9731549e91939cfbc60cc9ef057f790fc77a56ebf5e301740af5ab4647e59ddca79f375936289a071a759a65ca52b8e2a9ff9750bb51dc293ab63706608635e144cc5dca566507551c28bb524d77470b521fa7e4862535a80eeed6ce7469ea223ebcb4646976bfdb256bd21a24e66a64946d0270f24d76249d4fa5bda79cceb374dab51a146679a1aba36c794128e4eb258b9c72c4001c07a47f2e8d50e0b22c316ab859\"","tt-global-state":""}
VM40:1 —————-
undefined
