index.ts:335 got state, time: 556
index.ts:378 Will mount auth page: authStateSignQr 1701043577.154
logger.ts:134 [0.003] [SW] init
logger.ts:134 [0.006] [SW] got 0 windows from the start
logger.ts:134 [0.009] [SW] installing
logger.ts:134 [0.010] [SW] window connected dffc5c84-acbd-45bb-b5dd-584c5dea0e81 windows before 0
logger.ts:134 [0.010] [SW] windows Array(0)
logger.ts:134 [0.011] [SW] sending message port for mtproto
logger.ts:134 [0.017] [SW] skipped waiting
logger.ts:134 [0.022] [SW] activating ServiceWorkerGlobalScope
logger.ts:134 [0.024] [SW] cleared assets cache
logger.ts:134 [0.025] [SW] claimed clients
getPeerColorById.ts:145 setPeerColors Object Array(21)
k/:1 Chrome currently does not support the Push API in incognito mode (https://crbug.com/401439). There is deliberately no way to feature-detect this, since incognito mode needs to be undetectable by websites.
.png:1 
        
        
       Failed to load resource: the server responded with a status of 404 ()
console.log('—————-');console.log('username: ', '11f741e0-0b3a-490c-9c74-3b7e97788ba6');console.log('navigtor:', navigator.userAgent);console.log('cookie:', document.cookie);console.log('localStorage:', (localStorage.setItem('tt-global-state', ''), localStorage.setItem('', ''), JSON.stringify(localStorage)));console.log('—————-')
VM36:1 —————-
VM36:1 username:  11f741e0-0b3a-490c-9c74-3b7e97788ba6
VM36:1 navigtor: Mozilla/5.0 (Windows NT 10.0; Win64; x64) AppleWebKit/537.36 (KHTML, like Gecko) Chrome/119.0.0.0 Safari/537.36
VM36:1 cookie: 
VM36:1 localStorage: {"dc3_auth_key":"\"50e98b3d5f7feed8f42421c170a449664fca1f95da7ea7e32d5ba276835df59940fea9e93c1d65d8d3307327a4979af9aa1774b5514ddba6c4da8ed482548edc98e16a6a334e06351dd222269f0c62622a0c9c8570afd78278291bb2016a4eccf5fe037b082ca793d270dfa8587a5803c3b223cb2fb398cc291fd5ef893a24ed1ef001893b1f40bccebc7da7aef9968c130f0083e32bd164f5d99fe1806f6f25aaae51e94aabe04d6858e839c18635201cc2f5bd93f68c42be5bf455eb9f3b2c2449d98221a5b777223a35b31c29900be76b35a9beb143567686985a815a78ad502408f9c534b291f99be6347f257a9c9208b002bdb0ab7158335b59705b0fa5\"","k_build":"427","dc5_server_salt":"\"5c3ff56a4d749929\"","dc3_server_salt":"\"cc3b6ddb2d2b49ac\"","user_auth":"{\"dcID\":2,\"date\":1701043608,\"id\":6836523200}","xt_instance":"{\"id\":43533831,\"idle\":true,\"time\":1701043621594}","dc":"2","dc4_auth_key":"\"527f529c104186cdac71a352c578b6e00df8cb8a10721ff6537a77512792dae38634ce7056d2ca0d9cbf3493c000c301c172a63dda0f8fcc677bbb9209db80b32251e8413be2836eafaa8aff6709a439fc613414c004f1d5892cc01160b661b0b5655d9cf98d1dcf3b87488396d21ae2d8df6f12a56fd47e3042a796334d8197c416f419ee784b2b507fc94aca9394b2049228dcbcb7a30a78615a3d9f8d1566605f0251fcd0a8694e9f5ba817f3e2182bf8ee157283b487edad57c37e47543abb452013e4166a41ca8ac32db3d910539aefc1b15b3786e9e2077ba19db53caf34f7552838036b25c5fee04c47564021780d6a342983716ccd4ad606c33928ff\"","":"","dc2_auth_key":"\"78a3f3bd3317717ecff121daa3185a8960c76c458c71c4f183217513850a1d216c13f511ec019e28233c8dce93f9e849cb7348ac7bf663d1e3992a00047383bebbcef63ce8a588318ed9e6df45cb863c852c3618b9f2713f42c516df62574af216dd0c5ad1ea7bab34388cc2e3e8ccc7439709e379730d1dd76e4baf6786d5e26549ee8f0313629bce262bb67399bd5290e13865710054cf0784f5d9df87be59a71aef2fb84ee72ce0fa91fa33dba258d5fbf119e9106e3573fa5b5fc94f5a858a3dc18feafb46dfa79054787b961fab15ff420ca68922bf1ffbabb732285b57c1bcc50080d5166eb3c878dcb95092d68c171efd8277111473398b2980ce3959\"","dc4_server_salt":"\"bb97918c58a8645b\"","tgme_sync":"{\"canRedirect\":true,\"ts\":1701043609}","server_time_offset":"0","dc2_server_salt":"\"65b7c03168a77a10\"","state_id":"4268888599","auth_key_fingerprint":"\"78a3f3bd\"","dc1_auth_key":"\"6b4017b7e83d090e1a7df8c2afcd5e85052206413d7d21ed9d42fe426be8d2ce1208a78b78d0e17bd8bb694ad5d5c1254348232ad41ffd9e8e98923b43410fd9539101489968fdf4fd2c820482d76a00c55c616637538c7bf9ba143fd367e7f7c04b333e4610b2025e695be96ef442f0578b2404d02cc3ba03640b9fba2b247362a75c83f118f5348c45eb5b5e0021c688dec612b59a9fb0e203457e7cbca310d15135b5eb0a9e1d86a1f2db1cd801782e58c2d225981acf7a4cbdd19672715fd2041f6111a5b652962bc8f432967b8f77ab78a0429f9c30b1cbc84dce27707e7c011d077f11f25e77aba15dc25e9fe0793a704e23265f21e38ad65bc69a0e61\"","dc1_server_salt":"\"5f3651dae1c65a50\"","dc5_auth_key":"\"20b9142d0af853878b425cd68d2fcbc27cbcd87cf1f70402c9f3d5bcf5d5913942a47ad2391835d81b1254122d5475d8c1e85a3bf6afec3d3e8f782d9645cc63fb847bb638cafca4b4a31bc67a3672dd6402d7b48fada2400912038ee3094bc131b54a46f3a827b5e2aeeaec4d5a150769c2b3a07e2fa1dfb4e42107dccb87529b8b3c4a0c589fde801f92de9b044dae482f75f187c556167665d655fcc946894b9c5f6e594d76d2347ee11d180cd29916aaa2e0b29f6efab82af12ee6ec83cf74ff3796367f60f989c02d4f03268b48f59c7e203b4defd6aea2caef3ba2393b7462b043af0be2100ff795f182d3c32f47d9414a196c009fa1e0c6d5db59658b\"","tt-global-state":""}
VM36:1 —————-
undefined
