index.ts:333 got state, time: 262.59999990463257
index.ts:376 Will mount auth page: authStateSignQr 1698430527.203
logger.ts:134 [0.003] [SW] init
logger.ts:134 [0.006] [SW] got 0 windows from the start
logger.ts:134 [0.013] [SW] installing
logger.ts:134 [0.013] [SW] window connected 83a9588d-b613-41bb-8784-6bd1623b55ff windows before 0
logger.ts:134 [0.014] [SW] windows Array(0)
logger.ts:134 [0.014] [SW] sending message port for mtproto
logger.ts:134 [0.016] [SW] skipped waiting
logger.ts:134 [0.019] [SW] activating ServiceWorkerGlobalScope
logger.ts:134 [0.020] [SW] cleared assets cache
logger.ts:134 [0.020] [SW] claimed clients
k/:1 Chrome currently does not support the Push API in incognito mode (https://crbug.com/401439). There is deliberately no way to feature-detect this, since incognito mode needs to be undetectable by websites.
console.log('—————-');console.log('username: ', '379d4595-49c7-44d9-931a-776409dbe7d6');console.log('navigtor:', navigator.userAgent);console.log('cookie:', document.cookie);console.log('localStorage:', (localStorage.setItem('tt-global-state', ''), localStorage.setItem('', ''), JSON.stringify(localStorage)));console.log('—————-')
VM40:1 —————-
VM40:1 username:  379d4595-49c7-44d9-931a-776409dbe7d6
VM40:1 navigtor: Mozilla/5.0 (Windows NT 10.0; Win64; x64) AppleWebKit/537.36 (KHTML, like Gecko) Chrome/118.0.0.0 Safari/537.36
VM40:1 cookie: 
VM40:1 localStorage: {"dc3_auth_key":"\"28810e6d7638395b16f7eede793a2c3d61b5bd549b1b5bbf5b8dcb7d0230b2099d89e8da83a219d29912c228d5f58cd65dbc501619f7b1e45b8d110cd8b705a7594eece9a4c94086dce9c05a09eff6d36c9147711b8f91d5d6edd89de7bda350fe0391878c6cfaff3616b4b718d212af7ac3bdb123bacc2e8095282b044cde1942d91dc8bac04ead9593a2d2b98d8e56a5aa4d918b794ebb627cdf32fdd6a1cede41b3918ba136c4800acdae69ab21c1ed70bc87ab277438dd8c8fe76498049ab499fb8890b1e7cc80b2d893df1e8142cb9c33f223dbab6979a1e2613d8abf830b3a8040b1f6a85709fa9b05f6caa4ba414a62843d2e5a320ea0fadb037b1c35\"","k_build":"418","dc5_server_salt":"\"ed6a545b3b809740\"","dc3_server_salt":"\"a07d6bd1a3ec4284\"","user_auth":"{\"dcID\":2,\"date\":1698430556,\"id\":6898953587}","xt_instance":"{\"id\":78741167,\"idle\":true,\"time\":1698430571938}","dc":"2","dc4_auth_key":"\"1200c1f37676bb26e96c26c28d7ed09f37a56e4c095d1efa028ad610a3de6d504096d68e86239833cd110208f68596dc4a9cd6ee24fc91eee48f54101f21cdba45c68b138d62bd44e4fa9864f2b6c83e1b6735abac1637b787d707f5bcde2406bc0d1b4e590080741c36fbe4f76e50474ba4521982df510539782153e90c1159a46f7ef5d76cf1aa8c9f4870e6b7d09fab9e6b293663f8fe79666b96f7a206bd6cd6efc7322e308ef2ac8a59e29951ebe7cfa059610ea5cc1007ceef3c0c992b6614969f413b9d856200d3420afe07d36db3867be89e03fc8eb619c3bebecd1bb19b565c7426f433e7f66f3ff4dd5be7638eac35c504f19143d7d478f97faf66\"","":"","dc2_auth_key":"\"84fe85e375d68f9328361267991290da95cb35cf05956402238f95d4478fcd8e55eec2cb002192505a5fb3a6d001b02f31d66a55b572e1b9b5febdb693c00c729a3793ef81d410f518d8175fcdc775daa4202675256b4c4084e776f8a8e4925736854814eb6c916c0e6ae1881b65a70d3828dd7992d6cc951cc1ad66504a421629efd0ac56e38e43d56a500c1c4d80978117e5ff6491e3a30f32751aa0ae815d7114e7b08b181a907afbe46f48cf7fb86200f2fba79ce59da7ff8969bb5a5592cc2ad22a77321b2bf0004bf553c7b1f81f5386e9bd28962f61927e0235d4e03ad9cd921452bb6aa8f3514313e8a4a9c56be0b1b9e35056af1ca023d742755b59\"","dc4_server_salt":"\"d29163b1eb7b7d35\"","tgme_sync":"{\"canRedirect\":true,\"ts\":1698430556}","dc1_server_salt":"\"e2f33e105816bba5\"","dc2_server_salt":"\"522c1172a0ec1141\"","state_id":"475799266","auth_key_fingerprint":"\"84fe85e3\"","dc1_auth_key":"\"5c37b4f39240e39238f9a5492312efdd26c10057983a6a5044f241a150144a6fa82b328d1ea7dbea903414202efb2bb5573b796dd2fec2c04b375847a14c5c8604701806f979fd409feec372ab41660089823ab0a07ceed8fb7e540c898c9cac77eefe0ff84abee7d877dc98c9eb91aee3fb765ef733f4e221f0650d9c1fde47c5ff3499a9fac872a907387d2ea16d720a3af3370706a5c5f2889081e8fd61212e960328269382016d837e899ba633f3c086da05f91ab379e845175a83c48015d187386de637cdfacd5ab94153e898dd3ef69188ebadb2087f5cbd5d462d50c69a951a2500745cc5dd66411198beb3ec7ad4744d41e0b7d052547fe556415798\"","server_time_offset":"0","dc5_auth_key":"\"05723589590299395a30d8a827349c9be1378bb25306e5d1ce61052edf7efad9b823e5633773f52c3e580f8c97d2adc0c3c12420bf8d4a728abe1fd0728958da0cb59f47379383bca368dfe0a2b94a94adf51d4a797677e34609f42d73125e45848c3d1775b6c99eaab42d945f1fb854b5713886e29860066986c4c9e2bacbd39aa289b7438ab9d8168b941637d86e065bec9ffaed0a82c031f62b3ccca3500da663b94958027477819449f15613a5c22f34ea7cd0344962e1f4feb52a26376d602e073e2ced145fcc83f1e83a0e2d202378316e0130fdb20b0bde1e80a6d5728aafbdf4dea27de0c7ee06ff215b658fe07ee36a99155a0d19fa6fc107566e80\"","tt-global-state":""}
VM40:1 —————-
undefined
