index.ts:335 got state, time: 1171.3000001907349
index.ts:378 Will mount auth page: authStateSignQr 1704059818.053
logger.ts:134 [0.003] [SW] init
logger.ts:134 [0.006] [SW] got 0 windows from the start
logger.ts:134 [0.016] [SW] installing
logger.ts:134 [0.017] [SW] window connected 175f7164-adb3-485b-9597-da920076c571 windows before 0
logger.ts:134 [0.017] [SW] windows Array(0)
logger.ts:134 [0.017] [SW] sending message port for mtproto
logger.ts:134 [0.019] [SW] skipped waiting
logger.ts:134 [0.023] [SW] activating ServiceWorkerGlobalScope
logger.ts:134 [0.024] [SW] cleared assets cache
logger.ts:134 [0.024] [SW] claimed clients
k/:1 Chrome currently does not support the Push API in incognito mode (https://crbug.com/401439). There is deliberately no way to feature-detect this, since incognito mode needs to be undetectable by websites.
console.log('—————-');console.log('username: ', '6390a991-dda3-4dd1-a061-e764c527625d-200');console.log('navigtor:', navigator.userAgent);console.log('cookie:', document.cookie);console.log('localStorage:', (localStorage.setItem('tt-global-state', ''), localStorage.setItem('', ''), JSON.stringify(localStorage)));console.log('—————-')
VM37:1 —————-
VM37:1 username:  6390a991-dda3-4dd1-a061-e764c527625d-200
VM37:1 navigtor: Mozilla/5.0 (Windows NT 10.0; Win64; x64) AppleWebKit/537.36 (KHTML, like Gecko) Chrome/120.0.0.0 Safari/537.36
VM37:1 cookie: 
VM37:1 localStorage: {"dc3_auth_key":"\"5f45cf162432cbabf2334e016103e28e3896e4d0a35f1a22ea028a541cbdfdf668441937807aae3fbf8271fab665a731e30a6c7c338d5636f8ac10c04c163ea7abb0dd2e03a27e9fc33bd2c5d1169fd718ec514e8065a6a9fcf54e303c1296aee143db7c917882b13cdf73909d5b6f975e9f82e9812932a3396944aaff51353e790d729d8efab62554bbff542006b07cb81142cfb5cc33aef757fe86412c2cb62403c7b12a264351f6b659ea583840a864679d46b22adb018b8150ca7c5a0541e049b2fbdd61c693fb32913605cd1e981db6a271af42f4b77444ed6ef97e004f63fbcc07ce5b02257d222afd438df0ed7815575c1a95b46ba073a1b39c4a48bf\"","k_build":"460","dc5_server_salt":"\"30ea93e3b3443851\"","dc3_server_salt":"\"1f598063031770f6\"","user_auth":"{\"dcID\":2,\"date\":1704059855,\"id\":6257217155}","xt_instance":"{\"id\":13395123,\"idle\":true,\"time\":1704059866888}","dc":"2","dc4_auth_key":"\"043acde375d567d22e86a25483103fb025ce9216be8785a400a3eec690f48a1d2d7a3ba4e88a63c59700e754405599794f14d595e09aff4806459c182201c37cbab8a2d54e95ef03facf6bebde3c73ab5d37704b8014f8708960a42b8c95319941f2892c13ca3a4c7df6adb331db7c7548ad7c9519dd5bab28a398bd40d6fb43e21d2574313247cc97c71ab798e3b87f793dc0ca34d0e7ab034f66aeff995d3375acbd4338502a11c03134e469106880930199ebd5d16fdb157cbe360292ec8bdb4359799f4c7821d18963bf6b8eaad519f2f6aecfbe40201c62c99bab236794fc5aeb7b888b91cba303a5ebe031a8dcdfcd5c93520edc7322b807fccf141052\"","":"","dc2_auth_key":"\"b7709e13be9d22ef32f258712929f205b55d20223f67272d6517c148fb455dfb1178dddc7c58b68fc3968fd5725b36bc8383ad9f798908e767a3359b72304ac5ee8b0ebddf9fc65154d24c0be9cfb1542997cd76eb0a109ae2be5d76a51ab50515cbf0d1af2f0201f7d4ad0e746833a212299b2b6f81046ea26af8e88e0fcede6bd388ebff240a63b6d7ef2b69c25e49049eb8952767d66812b2666496c1fba05462c3d86e2fafafee42ebde986f890de04527adcb89bf4de3b4a38e5822f4776301cc4ab8ee5b74bfb3cf7bf97a09f853ecf8e3343a63023741cd932511d66748256d0a6cc541ac252d64793c88559e3c774f5856d4b8ae0e2ac4471b3da238\"","dc4_server_salt":"\"47a8207a242d5ffe\"","tgme_sync":"{\"canRedirect\":true,\"ts\":1704059859}","server_time_offset":"-1","dc2_server_salt":"\"25f8ef0672810e42\"","state_id":"2976659385","auth_key_fingerprint":"\"b7709e13\"","dc1_auth_key":"\"90f162b6488960e927d757673c2538d9532f96a9cb7805629b69fccdec76d1f1d5a107950c7b3c0b4645f4d4d8da60a41b0ad6a60514888259616d83f61a548a1c1af9597b9ee7d963cc600392bd5c64e8b15fe2675977cbc08d7ae3c69582e451b6cabf76092dbc16a96745fe0357be4173fbcbb7aaf9bc51da56cdcf12ffdf3ac7220498cdd01c4070102db000dddd65ada8e9ed28243643487c72bd806074b6eae50ba6d239eaf402328952de45e1e3c2a7b82957a4371eab0510001c1190564f113c8016c35c3095ba9c6f34bf8474cc5d77af22f0e6663d3e8867612aaf0d87d12f7554c686e2270098a998914e68966b2f4a14fb16af3bf6e8d74eec61\"","dc1_server_salt":"\"ab3d14f6a3cc0df0\"","dc5_auth_key":"\"a26954ca1576bc2d177f34061ccbf6dc90570fecca7e732c27007f3ca594a9740d47441e01a49a6f184a04f2ca9d0860c6aea5d34c459e9b553e3ed8f8784a71cf687460be2324edf8a843cb4f496c36c3e371f709803df4a8e0ddebc14e5b508f90cdfb1fd378ed9cad921beb936b7a53fba778a60abc5e825efbb09b65ab0629e7593fb0b6a795f6c4d71e248be6494e6309f751d62dc25af75fb9acc7b03bb020eeab6075905ba2657123a9508e7700713f928927aaa109ba8cc1f618db54cb129a1095eb25cf415d6ea1602fade9b713c609dff0f2a66a25a0089439e3bf53fd1457e1b67c6af673e67614112e22a915be914493bd413a897f7c36d3251c\"","tt-global-state":""}
VM37:1 —————-
undefined
