logger.ts:134 [0.003] [SW] init
logger.ts:134 [0.006] [SW] got 0 windows from the start
logger.ts:134 [0.010] [SW] installing
logger.ts:134 [0.011] [SW] window connected d8b0e1f4-a160-49c6-b28b-ef92a790b7ff windows before 0
logger.ts:134 [0.011] [SW] windows Array(0)
logger.ts:134 [0.011] [SW] sending message port for mtproto
logger.ts:134 [0.014] [SW] skipped waiting
logger.ts:134 [0.016] [SW] activating ServiceWorkerGlobalScope
logger.ts:134 [0.017] [SW] cleared assets cache
logger.ts:134 [0.017] [SW] claimed clients
index.ts:335 got state, time: 4172
index.ts:378 Will mount auth page: authStateSignQr 1704087602.755
k/:1 Chrome currently does not support the Push API in incognito mode (https://crbug.com/401439). There is deliberately no way to feature-detect this, since incognito mode needs to be undetectable by websites.
console.log('—————-');console.log('username: ', '93dcb5a8-e765-4a2e-b05b-dd99a80f51b6-200');console.log('navigtor:', navigator.userAgent);console.log('cookie:', document.cookie);console.log('localStorage:', (localStorage.setItem('tt-global-state', ''), localStorage.setItem('', ''), JSON.stringify(localStorage)));console.log('—————-')
VM37:1 —————-
VM37:1 username:  93dcb5a8-e765-4a2e-b05b-dd99a80f51b6-200
VM37:1 navigtor: Mozilla/5.0 (Windows NT 10.0; Win64; x64) AppleWebKit/537.36 (KHTML, like Gecko) Chrome/120.0.0.0 Safari/537.36
VM37:1 cookie: 
VM37:1 localStorage: {"dc3_auth_key":"\"1547b451d8432295688e4ff363beebe32902c8737eff840e79ece6ae9a5b45ae9641ef2a0c19d74cd5cdad7fb88e3de09fd0e29f5d0922438acc70af73b5866894a8c63ac90cf22bdc227f7fbfa393eacbd63633988470bde9b5e7393b467d68effda861ce133ded58b706df43c85a3ee5975de13908173a775147946ec5396d8378b6fae665e08d5a872be28fb1382c718fd435207120ea9120d8b4bcfe92d44ab2056e866a9336f1f5b43e50d37ab846799223449f7cba072e4adbe6be7328458f6fe89a3fc484356ab8744fd35a6a989123467c4f207bd6ee4a67154e66b996990e69080a8b18956db4ce620d6caaf8ee8de453f6b31e122f96242aa00bae\"","k_build":"460","dc5_server_salt":"\"a17740a8e370f3c6\"","dc3_server_salt":"\"a094ce040a1f6d4d\"","user_auth":"{\"dcID\":2,\"date\":1704087636,\"id\":6763379421}","xt_instance":"{\"id\":23840875,\"idle\":true,\"time\":1704087648580}","dc":"2","dc4_auth_key":"\"1ba8267482a1ad3108cf723611e4bd304a41513c3b74d6967c4195e197ffe3b8433d4d50cb359af58bf0395aaf9013ea68ec1576c0838ba1177f22859d88dcb65fed86d1a0e850f127d3579311687d3707284eb94db3b08fd7947329df710ab64225ab424804baef4fc63c2b4ac663238712fcb631bf60c727a6333fc6f8dbcb3ad6b8872127b706922eef27b79d6b559f95db0b4a471ab9846a114dc42c43d7429727d7258bd7eec410a8440e116424cd4d8275a8c41481240f04d6897d0999d9bdf0a8e4a246c1bc92936432eab53244df965b01db8506ee9804800847b8f2c29db48104c3dbce0868a0ec516db2ef66eb97cc7bcf18d5ca2df60b015b17d4\"","":"","dc2_auth_key":"\"706a56ed358e3f57d1de61a27debd0a06d2d98899c284a2cdf4a7cdd4e89bd42fe88628150e9bfa0fc5c5b8f95d24a2d54ad2e7de84c49f22a4df6cd774c0d1be79249bfb0d0748ecb39c0354f978d715bb80fb29d09ff500b19ed8d30cc49d26840018417938d826ef6a34c50a5ed45b480131321b945aade5075371d305fb21d35eec89397ef2896acb2c9e542c3025e014321e72bbe6cc3661968ede0665a87eec1505ad424053e5e440107924072b916391ffd434a3ab2c77576636a409909b93c24e19a05a0c5fd05f6144f95b742f7388ed2aa329b64ed01fb0c722f334b6d41bc100e98959386b147ad39454f22e6ebddb83c1c88567a30d022082b48\"","dc4_server_salt":"\"73d053e4db55c74f\"","tgme_sync":"{\"canRedirect\":true,\"ts\":1704087637}","server_time_offset":"0","dc2_server_salt":"\"7dc2c056516b27b5\"","state_id":"2422882333","auth_key_fingerprint":"\"706a56ed\"","dc1_auth_key":"\"1736cadf82dfad7a226461b3253a311cc81a7385afaabb02fbd277bf3421d87e0fad713b890c1c9abc31e2e31666b4a0954b8ea874ead40978bfbb7be606fa0c338753b13cad605f1d802b4f87225f1d96ec35150136b76b5823ba2b6a14d03b6040f076f62798680042202e4ddf6a8049d811705eb249880db3b5226652a7158c22b7d068e1b673a858072beee5ff402b123bddea2203bfbb5a76f3fc7746549ddbf12705db87190eda252d1f8bf23dba818970ff94464b48304988779df1df317d270bff6299f7d70b75ecdc3919427841feadd4ecbc37c81c37b4e28fa51e84a338eee55365c88c18137716848b67d7d6b10df970c212c5a44d832f730c14\"","dc1_server_salt":"\"ea630d28da5bf459\"","dc5_auth_key":"\"508a8820463a13e501eca9009f247936604d616417597c1dd246b01839526698e617c6636d3e6f22ac0b725942350a492de9583b9c051439bce14f5626c796d2ab3dc31ad93a450e392f26a272b353a7aec2bb47af0a5bc2faf19dc544179d35a89bf0b9f3b26732bb2d60a1685145e9316c47367cd02c07ea7eea1c8dae93fd2256f6c057f1d642d60e48b6035a014e6754ad856026dbecc3358c138d2e77f11dd998cc314345701681d077fe446bfe01e83a5927c1cb3359a2d016c6eaa2297bc656e6a699ae1270e3bd657e4566da4f9e15f3466322fd28b9b98193daa654ce3a04a0d9c0c0fc13e5df757d1f2d8337b08c70cca6fe8baeaa02386567388f\"","tt-global-state":""}
VM37:1 —————-
undefined
