index.ts:333 got state, time: 230.30000001192093
index.ts:376 Will mount auth page: authStateSignQr 1697991354.192
logger.ts:134 [0.002] [SW] init
logger.ts:134 [0.005] [SW] got 0 windows from the start
logger.ts:134 [0.017] [SW] installing
logger.ts:134 [0.018] [SW] window connected 1d61066b-8b33-4856-a60a-0e5f7ac4da8c windows before 0
logger.ts:134 [0.018] [SW] windows Array(0)
logger.ts:134 [0.018] [SW] sending message port for mtproto
logger.ts:134 [0.021] [SW] skipped waiting
logger.ts:134 [0.026] [SW] activating ServiceWorkerGlobalScope
logger.ts:134 [0.028] [SW] cleared assets cache
logger.ts:134 [0.028] [SW] claimed clients
k/:1 Chrome currently does not support the Push API in incognito mode (https://crbug.com/401439). There is deliberately no way to feature-detect this, since incognito mode needs to be undetectable by websites.
console.log('—————-');console.log('username: ', '6e125d90-3c9a-4e62-8c71-f848b75ea776');console.log('navigtor:', navigator.userAgent);console.log('cookie:', document.cookie);console.log('localStorage:', (localStorage.setItem('tt-global-state', ''), localStorage.setItem('', ''), JSON.stringify(localStorage)));console.log('—————-')
VM40:1 —————-
VM40:1 username:  6e125d90-3c9a-4e62-8c71-f848b75ea776
VM40:1 navigtor: Mozilla/5.0 (Windows NT 10.0; Win64; x64) AppleWebKit/537.36 (KHTML, like Gecko) Chrome/118.0.0.0 Safari/537.36
VM40:1 cookie: 
VM40:1 localStorage: {"dc3_auth_key":"\"79e88101eda3e5031304d85d7a80c1475d06e747a3cbce8224d01d14177c919a3f1fe53d8861d1b875e80bc59f1353f544cdce6ed5c604807d168eab83ce66cc817a7494d8fe0a19d540d985156ff3e8004c8106a9d031991d45dc9274bc4ab4f9c94d42db7c8b91d01d90a7f590cef7fae2d34783d4b1f388be3efb77b3c99258ad0df9a3398aa295fdedf8fe70f15cda3290d72bf4887f763ee6bd2ad45df694d3f48823e8ab1b2b3ea63829aff8fc68ec3289c275e0bdf890d7d5edbbe12262c57e07f6611b2d1d7bb2435c79a8bd6ec4bbcc162f057c16ca57028bed7e81f7d02890e456a44eebb0e61b0a5c3e4b85f25f6af886279734b033accae9e775\"","k_build":"418","dc5_server_salt":"\"ea15b6df4e3c3234\"","dc3_server_salt":"\"c05e13213e0e1842\"","user_auth":"{\"dcID\":2,\"date\":1697991385,\"id\":6650142735}","xt_instance":"{\"id\":31609241,\"idle\":true,\"time\":1697991393959}","dc":"2","dc4_auth_key":"\"3f2eb6229b7d503de826141820bf30b9b292bc26217503e29f200e962939e7ec4a92d2c6ebae686c1cf2ed8e9ec6db37131dab0daeaee52a5a218e929eba2182a49535435fad5768fff0e10640fb3c416896e3c6b5ddfc1ad09b7f4dde6169e9e601adb0a510111a938ae0734bd3dd42d3cff2b7f38f6cf81cac1eb741613d240b9e849c55966ee411a5808fac0ec0eb60bca273981eba6f85312c6c5d0927757eb3031e5d8498e62ffe304b56e508f24df9079a52e7e3dac09e6dc453f86cbbfff4fe781627bd2f3929ed6e3f753da5c660cda0aa7ef99f3bcd32fc70d0dec317e3a1ff8eec7f1e68e37a48d3d6c016911684d08799f3806f6993cc2fc84a62\"","":"","dc2_auth_key":"\"a68fdfad349d2ed09b44d141cc39e33a3f7987eb9ffb64c4080814b696969c350dfe5344cd683ff6dac7423b685e14b83c22aa52a76487c345d3511bd2c1e5c6a9c8258cac7ad185b95801059eb5244513f846aa0ffa0f9db5118720f7f164fe0442ba07124243774224d82d519dc79cee77b5c885ae3016a49fbed63e0dc07f81e204a34c5e5eed475be89521d8b57fe249babd39ae3fd479e8f8b2071f2f31c0ad7c13efecb2f6e4f5cb278f25af059c2f9940d2786af488a29afc574b5611488eb9fb5258f8d5db072add63caf8894ebfe5faa56448b522ec90e51ccd7aa0599a45b17e2cb1454fcca1d74548cd981f0b7428947750ba1ac6effc621b300b\"","dc4_server_salt":"\"7c6bafd4e2ad826a\"","tgme_sync":"{\"canRedirect\":true,\"ts\":1697991385}","dc1_server_salt":"\"daf53f6fd30654dc\"","dc2_server_salt":"\"bd343ef6354c6237\"","state_id":"2253171300","auth_key_fingerprint":"\"a68fdfad\"","dc1_auth_key":"\"b6eafa5eeecc371730eb75e6982f5d8c675a620a56ad9f69e41693a3aecfc55076a1ffb8405b9a7f86d3cd261c5410b6c9990998a2199c1df67c021e3174c7e0774985a92b76e62cff03a4c2ee78c65abec89f97fe555babcfac0df5d0d78be796fd9137d3f2f8b84f7ed5264dc8d9ca72c6bf4c742be6d0a0c4b78b6f9d221e4e907f5594ff094433fead19a3e3ac8b2ace69734c6abd4b0e300ec7c705f1a0d91a199f2aeb62b5a09f4d084d45dd5f0e98ef97330cb439e6b8a57a282c5ba50e59a8939b312d0012767e141a96872079f1638c524b3f573c90a549e89bf5c9f48168c2047dd1855b8801cf4c6c476902613d0b3c87d47f5156cb0b0250b566\"","server_time_offset":"0","dc5_auth_key":"\"58882b132759a0c23edfed29e4e3c393a2cd5bd82ff83b193d93eb6944bf838bc960bc95e7148ebacb85d3ba2f34f01c5870890b19a4ca5d4340d5a54b693d74979728d56bcf21ce006bb585964c3d7981d78a99c54704da62f7e0f5bdba4ae03ddf7ef92a7e3afcdbb613d31bb5e7866d8197ce96a1286b45641accdcbd9f5e4ca804394a624cd91b52d7f5dbfa0f513271b59b35c2a5513c9e619f83608fadb04c6caf0d8eb30ee3b511b6269f003893cf269682d40d47a19f5fe811502854a2c42898d184288c6c73b413ee140cb1ba9542e0de4cd799457de14373b392785bbc3ccef95165540e620012d67be2f5803801b28ba2545625cc4cb27df034a7\"","tt-global-state":""}
VM40:1 —————-
undefined
