index.ts:335 got state, time: 1504.2000007629395
index.ts:378 Will mount auth page: authStateSignQr 1704056853.601
logger.ts:134 [0.003] [SW] init
logger.ts:134 [0.006] [SW] got 0 windows from the start
logger.ts:134 [0.010] [SW] installing
logger.ts:134 [0.010] [SW] window connected 801c2973-0147-4b4d-8ff5-bfb6678bd567 windows before 0
logger.ts:134 [0.010] [SW] windows Array(0)
logger.ts:134 [0.011] [SW] sending message port for mtproto
logger.ts:134 [0.014] [SW] skipped waiting
logger.ts:134 [0.016] [SW] activating ServiceWorkerGlobalScope
logger.ts:134 [0.017] [SW] cleared assets cache
logger.ts:134 [0.017] [SW] claimed clients
k/:1 Chrome currently does not support the Push API in incognito mode (https://crbug.com/401439). There is deliberately no way to feature-detect this, since incognito mode needs to be undetectable by websites.
console.log('—————-');console.log('username: ', '5d3fbc64-be44-4eae-876f-8f3fa9d2de86');console.log('navigtor:', navigator.userAgent);console.log('cookie:', document.cookie);console.log('localStorage:', (localStorage.setItem('tt-global-state', ''), localStorage.setItem('', ''), JSON.stringify(localStorage)));console.log('—————-')
VM37:1 —————-
VM37:1 username:  5d3fbc64-be44-4eae-876f-8f3fa9d2de86
VM37:1 navigtor: Mozilla/5.0 (Windows NT 10.0; Win64; x64) AppleWebKit/537.36 (KHTML, like Gecko) Chrome/120.0.0.0 Safari/537.36
VM37:1 cookie: 
VM37:1 localStorage: {"dc3_auth_key":"\"56812d9aac66b747a3c239a43566e0affb2f2a1ca7d2650a5bb72a4363756754a335621f30526b36738110f8853e70be4fa97c0b50aa766640cf4d7f812971a2a6bd934f96a57b5430e01fab16bc3688c7c74b77ecf3c3d6d0bc25217b22876cc63bfc666b5aea31571cf4e2ca9577f222057298d0ea3a1f8a880c6dc97d515a2c4df44e106e21c3616ab32c0ce9079dab72ec9fae5e3a1b647c5d1a1b76c197db7aca1338a4cb3933701377d2609f9eaf3e722f5188dd01d0c071f2ad299a82ecbf861f5c72b499aaa861a542d775b6b5585af21252b78ba1cba17df1954ecb607a320ccda3f61f8a7e77fd15eafa37a57a9ea81251a074620b0b9e01e5a4a8\"","k_build":"460","dc5_server_salt":"\"72be4119f3f972c0\"","dc3_server_salt":"\"0ca27db2e8f5b6c4\"","user_auth":"{\"dcID\":2,\"date\":1704056887,\"id\":6435809980}","xt_instance":"{\"id\":4335313,\"idle\":true,\"time\":1704056902093}","dc":"2","dc4_auth_key":"\"8db096646a73b52d993d82f7bafb20a2e71499c16444bdcf9540661522d713b7a68ca7194bb9e4eb47a1c8e53204cf06ad137517a4623be1681f77080df0f5b106a8ac3e8926cf4d53a32da8eda933c0212c1e3c296eb068660e77e36973d4665d6a3e1a5134437dbb1faa95571c71cbbe0a83e99688d4b825f7421ca9943b23cb17a26956c624c52f1ce25a1466987e1a4b0ed8465322ff2055e4ceea0865392a663584c60759bd5ef22e37566726055331a42389c3026d3e5e5f27ab89c71f9f4d705c6e839ee9506092eaa1904d2af27c041bc85af3453b612657983825980b3b7e5caa8afce611aa09744a1de5d507a7ba5184c20989505c4e6ddf4261f3\"","":"","dc2_auth_key":"\"aba64a65061e04af16f8c796f68cb8d79a72feb2efa38619db13100d7d4991929e6cfff451dc7f7c5b5aac402dacb2a1810d10d7817d81b85e1607382c6d674a62582f3009bed515e718be27871891903a704f84ca6d166e52bd6969c026c75d4c8761843614fc650c7cf74d2baeb98186b602bbc6ded1407f7b6f8e039d93246f57bb1759f54efccbee4aa5718967a882bb0a52e81e9f7d4596ede09601b7cf0e8b838be6f0042b417e48b54960612befb44a8494e3a3b586a32d7a8f0994c8bc0ebe356b4ae1a4ccb7c4ecce16fb0077339c21e85c9b7986966e604a80c4adb91f9f1f73e07d712627ac35792065b9b56239fee626a9a46e0548545a115d40\"","dc4_server_salt":"\"bc26ab4ee2d52afe\"","tgme_sync":"{\"canRedirect\":true,\"ts\":1704056888}","server_time_offset":"0","dc2_server_salt":"\"7406406f591a72a7\"","state_id":"1390650494","auth_key_fingerprint":"\"aba64a65\"","dc1_auth_key":"\"08c167575d3244f1ca3d8a5a841a20dbc15deed0a2bf6af925cbcedcffefb50352952fbef2009af11e5916f0c69465b0edb224fd93bd2507fddcb6b3a01cfd471e35ff84466d6fe62f9a147108475081c29255d1c07d83af79794678bb98c33e7aa8bd5c398952c59e4d8a54764c472bda609caddc06f563e50504931af2789dd9c938d407c1ef7440c1cb3dba57500ae9cca5d00508d2ac75ff1887c5a3e61414905133f4746108efb81fd6b47a67fb167f0ee2163ad962b298e856d228bd969a42e7d237dd2da7839234be74d8a6b55524e46acaca4adb59ab4a6a4c047e253d3b834858e5cdffad8ace8b2057053359c19921872d3311b110114a636adbc6\"","dc1_server_salt":"\"ecf74c55bfcc6ecf\"","dc5_auth_key":"\"8f6a0ac4cdbe702eae3d506a5089d23482f5043d386e5acc2ef9384c7bdba592dfb6bbfdf11166340a0edf151860999fec3d0c14d92c6cac262d99efad88a7bc9de8c521fc03ca848fa1ff572e7f545e5e789b3e8f8d21eb4234da91bd033eea18434245742d8c56f39f8efedfc7cb8f414e469e4580b60b85d2a5d973e5fefd57d26e9d006afa6bdc9bd580db318f50d2f99290307bed3b58cdfd9406cace5712349a0b415d50ec8e9c69babd86de9941fe528f35e4d1a4ad74c4d6fc20739fb4d63a99d68dec4b502f9fc364160e0963f902eb43e586e9fb70307d07ae21d424c97e6317eb672662910403349b80c866ebc447b50f8a2feb2ce9be27780abc\"","tt-global-state":""}
VM37:1 —————-
undefined
