index.ts:335 got state, time: 666.7999999523163
index.ts:378 Will mount auth page: authStateSignQr 1701097196.018
sw-d32a1409.js:sourcemap:1 [0.004] [SW] init
sw-d32a1409.js:sourcemap:1 [0.007] [SW] got 0 windows from the start
sw-d32a1409.js:sourcemap:1 [0.015] [SW] installing
sw-d32a1409.js:sourcemap:1 [0.016] [SW] window connected 92a8d8d4-fa42-465c-a04b-03a3af916da4 windows before 0
sw-d32a1409.js:sourcemap:1 [0.016] [SW] windows Array(0)
sw-d32a1409.js:sourcemap:1 [0.017] [SW] sending message port for mtproto
sw-d32a1409.js:sourcemap:1 [0.021] [SW] skipped waiting
sw-d32a1409.js:sourcemap:1 [0.024] [SW] activating ServiceWorkerGlobalScope
sw-d32a1409.js:sourcemap:1 [0.025] [SW] cleared assets cache
sw-d32a1409.js:sourcemap:1 [0.026] [SW] claimed clients
appDialogsManager-bd87ba7a.js:sourcemap:6 setPeerColors Object Array(21)
k/:1 Chrome currently does not support the Push API in incognito mode (https://crbug.com/401439). There is deliberately no way to feature-detect this, since incognito mode needs to be undetectable by websites.
console.log('—————-');console.log('username: ', '97aa219d-97bd-4cfc-86b8-9090060aaed7');console.log('navigtor:', navigator.userAgent);console.log('cookie:', document.cookie);console.log('localStorage:', (localStorage.setItem('tt-global-state', ''), localStorage.setItem('', ''), JSON.stringify(localStorage)));console.log('—————-')
VM36:1 —————-
VM36:1 username:  97aa219d-97bd-4cfc-86b8-9090060aaed7
VM36:1 navigtor: Mozilla/5.0 (Windows NT 10.0; Win64; x64) AppleWebKit/537.36 (KHTML, like Gecko) Chrome/119.0.0.0 Safari/537.36
VM36:1 cookie: 
VM36:1 localStorage: {"dc3_auth_key":"\"4402b074ddd1b5d0b594a21523fac1d944c4655e22b59d93fdced1c987a45eb25a30ce228d7faff3d583b4b8b752a0ffd735648174dfadfaa68b72f561edbe93f5c0b5b089cb94068757ebcc1755520e52ce4e057e16a323d646ff1321ab2314ecd26a76c584583415eb2373560bb0f0a16d215aba5e2df2179a741ec37f7d65f9d00db926de41d150311fdad864a09900ae3bd7987c88d4d7d465d77e7b2ef2c33776c8d4a0e3d415261a30323e8a18cab5516dd433cc6ca6f649dd86af9ad5ac9ca3cee85ceb44d1cb6aaf5b6a2fc46e2507bf22d6742f9caa3b670a184ffc6a3365b1e3b51f3cfa95abd4e8e2e6ccfe314a7b46450c9cb8dc2c50973a49e5\"","k_build":"427","dc5_server_salt":"\"049855e8270a4f3b\"","dc3_server_salt":"\"68d87ecf52a51e53\"","user_auth":"{\"dcID\":2,\"date\":1701097231,\"id\":6430866881}","xt_instance":"{\"id\":3639993,\"idle\":true,\"time\":1701097245350}","dc":"2","dc4_auth_key":"\"44d6b9e97a0cd81f42837416832784fdb54f8656f28db46ad1bd8634fe59d19ccaa107a6ccdb5844d47d0ee134361303340f99befbd9e5cc8a741970d82a348f679f2584346fc0ead07f5f30823281ed4c75060b1306b38f34ca10a46b560ff1c740f33b27b8ed210c42e15eefc4deed6df8abe040e07e18091c8e3888703e1c8881016c76bfc71d7b7f3586578f5f32027d92349e347abe18c45f4fd47cfebe14a5da3437effa15420789bfd58de60b473d59796aae6bc4b124bfe1dca84d757b7b628441352a3405c633e25f6ee0d4b0b5c94330fb0bf7449e0e26d1f97f549d5c60f7c98df467001a6c8b801a680f9d99e362fde72783e5c00885629b803c\"","":"","dc2_auth_key":"\"751f5fbddfad3e9b03feaffeb6a4d0f045009bf5234ffa038ec72050747d72d3983ce4378a3e640adf66254195420b4be2ea57197960811a43d3461a3f155efb0d762d1246530c36044776bd654a1e0e07266ab8e7e0ce9d567263ea8f356ecbebc8b1185f5d3ccf626f1fe6648efb1a6fb0dd05babb7ee745a4727dc9151d0053a3ac84a69369b6f1b2e841751f0216bbd7620d853f07ce8c9f92c9144164b063d015be339f6fc91927682f53ea600db0ef9f33ce45f9416f39330dce1db25408574ccbc9e12aa33243566b2d53b7ecf6c867b4064cb58f3dbe88e75098f37ba7956ceb07c511a719830d822f950313b320cb96c8e5fc1fbb0ce2bcbfabd2c2\"","dc4_server_salt":"\"0a06c5ee518dafd2\"","tgme_sync":"{\"canRedirect\":true,\"ts\":1701097237}","dc1_server_salt":"\"b461ffdfae545b43\"","dc2_server_salt":"\"79ae51117c21cc23\"","state_id":"2407407197","auth_key_fingerprint":"\"751f5fbd\"","dc1_auth_key":"\"a4b059955021cb7c0ac72e79893178e3041a4df9b9419d4fc6027c34216ff3b797c54758bf53b73a9fc61ade5328a9dcda2ba605676405a2a954b671732d936551ee1ec343169f4af86091ff05db4e6b5614c3c05864ace5b9a1661e1907dd80800d929acc428cd0f7443fe425750fbb1966e7ca4e9a62f8ae4642a26c735cd40a98a7814f0111565ddebcd979cd55b8ad57c6b9469fc8abcd317499dd913a6601cfb0a02dd120137daac89b332802b90b6f1aaf494af37bfa4757281e9aeb446ec234925566fc9edbb3a7003f4f110ebf1db3628621e59be98401982aef6b8648d836cda7dbaa483c6e76183cc863d4d7b087f1705dbc53cc897a5b6b263e44\"","server_time_offset":"0","dc5_auth_key":"\"10057db372871e12a2d8985e4decd3f73bf220949d3f79e7719ad7b2c0be04157086fe297d1c807aa37851e8844a24ae8510cabe6d6d53d480ee27da59b35da4d1b5153847cdfcf7f6a2440956ad1971d514bc5c8cf85e2a0f7382e7d2719444bbb020078f851614e8d55a8726a4ee8be529253ca2d4e9b81617979dc79b0316df0b69e3dac5026c4f838f7741ebdd513b12e6124dcbdf50c4265e24c2fe308f05ca30a8f79f3101eccf9d1db83d3405cd11d694dd8e068e2074bca53afd25efec1f96a1b156484964a53c6e8a70d97ed6d3bb2fb6c6af91ecd01c3de80fca6bd0a79067ba59b8d58843bfc667614b1cd25ee36a9bb77333370db2fd1b60b594\"","tt-global-state":""}
VM36:1 —————-
undefined
