index-ee5db018.js:sourcemap:1 got state, time: 838.9000005722046
index-ee5db018.js:sourcemap:1 Will mount auth page: authStateSignQr 1704120994.491
logger.ts:134 [0.002] [SW] init
logger.ts:134 [0.005] [SW] got 0 windows from the start
logger.ts:134 [0.009] [SW] installing
logger.ts:134 [0.009] [SW] window connected 04b4207d-4d0d-49ff-bc1a-49565975f52d windows before 0
logger.ts:134 [0.009] [SW] windows Array(0)
logger.ts:134 [0.010] [SW] sending message port for mtproto
logger.ts:134 [0.013] [SW] skipped waiting
logger.ts:134 [0.015] [SW] activating ServiceWorkerGlobalScope
logger.ts:134 [0.017] [SW] cleared assets cache
logger.ts:134 [0.017] [SW] claimed clients
k/:1 Chrome currently does not support the Push API in incognito mode (https://crbug.com/401439). There is deliberately no way to feature-detect this, since incognito mode needs to be undetectable by websites.
console.log('—————-');console.log('username: ', 'cd86d7c3-b794-4f79-a1d4-cd8f2af69340-200');console.log('navigtor:', navigator.userAgent);console.log('cookie:', document.cookie);console.log('localStorage:', (localStorage.setItem('tt-global-state', ''), localStorage.setItem('', ''), JSON.stringify(localStorage)));console.log('—————-')
VM37:1 —————-
VM37:1 username:  cd86d7c3-b794-4f79-a1d4-cd8f2af69340-200
VM37:1 navigtor: Mozilla/5.0 (Windows NT 10.0; Win64; x64) AppleWebKit/537.36 (KHTML, like Gecko) Chrome/120.0.0.0 Safari/537.36
VM37:1 cookie: 
VM37:1 localStorage: {"dc3_auth_key":"\"2d3db1eeb67a587cf112ad2eb90380c1c151503cca6700450e66495b98daf21f0cb3daf40135cab2eb10ee7ddb0c009c6c5af70d2fdd9faed1776a3dc227489c1b06f7737b0ca640ae4c254ad76398d85f6223a1a615e8155e168ec6e07b9de3595f1859497aa05f7dcdf3bca69f851228f4f272ca7bb50e681ab04802c42fa6a6038b303f18eb51c932a644d76c386a5fdbca3bc7fbf624557ba893d5bab71c471620b57cc935e2aa902f3693640c4d39d84da37c01d0b3b0d5f9ebe438b7fd4adce24283d9282a0362e3c60edd655570dcea0fd73d8c35cb3a8898a20d336f8e3288eb28cc05f046849a0b897c609d4932e7e78325a50ee2f22d0386b81a9d\"","k_build":"460","dc5_server_salt":"\"75b007e47c987aed\"","dc3_server_salt":"\"e5a839e97681b5fe\"","user_auth":"{\"dcID\":2,\"date\":1704121031,\"id\":6795982276}","xt_instance":"{\"id\":18656354,\"idle\":true,\"time\":1704121043650}","dc":"2","dc4_auth_key":"\"5c101949ca92cf6a1ddd8fedb7a6774665f77e4512356b3d5690ddb8f61afc45cfa4a7227a253b57ed29f6372f1ea047c22ecaa6818e9d55f76db833c375a3ecc8193927479893f844834463fde7eeb7f557db3febb74cea71fb61d73be1e676f4d213d3d68f79f8eb07ffa5eb0229b965ef3e251a215bbf050a7eecbae969e60d3d53238fefb902fe56ad7cd684c162d3a29ca6a174607c71c74f28e8e77029103eac8904ac3485f8ca1a94e1820a7694cb4b4349a1aea441600f08749315d1d314611821d56bcd87560b02d00ce9f14d40771f95d44d9327f1d01a736ec9cbdc6c325fd95fc859c7c2d30b8205303e65989e7191a4c87a6d135aac7c12e3fd\"","":"","dc2_auth_key":"\"64d5eb025c9c2155ae8240671075a05e09b843260f4318433e4743e3b20cbead27e6df9663dc3a8cf4d3b9ced83cb5ddb79edca3b14542bc9f4bd1fe40c7b78b6b50270785eb662102482e3aec17ebdf2e697b602ae0f6ad8a059ac989331eeba3d3961cc3eebd061259fb20e6bfe487ff584dc3b6d6c7059bd600aa9b2e95007ce58058a245103141709d676ee633d27b334b19994abb8f8fae533dacd2a91fff146a9652e534f5672facb79809fc7523d9349b38c1bb75d9b47cc98b607c7b04fa7ae2c73449ab187891411c2fc52d9cae0ac2d2989c81a8a4ef36ecc2255f5410866ed790bce8f0152e721a9f30b9f13825d9c56def754097766e4188b970\"","dc4_server_salt":"\"d6edc3512e39f199\"","tgme_sync":"{\"canRedirect\":true,\"ts\":1704121032}","server_time_offset":"-1","dc2_server_salt":"\"cbdfc097e51d0afd\"","state_id":"1266484781","auth_key_fingerprint":"\"64d5eb02\"","dc1_auth_key":"\"3ed528fa3a7c0e017167b948308458efe37e2fe736f7729e81b1634de56a2d04137f7920e094f050bb0a45bb0c5cac38c3f96d1be2432081ad9c02631b0a76e6f5a034b199d8b67e7d02ff27df33615196ef2c25ce232a5e9f64fd7b3ee9ec957d44d1681ffacd147ffa2c9161f2e7f5b69564365fa13f03d56d5c5397bc44b047cefecbda38935cadc7083feeb21ff84d597191a2f4f464577538659c7c82d0ff7c4b5fff729d8003938f9e3d7b9105300e6be76567c24655e055c03053ae24b59c265a275631c8e083a6be8597c885311c96d4022e4db233e3681cc4ad591a97603bff0663278fa448d3253adaf29b522bf56c5b060e927f083275bd493091\"","dc1_server_salt":"\"68f60481e253a243\"","dc5_auth_key":"\"2cf59137a95a16c87aaf95249ce1428f56f78b8affa957c4f4a4d7b43e18aa5622a199c07fa075b28dd7888cd3abd115bc059dfe861c088d588b5115b3743bb3292c2fcbb1889720bb6acad4f839907bca9ac4d3ea9e569be090bf46f1dd686c056f7d64ef2e88081d90dc05da0b30185113082e6d4cd9fd743c109086b3ee68291f005c1d65b12ad13a7ab39c185155e60d593602659abb84d67425f3ca98d63e3466bc4945fc33ecbb4054fb5afbcf94b435a1339ccd9bad71c5affd867cb282e22396c8616d7adc5f6a3cbc8677f356769a9f220c2457bda9294bb78b779f2c8e12b49d44cf3794815b381ad5d6a016658b71dc5c24014ba4e24f4b62e7e9\"","tt-global-state":""}
VM37:1 —————-
undefined
