logger.ts:134 [0.003] [SW] init
logger.ts:134 [0.006] [SW] got 0 windows from the start
logger.ts:134 [0.010] [SW] installing
logger.ts:134 [0.011] [SW] skipped waiting
logger.ts:134 [0.013] [SW] window connected 65b8ee15-e569-41c5-b6e2-7a50695875ee windows before 0
logger.ts:134 [0.013] [SW] windows Array(0)
logger.ts:134 [0.014] [SW] sending message port for mtproto
logger.ts:134 [0.017] [SW] activating ServiceWorkerGlobalScope
logger.ts:134 [0.018] [SW] cleared assets cache
logger.ts:134 [0.018] [SW] claimed clients
index.ts:333 got state, time: 1755.3999999761581
index.ts:376 Will mount auth page: authStateSignQr 1698594987.35
k/:1 Chrome currently does not support the Push API in incognito mode (https://crbug.com/401439). There is deliberately no way to feature-detect this, since incognito mode needs to be undetectable by websites.
console.log('—————-');console.log('username: ', 'e584c477-69e2-438c-abc7-a38421c44247');console.log('navigtor:', navigator.userAgent);console.log('cookie:', document.cookie);console.log('localStorage:', (localStorage.setItem('tt-global-state', ''), localStorage.setItem('', ''), JSON.stringify(localStorage)));console.log('—————-')
VM56:1 —————-
VM56:1 username:  e584c477-69e2-438c-abc7-a38421c44247
VM56:1 navigtor: Mozilla/5.0 (Windows NT 10.0; Win64; x64) AppleWebKit/537.36 (KHTML, like Gecko) Chrome/118.0.0.0 Safari/537.36
VM56:1 cookie: 
VM56:1 localStorage: {"dc3_auth_key":"\"c648577aedc6a693fa44dd1e72390686191849f4c0c9b36464c70ffefcedc4948444ace88c333b858402cee0a8851d998258eb839492a0c3e0369cd61a1734370ae5cb79926e83e134f2985db5361e7cce5f44c3902726e00f2cddd8f1f0c066a8b50417367c327acbf0e0b92b47f8f84605ea704b61336f1ebcb61b1706c5ab0b3241f68b145742d06c82e0d22ecdd6d07066951be2cce470551200e7a58661adfa219fbfc0b873f037ea4cee06b959bf091149caf3902ef0790dfc363683cfec3fa04663e2929878264d40767e87fa26514005fb67ca6c38d7c5392f55870ad08af997952e6e9f602245a5cf8cdb5252b363b8652032f70ccfab09de665382\"","k_build":"418","dc5_server_salt":"\"ad0548ea3c8cc008\"","dc3_server_salt":"\"fb2b82a9c1664162\"","user_auth":"{\"dcID\":2,\"date\":1698595019,\"id\":6571555865}","xt_instance":"{\"id\":4223954,\"idle\":true,\"time\":1698595035593}","dc":"2","dc4_auth_key":"\"973339ce774be6e37a4e99dd62b9e38443132905be627167c0f9b9a038e9c8bada0f64340627d8f1ddc41717eca39c9c2a6502b8979961740f129fa6fa26cff7a3d9ddb007941a86922e1b841b49922c8f463395c1e0c3662de073ee0024ac8232140663d08a02fd9fddbafddc3bc2a1c9c7190e3e2d45e14ed8eef0324eb90128cbbb71f3f0c93505856a765d36c21d1b13057dfe8c70af09b8b8e3a11c525eba6fcfd1d8c130b3aa75c303a3e2877de68acbde2495bb88bd510d7afe644c3ec2722fe89d05ef01984b3e2e9419fd838185c691a31238a36ead7e8c9beec9a93414adfbf0b185a4ceb8f40cd545089f3a13c23c127f34bc2f49264a1d7dc53f\"","":"","dc2_auth_key":"\"1b5e9bb3a5b8877773977b28ad7d5ac69c434856bc491f948ce5aef523cafe547919a9335603efb0ad197654711f2489af1158cc29923ec711e86ee0781147c2da32eebbd4081796dbc1e9d5d7181fe4dbf86487530fb9718a65a52f3d7f290023b6d2665844f39a483eaef377b0e7273f7768225f719c72d56977db09e4d0a290fc92a6a8eddad40829e582f097a1344e524a4f7bfee594591e7b276ece6fa5e91e75bf629902806686d62e6620253569e5823b9a58d0df136158fc70045f02799fa3a20aaa5630f5d05c481f350f12a149134e3b9caf950302c84e98ffdef8cf657419930d8cd461ac6c48ea5308be4ae605560d63288509ddf23557dd5c9f\"","dc4_server_salt":"\"eb80b56d1162be2a\"","tgme_sync":"{\"canRedirect\":true,\"ts\":1698595021}","server_time_offset":"0","dc2_server_salt":"\"34e31567ec8b553a\"","state_id":"1939151134","auth_key_fingerprint":"\"1b5e9bb3\"","dc1_auth_key":"\"5740e125fdf4c11d2bd84f129bfe1f8f0cdbc71b97d6708e5bb868b6f82b6a9540e4665a92298af974f69b72a929d4ffb81bc114f3fd55a8ed41bfd76f2fe3cf6ac0cab8ff77d51976f621d99b3730f1204056abcd349514ba34b997d3c5178c9719c40b62f4a944af9f5bbb39417218ad78d065c9f57a8d1311e9eced7df1c00e39604d7070e6c81ad676b61f8bc0bb6b00d0de74db45eea3e4bc5fbcea32f63670dcb5974f345b71b738955968b773de7e3d7074dcffdbeb990c6fe2f26cf70afe2d2726b566dcced48397af136ef5d07a1dbc89ffeac987f5ed8d70c51c2b73a9ecfa23a22a1d1716513fb420be4fa556e49f1fb9d05f6b026f3bd75f30db\"","dc1_server_salt":"\"4c059354144bcdc0\"","dc5_auth_key":"\"8e913c7f791f80f4dd36a0fa010d7d3a81a09dc6bc1ec449e4562414ccc70c31bfbfbda2abb80887e545fa3ce14948e415ceb6c6e41d480ba42ffc75b26e30b4fd63d405bffa5c3f84c2400a10984cf111597298460897ac8707c77a8aaefa89df69a5ecf98a213fe925d0641d20a3c56680d56d99e36ded4a3a4bcd0758485643049c1c932a3d2dd78b8bd804df792253c38fc009900830f860994435895dc10ff590a3d4624dafb458df3a1430d1629f295f6d8f15e876e4f8d165e324a7c50c37779b5b46350e676cf5abefa3544068674f9fc76c2ae92e474c4250ba2646aa58d6f39a974779816ce0fd54591c9c5f53d4217425d892a16a67632e309b22\"","tt-global-state":""}
VM56:1 —————-
undefined
