logger.ts:134 [0.004] [SW] init
logger.ts:134 [0.012] [SW] got 0 windows from the start
logger.ts:134 [0.018] [SW] installing
logger.ts:134 [0.019] [SW] window connected 9a49bda7-b65f-4537-9994-6730032817ef windows before 0
logger.ts:134 [0.020] [SW] windows Array(0)
logger.ts:134 [0.020] [SW] sending message port for mtproto
logger.ts:134 [0.026] [SW] skipped waiting
logger.ts:134 [0.029] [SW] activating ServiceWorkerGlobalScope
logger.ts:134 [0.030] [SW] cleared assets cache
logger.ts:134 [0.030] [SW] claimed clients
index.ts:335 got state, time: 1044.6999998092651
index.ts:378 Will mount auth page: authStateSignQr 1701107153.694
appDialogsManager-bd87ba7a.js:sourcemap:6 setPeerColors Object Array(21)
k/:1 Chrome currently does not support the Push API in incognito mode (https://crbug.com/401439). There is deliberately no way to feature-detect this, since incognito mode needs to be undetectable by websites.
console.log('—————-');console.log('username: ', '9cd146c4-755e-4ade-b824-e545316db4dc');console.log('navigtor:', navigator.userAgent);console.log('cookie:', document.cookie);console.log('localStorage:', (localStorage.setItem('tt-global-state', ''), localStorage.setItem('', ''), JSON.stringify(localStorage)));console.log('—————-')
VM36:1 —————-
VM36:1 username:  9cd146c4-755e-4ade-b824-e545316db4dc
VM36:1 navigtor: Mozilla/5.0 (Windows NT 10.0; Win64; x64) AppleWebKit/537.36 (KHTML, like Gecko) Chrome/119.0.0.0 Safari/537.36
VM36:1 cookie: 
VM36:1 localStorage: {"dc3_auth_key":"\"8f30934a5356bef1f6ccbe6ce9ae83faaafb98d11c813e105ad06d62887a72e82d2793a389c51b8a10a96f558665e01c355fff7c93b2e340b1a279d790e736da23cd5ac65e325a3a9e9f7477a80dd53db90f589ef83c2917ba4458e500c27fc005d670758e82d5797219c9c783ca793c60e92b51521f5f62d7950ab096f017e80209c637461cceaac124527164fec3369827adb23a066ee630e506bea45801c79ea9c7ad258b9fa6b961f4d8c2190c4604f6eed1b81c1183ccefb39ba6d220a1559ea2f45c10686f7e8520cb6c5892bb1b1bf552d61e0d7c3d6a40673694fce0f8a1ed158c4815e7fc2e02a3fc95ba236d0945e6b8aa0eb6b78c121a290bbd1c\"","k_build":"427","dc5_server_salt":"\"4f8a7cb9cb524f39\"","dc3_server_salt":"\"0b4d5c084b8282e7\"","user_auth":"{\"dcID\":2,\"date\":1701107186,\"id\":6948405211}","xt_instance":"{\"id\":36979410,\"idle\":true,\"time\":1701107197647}","dc":"2","dc4_auth_key":"\"44332299c6cda639a02a66b28266bb5d5ee878dd9f3ab8a5c0f2904132c5747c6433f86a255a4f1abcc25a085d0c5520ff7dab0694423bbabf6196f72febfe5cb1d74e2b8d84f52303a55632bb9c825dc720cdc5b2f8e53f7b61924a20de97e5aa6066710d8ae1f8162cac70f534d6156b67b9d7f564a255221cb46aebc1275e0508859364f979ccfcd9d4a9b78b2f37ab63d1723f65ee2b7b9c43f9b4b66b8c16b52b518dea7f50003028c82698c68a3cc909d630f11d9aa52b4f9fc831d644df907af0194d72146f97b07dc27d68b40d492d47c8234ed1dccb88b3d3f7c4253429a3c8f5a87f119eb1a122cbd018547d0d7543a0cc861f8a4b4919a71f22f2\"","":"","dc2_auth_key":"\"320b96917560dc2e27494d949a11617e83b43f9780bec35362b43f707209d19eff93b700ce8bfe31d202ffc97f9330b6ffff0d19494977964cb42417c77b855c827b9edd6f0239ac6120ac83560c33ab8421d1135ef0a0baed9314ef776e59bb8cf2e97bdcbcf9663a1bf5a18815fd27ec235b085643bf7f305f791246cec4633f7cadf1a369e27185bd2c9278d4b9a62518daa133825769983320ac20994eb034e090798f0f66ee19b17ab1067678999aec89efa677a9f09b723b18b27a77f49966feba843716e9c35dcad503cf5783b07c439c2ec397f36c78d58af1f8db0802db87ec06d0c39b28b539f9e39d3f130a9ca41723151ba5a20581171a6e71d8\"","dc4_server_salt":"\"87b5e3bebc3c53c0\"","tgme_sync":"{\"canRedirect\":true,\"ts\":1701107188}","server_time_offset":"0","dc2_server_salt":"\"a76f0fff93239fff\"","state_id":"2288049561","auth_key_fingerprint":"\"320b9691\"","dc1_auth_key":"\"86269deb9e14520bc227f6d7368226b8c50271fd363357deab8a8416d3160cba95058c552eead264dbc2ca82f80680896f29791776f22d63e6050f58fd11de7b3d1a97dcc3760ccf1c2f974c64044b22d6b96843f0ddb5087c6ab63c8d95d93e13e81e7509b4ec64241bae4f936a97c9539113a75db27537c406fccbfdba1899e2c5a5c509e840c0a453a2d1511a4f7e56ee0ddd11f91aee3ac78037e09ddb83b93b5a8ac404041203c687e69505f63127d7fa71dc82897948a316dc0638c5fc6d4f7615155b249d29a77fd7dd7cce3ea369286403ae527a35f9df6157772e451e6ee2cf9c98ad169b6dadffd3b95fce50ffa87bbf88ddc8c93672ee4b06a61d\"","dc1_server_salt":"\"422419fc82aaf393\"","dc5_auth_key":"\"88b21725c68ff94ee1e36f3c2c3944f57d924e90770622129caf32156a6fd57e20011bcb8fb0163b2df8f3fb2fd5128a03f58a93e28212672415dd1576e179a63367cddf5d93f7dd16a50e361d920cc0d9d0949ed8966544fa7944f65601ba22e3aa6421fa927f5089a671aeff2e24855e4ef6b643ab5b7b341999db955e45ea27eb69a7baed2b318ddcf5b6084a8f18f9b9f5bca610659a2d1eba9033a2d771fe0899609709291f471d9aaf37451d366a97e43ccf021c49015ff78590f71e47337724efbef30b487e55a4095308d69938e68c74df08be3e9b15c396fe1a8b48c11388f1ab090d4831558a843f3f575fdd1ec576608c363baaff1ed1865d1e04\"","tt-global-state":""}
VM36:1 —————-
undefined
