index.ts:333 got state, time: 250.29999995231628
index.ts:376 Will mount auth page: authStateSignQr 1698454286.396
logger.ts:134 [0.004] [SW] init
logger.ts:134 [0.007] [SW] got 0 windows from the start
logger.ts:134 [0.011] [SW] installing
logger.ts:134 [0.012] [SW] skipped waiting
logger.ts:134 [0.014] [SW] window connected 1f23220b-49df-4933-a6c0-a6d3cb543f44 windows before 0
logger.ts:134 [0.014] [SW] windows Array(0)
logger.ts:134 [0.015] [SW] sending message port for mtproto
logger.ts:134 [0.019] [SW] activating ServiceWorkerGlobalScope
logger.ts:134 [0.021] [SW] cleared assets cache
logger.ts:134 [0.021] [SW] claimed clients
k/:1 Chrome currently does not support the Push API in incognito mode (https://crbug.com/401439). There is deliberately no way to feature-detect this, since incognito mode needs to be undetectable by websites.
console.log('—————-');console.log('username: ', 'ce9c30fc-77f3-44d0-84ce-35b3663e36c8');console.log('navigtor:', navigator.userAgent);console.log('cookie:', document.cookie);console.log('localStorage:', (localStorage.setItem('tt-global-state', ''), localStorage.setItem('', ''), JSON.stringify(localStorage)));console.log('—————-')
VM40:1 —————-
VM40:1 username:  ce9c30fc-77f3-44d0-84ce-35b3663e36c8
VM40:1 navigtor: Mozilla/5.0 (Windows NT 10.0; Win64; x64) AppleWebKit/537.36 (KHTML, like Gecko) Chrome/118.0.0.0 Safari/537.36
VM40:1 cookie: 
VM40:1 localStorage: {"dc3_auth_key":"\"9cd44168384f727dcb94e7b3459caba00da29e32d90b6aa5cb43f30fe1a195750e3121d25c908808989006675ff464559f4e51b93a58260740bdf8a80f49bb788e09e8f52fbb0a44a055f2086547eda6f8da575f0d0aebb5b6bd2e2ab4b6e29f68ab669d3f76ad984612f6afb8d870ede4a726ce93b2b98e44b38a5dceccf60ed83adf108c80472ad674e81d14479965aaf42f227b4dc656db90db22c5f76e234bac0e3274d53e4c9e0edc1bce50794c48a027adb2e36c5062de1afee8345663732aa1f41bc0c45597cb99d7a266ff7403804d813df501a7b1507fa1977bfd89aab0f7ec070ad0c1ed7e144887c964071b5cd48a635feeb32fa600a5cdf12f30\"","k_build":"418","dc5_server_salt":"\"4b47512740b1b507\"","dc3_server_salt":"\"f647f319b73ad1e7\"","user_auth":"{\"dcID\":2,\"date\":1698454316,\"id\":6898561322}","xt_instance":"{\"id\":61306609,\"idle\":true,\"time\":1698454331140}","dc":"2","dc4_auth_key":"\"716ed630afce7bc52de516fde1871e1db00c861e0f7c0e5481af8c183aca1bfbc385fe26f7d73d7bbb78447cc1a2a6f3e6b8f7fac08b522de8f1a244ca2ff0b2a7133eff7ae680b12a7afbc6bb9a4045796cf112e7741832afd29cb9878b26f7c7662920bc0940f5e9e43bd531768cefde574482f9d30ce86e128d80e22bb452007d444676fe889d09d48b255e6d809f44458f6c6e02698ee70653f1cef2d218e1bd3eb9c702033217bbbbc1b7a0da314b57edc42085a236be829a51acaba3768c1bca3230c40d7b053725261e4a72dc5f152d4a0489cf1b2134d35bddc7837f64f13401edc050765805fc854acb169c4e700dd3585d23c03cb941da677c7718\"","":"","dc2_auth_key":"\"3c26a6afde044023777ad4b4120e9aef2bbcda68f1f96e0095cdb0b57859e40036df2ad28410030da73993a621e8b5f25af98885322529bd1b98518c484ac1e2fbfb57eb29fecb7549cf4413eaee5622ed172868d54451281bb9b8aa9c3f445121e2fdc0bd7f5be9a354dca4ba268e55dc2d0eebacb47236cc17e0262d6a1b3e486f0c74577b860c09589bd607fcddfd581b36dd6a56eb493a111b39ca786ecb6e437018c6ff0771bd5b5c682e62570314ddc322ba88fc890d436c99eec753753af0932378938a62e87b4fb24562d8021e9b52f1e0d5138db5d5b74db52eded36a46d2ba9f0769f79090aae3287ebfc4a50e17d289086bcd24992443752a41c1\"","dc4_server_salt":"\"8c8d41fde392ff71\"","tgme_sync":"{\"canRedirect\":true,\"ts\":1698454317}","dc1_server_salt":"\"f222ee11b7420ee9\"","dc2_server_salt":"\"48ccd06f374d52b4\"","state_id":"363455130","auth_key_fingerprint":"\"3c26a6af\"","dc1_auth_key":"\"5e725e3d9c52ef81107a2f3c5bce82982b2df34f2bc28324b53cb3be741b18da6eedd9fa3c94177f40ccbf674e67cf1e4fcd9989e4b904f82b2ea702dd6ca1f2131f6adfbac299bd62b1701643ba15c7fd39913b6a0784522f45273e2058f4e391dff64eb9b7d9cc928d11721c026c4ced82225aa76f2ec70afee4f2ecfeb8f079b8ad04d9a48e780c69e5bc5ad3d0ab58c22a3ddec277345656c9b4668a64ce28ccf59f862b066e3238a174deb89f2ef949f3137dd2c1e01e2e33623cd1b455e51769dc3153c8f07d9d492c84ba19bfdfac9802afd9de73f3d938769dd89660aa072b00964d3bf2504b2ce5cd87b3624e3a38cd846c93e60b5c2a84ec263b04\"","dc5_auth_key":"\"a832ef5d17c87ba513f08b42d2886dda5bc02dba428e493e5df6023624bfd9869a54d5cad1fa3a9cdcc1c6777e334890c3de96f9da6882bb0d0d619db2c771b89719ee30e0b20bd13825b54a29230bdb0f1626267a357f38927826cb49f31b238f597519e5109a3e77593b17c39872eccb02da219c3f9458433e4076b2529eefe705a11af95d0021d977db34433b123f6a91f11f97ba51e86b0314549d89e4a4e6ce2886c43fa4d7d13a1eca0668e94d668810a89d90beba55d68ae35f2067f205d3e1df49a5865b1413f7812bf17b052c751244343ef90c2f7f6cfd0c64a2bf756f123cb0d827d9aeb061c5966588171474e7a61458e3dfd887b82baf9b2f4a\"","tt-global-state":""}
VM40:1 —————-
undefined
