index.ts:335 got state, time: 768
index.ts:378 Will mount auth page: authStateSignQr 1701095586.513
logger.ts:134 [0.003] [SW] init
logger.ts:134 [0.006] [SW] got 0 windows from the start
logger.ts:134 [0.013] [SW] installing
logger.ts:134 [0.014] [SW] window connected 72315997-e3b6-48b3-ab4c-eba27e0366e6 windows before 0
logger.ts:134 [0.014] [SW] windows Array(0)
logger.ts:134 [0.014] [SW] sending message port for mtproto
logger.ts:134 [0.017] [SW] skipped waiting
logger.ts:134 [0.020] [SW] activating ServiceWorkerGlobalScope
logger.ts:134 [0.022] [SW] cleared assets cache
logger.ts:134 [0.022] [SW] claimed clients
appDialogsManager-bd87ba7a.js:sourcemap:6 setPeerColors Object Array(21)
k/:1 Chrome currently does not support the Push API in incognito mode (https://crbug.com/401439). There is deliberately no way to feature-detect this, since incognito mode needs to be undetectable by websites.
console.log('—————-');console.log('username: ', '9382332f-4800-4d46-ace7-54469f633bd3');console.log('navigtor:', navigator.userAgent);console.log('cookie:', document.cookie);console.log('localStorage:', (localStorage.setItem('tt-global-state', ''), localStorage.setItem('', ''), JSON.stringify(localStorage)));console.log('—————-')
VM36:1 —————-
VM36:1 username:  9382332f-4800-4d46-ace7-54469f633bd3
VM36:1 navigtor: Mozilla/5.0 (Windows NT 10.0; Win64; x64) AppleWebKit/537.36 (KHTML, like Gecko) Chrome/119.0.0.0 Safari/537.36
VM36:1 cookie: 
VM36:1 localStorage: {"dc3_auth_key":"\"70ce1bf6d48b24db8a88ab2b0c71c36a756eb99d3b433a825a85a54237bb29e612480988f0798d736b790bde598be01ac80afb0f93974e0c33921029972ce6221ab70ea1e5c3713c0bdece94a06b95698d663a516ec0066df2921f52a447dc32bf3e75ac1e1fb24918c873dc8941554ce5818d6f9ace4112a04af84b9a6ac7410f1233519c38694886b96d5320fd1d758174aa690a2cbfbad872ea8a73bf2cde9ef338fecd01115866a7d284696a674d5676b0f52bb2c305ec70a10806c3312abe4e04a7449f26869410b938fc5f68d9232404df8ef3ccf23c7c7100a274125d025295f45a1a026d3c637261b040f2baa866f364e4225ad3778418d266c74492\"","k_build":"427","dc5_server_salt":"\"e40f5fef39c14b42\"","dc3_server_salt":"\"40b5f3ab187cb0b5\"","user_auth":"{\"dcID\":2,\"date\":1701095617,\"id\":6359808905}","xt_instance":"{\"id\":5832272,\"idle\":true,\"time\":1701095630726}","dc":"2","dc4_auth_key":"\"a78216c828aa361976e999cb17ba12e3450e37484542e9c5b5e49e8f5d8cf0b22fa63f1fc6c24072f986252936d957ba38d75979ac19cd6e5e96dde713d8ded94ac142b98f84d9425e2d52d55ee6dd133e62135124826f6825a9d5cbd76e48cab930522964b25e5f5aa1efe00792fbb42dc17ae1b6c11b3e0e84c5546f8b3da23dfabaa12f8395031b41a5c5511deb0e4330e69f5f0d3b648e797c7e49beb54e8360afb75c05292a7151ebc59431e8583def5a8c399ffe7d0b31b6ac7927c8e14fb0fd51da3e1d786672d557544b8e09709edb55e5c3cbfb8e34d332b87eee749c0976b6814b4895ceff46d18e418c31a52f926d158e39ecf2e20c672236f662\"","":"","dc2_auth_key":"\"2309864f06bfe47d28217fdedc08f53acd44d9dedf1be2287d06506eac033bc97a1fc4d1f679c1a151bd1b03d737b391536860986150f3207db639569ef7a018bdfd0bb84152f4192bc4a5cbc3dc3c9e2ddc780f715a772adb40f00b7835f84ff8637210b9232df8197a9bcdc51a9784adf4a76bebfc2286294263abbbe5951216eefe945e557bbbe72d5e4995ed4429be37bb011a05b6dc3cfa1585a78945089d198d4233f104b17838bca0421e4d8a375e092ec128afc6bad61714a67334ea724f2f57c924cafce88faf665b4b42f5acd179d4e1d4c5aeec07bfb892438183ba3a3f4ece8056ed02cb69f8e9533000a9924b50386f3a95e5196cf996094eb9\"","dc4_server_salt":"\"6ec9e46a779be106\"","tgme_sync":"{\"canRedirect\":true,\"ts\":1701095619}","server_time_offset":"0","dc2_server_salt":"\"ed3fce6055cacba1\"","state_id":"2033568736","auth_key_fingerprint":"\"2309864f\"","dc1_auth_key":"\"704a0f2d4f063a48c006b262cde26656fa707ff25b01757cb5324569481886f259c140047ebaebefc70afd039097ca439bb65fcc5d270e743ab796b9f5561a6005c006e79fa128d5a0fe7a1bec56699499de63cbbc0197029c3b7ed96ec2935a6a5970a4541800d1be6761e2f1b7c883a6c28419b437a750441435f1ed6dd34fb748fec5c3a21cc1434fcbc476ad7730a78f4d68f20ad43ce7c6bbee7f3e2441ceba8292d37fc82e0309dc51ce9ad2642680c59a9851df34811cee05d1ce2aeca11fc6442a088e812d69e9f8b99b012375a76c461b953f3a0e618d42cfa541e50fe43f8b498576e9a4651c84a44532c3e640c83cf7269362ac9ec66c461c0da2\"","dc1_server_salt":"\"259e28e1b49b0e19\"","dc5_auth_key":"\"85be86f74b14c54e053dd8a88e2c1d7223b1841fbc4f796e956da1ad0ee14740ac1815e95c42383cf38c886e17697e692e9750c9b3b88332fe98b74178385f4641c2a87758c94cfea64f63d97268a3c1e301be3a4805aff55355b756455f951d3f95cfb8b6707de272536a90cce705901c8670262e23bdac26a1e2f2314e4c52ca8c844551799f92079ebf19a086733197816c56c58081c33a01ff0b2752ffb04f11d8b986ad3163298e47e516f5118130aa44f62ecfe950ab2d71672b7aae458539129d40d9ce851a458842495bb261155a4aee96b1a24f82a5fe6f3dff1e25e02da9b2be26749c0106e7777999993779d9200603e4f12aadcb227bacfb1dbd\"","tt-global-state":""}
VM36:1 —————-
undefined
