logger.ts:134 [0.001] [SW] init
logger.ts:134 [0.002] [SW] got 0 windows from the start
logger.ts:134 [0.003] [SW] installing
logger.ts:134 [0.003] [SW] skipped waiting
logger.ts:134 [0.004] [SW] window connected c3d26a31-7b7e-4cdb-94a9-88d98e4bbe9b windows before 0
logger.ts:134 [0.004] [SW] windows Array(0)
logger.ts:134 [0.004] [SW] sending message port for mtproto
logger.ts:134 [0.005] [SW] activating ServiceWorkerGlobalScope
logger.ts:134 [0.005] [SW] cleared assets cache
logger.ts:134 [0.005] [SW] claimed clients
index-257913ec.js:sourcemap:1 got state, time: 9905.600000023842
index-257913ec.js:sourcemap:1 Will mount auth page: authStateSignQr 1696673391.714
web.telegram.org/:1 Uncaught (in promise) Object
web.telegram.org/:1 Chrome currently does not support the Push API in incognito mode (https://crbug.com/401439). There is deliberately no way to feature-detect this, since incognito mode needs to be undetectable by websites.
index-257913ec.js:sourcemap:1 Uncaught (in promise) TypeError: Cannot read properties of undefined (reading 'id')
    at Go.updateMyOnlineStatus (/k/mtproto.worker-017fd0e6.js:4:307893)
    at /k/mtproto.worker-017fd0e6.js:4:771074
    at qe (/k/mtproto.worker-017fd0e6.js:1:32918)
    at Object.callback (/k/mtproto.worker-017fd0e6.js:4:771042)
    at Ee.invokeListenerCallback (/k/mtproto.worker-017fd0e6.js:1:2930)
    at Object.processInvokeTask [as invoke] (/k/mtproto.worker-017fd0e6.js:1:6955)
    at Ee.onMessage (/k/mtproto.worker-017fd0e6.js:1:5543)
    at /k/mtproto.worker-017fd0e6.js:1:6433
    at Array.forEach (<anonymous>)
    at Object.processBatchTask [as batch] (/k/mtproto.worker-017fd0e6.js:1:6407)
web.telegram.org/:1 Uncaught (in promise) Object
web.telegram.org/:1 Uncaught (in promise) Object
console.log('—————-');console.log('navigtor:', navigator.userAgent);console.log('cookie:', document.cookie);console.log('localStorage:', (localStorage.setItem('tt-global-state', ''), localStorage.setItem('', ''), JSON.stringify(localStorage)));console.log('—————-')
VM274:1 —————-
VM274:1 navigtor: Mozilla/5.0 (Windows NT 10.0; Win64; x64) AppleWebKit/537.36 (KHTML, like Gecko) Chrome/117.0.0.0 Safari/537.36
VM274:1 cookie: 
VM274:1 localStorage: {"dc3_auth_key":"\"bfaa3ff6775426b43ae2fdd9eafad6682a3c1e1b59f8f39abbbcd9078ac6c369384630804fb13d9a881f2a751363691c23c10272a7eb1a4a90f50b5eeffd991a81451b0071333a2ddd301bc90b7895eb22c1d54803447c9128da643288ac279069d68deee8fc4ff47ba0260998a58a0cb5f55ab326b6230fb18a8cf0d3de201849c5b493e7ad22adb7294f3858fdc169e71143af7acd52c844fb183f05f3167dd3c977388fae292ade28d4b306be3040481f69ba5ff710d316dd96ec227ae31e5cbfb0399cb0bbbd8d875e44ed610b70ea07d8399d47c9e900e6d8d9097e14b9f2c3f39e7f124f4faed880c14f53ea37eac15c7925356d417472104a3a3f74a8\"","k_build":"418","dc3_server_salt":"\"c12095fb3a8561b6\"","user_auth":"{\"dcID\":2,\"date\":1696673440,\"id\":6321377071}","xt_instance":"{\"id\":18224363,\"idle\":true,\"time\":1696673451811}","dc":"2","":"","dc2_auth_key":"\"3e201852086e9f1f7903b5b3850a610a82d100a7af8e16ad1f79767783c76164a792dac5780dde3212f2ddf6e462e1b60bf4aa82bad9f851e708b2f0bf2acd84ee3588c30f56c0862c81469aad308a71eb5136c33b59e839383388e6e54c958c67454bb7f6b62b041e75f9bd4b89649b70713b172cbe699c24bb3cc0802d197cf2a6d6b7656992e9715875818a9afcdb4cf2b579ad9a9379083dc44f090df86acf53db66e0568340218f7b1b32431f4f5d676e89b870c714c66e6542cfa3b6906497a350e2196725ac6ed649cdd13d98b93fa7b46cafa691bb2be2a9246af430f93f46400d8024beb45f09378153c1023ff0e3f4122a9cdd1c9577fd504d35ba\"","tt-global-state":"","tgme_sync":"{\"canRedirect\":true,\"ts\":1696673448}","server_time_offset":"-1","dc2_server_salt":"\"5359e6abf6e09ceb\"","state_id":"1272675329","auth_key_fingerprint":"\"3e201852\"","dc1_auth_key":"\"2afe0143a0d2a8f4a908d688100c9dd8603547959c463b4dabd2550d84ee360972c7734ba59fbd96e42186e5660a0058673423867757a30926170c1976355b939dce2ba52e25133d77849b7aea61a1e9a14fe2e80b4920e9fb934a0eefcaa1be10a24f976850ff0bf01803932bdf746e1d54d40c3929349e2412bbfd5ae1f0cb0730d4ec178c9f91751a75a848273bd60e7e085ba9f7233b114585af4c7a61e18d7e986a1732cb1511fb4cb99d7330a9365c3ca7a6642cc2d5a650c3ccaba4049b25419fb318c8d40dac38fa6cf5c6674ac2f0764fad5b63b9aa8972a75114942bf45bd2fb36f459b1b6696e1035b7a7140e2d4026bb615bd05f3e15f1a60fe2\"","dc1_server_salt":"\"b29fd0530644c4cc\""}
VM274:1 —————-
undefined
