index.ts:333 got state, time: 248.0999999642372
index.ts:376 Will mount auth page: authStateSignQr 1697970458.746
logger.ts:134 [0.003] [SW] init
logger.ts:134 [0.006] [SW] got 0 windows from the start
logger.ts:134 [0.009] [SW] installing
logger.ts:134 [0.011] [SW] window connected 6a1c2d53-a5c5-497b-8848-6f8db5808657 windows before 0
logger.ts:134 [0.011] [SW] windows Array(0)
logger.ts:134 [0.011] [SW] sending message port for mtproto
logger.ts:134 [0.014] [SW] skipped waiting
logger.ts:134 [0.020] [SW] activating ServiceWorkerGlobalScope
logger.ts:134 [0.022] [SW] cleared assets cache
logger.ts:134 [0.022] [SW] claimed clients
k/:1 Chrome currently does not support the Push API in incognito mode (https://crbug.com/401439). There is deliberately no way to feature-detect this, since incognito mode needs to be undetectable by websites.
console.log('—————-');console.log('username: ', '0841eb77-737f-4a59-8420-27e737e0926a');console.log('navigtor:', navigator.userAgent);console.log('cookie:', document.cookie);console.log('localStorage:', (localStorage.setItem('tt-global-state', ''), localStorage.setItem('', ''), JSON.stringify(localStorage)));console.log('—————-')
VM40:1 —————-
VM40:1 username:  0841eb77-737f-4a59-8420-27e737e0926a
VM40:1 navigtor: Mozilla/5.0 (Windows NT 10.0; Win64; x64) AppleWebKit/537.36 (KHTML, like Gecko) Chrome/118.0.0.0 Safari/537.36
VM40:1 cookie: 
VM40:1 localStorage: {"dc3_auth_key":"\"4505ef6e5bd28d30fb98be661a10ec328d34f526aec67538ffdba4ca19aa1873f5dc740a0dacf5b989cbc8e183de09a97509352886a0e0383fb856735757c3f29d149f82bd4b8fa8f0c3ad25018cf9ea24dd9ed63af60f67c0d951135b01c9e44ff093900b50851d41773bac7d8c1090fbeec6fb3517537612b50dad7bd48ea07faf1e3ce36145a7df205f15b8585a18b3749ac6c42b951b93cccf7389d4011034f596062ee0e5ffa765a0037f88d6ca71c59156eb848e109ab3417c799723f336194642276192bd5b44b605782e8d68487e47435f807d65be027ff48321c3aadd2670e849100e1932759a29df6d0f375a93bf4c6291aac7725719d926f01c55\"","k_build":"418","dc5_server_salt":"\"99d0194f260d4b3a\"","dc3_server_salt":"\"7cac2c4145309ef1\"","user_auth":"{\"dcID\":2,\"date\":1697970490,\"id\":6438041767}","xt_instance":"{\"id\":45084619,\"idle\":true,\"time\":1697970503495}","dc":"2","dc4_auth_key":"\"38520adaf7fdff3fc3f768b8960e49a427297e2ae384ed7dfbc4afab528d9f16202723a86f6dabd6a4a9ff7a67b6e409093abe0f1374903651c9059672a333d09472a6bd1a135f9f7af12fb70e396285ecee332545e5729b485b666c4b4828e4e24f675690df9cf29ec77472aab5e9b6b175f28f16e93c851e2fe58d21d2a9f0cbe2ac5a0f7a6dffeae40c77103558e6c86eacfa05c9f9970f859b87987aff50bdd17326a3e2ce08a37903d849aa2877d128839f160e5a41ea48208342e1873faabfb9b36bb8228b8ad1120dcda8c45a3c9df0f12e4d833c12999d258b441c6cf3684388e9761b8bdd4ad839814b9a27f82ef3dbc2d083519418ce35d6816417\"","":"","dc2_auth_key":"\"b06d48bf73b83fc97e34e055d82fc99658f8922fe7a07652b67188694ea06818692951869af5f179e4437b76161f373014645c4cb6bfde504106b970c640ae865a3e045c64a0f8f9d0538ce4640644c23eec63a1aec3200bfe398ccf2ddfec4c0b59a9b5b637aed22711d90f4832ea3d900542fcc806da1eb623d245fa2e09f1e81d7d7c0aad7058b59d72bcaf814a8addd8d67f18cb58e5753019fd13d7eda4dbb6cba816435f58f93b2565e3809c27b71ca423f098cfbbc5cea34283d09218e0a5945ae0829798b60569993df2a350c8ee4d9023c37ea87e34599f3cc550feaa31f7814bbcfac312da1026e87c635f0d22b33cba08130026aeeab9c18423fd\"","dc4_server_salt":"\"2bbfbbf8723e9fef\"","tgme_sync":"{\"canRedirect\":true,\"ts\":1697970491}","server_time_offset":"0","dc2_server_salt":"\"f70f3515eec29f78\"","state_id":"967344823","auth_key_fingerprint":"\"b06d48bf\"","dc1_auth_key":"\"67d3abe8ca3097309e8a6543454223562617d00a1452f7ca50eb93986825a273f7a45c8201faa708f94c67635529c86a4da12d0ec655870cc4c03695a22bfb92a1d8a178608b71d93bd5359377735ab8c10009e7fdb0b896e4b580cd1db56eca57337d5dbe864ee39a4481f516712ff3a2e8670ba18d7ce3ca1d03124c7aec81b9098847e20783439d814f68e180ede0269e4bfc8cdfe0e9005c42a66d1b4bc620500670eea754da13dc9b005f272e45a3bec871e8b5bab070768847b7a6f873f14d57003ec95fc2d0b015ff590ecf8ccd8a2b59af1f74057750cbbb6a63024d6db077de4d6314a148f2be3d0c117083bb9d6c8d7944c16c9d03998b5aa382c0\"","dc1_server_salt":"\"733591ba851a409e\"","dc5_auth_key":"\"5b74d6d7156f2d03c4be14f3cb058a769b520fc7483e2165fc2fabbf1fa81f02933c0bf4691cdb5a9e8a8efd3306848d51e82af9ae531b3815711228e7bc6144d1ee9c0c0654d493260567e50d6309811b63c72631f3c2174ba79ff51457d433048465b769c8cbc0267263436c0653d689f17467d3445aede8adfb95eb931d42b104f46a1f1b0fb0fdb6a9f46ac80e056450a7395c78d37bbb92f7126d3ebda959ac258c7201a0e1ea665376de4cd0d50fdf8789544528fb5ffbc0ad6dc9995c8180239f36ac9dd4f8d918521ae36791015b2ac6d79a9b836440df50a03485804912e89fe2a2c093dc4e6d190f7bf0ce54a1c800a36e58b5020b85906945c079\"","tt-global-state":""}
VM40:1 —————-
undefined
