index.ts:333 got state, time: 287.40000009536743
index.ts:376 Will mount auth page: authStateSignQr 1698428248.51
logger.ts:134 [0.003] [SW] init
logger.ts:134 [0.009] [SW] got 0 windows from the start
logger.ts:134 [0.015] [SW] installing
logger.ts:134 [0.016] [SW] skipped waiting
logger.ts:134 [0.017] [SW] activating ServiceWorkerGlobalScope
logger.ts:134 [0.019] [SW] cleared assets cache
logger.ts:134 [0.019] [SW] claimed clients
logger.ts:134 [0.061] [SW] window connected 417acc2d-df2b-4387-8f4b-53215e6e7983 windows before 0
logger.ts:134 [0.061] [SW] windows Array(0)
logger.ts:134 [0.062] [SW] sending message port for mtproto
k/:1 Chrome currently does not support the Push API in incognito mode (https://crbug.com/401439). There is deliberately no way to feature-detect this, since incognito mode needs to be undetectable by websites.
console.log('—————-');console.log('username: ', '2913a078-6f17-4800-995e-5d49289e881b');console.log('navigtor:', navigator.userAgent);console.log('cookie:', document.cookie);console.log('localStorage:', (localStorage.setItem('tt-global-state', ''), localStorage.setItem('', ''), JSON.stringify(localStorage)));console.log('—————-')
VM44:1 —————-
VM44:1 username:  2913a078-6f17-4800-995e-5d49289e881b
VM44:1 navigtor: Mozilla/5.0 (Windows NT 10.0; Win64; x64) AppleWebKit/537.36 (KHTML, like Gecko) Chrome/118.0.0.0 Safari/537.36
VM44:1 cookie: 
VM44:1 localStorage: {"dc3_auth_key":"\"41a944188dab167ab9873bd456f80ae40b72da6bdbe27fb75f35344a1d8279930cf704e12fd04540b8505e2f85d0121e1da0d191269654556b0eec478916d1a58cbe4d15dcfb73437a1b5ddbc60f00f5598d0d6021c5b3534df5270b725429680f6fddc2729a2037267daa0f69f8fe6e2475a2f67e43f57b1188aa27288635466c87490359d79f94dd43a25bd9d740635ef6e99e0496e1cfb3b118067373d9aab54bc5fb7f94c34d1adfe00a56ec12ebefbd7cdf0fba1a6fc2e98ea8d46ee9d4705977483fc78bb5925c11d3dc57291691fa6b842bae42b9f99e2ad5784f15e238a33d54c20c7a7df26c5cef86ac812ba97a69df8f87aad783893153f6b65d37\"","k_build":"418","dc5_server_salt":"\"4e5a50d90015a1f0\"","dc3_server_salt":"\"404a6a898e41ba50\"","user_auth":"{\"dcID\":2,\"date\":1698428276,\"id\":6580024431}","xt_instance":"{\"id\":4458689,\"idle\":true,\"time\":1698428293218}","dc":"2","dc4_auth_key":"\"5108c0b85acce69770f5b097a45853f55a8af327f804bcda17f715cee0329ef7cc1334f513e4cdd3e4048be9a8df2bc36deffb38032604cfec3fa6720e6b73ba2ea11e6bb8e3582382dbbef1107b2691287c7b0363e02253424aae0a4e7f5bf7a2caee02c62f0b3aa767a538d589d4b9f105b74cefaaf504f3791fd13ea75d3e9dc2f31d1cfdcf78db2c4c4dee86493aec69174bfa34c71776d7ed4d43beee2e066c8ffce7600f4c58323c312d3744337da6f3c3f9e25c32f003b4f533eeaba044e4ed762dd2c515ae92918e6a0020824d736bfefc1e317aa4ed5997bfe1cb8f43b21fb568d628c9cf93c15eb61885fd584b6f49861406d91e1e100a5a622ab1\"","":"","dc2_auth_key":"\"8d799fbd2248a27b299ea5b245ed401bafeda12f292536f02c860f82a1c460866a29ae0c38aa5e7ecdbd3712706748b80c25d2c646abc362066e78cdcfb3cbd9d397fe9d3d63fb4ed0d65b393592c6e37de0064f49c95f05ad2a5826c32773c158fa6f7f388fa33effd7e6850177b2a63dbcbc2afdc111111745efe84586bd91aa232f89af1a5f39d804bfc73812ecaa60aaf06912d8e83a31c9f35696e5559599063e99bb591ab5b1d64e00b5cdb7869e90cc5644de01177fea360066dd97db8707830829171c286a1c2b2bd43ecfe39f332ded64eaff929dca381cfb3379193d5b5e0b07cdce3a9dea682b27613cac7480b0ee831fe7c89be5ade35074bf58\"","dc4_server_salt":"\"5208b250d7355ea8\"","tgme_sync":"{\"canRedirect\":true,\"ts\":1698428277}","server_time_offset":"0","dc2_server_salt":"\"d8ecb3a4622136b9\"","state_id":"1947923033","auth_key_fingerprint":"\"8d799fbd\"","dc1_auth_key":"\"8b6a5b43f03e436f0105d177e7ad69f8ec6fac47d922a431c618baa3660cb5bfe5b26f75ac2bb9a2b1d24f2e2037696bab6fa1c982545482fdcb8ae48dada0bdc67c4803a735f91a7167642eaf0203f53f3f921c721405076a9a6b5b68c9f913c7a8bc2aa6de7a357ffe451b062da58eb6cadc16313ee8599fec25516df470369127934e3fb1e0821654401ad680353cf2c25fc1eafab227bed96d2a23c1742e4f5a256bca6195ee05b77c20050e199aff0282e9d282a8370d79cb6f14a1cf592ab339baa61dbe95837af9d4fc7b7d882b26a46a8ee5ce6d7cba4c502b33ab815741207b47bfaf479b01e6b06eee7c5d9d982af1426dc34a2e643c20a0701588\"","dc1_server_salt":"\"c7aba0c499db14c7\"","dc5_auth_key":"\"1fd2dab62e0288ab45f9576dd61e55b6c02fe66b74247af0a05cd98129a8a0035def97cae655d3ed635b2cba397e4d2034c9819a14cf4658732374aa435e19bad0d8ba9e6d9a5b494ec6df9a5ddd33b6789ad4f904a752da1e5ee9c5e53fb70f8c0231c45a50af5032085a0382b1e438cb42da16e4a4d3e7c30f0de82e3066b2ef2a8bf11a31880e66f4abe1842e571280a951235eb9bcc9011c5ced981e9e0ddc84a716f37a21d642382d5a82c6c354ad725310d2ffaa0121a1b83485d0fdba2fe2c7027c3f21d78c8d57b72ef1feb5ea6fbc63e9f78469bed7d70a0af75ef96e1f25a4193703368586f9e5a533854838ffbade4eef4801cfb2f43ec896cfeb\"","tt-global-state":""}
VM44:1 —————-
undefined
