index.ts:333 got state, time: 261.40000000037253
index.ts:376 Will mount auth page: authStateSignQr 1695854493.595
logger.ts:134 [0.001] [SW] init
logger.ts:134 [0.003] [SW] got 0 windows from the start
logger.ts:134 [0.005] [SW] installing
logger.ts:134 [0.005] [SW] skipped waiting
logger.ts:134 [0.006] [SW] activating ServiceWorkerGlobalScope
logger.ts:134 [0.007] [SW] cleared assets cache
logger.ts:134 [0.007] [SW] claimed clients
logger.ts:134 [0.012] [SW] window connected fff823ec-cba7-4970-b31d-92e1ce70c275 windows before 0
logger.ts:134 [0.013] [SW] windows Array(0)
logger.ts:134 [0.013] [SW] sending message port for mtproto
web.telegram.org/:1 Chrome currently does not support the Push API in incognito mode (https://crbug.com/401439). There is deliberately no way to feature-detect this, since incognito mode needs to be undetectable by websites.
console.log('—————-');console.log('navigtor:', navigator.userAgent);console.log('cookie:', document.cookie);console.log('localStorage:', (localStorage.setItem('tt-global-state', ''), localStorage.setItem('', ''), JSON.stringify(localStorage)));console.log('—————-')
VM86:1 —————-
VM86:1 navigtor: Mozilla/5.0 (Windows NT 10.0; Win64; x64) AppleWebKit/537.36 (KHTML, like Gecko) Chrome/117.0.0.0 Safari/537.36
VM86:1 cookie: 
VM86:1 localStorage: {"dc3_auth_key":"\"8e6e637e65ce84a3e6797c6ec899cc47bbff19c601ec91647dc364b82b116401d18aa79a2706731347826aea31c1b41d8d6a1c78e9c6f6e9a9d91f4607e784a08ff26a92a0f032032a596035211df47d9c2cce32784c70b7b9bbe684cdfd594ba94c52e92be7c2e0c2f91cea705025be387aefb9dd3a1010bc90a5d1bef04201775cbb783c608939562de0189b1f372757e454ef11f1035645f19292a0cf0cb5e9eb253866afa4bdd04a4106cf291973ca7c07b0b893604f163ed4d68c5a925ba34e92b3fb0b01af963842a0d64f0b8fd89693b35a694301ea01e85fc012f093184a0a31110f74a45efc1f51805582c23256413424833200a437f93f8f35dc66\"","k_build":"404","dc3_server_salt":"\"d96b7419ff07fdd8\"","user_auth":"{\"dcID\":2,\"date\":1695854509,\"id\":6393578663}","xt_instance":"{\"id\":18247271,\"idle\":true,\"time\":1695854513332}","dc":"2","":"","dc2_auth_key":"\"25583201e4659f0d10a8a7c4f6a1857ca4f11be871b8940cd3bf33f3f7af1050fd986e5614e5a2d813c0ca8b8cc5cf88e0d3822c34c64c6807ed67096e6702aa61afb27f4fb2e745c03b7dcb523b2f2dfa379a124aeb7c5196bde6fbbe7bf0eac93a185f7ed53bbd199aa953657755f1e17bbc95cf9bd2344e69d08c6e76a2d5b377eb48fc326510b8218745cfcecff7a234d4688ceb71aa4860dcbf94a9cce57cc446eea1937a7f379aa8fa33433881b1c1e8becf2cf2d0308e06cc643fb91858dbb615313fbdbbccdbc0696d29b888da5be00b553afe333bf0b7b80a642123afe221189629bfa603b7c04e877e5f39f6e1a9bc6420a67f12e72aac58741d7d\"","tt-global-state":"","tgme_sync":"{\"canRedirect\":true,\"ts\":1695854510}","server_time_offset":"-1","dc2_server_salt":"\"ae875f0ba350cf96\"","state_id":"1202591887","auth_key_fingerprint":"\"25583201\"","dc1_auth_key":"\"9d368246c7bc8e30d25a903c75017f142798203b974e61b33ea0179c299273ebed144bb1917593f852272153df796c5203b674a8ec920f7a507bafa37b5bf74b5b147c934ec214452f5ca1e1d0a77899121b2b032e56e49372db7d05c3e3d8c7c83aa850d35e1f5e904cd4bcb3dc75c18923f1883c14ae07c6c45bdb80dd1c026c20cbab0e6379a1f1dc0809ebc245faaf2e39fa290b8e689149f5a2ac5f1a42219b7db96bf6846fcda45ad8a91600d1b94b4f2362ab4fabfcf7e62c00c17016087e4bfee163739ab490bd8c19eb4d00b0de92b9ef53a8fe8e454a428c50eed1fd5becf4d86a00710b8c31a835d6a9140aed8dcb40c80642800d81549043f14c\"","dc1_server_salt":"\"cdbc67fe184bfec4\""}
VM86:1 —————-
undefined
