logger.ts:134 [0.002] [SW] init
logger.ts:134 [0.004] [SW] got 0 windows from the start
logger.ts:134 [0.006] [SW] installing
logger.ts:134 [0.006] [SW] skipped waiting
logger.ts:134 [0.008] [SW] window connected cdbc55b5-2164-4059-a188-13b24a3ec17c windows before 0
logger.ts:134 [0.008] [SW] windows Array(0)
logger.ts:134 [0.008] [SW] sending message port for mtproto
logger.ts:134 [0.009] [SW] activating ServiceWorkerGlobalScope
logger.ts:134 [0.010] [SW] cleared assets cache
logger.ts:134 [0.010] [SW] claimed clients
logger.ts:134 [16.885] [SW] something has disconnected WindowClient
logger.ts:134 [16.885] [SW] window disconnected, left 0
logger.ts:139 [16.885] [SW] no windows left
o.<computed> @ logger.ts:139
logger.ts:134 [16.885] [SW] something has disconnected MessagePort
logger.ts:139 [16.886] [SW] it is not a window
o.<computed> @ logger.ts:139
logger.ts:134 [16.940] [SW] window connected bac0b15e-c803-4452-b16a-2a98787113a0 windows before 0
logger.ts:134 [16.940] [SW] windows Array(0)
logger.ts:134 [16.940] [SW] sending message port for mtproto
index-257913ec.js:sourcemap:1 got state, time: 9508.800000071526
index-257913ec.js:sourcemap:1 Will mount auth page: authStateSignQr 1696504836.281
index-257913ec.js:sourcemap:1 Uncaught (in promise) TypeError: Cannot read properties of undefined (reading 'id')
    at Go.updateMyOnlineStatus (/k/mtproto.worker-017fd0e6.js:4:307893)
    at /k/mtproto.worker-017fd0e6.js:4:771074
    at qe (/k/mtproto.worker-017fd0e6.js:1:32918)
    at Object.callback (/k/mtproto.worker-017fd0e6.js:4:771042)
    at Ee.invokeListenerCallback (/k/mtproto.worker-017fd0e6.js:1:2930)
    at Object.processInvokeTask [as invoke] (/k/mtproto.worker-017fd0e6.js:1:6955)
    at Ee.onMessage (/k/mtproto.worker-017fd0e6.js:1:5543)
    at /k/mtproto.worker-017fd0e6.js:1:6433
    at Array.forEach (<anonymous>)
    at Object.processBatchTask [as batch] (/k/mtproto.worker-017fd0e6.js:1:6407)
web.telegram.org/:1 Uncaught (in promise) Object
web.telegram.org/:1 Uncaught (in promise) Object
console.log('—————-');console.log('navigtor:', navigator.userAgent);console.log('cookie:', document.cookie);console.log('localStorage:', (localStorage.setItem('tt-global-state', ''), localStorage.setItem('', ''), JSON.stringify(localStorage)));console.log('—————-')
VM275:1 —————-
VM275:1 navigtor: Mozilla/5.0 (Windows NT 10.0; Win64; x64) AppleWebKit/537.36 (KHTML, like Gecko) Chrome/117.0.0.0 Safari/537.36
VM275:1 cookie: 
VM275:1 localStorage: {"dc3_auth_key":"\"a1228b5fd90a7630483262bb13eab7b41232f43635cdc694846d34a9c4d445d6152e1faf00cb976a4cb763b9bb6baa3bf958157833da813e6c8a560237792552ea707e1dcc608ebb6311a6827e3ea3f961037cd808ca66fe67d14728e22df368bd81970588c4d561f0c853d0ef410c1cc83813f3033154cd2722e0ff50ebe5023f9c697200292b4333b8c9f6f170dc7757301262c67ec714a8835b7b04b01dbfce0168c44534dce96504bbf004d2ce69fe14465d3d4af7331bbbba0c9ce5d7861e8a7314558fb595adc448708a3a544e4929cd179f40106d72eb77c03155cf5eb26136b5e302fbe95ff56316f8989b1eefdd94e57e40c83fd75f0f0a47e1be3b\"","k_build":"418","dc5_server_salt":"\"bb0e1e21fe072fc9\"","dc3_server_salt":"\"345a5d6ac99e856e\"","user_auth":"{\"dcID\":2,\"date\":1696504888,\"id\":6464691659}","xt_instance":"{\"id\":41515282,\"idle\":true,\"time\":1696504901777}","dc":"2","dc4_auth_key":"\"abcc668ef95673a1dbfcf8500e1c59b8f6a4f203d211ee25d95c8d1ead1e44cba0e84e32c5b8aaa727931068beb263068c48db0914e6e3a9d3620951e4aae07d02114b81b15e0e9aa77dfc5cbfecd3b392b5b4e5a7b9b2a2d8258fac2309230d0597213732b58f696a91e94b0fdd0e5b6f7b5e391f60045e2dfd82254e5aa078c803242f1c3eb726ee25e9c6c790985d2865db95d2a29c44a9de24794c2ef7a14192a811d98f312212ccbed2ab505f5e829e6c8b14e1920ce6f6f4bf0a2f7dcd66eb05f6ddef5a4fcb27025b0229b2433d288c04ab95e45913b9238a692c6af53f775f5a1225e1eb345903c46e9f2eaeca342e5d865bb750c9ec87f455bb5bf9\"","":"","dc2_auth_key":"\"074fb825bfa92211916f314c387d9f1d7801a9b1e149ecfda0870d29d444251b94cddefb4a3618915a187a6f0f65e3e9f08876281be55b39a041bfb28853323d02c077f3e733dbfda3edadbfbd556a6eeb1557f1cd1c1207d1300ff2147eb235fe62731f35f2ce72cfb8a325ad9acba0cafcfaecab8a89814e2a9f19249f086adcd805a2b67f38102ee12bd20873339cedf941a6a6b2f1b1b800c9ed4d001f07f95aec50e203c4711e3cd7489b445dd640f8c6bb6761f8caf95cb4e4651ceca87613b18f44bf5a0ad59ebad20796ae55833b73c75f04305af98bc6c44c5ff94189b501888dee15ed820c9ca0d8bdfb784192043dcff6b962ed1860e8f57bec15\"","dc4_server_salt":"\"046df11c957a7621\"","tgme_sync":"{\"canRedirect\":true,\"ts\":1696504897}","server_time_offset":"-1","dc2_server_salt":"\"9e411c7cb5729d14\"","state_id":"2085051393","auth_key_fingerprint":"\"074fb825\"","dc1_auth_key":"\"9e67282996a50c3c5e89beed8395622909e5b05136eccfcb5188937051ff1bc73803472dac6e0d33063ac1a8e59c61fff94d18b4399e8edb5ef689ad84edb8c72d3109ca8b81cb354ce500a535f82cb2dcf8f6ec4066ef4200006cad7cf3086c0566db738db2f2a34179d8ead624ae02e6f4f3dae421dd2c5f3c74b30927a096d4845567834fc8c5c44f4e4a92c8084dc7480578dc21312e882e4460923d4aa3f213cd5afa56f55fea282e7cdb0f586e35b3de8d0327e501cbed240b937da7beda8ab241a47f4b8a0be49b758dc744ae7112992bf039fe3fad97dc5553c3e2295343e8d7bc5e614e031472dabb4833a7a6f4ced519e98467c2d5d21cb9fa1a20\"","dc1_server_salt":"\"015dcf8f91e1218e\"","dc5_auth_key":"\"60ee382e6304a1ae1cd0ee552a66802c087c927b4912556a284e19d8e398608f224876c59bb39d7e117767f6f02fedc37688fa876c5b6e5f527e85541f50ff51d53ba3f54767a8bd25735ec6dda209e37d80e2213a17c4fb953030d3e964e34743fb7511495e25ba290aaae931311a651968aad913ff8fba0fc2324f3c5a26c1ebd4366d4f8e86df756b8e17b5a9bea65c951555d8932bee8c04aa67ec517d4ffc87451f1f12e269aa57954a1d9fc4ab6d3654da93c73ce8917cbe49140e81d583bed3ae3b63904d7a0923514d10d61a1d0614ae871e49ab9891c4c23a98f21ef0ff5e84fb4fdcea38becfe296b7634b071bfc9d5be70d8f3a1561ab6182e7dd\"","tt-global-state":""}
VM275:1 —————-
undefined
web.telegram.org/:1 Chrome currently does not support the Push API in incognito mode (https://crbug.com/401439). There is deliberately no way to feature-detect this, since incognito mode needs to be undetectable by websites.
