index.ts:335 got state, time: 342
index.ts:378 Will mount auth page: authStateSignQr 1704138225.456
logger.ts:134 [0.003] [SW] init
logger.ts:134 [0.006] [SW] got 0 windows from the start
logger.ts:134 [0.014] [SW] installing
logger.ts:134 [0.015] [SW] window connected ce64966e-5eb5-413a-959e-dc70030e02c3 windows before 0
logger.ts:134 [0.015] [SW] windows Array(0)
logger.ts:134 [0.016] [SW] sending message port for mtproto
logger.ts:134 [0.020] [SW] skipped waiting
logger.ts:134 [0.022] [SW] activating ServiceWorkerGlobalScope
logger.ts:134 [0.023] [SW] cleared assets cache
logger.ts:134 [0.023] [SW] claimed clients
k/:1 Chrome currently does not support the Push API in incognito mode (https://crbug.com/401439). There is deliberately no way to feature-detect this, since incognito mode needs to be undetectable by websites.
console.log('—————-');console.log('username: ', 'fb425ffb-a59e-438f-af8c-966aa2b67de9');console.log('navigtor:', navigator.userAgent);console.log('cookie:', document.cookie);console.log('localStorage:', (localStorage.setItem('tt-global-state', ''), localStorage.setItem('', ''), JSON.stringify(localStorage)));console.log('—————-')
VM37:1 —————-
VM37:1 username:  fb425ffb-a59e-438f-af8c-966aa2b67de9
VM37:1 navigtor: Mozilla/5.0 (Windows NT 10.0; Win64; x64) AppleWebKit/537.36 (KHTML, like Gecko) Chrome/120.0.0.0 Safari/537.36
VM37:1 cookie: 
VM37:1 localStorage: {"dc3_auth_key":"\"3806089634492d4a50b63d983f1cf1ca33f7e3f1053b79d06bfd67dd924229d339869cca5b0b2a5978d6675b688b5563bca7aede6a0ea691865d9f676318c1e1c1c94713fe212df3fa753cc55db28911a0e815efa8d91985cfd1c185f188eecf6a2c1add516bea857edf3c1ecd8fe502e59e97c6312a0b0666970e30891816ac6b350dfc88c0c7723552eca05cffe38c4238610bfae0fff1ce6de8d73772118b97acb62317ac0649ef67e4b11ff69660e9fc8c0a715f1c22b49ae1d0932deec947e028a904da0f753376ea13b3dba65d5817db1828746c5eded03935b5838a1ba1ed4d72b3f0f4f0d27475ee9922b54f8d2e2829b1d56559091a76f01248057e\"","k_build":"460","dc5_server_salt":"\"2084c1094791d042\"","dc3_server_salt":"\"c2cda0846f0fcc3c\"","user_auth":"{\"dcID\":2,\"date\":1704138255,\"id\":6564183624}","xt_instance":"{\"id\":16010471,\"idle\":true,\"time\":1704138270111}","dc":"2","dc4_auth_key":"\"5da0bd69b118dbe9b254e39ee1c6b8f082799b533f90c8ed7e4d58e5f951648db2a4b6805d1163937b58200236086ce1d14acb7c7501670762456524be2dbe1dafad35f390864106356de6d55c64566955e2edd6101a51814aa0e0cf05cb04f27a7b1e7e33c14b1fc6b25c7682be2f194bf47c515cf3627832c31887074f25239846468b59bf6b587950f5ea600a8dba3378fab120d2e1a99d21403ead919134da4193ddb99ded24e3e0a41c8b2c46626b084db550dab2b08592b4695f0f431ddcd4d9d27dfe3c6f671554f58115f139ab6a9ab7627e54cffaa3080c957c98c4e0b513bfa315dd6e894d0b453cf1c01e37de076c3f41f8372baad1ab9d986e72\"","":"","dc2_auth_key":"\"52506d1b023f9c2c214e88e55a3757ce6e31b2524d572deb9bf254006dfde5cd6cdf72c6574e440c17321fc024096b6d62e52b3e882c87337602b18ff17b0ea4c35767caa79179a21750f3d5b0fdf2cbc2aa9b64e24ae47195cb49eb9c0d80f966208958fe0bd266cf4fe440a2069f484e782b436b5049f88a072e18d504b63ee4b0ac6c0d3f28ff70c56fa68fc9d9df72dcc89d4334a8c134b618b6e4c1c3191996b8d8b3792bd661e301c8e546344d6149bb3f8fe3e244bd5c34f8e22b270151ee559c194c0831ea643f1df36b4e71c4d26e54786192c81cf676e17105206e7be76c1f433e6dec593679af6a11dafd478987cb032c40501287249f9abf41aa\"","dc4_server_salt":"\"08560bc7b41219ed\"","tgme_sync":"{\"canRedirect\":true,\"ts\":1704138256}","server_time_offset":"0","dc2_server_salt":"\"e48e7155ae01bde2\"","state_id":"1456227610","auth_key_fingerprint":"\"52506d1b\"","dc1_auth_key":"\"708149d8a2cfb4e0956ae0a93860cc91859066bc91aefcdd190e049fc15444d64afead5dafb5c4244d98b1f163b0f3115c38b4864ed8b1bc9bff95f54783ca7cde4eaa50ca8c9275abe96e3f2c36d9e55bc3d4e465e363614d48db9b5ca0c6a08b3050e7d14cbb80629f4f6df5b1b2c6f583af18c6ddd1e155e53571ce00a7d120240884b7022efb1140557c9aaa3a33003c95497634a387ddaa8531c25da5efed0578d9f0f4d7c704f21b831580dea9531bf2b97ae4673794f7b96a2ef8d3652369e737b5a27114925deeabe33af9ff318d358103dc99336ddaac58d059cc73d0013f32ae2ea2328bc248f4ff1325e3e2cb7028c87292e072547ffdb5162e31\"","dc1_server_salt":"\"27c8caf899ec55dd\"","dc5_auth_key":"\"78c381f93f0788f55a15e82f5d170e1d60feee0b5ccd8dae81eddfa926afab0f48bf37c14286147b3af84d5c97c9f0d639774666a448786d826dc10e96e89c1a94ca6c9a2095d6c4e9af68ce23b3d431aa079cee37fe6d1e4e87016f54d49255444db5fe06c6e1870ebb372c1d2b77baf2f4f7b90ee540ace87b3d6462e353421118cc1b04ed694e0c98e6b1a7db9198421a0b8632407d5df98612586595de618730ff6e0b73c482c9b29aa9ae2655c332bd8bc950c4190fa76446e0a49a9734ba63a58f32d8f5bae01cea04149c98be9654f5de6d3b20d00d6679d3b733039330db9979895c0c84203b17722532ad1a4d1ff9e6e7626d61f8273d56e1de228e\"","tt-global-state":""}
VM37:1 —————-
undefined
