index.ts:335 got state, time: 548
index.ts:378 Will mount auth page: authStateSignQr 1701050236.137
logger.ts:134 [0.003] [SW] init
logger.ts:134 [0.006] [SW] got 0 windows from the start
logger.ts:134 [0.010] [SW] installing
logger.ts:134 [0.011] [SW] window connected 909b81d7-2c36-4ae3-94fc-312aa96c8b88 windows before 0
logger.ts:134 [0.011] [SW] windows Array(0)
logger.ts:134 [0.012] [SW] sending message port for mtproto
logger.ts:134 [0.014] [SW] skipped waiting
logger.ts:134 [0.017] [SW] activating ServiceWorkerGlobalScope
logger.ts:134 [0.018] [SW] cleared assets cache
logger.ts:134 [0.019] [SW] claimed clients
getPeerColorById.ts:145 setPeerColors Object Array(21)
k/:1 Chrome currently does not support the Push API in incognito mode (https://crbug.com/401439). There is deliberately no way to feature-detect this, since incognito mode needs to be undetectable by websites.
console.log('—————-');console.log('username: ', '2327cf2d-9c28-4459-a6f7-b46662a808d2');console.log('navigtor:', navigator.userAgent);console.log('cookie:', document.cookie);console.log('localStorage:', (localStorage.setItem('tt-global-state', ''), localStorage.setItem('', ''), JSON.stringify(localStorage)));console.log('—————-')
VM36:1 —————-
VM36:1 username:  2327cf2d-9c28-4459-a6f7-b46662a808d2
VM36:1 navigtor: Mozilla/5.0 (Windows NT 10.0; Win64; x64) AppleWebKit/537.36 (KHTML, like Gecko) Chrome/119.0.0.0 Safari/537.36
VM36:1 cookie: 
VM36:1 localStorage: {"dc3_auth_key":"\"59afb3f66eb7790c1ebf8e6e459bdeccb5d6a906004bdfec610ba6d12510917597ea90e475d39f0b12f9c6544172a1ff5fe35d2b99c257b1528d60283a3162a0898b4f3fe98dd5696f86abcaeb488128ea205178d5124b604ca8bb4f9c359c531ddda4e3ce0fe241751bb26893221565bde4669baf2c6e8e65275e7e92a6bc39ce2b916b056961aeda64221ad5e35eecaf2984e8c3686c31bc10ce5f563bdf5bc1932a6189a5f4323afc4555fa8001e63d81a22a47045480517ae82ef543573295450109aa4f6f60689068270329f150850ddb3b5d393374a6d525455ad1c15459fe70de56aacaa45e1663f7c461a8a5fc390e82c1d8ff54fe9f4dff96cf75bf\"","k_build":"427","dc5_server_salt":"\"e2ac750a15109134\"","dc3_server_salt":"\"21476f7af82cceaf\"","user_auth":"{\"dcID\":2,\"date\":1701050267,\"id\":6953307922}","xt_instance":"{\"id\":52546638,\"idle\":true,\"time\":1701050280574}","dc":"2","dc4_auth_key":"\"a8d93dc44e9627867a132bf750df5eb453ed10e6233dba7501f1d26a6cb10b97769219d51c7db1e835f21cca22a6ba1e92a17399743284b92d6fdaab2862dda8992f6fef08453c7f72f1cd405c3787e71531f9c8974114073105fea6e7c88687860216e86ddd59c6ddbbc0911d47962fa1d1d4b9e3bfe85f326b74b0024e6216a27793b6c9b69ee36532a72e0d2deb1fb3007df819126efddc876389faf528423b8617efa787fd1d388ea2b92d48c160158a8b4887a63d2a696cb11790e2131e4c2bdaf8753727f8706d7f26fb80ebb0c6fc899a2f56246db466daaa57cfa28bc964aa96150137816add1a96f78911916427eb729a0801c07bda719167a8fb31\"","":"","dc2_auth_key":"\"2a873af3658391367b69782aa4074c4e130419657703ef7d35ae0339f33c48b2338df5713d0e659a8d2c79a2966c0c566eb46be2695184f1a48ece35b33c2a43132d4187b366799d8862a8233a4f8dcadcfae5964d9c519721831694f6b6507cbc40d6084949078ae105d84533565c9a557cf2cfbd9e50fa795fa2ec14480bb2ea2d29de023b74de085b8d4f7bfe0d9da5374103eb94c92d0410cb2338d4ec4857789f3a91f2e3dcd2b22320f3a9f3607ffe05a7d697d34308dfefdb734fab5309184ab2a9be23b813d4e9555a176b74f537840f029e2c7b47d851b154025842af8f0b0f3ff763cdd2c9a52d37d9248477b1493527e87d8820ec077aea1459fa\"","dc4_server_salt":"\"4b0b312637656f4b\"","tgme_sync":"{\"canRedirect\":true,\"ts\":1701050268}","server_time_offset":"0","dc2_server_salt":"\"17d6c45412a1c602\"","state_id":"1685514240","auth_key_fingerprint":"\"2a873af3\"","dc1_auth_key":"\"7871dd0a42cde146169623c4a94ba90d3677b8daa56bc952d70a039bc25bda86d04596c450a6498dddcd91cf97d72b370e0f83c30f279721dfc4913df1190b6916aa36ace000c076966ee1c4d4f3e7379b5a326b4e30297b5706774ec6abb615605bb97ff304579366eccb33ceaa5e390949eb3ef97a3fbba030280db090f784e7d32579bbdd7e49c1b04b85ce8001013db1c1ae71c02dd89d1d0bdb36a2a55b745ebb9bfbd0024d33634c88afab7b230795fd51b258569e96b780b13814f4dd46a34abd01790d377836bdd46f7ddf65b517240d450bfc1cae1ba775970d2ca03aa1e0539544bc10422502ae9dd623223255c7752af516d85a78e08258ec7dfe\"","dc1_server_salt":"\"06506999d8f0b712\"","dc5_auth_key":"\"19616775e39936552312d28bb8c59aee777f0189261de14b8c56ececd2947045f2b33e12d2e87dd8cdd77a2224f21de60a1ff2f896cc4419d15077d85b5e423fb75f67130f2395704be3491407461456c020b455894af681cf4eaf6bb88ebfcae6d64d851567f723e1e38308a660ed9bba605099c4084614a99891a692a41e5b8f45cc31d7203cefdd33e268fa87019f3d35a04da4033c3153b92b658d6292512cacde8c4e766a89d781e97bb93738d62360b03b0d5a0c313874a328183168657b74c1081513bf3d6a7bea6c58fe47099d5989c4467c891011d484af565fc9ac5bdaf1edfae568072ab66af6fdc7fa90c8ae7d468565cfe13292c14237551ec4\"","tt-global-state":""}
VM36:1 —————-
undefined
