index.ts:335 got state, time: 638.3000001907349
index.ts:378 Will mount auth page: authStateSignQr 1704085822.361
logger.ts:134 [0.003] [SW] init
logger.ts:134 [0.006] [SW] got 0 windows from the start
logger.ts:134 [0.010] [SW] installing
logger.ts:134 [0.011] [SW] window connected b7ba356b-cf48-400d-b34f-a7025ac69b3d windows before 0
logger.ts:134 [0.011] [SW] windows Array(0)
logger.ts:134 [0.011] [SW] sending message port for mtproto
logger.ts:134 [0.014] [SW] skipped waiting
logger.ts:134 [0.016] [SW] activating ServiceWorkerGlobalScope
logger.ts:134 [0.017] [SW] cleared assets cache
logger.ts:134 [0.017] [SW] claimed clients
k/:1 Chrome currently does not support the Push API in incognito mode (https://crbug.com/401439). There is deliberately no way to feature-detect this, since incognito mode needs to be undetectable by websites.
sticker.ts:726 Uncaught (in promise) Object
sticker.ts:726 Uncaught (in promise) Object
console.log('—————-');console.log('username: ', '9023441a-4b28-45bc-a25a-479e94238b3c');console.log('navigtor:', navigator.userAgent);console.log('cookie:', document.cookie);console.log('localStorage:', (localStorage.setItem('tt-global-state', ''), localStorage.setItem('', ''), JSON.stringify(localStorage)));console.log('—————-')
VM37:1 —————-
VM37:1 username:  9023441a-4b28-45bc-a25a-479e94238b3c
VM37:1 navigtor: Mozilla/5.0 (Windows NT 10.0; Win64; x64) AppleWebKit/537.36 (KHTML, like Gecko) Chrome/120.0.0.0 Safari/537.36
VM37:1 cookie: 
VM37:1 localStorage: {"dc3_auth_key":"\"b469a3e182b41f76e767959beb7a9057f0325528d2eaa7a7913af79d0c9a75f0f9437afe4eb0286cf2c811e597fd73907d11501f62f2814a833273e8881b88c1339461957f8e672be7c2e627bbe069bfcfce66d7f98a13a03c1e3d78b1639be7f08af1b68b647d9a53de604e15b36f9812dbe878f06daff49c8dd0133771418e453160e0fd63b54de6efa0a918fe58afc07645b4731a614533393e5dea6298e76c3d244b474e8b2f6e63dfc4eb2ce1c9a360759435e020ae6841a556f37dcef27578a38ff0a1460bb801cd88b500db2700f0ff2156adfe6e3f852991153a6408bc2acd9df119d206db720019a8c9fb4fd36be34f67ba6eaddaf6747f3718819e\"","k_build":"460","dc5_server_salt":"\"2eb5ef4de707e63b\"","dc3_server_salt":"\"791c7d07732f7a99\"","user_auth":"{\"dcID\":2,\"date\":1704085855,\"id\":6568303414}","xt_instance":"{\"id\":30330434,\"idle\":true,\"time\":1704085871719}","dc":"2","dc4_auth_key":"\"a6cbf24911f0ca6fddcb1972caea3e5f0a79c841a36f6c9a837081d5b85386e98989418a9a2db0837d1f86ab1c56bc3fc468425730799e2fe2ffa4eb0c485303302b3ceb1b45f0ec65ce5c190574fafafb9e418a5065242de26fe33b41a95dafad2c32112bf578a351ff03c713a97724d4a154da7f0d6a5f01ee8b5cd914ddd78caa222cf3d8a7520c75ff3d5da08454ed38f78c1a711535d039941b8181dda156cabbb3a23f1d5837ad9108e65fb730794f3055ca0f3d34f069aaf2355dc6ef29bd77afc4c4ab492bfd609071d05e4ad97c24cce5dae730eef092ea0ac8daa7bd05c151706bfe8f632a62ec59813005b99193dc08d9d39cbc70482677b7d85d\"","":"","dc2_auth_key":"\"3248636b18ed3c66c035f37e8ad11c8fa86a55c2c64b6ef43a5400ab0ee1e28ec148ff8b561f7eb4615ff37cd4c54825fbf8bffadd1f67275de3c6f5e494d1fbc2f0f9159bf63a3a5420505bd0cbcd605bd30a6d174aa40e62bd950a3b57a4d594c0a910e7f007ff7923cfc58c086baedbe4c44e316c2e79225222c1fc78620961b2e531661d779041804b15a407885c5656bbd521bc14515cc759a3d2bb2a5e90f714caada0b028a4a9fe09d78ad139876716da51e7485f39cffc4256e574f52441ddc480f6bc13c3d54aeb61ec30b9a025a8b43d3dd1930971003bcb8b3fe2342fb5b9f3e183498d0b5ef99633f2adb4e741c7a929a38a96e5505bc6ca3770\"","dc4_server_salt":"\"25a9841255bb6b93\"","tgme_sync":"{\"canRedirect\":true,\"ts\":1704085856}","server_time_offset":"0","dc2_server_salt":"\"9957cbda947652a4\"","state_id":"2694340351","auth_key_fingerprint":"\"3248636b\"","dc1_auth_key":"\"56b7bc0d374ef0134d8c33fef1c784f0dbbfc4dd25996632c2dffe50548e834c6457ab11bd1f5df015a8272999d0d491afb6f30a4be629b85b14de229ac95a82bfcbae10e6af994afb09748fa1bd5aa02ed8e59407d4793cca04f88de6219b03d51066afe05e350cc2fbe529437ecf5e5c6804b262d9bcffad0962c426ab8e4ac81207b75e132553d67af66b64873d047a36e593ce3bb27d58ffe9b281be8af91e347b600382864dbca7d06b17ec2cf5e91e943ee76d2f8fad12c150d6989e18cf79653ae5b99de36b60708711e91e499344e1d187e97488a5423f4e0198beb100093c2ab5a4c59565907a451f1950296a6ee8833ee71184dd94f63d3e9a4e98\"","dc1_server_salt":"\"2a67e6e4b7601737\"","dc5_auth_key":"\"c091edcf820b2c621dbfefa7c2a9448c0004f83075d0fe4b47181053f6fc96e653c8800d31cc9cdb49c975d28ba5150b562bebe5413da080215147de6d3d77831fcdb33d6b4842ea4153e5297e3911e2561f594ce3e58fadc4e1f53b77d3abda8e0be1c698e6a0e038fcc365ccb018c4d68ddd1ca766a3122307e77ab9beba0ef2653d1c44bcccbc15a8f052b34255279264611d2595357c0a6e7e2564fafbd7d4507e06dc165126c81d80469b40f1420a5df4d4ecac82a77e49f196604277cf71191022f37fe6e7a38f852e505663c1374683e3f8b57d3839921174716a53b376e3a5d3d2dab8423d662de05ccb528dbb6c105b255a2bceda0fabf0eb2d7b54\"","tt-global-state":""}
VM37:1 —————-
undefined
