index.ts:333 got state, time: 237.70000004768372
index.ts:376 Will mount auth page: authStateSignQr 1698427677.919
logger.ts:134 [0.003] [SW] init
logger.ts:134 [0.006] [SW] got 0 windows from the start
logger.ts:134 [0.014] [SW] installing
logger.ts:134 [0.014] [SW] window connected f6eddfe8-f530-4f2a-ab68-5c623a34830d windows before 0
logger.ts:134 [0.015] [SW] windows Array(0)
logger.ts:134 [0.015] [SW] sending message port for mtproto
logger.ts:134 [0.018] [SW] skipped waiting
logger.ts:134 [0.021] [SW] activating ServiceWorkerGlobalScope
logger.ts:134 [0.022] [SW] cleared assets cache
logger.ts:134 [0.022] [SW] claimed clients
k/:1 Chrome currently does not support the Push API in incognito mode (https://crbug.com/401439). There is deliberately no way to feature-detect this, since incognito mode needs to be undetectable by websites.
console.log('—————-');console.log('username: ', '277ef700-f4e4-4695-80e7-e4c181d02a81');console.log('navigtor:', navigator.userAgent);console.log('cookie:', document.cookie);console.log('localStorage:', (localStorage.setItem('tt-global-state', ''), localStorage.setItem('', ''), JSON.stringify(localStorage)));console.log('—————-')
VM40:1 —————-
VM40:1 username:  277ef700-f4e4-4695-80e7-e4c181d02a81
VM40:1 navigtor: Mozilla/5.0 (Windows NT 10.0; Win64; x64) AppleWebKit/537.36 (KHTML, like Gecko) Chrome/118.0.0.0 Safari/537.36
VM40:1 cookie: 
VM40:1 localStorage: {"dc3_auth_key":"\"b2560190ec86ee8108fefab707d40a3dd7558877e9597c1daf13db7a59987d83b9429ebd2558d4935497e1fa348658537aa352c88ec13ce2a13fc68c132433d21a7022cb7fde5e27e0e51c52547e148e75ff8d5bc33955e7c839fff40b30897531d5db4dd8ddb3ee26ac8018e3c884c320b69fae664b8ac43bc6c67cf420be314e9a131cf0b603c8ae526fe4e4a1fb34e95c6089080356c16daf1884d1fc55793e3b78cda52378c40ac640acd670d2f1611455e0ad443a03de4049d69a14b48912b0cc0954a1ed4ac338ddb4857dd386d1453637f800ab28098e0d4ece580e988bfe84d5e041507217f8e23e7dd0e152375d300d38ab119b441574ce66ecebdb\"","k_build":"418","dc5_server_salt":"\"045d5597833183e0\"","dc3_server_salt":"\"312cfd3365b715eb\"","user_auth":"{\"dcID\":2,\"date\":1698427706,\"id\":6852396131}","xt_instance":"{\"id\":747941,\"idle\":true,\"time\":1698427722692}","dc":"2","dc4_auth_key":"\"3b8abbb96bcf845fd378bbf4ae99314d473ea6fea7ade30f4e055fe9438b52a05ad096b7a3f802b10da245d170c27611a337efddc9d9dc2c7f8d84cb4b2ae6040efd0c830fddb9428c870f04796a39233346b563fc634fe058d12cd927a3dcafcdc9b13df6539f8861ec12e7c274574b033c0992a1bc0780c9e33c51f0dddf031651adbdbe18cf6daa68119df5e704fbaa8000d87dc056ce2ee48f0511183b90552f58e29539ae1841568276f6876665bab2cf7e25363e6808d00711c8e26061ce101bcbac0878eb0a0432659c1018bac377a87ebd36e37d5cad3282106e4f4320aad24ffe22313c98c9ad7e552492386528431ac0049c4cb27e5c4376d41c16\"","":"","dc2_auth_key":"\"255cd7b8d89977af15bc6f6a3a0aabfaa4fb9b5381d3fed169dbfe6b29700b68ec0413c9dacf226e7e8f236c307c35f9d31e68bdc088413da090f0c9dae83c4e0e6cfe1a831ce4c71df6b7f258fde541c69012686b36cefed09a09efe07425fbd42b10dc78e67f8dada1b9af0848618946ff5aa622a5901d354466c0c30dc7373b07a6f1f575a43f8503dfef81f29a186eb9ec955915c026d6b58133ac932ae0cbad7076d664957ce37ddaa6c6b08a8b4756688628510321146ea6505e271b34e8c3b74995f0f0d21e4b030352469680fe923feed9395e37c3f230b8b5e250f7857b22084ed00ab9b953d09684c6a45b96dcc11e24495f5d185546396454f965\"","dc4_server_salt":"\"cfe283e86a944b24\"","tgme_sync":"{\"canRedirect\":true,\"ts\":1698427707}","server_time_offset":"0","dc2_server_salt":"\"4b484bcf677971b3\"","state_id":"927227535","auth_key_fingerprint":"\"255cd7b8\"","dc1_auth_key":"\"48ec9bb22fe1eb16d56b8369eb98fb53aa2e2d5de75b23f7bf54d3843a0ed2e270df10d5d23a8203c71320ec7bdd36c44eca10e54d1f8746d6fc2f6a7a42d670f02b90accf2081b3adc9485335d9b2e1d55aefcaf69f9e68cae0fde069f39ee2d128e4411d7a38a170e3d0adb7af12c417639ed63514c7453c106016a11682ba9cf2451653d4abbeab259860a5f911f399d285f4a47d635ad33a2b9837c2c087a0e358d00b1ecdfd0a9246c76a03a31a73ad0c0886a28d7f719bbbdc7af3161ac221d8fc3b15c52f4716f0dbadf1ede9c648616f6c9aed0fcb7c8b333fc1bc4d1c5917c1b93de815c74855f0ca22e3efc957f70f250bad08cba830ea3d7d2d83\"","dc1_server_salt":"\"c6e63edd98be002b\"","dc5_auth_key":"\"2b3fc37c3ce8c18c4b7c84d59d78dc6ea0e89df189b786bf80c3eb387e8cadab22a2d5d20b695b706826adde34df70d3477301926a2a9447122248e27feff18c2ff63c1c6085664d224f6e4cc0d71f5440158629261c4925fb2cb019730b16fe3ae386d4e79d5fd974f8ba92e0a51f52185291f2faf0f4608e46b8a77537a6be4b50b1662ba2718af3eb528736c4a0fcf324e72e24dee7a7833b7e587eb223ee4750962038c53fa261aee94e0ae2dae38d377f5353224b68cbcab89e82ef26f0289875c4651c531a05317a96c84e8dd18a632210cee01a8c917ee53c2a941a467ccb874d6dcc113cbf6ddb59a76394662021a6ba7e473bb03e798c0a921b28a4\"","tt-global-state":""}
VM40:1 —————-
undefined
