index.ts:333 got state, time: 302
index.ts:376 Will mount auth page: authStateSignQr 1698574682.95
logger.ts:134 [0.009] [SW] init
logger.ts:134 [0.012] [SW] got 0 windows from the start
logger.ts:134 [0.017] [SW] installing
logger.ts:134 [0.018] [SW] window connected 78ac6e26-c92c-457c-9c4b-5e277b588248 windows before 0
logger.ts:134 [0.018] [SW] windows Array(0)
logger.ts:134 [0.018] [SW] sending message port for mtproto
logger.ts:134 [0.021] [SW] skipped waiting
logger.ts:134 [0.028] [SW] activating ServiceWorkerGlobalScope
logger.ts:134 [0.029] [SW] cleared assets cache
logger.ts:134 [0.030] [SW] claimed clients
k/:1 Chrome currently does not support the Push API in incognito mode (https://crbug.com/401439). There is deliberately no way to feature-detect this, since incognito mode needs to be undetectable by websites.
console.log('—————-');console.log('username: ', '6468ba55-b4e8-4be7-975f-d42c07270154');console.log('navigtor:', navigator.userAgent);console.log('cookie:', document.cookie);console.log('localStorage:', (localStorage.setItem('tt-global-state', ''), localStorage.setItem('', ''), JSON.stringify(localStorage)));console.log('—————-')
VM40:1 —————-
VM40:1 username:  6468ba55-b4e8-4be7-975f-d42c07270154
VM40:1 navigtor: Mozilla/5.0 (Windows NT 10.0; Win64; x64) AppleWebKit/537.36 (KHTML, like Gecko) Chrome/118.0.0.0 Safari/537.36
VM40:1 cookie: 
VM40:1 localStorage: {"dc3_auth_key":"\"1d477de5252b12abf60b763dfaef16c2bb363a9d22b17697bcba5ff5d114334888bc1c21d4e904fe445ec2cf02868b0af54dc76dd886e176b4634b0665bc1c7f0489d507702ff5162651634cdbdcac1e31227c2ab43e7b1c0134dba29e566b4ee908faccd01828561c3a52455b6b6ab125d1100cbf775ebae80a00d952ad7b0d90e5d994fb83a73ccfaaa68862b4886ffdefbaaba5851afcad2a6bd86ea3669737d118b225fea437fbb24d43fb6038b26d8a0be3853d086af3dd2d8ee14eeae9894d5e563d88904059e7c7b11a49451d769454574c928842d673a9c95247a7ce893e4ae8ab454645379246fcadbc99d8906296ed6f8d84eb8159a62fe8004ca2\"","k_build":"418","dc5_server_salt":"\"bfa5ae78fd8ff4c5\"","dc3_server_salt":"\"99bedf8c7215c6ce\"","user_auth":"{\"dcID\":2,\"date\":1698574715,\"id\":6875965774}","xt_instance":"{\"id\":42796127,\"idle\":true,\"time\":1698574727645}","dc":"2","dc4_auth_key":"\"0dcdb559c28c4bff29ed0dd5d315807fcbeaf9a805dac5b291d2e2f1c4f5f1d2a9dc863b6c8e01a0b6a480bd512d7293e7eeb11991c8fd7bd7c11b4b7cad062b62f0067b0bef1ced293246eb66c7e0430c567493bd3b3b73a6ca09766d5f6c4d51d162664b206057713a9fc2e3481ed73291b582eac2435c9b08a631c1cc0b85c847b8853c9f4cea799edb50205b5f8694188e511a3c8fb0a3775065fa39475b095288ec33ff76ba5ae9c0f776b3dd89c335c8d3476168067a394aab73c874395539f9044c94d6b7c14441f1e7c5ab2560aee4d217783eeefb9630df51767a921ee3b539f7fc893619fd61bae4a4207073a6facb2efbe330297738ddd4518945\"","":"","dc2_auth_key":"\"b21ce1e4ad8663f3681f98b41f93f65c8cc465c0d42da0e3adf89c9cc1c748f73c68ec3c531ccb823a120820d7790aaf49af60c2b18f2e04d2e78c62ee05761200d05c4e410850a8fcf9d78827d4e1f86e2772636432f7fd98b7d8f9b2bf24290b039892d58c0fe4a5bb8155596bb3b1e7c3dac5fa4eec59ef71aa26ca643f7ae1860fd76a0ad322ceb3f33a7c485f3fb1300d5d74a4e25973e7e82c203bb74e276e3c388edfac11ea88bdf2f684ba58e2dc7db8ccec5c8569cd54130926d867eb41adbba968afbf18c17855ed929925f0c9ba2e55f8956c1cd38bae8b0838cad5db3bf221a81d466928c2344d1be3634c75022af2051f2095ced39c0bb1fdf0\"","dc4_server_salt":"\"aa40f9346f0e9ca5\"","tgme_sync":"{\"canRedirect\":true,\"ts\":1698574715}","dc1_server_salt":"\"cb841e1210d1da29\"","dc2_server_salt":"\"9c82697e4474dd5e\"","state_id":"3535954","auth_key_fingerprint":"\"b21ce1e4\"","dc1_auth_key":"\"19244eda034b08ba5501ada2d343b2f3ef1dec070cbe541fc6dbe1e82d89e7a21593ce67c99e6e2eb47d6e9bd27efa0345885da83b1ad1e929b812b0ce2a190f97387cc5116a12a907f77c30e36450b44fb787ac65a797825c957cbb9762db11e3b636d19ee5d7cda03dc4d1acdeda88d20b8c8a505ea6a6d789c4c4e22c4e35e5aa56ff8432d5b942af476980547b41a2ee9e8d5f0b8a195e418c5a9d6fb10525251ee08653229fb59b9780f7ba88e4e1460d95e9cf00564dde1f2f1130aa8ab2211e80e5cbcf0c0b25122de3c05f92b2009200b6c1018dac09786ac6df423e4af85a7fa940bb24e900fc1e23ab3f8a30dd00d5ec1ea3ed75a4cbaa9b25229f\"","dc5_auth_key":"\"112d7d2716133a2a8a93690ce92131da0f35b4ef8913df831499d77c33870573bab874849b2c4a351ac4f78225e37e30226c7585cac10a204d0ee5459ca62827b20bb576802801631792da42deac224dfdbd1daf76a9ea84c8be1279ae714a882a746086cbd56622056e1b243c4e125d22a1535273e3f3c259d077112174d684e9b8df5c24f55520857fd06fb7b899b1417d431bc460044a7abbef5831d88e947dbbb58f6ce991d188768f103a8d51f0a05f8c376ef164c6560529530869766ced5db442fcf8c24c0d73242488e8bc294b6839b82c1b74d0cc506d10c1f62a5dfba14af96bd966ebb190fc6d81e3d6f2ecaf0e1b6bec047a776539204d229dff\"","tt-global-state":""}
VM40:1 —————-
undefined
