logger.ts:134 [0.002] [SW] init
logger.ts:134 [0.006] [SW] got 0 windows from the start
logger.ts:134 [0.020] [SW] installing
logger.ts:134 [0.021] [SW] window connected 1927a023-9be2-4579-98fe-dbdb75c55074 windows before 0
logger.ts:134 [0.021] [SW] windows Array(0)
logger.ts:134 [0.021] [SW] sending message port for mtproto
logger.ts:134 [0.025] [SW] skipped waiting
logger.ts:134 [0.027] [SW] activating ServiceWorkerGlobalScope
logger.ts:134 [0.028] [SW] cleared assets cache
logger.ts:134 [0.028] [SW] claimed clients
index.ts:333 got state, time: 1177.3000000715256
index.ts:376 Will mount auth page: authStateSignQr 1698581752.891
k/:1 Chrome currently does not support the Push API in incognito mode (https://crbug.com/401439). There is deliberately no way to feature-detect this, since incognito mode needs to be undetectable by websites.
console.log('—————-');console.log('username: ', '97728629-a643-476c-adce-5cd1e7f315d9');console.log('navigtor:', navigator.userAgent);console.log('cookie:', document.cookie);console.log('localStorage:', (localStorage.setItem('tt-global-state', ''), localStorage.setItem('', ''), JSON.stringify(localStorage)));console.log('—————-')
VM70:1 —————-
VM70:1 username:  97728629-a643-476c-adce-5cd1e7f315d9
VM70:1 navigtor: Mozilla/5.0 (Windows NT 10.0; Win64; x64) AppleWebKit/537.36 (KHTML, like Gecko) Chrome/118.0.0.0 Safari/537.36
VM70:1 cookie: 
VM70:1 localStorage: {"dc3_auth_key":"\"68855083b3db3b29a724a2004955b152e5edb3d8d91db5b8b80b3a875a51bd59052454ecaee29e566f26e118dc5aba8ed936494038e3370bc9665a8544c5c7b48a9443b4a3fa97c2bb8c8f1d5a73bf8738022b7a3bae3b275af4bd3472ee8387b9e0d99a5863bdfcd4cc1020c6b6d663ea3f824f1870f28475a169b645d1bafc89379b1684670b5e598949253c43a572246cc7715f52069970170f136d95d6f8857cbe9d680b32527c16b5fbf6f22666d532523122078df8d2b58f7e1be75675fe8a12477ec4fec68ae9c513d3123d7a20ec5cd022b847498bc277aabe160fc38078b263e17387c1089c80bf0dc685c9f458886e304271f0149e0fc5ac637178\"","k_build":"418","dc5_server_salt":"\"4697f414adf92914\"","dc3_server_salt":"\"2b935de5b11b8200\"","user_auth":"{\"dcID\":2,\"date\":1698581785,\"id\":6917677151}","xt_instance":"{\"id\":45749174,\"idle\":true,\"time\":1698581801712}","dc":"2","dc4_auth_key":"\"bda4d1cc4b432ce567aa7d95ec5928d94f17ec06ba230670dd33db2964c8543f08b697936bb2c4c6469581a4d5be1edb69d4800c8cc6f868f7dbb7e39cc7edd008216cecb20fce2d311d377e9bde8943076360e934e3404391076018d39778b3be19f1510432cedf2108b52eaad4294918be0597b5d36f0560e0b123d48d2d73eb8df633fbe876e6c0005dee38be429ba5f5286bdf56c9ddc69c72bac5ec01f2c14b2134d9a5e4e8ca24434da8516456c0f758bb51f85b2417b71c1a438c55e0d35bb61d4ceb6465b2b81a1c753c425caec497b54d74e8ee07e97b24b539aa90326faa1c059036a5c807238fb4be7bf5f28cb598d420861520ac351e1515ba4b\"","":"","dc2_auth_key":"\"bba1e8d60ffe2e6a0325dca82afdef3ee9339b7066d918c456856c29960f5a8d282d1a175bbb5cf3b5b6b7367f8eab11838014877b120c901b6f80dffa6f91dba14334818ca2beab9de65a414c35759bb2d6b850ff4b0551f84089dc998d46ddd79161e1d17d70feaa245d163d49ededd70ff25c7d5e53fc2efc102f36e1929b0ef01eada153d00a5cd8c056e5910a0506cd1af101becee24341f1b2da4ced808ba6807222d7b2fb93aa67d39569583b590a343ccd5e9d214065a5684d71a0a35f12916bb85a1c953a2d76e1e429bf3d5e06baa1ea84cbc0e2bbb674eb33ce09384e33fcbf9f5a68e6060bb54847937db99267e77f9feced3275a246d4087bfa\"","dc4_server_salt":"\"60dd9605247ad314\"","tgme_sync":"{\"canRedirect\":true,\"ts\":1698581789}","server_time_offset":"0","dc2_server_salt":"\"f87ee5918e69095c\"","state_id":"3539735458","auth_key_fingerprint":"\"bba1e8d6\"","dc1_auth_key":"\"c30d70fd1beb5024ded3bfa3892ca2ee3e72e1124fb19d81da5a5694c7060aae6c5317762ea78968f02231b52a15440366bd3b38a7a5acc05cc419f08e3b1bce0338a831515b85760693ede163cc8afa121f08f56c9ad13d850f81e70f8729d64703736c9e3a7a8ae31f7f79fc50ec846a6098666504538638a316854ef69ef002513063958fd19d72dc12329bc62b249289a52aad46b21d90598ce0723e99c3e9e69f2b3f7320cae667b46866109ac91b6d52f546c8e7d15525d838daaecaa07f555857d25bfca5b8b0eaffa54fa4f86820759a379bbb594a0286892846bc120658791db26f9d2b5757910c820e29bdfbf2a4670eb69d1c9d246618cbacd1de\"","dc1_server_salt":"\"33bfe247dc91dff3\"","dc5_auth_key":"\"54e81efca74cd163f66d7ea87c5144ae36b5a7ecc56c3ddae25c8d83c63332ce2436e44eb3c86297628c27506e4dcda91a451fd8badb478b5d0f4c957ed61473a95a68e4c20057069f2bc0aa224015e09ee416fc39b2f00db7e8689657f1ec1b95c6c324ce7eb2ced880221659b51dde57bc04f4f11669fe84363ad75a3e01944df59eb841661aaa9e211624dfa86be0e0b125cc2ba346484d593f1711fb4826f4dfc162012938be43f5739b060cee2f94fbf4083167165c12d9aaa43c1701a3e4569b7083eea651ab572b79a69d136fee565059f8a0958d3b8972574ab9dedb0a39f89f6a7e4c1d39983f36f44e29a20a8bf99b8ffb0c8173418d38e974df38\"","tt-global-state":""}
VM70:1 —————-
undefined
