index.ts:335 got state, time: 576.5
index.ts:378 Will mount auth page: authStateSignQr 1701047777.503
logger.ts:134 [0.005] [SW] init
logger.ts:134 [0.009] [SW] got 0 windows from the start
logger.ts:134 [0.018] [SW] installing
logger.ts:134 [0.019] [SW] window connected 3a3686e0-c949-4a4f-8551-7d28037ccd4f windows before 0
logger.ts:134 [0.019] [SW] windows Array(0)
logger.ts:134 [0.019] [SW] sending message port for mtproto
logger.ts:134 [0.023] [SW] skipped waiting
logger.ts:134 [0.025] [SW] activating ServiceWorkerGlobalScope
logger.ts:134 [0.026] [SW] cleared assets cache
logger.ts:134 [0.027] [SW] claimed clients
getPeerColorById.ts:145 setPeerColors Object Array(21)
k/:1 Chrome currently does not support the Push API in incognito mode (https://crbug.com/401439). There is deliberately no way to feature-detect this, since incognito mode needs to be undetectable by websites.
console.log('—————-');console.log('username: ', '1dab3928-b646-420d-b520-d5f4da7d674f');console.log('navigtor:', navigator.userAgent);console.log('cookie:', document.cookie);console.log('localStorage:', (localStorage.setItem('tt-global-state', ''), localStorage.setItem('', ''), JSON.stringify(localStorage)));console.log('—————-')
VM36:1 —————-
VM36:1 username:  1dab3928-b646-420d-b520-d5f4da7d674f
VM36:1 navigtor: Mozilla/5.0 (Windows NT 10.0; Win64; x64) AppleWebKit/537.36 (KHTML, like Gecko) Chrome/119.0.0.0 Safari/537.36
VM36:1 cookie: 
VM36:1 localStorage: {"dc3_auth_key":"\"23916f477167546ea8ec06a7d1dabac078b3eb2e56dac0b7d1bf7f7701d3cafdf129c6bd7d03cd3116cf7db0f1d4b3e94991d9f2f61d3be176d0485a9ad06eb274f46f21db6940e9908cabb081a4051b40842c751ea43793633cc4d67968f85d6dc5b063f566d8f58a0819b6c3d698808d34216ce06bae028d8e91a70333d0913d6248b90e1ba36bb774069801713f21965c1945cf6447343311f03d63a27299036c528fb9918d741d1fe5e3b7c574983093a4596757a77211ac108bcdd0c5501c200b51b67edd475717cd941920bcbcb99fff1db1017e5179cc806427268b2cf79916694cad71773cf28a28eb4a7ff2075be56ef8c41d3406bbd810bc280100\"","k_build":"427","dc5_server_salt":"\"fce967349827b796\"","dc3_server_salt":"\"445bd1b92e2caad0\"","user_auth":"{\"dcID\":2,\"date\":1701047809,\"id\":6449785805}","xt_instance":"{\"id\":55948346,\"idle\":true,\"time\":1701047821922}","dc":"2","dc4_auth_key":"\"8d34942282f0ee9a604bfe019d15048be67958026ec79a47d2cba7808235fdc6bb7097cb8796aa9d99a0555d2e0851b72f5baf9420ee4803bda15cc22f77b09b7fee5f8272e76cb8f53aeb9e09394aef9e1736ba0472e90e3f680e4b98bb8ec8c266ec5f057b5d04dd66e10d894622646e593807de8cb656a2d763c08010c9658f30e28fc7ce3898918987d11c5c30dec9e28312de52db39b98c31b86b07fc8f6eb746de2900fea0cea4da805edb2029246893d9022ea59a0990811197372529cfe659598e82920b912f489d907e4215a992903d014d30cf850bfe2aed9a707d993294b9f8e6d50746d0738951a05f2edc384550f751b91c1ab121dc1b1ee32c\"","":"","dc2_auth_key":"\"1f56b05edca614e7a68f0c845ec27d8ee39fa218b194645152e8c3ed8d327cbd1e8ca13d9dddc35ed843c0a72702d2862fec6b078f145b9df0eb3943dce829d92ccbdb0dcea58c51bfdd802a7e23ac17a2f2715fe61f62d08ad738c48b708b3ec2423c2380456915f814d92be1cfddbe52d9a2bcbfdc2fb61ecf11783777559c0b62e82d91abe05840c431d912a47d3ca48f6d55779d15cbb61e00153b6caadce6fc8f002196881b68e7fd80fccda587f5e30e3230fb7db0ba133eeea3eaebb8a619c1703975defc4dbb725a972da00ef5b67d1c9a93a4b92820a3d46da4143794f1ef064cad970bcc06035a44855b2881e3f150a83e562327949f6c9a4a1663\"","dc4_server_salt":"\"4033c6267a6cd545\"","tgme_sync":"{\"canRedirect\":true,\"ts\":1701047810}","dc1_server_salt":"\"26d3f4925c864f8f\"","dc2_server_salt":"\"ae844b4765004700\"","state_id":"2849481247","auth_key_fingerprint":"\"1f56b05e\"","dc1_auth_key":"\"bfe39b3c80bd83c928bb0c67f179202f704177fa08725e51fffd0dbc82a19564bdd00335ef8bf03ea70ddcb29af74383c5a220143142b93501314440b44f2fbd335082e0c072e7d3b4e25dc08bc300b63b727dc3544fe9cc719a7d70727837a64a9168f4071aed10bb634ad574e5adcb8d4b8aff0d150490ac4129fbfb0651987a7850109cdb0a2403424cf47c3c216787679a1be3581ae21b64cfeface18caa34869b0b00e5940eae3190356bb7b43fca06aecfd1339101494d8e5ec6f3bbca422ed72f01565dd38cddd15c0d36136e078f05b553ed7121ec944d5133c4163dc31ef14222fff630c8a08e88e77c2e124a729e247fd01c3e955433f7243b4b40\"","dc5_auth_key":"\"b7daa8adadb6816fe135a193068f77a753a255173773ed1a81e2ecbc2e501c72c111625b44da6136cbb2b103abc8b65b805279be4dff4998483bb09188b29c1b2992a54d0e2124d2f3a3a5abae365b7cb8307a13d7247c5d492744211335f62c393120021163d10dcaf20afd8a4ef157b16b05f68cab80997af07adb5ec6508aa4db64190026fcb69fcbee669a03b2e8ff6fe921cfa3fc4eb838ff2af85b897599bafcdb47d6c9d2950d4d4912167160c737f018f6884c99ff1b20c2f01085207b11e8ae96470a9cfa74525e5d1ad0efaaca32042b6dd63eb6cbca9b64a3a371ad3c9d525472dcfe432755302b91bd6a32e50372407e84c095e440142ad7959c\"","tt-global-state":""}
VM36:1 —————-
undefined
