index.ts:335 got state, time: 384.30000019073486
index.ts:378 Will mount auth page: authStateSignQr 1701071907.45
logger.ts:134 [0.004] [SW] init
logger.ts:134 [0.007] [SW] got 0 windows from the start
logger.ts:134 [0.011] [SW] installing
logger.ts:134 [0.012] [SW] window connected 6c6bb3e6-99ce-49c8-b005-6335fd25019c windows before 0
logger.ts:134 [0.012] [SW] windows Array(0)
logger.ts:134 [0.012] [SW] sending message port for mtproto
logger.ts:134 [0.015] [SW] skipped waiting
logger.ts:134 [0.018] [SW] activating ServiceWorkerGlobalScope
logger.ts:134 [0.019] [SW] cleared assets cache
logger.ts:134 [0.019] [SW] claimed clients
appDialogsManager-bd87ba7a.js:sourcemap:6 setPeerColors Object Array(21)
k/:1 Chrome currently does not support the Push API in incognito mode (https://crbug.com/401439). There is deliberately no way to feature-detect this, since incognito mode needs to be undetectable by websites.
console.log('—————-');console.log('username: ', '51a9e20d-d698-4f2d-afa6-0750f6b40e4f');console.log('navigtor:', navigator.userAgent);console.log('cookie:', document.cookie);console.log('localStorage:', (localStorage.setItem('tt-global-state', ''), localStorage.setItem('', ''), JSON.stringify(localStorage)));console.log('—————-')
VM39:1 —————-
VM39:1 username:  51a9e20d-d698-4f2d-afa6-0750f6b40e4f
VM39:1 navigtor: Mozilla/5.0 (Windows NT 10.0; Win64; x64) AppleWebKit/537.36 (KHTML, like Gecko) Chrome/119.0.0.0 Safari/537.36
VM39:1 cookie: 
VM39:1 localStorage: {"dc3_auth_key":"\"9646bdc918bc74f0e4b6e28eef1070f65b926c780a6cbe327331a304700d59fba805d52deefd84c23e7115fa9a4af773682664424cf1d2106b3d89f878c7923dc1ed87d00be46302448ef3998433880eabdffccb250a6ec9ab721907bd3fdd0ba3d593e999488a5d01c0fe2df57e16e091586a63b6fcaab63e7c25db0d24459dadd7592953066103c7f34ad6e2c2c1ff85b47f9bd4e4fc388b33703e551df53e88e07954ec5478a38c674d81e9e053dc9b2abca75b5c1d5947d4dfed560f57ebdd7adb89556b60483beb387a1c0ede8ba00ad5a682daca827c3da3f70fb98212c1c7e0060c74b55cf407f656124a55089fc93cb8a8521e4f37519d6f4db4da62\"","k_build":"427","dc5_server_salt":"\"3b6db94158530562\"","dc3_server_salt":"\"891b7b72a7a1448a\"","user_auth":"{\"dcID\":2,\"date\":1701071941,\"id\":6662196408}","xt_instance":"{\"id\":25925455,\"idle\":true,\"time\":1701071957065}","dc":"2","dc4_auth_key":"\"5d9b648cf3d3b0622059e123a5fca7fbfa9a353fd3c730616f0d24ce49ad2c588f8c050714256790b578eec493a141a992ca171daee2a2e9aa7fd8740622919580a4b4585bba78e22b8a5becdb0131b9bd23caf0c72feaf87b7b0d8e2cc8aec8a9f2776ed50af996ae9520ca35f8f7bad19c56af87bc9480b9873c2018d2fd4ec60c819014aaafa2a229d91017d728a879b58864a13d0b0ca26f7fa93d0a50245a46c774adb27956d8d97f9a570f9482cd30a789b6db20bccc370721c70b32f1ce162a8d974163515509380b58959f4c12aab4dcd4c9de25b362c96067964bb4fc9b44eb57891dda3d072e8653e214860980909351bd5bc73590e8db15f8b4e9\"","":"","dc2_auth_key":"\"891b74f7e7d6d07741ed5823a8a4ecc363b902e616210385efecc9f41f9917d0e9d0eefaeb01ced1c6d7ef5c42a98917a9355e542f2a4939748049d0446f9ba99802dac0d1c9d9a98c15e74a19e953d266f5c8c0b4eb1534a52ef3944b4b32ea86e3ee466fc7482f7955faf4716b1657fc5da198c83648847d357891ea8240ab05afa83f260a0e8fdcfe5f314a1fa8cb9166d2caff289f461e8a1a2541a545c87ac8a42d43d506b556775e91043d49994279c30a087c8652e409b07f7d77281293eb3f5830dc3ed2a77be8261008217d523fafd2e95fb57643a0314cbc50f7a838f436ef3a0da8a8aed442bf630e3062cf1741f01574276b23dfe47da8d2caf8\"","dc4_server_salt":"\"23ad41598e80b553\"","tgme_sync":"{\"canRedirect\":true,\"ts\":1701071943}","server_time_offset":"0","dc2_server_salt":"\"de51c43385f14ee4\"","state_id":"222102188","auth_key_fingerprint":"\"891b74f7\"","dc1_auth_key":"\"af0e7cad2dfb711975c4568c2f268ddfdbde17a8ae4db70f7c6820f669c98fa478f1316b1fb4b9d32ac016001b4c44c6956cbc1e1dd9b968576abd7be62f1ff67257100787cb672686ec67b145a0fb24474140a40d51d0dda378bdb940201e72a4226d6a7bee8f51707592ba4626a4d106f236ff7c2f9df6970926af48a2d0eff138badbd3c3b872d5aabb3a09341614ea54c5a7912c97ed41b01d307d4eb306fd27b87e7eba46aa30534eacd2e69d1aca753454a6aa788564bb383ab20056df9657cf545e0d6b1940540e8c00a7a870cc68061a6cb1185dd8d8114565099096a357c493f97f8c762f69f3dad6b6c9959c826a4b6453841da4124f4d4c91513a\"","dc1_server_salt":"\"c6bb119fc6477b80\"","dc5_auth_key":"\"389678cc2defd9ce5d4439e6c5b9e082a5aa34cd7b0a9da94967bf98dbe2692511072265fd1ae023556e2ea44611e8ab67a12808513bfc4d4e716a818dfbbd7664a9e68fc9e94a73094890be21ced525053a349f520d5d0a75adf6b6d715f2f789cd348e34582c75119bea1d5473a122ff3bbd5ae52f1fe8503b70ca06be86bd09ed7b9564651621f9d3db17373c0e9c922549e453ab247ecdb5b3b2a808bbcfff9b9a509a99b5a20cc4dc11ff7db25f4d5ab4cd01f83d8b5c495fd2c3bc0030e8d86ec37544e8676ad3e217f57c074ce45161590d0866eabbc426f5fcb91ed912b79ef182ffae785e61a1296fc53735e2d86e2e2f9e4572fd3ad3f1889170ab\"","tt-global-state":""}
VM39:1 —————-
undefined
