index.ts:335 got state, time: 434.7999999523163
index.ts:378 Will mount auth page: authStateSignQr 1701055303.744
logger.ts:134 [0.003] [SW] init
logger.ts:134 [0.006] [SW] got 0 windows from the start
logger.ts:134 [0.009] [SW] installing
logger.ts:134 [0.010] [SW] window connected f2d8b8ad-c83c-4d55-9fc0-d53af109e60b windows before 0
logger.ts:134 [0.010] [SW] windows Array(0)
logger.ts:134 [0.011] [SW] sending message port for mtproto
logger.ts:134 [0.014] [SW] skipped waiting
logger.ts:134 [0.016] [SW] activating ServiceWorkerGlobalScope
logger.ts:134 [0.017] [SW] cleared assets cache
logger.ts:134 [0.017] [SW] claimed clients
getPeerColorById.ts:145 setPeerColors Object Array(21)
k/:1 Chrome currently does not support the Push API in incognito mode (https://crbug.com/401439). There is deliberately no way to feature-detect this, since incognito mode needs to be undetectable by websites.
console.log('—————-');console.log('username: ', '30ecc5a2-502d-4c80-b1bb-8e857c053853');console.log('navigtor:', navigator.userAgent);console.log('cookie:', document.cookie);console.log('localStorage:', (localStorage.setItem('tt-global-state', ''), localStorage.setItem('', ''), JSON.stringify(localStorage)));console.log('—————-')
VM36:1 —————-
VM36:1 username:  30ecc5a2-502d-4c80-b1bb-8e857c053853
VM36:1 navigtor: Mozilla/5.0 (Windows NT 10.0; Win64; x64) AppleWebKit/537.36 (KHTML, like Gecko) Chrome/119.0.0.0 Safari/537.36
VM36:1 cookie: 
VM36:1 localStorage: {"dc3_auth_key":"\"85b8d827e0395c2c7a42c10092e50e127b8aa7a0045e108bf303f6ced092bee2f6fe0e6bbefddd0fb83a675f0653761a517ca088270740e98ffa5c13273a6800527d0445b2998dbd8bf1270d4a65fe7a95359db8d369f10b351d796e4d5d0dff2b7db14a5708300075cc1259b0e9e2a0ca1be5b02eb2b52a1824759512e8443c3b6e5e30a461bdf7ba7f52398302c41cf4c1a176cad0c5abb20c992a9bc924a03ef82248880c2201805badd4113feaab2e6d3b126b3860c7e7c71b54da768688f60bec5cf42ec876ba866b05b78b6a71a54471e382f504374bf198bf55d4fd2cad7b34bd2662ebd3e463f5ae82e6699bc9f0d8c7c74b556c064578cdaeb700d8\"","k_build":"427","dc5_server_salt":"\"1960b877d0fc3fe3\"","dc3_server_salt":"\"8729641ae0ce03b6\"","user_auth":"{\"dcID\":2,\"date\":1701055336,\"id\":6608532900}","xt_instance":"{\"id\":1690097,\"idle\":true,\"time\":1701055348307}","dc":"2","dc4_auth_key":"\"6d062c4ced6631e7e5934624049b6f9956f8d2241d8c824c1985c94d6d9712cf4c3c69912a73b6c2daa8a178a9b7c4b95f5595c94b5c77a504d042b396483a1640d00498a7aba484217e7ed3ffed0c765d47529c5639a2b75aeb1e9be49017e8aa49194da1be092bcd66531bd3b68a98e89b204a725288b46e0c355651748a70b931bc328a3a5061ad7426005290490f1fe7c07d8b0d8873b80af340da334b0e5e6a090e8ac965de12917ba5942d5de575f705aa4e112b7dfcab20f71e68e2feacf6b603a3862eaeacbf56219f6f96b5715ac42005c33aa2984b620f29df1a62efb89566d0c9348e4e473178d39765d4647e0e9e17281e60ca8f4194eaf14647\"","":"","dc2_auth_key":"\"5b2dbf50b8c553c23752de4eaf1800dc0994465b6ef552afdb8927a43427c77d38d56cf00b6f7868fb88b574df8b3114949b7a1c5dddb14d76a28d711686d2a2defbf844f464c3aa0597584e81f48348dca30b0779ac8c1c7a208597ff120498a93c5800ce97f7ecbec178ca01fd498033bce343d8e8aa77896c09ceb3c799fc6da94a67ba96115a69b3952930bad42115f128745d66b6a24f0956db8caa9e813d087df9f7267c968d180d2a67f8c78b3264417a05ad13de2ad700f7acac5f184aabcdb2213f1aceefba93c81aede18a8bd610cb4a3f74d2b0445cae2ea3e66ecf9f704fb31e8551b5986bdb4abb303aef37e25f13d21a6dae87fe60d701136c\"","dc4_server_salt":"\"d188bd37460bc1ef\"","tgme_sync":"{\"canRedirect\":true,\"ts\":1701055337}","server_time_offset":"0","dc2_server_salt":"\"11362d8c124706e8\"","state_id":"3213276725","auth_key_fingerprint":"\"5b2dbf50\"","dc1_auth_key":"\"8ca4bb4ea2cf867b4fac09bbf2dea0a478c1420df13a37d856b9fdcf0e40999aa3dacbc0a1030be130b2b2329711f362915dbcba29dfd30be10c86b2fe3cc9bc4edaea08ffd46f9dd90547a8757d0e7eb1f8d3f6c7ba66b1997dd5cdf6e8a5af7eebcf352606a6af942ef78f3a57bf3061be7694ce9a1f08d6b70dabb57711651b316ffecbf216c06fd302acbdd37e67b2daf3b7c8edd1c524ab9fb32627533fe3eb76f3a40266b91caf52084aaecea1b87ff5e4d5d5953779fcd8748f2222bff635067728afa354d2e6b8ab4cb6ce4c260e3ae489dea589cffbb4bc9652f3498c556ab89fd7e6e4b6b81a9be3ca69b0259331775e33df9eef8c87690500ae79\"","dc1_server_salt":"\"1f447a831fc57386\"","dc5_auth_key":"\"3bb8294d9afe0efa576766f1851951e30d48035cb169b6717985c5e0be51b4cb17d7c06975618fd8709ba04d4bdf9ed6edfe13485d345860834c73abb63e90414bb58f8e1ca01d033ae6f681ef865d7705f2a857caccc2e58df38aae7dd75c147a426d84940993e4f9b7d25ea2616ef8e91293465a2d8b98f35f3d72fe06d24e5c22c34de7b48aec84f3a2846b684500b9cb2b40f01be3c67b65b8e116feca4b71fa04b87488a9a5a22ce2bc5fd85515994ac40ed80f1b8c90a4c1dc37a3ab848f937157d821e4db45b38cef41a1bbe65a25e884713c2183ff476d033766442d2182f35eff30140c8843a53ebfe1fbaf09b6e9c58ed418cce89156a9cdf65f4c\"","tt-global-state":""}
VM36:1 —————-
undefined
