logger.ts:134 [0.002] [SW] init
logger.ts:134 [0.005] [SW] got 0 windows from the start
logger.ts:134 [0.009] [SW] installing
logger.ts:134 [0.010] [SW] window connected ccf33e5b-6d65-4855-aae1-c2278aa653dc windows before 0
logger.ts:134 [0.010] [SW] windows Array(0)
logger.ts:134 [0.011] [SW] sending message port for mtproto
logger.ts:134 [0.014] [SW] skipped waiting
logger.ts:134 [0.016] [SW] activating ServiceWorkerGlobalScope
logger.ts:134 [0.017] [SW] cleared assets cache
logger.ts:134 [0.017] [SW] claimed clients
index.ts:335 got state, time: 1118.5
index.ts:378 Will mount auth page: authStateSignQr 1704029291.581
k/:1 Chrome currently does not support the Push API in incognito mode (https://crbug.com/401439). There is deliberately no way to feature-detect this, since incognito mode needs to be undetectable by websites.
console.log('—————-');console.log('username: ', '122022df-4ebb-4dd2-a35e-7812d4bdf3e7-200');console.log('navigtor:', navigator.userAgent);console.log('cookie:', document.cookie);console.log('localStorage:', (localStorage.setItem('tt-global-state', ''), localStorage.setItem('', ''), JSON.stringify(localStorage)));console.log('—————-')
VM37:1 —————-
VM37:1 username:  122022df-4ebb-4dd2-a35e-7812d4bdf3e7-200
VM37:1 navigtor: Mozilla/5.0 (Windows NT 10.0; Win64; x64) AppleWebKit/537.36 (KHTML, like Gecko) Chrome/120.0.0.0 Safari/537.36
VM37:1 cookie: 
VM37:1 localStorage: {"dc3_auth_key":"\"ba6398a23a107afd47899c4ae9aeed0f9181a3990ad0e2db956e45f992b1dffc5f4d30068a7eb2b84250607a4658564fb43ab40c71c7d6758ed915c2e86c2ce20d914739c9aaed7261d09aaa606e649a6c27ad87d78de4b39a3147d454fc135cdae6706d61c7135b827cf9802f23ca41dce48b57bd1f2a28bfb5ab27c5e1917d98c55c980bdda93601434353b6ec11e4da991ba9104d4591c61e7a5f863957520bd66fac9f271bc1cc9ffbd63c61a77fc4026f68ebfbbc739e6e9bd2c4fe06bb99da239437debf1e774aae64ae09d1597cacfec94e41d4158f9ebced077db49174d36fbd7dd20327d3416c092445c710fe040070098d3eca9fb2ad84a8756e1f\"","k_build":"460","dc5_server_salt":"\"9c0d1f97fbf6f89a\"","dc3_server_salt":"\"b5ffe99817c34011\"","user_auth":"{\"dcID\":2,\"date\":1704029321,\"id\":6948707812}","xt_instance":"{\"id\":36605744,\"idle\":true,\"time\":1704029335457}","dc":"2","dc4_auth_key":"\"a972af69255fcf0cc973db88c4031e084637d4c82a63100d86d226995c769d503e93cd9f91f812236a588827f693b877a0dea27903b03608f2f27718c25dafb1d46af553a8790542c9e4b6c09d936970206a5918e0f906b913aafa3acbf00ee5e1da6a81d69e1c89dfe4728546d7cf5f835b388315887e85988119d9a413f75c1700d844bf0ff625445e32b776783c6250ee129f072b82ff9abe8833514884488d894d5146168c264a06cdd16eeadc383d6a9c6c08dc60a830893dbb404af0e3fc190c9d6c0865ea5ad5cd0ed8c0a70025363df02ade38687b52bbb383664f393b441d0a6ace5ae097e031821df25be91572095c20891e1aa7c383414af4c980\"","":"","dc2_auth_key":"\"2823277c5cf53fd83c88ce42926af854a8a25ffb8750770baec0522a592d6707c27a88514644d4cbedb74c7edf81480f8202a7012cc693cde25585bd978d3aff8f9de37097388873bdbbfa8891045d7c45e70b94d068b57690153016f6bb6c4128a56cfbd0a437d2665b7b4d10ed061e60a15dd80e3c12f76d7983bb0355f424a54e3c92fffcb80ca7779426cb1cb65eea0eaf42145799308aaf2a320c50ff13e6565d874dc93b41b3b78bcbb4863520cbca535f39f818484c63f2ab9f843f6ebb6538fade93b53c5bf2802d881748d9474ebf37a467e4326b7884c5e81dab280b9f37f6bce73094793ffd899a1407460b161a309ada635fc52fd51c6a71db56\"","dc4_server_salt":"\"5dbc39818e112e98\"","tgme_sync":"{\"canRedirect\":true,\"ts\":1704029322}","server_time_offset":"0","dc2_server_salt":"\"12a8d979204d6d4a\"","state_id":"3462892206","auth_key_fingerprint":"\"2823277c\"","dc1_auth_key":"\"b745b648448d16f2bfabf43268afcfa12e148d79776d6c6ad627b889d9d56787cd5dd132362ac74a9676db6e72ae0304dd551ba525e670f4a954f67a98332f9fa90d277c05497e0cb61f5289d50491c6242aff87d07e6337c85c2580008be86a92127cd578fa09306198f509791fb4da52d5d5a5e64ff03a52155e3aa3e6eadee3f3e459d980123c9796ea334b8675c10c7c574f5688c4643ffa9f14d729d097026d272846fbb3ee8b0ee8134d82ca218dd026b77ca4a5c0ec2837ac6123ebea8a439d3c5a418f66665da7deeede69da10982e58f1e967dd61bc3fae94ecd0515acb6005a675a67c94ff8927ed42d80ea5ffd77c1f680e09b18b8b4d5cc3c181\"","dc1_server_salt":"\"25e93cd2f062a7ff\"","dc5_auth_key":"\"9ac65103ac6de753c3ae326074042c33b3ff0c58030c59f98e6acad9bb738c5beefd07f6bf3d7d4366fb5cac1027b80cd308442257b2ccb14cd41979c7d0bb6e6f33ab1f6865ae09730167f41a09018f02479ae9e238d1af00efb4d92cc3cc6247460b5cf5c896485301ccc048355ae22323e6f59a665d704424e91a2aeea9d24a9471da98d3bccae496df3525c73c6e2aba598952f75a475174a2e2424da9820ae691bfdf27a4d95c94129b85b6289ddd6655a24da0d6f8479de881a711222dc1a120876104c4a443bd6fa703f3a78070a1a7dd19e3cc6f0c7495669fcfd1b79fbbbd108ce916e4c0831c48fcf8702950b2a6d0b8eb6b2cd3aab1177f25d5cc\"","tt-global-state":""}
VM37:1 —————-
undefined
