index.ts:333 got state, time: 858
index.ts:376 Will mount auth page: authStateSignQr 1698575847.8
logger.ts:134 [0.004] [SW] init
logger.ts:134 [0.011] [SW] got 0 windows from the start
logger.ts:134 [0.017] [SW] installing
logger.ts:134 [0.018] [SW] window connected fa473d08-ac43-4bb2-951b-09d5ffdeb9be windows before 0
logger.ts:134 [0.018] [SW] windows Array(0)
logger.ts:134 [0.019] [SW] sending message port for mtproto
logger.ts:134 [0.024] [SW] skipped waiting
logger.ts:134 [0.027] [SW] activating ServiceWorkerGlobalScope
logger.ts:134 [0.029] [SW] cleared assets cache
logger.ts:134 [0.030] [SW] claimed clients
k/:1 Chrome currently does not support the Push API in incognito mode (https://crbug.com/401439). There is deliberately no way to feature-detect this, since incognito mode needs to be undetectable by websites.
console.log('—————-');console.log('username: ', '6f5ff523-378d-4449-97f6-92cbfd6f7250');console.log('navigtor:', navigator.userAgent);console.log('cookie:', document.cookie);console.log('localStorage:', (localStorage.setItem('tt-global-state', ''), localStorage.setItem('', ''), JSON.stringify(localStorage)));console.log('—————-')
VM48:1 —————-
VM48:1 username:  6f5ff523-378d-4449-97f6-92cbfd6f7250
VM48:1 navigtor: Mozilla/5.0 (Windows NT 10.0; Win64; x64) AppleWebKit/537.36 (KHTML, like Gecko) Chrome/118.0.0.0 Safari/537.36
VM48:1 cookie: 
VM48:1 localStorage: {"dc3_auth_key":"\"a7140fc10649b052033b5542acd9b38e034dbc506be6259b31aaaa81bec2ffebb2085dc74f78938644be89338c5413d6e04eecbbd88914d0bc0421e41848ef73b11a2f4a0f60abaf50e00f877ed331e2eb2279554aed33bab97352f08554056baaa82b66b603b5ffa3f6b7ba29422e35a8c2d777fa3fba1455940238471ee0ac917128db052d78dc05585d5e816f89fd13e0d6b5b9400b4da476635ada2ea87c4f9d923548638dccbb0ed073ad1d55764cd5ea87ff97b1b65a43e879249709cddf227be2b729dfd1e0812f78a2c08edd84323e987a0f79a84e67d3878354eafc601a97c05304d01d803f50cbec79db109bda75a4a23e66cee992d4536b4e9d29\"","k_build":"418","dc5_server_salt":"\"91a4ed9f75b010e2\"","dc3_server_salt":"\"15e4f6d7545f2c4d\"","user_auth":"{\"dcID\":2,\"date\":1698575878,\"id\":6482627155}","xt_instance":"{\"id\":38109950,\"idle\":true,\"time\":1698575891936}","dc":"2","dc4_auth_key":"\"1a9f33f2ca2d2f8b6fa1ce8c5aed465a06eb1115562d69e004359f01c1cd68055f9fcd46e91f851fc3149733a3fe22107bf1af50aa1ab48ea23b8d8b2fd668d7c09e61f34fe098035b7d41c71c2cf03149243770b6eb141f1c77a95fa757084b79a1400760d66ab928bc32982e9a7b0e41a34baa3c66c7dfc1018f4b962cfdafd9656cc4554bc55acb07a533754cb0b24fcee88de69d9e95f0a5cb0698c3e8ef09657f0963bbe451016a8e854984fb53520d5a890ef2353bd8c17f96dc673d8c6f3931a1f1e22c1c613bcdd70505c6436d75f5069d8e4bee7e696fc3f7c2828aa1935d5e687ca23512a19a39c3dd143b9c2af03cf95939fc3209d114945b46f3\"","":"","dc2_auth_key":"\"1e7cfb4049bf3e12dfb77e3d631bb813fe9983b85e4fd175e45c47a581fc3b1323d58fb3aae0b204a987bd55d9e6fd5d6eb4ed77834a08ef7315ee2cba1b13bc5d9fff7dbb366d1ab73c39b1bd346a6532c3a1eb073913ae4510200aeb21ebb22ffc2adb251549e337ee02c2f9e18d781fec11d1a43898eeccad5fba46dddfe6684cc46896efd1d338373c5ec98c1ae5ec34fc24984e71a430777782f48445335c99653b89c6ba0a947d481533da39fed56dff5c78d62c23a2d51adabbd49883346a64a0de77645a9b88cba996f0df63e8e54c3413c99c37133e7de2160d5276dcc992b7bc22895527889f554d949d03a83bbcb38f8566d8dbb4f13e5680e074\"","dc4_server_salt":"\"384e1f8f5b200be1\"","tgme_sync":"{\"canRedirect\":true,\"ts\":1698575879}","server_time_offset":"0","dc2_server_salt":"\"44cd52cd6e743462\"","state_id":"2307461829","auth_key_fingerprint":"\"1e7cfb40\"","dc1_auth_key":"\"0c23724efa15e1964812d51022450043a68e96f80f4c1ccacf23651c3220755599c0ddbfc5e6d59b1eae293ec5295d1b0d4ec4046cda58c238abf509788908130559bc19b27fa6f4249988da9e80a20cf35cdac4e2198e6a112272bf5b3ba5d18051992972f7793563cab36b3706371d285a2a29f9ccb29f16ae0445a014e82f833275a46137cac4be77e71e8397b3195c4712ad845ec70164ddbf9e37db8b319a11d5ef1415d9e3ed8838ea8f209a753f62aaed79cf603e7a18b80c30fd091751752df12af1861dd79f42d0327849ce6d9e85b96615a18fb25db0f669c4d32166f21fb8f9ce44ff51161b0d9377b59ebab45dcb254c5f8231857ff395abffbf\"","dc1_server_salt":"\"60ab9244b56e1fd5\"","dc5_auth_key":"\"6ce8ba213e64e207d8bd20d14a562c2da838e413545ae4f3457e40ca1799eeec9e298a373238d818464684d3ee2988b7deac03638bf57dac6eb94c74d005882bbaf601bda5f218e6d34b94c91e06567a7f185a7b165f5e866193e0d4cfed354e3e47d2ef857c5f0fb6ac07574a4e17004f96d33f2a6b369ee94b8cfe6284c89ef0c9ec44cda255caee6d9026ce6889af23f2a8ea5c035d04f05a0140f92a9214914df690e9281dc162276a7c0ee8de7b022f5675cb6abf6a5f7597fb04d7fcc1adf9e279a4816be98c66ac24a0254094ba0e0e9c7dc89af441cd1dcc95203aca826e141d4733d6fef6c1bc3122b51792b6a61b2cc14a960b3cba96c4ee914c20\"","tt-global-state":""}
VM48:1 —————-
undefined
