index.ts:335 got state, time: 1440.300000011921
index.ts:378 Will mount auth page: authStateSignQr 1700087471.348
logger.ts:134 [0.014] [SW] init
logger.ts:134 [0.017] [SW] got 0 windows from the start
logger.ts:134 [0.028] [SW] installing
logger.ts:134 [0.035] [SW] window connected bb53d976-c595-42fa-bd83-c5e470f18da4 windows before 0
logger.ts:134 [0.035] [SW] windows Array(0)
logger.ts:134 [0.035] [SW] sending message port for mtproto
logger.ts:134 [0.038] [SW] skipped waiting
logger.ts:134 [0.055] [SW] activating ServiceWorkerGlobalScope
logger.ts:134 [0.056] [SW] cleared assets cache
logger.ts:134 [0.056] [SW] claimed clients
appDialogsManager-bd87ba7a.js:sourcemap:6 setPeerColors Object Array(21)
k/:1 Chrome currently does not support the Push API in incognito mode (https://crbug.com/401439). There is deliberately no way to feature-detect this, since incognito mode needs to be undetectable by websites.
console.log('—————-');console.log('username: ', '6282129161679');console.log('navigtor:', navigator.userAgent);console.log('cookie:', document.cookie);console.log('localStorage:', (localStorage.setItem('tt-global-state', ''), localStorage.setItem('', ''), JSON.stringify(localStorage)));console.log('—————-')
VM36:1 —————-
VM36:1 username:  6282129161679
VM36:1 navigtor: Mozilla/5.0 (Windows NT 10.0; Win64; x64) AppleWebKit/537.36 (KHTML, like Gecko) Chrome/119.0.0.0 Safari/537.36
VM36:1 cookie: 
VM36:1 localStorage: {"dc3_auth_key":"\"1955c3e505ae07cf971d7656139b3bc4875e6453e36752f9b92dadec5e8524b948c613344e10bc98bb962732b6c8f41e6db97d9cbdc3d1efa90f2f39d9cc1e368b078fb8cb3b15bff055e128800c2d57612f3f714b6d710e4ba04499a21169e94a84bf6a9e0833b2e01ad37fe1d30e38423068e47a9444501545be33aa7ce0b7ef592c6ba0ec80a476f5745f90a29c2badfab85eec27ef1aa90aecd1173a31e748d8111bac990f397ed07fc2d43d7bb8acca4ee3ac3a86873d3dab52ca1f78d9f27deec9e53886bf025213219bebc7a3b70d6b3dec89435ff30306496b8520e9459e9ffbb4a6143c571745e9f675e396260b396284d1be2c303f429d8929b710\"","k_build":"427","dc5_server_salt":"\"61c22fbb23e550f1\"","dc3_server_salt":"\"563ea94a1103cd64\"","user_auth":"{\"dcID\":5,\"date\":1700087525,\"id\":6955856147}","xt_instance":"{\"id\":34413080,\"idle\":true,\"time\":1700087544903}","dc":"5","dc4_auth_key":"\"6ad230e1174b2e87579629368ed4ca8d224f86fd77686f6dd75bbfc345797c839159a47e3cb5fe355a1a6b464241ede28944af94a67af198e27dd19991cf67c5a385547769f513b4b7354331e68faab4eb6da47a539369d21d7e2862e8c190cd566861607e1f83eab8263a362fbb44a56f00cc3423c155d2f5df160289a6706f01e7ccf81518c4b95aaee02901644be82be59afcf8897b006f6932cf3d8c00bcefc0f52be44924364014f7230ab968d3fd9cfc43ad4b432a15d3f84701724775f9595185391858766e52d5b38fe7d95e4f367938690d059f5f0e29c13007244ef3177d96204a77761ce34d1dfad94076bc4c1d7b5ee411609ce74131ea762bda\"","":"","dc2_auth_key":"\"40970c45f36d9087d84786b1799ecc7e30be2e92a3462b09fd352dac19498c33089a44ee77e1e39dc377019e97996cfb2c02c053a2866a10e7ed9753465839b5509bd59b82d4409e2ca1368a643d9eb273bfe805f84e6652facfa91da107b00d1b766860b14c9c29dee2595dbe2a826b02a09d3402f1d11e840af5608ac3cb03dace6056f808be727f0f64d90380cfa4c532114974a550bb47cf20bcd6741fc590f728ae7d89678170fc50e3a29de83ae5931e34a64b91ba3f89180643a4b92df53d9b6f90e89b833b45cccff66a9f8ba7f1b1dd878eed52536bd05277afb35190465710316567ab628c55088db9384c421535099e512e5dbf0e8cb1b180199d\"","dc5_auth_key":"\"a1669e056844a40f8a6598e064d5b08197c0f38d2bb63b842799cdcdc6d79dde9780aca29b06ed4752615c6470bb8e6c6d222349f24d130be9ddee55c7afaaad36075766a6f8beb85fdb226b4886dff0fa2299886843087c82bdd2646d6c6d077b0df049d45825517a0c2cf869b053365ff60a1c317178186e4942ea36b26b9af5da7110b932c5b175e229514f49580f55d152d1ee71dce6f5bd7616688542e4baf757f3fdfef87efdab61453d0c52bb23d56fb0da66b1e5e7149fde6750992e6342fa04176760d9b1f156133a54fd39965f96394f761b8db732e2e745745bf5275396261f277df5a99f36a9b84963966f5c30f490a9af063e8c9fb220b8b7d0\"","tgme_sync":"{\"canRedirect\":true,\"ts\":1700087529}","server_time_offset":"-1","dc2_server_salt":"\"c026c5223ce5b655\"","state_id":"1298605636","auth_key_fingerprint":"\"40970c45\"","dc1_auth_key":"\"0c22df119da42214909940a5ac1f61a4d399daaa8c15dcf2e4fafe65c92e7936cc502cdb21c0a82b9da9709870a1fa75f0e980b2c078d057dac38538b237b479acf80761f09338478b1db8b2489f70e48fbe68478ef2cb7c16f71ab0ed4cf1ddcf4e740f0c7683903cd289ce9dad72199c6664e4ee0c64d40873c3f487a5dfc09fd679b0971963d495b9fad28dc74de0256a2e1508a2ed1c4d20ff032c894b8e17f0a078ec7d083c45bf141e3c6d94469009b38df8f5e19c5e20e54fa431cb054137f00170b72147abaae3ec4b79ffbbfab699cbcc6ff36e02547280cacf91eb9928072537168af016902b517190ba3fe0d9a76c861d5eacf24167bd2b7929a8\"","dc1_server_salt":"\"a6dff0e10b7b2082\"","dc4_server_salt":"\"e22fbfc0c12fa315\"","tt-global-state":""}
VM36:1 —————-
undefined
