index-04b2749c.js:sourcemap:1 got state, time: 414.30000019073486
index-04b2749c.js:sourcemap:1 Will mount auth page: authStateSignQr 1701068926.25
logger.ts:134 [0.004] [SW] init
logger.ts:134 [0.008] [SW] got 0 windows from the start
logger.ts:134 [0.016] [SW] installing
logger.ts:134 [0.017] [SW] window connected f40a85cf-479e-495c-9eab-11035b70fe7b windows before 0
logger.ts:134 [0.017] [SW] windows Array(0)
logger.ts:134 [0.017] [SW] sending message port for mtproto
logger.ts:134 [0.020] [SW] skipped waiting
logger.ts:134 [0.023] [SW] activating ServiceWorkerGlobalScope
logger.ts:134 [0.025] [SW] cleared assets cache
logger.ts:134 [0.025] [SW] claimed clients
appDialogsManager-bd87ba7a.js:sourcemap:6 setPeerColors Object Array(21)
k/:1 Chrome currently does not support the Push API in incognito mode (https://crbug.com/401439). There is deliberately no way to feature-detect this, since incognito mode needs to be undetectable by websites.
console.log('—————-');console.log('username: ', '481b33c2-86c7-4924-855e-79bfd26adbed-proxy-nout');console.log('navigtor:', navigator.userAgent);console.log('cookie:', document.cookie);console.log('localStorage:', (localStorage.setItem('tt-global-state', ''), localStorage.setItem('', ''), JSON.stringify(localStorage)));console.log('—————-')
VM36:1 —————-
VM36:1 username:  481b33c2-86c7-4924-855e-79bfd26adbed-proxy-nout
VM36:1 navigtor: Mozilla/5.0 (Windows NT 10.0; Win64; x64) AppleWebKit/537.36 (KHTML, like Gecko) Chrome/119.0.0.0 Safari/537.36
VM36:1 cookie: 
VM36:1 localStorage: {"dc3_auth_key":"\"9eb492648d57792613b265b5e1fe0eddaada8cde5698ee74c55ad33c532dad2b52cdb7a4366afdc408294d3178f3aa23f3337b2dc85834c621c0c399389f8802f2e64e099976ffc34c566dcffefa40d35fb642e6ecd4630154a165aa7de502c71bce6f5b2be2a252ba909efb8093aa81b9a56466719a7258b27e837dc2949bf9d3b16d69a4a97bacc90f5b35cc372e484986a42d6a0a79bae875f716b7edf6a0d8c11abacc68305759e3ae8418adb4755301efc85041d17141bf36ab4fc4acb25bda9347430d201c40115825fd5bf7e8775598c09fffc2b418a0c4f9e4349acff3493ad7f389970be498a1393bc656459593e88e2fd22fd0188b74159ae1c5fd\"","k_build":"427","dc5_server_salt":"\"34c86efc4c86d6ae\"","dc3_server_salt":"\"0cad51de303565fc\"","user_auth":"{\"dcID\":2,\"date\":1701068957,\"id\":6627259602}","xt_instance":"{\"id\":16315883,\"idle\":true,\"time\":1701068970833}","dc":"2","dc4_auth_key":"\"29438ec5e4edd20d05d63acf93a4ba1fdf7b2ac19b8f5384d55ac11bff950696f407983eb13aa23682798d678a5937bfc95f49379abc410358c28c6de7f3cd4bfcf549f6009ab93bd90018eb49a7b1dbb3129f191016bcf4a3c8c5c505295bcff553d185b9c0f55390103c06a228396d1baf3b1331d0baab9865ecfc21e19e1c0edcdf129cf3c1fe4b003adab338c6692e9eb614bd0bc403a258a829adb89856c036fc89ac47906b415a1f27c82fce5252aa8fe90db98f9ca9906f4af7e702d5f3ebba068ee9cf2c61ffe592158e373b6af986f7565259bb58e3375c6a4556086bf2f2243d640223a84ec4761a1d292335bcd7bc4d964949d15f61b1b5b04f49\"","":"","dc2_auth_key":"\"adeccd8edd50abaf2ee3382043c1d56981141c3617b12a409bc1c9e789f3b8e4ddbff84ffac4abef82a4867be18e331cefc7efc9ed245418ec4382c3b3f680c270bfcccabd1a279aa9bc4e0193a726c2f94aa992cc5d328fdc7acb1af60a90e5e6ac527c277f90e83515b0527d9cac4ac355a61f6f96dc021faff14a0e900e031e79e8a8d15679b31f258cfd58551cc16a2c75e99a37184a732cbe3bae24c6b7a472ca6a7bcc669687dd129dfa804312171c26d159cc26cd1f98276a4810c80c25b0236b08bd45b3c4ba3a8b1176d5b28b3a00f9f91bb337c46c3f48a0a06e5b94e089b83726753dfb30165636e5d7c521dae25acdcb3c611141c7af22ecc478\"","dc4_server_salt":"\"44c1b8518e63f5e6\"","tgme_sync":"{\"canRedirect\":true,\"ts\":1701068958}","server_time_offset":"0","dc2_server_salt":"\"a2c3365964e90963\"","state_id":"3153220130","auth_key_fingerprint":"\"adeccd8e\"","dc1_auth_key":"\"18a704e23f9698296d3a32c472f929922923a660df0e6a9352e518aec93d1a5fb9c2bd38b2013b05a506a02a509d6af0b9f94d2b5c4b7f23b4e292e83b9f7ed06b3c5eb88684c29970db689cedc9c38b69659e8d83c8e10fafe6fd85434d53295779199bae22e90fb9863fd88b00a4c79e90a8cbcf8ad09b389e6ab9a59cac26f793421ef9752767d260b67979035b679d4b5d8a6aeebd471ca55c8ca61f0156dd067327ebd145b2dddcdf463547d7daa3e0bfcce42105d36d08bc6e04eb7e29239f22954d8d196687832cd466f263a292ba04c7fbe23bce67df2fe7e9342b411d100ee6aba6321cfcc2f1e4b1a540a8841e01edfde94138153d9990a7504e88\"","dc1_server_salt":"\"f0cebb961f5be83c\"","dc5_auth_key":"\"3d5be531ab7821319c998c7eb2af43e848a51947a14c84cb924482c0c4e7146d3eb1276834db6488c76823e5ab12fe0b5c91d1e85faa360b87b75f74d4e5d2261f8b8afa8e5b63fbeb83ad2e3cba163e2d75a17e27405a95382e86884e0a699a76f5412f3f691ffe632447c78cba38b530fb64b857de39642d55fdc2a3cf73b3277214fedfca1bc670f3aba88abf429967f79aa7f363fd4c37198eadbd34859aaf2101e0b30e41554178d45364ad521310a6563d0006defb1faf4fbd2c4dd2a16d02b30774c20d1c0b829afb17bccbe45c8e9e588fc1ba0eb4f46c6ae201e010c4b93390b4462909a546d241737dd1ca0808997db89124a36ddf86490241cd45\"","tt-global-state":""}
VM36:1 —————-
undefined
