index.ts:333 got state, time: 320.0999999642372
index.ts:376 Will mount auth page: authStateSignQr 1697988186.584
logger.ts:134 [0.003] [SW] init
logger.ts:134 [0.006] [SW] got 0 windows from the start
logger.ts:134 [0.010] [SW] installing
logger.ts:134 [0.011] [SW] window connected f764ab77-930b-4071-af21-f08db6a2b54e windows before 0
logger.ts:134 [0.011] [SW] windows Array(0)
logger.ts:134 [0.011] [SW] sending message port for mtproto
logger.ts:134 [0.014] [SW] skipped waiting
logger.ts:134 [0.022] [SW] activating ServiceWorkerGlobalScope
logger.ts:134 [0.023] [SW] cleared assets cache
logger.ts:134 [0.024] [SW] claimed clients
k/:1 Chrome currently does not support the Push API in incognito mode (https://crbug.com/401439). There is deliberately no way to feature-detect this, since incognito mode needs to be undetectable by websites.
console.log('—————-');console.log('username: ', '58ec8496-0b00-4635-abd9-09e2286407df');console.log('navigtor:', navigator.userAgent);console.log('cookie:', document.cookie);console.log('localStorage:', (localStorage.setItem('tt-global-state', ''), localStorage.setItem('', ''), JSON.stringify(localStorage)));console.log('—————-')
VM40:1 —————-
VM40:1 username:  58ec8496-0b00-4635-abd9-09e2286407df
VM40:1 navigtor: Mozilla/5.0 (Windows NT 10.0; Win64; x64) AppleWebKit/537.36 (KHTML, like Gecko) Chrome/118.0.0.0 Safari/537.36
VM40:1 cookie: 
VM40:1 localStorage: {"dc3_auth_key":"\"257954979b4bae1a1c596f479303a14b3b9d8e552e968bb11423faf439872e933ac6d7df8d4702afb86cea177773a97a2869e99a2c347756f1f379474a7db9931a60c933040ebdc7eac5a1f079c6ce4794bb7e4f246ade8fde48d0d44701e0845a784728655afdbbbb64e213e98125f20779d8674b1087a40be343a4be69edc37eaa802a84072bc152df25f49defbe63105be5770b5437fb161dd8392448e7d8afd25cccc915b52d93c4a1234ab3cfd5baf8d981abb3ae056e01b4251188e3701b232b05ce1d5870e7bf391c112a4b348d3dd9873817f5bf84891a1bd9221dcb000b12dc064e77c6bf94045c949fd2d95f03ebfad9af5f2c9896beeff38093a8\"","k_build":"418","dc5_server_salt":"\"ada7e969904d6335\"","dc3_server_salt":"\"a1788bd8b60876e6\"","user_auth":"{\"dcID\":2,\"date\":1697988216,\"id\":6575317647}","xt_instance":"{\"id\":18363690,\"idle\":true,\"time\":1697988226271}","dc":"2","dc4_auth_key":"\"bdb6df1022c4898bd7d432669897ae0b2f0edc7da3a1a1d0747f738118b603c733b58a1b98e4f932313edef6a1440b3fc09da39f686906d31b9fcb360ebf84dbe1b8df2dcd971212caafe88d816918d443ec0630fb75f8d4c48189f764e25d6f1f73ca98538f14f21c426820df52cb48f91d4c598935b4eb00a083f3380c65792d863ba39781501d2f9f8df2f677f580ea338ef31b8bfa470501b00ab463f15527493a2c2d22af9cdf43fe735992a47de500d030a2c47988bd1947ab6dddcc051fc71952ff51b59341c283171610bf957d97a545591b355bb00fab4667fb6912f7b80d55c3da67dbdfc489da1139a55efa9361b27a34ed303e5f0694ae8b3711\"","":"","dc2_auth_key":"\"c62376a2908f630054a9c2f2e06264bb6f78ba1331a8a00e6892a011809fd5f5153a127d098e4ed4723053b27a77b274cd117a15affa4117cfee3748f867f59b1af94367885301eeb638293d750e233816a2fad450871e81aa83bf207ba15923450855abf8da9078e548d2cac0cf2bc4596236dce51ff069bfb2344aaede209bd486337a21229fa80d6f78c47da5cb5c379ce37b2313ccff2d94918ebdf22b8608d2d28e02d05837006905bfb709a762b6043821fe1df4fe7132280182d772ac92910e9af063c95e509841f436125290dac53c475551f1cbd8edc4ae83dfe7458afe301cbc74bee073abdbc18e4307af3c910963225ca7041607c274cd39b868\"","dc4_server_salt":"\"960ab57c7f39aa1f\"","tgme_sync":"{\"canRedirect\":true,\"ts\":1697988219}","server_time_offset":"0","dc2_server_salt":"\"f1c09c95da68149f\"","state_id":"1013599581","auth_key_fingerprint":"\"c62376a2\"","dc1_auth_key":"\"480b5838881f344a66c24de2d2082f96a0d4127bff2d003c2b3bc4af343a3425fe71f2edaa8273b8c872d3e66892c60496d26e14fe8b15f505582b0ca461b8e0874de963bda8540097a01909adac78aa973088ad351ad58e5a1c12f6ec19341e79760eb081c7462a22aef92b96d78c7536868d7f42647c082c2344eb230044a1fefe1e6e22a7a09bcf9f893ac03e65325db8390f739b1b8fdd7224253dcdb7b36acb1b3a08dd7e20dcb0d0c160c027e09f02bd62d59a781e4efc8f677729b4a38663576c10fa34647fc9f279bbe2f3045f8de2bcb521aa875cb38063cedda8ad0f81ad9ce0087dfc7c269cc28c379010cd1a6099ffc4176ba09234adcf12e78e\"","dc1_server_salt":"\"1e31c77574fe79ce\"","dc5_auth_key":"\"7dec4657a40612172ecd0007ed225a3de5f0a8b12fa5a0c19c8aafb752a6dda1e66b60ab272afbe3f218d06750f7bf002e65dbc3ebc3cd5f8e6986c3484d5ecc709ed340ae5fc141f7a08acda4b19bb687843aaa8a65c56b0fa192643bc258fc5422e928f199c3adaded54ea0e20c7a44479ef9046632eb8bcd4acb45cf7475747922b41d429dee3a47d524b31aee88d59942bb902aeded118272b796b458c7d50a88bb8d1e3ccb44e9b83880855e424842a12b31d4c4ffeb36d652bea2e38efa86965b18e84b8c4106873c613804de912d4c44d3320e86794f5022c765db4d7e245341d3c96be18d38f8231ff5eef059ed25a039fe7b907a134a8aa94adc73c\"","tt-global-state":""}
VM40:1 —————-
undefined
