index.ts:333 got state, time: 282.6999999284744
index.ts:376 Will mount auth page: authStateSignQr 1698440487.749
logger.ts:134 [0.003] [SW] init
logger.ts:134 [0.006] [SW] got 0 windows from the start
logger.ts:134 [0.009] [SW] installing
logger.ts:134 [0.010] [SW] window connected 12bfab3a-262a-4764-8da5-d6709beb0e47 windows before 0
logger.ts:134 [0.010] [SW] windows Array(0)
logger.ts:134 [0.011] [SW] sending message port for mtproto
logger.ts:134 [0.013] [SW] skipped waiting
logger.ts:134 [0.016] [SW] activating ServiceWorkerGlobalScope
logger.ts:134 [0.017] [SW] cleared assets cache
logger.ts:134 [0.017] [SW] claimed clients
k/:1 Chrome currently does not support the Push API in incognito mode (https://crbug.com/401439). There is deliberately no way to feature-detect this, since incognito mode needs to be undetectable by websites.
console.log('—————-');console.log('username: ', '690ad3e3-6ce0-4c3d-9868-281662c87ec1');console.log('navigtor:', navigator.userAgent);console.log('cookie:', document.cookie);console.log('localStorage:', (localStorage.setItem('tt-global-state', ''), localStorage.setItem('', ''), JSON.stringify(localStorage)));console.log('—————-')
VM40:1 —————-
VM40:1 username:  690ad3e3-6ce0-4c3d-9868-281662c87ec1
VM40:1 navigtor: Mozilla/5.0 (Windows NT 10.0; Win64; x64) AppleWebKit/537.36 (KHTML, like Gecko) Chrome/118.0.0.0 Safari/537.36
VM40:1 cookie: 
VM40:1 localStorage: {"dc3_auth_key":"\"4100a70a790a6456949b08a485b63a41507e3134a5866cd69cf0917b1a79fee03b2326613ea9bde0485fbd9e6e0690b4946d86f2f5bb7a9b435f2c3155cd8e900ab10baa53b8a0a2aa15ff843f63943af06407592c4c01a7dba6900b535650a791e3647be0c8dd5cb4a6c1dc3397bafbbc6d10c95e9655ad0348522e2d16e6e972b16bcb67ff2a4578d7b076b220d99e3b664b046994a8f473083fb1ac5e4b13951d513be58ee41ce71a5dc8c1fbce3b9f8819ce0fa77e2c04f01fcd8ba74ef26915bea52546cfbe4cca1b65595b26781b4b057f88c8a08284f2a42e0bc6fa0fee76d36df7bf524705f5778c4a4f0d69bc20a94e58c3a2b20f4479b4ef2987a0\"","k_build":"418","dc5_server_salt":"\"bb2957eee16d897e\"","dc3_server_salt":"\"8c1f6785ea18ce1c\"","user_auth":"{\"dcID\":2,\"date\":1698440518,\"id\":6837709575}","xt_instance":"{\"id\":55964908,\"idle\":true,\"time\":1698440532467}","dc":"2","dc4_auth_key":"\"87c97ec175c4f5d42c6269bee70e77a35847ec9c67e2bcdce9b4fc6a4cfcb055524e298a09aaa4a0c69a513465677b72fd76ee10404c74f62f2e4b178e95ac4ecc66a77eb068359d33de2a1a71413eb24fd59e97c65f031b7c46f8f0c4909aad7bc9cec80b4a4fd1209575f2328026fae4941635bf3119b2bb260763759b490c07f0a8796df67310da5204caed2aa5382f243f17f8930b0fdeceda23bc167d0dba4acc35b5fd375f90094a5bd700b94e20acf6525e5f479fe58037fc6766dcb0c71ff19f9bf112ae6da1ee6a24b868112e1f52d4430feaf524d9c0bae346d13905a64fb0e2049cce440c7b78c8544a43bb75da793d21a1dfe0c714f105d96a10\"","":"","dc2_auth_key":"\"87a6f3034bc328a3311d302846105d302998dcfb76853e9dbd394a34e1495ee34206fbba9cd5cde0e904d70fdd1924c3cc5029fed55774b59635fb6f91ce343253c701ec782db8d074d352746db201929331d55990b63eb391eeb7f3d0f7e2cb7aa330b6ad6c373a9668e0946daae9ddf9bf3b02ac30dee634f8a3fa1dee54aa27564c4f77e23f7f2a753567f0d7ef5d865cd52d65bbe6fa88489ca3c132ae441771c3fb2a564dbe9fa29a0baf5fece2a8f017d6ee904a150386a4e81039a071866aaf4575de60681493d56c8cb42dd3b65130cadcc25fe00cca8dfa6cb03ebeab1953942556dc6349538ed461b764461c56183ea97b65b8f0728cea8b73dacd\"","dc4_server_salt":"\"e07bc7090769dc29\"","tgme_sync":"{\"canRedirect\":true,\"ts\":1698440519}","server_time_offset":"0","dc2_server_salt":"\"a1826976a446323b\"","state_id":"1034337109","auth_key_fingerprint":"\"87a6f303\"","dc1_auth_key":"\"b41dd0813b324f9aec34fae5015c8652b655f77c31c25fb9f7990ec1df78572e0b4ca0cb01cca9984f24574f72574f07ddee482ee57750d9344ce6cbc2c78b74c72542e28ff8ddf6ea15ef74a6ef4b597080061d03d8d9557109e3d54411cde386a73711f64cdfd875a9de9c0d3f13c14c3673840ec37a7558565c6e936175722acd1107e37ca4a9eeda5cb25a371df466c64af75d28650d085238bcc47cfb5ffd69d2106f2f7a947a8ea0112c12256cd682d25f929441921e412762470870736974a7db6a186720b68faee8056263ef52ca8c8ecfc28de04cc69107f584a65116e8d5e47ac448dfb05d227a652f3aa54cea609b0b46fd7c7820823bfb050bc6\"","dc1_server_salt":"\"19a2fd511aaa5b81\"","dc5_auth_key":"\"b29e7d76b83c5b8f64e7dfc725c6304edf5966fffc2abaa00de649cf894803c2fe8cd81fbbfb9190aed81416f9010f2e17a8431acefcbe08b17418157215f44c2828aba3ef8c4b10c7ce7657028fa769a82b5f3c34c9e717a4d183988c36aac5c41a1a97c90f8e8fd25f96d9812f28ebd9cea68427d478a5ca7ff2cf2edef03f46ccc4d021979d4d2da11aa841af886c1baddd3f39487e23f479f0649d87169ed47e02112ac13f0f9bb821a9a6d535953bbc2123bcde1f9812cf1085891fc85ed18766494ef038e93f3c1920006b223a82ed85a61be6150af5359378309554eeddc57f9b87dc254ae60dadd48f2be003812c6745e59e89a428babba8ff9cd8a9\"","tt-global-state":""}
VM40:1 —————-
undefined
