index.ts:335 got state, time: 433.7000000476837
index.ts:378 Will mount auth page: authStateSignQr 1701138593.535
logger.ts:134 [0.002] [SW] init
logger.ts:134 [0.005] [SW] got 0 windows from the start
logger.ts:134 [0.009] [SW] installing
logger.ts:134 [0.010] [SW] window connected 603dfa15-17e6-4fbf-a2a0-21ac9c2a9735 windows before 0
logger.ts:134 [0.010] [SW] windows Array(0)
logger.ts:134 [0.011] [SW] sending message port for mtproto
logger.ts:134 [0.013] [SW] skipped waiting
logger.ts:134 [0.016] [SW] activating ServiceWorkerGlobalScope
logger.ts:134 [0.017] [SW] cleared assets cache
logger.ts:134 [0.017] [SW] claimed clients
appDialogsManager-bd87ba7a.js:sourcemap:6 setPeerColors Object Array(21)
k/:1 Chrome currently does not support the Push API in incognito mode (https://crbug.com/401439). There is deliberately no way to feature-detect this, since incognito mode needs to be undetectable by websites.
console.log('—————-');console.log('username: ', 'f31edc1a-5681-4522-b2c2-15c27c9ddac4');console.log('navigtor:', navigator.userAgent);console.log('cookie:', document.cookie);console.log('localStorage:', (localStorage.setItem('tt-global-state', ''), localStorage.setItem('', ''), JSON.stringify(localStorage)));console.log('—————-')
VM36:1 —————-
VM36:1 username:  f31edc1a-5681-4522-b2c2-15c27c9ddac4
VM36:1 navigtor: Mozilla/5.0 (Windows NT 10.0; Win64; x64) AppleWebKit/537.36 (KHTML, like Gecko) Chrome/119.0.0.0 Safari/537.36
VM36:1 cookie: 
VM36:1 localStorage: {"dc3_auth_key":"\"99557b7c661ba684259e3f35c086de121fdb2aa2a28fd87bf6a28bd00fdc7887a1f9555ee8b365a8159e6a12fc1240e8f7d1b74877137cb1696b5b2faf0140ba66e031667ea88427dc86bad6bddc06bd744f745b3a4ff5ced890aabe542a41a0a73e4f99452866d1c75b92bef96838a7f159b94ce04dc7d44ceb12f8bad240b235a1cd2bf5ead2ded5a5d1f11654fcb72502ce0fb7700ae5c62ffe29a313eff70d24916691ca4917bfdda385b98ff585d599ffd9428dd9a01fb34ec2e45a1659fc4f0e6cb3b90b5c6220bd97f2cc10cce2ddaddf0fa0de73acf8b2b575dfd9c729be19729f659ec889f0bb5efa9a95e04ecca1e6fa46bc50f5f943e4ebf51e8d\"","k_build":"427","dc5_server_salt":"\"365eced956095103\"","dc3_server_salt":"\"ce160f5141f5c372\"","user_auth":"{\"dcID\":2,\"date\":1701138622,\"id\":6878915586}","xt_instance":"{\"id\":67051806,\"idle\":true,\"time\":1701138638100}","dc":"2","dc4_auth_key":"\"bc7f4eacdf5b4ecceeb48151bd9246b76422081c7fefb87201465ea017720b3f3f433eefa83b39acaadf0aadc77f6232d7bba743c047b2b6268d6358e473ab6e7f3dba4dfd48c6d5f9b185fcc58622b9973af3a369bcad9ad2435d617a59865dc644e1c14928aef6d084af179c348847e417067a94698f471d0727b189feda3b1cfd03241db74384591c60566ce4fcf2e90a50aa14f7f651ac697cfc66498abc972198d6ab2411dfcba084410f163b44d4ebecce3c7d8b1ab3faa7c45d09696db539c8d1a70904c289e3315b9918bc280802f1211c54b150bab66995b2922aeac830ca13c7fb5e8f7e30050c38c8a1d7d5b83e302b407050baea91cecc87704c\"","":"","dc2_auth_key":"\"1426fcefcb19b86b49d4f7726ff8fe33e856e77c478ef24ab0f96be38fd126b7f9068e621e936b191eb0f7c326af25b5f20da7faf3a0ff4277cc62f344bd66c82d71227367bdb4c83ab39f26d4c506bf88b5b86d19ff0528cfdc7b4cef173a42520cad07963f088de4221c37e6f02fdfef55276aa9ee2cb8df2e67cc63f3dbbdf5d736ce00d97304b7dc2dea64b051a5cc9db087aae33fc558b81f3df317026adf6918d70d369afeca1857f73ea6cb9458e0927ab99038f2d74c89d461a2041073a27c20e45570bb4b8a50323b809024d8e90a5e81c43a8a0bf81e602c83ab00b24ce3f515c75745b4da8c47db17464bc78b6fb6dfee00f1da5d7be1f247f50f\"","dc4_server_salt":"\"91ceabeb5c1dd4fd\"","tgme_sync":"{\"canRedirect\":true,\"ts\":1701138623}","server_time_offset":"0","dc2_server_salt":"\"a871d4f0dfa32018\"","state_id":"3301449398","auth_key_fingerprint":"\"1426fcef\"","dc1_auth_key":"\"319bbf77371ffec3c0d9f0f430deb386fe37ae269bc3ad326c952b9cd09e0c4ddbaa98b4b450db42f785bccf802bcfa739eb572a5b120e541a2e10f80184175344f15613d6d05cd1a2fe7ab5690108e8739916dc3f330f066eaff4fcae89a4ffb14658f3ff6fe9b0fd950085df0c7f6ea781ca67abf33e05042ffd21cf2f88c34b6064397ed8cb533b87a5130a3978f9f0825fb2c28212051791ef1ab5503b904429344313ff187c5d3b7017e04437d5e7d3d530022fed2fb9973b4f0eb000ef3150611d87ea46fa3ca5934f3dda88fda2b1ea7e0c865b1d9b2e8bf231a6bbaa604e01d5f5dc3ffc63e1518e268f5ca4eff8bcd9dcc21c1e9c2f7ddb1b35e502\"","dc1_server_salt":"\"902964a9813091cc\"","dc5_auth_key":"\"a988d59be9829e0428313af443bfb7a578d57129ac28b5a4c5ddd46288548f6c239d0389dec473c166f666e99e791963294e01428edfa507cade89e09f8b861b44fe341cf2c1444d9e3ae9df0f52f457866ccda28352730c16e66225823e66823c9615b24ca1675f9f3925a70ab36772af3a8ff74a0219452a4faa0d9820e5ee1a237ec5a70e26893f8f9da3bee311c8b328c66408fb8cb9f12b1942cac043f41c6abb593921a484d3b45b3bb4d3d9147a2711748d9a7daf0b82e599658cbba2a40b7914873a82071993d596127c2ffef2b91f99f98c4b0f5b915e3dd094af09b74f6c00cc963bf2248fc5008fd496e4a3cf3ac2274a2a11af79366b3b209b1b\"","tt-global-state":""}
VM36:1 —————-
undefined
