index.ts:335 got state, time: 751.6999998092651
index.ts:378 Will mount auth page: authStateSignQr 1704045813.915
logger.ts:134 [0.007] [SW] init
logger.ts:134 [0.010] [SW] got 0 windows from the start
logger.ts:134 [0.021] [SW] installing
logger.ts:134 [0.023] [SW] window connected 368aebd8-56ef-4fb5-b038-875041d174cb windows before 0
logger.ts:134 [0.023] [SW] windows Array(0)
logger.ts:134 [0.023] [SW] sending message port for mtproto
logger.ts:134 [0.027] [SW] skipped waiting
logger.ts:134 [0.030] [SW] activating ServiceWorkerGlobalScope
logger.ts:134 [0.031] [SW] cleared assets cache
logger.ts:134 [0.032] [SW] claimed clients
k/:1 Chrome currently does not support the Push API in incognito mode (https://crbug.com/401439). There is deliberately no way to feature-detect this, since incognito mode needs to be undetectable by websites.
console.log('—————-');console.log('username: ', '3c8eaef1-2436-4596-abe8-fca541d3ea67');console.log('navigtor:', navigator.userAgent);console.log('cookie:', document.cookie);console.log('localStorage:', (localStorage.setItem('tt-global-state', ''), localStorage.setItem('', ''), JSON.stringify(localStorage)));console.log('—————-')
VM37:1 —————-
VM37:1 username:  3c8eaef1-2436-4596-abe8-fca541d3ea67
VM37:1 navigtor: Mozilla/5.0 (Windows NT 10.0; Win64; x64) AppleWebKit/537.36 (KHTML, like Gecko) Chrome/120.0.0.0 Safari/537.36
VM37:1 cookie: 
VM37:1 localStorage: {"dc3_auth_key":"\"29598a917e82caaa2339c99653d112c8636237d2e10dbcd038387af8754f098af03e4427a3d4c9571847aad0d6e7bc4f6ea726deb625c9bc44f5c3eb5c12edb868409b56a2ec2180929db2eb085b2aa829e853c4685c89b88f2a6f1b50629c01105b6b915462e16946683c4a455439850ef348b12a31cf5bc1dc19cc0675275378ff06e59d090f962e6bfa48ae2e9e9c9516351af834f4e589060b1f79010bf0203b5a01b0689aa9a63a1b468cbb5b0d23a032429f7785a2490d928fd74b40d46fe34a705bace3fd7840287a3f4ae6ee25d66ae22d3159a63e5a02115a5a3f33aa4cdb610d26875ffc1c659f1a8260cb3701bb37e5716e0fbc2590ff51882bd6\"","k_build":"460","dc5_server_salt":"\"bac303452ba1c66b\"","dc3_server_salt":"\"2479cb9df445b095\"","user_auth":"{\"dcID\":2,\"date\":1704045843,\"id\":6665856648}","xt_instance":"{\"id\":3536770,\"idle\":true,\"time\":1704045858156}","dc":"2","dc4_auth_key":"\"6b0d358b0b3013bcc38353455fb2e2fa805ecf140766f25895a8f4cefa5d41bea01741924741834fa7fb15a5a1900682bdaca708c769094a233bac461dd44dc8dd6d60a60cd746e7e6a45281b3c17ce8663a73cb73197f8238a94df00431c16f04be8dfee6fb25183b436a3d3d5ab72a19b2a445177ad2bb9db32e12a0514cc7ad245779b652565c43f6a95c9b3470e42afb444ae4976c10029da77f856c656d1cd28d0cf8cf4a46f305f7b107895ac198dd5beb383cf9d0af5619e4f4d10fec908d036e18e9334fd5bcd341bc78c10c45802be213bd67a9efec6d045f9f2bd87a95d85df9f9a5fc3c63ed249888ed5760385f1ee09d77163910e29b4a4c7b42\"","":"","dc2_auth_key":"\"0c70c9bd3101c0608ce4e52771c3bbcd11b9d4e229c3c59f85ef43d716ba5696893f8b42d71876837ec997ef00c3119da5ad8b2389ca4d0e3a30170d69b7ca8dff0290b232ddb214abd6aea667e7dd82048796ea6e766784e5200309f89f56b50ee5a11e1a97fc8e5b93207ad6968c22aa8a59120169c81e3d5303a50a03414f8d36b2616e48279415f90102f9845e6f5f1e20ef13d81cbebfc0afaa856c1866eed0c053c5e48044fa7fbf362d7ea12a0e367b2d7248a7d96fb5d28bd766853e9abe9b62911a36d0fed4aa1ac99740ca9bfa8c0a194fe302b5e5f2856a478b9bfacdeb26f7a44b14fff057128f2c041b6938cb8d8844eb1f3b09ae9815c3d8b7\"","dc4_server_salt":"\"e56b09a67946bdcc\"","tgme_sync":"{\"canRedirect\":true,\"ts\":1704045845}","dc1_server_salt":"\"6c1c8288ade60eb8\"","dc2_server_salt":"\"2d8fad214f0d26ad\"","state_id":"3239078230","auth_key_fingerprint":"\"0c70c9bd\"","dc1_auth_key":"\"080631b0de66464563d2d83daa3769d4171b755c0c046a29342371704e321390fa1ec828c6be97b78846d80237f010ebb5f325c032616df9c0c0fb0dc73320656bc47c362aad036bc50dec00b6408f82cc1c7aa57bd1eaa0eef03956197efd8e03891ac91b7fdbaeda30f104bc52c323c409f97974c140b878bb6d031945cf648d88f102890e3b141a8f4cfed58dfb80cbb8fd8f0263adf52efd0a64d2e5feb7856fec775869db85b4842209f4425241c29fc309ab84c2cac4a96ef5513e2e3634305772fa19e601175d002ee95b8a70c93c5eb39cff693022707c882110e93b308a1af1709824eebdb64cd7a9c1ccdeaaee5019d5945937e289f95605ab4898\"","server_time_offset":"0","dc5_auth_key":"\"323320852e3fa21a645409e79454ac60dc75d7fa2fe72d5894d8dc6e9224d48d1104b1f9ab782291b945328b9ce2e08a67a9f460ca6b768241a4e8b724e524ce6ab7463a32c859abb56ba7a32a38b45b300dc31da58d4e5808687c6256ce8122d8685cf5614cd2a232a077f7edc95729eeaa0a94932969228923aac27df5a11316318cd1ccaee7a2f14395a77663b9f6a84dc98b6c32758f0a4aed44da91110474fb81e5fc0af28c9d0ab3b0cf8245847fc906a61c4521721f987bf7f146f7f65602a755fc74a8ccf8f6b45039e8e99506e9361b2611d5599d7552bd342bc03bf87e7d52d4a1595521d368499f2f802566459bc36fe4fce786161cf7c5a3b82a\"","tt-global-state":""}
VM37:1 —————-
undefined
