logger.ts:134 [0.003] [SW] init
logger.ts:134 [0.006] [SW] got 0 windows from the start
logger.ts:134 [0.010] [SW] installing
logger.ts:134 [0.010] [SW] window connected 146450bd-7953-41e9-a34c-9526f30881d2 windows before 0
logger.ts:134 [0.011] [SW] windows Array(0)
logger.ts:134 [0.011] [SW] sending message port for mtproto
logger.ts:134 [0.014] [SW] skipped waiting
logger.ts:134 [0.016] [SW] activating ServiceWorkerGlobalScope
logger.ts:134 [0.017] [SW] cleared assets cache
logger.ts:134 [0.017] [SW] claimed clients
index.ts:333 got state, time: 4199.899999976158
index.ts:376 Will mount auth page: authStateSignQr 1698565915.808
k/:1 Chrome currently does not support the Push API in incognito mode (https://crbug.com/401439). There is deliberately no way to feature-detect this, since incognito mode needs to be undetectable by websites.
console.log('—————-');console.log('username: ', '21bd6226-e5b3-4e16-869f-b2cdd4ff7324');console.log('navigtor:', navigator.userAgent);console.log('cookie:', document.cookie);console.log('localStorage:', (localStorage.setItem('tt-global-state', ''), localStorage.setItem('', ''), JSON.stringify(localStorage)));console.log('—————-')
VM62:1 —————-
VM62:1 username:  21bd6226-e5b3-4e16-869f-b2cdd4ff7324
VM62:1 navigtor: Mozilla/5.0 (Windows NT 10.0; Win64; x64) AppleWebKit/537.36 (KHTML, like Gecko) Chrome/118.0.0.0 Safari/537.36
VM62:1 cookie: 
VM62:1 localStorage: {"dc3_auth_key":"\"1098b43e9ffdfd8d66381fb96e44810d1eda5f830572b31946bd0bb60e34d0ec23ecd9c4e386aa1f55bba625cf08245e241be7dd7971260cd0fb84721f9de49b00717027b998fefb6ce8e829e28d3c4a91c2d722d8c2b5201bca47643e5718d6152dfd3b9bdf565c0b0e30e4ce68fe6c766476c8258dba8fd23d6383225f16f80a1fc0f9446bfda6c8d05c7026f7f429596ebbb4073a2a5abf7ca7269f222141e4032595426e14253fa8bd4c27c94f657ad3af78b94efd7822e995159e69859b6c0b91a87ffeac3241d556e52e53c33875c77a67b6feac40faa4a5381a15b6488f2f1bb51c211a2ee8ba96ac2216eacaacd6c64aeaf773d07d045c675ecebf91\"","k_build":"418","dc5_server_salt":"\"0400fde2c2db7e7e\"","dc3_server_salt":"\"c0f98078524933cb\"","user_auth":"{\"dcID\":2,\"date\":1698565950,\"id\":6424786349}","xt_instance":"{\"id\":43397512,\"idle\":true,\"time\":1698565966607}","dc":"2","dc4_auth_key":"\"5080f5dec0bf010c050ae0c3077a76010ec72c8cbfaf1ed13f63aec9d06f45799dc64abe96f54204e1efdeff7a73d5d75a6a8cd808f18165f82a5eaea0c3ee98507a92de17e84774ce2b5db69e928eb22177a42d159831c25a99979da42b8f94047f33d9162b9e20bfadca16a7a2f15d0f807f0d8b5db70b97c00f4dccec21160667f1a054012217cb0f55e6d07dbe082ec9475658d5475a54827f5078c7b1b45f11cf6da69e9886292b3e1e95a5c86deff218eacac6069fd4551ed07b0fe7fa43fe3d94d398dbb5845b109ba4e5326ead89575bf65d48fe4d5190a91e1f8aeb5553dbd0695b6c5928419d51ee9b1a3f00fcfd3981a0b7f28f8e03a6f855f847\"","":"","dc2_auth_key":"\"c48544daa5c7145931d862f92cf2c877bb052de2f54057625973e142fe37cd06c5be27f0551827a6baf32640b3320da30f5e3548c5c66e9537dc6f5d3643c7200abfae98e32fccd3a7b7ceebd2c6303083b6f30857531746f496f104fe6d1372d510a409cfff5f1d19feab73cc4094f8dcd705b048a7be5a136f6f32be84f10a4364f8b9c1d5aecc8072ebb7221b70c822bfc35e7ba9c187c55c34c9c688ecd4a832e3c63bd265707faa16da86f3fa928874e824bef53304326ae5b3c6f00b9d6164f2c1da4cf81bb7d57834ad879ed8f9192dba7b38a2958a256131e6f428c5580c5cd3d60b037166e671c7982096c6b135c468b71e2afc54936e8bde151d7b\"","dc4_server_salt":"\"909eb1efdf9eb3dc\"","tgme_sync":"{\"canRedirect\":true,\"ts\":1698565952}","server_time_offset":"0","dc2_server_salt":"\"9dc8fabc748f4b8b\"","state_id":"1797138655","auth_key_fingerprint":"\"c48544da\"","dc1_auth_key":"\"6be689e6b96a5cb545ff6a5a17b95f859ee1cb62e7a061de10e1be25e66672b78163ce0711618a350c99ca18d6453a4b6575f5ce630f5ad9db03c519874bb9960480c148f8cd9df941a8ec99ad2e3207d754b5544c772fdee47428600e0c0edac762eeafd3f0654ba92b89bd49edf63bf71883ba3226abcca368c1f4de81d364fbd3aff3a1fd09ec37c08dc45daab8862b368b2b15a322aef684acbb2f107fddac240b5052c6ca19f478391f70f961e780b82cbfa1903a37f54266b18f5c2a6eeeee5ba2c6ea7cec23c83cdd0944b43bf8ef7503f881e0f0e0b8f52a16b5276e82a34074659342cf2ab9410c428bf29034243a2d749973a5679763132c07853c\"","dc1_server_salt":"\"51bf9e38edf876c6\"","dc5_auth_key":"\"bdbab1627031cfce6f4c0eb1b894343bfdc92f65b970c9cb93236a13a61fb6d2fe323effd282caece2c32b56d3b6d16618b7955131b16894a80644c099c6f9aa49b14a62ecefe7d0658b2213d9403bb4421391650e97feb631ed165883efe7af1757aa0c81a29663a075071aa3e5612aa3e542f10552b6e3cf001ea8f501dff551dafcbc6cbf2435bae312c52832bc1b18f71972dbbc24dc38e8942da0d5e6326c4587f74362db33774035becaa9642e9d435ecc947ebd63c1ab19de0f49d359da8393551640ffd89acd2a4076a7b06e1a8fed11f04e7477de288a10c6df284e372566b95d5b1ff695973b2c9c7ba7f48200893b496e42c59ab8068ca933da17\"","tt-global-state":""}
VM62:1 —————-
undefined
