index.ts:335 got state, time: 875.4000005722046
index.ts:378 Will mount auth page: authStateSignQr 1704065393.855
logger.ts:134 [0.003] [SW] init
logger.ts:134 [0.005] [SW] got 0 windows from the start
logger.ts:134 [0.009] [SW] installing
logger.ts:134 [0.010] [SW] window connected 4b2719c1-78fe-4ed4-a1e1-41f47bfa79db windows before 0
logger.ts:134 [0.010] [SW] windows Array(0)
logger.ts:134 [0.011] [SW] sending message port for mtproto
logger.ts:134 [0.014] [SW] skipped waiting
logger.ts:134 [0.016] [SW] activating ServiceWorkerGlobalScope
logger.ts:134 [0.017] [SW] cleared assets cache
logger.ts:134 [0.018] [SW] claimed clients
k/:1 Chrome currently does not support the Push API in incognito mode (https://crbug.com/401439). There is deliberately no way to feature-detect this, since incognito mode needs to be undetectable by websites.
console.log('—————-');console.log('username: ', '7176e385-98f9-4c9e-aa65-b188ac92e6c8');console.log('navigtor:', navigator.userAgent);console.log('cookie:', document.cookie);console.log('localStorage:', (localStorage.setItem('tt-global-state', ''), localStorage.setItem('', ''), JSON.stringify(localStorage)));console.log('—————-')
VM37:1 —————-
VM37:1 username:  7176e385-98f9-4c9e-aa65-b188ac92e6c8
VM37:1 navigtor: Mozilla/5.0 (Windows NT 10.0; Win64; x64) AppleWebKit/537.36 (KHTML, like Gecko) Chrome/120.0.0.0 Safari/537.36
VM37:1 cookie: 
VM37:1 localStorage: {"dc3_auth_key":"\"c53503b4fddeceace72d6714e7d5ce29d8e7836fd8ae134c9cc25e03591f6a91f454e10d4e9af37dcf2c4f5ab4af692279ed692adae6859a3ca2d9f15c3728d1e17496ee92a134a615e3bc8bee2b717ab048fca12ad0151a82dec2af95193e906df5c763703f6e43e4e20b622be02ac96ad488978671a5fb633e96997a348ab7a7ef7bee85c6f99ecad9299dc9e316de0fadc5040f3fbdb09a7bd1468899eb1e8e656d1b33a23d35e662923d359ffa26dfb964ab38a7f6cec373d130214e38c35d94da353c2031a879bd027aab4af0f112a8c5b78ce4b28fbe2d0e911b97a4469c20f2214560d6be3f0011b73b6542fbf12d61d2551105b6dbe5837f80edecac\"","k_build":"460","dc5_server_salt":"\"4c5d592086e790c2\"","dc3_server_salt":"\"d6c60fd4b04ed078\"","user_auth":"{\"dcID\":2,\"date\":1704065427,\"id\":6814597989}","xt_instance":"{\"id\":19555403,\"idle\":true,\"time\":1704065442976}","dc":"2","dc4_auth_key":"\"056a7425eb0b8a9ffda97bac82b8a3d86191498e805435191d78c5e24b94c27eb4f3bf758de358a74379fab64cc0dabb705bf33ea9164808644c87d4e79d2340c28c77dedb1afd5d071ab5f8cd695b07a22bdcfd5b1d93cf655c63bc3053bac7f12d40aaac29d58526ec9b8950393df6a0dc6e83babc8fa8edbd9c303d78dbe3319d8446e5ac419d97232ef05f67c52a6762796b20add895026519e8e40f9e068f16f3b24a8414c48098750686ee64a6ffdd28b238c396ac82b42a128f7eebf6492c25983044ad6e39eba07ab4be57cfda7a4dfe4b32845188d5d11c9d794c4013c3a3e54075ae9d38629d0e8990715b92983f3563cffa08c74c7570b8b1b3bb\"","":"","dc2_auth_key":"\"8b68aac3dd73498c56779fd59db5c31e3166abd458f44637b0343387d7ed3c354e0cf32493e45102e720f3e6857309b85353e59dabcf8463e61d9b56ee814f3430faace3958bdeea6b9cabc9d79b5144bdba9be95e02e04d43cdd6596887d7703b22aa679cb600602fe6abf90d42aa83aa6cf0d1d3057af9fb4e609a0bf751fe9fb3304e81a3c80a736bdda2549d18663d7fe8e03261968c25272be80c6f92626b4d005f603165f69ee4238ae7ab2f4f96df13cbd95f86babb4d964f653eb866498aed280d2c27ad1808f0142f5f0eb65d78c48d9f4d1d53bf0a60fec9e747d2ce20fe6c996cde754b4a65b43d6e0c92fe56775857e5ff863eacdbcb94cc8af8\"","dc4_server_salt":"\"becbe9577782afb6\"","tgme_sync":"{\"canRedirect\":true,\"ts\":1704065429}","server_time_offset":"0","dc2_server_salt":"\"80ea7b080af4bf86\"","state_id":"2286684330","auth_key_fingerprint":"\"8b68aac3\"","dc1_auth_key":"\"c331a33a79929de60fc9ee48140e1c1c75951b9dd8a2864e48f24cb2f701e9f31831de6d6da5b0ea77d33a4925d0f7896b370a7178d3d9bea74621f424a8f5f47986856a0ce23e5a2c95c8e0c76d347ef072545f0141dd98534b4e31b56505782da46ffd98bbb2b46cb8af87295c864b42581583f8d3d2add4fd2271f7a1b3e267d2e0b03d9ae1508b87e0c3710a243cd46addec81d132465440dda26c30d58145c573b4172ccad3a39fa28d51517859f70127480de988e7d065506208ab32bceee99274c70c5931256a01c920758b1b4dce477c67d4322947ae199c6dcb683d9fd7bce82620f4746afcbdc8e39593c940a11fbcd9c526ccdfacf166ad66d328\"","dc1_server_salt":"\"316ebce772b7d119\"","dc5_auth_key":"\"7dd4365341bded11a1222a6a005109e2fdc8e5cc310b82e54012049376b84d1b19259e8589c731b9ee4dae2c45f8a0d5cf02b518210446bc434560b7cb764bd9a20da81f38858ee26b32f8cf7cfb53edec9f60cd576d99eaa7f0f50931331c97da86c9499f209fc7ec2535bb4e4f77c4cbc2f9cb638d1167ae388b38ddeb7be2ff351a05c7c92e02a949e11fc45a059244a0b4b963bf521ae3f9e903254322ca4b726d2ede21c9d70522b0e339d7a8e80c66983e5af840568442a0e77364617487df00b09fc3ceaf65367ff2b99071f53eb287e43728ed3a71802a755a80e2de6ac2b084f4aa0e21fc525e1e0328f982b48af121761415485bf564e86de80c8d\"","tt-global-state":""}
VM37:1 —————-
undefined
