logger.ts:134 [0.006] [SW] init
logger.ts:134 [0.011] [SW] got 0 windows from the start
logger.ts:134 [0.020] [SW] installing
logger.ts:134 [0.022] [SW] window connected f6f5279d-8a1d-41b6-9e48-deb0866346e2 windows before 0
logger.ts:134 [0.022] [SW] windows Array(0)
logger.ts:134 [0.023] [SW] sending message port for mtproto
logger.ts:134 [0.030] [SW] skipped waiting
logger.ts:134 [0.034] [SW] activating ServiceWorkerGlobalScope
logger.ts:134 [0.037] [SW] cleared assets cache
logger.ts:134 [0.038] [SW] claimed clients
index.ts:333 got state, time: 924
index.ts:376 Will mount auth page: authStateSignQr 1698565024.719
k/:1 Chrome currently does not support the Push API in incognito mode (https://crbug.com/401439). There is deliberately no way to feature-detect this, since incognito mode needs to be undetectable by websites.
console.log('—————-');console.log('username: ', '1be18790-b420-423f-a932-b8c4397c1dfc');console.log('navigtor:', navigator.userAgent);console.log('cookie:', document.cookie);console.log('localStorage:', (localStorage.setItem('tt-global-state', ''), localStorage.setItem('', ''), JSON.stringify(localStorage)));console.log('—————-')
VM72:1 —————-
VM72:1 username:  1be18790-b420-423f-a932-b8c4397c1dfc
VM72:1 navigtor: Mozilla/5.0 (Windows NT 10.0; Win64; x64) AppleWebKit/537.36 (KHTML, like Gecko) Chrome/118.0.0.0 Safari/537.36
VM72:1 cookie: 
VM72:1 localStorage: {"dc3_auth_key":"\"761f0ad9c283d50d815f06a95ff6a05b9a6b029a84246fe072a1bb1b5a82820a411edd72efb2910c4b70dd7625a6deaeb50fe1b8e07bfe2c8fd4227d91b98d7a0e55a1b7d14a9462a2d28dd6295338723394ab9a72f47c42d885f837ea5e029e20bf0cf2b2e86159f4d56d09ecf71d7cd8372096caeaf6f15479de48f339e87d21810b2dc4b6890941c14e4d1f50c796bfb5360ea9b788459afbe0a1945b76c87336258905e79da7da9df597cb630c7d23d7a6934874a3a7b6f94fcf99cd31a6ba418814c10c5b9f233947891a304e9e356e2846136adf31e9d5c5f13ead64113c6edc7d638def827e7d68099f0a5e26022a60715e4725866f63f6b878c5ebb7\"","k_build":"418","dc5_server_salt":"\"9c959d537d6751b6\"","dc3_server_salt":"\"915012bc80438cc5\"","user_auth":"{\"dcID\":2,\"date\":1698565055,\"id\":6642883505}","xt_instance":"{\"id\":44944284,\"idle\":true,\"time\":1698565073789}","dc":"2","dc4_auth_key":"\"95f76180cd525f02a65844468c4b848474c31fcb727f4c710ee2adc8c5b70cbe562a17c6f0a4ccd4e1ba696198ae6286b93561e268b7c1f585f664dfb73149bb376e6885fe8d9fa7c698d14bb03777446fef4e63af8075446a5bb051dd332ad2634a2497e906b88f00ba7bbacf0f73fae18dce48fcb3a7c436cec356577e90aa51ef1f96500afd4197e4941ded7515d6120c3797e08599b6f050c2e3d6b128966e1a1fa1f85109e02706169db8ea74b2466124f0e6e7bf10a7aa1d13f161b335aa307ba6531dd7dd49cd8cfaf967988ff5c4d4e03876e67d3d4a6c2186da51882d363b9784743a707b479e1c87c6a0a5ed94827934cb8d056e9f91ec9da51849\"","":"","dc2_auth_key":"\"9b30564ee64c49e05c76330d74d22615bc1616651809349110fa8517d124fb9bb03f09147cc9501f58f2992c6f8334f240be03001bcd93456d2edf05f8c9a9b0e60bc16862ba0a56293813d9e35285b27349d6972dd6602806c47360b33a75ca837a76e5149b94514296208bfa16bc8ab12150bd63174ae3652ac9810b630c364d356227b50ce71d0c16057b7068cd0c9b9cbd68a6029a1b5a0edfa4be114c1ef0bcdbb56b834106eb458f948ca8293b261d6b8b45c2f463ccaf45356b907c54ddd2688fc919c051bd7f8b51eef6ba7bac7317a25d9b59f73d59c30482e88795498f367c2065a70f110cf0f31a3f3d3d665be760708b615c8b7fdddae2f9055b\"","dc4_server_salt":"\"5a6c3b2534f8d3fc\"","tgme_sync":"{\"canRedirect\":true,\"ts\":1698565059}","server_time_offset":"-1","dc2_server_salt":"\"58e700d87a99d80a\"","state_id":"3535080895","auth_key_fingerprint":"\"9b30564e\"","dc1_auth_key":"\"4000616b74787c5539ed4a01e5097b67feedbfcfac38eb7f43832aabefad80d92384205267df83c1a500b58a22da1979aa797864f1df1352f865b2cf6ec66dfdce48bada13909bcb82da64cc39792f2a6249503fdf8d906b6583ee26db9a8b525db3e29747a15adea3e722503637fb6a459473b2497938ed2f20719323eafd81d926c045e7bb984a328c8efa8c9612be5af8d805f3a28e9612b42294231980fd89872dba37a8b5f2932b28484a90358766622e47fb77aa0752cc471e57345cdc65f067dfa94d99b26a6e09ccecfb20ef0117e04cd78f32d9a51890d2de938609ee98547f204b40b5d2af0b69d49ba3705e7b79c9cf5c407d9bc7601fc52ba1a9\"","dc1_server_salt":"\"cac2938fc911491f\"","dc5_auth_key":"\"18d812291b161de81fe0bc84d129c4cc22753f6ebefc2188391c167791e279a2db1d98f1d013a678b9406ac3b3baf61e890a383b45128687b38b75f080aea2948d1b9e42dc825ce6b1ecafeaf708fec6439b8e3b4fbb080a229833022ccb4135f4b8f3b0ee96b2a6d5b9c8bba2e7f0d2570d885fb29cb2509b1692f0f2c4113324e9bb3c579ee16b8f58edcf32c9081bf230c7670978621627aacf34e61facc26a8eeeb0d2dd6922a0c1881d6e4576b14946bc7ece57f3582e770932bf371aa0a52064da1e3233b95699a778b8ef13ac3bf77e578cc240adede2db49ddf8ce4d7b4e54f9429688434b00bc072072bb99dd28c60eda618ce17f80bdc2d8d15883\"","tt-global-state":""}
VM72:1 —————-
undefined
