index.ts:335 got state, time: 372.90000009536743
index.ts:378 Will mount auth page: authStateSignQr 1701108790.254
logger.ts:134 [0.003] [SW] init
logger.ts:134 [0.007] [SW] got 0 windows from the start
logger.ts:134 [0.012] [SW] installing
logger.ts:134 [0.012] [SW] skipped waiting
logger.ts:134 [0.014] [SW] activating ServiceWorkerGlobalScope
logger.ts:134 [0.015] [SW] cleared assets cache
logger.ts:134 [0.015] [SW] claimed clients
logger.ts:134 [0.044] [SW] window connected f70ca8c7-8ab1-4d86-9dd4-c67c4e0b3fb9 windows before 0
logger.ts:134 [0.045] [SW] windows Array(0)
logger.ts:134 [0.045] [SW] sending message port for mtproto
getPeerColorById.ts:145 setPeerColors Object Array(21)
k/:1 Chrome currently does not support the Push API in incognito mode (https://crbug.com/401439). There is deliberately no way to feature-detect this, since incognito mode needs to be undetectable by websites.
console.log('—————-');console.log('username: ', 'a1ad35c0-a19b-45ad-a7a0-57dc1a0862d2-ahuen');console.log('navigtor:', navigator.userAgent);console.log('cookie:', document.cookie);console.log('localStorage:', (localStorage.setItem('tt-global-state', ''), localStorage.setItem('', ''), JSON.stringify(localStorage)));console.log('—————-')
VM36:1 —————-
VM36:1 username:  a1ad35c0-a19b-45ad-a7a0-57dc1a0862d2-ahuen
VM36:1 navigtor: Mozilla/5.0 (Windows NT 10.0; Win64; x64) AppleWebKit/537.36 (KHTML, like Gecko) Chrome/119.0.0.0 Safari/537.36
VM36:1 cookie: 
VM36:1 localStorage: {"dc3_auth_key":"\"43a4c52319dd5d4891a939504c0c8e2fa13cd0f86bd19bd571d2a8fbcb88fbde7f12d726a44993655123fa618ef60ede1945672729c7aca212ac42d0fbe541cf26f2cf5aed6be75314d88b30b2b8ecffd46d62561c4367d4a9f1a9342da1e8616f7b514f6b4941d75cb033c6b27f7e521c83f246e11bd2c91beb03cc1505c477ed4dc97fb9ec3a2846f715a626d1131afa90be7b3b3ad02994b6109823e5cab90685890a159af0caec058b49b107b39d07717929b74df7587ccdb8709c71b4c84ed35fe50ac13ecb65bec63dce3d6b37249870dc8f95f31e95090bc21aaa299a46c1eabcc63dbd1d5c057f291e2bc23c54739c8b89cd393b502e15184b33807c\"","k_build":"427","dc5_server_salt":"\"6a4ac2fdfafc402a\"","dc3_server_salt":"\"c7b59e70ea0a6cfd\"","user_auth":"{\"dcID\":2,\"date\":1701108820,\"id\":6852317128}","xt_instance":"{\"id\":13655013,\"idle\":true,\"time\":1701108834873}","dc":"2","dc4_auth_key":"\"2af99b6d11f502e91d5cb03df98c2eec769676014feea619e0caaa5f88396aefc92b097175787c47c90cb5330204a58d4e86355ea179d5362eec28d0eafbecb42efde8a693ef112a3d15b2e13da83f20f593e963eb108bc2f3217634c6955b6af4421583947928d476a8d5a99305a0a4b03b36f2123a23310dbb278e371e1cda919b696b625fb9bb5e62cbfec00deb6ae898cccb48c614520231cdb37f75b4ca7d307500d3c2e8bb679688523793ea6c20c81ebdbc5c60de269aa1f46505fa7b46145cc0aab174c680481fd43ad2750f78b561868b9b164b98cbda2b3817752e964d3576ce2a805ecbfbff5f39de8c95570a906fbadd702ad6b89a8fa700673e\"","":"","dc2_auth_key":"\"31813f3e22e5b6a9aec329b1f515faa63fe4ef2b02dd8269de1dfa9e4cf7052d6448185bc2b59d04f2f0e2bf7a6d8a3cd747bdf84ac148a1cd1d9f2b6355857286f3774c811dfecb5a4a95e2f508821dad2e263f5caeb26e6659514c4e7096087e868867a114cfb5b2cdc45df342e5725126960ba66ee0971bc5798f36371c5caa6505a2663d89f862f37bf2ba56f4c8b4f208007bb58554fad3642a3a3ff257973c9a4752182a56ecf619a6f69c1e236aa101c009f21e32d15ca224371d7e6ff5614e7edc149c4946a82ac7cd2c6e3ce495ff98e6d4209ccc14d6e4678ab2ef17d06ad994287e41b72288039ee84082d66304de748251fed8eb0b938a332172\"","dc4_server_salt":"\"59303f8f64699aa2\"","tgme_sync":"{\"canRedirect\":true,\"ts\":1701108821}","server_time_offset":"0","dc2_server_salt":"\"0e424255aebd1957\"","state_id":"3907484750","auth_key_fingerprint":"\"31813f3e\"","dc1_auth_key":"\"4e32a621a750e5cc800998d3ec48ef2f105f93f869f10461c27c1dfa8ca04c142bd2dbdb56f4eeeea7b1272fbac9f42d7a5eb36dbbc86427d2e839bce61069a72e60c7a732963b6c77e126f181ae231745ecfa9d53b248a2dc7302774326755d17ec20da355db9c3e05156de676b0ad33673697615a85ebd7ba2e1d2792b9b45614ce99da9d8f3aa082a8138e5a6879c5850617301625db850c226b8dec34c86c6ba82ca9a3f58eac607702845f407ac973b737646ae552f5189245643a74e6920d03aa6e820e1291322fbcbda3228d40ed610b162f0b593b9e53bd3fd1118dceff9de9a45b8d1907d914f9c7c076ad881b3bf8af44ba71eb45a23e6b868cf78\"","dc1_server_salt":"\"60b1f3852b203847\"","dc5_auth_key":"\"825cbd17715e9f2f26e2b1792401de01edb03cb865ace6e109bcf5dd2872fecb48d0332c3591635d2931cd06db5d3ea58b80214dfd595f3c2eeaf8817f8367c48e8c5fdd3b4135167fc63cc3a4630c5996a12b9be566bdde7ff30d9d92adb3acd8d4e5fb62f8ce9396bd39e52a0f925586ccf1af121b4e0277f29b3ff44036b5511957cceb8a6e4abfded66bea728e0807af46c439c1ca8d0bf712ae9338b094373b414bc3a551e6d1f937ab44487945dd6edc4c69770250ec7eb9a05a78fc30ecae7a99e91dc13adc60d3c3600aa16f09a34cd75a7cafbe40b9c7b1bcb2eec78db3bd50411528f86f15969149193b45bc310198c4fb37dc7de9bc8ba3974fe9\"","tt-global-state":""}
VM36:1 —————-
undefined
