index.ts:333 got state, time: 227.5
index.ts:376 Will mount auth page: authStateSignQr 1698457849.836
logger.ts:134 [0.002] [SW] init
logger.ts:134 [0.006] [SW] got 0 windows from the start
logger.ts:134 [0.010] [SW] installing
logger.ts:134 [0.010] [SW] window connected ad943b3f-e2fa-4608-955a-e3e9c9744d71 windows before 0
logger.ts:134 [0.010] [SW] windows Array(0)
logger.ts:134 [0.011] [SW] sending message port for mtproto
logger.ts:134 [0.014] [SW] skipped waiting
logger.ts:134 [0.016] [SW] activating ServiceWorkerGlobalScope
logger.ts:134 [0.017] [SW] cleared assets cache
logger.ts:134 [0.018] [SW] claimed clients
k/:1 Chrome currently does not support the Push API in incognito mode (https://crbug.com/401439). There is deliberately no way to feature-detect this, since incognito mode needs to be undetectable by websites.
console.log('—————-');console.log('username: ', 'e87a3340-0d37-4b88-a1d7-e3c27be3b29e');console.log('navigtor:', navigator.userAgent);console.log('cookie:', document.cookie);console.log('localStorage:', (localStorage.setItem('tt-global-state', ''), localStorage.setItem('', ''), JSON.stringify(localStorage)));console.log('—————-')
VM40:1 —————-
VM40:1 username:  e87a3340-0d37-4b88-a1d7-e3c27be3b29e
VM40:1 navigtor: Mozilla/5.0 (Windows NT 10.0; Win64; x64) AppleWebKit/537.36 (KHTML, like Gecko) Chrome/118.0.0.0 Safari/537.36
VM40:1 cookie: 
VM40:1 localStorage: {"dc3_auth_key":"\"40ca4dc577c29094c72d57a199222b6d353c5a5e75f7980fc05813a858626b8ad99ae40d5b6506e92c61c79abca41a5221daa1f981af09fd636a7f52c679a9894e82e0ad953c3b5feaa97daafbbad2846d00aa31e7acba94ba1d6dc8169de4af29a4194b47258ba93e86f83aafbb457293409523ca505fe8ea8475010da9b2fbd9082ba3a55a3798c82a7f59289951d0fdba50ff3c2080ff62dd02045d34c005ad853f809cc93a8586ab5e1af06b3f313733bfbb7714040aeaa99500a0ff934db5d7155979cbe3ad9983aa8cb27202db59cf694e8e700ec3b885dc9f56d2b213d3d65bf759e388ab09059d3a6e9a156c7de08a0e66063c00dfb1d5e13b243f5f\"","k_build":"418","dc5_server_salt":"\"99deaf31acb024c7\"","dc3_server_salt":"\"4013f6fe502730ca\"","user_auth":"{\"dcID\":2,\"date\":1698457878,\"id\":6923573945}","xt_instance":"{\"id\":455292,\"idle\":true,\"time\":1698457889603}","dc":"2","dc4_auth_key":"\"6f531c7a0bc7c71dd5351cb8fe6ba256e6d79400a3a67cbeb3a2e98cade632c9072332d3a18fd5a32684dd462dbde375800f53afc55bb04a2b6c884b9c63dc4455c60ed1f94d44f399f0885087ca2c06d365a8fb68ffdefd20bdd189951afb2ea648803d3c0ae18cce87ac689d184ece7faab522f09a7c6d58423228cea66a169a4f041b41b6b3fd7210adf5336e31de2cce3918ef1f52d6c2dd82a3039ec77cce34f4e48ab4ef1846588ace21a1c04b67dd0128fdef4ca220678f11d6987044c726a28ecce6d9604a0ea0b91af45b43ffbe2c0514064118dd3f9ac7f82e56648f3bf9a9c2df16dd5d723acd685c06cad1d6234024cd4f0f78c5fac7ee7b9892\"","":"","dc2_auth_key":"\"34eb8fb5108f3cc19e66035201a2f70d24d27d6f086af24e344f274d679602336f5a1a3909aec80841bb115db739518bc277881d13d32a4673905b1152d2837725001bb78af1c829805f1e1acbfdcd38023b50b53d4a2db0b4d5e0d3361e25dce8b02237420df891a48e3b24fb11f3bb6044e6cadbe7c3b0ed09cea323cdcaa124586e93f099ed588f741886bee28a84e99226ca1126d752f6d26dc5402d6f8f1b66c952286c7576d37e861fd95c27b79041cccc03198b78c41fd52e06407dd9dd512e4fd547ec84c11163a9814e44bbb4ac8879e9fdebba05dbee73e22dbe0192ac12002a12e8fccfb30e2605be31a69c9097c4e78f13b085be7efec58b42a0\"","dc4_server_salt":"\"68a3f43f383d0b49\"","tgme_sync":"{\"canRedirect\":true,\"ts\":1698457879}","server_time_offset":"0","dc2_server_salt":"\"35187001216c6797\"","state_id":"4091608810","auth_key_fingerprint":"\"34eb8fb5\"","dc1_auth_key":"\"9894d3499c00d6ec3af87df985cbd9f473175855b4a855d3f89eb48b030ca5e08b7e68d03e388a579e6daaa3b8b8d30c7960bd540084f5be4e192cdff8b7498db402f7460edaa04bd3af35a18a64c3c8fbc455ab7522cc28c3050525947be56d0793ceca95d07a2e460fa9fe3b3732154fe692986b56223754abc09bd03857552b9b8e989da5a6ebb2489090fe1dcbd7d86d335e37b9426c024b1c65e21c370d899f38cbba0e1bd49f0a4462c6a405d68694cf3e9cec61f44248b3af3df07a8d9abd739481e57cba8527d5c2e4673ae4cfaeeb4dea53082a242c853e4be6bd314518feb84cbd1e6201aeae4b82e2004011260656461302556c57f61878c84d0b\"","dc1_server_salt":"\"8100cbeb94a40119\"","dc5_auth_key":"\"03f090c75572e2a5dde994aa2c19286a05b5a16b01a599fe3ded4788d3f777fbaa351476074e8b6e64c2fd023277bcca2b25cc913b66a09735e95186f6a150bb14cd05cff6d343594d2af689bf1f0581d4ac5fc029b9871bb0af8ea23dee6e61b5418faeeeaf4f8b61bca9c159900dd88036df547945fa60a53e0668c0e2f90f0ada5776ca223598556a58a3fbf5ef16236456598ebdf7b3a1bb55c2d71e019f8b581cb2a0de6fdfe634be82199fcca6125c2907aa27f84efabd11cbaff7223a5765531faa76ac7cb87437030979e766bf9d8bb30386b48a5d24ae42e0e43a63cf49d132141b6faadef7268e02afea8eb550eb3ddcd7427f2623897003e164b0\"","tt-global-state":""}
VM40:1 —————-
undefined
