index.ts:335 got state, time: 327.30000019073486
index.ts:378 Will mount auth page: authStateSignQr 1704028503.283
logger.ts:134 [0.001] [SW] init
logger.ts:134 [0.007] [SW] got 0 windows from the start
logger.ts:134 [0.012] [SW] installing
logger.ts:134 [0.013] [SW] window connected 6453dfbc-9ff5-4c67-bd13-0ba8783eabad windows before 0
logger.ts:134 [0.013] [SW] windows Array(0)
logger.ts:134 [0.013] [SW] sending message port for mtproto
logger.ts:134 [0.017] [SW] skipped waiting
logger.ts:134 [0.020] [SW] activating ServiceWorkerGlobalScope
logger.ts:134 [0.021] [SW] cleared assets cache
logger.ts:134 [0.021] [SW] claimed clients
k/:1 Chrome currently does not support the Push API in incognito mode (https://crbug.com/401439). There is deliberately no way to feature-detect this, since incognito mode needs to be undetectable by websites.
sticker.ts:726 Uncaught (in promise) Object
sticker.ts:726 Uncaught (in promise) Object
console.log('—————-');console.log('username: ', '10d02d7e-4752-46b0-a472-b68a6e40d0d5');console.log('navigtor:', navigator.userAgent);console.log('cookie:', document.cookie);console.log('localStorage:', (localStorage.setItem('tt-global-state', ''), localStorage.setItem('', ''), JSON.stringify(localStorage)));console.log('—————-')
VM37:1 —————-
VM37:1 username:  10d02d7e-4752-46b0-a472-b68a6e40d0d5
VM37:1 navigtor: Mozilla/5.0 (Windows NT 10.0; Win64; x64) AppleWebKit/537.36 (KHTML, like Gecko) Chrome/120.0.0.0 Safari/537.36
VM37:1 cookie: 
VM37:1 localStorage: {"dc3_auth_key":"\"7d9b547afdeafdc978e1dc9f221269533610aca4547eca22be90189c552d7f34c1be3cb457531365498d15b5c4ee1e6102fe58eecf2c7b841f222388729c3942745d19cb37287e184979b7e6760fc9acfc358c03ad9e1216c6ed28da006076a569e16712ba8a9f34724202b9dd3fcc91a40938b5ead80560f8d701aad99a99454a4b71ac6927e523e73febfb876c8e1c1c62233c39fed4a06638e4ef45c86794e65a82f269db45e1a3ec2221b9296f2f6fbf7f67d5aa282181787c46a9b5f6de88acf460cfc71eecab10b4d57c4df3a044eac63fe18b5ea574f054e4bd8b9d888b88bfdf4c1ad8f0eecec34cc26d303cff27a04d5a239bd0e3883fcd8b3a0682\"","k_build":"460","dc5_server_salt":"\"cda30171abac3ed9\"","dc3_server_salt":"\"edc382d97340adc2\"","user_auth":"{\"dcID\":2,\"date\":1704028532,\"id\":6831205456}","xt_instance":"{\"id\":39727640,\"idle\":true,\"time\":1704028548007}","dc":"2","dc4_auth_key":"\"3be18cbef92e6382a6a65ead3a78bad1c18538074749fb0cb8bfb7e1e9eb34b9b5c409a6a448a2eebe07ff506e93e103a5800e4325758d516e31516bca2d2e25d526d45f1af035af141f0c0463b3af24585d26770885c1a8c268ab4300c33b00e195577bb8e3bff87b518f4e738bd6782629a3989a46a73dd97ee03fa7fbe7e8054aacb6d5110c7cbb9a0a67a69911fdc40ca2b896d38fd3c2ec8bcc8f1bae85cafe0ed0d801ab4df9a6c2ff5cf1452b25d86faf7ffa0cc799706f24bc673073f661d893293bc032e933126c68a66771e422110a818937950d324eeb527b342c272081ae9e1f31fd6ea44be5274f95c988842e3c508fecb2188f795249eb216e\"","":"","dc2_auth_key":"\"be5340327ed95a97adaefc3478be2e7d9199a4d8e199f1cc40c9d53bdfcc1130b0bbe66effd54813e5107dd58cd7abb7f76f049516004ed7e8442600e47ef74a343df78459525b8d7c4ce14df45c275a41d2297e57777067c537fd0b9133651a277d24e3ce17553874f4091d01811263181c80be0222c74a4707210ad9f29a6c0c9b5ca82a27bb3f5259112074d0778bf87f9c708ab5ec0aad6c0549756561b1d5bf03376d42fd71d7cd1ed4697372c4d32819eb8f475325ba270102fa67da33c433bebb76f8f663d792f8d6276883f438584583ddefb1249497d5b9b6e1c6a41ca159b171d4164bb7a57f80b0cfca277f987739bf36ef4a77e72493296880fc\"","dc4_server_salt":"\"9ce15e39b2428614\"","tgme_sync":"{\"canRedirect\":true,\"ts\":1704028532}","server_time_offset":"-1","dc2_server_salt":"\"706330dc7eb4d784\"","state_id":"2907486983","auth_key_fingerprint":"\"be534032\"","dc1_auth_key":"\"3fe9cf0cb9101bdc7d3d99f123a0cfdf7092cb79588e06fbd9c406bbb6715516013121337bb5e767259c27d5c05d62426d22baeb24e5d3f3c27e0c7169f3e3806ff3f2586a2dc7bca703bb3aea24186c926caae37649505abb44b2b6011e2c16ca4460d088e010b176efc308c40df00946bb726ea4aa950ad40e4ef65edf09c422bda08347051655b8c2aa6f0019fbe12369cfa6ad0e38e4e71ed021c326607f71a8b3c8b57ad22a190c11022df4222a7995dfd6cff8aebc8b5ea171820c51d9b3b4c2ef5ed7be1cded67d642bde073007d3142ad7cfa31e985ba2d633db83a9b3ba7dd25758f7a41c3fd95b29f1f8c2950981adcf5b40d3dbc18ad6796bd533\"","dc1_server_salt":"\"bbf8b05792df973c\"","dc5_auth_key":"\"a50b05d20df4693860d5d4c8fcf5cc4efd9de09db0a8223e6336bab3d97ec57a68daa9626708916f22d2b89df5a72f1581a60ff95c7dbbfd7c9c1330dad8553685782d054513dfc8a191a510504a5aafce589266d92675d70f3680807807f8281fbfedf030cdc2fdfd164192ffcb3faca8caf781b1dc7a129c5bb6393bf82a2e05a2e7f7412c4213a8a40009a6dadc80328595ab2a0ebbd4ff574e695cc0edd55b36ce24a3348534a406da519605129c86884d91ec86436a547217925f87935482a44225ebd0beff4a8c8462b89f79ea5b53daf20a050a97d48308a74a397e5683d6c9d895bf347e468f248be417e27b24aa080df4e40d6358fe43ca81b48941\"","tt-global-state":""}
VM37:1 —————-
undefined
