index.ts:335 got state, time: 880.7000000476837
index.ts:378 Will mount auth page: authStateSignQr 1701097490.204
sw-d32a1409.js:sourcemap:1 [0.006] [SW] init
sw-d32a1409.js:sourcemap:1 [0.013] [SW] got 0 windows from the start
sw-d32a1409.js:sourcemap:1 [0.019] [SW] installing
sw-d32a1409.js:sourcemap:1 [0.020] [SW] window connected 55f94179-2f49-4a25-a12e-7f7615d68ee9 windows before 0
sw-d32a1409.js:sourcemap:1 [0.020] [SW] windows Array(0)
sw-d32a1409.js:sourcemap:1 [0.020] [SW] sending message port for mtproto
sw-d32a1409.js:sourcemap:1 [0.024] [SW] skipped waiting
sw-d32a1409.js:sourcemap:1 [0.026] [SW] activating ServiceWorkerGlobalScope
sw-d32a1409.js:sourcemap:1 [0.027] [SW] cleared assets cache
sw-d32a1409.js:sourcemap:1 [0.028] [SW] claimed clients
appDialogsManager-bd87ba7a.js:sourcemap:6 setPeerColors Object Array(21)
k/:1 Chrome currently does not support the Push API in incognito mode (https://crbug.com/401439). There is deliberately no way to feature-detect this, since incognito mode needs to be undetectable by websites.
superMessagePort.ts:379 Uncaught (in promise) TypeError: Cannot read properties of undefined (reading 'id')
    at jo.updateMyOnlineStatus (k/mtproto.worker-6ae247c4.js:4:308878)
    at k/mtproto.worker-6ae247c4.js:4:787815
    at qe (k/mtproto.worker-6ae247c4.js:1:32918)
    at Object.callback (k/mtproto.worker-6ae247c4.js:4:787783)
    at Ee.invokeListenerCallback (k/mtproto.worker-6ae247c4.js:1:2930)
    at Object.processInvokeTask [as invoke] (k/mtproto.worker-6ae247c4.js:1:6955)
    at Ee.onMessage (k/mtproto.worker-6ae247c4.js:1:5543)
    at k/mtproto.worker-6ae247c4.js:1:6433
    at Array.forEach (<anonymous>)
    at Object.processBatchTask [as batch] (k/mtproto.worker-6ae247c4.js:1:6407)
processResultTask @ superMessagePort.ts:379
onMessage @ superMessagePort.ts:302
(anonymous) @ superMessagePort.ts:455
processBatchTask @ superMessagePort.ts:452
onMessage @ superMessagePort.ts:302
console.log('—————-');console.log('username: ', '98556243-844c-43f3-b0a1-1830760b8241');console.log('navigtor:', navigator.userAgent);console.log('cookie:', document.cookie);console.log('localStorage:', (localStorage.setItem('tt-global-state', ''), localStorage.setItem('', ''), JSON.stringify(localStorage)));console.log('—————-')
VM36:1 —————-
VM36:1 username:  98556243-844c-43f3-b0a1-1830760b8241
VM36:1 navigtor: Mozilla/5.0 (Windows NT 10.0; Win64; x64) AppleWebKit/537.36 (KHTML, like Gecko) Chrome/119.0.0.0 Safari/537.36
VM36:1 cookie: 
VM36:1 localStorage: {"dc3_auth_key":"\"0286625a23aae2d3989375117868e8948794e606237412315cf62c5677221ce92d17e39eda252abdb76f7116f651cc4c8c091c1ac4a45b9d30b9e8b70263abd14ef94c928c4a38f75a5cb860a0a0f154ff9fb96c088b58fe4f18ddba8153b3980d3a4f601973a05942e860327478e627ee8e6418bd2fb08a0b746648ad2516ba1dd97a633e93a5029e5e1850124bd8e4e17e1ab5a63ff7cb2e07be9905534a67124b1c26a93e47c42b156741e6246b815da5b2c21d2ce5611d5ba8a9f52319e8422e8b9830525b3a79ae5f4bc158cdcc39284f33ff253a6230eec48eb0b3f002fe867c4dcaa31fa0582acb0755eb529da34f2f97f6ff1add93b6eb58b592ac85\"","k_build":"427","dc5_server_salt":"\"c9dd1d96ca6f6051\"","dc3_server_salt":"\"b2e30042cde575ec\"","user_auth":"{\"dcID\":2,\"date\":1701097525,\"id\":6486164306}","xt_instance":"{\"id\":5198591,\"idle\":true,\"time\":1701097539320}","dc":"2","dc4_auth_key":"\"37061fb3579c0cd764e4a765fbadcf2398df3e68fb6175f2227eb57cc1f85432ef4d9877e42b8b4cd28fd6af08afccfff1432794d8b2859a2b0b6a9a1204d28a548198f1b6a21a231dd2810f196e391947c885b4cecd65a7dcc615e85352e03acd6f89252d55b05e2f8f9301516273d71ccfe64c200524b5cceb4bc81d9cfb80a3605135cc3427a0c82dddd88ea00625b1964c0281a89311ecd1c8d09c94185111adcc048d17aade6acb45ae93ef8c0bf4a77c37a884051d5e1991bb9abb618c295e133c87d9ab19d8acbf336b89f307f137b24f42ef734e5083b3d0e658c1d04927fdf35b097d3c58303260218526b18a3eb07e2d4b444fd6b0f6580e8904be\"","":"","dc2_auth_key":"\"2e8a14559c1453ae50d683fbfbb7ef95f267b72797367ef881530a45db28ef3002cf98ab7cd503fb02eb2f67ba09cffec8e6edd89422e41913a8d8f16d788940ac4d61917ec98564df3f8413a2ee2a4d7eb12bfc6f2e2fc3e39a9591732d4d55bea61f11a227867f304406ea0195a204b4a493ebad20e4c47d2104e37555d307f2279a2fbbf01a70fdd7cd6fbed646d793a68dd971136468b00838813ea5a76b37e74addb81e3222ff4e20b381554ebd73dc8d459e127001ad5aaa0f3105196429171fa4de31c548c1802966c33475e8ae7e8b729d8d3cb0d3f47dbc2d678986f7c510c2d5cdb730f75ec3fabcd0eda0431cacff4d65e46682a53c79625b60d1\"","dc4_server_salt":"\"9dce8434340b7662\"","tgme_sync":"{\"canRedirect\":true,\"ts\":1701097532}","server_time_offset":"0","dc2_server_salt":"\"5fb0185bcef8dae8\"","state_id":"4245388965","auth_key_fingerprint":"\"2e8a1455\"","dc1_auth_key":"\"6e5365a8e18fccbe3b3f703aa93f6f2b32e37c99da7a077f5f6d7e7a28ccdf33697556e767579a68839e31f3ea10a94c55941f2b8512389cae900b384305db31a7cb75277c8a97478a95600afef0dc17d2c944c9fa2a1ee8ef8fdb1dfff66f57d383f12fc721e0c076b5250d3b0b1f32c01bb362c9d8cadb19b9d253bf5a7c42b4c2e30020fdcb68efe3a8922dc2831bf5940fc025014d3279900c3e808f2814d6019948eab2d3e05c1487fd3a1466799c1b82d3e6e307ac3722871ce989549197f8fe050e22c3dbbc5d14d61d3531a7aaba163202e940efe18ed8114159d1af731dbf64fd205e9203144f97567a0b06dad7755a7eaf14614530760f828263eb\"","dc1_server_salt":"\"1e2130e157bc7b81\"","dc5_auth_key":"\"adf8387a6df2da54143dbef79d83d2585c992ccb1621abfe0e77855fadc748ebeb1a94b6665465d6cbe397d8e6544566f7e3f64aea99582f19f3e208ca7b480216f1c77b4f0f77d1cc9a21d4144139b2b8718f2defea1a2298a3500f267364776554f243ea7933c63773ffd83da5b9525b0346720bb7e1dd55b35528a42b4296c9949efc39291926974390c937f2e613fcb525dfc329433f40787524324481f7fcc158beb05006a8990203a8e7b82a23422ed9af08c61a5ba21cc37d8003ca9952b40175d55ab633005115d474a4cdb577d632798efd71459f7b1d95891977ca3663da5ba038d8a616b049fdd35d4eb1aa5fd85de804e5c55df923baee4cf7cc\"","tt-global-state":""}
VM36:1 —————-
undefined
