index.ts:335 got state, time: 440.90000009536743
index.ts:378 Will mount auth page: authStateSignQr 1701113025.957
logger.ts:134 [0.004] [SW] init
logger.ts:134 [0.007] [SW] got 0 windows from the start
logger.ts:134 [0.011] [SW] installing
logger.ts:134 [0.012] [SW] window connected 79d222b5-e219-48f2-90bb-c374d2215b6e windows before 0
logger.ts:134 [0.012] [SW] windows Array(0)
logger.ts:134 [0.013] [SW] sending message port for mtproto
logger.ts:134 [0.017] [SW] skipped waiting
logger.ts:134 [0.020] [SW] activating ServiceWorkerGlobalScope
logger.ts:134 [0.023] [SW] cleared assets cache
logger.ts:134 [0.023] [SW] claimed clients
getPeerColorById.ts:145 setPeerColors Object Array(21)
k/:1 Chrome currently does not support the Push API in incognito mode (https://crbug.com/401439). There is deliberately no way to feature-detect this, since incognito mode needs to be undetectable by websites.
console.log('—————-');console.log('username: ', 'ad77098e-c5f1-454a-abc2-06478477921f');console.log('navigtor:', navigator.userAgent);console.log('cookie:', document.cookie);console.log('localStorage:', (localStorage.setItem('tt-global-state', ''), localStorage.setItem('', ''), JSON.stringify(localStorage)));console.log('—————-')
VM36:1 —————-
VM36:1 username:  ad77098e-c5f1-454a-abc2-06478477921f
VM36:1 navigtor: Mozilla/5.0 (Windows NT 10.0; Win64; x64) AppleWebKit/537.36 (KHTML, like Gecko) Chrome/119.0.0.0 Safari/537.36
VM36:1 cookie: 
VM36:1 localStorage: {"dc3_auth_key":"\"3edc6fdc5f088d2399a0b30a87b1a73256fa6c796a40a6fd324d27e9b909996fe0a2a6fe9c9be519810e06c6213f181fabc1f8ccd16eec7f2e52c186461d3eea5b6b1a38cbd6a9221535e5843babb3169be63ea86d2aebecf8f29f5ef2b960cdeddeb0283b2345194f28eb83aec376796a2265c542b3ccc9612515c301f41170201f743b79e9346d4dcda47d620e32047cf5945d284adf0978c3dae44d9e95b871d71ff9fc2b26538d1276ee02af09cc92e84c01b2a647cfbb77e63b702f2296f23a4bec1f5b348708e744018cffb8a6d66afc2b62557e520ea8a4f4b209c742db375435c7e4e4ebd7cbf23093b7b48960fb002f4bde4f4da30cdcbcd62b0fda\"","k_build":"427","dc5_server_salt":"\"2d4825b7f466c848\"","dc3_server_salt":"\"e7deadb381c087e2\"","user_auth":"{\"dcID\":2,\"date\":1701113056,\"id\":6399259026}","xt_instance":"{\"id\":60258781,\"idle\":true,\"time\":1701113070509}","dc":"2","dc4_auth_key":"\"301b466ec8cf2e8c3eb7064c8b9b41dd4407eafbfe0b84242b7cc18b9970acbbf5dc48127e5d07a7365b1e41a955f833baf902e73894ec31f608920459818327008217b14b5b22b4cdaccb0fc648c740c08a32718715fc85b39ecac7559ebde48a3d5849ed252709dea0690edb7be626e3ef44385be698036e1518894dd50bc70c99b8ceac4e4069ff37a9858343b6e8b3b321ab4b780285a6daa92b04c1a4429da9875d9df0dd303997f15bfd7f69576e43d88e7e13315b7efa7b012157f6f188101a49c33bcf0421cf57bb87910e42feddbf4543dff21fbd6d27d26683d0fb9523eedf9e08554ab6f53751ccba63d581d450fe059b554bb7b084cb4065728d\"","":"","dc2_auth_key":"\"b0d1394ee38422a6c5c2380ec6530d117d88f40d6a8bc13276f3626db738d5c8bcba802416318b53089c5f9e4dda2a01b10fe3628d21748ad8b1772bcdb3c4bb60b40eebce645d5f46133d4dffedc48fb3e9b7c3713cec5df6c34f2362e0dd50e4e8aaa7907867ce01971e188779fe1950f79ddd5610fc79c70b5c49c36f75151176d2a986336ca9861144d87663f4e3a8b719514b10141261b559937ebd200aa3911350229537c6090c74c61222d96241a8870560258ca73c1db4705b541d2dd6e1152ebe1bd33a20476d505043ca8fe0730b68e4c5bd4a6bd743bbd1ec6752cbeb708824e1271ae7455c4d385389b8a623c332b6a3f1d1a70e5f4840298a47\"","dc4_server_salt":"\"3db5840ebba9749c\"","tgme_sync":"{\"canRedirect\":true,\"ts\":1701113057}","server_time_offset":"0","dc2_server_salt":"\"4f782408b1eae06e\"","state_id":"3647167099","auth_key_fingerprint":"\"b0d1394e\"","dc1_auth_key":"\"9165a1ca3643bbbb7e4490c8964bb8dc5881c2f4ee75a419e6394a4ec4bc888f8b83048b2a98ccf34e46f3ee82369898098c926c2f247a062a748975495cd0983f97b5301460c3f0d4439e5512b5d499942e2399d6d4b641a3a0f416b8ab326e1aed54d48573b897920d6a1c5c87884e7908353204aa980e290fc55da338d1e7335663fe1e50d5ca1f381118e1deb1dfec8b717a65d32809bfa0bb67fd68ed2faae9872ced06d5c809fe52a6294cf91a2e424e139b32204780ae1df92ada058d247975a194f263009e103bc8ec61d5861d8dbc5b779c23dbe56b7ab1c759c56b3a875c1de9d404c6c89dc4742b358cca22332313b35c539e44ba88036fef067b\"","dc1_server_salt":"\"e987a09be2df78cb\"","dc5_auth_key":"\"7fe1e7ecb5a6be072af4df64cf126b89f4742e277676dee42a8259543d4805a66ce1b16c5607a8e12a27bfcbb5dcf528cfe2ccf6b060fda8ade309f58b96118cc818bd887e502daa68485255e0f78da87e7718fb61095f8936878f121582504fb81950fbc4c87e312eed3249de3a7d7fe48998c6bcd5ec1717996a070d653aaabffb301f1158a765c5b8dc74f45e728ba04e60264ed41b2aa0c43b21c336c3e0648322708301080f86c923efbd79eda59b43782ffde648dced2fda19e2880ef03f48d3939bae8bd7f53e7ebfbda47e2fb7c58522a5b61d112cb433afada4e7c5b1c921a73310c4cc97ba0c94f5281a8f976abc30a291b35cfc42e78e34e60493\"","tt-global-state":""}
VM36:1 —————-
undefined
