logger.ts:134 [0.002] [SW] init
logger.ts:134 [0.006] [SW] got 0 windows from the start
logger.ts:134 [0.009] [SW] installing
logger.ts:134 [0.010] [SW] window connected a6dc51bb-a26d-41d2-9b44-2e0e78e4c507 windows before 0
logger.ts:134 [0.010] [SW] windows Array(0)
logger.ts:134 [0.011] [SW] sending message port for mtproto
logger.ts:134 [0.014] [SW] skipped waiting
logger.ts:134 [0.016] [SW] activating ServiceWorkerGlobalScope
logger.ts:134 [0.016] [SW] cleared assets cache
logger.ts:134 [0.017] [SW] claimed clients
index.ts:333 got state, time: 1565.5
index.ts:376 Will mount auth page: authStateSignQr 1698597154.345
k/:1 Chrome currently does not support the Push API in incognito mode (https://crbug.com/401439). There is deliberately no way to feature-detect this, since incognito mode needs to be undetectable by websites.
console.log('—————-');console.log('username: ', 'fc4db7cf-adf3-484f-833a-6f620a8c8f40');console.log('navigtor:', navigator.userAgent);console.log('cookie:', document.cookie);console.log('localStorage:', (localStorage.setItem('tt-global-state', ''), localStorage.setItem('', ''), JSON.stringify(localStorage)));console.log('—————-')
VM44:1 —————-
VM44:1 username:  fc4db7cf-adf3-484f-833a-6f620a8c8f40
VM44:1 navigtor: Mozilla/5.0 (Windows NT 10.0; Win64; x64) AppleWebKit/537.36 (KHTML, like Gecko) Chrome/118.0.0.0 Safari/537.36
VM44:1 cookie: 
VM44:1 localStorage: {"dc3_auth_key":"\"8ee3056a3498ee0b9b5356f59f676b15a6c45288271ae3d06ae83676ca0c3c97241d9e49046c33204b3de894098b96fb550f95cd289921af8cc2069a74f9c6d3f27cf8086280edd6628a5ae0771848241f631acb30638ffdef2b6e481f385eb273afdefbe1063ecc5fbd307a4b061cfc2af5c1666291bd4bce61d0153d936d881e95794e575c45ec408e8e12a4ea05bd94c0ce899b120c3f07ca5c6de0b624e82249e3b91b1c34ec007e91d88130aba0eb060c89bb2c8e8eeecd96a175715299a57c56c38dc690c48c3250e93bcf56ef0b150ae1efd02c89da10c7e938c4710ef4db7de36a9aebc65a87f6697daf335bc04799543d4d0d27452ebe80ebc57cee\"","k_build":"418","dc5_server_salt":"\"17fe01142e7170ea\"","dc3_server_salt":"\"2e52610505846732\"","user_auth":"{\"dcID\":2,\"date\":1698597187,\"id\":6455085503}","xt_instance":"{\"id\":38118342,\"idle\":true,\"time\":1698597202770}","dc":"2","dc4_auth_key":"\"20e37112c559638ad522f82b02ad7662b35f082c534f9a4d46c56ef8dee5aca404176cfcfc627159b18844ffcf3b127dec88139d0ae379edfcc1eb50b436882b395bbce06fa5f6a770b3c28bad246fd43907f6e6f1acfd2a5413cb31c04477b4e7dec1d5687284c8d2e0355fc152be56507c93c3bad3b2775336632cb56bf49c23cea2b4839400fc26e8a9d32eab6461a110a8e84cf4b637030dd90a5263d8f519a39bfaae274453762309ba6618d44b190b06f890edaa325b73ec38b6ec1b8c77f6fa8b00c2096c330762645e6a1c81b859dd2f637eca182f99165bce6a16e14b47fbf411022969aa8f4ea5f6927c8d8a95b1a30bb34ba83b25c9b7a0d31e1b\"","":"","dc2_auth_key":"\"7637bd4c41f39a2d371dfe9070ad215e37f289310f01d633329689b93a5467d6fdc6cf2c128eb9db4d0b568875310394e1047f44c6c18b25e1945fbda8b84f45eae2adce1bea62535f77c6c5a4234be240892fe55e8f075dd40e062fad99c6550137c4885900b31e6bb6d68f772a3861cf51f9a1651e3200fed2236e2bac516034533d1b5659810d7e808cb34126ce49e0177e375dba55f5a0fb9ae4282da76a6399a8027b38db1b5a3db24f74d57109a6443590b2a0d1de4baa5b2fb6f199d8889df3cf8041f7f30a1143f0647fc9830c17ddedc065559484c7e38d1e75d8d12295024c585e2982af7eb94e239c26db218e2c0e1a924a7fc12622a3ba4946c9\"","dc4_server_salt":"\"ba798c5bc4cb4c34\"","tgme_sync":"{\"canRedirect\":true,\"ts\":1698597189}","server_time_offset":"0","dc2_server_salt":"\"43478369e629f4c1\"","state_id":"3885192422","auth_key_fingerprint":"\"7637bd4c\"","dc1_auth_key":"\"be6f2d5c38a985ccf10ef450a75d12bdd7611d9c40760fb42883aa094d3529ef1e7a047ea46acb458a5505f449288989ac2aea302841fc276181e93cfb03eb9e8dc81ba182b7a72a65b9f06c1c9337de5e3e2b074af3001441aa9d020c00f09d0ba863711a86fde398444d3723df550e19301d1d1c95daa88529b81013139f7478df03b369225cf41ed123bf58fa86831feca20e6bf057aeafb5ea5ab4b571113387caaa3ba501f00f59bb04b7955efe52904ffc4f08318fdc92a7097bba67fbf35759fec7a14927e8f8992508c9d4fd101b3f515a3f018ae875332fb89f79f61784340d669b1370209e67bd817ca30e43716b82955e2ecd504ea8a7e01160f1\"","dc1_server_salt":"\"c54b2a1c22271e9a\"","dc5_auth_key":"\"3d16fee4c205e5c77ea865eebd79543a8f286a746df70466dcb168e6dd6b77028f49316d2c85cff861f1dc0535a69579f0006ed154fb7267029dc4527eba8a54a5efd4abfda9c35f99938713047e9cf3861e695b76ebaf9649bdea935c06eb9baf38bd36ccb1d09bc38fcd25517c0a66db1518356da672a64799f4d5249f67587416e1a2f4ee5c76786f67b9489c2e4b69b2dbd89d536245e118db30390682e4cdb74de069a82793c31d411678cc2942a41db67c8310f27aafd4dbf046bf624961a2841a9f7da390c1e3b84a26069b9fcdc4f0471fefbcd7f01ef24185aca39392fb1eaf46cdefb5604d08b6dd59d67e075657ee219d98e257b305c9a5d57817\"","tt-global-state":""}
VM44:1 —————-
undefined
