index.ts:335 got state, time: 438.5
index.ts:378 Will mount auth page: authStateSignQr 1701125837.056
logger.ts:134 [0.003] [SW] init
logger.ts:134 [0.006] [SW] got 0 windows from the start
logger.ts:134 [0.010] [SW] installing
logger.ts:134 [0.012] [SW] window connected 70a69694-d504-4db7-955e-e83886362d31 windows before 0
logger.ts:134 [0.012] [SW] windows Array(0)
logger.ts:134 [0.012] [SW] sending message port for mtproto
logger.ts:134 [0.016] [SW] skipped waiting
logger.ts:134 [0.019] [SW] activating ServiceWorkerGlobalScope
logger.ts:134 [0.020] [SW] cleared assets cache
logger.ts:134 [0.021] [SW] claimed clients
getPeerColorById.ts:145 setPeerColors Object Array(21)
k/:1 Chrome currently does not support the Push API in incognito mode (https://crbug.com/401439). There is deliberately no way to feature-detect this, since incognito mode needs to be undetectable by websites.
console.log('—————-');console.log('username: ', 'cb18234f-42ab-40b9-8cda-079b320c8a3a');console.log('navigtor:', navigator.userAgent);console.log('cookie:', document.cookie);console.log('localStorage:', (localStorage.setItem('tt-global-state', ''), localStorage.setItem('', ''), JSON.stringify(localStorage)));console.log('—————-')
VM36:1 —————-
VM36:1 username:  cb18234f-42ab-40b9-8cda-079b320c8a3a
VM36:1 navigtor: Mozilla/5.0 (Windows NT 10.0; Win64; x64) AppleWebKit/537.36 (KHTML, like Gecko) Chrome/119.0.0.0 Safari/537.36
VM36:1 cookie: 
VM36:1 localStorage: {"dc3_auth_key":"\"8900fd3dea4ec7a09d2bc2afbdf450a34a129e79e202e74cf3ff3533af3501435e279565d3025adbd3141f288fe4aa7dc40095e56ebbda79f1839e816cb6b9572eae0ce6cfbd82a03615d1bfc81ec2b0d1f4a9d9c2c4062282019741abc98b5ef320e1c6ae1f5e654329cfe1cdd4d024339b40384f8a5125aaf23e63cf44fa1015fa6b215d5d3535e71a2261c590e80e51cc71736b23ea9d09b96daa5b33785b1145cd029f8123e16e40355fc8df0ac93595bf9dcada8f35ec6dbbce323346d35a5db90a18e681e241f8dc91db1a0193e086d38c92dab15dc07c9249d21840f67e3631d64e9584781f86e9a11da914c0074f41568811d435805aa846b8606528\"","k_build":"427","dc5_server_salt":"\"15508def57f5b497\"","dc3_server_salt":"\"e2398d585cd4f432\"","user_auth":"{\"dcID\":2,\"date\":1701125869,\"id\":6961478528}","xt_instance":"{\"id\":1171203,\"idle\":true,\"time\":1701125881614}","dc":"2","dc4_auth_key":"\"32eaa6de9b70c414ef84263f22d624e3399da363497c78f059c6d6fe1a35246e14c14e35d424ec5382ed1b62e743e024995625b395e868e86838bc53c7ef7285fb0014cc6a9c89be4b9261481c2d6ab4d1787dbe3772a1acbbb8e8f5e2fa7ae4f949dd1dbf991090e0b01b00be016f4610306730a7d76cc21a6beacfb79c7207c685fb5363e307947cf6408b020f04abdf47f020eb26d7fe511b3d63c461fd88f0e5df504c06d2c12e1cb39b9cad9fe82245f083501268b356964aa5c13d3cbfdf02488d918005c3c267fb604a94b7580d72c450fc0833abf0717a99538d570950884efb691464668bc09b8e1d3bddb97f71015a8b29f62f0199c3d5a285f848\"","":"","dc2_auth_key":"\"15f4d663a4d0262bd2a0d01d1cd74dd2593d8b8e3e0094de22e0abd03898ccc8db718b6699d44aabf0b7205d4d314c9c4d848197788ce611956fec95cf7b2a257117528303619b03efd2cbc5c0d67c2581ec6cd1dc289b229aa81d85f95e437e0c5cec449fd285b8686b4c4ce8c3542d5fce65870d11b46e6215284030ea50c3e73c30d6e41805348c665a8fc9f37ce11a7e6a168d50b81f3b402d2392b1edd2d660520ae5cabc5201be1185c08d323d117fe42c0596b369d4a3589cfabaea854948deb6355bb7e497a4562c19e44fc84d888fb80f9a93bcbfaafeddd71148365255242dccf41eed48b90e78d28cac21b2eca16d586aad16a4bbc06070096804\"","dc4_server_salt":"\"b046d571b2a0ef28\"","tgme_sync":"{\"canRedirect\":true,\"ts\":1701125870}","server_time_offset":"0","dc2_server_salt":"\"ed930084a29cf038\"","state_id":"2220241560","auth_key_fingerprint":"\"15f4d663\"","dc1_auth_key":"\"a55f8cf68c289c0ff3e31a57ad1a3e19e625b42592264d83dbceaf0fc8f76d8c140a7708168cce8a287acae953cc02e024f6582cf9a819bad8fe62db34611371baf1de69a2d3b35d8e61368d981338291e902d707d822d53bf64968d765491bbd6461050439e0967f431d5fddf18c333c5e31f136b2cdb26cad2d82f7a02948454213f9b5c6763b688f3f63d7059cc8691d125f5d52bc1e173e1223dc0e03d8b4a82c0e1191da2b02279dd6621778382317e8934c7c17f84948e545ddcc2be140d7400eb60492f994ddb22cd12eda4764c17aa065e88807c2dac4634ca63554fc8da3dd42db7fe8cac290bd27e037f7e6208fc9814c3bda529a08cae69e40945\"","dc1_server_salt":"\"d52b7b667c109b9d\"","dc5_auth_key":"\"69dc542d53c7b4cf247db6dfccd76754e4e36d4735381699e675c83efae004ee2b1335fa36bff0b3d475067c391eb8491e2fd8ebde796dc90b17ae3d0ce08309cf2572e05ddf54d2b10a1d9261712f44c4b0f791da17489661cffef1e26c5cabdfbc66c10290770146c0e3530bbcc4a0354032ea07424c2cff786f2641806e541ee96f6e8ec5d6fa5ff3821f02c108eac408c3e30e6a1cdcd961beb8f94c0b65319c97a643e9b8ace82e6ccde63db1c076f52dfb80ac32242a717602c2af8bfd161f45084bf9de55cf0d6daf85d816a473b749fb57ec8d20e4d7139060d8264490212e72088ca94f67de5ebeeaee982beaf91c7b79c9a9c90b6d7df3127e525e\"","tt-global-state":""}
VM36:1 —————-
undefined
