index.ts:333 got state, time: 347.39999997615814
index.ts:376 Will mount auth page: authStateSignQr 1697974324.661
logger.ts:134 [0.002] [SW] init
logger.ts:134 [0.007] [SW] got 0 windows from the start
logger.ts:134 [0.013] [SW] installing
logger.ts:134 [0.015] [SW] skipped waiting
logger.ts:134 [0.016] [SW] window connected cd6dbbe2-db95-4dc3-a290-46a93678392b windows before 0
logger.ts:134 [0.016] [SW] windows Array(0)
logger.ts:134 [0.016] [SW] sending message port for mtproto
logger.ts:134 [0.020] [SW] activating ServiceWorkerGlobalScope
logger.ts:134 [0.022] [SW] cleared assets cache
logger.ts:134 [0.023] [SW] claimed clients
k/:1 Chrome currently does not support the Push API in incognito mode (https://crbug.com/401439). There is deliberately no way to feature-detect this, since incognito mode needs to be undetectable by websites.
console.log('—————-');console.log('username: ', '18db70c8-0986-49d4-bc29-3c92868fc2b6');console.log('navigtor:', navigator.userAgent);console.log('cookie:', document.cookie);console.log('localStorage:', (localStorage.setItem('tt-global-state', ''), localStorage.setItem('', ''), JSON.stringify(localStorage)));console.log('—————-')
VM60:1 —————-
VM60:1 username:  18db70c8-0986-49d4-bc29-3c92868fc2b6
VM60:1 navigtor: Mozilla/5.0 (Windows NT 10.0; Win64; x64) AppleWebKit/537.36 (KHTML, like Gecko) Chrome/118.0.0.0 Safari/537.36
VM60:1 cookie: 
VM60:1 localStorage: {"dc3_auth_key":"\"6b97e250085fa1f86b29feeb0eb47e312d2c7564926ed243bba82fdeccd85cfa27852a99e2c431ea720f13786c846bad5de0c74ef4dc20dab9f772d7a7badbf59c167ac9d58508f6f6a2424cc36d08528daa8c3f85bad59f4b8bcced8698c033c16d89c8fd260e37856e476e6b18ce92ea8b727e4f3b7c97b0b3db902bb62f96d63c06aee44139b0cfdaaf406faf72a17a8198db991dec89bb154b626da91e8b6b8a360118e220709fffe6d8239e68d5bdcec252cc644b26fc21d4856477ec51666fa4f59a9c7383db4bd60206f3bb985fe953875c79d6f1cc3a597b941e9b81e7b97eeef81e487decdca0ad81275642076f71b88bf579887ba608cb44121f78\"","k_build":"418","dc5_server_salt":"\"1348f65e86de16a4\"","dc3_server_salt":"\"3b15db6ad06b2d32\"","user_auth":"{\"dcID\":2,\"date\":1697974354,\"id\":6608704365}","xt_instance":"{\"id\":3505093,\"idle\":true,\"time\":1697974369311}","dc":"2","dc4_auth_key":"\"3f0dd1e2b68468a93ceeeb9e115886ab8a44d5399e4d21a9edec561ac45a3f5992dcd4d0c70441a55bdf97c024e69d948e78af127b558d41a645a8c8ed09d84dcae1363ede6eb9be3013b822519efc8a970251159e1e86345ac0f8283743a5a61bb6bc76de90c368bf2bf39968fc60af7ce89cd33477be984e8137a5d734d8f15a16d25303820243e44602a370d5e5adfd34b80522499fe0b989341e077ef35174556a2bf99dee7c45428861c8698d5f76e2cefad027646a91d5ae9e89546e029beba23200917187c4698e73f7606770a15a30d7a226c565c5e209cd8be308bf687e0b8224ad285c41c1a60c9165fa1f0f651da6ba771f8b5a2aa5d353723c65\"","":"","dc2_auth_key":"\"0380d4a194628efbfc7d6dc3b1cf15ed897804983e43a8e18ef11ddf064d436f08d5601d3020566439d5742a9f8602787907209a7e41867606e3f34254fe03821c2b6af2e1c2a246eaae37b19b89182f1143749beb84cceb2789ea19d237ca2dcf32627210c3608f4efe02ee4e153246b1aeb79d26043f7a9129ffd80fcc1aeb5f362738aa5329c98d413f6e360397a710ef63f5022bcea60794d8fa76f99e9290d6d1a495670bc3ce5ef1c1c808eeb6add0e08c93f01f226c1a8c20c3bb50685457eb79c6c226f6c66c4a7bcf29c2ec4ca71cafdd5365b4a3b36438732bdeeeb4428a9571f603651b195e7311bc814c7b5aff5d38b301f9a053e4d65887d1dc\"","dc4_server_salt":"\"30d3110128a84b38\"","tgme_sync":"{\"canRedirect\":true,\"ts\":1697974354}","server_time_offset":"0","dc2_server_salt":"\"b8d8b9251cfe2938\"","state_id":"2790240259","auth_key_fingerprint":"\"0380d4a1\"","dc1_auth_key":"\"70ab5931de598120f404bb82d2296b12497c16df527bf8f5711ce0815dfb833c34f7257d03d340b0ac663fdda73b82174456ded4647253ae54d75c272aed77f351dfbf93b61a2a9ce17472b413aba5f4db1f45f19f543a7087aeeb161befad86eb3a6ff0eb22a92592be95891088edf65100808df06b7eecb243c4b35a1a97c5415267cc6ed0a998a85757c945ec1b491cc8ac5c5c6b79d526adc172341cc9d72d8257ff60b5a8e3471c3beb302623880ddcdd83fe3e79023325c95cc6ca3ef6cdf9a9d0293dbfe68f6ed2400c3995eb4eea9f81178abd4b2ce86d3393593f508929ce800e31e7746c76296c9b2dd8eafc43d96ac162a3f1bd9a3564227cdb2f\"","dc1_server_salt":"\"bd01d1fe4e7cb9c2\"","dc5_auth_key":"\"3d0f113fb0ab647849f6abde474c11ba1fa418c44fb480c1e996afdf4bfaf655a1133f52447daacd59a588a4aae9434a3f52e207e62cda0a7c7f571b7391915449b1f85f8d59827f587b6b43b985b459e20b164f47a5c20cb3b2d9c55785add346e59cd56fa334c3063ae370484247193b8ef3eb011e3a8bc264e4f64e0f692343173ede0af5ee522709413eb0c670bf936cf3606f04f6f11e21c077ae9fc494ea1bbdc4b698bfc0f5abebb1b7ad2570509f02ba6b78ac76293f406677903d4dace75857f5e3fb503737a30b1c8512ccb4281bcdca4a12f16a2a5635158ae002f49b021863801cb3ee280027496d0bb8bd672a2ea49ee1f15d061f89003fe1b6\"","tt-global-state":""}
VM60:1 —————-
undefined
