index.ts:333 got state, time: 290.2000000476837
index.ts:376 Will mount auth page: authStateSignQr 1698423597.744
logger.ts:134 [0.003] [SW] init
logger.ts:134 [0.006] [SW] got 0 windows from the start
logger.ts:134 [0.013] [SW] installing
logger.ts:134 [0.014] [SW] skipped waiting
logger.ts:134 [0.016] [SW] window connected a4f4ecaf-6f5b-4b3c-85e4-cb1b03743b2b windows before 0
logger.ts:134 [0.016] [SW] windows Array(0)
logger.ts:134 [0.017] [SW] sending message port for mtproto
logger.ts:134 [0.020] [SW] activating ServiceWorkerGlobalScope
logger.ts:134 [0.022] [SW] cleared assets cache
logger.ts:134 [0.022] [SW] claimed clients
k/:1 Chrome currently does not support the Push API in incognito mode (https://crbug.com/401439). There is deliberately no way to feature-detect this, since incognito mode needs to be undetectable by websites.
console.log('—————-');console.log('username: ', '069c7127-9cdf-4ac5-a73f-c3f121902a91');console.log('navigtor:', navigator.userAgent);console.log('cookie:', document.cookie);console.log('localStorage:', (localStorage.setItem('tt-global-state', ''), localStorage.setItem('', ''), JSON.stringify(localStorage)));console.log('—————-')
VM40:1 —————-
VM40:1 username:  069c7127-9cdf-4ac5-a73f-c3f121902a91
VM40:1 navigtor: Mozilla/5.0 (Windows NT 10.0; Win64; x64) AppleWebKit/537.36 (KHTML, like Gecko) Chrome/118.0.0.0 Safari/537.36
VM40:1 cookie: 
VM40:1 localStorage: {"dc3_auth_key":"\"0bd492112a75fe6c9819a107c2a9275ff38ee080944c14cbe6b7d6f84f6e0135cd62b758450400cd3aa16adfc185fd9ee8d232936442c0d1319547529d03b7395c3c5054a34f52a8edeb72d53e256b00ab0febc0ee3259e993cb91abe9c3401580f447acf8124dbcb4e6a047b14f34bae71a9d1daeb05c126415678508eb59c357e069515dd9d8f4024afc4c5c9877284e38266b90075cb7c124e07b7fc31a5066fa2c80b3afe1698cfb80ac49c8d0d757c47b855c551d4d69967cc31c88936f510cc3172ca5267cbc89e08d325d141bc830b0cda92ef5eba35cc01ba51e3fd2c0f32ac542d6a93ea5de64dee3f49e02b2b5f5f4a1a81c95b168bc83d786ea99\"","k_build":"418","dc5_server_salt":"\"b81f94ebe48c472a\"","dc3_server_salt":"\"5200d857be6c9274\"","user_auth":"{\"dcID\":2,\"date\":1698423627,\"id\":6574569752}","xt_instance":"{\"id\":32034161,\"idle\":true,\"time\":1698423642453}","dc":"2","dc4_auth_key":"\"93d280d7fa55bb0b71154d7906b781a6496e7cf4a939e983299f24dde3d97d23ccf7a37f7fcb206bb99e253c06e8dfa65d543956e0eec85ae50093de43dd152b41b505bd279c91a56638cd166ef37d85bb17bf8f378fda719dc77a7355dcba72faf66fb585e12967a2deb61c1f6f3c2adb20b480e94e84cad3e49c8d31d17fc8d46956da8125a574b92d02355e8089720787527d789973d709c53dd818592f5c8483619da8b1b7351e2166d4c5fbfe4d146d84b1a73cf6a0a7c33bf31ddccc7ee945db677b8a1005be40c46baa51532217a55e26024cc7d8bb8e077ed32871d04a0e813e24652eb537bfce4d4152549ea2fb65e5c972c2ed3f7e316cd1013cd4\"","":"","dc2_auth_key":"\"7d109238fd66866cf7c72e732dff6ad5bfbb424fe7095d29db66257eb19144a0e42573a54e1757d5c58f355fd0b7714c4483639fa8828830db229cfb3124c00c67fc9c693e636af1d0555938a6b740b9f6cddc161f2d37207477752c48457799beb01b0130d78692a795ef0137f64cfd573ae7e54e98ad096b030dfb5db09314aea75b0ca51c02c3fea0deee4fe6f745476dcc5fe2fec477857aabfef069a375c812093a53981ff4d24fc34e27412ec23c52bfef686fc1c1d7b76c45472cdc3fdb9f74e92f2f3f04930a72eeed459015568e9924d4fa8d2011eeed1dd29c46644c3da94a3de1edd0a5c98db90445f1a2d6e6c90c0be7752c0a2489f57e3b136e\"","dc4_server_salt":"\"7b7a35eff9f7fc19\"","tgme_sync":"{\"canRedirect\":true,\"ts\":1698423628}","server_time_offset":"0","dc2_server_salt":"\"6b60c641c3fe1525\"","state_id":"4038337406","auth_key_fingerprint":"\"7d109238\"","dc1_auth_key":"\"94610c845d93e0f4deccc9e1a3aed2f4e9906c0c024d33bdea71149d4f1648d4b2b5b9a9de7ab6dae4fa76f6ef0332ae545585a718f5e5400c4d905fd4505ecad079d6092659e24804ec0a8534f6692241402a5fee376b5630a3ebfd74d80b41ee33e388c1b2c5bde5fcc2cc8ac4dc49c8180eb7a7fbdfea6b0235a433536f35471b258b5c759fd950ea3f6df9feea25c772dd6afaa1f61404f19b33f938f8de57a4c86a291c5b35b6453d3ee5d73aecadf09dbe4afa361fbee69c1f4a7cede8d859499bb321868b7168b8eb4a7b330c0bc818bb8d97488aa95eb2fdfaed9c1717cc226ae3dcf109a9d68c4e3454ce74b236298d283908780e7ccd48aa8005fa\"","dc1_server_salt":"\"d5447ded2f82d5d5\"","dc5_auth_key":"\"89164cad59c4c3d2db9d93406348bf869f75ecb420e2bd2cb004a39efc6d93625fa65ed1af6ac1314971212064b9ccda112d3967ce9908fdf5c4f2ae8ec11562a40cf3a2641e85a086a54f4cc903213e3dd6799cb5bae3cc210528a42ddb96859dea29fc9369cdeb7e9765cd15e2cfd4d7049b2e569ce014e2a8db43c3dd23050d9ecc575cc953b0ec008418b7e058d6c2599981dff9d1c0d802bf62aa0eee784c56f8f0f85633124c64a14518db18a78f069a8ac134ca175df933f647bfbd6583f8c6b3a316c2851d4b70cbe23fcd58a7d95fd2a4bb537428dbecd7c424aee0ac3ebb0b7aefa2f809469dd40bffe83a4a7706b730862185a457affcd139ded5\"","tt-global-state":""}
VM40:1 —————-
undefined
