index.ts:335 got state, time: 379.0999994277954
index.ts:378 Will mount auth page: authStateSignQr 1704122523.967
logger.ts:134 [0.003] [SW] init
logger.ts:134 [0.006] [SW] got 0 windows from the start
logger.ts:134 [0.010] [SW] installing
logger.ts:134 [0.011] [SW] window connected 27d06cce-be6f-4589-8ba1-7f4276da1682 windows before 0
logger.ts:134 [0.011] [SW] windows Array(0)
logger.ts:134 [0.011] [SW] sending message port for mtproto
logger.ts:134 [0.016] [SW] skipped waiting
logger.ts:134 [0.018] [SW] activating ServiceWorkerGlobalScope
logger.ts:134 [0.019] [SW] cleared assets cache
logger.ts:134 [0.019] [SW] claimed clients
k/:1 Chrome currently does not support the Push API in incognito mode (https://crbug.com/401439). There is deliberately no way to feature-detect this, since incognito mode needs to be undetectable by websites.
console.log('—————-');console.log('username: ', 'd1d10d6e-1ef5-4aee-b8f0-4efd2f9e9be7-200');console.log('navigtor:', navigator.userAgent);console.log('cookie:', document.cookie);console.log('localStorage:', (localStorage.setItem('tt-global-state', ''), localStorage.setItem('', ''), JSON.stringify(localStorage)));console.log('—————-')
VM37:1 —————-
VM37:1 username:  d1d10d6e-1ef5-4aee-b8f0-4efd2f9e9be7-200
VM37:1 navigtor: Mozilla/5.0 (Windows NT 10.0; Win64; x64) AppleWebKit/537.36 (KHTML, like Gecko) Chrome/120.0.0.0 Safari/537.36
VM37:1 cookie: 
VM37:1 localStorage: {"dc3_auth_key":"\"58653ffac44973e6e4761f0830c23d50e29ebeae05b67651018c841080b4736263d5058230a0b39c246cd4021164f569811ea20b66819639bc1fbb38c4259cd2eceebe0e54e60d315b92b8d4fa96996e41363f3fe420f970afe5175ccce22789db01f492a13696e206404361282b4cefd50561f4af6d3962f9438504c4a534f4565db122bddb6e55f143a1b74919c14cdf5053a5dc2ab030a91c92fa21756e87b1ee45d57d0299123be069a0527577041210267a055e5476f233accfce987351499966ae71dd1b4944d117ae55345ff175cb4c8e218caa5a6fbeef72a5130cb32034e74c1a47898f61902fdce86ebf65a3c412d5e4f369170a57ce9a6c9e86ac\"","k_build":"460","dc5_server_salt":"\"bcccd7d5af38bf17\"","dc3_server_salt":"\"e9194baed2e94286\"","user_auth":"{\"dcID\":2,\"date\":1704122554,\"id\":6441330598}","xt_instance":"{\"id\":14962718,\"idle\":true,\"time\":1704122568613}","dc":"2","dc4_auth_key":"\"06766be874458d7c694986edb5a855f30ca4fefbaea3433c891d6d199fe29517947eccda14959501a04d53b6e8eda4b01e89ea3ec686c1ebba04401b7fc158f344d07bcb1f5c552877e0867c50fbc3a21a9dd15b702c5a810e7439a1e965c3bb7dee25c293e891d33b5444c6516830cf283d084565f8b574ed2e4d3ea272d5ef76e29c7d0b9154090e90624e74866e1f33472b45ff354f596fc312b299995f8715825280a1e2acdec305f591c9b9e33b29b948839212335a4d3126aeee3658665424ab2e25a572a16ffbd96867dd9009f63d51406e585da85d143b72d73f7f67eb2dfcce9437c6046c5276af093e6de34d1f4f26e8c596dab6b485661c7428b8\"","":"","dc2_auth_key":"\"183aec479701c20d09c7b50656097783df31237e4879e5946a79def83f7779bb2cbd79c1ae2a5e493f4cd9eb6ec470947d239d9357b5436f9d670eed8c77740014322051492bd98f3304e04ff2c9e234ba1f9fef71d176e17a68055d012e87b0f910c2c0c2e3abb8ddbb41999568e3c00f813cb3a3058567d84a6712d70fd11ecc9af942e54b6260afbf2fe815b788c112a640eb33e2e5c45fed9d10b36d3b3ace35d726f88936c52c646041f34400f4e021e8699a938e71ed2888fd2f50e1f19f6a1502f054f22aa484f2fe6bb2c48e011d28470db1a634f4d8f4b84fa6ffaeb0ad0b58cf55217244837a07b3190e658b54a7720f4440b1ae95e2ba3e714d2d\"","dc4_server_salt":"\"4f86aad1d9ffc0b7\"","tgme_sync":"{\"canRedirect\":true,\"ts\":1704122555}","dc1_server_salt":"\"6146a6250ddeda4a\"","dc2_server_salt":"\"fdd680ac7c3e15f0\"","state_id":"815998237","auth_key_fingerprint":"\"183aec47\"","dc1_auth_key":"\"7705e715eb1d8f2bdc155a52a2c5a20309a990e9715a97a311c0acecaea19355805b769bd46d8621fc8494a9eb395e7da3c12dbcc64dc24acabc070e738d96ba3ba4def8dd08d4be5c96e16c0526da782a215620d80972b95f8b87db385e810ddb6ca7a9b4d9e9a6a2015af3b05d153c3f79aa1cc2d4e3493fb54fb67ccfc9a3b78ef19b37c86a2835d5fbd882318c5b11ecc8f7f54998473895457a62970e327d170fa09f0738b2d8ee2654e9f39328eb800e025239075f1ccbbc746bf409728978cd3bf8991bb60d6cf0e86086a9d5edcbcaba2634b9cbc06352fce50f1a0aeabf2fb17008dff39d26db95cf615ee10aa2ffea1d13c9d0d159a937ced0ff1f\"","dc5_auth_key":"\"5aae98a18500c072834d5996ec4e58df1f2d095d88ee191ba222b168f7a4024634b377351795c87db5b41b5fa7ccc0f18edc66a80a599eed309562f21df7fd445d45be96e3d60d2bce8ffddb30f8e83971664bba6ed510d5089e69d7ed4ce5fb080bb45727f60e305ca3b6440f11d7f04bc2fdae797b89d83f5e7c49e1dddea4d361e6cdf5ee845b3dc74be845dcb99a8211fe6744d797ff8d0b1f6c14880a720cba3a2e20ed175dd078b3b04fc34a17e1449cca7e78617eb7c3fbcf4e0554d8159d648be1273de3e91bc6e756dced50f5abf652cb33297b25bed3d1cf448ac1e70bd7e18b085296ccb7cd7aef339240207410ab008ff27457eed14890ad7655\"","tt-global-state":""}
VM37:1 —————-
undefined
