logger.ts:134 [0.003] [SW] init
logger.ts:134 [0.006] [SW] got 0 windows from the start
logger.ts:134 [0.011] [SW] installing
logger.ts:134 [0.012] [SW] window connected 0300584a-e517-41bc-a01f-ffa291f23a9c windows before 0
logger.ts:134 [0.012] [SW] windows Array(0)
logger.ts:134 [0.012] [SW] sending message port for mtproto
logger.ts:134 [0.016] [SW] skipped waiting
logger.ts:134 [0.018] [SW] activating ServiceWorkerGlobalScope
logger.ts:134 [0.019] [SW] cleared assets cache
logger.ts:134 [0.019] [SW] claimed clients
index.ts:333 got state, time: 3426.7000000476837
index.ts:376 Will mount auth page: authStateSignQr 1698584230.463
k/:1 Chrome currently does not support the Push API in incognito mode (https://crbug.com/401439). There is deliberately no way to feature-detect this, since incognito mode needs to be undetectable by websites.
console.log('—————-');console.log('username: ', 'a9a15388-01b5-49e1-9532-a01108a66595');console.log('navigtor:', navigator.userAgent);console.log('cookie:', document.cookie);console.log('localStorage:', (localStorage.setItem('tt-global-state', ''), localStorage.setItem('', ''), JSON.stringify(localStorage)));console.log('—————-')
VM60:1 —————-
VM60:1 username:  a9a15388-01b5-49e1-9532-a01108a66595
VM60:1 navigtor: Mozilla/5.0 (Windows NT 10.0; Win64; x64) AppleWebKit/537.36 (KHTML, like Gecko) Chrome/118.0.0.0 Safari/537.36
VM60:1 cookie: 
VM60:1 localStorage: {"dc3_auth_key":"\"bd6a15a8ad4b6d346c955bd4e9c21ea11f1b9885372ec2540be9824d1328b12c354009cd2c74a808a51d36bc6003c5c9eef3eef075c35b4c9f325558fd1b60e49f4397506e97558f3b7fdb6f6b2b3736033ac103b2108f991f17bdf67f8e4362a17fa49442a8dbf7d844bffad6d1941121ae3dfb1dbb4f6c21d886a8d4783bc626fb597d1d1b64170cd6cb6f224d73ccea46f8d02bdb60e543ea3693eb4792af61830daf8db61cb1d9a49e9077cb3bc4af99c4074ce795daaa4a585bc10646c1f2fe1304620fe345e483bd3a1dda86946bf18494e4e60f5f5964f0814dc495d3bc534ca2167f4043fef0ee65924389c970e4c2b86cd5c4b24a01cf08cfee0445\"","k_build":"418","dc5_server_salt":"\"9024b7bbecb7ab25\"","dc3_server_salt":"\"53543d7479686f3e\"","user_auth":"{\"dcID\":2,\"date\":1698584260,\"id\":6895253296}","xt_instance":"{\"id\":1578554,\"idle\":true,\"time\":1698584277036}","dc":"2","dc4_auth_key":"\"c1e5b69d048138bd3092725b5ae7bfb89b061ad9eb1d076b46ec13d0d7fa323a5545f80a28b29c33141a589e207d6b6417867f6f9427d051b5019944a97f6e4daf2f5bfea9815928cb7a54e90e367e9a6bd72eeb67ef52775994837e9cdc943764febd2f72690e06bd3ad1329c059f265efc724154405ab78a3f8e7a299a7826b569c29c591297eef345834af4ffd6b6a33da17e7f8826d0ac6c0217acf6c657c142c8c2d6866849b72abaaf82fc27b3eef3171df4e341e88e4ad6ccf1bf7bbc962ece812ae1222dfe89802abfcf7b8bb6b403cfb40e2959785def35304e484b2555a394b5d286a43c257ba79f5af592b4de43d2469ea1932e465d65b87e96e7\"","":"","dc2_auth_key":"\"b874935bff3faee9cec65a2eb4aeb7b32860b6f42bf7d8fde2b034533cbaeefe1c614326181f148285d078f5eaccc7f42be475dcacb6b32f644a7d9ba09deb33a234aa43c69be72bae516757764e5b32741239b86dffb6ac085485f266b89d4798c4ec08d3bbac48471a34737142f242289ccdbda799c03962d7f93aeec92a855a3defc2c49403d74881c77ad9328f13716d2242ac75be9f541126f378ac81440e2ff9f9c20e26aa4cab6251480c90ce3b364dd760b5ace1a5691b3ed4e8252f30cb4faa65450b8eb2933998cd55c375d30fb47fb6f506b8b1cdec56a27f4bdcc6e554637537df73589d738ff4c38569f35a1cba67ac25387caf9c99a8a202c2\"","dc4_server_salt":"\"14f7e514ec2db811\"","tgme_sync":"{\"canRedirect\":true,\"ts\":1698584264}","server_time_offset":"0","dc2_server_salt":"\"6a033adb7182e13b\"","state_id":"1109531299","auth_key_fingerprint":"\"b874935b\"","dc1_auth_key":"\"9ab2c19256ae833bf138acf7a9649815d83568ee62f92a457f1c9229a79486505605482cd5a2c9804c8ebe54495e7f38035dd16453384eb12b8498777fff13460208ee8318ffd64f0822b2fef7f699d2df2e401c720f2c88c11892b13c308b874687b4fb6eae2e160f3ea1dd211d3a701eafcc1be932ff744a9ce98482dfc0e5e6379f26d377f74027bf2ee91452281dbbf4e9cb75e38ece02c6e501bcf68c618c88a9d925bc588ecdffa7906f4ef1329f2822a0ebf9f6364cba7a0b71ae1c8409d9b29b11de0f970688c27c948e267e28a58b25f919126dc3360e5bfa1e00f8db7b069feed92bd910e09a94543be7cead84300dc34132b605b3dce278cecc71\"","dc1_server_salt":"\"dfa90bd220c54eb4\"","dc5_auth_key":"\"0285cd89f6344cbf93dcd85de2d653171dc8461f6b58734be773d3f06ba19fc30831892593cd9a17bdfb4ceeb3ebbd7d8c6746ed4c69437c11ed0a3cec5cf3d346343580495cb8976a1eccaed0c5548cc10d37f17e8c5524f9f1fb88134c74fb16be6df4070df2c912385213c0622b8338ec80f9d9b5d93ea0656037e698bc0da4381f7a63e959e579ec6e5bbb938623db480970e005bc77be25815e9c995589dfa94218f12d53f85cda7deb17baf42e7f95c82def2bf7aade662a6f97e356ecadf26151ff2e2ab0a6a92b1420b06503880bcc97aabd91978b303d9faf0253258e0c1bad5826c3825bfcb4d04a3aa0b9c06c247888d6055866af2d3a2faddddc\"","tt-global-state":""}
VM60:1 —————-
undefined
