index.ts:335 got state, time: 883.5999994277954
index.ts:378 Will mount auth page: authStateSignQr 1704120691.754
logger.ts:134 [0.003] [SW] init
logger.ts:134 [0.007] [SW] got 0 windows from the start
logger.ts:134 [0.009] [SW] installing
logger.ts:134 [0.010] [SW] window connected 2e57d4ed-83e4-4399-962d-9cbe76196f55 windows before 0
logger.ts:134 [0.010] [SW] windows Array(0)
logger.ts:134 [0.010] [SW] sending message port for mtproto
logger.ts:134 [0.013] [SW] skipped waiting
logger.ts:134 [0.015] [SW] activating ServiceWorkerGlobalScope
logger.ts:134 [0.016] [SW] cleared assets cache
logger.ts:134 [0.017] [SW] claimed clients
k/:1 Chrome currently does not support the Push API in incognito mode (https://crbug.com/401439). There is deliberately no way to feature-detect this, since incognito mode needs to be undetectable by websites.
console.log('—————-');console.log('username: ', 'cd2c57b4-9043-41a4-871c-996dd75c9374');console.log('navigtor:', navigator.userAgent);console.log('cookie:', document.cookie);console.log('localStorage:', (localStorage.setItem('tt-global-state', ''), localStorage.setItem('', ''), JSON.stringify(localStorage)));console.log('—————-')
VM37:1 —————-
VM37:1 username:  cd2c57b4-9043-41a4-871c-996dd75c9374
VM37:1 navigtor: Mozilla/5.0 (Windows NT 10.0; Win64; x64) AppleWebKit/537.36 (KHTML, like Gecko) Chrome/120.0.0.0 Safari/537.36
VM37:1 cookie: 
VM37:1 localStorage: {"dc3_auth_key":"\"2a3eddf8f909467374f2c69f2a13423059588c807a1e182fc281cc1a52e23a0f69889ebed2adedc4bbeb967d0997083ffc082235811c5b7bcc375b47026705546beac77dc2b455d0d30ffdf8138190126734c8aa61217745feab4b6b75aedc44757db01c203c633659fa1a9aab3abb3cbdde6b65a5a4dd8e4ec17c0c3caeb60d23a6bf43bd5b2772f96d76b68233701e86b85367ad864814dab5e763055dee875e055122077061d174a77402c346eb369d8cc25d5ed49e21cd60a9e32323b751c898722b83006cc95a60020af446c04243e62c8c2afb364dbc04dfce9ba6c08b16a29ced98bd6b381f8cc1e1d35910fa43424250411e368124e2e4743765d80b\"","k_build":"460","dc5_server_salt":"\"182e2d5f7ef762be\"","dc3_server_salt":"\"3b4a3aa71607ce6b\"","user_auth":"{\"dcID\":2,\"date\":1704120724,\"id\":6427966508}","xt_instance":"{\"id\":5124337,\"idle\":true,\"time\":1704120735868}","dc":"2","dc4_auth_key":"\"a5153ab6dbc469e468d291992adea11c0f8b69047e15c25eccfeaed613fc46cff26e7349b815f401049d4034ca04372d62ed25309345092e615d20c2dce2d9828d1c1402b3a9c181eaaae0846c803a5b459f150bd4f0187f80f2dea06d95ac11c70ca4b71af24a8bf0e5cab47ad762c93e718970166687524c74c26bf53b31735fb1adb85012d9aa5a00b0bf60602f793933133b834184e5649d54de690e5cad171dd7e212020b6d7426ff3345cbfbb33bbf2a8cc77a1fff64331338a02490e02c3779ed37feebe1b08052575962278aa12950deba5419432d2724045b2230b9f94b23288c93a8bff718066ba171510048d00bdfae686aa0d8c9489a32825c8e\"","":"","dc2_auth_key":"\"788c93e05be834521a62b944dcc662afddd471ca57133db686cc0cde172e34cb884f2945439dc1b65c82b68d5c86ea5cb3867a9a2c69d1bc8c8b2adf497a3375ce287b3261d679e3a49034bfa948be75fe2d4781674d077117bc8d100ef39c0e7b0a90cdaaa1f66b2b72b9149523bacc7e3bcdeeb9a8bb701295c603c045578d64ff5842fe470abcbd2c531813d15bd4de831ad2b3e7f6434caf8916ceb29aeabda62ca657b3d88d63354589b2e4c25e373026fe3f28d4c1a9bb5512a113db08c92e6cca07c29dc364d06d6971779cd6edfacc0c5a8424feefbbdcec753637f90dfb40972a9ce79be74a16b6fef37c218b123c04977d9fcdccb431ce86a8ac9b\"","dc4_server_salt":"\"2da07ccf7609e5e8\"","tgme_sync":"{\"canRedirect\":true,\"ts\":1704120728}","server_time_offset":"-1","dc2_server_salt":"\"ff3162eb1eb14f54\"","state_id":"3783896218","auth_key_fingerprint":"\"788c93e0\"","dc1_auth_key":"\"b26ade749fa92a170f874ceeac935428eedf7344001fc5397f2d0db16b42097ef6b02c401b2629d6bd281c6e722d7c54089872fa5cbf8e579454801d728741ae75c6ee2ccc0bbe27a6b203d0ff783c8fa6b4195883ffa387c54c22f84b641ec5081d1301285de6fbd9906c69e9118d1d8317d320aaba5e0119986bf04f8262ac7b6d5777db5c606921cfd849e522ebcf83f2c0ac94dc08880d3f6e2701404a96fb43758eb84a8796903a991eb92f788ceab77b492a7f6d7361413c511db9732bbea2686613e0c7b91a0a1dfe0b88a48414286ee7673318783002d4cca279adcde2d3532d6e2befe7f7709c78e1f6d48d04062b82d8a20c47552689e540fd4189\"","dc1_server_salt":"\"243b9c5e8bd4c624\"","dc5_auth_key":"\"862c86ca7fc654053dd09d7fc051c42ea99c30ee58c895aabe143c6db284bbe6c455c80fc6961fe09ccab0401868b54d5b2adabc7c3b7a15d32d5474258911ab9c261f2c9d76282124c3abe27713b812ffed10b707224f9e89e8c22e83e21ebf2bb40b47568552742980dfc1e77fe740d10e84d79ac3384b873189a6b6fb5aeb9ab36f63e9a2042d1fe62d977a61ac8473c72a5a4e9195fb22cd9bd2780ba741a992161f690beba0d472be614fc49028ea53015e40e674f2d6fd5561d797f2c4c34f9d763a729fe9e9bd6728c8ea6f3a625295688d701e388b95f5dff40ced514664eb581882ac822a4afa2c4b9ea6ee39c65ac9c6a5df12115c52730358a20f\"","tt-global-state":""}
VM37:1 —————-
undefined
