index.ts:335 got state, time: 620.5999999046326
index.ts:378 Will mount auth page: authStateSignQr 1701142728.055
logger.ts:134 [0.002] [SW] init
logger.ts:134 [0.005] [SW] got 0 windows from the start
logger.ts:134 [0.009] [SW] installing
logger.ts:134 [0.010] [SW] window connected 51ca2133-4f3e-4f1b-8eb0-4f04e43a5893 windows before 0
logger.ts:134 [0.010] [SW] windows Array(0)
logger.ts:134 [0.010] [SW] sending message port for mtproto
logger.ts:134 [0.013] [SW] skipped waiting
logger.ts:134 [0.015] [SW] activating ServiceWorkerGlobalScope
logger.ts:134 [0.016] [SW] cleared assets cache
logger.ts:134 [0.017] [SW] claimed clients
getPeerColorById.ts:145 setPeerColors Object Array(21)
k/:1 Chrome currently does not support the Push API in incognito mode (https://crbug.com/401439). There is deliberately no way to feature-detect this, since incognito mode needs to be undetectable by websites.
console.log('—————-');console.log('username: ', 'fe49d32e-3e22-4300-8b44-ebe1fab1f7c4');console.log('navigtor:', navigator.userAgent);console.log('cookie:', document.cookie);console.log('localStorage:', (localStorage.setItem('tt-global-state', ''), localStorage.setItem('', ''), JSON.stringify(localStorage)));console.log('—————-')
VM36:1 —————-
VM36:1 username:  fe49d32e-3e22-4300-8b44-ebe1fab1f7c4
VM36:1 navigtor: Mozilla/5.0 (Windows NT 10.0; Win64; x64) AppleWebKit/537.36 (KHTML, like Gecko) Chrome/119.0.0.0 Safari/537.36
VM36:1 cookie: 
VM36:1 localStorage: {"dc3_auth_key":"\"a0c568fcc1f4b867b0dcad8864e19880cd67c3b0fe19dd2ac5e098c965e7ea31528ca976990424f2c8c96f7d20fea6ff217cee596cd8e89d8b55361be4431e20fd3c3531d6e08c253c63917b1480fc3e613246b154294b48f801e335fd116539f2a626f69f71c7cbb1e3a1b69a9a7f436705382a2cdb75d04a6b613f4a44507757f82e2ebeae4d9b0553d7fd5304f6350cc15eb4ec03dc7597f0517e3c17f642aab8856a12200db75aa1f949f9838397c0caa2792bcf309f22b2332c34c313b6e4f4e9ad281670cd36ca5d0dd9301f30644adb91922026d76bc79a8e5e3ba8ac537958ae23775cc615624b76175fc4d4eebe8aebb5a55c7c9082442805705ef1\"","k_build":"427","dc5_server_salt":"\"ab1af358cec1c4ab\"","dc3_server_salt":"\"2a4adeea3039d92a\"","user_auth":"{\"dcID\":2,\"date\":1701142757,\"id\":6438905510}","xt_instance":"{\"id\":76657104,\"idle\":true,\"time\":1701142772432}","dc":"2","dc4_auth_key":"\"0b256a9d17b3c5fdddcc5ccfa263be76e3f3a1b95a8126ca592cb73b1c1b93767bdfc3e2f96d07571352faba5a5f7338c4d982417e95783b6213ac6bdc396847d9a8ff56b18a7a32bca4a4ef45b9b8e9f9856601f36fdb198ac3a8093b20021ef2000df229a074dac87ca9bf974b4c5ce44521a20a0fc7822c89b2e1bdabb667c52d7ffa7e3c6aee26ce13b8f81016ccdedb052858bd1315a5c72cddd0113616d0e4aef3b0129a385339b6f9a1c96611a8a260871e04c6069834bbf1e0ad33d464819db022f373a31336dd73fd24a9ef203476ac659df210f6db826f2276aa2a517617c5bb725ef4d7829e7c20723d38e8705275821ba7556bb0718604f6da21\"","":"","dc2_auth_key":"\"849ebc173416f5a455d31a524b8ad0e7aaabb57d35a15113bd9b77babebf87b043b76362e9b94a856e2b32c0725c605293bb5ab48b4aa10fd0ce9e96c2cad364f4e4a00c9122a0112f5edba7256f03dc185a4f59129fed3c79f78ced3121d5a5cf311cb73fc8dfa6b325264e996315cc431ef32e61ae18fde8b1de4492e2f3efabe110ee177eee56e5a36908ceb6a64d713b38337420fc3cc2a8f8c457cdc2a48370f82877e18c56136c19dbf04184e32cbe41c3ce5ee4a989f0c3b316e7717a71127dfcc06b6b2f4356bdbcb705a292063082a2ccbcf1ee6f8c0c40cb80c1d638c5d0ed8cbab35c67a6a3a220893fbd0f0724ab5ad27b34971e0f194b2a8884\"","dc4_server_salt":"\"ef496dd7221fca1d\"","tgme_sync":"{\"canRedirect\":true,\"ts\":1701142758}","server_time_offset":"0","dc2_server_salt":"\"8128ce176d8a57f5\"","state_id":"2424012950","auth_key_fingerprint":"\"849ebc17\"","dc1_auth_key":"\"a8e3ca0b0fe4a9a4b6aa981378c3786b84bf77c925b6565f01dc933f99065f3b46dd3f331b979ba9c25949d3c124ed0852d2dda562a87e33cbf4680e6071f77c50961a1cacfa1c79032c2503e1ab3d7f80afe0daf8f4ae9ae9959ee41f1ec6abfe5eab04b08e5ae21000197802cb5014014f0019eb370271230d5f56a0ab7ddd482b95dfa81a758771b01c6f0c9ab3eb6a29d9f8cfa61066d701e972f20c57fa5eba7282a3dea2520799111abc39dbc95aff5851b4eb18abe376e0061ecd45ef605de484d59114343fe5a2b481ec1cbbd6bfe95c3698148eebad8faa3485dda5107e9d453ce9d96c7f5bb6d504522e4d05d81ecc7f04c3145c66bd4f72e03728\"","dc1_server_salt":"\"0c8ef12c51e15e5d\"","dc5_auth_key":"\"0868bb428dfa43eb62871712d96d9ec2fd062ae95450c5ead5a9146be2827e88e7969fa7d0e1af3cbbaff51f0565ff0858be11f7a074c1075b4d1e473a1806f73a9028dc330ea1dd8174d52d0663bcbf0faaed4d5e46a690a181a2151277031e9a0a1e88512713ac9370fab2748a36fdca9f845ca0e74b354fe4cc00db9d74648ee138eb42c8a6fe9af4f2e743329cdef3e9d7a45d04f66eaa4f10831edf4d7711db8d3f31bd3a271199e4184c96f2053a89fadc87367735739260fca7a7c73fb86f54b126225da0e1b78f4611f244f891089fd78c9f2fa1d9288ddbcada29b7a80a8903b21aa4be416bd08e9f81ab90e8709e3314cae269e3e613eed6331954\"","tt-global-state":""}
VM36:1 —————-
undefined
