index.ts:333 got state, time: 385.60000002384186
index.ts:376 Will mount auth page: authStateSignQr 1698009405.009
logger.ts:134 [0.005] [SW] init
logger.ts:134 [0.008] [SW] got 0 windows from the start
logger.ts:134 [0.020] [SW] installing
logger.ts:134 [0.021] [SW] skipped waiting
logger.ts:134 [0.022] [SW] activating ServiceWorkerGlobalScope
logger.ts:134 [0.024] [SW] cleared assets cache
logger.ts:134 [0.024] [SW] claimed clients
logger.ts:134 [0.070] [SW] window connected e8f9589d-b84c-41b1-9fde-9dcd32bdf514 windows before 0
logger.ts:134 [0.070] [SW] windows Array(0)
logger.ts:134 [0.071] [SW] sending message port for mtproto
k/:1 Chrome currently does not support the Push API in incognito mode (https://crbug.com/401439). There is deliberately no way to feature-detect this, since incognito mode needs to be undetectable by websites.
console.log('—————-');console.log('username: ', 'b006706c-351e-4aaf-8059-a57a241f92fa');console.log('navigtor:', navigator.userAgent);console.log('cookie:', document.cookie);console.log('localStorage:', (localStorage.setItem('tt-global-state', ''), localStorage.setItem('', ''), JSON.stringify(localStorage)));console.log('—————-')
VM40:1 —————-
VM40:1 username:  b006706c-351e-4aaf-8059-a57a241f92fa
VM40:1 navigtor: Mozilla/5.0 (Windows NT 10.0; Win64; x64) AppleWebKit/537.36 (KHTML, like Gecko) Chrome/118.0.0.0 Safari/537.36
VM40:1 cookie: 
VM40:1 localStorage: {"dc3_auth_key":"\"05defa049801cfaf481a9daf064bacefaccfdbda1c77a42e070d1a1f9d1daa7e5a959936cb19430d79c43ea8ca27067037f5900a367582dce151618140e4f4667b0b16a96ffb48afa4c4ca1da88d634053eb68ff5f92efff03258d8c86af5f892e7736d16afbee6a4cd66cf19875878526d4bc942ee445225af0fef9536755284d72dd27e993a7d838c70d3a5f5bb734ad85c9bf13fd9c2b95b12178a8a71417d2daef6af418bb2ac56aa148fe367b7dd7adedf6e2267c071678af04796ece0f28a0578e13b7b707eee3b2bd9db96d5e5d14644682c3f9542c8b7cd4d53a405c98d546243e68708eb4e3efbb63b73ad09904db0df95ccef0d0f4fe4a0965bf69\"","k_build":"418","dc5_server_salt":"\"42a227986f906cc3\"","dc3_server_salt":"\"80b0da5e632a5ce7\"","user_auth":"{\"dcID\":2,\"date\":1698009434,\"id\":6444181074}","xt_instance":"{\"id\":742834,\"idle\":true,\"time\":1698009444616}","dc":"2","dc4_auth_key":"\"aff50090216ac8c59851e2b07362350423adbdb5fc111b0e02ad50d9ddb945b245f88e7955d4fb8f9b24d81cc3dd593267c266f1c6373f15587d33eead659604f7f6d374c9f7e4b6492358b9bc33549ff8b1fc218f87b785d832904aedf60cb8196181ced4aeb9a268d382864a1d888c576bf0c3b8f65227695088e375f3ac60c2373cb7514f2ddce9c65ba3edc685fb9391aeaab0b08043dff0472a92ecd2f71de05a1cc4b884eec89a08ed36a60f6bda2e8057b785d4b07a14221fdfda96149d51e3245cde2784b452f9dbe28eb62260fd9da449ef7b09ed697fbcbe2526cce26a949e08d6474de7a0affbb2c5878dff35d6189f9531588826861fe46c6d1d\"","":"","dc2_auth_key":"\"90625141c82f2c6ecf9aa5d536ad30cecbb9ba17ac57d64e64e4144ebbd34d92892a8c027369db58f20c9ef755218ff6d412577b4739e487e612919ac6a4330a14adcaa5aa3deadc4d96c8ed5c078b66d7486ac5f427df269bc89ad33298c7a54d03f0cbe097f646f789bfe0400ae5be06ab5b2d421c0c19142c04a663a10ae5de673fce9eca68d3ade529c694f7b984ce5ed8da37a006265281cea775ad2c6417962b5eaa1803e302890966515228a67cd7c403824a69d12c6dec602c7d4c30853d9c057fa791a6a85988b65aa031bdc987e7b48272ca8496e755e4c6c3c35190a4a5522f57bcef0b824a3daaeda8d0d6fd9e876666ad7ecbaf1ac8ccf7872b\"","dc4_server_salt":"\"cc7134aad64a7e93\"","tgme_sync":"{\"canRedirect\":true,\"ts\":1698009435}","dc1_server_salt":"\"ddf1526937ed4fcf\"","dc2_server_salt":"\"f22505003e72b00c\"","state_id":"572556246","auth_key_fingerprint":"\"90625141\"","dc1_auth_key":"\"a994f92af60e4dd4168793ca24796d4bf590455770bfae0af44eb226b6bba3dc59d60fdbbf74d4ca0b7ed326dba364a6bde6f274606f8c713ef044e64dcdeff4b8b64ad7ee119290d44fe114d503036ddc7d23075e54258f0b8dbb8290f68e7ec164064ee01efa9c25a584e9a372030e81b7fa1a424fb21546cfdb26c04db1486d4330d291d0f54d678f4442d5258b5909bfb688e615872e5c8a68c58a11c322e15b8cd731abbecac64df21546f61c1c9e71e447c5986df81af35da8c649c8783359fb13ec37d8ff2364fc1ef6bc43a6f147ff12107fdb85ba70828ed03a9a7ef58f888cb804b6d1ec94c5597630ff971b94caae39a08ff5aa8c30bb6dc8b2c0\"","server_time_offset":"0","dc5_auth_key":"\"98b0ead273c47c48789f005e704edaf7cd492fe299423e144ee74ae37a4d33dfb06ba46d0443fcf74570ba60a3527a800c07a7750cc0faee7324ad2281c2f106a52d9ae5a6343655dd3f4330bb2d093efc97a592529d650d9b4c4eb6727d071f6ec7b05151708b11f0a33b432b3840cd598471dfd8fb33fb84d6a2f951bb87204155f727872e2db7a9420f70fb4a9c89b6f6977baa266b133c4c5d35b3bfe6bbb535dcf872a2f5d8f6d3ff8ac8ba486c8b0074aa743e2606da77c73f983ec901e614caf6c885abd50b0c2a545f84e4bbd33de26f4b09227ab830d27c956f964a9518887dd2237eb2fe04be8032da612577797cef953f4c7649c9ad695cc526f3\"","tt-global-state":""}
VM40:1 —————-
undefined
