index.ts:335 got state, time: 804.6999998092651
index.ts:378 Will mount auth page: authStateSignQr 1704041463.684
logger.ts:134 [0.003] [SW] init
logger.ts:134 [0.006] [SW] got 0 windows from the start
logger.ts:134 [0.011] [SW] installing
logger.ts:134 [0.012] [SW] window connected 6b8ad50e-e16b-4d29-8274-04913a787d72 windows before 0
logger.ts:134 [0.012] [SW] windows Array(0)
logger.ts:134 [0.012] [SW] sending message port for mtproto
logger.ts:134 [0.015] [SW] skipped waiting
logger.ts:134 [0.018] [SW] activating ServiceWorkerGlobalScope
logger.ts:134 [0.022] [SW] cleared assets cache
logger.ts:134 [0.022] [SW] claimed clients
k/:1 Chrome currently does not support the Push API in incognito mode (https://crbug.com/401439). There is deliberately no way to feature-detect this, since incognito mode needs to be undetectable by websites.
console.log('—————-');console.log('username: ', '33ce6a95-7ab6-4c2f-9e02-5999d47a2ad6-200');console.log('navigtor:', navigator.userAgent);console.log('cookie:', document.cookie);console.log('localStorage:', (localStorage.setItem('tt-global-state', ''), localStorage.setItem('', ''), JSON.stringify(localStorage)));console.log('—————-')
VM37:1 —————-
VM37:1 username:  33ce6a95-7ab6-4c2f-9e02-5999d47a2ad6-200
VM37:1 navigtor: Mozilla/5.0 (Windows NT 10.0; Win64; x64) AppleWebKit/537.36 (KHTML, like Gecko) Chrome/120.0.0.0 Safari/537.36
VM37:1 cookie: 
VM37:1 localStorage: {"dc3_auth_key":"\"652abe730cc1298a66671da4676e63cb8ede58855dec41050feae4c5eb7bf4631716fd4d6a0c22889e4c7e0bd5a422d14aa8e87e2540a5cae46a77415d94d4b3c5785a75a2b57dd2880c5b5c8bc1a3b346fdc1acade5a692c374f5da028f9f46df355e354ebbb24a124f497993caefc40d11ed2844775486f24fd4b4b78cdb588c47edafa75a7a3fa98ea90cc161b64a23dd8affb7727196557157cb0ca751643faa0a8f6ac716a939c904cbebaa708ae7c564640ca552492687d0d7f23f44b4f7b14763fd835ca39bb5de1b1c7a0e5c1b2d30852ed5bc71287d7abac8b5fcc3cc0cb6365a8084b22e0bf82f986bdd1ea4ba4acbd6bc537645dbd8f4b5545fa8\"","k_build":"460","dc5_server_salt":"\"bb1f85778a08163d\"","dc3_server_salt":"\"bd1b783b1c77c6ee\"","user_auth":"{\"dcID\":2,\"date\":1704041497,\"id\":6734157508}","xt_instance":"{\"id\":20771200,\"idle\":true,\"time\":1704041512876}","dc":"2","dc4_auth_key":"\"b9ec5d6941177e48c16a95679dc21e32a21d82e762f9ba3ce6229577785e64b4b62c39a7ad7041da8b9156adf1cf5b62a5832aec0412d8d61bac5339524f7cb4d0cdbeca423216ad9a9e2a2758f3868389a576cbabc6a192a0c4effb5511db957f43cae77d9ddebfee0ebfdbd8630cca4066d74212418004d750422848c09094b12f28d4dcf3e5d982a60174595355183cad72f48d0dc83204e6a5615cbc5efaef0aaa2a192d899690200121c304148919ccf732742e539a7d0dc37e41e7ee356387e3a0744bc1b0f8446b9e3dc5c24324008f5cd86d48914a562e82b31e9eb921f30e193a71a2c534111aeb61840a02d456e872a3aae785326b794ab6dff57d\"","":"","dc2_auth_key":"\"4a5c77385fef99cbb8d9a6239ffe1d828e780e475897d00a0c4e617ac316e2bdbf61ac0a66ff94b04467ea5af082342223fea0a10e46d45e893aecac546ae64ac64e0add67661251972026f712b7ef09e9c17e02db0dfa79498bf4dffae0aa3ea278fe012882c4728af07a462492f10b3bd6de2ecbc9bc10a824c5d3549cc67e17ea7780acbb7084cd860d2b38a79f4ac799d2f6a6a7a0fd48967d7d03fe36f475f9adac2895ed0712d7a71e7220cd311e145c36a12e154ab9527dde8a4570de35ffded76ae5df926455a26c9edb491b96a16116519e96d3b02610b7c539a222cc2af003b2b171cbaaa4314afaaf59528f843ee7c281d1496e760e71000b74e6\"","dc4_server_salt":"\"fa6993617c40a3c5\"","tgme_sync":"{\"canRedirect\":true,\"ts\":1704041498}","server_time_offset":"0","dc2_server_salt":"\"fcaae444b3589bf1\"","state_id":"369100433","auth_key_fingerprint":"\"4a5c7738\"","dc1_auth_key":"\"664726a081ee7942422fe9d8a3157645be9a616ac8d1c260d0a95ca7b2012dab4558b4bf3d8b951dc95fa702434af4e91a30dc5f11f3f3dabb77018c7d86712e04387fd4550d5ae907f510e85d40c1e843d6a2174d136702fb09478f3f33f0d68c883cc9c93a3e18083748338a4c6f4d4d7d2c7d1ec4ccc76a71929aa46b0745d48c12faaaff4774d48fd2ba841890b5b3bbd0fb1c10d1c52e38e95a8bb52037593116b7b2f6980ab652f2d537c4cafe4b1b57e01a37e980ecca7ecf9ebbadc943fd01d35b9a5b570063e76f5d45b4e9c2f79808cbecadf52c4ed2701966a518cb257b3dfabe12f420290f5aae4397f833830c4ddd20f5c65a92e4fcb834678c\"","dc1_server_salt":"\"c7b519d0c0b7e914\"","dc5_auth_key":"\"048f0b3b4543fffbb12ef87d0ed3e14a7af98ef4bf0740c7de6636124a1df9f68177ed8a1b016d1d225cb6a6044ec55f015198c4d6de7b6581e674c07bc1e69671eed8fce2d7c52a8e60f6ef26805f8d0841dd8a2dc39148c8676cdea9beb8090d4985568c28b286d173bf9c9b4c3e1eaacfc8d88905881627a19a1e4dcac9835ff9a98324918829a9af3e060eeaa8fb9a8dca43b42c1fa0e1304857fe2ad2a7e1bb9173518e52a11a0da20e31809e965122e7fd225d0ed28dbf7abf3d4e3f47d0cc79b4f6595a396327614d9613aec0aa6078e1f69af849f1f38d58b2fee92cd75b1a4a056cda0a16368373ec99579b3cb2affca9b9264e75d984f63b47beef\"","tt-global-state":""}
VM37:1 —————-
undefined
