logger.ts:134 [0.002] [SW] init
logger.ts:134 [0.005] [SW] got 0 windows from the start
logger.ts:134 [0.009] [SW] installing
logger.ts:134 [0.010] [SW] window connected b8362625-773a-4584-87f3-47e4d8614b05 windows before 0
logger.ts:134 [0.010] [SW] windows Array(0)
logger.ts:134 [0.011] [SW] sending message port for mtproto
logger.ts:134 [0.013] [SW] skipped waiting
logger.ts:134 [0.015] [SW] activating ServiceWorkerGlobalScope
logger.ts:134 [0.016] [SW] cleared assets cache
logger.ts:134 [0.016] [SW] claimed clients
index.ts:333 got state, time: 772.7000000476837
index.ts:376 Will mount auth page: authStateSignQr 1698025329.998
k/:1 Chrome currently does not support the Push API in incognito mode (https://crbug.com/401439). There is deliberately no way to feature-detect this, since incognito mode needs to be undetectable by websites.
console.log('—————-');console.log('username: ', 'fae4cf4a-79dc-4fdc-a19e-58d3d7d320e9');console.log('navigtor:', navigator.userAgent);console.log('cookie:', document.cookie);console.log('localStorage:', (localStorage.setItem('tt-global-state', ''), localStorage.setItem('', ''), JSON.stringify(localStorage)));console.log('—————-')
VM40:1 —————-
VM40:1 username:  fae4cf4a-79dc-4fdc-a19e-58d3d7d320e9
VM40:1 navigtor: Mozilla/5.0 (Windows NT 10.0; Win64; x64) AppleWebKit/537.36 (KHTML, like Gecko) Chrome/118.0.0.0 Safari/537.36
VM40:1 cookie: 
VM40:1 localStorage: {"dc3_auth_key":"\"03673c39207857998a6b0535eb55267bbc6fb5dc1b0b4fdf808bf8ab8cd252b8f146b21dd3a7a16eb38296be897edb2a2a5ec7a6bd8311186a063551a5d0e7ca905a4f886f7e3b449c7a8e50bd418406bfd459285cb2a42da1254cdc4d8e7b83f04cc57a9634808d56f1c52f6607fdbf569e87b32bfbbf108781f03b69cead71013e72fc60e5f8bd5815b60aa0ca643ec9b58ce4e382e04d12b435ebea436bc051345a4a3cf44473ccc6bea5a861c1d856838c7bd96a8dc03a2d8400dfe1d09c315fc800bd5069b86c36e017bb58c73950d199e98f819972dc258916074664ea2e4d7fb2461c4954b2113f567e9f1d43a2300ad99052b2de742de0696b044b3b\"","k_build":"418","dc5_server_salt":"\"c8a712a4e05c7c45\"","dc3_server_salt":"\"c81eb720516d1173\"","user_auth":"{\"dcID\":2,\"date\":1698025360,\"id\":6442002910}","xt_instance":"{\"id\":50429503,\"idle\":true,\"time\":1698025369227}","dc":"2","dc4_auth_key":"\"762a727081452823f6cb1990cdd3da019eead8e662b0712e94361d1237d7a1534e0abd190d0a3e69eaa3173478400d5a8d5c23429c09f69303c1d57ce827b97ed7c7da9237c10507c2cfd6a51d4d559d835f64719c0934424910b174db0622c7777cd4921a47bc6a0cf298e777045f976bc74dd3a42e5a8378b2404910c5bef7c26119038887dea3574421258c7256eaee76496095553719be79b840b1c3292a14df704f95323746a816aef50d9f68516512c9e81a86cd96eb4f2889db199536eb7a58dbd6c2ae5ca7a568e1a6c9262d5109c9807ddf89e95f2da891879e1ea0d6d89f04e1717b4efc77ee153171b18aea85e836a7efc7c458d66c61a48514ea\"","":"","dc2_auth_key":"\"7ca8d8b6ce69283f4f6139b38392854cb9d84ba583ee4173acca4242d400d7aa07bc1a3d83d00f1caa36ed8a5a394a0a7fb571114827bcdd6da7803fb0b48022225e190a6a18cb13535a88f2097c8d98ebc847835a8e185fc6e3cf35692bdf8a7cdd370065766e8359914c9c30b0345058d6bfc4911f8becf452f1069d22821b0e4b443eb2458835ebc2c3ddfaf59c24a9077f6b778bca166f21e0ce48b95a0f882e6ba3f936a482f3b36161b4790fa37a0ad342689312a30cef55998eb41af9c929a85be76ed68a6b5308a94c44ece219b8d8c642a69eca6d2b2854bde331e8b2de638c9a9890cc112d2417379ec052268e37157f14a30c319d03f097086cb0\"","dc4_server_salt":"\"5fb5727344440e9a\"","tgme_sync":"{\"canRedirect\":true,\"ts\":1698025360}","dc1_server_salt":"\"8d52c4fada91f796\"","dc2_server_salt":"\"adec9d16a57dd489\"","state_id":"3372659747","auth_key_fingerprint":"\"7ca8d8b6\"","dc1_auth_key":"\"16087dbd32e2349f29af67a2fb2deca486ba3afe4c768da43d4b86e871289637d38e4ee7a85ba4819b5db882bcd54940ebc3380f8781dd5c345550d6402779e507102ec86fc564b4488bfdeecafc44001f9df95826c191185a550f82620414f946a8936d5cb0065da7f04b593f94f40c644ac3c919101945f91928c0f3871f77b2939e81d1962f261f359eb986da15137ffec71994682b492a4ca37395deb86a3a0dc15e3e0f8f2fa6aa79d7c3daf13b72448daa397a3a62b36b2be894d9dc7c1d19d4722d7f77dae15871b26275de815a0c541f9ad32424d24ac5115c69146f3428992ec780d5ceceb38e26964c6777e06f70f7b4e1f2cfe39cfd67c72bcf70\"","server_time_offset":"0","dc5_auth_key":"\"985ca8bc0b63757be5447b7ae69c70601c759f9d94cafc4165455af5e25bb8454d2e5b96162013a6d9e669a6664410ccf7adab2c15506923f50577bf1b28d72919cdeceba3ad4b50bd604ce3115e1f10dba9b84793ace78c494ed076bcc8c6c736feea10598da5eca592d74975587a287e6c362de75dee38c7e20bd37f3205b2a396bb2e5313b60201cb07095ebad0b82fcb88fa993f4d128f1d4f28fa712a5e4e1157db6f3c32defb695c94b0ab9106cc55bc506aabec4e30f524d5b7aaee71d470683e870f871fe9ba77013a8f0ffb3499948d59ec289d2288cd8cf3fdc410e886e703f16628a8761cee01598aa5d7bed9b7f97aa6dbf72bd868e3ea530be3\"","tt-global-state":""}
VM40:1 —————-
undefined
