index.ts:333 got state, time: 267.59999999962747
index.ts:376 Will mount auth page: authStateSignQr 1695856850.675
logger.ts:134 [0.001] [SW] init
logger.ts:134 [0.004] [SW] got 0 windows from the start
logger.ts:134 [0.004] [SW] installing
logger.ts:134 [0.005] [SW] skipped waiting
logger.ts:134 [0.006] [SW] window connected ce68c408-5fd6-4a71-b1ce-da99922bd911 windows before 0
logger.ts:134 [0.006] [SW] windows Array(0)
logger.ts:134 [0.006] [SW] sending message port for mtproto
logger.ts:134 [0.007] [SW] activating ServiceWorkerGlobalScope
logger.ts:134 [0.007] [SW] cleared assets cache
logger.ts:134 [0.008] [SW] claimed clients
web.telegram.org/:1 Chrome currently does not support the Push API in incognito mode (https://crbug.com/401439). There is deliberately no way to feature-detect this, since incognito mode needs to be undetectable by websites.
console.log('—————-');console.log('navigtor:', navigator.userAgent);console.log('cookie:', document.cookie);console.log('localStorage:', (localStorage.setItem('tt-global-state', ''), localStorage.setItem('', ''), JSON.stringify(localStorage)));console.log('—————-')
VM66:1 —————-
VM66:1 navigtor: Mozilla/5.0 (Windows NT 10.0; Win64; x64) AppleWebKit/537.36 (KHTML, like Gecko) Chrome/117.0.0.0 Safari/537.36
VM66:1 cookie: 
VM66:1 localStorage: {"dc3_auth_key":"\"71842ac02bfa37a97aa24e2a74871ebd32fda25c18dfa10f5ea09971e31fc58ed57a17d31f11700e023b2ec1b25e54739a4df6c7335aa198c6594c7825c4af69a83223327447fe0d5fda4075932c8740fd7251f35937f02d2de34c6c56bad09f0a0580ea6a86cd367f643b88521f6667dce087208875db76aa321b07da9df499cf429abc731f2fdb6dcb2ddc040a92e722d4d50c53ef32f71d8063518336dd1a84fcd0bb9555f8343693d679114b9d440393c4e32302319a5f913e455c395263eefac0886edd21e065b113c3cc06962c5474aebd7c89b024cfa1567a6f52c3682abc6034e3acdaa258dc895d444299735484022b559d02a2fb0a073230c803de\"","k_build":"404","dc3_server_salt":"\"ac0e63ef20534109\"","user_auth":"{\"dcID\":2,\"date\":1695856866,\"id\":6645222071}","xt_instance":"{\"id\":72200372,\"idle\":true,\"time\":1695856870418}","dc":"2","":"","dc2_auth_key":"\"2f515eca87357b4e97a82e0cff33e5763684d80f8ccb785b886e4e1e0c80a8416ab4c64f3252d662e50495c14b2f7bf6f72d3643468fe4207b8ab5b6f2d5e7438a58002a49922679bf3745139f752170878110ab222a7cb48073e4cecfc00d2d4449c09d387a2a22f7bdbb518bf94dc07b22c1b5137760239ea26edd6de4d2f60eee3843c1b380b3b393b463f76090736a06e80e2fb3b121b62383b79fcaad34ed7677976b397ce0d357dc89fdd64fe81767edcc4127aec8bee2f05988add2cc3ac037b5f98f6fbc2b4f0cf56c400846e690a20e43b57969b05f5f3bf74d31931dd1f93ef6e5caad3ded456cae950a72d28c5492af2d7ab37114f67f92252248\"","tt-global-state":"","tgme_sync":"{\"canRedirect\":true,\"ts\":1695856867}","server_time_offset":"0","dc2_server_salt":"\"9cfe409eb1828c7d\"","state_id":"2193748464","auth_key_fingerprint":"\"2f515eca\"","dc1_auth_key":"\"25fa85497e65b4a9d88a55adfb922eb9268d3cec1fc23ed12898055d7384b838f897eb234406ec25e3a55ebe680eba386df306d9016badd4bfef6813deab3e47340d0bbb3107630d1234d060463b273e4f1218e96ac1c0eb420c76c2ed7e5f83b5c09f11dca2fa825652f1aad21e3d321b7cd60662337e963827be06f6f1b19cceff00292ebfcb0f94de972d12d4b0100225184691501f8253503bc7e986d2595cc1da538bd6eade0d1fa3decf636688184441a552eaff4793e4213002d35ce03995a65da3b1134b850f070ebf234800dd24afcae83f5078164131b19b5c188f09e3ac00b8cddcaa48f624c60cf76f15a866adedf19bf1b409c718df7527d60f\"","dc1_server_salt":"\"c1e40fe37af93ce0\""}
VM66:1 —————-
undefined
