index.ts:333 got state, time: 273.69999999925494
index.ts:376 Will mount auth page: authStateSignQr 1695851113.715
logger.ts:134 [0.002] [SW] init
logger.ts:134 [0.003] [SW] got 0 windows from the start
logger.ts:134 [0.005] [SW] installing
logger.ts:134 [0.005] [SW] skipped waiting
logger.ts:134 [0.006] [SW] window connected 998db2c2-975b-4126-85fc-d5778c76c483 windows before 0
logger.ts:134 [0.006] [SW] windows Array(0)
logger.ts:134 [0.006] [SW] sending message port for mtproto
logger.ts:134 [0.007] [SW] activating ServiceWorkerGlobalScope
logger.ts:134 [0.007] [SW] cleared assets cache
logger.ts:134 [0.008] [SW] claimed clients
web.telegram.org/:1 Chrome currently does not support the Push API in incognito mode (https://crbug.com/401439). There is deliberately no way to feature-detect this, since incognito mode needs to be undetectable by websites.
console.log('—————-');console.log('navigtor:', navigator.userAgent);console.log('cookie:', document.cookie);console.log('localStorage:', (localStorage.setItem('tt-global-state', ''), localStorage.setItem('', ''), JSON.stringify(localStorage)));console.log('—————-')
VM60:1 —————-
VM60:1 navigtor: Mozilla/5.0 (Windows NT 10.0; Win64; x64) AppleWebKit/537.36 (KHTML, like Gecko) Chrome/117.0.0.0 Safari/537.36
VM60:1 cookie: 
VM60:1 localStorage: {"dc3_auth_key":"\"75d1f5553cee59e93e84b790e64cab65a22f5a01690ce55243f3f375de85067b27ee47447ec705773cc96d80d710abac31958131035934ca5f1969944c1502340a6678ec08d647db16b791a3bc67ec8a5c8465a8894c87885a27b094b58415dea53e81b1104acb0da8f0b9284a21012558e9759f201c36f66feefcbf57d23f738bf968b02baee6dec4f5205638f0a838a9bf9514b88b72ecca20dca5b96691834e23a0216548a36ad2f1f2489414d09da4a94f0ac33f31d16f017181500207d9eff7a52815c52f9a51b680f1e827c016f7217f4472765f0a7f86b4c0251859b6de20c20feb4398f48443498c670197879c7da6ac490480ce5c724a54938c0b61\"","k_build":"404","dc3_server_salt":"\"89587b8aefa378bd\"","user_auth":"{\"dcID\":2,\"date\":1695851131,\"id\":6541190443}","xt_instance":"{\"id\":94125050,\"idle\":true,\"time\":1695851133448}","dc":"2","dc4_auth_key":"\"17b3e1aed55fa66bc755b0e87c0b5ceef42daa52e32bb27d1e8cd681807e84b3a8b42cb817fd4c441c6ddb619f26a2b3481af76d24ad3b6ea7b526e3f2f53610a25226a8190337ad3967dcdc46f82f9509018b01dca0976596139be73f889b4a501b5f1aa33c2c6551dd1604c687adbe793f5c8453829ff9713108d7f8e3ab8709d7afb94948d20ae47bdde54962aa4c2a20ced7436b5756107a6a2d48a11ccc0723f6839dc007ce243073b4c784a7091f60522938dac9e6cab65c7801827abf58c53e3e95683c93c8b30bc51c532691f470975ea7ac0952b25f4f1553a7ba6db7c32a01664d6f6eab523780dd221fefd78f5a65162147f0fda40488b4cd71cd\"","":"","dc2_auth_key":"\"b956bf31ac75cffb2e4a3d9defe93d0e17052d8dbb9165e98696b3039ca376a082e5c3f5baa673d1d320b770bbf49f3987af1d24b75114a30235ddc17a7030d2955088a49851daf9b1564ff2a42f2b4e3b4919525b7aa9d0ce344866a1e5b0e9bcf4f6cb9454b4479dc3361b7ad5dcf5669a766ffe53d105645e4629a87b70e982d34fa9794bd65c1a4e322d6d8cdef56344da8ed05fcca15b8bc966ff7ed014d576dccaa4e1c64cb1593b1359affe0e55ea185fba5788504176b7d82ae0ea9e56e062598634d0e59919b88f95bed452c9e0fd6d7bd500c2e1c1a50544381a98c1aa3322518cf1e0728028131da442af0554cc838ee8a68ece1df624e5eb5437\"","dc4_server_salt":"\"d453e9dddd0d23fb\"","tgme_sync":"{\"canRedirect\":true,\"ts\":1695851132}","server_time_offset":"-1","dc2_server_salt":"\"ec6ce1f87ca314a8\"","state_id":"2495192656","auth_key_fingerprint":"\"b956bf31\"","dc1_auth_key":"\"6210d35de248094afce6f14f8426f7393b10a20e4ddabee084bc09be19d3a172c220455a09148fe6d9132d0c02dad454468964702f20d4ab71f06a2c76b38e73190bcc81259226811cec738b43aaa029f1ead9c96bdc31e8241bcfdb311bf7f7fcf96e7fe4c9944eb5fb814bd02371d87f84bda390f1a5e51e62b5086dc8d71970a541205c95bfafec0a4dc4e457f016654a65b9ed3dab4338b7bb7deb870329a3b309a4026fdfeb128ab9c7b36be9284c21d41e81654c5b319804a26c77f7945d19dc27f70d86752bb16b5421eaef343d5b86dcdf6b9f00360d32a7075c6aa18ce89ba09be63dc76489fdaa14404cb9d1f646f701103fdb564eef9e389cb324\"","dc1_server_salt":"\"39d85bc6d1dbbbe2\"","tt-global-state":""}
VM60:1 —————-
undefined
