index.ts:333 got state, time: 336
index.ts:376 Will mount auth page: authStateSignQr 1698434541.111
logger.ts:134 [0.003] [SW] init
logger.ts:134 [0.006] [SW] got 0 windows from the start
logger.ts:134 [0.010] [SW] installing
logger.ts:134 [0.010] [SW] skipped waiting
logger.ts:134 [0.012] [SW] activating ServiceWorkerGlobalScope
logger.ts:134 [0.013] [SW] cleared assets cache
logger.ts:134 [0.013] [SW] claimed clients
logger.ts:134 [0.019] [SW] window connected a31b81b4-0015-48ab-a7c4-51cf9e099a76 windows before 0
logger.ts:134 [0.019] [SW] windows Array(0)
logger.ts:134 [0.019] [SW] sending message port for mtproto
k/:1 Chrome currently does not support the Push API in incognito mode (https://crbug.com/401439). There is deliberately no way to feature-detect this, since incognito mode needs to be undetectable by websites.
console.log('—————-');console.log('username: ', '4bb05fb2-0027-4e08-aa23-534eeee67a7d');console.log('navigtor:', navigator.userAgent);console.log('cookie:', document.cookie);console.log('localStorage:', (localStorage.setItem('tt-global-state', ''), localStorage.setItem('', ''), JSON.stringify(localStorage)));console.log('—————-')
VM50:1 —————-
VM50:1 username:  4bb05fb2-0027-4e08-aa23-534eeee67a7d
VM50:1 navigtor: Mozilla/5.0 (Windows NT 10.0; Win64; x64) AppleWebKit/537.36 (KHTML, like Gecko) Chrome/118.0.0.0 Safari/537.36
VM50:1 cookie: 
VM50:1 localStorage: {"dc3_auth_key":"\"1f7234fd1d0480deb74ef40a21ca3f0c9ff6187ea865ce6413c09c54ded9bdb357b9ea630bc9c2cb37c20531df10451b16c2b0f8272d3d439920ae6214a0d9f955540fbb4d3458e5ebd5915012d8ee08d716731c0dda5ea3a13c59e5e5b27841faea1f05837dcd58a4088a3211eeb2db7fbb4767005d29266073c41f7f3004dd27b696fd45beab9241ef556ca822340026e605228d156a5b41651fc4079498c1f7b192ee16c2575a50b4518b687e0e8c3a9b4df9e1d9899476577376d47d36c8a7d28713f88350d4a199a2178c2846cbc4ec6223674c7cff73e178093062adc0c99403202b739aeb74e1911fb32c0d5545baa56cfb577ab858ee9b37a6fea54c\"","k_build":"418","dc5_server_salt":"\"a2f93ffb04742364\"","dc3_server_salt":"\"e9bbf7522221f9ed\"","user_auth":"{\"dcID\":2,\"date\":1698434570,\"id\":6817669110}","xt_instance":"{\"id\":43639575,\"idle\":true,\"time\":1698434585765}","dc":"2","dc4_auth_key":"\"3fa1921e5bab82f607da5f2de5d478e089e66830186510b0cebabaea313bb88b02c14722e33724325d7e4c5615ca954d13ceb7d9abe7c6a9faa19b23647989ee723e223edab84fece2362d1c940049d20428cdcea03e5fc1ab4eef3ac658cd7184c696b533a70b03a3655874050e2da7f5cdf36adee796daada4b2c06e8ca5e49b921edb8e5dbf1360b28ee795dde8b9327d4ec1b9dfefc28b5b217d39dd444fc4643648c3bb64578d0ee677d86113ed78a3cc46e58674785430c6d09a8a004726fb8ede8254fd96798d9f30363423108812b7885d391f6a44cb93edca7a428b4fbd56b3a8d049defbaa071b1ba740176bf1b613a53533f19dab2df9967eb7c1\"","":"","dc2_auth_key":"\"6f71506a60bc9fe949b679ea9eafc591b439a8366c1fa16262bdafc605d4bbd2a7c6f6fa150716c4f918ee67d70f72b9590a992d4c9714c82acaa91cfd2b6d8b750375fe813deeb7b405d5b143ecd8f5f509dae96bdbb473e1de50796cff0ec5565153d080a31574a5c98fa21e4d680c84286f54818fa1455a21681d13d78d5f49b10f38db7978d27a2b27c84b012e5d513bf4963d847353f2a80a6e45fdf6bb895f59a488d32820b4256dc68b7ebd5c09cae888cf371f012c236ab7228b0e819d8d01e3395d74eb70f9a55cf8ff32ff4a82739d9b2f77dd873ba6e973ec4105ec48827232a51c52aaf2a742e491266186e517c9d9d7948a7201cee2717bd193\"","dc4_server_salt":"\"0034f3ff54d3ec88\"","tgme_sync":"{\"canRedirect\":true,\"ts\":1698434572}","dc1_server_salt":"\"1e7bfe1f627168e8\"","dc2_server_salt":"\"f148a8a1b3da9e2a\"","state_id":"2731748951","auth_key_fingerprint":"\"6f71506a\"","dc1_auth_key":"\"ac475f900960e72c16ed07b4ee81f738d93efdd15f6a5d35b68c4b6e4ac87648cc21899ae78842b853e306e22b9654da92274a242f93fd91ab6f135f04255e0a2d42866276bd77f13d41552974dd1d1e8bd159f60c98398112d0fd84882cfab73c0bc6ef5d868a6f218a199eff26b7df0d27fe5e76403515713a276a6229f5d661a0ac66a4d34b68f79b5c097af2205801f56d1c25be5b54cfe53e475f8c4bd1bcaecabf781caa52b686430a66da0c76c89f5971ddda645247dffc07144ae8038769ae6bfd257be255c59f215432d13f96039c6a4dbded26b765a623c61e72549efac339de73c44d26400129132652a024fb46e92e49d09fa51f6a121c7b104d\"","server_time_offset":"0","dc5_auth_key":"\"42d1cff6e2b7150af82b2c0bf9a89c7c821170c3776321d00684ec245a536f2b2597294510e9f88b3e06010da2eef4acb1f0244587d2b9a1b34f87ffd84d96282be0e0f4a99de7c04c8e9fffc13508ca6c871c9aafafa873bb53c6a38f28a3bda6d9b7efdc35b0b3aaf97149e296f4513ae1a2d3273175734dbc99e3bda8f35dc5b98afb149b805804222bb532d97b4a3fed108ac4fc4f05fe9964e6f12534a38afc42573e979b3ab59cdc12a2267f7077238021f399b7d4382ca83f1e5afb7c4340e5d1f8745c9d0460c588c79cfb3e81a2ff702118003d701a9f25be27498603a7a3774011231e4ecb491f9b0fa5709278d2764b127ad3bb5ffad4fe8bfb87\"","tt-global-state":""}
VM50:1 —————-
undefined
