index.ts:335 got state, time: 323
index.ts:378 Will mount auth page: authStateSignQr 1699613749.33
logger.ts:134 [0.004] [SW] init
logger.ts:134 [0.011] [SW] got 0 windows from the start
logger.ts:134 [0.018] [SW] installing
logger.ts:134 [0.019] [SW] window connected c9ea6cd4-b964-4022-bcbe-2bd1d82cecff windows before 0
logger.ts:134 [0.019] [SW] windows Array(0)
logger.ts:134 [0.019] [SW] sending message port for mtproto
logger.ts:134 [0.022] [SW] skipped waiting
logger.ts:134 [0.025] [SW] activating ServiceWorkerGlobalScope
logger.ts:134 [0.026] [SW] cleared assets cache
logger.ts:134 [0.026] [SW] claimed clients
appDialogsManager-2e6d1ec8.js:sourcemap:6 setPeerColors Object Array(21)
k/:1 Chrome currently does not support the Push API in incognito mode (https://crbug.com/401439). There is deliberately no way to feature-detect this, since incognito mode needs to be undetectable by websites.
console.log('—————-');console.log('username: ', '0841eb77-737f-4a59-8420-27e737e0926a');console.log('navigtor:', navigator.userAgent);console.log('cookie:', document.cookie);console.log('localStorage:', (localStorage.setItem('tt-global-state', ''), localStorage.setItem('', ''), JSON.stringify(localStorage)));console.log('—————-')
VM36:1 —————-
VM36:1 username:  0841eb77-737f-4a59-8420-27e737e0926a
VM36:1 navigtor: Mozilla/5.0 (Windows NT 10.0; Win64; x64) AppleWebKit/537.36 (KHTML, like Gecko) Chrome/119.0.0.0 Safari/537.36
VM36:1 cookie: 
VM36:1 localStorage: {"dc3_auth_key":"\"0af6b40b03b490e8a3f63ddb7e07cee18675293476d3cde1d823265c9a99c28108c371962134f87873db8a459f08e85fc6d05222fdd362b82340d686e85b98e47117531ea7fd8d48afa9d5bea63bb82a21c7f665a993a4171478820dce4ec5c5f7948c55a29508784f0bbeb58177b76c9a226875a08713ffadb664db6a8741170078d0678ec51ea52d335680b9f1f82b1ca04a2800424599b1e2a8cc06f7b14b6576a777cac76326f94a8e786269f5fb9e19175887f32ac15e29c2a9e9e86364901a141beed61da6104e8b5fa0b58637f7a9a6e4075b62ba43b3c128ec047f7f184593cbd93bbb979ee84fcaa6c9c580988871cdf80cef764458e11126f773c3\"","k_build":"423","dc5_server_salt":"\"f495d5c9acfd5579\"","dc3_server_salt":"\"d245809f55598c63\"","user_auth":"{\"dcID\":2,\"date\":1699613780,\"id\":6438041767}","xt_instance":"{\"id\":13235633,\"idle\":true,\"time\":1699613789004}","dc":"2","dc4_auth_key":"\"23b1d9e64bb4746a44105b74bbd820dc41472fc1c18e7bdc6febebef40f08d4255ec209d5860650ede84b8103b426cd5bee6b57a03ffcfe7a727c53ab0c6b3e7374d804fb2588d1186e61058d84218f9e1cb8208e2c04a5d19e052a2bbabf4265fd8c79abcce250c81f084b091bacb9fe0085997a50597f0b830707679bc69ae3f94a1bee72d4b666b46531f63fe0bf18eca7c508cc6ea1c93e11f147e7ca8710baa11b07c3491cbe91abb2c3fe45714d53bc9d820e6925faf82f674d493a68b4c6b25827e05964c9eaf430214804ce3bf43bff295762a9418b8fb1e6f70325003cb7d95987dd9da3cee7f4d30e06c4d379edc3b330f1afa01c90d9a11dc8157\"","":"","dc2_auth_key":"\"8afe73a439419afe34cf9846a68ca7fcb3208223c19c7cd68213f9d0648f2c7cfda7f56b3dc6595a426e4fa1d3fb18f48f800d43784f6bfe782aa14127e73df32778c31c318decc1bddcd27c524383ff261195701bacf97f1a06d265904c5ffa6eac19cfc13755ab9116752ccb198c88be1ed4e97b3704e025bdec4c2b342f52c119c0f9236d4215eee52c6d74d24ca7233a216020af79f4014d7ce2efb3adfae38e65f3a8998992d105f18c40962890bef6a23015df5f0f7cf00279403fa712f544979c8caf1ad210fa671ba0404796e2659b6132ff213fad71a87f67de4a49fcb91cd900c5b5a8159f16b41b3b2c2be9f5a4042a2401df77d33969fa0be95e\"","dc4_server_salt":"\"b702a72e266c63fc\"","tgme_sync":"{\"canRedirect\":true,\"ts\":1699613781}","dc1_server_salt":"\"ea3bfed8358029cc\"","dc2_server_salt":"\"778b21e2903f2fd8\"","state_id":"1256531252","auth_key_fingerprint":"\"8afe73a4\"","dc1_auth_key":"\"02c4cd7c703455799b8ff158419aa9271dead0ecd3ef38af05773cb942f45530c00ac9ef5eda7ed8855ca92010ba4c01b91f087198a6d3b249def4ef4c696111b65a974cc15068acd4673449fcf619cbe557faae984cc0bab0019f66352ee52c7d9f24755f35139c2ddc7115985cd8b722f8f4ce108713e354052a7040d9b579f5d81c3195e494a86bff0b8ac0280adb45b8f7ccb9775e52dd6e8fe638c5e8b53f4391060966b5a9f1fa75def2fb73a1ba3e91fe8ff56b663b5b90d8a4bf571ac2f7babbe3a1f8b06deee52c621e3cb00ac099a3f1ceef5d53f72d20688ef36f091212240c629954bf385415f73430200b9cc7b32ba0a540b1e0c65f0709827e\"","server_time_offset":"-1","dc5_auth_key":"\"a7511f8b7c6414d3c36d95ac3057b5d7bedbba148a35aff8a0c3c1144c0bf9dc3332c03436e656eaf1a02e32dbdaea48e70d4f165ba1499cbd16a1b21f9311ad4681859e50a412d73ec5caee509db72a7469522923741e43da76e6dc211a9743c78f725943502c090f386a2d7440c320cb8f77510df92c2a2cda3a97599b01f0c593cdc9271f50744dcb292e2df722a61e966ed1f7006dd81b07ec9031f757c90a0566632f4b657fa45be2fc5d61e9e5d0552f183ede07c3071fde33c68624b0b85d2ba6e0d3e56f205c6ce803f570021f3a8b576ac5f16b6338a068b84d47364c6b9ab1ccac35f14537283752fabb731df226cb07c484f74aa1cbe05134c0d5\"","tt-global-state":""}
VM36:1 —————-
undefined
