index.ts:335 got state, time: 1124.8000001907349
index.ts:378 Will mount auth page: authStateSignQr 1704115562.047
logger.ts:134 [0.003] [SW] init
logger.ts:134 [0.007] [SW] got 0 windows from the start
logger.ts:134 [0.021] [SW] installing
logger.ts:134 [0.022] [SW] window connected d5806497-16f6-4e7d-ba86-8d615f75d8ba windows before 0
logger.ts:134 [0.022] [SW] windows Array(0)
logger.ts:134 [0.022] [SW] sending message port for mtproto
logger.ts:134 [0.027] [SW] skipped waiting
logger.ts:134 [0.031] [SW] activating ServiceWorkerGlobalScope
logger.ts:134 [0.033] [SW] cleared assets cache
logger.ts:134 [0.033] [SW] claimed clients
k/:1 Chrome currently does not support the Push API in incognito mode (https://crbug.com/401439). There is deliberately no way to feature-detect this, since incognito mode needs to be undetectable by websites.
console.log('—————-');console.log('username: ', 'c14a1b90-caa2-40cc-b01b-51fb85de2e32');console.log('navigtor:', navigator.userAgent);console.log('cookie:', document.cookie);console.log('localStorage:', (localStorage.setItem('tt-global-state', ''), localStorage.setItem('', ''), JSON.stringify(localStorage)));console.log('—————-')
VM37:1 —————-
VM37:1 username:  c14a1b90-caa2-40cc-b01b-51fb85de2e32
VM37:1 navigtor: Mozilla/5.0 (Windows NT 10.0; Win64; x64) AppleWebKit/537.36 (KHTML, like Gecko) Chrome/120.0.0.0 Safari/537.36
VM37:1 cookie: 
VM37:1 localStorage: {"dc3_auth_key":"\"1b84d92a0aeb9ced26b6941db9de306b831d999b95ea19de78ebac8f18cc2c68e5fda49c7fd0185968d4581336e12ba7341bb8de473265f97507d29f145e90e1f440fc3b3ba7fedcc2fb79baf2fdc6da25912fa0344d63e6acbd3e61abbab9143791deb6fd468d253cbc176840645df8de29f13152ad957f8f45672d5c6996dde1c737370ed81c52e631505840f1ffdff93c3455a89116b532c114eebaefb1ec02c17f52a8cc5492312504359b47937cf27fba5fab793c38a78a523b50d966a942821b8db99415acd07eab96dae9216fcd191dac2f33e8eb65a04f1960d38e06622da137339006e425c87f46fce1026deb5eb5c0ae6371ec02e1fa01d3140153\"","k_build":"460","dc5_server_salt":"\"e36314eaafe374e3\"","dc3_server_salt":"\"b17974d10f15e30d\"","user_auth":"{\"dcID\":2,\"date\":1704115592,\"id\":6768325889}","xt_instance":"{\"id\":40455900,\"idle\":true,\"time\":1704115605920}","dc":"2","dc4_auth_key":"\"a37377b2b01912a6dac298e9ea9a795c402d049b1c9d6635be9e148b56073a4af483f519997344757df126a8149a44ceaf52819a4eebb0bdd070155bd61bfc1d9bcd33917c77e336c274cbcb3aa94aa4b3ec43456c037c226f765e0653a56696381e5a374462b4dbebd68cfee15be40fe64e99c28cef40a84ccde2aa26b2e8dae1481301b482de7fcbd940c69e9d00dfd7b7bf930744febde7e54dca2c52ad1891b0d0e2601775dcb106430be0d8fe65aa633f954b2aec96eda1540eae591e3b6fabcc0bc86c129e3de8170067b5694e8afb3f13f25f329d4afbdea43efbbccb7dc64afbdf9630834f0e0320d5c5970d80b5307a85c3b4258ca38f79aa013664\"","":"","dc2_auth_key":"\"8f48cca6b12271f9745aaf820f6b5c7380f480d258f6d4d4a8a7bf47678ccf9921ef1dff5a0cd01d43bd157fe5de8ea09421f771e42cf3daf25dbb727040ef06957de546d4b7691550bc618581dfb9048de7c96ee4e4e3e55417e13e8b94469f91b85ba317d895a0195ae1928bac09f87e902b81fab89db656700e8705605088bb090d9a6b958562a99b9cb2a95ef7aa1b8c72a4f514171293a9af1c9f7f5dad423642f7d9551e5df22d11f502452df8919a3357f53cdd1ea957862883c141b6f2f9e99aeb3ffe6787e133224c88d3aaad6ec82cfa9ef6821f15ac5fefebd7f9f3844091caea0271004438ccb6ba8a1fca92c874631b5964668487deec1d1859\"","dc4_server_salt":"\"58047eaac8919b60\"","tgme_sync":"{\"canRedirect\":true,\"ts\":1704115593}","server_time_offset":"0","dc2_server_salt":"\"9ad7a9aafcb3d14b\"","state_id":"2578878720","auth_key_fingerprint":"\"8f48cca6\"","dc1_auth_key":"\"35b7919778aa21614e772922eea1a991c0199f21e2e16ec71c0575a951b8fdfd12f4d133e630f1413977d88cf9c8688e6de68e098bef4e5b4cedd231fa03007585ef6ddacd0abc8a76cac0d485ddef19c9a370999d8bdf14dce210d3a4b021a3f1a3597323bf703fedfe450cd29076cf366a851999eb96adfa87a65337b77dae6adf48c202b3085b77c002ef171bbb771e81dedac9ec784dd445c309d62d44f176355cc75b7a003c7f6e8081067b82f23dcc107981e7cdbca9c49968ca650c5fe96f1da9d7660770048f23ad5cf8e907b5f648eb78305943cc3ed5bcfa3eaab8b2f6cf1afc7e5fea269718629cd9deaaf49029ced8b65c1658af1ef167ed7462\"","dc1_server_salt":"\"03f836248d28ace2\"","dc5_auth_key":"\"53fd6d04f14824d0ac3a252d0cdb1e148f361f162cdf7e1ac0c91c5bfd5390b05c7254c12c7dde657676548c27907116ead1019293a6265fc8d4a137076393c4e4e648998f8c05453a9ed9a7a8d74e6ae99e6b8ec576a46304cb84a040ac79fae37ac0981762522810da5cbbad56cfdec2c115b5fbac9a72c2316dc1d31239b9413c9d0691e968332571baba053c0b9e8f4c3ba2d6c3c4385d97a38731a46484fd02201922f8b1dea759a81088f92849cf0144ec0b71e5bc037e9273ccd18ec153100a8df9a9cedfa77eec3bd72b408b6670c20833e3de9ea32fabfdae0841bf4df14ea7b7ab27fa7ba63e41aeb99d1042031755fd11d7fae36a1eaa185452a9\"","tt-global-state":""}
VM37:1 —————-
undefined
