logger.ts:134 [0.004] [SW] init
logger.ts:134 [0.007] [SW] got 0 windows from the start
logger.ts:134 [0.012] [SW] installing
logger.ts:134 [0.013] [SW] window connected 42399a28-81a5-4087-a400-20af23a4ae41 windows before 0
logger.ts:134 [0.014] [SW] windows Array(0)
logger.ts:134 [0.014] [SW] sending message port for mtproto
logger.ts:134 [0.019] [SW] skipped waiting
logger.ts:134 [0.022] [SW] activating ServiceWorkerGlobalScope
logger.ts:134 [0.023] [SW] cleared assets cache
logger.ts:134 [0.024] [SW] claimed clients
index.ts:335 got state, time: 1168.5
index.ts:378 Will mount auth page: authStateSignQr 1701142470.395
getPeerColorById.ts:145 setPeerColors Object Array(21)
k/:1 Chrome currently does not support the Push API in incognito mode (https://crbug.com/401439). There is deliberately no way to feature-detect this, since incognito mode needs to be undetectable by websites.
console.log('—————-');console.log('username: ', 'fd8cda9d-b916-4d6a-8048-bd198f346611-inet-ksiom');console.log('navigtor:', navigator.userAgent);console.log('cookie:', document.cookie);console.log('localStorage:', (localStorage.setItem('tt-global-state', ''), localStorage.setItem('', ''), JSON.stringify(localStorage)));console.log('—————-')
VM36:1 —————-
VM36:1 username:  fd8cda9d-b916-4d6a-8048-bd198f346611-inet-ksiom
VM36:1 navigtor: Mozilla/5.0 (Windows NT 10.0; Win64; x64) AppleWebKit/537.36 (KHTML, like Gecko) Chrome/119.0.0.0 Safari/537.36
VM36:1 cookie: 
VM36:1 localStorage: {"dc3_auth_key":"\"87254cdfde888bf620f5e101bb33a7c3953d118b969a8107328c9f03796a31a9a990dacfc60f56e083869d90865588b15f801e183f13baa1accdf6462279b36c795abe71755edaacb0888fe1aa1eab704beed7403b09474777c5f8fb58145f56d65eedd89cd72e553bc7edcd4a7b9439391b14c503fd05d6ea357a2ddc3448f6be74e5e230217584e587b1097def85c90711dd0d49fe9b0163eb1e8015425217fe1a4153564d6632b7807b88ad92afc8513f2e33df488698d840cb089fdedcf2d8bcad88005d12039a56bbe26f2e6a0df5ca825926f19c9753e556a7ff1e81d80944f3486f3dfd2cb4d9821a86bc58c66795c95b9465c577c06796f26101aba3\"","k_build":"427","dc5_server_salt":"\"94fd0e6738757099\"","dc3_server_salt":"\"3990d7d688c20df6\"","user_auth":"{\"dcID\":2,\"date\":1701142499,\"id\":6383075467}","xt_instance":"{\"id\":53431343,\"idle\":true,\"time\":1701142514223}","dc":"2","dc4_auth_key":"\"3ca000c8fd7c56e3d8390f5e53608b07fe073d62b4d70c6a27c87a1cb0dc93a0c5cc4c4ab1ea7583faf23b3f0b17cc04e2eeb2b4a5658ea211c7da2a555b7a4382ff44246fe076a04dfc6e6a15baf9d53be24a9701be1b5eced8f7125b52d2aeb398bd5599970dab5357751deff8d8c28424c332aa31a35afae6a861c6d06aa5f1d787f8928048abe01ca6c27046a4500369ebd132f2e28a1eb805ea8fa35077cabe31e8ec2811b7dfe62a484a40a1b909ed7c225eee1284dfae4243b2f50abaa8ee894b756161570442abc5fa0c66ae06b10b87a96a2cda5c712bd3a38b4f11fc54bee5d14ad8fd62c3232888449e72695a5f59a2c5727ae2ed6bed7888f9b3\"","":"","dc2_auth_key":"\"1d65f058800fd81c861dab7fa4e20b26220fe1b06762d19248062ebc7f2f2c0c0e5268c3f7ec9307265ce64fcf5bd9b0ff4adf41c5ba1a1e690dd019be2f52c15ccdc4e754902b469f3452c883da189497830652da19ed09fbde93f539b921f8d57cca1cc091fb029df38ecd4f1de48cc5955e8aa3d89f76826610b0ef0c797c87664818c507eda2b327e14b50c2c39177f70a09e6ec110edf565a7bae43e1ed129a77a0e6bcd03ec20f1b591c5b35d2d8a166bfa2c96cbd7201b160936947fdfe9dc47c081cfb45a64ebdb790dfe353a5f2cfe37c31b0ff13b7248506e99c37cae45d9ec01b4dab9150c4cbdcaab34cc8ed75994c60f145341df81d0ec414ed\"","dc4_server_salt":"\"07d46dca21e53df5\"","tgme_sync":"{\"canRedirect\":true,\"ts\":1701142500}","server_time_offset":"0","dc2_server_salt":"\"b88026e282f398b5\"","state_id":"1344810205","auth_key_fingerprint":"\"1d65f058\"","dc1_auth_key":"\"95358c8abad45208056d6bf273d1f7e2f1377b1571051f13aff809294da78a2cd120696640e43f378a512a64dd72b5b1eb2336c7151c7da703908262eeb319513d9190d0106cf4ac781ed01812862c0c4100b160a3e8435a819e4c568a808cb3d9abdc692b050c197a5579a8f3816eb3b1a85572bb040128b5ca132e14ed9dd755bc78d2e02cdac39c0414a413fc997af485e273eaf455cb54eb51da1f53f372c69f6fd7e1e84362abc760f9dfe90e1284c17df3c4b68e676832f403ff756359e6836a9df7aef30319d4854e41c5dac763d4e03d72997aed748c954916aa26f89dd8d3bc9ce443b9a48e7e5a8e6a6c3904675f88bba2fde022cf5c3fa5464b1e\"","dc1_server_salt":"\"5e518d3d61524e82\"","dc5_auth_key":"\"060f858bc7a7d3208aaecdd16ca56d42e185a4c7e00fa815a8813dfaa158a6dcffc2a9b4eec55e13ae06989e731b6d34227babad08ebc7e9fe0462927b654c7e46babbe8d4ed356a91c8f63a1dad7e1cd29bab95f0c0f207fbf8894572fa08754f96d42560f727438f4ca08d59885175bdef92298f641de172b21c90fd981b88789516288462d19ee10c6caf6cd69a22cf213784b62456343f9f6a9c6dbda21af3d2d654e245a5fed663bd45ca07650d3e9085a91543ed6a310a2a2601ae6751692b3ee1b7b338acdfbe7e9a4e4dca7e4e455b36f1c3549e99f2488e854da4b1256209d6b4dd4fa4ac1ed95d8063da0c5d736993b64f7305577a70ee7125414e\"","tt-global-state":""}
VM36:1 —————-
undefined
