logger.ts:134 [0.003] [SW] init
logger.ts:134 [0.006] [SW] got 0 windows from the start
logger.ts:134 [0.010] [SW] installing
logger.ts:134 [0.011] [SW] window connected d5e7e25b-9b97-453a-b93d-7ab1c6abb80d windows before 0
logger.ts:134 [0.011] [SW] windows Array(0)
logger.ts:134 [0.011] [SW] sending message port for mtproto
logger.ts:134 [0.016] [SW] skipped waiting
logger.ts:134 [0.019] [SW] activating ServiceWorkerGlobalScope
logger.ts:134 [0.020] [SW] cleared assets cache
logger.ts:134 [0.020] [SW] claimed clients
index.ts:333 got state, time: 2004.5
index.ts:376 Will mount auth page: authStateSignQr 1698565792.497
k/:1 Chrome currently does not support the Push API in incognito mode (https://crbug.com/401439). There is deliberately no way to feature-detect this, since incognito mode needs to be undetectable by websites.
console.log('—————-');console.log('username: ', '20756796-3136-4577-ae4a-6d5e50835d6c');console.log('navigtor:', navigator.userAgent);console.log('cookie:', document.cookie);console.log('localStorage:', (localStorage.setItem('tt-global-state', ''), localStorage.setItem('', ''), JSON.stringify(localStorage)));console.log('—————-')
VM40:1 —————-
VM40:1 username:  20756796-3136-4577-ae4a-6d5e50835d6c
VM40:1 navigtor: Mozilla/5.0 (Windows NT 10.0; Win64; x64) AppleWebKit/537.36 (KHTML, like Gecko) Chrome/118.0.0.0 Safari/537.36
VM40:1 cookie: 
VM40:1 localStorage: {"dc3_auth_key":"\"6690d212d5652da737d8eb187dc3b627ae4161d43ba5eeb2b793a1eda5be40aac43a8a71eb8dd80c84d6a1692c8a8eba374c437b559bd3c41cd4e1ab2071495e1bbb04cbfad7459c258ae61e2eb31470c33e7d616c07f9b0e1e3e1389d73fe3e4778e4a6db32abcbbce65e69953c37a458f2d64aa008f47c28f8232bc10a9910135f23352e10cc91cdb8652d1650c1457424fe2625744d1c506d017a3ba9e4de589b12236aa5cc50e2c712efdc63aa78b5a1e3cf328fe612899bd0853f8d853ef509ff0f40d1df673e9ff2e0170110ddc6054dc8dd13934ab94946aae3173bde212847c6e06edfb00ea294a8094d5a94407530f3b36e7f482b5a8b213334cf50\"","k_build":"418","dc5_server_salt":"\"09f91c2339da9653\"","dc3_server_salt":"\"b8abb6a2ab05bce1\"","user_auth":"{\"dcID\":2,\"date\":1698565824,\"id\":6948711007}","xt_instance":"{\"id\":2734775,\"idle\":true,\"time\":1698565835491}","dc":"2","dc4_auth_key":"\"a036927bc1f350d12c8a5c4c3c65e62fc8fd7947087e6815dd49aaca665157286d4129e9fefdae6b76742df11bb27235843abc6c6e923c6a4e2b4bc50249464ca64939a88c42b55baa6ddd9e604b8fe7f269078bd78fd227e659bb09ad7117dee2b6acde99895dfd0da15c80258edfef46d3780fdd2ca6b4ec8c0f03339374a1ce1836987261ebed34122ae240611f7c6f42337d2a80b2bbcefbc5889fede37b0a3b35c715e3736a03e213d9719f236b3eff7ab119e1a2eb6a7c3ea56f01b6ff151d343c5e89cc413524a74938b1723c3dd12379d2bbcb4a9a24c2d3906839924129ad2725b42e7bb9da8c3f82fa17a4436ba1f4bba2dd52a6275e599a324fde\"","":"","dc2_auth_key":"\"a3e3e42ff8009cdc03653b33559cb8ffb0cf8a3e6bbebc0f70e138fc32ec28745bba3eea56419fee5ad8822f055d1cb9c223a24b2c490a50c6f98b32ae0adaece667bbfad5d938dc16982b942986cb6f48b1f8f0d55014856c52e433383f0b92e08cdec2f124d77e325e3a3dee03c4afc11edf691e4b1689b8d525274629bf402c568856e0efd20376f4f55115f435c9c72007ed67a4265d0430be0ebd6ce6d256918be9a94dd87da9c753ca47f3fd0691e26eb2d3bee8808609443c7dc3bcc9cf6bab91200aab66f690514d455b6e9c514e78f82ec08938b96c1e72e5c1b8b070ab01bd8640c84e74230d9db99a51ae65e769d359d0b79d638561feb8589a29\"","dc4_server_salt":"\"93b9cda5aeb86ec8\"","tgme_sync":"{\"canRedirect\":true,\"ts\":1698565825}","server_time_offset":"0","dc2_server_salt":"\"c3fc013d03846cb2\"","state_id":"3253085609","auth_key_fingerprint":"\"a3e3e42f\"","dc1_auth_key":"\"bb589bc859ca90d1ec7a6ab1db598b4ede2ff4820f73191ba17acc9bbcaef26400fdc12a1876ebe9e7e136b73c27e8b095ac9ee9c19e0a5aa8c6b1bb718d80e0a2f6d21533dd3f0c7ad5156c5b7d77b1cc1e71ccc334f26bb452f5bcf2ec6a412fa131a09cb9071e4d6192149409f626aa82f6605c4824a2ab250181ec79a3c46962a3af1a29f593977199e46d8c80b355d1d99bb02a61d6d32a75390be59fd5faf880e682d260c0db407472fefaf1bf73e644f44734bd0847cccfa2b2edda58a3b3846f14c7450c25992e6fedad8a4ccd1806cc2b384fd39a5e1d5b77b99c6fd80b8a6b384ca3ac3a40527dbe04c128ab35c8bb8102daf7a1b8e0db64b985fd\"","dc1_server_salt":"\"0d8435c9d375b831\"","dc5_auth_key":"\"c2935470733b051905326707ba36396911dfd93b9fec3038ffc1fdf61202e11691383fdbc38389d23104e1164dc8e2e6e77701a43b1e99f7dc3e63314306896b885ca351846c247979c84958ac8c3b178257e13c9ec6fca908db1cc5c401d7fceb8d27e4f1ad1bebfc93b40cfc8466ff7cb60f16056a38bf28b0544ca6288934d1ebcf6978b1ed77834bf20062bcf7e8b4e48e0e51c6cbbb80449a332a97f33982fd1853e4bd9d5595f9a7523d417c78ad5cb529d3f96992e4cb782e7804f61ec2449d64faa93faab18a54d919536608f47cf9b39fd69509c94c96aed336b2699a4f4c1ecf0fd21ac3f469969597faaaeacb968d41fa1ce4e595b80cb4806321\"","tt-global-state":""}
VM40:1 —————-
undefined
