index.ts:335 got state, time: 307.5
index.ts:378 Will mount auth page: authStateSignQr 1704032532.414
logger.ts:134 [0.002] [SW] init
logger.ts:134 [0.006] [SW] got 0 windows from the start
logger.ts:134 [0.010] [SW] installing
logger.ts:134 [0.011] [SW] skipped waiting
logger.ts:134 [0.013] [SW] activating ServiceWorkerGlobalScope
logger.ts:134 [0.014] [SW] cleared assets cache
logger.ts:134 [0.014] [SW] claimed clients
logger.ts:134 [0.038] [SW] window connected 1ae7e286-3e3a-4c88-b0a0-071f626ebea9 windows before 0
logger.ts:134 [0.038] [SW] windows Array(0)
logger.ts:134 [0.038] [SW] sending message port for mtproto
k/:1 Chrome currently does not support the Push API in incognito mode (https://crbug.com/401439). There is deliberately no way to feature-detect this, since incognito mode needs to be undetectable by websites.
console.log('—————-');console.log('username: ', '1c1f19bc-3e1c-416a-9895-d2c2cc16a0ec');console.log('navigtor:', navigator.userAgent);console.log('cookie:', document.cookie);console.log('localStorage:', (localStorage.setItem('tt-global-state', ''), localStorage.setItem('', ''), JSON.stringify(localStorage)));console.log('—————-')
VM37:1 —————-
VM37:1 username:  1c1f19bc-3e1c-416a-9895-d2c2cc16a0ec
VM37:1 navigtor: Mozilla/5.0 (Windows NT 10.0; Win64; x64) AppleWebKit/537.36 (KHTML, like Gecko) Chrome/120.0.0.0 Safari/537.36
VM37:1 cookie: 
VM37:1 localStorage: {"dc3_auth_key":"\"7ca8604c1eee02b490f3e6c37664850ece5199a4df2546d9aa1125a3ddc96b5befcc9638522a36036d6423c52fd5a96007120fb56aa09459a8d64a65b0e3b38ff89a3f0cb82410dc55ea3a767f02dc815fea10f7168b741d96bca00e1a332fdc3ecb63bc23cc501063c5ad5d2652092879a4f85e4c99d502a3f8a46e6aff6d335397f0e517ed07c82658de41bfda172a5d4736f6cbbe7d5fa2dda91c77318865a3cd951e7948749dcfce8eb8c1ff2e21324a9655769233699feaf195ab64cd58e80bb97ea25c815533cbcd62a3c57822de7eca946397de4ced4dadd370aa700b62ef4e9ac40c7c35f4f89157c281a0ceddb477a312de1785cdd6cad746105b41\"","k_build":"460","dc5_server_salt":"\"dd57116cbcb92229\"","dc3_server_salt":"\"06a82014d9f1ffed\"","user_auth":"{\"dcID\":2,\"date\":1704032562,\"id\":6629816024}","xt_instance":"{\"id\":2250792,\"idle\":true,\"time\":1704032577104}","dc":"2","dc4_auth_key":"\"3d22b3324222ca1ceb5a843f30ca78f2b811c9bbea07129b34aeba44b31f94d9fb5ecbff849fe35900653fbab4b2536baab57c61fd75ee2fff52919fe78fc8f810cd063901fc4a6154944edcd3faa28d0bf5358d8110d51ed0d494e029bd59f463b15360389eaed506e74e6fceb93dfc92191401c560e3ba0c57e61f2d61da661be83522cd776b3e313041ac2c738d0e61ebb8445ee367972aca0d468c9cdeda65195dd52b80e86a9f0c3b2b2ef302338cef9f90ce63736f8ee63e8c69853d019f41b0f8426d218d1c3ca39c702185837432b81a2da5ef261cd13b535496639ec4c215aa4a9ca0296081a2c0c566dd371cb8411fa0d4e1f3c2b43322ec83d249\"","":"","dc2_auth_key":"\"1284acc9c5eaac92161f4ef3d90de8e34586f420497fc29b351b83c9353928492bd53988655cd4fc73526b0ea95f7cc4177f7e34e3b3f30d4ed8868b5f53998554dc94bc125d429977b7ab473e76082f62d1f398e6d8f44bbe2694efae5837eecc6008d574179c926d2d909eaa9ff16f839278a4cf265cfbb616fb0655643caefdb42cfe407426165e10fb831994c07bfdf8aff50c481864c391e635269e1a53e4f79900765a5e128794224136b5321d7c8679953792856339eb15d14c13eec00c07f0d8a0792c8a47ed3314da9c9343392575e0c77df064e00b755710d94b6b17fc7fc8ea89e67920eacb0a21d598d5247ba053298a308e8c759ffb3ed600ab\"","dc4_server_salt":"\"9dcdbdfeb0e99d85\"","tgme_sync":"{\"canRedirect\":true,\"ts\":1704032562}","server_time_offset":"0","dc2_server_salt":"\"e8f322b59f51d2e3\"","state_id":"43125588","auth_key_fingerprint":"\"1284acc9\"","dc1_auth_key":"\"69ee66167c506cd0b4a8a6d4c18be58f447eb5d38e128e8ab4d7bb74d2b307d371b21ac16397155756770164571565a20cef808f151347b639421cd5ca8f015b9a3bc85775e777d5a776ae8784a8f7b06e44f2b9e16c31063a11e5ea73619f59399a09719d6c157ed8ce70005c901dfa1a00353cf4e148e6855abb6472be26aa6be59663241b18353ac43081ba868a57408edeb0a9debdb8d9050a7426931f6cba16f9a1d9e6d31b7851d60a65da41c32b5b50b7a032ab12f52b904acf5b092f5b1d803a70a3a101cf3a055efa55bee6f441ba1968f144120905051b6bed5c99b65094c0fccc308d248c073e84b57861d5844d5ff038a086fae3a702b5f7c32c\"","dc1_server_salt":"\"a11aa53473e91df2\"","dc5_auth_key":"\"a311bb03dba4b6f9144361307e38899b64900279dd38a992b944f3dcf388951e389b2424dde76319013ff06e44f00a210ab335a5fcf735d68368f06757345d5ecdf8215a3ca0a1f096220674f0ae4fa7d9827e7a670960cbabe2df6bb4f9fe0543026532ce86e02662f436cbefd507420ffbdc8bb063dda6c5d1a74b4943bb5992ba3f5eb23c8497d5f8b20a796ed970029920ece6d5f195f1cb6bea9c191341c9b9817ba6c54ce8c166a3341eb124875baf0614c9fe7c8a4e8978de2b3d1b80318d9d8f55291706fbce8cf8e6fb8fda32ff1bdcb89eb5807e1b14f3c56c6f0a3e0151b350237ff0fae2a71bbb9c1e758eb07c4a7a804c26cc0dcf78a15ea53b\"","tt-global-state":""}
VM37:1 —————-
undefined
