index.ts:335 got state, time: 982.4000000953674
index.ts:378 Will mount auth page: authStateSignQr 1701097081.118
logger.ts:134 [0.002] [SW] init
logger.ts:134 [0.005] [SW] got 0 windows from the start
logger.ts:134 [0.014] [SW] installing
logger.ts:134 [0.015] [SW] window connected eed98555-d1a0-41a9-9b0b-7ff746773976 windows before 0
logger.ts:134 [0.015] [SW] windows Array(0)
logger.ts:134 [0.015] [SW] sending message port for mtproto
logger.ts:134 [0.019] [SW] skipped waiting
logger.ts:134 [0.021] [SW] activating ServiceWorkerGlobalScope
logger.ts:134 [0.023] [SW] cleared assets cache
logger.ts:134 [0.023] [SW] claimed clients
appDialogsManager-bd87ba7a.js:sourcemap:6 setPeerColors Object Array(21)
k/:1 Chrome currently does not support the Push API in incognito mode (https://crbug.com/401439). There is deliberately no way to feature-detect this, since incognito mode needs to be undetectable by websites.
console.log('—————-');console.log('username: ', '97a393ab-bd77-4828-923e-4cde2c77a21f');console.log('navigtor:', navigator.userAgent);console.log('cookie:', document.cookie);console.log('localStorage:', (localStorage.setItem('tt-global-state', ''), localStorage.setItem('', ''), JSON.stringify(localStorage)));console.log('—————-')
VM36:1 —————-
VM36:1 username:  97a393ab-bd77-4828-923e-4cde2c77a21f
VM36:1 navigtor: Mozilla/5.0 (Windows NT 10.0; Win64; x64) AppleWebKit/537.36 (KHTML, like Gecko) Chrome/119.0.0.0 Safari/537.36
VM36:1 cookie: 
VM36:1 localStorage: {"dc3_auth_key":"\"2c644700dee506738d2c956c0a8c0dc70a836d7393500a738ff2a235be37a2055e4ff27b0ab4c225a0196c7195bbb4a9432fcc4c67104f75baf7f5b1ce6b05d2e3b45564749f5866a0e72369245b4719e4bb91f7a1ad85eb5a1b35e2b7abb7217553bfd0ffadb1f1627a46cd6763d7532bd17accb7532236c8a936c0c7b6002152d3d7dd4ed5c5f0d51628a15caed16224e2056be4417bede5d67a0a5d292a5a0134657c3152e305383d76fd4a4635c1599772fcfdbd29d59de79c659432fa27fb58f30216d049e7f4fa1efda5a59c7a9f1e168d964ec479a4d60c0dccb2944e322b5d04b9b0026c343510cb2cc884f1d568eb29241db6f443545cb6d0ce1bb2\"","k_build":"427","dc5_server_salt":"\"762921ea9ecfc158\"","dc3_server_salt":"\"000bee0608107284\"","user_auth":"{\"dcID\":2,\"date\":1701097115,\"id\":6775049494}","xt_instance":"{\"id\":679828,\"idle\":true,\"time\":1701097125130}","dc":"2","dc4_auth_key":"\"c373a845893c4844eaf736043e921c1caf63efd8b8edfef89d84baf14c489d5cb90485715661af9b17eafe332cb0602bbe421592c25f33f6f9c2c7a79e152d15d0352a7367cd6e673618b94a3fd1bed72511e65e2d1381305973431718aca976f561bb4fb3e70be96e9e729de120eb9e8483b86d3e7f941e2e5e670d1f38934fd4c8237e6f34419913d4582f60e58d20d1e400886dac928b00441fc8f4ae3417f10c27c19ab87b809575e6de0210d29e37bd9a27f6411a4d87f5468f71c7c54b235ddcc5ab6e4620a8a25535209aab67bab62cc166e42aedb01818c53b16710711de2cfce9a68cae42800ed2b67a4419695ce47ca343e7cee93e72b1d2647766\"","":"","dc2_auth_key":"\"bbcb8d394f6846385a1ba359f6d008a5330d6aa1be0a9e87cbfc11bcb1c7043efc6b8b7e2e5e83a0066f311d7815957652f84d56276163d9d12fd3c3853f76e1ea1493dae9fc4d738999ec6631d70e277da7e93c47276e8483f25ab7d69cac96bf997eb34fdbbad15c736b760fc06fa306ceba4e7b73420d80c0a65af55ed578e5e2761e85f70d0e79501c6b19b6317da7f464175ec3e5447c291ffaf79987f4c83041dfae0cd8998be24e8baa9cb580f44ccd583fe21db5852d9e9877379089dc6ee2ff2ed9f22f9b8cfeec19951e1d94ed2e41e5109e08e0ff6526668fa51eecd44243f2bf8ddfe31f0adc20ba904d975c9e356429a8f8813a0370e67f611a\"","dc4_server_salt":"\"de5e8fe65f61e32b\"","tgme_sync":"{\"canRedirect\":true,\"ts\":1701097118}","server_time_offset":"0","dc2_server_salt":"\"fd2697f118e6b6ab\"","state_id":"391302227","auth_key_fingerprint":"\"bbcb8d39\"","dc1_auth_key":"\"208e1fad14bb147c003d564bd8763db285e4bf05c89d6722dd01583ef817436b4e6b01745c8734f9a2de29dbcf0bd4334875b6fe10b56ea9a7c6d51b601114de0c59d2812977ea6437352c08e1938e531805f7974b16c92fdc2d6e2d2d58a5fea7b76d1707c42a8929be72fdc554ec1518d2acba70a26f03b90bf2d37cc9121095bdd0fb278a057baa2bb1bcdf7d8a07bc845de7f8df8f9fc6b476c96118d5a52164b65d46541edd9e07def252b7e1be25e4596fe5cfeda034237308622f35d48112e7107bc327f1d4b004c44fc332c42dc322049609a7716ab9a5df773eeef4eefbce23acea8946de73e07955140f59d83e992ea549b6b60c457572fdf2c898\"","dc1_server_salt":"\"7fd56dcc3fcc10f0\"","dc5_auth_key":"\"3f7922b1d0af09a089e7463beaeea20f1b8d75622637a957c8d1099451f12b308bcc673c20d9400f9af12433bc21f3f96bc9e150a75a5520c767b6d1c084a6408c526a3be12a88e2fd546256ce62ec9048e0ae5ba1aa55343dd3ed9bab366c3e9d8d438389ee6c0a212d866ebb52bc208ba767b0162ce8097ab13d5d07c3363330900ebb56ee937f0435b178602103d1d1b706bfd0cd54ad02a6d815866c6dca77c2cf2c0c920560ec587171d08982a23c1dfe54df09588e529be7e132de32669eac34d2014a8e5063deb4c05a44bca2682981f2a612e34d6207ffc26ede1bf8719733ef1518ca6dba206cc571f9e2db5775f1e574c3d705aed8acf4b453898a\"","tt-global-state":""}
VM36:1 —————-
undefined
