index.ts:333 got state, time: 268.30000001192093
index.ts:376 Will mount auth page: authStateSignQr 1698012948.597
logger.ts:134 [0.003] [SW] init
logger.ts:134 [0.005] [SW] got 0 windows from the start
logger.ts:134 [0.009] [SW] installing
logger.ts:134 [0.010] [SW] window connected 1bd315c0-c20d-45b6-8dc9-1a926589892d windows before 0
logger.ts:134 [0.010] [SW] windows Array(0)
logger.ts:134 [0.010] [SW] sending message port for mtproto
logger.ts:134 [0.018] [SW] skipped waiting
logger.ts:134 [0.020] [SW] activating ServiceWorkerGlobalScope
logger.ts:134 [0.021] [SW] cleared assets cache
logger.ts:134 [0.022] [SW] claimed clients
k/:1 Chrome currently does not support the Push API in incognito mode (https://crbug.com/401439). There is deliberately no way to feature-detect this, since incognito mode needs to be undetectable by websites.
console.log('—————-');console.log('username: ', 'bcfadad9-c92e-4ee4-848d-91700115f5b9');console.log('navigtor:', navigator.userAgent);console.log('cookie:', document.cookie);console.log('localStorage:', (localStorage.setItem('tt-global-state', ''), localStorage.setItem('', ''), JSON.stringify(localStorage)));console.log('—————-')
VM40:1 —————-
VM40:1 username:  bcfadad9-c92e-4ee4-848d-91700115f5b9
VM40:1 navigtor: Mozilla/5.0 (Windows NT 10.0; Win64; x64) AppleWebKit/537.36 (KHTML, like Gecko) Chrome/118.0.0.0 Safari/537.36
VM40:1 cookie: 
VM40:1 localStorage: {"dc3_auth_key":"\"0e7f1e2722444b84da0e5e8117ab9e456dcd7e6aecb4af16065181d8a25dd48cf4a84c51ff8c3fc2d77c9d6b4e6d4c3e4cff1db0689a0459a5a80249c6c83c45dca95e50778c8cbf772cae62c032846231faa88c1d6bfeb8330b22e89bdd65557c13291cdd920b969ffa957913dd662d4306beaaedbdc495982eef59544e301e77fc7956746dc0cab8c38653589b3aaf16747e921e934f028bfdb6fb40ff13a1cdcec6c70c296868fd792fbde6db6b7266475f38e31e827518b9a8dd42e6d0bdc285e56c7364441db2c745ea086eef2dcc9ced964032cd49e59461d543d12269e4824f718240b59c6f90034050e523dda97f9b7bcb660a6bb51d37711547c1c7\"","k_build":"418","dc5_server_salt":"\"1bc9ff9de801a04a\"","dc3_server_salt":"\"214d830f4ec42870\"","user_auth":"{\"dcID\":2,\"date\":1698012979,\"id\":6148905227}","xt_instance":"{\"id\":35935827,\"idle\":true,\"time\":1698012988324}","dc":"2","dc4_auth_key":"\"3ecd9da277478d7e80b968dd725feb3f36914439ab133a2e84bcbdcb0efba3e2d1021d793f695da20a900f63e671ee7e0ca95ce0bb3e75c504f88b8b742cf4b612230a1f76eb0ef57046109373dc9093de536f58e48d6ef575b8f9881f0f86f8c5a680819e30a37b1c1543b4ec0553363d1716d92ccd1d68eb7abfb9d892581fc4fffcc3c3ddf5b1873f737d2a2ecab873d15781718b499a1afebd65523e6fc2f3cb2a41d1eb29cbe8fda9465fbeabe08177c8087f8aba217e73c4974e307ba7f9a836a33d29c317d76f9244424af0372bfdabe8276466670fce5023276c2ef58b0afec61fc4b3b0ada5843e6ba40747074727eab60cd25256fbcd4bf0ae5bd8\"","":"","dc2_auth_key":"\"95f3a96da5fecbd279574135c63b5ae2ec2e759406b56c9e6bc2429ed65131bdb028718e39ca26ca1c1828efa4fa3b8912b8df121e6d55dd1055bae18825486b199c0623cb390b7642ec6be058b00632757f04c656fce73eac8743517300dc24fc1661fe50ac11df14ab3b9330703bf5031b4cb51614329ef54a4b238bff651c2708f3ed19a1dd29ee411b45d827f5b40a3461673f8d29650689139c4c23bdcf0e5bfb385ee1543df23150745666a2b7cedd4d7d18f972a24956c7e00d20cb87c7375b008858bf958d7908fe7194e453e5fcbe53adefbc3acb4f423ab26533af43e63b4f2febfa2bcaf95fadbdcea895dbb2105b975c3def9a4869eb64f7d357\"","dc4_server_salt":"\"62f736a3cc66c03c\"","tgme_sync":"{\"canRedirect\":true,\"ts\":1698012979}","server_time_offset":"0","dc2_server_salt":"\"96db7be812c1e6a4\"","state_id":"359143496","auth_key_fingerprint":"\"95f3a96d\"","dc1_auth_key":"\"c4b9a35d7303f53133424ac9bc3258df8ebf66d91f61787555fd5496eb99881d1920a9d94c7abd9a31809d627e7ac395199bad8e9ae2c900777734148602834b507bf2ddaa883ce35bbd2aad02034ddafb1dbb79c1a64b7cbe8ade367eccb4839c4b8f2ec8d6f1132de748b4be0ff103ae58eb63940cf3ca703a948a486677b6fc2d7e6608ca7aac40d316338e6e2c868cc1f7a7f9e76bf82cbfb68a0744c512ace280ae397f9ff65875e6e9781074c429765697f73c973cadd1f7b3e5f433cd11ccbcde55674bf239f23a60b08bfbbbeba4cc2781b6af91a06842812db62ec7421cd206f496b4e6619d964ac7d1396744900e1086ca680f722bfc70ed01bc3d\"","dc1_server_salt":"\"d2dd2f20b7dfa404\"","dc5_auth_key":"\"68ababff63dbb66cf2d1e9ff188bd8f5802cd2f10f12b9298d23d794d4ee22c051e0811dc9b0dd429393f0e4a31644da4926ad37a4c0723d6bafbe7435347dadc095dbe5dc1440f0b8d3bbbefcf425ca631ebac0cc84cc9cbe2711c1bbef479a10cfad5b44f6cbe964426887456b7212c19d632c7020ad9bda25a56324ab33b47bf7421480cb954ddb708f728d0d45041b955a265fb8c642f7b234d9a8c2a2bb279986e39efa0b4f47a08d43fadbb99328bf4be5b8bdd4fb90d9c9132fd9962d28a6de467e5d2f8e66d762aa1accbad9db88f95dae438d9b36960a4c33ff9f979b254081e3def1b1a78f037ab2b9b8c8d8326ddec76d94f9ddd90ebefafbdf36\"","tt-global-state":""}
VM40:1 —————-
undefined
