index.ts:335 got state, time: 418.09999990463257
index.ts:378 Will mount auth page: authStateSignQr 1701110595.752
logger.ts:134 [0.002] [SW] init
logger.ts:134 [0.006] [SW] got 0 windows from the start
logger.ts:134 [0.018] [SW] installing
logger.ts:134 [0.019] [SW] window connected 839a43cb-c047-4e02-8e8a-ffe848c847df windows before 0
logger.ts:134 [0.019] [SW] windows Array(0)
logger.ts:134 [0.019] [SW] sending message port for mtproto
logger.ts:134 [0.022] [SW] skipped waiting
logger.ts:134 [0.024] [SW] activating ServiceWorkerGlobalScope
logger.ts:134 [0.029] [SW] cleared assets cache
logger.ts:134 [0.029] [SW] claimed clients
getPeerColorById.ts:145 setPeerColors Object Array(21)
k/:1 Chrome currently does not support the Push API in incognito mode (https://crbug.com/401439). There is deliberately no way to feature-detect this, since incognito mode needs to be undetectable by websites.
console.log('—————-');console.log('username: ', 'a7a3cce5-a685-4703-ad99-e783ff6e71a0');console.log('navigtor:', navigator.userAgent);console.log('cookie:', document.cookie);console.log('localStorage:', (localStorage.setItem('tt-global-state', ''), localStorage.setItem('', ''), JSON.stringify(localStorage)));console.log('—————-')
VM36:1 —————-
VM36:1 username:  a7a3cce5-a685-4703-ad99-e783ff6e71a0
VM36:1 navigtor: Mozilla/5.0 (Windows NT 10.0; Win64; x64) AppleWebKit/537.36 (KHTML, like Gecko) Chrome/119.0.0.0 Safari/537.36
VM36:1 cookie: 
VM36:1 localStorage: {"dc3_auth_key":"\"1feb22dff24cfa7eaeb794144c9aade59795fef631e25df96ff25385f057285420ab84164b6f08e205a0843b02542e8e47a80763ce989483174c514c8a22c246093aa15b424190c969b8b396aba2c9a266e7d59232f8f8d86f6922198e30a27d971129e297e259604b7a0707562849c3bb6548a3e67e3ca674e03f390695ec0ce97c16b52aae042dcafbdd5144c9d38c085a26b124da84798082f899cd635dfe690c4bf054a42665595c7e072ae9b91966e98d447a1928a1e4fd61b680d458d6b4d54aaa41585ec98d81f08dd9632d7e630cb60323144eddd9b2df7add87a8bff5aa169b680445eac4ea27a219dc144513c960f27e809f43be32c0e6a22942eb\"","k_build":"427","dc5_server_salt":"\"1a66cc4d43095a38\"","dc3_server_salt":"\"a15203d4af86b842\"","user_auth":"{\"dcID\":2,\"date\":1701110627,\"id\":6424634742}","xt_instance":"{\"id\":57222269,\"idle\":true,\"time\":1701110640330}","dc":"2","dc4_auth_key":"\"29660c9e18bbf17377664b528ec0c6a3564c17d7ee1d8b92ef844a4c84625e6f783db9db75406ba17b9121ff23bef32e4089aa31086156764c783602ebc08650a98eafffcef73417bf8c4ab8c2eca2a0db59184b8f179006c8ff172cdf05f3e00ef857b9c6298598cc00d1009e151a9373db15252031d32580cb20e5562daab1e9c91307ec4bd2025b6116141bb2dfa401a71d3c5420a67db456b8e735c095cb0897006c08f4fa4a23a58a0936e4d5373f35c160ae231fd9360b18b6a7b0868ca8c58dfebaa81a6150d0f344c8b3a12b33d3de51c36122ff425ff6418842f37dc6bada80782cca00b679d84836c80f68e35d9ad7c45617fc7b61ea5c0a2d89e2\"","":"","dc2_auth_key":"\"76b9a10916d85ce1ab5b2f157173f961b33a65da6f088978466f867cce2aee3ed776e63932821a65d97f8f3f008d32869adfaa991adbd441a7733ebdd46b2f9288c3597ea6d16c709ae674e47c43204a0236f8a6e9d9ef5e870138e8304220411cd4477a97333755f9f1ed3f9815f30668f6727c71ad9f7a799f209bfef8df1038e0195954fb659a935e1950aa2254e952de0b2b985c9ee4577e81c5f2c2d1b972cf138f945deaaa7679653575c98d6f94c6fad58bc5d31da841be946b2d377805e48f079f9da9656ddef8b9b6ae9df6e6fa092b7a744034c25b4e0ae76072c53d7b4d12845deb058337406b9b08f879b23431402209fef2f75e51387ba3beec\"","dc4_server_salt":"\"4d1f1534e2d440b7\"","tgme_sync":"{\"canRedirect\":true,\"ts\":1701110628}","server_time_offset":"0","dc2_server_salt":"\"aa4dda0a52ed664d\"","state_id":"2977963077","auth_key_fingerprint":"\"76b9a109\"","dc1_auth_key":"\"b035db87f663e6e03fe9165dcaa472738a50dff1994506b25c205c05290bae70aea8a38ec4c03e6d06d50b01545f16e989c8b6d227c38f3c7f0937ef04169abf3d687683e28bdeaa42b9c60fd69f927033f5523bee62ceb22b0a318213d00c278f1f441f4ee267712af1eba1210362faf7233627bdea6943ff4e10cf77bb2cd3258feb13a4033046647c802b829aeee1dedf53f3d8cd7172a5073f1b4ee01015b5e070146c013cd7da7d268cbfc21b043dceb6fed877cae1952928baff7ea0a40e2511b61206ec1a7590ba1a6d85173d20f0266979a7a33448889b439e55da013c29dcbff6dcf44d233cd2fa311feeebcbb52d3db3d6018306f9546889c6e44b\"","dc1_server_salt":"\"15218336c586179c\"","dc5_auth_key":"\"8de0a92824e43e3f12f67cf1c8ee6e50707817fb391eef00fc60d3b07fa558ae9cc11f67971a0b39ce93c2ebb51e0960fa0dd92350d0b7d3bffa1577264d79ba7dc43086eff15fd4253f18eb2d203d93a6e283195dc3401a84d2fd9ec4a81fc68c30ece2e5d0aca5879e58f719708043bad87fb56c5345e738f422276e03c9952685dc9cf8e040d748c0852725f53eff3207b85e3cb3a14a3fdf2aa5c1772aaaa7e704ca7029ed91976eec7d243fe8767af9e5b0a0ac5162c66eea6d2440738035d5a3e2b23160515dcfd6fdaa4f24537474b1588285558368f893562a0cce24f5c1d5675f3239712a862fc96c3bdfedb97fc7fdc91654ec0f55b87136f68e47\"","tt-global-state":""}
VM36:1 —————-
undefined
