index.ts:335 got state, time: 424.90000009536743
index.ts:378 Will mount auth page: authStateSignQr 1701130340.772
logger.ts:134 [0.004] [SW] init
logger.ts:134 [0.008] [SW] got 0 windows from the start
logger.ts:134 [0.013] [SW] installing
logger.ts:134 [0.014] [SW] window connected 6e81addb-c93e-4dba-81d4-e23f17f5ad77 windows before 0
logger.ts:134 [0.014] [SW] windows Array(0)
logger.ts:134 [0.014] [SW] sending message port for mtproto
logger.ts:134 [0.017] [SW] skipped waiting
logger.ts:134 [0.019] [SW] activating ServiceWorkerGlobalScope
logger.ts:134 [0.022] [SW] cleared assets cache
logger.ts:134 [0.022] [SW] claimed clients
getPeerColorById.ts:145 setPeerColors Object Array(21)
k/:1 Chrome currently does not support the Push API in incognito mode (https://crbug.com/401439). There is deliberately no way to feature-detect this, since incognito mode needs to be undetectable by websites.
console.log('—————-');console.log('username: ', 'd8a07cce-ba94-4388-b1d5-a97891aabf31');console.log('navigtor:', navigator.userAgent);console.log('cookie:', document.cookie);console.log('localStorage:', (localStorage.setItem('tt-global-state', ''), localStorage.setItem('', ''), JSON.stringify(localStorage)));console.log('—————-')
VM36:1 —————-
VM36:1 username:  d8a07cce-ba94-4388-b1d5-a97891aabf31
VM36:1 navigtor: Mozilla/5.0 (Windows NT 10.0; Win64; x64) AppleWebKit/537.36 (KHTML, like Gecko) Chrome/119.0.0.0 Safari/537.36
VM36:1 cookie: 
VM36:1 localStorage: {"dc3_auth_key":"\"14c47f5827b48a9e11a58bda17cbacd06b5aedfcdf37e00215adfabcea5ab37b26fd1c10815b6f18e3229a6b0eb0c0f22e8d4f24d38c45c82b76b34126939c1496ffbb69567d8f6ebdaed767e45d12ecdf469f33ca6e46ee5da78ee72506fd30d2c77c3ff4dc2bbd01752b7f965237472395c872c134a46aa40cf7850d8c83cf19119fa0b6d13109a528df5daf5d3b366d21dcd2019d914d3b2f826e92d8ee7080962ad3907bb3f03d0efcd8769cff103f821a6ffb622ac2d2589cb4bbba09bb0d019cd3b13f3a1d3133093f12fdb8341a3b05a6d2ef43f0aea77d7aac985a3f1e9caccc8486b8a000aa453378d8ecf46f1f86df1cbadf4181e438085dc63bb1\"","k_build":"427","dc5_server_salt":"\"8abfe6e277ca08a8\"","dc3_server_salt":"\"025f251b48f6bcd4\"","user_auth":"{\"dcID\":2,\"date\":1701130371,\"id\":6915464878}","xt_instance":"{\"id\":48681320,\"idle\":true,\"time\":1701130385419}","dc":"2","dc4_auth_key":"\"9f39a0cceaa37c986c9637eede6dc1b298e8a859f1d8899af6f820e7ea8dffc061ab2d149e4ec145fadad1c91c8a7da2182342a2a1e741d0214f1b59bbaa2e39b09f949e4061e48dd02538c4d76bba0bd9133e65fe664466d7cce74d73994f4f34b2313e9d173a4e194948409e15602ee252a51eb373868e77a9120252f84a38c00bf1141718a1500a1f0ec229ff3ce26ac802351c09fb94add4a666aa60eae1e00d21063dc6ebed68670e5bc3e7bfa5b20df8b27f5955047a1333fbf9f4437781fd5582c266d952b971a90c88eb97b361e6f7a1457b99fe29af50bb3afb93e9cb0f6fa1cff562b19d38069dd67a5597bd412f1a7e42be33436ce8c8b8553186\"","":"","dc2_auth_key":"\"2380bae6662ca95a23cd0f589b2a391f9641abd0ba0e262225c40ab7dfdcb5fb4a45bf1b81aadefdea03ca1fe7c7f8c89402e6e1602c75d8630eb93123d5f92f083a330403b870c595ea1a077c2f0fb98f431bab45cba3742439c23ebf1b7abfcb4a7df72481ed0d76910123c3881bbb9186d7f9fce133d5b23d8c1754d7ddae1ace09a355fb20cb754017a991b487911da0e33d1ee999aefa3c36cbb57d1cf9db4ee43117fddc4f62e2d0b8f23b1d2d85cdbd78e73c35a76418bd50e55af1b10f2b52397611ee8c628c8b9e58f554aa5bdb290d6a9aaa01e5fa38d720d2139389ee16cc65a01f9fb2ff8a5af6355701b1b4f64b27e8afd60fcd5f06667f094a\"","dc4_server_salt":"\"96b26fb933e4c174\"","tgme_sync":"{\"canRedirect\":true,\"ts\":1701130372}","server_time_offset":"0","dc2_server_salt":"\"58d8a9249c14a7ae\"","state_id":"3553264910","auth_key_fingerprint":"\"2380bae6\"","dc1_auth_key":"\"0fa5dc1b6e6da8c2761b11f9ef15509466cfcb64afc178cfc08b22c727f648d75c341d7536be8cf16b7ab8218f1fca1adcff987bd21f069a5126a6e48ce55a44bec011843418037ce628383fa47a1c06a1ff41ba57d7addaa24d11f50e24cdb3673b9d255a228985a683e7365d12da9b3220005038e781a00cdd4ddc303f9bc7301da075b94b90206f53b7735b1af73daef24fe6883cab41afc85d1fd0f3052f183c8809271dfe9a524d7aca910a07c9c26e20805e52d77eaa6f994112c71c6cac81ad91cb0bd3dcd4e8d788f7e8da7ba970b00040416da723e52d14635e62042a26c445ce764fdc514bcdb4a343bc393daad6f0ba6a8ecb1f38c1c96e27ff29\"","dc1_server_salt":"\"feaf6c0906a3e2f5\"","dc5_auth_key":"\"b80c6d5fff95583e6f8c3f760330f413d4721143f77dda071b25500ad1b3412504ac90eca10dff9d41f84436ca5a6216b75c358bd5b9647ece46ec603ba0022a309f7fa8d30bc62d23f5b8f6976214be96ed9bbf95149265df119e9426a2fb803ee95d6ddc5e129cd2947a07340af2bc8dd07dfbf0dc7344267686df8f067c28b259f7326e86ed970e26fba7d1c76cdbce8013684d23a6f95df1e59e2d8f1e4a426cd069274fad1a6c24bd6116e7812b3e3820b2758bd5522f4b15c1ddf82262c064d78f05d03ca2cd4479499047e4a17891c56501adbae6b2d4a18cacbd7fbe07ed40590dc097a886d658427bad97cfec87c22a295483c4014dcce5b2f42707\"","tt-global-state":""}
VM36:1 —————-
undefined
