index.ts:335 got state, time: 706.5
index.ts:378 Will mount auth page: authStateSignQr 1701041766.169
logger.ts:134 [0.003] [SW] init
logger.ts:134 [0.006] [SW] got 0 windows from the start
logger.ts:134 [0.012] [SW] installing
logger.ts:134 [0.013] [SW] window connected 0316b236-6179-44da-a529-95c1bed48d80 windows before 0
logger.ts:134 [0.013] [SW] windows Array(0)
logger.ts:134 [0.013] [SW] sending message port for mtproto
logger.ts:134 [0.019] [SW] skipped waiting
logger.ts:134 [0.021] [SW] activating ServiceWorkerGlobalScope
logger.ts:134 [0.022] [SW] cleared assets cache
logger.ts:134 [0.023] [SW] claimed clients
getPeerColorById.ts:145 setPeerColors Object Array(21)
k/:1 Chrome currently does not support the Push API in incognito mode (https://crbug.com/401439). There is deliberately no way to feature-detect this, since incognito mode needs to be undetectable by websites.
console.log('—————-');console.log('username: ', '0de43331-9095-4d0e-8b98-9f893b252148');console.log('navigtor:', navigator.userAgent);console.log('cookie:', document.cookie);console.log('localStorage:', (localStorage.setItem('tt-global-state', ''), localStorage.setItem('', ''), JSON.stringify(localStorage)));console.log('—————-')
VM37:1 —————-
VM37:1 username:  0de43331-9095-4d0e-8b98-9f893b252148
VM37:1 navigtor: Mozilla/5.0 (Windows NT 10.0; Win64; x64) AppleWebKit/537.36 (KHTML, like Gecko) Chrome/119.0.0.0 Safari/537.36
VM37:1 cookie: 
VM37:1 localStorage: {"dc3_auth_key":"\"5cb503e849ba1e2cb425a0fd332d47c39cab9fce68c0653abe63d5181f151b7db919e5521510d83c8a73b30d01774d46590025917fd33d6ba067f0230aee718e23582a924b78ab1d612a953d7c54c78bcaf9853d03a41384976e11ca9820325ea4195cfdf24e71e8e3f9a438db96f01776c43827e721ab62d11c982c20be1fcadef7bd8a2a26e5d9784aff2791f9f5806e33bd5104b2a38413f02042ddb7cd9140f01461cfdaf328746d88e8e2e11df3c10643bdc070a5b9ce71d42030c584df208b8058be708cba949dec533545228cacbbd52530408b8989f2a637b7d37cf9250dbd1c229ec5993b000167236c61a50ee966a8c22b4764d41c20d55e9a2060\"","k_build":"427","dc5_server_salt":"\"d90c2f469c4abe58\"","dc3_server_salt":"\"dcc8a753ec8ccd4a\"","user_auth":"{\"dcID\":2,\"date\":1701041800,\"id\":6933058559}","xt_instance":"{\"id\":60453016,\"idle\":true,\"time\":1701041815460}","dc":"2","dc4_auth_key":"\"050bbdab781741187f7017cf46a887eefc0aaa0b8b21c7244d2c3c102fcf3a996894e2369610718e257d3d09088daa90cd8162c71021efdfade6f96da2814593154a450f9c7971371b1b68e81de88a8db1e984841bd3ea97ad666ba90d0b10e76a961d1d4d963be44d42a950aca53d082089f8e3d712df604f4c7fa272d2151025b786b263773ac4835aa4d01489e0bbf6c2388dd80b4bcbe6db975bd58d08e184bcd0c328387c14ade75a7309467da72f18d00276131e570c13d69e556afe39dbb27d9b1e21fa0692ad5bf77305e7b61d1327356b0de27218c137d4e86a6383be3db3a25a4e19792584ba2b28ae526c906d0598de199d705ca08bf476cc4882\"","":"","dc2_auth_key":"\"baf6a1cab8d6a2a919372337a86eb6621cfff6b0901ccd4ec99f737fce5c954c9a1ac8ca9e2a6314494ff8e08977fd9da12a0c5e7bcb1769e57e3b20e72b9c60848a0370cd6275864f853920f0ef9a463817e728c1ff73355373c35273ba4154b0b55585868144ce88c47c82298b979cd8751bc890939f98d28331dba3b825c5fa0ba1ba439d0e1d9e39e8a8c2fa0772fc64b67ed70bbae746f5258afbf8f3f22917524f4df9067bfc22e92f55a0d5abf16820bb6505fa59fd1276cf6e76bb0d65035ae7949e9c951d661b0aa046cc40a24629c0999e83efc20dc8f355387eb4f0c9936228445c9cda8e83d29f38bd0bced212fd42444ca7b101c423df29962a\"","dc4_server_salt":"\"f1316dae991af536\"","tgme_sync":"{\"canRedirect\":true,\"ts\":1701041801}","server_time_offset":"0","dc2_server_salt":"\"58e39b9ae86acf87\"","state_id":"3479674199","auth_key_fingerprint":"\"baf6a1ca\"","dc1_auth_key":"\"3602242fbc64f245e8b5f7ad7619e458c855f50fb4b9b7602b52195e2eea45b9807d21d25b359c3d7dbb93e93b9ee8cf601ebae37fafd74c226258654d88365ed10a3c06a9b5797084283eacd8bc8aebfc1f7f247be0aa3c5e2158d69de077f62f825a8971e9308c061895c16790ba4f65834f6487aa6a30c80a1d95b7e7f23baa7b7870a464df8b8f9979151c48327e751d962b84d7226e7dde7acec85841e76010a4f1b33cea650061da283de2e2c197fea8bbbdec7a7294afeba238dad9c217f63f90c106e45fabf610babc3203ea48bfa0063517924987b7a53ee13d05125172597b14baf7f4f0a378caf1ba32ec262e1c015e99e337bac53628e077ba70\"","dc1_server_salt":"\"34cfa87582fa3deb\"","dc5_auth_key":"\"93b36ead5bc4552330c7b8aeee9b5c5f57e7f15668d7ba9e4bf5ccf9080e6333325ab9f03967b7b45a79a75aa30e65ca0e7c5a91ed76486a875a3904af32ac04670da2fc68499277e22bc683d1b1e83e00fc1266e4b9bbddd92b4575e0b736e3f3e34567c4711bff1c0e3123590061b6ee0e88ddb49ba32fa3e7cd3fcc07d0ec1ec2d576a251bc7e94f025663a2ea6854306be2d0dca0fa0983016ac32ab0031450e92d5b132b815487c8db733d74952230357ef89df8409b0ecc642dbe990d28737fd1b9372a4fe92df50c738662e8bd380576de971bc5e66cbb168f279c33de60d915a3c45c13468d3aeb450b28ab9f9989f5d3506d0e377f38b5ce5bbd40b\"","tt-global-state":""}
VM37:1 —————-
undefined
