index.ts:335 got state, time: 602.6000001430511
index.ts:378 Will mount auth page: authStateSignQr 1701125950.245
logger.ts:134 [0.003] [SW] init
logger.ts:134 [0.006] [SW] got 0 windows from the start
logger.ts:134 [0.014] [SW] installing
logger.ts:134 [0.015] [SW] window connected 41982b8f-d949-4edd-bacd-7d806f55662e windows before 0
logger.ts:134 [0.015] [SW] windows Array(0)
logger.ts:134 [0.016] [SW] sending message port for mtproto
logger.ts:134 [0.020] [SW] skipped waiting
logger.ts:134 [0.023] [SW] activating ServiceWorkerGlobalScope
logger.ts:134 [0.024] [SW] cleared assets cache
logger.ts:134 [0.024] [SW] claimed clients
getPeerColorById.ts:145 setPeerColors Object Array(21)
k/:1 Chrome currently does not support the Push API in incognito mode (https://crbug.com/401439). There is deliberately no way to feature-detect this, since incognito mode needs to be undetectable by websites.
sortedList.ts:252 loadPromises are still pending? Object
(anonymous) @ sortedList.ts:252
sortedList.ts:252 loadPromises are still pending? Object
(anonymous) @ sortedList.ts:252
sortedList.ts:252 loadPromises are still pending? Object
(anonymous) @ sortedList.ts:252
sortedList.ts:252 loadPromises are still pending? Object
(anonymous) @ sortedList.ts:252
sortedList.ts:252 loadPromises are still pending? Object
(anonymous) @ sortedList.ts:252
console.log('—————-');console.log('username: ', 'cb1f9e02-18d2-4792-ad30-167126a8cf2d');console.log('navigtor:', navigator.userAgent);console.log('cookie:', document.cookie);console.log('localStorage:', (localStorage.setItem('tt-global-state', ''), localStorage.setItem('', ''), JSON.stringify(localStorage)));console.log('—————-')
VM40:1 —————-
VM40:1 username:  cb1f9e02-18d2-4792-ad30-167126a8cf2d
VM40:1 navigtor: Mozilla/5.0 (Windows NT 10.0; Win64; x64) AppleWebKit/537.36 (KHTML, like Gecko) Chrome/119.0.0.0 Safari/537.36
VM40:1 cookie: 
VM40:1 localStorage: {"dc3_auth_key":"\"45acf16051e41a3965509d3312a7003701f94e484d18990e8c6d429ac78531cf84b4d392cfc842b41e32fe6ead272cbee377f54b58bc01f381563159851415b417eca3d1239986eb9a902a018927f8fc97ab6ebef63c5540cc9aff564b9e92840fcb495a81a1543f2f2b09f684b98f47cfeeb57be907427544fdff7219b7f0854fff8bd9d2cd0273f0bfb784438eca8a1119a8a6095ba1c89c82351e2d4aee1be751f4836dba38831d9a11cb6d44879f1f757ffb6f024befa01ec9151bbbcec87e2232138ca83e11cf62186567c4e61fe158e74965e8da7f1f8f1fd211fca3fbdb7336c8b17af7850aa3920ff5871da8c21b8901c752d25ff47de79dbfa17fe6\"","k_build":"427","dc5_server_salt":"\"84ff07a4254d7c14\"","dc3_server_salt":"\"0c9e3a74ad3471fd\"","user_auth":"{\"dcID\":2,\"date\":1701125982,\"id\":6381985094}","xt_instance":"{\"id\":36984624,\"idle\":true,\"time\":1701125999816}","dc":"2","dc4_auth_key":"\"2871966968a9e0ced5a1788ae7e708ee103cf4c1953b4c5cadbfccb94730d82d9fd197438f8f196c61b95f06630c1b796fb9306dabed94d49fda996d6f5870e55885f1a5d6b1138c874a892e0736847eac2e142707b1b5cdaeaf0cfdb098d200af64ad08c7c51f2b0bf753c481cb3d3acd98a87878f768ed7a2b4801dd67e9d9958742c11c79fcbb6bac0ce6920660253e3675d8ebe7fccc7d3e9417e727fbc4133dabfc580fcf5d76db9ce83d45269032adf6dd6d29c9fa4a2ab9f2d55d3b3c55bf07925bb9922a11e49789e56c5092394e7ef500dc21d481314dccae9df4efd0569e7ba8c324560fc6a8892aecff71fa3ee2fbc342a5fec47d31f7cdb29fcc\"","":"","dc2_auth_key":"\"6365e7bdcff441b686eacf8f4d16f50937b619a38d569970aee076c323432665d7b0084791a0f74c77e18428dfca73c43b3c787fe908fcc4b0432ff1ffe01f892c2c7f18dc9dffd04b32a22be5b418276cac34c3c42053b81fee16a5ace9d7e95774712c20b2dbe35080df81fa38d21a793d6c77aa8cefcb5717d9c5d3c52b12939c31e894d97d30a583c69a033a17eb241f58da58eb3af8af45710f4e5eb8a074b768a0524acc264a5a66b7a8f5dd283a278660869b7275601a4852448dbc8cead1cfc95d6bf462edd21990216dc96fdacb102786142968575a1ccba73a48180ca102b0a04af4af8abb76f9f946042c46955734f4710d19de5c65129cdebea3\"","dc4_server_salt":"\"b96410ee88c2be95\"","tgme_sync":"{\"canRedirect\":true,\"ts\":1701125984}","dc1_server_salt":"\"f267ff267bb8de10\"","dc2_server_salt":"\"de5ff05eca093243\"","state_id":"1902164158","auth_key_fingerprint":"\"6365e7bd\"","dc1_auth_key":"\"9eaab575b248a67bd9d6633f3d3e2afc78c3edc6dc455a296679410dff9e540fae29522f227fb3159920ab7902402b7b6e42967f39c821322b4ee37a051e77c632c759657e9e8d6487cef842d71b00341e07859804277a74c31fa9d67d2d49cec5c452f7ba1aa0427f14cfdd2d10a6a7101a8258639cf305756bb045c6de76172360be632e7a93499ee3a2614a01613f1b271e8e160168faabf814bc838998337726f4ecba35a30c88b41c17a9f6f23a19a77a9e5b6083b00d972574cb93824ac414e133cfff169ad1d593fd20a0732be3c443769ec6686bbdce60e41665d4a10db60cedd5d7b184750a9751924728ffa7bb1ea6c2c9d90336a6bb560efc27b4\"","server_time_offset":"0","dc5_auth_key":"\"3afd6a44565b87628335586c45f76670a3440ab6c7e06845d87a166aefcc82071b5dceeef36b4d3ff575a11bc5b670c9039c0347a459cf3353e06f38b01ba0b5b42f374e37886e4ea839d9a926c23999a96ff8e075d6781fa90f5f9c8ddb081d6b1eb8b1331b67d29f17d7b63e39eb073df432b04ff721e60c20a8d290feb69cb2938624b0fdd5a5e9e4c910d160dfc4be124009e8014991d0d3e881cda7856f04a91ebf3a7ed808b3bc848e4cf527e7e19c82b0a19025177e81c7ef44df1a2b4f54c76cbc4153d1c32f970c66f86958a31f7900288cf36897673db405c653b4132b28c843a18d12d8754bf46b6630e84d6fdef2d59ff7462071e21a9cd3676e\"","tt-global-state":""}
VM40:1 —————-
undefined
