logger.ts:134 [0.003] [SW] init
logger.ts:134 [0.006] [SW] got 0 windows from the start
logger.ts:134 [0.010] [SW] installing
logger.ts:134 [0.011] [SW] window connected 2bc79bd2-ad87-4289-83fc-aff79d96920e windows before 0
logger.ts:134 [0.011] [SW] windows Array(0)
logger.ts:134 [0.011] [SW] sending message port for mtproto
logger.ts:134 [0.014] [SW] skipped waiting
logger.ts:134 [0.016] [SW] activating ServiceWorkerGlobalScope
logger.ts:134 [0.017] [SW] cleared assets cache
logger.ts:134 [0.017] [SW] claimed clients
index.ts:333 got state, time: 1542.6999999284744
index.ts:376 Will mount auth page: authStateSignQr 1698572338.665
k/:1 Chrome currently does not support the Push API in incognito mode (https://crbug.com/401439). There is deliberately no way to feature-detect this, since incognito mode needs to be undetectable by websites.
console.log('—————-');console.log('username: ', '5577819a-313d-4855-9b12-ba4ee314b522');console.log('navigtor:', navigator.userAgent);console.log('cookie:', document.cookie);console.log('localStorage:', (localStorage.setItem('tt-global-state', ''), localStorage.setItem('', ''), JSON.stringify(localStorage)));console.log('—————-')
VM40:1 —————-
VM40:1 username:  5577819a-313d-4855-9b12-ba4ee314b522
VM40:1 navigtor: Mozilla/5.0 (Windows NT 10.0; Win64; x64) AppleWebKit/537.36 (KHTML, like Gecko) Chrome/118.0.0.0 Safari/537.36
VM40:1 cookie: 
VM40:1 localStorage: {"dc3_auth_key":"\"77dbf01433fa6edcdfa870939a3a0a57b9c60916eb386ffb1a0a057ac51d8ddab22fed224897504e19b3a504e34bb1d5e2664957c4006e08f44e2f5727a58244ab8064aa33e136b62e80de5ac94e5ee030d4318a9002e1bb368b8b673f7bc16dfd8130aba6b2d3998bb5edffd60d0c0da545d97c978fc8e54d22cfc8bfd89021a627ceb2c5c81cf7e70ed091fa762ecaf815ba2fac9349fff748807791e6dfbb651dd18fec49f232887637317e59e0898d25a87f8ebda3a196c4ea74d6cd9760e36949934b7ca068281a66b3dcb7661449090d9d7c85a195c71dd278299f51ce25ef2270200ed9301113a1d84a522bae185bf88676f9adc9c32daf2451cf7fd8\"","k_build":"418","dc5_server_salt":"\"39bc8b7781bb27ad\"","dc3_server_salt":"\"f52600afced14f5f\"","user_auth":"{\"dcID\":2,\"date\":1698572373,\"id\":6923900833}","xt_instance":"{\"id\":9773050,\"idle\":true,\"time\":1698572387109}","dc":"2","dc4_auth_key":"\"4c0131925ca23660861981ba1fa12de2f73c601a643454a78d2ca5c74e663930d429c9f2b28ccf3e0d5ab9e04e1edd675e7ecb851e3f4011b47a3a265ed6e924e3206a8ad6b9dc6ec8f2cc69dffb3d0d7d42fa1c2315050e36c6bcbb9d1c8096522649e2b621acfb52976ed678c8719e149f8af0809126bc2d85a49720ad0da224de8b26374bd4aaa1fd9dd037b607d51a661a2ccfc436649f11c727c5eae85ee6fd4d1d2c8819fb5525e9328bc60e505d3460d4e1bb694940c0ec96e894854ec4e54d2d851ae3ac333f1cbf3a913e8f315f51f24349d11cd2a37c661b7b1c9dcd98d64710998d2e66cf5ca32476614f92552bdbc4ab0e623b00d1fbae33c3f8\"","":"","dc2_auth_key":"\"6485942b57a4f02e4e595ff1df23101db78c555f31c7ba7fe7169da3c73030208fa37a537c2a9b1791e9ea2d44e38781597d34cfbfb0c7d4ed925982cb90eb23858399e534fd390011700972891cb7fcd14b8b1bfe4e7c94b69ef59e63841ddbca0872c0f7008fccb70ac33278bc4fef90b5084b69c3d091a6c19a133f00a30f463489e7b0cbda886bdb1d21195dc377dd4b8f2df7d5a175ac747b3b67412424d8b77da7d5dfde9bc6ec94764c3ea3c2b51517fab452edd830017e4a5c3871349e603f49b436ccce695bffece2b2d9abee82295d426fc915f4cb31397942635f17ce2140acc4966b5959a49273729d56b22cd0b94f263245ef63626e51de6eb8\"","dc4_server_salt":"\"15014169a6d6d8b1\"","tgme_sync":"{\"canRedirect\":true,\"ts\":1698572374}","dc1_server_salt":"\"54d68cf8b9d26332\"","dc2_server_salt":"\"124e4eb6e8accd27\"","state_id":"2350488609","auth_key_fingerprint":"\"6485942b\"","dc1_auth_key":"\"bfb04db5635351789cf09999e4170df0b4b93e8ab837e339d805c5c651e361614ecebbb052a67f3677fef73d94d522c45eae23b23c06ffa5967f86877cbd866acd8682fe1f7fa49874699d0e2b4d3fd12616838550ad2a1f591e096b25dfbf3b8e98bca2c1b6d0e42d800bbb12238273a3f9395e7230bf3761a9485326705354b17bf551e350bc2902afaf7a17b59bb5e030f434c23ae1fd0a61048674e8e3fd0ebfcad500783d8da4cca23bb12e9ae2d056dc683774e074603529fcb742041f8cc6d5e301c6a39127e78a2377d3668f96646937dbe8c50382ec97339b48c4da734f86584a9b2b3ccb95d416ad912facdec1e76a19066e379cba458503a99015\"","server_time_offset":"-1","dc5_auth_key":"\"7dbf0ed9db2ec054a0e67ed32e181966b7594660e377259beb1a405c3661d36998d00d295b697e14b0969a222e66af4825479c29795ce9b85065be993b5c8ba0aba52c1ac7cae65e79f8bbe4623af1e2d2a0018435ce0d1c7c4c127676f2a2a4ce85b64b4a1cd6f744e2f6def0f8677fcd4dac02b31f33246015dfe8007a76f032e26a2d173b80e1bdd07b11132568adf82e404216be23be4cff87fa569dae6707ec002145f65bfa6ceb982c114496eb0d9c4b5522b0baec2c4342a0dbd47da024808ae0fa96ca0d30c84588f88626fcf5e35b3f2f211137122e0543866f0fd1d9eaa9536e1cfc7cfb81e5c040a70bd01bdddba6ccfc7345da6941a66363858a\"","tt-global-state":""}
VM40:1 —————-
undefined
