index.ts:333 got state, time: 245.10000002384186
index.ts:376 Will mount auth page: authStateSignQr 1698423372.607
logger.ts:134 [0.009] [SW] init
logger.ts:134 [0.013] [SW] got 0 windows from the start
logger.ts:134 [0.021] [SW] installing
logger.ts:134 [0.022] [SW] window connected 91772917-f034-4af6-a5e6-dc19cb569e3c windows before 0
logger.ts:134 [0.022] [SW] windows Array(0)
logger.ts:134 [0.022] [SW] sending message port for mtproto
logger.ts:134 [0.025] [SW] skipped waiting
logger.ts:134 [0.027] [SW] activating ServiceWorkerGlobalScope
logger.ts:134 [0.028] [SW] cleared assets cache
logger.ts:134 [0.029] [SW] claimed clients
k/:1 Chrome currently does not support the Push API in incognito mode (https://crbug.com/401439). There is deliberately no way to feature-detect this, since incognito mode needs to be undetectable by websites.
console.log('—————-');console.log('username: ', '04fbd3f3-4843-4a8f-8057-37608b3dd1cf');console.log('navigtor:', navigator.userAgent);console.log('cookie:', document.cookie);console.log('localStorage:', (localStorage.setItem('tt-global-state', ''), localStorage.setItem('', ''), JSON.stringify(localStorage)));console.log('—————-')
VM40:1 —————-
VM40:1 username:  04fbd3f3-4843-4a8f-8057-37608b3dd1cf
VM40:1 navigtor: Mozilla/5.0 (Windows NT 10.0; Win64; x64) AppleWebKit/537.36 (KHTML, like Gecko) Chrome/118.0.0.0 Safari/537.36
VM40:1 cookie: 
VM40:1 localStorage: {"dc3_auth_key":"\"9f08eae5e5768ddccd0d199566e9e96779b86837fd5a77752b3064ea245c24269b879680639dc2c58f2b5d0ab9d9b3dac22cb4bc2dd4b90554eac254da689f4ef905f82fb13816bd8fbe4ed78c7d24d41d23e1bdf0c8e03932029b042cce4156e85f0af2efae871513c5c775c6a6f8adfc87f4f21ffcf1d7475954f3bde33106a4b5a52826485d64ecd3372b7cb33a653b7d65e7cc8ce00ed66674b4bd0ccb6841d9b3c46414e0f53f8c42445eef3251fe5810e94e47226218373ab2814798e5cbf5973ece92ad881568cba5ab74a0c9a1be669bcdd00dbdac83ea4ab2234a80624b4f613fe38e4a281af53001f721de5f61f60f3cbaa3357c0298dee67edb29\"","k_build":"418","dc5_server_salt":"\"4356515b8c856cb0\"","dc3_server_salt":"\"5dc37d94392ebdce\"","user_auth":"{\"dcID\":2,\"date\":1698423401,\"id\":6874868868}","xt_instance":"{\"id\":27057179,\"idle\":true,\"time\":1698423412360}","dc":"2","dc4_auth_key":"\"426767f66b2dec9c713086b33998ea60de10b02c04d37225414bf648829eb54d3dd1e0977984f20343f1fa3f6a8ce30b0697108eb7b716bb303f947346e598cee3235067da2a4a4934b00403a531c1f4bd12f183bc46ac592d46c46d9cee26d85ec4dd6b2eb27639982bf77d8b3fe7a8b61ecce4796d99e6babdf5260743dddffb590197b0767d3cf17415614e2bc05828365ed3ef3a65e7ac180a8f265981e3214be8b9e12cfb91f2ca6a517095a38588700ed269f36e32bfe40d89d9b34555262b89a8ff906c53cf3d8f6a9306f3437bf22290a737c1ac0e7ac1f57f3dfabb5a9c4e636094cf5211b581f2e813a0f742365ec3f23a8cce333af58eadaabdf4\"","":"","dc2_auth_key":"\"1bff6ce6639bc48ce4936205e6a84a234efa6a36e1ad842a085da671d29465f78aedf6907decce4530678182797579b6d03757d9a8b9e7262e76a701fadd2a37ca965ac0e5184f3c2d3b0111ef866f0cc180c8aec50ed79b893f7ed34163b4dbed6a65607813f4153bf4f7e95743584790ad693bd19ce8be5ab4c4e28bc3dc0bf7c05c3e5b032ca91e5a8b226bfa852da94be13c3cf0d4cfc479c76e1424d095400803c2ea4db4a342168061db2d382bc90ce17503f2330a850028b6c5e1944d09a56c29a1e5f5f46e25648c6cb694d6d550c474939beffa52ba052117db7785bbfbd2778362348a77467c9606ae9be1f0d26ae001529f6462c3cb0d8d84207f\"","dc4_server_salt":"\"d32fd6811777cd76\"","tgme_sync":"{\"canRedirect\":true,\"ts\":1698423402}","server_time_offset":"0","dc2_server_salt":"\"02f37e629b827c34\"","state_id":"882189877","auth_key_fingerprint":"\"1bff6ce6\"","dc1_auth_key":"\"81979c79dfdc190e0f2a5a21bbbc756e72e2c88cbc2068708559e39c4c9bde941e60f364c6c279cf36a1ab3712f905b6fd6c72c463281324ac6b20682aab1ce964b69f3a4f818b39d1c8a89d13365f84845193df6604bae00135cdeb5ed940ef9d0fa67fc27506eb4900a846ced890edca20bd82ce64f9736c4f98565057ea63191915df7baacc5eceac1e86819c654b8eb223b2e072a6df01b8542c9408a57252adb12255fe93a78d28258f3a8bfbfc79a305c7b9a8f791ec6bb79b8ebaa720152b2edf6b3eb88a520d55753ab5c38a936b00946bd5303ee94f5adc35f5e44895d99ddd1e29f681b534768728d143bccd86ea8489c87c7604a18a1adf1efe77\"","dc1_server_salt":"\"1056947784604201\"","dc5_auth_key":"\"093254a10bb02720ed21c9099e2e45cc1082990ef38374173660930d0db6f9b63a075279a047e1f128f016beb9000159e49c25cd8c32932af28f7e4b3e4e62a8285dd9b973aae5ec6041e56e142bff8ebf80518122e67cb849ef37d9943a6a9cfd644f17c05be69bc7967c438dd606fbc1b8664b31e5a89bd85be18bab3951dd0046146cb28817b27fc9a7c07db6cf126d0d9030de0c7ee9695134e6909ee7c46ec5112a0e655115d14df3758a7aa9b56a6346e8bf2c70a7f885cf6c98629257ae2692c4b3c3699fdecbcb8a6f0ddf7511ebcc43522726975d384c2724939bc200b41a5af86708e0e82f314583c8795b3121438b52be8965b420336cf322768f\"","tt-global-state":""}
VM40:1 —————-
undefined
