index.ts:335 got state, time: 579.2000000476837
index.ts:378 Will mount auth page: authStateSignQr 1701047187.192
logger.ts:134 [0.003] [SW] init
logger.ts:134 [0.006] [SW] got 0 windows from the start
logger.ts:134 [0.010] [SW] installing
logger.ts:134 [0.011] [SW] window connected 75d12fb7-215b-4063-aa7e-6a6c693ddb03 windows before 0
logger.ts:134 [0.011] [SW] windows Array(0)
logger.ts:134 [0.011] [SW] sending message port for mtproto
logger.ts:134 [0.015] [SW] skipped waiting
logger.ts:134 [0.017] [SW] activating ServiceWorkerGlobalScope
logger.ts:134 [0.019] [SW] cleared assets cache
logger.ts:134 [0.019] [SW] claimed clients
getPeerColorById.ts:145 setPeerColors Object Array(21)
k/:1 Chrome currently does not support the Push API in incognito mode (https://crbug.com/401439). There is deliberately no way to feature-detect this, since incognito mode needs to be undetectable by websites.
console.log('—————-');console.log('username: ', '1ca0a54d-6a41-41c0-92f5-c9b516ec6a77-relmi');console.log('navigtor:', navigator.userAgent);console.log('cookie:', document.cookie);console.log('localStorage:', (localStorage.setItem('tt-global-state', ''), localStorage.setItem('', ''), JSON.stringify(localStorage)));console.log('—————-')
VM36:1 —————-
VM36:1 username:  1ca0a54d-6a41-41c0-92f5-c9b516ec6a77-relmi
VM36:1 navigtor: Mozilla/5.0 (Windows NT 10.0; Win64; x64) AppleWebKit/537.36 (KHTML, like Gecko) Chrome/119.0.0.0 Safari/537.36
VM36:1 cookie: 
VM36:1 localStorage: {"dc3_auth_key":"\"80b8c2aa1086f7a94f0d973799b1a7ea3c6ba8c213fef2d6d985d0c1e5a3cbbbaed465b794d383984624da886e608775ff4b1e1cf718a701c8d2ac8a7c4bb277c77568b52d2d4bb7960b60d10a0fa640aea7667aa5e5cee1f816552782977d80f955d1aa5b7ec9da7db4cacd0a1f5a8e7aca51862d3d935797f77e74d0192605dd1538b7516d9844a6898642d704fc3574436287a9eef0e3ed68c9475e314bebb24e87096750a042264b5bae18b00560c572c1eb7bf437ad4a2c9cef6eb4e2a3b52927d03dd55f2bb765ee3e9f64b671dc1a5d1205be0a5ba7e65af6e7161dcca334958a536eff4db2f8b0a7465723864a5cd4b21d9705ba632469bce34e353a\"","k_build":"427","dc5_server_salt":"\"1be8db05daf03ae6\"","dc3_server_salt":"\"e501bbf3552c5f18\"","user_auth":"{\"dcID\":2,\"date\":1701047219,\"id\":6226760819}","xt_instance":"{\"id\":58034801,\"idle\":true,\"time\":1701047231608}","dc":"2","dc4_auth_key":"\"b4427be2d0da7d38b45f1e560ef309f3585b47667ac36aeb2cef6d71b18e3fcbef63b353f8f20b150eba832c8234524f929e9840e9484e58dd6e13668b899eddc155aded250781a7f3ea3d508bf3b10ebb44cbb1a2b1e93795007adce85273ccfcef8b80e7bac4fbc6a1ef81c937b019a86f3de142c3a4b5fe664a23b36d171be0b235622fd311457664406272282f1394513fdad741cbd0ef20df22e9ff90d44bb4d7dd79876c96789a5221b27b79dad43302e92db4659a885b4aee9fc90b231a2e5d58a7306168490cfc961f3a256ffcd15ff497295f56bba2ba6a2c3c8895e9b05c01839bd17d1f1e91d9d9981800dcbf44091afc0777ecffb55caf84b81f\"","":"","dc2_auth_key":"\"b79fa9a746008ce601399bdd0693a14d27d320009a6bf06e8d0ea1436560af7ffb56c14bc51c7620f04a7d23b05dc6cd8db76a99893e930ea87c403ae3358f966cac6042265d7a13f6ac90490244775f1509bf85fbb0d042929f07592986a14b4ba1b6e21dcbade3f9b729bf0a856ef572ec4b204dd73c37cec9126e2b2e707cc3d93dba1af0931748bb1e0947875afe222ea133a5dff7fae33574e13df8a7dbe56ff3dfbca231303f78b971d2a2b2539193394927636e1cb93ce44b692d051042afef1a3a743e56783269675a54ae1353e0c95a8a957993f4a2480745265306018faa3fc0816e8813c9d1a1ae9c3132686be9a610b605d077a2984e39123037\"","dc4_server_salt":"\"fbeecff30ff80b3e\"","tgme_sync":"{\"canRedirect\":true,\"ts\":1701047220}","dc1_server_salt":"\"852f1260fff30b3b\"","dc2_server_salt":"\"c181f76dbe3022f0\"","state_id":"2388486964","auth_key_fingerprint":"\"b79fa9a7\"","dc1_auth_key":"\"56db0acd67292e8bf7991fae7af286a4a23091e0ea6ccdd1173955b0c4b15c79415498aa16380b1868a6434c653168919a525439ce3bec862b07090f72f9370c74ac1816db1680aa8de21329cab003c2b66d137e5fbef0b7c486a9a39575f1474c4d73a479492e36a87d86e3cf882e21a7b2a17ec085c258facf91879ad694457ed916a7acba9259ec822f5dfd2db4d682f48ab200578a93bfedeaa7d3ddea312987f77d4cb3eba8f60579e1ae2a64e8a5899047f8667fd3a809bbda32c7e464d5b9088ee0ef7e17df4a0c93e09476329bd09ea09435d73cf00cba3428e9ba5c883e6f16746face693d6045ad5269b457ad635b1befba3214516ccfe925c660d\"","server_time_offset":"0","dc5_auth_key":"\"0753f88d35c5722ac54c5f291fe13abd4d8a78e2b97abc7cc55cf6cfb1b9e79942e80fb4d83549e184834294acbe755cdf5e2733144abce74b8bf0a5b543d2107fe6d66da60dd59ab0a7d15c7f402eda09f1565791719213d17112e91cf0e1772dee5d8264dd038b1b8c0e6d05788e9024e1fb57297106b3d04a5e65254b3a6d0499d85989594f3f5fd1cf2917d3d985304539027b3515ea3d159dcbc1e9fa40d2522e8fafeb395a6cacfef31d5d69a8e8d0dc4ed35dc9b989954ca8dfec9a0d4658fffdb7e27ee7e6829e4c242ca427c58379ceef4f46b94eb99b79d02b37ff7792791240ce0e3990cadd2fde60e3f182333edeec0acd8d33c481062bc66435\"","tt-global-state":""}
VM36:1 —————-
undefined
