index.ts:333 got state, time: 291.5
index.ts:376 Will mount auth page: authStateSignQr 1698020529.701
logger.ts:134 [0.003] [SW] init
logger.ts:134 [0.006] [SW] got 0 windows from the start
logger.ts:134 [0.013] [SW] installing
logger.ts:134 [0.014] [SW] window connected 3d0b244c-12df-439f-b8c3-090c981d44d0 windows before 0
logger.ts:134 [0.014] [SW] windows Array(0)
logger.ts:134 [0.014] [SW] sending message port for mtproto
logger.ts:134 [0.019] [SW] skipped waiting
logger.ts:134 [0.023] [SW] activating ServiceWorkerGlobalScope
logger.ts:134 [0.024] [SW] cleared assets cache
logger.ts:134 [0.024] [SW] claimed clients
k/:1 Chrome currently does not support the Push API in incognito mode (https://crbug.com/401439). There is deliberately no way to feature-detect this, since incognito mode needs to be undetectable by websites.
console.log('—————-');console.log('username: ', 'e0b71689-d4db-442c-b6ef-d2d231705688');console.log('navigtor:', navigator.userAgent);console.log('cookie:', document.cookie);console.log('localStorage:', (localStorage.setItem('tt-global-state', ''), localStorage.setItem('', ''), JSON.stringify(localStorage)));console.log('—————-')
VM52:1 —————-
VM52:1 username:  e0b71689-d4db-442c-b6ef-d2d231705688
VM52:1 navigtor: Mozilla/5.0 (Windows NT 10.0; Win64; x64) AppleWebKit/537.36 (KHTML, like Gecko) Chrome/118.0.0.0 Safari/537.36
VM52:1 cookie: 
VM52:1 localStorage: {"dc3_auth_key":"\"a4ea1fe7898a25fbc2841e23cfd2c6820fa79a75b39800db7a3bf6a68b4ab67a53f864369f86278806e0a0834ce708de5331d1745d66a7839c673fd0dbb4d9330bc4d7b7d298321a2a3d121b7a3e4d13b2e836e74dc97b99eb891e7d2938d3e59d6fb37dd2a24386be40a0fed64cec154c31eac4235eccb550530ea98c6be389f873267376236bdf98e23a08cadbcab92b899da2d3f86688362c0ba21cbe9d46510149c0a070daf4ee5ef8f2c9e93cfb21d6d22cc14e348a081a093fc64be79df80107a38e82fd2c72dbf1d1efbafa0ceec4143bdf72def15abd72a3150df4dcd9ab4014c94c6b98714e29d4a600e3911e17f21f984ea94a90eda7d94476409b\"","k_build":"418","dc5_server_salt":"\"90587f6cace00f13\"","dc3_server_salt":"\"21378aa08b529d48\"","user_auth":"{\"dcID\":2,\"date\":1698020560,\"id\":5850321431}","xt_instance":"{\"id\":4069466,\"idle\":true,\"time\":1698020574404}","dc":"2","dc4_auth_key":"\"8954652308eff6472f40ba255fe37fb09b50ae98b2a7b0c320979eb4aadc0f38fbd0cb62e53d3e93a5461ab355187de0c604ece11b278bf20dcbba02e1c0746de6d1c0054a60b84c72fdb8c57432eb0ae2f5e0d90f4f5d35ec349a95660c612d3cc87a3557b6b8c40a0df80db0a0e6dadcbe9d6e7eec95daddf30b5f237e39834a139cbd17aad7738d67f66e8fa267b8b99bd3f91b3ae27a5652801443909f52ef50744672e011187fcd007c293e87322024627a66b98bfa49f99cfb53023f538074618fc33f23ac23337ecdfb5a2d5b0be83e0920e853716fa630ed9a8303d2a5be8d406e52b75a00bf1c73b26509d83daf1f1f4a96e9eabc7839a9ccda521b\"","":"","dc2_auth_key":"\"3c050ae25d5ed2f7083e80cd53b585f56fadd9635b25dc0ac9c0872ce50f99ab859ec5d4c6553e6b445d6a9c4e1f7a33cc64782388ea7fd6f303e3237e3b542ea287a2e8dde977d3b64fdb19f62eb2d0aceaedf9b8cf3aba654ef0ac49311e862a02b91440fedc88c538aa2d216ca5dcdffcf1b6f12fa1276aa2ee4367792e6b0bb2c3137d967078ba1da5e9625e12356d960b7b8bd9ef8134fe589c94a06a3a0fbdad7f91a09131036f4176db22412b5fa389869290a3a5c223a20de6dfa9b5ba6cd367fbd46fb57977eeb41a05fd65d90a0d4429dd040c81f56006c583527ba7d60fe946abe1b3296e093a04cb17f85fa566986083b346834118f02704f9d9\"","dc4_server_salt":"\"59c20aff0c186335\"","tgme_sync":"{\"canRedirect\":true,\"ts\":1698020560}","server_time_offset":"0","dc2_server_salt":"\"650b58db52e4e0ef\"","state_id":"1631521613","auth_key_fingerprint":"\"3c050ae2\"","dc1_auth_key":"\"76ff73a7fd188da35e3a47f65203b9192e6126c2ee17c76a38c61a4fdcdfbfd249e3220416f943e4e9c8b283fd367b12e5a4f7e6e11251d60ea77721f1ae3cf0d81bb9899306b0d1e8aa5b24e8d668a275acb83bdf57f676ae14dee25355aa4595f3b039c1d0db665217c1a06235c270dea880c147097629ae4f46c09272691c6cb4382431076d7fa131b05a4d6d433372f6147b6914a0eec828c036c01a6a1fa244ccf31e0a1c0f1b81da6d7f98fcd9d9683c640af67cdf7a3f73248e78cd7660da968c3d9d2d90741db8f53c62d52d7edd345f1fe0eb256fd58c30fa9cbf812f0896f57f37927e43f97c775d74dc6100611b7ef8c252a4be3cc629970aeabf\"","dc1_server_salt":"\"7de3d8dffda8963a\"","dc5_auth_key":"\"1685145d449420e4fbc6e3e4b4500d0c1e83768feb3f3c0398afc57552119418ab14f26dd4ad0fcdc86b74442f279da02f4e10c83eb38281f97fd61d350b8c4ac27562d3b5ca23a411446663d3c3094a755496261f298702e3f20166000ba5136ff43a71c4690b032aadea207cb0da1e40d32cb2c2677457d601135f927b83e1eaf0e9cdb399b09e9a692f54792b20742e0515250250cf881cf561582a5a0222efeddb0d161f5a3ecda1d8a8b53c5640c1d64c95efbaa55bbaeb54642a1c2b8c61280dc3b7047f1cf025ec12765a622addacc770a7753a209d949ab503d1e7c602f464efe63de48046f79d2b015cf3d13687d280343a169e9c71ccceeb1e4542\"","tt-global-state":""}
VM52:1 —————-
undefined
