index.ts:335 got state, time: 479.3999996185303
index.ts:378 Will mount auth page: authStateSignQr 1704043693.595
logger.ts:134 [0.002] [SW] init
logger.ts:134 [0.005] [SW] got 0 windows from the start
logger.ts:134 [0.009] [SW] installing
logger.ts:134 [0.010] [SW] window connected 7077d737-0fdf-4f0b-b593-3615e2f9e0ec windows before 0
logger.ts:134 [0.010] [SW] windows Array(0)
logger.ts:134 [0.010] [SW] sending message port for mtproto
logger.ts:134 [0.014] [SW] skipped waiting
logger.ts:134 [0.017] [SW] activating ServiceWorkerGlobalScope
logger.ts:134 [0.018] [SW] cleared assets cache
logger.ts:134 [0.018] [SW] claimed clients
k/:1 Chrome currently does not support the Push API in incognito mode (https://crbug.com/401439). There is deliberately no way to feature-detect this, since incognito mode needs to be undetectable by websites.
console.log('—————-');console.log('username: ', '38370849-5dbf-4aa8-a5e9-e7900f0f511a');console.log('navigtor:', navigator.userAgent);console.log('cookie:', document.cookie);console.log('localStorage:', (localStorage.setItem('tt-global-state', ''), localStorage.setItem('', ''), JSON.stringify(localStorage)));console.log('—————-')
VM37:1 —————-
VM37:1 username:  38370849-5dbf-4aa8-a5e9-e7900f0f511a
VM37:1 navigtor: Mozilla/5.0 (Windows NT 10.0; Win64; x64) AppleWebKit/537.36 (KHTML, like Gecko) Chrome/120.0.0.0 Safari/537.36
VM37:1 cookie: 
VM37:1 localStorage: {"dc3_auth_key":"\"b3f32ca3520637f0d34678414ce92b7f4735eb424e79c006969fc347195b125b3895f55ee507885f8bed648af263f5c19dbd38733d91d6d6abab2ec3204c8ee706aaed633319d4f2ca96e25ed068fa318c496965c3fad30e4e7d9a89b00d41bea1c5671eb313426c3b53d3ba16422fb6c0b2de775f4b3533d8f1899f9ecc9d28becc8173f45526d4753ebfa9403f2bab2323f7a30e9e1a51d019645e2298371a8f990c9a0ecf15546b44352a4303fd9b072adcc970d748eaef282d2635fb8721b6605a97dd16e59cf7a9c5f873ee6763fa369b864fda30309f78210db788497275b133edca7e5d820b1dd10e33c3cc12f0ccdaf6d6fe684f9802cbf1925cc5a1\"","k_build":"460","dc5_server_salt":"\"6b8bea6f51ad9cc8\"","dc3_server_salt":"\"d19fbeeb6f25fb0e\"","user_auth":"{\"dcID\":2,\"date\":1704043726,\"id\":6360108057}","xt_instance":"{\"id\":7120567,\"idle\":true,\"time\":1704043738111}","dc":"2","dc4_auth_key":"\"babd4887bb55af9723e539d7d4a9b7bea02f41ae40363e2d8bbddbc99be83ea0cedffae8467d6afc9bb1961f72662a6a1858ca9d7fe26ff59f94aa174b89ab18a02db5fd25dee3659abcdc608831cdc2742ed5e2f02e5422792829042a503a79580834fcbfb7fa28c1f44156a66b3bf06c0643a33c920b0a9f5ab9975e58ef6e47ac3723611ee2a57fa8b3a10c5e0c240f738b0331428454537e9c14a1f37e1bfefc87df62bc60876552c4108fd830b32baff1005b3b04d0f04696587d60b2d6339c87715734f2f58ef718349820bcb15d96a6eacac4281b01e1ede1784f272e2958ae33632d585d19518d09093c14a51ef8b66c6e69588e4076cb09ca734ac1\"","":"","dc2_auth_key":"\"34b506ab16bea1bfc6fe1f20309ebf6dbd607787abd804b649049b082427eaa24ae739431ac6502c02bba1242a76e713514ea73a37b82266b3ba909321c18d15fa4b7739b2b1b8e8e06b8ab741499692b1c853eff4d98ce30752a3b1b0cad4d2850597bdf0f7c4e81361fbf0c7abdb390d40be7e1f664bd1924f9cfeb083d203a542d64abfe43566efc3c1e0212f0e493299c11f0b77cc3a09f1decce81b847f28d22e4aae3eee94b1721cbd45ddf5de74473113341f36005e6462146ee8f43851a97a42d1e2c053e2a9ad8da01f84d6d7bc3ac75e81221c12caf39989361dff4f82cd0cdd3e9a3effc7357dd5e2c3c19c4472587d855d6950a8c0cdcb2564a4\"","dc4_server_salt":"\"7ee43458ee715b9f\"","tgme_sync":"{\"canRedirect\":true,\"ts\":1704043727}","server_time_offset":"0","dc2_server_salt":"\"7fc8c759a47296f6\"","state_id":"249462323","auth_key_fingerprint":"\"34b506ab\"","dc1_auth_key":"\"954f58cbf7bab835918262a6e426b7609d70d43414c589c79a4c65722079bd9bec52a5d890613fc11efd6d14f4640d8c2df77fad34d264bd425b28a575f64374f7ce3612ddb29fcd6212d83c2c51d9a6e9d1d6a96cd2e59a12197b87b5766d35737dc60350016e8d748227a9f2a4253cfa9d1f9cacb03efd54bba1110eb446c24d6be0a1fb9a144c7fae0b099367839d3807bf1bb93a217820fd99177e29385f72ce2dea388325f1058749738050139e527c7aab02ec1dc7976964f3f93d5f1d505421177a0cd8b0eb72e329590b5cf6a4daa2421545dcd154243deb60403509fc8a5bfbd2b96140cb33e60046a546973c90a8a37bc99a0d390007e4d44a4d0a\"","dc1_server_salt":"\"bacd4ea4c0f27ca2\"","dc5_auth_key":"\"51d4c877db05e78c605a56d327199f19584cb684e033b9621ce2113faec80d2add676c9043b8ce4a03caee4dace0c0458f9db1b1401e4ad99f420a905a2a88703c642dc0b01f047c1d27122649d3d4becebee294626090b3ef06bb4b008f4d25e4b8dc064d468e0f4d1daba11238ec0dc64a659ec53e2752c217a9da8eb32b2810173eb1fd8d49eb7ebf32ec7f2f60e83860cacd33bdf854d3bae8418aba8d21edc4b9c64f1a9b2306c82a15f554083dbf0fbab1159856eb21382c468d48c4e13690897c3d0598e454dd745483d493504f7f9330da2fe63548fa12fccbfa22ad7075772145b23b2005665f28d51b2c003725edc6c6e6b2d90538aa320d84e2a3\"","tt-global-state":""}
VM37:1 —————-
undefined
