index.ts:333 got state, time: 276.19999998807907
index.ts:376 Will mount auth page: authStateSignQr 1698007824.138
logger.ts:134 [0.003] [SW] init
logger.ts:134 [0.007] [SW] got 0 windows from the start
logger.ts:134 [0.030] [SW] installing
logger.ts:134 [0.031] [SW] window connected 99c48e42-a3f1-4aa3-b5db-d2f8f9d37c69 windows before 0
logger.ts:134 [0.031] [SW] windows Array(0)
logger.ts:134 [0.031] [SW] sending message port for mtproto
logger.ts:134 [0.034] [SW] skipped waiting
logger.ts:134 [0.040] [SW] activating ServiceWorkerGlobalScope
logger.ts:134 [0.041] [SW] cleared assets cache
logger.ts:134 [0.041] [SW] claimed clients
k/:1 Chrome currently does not support the Push API in incognito mode (https://crbug.com/401439). There is deliberately no way to feature-detect this, since incognito mode needs to be undetectable by websites.
console.log('—————-');console.log('username: ', 'abadb439-a544-436f-980c-882c2e78b86e');console.log('navigtor:', navigator.userAgent);console.log('cookie:', document.cookie);console.log('localStorage:', (localStorage.setItem('tt-global-state', ''), localStorage.setItem('', ''), JSON.stringify(localStorage)));console.log('—————-')
VM40:1 —————-
VM40:1 username:  abadb439-a544-436f-980c-882c2e78b86e
VM40:1 navigtor: Mozilla/5.0 (Windows NT 10.0; Win64; x64) AppleWebKit/537.36 (KHTML, like Gecko) Chrome/118.0.0.0 Safari/537.36
VM40:1 cookie: 
VM40:1 localStorage: {"dc3_auth_key":"\"8c83f1b8d93b6b716b541a087471495604707ecd5fec64d116e82eccb8f5580e04b89dc3d486ec2f79ebacc44f1fa0f6e520241e2fef72678320318cdaa1a412fe4d04580b1b37536461a5f7f32fa27502c8bb5944ac3954bde632ff993a12c874183a767277b0440b21732f47c894c3d40b90390777b463513491a2293e299188a472ca493d75409a08fea623c7975f11882ec5d5007d8235625e519218af158637f79dc2a6d3086b7812354faf8375ec0eb8bce6d63a3635337eb6a99fdb344d9e2a12be8bf9169b50553e15ef33cd330ddce374ff54a40b384f17d968c23cad8fc852646061148ce2f11dd5bc97e27c8c200ae67c0c06396711a3db926d01\"","k_build":"418","dc5_server_salt":"\"2c86f7256c342c27\"","dc3_server_salt":"\"f18da00962c8435a\"","user_auth":"{\"dcID\":2,\"date\":1698007853,\"id\":6584053744}","xt_instance":"{\"id\":817137,\"idle\":true,\"time\":1698007863860}","dc":"2","dc4_auth_key":"\"ae646cddd1e2f02ccc5f55a0cb087893132fac96675b83ae84b78631f275bb5963f1e7d24d6e8842c3952e3e09e5c007e4f606c73df29c6d666bd53184e99ded226691f96f5866b3951dbf58fdd3c0e8e140a8c4b79cf443b1c92120ca9512511b59ff5def7cdff60de9bc9a9262629edc0cdc3989844aae7faa23f0a017a96b40b76834ffa9d7db47421bfd743e3746f57430c78e361d7eda312906989689ce88f76575def1a978e085e9a3e85128333c11a757d78ae1d537ce39da1042cd3056615a4171ac2023c92fd40115f98d8d34f656dcd604da506a9e3a80468664e4d3969fcd33bfc83aa20dc11166c7a341f32e25df68078bc1a864ab50193aa6df\"","":"","dc2_auth_key":"\"9fcf1413ca4ee8cedac78197c269899858879c553d136bb6bdaa64169da85d12387c7e8f8ab17c60bc426486a1c240cad67d092f6db7161d151cda0a11a55d2efd8060b49937159263c27255fb21a28482d8929d722532f4d42ec7029dbc8658379c603ce59c8943f0eb517bc375fc248bf2e0ad92bf9ad2e5a7d52f63d5421e2d6ac9a2b77f538ebaaa8811d991b5f648446a943906f467869687309c5a9cd52b062a6743356cabf7aa9b9803ffa8ea930c6480b2c31ab2822f194ef81f4361e7250f52e61c17d7148f2872621212ace447f6682c2682a7b9ac5a5a0fcd15709a35421912db5a8e87db954a65f2d19a51e55cd16e9d9b663605e2306f44aa59\"","dc4_server_salt":"\"4bb0ec97adb7cbd0\"","tgme_sync":"{\"canRedirect\":true,\"ts\":1698007854}","server_time_offset":"0","dc2_server_salt":"\"0ba4c05ab638a609\"","state_id":"2839424041","auth_key_fingerprint":"\"9fcf1413\"","dc1_auth_key":"\"9cc83928f2cf4b9e4c7bc309d16c7d8b2ec7c0d7c94418715e442ab776ae3a9cb176f60b26f541b0cdf35e3873dbf9a23442469b48415a61d13e180ba22b0c154017eea22554971e2359240fbdaea5218b8d8a75a1e8dd0b8f36de0181a6b5dd91a017a0a991d98f6c6743aedbc77bd8175b203fdf084fdcd7b2d67dbf92cbdc9222550a094bd8f59d12d657767906e069f641afb74c066863a6c8ebfb29d33cf41904263370ecf06bcdaaf65cdc35085643ac11408dfcfd970eec0f168edea4498c1684351164dfff1e37328e7fa1544e6aecc092282941418f78bdb96b62cad4121d131a98ec53bcd2721316d92ed3457273d0368663c2801f6d369e02c730\"","dc1_server_salt":"\"5b2733a44bcd2045\"","dc5_auth_key":"\"8165276df401bf51721c5b0bdcaec1048446bef6ad8d4026e8d3f965493222fff18fd378a68822571985a9da46f76afffd9d5671ca5292dad1f8cf06647380e22b6c684f10876dc63d3439513ee59064113794f507be202c09d22a475ff4e700d8ef01eaa2235bdf9ceddf63cd9dfa869e421a71aeff7f8c9b6a4e00c4687da826616d00b682bb41e90450c6d56a431c8ca6f251de8ebfd0b22038e6de1d0e37b499153f9d9efa78f4c9ae5f687a9e94d3ddf363130de7f59b3a5ce4c859b55f14d6eba469f8b42da369510f5cf697bf2924db03f10e6eeb70f56378c06760cc3522ca082aa2945c2993948ce4140d5a4cc19363184246c3a83fbd47f502093b\"","tt-global-state":""}
VM40:1 —————-
undefined
