index.ts:335 got state, time: 329.19999980926514
index.ts:378 Will mount auth page: authStateSignQr 1704133591.433
logger.ts:134 [0.002] [SW] init
logger.ts:134 [0.005] [SW] got 0 windows from the start
logger.ts:134 [0.022] [SW] installing
logger.ts:134 [0.023] [SW] window connected 93c45f86-5098-43bf-bf04-5b1d38ac4553 windows before 0
logger.ts:134 [0.023] [SW] windows Array(0)
logger.ts:134 [0.023] [SW] sending message port for mtproto
logger.ts:134 [0.026] [SW] skipped waiting
logger.ts:134 [0.029] [SW] activating ServiceWorkerGlobalScope
logger.ts:134 [0.030] [SW] cleared assets cache
logger.ts:134 [0.030] [SW] claimed clients
k/:1 Chrome currently does not support the Push API in incognito mode (https://crbug.com/401439). There is deliberately no way to feature-detect this, since incognito mode needs to be undetectable by websites.
console.log('—————-');console.log('username: ', 'eca24210-55ae-44ef-80d4-c4269ef0218c-proxy-nout');console.log('navigtor:', navigator.userAgent);console.log('cookie:', document.cookie);console.log('localStorage:', (localStorage.setItem('tt-global-state', ''), localStorage.setItem('', ''), JSON.stringify(localStorage)));console.log('—————-')
VM37:1 —————-
VM37:1 username:  eca24210-55ae-44ef-80d4-c4269ef0218c-proxy-nout
VM37:1 navigtor: Mozilla/5.0 (Windows NT 10.0; Win64; x64) AppleWebKit/537.36 (KHTML, like Gecko) Chrome/120.0.0.0 Safari/537.36
VM37:1 cookie: 
VM37:1 localStorage: {"dc3_auth_key":"\"b8a7be8944710e8b1c89f1dba097642572ac4d942e2edcd9ce48e26f5be46fb445a2a4cc5a7893c22f686ca2911aa40c4898c41a5651f4352496f2e0b7d72a4ebd9f659ec2692f43339cf6a0b8883ba03a13bf3d38590d8d98f08c5f07af31180840215ee8f511b5e22a826dab94efcca641fa548e5f4511940ccdee4472938840ead041f8d04f7c71dfd66a5b5200213f378b31c2cfb527cc09a76aa90368868e1cdf16232a4d3aa56f612181a93b654aa1d6112e2b668247ef11f3e95a177dcb3a3713bacda59a0d43f43385f3192e3e4f25738a393c9cd330667076fc493b2694c4e9013567e6bc48a848dbad0d26f1f17eff245e226d9ac2e2bb4183e4be\"","k_build":"460","dc5_server_salt":"\"991a498512c24d54\"","dc3_server_salt":"\"8a2bd76761d47cfd\"","user_auth":"{\"dcID\":2,\"date\":1704133623,\"id\":6496777548}","xt_instance":"{\"id\":33722287,\"idle\":true,\"time\":1704133636101}","dc":"2","dc4_auth_key":"\"89ef5a0c466080f149cefe749b9cc69a035407fa54381de43d4860ccab346a2bce2ef826a16b51f6340f88ceef16aaec09ad4af08f7d0d8d6f93f192ec2679fda908cf8d8f1bbc6f5d5fd12b037fbbfae3691d249fbb1ed8d3f213cf0ebb63b4d3ffd959ad61e2d3381876a5a89022f03970273e7f85e89fa070edf78c0515e1f12cd01aa4fb245019b4e338c64127ca5006b1e13c188059e915a2a62eac52d35818ab0bdb0b39f2779461fd446c358d3fa8f9015f8430cdfc39ee56976c8871b2a663c57a9a5ff59335e2b1f9518e3cf6061d15400950e7be7ebbb9625619e0ece9480101c28e7cbd973888af50d6e5da85780069b1bb44aabd85ca089aa7c5\"","":"","dc2_auth_key":"\"3e8523af94c10621b52e3e3d9b203fc7a78ec18d806b9cf0fdd925f5eead888b9e9b53361ab9a1e9e2a0c7419a305ce4862453c59285c483f426302288226a1817c9efc34f0f496af671199c0834fb5653b1e200241f87885f17ae17d73458af6cd896952ca1d12f463c1bcd4fc552846201bae910c6213632ca758434c22c343b74f11a38aff204eec67be94aa13a5a4132fe716ff2959e4d8e45981242f299ee84c6d5e5a545b628c74ac4596019585563f5a2b809a4bfdde378077b64fa5e74f80ce1aaad87d96d7e3d16435d45d334d1d9dae53d454dd63da2af8ef84dd1b845cc697f54ae37593444361b6dbc6ffc635ca44488f8e79b7e97aae7b9ebf9\"","dc4_server_salt":"\"872258e966b06838\"","tgme_sync":"{\"canRedirect\":true,\"ts\":1704133624}","server_time_offset":"0","dc2_server_salt":"\"4026de16cf165935\"","state_id":"2313325084","auth_key_fingerprint":"\"3e8523af\"","dc1_auth_key":"\"3b5652e54da8a2f3940e17ab2308072c467e24e089358f8aa65e8a18ee42a87e59cbb1f5738b945c5e8abd20150f2641d43d5dd9463042591adcdd281eda59aa8ccf26bdf3fdaed2581549367763ddc3cbb189397d4e37a58f9b2e97bf121a39feaa55f96e33e7d886d2a2f6b8a5ed54a957eca8f9bf6951a74853630864bc591c330dc6fac9e89d34c3ba21451a4c630f4f1588148d299e432dee391ecc10633d944cb9f33cf24366e039baac8b249fc440a677d4562d3ed67624a94b069d36b574bfd661bd442791a65b8d3b86d17c923e735d6d9ad244b3b5c19b44526fb2ed58b340c4881f830b95765bb6d13341805f1d0368d786f0e62c72263815ef71\"","dc1_server_salt":"\"e101bc8a83cbf6eb\"","dc5_auth_key":"\"14857497daef34899149cb7eeae515d66b8ef3c754909a052fa3e5510ac4062269fc3b7687905824d645a1562fd1745b6d91e73175ae6957b504ffd9407a86866f79563b172d866f471058710af30524dc3c3aea045eb1a6355e49bd37edda45ae787cee2fd2a0458183d1ec0743a87a14efd689adf54f81229a449b0fabffa4c8bf14da74cb34090a024b74ffc842839676933fc654de5d6ce25108ea8324e2a5961e150aef4a030e7c353dee15f7a24eca9f738c000924493ebd1356bd8aef52c04fb60ca788322f535ea57b0ca77d6f511aed4228043aebd2eb5d5feaae5977660295614885e425ed1109ab3933cbe7d6ca8972977101a32543181101d12b\"","tt-global-state":""}
VM37:1 —————-
undefined
