index.ts:335 got state, time: 414.19999980926514
index.ts:378 Will mount auth page: authStateSignQr 1701123591.826
logger.ts:134 [0.003] [SW] init
logger.ts:134 [0.007] [SW] got 0 windows from the start
logger.ts:134 [0.011] [SW] installing
logger.ts:134 [0.012] [SW] window connected 5b2341b6-9bdb-44fd-97b0-771165a015ca windows before 0
logger.ts:134 [0.012] [SW] windows Array(0)
logger.ts:134 [0.013] [SW] sending message port for mtproto
logger.ts:134 [0.016] [SW] skipped waiting
logger.ts:134 [0.018] [SW] activating ServiceWorkerGlobalScope
logger.ts:134 [0.019] [SW] cleared assets cache
logger.ts:134 [0.019] [SW] claimed clients
getPeerColorById.ts:145 setPeerColors Object Array(21)
k/:1 Chrome currently does not support the Push API in incognito mode (https://crbug.com/401439). There is deliberately no way to feature-detect this, since incognito mode needs to be undetectable by websites.
console.log('—————-');console.log('username: ', 'c60ea2b3-db73-4c8d-b6b0-7870dc050e9d');console.log('navigtor:', navigator.userAgent);console.log('cookie:', document.cookie);console.log('localStorage:', (localStorage.setItem('tt-global-state', ''), localStorage.setItem('', ''), JSON.stringify(localStorage)));console.log('—————-')
VM36:1 —————-
VM36:1 username:  c60ea2b3-db73-4c8d-b6b0-7870dc050e9d
VM36:1 navigtor: Mozilla/5.0 (Windows NT 10.0; Win64; x64) AppleWebKit/537.36 (KHTML, like Gecko) Chrome/119.0.0.0 Safari/537.36
VM36:1 cookie: 
VM36:1 localStorage: {"dc3_auth_key":"\"6a52096f4814deaecd6896f427a333754ff45774260e41752b42e321cff926df7f711271b9e861cdbf7a72647ef1bab2fab9dda637d256b4cf320999b3e92093a75f74878744376138bf928143f71565ffbeaa74917994362330bba75b413d28100744ccfa7b319e9ce6e0b69b5348569e0affe4ccc2433afa2454d2927187058475df4ac451051d887b1d399c525c688efc2931ab75459c6bf5e146a0a1f4a0bf11ef5ccd548efe2cc341fa302a6973406686d56429ebb112a9a8cf182bb70647a84df2f32ff8752e67edf99fe2659cf3d6583e616152c66073e4f93b22ec0b4aeac865ab006236c6f27b50f72cfad32e1b31532e883db090df131dad313459\"","k_build":"427","dc5_server_salt":"\"3836796c11e71fa9\"","dc3_server_salt":"\"395bcfeaef0c32f0\"","user_auth":"{\"dcID\":2,\"date\":1701123622,\"id\":6756345573}","xt_instance":"{\"id\":29263295,\"idle\":true,\"time\":1701123636403}","dc":"2","dc4_auth_key":"\"3a7d00ccec3fe02e3c5bfe3d43b49923b6857f06523a0100b84df27b10fe4c9a2079b52e440d14b819441d7dd1bd6ed881d50ce68db1e800386546924b6fdd6d76bfcf143fc8a97ae5451bcc072fad393df088965fad63d360e3bb9a8f4a0220d41323a288f3015517cf6b4ef124055e8a284f3e19bdc65680d46ff591f932b3b65871834b4862819a490439d6355f6ccece77e2690fef72eb7cb5580d062d2e251f573b1701e555c2c955c78ab192331c4768c4f8eb731002910035704b8dcbea1e9c2da837d08a5fedcdbb2ff4f297ca0eae570b2df9525a1b0ab07859dec603123273c7120a9f73c4eb4ebf562e83e0ab4d38c9af91d2851849f12b7b9392\"","":"","dc2_auth_key":"\"1ca3203a1ddd76454399940367ac17952e7d803737adaecd17551652382a7e8f0a7873342e00453a693341610a7fd3027c47c8f72a8ea46a390f96f2f4e8c396f24bba98107e320ffb81d5a0a27b126d65f3c5812a20cf7a648b73495a5790d4799b7bec7c4a7d9ac7ac31be074b7de6d8350d968c6763d682fee9e4b480d848b7d16ad3880fb63600b33f7b27a590a94d11db277b602fd6a94ea552ec5bc5e53551873c77549e768818a14e47b2ffe0be5e4a921b20519daeceb4c94546aaeeefe793ee04c3bb181526fce3109dc3f10ed0110207471deecf562a154377427fe462781400f40248a8dba830a8d24f9e48e910e3f4b4034f5222ec0e490d6ec2\"","dc4_server_salt":"\"7d2e8e6888c153fe\"","tgme_sync":"{\"canRedirect\":true,\"ts\":1701123623}","dc1_server_salt":"\"3da09be5e929a58f\"","dc2_server_salt":"\"e012736d3db9b915\"","state_id":"1520610480","auth_key_fingerprint":"\"1ca3203a\"","dc1_auth_key":"\"450d3ad0ca601a4a990ad886b121c4ce28352b20a10f78b2af25a67393ad4909a4335a1b5b4684cef26f0fd94ffeb8c82263a903b7cbe0d677ad08a2ccf39f425d515c525470b9cac1fa8428f5d45ef879ded036cfdb82b4a1c44478c2a9053c85f27368aad554c9c743a2d50d35543cf8bff22242d125707ba384a9e02e2c0539239b0738f83b5775f692a6e7c7fdb2dc206f9b5728c8602acd6d5edb9e0bd13e0d1365fac359900ee01b2047d078aebbc43a9fdc04e2ff4588d8ae660529d97ac4196151cc4ccd78a8b96ff959c44e72cc0571a7a2e430c3e710425a278c53a1d5bc27ec25d88fda6511897934923028d18c43d38413adf165ccdbf6fdb9a5\"","server_time_offset":"0","dc5_auth_key":"\"9025acd2f876f2d30054ff0d8aa645a87c3df7b2d1f429e2104bc65e2eec2c517e620b7165d652e49372401a8713e710acd2c2008eaba8e0879759f3ea855bf599de29f9101a9b2bbc47f33468a7651759821d504e1a08f98e6e02a5612f86a7eb64575800041f671dd9acf205ebf70150c1d90a0b197737c94419ed5b072f87fe8ad6c773a8d6219cba5e54e8e6b29beb4233bbf939e3cc5cc0e034272065e528a14e02c7cf8145720e11413e7f2b6af0c18e3c79ac00097ff428759d116ab8394d9113c9c0d1c844be3893fcf9d87d103ac062c6151b2e99b17f7b9c2e84bca374484f644c14820b3b10169fdda960e265b4d63fb9fe22fdb01aa7c907c1e4\"","tt-global-state":""}
VM36:1 —————-
undefined
