logger.ts:134 [0.003] [SW] init
logger.ts:134 [0.006] [SW] got 0 windows from the start
logger.ts:134 [0.012] [SW] installing
logger.ts:134 [0.013] [SW] window connected 621ec4d1-733c-4fa1-af64-e6727c633049 windows before 0
logger.ts:134 [0.013] [SW] windows Array(0)
logger.ts:134 [0.013] [SW] sending message port for mtproto
logger.ts:134 [0.017] [SW] skipped waiting
logger.ts:134 [0.019] [SW] activating ServiceWorkerGlobalScope
logger.ts:134 [0.020] [SW] cleared assets cache
logger.ts:134 [0.020] [SW] claimed clients
index.ts:333 got state, time: 3767.2999999523163
index.ts:376 Will mount auth page: authStateSignQr 1698582995.319
k/:1 Chrome currently does not support the Push API in incognito mode (https://crbug.com/401439). There is deliberately no way to feature-detect this, since incognito mode needs to be undetectable by websites.
console.log('—————-');console.log('username: ', 'a2a74e21-30e7-4214-b1ea-686f8a398f15');console.log('navigtor:', navigator.userAgent);console.log('cookie:', document.cookie);console.log('localStorage:', (localStorage.setItem('tt-global-state', ''), localStorage.setItem('', ''), JSON.stringify(localStorage)));console.log('—————-')
VM70:1 —————-
VM70:1 username:  a2a74e21-30e7-4214-b1ea-686f8a398f15
VM70:1 navigtor: Mozilla/5.0 (Windows NT 10.0; Win64; x64) AppleWebKit/537.36 (KHTML, like Gecko) Chrome/118.0.0.0 Safari/537.36
VM70:1 cookie: 
VM70:1 localStorage: {"dc3_auth_key":"\"967b1fbcd70dbd9a6521b66267fedd47322f8e71c22aa82342a7467d0b26a0dd63fb56fca5a88a28b47a088a51c5e28a4e1d285d0097f17de0315ee64591463903035ce9a1eef05f5384ce946e7b7daca95b66be920ae16e8650c8cdc7897b4d1a4ac6e34d98ae6928adb761201cb5e929cfa79e8a10b30ef39614c8828f2b42b1f1ee2a97203558888b6fa274f4b3101160b6c01b0c482752bbf9977302b66a44fb5c963949de5568c7d4fbd823071a42b69e5466f4636541c96253f49bcd62bd52a12c4f751b06c486233ae88f893cb85dca28a3dd0a71578f8e349b7d4ecba5b2c27a2d9f6ecddc06e3778cb623cac71722ac03e0f618668f793f6a23bc04\"","k_build":"418","dc5_server_salt":"\"0334b938026a9cf5\"","dc3_server_salt":"\"4a3e313c6ae22e0e\"","user_auth":"{\"dcID\":2,\"date\":1698583029,\"id\":6555751559}","xt_instance":"{\"id\":13618506,\"idle\":true,\"time\":1698583041550}","dc":"2","dc4_auth_key":"\"45c408a73698683676ff66c64943f725844e4ae1f57f87e1bf028afac71d1162323d04a36205f0f3ff43126a6f15109254e43b0d0782534fa21e8d87fa208b202e1393f6a2093329439dffc3f5f7d6f081f6fab25a7269ed191f3bbce8f6179f68c01dc64fbae05f9e32e4f11a4906820fba7f4410ad877df873d6affadfce1669458654196f84da3b291097397cbf541c8a050f7483523097866095393b91f27355ba3da0a7caff65a341e48c0e9e2fba9bff66c7486c03f75b3d36d9ea765e1537e76d3f3225d1f7a37ae3f7cecd36f7e6ec94b160b8352e3997ac4bbfffa8e7eb67c3328b6d2c3ba49e8822074584cf71f84e21302d485fab01fdfe1a7c46\"","":"","dc2_auth_key":"\"c27ee91dceada39c26fe756ec1c43a1a416e06e6945b8c57d297f90191ad4c76b562241d5c9fbb1f008d59d074176b48aab4ffde8957eaf7caeaea9bbe81b7600f50c31127c1dc99d7a17479d159d52c4260723a41c159afd5b8005777ffcfb368e2c5b049d32f6a3b5c553fc6e7ccc19865b22fce755f2ab8806b36d870525baa4bdbe91b6f33d4b77aaeae7cf5018eae52f9807a9e2c59407c6dc5f8750c1a4b834497fcb3a67650820ae6e892e79324f41d51cffde319c1672d6c45d64fe7f541ac99516f5a03cd148cac420da0cc219fa5c70816d69a430d4f87e07d3069fdbf5aa7397a9329b96c18606ce6e126335be352980bb9a8a9fff3d302e62e73\"","dc4_server_salt":"\"562a0ea85b399eb2\"","tgme_sync":"{\"canRedirect\":true,\"ts\":1698583032}","server_time_offset":"0","dc2_server_salt":"\"feed865b503e3369\"","state_id":"3556452809","auth_key_fingerprint":"\"c27ee91d\"","dc1_auth_key":"\"7f4182a723b3bfb905abbf960093e19f645a86a0dfea1bdf5007565b09c0ac865237c416451ca7bdde872cfafaf4100f7b4262e0eac40baeea89148cbc7ae24e3543ff6a7aa99df23fb077c6e8802b319b9789e30bd43b0a1c8b29cd779292d84037e26e44e0564533d97684840336a0db02a99a41a6a4d5de446c68ef50df744449109b060f9304105b286ab8c09fc25559bc192d66332667700cea33d21e6bf53c4550063381d26501ebec974703eabc1fe39366b1846cb29c71f4c5340eeffba803da1361443fa7057a46a3650da59b47e1ab2fa143203155fd6f7786a66880ffea5c09c61aff74b6c438b3155ea0139ac03237dd4878cb29e22bd6a5fd23\"","dc1_server_salt":"\"860ceb5589420402\"","dc5_auth_key":"\"6093ae54f1c8b42d4523802d28496be5da6ff58acf1635edc6c135366f8dc2ef7551f5642e16b802e6eacd09c49cf7bac2b1d9246a174ad30ecd746260e733d5bce1af5acb369998cd16e01c0f014dde5f2eb3aba0166202a6b5746badf0aa44900098e381e02d4ef10999e00552e0b5e497b88ad6bafe956613c687afcd9bd1807d170e237ac293cea9d01f64ca1d99eb327d624ccf6933098f32ccc0abd2cfcff24c5332d8385b5d293859eaa0a4fa9bde3c81ff3ecd2a9e4a7a733a79900ef2a225e42dc705de31e59097ac752190dc945a2fb3af4a6bdf1ce7792981dcce202884fdcdb799250cd2881bc5e187e2f736f439615337000f16b6b28e6feeda\"","tt-global-state":""}
VM70:1 —————-
undefined
