index.ts:333 got state, time: 237.39999997615814
index.ts:376 Will mount auth page: authStateSignQr 1698020067.45
logger.ts:134 [0.001] [SW] init
logger.ts:134 [0.048] [SW] got 0 windows from the start
logger.ts:134 [0.051] [SW] installing
logger.ts:134 [0.051] [SW] window connected 7915be36-4abd-4bca-a8fd-b044a6d2c80c windows before 0
logger.ts:134 [0.051] [SW] windows Array(0)
logger.ts:134 [0.052] [SW] sending message port for mtproto
logger.ts:134 [0.056] [SW] skipped waiting
logger.ts:134 [0.059] [SW] activating ServiceWorkerGlobalScope
logger.ts:134 [0.060] [SW] cleared assets cache
logger.ts:134 [0.061] [SW] claimed clients
k/:1 Chrome currently does not support the Push API in incognito mode (https://crbug.com/401439). There is deliberately no way to feature-detect this, since incognito mode needs to be undetectable by websites.
console.log('—————-');console.log('username: ', 'de73ceec-3d81-4caa-b478-c908ea144571');console.log('navigtor:', navigator.userAgent);console.log('cookie:', document.cookie);console.log('localStorage:', (localStorage.setItem('tt-global-state', ''), localStorage.setItem('', ''), JSON.stringify(localStorage)));console.log('—————-')
VM40:1 —————-
VM40:1 username:  de73ceec-3d81-4caa-b478-c908ea144571
VM40:1 navigtor: Mozilla/5.0 (Windows NT 10.0; Win64; x64) AppleWebKit/537.36 (KHTML, like Gecko) Chrome/118.0.0.0 Safari/537.36
VM40:1 cookie: 
VM40:1 localStorage: {"dc3_auth_key":"\"b8489fb4b66c532558e89c979c6a8a1523bc4bf443a82a5321ba06cdfbdb2a037a5f64d9fae272981e284c62da4f4ec0575fe308fd6c463355c06b1030c43a775921fefb1f12751f471363cbf028ff9eb57ea2cebbb658b27be226cd9a1643f25860a1cec15ef5720d3fa56f5d06d167aedc8f9172649d97057163c4bd0c079032e8ed0c52f5872b3188775e44cc605b104f65b21a418505c16ef00784fdf53bbd5fb6be07bdf64aa77d77536a34895b2ab150c9ba788cb728dbfc07317b141bb0f4ead480fb7cfeb7a7cbf08f8fd20678458da0bab409037d177e6380926e83b222a4a2fc58012118db9b598a77da7a08f4d9c28518b37c57b0874636bdcab3\"","k_build":"418","dc5_server_salt":"\"52a07892dd951f6a\"","dc3_server_salt":"\"ba9b808a31fe04dc\"","user_auth":"{\"dcID\":2,\"date\":1698020096,\"id\":6968746511}","xt_instance":"{\"id\":6317095,\"idle\":true,\"time\":1698020107215}","dc":"2","dc4_auth_key":"\"2d40118309024d46ebcf2dcdc3d94454a570b8d1bdaef122011c7e536698d6d79fcc1d55026e811fa48b704312a77795d0b7d62cdb133b6e4a500da9e949294bce4e85f73449a7ec20bef039e7e393441b19758967f7fae370368f9071ddbfca5d6083df67c41ca07437fe994feb131f195954f06b9d7ba75bd9ad4bc175f3c8f1f48860f330cf45aabbd492dee2afc778480ed94c54bd2fcb5a8526eb3c1443647214f1398645f6046e34256b53328592de49c8e6c1c22f27223c7187d6fd95276edaf75904981c265ad92cd341e8d511b44c38547b6727b6ab3375d49634a50e07fb11c527437f4e37df9daddbe87f0b11ede7f5e07ac25bab08cb1b1970ad\"","":"","dc2_auth_key":"\"4ebf11ca310a45b09755b12fb30a7a63f548a60960cd33f356c369957a516119afcfb4ad165ad51d27c5aae7fc87bf0a3d169be3e07010e6547e3366badd51e1953d1f591b1321b8f29baf645a42469260044d1ff926911c3aece994bac1c58e239a5318ea1bf9c90e1b3567e63654fc9940406f392c17b9b7276a65cff237231142c2604fb93d317d3b1470c62b458b6f471ddc3565a42212e45672a4301a1600d6b3709c9a5097a8bbdace5abccdfd871b7cf1775447163747d2ac544bd5313bd9fdb114f8b5889f033c525e7daf4176477742c57c384ec62112a3038409cd17ec972b4a82819c7ead571bdd44577643f2a26a0d4e5d2fc9accfb2483c214c\"","dc4_server_salt":"\"a462f7454ba61e82\"","tgme_sync":"{\"canRedirect\":true,\"ts\":1698020096}","dc1_server_salt":"\"157517d8d60a9248\"","dc2_server_salt":"\"ade9b9dc00792552\"","state_id":"3835442087","auth_key_fingerprint":"\"4ebf11ca\"","dc1_auth_key":"\"651b5413fd66b37bebe76f6ca34f2f4d9300fae274b7990a338b89999d123dc20acaf6438e1941c0ad0779e796ce00597811b8c25524684a4989c6a8acc050facfca1ebfa086574f59dd2f31efd1995042e809bdfe1b846c6b96dd823b2952bf7acb85293d02cb57efd7c5a2ac82b729da9e5fb9b8b46523977dbb6814c8239cf9d7220e574ec82b3d7248abf9d1bd627b375e8f70025eca4912c4c73ed1b10b6cb70e0faf03cb407f9f990a95acb27116a3f456ec3c3bdb42fe5868cd82adc5681e828fdc3e8a79d024f5ff2bf6115832e12e4c62777e26b2895b21b559ece3449e64e347b838d2122f96ce2176c2bb139f5875fbdf519eeea0bcf9644a51a3\"","server_time_offset":"-1","dc5_auth_key":"\"9aabf76fa07909a79525d432449b0b54f12b111cc9386400eebc8b52b7bc6e7d78979e6c79f7ea3f787b30861bc7c6b981ec8d94eb952054637ffabca613cf335cd34f0dddb702ee6732cf7df842a60cc5db42d8f3d00efc706be2711605b8bde079ff4977ffb3bba5ac73c284d7f3f8d9b80cc3ab6f79e7842f6381b5e2f58e95734c2f1d019125250d98cd02eebd7c89b7c881dbeb3d28bc894d7d7f0a3388268bd98c1a8bf92fad0757c375a16343954b418b23a48257c75d4c74d617fef4a3f428d2b65b0d7fabdcc5a321f7c03d162141419c066a8fde3f8ed83f39b816e7a7549410e5a8ab6292db5d0c219c022b0cff30ca5676f7dd8fd6ff4f4d230b\"","tt-global-state":""}
VM40:1 —————-
undefined
