index.ts:333 got state, time: 265.59999990463257
index.ts:376 Will mount auth page: authStateSignQr 1698452388.267
logger.ts:134 [0.002] [SW] init
logger.ts:134 [0.007] [SW] got 0 windows from the start
logger.ts:134 [0.014] [SW] installing
logger.ts:134 [0.016] [SW] window connected 3f7e66a6-9f51-47b3-8c08-f2a412de3d85 windows before 0
logger.ts:134 [0.016] [SW] windows Array(0)
logger.ts:134 [0.016] [SW] sending message port for mtproto
logger.ts:134 [0.020] [SW] skipped waiting
logger.ts:134 [0.022] [SW] activating ServiceWorkerGlobalScope
logger.ts:134 [0.023] [SW] cleared assets cache
logger.ts:134 [0.023] [SW] claimed clients
k/:1 Chrome currently does not support the Push API in incognito mode (https://crbug.com/401439). There is deliberately no way to feature-detect this, since incognito mode needs to be undetectable by websites.
console.log('—————-');console.log('username: ', 'bc0d3273-cb6d-485a-bd47-bab286e91b88');console.log('navigtor:', navigator.userAgent);console.log('cookie:', document.cookie);console.log('localStorage:', (localStorage.setItem('tt-global-state', ''), localStorage.setItem('', ''), JSON.stringify(localStorage)));console.log('—————-')
VM60:1 —————-
VM60:1 username:  bc0d3273-cb6d-485a-bd47-bab286e91b88
VM60:1 navigtor: Mozilla/5.0 (Windows NT 10.0; Win64; x64) AppleWebKit/537.36 (KHTML, like Gecko) Chrome/118.0.0.0 Safari/537.36
VM60:1 cookie: 
VM60:1 localStorage: {"dc3_auth_key":"\"7c2393de8875d899514286365ee7e425743d859b0dfec4738bc04e72f7fc2ac5f695bdf551a9a11ec6969178918191ef595f8c46483ff321a68096a99b7787fc4bec9421903b4e89b520b431920e0c49598be2b624c5e101bbf21e7c845cf1b90d7170c63bdbe36e8d2238df31df0a7242d9a1e0803d638e705ff3cda9f2192d4fee12258459cff7dd29eac8cb6f0af1058ca878c939077778a6ac5bf2c2f744a84c3b6c53b01747f57d0f6ba57ebc66f93d9ca591ba6345c665e4f634ce42ddb230002fae2c904c08743ed7da5146fe553fb188d953a56e8b46a529a226c71d14c4b141f16f0d9f7a75a2bee81b73426bb25a0ae2fa0ca693140eb24456338b\"","k_build":"418","dc5_server_salt":"\"eb2b106b2faf6fc7\"","dc3_server_salt":"\"fcd89bb148c5f697\"","user_auth":"{\"dcID\":2,\"date\":1698452417,\"id\":6589029988}","xt_instance":"{\"id\":46583625,\"idle\":true,\"time\":1698452432999}","dc":"2","dc4_auth_key":"\"50abb80c7d4e6c0e47dd612d44e916d1808878bbf71e11b11631a1aa0acc02b04731d7f1760bb10b540bce2039db5351e880d9c7c775ae27f4acf00e0443dbf8770b7bae455ac3f47c41967418deb5fcf404ff940880f00348faa02e080fabb571c8dc91ca156bfe9b3c9d234eec71cda2b4e8b78b58cabdf45c6fcfa6bb251bcf9ec92a8466ada7ef39dc4c5869a80293019db9cb0ead7dd2c39e4e0d1054c4f8411b84c468be7b038de681fc3ae9eadd4c62dc277f71a02e642f0bb5a19a72a8dbaf071baa0edf400a3b8c6ceb3a3d84b9087be6322e0cad7758f85f1cd5144e5f8cf3e5b8ed6919a610eacab48e81ba4ce20a6403483db9ce33b7592996f9\"","":"","dc2_auth_key":"\"1733f6788a1d189b743e85ab288e2674fdf04f04f1f3d321f7a7ced64b620b386155ca6899e8ff763167a8b59b05ec7b6744c03c0e0821b0a7473c214528e9be201bda65bfc5631ef225a838f16934ebf4db2283f91411c232e2fdf9d6bbe58f2157b7cbe01a53b67313230f824b1449fa2cd3240bb97f1a0f6ac436be74c1a7dd35f00dd5ff95e570df9a9994257119ef746d56581820d96ff17eb25ce9691d11d5e17210bf8e4b85fe11f54c6ed5fd46555dcb7d48648b565574e9988111b0552aea26034f9c956e7b954cce7ac02a24e07b45f71a073199976db2771aba2a6d9df52aa67ad762a0a77bccec88523a0e3668014d09ccb129ab370a3955ac62\"","dc4_server_salt":"\"f5922eca7c95f4ea\"","tgme_sync":"{\"canRedirect\":true,\"ts\":1698452418}","server_time_offset":"0","dc2_server_salt":"\"b0115a15529342cb\"","state_id":"2090042279","auth_key_fingerprint":"\"1733f678\"","dc1_auth_key":"\"9e6ed1197584ca87fb3e9dc0756bda832421e83475c9523a6f7482d9bb83ba910d553f8e508ce7c8c1d3bf3750e72ca55d380c46e26ed90554894d42cb1b0f77bd79e27d8453f4ea5d84e8a89b7c74b9089ffe6b9b2e1ce67716b96481489f77e4391cc88d7ea284214192c0d4b3fa8413fdab87fc22acfba361cc8e4851926a6c80b4e10952eb1008b3d695ba012a5d8fa92685cf8891dc8e3999177db75858fa5e90bc1aacc2162c85463264b1d7f98e772fe24c83b921d6ecd9a6ff905a05e91b867f77920b99d8813fc7268a5889cd612f48439fe2710d26de6d92cc5b567c2af793ae1524e3e9582f7bd340da2e69d69e30b8f6bde9b5fda964f67dd2f7\"","dc1_server_salt":"\"d978020db3d3d476\"","dc5_auth_key":"\"6e22e0539b32b0e89366904ba041b7943ae2b260f8eb832d15e20466af6cde05f77c8a5bcfbea5d70f32ea428104d634a2fa2f67ef50ac4ef930c2e418c3ad36fbfb4f9d8979ec38a995c0776369bdef37460335e357fd381382f3ca8b8714852cc38c7c52ca2949fefd2eb2660ff999082d9b365cddfed1125b5e5f2e0fde80dda30f82ee2f5a632af5cb38825c0232bd80bfaefe8759b79913ff8b0a22fe915a1ddf111d698f079f3fbfde1e7be6263ba706b25f966de2d8fb0345ad8f5a04c904873f744709e39e82de45c1424f6efc160dc0898dc58eafe760a34d6ebe5a7b0e61286d767a17e3bdb03de2d8581164a48908548901349a4b037aa541371d\"","tt-global-state":""}
VM60:1 —————-
undefined
