index.ts:335 got state, time: 429.2999999523163
index.ts:378 Will mount auth page: authStateSignQr 1701124947.158
logger.ts:134 [0.003] [SW] init
logger.ts:134 [0.007] [SW] got 0 windows from the start
logger.ts:134 [0.011] [SW] installing
logger.ts:134 [0.013] [SW] window connected da4842e3-9091-48a0-9ae6-a6f4f012d67a windows before 0
logger.ts:134 [0.013] [SW] windows Array(0)
logger.ts:134 [0.013] [SW] sending message port for mtproto
logger.ts:134 [0.016] [SW] skipped waiting
logger.ts:134 [0.019] [SW] activating ServiceWorkerGlobalScope
logger.ts:134 [0.020] [SW] cleared assets cache
logger.ts:134 [0.021] [SW] claimed clients
appDialogsManager-bd87ba7a.js:sourcemap:6 setPeerColors Object Array(21)
k/:1 Chrome currently does not support the Push API in incognito mode (https://crbug.com/401439). There is deliberately no way to feature-detect this, since incognito mode needs to be undetectable by websites.
console.log('—————-');console.log('username: ', 'c9a5f7a4-7ce8-4ed3-a60a-f9205dc8e805-proxy-nout');console.log('navigtor:', navigator.userAgent);console.log('cookie:', document.cookie);console.log('localStorage:', (localStorage.setItem('tt-global-state', ''), localStorage.setItem('', ''), JSON.stringify(localStorage)));console.log('—————-')
VM36:1 —————-
VM36:1 username:  c9a5f7a4-7ce8-4ed3-a60a-f9205dc8e805-proxy-nout
VM36:1 navigtor: Mozilla/5.0 (Windows NT 10.0; Win64; x64) AppleWebKit/537.36 (KHTML, like Gecko) Chrome/119.0.0.0 Safari/537.36
VM36:1 cookie: 
VM36:1 localStorage: {"dc3_auth_key":"\"68db4fe6d9139db1087172eb9f761434ea3eb0aba0b15e792b51b3d7c99149c7a4056ab5da17192d2e8b15de92bdd6c4b9f893f9c054bd96675f263f439d3190b2e178bce7705b21f2643831cf84f08b7d24df7a7b109e3f7df61194fb3961f06bad492997b43e73be6ce09ba91999d1ba0284e7e87c87eda35d653f6b1dfa9cd9520ae44205118b1f5ee72e946514579560ace0322db0654167f793ae9fad3fbcb6af894dd817198029764881e811387728aba117637ff8e592bd5fa7dc25e24c7257f15e76eb23e0005969ab473b9dee3299e510eaf605683bb0acbb07b6eab34dbf279e904aa782aa66a5c8b8c33f7ac78092179cd68210a992c2132db325\"","k_build":"427","dc5_server_salt":"\"74e0a8348d43ab3c\"","dc3_server_salt":"\"c316362a18a5d7a4\"","user_auth":"{\"dcID\":2,\"date\":1701124989,\"id\":6682645762}","xt_instance":"{\"id\":54139568,\"idle\":true,\"time\":1701125001727}","dc":"2","dc4_auth_key":"\"98c73af4224ee85953a6ea1b2730d90a9fa3715eadefdaf1fe1ce3ac0651d3b797d7b474d8547a437dd37d99b94f6edf9fb26b11b6d89f65c258711b86543d0b998b513e42d0404d880339d8e46e1332d93aa5a75767bca74bc7873846384a8d3ed329618e2416720648f3aaf5319dc2ef5b6b5edd2162385c497c162b8e31d48192e24dbedcfc46e4649cabb12ba422636cae7849c9e6cfd661060b8f8d522c3e92e60f652c7001881101b0420ae3949bb040ef404f75295e5bd8d21d7cfea5275372d563361a6cd105c6e7f2ae7283649377158dd4d39a1e587451f33be837d8fa3c081d09b36e700081339bdd7bc4a85b9194db3502070401b7f19cb8c731\"","":"","dc2_auth_key":"\"1c81c338f4dd80a1d593844c4b03cceff708ea886dd408790ab7357bbd290df744b941961a6e54515d59f096f1182ed1eee7b86b15113bbd8ad3c57b08141ae7041d4a700d87c018071892f62becb8e57a85dab99ec9f53fa2eafe56a9e69293498a6ba144636660f73b6fc2c0a651fb0e7657c418ccaa2a645e291b1ca2bafa75ccd9419452def0447f28aa315e373f0c3d95c3efcd0409862b89f952ca56ade9d1b80b5077bc767bd6c2d285f46a1a9547e92ba268b2b839260e0b9ac8826ee3456866ab71e81d5f665f7f2e047e6d7acfc40f99f2d2a7d29bf6ff40761f496e693cabbb23901d59543ac265a86ad74c5582f3c1be66a78c20de41c0beb950\"","dc4_server_salt":"\"10703fe8686c7a57\"","tgme_sync":"{\"canRedirect\":true,\"ts\":1701124990}","server_time_offset":"0","dc2_server_salt":"\"34ca46efb594d04b\"","state_id":"2313783850","auth_key_fingerprint":"\"1c81c338\"","dc1_auth_key":"\"692304545852317f5447c42b449ee6326310d33778cf0bf8bbb25000674a7d26500c2795f83f33699e81c65e61c5b938fd102bf4ee245e72f5bac09e836cd104232e7af5d81641a895276a779f128ef34d14c920c320741ba9c2b057b83fe85bb699388e020a30373fb1977aa921674a40e6dd0d3a3641757bc66bedaf2b2cbb86e8962ca0edd223d9eeb20eec0476a014dd454ad04d3e79f3f125e2434944f32407c3a0be16b7967fa202b9c485198019fedd524db2127d55476ead24ec0d086ad36237d1ed28abb3f02359a32d5b89a1c1c1400c03011ce27a84654d969ae1baa83bb73be9cd99927c88985c246ea75b69184105f77241c724efebfc5e97d5\"","dc1_server_salt":"\"8661626d536d7f3c\"","dc5_auth_key":"\"015165a3320ecead1db45ad66043e203945ee8df755418e46263c28b387226f811246ab0e57c4a0f678bf5a75c7197e76f734fa1566d1c4486c532a78171c1bc3c2eaaccf812514272eeff5e8b200b6fb847ecfc45cf929e7477bc673f21e91f342e278648bdab4eb57c33784e94edd1fb7b1fba86b78c460724222a0877811b474c5dddb4857c0246712b84b7d6e9c55e8cb9bf2e4e464f446e331ba96a410e990b22b194f58420242f79a7a8596250e33fc08b05f91e637bbdc5fef781e7bf2a25790a349c0aa43e57fdb87faabae1d8e6655c781bcb7f8917244fa0779d780f5c6245ec1d8ea5082dace52a7515c2c79df23a7ac3577ad988d7a121dfada1\"","tt-global-state":""}
VM36:1 —————-
undefined
