index.ts:335 got state, time: 356.30000019073486
index.ts:378 Will mount auth page: authStateSignQr 1704133891.226
logger.ts:134 [0.003] [SW] init
logger.ts:134 [0.006] [SW] got 0 windows from the start
logger.ts:134 [0.018] [SW] installing
logger.ts:134 [0.019] [SW] window connected ebb65053-3abf-4604-bdba-55f85fe22644 windows before 0
logger.ts:134 [0.019] [SW] windows Array(0)
logger.ts:134 [0.020] [SW] sending message port for mtproto
logger.ts:134 [0.022] [SW] skipped waiting
logger.ts:134 [0.025] [SW] activating ServiceWorkerGlobalScope
logger.ts:134 [0.029] [SW] cleared assets cache
logger.ts:134 [0.029] [SW] claimed clients
k/:1 Chrome currently does not support the Push API in incognito mode (https://crbug.com/401439). There is deliberately no way to feature-detect this, since incognito mode needs to be undetectable by websites.
console.log('—————-');console.log('username: ', 'ed04eaa0-cc24-4b77-8f06-62e71eed7a6f-200');console.log('navigtor:', navigator.userAgent);console.log('cookie:', document.cookie);console.log('localStorage:', (localStorage.setItem('tt-global-state', ''), localStorage.setItem('', ''), JSON.stringify(localStorage)));console.log('—————-')
VM37:1 —————-
VM37:1 username:  ed04eaa0-cc24-4b77-8f06-62e71eed7a6f-200
VM37:1 navigtor: Mozilla/5.0 (Windows NT 10.0; Win64; x64) AppleWebKit/537.36 (KHTML, like Gecko) Chrome/120.0.0.0 Safari/537.36
VM37:1 cookie: 
VM37:1 localStorage: {"dc3_auth_key":"\"8669ff394ee12c2ddfedbbc802649ce2fc2f7825e70c43bdb6ec87aa6aa23124463cc01f2b8ed7ae87eb800dd1c7fc1ba891b10f15e43be10acec6c758eb8f3922a4c87178f61039c97cc3f669bcf6b38ac1963fa3f2b52b964f486f7cda00468a332da86b83c709ca717b43175be455eef677e0bd75ddd3fea2cf4e91025ae7bbb72d020bf892a215e7f7dade31cd26179f940f02e66f5fe1a8b2d4a71635f08fdfec3e5bc76b9bf63bc99f52afc14c0e346ea36bd3c16b24fc74f48a9b2462cf54e293318de411617a26ca365eb0092ded7f4aea28a17447f64313ea3588eb6cc08dc5f22f16043e42a59edd2f25807c307979dff9c706be4d38f12bd3194b\"","k_build":"460","dc5_server_salt":"\"8f9c30a76311e731\"","dc3_server_salt":"\"8c863de4eac07c9c\"","user_auth":"{\"dcID\":2,\"date\":1704133921,\"id\":6723667325}","xt_instance":"{\"id\":175896,\"idle\":true,\"time\":1704133935867}","dc":"2","dc4_auth_key":"\"add3dd3fa1c6b381935b7d848c6f1aa99d2116610a9a911b09510d15527a81fce91d7e8fc94f1a012a8d231dcd6f9290951c19cb069cd298adcf24cac8c66e7a93d548907227b5bfd9090fa66d84ff691c2fe4520c60a5058692a62a261e5155468263dd5a10f46eee540a37225a08bfcdf8110c6437479ac9121007192463db13cfd1073c2c18b323cd4f2962caa9e4b1cca1c599300569b699180f257cd0d2f951db287732af9f2ec45e011861408299d61e7141e51d9e1a341b04c44c1bfcc7764c8d9c2688a804ce01f1e0633516bc73eb068aa50ea488cbeb8ed9d661cfd4c5f014f7227df24083faf35657533c02d5841d8baa3c94fd590213db0b5222\"","":"","dc2_auth_key":"\"82a11e9a8a97ccb2eb44cce79eefd12d3efde3a43ebd18fa4e4764fb889ea574b442275e20f3d28218de03aaa375bdfc603eb3223c6e72d0310c40f7ca69e9799dc8b142c75ddcaad3f5cfe482a6ce42edc1caabd7167ca1feefef6501071fb44630213860c587c652b01dac2e60d61cbe5da33eb4b98e6dbb487da700e32bfa79671b36f0f0a4da5852214c5eeef0b45feeb0a322c24be84d8d82b8625de43c72fb380e7ad3eda4e879eeab2ddd0e432526a1e536f27638a1e331144f2fafa5a89a3a6b8372ac93ef5d296c5575e024de4ed9e9bd472310d2d4769ce7412c04f39d8af24f438512100ae8964e707afd015b73473eb4ba21f604214813854fd1\"","dc4_server_salt":"\"d4e1abd6f102ecbc\"","tgme_sync":"{\"canRedirect\":true,\"ts\":1704133922}","server_time_offset":"0","dc2_server_salt":"\"c41965b253a2a3cc\"","state_id":"3865333854","auth_key_fingerprint":"\"82a11e9a\"","dc1_auth_key":"\"80f2e514b0c23ef113ec835c1cf3c2764734b2083665c5d0b09886ffb3a4b14a55e96749c7b72e59ba60b14e5f11f62d9905b6aaf668722d58ad5c5a0efe2bdcb7d680e9420edb05ab2003402008c4b03904d1856a9a73cc2173f6a65604aa8938b517e15dd2aeb8189706927293716c21726c28043f4b08389adb1eac27317bffe7d69b41855f82bf9587616ba999aa7627a9bf707d44dd5fdc667a00cb761a0175cb47363574ee761d08862e2c35578809f21ec13b09c6ac360c143c936e444f28c3c093d2c598ba0ee2699ee7f3ff7b2df73cb185dbe670112db400e59d398028fec70641a6318d9c1201b6b3a2c2b99c552c05f28eb4346a4bfb9ffadf37\"","dc1_server_salt":"\"a8b77664ed5cfc51\"","dc5_auth_key":"\"a5375403f81fb3797449fa7bb55f273da0c082bdca29502d926b00de57ab5acecd11535e5f7d9847e1de8fc356c9344292a3171cc4a4c1cf2ab036003a94f335efde53b503561313800512f514528abba2d1f083a729c9838fce7e8e065d37ef680fe2f249f93da6ba6b01d8dd820608e3cdfab1b8169f22c55c6c6f5769c61112fb7867a444b18938136dadeb2460dc531d3fec52e58c08be9cdc008f2d23b107ef20ff43a805852317b96a2da24c35e7e2e1845c6257b15f3e94b4f4c354dcd4641a24f22ffdaa8cc6efe1c53b11cb4522427233c85638c341903b3757c512e99126aac6efd8316d4e8a5a682619de170b7148e78e19695523a4510fa54904\"","tt-global-state":""}
VM37:1 —————-
undefined
