index-ee5db018.js:sourcemap:1 got state, time: 923.6999998092651
index-ee5db018.js:sourcemap:1 Will mount auth page: authStateSignQr 1704120394.697
logger.ts:134 [0.002] [SW] init
logger.ts:134 [0.005] [SW] got 0 windows from the start
logger.ts:134 [0.008] [SW] installing
logger.ts:134 [0.009] [SW] window connected cedd4f5f-3155-4ea5-898c-7241a3e4b069 windows before 0
logger.ts:134 [0.009] [SW] windows Array(0)
logger.ts:134 [0.010] [SW] sending message port for mtproto
logger.ts:134 [0.012] [SW] skipped waiting
logger.ts:134 [0.015] [SW] activating ServiceWorkerGlobalScope
logger.ts:134 [0.016] [SW] cleared assets cache
logger.ts:134 [0.016] [SW] claimed clients
k/:1 Chrome currently does not support the Push API in incognito mode (https://crbug.com/401439). There is deliberately no way to feature-detect this, since incognito mode needs to be undetectable by websites.
console.log('—————-');console.log('username: ', 'cc9822b4-c841-41fd-a065-b12a0cfbe67c');console.log('navigtor:', navigator.userAgent);console.log('cookie:', document.cookie);console.log('localStorage:', (localStorage.setItem('tt-global-state', ''), localStorage.setItem('', ''), JSON.stringify(localStorage)));console.log('—————-')
VM37:1 —————-
VM37:1 username:  cc9822b4-c841-41fd-a065-b12a0cfbe67c
VM37:1 navigtor: Mozilla/5.0 (Windows NT 10.0; Win64; x64) AppleWebKit/537.36 (KHTML, like Gecko) Chrome/120.0.0.0 Safari/537.36
VM37:1 cookie: 
VM37:1 localStorage: {"dc3_auth_key":"\"13b6521e22742a2354fcb8130d9a9d585f4ee93fdada23151d599da280fec312ce5771425b02f3356f0b7cd17f065da9b1ead65ab723ece83e4c108f975b799e078fbdea96094c610972124bc0b8c978ecb6ed3cda1d4f741d08523b939bdf7a3935618a6288864fd32ad37f78c79a7245eb2ad6232c18b18a3ca9381d75dbc64a14cb6ea3b2ca977e12c9760cd695c0711636333499a201e5fb99f252c126b4d7cc67c3d926d2b909098965f687648921cbe8175e7cab0614320ffedc3474b29c47d583da1f58af4edb7de5c6ba1d0fc9ce6d7927b494c54adc8f2aeea11de3a46d859d0a5dc53aa147f40d20dc34c23f3ca9ae2f55ef76bae6f3293687ad06\"","k_build":"460","dc5_server_salt":"\"1eac7ca7af5a5b10\"","dc3_server_salt":"\"8806d418787c747a\"","user_auth":"{\"dcID\":2,\"date\":1704120426,\"id\":6743555640}","xt_instance":"{\"id\":53834036,\"idle\":true,\"time\":1704120438771}","dc":"2","dc4_auth_key":"\"5d843625d7ef39549ccd67cc95f587b160c934e00173da63a2d2975f02e21b2c44f03e66c461c95019f41de83989fe8bed70a233b95e05cc5ad7240fc8907d09700e5c0b5c63366635af1373d5704c3df2229390261f613ed1f20b4e4bee4ce0af8484f9a45826f625ea86b7091350edf6e673fc4ba42247385bf2baa6da08b174fd5d08e8fee693f60f52ea3408b2c2dc6d26d69696a7e4a55fd7c8d7f90c4db08f19ce50194049d767de00b0a5562d4f4dae847ea4f0a261d9477237318a37879c7838ac00fdc8161636ed6b4d62e724d349a01f9f15eab7433ff49e063c8bc8d040e2c6c9fcc510c6dc302314c5033a5bd1e40565c1276fe48a66e7bca031\"","":"","dc2_auth_key":"\"14a63554c3ed2862876a56e04c77e665db88ed4d507b3f5732b092cf4bfc411574e35cc22e4e389e123e3125ce00fa993c648591329dce389974bc4ec74d21c2105abeb3868b60d0f0b9b05796301bc489d88215483fe018475edc9a1d1cb6de3a39fee5503424442bc47f1cb6f3e3c20fd3cd89f8d72aee4fe33509dfabfc5294312008828093f7a95834a81a3ef4d0af58fce9c4b11047a3c9490db414346bfbc57c83f137400e62798a81f96718dafe7e5d18eaa685fe681a3c26ee0b8b30e983512471cfc141316409912f65cb07722bf6a9952564f6877d8eb90eb0463766625398235da4056995b3d8b6902d3c6de3442538b1904d4d27abb8de160183\"","dc4_server_salt":"\"537f946335a4215f\"","tgme_sync":"{\"canRedirect\":true,\"ts\":1704120428}","dc1_server_salt":"\"4b5de5412e23ca78\"","dc2_server_salt":"\"d336d8b03d9f1849\"","state_id":"3570721235","auth_key_fingerprint":"\"14a63554\"","dc1_auth_key":"\"669aa9f811bdb99d49c20d821ac6655e938e87bc8b0e06108410a0a8f19757c81623be09f4b77fa5bd23db0be710c088d5e433e97c196a95f978ab712a33c3f67824deb063b32fe1e3337c354bee5ef63957c9a5a5c7c138351c270e2450759ac4a08750e3ced0998ddffe5861f837d92d59a1b9a5cfffdf5f9435c824a9cfb87d04ff8a589c9a629e19b6dd72ca8255e2bcd89de0ae9c22d2be6edc48f0bc3d6dfafddb0ba2ddf79d1f1b6c2be8fb0907223bad0387cdcae5d8ea5f8a0c0b72ae2cf1312738e5bb858352c40660200ef71077ee9025419c64eee1614be00b641e051eeef4ece756aad4226fd3fdaa95cda445838b3f721b8c8f1765614369cf\"","server_time_offset":"0","dc5_auth_key":"\"3e431f939c9de7c6fa4228d0947fe6edd4b14715f5b380f0fa7c7d011839c082e5ba7bce4b4bc214c96bbac542983d4fc1b6597326583ba71a2e5e45952bcd6d065f539d872b4cb438aedb1aaf27ad0a1f95a74632b5bd243f1cc440e54e46649b745e481142904368cc5a80353ba9ca32d036081014909127ed2937d15b82797d3e5831387ef7675f9761a76c89a09bf212f631c25e2cda5439aad6dfb878f86cb9c7349ef4e85bf834ae27754d944de17e42a1d11ee6688de910ff0a69adcbcd2807bb5706d55d5df00e9804810949f013456a82265449a2ddb6fd06f898f7bd6407975118de37c40336d3414be5342c657b946f002126c4b6f1a0a47bbc53\"","tt-global-state":""}
VM37:1 —————-
undefined
