index.ts:333 got state, time: 1101.7000000476837
index.ts:376 Will mount auth page: authStateSignQr 1698426880.405
logger.ts:134 [0.008] [SW] init
logger.ts:134 [0.022] [SW] got 0 windows from the start
logger.ts:134 [0.027] [SW] installing
logger.ts:134 [0.027] [SW] skipped waiting
logger.ts:134 [0.029] [SW] activating ServiceWorkerGlobalScope
logger.ts:134 [0.030] [SW] cleared assets cache
logger.ts:134 [0.030] [SW] claimed clients
logger.ts:134 [0.053] [SW] window connected ce423d5b-60a9-4c6f-aeb5-4f37a6a47067 windows before 0
logger.ts:134 [0.054] [SW] windows Array(0)
logger.ts:134 [0.054] [SW] sending message port for mtproto
k/:1 Chrome currently does not support the Push API in incognito mode (https://crbug.com/401439). There is deliberately no way to feature-detect this, since incognito mode needs to be undetectable by websites.
console.log('—————-');console.log('username: ', '227f0059-2a1b-46dd-a9f6-4236392cf8c3');console.log('navigtor:', navigator.userAgent);console.log('cookie:', document.cookie);console.log('localStorage:', (localStorage.setItem('tt-global-state', ''), localStorage.setItem('', ''), JSON.stringify(localStorage)));console.log('—————-')
VM46:1 —————-
VM46:1 username:  227f0059-2a1b-46dd-a9f6-4236392cf8c3
VM46:1 navigtor: Mozilla/5.0 (Windows NT 10.0; Win64; x64) AppleWebKit/537.36 (KHTML, like Gecko) Chrome/118.0.0.0 Safari/537.36
VM46:1 cookie: 
VM46:1 localStorage: {"dc3_auth_key":"\"5ea4ceff3d453d0e1a9a740545c73226173b6ed03ca3b90f5e294940a200d1b55187d3266ca145a815d44085b61db0af0d8bd377fc0a1a4dbb33d46647900d3ac7dab1e534df2c3fdd856e368a9a5d6b48262f50ec21cab8c029bf9a8a3467b0f9f58702da4a5d2938f84a9392ed714b0825bc896f006d22149c4d50008aaf9b0866c793f697aa48e6e0aec9d182f220fa28a5d79d2e89b24dc25e9c2e4673aa5bcd603b7a9946e0651a0c51442a588403840924780b0f845ad73a52cf53de2f6f7af296c3e80004c194d372c19f354269782fd0e7dddce5f850a09709f21f93aa8ad75557839ce3fbc5e1c95ab9eb2b05af95f95c9fe0789332754707bec798\"","k_build":"418","dc5_server_salt":"\"52c4e4648122c87c\"","dc3_server_salt":"\"6f6c1b856f610825\"","user_auth":"{\"dcID\":2,\"date\":1698426912,\"id\":6603116938}","xt_instance":"{\"id\":11242260,\"idle\":true,\"time\":1698426924302}","dc":"2","dc4_auth_key":"\"25b3482a79dbea5e16b76969ca66322adb6d7ab9011145d78c524c79bddffeaf20304c49d6a12d6f79571a72c2a3baed9bbdebc19be7548572ef22ef351f451ca2bc1a4fa667e5f69c458c6f4436398022d75bc1c32d296504d772e7a435e1407f854b63db9cf66de0b83dd733b94da285fc9b5549f7b148dd24fd7cdfe5d689d44ec2745f2492cfc7c9900ad2baa04dc775e331007655c02f11b650af0647a1d3f1610b71a20d1c2bef372996789b1466c092f62ea49d86222d19da23eb018cbb65276b4ee09c4f4de82ff3c8a23be6fd65289438fb5565a6b86a08386a5096df055999e90eccb0c1f6894917cbd989cb4781037bbcdc715a05a6072ad74eb1\"","":"","dc2_auth_key":"\"8940918f6701a42a65221e056d251c5cae13e0cae9680aa265269d46b89ff1540acf5e7614a019ca8685572376605ae40252807b45241936bfe347e10cf400049d20b30f254c380a2b95baf84be336cc6d8370061d3cf1bb669fdad4a7d3d35de78f7bdc74598bcb9f513c8399df676f43ec309fc3a99e0148ca5b1149e297485e6d0aeb1325fea7e03b7f75c74a3d840973185238b65224dbc73f26beea53ce36422876701a04dbcc41cf833cca96e9998b76a417903f9122179005c4a2be95e75fb4d38891ac83b357c6b716f6676149ab0681976323c31fd87099a73db063eb86c59727a6ef43d4ba9dea21744a234d0bdb069f8033e81fdd6b52868e138e\"","dc4_server_salt":"\"0345ea63ea820435\"","tgme_sync":"{\"canRedirect\":true,\"ts\":1698426913}","dc1_server_salt":"\"46b2ac802233f55e\"","dc2_server_salt":"\"615d742f35078102\"","state_id":"2309899939","auth_key_fingerprint":"\"8940918f\"","dc1_auth_key":"\"b6c8ad980dfe3fd916346512fdbb11e23b426d916e4d7d73aec9864146c38941936599b3cdb156afcc9b62a482387dcbb7c836abf52dee0b7b6e8c60f0ef4d306ed39e85eab41ae6a84149e3c9c7a632348756a1e4a57e7a7fdd7dcda08da192ee41461a2b5a6c632e42ac9c4a1667c0d886b9e9cd4a2abb0dca91f6554616ce33ac3aa5f82e886f3de7c568cd074f69be4670d49e7484836731b36127b53759e9627b6fab47403c152f558983373ec9b5f8fa8be302d041eb4960d34b32729a08e9435a2567d0c41b9bde7a4d517156b4c240e66225f2bb4616d7411fc8ece69529c0c5856afd4a43c6d35ce798ace288f1776c709735d38c29c0b5d08ac10c\"","server_time_offset":"0","dc5_auth_key":"\"ae4f51abd517a7f428e041153f4c4ad9548b83932a60d6cfc4aec3c33b6bfd429804ce927eb8f23e283712729ad61ed5ff1dc9863aebc9eddb1213b4dbb2d4cae3e0f603879dece85a6b6b627330cd155d8356569854c3c04a03d89582ab2289ab24a15dc90385bda727a6feac0a28648b33386c55b5546d89de38e0a9e2d40edf4b05f113ab1718292094feda42747f40803c9674c521b4ff822b8f3d91fe3b41fa3e170102ca98a36015997ebb1a26fc0e5c42e37774a532a3bcf2d071f51a30a9d5e6a9234c312cc1251689602e998680dc30422c527c01675241b49fd2c5e228b1905f30004a376698bdc36032f7066ce15f026c4c39effb50ebd716159c\"","tt-global-state":""}
VM46:1 —————-
undefined
