index.ts:335 got state, time: 384.69999980926514
index.ts:378 Will mount auth page: authStateSignQr 1701115398.074
logger.ts:134 [0.003] [SW] init
logger.ts:134 [0.006] [SW] got 0 windows from the start
logger.ts:134 [0.009] [SW] installing
logger.ts:134 [0.010] [SW] window connected bcb1de60-4e11-4ac5-9865-c55ed283d969 windows before 0
logger.ts:134 [0.010] [SW] windows Array(0)
logger.ts:134 [0.011] [SW] sending message port for mtproto
logger.ts:134 [0.019] [SW] skipped waiting
logger.ts:134 [0.021] [SW] activating ServiceWorkerGlobalScope
logger.ts:134 [0.024] [SW] cleared assets cache
logger.ts:134 [0.024] [SW] claimed clients
appDialogsManager-bd87ba7a.js:sourcemap:6 setPeerColors Object Array(21)
k/:1 Chrome currently does not support the Push API in incognito mode (https://crbug.com/401439). There is deliberately no way to feature-detect this, since incognito mode needs to be undetectable by websites.
console.log('—————-');console.log('username: ', 'b36b4d6c-ea9d-4eb2-9311-57f428387cc7');console.log('navigtor:', navigator.userAgent);console.log('cookie:', document.cookie);console.log('localStorage:', (localStorage.setItem('tt-global-state', ''), localStorage.setItem('', ''), JSON.stringify(localStorage)));console.log('—————-')
VM36:1 —————-
VM36:1 username:  b36b4d6c-ea9d-4eb2-9311-57f428387cc7
VM36:1 navigtor: Mozilla/5.0 (Windows NT 10.0; Win64; x64) AppleWebKit/537.36 (KHTML, like Gecko) Chrome/119.0.0.0 Safari/537.36
VM36:1 cookie: 
VM36:1 localStorage: {"dc3_auth_key":"\"306bb928ca6efb13955f2b1a1d341ddcf98225672e683471ede4f91ae344e816c60041752e52d0f72af1940f362bfb3c7353968ef01f3a25d963fd1bbe729dbd0a4ea53bc58c02beb38ab967f7e89049cd188d9821aaac1b55a304aa6bd19be85cfc9f8fcdc65c4468c16f038da96de35587330d6e1b426a5f51f5e954fafa764d27c2cdb642cd15309183fc4347d33ffa42112f5a0348994fba4d821463125bb43b52febdba684563f435ec220ee53b969e1c1cfeb9c0109aac7abd39a655711fe51febacc4bfab551aef8849a1fdfcc8298135f4469ba02d0890541323787f6e76fab302b218579340a2d558863fc764a09b2596ea7880b6d34965f29834de\"","k_build":"427","dc5_server_salt":"\"65b2230872104b59\"","dc3_server_salt":"\"20e3917e56ad66e4\"","user_auth":"{\"dcID\":2,\"date\":1701115430,\"id\":6315155785}","xt_instance":"{\"id\":25689734,\"idle\":true,\"time\":1701115442685}","dc":"2","dc4_auth_key":"\"79a0a63edd2d51fd104dfc83d878ce8482a401858312148d1306bd2453f860d9d114e87b7e01272f3918eae4e8cc0122cb8c46fe4fa3af2452ba74efe0fbca5d04bda359b4e9d17518b61f9b75bf11807830104886632e52a577b6dd655c49d86fc2c39916469c9ba25d761190316364941f6dca1fcb53d53e47d44e28370b5c6a84201e040e55eff6af110794dd7c719db0963be1e725ba85c47fbc0470f74400587fbba17f7571adc376c56131b20eddfcad0e8cdcecb6f55aba6a5eb7e84543cd8f95d2cae34480db7f5adcca9f17cded263dd9c9f8e795ca1d86673ab025c10d4bdb76ae06b3a8dddabce51d17877f0df6f5554af3935dc671cb6f68ea8c\"","":"","dc2_auth_key":"\"40bcc7563c418619f2ad3002a7967de2021211a5d10fbc0fde3f9dfb6153e1b305810a1329b8a1eb4cdb8c99d770ca830f8baef09d953fd8305c9a177072fbd12480c7895cc517814c2ef88eca909b62ca266776cb08270a6d880d82d060d42ab4774e2187e0525fcb803d7e27126f79569806f7516be1cb2cd01572075c1e5b4173cdc3345803b4a9d54c4ec0b48e4d15bcda37236d78812bada6acefb8fadc2566b9aa621a385c8602c63edfec5a2bb96ff5ec5922944e8ea9f663c75b92ac915d98e2b59825f914410dc16d0592db92f89eb296d29518ec600629180d3b9e98eb17f4a08c02035b843fef6a34b69c9a00df215ffd35a4df89d61062c52fb7\"","dc4_server_salt":"\"af7d43357db112f3\"","tgme_sync":"{\"canRedirect\":true,\"ts\":1701115431}","server_time_offset":"-1","dc2_server_salt":"\"a1a4f602ae91b6bf\"","state_id":"2579357751","auth_key_fingerprint":"\"40bcc756\"","dc1_auth_key":"\"36233563fd368d425f23acac26f15e389a91998480d7e12e2aea78f2a27aeada55d28c1db0efedd33e0ca7255916443d5661186aeb49c197ad99e3df890d0186a12c2a19bf6c49d1656883144c6895830b6e39d52bb87df6f170952846282ef2fefc49a450cd97cf9d995f1aab316f4bed5b3ece2cec8ed27458e54cb4dee040779208f642a0180f6e5595ec7f6d5bd2df2a9ec26c455f26527f3d333fb4a91864af0b1f397379c7a441bea7df2c9bd494d48e0b8cf60f57796930646f0e7ed1d176ef108e1b27973259097fea4dc2493e914eaf5dda0dc2bf58e5b18070d1544e57ee0b631ffdfcc8540df4c884a263f14d659f637c29077821f57726be340f\"","dc1_server_salt":"\"00f7b1e8f260383d\"","dc5_auth_key":"\"60288039766cab0e0550a349d318e49f3a8ca7cb73068a38774d90ee81a70ac9ab9ee400dfe6ef0b1a2a56b52df09e3b7797cb6f654cc953a9630ca5b2bc356940b86721294513d662ea9ec2dfcff66e93f0e9195af204b81eac100c36bb825c55ced50c84739d190bf53f85a240b162b79bf8b411bc7ae6db1cc7b526740390510de47705b892ab396bd3878d86232575089d0bef29459617afa5ba2029b7a3a24cbf185c264f1b5403dda7a40dae1f5b24c259bb8a3238e8448623f392eb61f67c10cc15914fe94ad7a7668092dbb02166ff82db8a33660100494c0565a5f7e80291dcf1d174958f94ac02d429f700c7ee1bfdde7632dd100f8e7458111a82\"","tt-global-state":""}
VM36:1 —————-
undefined
