index.ts:333 got state, time: 279.2999999523163
index.ts:376 Will mount auth page: authStateSignQr 1698426767.211
logger.ts:134 [0.003] [SW] init
logger.ts:134 [0.006] [SW] got 0 windows from the start
logger.ts:134 [0.014] [SW] installing
logger.ts:134 [0.015] [SW] window connected de0e43f7-e083-4e43-abe5-4817f683f5f9 windows before 0
logger.ts:134 [0.015] [SW] windows Array(0)
logger.ts:134 [0.015] [SW] sending message port for mtproto
logger.ts:134 [0.018] [SW] skipped waiting
logger.ts:134 [0.021] [SW] activating ServiceWorkerGlobalScope
logger.ts:134 [0.022] [SW] cleared assets cache
logger.ts:134 [0.022] [SW] claimed clients
k/:1 Chrome currently does not support the Push API in incognito mode (https://crbug.com/401439). There is deliberately no way to feature-detect this, since incognito mode needs to be undetectable by websites.
console.log('—————-');console.log('username: ', '21f952ae-d145-4efd-8804-c12aec225441');console.log('navigtor:', navigator.userAgent);console.log('cookie:', document.cookie);console.log('localStorage:', (localStorage.setItem('tt-global-state', ''), localStorage.setItem('', ''), JSON.stringify(localStorage)));console.log('—————-')
VM40:1 —————-
VM40:1 username:  21f952ae-d145-4efd-8804-c12aec225441
VM40:1 navigtor: Mozilla/5.0 (Windows NT 10.0; Win64; x64) AppleWebKit/537.36 (KHTML, like Gecko) Chrome/118.0.0.0 Safari/537.36
VM40:1 cookie: 
VM40:1 localStorage: {"dc3_auth_key":"\"c6bb4a5dcaa538162be7e356db704ccb4bec2816b56e924859671bfacfb447661330da0f6e445faff73038454d6befd09c23fdc3d816c956dff4922646812f19950afd23d3040d8ac132ec2ded61a10747bdfeabcd2f18641d9ec05492914991cdce2086778b05a1e76559a02b125d2d0bc5fae4bafb32d9deae0b180f21bcd324c281aab180eb3d13872a6e2f1ea0925687721f1b4726d39a619562683d6b1f124e8e6c5e5c3afd83f66f3d1408f0ed1f593fa2200403682ec7b6d9cff05a611a53973af23a4078236747145df2627ec4b231135ac7554b650bc04cf359883e0282f600d07b82c7784fb42772356e1ab7cef97f06d2b2d241b92141583eec90\"","k_build":"418","dc5_server_salt":"\"b5f2205aab956b14\"","dc3_server_salt":"\"76b60cedc79a1f89\"","user_auth":"{\"dcID\":2,\"date\":1698426796,\"id\":6728886383}","xt_instance":"{\"id\":43958720,\"idle\":true,\"time\":1698426811938}","dc":"2","dc4_auth_key":"\"67c760cf4a17d23786a6eb07ed2704ddad6625da8b30fa247c5d4f566230cb193cf09e406e46a6984da7c6a2858ebf655d371cf19ea3743d04f51d81e73ac142c46482c604c54db45e67a8ccea4fb5a5efd45932c953bc334fb46c0370f65fc97865db10fea06a0106aa7495e789e7c072f3eaa7e8af91d2304cd8c498cacc66ac8acfa9ab3abbe4495cab20505ca751195d848dcfc2584f9068772a21f1fae4c9139e2b7b46c5b47f0600213d4a833060f2b78c244f1930f9806eff2ec41625995707f5a8498bd1806167b8a970ad4a981ac2efe4189430629a019ec653bd3b0ad08d646f431ecc84c49d0e9f61ff7bc6444b803532a1d53e51655fda20d3b5\"","":"","dc2_auth_key":"\"1995c38f5b000daf594708fba6240a1ba3c8fc45ad71112baf998fcbc7a18fb79808689149532b1c07ab4715b020be8c657e01293e1b218d6aa5a2a90e31032d8e5944ebf098e76270b483e1ecbd139b032634db0dc72718f6b46e9125341929fc6d43f441f5e780043ce6aaa9ebb01e7aefbe36ff11e8206a9ea73d221f30aca3c4fb5c1765e0ab5bde4b57b4715d01528d7f0fcefc920bd2334cd1f52539f2ab31a8abe81f71457c8a12a090e8d0345b729e7397593ab721b4ff90d938a0b1c823b726292367193e6eaa25a2209439469525ab7efb163a9416d0c39642282ecae384744d086f7b70ebcefc053459021e386c92282150b82c65ffb1e2363f84\"","dc4_server_salt":"\"dcb77b978fdfff46\"","tgme_sync":"{\"canRedirect\":true,\"ts\":1698426797}","server_time_offset":"0","dc2_server_salt":"\"2ba831c45f6b386e\"","state_id":"24579336","auth_key_fingerprint":"\"1995c38f\"","dc1_auth_key":"\"6714314a50e366f5fc669534f68948a691c6279de122ed28b78fbd5846ffd4672a4270210d0dba54319a6ade63593f6c2e8520a1ed0721af7b659586c46f3336251f0e5e79cd722a835b155aeabdc22d4925daffc4b056738fdd51f5f0254d1f3c775f31d842b34b45efdfcb58ce6c64c91887d4d62bce8c881bc5bb57cbc5679d9bd2bbf6838476f7acd3c533a2fca8493f328beb2e28c1bdd3b71ee9870c5cc3501357d0f2af76e32cab76048a6df2422e0040ab73dec10cd3498bb7478ea29605ee9502f69e6ade2898a56d36ed9890fc900d07a666c94f370e3420a4aaa009adf1246f1aae60af4a09d532768d40e213d8dcd8c882350e668d4a1c26a0ba\"","dc1_server_salt":"\"8f23e1477dd6ac97\"","dc5_auth_key":"\"0be0e1f32df1436639bb564543353f780906f0c76fa8bf48b96f32bffb72be21b127974e162c5da4ac846d17eccb5dd218ceaf426bc085b13d32d9202a4dad83f5947eceb960d6c001de4a08a9895e879f798caa99388a879764139df581bcd7a85fbcf4a1ba376423dd98102bc7e7f72950003789ff8f4f79afa3c24e1f9f26d03c30f3de67794c43ab611bad2c51720b96d60a5fac4e277df17ad9745f83ad2f4f06e679cca42f418fbb147870ebbf0afac1c97585c046395d5b2deb86d5fa6427c4343e7cbcd039fc2c95ef749eaa3df38a084ef692602bd8cd133fd8b3b5cf60a3a2e3fbf031f9b9501888892ebb5bff95aea8128687400bd800cb3b4cb4\"","tt-global-state":""}
VM40:1 —————-
undefined
