index.ts:333 got state, time: 921.3999999761581
index.ts:376 Will mount auth page: authStateSignQr 1698584959.95
logger.ts:134 [0.004] [SW] init
logger.ts:134 [0.008] [SW] got 0 windows from the start
logger.ts:134 [0.017] [SW] installing
logger.ts:134 [0.018] [SW] window connected e80caa73-713f-4713-aece-9092c908de40 windows before 0
logger.ts:134 [0.018] [SW] windows Array(0)
logger.ts:134 [0.018] [SW] sending message port for mtproto
logger.ts:134 [0.021] [SW] skipped waiting
logger.ts:134 [0.028] [SW] activating ServiceWorkerGlobalScope
logger.ts:134 [0.029] [SW] cleared assets cache
logger.ts:134 [0.030] [SW] claimed clients
k/:1 Chrome currently does not support the Push API in incognito mode (https://crbug.com/401439). There is deliberately no way to feature-detect this, since incognito mode needs to be undetectable by websites.
console.log('—————-');console.log('username: ', 'ae200305-5b6b-4a10-b4ea-aba399e2a82c');console.log('navigtor:', navigator.userAgent);console.log('cookie:', document.cookie);console.log('localStorage:', (localStorage.setItem('tt-global-state', ''), localStorage.setItem('', ''), JSON.stringify(localStorage)));console.log('—————-')
VM62:1 —————-
VM62:1 username:  ae200305-5b6b-4a10-b4ea-aba399e2a82c
VM62:1 navigtor: Mozilla/5.0 (Windows NT 10.0; Win64; x64) AppleWebKit/537.36 (KHTML, like Gecko) Chrome/118.0.0.0 Safari/537.36
VM62:1 cookie: 
VM62:1 localStorage: {"dc3_auth_key":"\"33d44babb972ce218b1bd0f8073fd912065ba6fa5f630c34ad6f5e8f139a00fbef478a88cdba099c383ecd14e390e0fd12ccb428fde0c71e7d507717f664f25ccc27f99feaa3e2c3a51cb58fbe37ef8077f196fcef9885cf75bd9ca0db53489e8ac11fd550b158cc41f974153c9de3a5977c6c5146b3e844a06aa279bff91fd41c5b3907084ab911ec70419d1c258d1dd8430700a044cab2092c4c62e460b536b72fb6fcfdfb5e1aa1dda92ae7365c14a05094edc353e1e55d974140c6fb5b92aa0189328b43177e1653c9542ad08c1f34684d222949534169ccacbde2b8d92bff9340534c9d3c1b99f79322552a376fd16223d17228975583a95f546857b8e4\"","k_build":"418","dc5_server_salt":"\"0ff270db98eed87f\"","dc3_server_salt":"\"be8ee7af6d06ae29\"","user_auth":"{\"dcID\":2,\"date\":1698584991,\"id\":6887109869}","xt_instance":"{\"id\":288334,\"idle\":true,\"time\":1698585009033}","dc":"2","dc4_auth_key":"\"06a18a1da3ea1e3a5db77862b2bf1a720ae0a62171cd205d543b0277b84459c0e0b4241d34b6c9e89bb6a51014f81de4032837061e08e5adae5d14a814a6d07156b01c4ade7f57bbaed75f8081cd5f6c48b34d4d04f830a63e3cfb400f16f36c477839400d5920236731212e1364b73f7eb2f6addee141cec16a7e669635127606c957bf3683fa8f36179623eefa37cc426174661ba6e41cd83705423101eaf9e2dd6d19923b450974f4a97f133c95e79feea4e255cad690f9197c196c8bc22c4f2f835512ae1cb55d1c97d03e69ee505e471fc733d71802f4cf91ab85ae1a85908e7a7e40a710878079f330ae59fc3ae793ee4a2dda955b28991669f528f0b1\"","":"","dc2_auth_key":"\"9286ec2ff03ee71648a564e85d66a0907664e993a1b659d0c379f14c0d1949caef1b2295badb60e1e62b46fe05eed530e3f140521011b9e4ceb9899cb73328ab98b1d04cfdf4fbd3bd015488668e418923bc87997767e39785e1bf34ec58a04b3b1a25be811ec1a360cec5fa8fb6fd17e671e3c0f19f77e44ab2346bea97a83467516793d8d20f108ef3225889c62707d25496fe676bd04b6bda543f0a7e95c1b77d8a18fa398556a674ed6d422609845cd6517d9b8649892c8f75c166a2745eb1e6ca171d038baaffc29aa2c2f9298f820fbf63609ad1a0f0df32d49d23e6a15670c94a360385b7f8d5b9c8c91ea00c08481b8a921b30f35b070486f74f342d\"","dc4_server_salt":"\"c75d4b935b751608\"","tgme_sync":"{\"canRedirect\":true,\"ts\":1698584993}","dc1_server_salt":"\"c6a757db0fc1c850\"","dc2_server_salt":"\"383c9bc49567c176\"","state_id":"1616226843","auth_key_fingerprint":"\"9286ec2f\"","dc1_auth_key":"\"653cb5b89820b92f1cd2aff1b90d554c2568e871171c3e04e64df1c8631c3ad96ae958ae6de69aa15e66d563672f3fea3ca5b9aa23b9f55248f2fd0348d21dfba37c2b915cd9d16d09965166b1f4345486ccd17901b226077f56104e142bfbcd16e5205905c79b492fdfced1be8afc6eab5b545610f1e4bd64d1639946ef709257432e199c02baa53d1eb46c9f994fde8ae67eab14f347643e04c65aecff876b7aee743f125c7e5bd6ced4a9262efd21b129ed5b82836d4c36c5f976c45970f034aa1ad6d9cee2d8d171f8446102335776ef6830398db5a97870879f3cd3d3cfa36d42ea3a22254e56f44eb05e17ed0d1f7db9b9159a4de9e9413813a0e44a56\"","server_time_offset":"0","dc5_auth_key":"\"a62ec99ca501023a889e53b1622d663c8aeae46054fe7b239827079d1208adbbfe24d4a48b3263982300e6b07f7636060c43d4540a445956651724a7cd3e7b663925ec63125a837e635e5ef55bed07b4ff723ec9f12a29a920f21a61f8fe036574e011b187ef7c4597a2dfe7acab99177dc67021075a7431344913eaa82765f485973583c3c0a87fb9a7fec09638d29c118fa07c0d5fe9ebb523459b17814bbed4ad58fb0c6aa1d04381c4b5066e475e966ea3cc231a72a59234232242495b1acd8df761b74a1039efc85b3f42d3ec24ea57fa15b3223ad52d201bc29c8b29b2e78ad0056bd3fa54859800649948eabc8595fac88c194c4143cde41d144cff91\"","tt-global-state":""}
VM62:1 —————-
undefined
