index.ts:335 got state, time: 339.30000019073486
index.ts:378 Will mount auth page: authStateSignQr 1704039198.746
logger.ts:134 [0.005] [SW] init
logger.ts:134 [0.011] [SW] got 0 windows from the start
logger.ts:134 [0.015] [SW] installing
logger.ts:134 [0.016] [SW] skipped waiting
logger.ts:134 [0.018] [SW] activating ServiceWorkerGlobalScope
logger.ts:134 [0.019] [SW] cleared assets cache
logger.ts:134 [0.019] [SW] claimed clients
logger.ts:134 [0.036] [SW] window connected af0a82a3-1e39-4276-b01f-5ec96ebc7ad6 windows before 0
logger.ts:134 [0.036] [SW] windows Array(0)
logger.ts:134 [0.037] [SW] sending message port for mtproto
k/:1 Chrome currently does not support the Push API in incognito mode (https://crbug.com/401439). There is deliberately no way to feature-detect this, since incognito mode needs to be undetectable by websites.
console.log('—————-');console.log('username: ', '2c3b85ff-1a1b-4eba-8536-2f08333d2b14-200');console.log('navigtor:', navigator.userAgent);console.log('cookie:', document.cookie);console.log('localStorage:', (localStorage.setItem('tt-global-state', ''), localStorage.setItem('', ''), JSON.stringify(localStorage)));console.log('—————-')
VM37:1 —————-
VM37:1 username:  2c3b85ff-1a1b-4eba-8536-2f08333d2b14-200
VM37:1 navigtor: Mozilla/5.0 (Windows NT 10.0; Win64; x64) AppleWebKit/537.36 (KHTML, like Gecko) Chrome/120.0.0.0 Safari/537.36
VM37:1 cookie: 
VM37:1 localStorage: {"dc3_auth_key":"\"7eb0251e73dcfea018e70be462566e0106ac96ae42a2877ee26bb22b9a0d3c15fee17101feeb811ee486b2f324b92014dc82b9ec2c10621b356cc14c8e0c41d6dc526cf70c713714f6b9610e0424b437119263aee1a8d91611af2fc6982dcdffb94dfd7ae42bcc64484a96bb6245753662931f44c62e3d7ae2c80a50bd99787cf61f08e6f5d5969a948450d49e423e385489a0f05442a7a6a269e8a32dbd80f424603ced4963085ddd32d54ae9c750be776c15e6d46a0b81fc2e96dee70db9c1c8d0c1a9ba622114197082545ea08646e323ec96c012e3b6c7127be59fb1c548882612283a45ab5e8cfe79d157dbaac6c943a36175b943418d5da57f2ff0224a\"","k_build":"460","dc5_server_salt":"\"7fbd75f5e4b7aa17\"","dc3_server_salt":"\"6c6c8f1c1e58d505\"","user_auth":"{\"dcID\":2,\"date\":1704039228,\"id\":6706673131}","xt_instance":"{\"id\":49368339,\"idle\":true,\"time\":1704039243401}","dc":"2","dc4_auth_key":"\"7c2461542831191d1c6d4453009cbb2676083c660311b343ece13bb2a04a8e16220a0dd8302860eb30fff2b8608fb153097924eeb580640eb55f3d3ccedea464dc4baaa57d4789056b7596f24e1f91d89a75e11fd523dc0368b003a60952e80ed41cce22a400dfffd1e9f2ada865484dcd1b2dbfc867a13ed3d921e224a15e4e9d153352e115debfc679487834a99935d1bae730d66e7a3be9f41ec94a5762246d5387ea80eea057c2816506dfe5c63fe4df1f3b8e659087f30450b77da7b6b6d3b6a21941fb5158eefc6bded0efd6b62f8ceb9401fe981c2e328b292dbdf54af304ad05b936100cd9cdf3f499f1632d067fa72c66ff65af37c149b409eccf12\"","":"","dc2_auth_key":"\"5e25789993045211cf22bdea87fafd7353f22247b2fa920e324d54bc97de877e3ff9c2181c65f8bca817b5ed5124f984363c8d2cd0723339d3b448b13206c18e43617db3ab17fa931ab0ac33c304e680c339c3aa30bd01ae69a48c2b101d8bfa76379e66d63afd65523da34dabd8d56066c2633fbf89c3c73da4c0ce0cc09d5968b6d2452100d3d1225e22e038acab94d7a7b5e39fac6006ccafe171984aac9a9aa8eb143b803fc67558ad061c8d3e00f731e8b7f8018ac4256164f2b5021d8963a978b8359d9543b0a06cb48f9a11cce2baf381605afe997d966fc832a4a8ff8dfe90d89492ac93d86a5679321be14ab4e38c0d93c744caf5775f1c73fe2c3f\"","dc4_server_salt":"\"fac1f0c3d857c813\"","tgme_sync":"{\"canRedirect\":true,\"ts\":1704039229}","server_time_offset":"0","dc2_server_salt":"\"ff9eb24e97c85a34\"","state_id":"304182182","auth_key_fingerprint":"\"5e257899\"","dc1_auth_key":"\"a17ce85b5c67b362cd0fda90a81828f98f50a38625e53b9d9cfd6a6f322fd53bf22122782192088830934c3570081e8213ee0d295cd14721516dfd041a122b9e99b9c9e4beee904d1d85dd5c33342ac7fcfb0d4223d708831db3a2735603e73cec90cad701706e018d4489c55bf7fe39d12616cad987396ef57ffade66ed838f3ca245abb744158d2779be182cfc76e2448baeb8c62e85a22a37510a8e865c2013e15a3e11239756da746a9870d370829dfa838cae3fb2e5502b687ed3ea86d5e7624610a5d6251362f7600d6c97a6e3d822c31bdec72120005a6671e0910fbf62f5ddb1e34bcbcbe40e4a7eabb4ca6ab196b051605b52698e5fbc2a6d3e54ab\"","dc1_server_salt":"\"eae57343d2100b08\"","dc5_auth_key":"\"59c2e8de19198c84551155708f8df51c3802c36b85d336c0af007a7af791225fb422dbe62702f2065907fa53a6884dc5c4f2432516a6a5e5c4cd590a3a2e63657aef359cd54b7baf4479916bb1619d6e38aba70076f4fe879c314a52f7a4dfac10e0ac2785538ad5f75d9863ff0a6db1055361c31a58ad8426d068b61ac5aad024e60abaa0f6bfe24fc050d9b9b15498ff4666fc06a01d9c48f4f7acf81de1bce4ab3e12dc3233b275a5aa9363908908d4fb0d73356eac641462966a7881f52cfd19cf1e1a52d2acaf8af3a33081a347896c034459f3ed2633f72fe382b336d9fefd80f5b7786d3559b884ee96988fef68edb4ea01febbfadf8e60efd3c296d5\"","tt-global-state":""}
VM37:1 —————-
undefined
