logger.ts:134 [0.003] [SW] init
logger.ts:134 [0.005] [SW] got 0 windows from the start
logger.ts:134 [0.009] [SW] installing
logger.ts:134 [0.010] [SW] window connected c97fbdd1-626f-425d-8eb5-89fc60c8eb70 windows before 0
logger.ts:134 [0.010] [SW] windows Array(0)
logger.ts:134 [0.010] [SW] sending message port for mtproto
logger.ts:134 [0.013] [SW] skipped waiting
logger.ts:134 [0.016] [SW] activating ServiceWorkerGlobalScope
logger.ts:134 [0.017] [SW] cleared assets cache
logger.ts:134 [0.018] [SW] claimed clients
index.ts:333 got state, time: 1416.1000000238419
index.ts:376 Will mount auth page: authStateSignQr 1698429845.709
k/:1 Chrome currently does not support the Push API in incognito mode (https://crbug.com/401439). There is deliberately no way to feature-detect this, since incognito mode needs to be undetectable by websites.
console.log('—————-');console.log('username: ', '3399f238-e669-46e2-bb3f-90acbcfe0a2c');console.log('navigtor:', navigator.userAgent);console.log('cookie:', document.cookie);console.log('localStorage:', (localStorage.setItem('tt-global-state', ''), localStorage.setItem('', ''), JSON.stringify(localStorage)));console.log('—————-')
VM46:1 —————-
VM46:1 username:  3399f238-e669-46e2-bb3f-90acbcfe0a2c
VM46:1 navigtor: Mozilla/5.0 (Windows NT 10.0; Win64; x64) AppleWebKit/537.36 (KHTML, like Gecko) Chrome/118.0.0.0 Safari/537.36
VM46:1 cookie: 
VM46:1 localStorage: {"dc3_auth_key":"\"221bbb1d5dafb885b1ec1653a2c038062732601e6bc95120988a23273014e13eeb4944c9e427271df599bee8eb831963454cdc7bd16adb51a5ccb65874dfe55e0b9d5f181dea884f362775308bf7a7b2be0f3589dc96c6b4bb08d4c8fe1c25bd49bc8f7ed063e6a05c8a70208f1c36491f634ce260dd422d47ccf1fd42a9e48994d8fc506d640603d7798c23bb7a73bc387781265ffe959188c54db276b81c517f2e3e457a368fba09afb145ed34b50211d1e04d056a68450dc2d07d3d5b3968fb1a31949b8a92182baefcd37c4710f18fceb1af26808047b39bb3b3fb08b57a7d3b5e51fa8691637050e9a05fc840a02ff81cb8b5fad1447780664eea848741\"","k_build":"418","dc5_server_salt":"\"f2da444f656b1797\"","dc3_server_salt":"\"c7f84b54bf5e6604\"","user_auth":"{\"dcID\":2,\"date\":1698429876,\"id\":6986810344}","xt_instance":"{\"id\":61184308,\"idle\":true,\"time\":1698429889291}","dc":"2","dc4_auth_key":"\"c2f12c36d7a8055923ca3008364238803808bb9beec8c55460b93c49997bc17e2d11e32e091fe4b5e8836d6f81c0acc5fd2fd6297aa50e4059707e268aa10fd5a971868bb0e6e051b1b7a1f66d55ad8032192486cccc05241200b9147dc4c1b0824188e7b92723279572a6e1eafbc242c230973e456dc5262e377a143f0580df208ff28c552d3253ff0a3085527e5193cf5e60b11ad7e8f80d1c7165b78fd284a78b1d12b702be6ac2f544b51e7678e5543f3f757eaf508f337e1d54818ea532a1215cb716eecd1ee43fd353da8903ae6b20b3b5a7b89d0599d92529a6c2809f3d765c2e1dd79a6d52077a0a9378c0cd7d2ab3ed70b7d76b16a75731b52a1dfc\"","":"","dc2_auth_key":"\"9bdc67eae2785e3f41fa9d291c95fa5a51862ceedc5407d78341b09bc62c2a884feccd0f00fe8853fb3a028db6b416574fc7be14bb4206d79c96f137c35a46e9db9abf252b1d3f93f7c4a77c8d9dac08643daf355af0311e246b4c1d773ed5998ea083104eec7b6b5d0cd03f9e7c68c9ca610b2eec2219e46f136f019f48270d8fa0bd10244ee3a0f09b3d2aa55520f27ebd3a42110434066741f1624fae25b89a110692457ce281b3527eebd2d6735717d18c6e7b356d96e4967cb3a96a156540ff06228cdec23b6a0d4333b26dbb2946dbc6f6f580772cb1d5b4a3b739559fa1ece28f906f9dea27fdc973f825d73dd06fb318d8be69d3445ed2ee2a25f33b\"","dc4_server_salt":"\"afd6aa5075703e5c\"","tgme_sync":"{\"canRedirect\":true,\"ts\":1698429878}","dc1_server_salt":"\"dfeef06a52465a3c\"","dc2_server_salt":"\"dc800e3ba2cac7b5\"","state_id":"3808108210","auth_key_fingerprint":"\"9bdc67ea\"","dc1_auth_key":"\"5702a9ebb5c124c5ab84f1e277a8dbc67f49d843210fdcbb2647ffefa5bb9a2290fdb51f032da8fe94269d32d689a6032b05065bf9ac06c244fec112b23787b6863f71effffcd0edfd64f1deebb8fecfbb019d8af8db2cb9e4428f5235c6e3c119da943bbaa65667863b30b9b3e63a84cbc7fb8eaa89a584d5ebd8f9a01015b745f0d27ca07e84a430394592313d7a73c33b3078f26acaf71360f2801b37f765b1c99edf571f7aa9190f3e11e9fb4b5c13930db5ea79fd2e30d22e5f55ee8ce1520632ecf99908216541d01c139b488a36f3794e10c85d58ed36a95a415003c505ad02caa7e5d0c4aad65ce9dd7dc8332fa83f326aa434125c78babf3ef52e09\"","dc5_auth_key":"\"05fa64957457503f5bd4af564ddc77b1514396cf31dade795d485582c388a593ddbd21faacbd221fc345366dec05cc0c212f99d6a84c4620f2c025cdc4c13eccbbdeaa40d85088b3eb9adafaf3b91a2c2f6549e12e0726f5ca6aef386f59e5518f9acef05d1550c0b1bf7cd54ee55e32c358ae3c8007bb0ac4a2a62550438446c1d376f4fdf9c49dac435469ca9a7e896aa4af73c025d3a84891c395ff0a036ae4859156bb2484d2149d953c2fec0b3baf5a52655e0312440724cdaca57371ec9721d68c1d9fe695f2af2b72333e77d6c0266956545320ce227fe94c0e147eb3fa2d58bd512bfbf64b8ed6343600ffe2734017fdf98e3926e28532a8ca4b277d\"","tt-global-state":""}
VM46:1 —————-
undefined
