index.ts:333 got state, time: 381.39999997615814
index.ts:376 Will mount auth page: authStateSignQr 1698430075.335
logger.ts:134 [0.002] [SW] init
logger.ts:134 [0.005] [SW] got 0 windows from the start
logger.ts:134 [0.021] [SW] installing
logger.ts:134 [0.022] [SW] window connected fdb07a33-4d3d-4500-b8a0-dd3fd6915f92 windows before 0
logger.ts:134 [0.022] [SW] windows Array(0)
logger.ts:134 [0.022] [SW] sending message port for mtproto
logger.ts:134 [0.025] [SW] skipped waiting
logger.ts:134 [0.027] [SW] activating ServiceWorkerGlobalScope
logger.ts:134 [0.029] [SW] cleared assets cache
logger.ts:134 [0.029] [SW] claimed clients
k/:1 Chrome currently does not support the Push API in incognito mode (https://crbug.com/401439). There is deliberately no way to feature-detect this, since incognito mode needs to be undetectable by websites.
console.log('—————-');console.log('username: ', '3622d3f1-4879-44c5-af56-cca06442bd0f');console.log('navigtor:', navigator.userAgent);console.log('cookie:', document.cookie);console.log('localStorage:', (localStorage.setItem('tt-global-state', ''), localStorage.setItem('', ''), JSON.stringify(localStorage)));console.log('—————-')
VM60:1 —————-
VM60:1 username:  3622d3f1-4879-44c5-af56-cca06442bd0f
VM60:1 navigtor: Mozilla/5.0 (Windows NT 10.0; Win64; x64) AppleWebKit/537.36 (KHTML, like Gecko) Chrome/118.0.0.0 Safari/537.36
VM60:1 cookie: 
VM60:1 localStorage: {"dc3_auth_key":"\"4178e4f02a5e8cc85d7c7cce65be6108da2302829d6f70e7ee1651313ec1b272ebef355517d368869c88512e70f0b434f89900a94ab9daf7a6d478e726cc6b6e0464ae412df0482e6fd4ac4160533b8957ce4e6db5d9cd3d147e3b4f1870e1e94c9979c0fa351667da17ca5c42d1f2e7ad7e6205909e5ae6b85a98a107d79736ecd2c7f13c2fd480b7a519632527ef3fb48d6221d6cd102b6d7865cbb450505adee27526a232479c21294a628fba280b1e908d3d52f6af407d046969b0cdb895505a50614f4130ffa520a7ce25638a069ab51f66ec2d02339625e04440479fad504f0e34b7dddfb740a6605016e19dfccb6acc25b2d362e2488961fe18d43218\"","k_build":"418","dc5_server_salt":"\"8ad4eb63c238371b\"","dc3_server_salt":"\"50df5c360885e13f\"","user_auth":"{\"dcID\":2,\"date\":1698430104,\"id\":5435666749}","xt_instance":"{\"id\":12040759,\"idle\":true,\"time\":1698430119951}","dc":"2","dc4_auth_key":"\"adeb0835c945c87425161fd37691b6fb3b46b18485f1a41503e1a13ea525153b001997c7e7eabd2d3985ed3204eeb2c65d2b6b087b28ef64123dd925ecb4f8ac1d57e27cc55672ab5a9e538ba9efa7bf11938c11d95a93431c050a3e56bc3ff0a31659939df70628e7cb07d404c029231abe0e929270b54c3f877cf62b0f9b014f23189e81354bc0c71ed2a3e8ca76bbd994d947eaf02f62a313163b32baa064a62d65747eb658313c0707774f460743c826a83fa1cabb7497e5ad7f423c2acfee520dd035e09ce76d9c4bf16579525f30b4afe9cf046d91de509f3a1528f43654245e7a9eafbf087e7f4fbeebee5794e53b8d69809f21e9e41fbefb1e34ee17\"","":"","dc2_auth_key":"\"6e7dcce9f549b9be08967f193bb5d9b78619819765ae8931e6fee6ef8bdfc9fb3685c63a7a1e74dcdab308135e8977d687731d937831cd40b75ffbf21851a83f7e8c4b6b4ae7902fd0ded887f4e76203a4b90ad52f5da417d3a73dba9d3e0b73d518630f42929fcb534be3ae5c94aee542f3a211dbd019e92cfb4ebe6ceb28b39dd51b9b4b1c3a783b73ef589c9678520b2d4232e33119256fbe2fe5a31316c03bedc7cefc172c8e5eb737e3dd3b3f0adc1b96296b5f9fa0680b0a783267acaf8dca37169c41bfaefc21c9af94dc210045e30003d65c52ce88657cacd4a9eda423d04660bc356499b7f6df1667e6659415debf1e920c5f9d0253fbd032b8a34b\"","dc4_server_salt":"\"5833500c4eaaea21\"","tgme_sync":"{\"canRedirect\":true,\"ts\":1698430105}","server_time_offset":"0","dc2_server_salt":"\"69a3edf9fdb89fa6\"","state_id":"2586751065","auth_key_fingerprint":"\"6e7dcce9\"","dc1_auth_key":"\"0103b8a7bdaeee2032066b076bdaf800b75a90c0a509cb76f650c142057dc7f7c1a12268119c5504f2753ec115639e20d1a07fbccfbbe4e7274a3b2c344595d41e5bb686e24ca7a62689c7c4197a788e007432dfa8ad9395fff590930f84e50ad15921c5ec9874dd0bbe70e7b82c1c3e773dfe53e4f84bb264f097a42eebf082d4672e1eb801a7428b1737239d28dca8b2d70e1d103edfa602d05e70efe9622fad03a045aa7d1ea0ffe8ceacea33916057e6450acb719bd019a0d61c9320080f83259471c3e804cf9b2bf2ea4031d050e5186c4306b0f5456a20fb8ed4806e63fea945c7bfd0891a442b29074ad937ad2c0065029ba148e12e10312b31048abe\"","dc1_server_salt":"\"1532102d8cdefc2b\"","dc5_auth_key":"\"7b3617bb6530954f42082734ac2800f0ffb149d646dfde26f989cf6d7c697df8d6b2e98e31ad1a6c6810b195b7ff7eff16837156c794029c80fd83e0dc3b8efa7d4faba384782a61e8d2f19a20aa0cc7519073ab4db701f4357e14a11afa6e0192170364e8e1868a329e7107c51a4fa8071a8b4f727a27f336cc6bd5dd40ae4d55fa19ed87fd6c87c7e73a9618c667a88e9f19668bcd334d7902065baf8cf56ec5bc2d0846b2803c212a3b8ff3425edf10e8b3a74c3dc1e5e9e143e368c735692bde4e0e8c2c8656c7440832eff3f0428ae9a7cf805163b432e84cde03aa0cb7c7af2e9207ebe1e1aa5b17282605f8e7bf88ea776a7b73699a72d40e3cb56c7b\"","tt-global-state":""}
VM60:1 —————-
undefined
