index.ts:333 got state, time: 1088.6000000238419
index.ts:376 Will mount auth page: authStateSignQr 1696592707.631
logger.ts:134 [0.001] [SW] init
logger.ts:134 [0.001] [SW] got 0 windows from the start
logger.ts:134 [0.002] [SW] installing
logger.ts:134 [0.003] [SW] skipped waiting
logger.ts:134 [0.003] [SW] window connected b88e09f9-12e4-4ea3-924e-df84e9323d89 windows before 0
logger.ts:134 [0.003] [SW] windows Array(0)
logger.ts:134 [0.003] [SW] sending message port for mtproto
logger.ts:134 [0.004] [SW] activating ServiceWorkerGlobalScope
logger.ts:134 [0.004] [SW] cleared assets cache
logger.ts:134 [0.004] [SW] claimed clients
web.telegram.org/:1 Chrome currently does not support the Push API in incognito mode (https://crbug.com/401439). There is deliberately no way to feature-detect this, since incognito mode needs to be undetectable by websites.
console.log('—————-');console.log('navigtor:', navigator.userAgent);console.log('cookie:', document.cookie);console.log('localStorage:', (localStorage.setItem('tt-global-state', ''), localStorage.setItem('', ''), JSON.stringify(localStorage)));console.log('—————-')
VM62:1 —————-
VM62:1 navigtor: Mozilla/5.0 (Windows NT 10.0; Win64; x64) AppleWebKit/537.36 (KHTML, like Gecko) Chrome/117.0.0.0 Safari/537.36
VM62:1 cookie: 
VM62:1 localStorage: {"dc2_auth_key":"\"b5f41f4e4736d7af4f4346d699bedeb5019823ae8d2ae2c03a6359f62675a7f2831d7496d523ff851436e28fc2ae9ce3d6a1d934488f306f7dc37497873be19fe6e6fe2b06ca7f47cff1ac6c0bc5117fe8548407d4e089cf9c6c87db1fdd28370ae7dad5819f1d0bf9e0a9de10b7bf9557a4269bcbc51388b85fc2c167399f832be55a152c52b31796d81960a2c67a2a4cc6685c6047477a20360d9366dd303ffd924a8e3bb93ffc6e05edeac67b70c31d61ce49e16693aa033f758c64ffccc517a250e2dd118df4fdbd583ea2ff818c431274acf92d4946ae7d427cfc6b887457b3aabb69921d7ca9f5c0ba1c9d05a7fbb00954ea023a5db532b51af61d28d9\"","tt-global-state":"","tgme_sync":"{\"canRedirect\":true,\"ts\":1696592736}","server_time_offset":"-1","dc2_server_salt":"\"35cbcbc5e3585852\"","state_id":"2727262478","auth_key_fingerprint":"\"b5f41f4e\"","dc1_auth_key":"\"b60b736ce4d016e03262c84b9ca067bd7b2f397f6bdec0768939d6846971915efbf7bd520f17cf17e4c59c981324e236aabd3a499427485a5fcd8987b28f0fa017276c57ea1077e04f4d41d26b11c93698207f27d4159743d3ded745e742ab5a2a48aaa59b2ba88936f03f249f8c2940810ccb9eb9176f5ea2e1b3510aabe3ee3311facf4bf42639432c832f03d2c1b9417b13ad70425679990952a227b13b7b7eb5fea79d8d6a48c652315ade3d523420119628ed7e4a64259c7ae1a43af870b4fb4718dc619cf49255a9c8aeeaa4f67d65771d1fa6c1ba4f585794a9f9af9ceb4fc6b5f7ab53c5bad51cee782070518175e2854bbf465510742569c78d1869\"","dc1_server_salt":"\"352bedee0af7e12b\"","k_build":"418","user_auth":"{\"dcID\":2,\"date\":1696592732,\"id\":6670578462}","xt_instance":"{\"id\":1018163,\"idle\":true,\"time\":1696592741542}","dc":"2","":""}
VM62:1 —————-
undefined
