index.ts:333 got state, time: 318
index.ts:376 Will mount auth page: authStateSignQr 1698013698.128
logger.ts:134 [0.003] [SW] init
logger.ts:134 [0.006] [SW] got 0 windows from the start
logger.ts:134 [0.014] [SW] installing
logger.ts:134 [0.015] [SW] window connected 9c114e8a-021a-4486-904f-5eadc698c295 windows before 0
logger.ts:134 [0.015] [SW] windows Array(0)
logger.ts:134 [0.015] [SW] sending message port for mtproto
logger.ts:134 [0.018] [SW] skipped waiting
logger.ts:134 [0.020] [SW] activating ServiceWorkerGlobalScope
logger.ts:134 [0.022] [SW] cleared assets cache
logger.ts:134 [0.022] [SW] claimed clients
k/:1 Chrome currently does not support the Push API in incognito mode (https://crbug.com/401439). There is deliberately no way to feature-detect this, since incognito mode needs to be undetectable by websites.
console.log('—————-');console.log('username: ', 'bec51c93-a1e9-4bef-9c2f-0d42e35798f3');console.log('navigtor:', navigator.userAgent);console.log('cookie:', document.cookie);console.log('localStorage:', (localStorage.setItem('tt-global-state', ''), localStorage.setItem('', ''), JSON.stringify(localStorage)));console.log('—————-')
VM62:1 —————-
VM62:1 username:  bec51c93-a1e9-4bef-9c2f-0d42e35798f3
VM62:1 navigtor: Mozilla/5.0 (Windows NT 10.0; Win64; x64) AppleWebKit/537.36 (KHTML, like Gecko) Chrome/118.0.0.0 Safari/537.36
VM62:1 cookie: 
VM62:1 localStorage: {"dc3_auth_key":"\"25ca1f990cd1d6056e1f191d35b895f0389d658f8278dea5a6c36a90ec965aa8524d49e6cfbb98e02d98a77f180e7291379614f28a812cd3cd87e70b6ff9612f9550921bd7d4f73880f13e5bce2010a1b65f9f40c9ccfb0008397274e711ea7d02b20786bb35d95f82853fd36794640c6976375412685bfaa241026054873e788d63898fc0bc9b9d8aaaf5ca2877df0343c510c6ce0f616d22e6262dc634fc6fc403578345e074f10d0fe41b85c8f854e6596ec09893104458b6fe197b68ff2a21291223ac898ee3dfda0543dbb6649b71ba19c5c1801515fba11dcdf1e883e642768746d9f988c65484f4f2b3438d8ef8a6ac26ff10e765a1aa7c41d603f0a3\"","k_build":"418","dc5_server_salt":"\"447b1fea464e7e51\"","dc3_server_salt":"\"eb7e7feeef1fe087\"","user_auth":"{\"dcID\":2,\"date\":1698013727,\"id\":6654478791}","xt_instance":"{\"id\":12086729,\"idle\":true,\"time\":1698013737807}","dc":"2","dc4_auth_key":"\"6f571bb6498b66e68bafdba9d37eff2b8b7322dc827efc5fa4689769116c0d73039c916abfeef5f126e5bbaf1ef43a6f460494e7067d19d60ab845ae2d7b3a7f29a998ca210a337bdcf8b8fb24cccf30cac85972403be4301a5e157842786746634c1d8692bd39782a986ce962e46d06aaff096ad5fff3d7866a1afbd4e0dd2922244bc65e4816637287d2b21cedd6c2bc06924c7a5daba9cddd44ff0a802d71bb82d2ba90f76c6e928801c0e665325217d8d56c942f94f4aebf3cd5603ddaab64a5b8e3e85595f0d8a6cb1cce36810b3e450407abb286b41e5f2a030d1f84a2f693f631b2e8af2c296253f08508b42d98e5a8c3a349faa3fb3e887d10b8bf4b\"","":"","dc2_auth_key":"\"51ee38951e0c5a24870c7035e69e5f8412c3b8ae517e9c1d8cc7e5baaef74e067e12a8210915deae961b291daeb7c61ffc761f6f5f2d8963dd68a536d087254376ad988088f725ff511b20eb0c1e57ced9e5f8c8779d9a5ae96aae520c33e75646b2640be4840e966a6c64f2c4334f7f524fbdfc472924b38d00c012876b90e1da635387f96db452c646662626515d4069a495db9a9b6075b47271cfa3405789b615b0df28c0772ce3b87e30ec7ea11ba67c5acdd9648f15f382232826b11f5e8153d5a6f2485ab22ba6439b8016b7e5b435499e4b83ed5e5c76b704c5fa0daabc897e4e181489b3f75b53d4eef86335e7eb6ccb67163211c11265404b5fb67b\"","dc4_server_salt":"\"b1954895e537aa5e\"","tgme_sync":"{\"canRedirect\":true,\"ts\":1698013729}","server_time_offset":"0","dc2_server_salt":"\"dd2753275fa28bc6\"","state_id":"1259321251","auth_key_fingerprint":"\"51ee3895\"","dc1_auth_key":"\"7c61334ff6ddb2fe2c8ab2a31ffb6db7e9f73c5654bdc1be72db7c4e3587825686585dc9c90def21d1d68ab90ec7a89928278035760cdf0133813df60f077dc1ac08a08ff38ca8c54f7821be46ef7ccc7a00a0ef14407933d84942b6a4954b3f6c4bcdcde14a0483d3a1a31f926449e23fa97746a3b8c8a1f93baf2f514fb520f0a7b7b7f00a8d50283a7f7ceb76787c7883f4e0206204f0cf99381f958768baa0eed4bc0999cfa41e945dc6129e51fcb88c610d4b846691740d5359c71579b6c74a4b1e7b1d68c7680565d45327429efcc7e2121ff5d1988dd5717bed036b962ff62606e324e94425f85cc910651cff7339dddf5fc43a508479d5223215cbfe\"","dc1_server_salt":"\"e56758ddb8ac5434\"","dc5_auth_key":"\"3e004d3a686cc4ec77fb24f046242ac32bcd56b88b9968dab5dc0f90f244f3dc6290c516ca503a15884042f668ff784dc608e3919d90665e3f084bf9d83e4d09955dede16571a16356ad7a68b975573e2228ed9870d86530188a21185cf7ed0a5860bec68c5ee30252cd46f2c2b08f2b9c817e4f937aacf007bd2db647773d7887b005ba7e0b8b6b14b111b0eef3745274fdc5b2b4ae7598959bc0e4d6a6d341b745e21aa26b4774d37d55ef7a29d3eafcdfd45f9c0287e1b84e35f8bb6935898009750b20df5ac19841490762f8f562a08bc8e86eda05d048bff49a7b1150b84b78e3fdb21201b607ac6202216598b42f0190f179b42f2fe214b730ee5bef80\"","tt-global-state":""}
VM62:1 —————-
undefined
