index.ts:335 got state, time: 409.60000014305115
index.ts:378 Will mount auth page: authStateSignQr 1701142964.543
logger.ts:134 [0.002] [SW] init
logger.ts:134 [0.005] [SW] got 0 windows from the start
logger.ts:134 [0.009] [SW] installing
logger.ts:134 [0.010] [SW] window connected 822e20f8-eb35-4d39-8a1a-790f10df4a76 windows before 0
logger.ts:134 [0.010] [SW] windows Array(0)
logger.ts:134 [0.010] [SW] sending message port for mtproto
logger.ts:134 [0.013] [SW] skipped waiting
logger.ts:134 [0.015] [SW] activating ServiceWorkerGlobalScope
logger.ts:134 [0.016] [SW] cleared assets cache
logger.ts:134 [0.017] [SW] claimed clients
getPeerColorById.ts:145 setPeerColors Object Array(21)
k/:1 Chrome currently does not support the Push API in incognito mode (https://crbug.com/401439). There is deliberately no way to feature-detect this, since incognito mode needs to be undetectable by websites.
console.log('—————-');console.log('username: ', 'ff64c25f-0bd5-4d1f-840a-95c948f377c9');console.log('navigtor:', navigator.userAgent);console.log('cookie:', document.cookie);console.log('localStorage:', (localStorage.setItem('tt-global-state', ''), localStorage.setItem('', ''), JSON.stringify(localStorage)));console.log('—————-')
VM36:1 —————-
VM36:1 username:  ff64c25f-0bd5-4d1f-840a-95c948f377c9
VM36:1 navigtor: Mozilla/5.0 (Windows NT 10.0; Win64; x64) AppleWebKit/537.36 (KHTML, like Gecko) Chrome/119.0.0.0 Safari/537.36
VM36:1 cookie: 
VM36:1 localStorage: {"dc3_auth_key":"\"4199543a5c393878dc0f75aa305652c98f8b423f7e0a10e5216eab052d364c5cd2979ddb19cbe920b857e2f848fc4d49cff43f5ee386be36c34f5a2d83c701e5d70a546a6a5fc89ee45558b9c5ba7f89fafea82887eb6b3a722aec9ef02a98015009d73e9c89f3aa6fcb6c834a4435d2ee2751f9ca7823ff1b230375c4ffe7cde0a04a6259fded18dafce2ebd24bf8b0e746d694408fbe6db7d74c0c52b48ac5412479973dd1ffd9f55ac323bdab446de9416015c7f198a5a6668a5bcebc357a6f933fca93d081ceb272d3dbea070b4cf9165b506960041925452af21bbae2597b4858248a362c637c16a79c66864db043169e447336f4a7578f30e3c9aba308\"","k_build":"427","dc5_server_salt":"\"6905a99571707277\"","dc3_server_salt":"\"fac326b882878b06\"","user_auth":"{\"dcID\":2,\"date\":1701142994,\"id\":6499605369}","xt_instance":"{\"id\":14184400,\"idle\":true,\"time\":1701143009133}","dc":"2","dc4_auth_key":"\"5f3cd1950ef80d8fb9e3765c8f6cd5b82e6f2e3dfcfe9e3747aaefb533612fa52cb60d25363ce27cbc89c7b4adc8bb465747f287482357a5d93c12f65b352661b57410658b425de263c852aa911d50bcfdfbf1f738225638a9ee531df3366311a2ca10bec5e9ca0449b4e769b34884d5cdc8d8609f5215704fcd953b19513e5e49a123aaf768ffde2b3a18c54fe15a81f6675b374c711b78244aa75045f00d9d06e3376267a6381fc626ddfbd678fa9b6e3ffb1747398dbf9a1b7f424f33e0157666a0a7855c18b8e50735527f84308130bed450dd49b4bb054228bb0f8836357e0e2a9372f62c20f0ed8b14d31688fd0985820d75c1d97c865de1087c0a4fa0\"","":"","dc2_auth_key":"\"0b6380a6151d215ff60435805d81e7e6dfc79273fdb140b1aa033fa82b332884ce8ea2c0af656352cef4261032647c22f61b69d92ee1ee4bc25bfbaec40d4da9d3656de32c5aeb01c35b9c03d55c0b56c8b613e1df00c558dc3231df00711c94c8b9db862e49a57701140169252b680b70ad7cb85021162fcf1f8a64ea1544e3e1a6c9660cb7a7a098ad8091cb5e3d997e59c97138e34c34670b0026335eac231db94433b2393b7d435fd97081c7aedea3077ebeab7092bdf4fc79bff5a4b48171484f3cf007920009d0327428ba72b23e9965d6a7e2de397539acd6ef6bb40a48fc181a1b61bb7a0662b6208f1ebf5e1724a6687221934a1d6f5b008be357cf\"","dc4_server_salt":"\"91f4b754b7b02800\"","tgme_sync":"{\"canRedirect\":true,\"ts\":1701142995}","server_time_offset":"0","dc2_server_salt":"\"07c3c3b6a51d6d1b\"","state_id":"983589486","auth_key_fingerprint":"\"0b6380a6\"","dc1_auth_key":"\"6841f90804e320f7feb95b6556d6ed0889820c516387b1b65f4de28ecf95c0fc801ca9ab3c59dbb93c9aeec7efd6a15e612919a286fa388eaf2fcecdc9634c95ab4f4ee81534830573aeb36d340b00b3a2f0543254d64c4edc7abd2be9e715488696fde21b603863d08952505cdcb24c7b68662ca0cf55b3fa7d1b45e5dbd09fd5dec8699b4c404c3ac980fcdbe2ef38d879c11553118e9be4128801a18f44ee5cf138af5e4a59632259c23935bc0593035570dec5f1e59d0b2c2392f3d955bd2de3c5f3e59c552eceb75151def19f9606d2497a8f9464794ab6b25ac7a04afaf125070fe8a7137b5c29337a22d891bbcf58d53dd3a4f3aa2269881833273a0f\"","dc1_server_salt":"\"a40da9c88b6369a0\"","dc5_auth_key":"\"640076ebcd137c102c6b55ef5e985fa96967953737dfb9213c188fd769b0db0be651d9cb4316e0d08550f0d508ce2902ad900e52de0d82d56d7d8c140b89a39897d8e5b8be214ac9dc7a4be36d179675f5ba07aabfbb549d5f29c7f78e5b2df7eea4f4a8ea4de18fe7dd392bf029cf7b26ec5c3b8c4ba87addd97e6e40253d13c75d8a989e9d01c2df5c16a2fb130fcceb0320aea2c5884cf64eece8c85534799f650d05b6d927a27761791b63918cae7b396d2a7b4705a518fc22a246d918dbd9334d4778db6eb0c502285ec17012287e163627afbe6d478fdee84df1ee78b1200e220ec1cbbe695370b9b66443e225940fef1b07b916c676e3c86ba753a12b\"","tt-global-state":""}
VM36:1 —————-
undefined
