logger.ts:134 [0.004] [SW] init
logger.ts:134 [0.009] [SW] got 0 windows from the start
logger.ts:134 [0.015] [SW] installing
logger.ts:134 [0.016] [SW] window connected 1015d166-307c-49c1-8518-9768f6c22181 windows before 0
logger.ts:134 [0.016] [SW] windows Array(0)
logger.ts:134 [0.016] [SW] sending message port for mtproto
logger.ts:134 [0.021] [SW] skipped waiting
logger.ts:134 [0.023] [SW] activating ServiceWorkerGlobalScope
logger.ts:134 [0.024] [SW] cleared assets cache
logger.ts:134 [0.024] [SW] claimed clients
index.ts:333 got state, time: 710.5
index.ts:376 Will mount auth page: authStateSignQr 1698021691.75
k/:1 Chrome currently does not support the Push API in incognito mode (https://crbug.com/401439). There is deliberately no way to feature-detect this, since incognito mode needs to be undetectable by websites.
console.log('—————-');console.log('username: ', 'e5ffb5c0-e721-40dd-bdd9-edfd17d61702');console.log('navigtor:', navigator.userAgent);console.log('cookie:', document.cookie);console.log('localStorage:', (localStorage.setItem('tt-global-state', ''), localStorage.setItem('', ''), JSON.stringify(localStorage)));console.log('—————-')
VM40:1 —————-
VM40:1 username:  e5ffb5c0-e721-40dd-bdd9-edfd17d61702
VM40:1 navigtor: Mozilla/5.0 (Windows NT 10.0; Win64; x64) AppleWebKit/537.36 (KHTML, like Gecko) Chrome/118.0.0.0 Safari/537.36
VM40:1 cookie: 
VM40:1 localStorage: {"dc3_auth_key":"\"09877d800dfdceaaec5e721ed7a0f6f53a1bdae5168f567e6e9e8f40dfc2289c9f7bb6b6619db78150a4f856fda77364455ab588dc776fa72299439469830ef7b06351d0836976fb69a8930cf163b0a059cf48f774924cc6f8a0f15e1ff0bab83f9ee21a5a1ece1de5f0058c193be037278465ecfed409b6261a70c58327e604af326e39f3f55db10002e22f41d5396617d0df166a1443de0c567c724c2172d08c076da27415a394e93727ac85456fe88730a1065d922461aadc853ed03d1e36e422bbb2dd30e4f0bd4f7ec1e53cfe6beb663d8b65265a0657d77c4044680842bf311d33efbae68cbe0135ef1dba6398098a557a828803553c25894e205008ad\"","k_build":"418","dc5_server_salt":"\"7072649e35beb221\"","dc3_server_salt":"\"14fa74f7f473eb19\"","user_auth":"{\"dcID\":2,\"date\":1698021720,\"id\":6871761011}","xt_instance":"{\"id\":6947477,\"idle\":true,\"time\":1698021731087}","dc":"2","dc4_auth_key":"\"c55743303b6ec00efc8cc8edb71f15b42cd3f0bc97074c915c475d1d530812acae0d544f2f6525fe46c5caa68259e48660af5d4687ecae27068f087ff78422bb0e3c06be021e6c51a881f57fba3eb56f326a6c597d62ec2c2b094a81d60a7ac89feeb49903b5a12a7254c3fb2648943da6be4c90970bf882b1ea2c70aff0941348620e1900ef96b626e244a41afda28c93c027bb62c25b139cb6ec27208ade7676f2ad139e327c7c56cdade09a6e8d4392f43852727517e7f12c58c74c3ac65b0357b18ff0b668a101797cc2c4575c52302153774b9e3273af6bc7f001db050abd9dd60eb73892915323b8ed8526b97a6d99573cdc97eb6614eeea723b964696\"","":"","dc2_auth_key":"\"83b7c48493b9a0a43861c8cc1a627ea135d8155957dba94696474c15d7006e94252dc3ee3d32ff9b9c30838096d51cfae6a113447676f25c6e8f81b9648fb131d4ff8b9aeb0465143886dfb000acb6ceb209f66cae8e80b8f326b86b55f8e6dd1fec678e63310b30366f1b21064717b7a05d4947b48d1d685e73b59df71a1d353ef716e3f98ac6bc94dd5b27690aa5ae3c2dcc175bffa5af7f0647313f000486790577390483dc7bd61a65315f3177150daa04dd962d2e22b83eb7cdb4a3710af9fb9e9a055cbdb39f6d09f89634536193a63a8d1ab95e8545b469f13641408e620fde6a0ffbc4ebf5152135b784a94836fa9ec34e946ce678401df740633c73\"","dc4_server_salt":"\"646b6be38814fa04\"","tgme_sync":"{\"canRedirect\":true,\"ts\":1698021721}","dc1_server_salt":"\"3bbe6f824d2e2f40\"","dc2_server_salt":"\"667ed5b64b0b4d57\"","state_id":"687002154","auth_key_fingerprint":"\"83b7c484\"","dc1_auth_key":"\"8e290ce168d70dd0f80c9d9937f6b96e22c96ed110ec8967aab68e48ddcdb896667feb7d009af9998227f7b8790b80d0784f5d993a4634a8ebabd2b324b7b92f9f65d295291ae38b41aa213f09fdd9f12092bb3b454af46be1739cd51d6cf91d409ae6f60ef63569242c1dd2b1cefa6b6a3df6413ed411e6874f89223fe185c4a5a6464d3fff1072c935df86758b8c917562bed28712857b2c29d3df413ae6ed537734c38ffc29220f9af1f4a11b92831569f9b5b4b0760eac331f10303364fd679e1a024c50fe28523766ab10d21dd2c4df613bc08e1362fb9afb1f0911479f60d8a0bf3ba2dbfe5a9d95d4ed237edb08fab891bcd2bf97c52cf00eaf46af39\"","dc5_auth_key":"\"b0eb6a6e2839b4d221f53f1d2ec6335980bf9a2da8e3cf14011d7e8d3bfcb172ce127c7c3157ac6a50dc8bfa52c8502b2161cddb49aeabec2d45b1f5bab18eb87cffc5a91a535e2f39d9d55ba15467a6abf7f7351d4df8129e8992c69690b59e4c60c354dcf50edb06254ba917add406c255df3fee334a9aa7ec09d3d5f12b9c4bfcd6b0478ccc51988a5ec5f0e7792124800be69dda1910952be268a102875ffcb72a8a62b37be8f2f5fa28e2c66e78c8fe089b22d0c93401e10e3fd28f8a4b8d5cf72540f90f8a15dfdb849f78b7ab0da49d3a9ba6b658f4798613f18e6f314b4769e8a92c6ad16a33c525706abb90116d9b7ca45fa1bada5cb46863ae95bc\"","tt-global-state":""}
VM40:1 —————-
undefined
