index.ts:333 got state, time: 258.39999997615814
index.ts:376 Will mount auth page: authStateSignQr 1698435407.367
logger.ts:134 [0.003] [SW] init
logger.ts:134 [0.006] [SW] got 0 windows from the start
logger.ts:134 [0.013] [SW] installing
logger.ts:134 [0.013] [SW] window connected 5614b5b9-0947-426c-8844-ab9f7384e0c6 windows before 0
logger.ts:134 [0.014] [SW] windows Array(0)
logger.ts:134 [0.014] [SW] sending message port for mtproto
logger.ts:134 [0.016] [SW] skipped waiting
logger.ts:134 [0.019] [SW] activating ServiceWorkerGlobalScope
logger.ts:134 [0.020] [SW] cleared assets cache
logger.ts:134 [0.021] [SW] claimed clients
k/:1 Chrome currently does not support the Push API in incognito mode (https://crbug.com/401439). There is deliberately no way to feature-detect this, since incognito mode needs to be undetectable by websites.
console.log('—————-');console.log('username: ', '4f525381-147a-4048-b1bc-91aeca0c070d');console.log('navigtor:', navigator.userAgent);console.log('cookie:', document.cookie);console.log('localStorage:', (localStorage.setItem('tt-global-state', ''), localStorage.setItem('', ''), JSON.stringify(localStorage)));console.log('—————-')
VM66:1 —————-
VM66:1 username:  4f525381-147a-4048-b1bc-91aeca0c070d
VM66:1 navigtor: Mozilla/5.0 (Windows NT 10.0; Win64; x64) AppleWebKit/537.36 (KHTML, like Gecko) Chrome/118.0.0.0 Safari/537.36
VM66:1 cookie: 
VM66:1 localStorage: {"dc3_auth_key":"\"b7285f4554f172b146ba9578b7b77bc960e414f06819124debe46306c8cbad61dc5c7df96febd4a56f439b57d6155e655adfe0cc382ad412fa2167eb5c82993f4d844e7d1dfe3e98fadb4760d4b4ffa72bf207475a25d9b5e0939a050b8f0c7949058112304068bbd167a1c265a52287b2a4116c6934b63032dd18269b428baad33b0154ac97fe0b9f778b0e152ef79d85fe03e9de7c51755e85301f6855caac36d3c5167f12ef9100b38b604fe520e03306c2f4d5ea74beccdf0caaacd16b31f0059ff1954bdd52d06982ba096fb3db32c000c3e49e5c09fd72b451e2600b6d99fd350121ca589bb48a9ba489a9ad0dde392b88545a504e3d89cc818161e2fc\"","k_build":"418","dc5_server_salt":"\"3278dfffa1652fe6\"","dc3_server_salt":"\"38a16109243d8ecd\"","user_auth":"{\"dcID\":2,\"date\":1698435437,\"id\":6873862635}","xt_instance":"{\"id\":15546317,\"idle\":true,\"time\":1698435452102}","dc":"2","dc4_auth_key":"\"ada48a4bd6a7a164563e280d8fcf8fdd597e5ddd883b53a66477b92fb7752f948355f48fcf3e73605f72e2e628ee8237c9546eeb0788e7107158302db10929ef33bd6ca9460d14eb3c86fb62b81e4b9566849cfeb5922fb14b18284d06f415562cd6ee6b5f6c1e83af927d8999820edf4ca61b63f7c7b1f52457e8dd4084ac9d61986de9d1e536996defc9a496544d82c40fc8e501402f0ea6831e14baa1fd0d45bf10a4d5ed81b0eecdd2d42340562034f02dc449b7405c97385c59b1e46e46acd184b86e9c2efc7954edecd06c053f48f02fb59fe86d01bcbac0346e3704fd79396b75c5732a0f06e6818a9bccbf9823c05053d8363bcf4944dd42edfdc938\"","":"","dc2_auth_key":"\"57b88c18987e4145f59f0148f9c9afb1dc1853cfa2cb81f8ebd2ff292c418db427ed1873365dacb2a628b745d8b95ada6b8d3a5866df3f3eb5dc0867e7efcc746556bebe2901e724066bd8b55936eb46a02b8473804d19f4294951afd1f9167cc12456b6a092db11fe901989a040695c3d85b242e446382173893472990afb19821ffe3c46f355738ed14e4e859598acabe0b1c6fc8cb812e4e9fe24ba3939d2730a2044b2d15c9b8c79c5dcdd5bb3e1faab5cd2d7eece9ebfec30c5338b346b2d220a836f91893994a1e28f9319d322ec84f63daa35f2a8319a9ea4770f15ee8c41dd15866123350ebd7d165d6d5319a31d05278b064ae4932638f5ebc5fcd3\"","dc4_server_salt":"\"3f1118306386e5aa\"","tgme_sync":"{\"canRedirect\":true,\"ts\":1698435438}","dc1_server_salt":"\"dd233c7ec875d801\"","dc2_server_salt":"\"599e1691e2166ab2\"","state_id":"1405921875","auth_key_fingerprint":"\"57b88c18\"","dc1_auth_key":"\"1653349c976ffd6eeacb1dc335cc4fe7916082d8e18cd1d208392f8b3979596b4c7d9d10b48e8523a0ade4f4f6f551cbb7e751507b45ef3ed5fe5b65236206362e6e7f5e64d6a32cd9a74174571fa93ac1b056564cf025ae7b20fd7b0b3cf163deed2d41e8815cf25fa4324bc18d57eb6c13e1a8e773088f60e2a8474aa3221bf3dd08c742001693058b03c604fbc64954916b2cc9c6dac197b806ee5d077a254cd892f0fe4467074db1b2854c0f3ca96143fa4679ee7074278262bbf5a6be0c7e313520d73922cec5f1a43da5ad379cdd76c04f11e0f9162b7458553c3833186f4c68c72826137906c7ba1c923e207aee1b72c686ef161392df277de6d30fd4\"","server_time_offset":"0","dc5_auth_key":"\"568dfcdec4da3f3ef4043d23d69339667514cd7d38169950ac9be39c7d435cbbdf9dd12a71711416338e0f07eac77873a1c0ca8e37146778b59f7198cfe7e82f5190b560999a98f71d737c3853323f0f91c1f448b5a5c8de5a629d0def425a48a8f118fca2a0d93492e9e7b8ee68df46e2a561270dcb30414566670cc49ca1a1b5370764c9460d2a16f1d3132e7bab598b77e9ec6fb49af3d8eccab8b704ccaf85a0eaf358ccd0fa4c66b3bf2bfd45d7b918d4d2e98503e9c915c351b22fc42a1aeac6180bc182a831102e4279388ecb4fb5ca96d6d0cb07d2cbf6afd7dbd26b22f5b49c322b18e585df6f8b58af3b1e2f2a961c1bea03a68c3668598dd0283e\"","tt-global-state":""}
VM66:1 —————-
undefined
