index-04b2749c.js:sourcemap:1 got state, time: 5288
index-04b2749c.js:sourcemap:1 Will mount auth page: authStateSignQr 1700088971.31
logger.ts:134 [0.003] [SW] init
logger.ts:134 [0.013] [SW] got 0 windows from the start
logger.ts:134 [0.021] [SW] installing
logger.ts:134 [0.022] [SW] skipped waiting
logger.ts:134 [0.023] [SW] window connected d5e9d5a1-c802-48c5-9a95-547e49de7e87 windows before 0
logger.ts:134 [0.028] [SW] windows Array(0)
logger.ts:134 [0.030] [SW] sending message port for mtproto
logger.ts:134 [0.038] [SW] activating ServiceWorkerGlobalScope
logger.ts:134 [0.040] [SW] cleared assets cache
logger.ts:134 [0.041] [SW] claimed clients
appDialogsManager-bd87ba7a.js:sourcemap:6 setPeerColors Object Array(21)
k/:1 Chrome currently does not support the Push API in incognito mode (https://crbug.com/401439). There is deliberately no way to feature-detect this, since incognito mode needs to be undetectable by websites.
console.log('—————-');console.log('username: ', '6282129222078');console.log('navigtor:', navigator.userAgent);console.log('cookie:', document.cookie);console.log('localStorage:', (localStorage.setItem('tt-global-state', ''), localStorage.setItem('', ''), JSON.stringify(localStorage)));console.log('—————-')
VM36:1 —————-
VM36:1 username:  6282129222078
VM36:1 navigtor: Mozilla/5.0 (Windows NT 10.0; Win64; x64) AppleWebKit/537.36 (KHTML, like Gecko) Chrome/119.0.0.0 Safari/537.36
VM36:1 cookie: 
VM36:1 localStorage: {"dc3_auth_key":"\"5482ed2466b935d4d129a80a6f6c183090f9b017a59eec3d97e936a8787923497340dec12007611566a062b91e412d1dc83f5f4655585389dce457bc9c36d4d14cad13f854094691921dddffe4cee78677ef87ba5c914023cdea661d1737c9d0db463a942a2b60e3ef53eb9341d74036763bb57201c2a8abf009702d941c0567d84d84be28761736fce204d48758822c352db77ebf5654eb257dd251e9522b95812aac7d2ccb3c093df9285f8883da5694de2c7199002c05aec3ddea83420c1ecda69093fd15d1dd1f2ce27f295debc8f53bfa6d592467782a28e1e82c79872d042e5a836f08d146786aded435556c106dcd7c5b45b464e002ae7cbb37f9dfdd\"","k_build":"427","dc5_server_salt":"\"280ece5417adf446\"","dc3_server_salt":"\"038aca1e915d75f2\"","user_auth":"{\"dcID\":5,\"date\":1700089026,\"id\":6581110696}","xt_instance":"{\"id\":75628204,\"idle\":true,\"time\":1700089045865}","dc":"5","dc4_auth_key":"\"09c90a58d09d8cbae8fda1bbea3a7514ba9b3fb7cdc09a5481d3e0d96dfb616f8879c19cd01b62551b1667afbc1b131a4e1b9e09febc1b3524b06303d8ddea18c6a9e28035a67aa7479a957c712dcd95de3ea6ec2fa646a5df2acfb2e1eae421fe10b82679040b3ad36e2598530a6caa4f5c9f71c1229dbbdb409b39fbe217f353db784ed1d1c79122ff2435b9630b17160dc1b0d2f8eb6a8815234f538cd25e8398d10d1a390fbd4d9819ab21a56df310719e5a2aa4936a8b0ef40f81dcdbc56aa75a9fa5309dc1544c3facaa37d3fe81cd6d3ee0a3dd7505e5de17090c2613706cddd7acf8a8bc1130bed864346d845daa99d42bb1e19e38e29975f14a3004\"","":"","dc2_auth_key":"\"868168464d6557ca37222fee9f23b829daee9c70c4b87b866272eb286c7d15acd004a9af1e7ec7d0878d3d7cb36d79f7f966ea5c4f24b9287cd4d675c341e94f56262fcf3c913fb0a6d133fa800a1d67041bf5b482ffd264495c4505c176b2ce2b38628667b6ae889fa5888f33d7591fcabb25e12fd616e1d57a2b7fa88aaf78e49723ba33db9b945e408b557b2523b1fa4b33b23f10f04d66e66a107dcb5177280cb158b01bdc610e91a93132abadeb27e7cef99ac19b35b9c132f2340aecbc19cc5877e28b1e53bbf9f5cbad6b7cd86dbfb21526d7a797b4ab791ec3d959985516078d5c8f0841318444b925ef5d4ef2041bee4c8f0f82e353b550dff071b1\"","dc5_auth_key":"\"97a1ecf3a9b5ae873c84ec0e0ad1e36ad334c5159513982b72de28b78a71a23fd60deabc2c09f916ef42789fe952a0021724cd7b9169d57d1ca65308df60201c866dea3c1f05d8cc7f5cb51a78222e78fb15568fd7bb02eabacf45b0795ff5bc1e7427b6a48aeed31670c01580f288683eaf115257fd6fce2055c47e6f7fc7fe2908bcc8284e51c53ca0779e1c603184535e7c5e5cdf448fffea37735835edeb60f0ca694203fec7830da62cc8dd02171a74b830503c9c2ed0e8f86e64c3e4c6b7145368fcdef116101dcec362e9947985058c15bfc06626ac97630bd8525b2ce341249010982def030dd0079f2fedf178d8281e4e5c0e52a0c8d2320c65a55f\"","tgme_sync":"{\"canRedirect\":true,\"ts\":1700089035}","server_time_offset":"0","dc2_server_salt":"\"0cc0edbc16503d8b\"","state_id":"2715548258","auth_key_fingerprint":"\"86816846\"","dc1_auth_key":"\"9867fcda2c557f6496146ad84543bd354c11201cc73de6e930b0712f447ae3ac08ce643c535abd08a28b7e171e87530481a0931d9c7ce9abc93a6265fa928280d3fe1c81d82b54557c1f9c717952ad696856ca239419a786f2111b4b2180dfed238a75421e1a63e425f1de9ccaf16518b2950cbc817e3b612b6c04fff44fa2443cb651b2604f7ddcec4a286d6105ba223d7543322413e779477bf29a78c7398138741a312f3d5cd1d70d92f56e650f26b7fe4443f6cda3610a5e2954281f440df31d15afb3e4067b8ad0889cd9dd859c76e857915e3fb0aa7c8ab859bfba370d5477f067f3cb4a345a2fc1d828f84de39a8676039cef95daaec2adb3791448a4\"","dc1_server_salt":"\"37fa631761c2bcd7\"","dc4_server_salt":"\"e2304adb0c6c4fd1\"","tt-global-state":""}
VM36:1 —————-
undefined
