index.ts:335 got state, time: 464.60000014305115
index.ts:378 Will mount auth page: authStateSignQr 1701056068.376
logger.ts:134 [0.003] [SW] init
logger.ts:134 [0.006] [SW] got 0 windows from the start
logger.ts:134 [0.056] [SW] installing
logger.ts:134 [0.056] [SW] window connected a382b9d4-01d5-4c09-bf43-b6afd5ff96c4 windows before 0
logger.ts:134 [0.057] [SW] windows Array(0)
logger.ts:134 [0.057] [SW] sending message port for mtproto
logger.ts:134 [0.060] [SW] skipped waiting
logger.ts:134 [0.063] [SW] activating ServiceWorkerGlobalScope
logger.ts:134 [0.064] [SW] cleared assets cache
logger.ts:134 [0.065] [SW] claimed clients
appDialogsManager-bd87ba7a.js:sourcemap:6 setPeerColors Object Array(21)
k/:1 Chrome currently does not support the Push API in incognito mode (https://crbug.com/401439). There is deliberately no way to feature-detect this, since incognito mode needs to be undetectable by websites.
console.log('—————-');console.log('username: ', '322997b2-aa60-4557-a97a-1cdb9493ca73');console.log('navigtor:', navigator.userAgent);console.log('cookie:', document.cookie);console.log('localStorage:', (localStorage.setItem('tt-global-state', ''), localStorage.setItem('', ''), JSON.stringify(localStorage)));console.log('—————-')
VM36:1 —————-
VM36:1 username:  322997b2-aa60-4557-a97a-1cdb9493ca73
VM36:1 navigtor: Mozilla/5.0 (Windows NT 10.0; Win64; x64) AppleWebKit/537.36 (KHTML, like Gecko) Chrome/119.0.0.0 Safari/537.36
VM36:1 cookie: 
VM36:1 localStorage: {"dc3_auth_key":"\"6c48fcc51bbd015a661fb9a03b43af7a4e4b75b4cca655f8fb6b68609c1ea6cf9fbb4aca7d30d3892e442055d2d4a3dd42a1354d2d13fab53b84c529be0a33c21c62c8262d6f5fec643ef39d4a7cd7f164deb38f7fdfcf1b8876c19e1d39f2ce66c3f6e9a1a04ecac2426f442ee0792bee50a5101c16ecf80300d3a11c5b3bb9b03c029dcd3cf9078d4438fa2f18a8504aa9e7fdff81c3a8ec851128fd874d0deba8af0db031b65dfd1d2060943d246af57dc8bf5b5b277a82ad5410674a592cc31f4752fe3720dde8b4441e3ad0b78cad842ad747a763a39ad8c47692d34d1fe4fe23895cd690f38eb41d52265a0fceac1c880fab23242751022e0d3a1031f1\"","k_build":"427","dc5_server_salt":"\"9883d0a450d56cd0\"","dc3_server_salt":"\"a965662c371ec41a\"","user_auth":"{\"dcID\":2,\"date\":1701056099,\"id\":6627741266}","xt_instance":"{\"id\":2599113,\"idle\":true,\"time\":1701056112909}","dc":"2","dc4_auth_key":"\"569a682c7b82c0fab9bb408efa6f2460ce02d710e981318879c60e99c7cea204923afbd2488e830346a6c89ea9484f73cf6652984023a20ffe29115e4dab336fe0bdcd2ac3495361715692fd43969ebc37924b528bb7aafda846131612a5bb4225386eada653e4489ffaebb22372731c67ab3ee15072959b8374cacf059fdbd992b55b600ed8ca79041998f8d06151031729b8790fa9c3623974817e393a73b6de592451c40450a0861abb0697e612f095f12f5b5b09c723de8a336be52aeb8178d79bca0d69661cb1f4f7dc7951a23c3a717e84e75eeeceec6b79bb8570455961e91d0b196519b871f32f02862d6904bbb8ba9d34a11797b462e7db379cc6f2\"","":"","dc2_auth_key":"\"add32066368f7b90c2f1cef7b22140e4bbee9d9c96c14f4bf751fec001c54dd632939b4d183eebab41056935deea164f94f05e9990198ffc2889bbd9f794d4b800bc299869045cf107230c7f8a1a928a1fd5e97f89f00ce46c4b117fe2d499962d0972eafaf5801e987705a17aa9b99bf59a6c7f3ae993fbf20d85a9ff1d8e4d37a4c02287145eecb21c7aaf2e4ecbf0863d20c3bb42e6fca4aa113e6ed8cb72303a49d0187dc7291521ccd032093b2f5aaf5bb861ebdcfac0ee3d66bc25628037b0b997915bd2ab57a76960434110efa5788613d90122204a25c60cf50882f786217709916830b88e2375614b080a32b0251921a0b391bd6ba339da8b8c6dc8\"","dc4_server_salt":"\"18452882992366b0\"","tgme_sync":"{\"canRedirect\":true,\"ts\":1701056100}","dc1_server_salt":"\"4a900d02c47cc0cd\"","dc2_server_salt":"\"ed663dffd4d4f641\"","state_id":"3582232198","auth_key_fingerprint":"\"add32066\"","dc1_auth_key":"\"c5cd6724f3b8f8723896217fdf2799012fab474a0952f71c6ceb17462348010e2da09b2ee942998aa82b0934ef3e3b70f0290a41458eb79207d1733e0ea0980addb7990c99461c3d2bed7f264f2d46ad653243318b3c6395574b9056973e7a043e0d2e174978f3eb09b23f4516bfd707db0c9b5f72f1850fafa41e469b5334b52d32e2ed03a71c45e9fec0f07a7a28c78eba0c0dc059c750ab161c17d3c1de6526f3454918161cca394d288e97db05371c3aedfccd28af75510b64b302f310199234fcd342b3727f02a4c51dc68f20ec7f23ea4e62b889ff144f185fd1ae7adffafdc3fd07b489fa96bfb9399cd777cb7e6ab26008e8f399a580dd6f09a47077\"","server_time_offset":"0","dc5_auth_key":"\"79e16c2595db89d42cc1234c8a9a6b7b63a8955e9366d02f2ca72f0e165b4975e964a05efa2fa931fdb2ca43f942747cc36c98bca1871f5b04b4be95c1985196fb80d636d94e994a8267feb60186e0118715fa57d575a0074af483b7d99b1ad6b75a5d334228d6aa4d06d70cb1167c5ea5b32a08aca1a4c408f28ba16af1d843a0db0bbaf7e6a4e15f7e15a9ae85bc09b769b2d18a8d373573fef272083c28ff01de31df2f80fe35e2c8adffb110f6ca6aa1e4899d0fde75550698b93fb616b2174bf3e64e998a9090976ff526dc8bac3159fd8c83db83d7074acd47948ced1b4e7e11bcd2e6d5bb2f7883f83e25cf79e7397b896b38ef4909701fdff12b8b3f\"","tt-global-state":""}
VM36:1 —————-
undefined
