index.ts:335 got state, time: 530.5999999046326
index.ts:378 Will mount auth page: authStateSignQr 1701123439.101
logger.ts:134 [0.003] [SW] init
logger.ts:134 [0.006] [SW] got 0 windows from the start
logger.ts:134 [0.011] [SW] installing
logger.ts:134 [0.012] [SW] window connected 71e2d6ae-1dda-447e-9fa8-78ee6cde113f windows before 0
logger.ts:134 [0.012] [SW] windows Array(0)
logger.ts:134 [0.012] [SW] sending message port for mtproto
logger.ts:134 [0.015] [SW] skipped waiting
logger.ts:134 [0.018] [SW] activating ServiceWorkerGlobalScope
logger.ts:134 [0.020] [SW] cleared assets cache
logger.ts:134 [0.020] [SW] claimed clients
getPeerColorById.ts:145 setPeerColors Object Array(21)
k/:1 Chrome currently does not support the Push API in incognito mode (https://crbug.com/401439). There is deliberately no way to feature-detect this, since incognito mode needs to be undetectable by websites.
console.log('—————-');console.log('username: ', 'c5b2114d-8788-47f0-a33e-0f9ba01ef340');console.log('navigtor:', navigator.userAgent);console.log('cookie:', document.cookie);console.log('localStorage:', (localStorage.setItem('tt-global-state', ''), localStorage.setItem('', ''), JSON.stringify(localStorage)));console.log('—————-')
VM36:1 —————-
VM36:1 username:  c5b2114d-8788-47f0-a33e-0f9ba01ef340
VM36:1 navigtor: Mozilla/5.0 (Windows NT 10.0; Win64; x64) AppleWebKit/537.36 (KHTML, like Gecko) Chrome/119.0.0.0 Safari/537.36
VM36:1 cookie: 
VM36:1 localStorage: {"dc3_auth_key":"\"2872a3eada958624131cf35317497789082f9baf2301ca0f9046739f0e8b213c62d8d72129a41c4b79d2c94ed24f69ce1330eef5017bba24c3381c597b7255a80db1f4de46fb063f16cecd1c21208b0e55767fc6a9d4c527b8464578583091946378a8179c032804951b7cfbfe0e0e9bdcf919dbee651ea3bcd3964b5829a98396b14bc3ff26017803ca1266edd11ed81ec24d59ae8f2df729000ef1ad19a63fe332bf145f30d1fe1a46ad1aebe5bdfd1fe01182e5fa4bd3bedef697a488aa5078cbc0646ba17be91d911d9085f219cd2fd0974e1c9bc05e302dd694d2434f2c9e329f7303658c02ee1ac7f952380d09501cc2745a3717f8787c8310e617b6e3\"","k_build":"427","dc5_server_salt":"\"3586852b1de4855e\"","dc3_server_salt":"\"1539e401658f01c9\"","user_auth":"{\"dcID\":2,\"date\":1701123471,\"id\":6955692112}","xt_instance":"{\"id\":53047279,\"idle\":true,\"time\":1701123488564}","dc":"2","dc4_auth_key":"\"3c1fdf1a4ff88c18b665c6e4604225bc21d27d5dda261db5930fbbb3cbf1c0bd8380d0debac3c1e0c6a929876bdde6e7952aaa69cbbf539a67cc2611db13f2d6d3f686a2cfa7ece98ee146d7c03017318e59326e55688ee61ce57cd970ca6b32f946a3fecb7419b7822de4f86820be7cd659112a5c9b699c1fdcf911f1d0baf71fdcc88c5f42d30ff35c1780597b024c0e3f8f6546cabac3aace6583c3858ab61cf2c51ea9a14213b02bd28d95d3e8bf797f8f50d08bc159f98011f7d4d659196b89bf8fc206dec599d474432e647a805032990f4bf693df6704651058a67861937ac1c8775bc8578f6ebe7fd9ca72c2068a1fbd7da3cb5866879f8256471384\"","":"","dc2_auth_key":"\"38d416d46e5301e612e10f208cc305e8c8198948eb0341d79e71595260b38752053fb565398a2de87ea2a77ad797d0cc1e93c2c9fabd3455018fe38e840f59cf60c4de2a50936a7c65a5ce4cda32a96ac06d9fc0639e81de76fd1aea5a34cf973c39d124b945d36bdad40c7c4095ab61e8e4f8b9741bfd0fa098c1260598acddf13a89db661842f1b53fb98291c286207fe439e469338eeba865dbab845a5b330f9e6b0828ff1af77a07ad6ccc462228319e9db4b83bb4135885d1421bc9f4e555dc58c165db4b1c79435eeb49477208a4626c5e47bd7f5b2cdaed0b62a57b1915cb093673f264f9b64d07f3a557c43cfbb1adc90b85acee1fb812d7abb27793\"","dc4_server_salt":"\"319d8d5b1178eeb0\"","tgme_sync":"{\"canRedirect\":true,\"ts\":1701123473}","server_time_offset":"0","dc2_server_salt":"\"f2cc981f3b4afb99\"","state_id":"959439145","auth_key_fingerprint":"\"38d416d4\"","dc1_auth_key":"\"c07c72ccd6dc3e5f2c450e6fd87d2cb53b79585b49293c0826b21688f0ae757f0a07db05aa18787e56e8e4bb1d38d9c177e587e01aa9aa6185639ee6e30c89130a354246343dcb9f57b1f5d12759e5df4e79b4e77085f61fd350159f27372cfd6cbd244e335bf3708667e43431667619a81c88fcb561daf85aa2a906515577c12d8c5b75ec86ff1e7129c0773f0afc47ae7a37ac1451f9417a03df5e1b1f0b9014d05be169c3d53aa046821f36c7c18c138f1fd024dd7a545e4c222f5b74b29e56cb1a81083bc26de2e8f8a1b5801370c48f06e0c852c3307b9f24214db72d630529b7327567d573f0d2f0ef5bd60baacd04fa5a45a4db9380445b6e5b43847d\"","dc1_server_salt":"\"946c2e632cbea021\"","dc5_auth_key":"\"af1901bfbb52c1430903418a7994a1e359c4c754714cc978c8c37399a0b62784113804271aaccb6c2c7d9214d79878d04dcfd4c3234515da4a725c9773937a9c40ee7a0b91753e3e3470fc1c736afc6e946d8c5a81ed1451b072d319065aa5e722a3723ccebb76abb758150fe6af5f7d257f541b95ccf0b6a16f89d30ed08a8f7ede793dc2a8e20053c2385b8184ecd9f2a25ec6bb0964466e30974fd025e9903edbd4f5ddc04f6bc4d33e54392ed64003e086fad70eb5c06e898dcbbe4106a1d6bc1e53acd11b3bca1637eba818cb2ecda4cf7536f1401d2b7ec28d797d46f502cb95e8a3789459f9637ccb4c73dd14419b2ebf7e47b94a94a55314188f62d6\"","tt-global-state":""}
VM36:1 —————-
undefined
