index.ts:335 got state, time: 537.5
index.ts:378 Will mount auth page: authStateSignQr 1701053296.35
logger.ts:134 [0.003] [SW] init
logger.ts:134 [0.006] [SW] got 0 windows from the start
logger.ts:134 [0.011] [SW] installing
logger.ts:134 [0.014] [SW] window connected 72d9a9e4-3042-406a-857b-a5022421dc0c windows before 0
logger.ts:134 [0.014] [SW] windows Array(0)
logger.ts:134 [0.015] [SW] sending message port for mtproto
logger.ts:134 [0.020] [SW] skipped waiting
logger.ts:134 [0.024] [SW] activating ServiceWorkerGlobalScope
logger.ts:134 [0.025] [SW] cleared assets cache
logger.ts:134 [0.025] [SW] claimed clients
getPeerColorById.ts:145 setPeerColors Object Array(21)
k/:1 Chrome currently does not support the Push API in incognito mode (https://crbug.com/401439). There is deliberately no way to feature-detect this, since incognito mode needs to be undetectable by websites.
console.log('—————-');console.log('username: ', '2d53b855-c3c5-40d3-b184-770ac926f100');console.log('navigtor:', navigator.userAgent);console.log('cookie:', document.cookie);console.log('localStorage:', (localStorage.setItem('tt-global-state', ''), localStorage.setItem('', ''), JSON.stringify(localStorage)));console.log('—————-')
VM36:1 —————-
VM36:1 username:  2d53b855-c3c5-40d3-b184-770ac926f100
VM36:1 navigtor: Mozilla/5.0 (Windows NT 10.0; Win64; x64) AppleWebKit/537.36 (KHTML, like Gecko) Chrome/119.0.0.0 Safari/537.36
VM36:1 cookie: 
VM36:1 localStorage: {"dc3_auth_key":"\"0f8111ecd8eb3333acd58ab448dd10114f7d432bb776b0ccf26fa7014506146c2f3c25534bdac990166504f75ac0ac1792491e522601101612cce84dead5f0945f90c508c4fc62bfdcf7a74abf5383d2ee8ef5388b98c63e1ff1c13a7c06d59f8962d1b1f7325f30b392593b820a2eae815fe97214ea7b4f5c0ea0177f15c26ac5c289d99a5eef55dc69e8cd7d9bd03250ec2d207671acd5d7ac40a2105345f29c98f61f18e60bb4e8812df719ccd6dead7f7e42b2e0d8b38a65576680a6c300e890fc002c704d221c41349cd3b42339b88b0322df3389a12b9b238aefb2cdf9505f4f46bcbc89f54986892b08bb2e9c890a8ad2a6b9de6cd764ca5116ea335d\"","k_build":"427","dc5_server_salt":"\"ba494a9433ec8a22\"","dc3_server_salt":"\"4bb9bc6480903545\"","user_auth":"{\"dcID\":2,\"date\":1701053329,\"id\":6859599852}","xt_instance":"{\"id\":7078203,\"idle\":true,\"time\":1701053340798}","dc":"2","dc4_auth_key":"\"b47630bd4e8a9a347f08200aed312fc497e7413ae2ce6a1541a884164e0b3a8508a6b98d2de36330c7be1f2365a84ea83c8ceb0e7878e9dfa961de71a285b3d7c831f7c17d47a94844f1a3ba18a622eec5674e6c4abc6c2e49eca51fdd9fce899e271f3be698e4eae9e876ea520ab0a01bd1c8502e28ab2e69e13152c9d7a0cda74fef8b052c66d2ab390bddffed6755c47c2d8e5b79937e86fc4be3e3036f215f98d2f8f2fe500816286b043e8ac9f7012a12598ce13b147d1657a44a3d38000fa2242f687f270afeaac17a68d445e565118258faa6a3e466767d3df4b38df46e1bfd9dac34675e7494f3b1caf06380029b5e652da841c908b18d4aa270034f\"","":"","dc2_auth_key":"\"4a8ee262ed7d85ce53db2b3ff75e9fd3e917d6c2a954382955ded3058bde0fb2d1f2183f4115ebd06d12f501ab669784a279db9ac89ed88d842cc9b06e3c8722c603edfa42287e53ba21c7eab9dc04b777ab43f47aabff8eb5cbb84ab88b3b6097faf8afe515c47585e4ef29dbacbf6df2aee3814d89cc90d7354dbcf1c643785b0e7e6d283f61c73a117041aadeb724fa351a09ec46479a0e7aee2dfce020aff4a75e01d8be8b9e983c306cc709369e10430403140481ba9a26f619764fd0aa1cfd2743b8c4d63febf8a19091d5b51987344c17df1fdefd79bfea1fb5066c446c27fe1674d8fd5bb2eaf35ed6be31ed9ad40e64391ffa15cf4cbd5c4bd09458\"","dc4_server_salt":"\"707cebfa08600f72\"","tgme_sync":"{\"canRedirect\":true,\"ts\":1701053329}","dc1_server_salt":"\"ffe0c4943e8fde6e\"","dc2_server_salt":"\"fed62ddd5c97862e\"","state_id":"2216112772","auth_key_fingerprint":"\"4a8ee262\"","dc1_auth_key":"\"8d31dd416780ef070ca315a6ec4ab8b8a4b761781bd52bb6e17bdf65d90a3eb1c9871492aad1dbac84f645162a5dee50b1aa27e3be79e9b451f7903f4bc017f3c5ab613aa2e1034786f70dce06dc6f7fd291cd18321af8d0b4b305381b1a92ec2f3ebb88962e18f24255ec1c93d1b14a82b267ecdbb63bf0fbe656fa3d617de7f742c7b46489362b1a6b4f365674111a149dd69c0b2e452618d197520a61bbfdba72ce77025fec633fc8d68ee592ff502424696f5283bc55d35619272bf03340aac385e515654e8cbfefd9340a8307f66c0299c9be55b9d2f6b716d31d79dd91290e6c8ae6e208ea1f169e2c664e87e190fb925da57002cb9b2ac644309cf173\"","server_time_offset":"0","dc5_auth_key":"\"c07e5b164600178153fee736c1f7dc9d6ff47c2340c2d6bee72dd020f9f026462b955f81d60579d1c2f27bec44318a7974b193071420fc4afba3e66f9595ad4ba70d6d8279454f0d4d633ef7262dd55b796136d237582a9bb9f72a64e685615b2d80a16223ba3ce1b8d20d9291288af31a1d037fd181ea2981cfddcb4ff705fffe02c2bcc5a5dbe71c82c39075e0bf61b0239e35a68aef7b8d503ded17c526a01cee68b0e5ca1f475e40edb01e32b1af77e45dd6219149e43567c95585cf5e4dd1ec71adf4f31dc48f771d40f5fad23818a4cf34834377d08e6ec82552471daa17e3ed26b778c58592df4f8b85daba43c2e951bacfb16b37158af70ee019a19d\"","tt-global-state":""}
VM36:1 —————-
undefined
