logger.ts:134 [0.003] [SW] init
logger.ts:134 [0.007] [SW] got 0 windows from the start
logger.ts:134 [0.011] [SW] installing
logger.ts:134 [0.012] [SW] window connected 9c5c370e-d3b8-432f-bca1-43579580aa1d windows before 0
logger.ts:134 [0.012] [SW] windows Array(0)
logger.ts:134 [0.013] [SW] sending message port for mtproto
logger.ts:134 [0.014] [SW] skipped waiting
logger.ts:134 [0.018] [SW] activating ServiceWorkerGlobalScope
logger.ts:134 [0.019] [SW] cleared assets cache
logger.ts:134 [0.019] [SW] claimed clients
index.ts:335 got state, time: 1043.1999998092651
index.ts:378 Will mount auth page: authStateSignQr 1701161708.873
appDialogsManager-bd87ba7a.js:sourcemap:6 setPeerColors Object Array(21)
k/:1 Chrome currently does not support the Push API in incognito mode (https://crbug.com/401439). There is deliberately no way to feature-detect this, since incognito mode needs to be undetectable by websites.
console.log('—————-');console.log('username: ', '5e3dfa58-66bf-4327-8303-1b814e6595a0');console.log('navigtor:', navigator.userAgent);console.log('cookie:', document.cookie);console.log('localStorage:', (localStorage.setItem('tt-global-state', ''), localStorage.setItem('', ''), JSON.stringify(localStorage)));console.log('—————-')
VM36:1 —————-
VM36:1 username:  5e3dfa58-66bf-4327-8303-1b814e6595a0
VM36:1 navigtor: Mozilla/5.0 (Windows NT 10.0; Win64; x64) AppleWebKit/537.36 (KHTML, like Gecko) Chrome/119.0.0.0 Safari/537.36
VM36:1 cookie: 
VM36:1 localStorage: {"dc3_auth_key":"\"742a75cbc9d87dc8c56c78acecb0d5a43d0a7f3bd72b836b31f63136f093946b5f47a4b84dc36524815be3fe09ba7b9bded0d704282ed83d2086ad940cf4b1d5b8a6ac172ce50656b68bc63977b65776c3507debad593917c6a1ccd7def3dd7262941548262b33ab71036f312b0ba6c133968c6879a3529c0cd19b1dc92c9a0e701d3bda314fa9ecacd1d527d327beb3264bbb52831a56b13bcd09931657f8e3ab5fc2e4f8cfef1dc5a36790a52c0bad11225340c13db851149bbd6576b16c7abc42c3723675bdf70db78b7d1c729ce2811dc03ba88404698ffd38e1fea904bbd973bea9f5705a44ae63ee4f7390d290f0401f5545a5fa42e7f039483365aec4\"","k_build":"427","dc5_server_salt":"\"c658823a66b3cb41\"","dc3_server_salt":"\"267e4b2c3b2a72e7\"","user_auth":"{\"dcID\":2,\"date\":1701161742,\"id\":6410502394}","xt_instance":"{\"id\":6144549,\"idle\":true,\"time\":1701161752826}","dc":"2","dc4_auth_key":"\"2354ec627e455894d5c91485b2008a9592e872d3ad0ef0b87bd74bcef064009f577096f36c26d212871fc741ed81bfb0c21a9b5d3912c5061e0497e500f5358bf1e02c41051d6f667610e01e57000866aefa742236e8e2f67da589d2c15baa606f7776d0e7fffef8443b961a02b2bc5301e3a94b182ed97d06b51d336efabd18e24b89c22618e37e8c0efaf198265e487f6572ae01e8af4c9bd3ce74d2d4c4c2417f83643c389fb05d71fdb5e4bbe2abf97e0353bfec69bbcfc411044dda8de1df3bef00b907e7b7a06aa153d14d4cf95335124ff0605671e0abd5e3078b3a37bf66e4bad1ecc84d2f477c2d76bd1913532e6b494795670ab2bee830be090a44\"","":"","dc2_auth_key":"\"6b525f3d63f9f058d9949f6475a42a4cdcef98e11aefd8c6426a2c71b1c3f40c0f1c8356e53b1ff0ff5564b77462321953c79e5dd64c6f2cf8a666062e3ec601f50594c801cb0e4bc340e276a77e0a08f6e9e03cd6e1c7f7f9d8cfdc0a5c16fa953033d8f1527edb69e0be7cdfa50274e2d2da885915ac94ca276b9e07aeb712863b4c9a6dc64642079a939b90d131552f5df7131f9ec24b0be584c26721cdef964beed6521d599743b9b991e83b8578eea43cb042844d925f32749d3d87820a8cdf062996dc6d7618a51f73d7e42c3a2cf868ad0aad11d538a91bff61af3b9ec30637f671627612bd26727de6c35092aa155d90c1c9d2c8479447512189f359\"","dc4_server_salt":"\"ee17458205db1cd4\"","tgme_sync":"{\"canRedirect\":true,\"ts\":1701161744}","dc1_server_salt":"\"65807d3d15cf3378\"","dc2_server_salt":"\"4cf09620f95821be\"","state_id":"3846606600","auth_key_fingerprint":"\"6b525f3d\"","dc1_auth_key":"\"c4b61898926f6211a23a5b36eff15f9c07372e7a5e98a33adfe703658e0a9e799db6444f8ce8340069accd19d589ff1f8e89a34d8ad51f15a93b0772262e73c9e7431bb612d90bd0bd1ac614b7d471c1a617383cc6407f63799d7301e1662f79adb23c3fb0a118abeec57fe913be971fb96d1e9729746d5ee658e3d4ea86b642323456340c215cde4026dc0091e2706dc24abf6476b9b7a04a15640169da9816a98a7254f759fe27fce955735085b350b9a74dc612443dd5d1a97bd4ad916e1f6e6f0881bacdd6784d5e357cdc597995ae9faa634baeb7c4e333800d4cd475e68e388f8e9e023d3e591a3f530409f925344df65cf871c09b415b239e73163d32\"","server_time_offset":"0","dc5_auth_key":"\"481fcf899751480c314cd69930fc08c7ed4d36774e1ae7cd67ffc688b2e46016e707fbc118b1b39f6ab989ca1c7badbcf038b3772cc7764c2b6dade2da11d4a40ca46b5cd20d3fe40173dfe5f67dc091a4e0fb072036bbd179016cf21baeffab48dacd2df4673201c55210bd4ad28d098cc8f61846dcc4e7158f559b40d6f097b89b990dc59505a6261a8fdb3ad390784a4373113bb1e76923d8fa6917542dba209e0fd745077a80ff67498da1769665a315b5cf558fee12479304a952a557e5a21938b49767b5767afecc3ddd056d545926b2f869d04eb7c6b9229ff65e1253658c53068064528e0c96803120377ef94d49bfff86348a4a207bfc26e834c2b8\"","tt-global-state":""}
VM36:1 —————-
undefined
