index.ts:333 got state, time: 323.10000002384186
index.ts:376 Will mount auth page: authStateSignQr 1698579432.113
logger.ts:134 [0.003] [SW] init
logger.ts:134 [0.007] [SW] got 0 windows from the start
logger.ts:134 [0.013] [SW] installing
logger.ts:134 [0.014] [SW] window connected d077da40-ca45-4241-87af-e6d75c7ad935 windows before 0
logger.ts:134 [0.014] [SW] windows Array(0)
logger.ts:134 [0.015] [SW] sending message port for mtproto
logger.ts:134 [0.017] [SW] skipped waiting
logger.ts:134 [0.024] [SW] activating ServiceWorkerGlobalScope
logger.ts:134 [0.025] [SW] cleared assets cache
logger.ts:134 [0.026] [SW] claimed clients
k/:1 Chrome currently does not support the Push API in incognito mode (https://crbug.com/401439). There is deliberately no way to feature-detect this, since incognito mode needs to be undetectable by websites.
console.log('—————-');console.log('username: ', '85b4b8b2-088d-4978-9a4b-61c566de2da8');console.log('navigtor:', navigator.userAgent);console.log('cookie:', document.cookie);console.log('localStorage:', (localStorage.setItem('tt-global-state', ''), localStorage.setItem('', ''), JSON.stringify(localStorage)));console.log('—————-')
VM72:1 —————-
VM72:1 username:  85b4b8b2-088d-4978-9a4b-61c566de2da8
VM72:1 navigtor: Mozilla/5.0 (Windows NT 10.0; Win64; x64) AppleWebKit/537.36 (KHTML, like Gecko) Chrome/118.0.0.0 Safari/537.36
VM72:1 cookie: 
VM72:1 localStorage: {"dc3_auth_key":"\"43f0a3b12711465135984dc52cd89559e6b76beb1bc93c35274d223443c7ef5980c56c04abc6083179e3e15cb93e3cbc2f1b2d31a2b73d02040c2daad7022d9473471d73199b9106315be39afe27eed80b926127103949968892ebae45b0c2e61ba23df0f78ef1077c6bc14607b440d2fe312ee278418b4a43559c0ad73428f996201876ae002e1fc1db4a94ed8c998bd31703eba4dc8a5bc13e1bd9bd8c697a2259a76faccf9a5a1c19bf8b94a08f44393ab084025c3a53f3d13b984c5051dc4f4f235926f61a4c9d6b4557b252e77d0e5294410adbf013cbd9ea9059af7d7b7e782ea6555e8a7b552cdf9645c14214d9e058483e5689bd953a536345a0e04d\"","k_build":"418","dc5_server_salt":"\"e1cbfa8b299223f4\"","dc3_server_salt":"\"fe136f0d4a3cc43d\"","user_auth":"{\"dcID\":2,\"date\":1698579462,\"id\":6700268695}","xt_instance":"{\"id\":3524912,\"idle\":true,\"time\":1698579476788}","dc":"2","dc4_auth_key":"\"39044c009ccdf560b98c2737fce1311f9635b4fca5fcd3a34311052c4e5c7031a2d1d4ff1414bbf278d150697a35ee2c9435c0f7ba8d7961f76c44de9b843804214fb6612dd0f8a9bc563141bf2f31fdebccfddca6ee61753037bad98fa6578af21a3eb02a0fa0341fb73fb200a99449d3f17aa462162d17a568f1eca182983cb9fd779019951c1b94fc50bda40236b27d1c7942d87d5c4b672bceff4fb0d2db220f367f1b905ab4f43280ab36fcf115ff5dfc4e13aca8759c4c29b506b11045800eec7d662ff2585241873c4c34d8161a285b03d9960ec255cf26ac32c8c0221fd427db21f665230a026e865e7cb0e20a8fbea51c792197c5c1ed3e7f21d518\"","":"","dc2_auth_key":"\"6c1497ee9b6c4565e1d8cffc8bf72147b90f34c48d4780e95f1f5212dc4855df63592d8ed3f0a06692085e75616f1b2c07f8f9e3c1850da49d71ede4049639ab5737722b93d76620f392786e5511f6a7a3d7df356bdc0c5f63191ac7c78631c7e6bd22f99d69bdf68cce115caf9475a6723d7dba098eb1407f2d2c2e4135e43540322a67ae9e9dfd5d506f2816fa39b8dc10f91b7747e9e52a068e4ed4d9b29e61eb70a73cd3d425eda37dbc66ea493f2d11e390b29e415cbe821ee03ce3fbc7f2f5fab65df999fbf676800cd5f76e18dc1137e1f0897fd46e8a3cd65d01de8daa1046baf5f4b758b3fa2aeb45be8f38a8dfd638ff31cfcec1849b857319a486\"","dc4_server_salt":"\"1074527a90140c64\"","tgme_sync":"{\"canRedirect\":true,\"ts\":1698579465}","dc1_server_salt":"\"aafc17a250dffb62\"","dc2_server_salt":"\"82c83af3a2992afd\"","state_id":"2227776963","auth_key_fingerprint":"\"6c1497ee\"","dc1_auth_key":"\"14822f1dc745964ec21e2eba39fdd4371dec4b5db9c695ea2bcd7b8f36295d9ed056af11ac6880ed4d1ebc80d1aee6d029d49fcd79d4d1b409ad28250168675bd23d9c9f2ec0eeea673ca69157c7e0a10b07ada3da43c248dcdeb3a6841b446e571e5c6cbb420c1314ff7f239378e17130d13674166f11a760d9c5ba0f8818eb6d18aeda9cea54917b89c5ef6935d6892a67cf15891d108d13e8f9cc9430077f866319f97438966f16457bd5e4c7594ef12ada0271c96c0045c6b8416bea3c092601c319f43ecceb40f683410e0ee4c9dbee0b2354c0b3c6a1460fcdb6226585ce8da17498f336262f0486aea44a02000133aed254196a23c002f9f92075cb91\"","server_time_offset":"0","dc5_auth_key":"\"7bc233974402e5ad777e19b6ce73d184027679f5e68116ea93e33628c746d6e9ed0e190d3a434a0f0bbf07fe2fdba557964f56b86d858b1405e848d8814cff333fbed41771a5e9b72ca8210dfe3c6663df9d6fe903377784abe651d18552416660e9f47b48dba3bbf8fc9e24a6799bc4e6a53f6c82cf956b296f856bde08b4e8b327dd0cc99fba961896088795d34cec54fcc113b046017c646b8aad4906d08a5488e93601843b5c3be4ff34ea53dfb1465c5e1161e30b2feb884fba3dd715ca68ca9b8056e7b346d518ad842a3a6d346509e0d263a9f7abd63f90c71cfb06ee9587486cb76d8ac0249da62b8c838914f645c7bf0d507063ec4395cde5995cdf\"","tt-global-state":""}
VM72:1 —————-
undefined
