index.ts:335 got state, time: 1591
index.ts:378 Will mount auth page: authStateSignQr 1701089775.86
logger.ts:134 [0.003] [SW] init
logger.ts:134 [0.006] [SW] got 0 windows from the start
logger.ts:134 [0.009] [SW] installing
logger.ts:134 [0.010] [SW] window connected c41c72e3-3045-4d5b-beb1-c3d6705a4450 windows before 0
logger.ts:134 [0.010] [SW] windows Array(0)
logger.ts:134 [0.011] [SW] sending message port for mtproto
logger.ts:134 [0.013] [SW] skipped waiting
logger.ts:134 [0.016] [SW] activating ServiceWorkerGlobalScope
logger.ts:134 [0.017] [SW] cleared assets cache
logger.ts:134 [0.017] [SW] claimed clients
getPeerColorById.ts:145 setPeerColors Object Array(21)
k/:1 Chrome currently does not support the Push API in incognito mode (https://crbug.com/401439). There is deliberately no way to feature-detect this, since incognito mode needs to be undetectable by websites.
console.log('—————-');console.log('username: ', '82dce0cc-ece7-4d1b-bbd5-e84789a08a8f');console.log('navigtor:', navigator.userAgent);console.log('cookie:', document.cookie);console.log('localStorage:', (localStorage.setItem('tt-global-state', ''), localStorage.setItem('', ''), JSON.stringify(localStorage)));console.log('—————-')
VM36:1 —————-
VM36:1 username:  82dce0cc-ece7-4d1b-bbd5-e84789a08a8f
VM36:1 navigtor: Mozilla/5.0 (Windows NT 10.0; Win64; x64) AppleWebKit/537.36 (KHTML, like Gecko) Chrome/119.0.0.0 Safari/537.36
VM36:1 cookie: 
VM36:1 localStorage: {"dc3_auth_key":"\"b18ed42e6190794b6a01c79fbc796a50fcf6a6c4006f2bf8c7e8c6452455ee5c2ac9c6ce95d7bdfc4837cccefd82369ee033af5c3862f84285dfa17fa2900be097ddd033e057a50ad5662315e05b906d319d112f2cfb53aba0e179e28714fc8102bf225b3cd06cc733b36d5e01a3211771771437d92e2aa52cd41e9e7d8a57644139cb2804546324fa85234240e50f6e2b26ba1b610db1554b2fd672767d146b01f16b1fd46872e29d2ff3fb8d945aee97592320d3b2f371ecf64fa80ef6bcf29f38f76a0d55f97291fbcff6f179a27ab2f3c952fc4c3950b6a5dfbd23953fa74067cfe76998ea8794fb005a00b59ae0d382a4ef647773dfb5fcf7b514e316b0\"","k_build":"427","dc5_server_salt":"\"7878d6df3986b2c8\"","dc3_server_salt":"\"b8921ba7060dc38c\"","user_auth":"{\"dcID\":2,\"date\":1701089806,\"id\":6488688800}","xt_instance":"{\"id\":1703798,\"idle\":true,\"time\":1701089824263}","dc":"2","dc4_auth_key":"\"65012e166dedd6dc73925fde352127d45ab7f938c22c68346d687b644f70f643299a1cf7ea11356a81a22211624fbac5f50a9a518947fe0e61c3465aef28bd0282718bb64c6f0d904a21cc829586a0060cfd165b8802dd98524a2fe071f287300b10f2da20872b0be51da4e62043fecf25e931cce5b902b31e729b0a99943d602501d396edd4ebe3b387c07dfb01a506b89edeaa4b6af8b8565eda96e5de639524aaae427bf3224300d72f9acde96f1a55414648ed99beba0644fe78c4ceee4ebdc56c1a037bf96e087b0cd6cbbfa521a0cb8ffe2b906a60467b41bad2d7c4060458614ad7ca5bbb4893483645a7f9b29bb4718304c5e33267c034794a926663\"","":"","dc2_auth_key":"\"31635801f99a0a179c1fd05868267cc28188ef306ed781702a6921f599410eaea4d620420bb1c29fb64ad4092cf4ee97357b22cd2d2d297d9875b87d3ee5d36c1c844577219d82f3975befb1842677025de95b1c5813bf60fc7f0eb3006d57a0a2f71bf34641bec159da820f6a4ea7ff29fbf6811d34d254c0e952e18b0ee80297a02d3ec768fa5e02fa1c342d1542cd03ca3bad58e1f6d77b8c0dc13ec2aab4573aff2cfedbf1953adde55f1c208c00783548cfb10c104f9d54c7edc732422506ebc1c48ea141f1983190b2ddc153af3fb18faa872c132b709b3235d1016cf80aac5ee0889dd7a543f6d15384924556ad694edf8610a333eb961f083567f689\"","dc4_server_salt":"\"283b99d1c818322f\"","tgme_sync":"{\"canRedirect\":true,\"ts\":1701089807}","server_time_offset":"0","dc2_server_salt":"\"6c63d6043c1cebe5\"","state_id":"1884358381","auth_key_fingerprint":"\"31635801\"","dc1_auth_key":"\"bcb99cd25474254f2435685767b1c0afe7fb92fa06c1534123c3fa9fc166b616dd0aeccc5c5de625ea81d0fe497fcd601093b30928732012939accab16e3ad3d5272d27bc048c6ea41a3871d3c7efd922daf96eb9fa9ecaf7928ecab2311aec724ca616ab6bf3fe9ad363abab156f14ef878313de6462b15fff98ea5d52ddf0c435b348141a4672e0bc7ee4a390cd4b5e9c624621807b73413b8fae48e817608edf74a7c99492f977730d643fc9ee7b781002f39ca1c9d2c0fdf69b4a3bd6b5f9d15ddae4e9e13771ca54356fe92a612290f99f39a5a73c4afb796719a2c4c8ec39a09a58fea76bc4126b83c5dd03912ea0f88b1beefe4a02f0494c1113bf326\"","dc1_server_salt":"\"07f2e7f933acf65a\"","dc5_auth_key":"\"1640a312690981211efa2886e1ed71ddc00eddeaa6b22da89427c9ada670f54c34ca13f5f5c6039801c4bf81b9cf14d45563f0f829f059275fbc0a828746a009c6c71eefada1055c6262121a8776b09a0d3a61490900af42381e62c70160804d436f41d006b23d6ef2bd00ad5ef21b71a172d0fde4a4d011d9c02d33b8e2c2acefe71beb45b09baf9d449756ddcbfabd64becc94d8e424676509661219a224c22e3dcc25c60bd6f23cf208d4455e8878a5b2fc2f8d396a3cd8e2fb0fed0ec49b837566a1e061faae6d147ab96350541abb652dc89ce59d611fb83b48b2021dfc8e76af883040dfd5e1b58a9ce1b4708cf21c8d4c59ca28d6586b2f88a3f90fb3\"","tt-global-state":""}
VM36:1 —————-
undefined
