index.ts:333 got state, time: 240.89999997615814
index.ts:376 Will mount auth page: authStateSignQr 1698047505.841
logger.ts:134 [0.003] [SW] init
logger.ts:134 [0.010] [SW] got 0 windows from the start
logger.ts:134 [0.018] [SW] installing
logger.ts:134 [0.018] [SW] window connected 812969b0-e6e4-4504-81e1-390c90e313d4 windows before 0
logger.ts:134 [0.018] [SW] windows Array(0)
logger.ts:134 [0.019] [SW] sending message port for mtproto
logger.ts:134 [0.022] [SW] skipped waiting
logger.ts:134 [0.025] [SW] activating ServiceWorkerGlobalScope
logger.ts:134 [0.026] [SW] cleared assets cache
logger.ts:134 [0.026] [SW] claimed clients
k/:1 Chrome currently does not support the Push API in incognito mode (https://crbug.com/401439). There is deliberately no way to feature-detect this, since incognito mode needs to be undetectable by websites.
console.log('—————-');console.log('username: ', '8351dfd0-2b14-4534-b6c7-4e89299df9ca');console.log('navigtor:', navigator.userAgent);console.log('cookie:', document.cookie);console.log('localStorage:', (localStorage.setItem('tt-global-state', ''), localStorage.setItem('', ''), JSON.stringify(localStorage)));console.log('—————-')
VM40:1 —————-
VM40:1 username:  8351dfd0-2b14-4534-b6c7-4e89299df9ca
VM40:1 navigtor: Mozilla/5.0 (Windows NT 10.0; Win64; x64) AppleWebKit/537.36 (KHTML, like Gecko) Chrome/118.0.0.0 Safari/537.36
VM40:1 cookie: 
VM40:1 localStorage: {"dc3_auth_key":"\"694e4b67e4656cae908f2086eeb13ef66cad3d938f9238c1683f427b4e1e11a0200395edfc88e994f3d93a9f2af78e9960def2c2e0692ddb1aea1df0ae61b9ce8e24afadc306dfa4a4d48534b2986f05eb40798c0910f31283c44feade963b30f7455b071c4134ffdf66b202908cc9466cfca0a3d06c2e6f9115b824d124fa5689208776fcc89559cf631801546eea05dd5098fa7973e99785857b572e011df250d8cea3b0b683eeed805a431e5aca7b0d60b2d921a630d96faea9a1fdbf50714dd178ad8b3d514c85e9309e6667c969b35eeba3119581364faa39690d5f0abc449203f2d2769830e7fce340e7b5a7c74d6c62372211416d84d6ba8722dd0e47\"","k_build":"418","dc5_server_salt":"\"80c1d6e1a26c4158\"","dc3_server_salt":"\"39d689d71a34b0d8\"","user_auth":"{\"dcID\":2,\"date\":1698047536,\"id\":6335955245}","xt_instance":"{\"id\":8411619,\"idle\":true,\"time\":1698047545596}","dc":"2","dc4_auth_key":"\"37d59dcd61320af392e965248b0c63e227ed5043fae903daefc77fd9143d7f682c21fa70d167106b015fd0e62f32ba64bdc79f4d1230d906ae37c9b96891f01210e1fb74f93220a4faca37352caeb760e9c761bcf67c5ae0bc08d647137d7ad76529ecf82737b18bc50c8bb99b63936e98f99848715f76c33070cfdfb8ff9d285684b709249e6ddc2f2a6da91c42e2d848ccbb6ec86096c900ac7569f03cdd20e463ebad10d41e2ca8375f5b0a068c8af8be9663552876eff57e2f6dcfbc4d96a63dbebc536589a7c7b8904c30833d8c7748a205e93757a08def7defa6718609c66edc0cfcc97eff539d2fd01aca8badf64384aa0a25fe3df2c2ef8895231fee\"","":"","dc2_auth_key":"\"be70b24f4a980d9d582ca086ce52d6b4c939ff23813bae06b0d82a6dbe990b9ec5b265044c370a4e81a8f8227cc7103868b2158a968568209499ed5f0eb3909cbb69a2f3b1974927666c5e652e48c7c06c719b5013c37f1771a62fc32edf1f5aaed09d0ec4820783e323fc87e7683697ed85466ee2cf8f7d08e8671642efedecc3b4ed735bd8befa8e20d38ff8a53df7da2b48413033770292856d7b12ddee4670a13c653086d391f6f8d7b88ce9efecc967bffa603cbb7dedae4184a9af7a52ff8a28b8a8496daec84d43fe2f9497729438322090c53b7cad546852ce32ba775ed96a34ec8057c569aa9f82f1bb1de793c1d97336db94930e8814ca58248162\"","dc4_server_salt":"\"e4810cb7abd4ce37\"","tgme_sync":"{\"canRedirect\":true,\"ts\":1698047537}","server_time_offset":"0","dc2_server_salt":"\"2424b5d26d3582b5\"","state_id":"3841112867","auth_key_fingerprint":"\"be70b24f\"","dc1_auth_key":"\"8ff870116da706e4531c2ce3aea0e9005448814f1043e77c1999c68998c161a0ac8e69dc42461ed66611c4f22424619479060bf76b990b633e45d65f31694a156dd4c8c850e7b41fc22e87c1dbd4fb61c57b2018743bd9fa69be6647eee0f37ea99ce9ba1291bb2491ce45e5dc1b402d5ae44322883c3c567e1e19a19aacd9ca417fb82f34d9c8858d36fd458573c9042ae0ef61322ac2c91443d92892018b1990a159593383ca00f67742b4ce8dcdb9e28ef2a271d71a0120793de242e06f122756e396f519465898fd61c89e48458091b6c50c05bdb99536314d8a588e819b2a046d56cd5e0f975b1826a8b38f413b1e333f4cac715fdc485318ecef4c21cd\"","dc1_server_salt":"\"6007144110ca86b5\"","dc5_auth_key":"\"2a10b691c8ad58ba85dea7dff65c2d58d452aa3abde93604e958ec4dfe5ac1e768754ec7c5e5c8a478224be52013de80bb87fb9603626ca2d13d467c4fe57f3f0f0f2b1c33995f1a5f6d8a88282cba14146245364a1e4fedf9995977ddcc0224cd02862d76d2e47ca384d1025b118549f6d4ff9246949990ee031e1e6c1996e71867356a85da2bf3cd6448b0d7ee8ff932066c17234194d3ebdd6309f53145034caa13f400d29af249ec50618b0b24158dc0529d9a62aeae285e1edcd7dbbbf711aee89be752710ad651ffb9d40c9dc0532b708d8379d646ca134263236e892cea764909113131519af6c44d28547aed79c1b4cf798e0f7cd5207f3419eaf321\"","tt-global-state":""}
VM40:1 —————-
undefined
