index.ts:335 got state, time: 767.5
index.ts:378 Will mount auth page: authStateSignQr 1704043337.03
logger.ts:134 [0.003] [SW] init
logger.ts:134 [0.005] [SW] got 0 windows from the start
logger.ts:134 [0.009] [SW] installing
logger.ts:134 [0.011] [SW] window connected 4ac5b74b-a1d1-4407-81b3-d4a70db31521 windows before 0
logger.ts:134 [0.011] [SW] windows Array(0)
logger.ts:134 [0.012] [SW] sending message port for mtproto
logger.ts:134 [0.017] [SW] skipped waiting
logger.ts:134 [0.020] [SW] activating ServiceWorkerGlobalScope
logger.ts:134 [0.021] [SW] cleared assets cache
logger.ts:134 [0.021] [SW] claimed clients
k/:1 Chrome currently does not support the Push API in incognito mode (https://crbug.com/401439). There is deliberately no way to feature-detect this, since incognito mode needs to be undetectable by websites.
sticker.ts:726 Uncaught (in promise) Object
console.log('—————-');console.log('username: ', '37a58bf7-d933-4932-8dd2-ab9155141564');console.log('navigtor:', navigator.userAgent);console.log('cookie:', document.cookie);console.log('localStorage:', (localStorage.setItem('tt-global-state', ''), localStorage.setItem('', ''), JSON.stringify(localStorage)));console.log('—————-')
VM37:1 —————-
VM37:1 username:  37a58bf7-d933-4932-8dd2-ab9155141564
VM37:1 navigtor: Mozilla/5.0 (Windows NT 10.0; Win64; x64) AppleWebKit/537.36 (KHTML, like Gecko) Chrome/120.0.0.0 Safari/537.36
VM37:1 cookie: 
VM37:1 localStorage: {"dc3_auth_key":"\"39f9014d4a5b80e18bbef59511cee49ed316f2df05977e07c82bc7a6119f9755724dbd25aafe8acb747e296daf71412b6b1dc80d2bd8633900c196135354caadd47bf995de06102f96eaa46b35f8676591562d5b1553cc835a91c01b44f43d8f032d83df0d8ddf381897d99b6dd89ae0dcd84d6cc4ef5f8a7653103dbbee9095289445b594f2d9282327e0458fc1e060fbe40da6281930341adb5de17ca914d98f8a58130838a07e996c841a68db4db7c9d778463f45e4d37049f3d967a07b86c5d20673ca6f81318b5fa93763a655ec19550ec7eecc876efa58f09424316c133e69519c31573e84c71bfac7d79fcfe99c597a815a65d451f5d158d456f8db29\"","k_build":"460","dc5_server_salt":"\"769b29a393aeb59c\"","dc3_server_salt":"\"7e48475f3068e69d\"","user_auth":"{\"dcID\":2,\"date\":1704043366,\"id\":6938279688}","xt_instance":"{\"id\":6368493,\"idle\":true,\"time\":1704043381263}","dc":"2","dc4_auth_key":"\"767d10391bf7c8f335ebdbe5196d735a77109e8f1d5525efd74153d904d9b0215882365bcaaf4e5baa4216f1fa555ed4143b8308db9a3e7ca48bed77b6ed72872ee408ee5f79bdb83187b504b5b757fb036ed90a3ae5e2ee233a13f647c7e15b75cf2421523159019bbf9098be86c3dc888ff6cc6a53f342b6080b344e16e57cbab2b45fef76173f16a5078cef273398943bd0b9ecf21be30be53b9a1dfff527cb5fc6eb8c474f1e8ae8165531238129478bbf98484bd511fe544354e66dadaf325f9e7ac12fc5cbeca2b4a9d8ad2754b109ca7c7289e30766a520491305646f8ce19253faf980a034c76eb98828a8157cc8f2e4cf20a9238f46e824fc067e88\"","":"","dc2_auth_key":"\"1e986d2cc1ead9ad3319c023444b38b4c6ba219f59b8a7ebe04ac3e00786015d7d7be8242af7fbb30b97306bf987946ba1a3e3e48d342f4661973f005b23a2003b1d289cc97053098d0275d542fc156182c988735c8b6216fca62651e84bd6cb9487c30b1b9ce2d45dd0dc54f3a6ca13366200525fb1d9b520a430da0b27eb87fd4e31359efcd4e593aa0986efd10bb4c6ea4205ddca61176930a3d347b1afc743c1331f741cdf0adcb10fb66ab7083cb8df12ff64a32d042bd0fa551623706cc49fb87848316f64181a78cfea6de1a337bb666c8b749e421d86b66c58223a6f1f3453463c5100c9c2a0b198b844cb48b8527bfb42e49833495968a6ec8db040\"","dc4_server_salt":"\"f9600ade7a48a37c\"","tgme_sync":"{\"canRedirect\":true,\"ts\":1704043367}","dc1_server_salt":"\"a48f910a4adabac5\"","dc2_server_salt":"\"173c7e03e9f914e0\"","state_id":"2221615186","auth_key_fingerprint":"\"1e986d2c\"","dc1_auth_key":"\"998d3df25317737831b7b9b5fb4c3b1e9276431d2cec0200c76948a2bc65c9106fc45b801f619d5178e79b5dad0a1d66316a40335c834195cd68ed2e02da44e7e5eb8609b3780c434a45be77525cd8904a8711f32dbd172f4114cc23fd2386fe754392c198ab49a8701487c90a9ef5525841b8ab46b0e2b8c27f6266e29d5ac4e56bd354d5c9a0be595a451335b0fa92f6fd895c1b0d7f4a744e8b350484979c86921df384fc7c0658a4dc0be553f7ebfc42f433a0728f3a2d370d73862bff71e9d807868fc04aa3477082ae5a889a1a0090c2724c42fa4363acf71e794468c837c426a6cd219bafb8c1108a5d2ed3db027ef09a321ac76edb0b716941f23894\"","server_time_offset":"0","dc5_auth_key":"\"1f8e90930fa08d24a7771aa7d91a37f1b74e0d30063aef8fa61a54a44eeb39de4fdc5986cc39e2a742697896a3b68dbf02c365b4b941b837bb92549204d26ee4c8c3a1376b8f17a68758919b3287f0b0dedbc673c191c8e28740306e1c1a7a0b606ee97f503a58ee4d509a1edecb7b29dc946de5a3c66e273c9363921f61a72505ee3c33f3f9f6f924f349d9ea847ec651d35a4e2ac19821dd751106921da2e0604d4aabd247ebcd193c02e5b88fa86907822aa7b6a0de4659dc433f05a2022b5af9aeb82d164361b63dc8a0e5a9ab631ba720d74063680482d868117570285885ebbe40d8ce87c52d8a4fc5fb1d7018c0cbeeac89e4fecb59ebe4e3a2f8ffda\"","tt-global-state":""}
VM37:1 —————-
undefined
