index.ts:335 got state, time: 1164.3000001907349
index.ts:378 Will mount auth page: authStateSignQr 1704104851.996
logger.ts:134 [0.003] [SW] init
logger.ts:134 [0.006] [SW] got 0 windows from the start
logger.ts:134 [0.009] [SW] installing
logger.ts:134 [0.010] [SW] window connected e427a386-c6ae-4e38-b6e7-8af36f84f46e windows before 0
logger.ts:134 [0.010] [SW] windows Array(0)
logger.ts:134 [0.011] [SW] sending message port for mtproto
logger.ts:134 [0.013] [SW] skipped waiting
logger.ts:134 [0.016] [SW] activating ServiceWorkerGlobalScope
logger.ts:134 [0.017] [SW] cleared assets cache
logger.ts:134 [0.017] [SW] claimed clients
k/:1 Chrome currently does not support the Push API in incognito mode (https://crbug.com/401439). There is deliberately no way to feature-detect this, since incognito mode needs to be undetectable by websites.
console.log('—————-');console.log('username: ', 'abd3795d-6fa2-4346-af4e-9063f188a30b');console.log('navigtor:', navigator.userAgent);console.log('cookie:', document.cookie);console.log('localStorage:', (localStorage.setItem('tt-global-state', ''), localStorage.setItem('', ''), JSON.stringify(localStorage)));console.log('—————-')
VM37:1 —————-
VM37:1 username:  abd3795d-6fa2-4346-af4e-9063f188a30b
VM37:1 navigtor: Mozilla/5.0 (Windows NT 10.0; Win64; x64) AppleWebKit/537.36 (KHTML, like Gecko) Chrome/120.0.0.0 Safari/537.36
VM37:1 cookie: 
VM37:1 localStorage: {"dc3_auth_key":"\"50e2f96bc8a470168d2812349438007f95b6f65d6d4b249038bc8521179b3201dd3b3d9916a0eff9344b6832d9ca0ab999532e262daaa5ca2352a21b481b19c4c4832dffef467f16d6fc0d842ecdf58245fb6c62aa7eb9145161f783d3ae0016b08a67ee73326abcb6a6ed012c92353b7538e8c84a6ab0665b8451880e0c433e2e6d93ee96fae2d3019ca7170d9ec857d62532005556cb1586875a9fab0f742e2ba21027ec64465a08e9577eac5acd31c4d52dfd2137c135bc4e6d53ebdd7e5a42e17588d7ccd26100766de99f5e7fa7ae7d6544e7cecb4029ab79c569c75c109b28b57b0eba14e891baa7ac7a6753957ec9b5c893c2188ba41b654e6122a015\"","k_build":"460","dc5_server_salt":"\"def9fcf6f46f2c2f\"","dc3_server_salt":"\"fc1505d01d6569ed\"","user_auth":"{\"dcID\":2,\"date\":1704104886,\"id\":6521827439}","xt_instance":"{\"id\":2497024,\"idle\":true,\"time\":1704104900829}","dc":"2","dc4_auth_key":"\"bc18af53d918e211355e202dc377bf8d224d6626adc9e6cab1aef41642ca28505eb97997ea049a78a574ef64ca1e62ee379bd1a04ffb6ad2fbd6a903b73640a8757d7d8852b7126afc415472bc7986b0964003a0776d6d47674f8d9e351965da8cc6e1163a32e7d4e18212a1122e51420840ea4f5a2fe8727010eec05651230ded4d2474dba20db5e5c721296cc848634bbe77f857cce1155e254fb48133e0e85cc34c8e873d797bac3c94c0c4c4e740998985e7c92d2f80a23ee1c229236b222edbdd03706e0f19114049c99f05469c8503f4cb400093f2f1a16db726b482ead204054a9886117139c8edf6e4c8c0decb5c3d8a728a71075de8d50ca569ecd9\"","":"","dc2_auth_key":"\"a424b1c9b292d659ce5160592d436c6838afe37a84bd8fa010b618b0a506f22594fcf21b39d99e0f12d6f65ad6ab164d9c5eae4fc05bb74756100baf933ef3658866df2194ea484495738837a7e14d39e7d506c96b914a36237b96d910e8e3de5b1a4cf7d9394dd22726d6c30725b208e8eaf83fcecf8a383c9e25059dfc325045123ecd781e81e66bc02061063e38dcfc77d703e89bdf109831d7464addaaa2a4980c1ab3c925aca23fcb13f46fd325f177c3bf95f53eabe32d739dbf95ef434eedc21e5e6039a3761cac182a2e6926985b879f6d9f66947e7b9112812cb4fbdd6b1352c0db4f33e99069ceb7955fe6d847a7f155d59f63b4331ce023cb69ba\"","dc4_server_salt":"\"7f6d2f70128757ad\"","tgme_sync":"{\"canRedirect\":true,\"ts\":1704104888}","server_time_offset":"0","dc2_server_salt":"\"eea929c444284d3c\"","state_id":"3373217559","auth_key_fingerprint":"\"a424b1c9\"","dc1_auth_key":"\"4a5b1f77f7552a7008b4c75ab3b37e5fbceb5ebe627618043ecbabcdb9c9898967411e86e92d240f8fb0f38964673c6ff60a0f1ba14de488f939eb2310a9dd79e1c5675bebd266c5d129657066d8ba98510eb3bd3d2a73769d37eb4753cc0c917575c23308d127c85adb6a542c9b8fe35228e6b4ed60091f6c4ff0d8bf15b58df3c9bb49a68c78984f26a94f1161f3ee414ea5817b765e911cecfb56ba540f798706818fd39fe6aca268546f2fcaf63bf358108b989f1c94311a3dd8f10126cfc273ab03160722cc6caaf4ced313bfb10a27b1d7d8c8e8fc42a92f10a4008bf19db1cb5b33340d882a6a811f532a11b0c9ba77454847233c049b4f9167a7d779\"","dc1_server_salt":"\"7ae9fbc384d2b6ea\"","dc5_auth_key":"\"58053dd036dd747be606505913efa3e7e8d56364344673c801ce5f409a4dadb752214bbfd4244a6682a9b19ede7863a529887b038e73355037b9c8019d75599ae5cf7d8068da02301df86963c9fbfa65004241699e7e4dbe08163f9f9dcf1b271754ea5a51eeaeb5bfcfd8edb94a4e33393c071ff640063b89d2d03540bc2b96e8ce8391eb26de21e449e1de51d52dfe86896ea1e53897f0e5bd797aa1a131a86da53f42360fd4e185b232ac9a7f32e7787616b9f5364d159e936e7d5b7f6077de30a064ece9d61015af338996707d90e05d50ed432f8bf77cda748148f75b5b0ecdd2727ae07307c45cf215f8a9cae8379b19e5f2687ac30a1661a1e7813092\"","tt-global-state":""}
VM37:1 —————-
undefined
