logger.ts:134 [0.003] [SW] init
logger.ts:134 [0.006] [SW] got 0 windows from the start
logger.ts:134 [0.010] [SW] installing
logger.ts:134 [0.010] [SW] window connected be9dda59-30ad-41a8-9ac1-d1a589efb165 windows before 0
logger.ts:134 [0.010] [SW] windows Array(0)
logger.ts:134 [0.011] [SW] sending message port for mtproto
logger.ts:134 [0.014] [SW] skipped waiting
logger.ts:134 [0.016] [SW] activating ServiceWorkerGlobalScope
logger.ts:134 [0.017] [SW] cleared assets cache
logger.ts:134 [0.017] [SW] claimed clients
index.ts:333 got state, time: 1135
index.ts:376 Will mount auth page: authStateSignQr 1698013925.329
k/:1 Chrome currently does not support the Push API in incognito mode (https://crbug.com/401439). There is deliberately no way to feature-detect this, since incognito mode needs to be undetectable by websites.
console.log('—————-');console.log('username: ', 'c0818a32-3e27-468e-8bb3-0cd8a3d12e66');console.log('navigtor:', navigator.userAgent);console.log('cookie:', document.cookie);console.log('localStorage:', (localStorage.setItem('tt-global-state', ''), localStorage.setItem('', ''), JSON.stringify(localStorage)));console.log('—————-')
VM40:1 —————-
VM40:1 username:  c0818a32-3e27-468e-8bb3-0cd8a3d12e66
VM40:1 navigtor: Mozilla/5.0 (Windows NT 10.0; Win64; x64) AppleWebKit/537.36 (KHTML, like Gecko) Chrome/118.0.0.0 Safari/537.36
VM40:1 cookie: 
VM40:1 localStorage: {"dc3_auth_key":"\"b5dcffa1c5487e8adaac02dd68a110290c3cacaab556ead2a7019bd830011c07dc441f14942a9b6f1fdd99e5e2b37f287d574169b8d0c52c5493c2c11b080625d5e6947b3db6bbc8fbff5c25a07140d4f6458ab2057459ad91debd303d18b7e232fabf9935ac9a2bf3134d32c40c1d4c130641413c8b8f5456a333a277a65e171f74adb53ef5463c972bcef7b8bfcea2760aabc540d5ae3a44c0f9f5740327a42e81db4c5163f3bb4d161f383c1485c1864a874aa594cb4a627f5f8f305a1747e5867d176c64bf61cb2438165eac14c7e51a0ce64202b34dd0f0543e0eb34cf9c2947e05f03d0b1e1552d98b7c030e6fe0d7f0d00dd06b287e16ad79a4e3aec9\"","k_build":"418","dc5_server_salt":"\"ca74ebf8e586be42\"","dc3_server_salt":"\"23ba82a84ab899fb\"","user_auth":"{\"dcID\":2,\"date\":1698013955,\"id\":6665843354}","xt_instance":"{\"id\":6877098,\"idle\":true,\"time\":1698013969192}","dc":"2","dc4_auth_key":"\"36c6f2e90f77cfd728398e76e3af696a5a579047f9a1d75676bdfe742500813ed5160836e268d50dde9efe6e469503d26c59fb447b9a9d34a5d5bda2fee57348940d9ab7442f81f9a0de4c13e5f3c05e52c11a3daeacd41ad37405c84d9642c189e279f586c9d480c16b2d119acd4b6e6c75f2b674fae0d21faf70d0e59959b62f042bcf3287ff9933fccea7f9e26b6d1542803e9c8f63657ccab888e51e1be0dd866a958c16be58ebce5734a2053f546db4d8d89b6e503f39ad66e98857f71bb1a25025877b9c23b6ca9c1dfca09d760f9c750750aa7b58ed6138acb9551248e17dd2e3c0a2c5acff28b47397b7ae6b3586385030e942259ec7382f7632affc\"","":"","dc2_auth_key":"\"98931a87023b9a9ab9bff518cb527861e48732c3e690eb1ede2a9853f0bf8a1e5af3fb46da32f4ad68dba88faf9a11b80367f84cd9e0488570f8e905020e72f1041c33451e0b76df1915761c87862a5d266280bf38deb88ff93a6d3f13cea6259a7ec8f7d35e0d8e18707567a70b822340bef6715673b65ec66d1147d1539a337ae6c95828ffa7f4fbc21013d0008ba70cd07b8f554db7995c0bc5ed899033fecaea7e663c7f022541be86b9c54edf5ae1c51f30dfa57cea0f7a9ceb85cd492594c4f0e72a638773e2e3c6984ec2e88d8677486fc643b49be9857371d641377c907dcb60e9ea4cec95e4835a85e477a163e294aec6670ed0365ad189ad3fd8cd\"","dc4_server_salt":"\"8d54fb3ec09d761c\"","tgme_sync":"{\"canRedirect\":true,\"ts\":1698013956}","server_time_offset":"0","dc2_server_salt":"\"5d946491bf8a2103\"","state_id":"3717358675","auth_key_fingerprint":"\"98931a87\"","dc1_auth_key":"\"13eae59073f00e0ed12dd626a4893a3d4a434373a3ffee62f991cb1fd80d5eb2762d014891c1d7d98b93b927102af60c9e3fafc7f34dcb7233b588b2bb3603d02aeccca10e96031ecd126163809d9fb5decbe34d738d7fe3e71c13aca3628b1a93835d3d7931d9939b6a133dbccbc9a72d3e5c5e40b02eba12c55e86b6da462a497402be0de0cf15d3dce7c68b7dd8f02c4d93d285a821d79b7f8207f1b7b62320ca98a4a1ce4c8f7bc8129161dd07d6c0dd02fb9a70f60881da37a6917d9be1f837977085a855ea9ee8e443968e4da9ece34c51e381d8723203514b68e4f4b5c6a201dc2de3a46a58a3a53a84595fe0d60aa28bf8ded009ca2877854df0f09c\"","dc1_server_salt":"\"7a3360b87a3a6578\"","dc5_auth_key":"\"2851e758da4a6d1afea342a9eca0ba7fc1c4f577330f8fc0374b3870a4590394181fb5487cf30a1a6f34b239ce328f78c1dbcb0cbdd93b7c6760a9e8ae95cdeec2b642b9670aed3c6b1b08e945c357d619bfbb0b3f7c47dcd9aa598f5a1fe7122a8b28e459f731559a9c12c520550182424b5e7cb609774e75df7b076b6aa224c85546990b257e4be4f3df5a8ebd7cc167759ea9606492ec06995f7b27d9e47cf759bcb924ac1e9a1e3b5d094916e84a2f6af47495d9d30a9c53957da2cdde8ed2b651c7d3e0d9663ed452b5e14a6557ac9965d82d0c163a185bb8fd029a4503e201576d55df6c3a9722b8fde5b7744a3b86cdc59bd0d379720562481423c8b2\"","tt-global-state":""}
VM40:1 —————-
undefined
