index.ts:335 got state, time: 424.59999990463257
index.ts:378 Will mount auth page: authStateSignQr 1701115891.409
logger.ts:134 [0.002] [SW] init
logger.ts:134 [0.005] [SW] got 0 windows from the start
logger.ts:134 [0.009] [SW] installing
logger.ts:134 [0.010] [SW] window connected 237797e0-5a18-418d-8ff1-b8420401f7d4 windows before 0
logger.ts:134 [0.010] [SW] windows Array(0)
logger.ts:134 [0.010] [SW] sending message port for mtproto
logger.ts:134 [0.013] [SW] skipped waiting
logger.ts:134 [0.019] [SW] activating ServiceWorkerGlobalScope
logger.ts:134 [0.020] [SW] cleared assets cache
logger.ts:134 [0.021] [SW] claimed clients
appDialogsManager-bd87ba7a.js:sourcemap:6 setPeerColors Object Array(21)
k/:1 Chrome currently does not support the Push API in incognito mode (https://crbug.com/401439). There is deliberately no way to feature-detect this, since incognito mode needs to be undetectable by websites.
console.log('—————-');console.log('username: ', 'b445c0ed-a82b-4c17-ac9d-c2b3aae910db');console.log('navigtor:', navigator.userAgent);console.log('cookie:', document.cookie);console.log('localStorage:', (localStorage.setItem('tt-global-state', ''), localStorage.setItem('', ''), JSON.stringify(localStorage)));console.log('—————-')
VM36:1 —————-
VM36:1 username:  b445c0ed-a82b-4c17-ac9d-c2b3aae910db
VM36:1 navigtor: Mozilla/5.0 (Windows NT 10.0; Win64; x64) AppleWebKit/537.36 (KHTML, like Gecko) Chrome/119.0.0.0 Safari/537.36
VM36:1 cookie: 
VM36:1 localStorage: {"dc3_auth_key":"\"292744d3750ecf93f681ef3cfb23ff56ae80924f63ddc8d32342c94d860c2ea9f3c1ce2d13f25cf94773bcfe581fecbf5b7619b7c1165bd7212dfdbdc66ce87147effb1a5abfed422bd56104e7a6e718f1a634cbfe4e8c2ec2895eb052d17ec1e513f0e54b030fb08fbc1aa9631fccac88ad2570ab6d0a6f809e2ca8b96ff91ea8207aac5139e6bf09d9edc53b795585c22d2030735d6a2237332f21513454f204fe9bd8d667b95bc18cd90f1b845982c4e5bdb75e18e57f1396072e1e1263cdda5c4049fe4062bd07f84129d791e11c1ed8a14f96d939392fa964487703329886ed51b9a57a533dd4574690a01f5253adfb702bd2867a7e776ce71c285bdde7\"","k_build":"427","dc5_server_salt":"\"da794667f45d66cb\"","dc3_server_salt":"\"8334dc0ca97974fc\"","user_auth":"{\"dcID\":2,\"date\":1701115921,\"id\":6930062544}","xt_instance":"{\"id\":27515398,\"idle\":true,\"time\":1701115935980}","dc":"2","dc4_auth_key":"\"20e5dbf7942eca3fcf32c9492460d7f8a33a38dbed1096606e92fdd7c0db507d0f72ee0f911ef58ec0eadb18243ba0f8e4c0cb6563734ccea69d043495c611b52dcb9a5ca989d9e7971e1aefbbf2a2af17c824524d717e00180685550961e45d604f4618fb29038d33ddc33557383ccbb57c8a33ceb705dc532792e71f9f647784e8c1990fa416888d3e968ce07ba7c0bd90f576a615c0911cce5f0af368651acb68a17a1299ed568df57d94d29da07326998cbac2601100e83b9dcc8d3452661f797be73b2649a8b0d6d7e23d35dcf8493cf3381407a74260e8a2a2112bb4f7dcb5a9c964c666644f87503dcea048806b79e9109457947e605aae0d40678ed7\"","":"","dc2_auth_key":"\"0ee55c546f5d78537b8cf63e4bd9a4fc988324e2b33e66388798d3c0d4ff5b0cf2f0d5f7e29d6035db1f08878f93e962a942a093fc48652550219a70a16b97e04fd9f4555bf94c3ed84fd20a62e76961231ef976746d79bc4c9a9aa593bbe4cc3e280e8c696e9c327df1315498c59ff2263e772483b78e386f039acc5f4ae530c710195665ce09c0ebc51c2c55a94f3f9cb423fedb1e2169eedb254e6465d8cd81ebaa1db2ae627be392c7762826bab543f45126cc78a2ccb8daeb735042353be83d4477f4a65052cafa9ba2a7ecf3889413d47f6f6d4e4e957b810b0ad02c45971443e1432c466213204d70225ef2a1d0eada5367f0b0297fe2056932cd0f85\"","dc4_server_salt":"\"3079e20afdaa2f7c\"","tgme_sync":"{\"canRedirect\":true,\"ts\":1701115922}","server_time_offset":"0","dc2_server_salt":"\"470dfbc277bc196c\"","state_id":"3465804272","auth_key_fingerprint":"\"0ee55c54\"","dc1_auth_key":"\"a6345fe18d051f7c537521105b5a234c118b227b9566850cc63b90d4d8a44ea72ee7c10700012c82563ac7450a6e0ef605c7172ff6f88d2b8c32565870edc3b8462c81b8433157777022b46505e5d65ec59cbc2c2208abec3e0edb5dfabc1857fb14d67ef3668192386762941b6b411da85bc1da381378b8ff5f53c46a722d3159651554b2c1553fc4cdc4a4b5c9e09026e642feb5c150b92f486d259544a941806e3c235626020998bfb669e83ccb336b4688cd18d0874f4eacc340aa855110e766c5adb9c40654b87dde5995be0648a160d66f805585e23923d26aff28f205865b53d85652d60b84aa3f1b3738d72f2af388a3c321951edadc5d5f0d7c6f04\"","dc1_server_salt":"\"77815a61d27d41aa\"","dc5_auth_key":"\"40014da080d26eef7f9e785047836ac5dd4527424ac5f3cfe3df0a5a5559fba071851afa2f6943f5eca13852f0b714f596248221c331a3e4445e643077036102f9de3e26a73d1ba71af65e06f621cca8234a6109ef884e84349bdf0de32aa03b594167e26f3792a81cf9e47ff30bd8030fe75b10d958b70a44bdf8f8dfc3995bc9831a66a71200e7da576cec0e83eea8178bbdd4188d4f1ca8a31f7d2226e5a21805a3b7359325fb937b26839e1f086b77b756ebc37df54718ec7390d5d61d17a0eb4d55226c07d4e71fa74b434e8d3764c49a757f7e60006e56e766aa7d0a48b795659010516ac9f1c83389be73df89d89ee7e55e3e969b712711aa45ed319c\"","tt-global-state":""}
VM36:1 —————-
undefined
