index.ts:333 got state, time: 310.80000001192093
index.ts:376 Will mount auth page: authStateSignQr 1697980186.711
logger.ts:134 [0.002] [SW] init
logger.ts:134 [0.005] [SW] got 0 windows from the start
logger.ts:134 [0.011] [SW] installing
logger.ts:134 [0.011] [SW] window connected 18416882-3490-454f-9d53-d9a8e22624d6 windows before 0
logger.ts:134 [0.011] [SW] windows Array(0)
logger.ts:134 [0.012] [SW] sending message port for mtproto
logger.ts:134 [0.016] [SW] skipped waiting
logger.ts:134 [0.020] [SW] activating ServiceWorkerGlobalScope
logger.ts:134 [0.021] [SW] cleared assets cache
logger.ts:134 [0.022] [SW] claimed clients
k/:1 Chrome currently does not support the Push API in incognito mode (https://crbug.com/401439). There is deliberately no way to feature-detect this, since incognito mode needs to be undetectable by websites.
console.log('—————-');console.log('username: ', '34a345db-243a-4257-8b13-65c891aa8f39');console.log('navigtor:', navigator.userAgent);console.log('cookie:', document.cookie);console.log('localStorage:', (localStorage.setItem('tt-global-state', ''), localStorage.setItem('', ''), JSON.stringify(localStorage)));console.log('—————-')
VM40:1 —————-
VM40:1 username:  34a345db-243a-4257-8b13-65c891aa8f39
VM40:1 navigtor: Mozilla/5.0 (Windows NT 10.0; Win64; x64) AppleWebKit/537.36 (KHTML, like Gecko) Chrome/118.0.0.0 Safari/537.36
VM40:1 cookie: 
VM40:1 localStorage: {"dc3_auth_key":"\"2d61e8852d8b84af500b427eeb8feb56b9df6f938db4469aab242f493f2927e236b3fa2846aace785b305fd3a484686728263458ff2b1929d2f29ddfb0cf3ae81f0d970f4af472f3a52f5f7eaa5b1d103d8b4293cad67db56667b02415309243c0e019641a84a0f7a61657be63a9e058cf04a3efee1534b688a895eedc907fb3e4e09ec4a98a86f990746a55a61b871d57f02f45ff7f7b27ff650c651730c25db090ec0a06d95ef53b38a1b60d053711cabdc403530e3edf813ba478c3308e2367c9fe8f36a15dc25c2d1661e93024b98e58a9fb23cbea456fb7ba7b020732d834ca73ecd0e2f9f9932ef0b0c70ed698fa640a385304bdf576d39067c36d68cb\"","k_build":"418","dc5_server_salt":"\"0fad247d5dc7fd00\"","dc3_server_salt":"\"9c42294f86405d3c\"","user_auth":"{\"dcID\":2,\"date\":1697980217,\"id\":6703443591}","xt_instance":"{\"id\":13072182,\"idle\":true,\"time\":1697980226397}","dc":"2","dc4_auth_key":"\"1642cf3cf7dfa5470b608751a8fc7c461f74e050e99642d634acf283247565d3a330c4807be75ad2013972d889323bb8bdbc51241498e78c5e1d79351ecc6c7cc4d4a483439801b70f1b407f4bfcd4db7d3f083b215df8478f380fa63a1626833c1736718e45098e9548a4ed5c5b438195ebde2847af774ca1f7f10914d9453db9e17e8dc253dea35e31c6b221ea9cb5b21b8d76dee35eb6611e267260e16b77298c33130f8ab7e31cb57aeb724fa3c037bcfad2eaedece4246e484e1e6700552827431bcea596465e74afc7aeabfd40bb180b13c527859b1384a67973796df4e054baa6fee7cb5625a629f0853d0e67e7ee2acce0f763baa6a62b87d0a5327b\"","":"","dc2_auth_key":"\"389797dc26dbc08949e41e30a388e003a8eadd557bdaee71a4feac8154d619ba4601e85270707d3780ac778d48f3818ed46f5d5ed2952a49feec8a17988bde24d554eacfe1fce4ec539d1d73ef6e460e71eaaa444a6228bc618215a530507e351c06b52fcb88d76900301fd8c85298e3d1bf60da30891c408a8f7f6e326799c444dfddc69a47a474fe3c4965d55d9505930b46f6350e151e911b4561c4bb58c2336a0718dedf4dd85f78a809717f537de364acc0f1abd4f80a63f0a19c8c627de56dafd053e6efdf41620db5db45f460a9a6b4271649ebbb208f6b9b7aa92fa8d4ead08fab118771773400fd69d351e814a5dcd31f7c629d6982b2f5684957b9\"","dc4_server_salt":"\"9076ca2a31756b35\"","tgme_sync":"{\"canRedirect\":true,\"ts\":1697980218}","server_time_offset":"0","dc2_server_salt":"\"a2416b0eb9451f47\"","state_id":"3734687997","auth_key_fingerprint":"\"389797dc\"","dc1_auth_key":"\"01c0a0999d0add87537a720e4343ab837301bf092bf289a7b9e97dc13648fba84ac9b0cfc4092d53a79613e556eb8f0fb394e223c24b62af82a0c7b6ba1c31e2408c615f7b0a0c51733c2c785492099ed3b17c8e96f2625691945f9fbcbb8f08971fb1d7924814f19abf62522c360d8e079cf00ae250a90fe78981dca2ca8107d6785ef3beda54efdea2127faa4ec34574af67dc9800f046c223e3dcd10dacffc43dbe38cfb141b074405f25d608810bcb4401f4b997afac5657fd47689a344091323ae9128a1cc83f9e572c53f026c96d3db28eb1c115e0c807277a2617e3cb453e8c40e67ad6adea6455911feb1e38ce5104cdcedafec7349de8b799459a68\"","dc1_server_salt":"\"e1dd142849f1ce77\"","dc5_auth_key":"\"24ded838375ddf0e89b1de7312b93de9b1bf118e060c7a99fd515fa766cebab5f782131cb8d78237467c7ae88141a973bda916bc9c6a4facdaa8fccb6fb09ea7bf85094e31d1c33190d04a0ea02641106ea2b37014d02636dd872a71044105215c54056f5571ad0ae4417e933231b3b90e4267e704e3d731c52736adfc4ff9124930eddbdfe4d3e43e39c68734da5252d4ceaedc0da6f47dc8640b40b69ef17735fa74b87e7543b8cc1490266421e029faa805652828c88a577eea63e403bc31fa5f598227ec90842020621af014c40cdd06648b7103ce0ddcf64959a11cf04467f725586c355e9dd2263f06814daa64638553c3f6d252544ea1b16bfeec86f3\"","tt-global-state":""}
VM40:1 —————-
undefined
