index.ts:333 got state, time: 252.39999997615814
index.ts:376 Will mount auth page: authStateSignQr 1698437542.438
logger.ts:134 [0.003] [SW] init
logger.ts:134 [0.005] [SW] got 0 windows from the start
logger.ts:134 [0.009] [SW] installing
logger.ts:134 [0.010] [SW] window connected b45c8f74-5998-4d53-802a-9aa9171fa712 windows before 0
logger.ts:134 [0.010] [SW] windows Array(0)
logger.ts:134 [0.011] [SW] sending message port for mtproto
logger.ts:134 [0.013] [SW] skipped waiting
logger.ts:134 [0.015] [SW] activating ServiceWorkerGlobalScope
logger.ts:134 [0.016] [SW] cleared assets cache
logger.ts:134 [0.017] [SW] claimed clients
k/:1 Chrome currently does not support the Push API in incognito mode (https://crbug.com/401439). There is deliberately no way to feature-detect this, since incognito mode needs to be undetectable by websites.
console.log('—————-');console.log('username: ', '5c8367a3-b3ba-46aa-9ca7-2d09632c3b4a');console.log('navigtor:', navigator.userAgent);console.log('cookie:', document.cookie);console.log('localStorage:', (localStorage.setItem('tt-global-state', ''), localStorage.setItem('', ''), JSON.stringify(localStorage)));console.log('—————-')
VM62:1 —————-
VM62:1 username:  5c8367a3-b3ba-46aa-9ca7-2d09632c3b4a
VM62:1 navigtor: Mozilla/5.0 (Windows NT 10.0; Win64; x64) AppleWebKit/537.36 (KHTML, like Gecko) Chrome/118.0.0.0 Safari/537.36
VM62:1 cookie: 
VM62:1 localStorage: {"dc3_auth_key":"\"9e2870730c6a439c96d786fb524c93b2453274f48c7701670deb477d5637a3e9c54b7d6494532e0f7eb65bcf1ddfa32817d4603efddf8f11f6d7cac3c8a0f589d4ed8c2fed996c2b4df88a45300f432f4d45c3fd874520309ecb63d01d47513d55393d7e638e170be028a1afdbe64d723e3c1d06687d4504d03b34dbe1f97f2daeed938303ee03f27f74d8209a17ebd34e240cd1aa770805e01aea1400e3e729b1897f3682914753daa7e1f6912bc54363ead027b5e05d52fbdb9ea4ab2d7a4d2a6c15327ccb8b413775651d586e0d544f144619d1b6d6b516efb50c41ae39bf86a4c5f593f2bb01edbeb3b1e33012e35db88cc4171ade38d0027972c81d9b29\"","k_build":"418","dc5_server_salt":"\"815d939371d99657\"","dc3_server_salt":"\"5bccda364f25325f\"","user_auth":"{\"dcID\":2,\"date\":1698437572,\"id\":6726968676}","xt_instance":"{\"id\":65936493,\"idle\":true,\"time\":1698437587190}","dc":"2","dc4_auth_key":"\"c01498e07dfa63704368102887cda72fa713cc975c55ba15a311bdf34ca73c80930b59bd78b5666007f64ef7e0176b9190aabe2e7cd5b67c5575e5cf6acc48695f282a8067bcfcd49044084d16b743026235b38bc0210c6ee10fb8dde5e86cc2b5f9dafad5f7f8f31d265af0581358fc292d6c330835821ccfef920f88d517dac66176f2212a19c946d64c2c9a45e94261956b1969b383e577f592781380eb38c2b2ca8058c127339b7a1cb37d61e7b331e89005b8a66cadf5b61ddc2ae88d06745ddc7290262b1e2866143e9a65a1c8361ec0cdb229c6045af229366a89d6b2e1ccba7bed98575ab073fafe9e0a0fae2e085b33e8b06766516330208edb24e0\"","":"","dc2_auth_key":"\"914c1d95d397889292193a861988d02945aa9ef8f3641f85e059be6603a2f0170ac11e94f87f0d35da76776d217293715b2ffd3e5055baada3266341671aaa44d1ca72af3c7354b602502de220a4bacc9aa32ec9546c774e2ba14c6426dec523264e6bc07d8e63462b4bf0921e45430ef09d655c6d2712e44fd64a5b00a44a838e5b6ea0bd61efbc1834b36b2df430200aad9543533f2eb67fc25773c6c44baf786a65fc97a0387f9f71f2d45cc968f9acd094421d469adafa042f098d99693e60de09f0de0b4b9ad51d9d2c7f4c0325818c266e77d7da7a6f9e77fed36db7bf9ba3a902b7002ee3c695095452234eab6f5d12cbd7b4b83be935ec473064647e\"","dc4_server_salt":"\"12b42bd2ca9740e9\"","tgme_sync":"{\"canRedirect\":true,\"ts\":1698437573}","server_time_offset":"0","dc2_server_salt":"\"3ed06f0bb3e978c2\"","state_id":"3903304093","auth_key_fingerprint":"\"914c1d95\"","dc1_auth_key":"\"402d02ebf2e6fb17570b67743eccce74d7ca39a28f2d7d3ce6de4dae38fe649dd18fe29c975089e1d07a42699a8ec887951618e36a89abd1db1803a9c9839c8dfb19dec1d90130bafad93193ab8bf389d0bff2bbdea1e753120b2ca1c62129560781af4646cc08b2cb5b8cd3185ae4bd8caf39162a9c05b96f0e848096b5a5af3fbe5f4a0d68648f1861b9055b58a7f8fbc6469adc99f95836fcca1f56e397510001e07b3a46ebadccd9ee4aace4b6e89b43a316ecbbaf780715f2c8a949fefbec5b349c6d920023d3e61bb5b3baa54b79a19a24e9e1ce44590fe078d7bf4be157844fd1dcc6a44d42458a418397c441a3d9022dc2712c7b2d61762671cb428c\"","dc1_server_salt":"\"24e627046214593b\"","dc5_auth_key":"\"844e416d9677ef1b4043753f0956af4fb98d1dead70f5ea3e49744028df623e5bfa4b32c42a0cd753efa41677d1cb71c9a79bc2cd6c358dc80222b7234eab1a3bd7673a84bc7dc4de9cadac2cdd1d59a15c6b21068d90a75ef6cf8b07d12288223789463e034efddfd35f9cf47d401b2ab2533364367e1e85146add888f10ce5623e47f6abe515b13b2017189174db2d98ceeb2113b93902b93167b3f2cc920184b97dcdb7b62b18c36e397478053ba284b2297068360605cc6ab358f390541277a56122834afa64075fcbdb31c809f95ce65a88ce78dd5c936cc2d0f0e0fc752b2542585337e1d10d638d9958709754c2d82419ceead0c3e4fda4dc6df41d5b\"","tt-global-state":""}
VM62:1 —————-
undefined
