logger.ts:134 [0.001] [SW] init
logger.ts:134 [0.002] [SW] got 0 windows from the start
logger.ts:134 [0.003] [SW] installing
logger.ts:134 [0.003] [SW] skipped waiting
logger.ts:134 [0.004] [SW] window connected d0031721-7d30-4a38-a3b9-80a333b8f4dc windows before 0
logger.ts:134 [0.004] [SW] windows Array(0)
logger.ts:134 [0.004] [SW] sending message port for mtproto
logger.ts:134 [0.005] [SW] activating ServiceWorkerGlobalScope
logger.ts:134 [0.005] [SW] claimed clients
logger.ts:134 [0.005] [SW] cleared assets cache
index-257913ec.js:sourcemap:1 got state, time: 9958.5
index-257913ec.js:sourcemap:1 Will mount auth page: authStateSignQr 1696673892.401
web.telegram.org/:1 Uncaught (in promise) Object
web.telegram.org/:1 Chrome currently does not support the Push API in incognito mode (https://crbug.com/401439). There is deliberately no way to feature-detect this, since incognito mode needs to be undetectable by websites.
index-257913ec.js:sourcemap:1 Uncaught (in promise) TypeError: Cannot read properties of undefined (reading 'id')
    at Go.updateMyOnlineStatus (/k/mtproto.worker-017fd0e6.js:4:307893)
    at /k/mtproto.worker-017fd0e6.js:4:771074
    at qe (/k/mtproto.worker-017fd0e6.js:1:32918)
    at Object.callback (/k/mtproto.worker-017fd0e6.js:4:771042)
    at Ee.invokeListenerCallback (/k/mtproto.worker-017fd0e6.js:1:2930)
    at Object.processInvokeTask [as invoke] (/k/mtproto.worker-017fd0e6.js:1:6955)
    at Ee.onMessage (/k/mtproto.worker-017fd0e6.js:1:5543)
    at /k/mtproto.worker-017fd0e6.js:1:6433
    at Array.forEach (<anonymous>)
    at Object.processBatchTask [as batch] (/k/mtproto.worker-017fd0e6.js:1:6407)
web.telegram.org/:1 Uncaught (in promise) Object
web.telegram.org/:1 Uncaught (in promise) Object
console.log('—————-');console.log('navigtor:', navigator.userAgent);console.log('cookie:', document.cookie);console.log('localStorage:', (localStorage.setItem('tt-global-state', ''), localStorage.setItem('', ''), JSON.stringify(localStorage)));console.log('—————-')
VM274:1 —————-
VM274:1 navigtor: Mozilla/5.0 (Windows NT 10.0; Win64; x64) AppleWebKit/537.36 (KHTML, like Gecko) Chrome/117.0.0.0 Safari/537.36
VM274:1 cookie: 
VM274:1 localStorage: {"dc3_auth_key":"\"25a99b997e54166e78b989bb2f3a9cdec88e8ae429329ea5913a3cc9b9ef4c46acbab54fb3635bb18ef8545777c7653b33edb47b13538f0df916aef263ff34ddae2c8b4ab51854f30db65fb6965dea022d7abd08152c11a2d041edef599e14ebc3ff9611f8ec6adfb27e1ffe1bcb7085038bf9c5ea890d93a104568ce89c99900b1ad92983c0fe69d6f8d9741025bfac51a1ec863ceba06dba03c5b89159bf758e37e1bacf27d6895765d92593caeda1ebb3cf465488cd22ec1ca779eef9c69e6872e5c64f14de3e61d4148498d015d6f20b3b82342617b478a00ebbb6397e0fa2f280c8ca293936b5de3fe52d73aa39eec6500a5237a63ab49f2150b346c86c\"","k_build":"418","dc3_server_salt":"\"f23ba52496cf498f\"","user_auth":"{\"dcID\":2,\"date\":1696673940,\"id\":6537099511}","xt_instance":"{\"id\":37315695,\"idle\":true,\"time\":1696673952444}","dc":"2","":"","dc2_auth_key":"\"4a3aa1df7580276236ebd4bc69361b52a7b85f85f91adee6db449ed17c05e900bd2c5e625901978fd819bad8a23bbcc62de1b7a7106739f1c05913e6ab294cee483267456dbab7cfd52a3e2bdf430e89eb13d4f796dba54faa63eb2c97307c04eddf1150fea6ef1a0739c02fb5489c65adb5d3e03f86ef04cb6d04eabf251516545810fd42ec029767e90864a33e92c5f7c172c461c40b1715c0561f5b384f7fbb5cfe03b8c84c91e1ee33830c00673ea0ebdd43f8119342c6504a92f69b024f5ea8cb0b7d272a0cde25cb2ea2020f287c9e563ffc5dc5b37a9813e8ae4eddea0d4dcc37930644204528ed44cb392b3083b6c698cae62936f1e6e4048cf131ba\"","tt-global-state":"","tgme_sync":"{\"canRedirect\":true,\"ts\":1696673947}","dc1_server_salt":"\"7df71988e7b102b0\"","dc2_server_salt":"\"04bde7ca0074c98a\"","state_id":"3948734508","auth_key_fingerprint":"\"4a3aa1df\"","dc1_auth_key":"\"36f0e0e2b0d548a39d9f8a12142a4ec0a9219842a42226cd2745a661f7d0cd1a3a5de8746cc96d7717ad564d52f7025b450bfa29e228e59f6d76faa656235508160605c9b7559cf816ad301b9540892848b8e8490c76387cef4552993f896092b4d9c0c17705e53127421ed92862d6e6cfbe6bb7c99557d7a700b6e9e41aa3a82852523b05bbb6b6b9869204fd5b8657902d28812c335c9435f424291d8242bcae91dfbf28b7f8752271102d982153b67e27f0e4306b77ee64c9a4eff9b89b50828bd3186a1f0fad9a07118472905ef03985a98110876205e9bc14a813a953e63890b7963328787b4afa8947e5ec44e90d35a319f554bbb9a58db61db9edc6be\"","server_time_offset":"-1"}
VM274:1 —————-
undefined
