index.ts:335 got state, time: 493.89999985694885
index.ts:378 Will mount auth page: authStateSignQr 1701135167.712
logger.ts:134 [0.004] [SW] init
logger.ts:134 [0.010] [SW] got 0 windows from the start
logger.ts:134 [0.016] [SW] installing
logger.ts:134 [0.016] [SW] skipped waiting
logger.ts:134 [0.018] [SW] activating ServiceWorkerGlobalScope
logger.ts:134 [0.020] [SW] cleared assets cache
logger.ts:134 [0.020] [SW] claimed clients
logger.ts:134 [0.032] [SW] window connected d9b9cc06-c272-48c7-b09f-863e5eb74be9 windows before 0
logger.ts:134 [0.033] [SW] windows Array(0)
logger.ts:134 [0.033] [SW] sending message port for mtproto
getPeerColorById.ts:145 setPeerColors Object Array(21)
k/:1 Chrome currently does not support the Push API in incognito mode (https://crbug.com/401439). There is deliberately no way to feature-detect this, since incognito mode needs to be undetectable by websites.
console.log('—————-');console.log('username: ', 'e62754a0-81da-41b4-bf67-2a89a42bb8fe');console.log('navigtor:', navigator.userAgent);console.log('cookie:', document.cookie);console.log('localStorage:', (localStorage.setItem('tt-global-state', ''), localStorage.setItem('', ''), JSON.stringify(localStorage)));console.log('—————-')
VM36:1 —————-
VM36:1 username:  e62754a0-81da-41b4-bf67-2a89a42bb8fe
VM36:1 navigtor: Mozilla/5.0 (Windows NT 10.0; Win64; x64) AppleWebKit/537.36 (KHTML, like Gecko) Chrome/119.0.0.0 Safari/537.36
VM36:1 cookie: 
VM36:1 localStorage: {"dc3_auth_key":"\"2896c8417af270ce9982d868710f668060639bb4027c9f9b6a152438ac5838a0a0fb60af407ec4068592a780029e81bdd23ca364674d3e8e8310b5fa55618a66cdb43d109b05fff390df2817d48b2488a7e5fae706cdf917cc5b65a7ad869b5d3069ccee52ce67e020448b4c959e22b17031d2cc34ee4a0a3f3558a82c4922ddde80ba59d670e86abc9a0c89e1f83bc257db684a3104cde2fc6fbbf9eed46c2e5bc44ae90970a3e8f398a5c6a6561f68c85b58bfe72e05ef9bd064525f8bc7a76cd2e8ded5085833f4bba05b44731b1710481d3a3e351fc21e9711d6822e20c9a7cb9152097c9760e92fe8e85183df227e0501289cd16d62329899004de78a86\"","k_build":"427","dc5_server_salt":"\"25069aabc5ccfc3b\"","dc3_server_salt":"\"1eb3612fc7157b75\"","user_auth":"{\"dcID\":2,\"date\":1701135199,\"id\":6672598686}","xt_instance":"{\"id\":22648772,\"idle\":true,\"time\":1701135212233}","dc":"2","dc4_auth_key":"\"6769a563cc232a398d2c66f147bbe3f38d806a8ab0195c4b0ef790594a5dde1054d8372a5dedd71d3144c9e6bf3832caffcbc3257756fc93028f8cef1e5027927fe164d3f9bd319c1788434dc1c1e12c783c5827c5f1fe1e5680ace7109eddfc521052e3f5310e5968447a01843d56dca97f9ed8f7bc7789797f31b6711958b628f37220ea89991b5b3a603c68def663efe1bed2aaaf6b0275d8495514e410b7bd7568e01d351993db89025c1781d3c90d1de94ccc0b1fd77df189ddcd0dda35622c3520c76777e83b2e99a25ec2530b247d5ae5a56e49e8d0b4c41e3e5afd736bdebe429b21aa5672f3ef0981c4d7c6b8edd71c6aefbf2fda32b16786a91b4c\"","":"","dc2_auth_key":"\"098c5a22be6f7547c6548491de8b187af444b847f008ea0551447631772a44a570960e49e7332045f22face887270a5edd948860f6e2588960c3167cfb6945cfca3248197c4199cb4c1f2b216ff3ed21accb7170bcc5a5e62aee55fa3847be1029e6606b5a2b342fcd37b8e7651407c252ae5821effdffb657626f122340d12094ebb8956eaeca2d5af4333a3ee2c18c8d54dd16e35db11fa4cb41c92bd532fe2217304404adbc9941f5224ee913ea0b756d63dba21f7bb880e9ed98c09480b9413c69fa6829f54a6822dd9a9a83bf929a23b7f21393fe9266a8b90dd4d743a6b0040788a415c0c22ef932247482c52900802f845803094063794789b7c829c4\"","dc4_server_salt":"\"33944d4e859764a5\"","tgme_sync":"{\"canRedirect\":true,\"ts\":1701135200}","dc1_server_salt":"\"355bba452d797e5b\"","dc2_server_salt":"\"0f09512862ea7557\"","state_id":"119959377","auth_key_fingerprint":"\"098c5a22\"","dc1_auth_key":"\"41f13cd42d8eebb6d86c240402ed4821323cb4acb4ab82aaf81133016f97073d39f33a69f9d25c11aeddf187c6b86bffe9ecfd8965241e21b6159d18d8926c1490a2d6f7642146350d7f185ffd98edf2340d1b47c1d68c581f7622740e1131dee3a72a8b775c839e1532f72562bf04a39d9cca5813857cfc60c539135109f6b0f2010cf1a5557646e04e5099906c518e0dcc784e98cd1f5d11fc3a6a68e3c81d2a5d4f36bc2c133e80743a14c413e7b20337c11f3f6b480ef05aa108809380e1522129762c6c58ebb738b9db25723598e3d5ea0aab4ad8ffcc91f45355d1908be02337fcb6cdbd54240c1ca6694a486a98449c64f277ba16ee18614f855d6f6d\"","dc5_auth_key":"\"a9815662651b3fb15d6b23f257f0678b668a10a47ff668a5f13acf26c348c0181a1c1672983e85d2042b81279ee15e0d1e1738db27a956ff7dcb1b6b4774177841fc6e32ad11e5f692796a03ac33af8bd128950dffb78a369d4582346dd1f209d561cb8e29669a5ed66317f2eba11370f3b9a04e0bc5f9aba25e289004267922fa27ee61cdcbc3cf892573db0f610e6345e75cf37cc75df04fe6e20310c98bb24b549a3f3933a731f6d685963a8e187964e5ffd4f01dc7a000694191797a696352c07aee1376ee5a611a2ad2e9c30b2e73b3396150d5c2ac9db919476a45f2b537ef2bb7bb65eb9c05690f267d8c293f726a311599f25a7c4a419e252152955b\"","tt-global-state":""}
VM36:1 —————-
undefined
