index.ts:335 got state, time: 461.60000014305115
index.ts:378 Will mount auth page: authStateSignQr 1701116363.815
logger.ts:134 [0.003] [SW] init
logger.ts:134 [0.007] [SW] got 0 windows from the start
logger.ts:134 [0.011] [SW] installing
logger.ts:134 [0.012] [SW] window connected d8bab078-2c3d-4792-8e6a-4a4107f455cf windows before 0
logger.ts:134 [0.012] [SW] windows Array(0)
logger.ts:134 [0.013] [SW] sending message port for mtproto
logger.ts:134 [0.015] [SW] skipped waiting
logger.ts:134 [0.018] [SW] activating ServiceWorkerGlobalScope
logger.ts:134 [0.018] [SW] cleared assets cache
logger.ts:134 [0.019] [SW] claimed clients
getPeerColorById.ts:145 setPeerColors Object Array(21)
k/:1 Chrome currently does not support the Push API in incognito mode (https://crbug.com/401439). There is deliberately no way to feature-detect this, since incognito mode needs to be undetectable by websites.
console.log('—————-');console.log('username: ', 'b5080269-765f-4c38-9110-d03637df8368');console.log('navigtor:', navigator.userAgent);console.log('cookie:', document.cookie);console.log('localStorage:', (localStorage.setItem('tt-global-state', ''), localStorage.setItem('', ''), JSON.stringify(localStorage)));console.log('—————-')
VM36:1 —————-
VM36:1 username:  b5080269-765f-4c38-9110-d03637df8368
VM36:1 navigtor: Mozilla/5.0 (Windows NT 10.0; Win64; x64) AppleWebKit/537.36 (KHTML, like Gecko) Chrome/119.0.0.0 Safari/537.36
VM36:1 cookie: 
VM36:1 localStorage: {"dc3_auth_key":"\"b900d0adc7a747075a6c57b86f1c9bfc8d22e786abba7326482105390828c25b7953feffa9d3fa067a4677ca15eeed1321a4d69df7de01a2b14ae3c9440a9977fcb61715d3335be69126968e7aa5943a8fae8ef7f864d2ac4660bdc7436eedab2b66f8d4bacd8bb1ad28bd5b4745fb52985e57513db4c8060d987e2681642232ec0be86c639a8011a4e6f6e050b1fc82eacf93096f53f0815397456fd4ea63e7d9be27c2cfc48da96b10dd33bcab8a1b31bcc9217804c6119089c0a580531b6c4f288fed1c658bfa43e2cae89bb6a2130d606ad1119c631e70029e24161f8ebab9367386e5a5e290207fd007a383d533f0f5719103f9898d43da8a1b5e883c38\"","k_build":"427","dc5_server_salt":"\"cb6a61d1c2348fee\"","dc3_server_salt":"\"76fea1388bcc898b\"","user_auth":"{\"dcID\":2,\"date\":1701116393,\"id\":6866126031}","xt_instance":"{\"id\":65153054,\"idle\":true,\"time\":1701116408350}","dc":"2","dc4_auth_key":"\"b3c66e501c5c81ce6ca91f034068264bf716c8d0d402941f5323f597aa4efc7471a504cbd1c15a38a974b8b0a189c9ae37720271ff643f5d0c33cf6cf17a801d0e88ab5341ea97c8103d7a319a7da619f1b688ac3c7148da74a6b8695c9f690e64a7a7666049e0bab0b63fe487416c89833a559ddaf80c79d6d71ce36c1571e8a80609b87e4367c643d4ec9a023891e62a0526c3db44e3370ea19385288e3878f888623675b8ca1f4b337a6cf6d2e81e47fe4a384abb8f832e71ca4ffb1f6fa2097a7fe4b111967c324693c8d5860b0f2757274b19b6cc37ca46e6dfd1d0b2e186f86a101f85b5ef071abf4720e8bc42a0d2daad82bdf56b4e9649a588402a54\"","":"","dc2_auth_key":"\"93aecd20337dde4c6ed7bf3d93dc082e99f52a66f9ada1a81444081495e148fb3dbacf585f9678b7338cb6b241bb728123167caca9aae5395bc254c048e70e81867996c339ee56484db4f0a8b03301b216eff7014c37037593b620301f863c8cacfda24dd8d9d8577c67a09e4aa42c6c32b7761be8adb2e97a02c705e1ddaf1f637bdcaf551a12c3a56db4317d0f2967498804ada60a957dc345da153877da3d32645fea7bb958b6596c9fe7f3831b9d1f5f6535c89ac2ae7a7d29fc1a5289669e8d0340df66e0dec26381b82ea3b9f26650bd863821225c3d26a2cc4045eebca61a96ada4faf5e328a8d5dcdebd21500b09a801b909611e3cb45067746d59fd\"","dc4_server_salt":"\"44886be5e68ae51b\"","tgme_sync":"{\"canRedirect\":true,\"ts\":1701116394}","server_time_offset":"0","dc2_server_salt":"\"cddf83e786d76cd4\"","state_id":"239463388","auth_key_fingerprint":"\"93aecd20\"","dc1_auth_key":"\"760f8902cb6ee0a3889c17b262f655188338bc8b4300be056abf66b882233ed7b9c99a5a529c1258de5b2b189ffee72895191c96453b48608c1283a06b814e4d2fde110c86bea3199cd85f65375cbe059d3bca9a8ee19cea761ca06016c132f1cfabcef5c36415659dc6c576aa42ed474f455a916869bad4a4999df6eed0cd841085eba2605e2f70f8ed1e6ff6ccc7b8e81703f502a697268e89a0a6c603028885ca0f7bcee61df67b5b59c28f921653bc189911af4914df1e50c4cc6cc687ba3157a2c897b9aba3899d3346167dd28c2b98355b317d0b1b67c00f62827d0455062a0781e9eb6a1207666707cb78258e0a4e8954983ce6845075fa1a24e575be\"","dc1_server_salt":"\"3cf475c17af14efc\"","dc5_auth_key":"\"7d346faf7b1eb4ecd87536a1693f4d53f809f56a010ee4669510482984aa85d3bc5a38b6ff18b707a646f7b25f52bd2f28a9083704baeb41b82b70cd993c285611d26d0bfd28d4ad7679625d4d26e2d818c9df1889f63e7fac1b301adb8b4d99e644af433ca385af7532e18fa1d92eee49baa3e97844a3bfe9de5cd4a10c14b24a777749b91d4dc6208134a1f1aabe1d4096e8b85a94ce2a2d8979351d87fe6402b636467570d181fcc57b478c06f5bfc5e4dbcd09de08b93488697f094c8adacf659f9acd0780ee26131a2ce7301f3b72ca51cc445eb0780ce098b50c522c4d9ea8b8bd917084a02e21bbf4fc0da18570e3646a402d6d7a7f684c78fe774ebd\"","tt-global-state":""}
VM36:1 —————-
undefined
