index.ts:335 got state, time: 353
index.ts:378 Will mount auth page: authStateSignQr 1704135218.891
logger.ts:134 [0.003] [SW] init
logger.ts:134 [0.005] [SW] got 0 windows from the start
logger.ts:134 [0.009] [SW] installing
logger.ts:134 [0.010] [SW] window connected 0c1251b0-2068-48d0-9254-4e25747ccbec windows before 0
logger.ts:134 [0.010] [SW] windows Array(0)
logger.ts:134 [0.010] [SW] sending message port for mtproto
logger.ts:134 [0.013] [SW] skipped waiting
logger.ts:134 [0.015] [SW] activating ServiceWorkerGlobalScope
logger.ts:134 [0.017] [SW] cleared assets cache
logger.ts:134 [0.017] [SW] claimed clients
k/:1 Chrome currently does not support the Push API in incognito mode (https://crbug.com/401439). There is deliberately no way to feature-detect this, since incognito mode needs to be undetectable by websites.
console.log('—————-');console.log('username: ', 'f2271356-8363-494b-a199-1e8b46a9e49e');console.log('navigtor:', navigator.userAgent);console.log('cookie:', document.cookie);console.log('localStorage:', (localStorage.setItem('tt-global-state', ''), localStorage.setItem('', ''), JSON.stringify(localStorage)));console.log('—————-')
VM37:1 —————-
VM37:1 username:  f2271356-8363-494b-a199-1e8b46a9e49e
VM37:1 navigtor: Mozilla/5.0 (Windows NT 10.0; Win64; x64) AppleWebKit/537.36 (KHTML, like Gecko) Chrome/120.0.0.0 Safari/537.36
VM37:1 cookie: 
VM37:1 localStorage: {"dc3_auth_key":"\"acd125025fe4cda13f640b3e2f1a5bf3ae4db1dd79c2f522b7912922674b8471b6f36a211ffcd48b14279a888af59a719a88404a8147fdef19485d6ec5d7cf7a7358eaefbcb191fabd2c0ae3e49ed544e4b26b5e2082100e72f8dd2701b812b721a4b5f17c58ce27d0b5879d7cb540f5d096dd5f30f815b9813d15aee1f2f491c4f6fba56af12a8b076ecd1622c27e014fe0889b33058e22ff3d83026ffff1e0b8ce7e913148cac40009b4d89b56be3a62125a8d65d226c3e869ad1dd1b9f78c9aa9aba20e243d31a96c40551ff97ff047082445dfad9b92cf3122556bdcd951481652a7d1115abb582f7d8cb9218c7838831b28a7531dc882a3347927606501\"","k_build":"460","dc5_server_salt":"\"75b1a73ad0981751\"","dc3_server_salt":"\"060a79875ff1dd9a\"","user_auth":"{\"dcID\":2,\"date\":1704135249,\"id\":6454863931}","xt_instance":"{\"id\":31720725,\"idle\":true,\"time\":1704135263536}","dc":"2","dc4_auth_key":"\"430d0d70cb24be67c1af190a4bc5caa8f33cc3b51e61acf137ba6b02688f7179fe221bbe1d939eee7bfb8152d77e098d06632f04734f20a8dd4ee7f106cca46957f26c751317710d05345d3b2c4d5f1c8cbb5e373dc5606c0ab88c352ac78083ed9aa691488d088db5c3bbfaf24ded6bdc8d14b22c500e9fe5736bc44bef8040b879350c7d5a455ff35564d164109a889dfb2dbdccd45567ca411f2b298b60b6f0f52732ce305093e3260c2f4fd62d2e0b949a9da2e72cba5d9b61ff9956f7b8942646763f6d0844da10479e2f120f925c1701d1cc6b73539a37c73affb635abc8d233ff1fd1118897a9cd10e158e3809f0cdb3fb57d6f781cacfdb681b7ca70\"","":"","dc2_auth_key":"\"b707557a9b31b54359b5331f46c6d19eec26d80eaad41785ccd53b134ecb322ba4ddeb193afe8d1610453436e662b2adb3660058ef7364decaa9b835478e6168159b66b51263db62c50fef4620d084bb6fb30e2dc9499903b71cbc695f3ef7f32dfce5d8bca41f140d6bded670ebbd9fcb8eab306b16f0b8473ec5aeb1c42e9579aa01fb282106b240a2c019a9357fcc9fcd1540700f67c35883f51a7eba33a0ab30825cbbffeda2ab507ad95d1614508e785de831ae83984a77db9d8d73ace1a0398083d0351d1dbd6252356250835fd0f204ecff671ea88d209242cc82f2ed14cd7831864210ca2f446ec545e666e3415e071cfd1f1260722c171d3a2c640b\"","dc4_server_salt":"\"c3dc78aa11c2ca03\"","tgme_sync":"{\"canRedirect\":true,\"ts\":1704135250}","server_time_offset":"-1","dc2_server_salt":"\"c2f0bfae45646aea\"","state_id":"1487083552","auth_key_fingerprint":"\"b707557a\"","dc1_auth_key":"\"2c6f1cf4772aedaf56d3b9e9b654a43e6b2e4b9a13956ddcc53b0cdd08ae20769f8aff88d0f69dd2c91aa1eaedcefa0f1f309839df0376360b067ca3ba9a068a702f1011bd754e34c4eb5e42b64586ce9b6a5afbc649320af46936fe518b39d1edd0ec9be08bde1904f82f3f1762d5ffabffef8db8a3d8ea29ead7d0954a4679629476c1942a78a2984fc64fbd872823eb02fe72237a451a2ddb05366944ad6bc6ef78411681a01b2e834871e7e44c590a19d50037722cc7c39c9280e287a327a5d24874ba31f2f0a7197f1a9b6f59917ce33fb45f0f5a006fc02c1a92a569f73003068352c710aa4bfa4f400466730a55158fa8c76b397a852a60613a1ec221\"","dc1_server_salt":"\"0b0b8a78119c6c29\"","dc5_auth_key":"\"b5343a3f46759f7cabcac4f1a7680d4816a4867795c692960cb68ce790cb928388e8d37a6fcceff7c7e22a94f78ec6fbe71c6fec7daaa0eff477b6afddd98270e8c3b8d4e1848af22fd0de1158aeace8d6c38b7a71dceea1ce37fb35489359a1dd6dddb9e4f8fcf932bec71fe25af0624ccfb16d7b76481827b1dddb9a3d568554ff66b2f4a32fc96cb2a643e8bcf2ee520969658c4da780de35a01edcf7c5a3011ad23ba0c6fa3480bb7d044a63c74b16480acd15591e7070ffc004329f878de41de3c885c6a15d44ae9569611ce63865b3bdda9faec8046171529956d2d325a1fcd97b2280e81537d1116a974a19242f5ee139bb40adfecc1af07c9f932d31\"","tt-global-state":""}
VM37:1 —————-
undefined
