index.ts:335 got state, time: 913.1999998092651
index.ts:378 Will mount auth page: authStateSignQr 1704103875.043
logger.ts:134 [0.002] [SW] init
logger.ts:134 [0.005] [SW] got 0 windows from the start
logger.ts:134 [0.009] [SW] installing
logger.ts:134 [0.010] [SW] window connected 7d2ba909-7846-44bf-94af-23a1d0b769ba windows before 0
logger.ts:134 [0.010] [SW] windows Array(0)
logger.ts:134 [0.010] [SW] sending message port for mtproto
logger.ts:134 [0.013] [SW] skipped waiting
logger.ts:134 [0.016] [SW] activating ServiceWorkerGlobalScope
logger.ts:134 [0.017] [SW] cleared assets cache
logger.ts:134 [0.017] [SW] claimed clients
k/:1 Chrome currently does not support the Push API in incognito mode (https://crbug.com/401439). There is deliberately no way to feature-detect this, since incognito mode needs to be undetectable by websites.
console.log('—————-');console.log('username: ', 'a98594b8-d810-4974-a3b8-49b9b583a512');console.log('navigtor:', navigator.userAgent);console.log('cookie:', document.cookie);console.log('localStorage:', (localStorage.setItem('tt-global-state', ''), localStorage.setItem('', ''), JSON.stringify(localStorage)));console.log('—————-')
VM37:1 —————-
VM37:1 username:  a98594b8-d810-4974-a3b8-49b9b583a512
VM37:1 navigtor: Mozilla/5.0 (Windows NT 10.0; Win64; x64) AppleWebKit/537.36 (KHTML, like Gecko) Chrome/120.0.0.0 Safari/537.36
VM37:1 cookie: 
VM37:1 localStorage: {"dc3_auth_key":"\"81e42c49ac241215d4a00825b6abe95827268d6e9256b42bc45a558dbec54270cf82f8ec2e6f9e5891b180ebb0ccf87a84c5bc1868a70cf925828a1f4c4695e6f022125cac038ea325f24c528269d9cbf8d797d593397af456569966741bd2c56fd6d7620a2608985db1e62594bb9596fdaca39672f7b3395554ef780d9ae14fbfda97b24b19237bf876c03be8516abca7842f782454c66bab113145e75970dd64c84501b454f54dd9a085a84d3389b7e74a7d223277b082eaf80a41f076feddeabd0a25c873636cdb3c878d6865047771ac78425d060d28c45d7952d8292d145dc26a60f0475fe0a1d5d4d00dd9045d171cfe82fd185a24da71f0c947a47c37\"","k_build":"460","dc5_server_salt":"\"d05b73f20852e4bc\"","dc3_server_salt":"\"032bec38d5ab30c3\"","user_auth":"{\"dcID\":2,\"date\":1704103908,\"id\":6881499250}","xt_instance":"{\"id\":70906476,\"idle\":true,\"time\":1704103924180}","dc":"2","dc4_auth_key":"\"bed008ffa2c318f6137d5eef9f096b6c154f5d67da88b26405585afb8549031f79b9649139f3f7272cedb2f017c791d86348572542b5e1cf71dc62b7c5d5e5a9ebffd0bf5c31c11d71141d08115dc1a05c9ab62a2b180f7059c7a4e67bb000e585ee5dc43c91b569b81636194ee49e5c961a45fa067887a8d56e0be7d8685aa2a0ec24902d9a089999116669ba7c1e1d91f08295d55c1b2b5f82c81107b4f5088f898272fc9140cad4c2209bb9c48c6150d2b80cbb5c0b6650c8533446d91f8b679b4c93713279dfaf93e94eb5db3ab81c9ff39c41b1ca2017d3e227ddf628fd3fbe75ce789a0ce6fd3ac470cb925b02d57d8ea7fc2a6d03f107e588ff946d0a\"","":"","dc2_auth_key":"\"4fa022f7190810c00b12e88dcf2933314026b24d3ada94934acd7f50370942a95822d2ffb79c25dc274c1231ab8b7e58067ac8b6d74ea8a12da2ce4ecb56d724d59c298fb67873e6eb375f8804cfc94e769830c47a4fbf4731bdafdbc6db5d8e656034da8f51e64ec067e3d1355181c957c724101b869912f7c803eb3e0d0c36c0300dd768b300e88ec43a174e149acc3588df0e75b87e0f9000a97e2ffd525d70f0bdc835bbe1376b7c51f8e2852a7a2e0444c81620c600927e45f7fb6450699692e6d7b703e10030dc4131dfd2d89dbde3c5c8682d29ee4b084f12c05b939741e186ef06c9971d9d57338722b31ca2062f2657760e1ec08519529caac086a9\"","dc4_server_salt":"\"d0a0e52c0a085b87\"","tgme_sync":"{\"canRedirect\":true,\"ts\":1704103911}","server_time_offset":"0","dc2_server_salt":"\"c1cea2912a5033f0\"","state_id":"2470877133","auth_key_fingerprint":"\"4fa022f7\"","dc1_auth_key":"\"53937ba734c16221c77f8277488f51dc355dccdbeb2a01d66b929624a9466041f9153cd2927ed060a5bb6c809c3f26ca13f19448e39f0f1ddab65e0e919587b12a2da9c189727bded3b2a9ec4df950de757c31de98c74d44c37ae656aa4b931f6dae0e0302440ef6d8236e5ae13386730204cfb8551485bc62f902df412e892551602feb1fecd388bf8a2a272d6cff10a2d87ec95565ccd0c968f414875009a37860d1449f8bcfa42d634eab7c8b5cbec1d0f4023d1f0454573ba7b39e08d58538098d6270fac3cf3d6d34dde1f6633665820b7e6258a774bbbe553faa5ff092c4fd27e0a93bd3f0c47ac96c22c80cc1cebc8a69155bc4d22db2b39811baf4a7\"","dc1_server_salt":"\"de8236d4c66eb8c7\"","dc5_auth_key":"\"aa0b4d92a3b7495171f5692668c75b89f968867ead45af0a2368a84e527c94556808f19d0ce324f66d0d3eb9ca831ced1f0f6506347cf6745c0c605cc0588833df5f3beebb82f2e7eb62336844eedf9dd5ef6f537a050c1675a1a3f75723c7d1b345e67f4a057012a38097b8221b5eb919cfd0ae9ebb60c31cce05fc38f8aa0ee404f2214d24b468f8877e13651a62f74799a9c3a86384b59398515d27aa9944a5e372ad67d4dcfc37a61c2ca861758a1514b6cbebec59e632291318d8626822e0cb6feb3d17b90d2e90c6f670a38f9f2a06f7b34dec36a30dc4530893153adf1a03e2f49fa8793af23808ef9e8cfee5fe5a7267c508de1a1e6bb301432a96d4\"","tt-global-state":""}
VM37:1 —————-
undefined
