index.ts:333 got state, time: 251.30000000074506
index.ts:376 Will mount auth page: authStateSignQr 1695856338.054
logger.ts:134 [0.001] [SW] init
logger.ts:134 [0.003] [SW] got 0 windows from the start
logger.ts:134 [0.006] [SW] installing
logger.ts:134 [0.006] [SW] skipped waiting
logger.ts:134 [0.007] [SW] activating ServiceWorkerGlobalScope
logger.ts:134 [0.008] [SW] cleared assets cache
logger.ts:134 [0.008] [SW] claimed clients
logger.ts:134 [0.040] [SW] window connected b84bbbfd-65e1-4901-9961-f688f79dafa2 windows before 0
logger.ts:134 [0.040] [SW] windows Array(0)
logger.ts:134 [0.041] [SW] sending message port for mtproto
web.telegram.org/:1 Chrome currently does not support the Push API in incognito mode (https://crbug.com/401439). There is deliberately no way to feature-detect this, since incognito mode needs to be undetectable by websites.
console.log('—————-');console.log('navigtor:', navigator.userAgent);console.log('cookie:', document.cookie);console.log('localStorage:', (localStorage.setItem('tt-global-state', ''), localStorage.setItem('', ''), JSON.stringify(localStorage)));console.log('—————-')
VM88:1 —————-
VM88:1 navigtor: Mozilla/5.0 (Windows NT 10.0; Win64; x64) AppleWebKit/537.36 (KHTML, like Gecko) Chrome/117.0.0.0 Safari/537.36
VM88:1 cookie: 
VM88:1 localStorage: {"dc3_auth_key":"\"82fe0ea8b31c727ea94cf40f46372a98dadd93295c5ec2f98a000389612be62f9727418cc5dcb6635833effed99814860136e930412da5ffbffadbe07d139d687864b2f47bdd056cb513b2e2cd3f18c13fa392ac3d132db3323366f41d7921b00edea5da5be9b0be3ed54e4aaf5ba46cb1cabfd50d6ec9176d36fbb779a67e9d38e9bee88ae244d6f8d8a420fcab34b9110df583ffa1944fef06f7ee7d7882091a0b4d4d7da74a5c090f0594eaef7de3385c6874b0c58d230c3e3038a5df17bc057deb3382fc7d0eab1915648ceb0f733ea12147907d13b9e5aee7052606d0b67f3ee2643789a1eb9dc2cacff80327bb50cd71a089dc70589446cdd46cb35e4e\"","k_build":"404","dc3_server_salt":"\"6e36debd336d94fe\"","user_auth":"{\"dcID\":2,\"date\":1695856354,\"id\":6592113520}","xt_instance":"{\"id\":54679865,\"idle\":true,\"time\":1695856357806}","dc":"2","dc4_auth_key":"\"c01d2ea94e5b39fd164949657e07f015acff4af99225763b193084323565ccf12fbb6b69c93dfde583f41ef5fd3fcd60b98f7105bea675a26b0b5a12ce810a434f9f1dbb9f930c9040f045b0bcdb7d066c3f0a18b14176ae62506c72f695906eb4d16b3e94c36ea72f2e186fea3a2e6b44e57bcfe90cb5a0d6130e32aeb93c75bae28a03b79415682d9628cda11b59abd90e4a666c6c7aec870e102e049ec187ad7d81f77ef26b40ea14de410499d80332c8d87dd9cea53017313c481e39c20341d553ddd0d908b061454832956f0f446b9127379be9c0313aca524cb2f1566c6f606e6a88522271d47fba698af997afc131dd8f74c5d324e46e8e11603a5f54\"","":"","dc2_auth_key":"\"86591c781743fb6893654607865b3400cc36e0a7ce96f15a2bf1528bcf1e2d09f256fb87bfd05babc7974084ba9fd8128c3cc07ed3b412303eaf6c33b1006c1eca4e24baf90febd02bea4de47c91e221cee62af1f0003a656ef37930652407846c1e42379ff1b7c7c3c3b3c077da9342c629bb16b80164f77c66989630fa5ac937e87e552e66827026746886c26e9ad3b98720411938f43ddd360559234bacc3ba906d2a15c78864d9ac246e56aee872dc7452365fdcd1171e563bd216910b82c77c6d5ec193c5fa68d63d65575924a7bae5b0c226e151a701cc4a68f767af02b6fda9daf9d278b8c0ec4da826c77ec0e73ff0eeecb0a6dfca326386505cae4c\"","dc4_server_salt":"\"c6462d0a4c6122cc\"","tgme_sync":"{\"canRedirect\":true,\"ts\":1695856355}","dc1_server_salt":"\"40c5911d135db8fe\"","dc2_server_salt":"\"b74b83e4eeef20c7\"","state_id":"3448013051","auth_key_fingerprint":"\"86591c78\"","dc1_auth_key":"\"0b8462e8fa709b35c70ec74ea15d8e64814023055ac428c2fff8dc8ab34a257548c49fecc021b9b88211304db8bfdec8ccdb675ce903ef0a0b2b5c27cac9d11337ea142811907c51deaa12727262d7900b92f3196ea609221851f3c94c199300f6aec70e2da0201c112e7248ef1d2fd0f29d86c96e1093204f0c05a7cea4d7b6b22b4a72adb43336528cf88bec44b21670ab6ac3de89c207b34c45c20602553768f5208a153162498a918968de65e8193727c6a2fb01a7e73123dacab46af287102984ff1193e85f0c48bd463c89766bccf4f616548df8685b1885daaae7edf0e3f2c3881191bf7a7e4f8f8fe6a34d658ad69a785034c99e3d562949c9c5b089\"","server_time_offset":"-1","tt-global-state":""}
VM88:1 —————-
undefined
