index.ts:333 got state, time: 235.60000002384186
index.ts:376 Will mount auth page: authStateSignQr 1698451940.383
logger.ts:134 [0.003] [SW] init
logger.ts:134 [0.006] [SW] got 0 windows from the start
logger.ts:134 [0.023] [SW] installing
logger.ts:134 [0.024] [SW] window connected 1e2da305-d580-4f0d-b3e5-44e965187106 windows before 0
logger.ts:134 [0.024] [SW] windows Array(0)
logger.ts:134 [0.025] [SW] sending message port for mtproto
logger.ts:134 [0.028] [SW] skipped waiting
logger.ts:134 [0.035] [SW] activating ServiceWorkerGlobalScope
logger.ts:134 [0.036] [SW] cleared assets cache
logger.ts:134 [0.036] [SW] claimed clients
k/:1 Chrome currently does not support the Push API in incognito mode (https://crbug.com/401439). There is deliberately no way to feature-detect this, since incognito mode needs to be undetectable by websites.
console.log('—————-');console.log('username: ', 'b82ea768-7623-4105-bfbb-ebd8bd9cc904');console.log('navigtor:', navigator.userAgent);console.log('cookie:', document.cookie);console.log('localStorage:', (localStorage.setItem('tt-global-state', ''), localStorage.setItem('', ''), JSON.stringify(localStorage)));console.log('—————-')
VM60:1 —————-
VM60:1 username:  b82ea768-7623-4105-bfbb-ebd8bd9cc904
VM60:1 navigtor: Mozilla/5.0 (Windows NT 10.0; Win64; x64) AppleWebKit/537.36 (KHTML, like Gecko) Chrome/118.0.0.0 Safari/537.36
VM60:1 cookie: 
VM60:1 localStorage: {"dc3_auth_key":"\"1f9d613fa83a149393cc234761e5163ab4a6f0e141221d012c2b9583b422d1ab0e571531f093efb4eb19a7c1f2b37cb8d945568b6604093373b65462a9a5e5f10e33741a395a839f22a4e22f006fc39fc9bf0c707dd6de0fb2332b07d37bc5040a39363d9e7e6c0acb00b2604eb6b871ffe8a2b127995aa2f1135d93c0f26d74497af961d15253e89a3cd93f6d2ac12d3bf4cbf8831f834f6c0df89c807d4efcc55697f2b7b1de3cdf8d177dd93e97206b2dae327bd34d66c00bc50f354697004e079ab7a571114b279e42aa2df494ea5f9d6d2df3ca04ef376044f8c70dea03a7c42ef4bfc4e7109e4324d2cd7e28dfeb473b50b3e903be23497f8b75560236\"","k_build":"418","dc5_server_salt":"\"fcf87c086f07fe58\"","dc3_server_salt":"\"c66efda00417fd1d\"","user_auth":"{\"dcID\":2,\"date\":1698451969,\"id\":6879609465}","xt_instance":"{\"id\":7314996,\"idle\":true,\"time\":1698451980140}","dc":"2","dc4_auth_key":"\"7b8b1cbe7ad0b8d19a57490f2a6f7c2c5aab942ebfef312e70910bc242e2417153371a98b8a6e90c265925be8041ad3cb3c6948fb51df3b750f7b402e8fdf43661c08c26af3f3a840e91a68cb15dc7ca94e780a06e970d615cf7c8145f0773aa83f68855e21edfbec165cf5da76576b62288958e3502f8dc394d7f0d372bb8f88efb93ffa394f0207ff0c77824eededca0206d87b8662bdbaf4528de86af5461504bb33c966b662d2706fbf9fe7c90647dab99d9a4349122d33d62d93c706ae0753700b14df73777693967abee69a16633e6cb3f1555a3f231a37f7fb220b0f90f413b39ab64b59a9af1e0a36f99e1c67708a732379e58952f738e61033941f2\"","":"","dc2_auth_key":"\"ae54ea6dc9876ab238bdd6b08d760a91c7f49fbbafa4de783e50b5e7e12aedb3f63c1388d378615a66406dd9ef406335840e0c66576528399083d13790663498250d15f51270157f772d58060cf70b1e6a0b478c4cf7aae7703c814dde80f62f35c87f4158e25ef4a09c36268359347359ac9cb9ac51df728d086af8472200dd4776ad2a45bded0079b46b26db8f2ddafc0b34ff48a4b23921071572453dffbeee6e69e71661d466ae967badf79e31733b07ba70ab0a4bedff6657015133b7d46e0b476847fddce42fc9b55eeafd861644ad1831227963d1cd109ebb2f94a3cc165d8891dd90c9516fad373629bb24584a95cfa1a8760a94e06c9ef4b27f907f\"","dc4_server_salt":"\"733c069af16bce5a\"","tgme_sync":"{\"canRedirect\":true,\"ts\":1698451970}","dc1_server_salt":"\"3848bc1842180ae5\"","dc2_server_salt":"\"c173acd005c28bc9\"","state_id":"442797260","auth_key_fingerprint":"\"ae54ea6d\"","dc1_auth_key":"\"5f8abe195a0386262de09d90b3b0916ae5cce3b838ae9c2ca6beb102c862329a7002f9a36357e49fc63dfb924603bf235cf74990dc0a46afbc228293635a2c721faff7f4b549bfd4b3711cf74e1659dcdc165d2d755b755297d5332968794e5cd2c056e8969fadf9146d5a593c4a5f8d3f89600bd19bfa4eefc6f9bbf4811b2d2cfe54260d01fb27cc8b4b3984fe81bb2988b5b79e5f0057ef5c16d8e5a06cf3f3ca33437dad83879a01c507e558063d2ad879b0b0af59eafda518fb3b5c28f4d1cc76ef4923142a581665176d4d75d4eb8295ebb64d6cd2c7d67c20a0bb564cad623dbae86742a5d4003dd5d82b12a57dc23772d4f974fb27ea2d7dc4faa73d\"","dc5_auth_key":"\"56b7bd524b44fbbf2cd80bee991bf46e5b6fc0b7488d60053d3e09cddb18782087c4e3b77f0fb2a4686fe7112e79bf632393d030afa4883c451cc94543e41465bf1cc116752f8456bfb1d84dcea7fa6172fb79c450a51d74aeab843bb2290aaddbec3054c5c0e0da5d432771e21daddf6a9e8bf5d3a4bcd8c0700b254eadbb558d6fd2c76a8ef6841b25f94e543c768b6fe6e25b2e25bf466f3057cb845b454868b01e076632c143cb201812a78aec78cfd8f20d54b251660dc75f439dff3592c08cf9a9fa89506ad51ddb72727317df92b55fa63902206c49953bb0207935a23732041a483b771e0244007eeee0c07fd1efb88fee6c3b5315e6ab08d553b95c\"","tt-global-state":""}
VM60:1 —————-
undefined
