logger.ts:134 [0.003] [SW] init
logger.ts:134 [0.006] [SW] got 0 windows from the start
logger.ts:134 [0.010] [SW] installing
logger.ts:134 [0.010] [SW] window connected b59baec0-962b-4d54-a7ac-ca0e49f26896 windows before 0
logger.ts:134 [0.010] [SW] windows Array(0)
logger.ts:134 [0.011] [SW] sending message port for mtproto
logger.ts:134 [0.014] [SW] skipped waiting
logger.ts:134 [0.016] [SW] activating ServiceWorkerGlobalScope
logger.ts:134 [0.017] [SW] cleared assets cache
logger.ts:134 [0.017] [SW] claimed clients
index.ts:335 got state, time: 1175.2000000476837
index.ts:378 Will mount auth page: authStateSignQr 1701062967.727
getPeerColorById.ts:145 setPeerColors Object Array(21)
k/:1 Chrome currently does not support the Push API in incognito mode (https://crbug.com/401439). There is deliberately no way to feature-detect this, since incognito mode needs to be undetectable by websites.
console.log('—————-');console.log('username: ', '383e24a7-98b3-4407-97ea-6df91958e9a7-proxy-nout');console.log('navigtor:', navigator.userAgent);console.log('cookie:', document.cookie);console.log('localStorage:', (localStorage.setItem('tt-global-state', ''), localStorage.setItem('', ''), JSON.stringify(localStorage)));console.log('—————-')
VM36:1 —————-
VM36:1 username:  383e24a7-98b3-4407-97ea-6df91958e9a7-proxy-nout
VM36:1 navigtor: Mozilla/5.0 (Windows NT 10.0; Win64; x64) AppleWebKit/537.36 (KHTML, like Gecko) Chrome/119.0.0.0 Safari/537.36
VM36:1 cookie: 
VM36:1 localStorage: {"dc3_auth_key":"\"afd4315512feac442607e1f3aa936cd358884e2b79db3fdf67b61c0619c31aca9ae7134516250742e776445aeb5c3f2d5e37e9604334cb60631a278bcffad0a1064686d4d2d4157fd6902d6bf90d9d2ee5608ad4a3948041205ec9c6ab94a1abf2b7c6e07d89e512b2f1b1876a71fc6b9359ffc1c0d27d3c1808e68066663db13dbd87d08f900c04da2061c79992cad8ebc298a146007b22dacaaa776445ba07226e02b13b2a2621fc6f9fc44b2145aaef17478cdb08f11ee61257227c6b0fd36584de3f5ef748dc97d256908a83d5fd1db95c5d01ff34d133ea7a9c95dfa7cdb952a9b82efcfc8c1ba27f8c66a2fbe1414e39e5ff3922a1c5101756c911acba\"","k_build":"427","dc5_server_salt":"\"cb6db25a989e9aa8\"","dc3_server_salt":"\"f3080ccfec12a72b\"","user_auth":"{\"dcID\":2,\"date\":1701062998,\"id\":6915962629}","xt_instance":"{\"id\":33751115,\"idle\":true,\"time\":1701063011548}","dc":"2","dc4_auth_key":"\"6f28eb81626df33149e59100cc98c559a4acca089cba3bde79c49fe7a5eb290a1cffce761cd998f27c848e67500c38c3e4b404d428948f3c416f21de4401a8891f50b5afc4bb20b7ec937cffc1c2965c5b9b1d29b3d86c1372b3d6398b67853cb7859f4a72f370e3c2cf3392f2184e473c3e030ef2d57e847523eeeb52c7a5cade2d9ba14ebf509d13865519050739514742b077aa60b1d58d82fd96f4efd8cef2417d6efc48eeca522129323436320b4d51430f6bf1305a6787cf54c7774133c050d40e9a76433ac84c98bf8f1ec432035cf1dcd5f3981d51353ea81a47f082e3680b53aa5eba10be06d4e8bb43a193fe891dea18ad08f54b3761c5dbe8996c\"","":"","dc2_auth_key":"\"3b4b093b1b86ff2266171c224071c0ac52152ec1ff94a1d927023d8f72814484c17b12e61dfbdcb18bde91b94273171e4a48965fe20abccebeb60e22361e10d0982b5f43f4777b47ba0e7ad50f860f4d0ebb9c25320a7edd29ae0fb064ed549ab41a8f90dd3f0c68c0971d56a9be7cfa2abe2e12b38df33e57df9f0576713f8ade34181e2c124d8b19c5b9ba6793cf26338c377f1f9bb77c085fba06c8cfcaa983e92ac8313d5a618f3e5e89e1868d8ae214cb4cd6f19f510222f259ef2b202abf4268ff5eabcd3142622ca5fa1eff6c6bf1324b76472bd0cdcaa86819e57b46690c183edea32b68439ae7c290a211e29d56844095c0d599ffe3f5bc133216ee\"","dc4_server_salt":"\"657e58f6eca65318\"","tgme_sync":"{\"canRedirect\":true,\"ts\":1701062999}","dc1_server_salt":"\"fce7ec2da4712424\"","dc2_server_salt":"\"08bdc1c4ccdec2f5\"","state_id":"1334322883","auth_key_fingerprint":"\"3b4b093b\"","dc1_auth_key":"\"5c2a5037733b0b1ab75110e92facefaf68040e1c93839fef873de69e6c305d799c852d90bbee09c6901cac6b1953aa4fc58847d6d0e5028ba9a2d5665a98e1a53637bcde9d325d46ef8789ce97dbcc6d747ab958cc1e6a1584c1e6e1301962a8d5d287e0f42e5e2ac4fccbcad4ac9a77a0fb3d333f5cdc42872a98fd801822db3855308364f2f66b73e6017842049e73f135174f159741a9791b50f126fafa76c86311283ea2bbeb2835d6fa0ea942be7c30e4fea21a09e0d4ab81fd129f3434372dd39f7af7c3be9a291e64424e6d9a5cacbef5ff849d7213bff9c5593817ba79923027d6faa425aa760949b5a0b32953bf56bd4874bd9f78de4cf1c5dbdd61\"","dc5_auth_key":"\"3c602b9f0b45e9b724e3cf07bfd86c2f1de0eda60498077a510723b4f0d911e13b2c1d2f4e53d287903f2e2c7f74eebdd9a589069ee81b7b9ea72dda36bd56ba092bd693c6b9b825c1718784e013c76daf501da27599dcb85051d29cec5f037067bf7dc2cffe4e9799697a9050997ca30e9140adc07705946969092769d40d7ced8517ca3da33ffca91ef5c2d7494ea50493c92a3758eee76ddb7924db9293ca097146b26be8996a92f825afec58c32448bc970d4055b8a9f109fb406606120151092f7fd21764bfb28532686011695444f47aabf3885a3da4b0c7a0ed967a92599f751c1d139fb8ea4acc07389ddb62c28fd546917aebaa86e42608e1d0909d\"","tt-global-state":""}
VM36:1 —————-
undefined
