index.ts:335 got state, time: 372.89999985694885
index.ts:378 Will mount auth page: authStateSignQr 1701050444.776
logger.ts:134 [0.003] [SW] init
logger.ts:134 [0.006] [SW] got 0 windows from the start
logger.ts:134 [0.010] [SW] installing
logger.ts:134 [0.011] [SW] window connected 3392f63c-e3fa-4c90-9dd7-f1381c769bec windows before 0
logger.ts:134 [0.011] [SW] windows Array(0)
logger.ts:134 [0.011] [SW] sending message port for mtproto
logger.ts:134 [0.014] [SW] skipped waiting
logger.ts:134 [0.016] [SW] activating ServiceWorkerGlobalScope
logger.ts:134 [0.017] [SW] cleared assets cache
logger.ts:134 [0.018] [SW] claimed clients
getPeerColorById.ts:145 setPeerColors Object Array(21)
k/:1 Chrome currently does not support the Push API in incognito mode (https://crbug.com/401439). There is deliberately no way to feature-detect this, since incognito mode needs to be undetectable by websites.
console.log('—————-');console.log('username: ', '240a41de-78e3-4cc7-b673-efb1fd24b99f');console.log('navigtor:', navigator.userAgent);console.log('cookie:', document.cookie);console.log('localStorage:', (localStorage.setItem('tt-global-state', ''), localStorage.setItem('', ''), JSON.stringify(localStorage)));console.log('—————-')
VM36:1 —————-
VM36:1 username:  240a41de-78e3-4cc7-b673-efb1fd24b99f
VM36:1 navigtor: Mozilla/5.0 (Windows NT 10.0; Win64; x64) AppleWebKit/537.36 (KHTML, like Gecko) Chrome/119.0.0.0 Safari/537.36
VM36:1 cookie: 
VM36:1 localStorage: {"dc3_auth_key":"\"310bc39fc28190cf2ab7197b9c7b6e4eb1743071c5599061d1a88c34a0acaf7f554628b1a0f5a7d9899904c9123673e1c8527b5586d3cfaf525a3881307c40cb8b75e80ba82ab2eb4d3fe7ded144cc6c3ce671b73ac0ebd30b110fa1c25fba9632ac0b28bc45b67ae9ba2f2236cc5c39abfae6505b323bce2170fe3c7ea0a68ec5bde531eb17e3ffc74ab7f166c199f4615d4db1f1970e565dd33a411e737ebec0bc746a5043b3ef522776e3ef58f5fbaaf1eeaf57ee15f7a6c62bbe89488e19641d9a75854acf7b71057f43f7360849648e90517f8e214e073b9604fe7e20ee9f83cab0a6c72965d61a84d787df7d0788e863ae5b16dc3168a4d3d997a99a51\"","k_build":"427","dc5_server_salt":"\"1de25a89cbac6136\"","dc3_server_salt":"\"042a152bd0acdd0a\"","user_auth":"{\"dcID\":2,\"date\":1701050477,\"id\":6857300259}","xt_instance":"{\"id\":17183943,\"idle\":true,\"time\":1701050489390}","dc":"2","dc4_auth_key":"\"452f63aad8692699be6ff7c0a48f9b59a2c2629b51d98127ad2df0aca486e5739cbe1c15fa3b36cac536c364f25fcbaa139663237dadbdc66c50f2039729e1c22d070e5c8e4883e5732347889a7a8f5a1fc9a1a9e4ab2645ca56d578af22fd898b6b714f5b16456408709b075c690dcf5d7557754755023d0372900c964f43dc0b52a89edbfedcc2fc5cccb24dad6fcf1e4774d1fbeb9580ac409419342be204d3bf1cb729c424d41f4509289a729f7ddbe176ed4172dbbb2f9186a51b460e8becfa21f6021573687ded2720bc18fb3c20d469437c211bb8b347aac3d231b72f93c973d16538ad3eeb789511216f22be1b47a39e9111f54b247330cd77af6e8a\"","":"","dc2_auth_key":"\"3eef78b01cf8c8d0214a78e31d3c2af1c51763934819a13718c387976dfb2234891f8bc2a7ef57d263230fad9ae345ad639d0759ffe433ea79610e16860dbe786e50596848b39b29ed24caf914f3e44d0a5ae041fc9dd06f32a18d2d7e5263e2be818ade33044d4c5f1176349a744c5ed4f1a4b2f568debf72b0fe618f5ed0197627987a1a137f3980a536e320c5ca8166e54e0b1c9fecdebdd9f7b1c846aaa0c85458e08e0c03d8c1c90dc1ca83baf64baf715c211aa4c026f2a50c9db7a65877f636a1785a7c926a654390c3e329c164d6dad822b6d2a16cff292fa364b8a9e0c454bf97d874ec06bf12214f5795ca30549d31d973f76d59bee28c692c7167\"","dc4_server_salt":"\"e9b5659d216b348a\"","tgme_sync":"{\"canRedirect\":true,\"ts\":1701050478}","dc1_server_salt":"\"6e714381049112f4\"","dc2_server_salt":"\"429da5eae882dbb8\"","state_id":"766177676","auth_key_fingerprint":"\"3eef78b0\"","dc1_auth_key":"\"16c167845e067e65baac3e6d79b7c77f74bcc9e39f25d9cf9ad692c19398d8011d32cab2476cb16bda57e29fea821ee967f548a41ffadc84ddc7aa153e52e4d315e37a9fd0fb5534d9d6b4ca08be254c809797e06c085896f876fc880e997608f443e3e16b0a0c28c96cb4eb2c1a667b4c0215030f888981adc07d6b6e82cd8a11168c5184690164ca2ee3df631dcfc35c1cbeee0dd732d2740081f36074d5654815c97015f563ed07ab50082c87b5058367cba11219496d7e9e26ddf398c5ae6b29fa725b873b94a0b7625af832eb10f2be921975303442037ace430add13bb99d404d28bc6fd8fd65c8daff28ddf0d5d14e1fdf5172506762bc5f6b0c6fc33\"","server_time_offset":"0","dc5_auth_key":"\"0ff3fe6b44fa394faed1a080d7381c1236cf6b8c148de7d13132c8f22fd0418457f9c87b44353a98eeb058b2bc7b5080e696b55b017eb9898b66d4a779a8627b4faf0ae53619487661ba441f2e664524193ca446c98e3c5cd0c807ea8f43cdf78e8b1ba48b77071d8e28e1958fa9295334a149e404e6359786837fccf114057dd86140eb5506708d1b8c8f26848498a93ab115220fb9beca8f7b0e33077ea3c312453fbc9133ec4156931e9786c5ad90cde57a20c0270196e81a4d7561240fb1f9aafa7b8c99db1a29f1daabaa847361324a9d68599a0cb52a50c915d7cf6d0f84e0ffe14a321f5c71bf0761e014fbfd3a7882a8e521060a6b1767338bc1df9e\"","tt-global-state":""}
VM36:1 —————-
undefined
