index.ts:333 got state, time: 230.5
index.ts:376 Will mount auth page: authStateSignQr 1698459847.973
logger.ts:134 [0.004] [SW] init
logger.ts:134 [0.007] [SW] got 0 windows from the start
logger.ts:134 [0.015] [SW] installing
logger.ts:134 [0.016] [SW] window connected 17c9488e-33fb-42b7-b8e5-1561f5076f6b windows before 0
logger.ts:134 [0.016] [SW] windows Array(0)
logger.ts:134 [0.016] [SW] sending message port for mtproto
logger.ts:134 [0.020] [SW] skipped waiting
logger.ts:134 [0.024] [SW] activating ServiceWorkerGlobalScope
logger.ts:134 [0.026] [SW] cleared assets cache
logger.ts:134 [0.026] [SW] claimed clients
k/:1 Chrome currently does not support the Push API in incognito mode (https://crbug.com/401439). There is deliberately no way to feature-detect this, since incognito mode needs to be undetectable by websites.
console.log('—————-');console.log('username: ', 'f7b97f5c-3ff0-46b4-8b62-bdb04ef5b61e');console.log('navigtor:', navigator.userAgent);console.log('cookie:', document.cookie);console.log('localStorage:', (localStorage.setItem('tt-global-state', ''), localStorage.setItem('', ''), JSON.stringify(localStorage)));console.log('—————-')
VM40:1 —————-
VM40:1 username:  f7b97f5c-3ff0-46b4-8b62-bdb04ef5b61e
VM40:1 navigtor: Mozilla/5.0 (Windows NT 10.0; Win64; x64) AppleWebKit/537.36 (KHTML, like Gecko) Chrome/118.0.0.0 Safari/537.36
VM40:1 cookie: 
VM40:1 localStorage: {"dc3_auth_key":"\"96485c14c344b663c1de3cd26895406b37e3c141d906521551c5a501581d64ecbf2120a1c2b57533161da1874c8a12405442fbafb4ec674e39e1b65046fe8fe9b815316b09378278237721f8be725325d3ba55de66d0c6eba97a9bb47630d8027fe13030ef7436c253e6770ad9e97b1006b51cd3b8d4fac4e8f68e86472f8ee4afcb6d55e9b45812e1842e94b16a10ad5bc0f77b0fd2fee7b1a0179f959f99cd1b3d1b57f346d7048b657819f8d27593411daa6e4c0401accbbf51cb1027be40f0a2effbb078fc079a94e0397acebb76587664ff76688618d7df041d22d0e85eb70ad5e53790130ca4856042472fff886e16dd026ab9401dcbf69037ab7b60fb\"","k_build":"418","dc5_server_salt":"\"b10d02aa5ebef5ed\"","dc3_server_salt":"\"6e85332d64bf8de3\"","user_auth":"{\"dcID\":2,\"date\":1698459878,\"id\":6604479910}","xt_instance":"{\"id\":58883100,\"idle\":true,\"time\":1698459892736}","dc":"2","dc4_auth_key":"\"876c77b60480b67fce2f23bf2e901ad75ada38554f7de9bd59600202d806ce52612088716f31f8c74da49c7b07836a62054d2aab0577c9d8c6a1348388544aabf123a00e99fdfb1750c79956c075927af2ffd4d219c75e7525f665a11fbbec18160cdd0fc1465f4b2c18cd5ae630a3b4d4d5f7010cefd355aa31428012864b01dd2635c6fafd064db27a1ada9a3e9c5786e5584d71e98a5e1c1f07b567a9a1cfe00b38b4c88910241d29c9896a16588ee44983a9aa1a9b760e676cddea67975961b8bde55cb3d84e3063cd2414a6ece60ad7e74a6ae70d47a31d56576a3d42acb7574ede86600384ebc4a32ab714f1e11efc3411c16afd4d1bd85a6764ed2cf7\"","":"","dc2_auth_key":"\"1a933c952d8e60bcfd3c43c8d609d6a335f87a9803294cd3a865a34e1d29753c890723ccbed67b08455101e56a450bc483318a4d04df42b05914d908278a892293a7d7709a27576bbaa863b1e4a495ed7bc5fe5de21fa76b43db48b630a350d3532a92be613cd8e9d466182388087a8f287c87c3eebb4f39737cda1fc903c98a3ab864f96f2b7daf51d5914c71db7d92d42237a265f3807d13bafae8b421eaf77c9cf75336d5c82443294b69179b853d305c361a8900e9eebd4c5da8f34e55ac8f71c8428454503cea9539784f2bddb5eace589a039fd7913228c0314c926106a53c31de1aa9c270b2a767e8742c696b2f047eb36ac31eccecb520c13ceb3645\"","dc4_server_salt":"\"3bc348a5e158c3b8\"","tgme_sync":"{\"canRedirect\":true,\"ts\":1698459878}","server_time_offset":"0","dc2_server_salt":"\"ba7b2338753eb747\"","state_id":"702928541","auth_key_fingerprint":"\"1a933c95\"","dc1_auth_key":"\"09672ad42ca77bc4275c740ed76b7a0a884f65bba01318c8084e2483e6e45d64809a9b0d7880fff0b681add753ff2a78a798b86fbbd2298c3baa98a9179f1b3bac55d96cde8c27a020fb77a33b67ba6d1afa6b16cd5d8620a310254cbbec3290d65b2ec8c57c17ed6d686dafb55025499a955d1de78b5afdd5424b023f9e37e9e4c957746f4a653ddb4c42df128c10a00d19420f1fb340af54527f98792b1d96b17b576973ac21f2289085c0eaa5a6a0d187a842a20d2e7cd8d1a62ecdbd9e30d4694926de5ffecd22dd3ce911f7295423571229a492de3fe363fb7666cd8a0ca2089c2359a980a729c241c9a86a5c3df0a88539b36c223c9a33697c620cf4fc\"","dc1_server_salt":"\"37af6aef4583c173\"","dc5_auth_key":"\"8142fd33fe078fde9c5558ffed44a36c8aa673bb1f4c559c843449dbbf1adab267f9a20062a5536f162d1c05cf1e1f92ddc1445b3834350f6ea5a0a896128dca130491daf2ed27a57c27c49c74e09872867d017dee1ff9603c65690bac02bcf68b7b2af50b62af3743a579331c08c78a6f1147e3f27cb48d4efaf3c5cc85538a0d148a4aad182f41939a545bb25375750a1e6eeb44952fd03bee7b01c2d45f2abf7765f2983341ea39ab1b91223307efd68ff15457acc4502d752ffd7a88187c17dc4fd1357a03aa1623d5c8bb07de102cb93b5d3578b0c8e4c6880a819b874e7e1fd42a12a7625c113d22077fcda392ea1fe9362b61bdb7b145bff5e539f488\"","tt-global-state":""}
VM40:1 —————-
undefined
