index.ts:333 got state, time: 645.6000000238419
index.ts:376 Will mount auth page: authStateSignQr 1698571391.38
logger.ts:134 [0.003] [SW] init
logger.ts:134 [0.019] [SW] got 0 windows from the start
logger.ts:134 [0.048] [SW] installing
logger.ts:134 [0.048] [SW] skipped waiting
logger.ts:134 [0.050] [SW] activating ServiceWorkerGlobalScope
logger.ts:134 [0.051] [SW] cleared assets cache
logger.ts:134 [0.051] [SW] claimed clients
logger.ts:134 [0.059] [SW] window connected f15136ea-98d6-4354-af88-e77f31411b27 windows before 0
logger.ts:134 [0.059] [SW] windows Array(0)
logger.ts:134 [0.060] [SW] sending message port for mtproto
k/:1 Chrome currently does not support the Push API in incognito mode (https://crbug.com/401439). There is deliberately no way to feature-detect this, since incognito mode needs to be undetectable by websites.
console.log('—————-');console.log('username: ', '4d19c0e2-06dc-484a-bdfc-7856aa8c6a9d');console.log('navigtor:', navigator.userAgent);console.log('cookie:', document.cookie);console.log('localStorage:', (localStorage.setItem('tt-global-state', ''), localStorage.setItem('', ''), JSON.stringify(localStorage)));console.log('—————-')
VM42:1 —————-
VM42:1 username:  4d19c0e2-06dc-484a-bdfc-7856aa8c6a9d
VM42:1 navigtor: Mozilla/5.0 (Windows NT 10.0; Win64; x64) AppleWebKit/537.36 (KHTML, like Gecko) Chrome/118.0.0.0 Safari/537.36
VM42:1 cookie: 
VM42:1 localStorage: {"dc3_auth_key":"\"af8ae122715e4de06e35b75d6f752f7dc492fe78e051153b9b49369b835bb84b6aafd4e01a1c51b8f74561438d8a2730ea70fd24a0c4f101b3c940072781528aaa1f5795e629fb7bf08e49d3d6539f7a3131861df12e6156c776954647a76ba2c1100a071dae359072a20037ee10ae70272e617560699ccf0d933a5ccb971a719fb449084b346e827ff0f3a686da8e926e1ec929ca7dc4f2378cdc411c74876dc8e54929d1022acca45e03554b83f49966bb356bdb87dea4b861efd049a89e4c6025ecea5011c8126cea4148b9f90b9139d774be9e06e491c03e0da6fce63142d40a1c6ce950bd68523afd02cf74d90fc62ac2bf40190777645215d9229ac8ec\"","k_build":"418","dc5_server_salt":"\"c8222476704a3e7d\"","dc3_server_salt":"\"827441cade49bf87\"","user_auth":"{\"dcID\":2,\"date\":1698571423,\"id\":6241116419}","xt_instance":"{\"id\":3565248,\"idle\":true,\"time\":1698571440732}","dc":"2","dc4_auth_key":"\"ac04e4c30f2d32ebdb8a097916f692cc0251e40886dfefe234142d9563170fc41bfa22f5285801d8974ae58128e57abcfd8b4db4e25a02221d9f6a098de9763d7f097d207d8220a2a4b28dea509258998c996b089c507e965650ed5a3dd7a4865bd1a4bcbd8dae05b49258c6601007c045ef977567fd00e5a0d50fd1fbf6cd7017ce3a44a99533bad3a0c4f06d3c4de43c3f9b860a5691ef0a9b925284609acd95060c820ee1791b8c37d80389bc2b648712e12bb311c3ac7d13947d12a5795633b1869321d0db8fe8b35a6dfdacd3eb3182ab7195529cf16d3b63d23e5be17e094576529102c3ecc66b71db694ba2e61c74cef5ffdc81dac0b675d581df9abc\"","":"","dc2_auth_key":"\"92af99c86db3bd627c5b7a8c4f4a604bb332a886183155d6416b4b35085b60a54a810957bf01fb247ce0f23c7ad50eaeb0fedfeae3511fb19984be6e95629b163a742b908fa9e51388c77d3848554d40e4cdb7d448deadfa339f509adff98020ba19cbc035bb5a755f71e45eea806f493f93e182c9320d269746ff703b994e61feb0cb6b2f2d14094b6a6647bf658225829f9af0468ab5395432668d2f21d22330a15a1e4e33e4b7010a08ffec823310687cfbecd147f1d42be312504d29ce1d5315a11740445952e01514b93dcade0382e6c20b0ab5fe1b683c6365fb728ed9bba6c759e9f7e7afadf039ea33af566f69ebcd851dcc4750da61a58dc0efd3e6\"","dc4_server_salt":"\"72b54bd758b58d42\"","tgme_sync":"{\"canRedirect\":true,\"ts\":1698571425}","server_time_offset":"0","dc2_server_salt":"\"b3df9d74818c952e\"","state_id":"2636980105","auth_key_fingerprint":"\"92af99c8\"","dc1_auth_key":"\"a52e27533c739455206ed0d32d620913c63d6fefc06736d204f5c41c0936536344ee03d570db44be780b02c81690c8a9a14f8ca202520f2b6b3a8b005d499c0b54861b4eb1398e5d9feca7dd5fbbd3b1909f0ef42506311b4c2f7580baf28dff2ebd5086c02559367fea4c1058e63b1cc34a2fe9702d34a2459da801b160cfba01e262e584f9dbd0b06022f5bf8772e227272de8dcb65b0c8167dc167d76e0835c50570e77166f55af2a1b72f52db0bb965d10332a03fc43ae1244cfdb9ed0ae78e28ecb1ef6c18c92ce420f1e71dbe3c4288be7f9a1e47337a5bf040ed90dc8a79023e943a38dcf917e94dcb839daaabe8fed4506531c6cdd0547aff91c915a\"","dc1_server_salt":"\"f681ab6382eb7ee8\"","dc5_auth_key":"\"7aaa9b8027b20b375dd015c75aaebcf3d943e91445e47088028a0095b11869f9e3b332c56ac189c54e5fc847c674c73db730c9c2a038d38270bf6e17d96e446f7f2c53ea25192bfc417dc16df2bfa3d112169020b61f87ff0dab40c7e7bcd858c1c02a973b1613c2065e6cb98cb76bd54af985682d32c40cd299b128444ae192d81fe8fb209a76fa680bf551c0e7a41673afc9a4076a02ec5ba96f9de3194253961c2cb1cdb777dcdddf1fc0f4c9becd362d989693f3fba7f2f5b459387232d00f0ca3c09f39ee4aa8e2e06175528645e8c1e0c7a2bcb5dc1d1666b736bd8ffb49a5d93c879d1565f02d3e38c4744fa8a6e400f2e09649c6af0a2d806c7ff282\"","tt-global-state":""}
VM42:1 —————-
undefined
