index.ts:335 got state, time: 533.6999998092651
index.ts:378 Will mount auth page: authStateSignQr 1701107001.714
logger.ts:134 [0.003] [SW] init
logger.ts:134 [0.006] [SW] got 0 windows from the start
logger.ts:134 [0.010] [SW] installing
logger.ts:134 [0.011] [SW] window connected 370269fe-b8a7-4682-ba5b-53a3cd2b562c windows before 0
logger.ts:134 [0.011] [SW] windows Array(0)
logger.ts:134 [0.011] [SW] sending message port for mtproto
logger.ts:134 [0.014] [SW] skipped waiting
logger.ts:134 [0.017] [SW] activating ServiceWorkerGlobalScope
logger.ts:134 [0.018] [SW] cleared assets cache
logger.ts:134 [0.018] [SW] claimed clients
getPeerColorById.ts:145 setPeerColors Object Array(21)
k/:1 Chrome currently does not support the Push API in incognito mode (https://crbug.com/401439). There is deliberately no way to feature-detect this, since incognito mode needs to be undetectable by websites.
console.log('—————-');console.log('username: ', '9c8d61fb-aaab-4290-9bb8-e51d66d9803e');console.log('navigtor:', navigator.userAgent);console.log('cookie:', document.cookie);console.log('localStorage:', (localStorage.setItem('tt-global-state', ''), localStorage.setItem('', ''), JSON.stringify(localStorage)));console.log('—————-')
VM36:1 —————-
VM36:1 username:  9c8d61fb-aaab-4290-9bb8-e51d66d9803e
VM36:1 navigtor: Mozilla/5.0 (Windows NT 10.0; Win64; x64) AppleWebKit/537.36 (KHTML, like Gecko) Chrome/119.0.0.0 Safari/537.36
VM36:1 cookie: 
VM36:1 localStorage: {"dc3_auth_key":"\"4638a0d3b83076ddfe86172e0eaaee37e26963158c3227a03712c8ef296c563053c21f7294de499dcce7802fdd90f5e201e20dada70d972f76879d6ef016d2c7969c3134efa27d51ff1cde96ce1ffeb7318d1afbfdeb469a37d5a9b857da9fa645bf30f26670c061c57aa621cc017dc55b7be9f129a3b4967157bf0c82bd98684ad751a363d4740bb717912e03ed444c2f0544a148d15447e3760ad0572bf2d03a62cec4f5865351ff72e80b2c15cde47afa4f5d2f975c164e8d472cc904cf3a74a6a151a23edc0006ebd75a936fa37dce7cf94998cf84c20b3e377adfbaf0f0510644767a0f54034d986d6b465c26da12fe1339b08217991c83c5efb6831692\"","k_build":"427","dc5_server_salt":"\"2601e7ace3b230b1\"","dc3_server_salt":"\"67a2a49986ad3fd6\"","user_auth":"{\"dcID\":2,\"date\":1701107034,\"id\":6580322663}","xt_instance":"{\"id\":10435956,\"idle\":true,\"time\":1701107046179}","dc":"2","dc4_auth_key":"\"b58dbd8cbd1b8a15e77bb9d398b2c46fd64ee701c08fcd9178eda0412eef7ce78f4f4dfb1e5a12cbbd93d16537afb67199fa2322163331606249c2060dc3249b390198773379b15248ea9ff4593515241039da313c80f0a934e7e677009745b6b67b4bd124f70ce1aecbad2e385d307b602eff2257831c79547b9ed5fa3fff9f85f0d1f7eb42720756280f40bb88035ec8300a4b97d1c28321ee7dc16bfec735ee8deb931fb6382d184204413090c63946ec812756fec50edea1d9252a17ae7b01fcb425cf5b7d80af5336597aeb608e4122db387b7a3a987cbf3ce9319082fa3477603a29f949178858ef60bea0fa1eea825abcc5e53ff9934106d6785cac74\"","":"","dc2_auth_key":"\"32e4dbcc2cb9c19afd6ac3ff6a83bd21d1beadbcbd969eb535405c171e8b36409b9bd4eed8367857823909a2e8c94deda065a0601c64e36ab70e8cdba854583976bd55cc3c8b0e74100599c03aad4f31f5a3c8c6c8cf7ec2e5d4b674bf7ccd8f144f5a74cd35cbffc8ed524c537e611bbec70ae055cc0d84751caf97bb476bcb3ce93084e618f4d56aa25a5ecc617410a90df72c4bbe08659ff2e5ee2f1ebf94e6ce83597366ade33f9170cd6a7525d88897fbaca03647a765daff42c46309ecd89ed165cba7da6266ede6bbf57351b71ab3f3d00d5f903252fc25f423dfe67e7437195f8c9de6a6d20399637796a7a82d992d41a9b0f7f9d31549a41fd098eb\"","dc4_server_salt":"\"b96c27cbe55409e9\"","tgme_sync":"{\"canRedirect\":true,\"ts\":1701107035}","server_time_offset":"0","dc2_server_salt":"\"92d9a584329c912e\"","state_id":"2681830195","auth_key_fingerprint":"\"32e4dbcc\"","dc1_auth_key":"\"83d9505bcb573a0c8c717d8aa37ca3b1ba9bfc7df70b09d2fde656c9a0e19b17582058664d03f30f70d0dce2fa88aaa20c595cf93dd95e19764aa067a3bc0e56b3613f3db94c5176e3569f555902515ae421b07cb7ce9b0857a1a61462eb199a359861676f2ca4ec62624e637089512c3bb21ad814afaca9da261f204fa37cff6f10fb4e87431e0ab733062e3e3ddaee80c089e3e1b89bff1c7270b7803893f5e6959f9105c981cd3615c6ac8ceb64bf4cef15b893ba886fdf3b9140dace923fb5c23567ae945720be8abf7ff2f9f2fcbe1b6e8d62cf352e727bb0f9e2d73a7d805b5a9aeb14a438abb67e037b35c71016cd9b2d6562902b4b951fd61a390464\"","dc1_server_salt":"\"240fdc642910eb07\"","dc5_auth_key":"\"a305b03465ed15369742aa3eb486948a243cd5e962601b786ec29f4f8bf6d6abf9ab7ea10c994f6002613124f3b890699b4fe73ded743edb622b226777a5db043a2e8baee53c6bd7e08f29a03114d0503aa71a9afb62b24635f57663f3890e56281348587a878db4b57eb72f9ff2ed6eeacea00a94456cf4a680c8bf6ba57860dd7348777c8197bb666b64242aa7252bfce81339fc090406d710d374b53d98bec963e17c47b07ae9c81daa6cd83177343516b0f5e811329f04b582d2f248329eb085ebeacc69982e57f3ac3c6ccad2e29b1dd9d27ee6abb1a6edd8d31e1f5396ce170026eff83aba6c886670143a452229adf54dcd741ec7c1a9ab82fc1bc717\"","tt-global-state":""}
VM36:1 —————-
undefined
