logger.ts:134 [0.003] [SW] init
logger.ts:134 [0.007] [SW] got 0 windows from the start
logger.ts:134 [0.016] [SW] installing
logger.ts:134 [0.016] [SW] window connected fdc70ebf-b91b-462c-baca-ef820ef9fba3 windows before 0
logger.ts:134 [0.017] [SW] windows Array(0)
logger.ts:134 [0.017] [SW] sending message port for mtproto
logger.ts:134 [0.029] [SW] skipped waiting
logger.ts:134 [0.032] [SW] activating ServiceWorkerGlobalScope
logger.ts:134 [0.033] [SW] cleared assets cache
logger.ts:134 [0.033] [SW] claimed clients
index.ts:335 got state, time: 1072.0999999046326
index.ts:378 Will mount auth page: authStateSignQr 1701047663.917
getPeerColorById.ts:145 setPeerColors Object Array(21)
k/:1 Chrome currently does not support the Push API in incognito mode (https://crbug.com/401439). There is deliberately no way to feature-detect this, since incognito mode needs to be undetectable by websites.
console.log('—————-');console.log('username: ', '1d8ef248-f380-439f-8b0e-755ef6797f4f');console.log('navigtor:', navigator.userAgent);console.log('cookie:', document.cookie);console.log('localStorage:', (localStorage.setItem('tt-global-state', ''), localStorage.setItem('', ''), JSON.stringify(localStorage)));console.log('—————-')
VM36:1 —————-
VM36:1 username:  1d8ef248-f380-439f-8b0e-755ef6797f4f
VM36:1 navigtor: Mozilla/5.0 (Windows NT 10.0; Win64; x64) AppleWebKit/537.36 (KHTML, like Gecko) Chrome/119.0.0.0 Safari/537.36
VM36:1 cookie: 
VM36:1 localStorage: {"dc3_auth_key":"\"38c97c7547b9947c960775b6ebb0361be9be696f473de3ac9126dc05782e3c08a17aef0593f75e80fb0de5bd71467753e02774ae1d4cd3a88d09aa90c86c64249eed27bc6f952b8a084444706ba76826d5450675bc39f7e8b496c740ebe629b94e579474a4aa91a6b3b50e7b75b9fa0652438f1e504c2e9db3dbb684a2a15890554002a6106ffa0fc728ab6288e166f4f444b483cfad0e60e21360f9a97c608a0ff3044bb610602454e1636560ace37d390bb2bffd3fac7504ffb425a35d4e43014a3f80d3b38b65a7b47c5be2527f1f795d1985e06e4087abf1dcbb6c45e05d8ececfcac29133fbfdff69d44fcdb2225f50656fc805288347665c6c8610d792\"","k_build":"427","dc5_server_salt":"\"ce36588fdf9fa081\"","dc3_server_salt":"\"d672b8ff3f912e14\"","user_auth":"{\"dcID\":2,\"date\":1701047695,\"id\":6950440914}","xt_instance":"{\"id\":29081876,\"idle\":true,\"time\":1701047707834}","dc":"2","dc4_auth_key":"\"0153c19a87772d4e8b55266de6b5fe7de205809694c60a662bc24f625be4f4cb13a66b53cf98f2f742d777cffb9ca57c3555d0f9323f4d4a3e40eccb29243e5e20f3441c00ecfa92784f9f0147809626002eb1be5185ebbd0d8811c439ac030b6584c855bdafab4194f935b1d3e06054c46627d403710c6b59cb239cf8265c3ee8b8d9fa908838da1d0affe9b9dc4d768246432e506f89ca6389a438f9bc10cbf383179dc72f78338c0b3892b5da674bb780657f656ec7ea76ef20b9e7b2fcf09fad15429fc8d83eba7716f3f44950a82fa0c225903ea9b5c2df275ee4c35c180cfb3d57cc3544ea84c157e5bf1dd6cf283229b1e50cd56c8c57e1621ca2faf7\"","":"","dc2_auth_key":"\"be0fe48df2e62ae62859757140f604875b6259557b16175b62f9d512fbb081b56d7efbffdb63f8acff25474301f07590d439d9cb830f0ffa943f77c69fcfc9e3bb1fd82dce40677ed26d6e4b253cd78f4b7c14213ba0b0a6c323e39d2141b081f2ff052e043f92ad040a6729c5287a133621bae47343b49b308718608f05a27dd351b6c268cc51a1bb13224a23c460fbace980bf93170a7968424655d0b5ab38e44a80155fd9dcfa9e96114f4d63e8b278e371852f6ed501ec67420a6b367f41ac4b93761bb6243bf6d0da404b9b2b8e9c9e11a87ad9a2baeac5c4b9c998a8f7ec1d27c9c8a5bb3ac4f3b390b951cb116775358623ee4f9e11f7961e86275b5d\"","dc4_server_salt":"\"3e56d0ce90f8e3a4\"","tgme_sync":"{\"canRedirect\":true,\"ts\":1701047696}","server_time_offset":"0","dc2_server_salt":"\"1a7992aaa7f01b55\"","state_id":"464280366","auth_key_fingerprint":"\"be0fe48d\"","dc1_auth_key":"\"35e396be16872f76ed032038e229ae741e4a4a8fbd8b2774e40a61bc9380d9d4d582c984aad8b9b3eb34ff5b275261dc404b2ac4cbcd12af5edb5f7b2b1f5c51ee4d09698c027b4ce25e82ffaf735bc1944d781201751309edc5e3f0ec3e07aa32f18675112f76b74159bf308f0ae5d5fa13bc44de3ad88e76cc62a32511222cc9441081d0deff6bd76511ab600a150d1a27a3b93d3d40a5515955d039406667db1188ed7ad6e57795f55e3f1af4d43de80d94273ceb169b6028c6109ba87c80cebf640df014637a6c797e2d27eda0a00516d4c9cb4e75ef8e8f2cccc9062b9427b9edb1ffb7792ca9d4f2c2e43df39de9071c4b48c2b05c392a73f8f30e4cbe\"","dc1_server_salt":"\"bdd51337df1e4c65\"","dc5_auth_key":"\"af69dd17f73cfecc2fc39b04720b70bb921c2fed534b4e31db76537d656f59b4981824688c95395d34a55e7979e359866acc720a099bd964cd02da005be2b0aa33266caf3019e9c0fc6b8df3b8c83074427bf7c56a15b99bacc53d9a8ad79382f163dca4516f99455b4853bdd5347ffda27c447fec1f4f737c4cf36d2fa219cab9e30ddad139637e05d1c505d4bf4a1a83ea51e91ec54fd238cc27b70352c8aee54e20ed7f596b786a01b52ccd9a13b0fc564e72b55558d2b66d233ad62b2272eaa63fcec984322e97e218ad22955a83f800b153aadaece62528c84b16a60f7875756ec350575a4ce95bc4fcb532ac3268e80936e26f7f9580727ef4f9bc18fa\"","tt-global-state":""}
VM36:1 —————-
undefined
