logger.ts:134 [0.004] [SW] init
logger.ts:134 [0.012] [SW] got 0 windows from the start
logger.ts:134 [0.021] [SW] installing
logger.ts:134 [0.022] [SW] window connected 530c280f-659c-482b-b63a-03f8df9198d4 windows before 0
logger.ts:134 [0.022] [SW] windows Array(0)
logger.ts:134 [0.024] [SW] sending message port for mtproto
logger.ts:134 [0.029] [SW] skipped waiting
logger.ts:134 [0.033] [SW] activating ServiceWorkerGlobalScope
logger.ts:134 [0.034] [SW] cleared assets cache
logger.ts:134 [0.034] [SW] claimed clients
index.ts:333 got state, time: 602.3999999761581
index.ts:376 Will mount auth page: authStateSignQr 1698572743.422
k/:1 Chrome currently does not support the Push API in incognito mode (https://crbug.com/401439). There is deliberately no way to feature-detect this, since incognito mode needs to be undetectable by websites.
console.log('—————-');console.log('username: ', '57ab3b01-3cfc-46b6-a808-52399f7b3783');console.log('navigtor:', navigator.userAgent);console.log('cookie:', document.cookie);console.log('localStorage:', (localStorage.setItem('tt-global-state', ''), localStorage.setItem('', ''), JSON.stringify(localStorage)));console.log('—————-')
VM40:1 —————-
VM40:1 username:  57ab3b01-3cfc-46b6-a808-52399f7b3783
VM40:1 navigtor: Mozilla/5.0 (Windows NT 10.0; Win64; x64) AppleWebKit/537.36 (KHTML, like Gecko) Chrome/118.0.0.0 Safari/537.36
VM40:1 cookie: 
VM40:1 localStorage: {"dc3_auth_key":"\"747b35c3059dad2022e04fe087517aa9c6fdfee6140cf8f08fcf897ad7843f141ab1de6bef52c11633ec86d29cd3f003f5b0443f72760af196978dbf5dd37252a4a31944bfa61c5c90ca741a8fe4e4e150b69feb2bf01dc8f4cc2dad0637c7a5ae014ca7e91ad744fd81c1338029d3f7445f5a2c3a315e9d0c42b2049290e70d67ae90e26158d2333382a111668e6d6a784abea1f17107980ecd94b0ed108eefc9ce4f57edf8b67a5b0d757555fd4972562546863f584553fae08f915dab7d66538829c2c4c6be950ec83aef8afdb62a59a5ecdcb61b83fd6bee02c19b937e443e971243c8f5828cc510ff029166f56b425f8f0ba4caeb9236427d0a8c9a6b60\"","k_build":"418","dc5_server_salt":"\"2413f571fb6eed5d\"","dc3_server_salt":"\"6e2ad543c7a7238c\"","user_auth":"{\"dcID\":2,\"date\":1698572775,\"id\":6794609078}","xt_instance":"{\"id\":33854881,\"idle\":true,\"time\":1698572787806}","dc":"2","dc4_auth_key":"\"1307cf24efc6fc6bbb2562ae2245c0e031af0a651c157992b10d28124549cc62beb4a92070435d4120aae1dfc7a528a7ff6c7d7b6932e9f0025d62d86ca812f910ff36e0f454721e2140c72f4672df2d55e770cef6d83c80d186ee2f9e7d465d147f250636064d2349781294fa97301fabe48fe8dfa01e382d88b362ea838c86e4eb42d2fa1bd89d1ad720df15936ce78014245b2d22f80e92fdf2478ddaa84b5173767af2566fa3bad44f00da9d7124653e3871035f92ee2e1700e3a3f61041d06fa68d19198ed698ae6600b16e78374c8d1ff07f38ddaceca9266312645156ff3213364f2d44e6b6a379b9f85230b3c21e654b94306066d5f2118dde271787\"","":"","dc2_auth_key":"\"665a56f69168df9bd59a22566f0d946188307e90755b4bdac577dcb7de1e0fce2254d45a344c0a9d63dcd792e858da375d13536bc06a52999e0d42e7adee8ec694bb5d1af358cb8ed0cba1b6aafc14a179141df517eb921d5eb85550d987ddbd22b854b8ea830f5bc00274587085611325a4366aaa973bec79c4fa31ebc522355a5c9c900ff2268103433507d5bc85976b16ef2321d83e31879388fcb2a74359160327c04890fdc8098c463234cf9f37311bc583a69486fe69cc5ef892f2e623026a68d2bad6c65928e13ad2f7d58fa7792d29bb9cafb5d6641b8e2a418e62835ea40e08968b161d389f000fd7417eaecc2054c25a9e30ea0fe2e52a87c29215\"","dc4_server_salt":"\"cc97cc8415cacb8a\"","tgme_sync":"{\"canRedirect\":true,\"ts\":1698572776}","server_time_offset":"0","dc2_server_salt":"\"0a3530c0bd7172cd\"","state_id":"1597351997","auth_key_fingerprint":"\"665a56f6\"","dc1_auth_key":"\"9a0c73bc5c7dbbe4992d3db10eee8fc851395193d6ba16f883058d431dfbe028fd1b473bc3b1df0b33254270b380a260a8213c98772f626b082b355b340589f2c01bb2e8a18019cca2d88c49e4f8e76ebf4b9b709ffd4c37db51399f223f3afec66bda3aaaaa216718b214efcae4e510a292c79faa05a75e1cf2ba304d6c03a0fce69b51ee10b57cb3c5f948c1b607012365392848b9ae372b4ef3b5af1abecfc79d14ef7be5cb76dae8b6c9a17aa3d91d273810f2eb889a36b5203599dd7336c6a4a6ac88178965240b5464b33f0f1629a41560d79673b8f6b4bf85a227a7c4682666a5583f93be188e406dad5c8d3b33d625590e47f891c7be011138385d12\"","dc1_server_salt":"\"9503f391fc6de02b\"","dc5_auth_key":"\"9404d9f058f2c9443f15d2db92725d1c980122ba4af63c08378f0c37383caa435f433f6652c1afe7a35bc53711186ab5ed9a5337994dbda58a8a92aff20f5764cdb0e1a5182991b85b27ab0bb5daed6aafd79de36784523faff6444c954da2d99be85c6016cc7474defd75d9da168b206c3bdc8ad441a3e4536267f46f42bef326c8918497e346d48856473a27cafc65ebc9689a766cb548ea51a28dcca84f9e43b0e32829492b249ca9662af192a03e9be5ecb8e736ac5ffb950f46fc9663222ca6e427455a944ec0d07ebac6d69ddecf4c629a7df8eba62fd62144078af50830e244e521350c2687306e17f43e25a6118f5c4e8c8743ae2cfe76c8d84eb881\"","tt-global-state":""}
VM40:1 —————-
undefined
