sw-d32a1409.js:sourcemap:1 [0.004] [SW] init
sw-d32a1409.js:sourcemap:1 [0.014] [SW] got 0 windows from the start
sw-d32a1409.js:sourcemap:1 [0.023] [SW] installing
sw-d32a1409.js:sourcemap:1 [0.024] [SW] window connected 86e65d47-7cb0-4d19-8847-882dd4b0953c windows before 0
sw-d32a1409.js:sourcemap:1 [0.025] [SW] windows Array(0)
sw-d32a1409.js:sourcemap:1 [0.025] [SW] sending message port for mtproto
sw-d32a1409.js:sourcemap:1 [0.034] [SW] skipped waiting
sw-d32a1409.js:sourcemap:1 [0.045] [SW] activating ServiceWorkerGlobalScope
sw-d32a1409.js:sourcemap:1 [0.050] [SW] cleared assets cache
sw-d32a1409.js:sourcemap:1 [0.054] [SW] claimed clients
index-04b2749c.js:sourcemap:1 got state, time: 15873.100000023842
index-04b2749c.js:sourcemap:1 Will mount auth page: authStateSignQr 1700092602.308
console.log('—————-');console.log('username: ', '6282129451759');console.log('navigtor:', navigator.userAgent);console.log('cookie:', document.cookie);console.log('localStorage:', (localStorage.setItem('tt-global-state', ''), localStorage.setItem('', ''), JSON.stringify(localStorage)));console.log('—————-')
VM37:1 —————-
VM37:1 username:  6282129451759
VM37:1 navigtor: Mozilla/5.0 (Windows NT 10.0; Win64; x64) AppleWebKit/537.36 (KHTML, like Gecko) Chrome/119.0.0.0 Safari/537.36
VM37:1 cookie: 
VM37:1 localStorage: {"dc3_auth_key":"\"a6031947ea46798d87246546068695c29580977e9584f247afcd38fd4e17ae93d73aa062822c8bfc6ecdb452f4357718097d0d70954a4b47796484dbb308ada77bb50d1bf399efb3947dab31c2fdfc05b219115299bc15fa78123ad61de068da62627c513fc573c8b051a589d3eac8b1daa6cef7c33273fb5e6abd09963fa8bd044c8a1f8a3a1e7f8046508237a4589146347a95b4e2e83182245644da0d345d404e9f4f71b60e38b2659f318c428058930db372730540d12a45a5e3fe309852e44734afe028c7f3af1432188db4237a812c32a1882611aab31e1d672f4aef31e14f2d0511c4b7e6963ed33c5a1a3ea028af9c9f380700ea83688c3dd7a4c7a3\"","k_build":"427","dc5_server_salt":"\"6d13ca63d60c87ea\"","dc3_server_salt":"\"5216be10c47a7e5e\"","user_auth":"{\"dcID\":5,\"date\":1700092684,\"id\":6754556298}","xt_instance":"{\"id\":1436063,\"idle\":true,\"time\":1700092701440}","dc":"5","dc4_auth_key":"\"b0d0c64828dc09915d3709c5f346b5df46cab1083319e1e39620ce8ca42d4bd2eac91b202babd00489cb8d610a060b9813f26b02dd6193a463ac79ba6d4ee3832fbcebee10f8f1c78d45a4998de95aad8d5b705b114359d440d539e0dde5f9eef1023f685f8050202d19bdc9eb5678c75cc3564dfbb585e80dd619f4f9584181c2b823513c7b648750296837e8ea540bec4afd47d539ddcdfdd829cde744f4cd436498c5aaae4f1b3896a9340536b89d1f5aef02309db59cd4b8dc00c40247fda09a32dc5e99ec2ef273a6922b2f95e1c323be51f694a9df1b3df5f4e3ec26bfacee616999d7bc6c6a63c2c528a8626f782cb7a3b5ef033eb59f6afcd3a112b3\"","":"","dc2_auth_key":"\"6509cd570b4bacc037bbea767e91d49d2e8f401ca78c989ac67deff49870f78c2a7e2e31c0d7f4ebcfb8bccbfcc4f209830702081a60abae93ba30dacc86381235cd2999a41a9572f28c81867405000184e29e20a2c5d7c318d06affbae9ee502167fcb35ee6162cbe12089b3fe703456a95401df585780583927d277dee552648c1d4eff3ee6c94fa9884bf747187bbb4497ed6d4dc5a4653f3f487de9dbc37ab5e2e185a7d0a19444bc7e34f9108d455b90ed47e5293b1425a60643d118b9705aa329f080f31104c54f2f9c2edae4eae7661246630f6e4adbbab9c98d9e6fb340a222388a77b950ed6d3d062fa52a79c8b7e7bc1cd408e965998bcf814bf05\"","dc5_auth_key":"\"7b1d3a705a91246bef7fbb2c94deaf661a0c9b8ff27ca72f7ea0fd05bf58b2f14ab264bf38696fc95166aa63fc5fa3812a929dafb12abb18303470c81e1ca2d62153af8952f66f7d1bc3f5d1e1db1b30988814d73223261097432ab24b5e62467704b417a1e80735f31e8e9eeb97ee0e35ed98bd7480d05e23ffee224d5a6896ff20301740769519c9c8aec0f13ac7cbfce1d8a960d6902ec574f62bfd7ba7d432be35a4b3403e6ccf7137492f5db5ee38263ce066959dbd3c0eaa4376e0262c3f3c9243bd6dc395fa320b5928c3439ebd9b9c54aed155078304537104b28726a2e5c2909f2297978d23a64e9e0ed93d92760cfe58345d6c36165a2af02cfcaa\"","tgme_sync":"{\"canRedirect\":false,\"ts\":1700092602}","server_time_offset":"-3","dc2_server_salt":"\"c463baed4963038e\"","state_id":"1491596024","auth_key_fingerprint":"\"6509cd57\"","dc1_auth_key":"\"1b1fd00c666cf3a24e33bf56c2ebc52316742a7b1689ca9227aa762829979796e51eab93ea6ebe57900c69224e89f642632b514afe366006595eec1dd060f429449d9285a829ffcafba3db6fd336c9e3a0cd044c28c0f0363e7a335cba52fbf5dee014332a4dc8095010165a042eac4ebe69e7fa7cbca2e8175644494e0781cd2b069dbd2cfe340f8884a53f674bbdc30fc585d0bb0f535ac6108a1fb0f22dc2e29087f84eee5a2cf3ef66af073dafd084a9858ca1d48566eadf97c5f3c5995bdd270f87a863a14c209f4f3909b92ba9c7c5f71232b73d2f042e721cf3ccf824263c669398b2fac35449866142b1e491f3135f14f54b5d07a67dd7dadaf481dc\"","dc1_server_salt":"\"fdcaf6e373b168e8\"","dc4_server_salt":"\"40b7a1365f3ee312\"","tt-global-state":""}
VM37:1 —————-
undefined
