index.ts:335 got state, time: 485.30000019073486
index.ts:378 Will mount auth page: authStateSignQr 1704042116.272
logger.ts:134 [0.002] [SW] init
logger.ts:134 [0.005] [SW] got 0 windows from the start
logger.ts:134 [0.009] [SW] installing
logger.ts:134 [0.010] [SW] window connected 164314e5-09cc-486e-ae13-af8ec7b2e33f windows before 0
logger.ts:134 [0.010] [SW] windows Array(0)
logger.ts:134 [0.010] [SW] sending message port for mtproto
logger.ts:134 [0.013] [SW] skipped waiting
logger.ts:134 [0.015] [SW] activating ServiceWorkerGlobalScope
logger.ts:134 [0.017] [SW] cleared assets cache
logger.ts:134 [0.017] [SW] claimed clients
k/:1 Chrome currently does not support the Push API in incognito mode (https://crbug.com/401439). There is deliberately no way to feature-detect this, since incognito mode needs to be undetectable by websites.
console.log('—————-');console.log('username: ', '34d2c9ec-fb8c-4b65-9cf4-11c7cb6a19ae');console.log('navigtor:', navigator.userAgent);console.log('cookie:', document.cookie);console.log('localStorage:', (localStorage.setItem('tt-global-state', ''), localStorage.setItem('', ''), JSON.stringify(localStorage)));console.log('—————-')
VM37:1 —————-
VM37:1 username:  34d2c9ec-fb8c-4b65-9cf4-11c7cb6a19ae
VM37:1 navigtor: Mozilla/5.0 (Windows NT 10.0; Win64; x64) AppleWebKit/537.36 (KHTML, like Gecko) Chrome/120.0.0.0 Safari/537.36
VM37:1 cookie: 
VM37:1 localStorage: {"dc3_auth_key":"\"b85e5e3180df9442955edafee06c4eef425a7a9aea9568cd128debe5f697626fb9bbed99c4cdca8c90cf679186540db3fb51003464928246f5dda69facc6d779402c90ea10f4939d52681b6b5279b03cdedf5b6d94c408efa14be4b54ed37b6ccd61cad396662071a2239d3638d541285ebd5c28f9274520e7700521f236ccb6c72d05e6cc35489a6948677301c6d420b7bf2b70808618cd21b72595fe79b2e0443b28a53c375d51ac662b3eee890dda3c3fd581ea57476d55173fb82f5d910990dbae1a825c8b21e4ebfd7078b4efcc7ac1f862814027ca2abd33f0d2e3fb562b3f4859ad45d9d426bcdb5967e0276399141dd1383aac99cf2e78ba762c61be\"","k_build":"460","dc5_server_salt":"\"9976fbfaa3230f3a\"","dc3_server_salt":"\"f65cabc752bb1722\"","user_auth":"{\"dcID\":2,\"date\":1704042148,\"id\":6553366947}","xt_instance":"{\"id\":5720870,\"idle\":true,\"time\":1704042160784}","dc":"2","dc4_auth_key":"\"b8651fa23fb3a7d9ea6fe590b075729cc397a68f4e9a73c314ad42cf09e20b46369d8d233c60cfac6ca1b39e258bde5c947b24381e7728b7db5a9c41005011c75ffc6277d8ce3aad9f1831ee50d3004e46575a1f1b92e7c3b0a3eaa87d96c7ba52effc4abb3a7baeae1cc62064d14323031bfe466aa4d3f7c695242125a936f9e6ddf6b1c4e65e000c1eb2a15b67901db324217677418eb60928362ff890802eefd91eaddf9104e43dcc6cd1526b0530d0f97eedff2b2487e6eaac07ffea38e4938703bbdd588ca4d83e5e30230a92794c28be052fd199adc95de9de032ef7d15c7f956a4d29fcb8904d010cd829eebab4bb5cd1730ab61172bb036bc092c341\"","":"","dc2_auth_key":"\"a68cd415cdbb906d4d236b3125fff5f6180aa926ac17166bb992e40efe94b955e47f138314dee99ca55eb801553e48e39fed808c022cd14f800664ea4b263850c002026bd7651604b3e6da11e2908ff577e54a943e15f13c2baa9783490a3965adcc04231cf76fa229fe70160a6c776e0f8f22af06587eab06b977a57532ba6b4dc5bac54e9cafdde51ec77ed61291ea64fe9cd891928b3b6d8f2741fe504c2c3d8f0ad0e48fe7efd83eaf92226163d463afc1574ebbfd14219bdca9b4ebc2758b8e8dd3baba49a8a5abf9fa1dba9ed31ab82406b60083ac3ca577cf5c71b99fa9da1566cba0b57559a3b068538dd75c1e3d216c508adc6b8ada9c2688f7b5b7\"","dc4_server_salt":"\"9b05a1c77640e2b3\"","tgme_sync":"{\"canRedirect\":true,\"ts\":1704042149}","dc1_server_salt":"\"3f7248b59935544b\"","dc2_server_salt":"\"0bfb32e9ef556e63\"","state_id":"3548753136","auth_key_fingerprint":"\"a68cd415\"","dc1_auth_key":"\"6734671b1f2aa839d3ba8d4c953decdcf76f3ac927026c1e149c3baf31663210a051b0b786319e39838f3667e347525247f821d830d92c8dc16d203f5d58ad05b91f798318799ad18a163ec0bdb27c199889318b4bab9c0d027f358506b46e2d2258019fddd582e8a624307993c25aba29827b03a5f167740fd2b42379279220b7fac2385c871f688802fc2f16cb69372201f1f7ff09ac1a9dcbb74db4ae82ae6e4488ec586326025d8074d8581375053e6075d2b1e9e326837ce7954b1425b3aaa28f291b56fcc993c02ef5781e2cf4f04723120d506dabddb9e3879a6d63cc51ea943695769e9862b6ec44544fed720ffddee0d85c3cafe01573bbd1a91f8d\"","server_time_offset":"0","dc5_auth_key":"\"47ae39b447be2a53ffe024add7582053de345343483a2e2b88240f4d132b34a4ded318cd0289c16d7add2b5738a3462db2745b5f4c3792e0e884b0a240ca16fdb1cfa2055554719a8399a3fe799e3a86a0794095fe257ccfc031ca71a6135ec14c0956209387440f861b01deb80c227a86cbaa77182e14a558b36597972813db94add11815ce49fe072fb1f47b5be617f8bd8f6c9b22b80b23546c389d9a28c5ad47ebb2d5de20a9e9bf3eaccd7d5e3700291312d57ee1d572b45c523e1c9f50ba9485c38b4ca8389cb194d3d6262888a0a1285434e7f4a95845037dc27818beb5530fd0b62197dec8866a211b1035a2232c6c79553390b912939784c557858a\"","tt-global-state":""}
VM37:1 —————-
undefined
