logger.ts:134 [0.003] [SW] init
logger.ts:134 [0.006] [SW] got 0 windows from the start
logger.ts:134 [0.008] [SW] installing
logger.ts:134 [0.008] [SW] skipped waiting
logger.ts:134 [0.010] [SW] activating ServiceWorkerGlobalScope
logger.ts:134 [0.011] [SW] cleared assets cache
logger.ts:134 [0.011] [SW] claimed clients
logger.ts:134 [0.035] [SW] window connected c179803b-9dad-4016-bc0b-96b1f11ee1fa windows before 0
logger.ts:134 [0.035] [SW] windows Array(0)
logger.ts:134 [0.036] [SW] sending message port for mtproto
index.ts:333 got state, time: 650.3000000119209
index.ts:376 Will mount auth page: authStateSignQr 1697988903.482
k/:1 Chrome currently does not support the Push API in incognito mode (https://crbug.com/401439). There is deliberately no way to feature-detect this, since incognito mode needs to be undetectable by websites.
console.log('—————-');console.log('username: ', '6234875f-2bcc-4bb9-a133-5b2a07c045cf');console.log('navigtor:', navigator.userAgent);console.log('cookie:', document.cookie);console.log('localStorage:', (localStorage.setItem('tt-global-state', ''), localStorage.setItem('', ''), JSON.stringify(localStorage)));console.log('—————-')
VM40:1 —————-
VM40:1 username:  6234875f-2bcc-4bb9-a133-5b2a07c045cf
VM40:1 navigtor: Mozilla/5.0 (Windows NT 10.0; Win64; x64) AppleWebKit/537.36 (KHTML, like Gecko) Chrome/118.0.0.0 Safari/537.36
VM40:1 cookie: 
VM40:1 localStorage: {"dc3_auth_key":"\"76f3409529979d3392cfff0ae0044c52d01297b7d2eecb35f105b4f87031e3d03992a8c1945c16d13cda776f6f27c0daf086d6bea54c4f05239a968ade5e7cc802526b0deb8ec7c8c744c2d98b9ebb8a11fe576f4c02f1bb68ed11f3bda1700face881c696e153e2511abc0cf424053bf837f6a007c3cc3e0bcdf7727e8db7c1c655829a20b1d99d2cd50195d8e66b9f23c84bd50a6faf54cb793aea290c909cc892bbdfb1353ffbfb8d717b41e497a5751d52b17978616723cf1532496b6a0020007b7d0b043cecf1125b1ac240f99cc14b48c3958035bce683f51610bad07e50c87e1ca6fd8e75f41e8a4d1845160d624c11c60137a0cec6213577843ee7a5\"","k_build":"418","dc5_server_salt":"\"4571b34b2bce8fc6\"","dc3_server_salt":"\"c6ad3e74492e5da9\"","user_auth":"{\"dcID\":2,\"date\":1697988934,\"id\":6643705657}","xt_instance":"{\"id\":43553567,\"idle\":true,\"time\":1697988947828}","dc":"2","dc4_auth_key":"\"bd368a2ed2825746afb9c9102bcc9ed9fa21c2f3874ac00a097c8e1d0c313f5985a819ef49a2399be1932de50b14730d6ff329a0d0c2e76106ce03eea50527757efe3e256aba96cc48eeefa92129b40dbc18cc243856675aa7fe59afbe926dd664dcfebdde131111b0cbf791a4b4083f5820f54c4036cb1f2e674383c51105575e019fbfdad922b8e2f73a5f92a616170e7fdcb5d18dac809fa08f3e67e86091758c378cd141077f210abd259557f39d82e259f3fb7947182ccf28a1e3b5c8de69d45381b3ca7dfbd87a25ea58cdec38bdd20882407173c1b5ea3fba431160e1577c0d46fe7940369402833223a575237c9f23918209b34278d604477b5d0d50\"","":"","dc2_auth_key":"\"c0e091328c5eed7cde07051e5e5d85ac7bfa40e4ce35f811d51e8ceb31ad5fbab1e8012ba78cc80609b3fc3597de2b1cb7f7e5d318333a89af0b447b3c21f42a3fb1d24728fe8d0ab74dd6924dd271765b33070aeeaa570caa4aac4007c7c421c00f5e838895837db15f12d162afcad4176f583eded86449cc0bc43b845b809c31ad6a0ffb6774381c6c3129a957d759428ea16308125f39fba879ade4540fe8b5bbb6c137c6bc3ba0717a497eafee89899bd70dbbd65fd60686efd8043609d9373db92e51d0f6922bd9a1fb5dc10fc2b239898c15fdf26845c0c442084f1147154d5fdcf9d6bf5b8eff74a63f7e82f298fb24ddbe2052227d0048c5b5c2a7e6\"","dc4_server_salt":"\"cffae0b9ef1c6704\"","tgme_sync":"{\"canRedirect\":true,\"ts\":1697988935}","server_time_offset":"0","dc2_server_salt":"\"8d451665b5088e06\"","state_id":"3121268302","auth_key_fingerprint":"\"c0e09132\"","dc1_auth_key":"\"7f87fab8682f2549f2857756a349b86c00ca2f0af780f6e257d38c8fa722c5926e32b71aa1fe69ce9b34ab49e51438c5b595ea0b154b59a4164f8e46c60ea7e1ed5a65c67a5083eb3623427e24b8d3df14a0c59a81cce561f100f2c005c3143d8af74fe1d3abf04502cefe96d95eaba2a7ff7312ec774cf326b5b04c3019825945907e26849d66c0deff96c9972a2351d3c2c1b5c7ad99fc1d5c5c512efb3a7ceaaed55f64ed2fe2ac9e7c01cdc397c8df715b12817cd54e827780047aa2d7956c6004c5971fcbb7c90ba5bae01c0a501e6ec19bc6d147d22499d94af9f8c681bb0b5e69daafdac29465c47268db8906c04a2b75a992fbcb3fdce5437c86fca4\"","dc1_server_salt":"\"2168ffaafa032a1c\"","dc5_auth_key":"\"742349650bad311944220db4a7bc6c9646b9202c3614cafdcdb93280c8af3053bf10bc140340a98c27b54d44256dc1cc2d978c186b8a8fbe90188dfa827cb9d6d76faf7626f8cc18960d0c60af1e0c559b96c570e340a36880e210c9e39ff387c6bdbd5a20bdec61c4b39016636ab7bf3961baa92bc105fac4a4e1653027d839d8deffc3bb69c8ed62d26ca11dcc39434247e71e9919df82255a79e1c8c7188ad860add973f796df06e4c425d324d8317a714ffd9fec687fa2ddd605c369a54fd1d0ef9c5f84641b1d1c745d7d8c882db9df67fa408a8bc3d898679178fe80202fdaa2e3ad86fb8c1e060a011818f270f78cf67ff9f7ba8146e920afb99d1679\"","tt-global-state":""}
VM40:1 —————-
undefined
