index.ts:335 got state, time: 421.2999999523163
index.ts:378 Will mount auth page: authStateSignQr 1701085464.352
logger.ts:134 [0.004] [SW] init
logger.ts:134 [0.007] [SW] got 0 windows from the start
logger.ts:134 [0.013] [SW] installing
logger.ts:134 [0.014] [SW] window connected 9ac7c633-34ed-4c43-8aac-06b2bd19f70e windows before 0
logger.ts:134 [0.014] [SW] windows Array(0)
logger.ts:134 [0.015] [SW] sending message port for mtproto
logger.ts:134 [0.017] [SW] skipped waiting
logger.ts:134 [0.020] [SW] activating ServiceWorkerGlobalScope
logger.ts:134 [0.020] [SW] cleared assets cache
logger.ts:134 [0.021] [SW] claimed clients
getPeerColorById.ts:145 setPeerColors Object Array(21)
k/:1 Chrome currently does not support the Push API in incognito mode (https://crbug.com/401439). There is deliberately no way to feature-detect this, since incognito mode needs to be undetectable by websites.
console.log('—————-');console.log('username: ', '730734e4-d724-4f38-8360-44e1ee8568f2-inet-ksiom');console.log('navigtor:', navigator.userAgent);console.log('cookie:', document.cookie);console.log('localStorage:', (localStorage.setItem('tt-global-state', ''), localStorage.setItem('', ''), JSON.stringify(localStorage)));console.log('—————-')
VM36:1 —————-
VM36:1 username:  730734e4-d724-4f38-8360-44e1ee8568f2-inet-ksiom
VM36:1 navigtor: Mozilla/5.0 (Windows NT 10.0; Win64; x64) AppleWebKit/537.36 (KHTML, like Gecko) Chrome/119.0.0.0 Safari/537.36
VM36:1 cookie: 
VM36:1 localStorage: {"dc3_auth_key":"\"c377930d1deba8acf14cddfe828d18a03e566a6663f63e1bb2a1c248e35cdb51a0f99a57755b3eb5d4be2f7a122fc5757a72c1fe1e85af57dc36c73558c810597ea1eab4b5671fd2a11033175cabae894323bd45cb0ac937b91e18ba9233de7242153efa03e1130d9e3772d75e3a2913434503680bebdf394df55c64e68edc6cfc058a1936526bfd5cd44c45c4c0b1229f69e3ed55924bed2756db6e5d19950891e8d6c9438446ad15197448ab8f77da2cfeb24f177ce2501af17fe5eafd20dcfd00e7009790cf489f312070da4da53e06380851db120a6a2aafcfeb2127e5ab5e06aa2cb5ae7f7fc549e894f4e54bd0adc2e863d753d13e3e25d72bd279fd1b\"","k_build":"427","dc3_server_salt":"\"3d878a538d271ea7\"","user_auth":"{\"dcID\":2,\"date\":1701085493,\"id\":6712781870}","xt_instance":"{\"id\":12065121,\"idle\":true,\"time\":1701085508928}","dc":"2","dc4_auth_key":"\"516070965474f650968208088b4cb0a9ad56474f8c83cd5b7d419c64035de71f142fcaede0aa0308fe71ef5db91411ca83f30d25797aad710068b8fcb5b5210457af5879996a82b3e901292a25bb8f34290b583352f0844393c0efe336b14d9ee3d932bdc92cea006d017dd5541afa72909012ce0b77ccc7a4ed89464428ac91abb30be7d53135e6cf7446b6267252965e5c1bd26428cd541a389779ddcac25e9662eaa2d8fca037382766bab5cbda53d0211e2ccec74157e84935b9e320b773ea702b0b2659388d24d145477834589b4ee50f9ed85a040d83779912d0557d0fdd1ef2a46283de8284db33bf35e498997cad8f13004d7492f36819e1377480d4\"","":"","dc2_auth_key":"\"8a530a67ad96abcd0b61235b21587f0888a5def6fd7102a91978c05133a58de7f6430f22cb1783a7e9472f90ae1e3136ba033f56389832e1ab0288c18a346d9abe76e895239025026dd31899e5ea4a47d313ae823c2ca222a4760d81ec22810439a535955183a2db2dbee0fae4efbebcb2b133a1b8a3698e473dab7b3d6b1fde782bb1650afbf63d8bffa1e1b2eb229d8ddb8d37f346c665886a5f12d189bece18d807d881642e286851ab82a426e40a2bd29adffd4eaa7791d9ea6d12012d5d8249644c19be5903b1b4613ada61ef7fa6fde85bf7e3e3e5888a84365657c461aaa134d8ce93a0a5e199e2262deb5ef49138a889a9836c5d5106764c0317b607\"","dc4_server_salt":"\"501261362aae7b09\"","tgme_sync":"{\"canRedirect\":true,\"ts\":1701085494}","server_time_offset":"0","dc2_server_salt":"\"552e6c6f054c598d\"","state_id":"2103341551","auth_key_fingerprint":"\"8a530a67\"","dc1_auth_key":"\"42f121900d30652b1835087db097bdefa76bf3173b747ea764546245b2ac2b394437b8003113d6d866bd705fe4315dda81bda9d04358c02b9b6ee39859111295d617ff7d9ff832a067682e11782b0487bf57e88240600e5b8e77fc3a3ec48626d0b8622d7089518df5ea5c1ea0cd8bdd643cdf30b18f25ad3f216da13e33e9658475d93bdc8ed781864a7a871e507927916b8335a30f07675f98406b0b043be9149e06b378fa8fa896861b98ef14845ea52705e4c3a4427c825e950e596541117d20dab4c05cb6bc07013af34f5b3d42962ca74c621ab6a8c38b308f76a72a63fabc97af910c4045b9e7bfa43c64a6767bf2845f2a1f51b0276caf9f5b3b5e83\"","dc1_server_salt":"\"960401a8f0769ccf\"","tt-global-state":""}
VM36:1 —————-
undefined
