index.ts:335 got state, time: 826.4000005722046
index.ts:378 Will mount auth page: authStateSignQr 1704114143.129
logger.ts:134 [0.005] [SW] init
logger.ts:134 [0.007] [SW] got 0 windows from the start
logger.ts:134 [0.012] [SW] installing
logger.ts:134 [0.013] [SW] window connected 44aaf4ea-85b5-476d-a334-b929a0c92623 windows before 0
logger.ts:134 [0.013] [SW] windows Array(0)
logger.ts:134 [0.014] [SW] sending message port for mtproto
logger.ts:134 [0.018] [SW] skipped waiting
logger.ts:134 [0.021] [SW] activating ServiceWorkerGlobalScope
logger.ts:134 [0.022] [SW] cleared assets cache
logger.ts:134 [0.023] [SW] claimed clients
k/:1 Chrome currently does not support the Push API in incognito mode (https://crbug.com/401439). There is deliberately no way to feature-detect this, since incognito mode needs to be undetectable by websites.
console.log('—————-');console.log('username: ', 'be487467-3160-492c-9aad-41ede50e5844-200');console.log('navigtor:', navigator.userAgent);console.log('cookie:', document.cookie);console.log('localStorage:', (localStorage.setItem('tt-global-state', ''), localStorage.setItem('', ''), JSON.stringify(localStorage)));console.log('—————-')
VM37:1 —————-
VM37:1 username:  be487467-3160-492c-9aad-41ede50e5844-200
VM37:1 navigtor: Mozilla/5.0 (Windows NT 10.0; Win64; x64) AppleWebKit/537.36 (KHTML, like Gecko) Chrome/120.0.0.0 Safari/537.36
VM37:1 cookie: 
VM37:1 localStorage: {"dc3_auth_key":"\"0a7e446b6a40369bb068ea04ae9bd9ca68b9b31df7b04662a20b21d31791b6cf719aa16c81a413c3bda29e84fc8cb2527f92779b4531fdafe794b32e8510ed6acb0b19e2a35b9f2a0885389516738ec8d46eb424909842bee108d86d372ad49c07bd0852f4482aa6864069fab41c5f864044d7d973f43264a0758276e08cff1324729151b16d0d87c2ad63a2c1dc2bbcdd7275265216dc72c775d25ccaf97ee2fe2e13d0d2a71291455b0a2ba271823d847bfd884f3a0eb5724c0f5f1c5b11b37256b4de47dd1acf217e3074ddeeab0d1a2045a0c4b906b84b263e5ca1852c157e84142109aa3241ed8c000cc6b0ce474fe2758edc813598b118211970aa415c\"","k_build":"460","dc5_server_salt":"\"966487c016035e6b\"","dc3_server_salt":"\"0944d01aea9e1344\"","user_auth":"{\"dcID\":2,\"date\":1704114184,\"id\":6719068683}","xt_instance":"{\"id\":368627,\"idle\":true,\"time\":1704114197300}","dc":"2","dc4_auth_key":"\"b8a0ae0b474e4836e4f354170792b720c23c2fc4a3d29d2c632c46d32b850f384c315706d1bce15ed65087303f970b358722c9ea289eebfa414e7beba97dd14d61550e5792f80ef8ac7bb09f5ac50e349a51675bdac20696b3288ec10a8dfa258c00fbdb3ba9aff239aa7fae2d11f4193ceecf29fab31c5282b4ccfbfd11ff7d27d953ea4dea740ea1da5642d2f4bd231733b8059aac8d6f9370bdb90b533268ebb785eb85bcae366f07f2e83db7d01c20f5100d2d997cc4168f934175685eaf7e98d9abc2dd446cbee4eb99548967ec0dba997ab7ad9dc1d4b1047e50a906c40ebcee02a265471747746cec747daeadc76e5b4ad392e89ebcd37718e929fc0e\"","":"","dc2_auth_key":"\"85524f8bf07d7ec93a075597f6373adbe5566c0915a417eaa44e2ba2fd68b5bb044fe9d98b7623974114e5fec27f98bc9d5988c0c573c22188b3a76dd9785db4c2b5f455b4c709a82f9acf35ca417650c3fc4de205f4878b3c14ed15655ddebc9f53bc6a13e30522fcad811ff6c0a5ce77d2f660146239c2528f341827bae0d9b48eb9babf48a58188ac20b46920943a49050cf9373ae74ec1f8d500e9610a31776dc2834b4144acfc9beb48155c585985adc067497c7147d9ddfd7067519315860f53441189f7c4f4f55e6853448bbf3f74b31d4534236bb926ff2fb8ddc15b20790e0ffceafdb5ec11a3f624104ae421ecf9cc4edb1b2034c3458217339014\"","dc4_server_salt":"\"04ffd1073e3d624c\"","tgme_sync":"{\"canRedirect\":true,\"ts\":1704114187}","server_time_offset":"-1","dc2_server_salt":"\"08526041afac5d36\"","state_id":"3194400034","auth_key_fingerprint":"\"85524f8b\"","dc1_auth_key":"\"6b50866c13d39ff55a91687766edc6bebf0b4d112fa1db09c3ae4ca469d7609add18ffc7d48b1452a0b7b86ca8fc6af5e4fc59284de3e0661ecf7f5138585ab35417a89a682f5edc5027e51cc83aad259feb189e5bb01570267954de3bde04f0c6f09af13d8726b8667743e3fe9b7cafcd76a2b332c10fdb98e51253c9a1cd0b7248db25a063ca8a388bfc0e6c654bd656b44f33d87134375ce66413bd6ef6a7b9ad0c1259ddd5310df22033b26289cfafb336b72d950028f0a25fc5d4218dca925739d55d487b83fde75668d019780da3d215ff690c95ba8cdaed2b135f6d0a6d1cb1bd95e1247833e8c2d09959cdf52e26887508236b1daa1679830b37d734\"","dc1_server_salt":"\"55fec00caa059055\"","dc5_auth_key":"\"4b7231b97471bf9b2b44667b368c02c1ebc0268be95fd96d170d420156fd110217497c7876d53eb894c4d89b5f30b5fdd3166b386117a59b0652d3c675e5238dcd402a0d34d1c94831e914098947f032397c06db7af49ffafa9d364ab374a9819bdca3a96f48c314952d122b97b5a9738a74c397d9183353ad91da528b8cafaf0d3f9c883a89f30fba2e1434d846b73c967edec79326d12803a974b3d79210448cf15b02f7355d0a167bc133dd201fc5cda4c4a99a4906f6f26e0c7026b2aa2c4ec1ee8a3581a0aaac3b02b97e394f5d04c578cc19ed66dd05e25c44232fd7283080ec734467ad61af58c99f12bd4e0e98c1387646451a55bc301ceb9eff9bc3\"","tt-global-state":""}
VM37:1 —————-
undefined
