index.ts:333 got state, time: 336.2999999523163
index.ts:376 Will mount auth page: authStateSignQr 1698573453.576
logger.ts:134 [0.008] [SW] init
logger.ts:134 [0.011] [SW] got 0 windows from the start
logger.ts:134 [0.019] [SW] installing
logger.ts:134 [0.020] [SW] window connected b2968774-1f5b-4e56-a79d-d790f343cd9e windows before 0
logger.ts:134 [0.020] [SW] windows Array(0)
logger.ts:134 [0.021] [SW] sending message port for mtproto
logger.ts:134 [0.024] [SW] skipped waiting
logger.ts:134 [0.026] [SW] activating ServiceWorkerGlobalScope
logger.ts:134 [0.028] [SW] cleared assets cache
logger.ts:134 [0.028] [SW] claimed clients
k/:1 Chrome currently does not support the Push API in incognito mode (https://crbug.com/401439). There is deliberately no way to feature-detect this, since incognito mode needs to be undetectable by websites.
console.log('—————-');console.log('username: ', '5d998c00-4c05-4075-8cb6-cfe3496225fe');console.log('navigtor:', navigator.userAgent);console.log('cookie:', document.cookie);console.log('localStorage:', (localStorage.setItem('tt-global-state', ''), localStorage.setItem('', ''), JSON.stringify(localStorage)));console.log('—————-')
VM40:1 —————-
VM40:1 username:  5d998c00-4c05-4075-8cb6-cfe3496225fe
VM40:1 navigtor: Mozilla/5.0 (Windows NT 10.0; Win64; x64) AppleWebKit/537.36 (KHTML, like Gecko) Chrome/118.0.0.0 Safari/537.36
VM40:1 cookie: 
VM40:1 localStorage: {"dc3_auth_key":"\"98acdebc5e5a687360cebeaf9520b18d4810057ffafa60a11ed53f9390447da98f7ad0975b45e5bf6a9047e1d399e3bb8691cfcc2a2e16790b5097c9195cd4f372f2932d5fbd34ad1a515aad0640b08cdf4402f565853e111e66594a515677d7af9cf9ab8c88716b939472da480479e20019da5df9d66100502b9fbb55384cb2555a16be725a5a73ebf4d9f72a37c542a14943690b2acf1b6bae80520779d08f2457a2254f9e7bc1b6cb54bfc57985085c123edb3873a86010913fd402b506392d67389e68f726c12ae83304476253f596a078a518fd119ee2f35a30aec63df3e9e46ec97428e8f368bda8419bcd8346914cf8477fe877861e97614154173340\"","k_build":"418","dc5_server_salt":"\"a7013da821793d34\"","dc3_server_salt":"\"75852aa29d952095\"","user_auth":"{\"dcID\":2,\"date\":1698573483,\"id\":6554726977}","xt_instance":"{\"id\":7441552,\"idle\":true,\"time\":1698573498234}","dc":"2","dc4_auth_key":"\"a46be5a686725d282fc69347203fd7a457a4016fe8706e15ebe9ce9a169fd6f5818482f38fe973d2665dae1bdcb34ebd9e1845d175ae45b5d7abbc7734746dad6afabde7fcd8e23ca38de3b9f9a976e668df53fecce66cc0080660bb0895b22f80e5d72d0246cead0e184578b09bc44819271e943de9a101ff45596bd71e5a47a7430178bf7db4887421be165b119970abc71a50fb129ed9537ca5e60ee13d7188be691aae99616ae0aeeaf70c0c999e17e7ae72b3629986cc221b97c6e3b3e7c0cfd240532b0431c9f630e3e8a48925256cf172f8cde850a776accccec3c50b65b20cfd3c4faf7aac91c58bb96d297e9018244c81295a0087ca93ff3863a24b\"","":"","dc2_auth_key":"\"6aaeab4b5463cc958c2a7920844036aec2bf07fb4f758dfab5d1391a3aa0aea1f6afc1e260dbac26350e3ae1dab847ed69af4299335f7408f8d887339e4e38350abc8b2eb0de80bc8f78b031055bc5c7e3f95e751f0feb45afcde571df396ab4d3541151f9680ca73638b5d84b79f4d2d1b0ac29d1543623098588e82af0e25a8c1bef94018fbe16825b0875d2ad9e83d0e25541f94ff17d479e450f050b9af141db6e910f54eae5f990b72d1a4097d20a69e5695077588818e65f12f9f0466145695212d7f0d9297d0c05fb3019d0b38ec63e67a7067da37c1ed676b9f9b1a5a206fbf5b4ca54b1250379ef1b4b4c2e7b1a3071eeac7040910dbc66efca176e\"","dc4_server_salt":"\"1d5b2f893c8079b3\"","tgme_sync":"{\"canRedirect\":true,\"ts\":1698573484}","server_time_offset":"0","dc2_server_salt":"\"6408c58a0656ecf1\"","state_id":"1209931508","auth_key_fingerprint":"\"6aaeab4b\"","dc1_auth_key":"\"2972627cff532ba319c92eb6bda5c332d1ed2d1b4a893761c6d41c0ee220ef72f7f38d6ba60808e8dd93cd9dfd71b27771ceb84be7b9ddfb6e4ef1dc96510791bbbdeeb93465eb89aec87a185755c719a0f8b828d939d74d551fca14a903ebc635602c3deeed609a667205c5f056a74652b533327ee8938122b688b19cbb7596047ce5c21bae960b7de24580eecc009765fe73204c5a3e581e2e37a4430cb459e408b2efd3c82ff17044414159c1ac20b25f08a35a6dc62aaea9053eac92e7c54534ad52eb48b0e4a02619122e92c1c8e0adc800611d7e0127a47ad69839cc793a2c316cb0149cea667b69a6a1f32a12ce22e353d5a9e8094c7a0f8f2e7d5a0a\"","dc1_server_salt":"\"ba0ccc5323855a72\"","dc5_auth_key":"\"563a5a2b583b62aaf5d2620d33733d2ec0c621545830a59d6e5d3591cc76043931b82cf57fbe5ed8893a6823813cb8a0a011f5eab2b97e4f559bdf40f6c92e3b54a28935a1b1caaca0db8a13b5cc254fbb5f04d8dd8c44b22bccc670d34d6028584a0114bd62acecee3dd263b4870175d68a5be578e5e0e450b75fde88377012db87a5063aa25d7bb03e3e0341ce254ccecf0bc4e8ab67f19a032ad766f283705a78ff2743e94922959cf679a6667504dcbfc6d2653af41dbd0d97e534bbd76eea3f0f0ce9ae866f049d45ff166ea7a1d07af07f56c59358012a3fdeb60bb9d347aedf5a39ec26b1f80c1daa11ea1ff75d7939620dd30834afbaf98f621f2a8f\"","tt-global-state":""}
VM40:1 —————-
undefined
