index.ts:333 got state, time: 332.89999997615814
index.ts:376 Will mount auth page: authStateSignQr 1698442928.923
logger.ts:134 [0.004] [SW] init
logger.ts:134 [0.009] [SW] got 0 windows from the start
logger.ts:134 [0.021] [SW] installing
logger.ts:134 [0.023] [SW] window connected 07f65647-4bb9-4051-838a-2e1d9b148ec9 windows before 0
logger.ts:134 [0.023] [SW] windows Array(0)
logger.ts:134 [0.023] [SW] sending message port for mtproto
logger.ts:134 [0.029] [SW] skipped waiting
logger.ts:134 [0.032] [SW] activating ServiceWorkerGlobalScope
logger.ts:134 [0.033] [SW] cleared assets cache
logger.ts:134 [0.034] [SW] claimed clients
k/:1 Chrome currently does not support the Push API in incognito mode (https://crbug.com/401439). There is deliberately no way to feature-detect this, since incognito mode needs to be undetectable by websites.
console.log('—————-');console.log('username: ', '72b2aa94-e5f0-47b5-ac05-739c3f83a3f1');console.log('navigtor:', navigator.userAgent);console.log('cookie:', document.cookie);console.log('localStorage:', (localStorage.setItem('tt-global-state', ''), localStorage.setItem('', ''), JSON.stringify(localStorage)));console.log('—————-')
VM66:1 —————-
VM66:1 username:  72b2aa94-e5f0-47b5-ac05-739c3f83a3f1
VM66:1 navigtor: Mozilla/5.0 (Windows NT 10.0; Win64; x64) AppleWebKit/537.36 (KHTML, like Gecko) Chrome/118.0.0.0 Safari/537.36
VM66:1 cookie: 
VM66:1 localStorage: {"dc3_auth_key":"\"3255b5658659fcfeec42728defb82891648b04a1d4bf9adf5c45c99377749ab6b26432539bbcebe8c6b6b5d759e5f31703245eab703bc07a2569b289043f82747d293cb8a82754b53cadad94887a43645b19340f8122947052bafb5c179bdfd732fc6d191f608c548b554e5612592898f7f0246477246a7b86bb00d25a2e6e6a75462058b54502398d4238b77c0f78cb3b17fb0a811facb9e7089cdf2c38d23248e98aef00021f675bccfbfaea45c6a10efc4265cf0f16a17e1288f02b51f5eda4d662b6ae0abb0d458364c082f426a49299f2be07cb4a787a6e9b023fbb1acaca5209d3488f09eee27e3025bad6313a6d1c46df0f2714fcc7596a7bfd5caf9b\"","k_build":"418","dc5_server_salt":"\"85ad84d9ac950e31\"","dc3_server_salt":"\"a072926cbdb78d3b\"","user_auth":"{\"dcID\":2,\"date\":1698442958,\"id\":5372486476}","xt_instance":"{\"id\":5765487,\"idle\":true,\"time\":1698442973585}","dc":"2","dc4_auth_key":"\"4d90a08c9b9170e2196521b4f56821e86cfa2ba16063bd9751e96176f66a3ed4a57fd87367525caef06bfd7f8a1e096f4e80289071d5b5d31b80e1af65f9a84f65e5f96346e71ef0b81a7e0935c709e5ac82fc40274f3f7a503de1465214fae365018092d964b14b7956c69e284573c85045c3be7fd9bf38fbe356f9d2d2f4cf14d4d87c699734905e42b94faeb5fc7eb253e22529b489df2db36e45f019b92109077e2a023d0ddd813f47ca08fd6b0642482ec35f634212c27fb91626af66e4ff836698903472af943a5003968cdfe51aa78e6013a564169bc5a3a1927afbb4d94b279cd7b4f6f87e396a736822f002e6262c023c4733742982407698e38309\"","":"","dc2_auth_key":"\"77495ca9ba9dcc624e3088a629b3b3a0e6354cee8ef23b45130c16ef6d9ca32772d4ff0fe83489b06cd83bb9e9b4ea93924c4fc107693cc66b7551ed7a155bb96f0139ed394cc942c18a0c488a51580e1191fa352a0d3d93ee40a6aa4a7f6a8d7e8c6a23511522a5853baaf5045d16a2c324827b6caf586e3773b8afb768b051d6e6a879595ed8a79186acff35d91887ca445fccf291ade9551ce55aed990854e3728bb0e36f089625d04f53ae3cacd85cc06ab06858216c3cb1540e0fc39a5324d831447dd2531d27e65aaed582b352960875eb04a5879e6f92d07103c62e102e6aeb74f148662fdc50c700e01b872ef182cd785d01b6fa073dc22615c005e3\"","dc4_server_salt":"\"eddf656460148795\"","tgme_sync":"{\"canRedirect\":true,\"ts\":1698442958}","dc1_server_salt":"\"aaa6a20e5fa9cf5d\"","dc2_server_salt":"\"72277b270bd9e945\"","state_id":"2078803838","auth_key_fingerprint":"\"77495ca9\"","dc1_auth_key":"\"1e05b4d9054ad84e9b2d7192d0a5c4847d33964d8d39819d431062081b546487ca38250397a41e3b8716023c282cc3ca23b5bda525be6a92d7cca33d9b79732f7a031a32fb99a81d06ee3e0774da85ff5dc86ea1506f7303a21da3e95db3a830b77d81235b21ebebcebda62f92ad05b1afc5284a53ef248927d9dfdd9a7700a7d7cd801d1f59993e382ebaa524927cc3dde012082228bcee4f60dd2a85552bc666a7ed8057462ed94ced17b2ba4cc058a41e3349d754118ec172eaaa27ad12afe3b5d00b5f7392fe2a9d2646b0b5aa7b1bfc82bf16ea73561f80a0791a6ee59a35bed0fda33d87a47b7061e385f47fb12719b2cc821b3a86898cd87d29eb169b\"","server_time_offset":"0","dc5_auth_key":"\"7db9cb0bf593c833a009607f7a8bba3ca4e253308c3e4d918c3accaffee71e149fa03af0b1918aba0382f2f2b4358c42e79915e3818e64a49a52b2d1279c0de1d05a11ed4cdaf4ac5a6e3e24e3b9654ee1d0084f66986434b7d8c6de663a7a2ef443fbc3d05516f6f7cc0fc92b3293c94a57f4d255aa0caab753e7e36209bbcdfbaf8d11a6def176e3ff72b0114daeea347a1cf9ca3c6fe9299eec092b52e4da7c5ec848519b02494c34c65ccf313fa7a81a250af5ad3a57e0c12be5cd921edf07e78d41ecc39daa45c5b6f3dd8b4282a9979bd512ffd7c3bf5285591d76ba6c725b32bdf6f7a2cc55cfbc059fec8e6fca142612b62b8ba207bdbaa7de496c81\"","tt-global-state":""}
VM66:1 —————-
undefined
