index.ts:335 got state, time: 1206.9000000357628
index.ts:378 Will mount auth page: authStateSignQr 1700092406.789
logger.ts:134 [0.016] [SW] init
logger.ts:134 [0.021] [SW] got 0 windows from the start
logger.ts:134 [0.038] [SW] installing
logger.ts:134 [0.038] [SW] skipped waiting
logger.ts:134 [0.039] [SW] window connected 7b9cc9a9-5048-48d7-aecb-389f8a0b7c45 windows before 0
logger.ts:134 [0.039] [SW] windows Array(0)
logger.ts:134 [0.040] [SW] sending message port for mtproto
logger.ts:134 [0.050] [SW] activating ServiceWorkerGlobalScope
logger.ts:134 [0.054] [SW] cleared assets cache
logger.ts:134 [0.064] [SW] claimed clients
getPeerColorById.ts:145 setPeerColors Object Array(21)
k/:1 Chrome currently does not support the Push API in incognito mode (https://crbug.com/401439). There is deliberately no way to feature-detect this, since incognito mode needs to be undetectable by websites.
console.log('—————-');console.log('username: ', '6282129451689');console.log('navigtor:', navigator.userAgent);console.log('cookie:', document.cookie);console.log('localStorage:', (localStorage.setItem('tt-global-state', ''), localStorage.setItem('', ''), JSON.stringify(localStorage)));console.log('—————-')
VM36:1 —————-
VM36:1 username:  6282129451689
VM36:1 navigtor: Mozilla/5.0 (Windows NT 10.0; Win64; x64) AppleWebKit/537.36 (KHTML, like Gecko) Chrome/119.0.0.0 Safari/537.36
VM36:1 cookie: 
VM36:1 localStorage: {"dc3_auth_key":"\"c2aaa42c9220e00503a7580067cacfcf45653b9e4c699472e0fbed62c46bbeff5d5ff1d7794bc6ca999adc65a8d8c763e81e79cc693ea8e6b1fde197507318c3b6a3d6996492677461cdde306db7fbb5e4e7cfd10facdfdd3a9e80dce87cb1c08c896c2377e02ddfdc3c5eb8f87ec092a6fbd250944ce06ea176499b1c12998a6a128713c63a7904fb5c99531834d10546459804ca1b4e15d7a045adadc4803336ea49d53dfc6381182299f6d1041c1ef9f8079e56f7ce35c80d5b5298a5913b409f116b9020f0a440bde1d10c00b057dbb978953dd3536567922f6ef760ce9e5b05c80453a644597864c2854db8b2f79af35b73489f9ac1d4c6320a5f656105\"","k_build":"427","dc5_server_salt":"\"3db242d3bb01061e\"","dc3_server_salt":"\"ef7d05a9bb764438\"","user_auth":"{\"dcID\":5,\"date\":1700092457,\"id\":6929066096}","xt_instance":"{\"id\":33660899,\"idle\":true,\"time\":1700092475564}","dc":"5","dc4_auth_key":"\"37f3717f72c83f929a30b95e7f94fd74e68f32cb0a9f40553dd3b04efebecb3e73fea6f97991bebde6637e043a47b0e2d9b5f3c5c5651368e4e5572e2fddaf37982bc10a7b5da6b71a07db407dcf8722225fcc4c5c87e7a05b001827efd4deca163277a9dd74cf09d2ce2f20994b68a87dd3c56bd8a8a0730841dc8d7998734249edf81a599ce4cc9e5c3b459b95f67de1d5995473981c584ba4ea5814f8e9656794d513d99ca7fe3a151d15910825878033f258a026361dd05ffa853eafcf5d532f7ff3aaf5cf2f091a4e9660c52c48c5e311e1f2813ed54b7210aed2fe6f4f81cc981108dd449ed780aa293074c3dedec8c3a9d3a705b7c60ff6b4dd90d8e9\"","":"","dc2_auth_key":"\"12a42e377f075b8fe8e3bf0e70bf067b7806a098322b95315fa6d943826c52c71ab371ea6ae8d32d8cc70cf9c417559f88b4b1ba7172438580e968a33741696f337f1055447a9646bc5507b66cb5b0287552a6be0225113c8c92a647191e4daa7bbe8d2c64fb1333993bec145d3fb3298581a8b0a7bdbaa346e93acb9476ba92c3bd4013b606b2e44326cff833d231d499e858c7ef5e08a5917a0d31cc538a464dc90733f28b902d316e6eb4fdaa5b7f33fcda0de3c443a64ca196866c072e57cb47d7edcfaa3bb7e22970b1f630b0312f840192dd62677b35446b5aac7e3aac389fe0be706f7863bdaa8a003fa4428b3caf68069c840c17b944641c83fc3467\"","dc5_auth_key":"\"44b21642e8bd17b6dba087a82bb1f19d3b5b0f98659301ae3567f902a61c48d99770a0d13a32b6d44cea50c8ab1b33e7e186ac697a1ab0c593bd55ec2bd99a7b90d65249af00572d6b8a927d04b544463960736d74c62d2093aeb2987cc56ef52a50a80877810e25563426ac785bac98ef11d58f367dae0f8e67ffb6cb41cb08b39309ad04393c10288676bf559f54a94b8557583c071a1cb84c48053083c4cd1eed1cbdb320ca2081d0d6a92399b31e54b3eb6968f02a212999b4d2b18f05c2c6a623a8fea1834500fa168ee4bfcb3e55ef7f62bad91a5287f6dfe8a1d17d7268a9d581c8992d95e4ab97b95a9cca1f8fec037cba3085c4bd5adff63d4a44d7\"","tgme_sync":"{\"canRedirect\":true,\"ts\":1700092460}","server_time_offset":"-1","dc2_server_salt":"\"5b3c9f410bbf0c47\"","state_id":"3130181621","auth_key_fingerprint":"\"12a42e37\"","dc1_auth_key":"\"78f7cc8b0e714ae557b7a55fdf21b66cfca05732630c133e3480a3a6ff8d16debc413ae3b9ce84e34a10007752b8c0f91eaa8219db6040682dda81d7fbf9ca53e4cb8c2b250522fe008a07027ad7984849f94603e74fadd4499c71a9580d41a85ceb4ecad0b2aaf00e33e03d5d7888eb203c2e34ebe4427d4d4384723eebac317065675c1a6ba4b4f8d15e20c7e9d6dee25e82e4b18feabc90a55043ffb118dfa4b64cfde71ed406a4a5bb5c7cea79b75d5981063dabe094403d230378987dcb6f37c0bc5343d067ade07cb10e6804575aab48b48094a5aadd2771e32e997e5ce964d4d43b6d3056478ee3b3742c0e9b9157c9730a326d57fa22fcd018645dd2\"","dc1_server_salt":"\"f9f3a829c7ff4c56\"","dc4_server_salt":"\"bed902d2837b4c27\"","tt-global-state":""}
VM36:1 —————-
undefined
