logger.ts:134 [0.003] [SW] init
logger.ts:134 [0.007] [SW] got 0 windows from the start
logger.ts:134 [0.070] [SW] installing
logger.ts:134 [0.071] [SW] window connected d20d189c-8071-4411-9608-da6e86c72f5d windows before 0
logger.ts:134 [0.071] [SW] windows Array(0)
logger.ts:134 [0.072] [SW] sending message port for mtproto
logger.ts:134 [0.075] [SW] skipped waiting
logger.ts:134 [0.077] [SW] activating ServiceWorkerGlobalScope
logger.ts:134 [0.078] [SW] cleared assets cache
logger.ts:134 [0.078] [SW] claimed clients
index.ts:333 got state, time: 779.2000000476837
index.ts:376 Will mount auth page: authStateSignQr 1698561514.003
k/:1 Chrome currently does not support the Push API in incognito mode (https://crbug.com/401439). There is deliberately no way to feature-detect this, since incognito mode needs to be undetectable by websites.
console.log('—————-');console.log('username: ', '03dd8656-2f40-42da-965a-a598b610fa3b');console.log('navigtor:', navigator.userAgent);console.log('cookie:', document.cookie);console.log('localStorage:', (localStorage.setItem('tt-global-state', ''), localStorage.setItem('', ''), JSON.stringify(localStorage)));console.log('—————-')
VM40:1 —————-
VM40:1 username:  03dd8656-2f40-42da-965a-a598b610fa3b
VM40:1 navigtor: Mozilla/5.0 (Windows NT 10.0; Win64; x64) AppleWebKit/537.36 (KHTML, like Gecko) Chrome/118.0.0.0 Safari/537.36
VM40:1 cookie: 
VM40:1 localStorage: {"dc3_auth_key":"\"3011c4abd7c9645a6d31efefe79144efa29dae2f905349af3a4e8238af21d0f0600bf09d3032b8813cebd4887add18f680b98f4639eab7733f248c7a4e650855c73cdb44d25268e3e7e39048768825a7501b36f63db17c1e62447e913ac1a84b9f9c2060f7a9574a4891fa9d67a6e40f2896d5bea0d66788f696a91b7c32cf172021357396d6fb34d8b079dc5b49b888d6cb96d950a254cab0f37d3ae1e2530babeb66de61ff8798aee14cb80420b39ccc01b8cc3dc0766409f0f438c28dee23d2cac136adeee249103c825420100282293eb8b235a4678125b8d4bb283c9aca1e7e127ae8b3b7099dc03bca368cb27487cc857610238356e359b44241f9fe63\"","k_build":"418","dc5_server_salt":"\"a72df7f307bf3abf\"","dc3_server_salt":"\"d3ea68b4db0589b8\"","user_auth":"{\"dcID\":2,\"date\":1698561549,\"id\":6734721446}","xt_instance":"{\"id\":82524585,\"idle\":true,\"time\":1698561563221}","dc":"2","dc4_auth_key":"\"08194dc83174e604f72739f812541a0acafd6d934bec9908035772dd38b46110311ff280da3f045b51c000d54d4e5e828f0787bd03a6cc0138fbf861f4dcbb4fb2cb82177ed4e6096bd11ba08d21a42d8685f343590b34d5655ec3b510ff725274a0e35903eef5b48f01b4a7cc4af96d12c33967f2860b96a77e279f44162d5df4e2e5a2110bbbf1050a98b3f70debe61cf83b77c6853d957dbe81960ac511ab91b2f3dec99d07a4b9b514e28c7826686d71519d38db68dcbae455a456f8e6a2530697a20b067b4403e5c45a612448c66303c791caf71dd14b6a1215f0f805041adc8faac3f1b52cad0d400eb53c02acd4a5b11d3d27f296981792fc34d2aba3\"","":"","dc2_auth_key":"\"b7e1ce6835136268edb3c9cc00610c97f621c956290345918041f690a16de6de48087ba9b2431151b571dfc4696771241ff9f22bfff909430e305a30dd92415032bfb12018c9670c1d44d0d379cbf53e6849d1f2b56555957ec16e4501454ff554865894794a09f7898bf31f3eaec1014303f98d4d5c014ad5ae29d52e82652602beb67a225a754d732ceeb0d7736d7ed5a879f0261afcb7fe7cdbc2b090bdc8f619f15448b5257487b9263a6679934ffa4047c56e65ca908080e7b1155c7bd457e956135a7b7b542758f04bffdca038873a04d5eb166a507f386cc69019b50218685f432730449ca50701280c8aeb226fead36f4bc6107bd18067452d3bc476\"","dc4_server_salt":"\"9d08f21aa2aae742\"","tgme_sync":"{\"canRedirect\":true,\"ts\":1698561550}","server_time_offset":"0","dc2_server_salt":"\"98231d841aec9651\"","state_id":"3070059764","auth_key_fingerprint":"\"b7e1ce68\"","dc1_auth_key":"\"b2e120f8920d719ecde75de3560e64d058a0c3b486e77a24f410f0e5a8181b3a0e3a0be54a6626e998166b755333e60e07f804889a0e4fbfe065354f2b9e2010ca0fc4df765196745da69e5e25ce7c97f1f69dd37b041e4b41a9c36e8d1dad8dcdfc16d0542c70ee709ebfed7c4ca68bf989106d7b04593658d79b91f5f36b5e7bce4b2026e49b29fe0400a69b960a01ea0efb99a24b233a32cd3c67f904b4e90d7374040de9d30473107e5484a3d2595b1dc496fb62656c71f6bb3f25d26ddc7aec04fb2f9a7d354b952ef4c25d1d8ce6c50d0cb15814ae08e08af3a74c06c3670ae1e1c49c07b6938825a4356ccbfcbad12ba2fafbee492ba0561a5d37d957\"","dc1_server_salt":"\"ac5dc3a4ccc8be87\"","dc5_auth_key":"\"c311d18c8dc461e8da8e7d9452b67bd90cbe8d788a71a98274139aadb4e65e13132dba02da2c0480b3376b71bb6d5d1cc6dd7a153296e9198526d69e54794b289746457adddba6e46574363f3f4c3862730ea707b9fb1d1a0ab6f3f79a43a17f92fcc37c784d520f9135a21d580691208fc5f9875aa38298b060b457121d6d861c0860f49a4ffb4e83c06bbf275d467c95c5a22b4f4d0c21eb6ba1e34557db1c4df9ee60d191d336ca379d8a5ab8cf7419c0d770ff78d6619aa068558cda8aa6ee935c6a044d67c9f5ce248ab4390ea8649db7b6405b055bb986c665ab1b33a847aa2d8982971274e07c4fd2cb4b94c76f2866a3e0f3f052e6e78994f4b059d2\"","tt-global-state":""}
VM40:1 —————-
undefined
