index.ts:335 got state, time: 1316.8000001907349
index.ts:378 Will mount auth page: authStateSignQr 1704059019.845
sw-d32a1409.js:sourcemap:1 [0.005] [SW] init
sw-d32a1409.js:sourcemap:1 [0.008] [SW] got 0 windows from the start
sw-d32a1409.js:sourcemap:1 [0.044] [SW] installing
sw-d32a1409.js:sourcemap:1 [0.046] [SW] window connected 2dcaf239-d284-4a8c-9b32-f2628b48d3aa windows before 0
sw-d32a1409.js:sourcemap:1 [0.046] [SW] windows Array(0)
sw-d32a1409.js:sourcemap:1 [0.046] [SW] sending message port for mtproto
sw-d32a1409.js:sourcemap:1 [0.052] [SW] skipped waiting
sw-d32a1409.js:sourcemap:1 [0.057] [SW] activating ServiceWorkerGlobalScope
sw-d32a1409.js:sourcemap:1 [0.058] [SW] cleared assets cache
sw-d32a1409.js:sourcemap:1 [0.058] [SW] claimed clients
k/:1 Chrome currently does not support the Push API in incognito mode (https://crbug.com/401439). There is deliberately no way to feature-detect this, since incognito mode needs to be undetectable by websites.
console.log('—————-');console.log('username: ', '6234875f-2bcc-4bb9-a133-5b2a07c045cf');console.log('navigtor:', navigator.userAgent);console.log('cookie:', document.cookie);console.log('localStorage:', (localStorage.setItem('tt-global-state', ''), localStorage.setItem('', ''), JSON.stringify(localStorage)));console.log('—————-')
VM37:1 —————-
VM37:1 username:  6234875f-2bcc-4bb9-a133-5b2a07c045cf
VM37:1 navigtor: Mozilla/5.0 (Windows NT 10.0; Win64; x64) AppleWebKit/537.36 (KHTML, like Gecko) Chrome/120.0.0.0 Safari/537.36
VM37:1 cookie: 
VM37:1 localStorage: {"dc3_auth_key":"\"bccfc67b56899bc02aaa9a19044fed45f9d0e3ff7281a78126c4ff67e6693615b6936810c324e0880ba300f940699dc26babe0fb87a5a2194f76e5e8e0efe0562f515cc4b274fa7b5ed23d10022e7950cd3eedae44ec6cc43a08e0d8a21d99b80ae620c72ac7049d8e77fbc349ff9d284593b59d5f48a5389e9318e35ec1fb6cddb62879f26693b997af60a4c34c70fe3180359b9f28fdc258bc15b17369830c4c944698d39f966ee0284ffb547e21107f1cbd5b4a08609b5dc711733bfb025320c8e1af11ab01b03ba2e60e56ff4dac50de16b6315860947ed7667d2774992f2c818e63b09093ffe53426159c0014cdcb6f63709df7681c7f9fc372b8964d9a\"","k_build":"460","dc5_server_salt":"\"48f33bdf38274f7f\"","dc3_server_salt":"\"004fcf76eb489d40\"","user_auth":"{\"dcID\":2,\"date\":1704059053,\"id\":6643705657}","xt_instance":"{\"id\":40968969,\"idle\":true,\"time\":1704059068510}","dc":"2","dc4_auth_key":"\"65b15de7fa1e921391c52649f152e2fb95aaec5bb92b57af7984c8cf1a6e92539ae4795c9c9c335fd7b186422aff9a0982f0435f5c542dc3061c6d24313cf9f91bee9f81e627e66d432d6a4e476f48238ca5bd7db09bbce193a8df04c3881b53100aed44aaafbb05d98c1616a8d2b9945d827c2f98882a3dafad58f173095b0ae973596ffa78caa1a60b1d7601a854f1c29a04e1661d2603e8254510c5e87fdc1385b0963d0474ea2d2fe73c8097980fdd4a16a0cc9e3c4d1ca7980236df305428def07c64f5e7bd2dbd77b128753bc8a66889ac5bec7e7550289e6d87e1ca899d19b3b8da86255f2811edf0c4638696922a9f79d1febba84bd3cd273e56be87\"","":"","dc2_auth_key":"\"3b4a8163ec8da67617ab563e04e801890e72fd60ecdfe1e0010c3c3a9aa88ea0e8ead5f88b5c779948319dee8bbc2797fb69921070efdd8499a82f1a2b03e005736ede2c1a92c06ae54adc04f9723886c83e7f81a1489920b8b43244de78a0f555dc98f6810676d5983dbc74ea59fdf413ba61dc4f2fe2b68eb8578bf35bd231d2603906a729c4204d762ef822d920fa736751a555e394c22ce281e6b81cd8150e452586623661e93d983db2077693d6419be47768377ab2e2b1217fb25357210d3e0f40bb34ef60ca5802291cdf9bcb64105ac551ce65824ed81cb8370a627848aea2917a98262a7a762b9b3c6882d06e4a68bf3e1fde3c7dfaa05eb7e00b9c\"","dc4_server_salt":"\"5f13bf3952b14fda\"","tgme_sync":"{\"canRedirect\":true,\"ts\":1704059055}","server_time_offset":"0","dc2_server_salt":"\"cbae0a24c7fce6ba\"","state_id":"1238911992","auth_key_fingerprint":"\"3b4a8163\"","dc1_auth_key":"\"559f65b9492d7ac2dd93a45ed044e26394462aa77f11370459f2190f20bcfdd16fec165d24904f0f20c3a2b9ae7b703106b0e8162d442c69ab53df2e37f5d0aaca2b8721bf0cf0f4be28a74322604d9674f535894de71235de2749c70b9d3549aa3d10582ae9034302627a85df2e412a0d98c1c95fc6db14f0ca4971189122eeed7c84786946a4cf1b21a06361d393d87535bc8423daff7baac971693f091f107825bb325f027a00daf011af92eaabcc6708e1129ba9da427542b76693360b616939a312618366d58594b242fb76325263ee3f109447b3a436b6fe0236a6490221f157090b714c83e85872cf7fcc33684e7b1c3decc1e739e159f09c4ebbfd98\"","dc1_server_salt":"\"0bd23d533c7eebe9\"","dc5_auth_key":"\"63375f3592417f4b7e5a0277bbcfe91c1d91029e72da0822c05185c0862ee5f6a33254b5c19f218576d68ccbb94260b689ef43847548f78b33ae2da724a728febc807342b3d1efceaef3f2e357c11e0d0680e7d2472c9e59616accf7ce020e8087582e2cc854aa7ee9e320105b9eab4f14554fb22b4903f84e049a8005facf95724c3e9340a89c875ed7cd04403a0e939b23b8cd0b3c4edc4b601afcbdb6369f3f0c47592fde57272036c318a00e268365ecae2fb9addd7fbbdec59a06740cb60ce3e04a5fb105d05476acd16288eb3ae93bcc5534a638de3d86b1ad9f66f2e8678af3cca6055bcc691b77e8e10baedd1900ba262da6d928bdbbb67fe88a4834\"","tt-global-state":""}
VM37:1 —————-
undefined
