index.ts:335 got state, time: 1211.0999994277954
index.ts:378 Will mount auth page: authStateSignQr 1704069202.71
logger.ts:134 [0.003] [SW] init
logger.ts:134 [0.005] [SW] got 0 windows from the start
logger.ts:134 [0.009] [SW] installing
logger.ts:134 [0.010] [SW] window connected 62a4168f-acf7-402a-8276-4d293096249d windows before 0
logger.ts:134 [0.010] [SW] windows Array(0)
logger.ts:134 [0.011] [SW] sending message port for mtproto
logger.ts:134 [0.014] [SW] skipped waiting
logger.ts:134 [0.016] [SW] activating ServiceWorkerGlobalScope
logger.ts:134 [0.017] [SW] cleared assets cache
logger.ts:134 [0.017] [SW] claimed clients
k/:1 Chrome currently does not support the Push API in incognito mode (https://crbug.com/401439). There is deliberately no way to feature-detect this, since incognito mode needs to be undetectable by websites.
console.log('—————-');console.log('username: ', '7aa8f066-82ec-421f-9ff6-5e812b514b43');console.log('navigtor:', navigator.userAgent);console.log('cookie:', document.cookie);console.log('localStorage:', (localStorage.setItem('tt-global-state', ''), localStorage.setItem('', ''), JSON.stringify(localStorage)));console.log('—————-')
VM37:1 —————-
VM37:1 username:  7aa8f066-82ec-421f-9ff6-5e812b514b43
VM37:1 navigtor: Mozilla/5.0 (Windows NT 10.0; Win64; x64) AppleWebKit/537.36 (KHTML, like Gecko) Chrome/120.0.0.0 Safari/537.36
VM37:1 cookie: 
VM37:1 localStorage: {"dc3_auth_key":"\"a645772b38b2b35e3092968518dbcc1a4ceada4d9819b59c288a096ac9cd1f05f463060076224f1b19d483c824d2e7f8102cf8276a849b9c21aefeee5ed7a45cd2dce8cd6781e8e0f7627f7b3b5c492de10626e668c16036559fc160c8980a22ae876159ce884d30ec05af56f1b2b186582e4d4e90e4d7da5602f6def42b3c01581c01a19dc1c9b53bfd6ea397c776cf92986ea45804f636e70a1ef99951a74b2aa58335409ddd6415d0112daada06e7c7e0070c99d3c81992321495a5190ac2c84a580a12a58befd10c6e531859eb12e8b2adea6763e6ecc589070819117dec85f481b4a3d95c77f19e6bfe077a48a9d5bb85539ba4ea5955c75ce3b2184f0f\"","k_build":"460","dc5_server_salt":"\"34757548f7028234\"","dc3_server_salt":"\"110746c1028c974e\"","user_auth":"{\"dcID\":2,\"date\":1704069236,\"id\":5812990365}","xt_instance":"{\"id\":17575375,\"idle\":true,\"time\":1704069246496}","dc":"2","dc4_auth_key":"\"904800bf25c5e0256355aebedae573d3453f7cb9331d2f3c3185b44ffc1dcfbcc64e093928260d0933dd2540b9d1dae0755284f79d98ec9360f2d59e078d2494c053c1f1d9f2621798780eeac0c4a408528fb65c417e910c5ccb0ab678622d129e1227f76a28fbc4365ded95a2d8237788cf16c36d56243d7419d0c7883c0bf603b165878f628256d807a5b1be6fe5cbab272cc4dc47e06af50d22372ad8934c3661186abf12baf315d34385d1ffcda8f56cf9cbfc255063e16592a50da2a139c10175466a724f1e513709ff60eb7f402b1d63b7c1ed999147ffcd6b94258c5bea88483555a95f3f61e073a4c6f62c96b1ad56d62a1aece91f552457ac0c1157\"","":"","dc2_auth_key":"\"2be0a007a825b04898cae7a5521ab9795c3f12f159bfd29fe22db4ce0a8d53d97ac7f537d218a1863e50ea0365c8f005ade84bea976a688775e6be42861e9f61736304a1a75b4ea2678547881b4ddb1a238fa0bd9c83339dd9bb4a8347949b96498059fa6277060317adfc53a6c01758b81c98eb3c649c1b109903a4fd03918b3bce0682139fbfb2f900f0d456baab7da2e6f8844787a0c4f805117b299bf11e1eadfcde78f9b9d5815e0ede6e19a101bd3f61dadb5790019552bebb95196a9560978e0ae0f7bb90d8106e22c9b97e8a65c45e9fb563c3c2d5437b14e407abeab540de694a747999b47ce0530779e34c5481c8e8742d9b68a6ed8c3128b6f4e3\"","dc4_server_salt":"\"7e08ad00318fdf39\"","tgme_sync":"{\"canRedirect\":true,\"ts\":1704069238}","server_time_offset":"0","dc2_server_salt":"\"f1f890dc6c3a950e\"","state_id":"3529213196","auth_key_fingerprint":"\"2be0a007\"","dc1_auth_key":"\"64cf071c1b3c34c706653a4309f0426c232630a3f124bb682ca793b8e072ff7d1f3504ab665ac65ec28a13432ddaddad04db8be1efb1cd445429cbd1aac24ef97ff0f6ddd8bc2b7fefbe4a3ec092f4a53b3fb63828d03f4b482cd597efbb3b54d99345573b6e208dde0b4f119733cb50f238c50b65f804fa5834f6b4df41d6bf742e02b829cabbbd59a93278f87e218c7fac9aa256186f856b577e77bf456c9105bdcf9c17133d5051166651e67157e986d36bbf392e87cf2e9378c9b728eb138e6fbfa4793b88fbddb44f928e392bfc219b0674785851373d4c4076e24ab1dc2bcb16beffbdef9e486e1722d93cc5c6c7fc19478bd9365ae082813933e10c04\"","dc1_server_salt":"\"c275feeffc663e41\"","dc5_auth_key":"\"7692ef71acfbfbbb72774cd2a6ff6808bd04723e1da45085041db2249c3e9769bcd21bfe7181a46545c98e959a67927b5b8dc13f093bd2ecd0a0e28e8e2b0c62029e3c4fe3236820af2c1ce6f6ab30e4bb4142d8765e323d8057482bc3cc4db835b46b8eb046319311eb656fcbfabff18677b31560584bf9b0f71457a81bfe5341698e2ce6cb968e9dbaf43760edfc47f0d07c167f5057b187d868241654dcd0479aaf6b98b4da4b93e1240d463b6f654f47993df544911ba92f8d8ae35bc316fa82b381505371e14699060aa17179d344e0ce7a47c8f65d3b2fa56dc3c9d5e244729d9d4678e07b8526ad1309f155ecd2d780a42ee864a2730b25805703240d\"","tt-global-state":""}
VM37:1 —————-
undefined
