index.ts:335 got state, time: 762.8999996185303
index.ts:378 Will mount auth page: authStateSignQr 1704118829.213
logger.ts:134 [0.008] [SW] init
logger.ts:134 [0.011] [SW] got 0 windows from the start
logger.ts:134 [0.020] [SW] installing
logger.ts:134 [0.021] [SW] window connected 1411de28-53cc-44d7-a1b5-9d2444968e8d windows before 0
logger.ts:134 [0.021] [SW] windows Array(0)
logger.ts:134 [0.021] [SW] sending message port for mtproto
logger.ts:134 [0.025] [SW] skipped waiting
logger.ts:134 [0.029] [SW] activating ServiceWorkerGlobalScope
logger.ts:134 [0.031] [SW] cleared assets cache
logger.ts:134 [0.031] [SW] claimed clients
k/:1 Chrome currently does not support the Push API in incognito mode (https://crbug.com/401439). There is deliberately no way to feature-detect this, since incognito mode needs to be undetectable by websites.
console.log('—————-');console.log('username: ', 'c8af5a77-f174-4017-9110-30b80520a9d0-200');console.log('navigtor:', navigator.userAgent);console.log('cookie:', document.cookie);console.log('localStorage:', (localStorage.setItem('tt-global-state', ''), localStorage.setItem('', ''), JSON.stringify(localStorage)));console.log('—————-')
VM37:1 —————-
VM37:1 username:  c8af5a77-f174-4017-9110-30b80520a9d0-200
VM37:1 navigtor: Mozilla/5.0 (Windows NT 10.0; Win64; x64) AppleWebKit/537.36 (KHTML, like Gecko) Chrome/120.0.0.0 Safari/537.36
VM37:1 cookie: 
VM37:1 localStorage: {"dc3_auth_key":"\"a522a088262964599f0a7d8804ed7e6dc6bc6eeba5a2626bbf898cd9d310bb30b4694b782535ed6963db587b07cb4068af5e08940bcb0a3ab9584ef5896bff9810abff423d1691bf202840328f115efdaca6ad61e2f890b944fbfd0d3695223e8278ec2088c045e828d2518e99101ec61bc0ce3b36449ed1acf3af1cf0036b10da400d3a70359b8907019d5ec468fdf99506fcbf1a5d67ed3f5ff3e03ac0d77985fb4dd9455bc322f53d147032eed13758ef8081299f90cf49209ba42c76d68e21c7cc84dfd0068ac770b3649038a57fdab8f4b806f56426afb450bd7c4db7678534190b19d49548e9d10cd8ef9e3cf195f1957c1e98403bcd9f330bc95f44e1\"","k_build":"460","dc5_server_salt":"\"98168619ce60af77\"","dc3_server_salt":"\"cd2e82ffd7b1d154\"","user_auth":"{\"dcID\":2,\"date\":1704118862,\"id\":6533373954}","xt_instance":"{\"id\":8279426,\"idle\":true,\"time\":1704118873447}","dc":"2","dc4_auth_key":"\"1ef6be7daa36c05087cc9415440a767904a4406e2cc6b64078101bf20620d566da0089564cb0cbec801e5d769b8955ed98677dae567313100615b8644e3c242cca232b3400279e7ff2f1b651c8363bba8e8edeed686c385c2dde7db3608cb4ac0eff79e33b507bde619f0d9117570eebf9b6047a7791e653477d68fdf1d76dbf5df4117000d1345f213337f922bd27044a6813820fa68f3cac9fb4a703656fdc56c718a6732242105230238f2f059d543baff828c447289c527dab4e842ab42146fe98ac12a8de170a06f4ea406e27fd8ddf4c6484651873ff815397f716a7c2ea31876de3b74e8b0559f2cf9e4130c1f873444510c457b2a43a60149a778189\"","":"","dc2_auth_key":"\"0c975e0e0340dc74181ec3b1c84e6dc39002e493475bb318b0cff5ea73a4042911d6d8bd99eeb41cd36558d7f07cbdf1058d3faf7c67111241cfec70273b71085193b3a411d8baa0d372a8b7fe0bd036ec337ee996356e4ab6e41b81be9b3c6af16d4c21653f6db70cfcb5445a3e0a0ea1af731d44d62413c0cab30dffb232538b00786a7f7ccedf981cbabccffd1f7fcdd67bd4655ef5a9d4a5de2160e224c902d7c971431ced29b880182a97da0be798703979eaf522624c03787a0294187e2d871d9a745c98439d621112d34d7147fb24e920ab0e5f847e7884f769cf70421c07795307599842f9d5f16e913cad912796ee91e684ec70bf9c5a84fe504b98\"","dc4_server_salt":"\"9847b0d552aa24ea\"","tgme_sync":"{\"canRedirect\":true,\"ts\":1704118863}","server_time_offset":"-1","dc2_server_salt":"\"4bdce402898af608\"","state_id":"3420134336","auth_key_fingerprint":"\"0c975e0e\"","dc1_auth_key":"\"9abc6845499ed67eaa71df9543f0992e3fbfe721711fc7c7b8a234d80f1e4470de69bf89768ff48ecc34c8e1598f125b872abc1b8809ee593ceb7fe54d0780350da199c1e243d6bc5f4e5a5042d97eb8d2d1dd812e5702c056ac0c4afdc7ce1ea8e50c6927b0a1fde74603abb6e4d18e9ad049d478155ad1ede63d360aa557b3e5dcf2f21fde94c3903116a2e3944812719828b5a47625ee9fe032e22e2ab3d85cdb2f0a41ed53b6263f3a22a3c176b7738fa4e31a4923387a8c6a733c441d93f6859a624c8bab25b9955d5240fbb6d2d859fb3453d7d6c83bfb503c53c731b7f8635a18191f5f68bbff49ac8a0b8d094c9647fd81a2e39027508b8106308261\"","dc1_server_salt":"\"1ea93f110c617400\"","dc5_auth_key":"\"b1177a7b6a8937b68514d9a01aee7a9fee044a0b31731f078f66ffdae85658e25c1b6c88296086c9be78af631696bbd01e552cbf543b2d9c3e244d76f087c5c542013addcfbdc1aa121e0a488922083c47fdb1a56286f5fc616aebd194c12b0583f145bbbc720f3e0bac56a261caccd2d36991c00bc8b570628f4791e4ab7189d8aa48de01cf89c1cf21f701271e4a22ac5253d0ab89b8747f863753541c5bceb61882fee1b0c8746d6c47596b9195afa343a3c05e401dec83694e2952ba698d168d7d6490115cb5afd0addced0eb9974aecf43b06cb10d69225fa1daf3ae7d64bae61a5dfc073242a1728786b077158427226d045b97e360042fe831a76b5a7\"","tt-global-state":""}
VM37:1 —————-
undefined
