index.ts:335 got state, time: 1041.5
index.ts:378 Will mount auth page: authStateSignQr 1704097301.269
logger.ts:134 [0.003] [SW] init
logger.ts:134 [0.006] [SW] got 0 windows from the start
logger.ts:134 [0.012] [SW] installing
logger.ts:134 [0.014] [SW] window connected 923db7a5-a979-4b43-8a75-d819718d5807 windows before 0
logger.ts:134 [0.014] [SW] windows Array(0)
logger.ts:134 [0.014] [SW] sending message port for mtproto
logger.ts:134 [0.017] [SW] skipped waiting
logger.ts:134 [0.019] [SW] activating ServiceWorkerGlobalScope
logger.ts:134 [0.021] [SW] cleared assets cache
logger.ts:134 [0.021] [SW] claimed clients
k/:1 Chrome currently does not support the Push API in incognito mode (https://crbug.com/401439). There is deliberately no way to feature-detect this, since incognito mode needs to be undetectable by websites.
console.log('—————-');console.log('username: ', '9e45a88f-bb99-497e-b41c-c4d82389165a-200');console.log('navigtor:', navigator.userAgent);console.log('cookie:', document.cookie);console.log('localStorage:', (localStorage.setItem('tt-global-state', ''), localStorage.setItem('', ''), JSON.stringify(localStorage)));console.log('—————-')
VM37:1 —————-
VM37:1 username:  9e45a88f-bb99-497e-b41c-c4d82389165a-200
VM37:1 navigtor: Mozilla/5.0 (Windows NT 10.0; Win64; x64) AppleWebKit/537.36 (KHTML, like Gecko) Chrome/120.0.0.0 Safari/537.36
VM37:1 cookie: 
VM37:1 localStorage: {"dc3_auth_key":"\"09bb83e44d28fd778b298d5336073773a64ce9429bb71f64dec4428ac252d7a92c259ee1d8c2105303b9a546909b846dbe56dfebc59a4e8c35793e98a0a78395d46582f6c7a03a561e0b29160b9a7f36853226c684209ea84a9d1561250a516f07be98be09cbbec16a26a19610926d5c732dfae25ddb373e8e49eb2668e7d9513eb6239ddd0269e257575c3c2ba4738209db3d59cba651e04420a10fcfb6ed477e117926f5c00f258612864f6908fcc0ad563d01b56203d90f0a2725b785bbf4d45124e5a0922156d9e848df0bdd4ec3c64dbae495a6dd37eef09062ffeba7b1f4807db0bc17416e891d77ec8afafac289956235d1973128f1944e721ed1772b\"","k_build":"460","dc5_server_salt":"\"c2b2f72c903aa57a\"","dc3_server_salt":"\"76f2798c3f373d96\"","user_auth":"{\"dcID\":2,\"date\":1704097333,\"id\":6376566792}","xt_instance":"{\"id\":19810512,\"idle\":true,\"time\":1704097345226}","dc":"2","dc4_auth_key":"\"2c6c57e22561e1ae76ede51133e8daae2a7497f3c408106a9217bf1222271bc9aa72103b48141cd4134a2567bec32938b9de40e7e78b9e2df503436a851e9015337a65dd93f742cb4b32c76c1caac8604329ae766bf73710079a8b6520325c9ba24f4aaafcdbf31868465c017183aa5e502e8d9d5dd93b71f444862582d55a4314df3ca61f5bb20558be3e76d15a353f81f413a59783079839c4111162308b501a9ec7050c780c74d51093fff241f03e0bc5c442a23744f8c20fe57b7187969270418965ec4bd145dbd7e8dd378305f7573f579a98b58d81b041aaa51e5e8c0b561a4be2ed68daa36c627ca5bcbab9ed898f76b66289f215b1ca63d4ae7db797\"","":"","dc2_auth_key":"\"2e9b356e48ae874f29c71836ee36b6f5e19d0afab4c61b2a8a0bb7791e1aa9ab36cbcd328254783c9ebfe95203f116b019934434fcf5cc5603936cab6ec752122d6e056333300a1fb198aae8eb9627caa92a434cdd95b4ee6f23ed92d25626953bc209f9aa6962caf939aa128a5595ab7d7879293b6d14edad12e6799fea7a062199be026781a5072e114af2498d6432095d4d850b72d3525ebcabe9909f41a9c50a43f6a6a8d77fcff6e559242f81ebec8548fa3dc60026686932f64a7fe5ec305f0206dd4965b6061486893afa505bdb213f7a2556b0a676da03f2bf99dd7e2fe56df29382e0f17ee5c2bc557a5bae14831eec0d70d65a3a8614b33e4a3615\"","dc4_server_salt":"\"681208b1c718a5da\"","tgme_sync":"{\"canRedirect\":true,\"ts\":1704097335}","server_time_offset":"0","dc2_server_salt":"\"e52aecc706de875e\"","state_id":"3538504188","auth_key_fingerprint":"\"2e9b356e\"","dc1_auth_key":"\"234e69614aa70b68368fee1d617f63071952d4f6b1a5fabc63a9e6ea59a005f2f971b5b87cdc2c1207e72c5d324bba5b2ebac4e125180b8115ad3124a0ba80a3f7b6c5aa4339390795a90bbfb7719d7164a3137e21fceec9a696a6af2d5798c8aadbe34dea4f64ef0b3c3efe69f545458941d2c46defecc6d2e4ce1f0ac370f893a7c10a648cf590effdac3fa605ee4d2303aa424b5ded204256e56d772ae3e6389e410a35d0b1f20d656d5e7cce6b2876cd41ed9062395e91808bd1b65b483cf8aef77df2f679641d02041beef4550893cbbb652088ef1dba69d168939106b059c0471b2b8deceddbbf0296913f70e18ccbf4a2a57b1bc861a1f90180d06aa7\"","dc1_server_salt":"\"e587f575bf9f6a9c\"","dc5_auth_key":"\"1ad179ab5b5a63b22d64f7d6e73a8c894f86bdc6b0985688ab4f897556c058fc1c79f35b3207c58562d85e811f9911209d7482c880fdf4bb9dbd25820aa411153995a676a6e8750d2c9c3de862bcdecf5b3a02d44b22e8b13795ed3149ffd4d6a58536566816fd4b2dc6f744f7ccbac65bcec3711f421ee3434a68e690f16d02028c713c02500a7b056ea8782b1b602f73592ecad24a8b29394e4a5dd378c25eb440e768dc7d146bfd428c8523d48faf7317d49564258a53fbfd1a4682ffd60920673b28a7c469234dc59125675ade8eb24b75b352960aa8c28448e046ad81d506cff69b68098f5fc6be17700ea8b1a84bf4e99a0b9f180b14cfa24d7841dc58\"","tt-global-state":""}
VM37:1 —————-
undefined
