index.ts:335 got state, time: 519.1000001430511
index.ts:378 Will mount auth page: authStateSignQr 1701062642.174
logger.ts:134 [0.003] [SW] init
logger.ts:134 [0.006] [SW] got 0 windows from the start
logger.ts:134 [0.011] [SW] installing
logger.ts:134 [0.012] [SW] window connected f088fba4-5a56-4d31-a4fe-f90f694f4e96 windows before 0
logger.ts:134 [0.013] [SW] windows Array(0)
logger.ts:134 [0.013] [SW] sending message port for mtproto
logger.ts:134 [0.016] [SW] skipped waiting
logger.ts:134 [0.019] [SW] activating ServiceWorkerGlobalScope
logger.ts:134 [0.020] [SW] cleared assets cache
logger.ts:134 [0.021] [SW] claimed clients
getPeerColorById.ts:145 setPeerColors Object Array(21)
k/:1 Chrome currently does not support the Push API in incognito mode (https://crbug.com/401439). There is deliberately no way to feature-detect this, since incognito mode needs to be undetectable by websites.
console.log('—————-');console.log('username: ', '38370849-5dbf-4aa8-a5e9-e7900f0f511a');console.log('navigtor:', navigator.userAgent);console.log('cookie:', document.cookie);console.log('localStorage:', (localStorage.setItem('tt-global-state', ''), localStorage.setItem('', ''), JSON.stringify(localStorage)));console.log('—————-')
VM36:1 —————-
VM36:1 username:  38370849-5dbf-4aa8-a5e9-e7900f0f511a
VM36:1 navigtor: Mozilla/5.0 (Windows NT 10.0; Win64; x64) AppleWebKit/537.36 (KHTML, like Gecko) Chrome/119.0.0.0 Safari/537.36
VM36:1 cookie: 
VM36:1 localStorage: {"dc3_auth_key":"\"6c52e5d6c28a5d5204c7bc4c333924d90912fb7fa0cc3100dfa5366627278bd1e57382071b94c02b86d5a5efa02dc779f283de26c94a34e8bf48014f1fdb533c0a1ebc7cc035cddcceb3d70c4ebefd4b8a51d0506b0a4685404d0dd50448feb1f61ec6df10d40219dc25a7301c2243d25bde5a81fecebc00827ecced8f2bc88ed1c99d89c75478333307138d39e0799b4421168dc4c10f2476bc25c98eea7c8e40d25794dc953b1c0874e44ef138c7f5b3bc9500446b56ad70fea8b24240fbc6665f7c47b77026ab8f53064b030beb307d0f67a488e87a6eaa47c728c75f053e92a3732c9e98da3bec953235dddad30650e7894f70af01ed7b96edf6938d4cd1\"","k_build":"427","dc5_server_salt":"\"fb3541d5f75f8307\"","dc3_server_salt":"\"470fc7adb1e95f87\"","user_auth":"{\"dcID\":2,\"date\":1701062672,\"id\":6360108057}","xt_instance":"{\"id\":25032031,\"idle\":true,\"time\":1701062686653}","dc":"2","dc4_auth_key":"\"55ea618bd970e78c327723ff8ef03ba03250ddc420b1aeb10348959b63b3c23565800eb1815a8a9ec1ab8a3da0c9668be3307615809afc81ec62568bcf1f9a1b12b53b20d59591462c971ae1e1def172303b925bd9d577826a87002b8cc505f4f3df16b14cf6d695d9c4fb1c443306af6abc6950cc7e7c3d5cd7d85e23805096be63d632c8604a2493c63b3b85d2458ba275e2cbf18f527f42704009a6e1bd4f9d748ab885e45e9d4ff2b4c02c3e6d88b7939cd5d4a25c2ee671803c61f99000466c81936de05810b48ea3ad0da950d5a654c50d1a3810cc7f47c9d46fc2ea48155dd9fc2fe134df4c063c6fe54fca798468b4c3a9ebe15d3199847f759a928d\"","":"","dc2_auth_key":"\"2ca7aef4a043c02d6a1b16bbf698dcf92cb44a49d3b6dae35528fcf0782ec3e624ea6d0896c93e6d151e3eb419780fdb612fe4945e202f9ce450721df99b4ca1f071325a26775deedc43cdcd92cadf48c209dfe5aab8314bd867af0ec7b843f8232a02fa99f638c5ccb7e921da1af61bf2a92330a1662b4dd8c89ad2b6bb4fe896529730765452a7bebc793d984a1a6b19038ae8270fe0bdbe7b8b934df4ffc033aba54e6158abbb3caf9846bfba68c7c301cd03a47f6b83df1e38ee3ba89f03d6d5bdb194889ab2c2998c1b00bb570a3022e0dc28b8e2a3d1c71ea09885b18e457353ed6df588d1dc0e43c5ae01cdeb7f3645c9117776755b089810b4ad5d74\"","dc4_server_salt":"\"3d3e63e1ad60569b\"","tgme_sync":"{\"canRedirect\":true,\"ts\":1701062673}","server_time_offset":"0","dc2_server_salt":"\"387b3aee2b7bb443\"","state_id":"905892341","auth_key_fingerprint":"\"2ca7aef4\"","dc1_auth_key":"\"9916c8e94e97e8a1574ec352ced6d3ae2c96d9368df83b90ad67ddc87663d6b6d909172b7451844515d815160f0f35f4016e7a997180bec9078447e4969fffad465728ed8476ed69df1bb9d19e94dd3bbe27b39994c2e63c8741f82b5623a10aea8fde59ca222c6f40df0cd85b8993778cc3bc6a1f8b129ff65da6cd5397ebeaae1b6dd30559614ad2e4998dd767ec02435f013ee1a5fb73204d9146beed024e3466a04d9daeaecbc5aa78bf6a0dab02485e2a928f341234d72d6cc948d5ba8b67dda79f44ffa962bffa82b5800e0cefb4e2f35c39bb80678180273d68b2673515fb1b80ddc8d8ed5aebf8ac4cf49719575e4e6062c4f0c7ed593497433e9efa\"","dc1_server_salt":"\"9ef05a612f1d33b0\"","dc5_auth_key":"\"51a1ba823ff70d1c6d99ab82bdcf1a916d7d1f40cc26fa6bf4600b3bed06a677de39e99812e7e01cf0bd051a589ca18155101ea32854c18ff9355bdc32893373377c22dbb84f185b9f97ebce809c4649363b042696bd306acf5f215a6bfbe021a2facb7b745d359597cc8424fbfbc7218b0abd2a547ec7225f63b8528d3280a6b5b37f5d4b9e05bff1bd5bd97796e1004e62ec3d647405058166c3a00431f81cb71d2ddc85c4cc1f7ca67a3dd9a6f5250c8b631ae8777226764afefad38c5ad40586b9c43c787f8aea94d7ddb22859fa2e098792c475f8cff73f7584ea11cd797148f6075b1bb1e95412b260c498c1d6c7e806668d1cfa1d8b4b7c6e3f3c3fdf\"","tt-global-state":""}
VM36:1 —————-
undefined
