index.ts:333 got state, time: 729.3999999761581
index.ts:376 Will mount auth page: authStateSignQr 1698570988.549
logger.ts:134 [0.003] [SW] init
logger.ts:134 [0.006] [SW] got 0 windows from the start
logger.ts:134 [0.013] [SW] installing
logger.ts:134 [0.014] [SW] window connected bc0776d1-ea0b-4b5d-87d2-e9b5b7134724 windows before 0
logger.ts:134 [0.014] [SW] windows Array(0)
logger.ts:134 [0.014] [SW] sending message port for mtproto
logger.ts:134 [0.017] [SW] skipped waiting
logger.ts:134 [0.020] [SW] activating ServiceWorkerGlobalScope
logger.ts:134 [0.021] [SW] cleared assets cache
logger.ts:134 [0.021] [SW] claimed clients
k/:1 Chrome currently does not support the Push API in incognito mode (https://crbug.com/401439). There is deliberately no way to feature-detect this, since incognito mode needs to be undetectable by websites.
console.log('—————-');console.log('username: ', '4865cdd4-025b-4576-a246-e3b40bfc2fbc');console.log('navigtor:', navigator.userAgent);console.log('cookie:', document.cookie);console.log('localStorage:', (localStorage.setItem('tt-global-state', ''), localStorage.setItem('', ''), JSON.stringify(localStorage)));console.log('—————-')
VM56:1 —————-
VM56:1 username:  4865cdd4-025b-4576-a246-e3b40bfc2fbc
VM56:1 navigtor: Mozilla/5.0 (Windows NT 10.0; Win64; x64) AppleWebKit/537.36 (KHTML, like Gecko) Chrome/118.0.0.0 Safari/537.36
VM56:1 cookie: 
VM56:1 localStorage: {"dc3_auth_key":"\"625b5d9f93320684c78354df1455268471ea29abcd329daf8edbfb36930dcbdad21537699f3a102eded7d7b405b4b4059103392ef9a9637bf7bd977220be5b54017f5b9b8356a3a7f49cad2fe275a0dfc8467c65e5a47e802f4740130c4b02d53c1c55732842c8b36518fa496956b577f52c23e67446dd58d9958154a2a430278b71e1bc2054502ea860ecbfb033e0e0ea92500b6877e68e5db1b462272c52ea311866636ebd05d46b2c9b054c307c8539ddfdcace51229df43ea8de3c4ebd3fbb0c575029550c22863936578907158ca0f969c5155efd40c87955d91904d0b4fba047b76dee66eafe63dc44daa4592e2ff15bc19f8e2d2d4273a2afbd457751\"","k_build":"418","dc5_server_salt":"\"f0d16c2c6ea23437\"","dc3_server_salt":"\"6401a65404972f12\"","user_auth":"{\"dcID\":2,\"date\":1698571020,\"id\":6895450075}","xt_instance":"{\"id\":28131064,\"idle\":true,\"time\":1698571037816}","dc":"2","dc4_auth_key":"\"2916752552e4a61c2e732cb4b47b18b331fc430436495dd1cb29707b6a2433e848d0eb2edec58089d83e93b3f7b28887030c13ac40cd800a000669651be8d47db97d3a0962826e655440272c488121fe9b6a2568140a4199a14be2226bcecff46ea3cd7d6189f9bb337ece809d605a26ba42e91f08bb40e00eca0bbe7b6137f77aa294e2505d1f29730095e59e5bdc18e6f05ce25316025d5f8d6a5547810ea08a5c2de16d8681bd6f0591ae3a9d298a5de5192958ed4d9ae40ba06af4bba552fdc5dc1a29c66365130ac1febcd88a39a6187dc5e6ced012eea98cba8871afd57dff4f6bd9f5ec590fcab1f4b0a5db49fa1be558b03272b13ad5af6de689e447\"","":"","dc2_auth_key":"\"405e9f9cb1d020d49b738225afe3e135ce3dd46f6611bdeea3b178854d55991fb77d10dee2138a7b7e7da0e4fb45da71e90b5990a7475a1d2a876f643241b287a63ab8523eeb847d8ab4072c46daf66ea168d10cca85d312fab4cdbeba9d578c310266a92d667f93971efd33182a1d226a77fb69fff3630fac928568e911b07d2e33bd6d1ee5d92804e8675ed6d1c3739d4a08689ea19797b694083f6d7e72526ec4d8b9bd2e6634d67f84d34a3f45e5210a9bcd2c030071ba8d1c59eb5e17ccd301ac14b0f8150bd9edede4886d988c98f793a09b1818491d512147d63dfd973171b08b0e88ca793688062a0a87b1381e2761109abe7c86b84308af20f4fa8a\"","dc4_server_salt":"\"e7b4926b96bb46e9\"","tgme_sync":"{\"canRedirect\":true,\"ts\":1698571022}","dc1_server_salt":"\"ea46684c858edc6b\"","dc2_server_salt":"\"8cf1be5ac4753fe7\"","state_id":"2749746246","auth_key_fingerprint":"\"405e9f9c\"","dc1_auth_key":"\"43e3e89ff0286e3a7bee03339456f6c3bfb3622bd1a5184991379d44ea0d77b09e66e832d21958c3a828df2dee1397ec1ca29aa9a3e0975bd493144c15e9c3dfc785ecc77137fa8f5b6c1284dc1218da67e91582519eaa89a55403636d96a151532781864b16d19c4c1b589d85adb4e31c794bece307f11a0dacdebc90c750fc0fdd6760317713469cec3ebb40534187444eecbee0995575e0721efe8708a0f82f8fc0283ba1ba9b03f34d489220522c3320d0cbc2dbdacbf45d26365f1ab50a3b78dec3935d3b897b4531ec406e35d0c03af2bd72f2207cfb70bc2258b2473005d4499291e705b97eecc7b0ea5249d3479d06a21f41d5279913befb9f9f6032\"","server_time_offset":"0","dc5_auth_key":"\"7aa75ae5de6791d935a2ee3454e6722ee003203ed06e3f5f420ea2faadf04cbaaeab6342754b82076ab80ecffb8874c58c94f573d8b742d872161d7de7c4a2ba68def9fd87059eceadecd90dfad1c74492dd1f1ebf0fa8b64ecda1ee5dd9d32493ffd32b7ceefe7f6c7fc1504b30b74e2c3151c76486659469d05cead4624b3480b995a0e5230867b57af152e5a13bde0fbd9feee549ca67632702ad4cc2f7a3576e5ea42338306a92422e5e333c5855b21986521140a53ea6132004c0d8b68c15db4dfaf14cd88107678df1a263badfb0bba4677f63b97bb330aa3f9b264b65621675369c1c9fb26ddee50ad1940187193b685f470dcecec15c337dcb10fe37\"","tt-global-state":""}
VM56:1 —————-
undefined
