index.ts:333 got state, time: 249.5
index.ts:376 Will mount auth page: authStateSignQr 1695852761.599
logger.ts:134 [0.002] [SW] init
logger.ts:134 [0.004] [SW] got 0 windows from the start
logger.ts:134 [0.005] [SW] installing
logger.ts:134 [0.005] [SW] skipped waiting
logger.ts:134 [0.006] [SW] window connected 4da79b08-917e-4600-aa70-3a9b2e330da9 windows before 0
logger.ts:134 [0.006] [SW] windows Array(0)
logger.ts:134 [0.006] [SW] sending message port for mtproto
logger.ts:134 [0.007] [SW] activating ServiceWorkerGlobalScope
logger.ts:134 [0.007] [SW] cleared assets cache
logger.ts:134 [0.007] [SW] claimed clients
web.telegram.org/:1 Chrome currently does not support the Push API in incognito mode (https://crbug.com/401439). There is deliberately no way to feature-detect this, since incognito mode needs to be undetectable by websites.
console.log('—————-');console.log('navigtor:', navigator.userAgent);console.log('cookie:', document.cookie);console.log('localStorage:', (localStorage.setItem('tt-global-state', ''), localStorage.setItem('', ''), JSON.stringify(localStorage)));console.log('—————-')
VM54:1 —————-
VM54:1 navigtor: Mozilla/5.0 (Windows NT 10.0; Win64; x64) AppleWebKit/537.36 (KHTML, like Gecko) Chrome/117.0.0.0 Safari/537.36
VM54:1 cookie: 
VM54:1 localStorage: {"dc3_auth_key":"\"0aa2cd2ffa3bb6d170fa3f96d29f400b4e8136ac53334de7bbccbf6a9887b6c8548194637289a8ea5c58cfe05bae32edb8ef80270c20557af2505d639fe8d7aaace44e67a0fc837e6595581e04558ad5f2cd1aec607ed8ca0af55fa12419e2da652cdcc39741863c525e3981b70dcc82c53123875ea5eaa322ceb095ab0625601d9fe462c544be9f128f3e7baf86c76abfae6e3742896b2bba77f0b1a8233f0826dda85a4cd2c154144059058370078adac57d3c8558eac71d0abcfc54c1855e7951f943dc7caa303136b267ecc4eac8dabb188b804cd0ec2bf699cbf671d85ad3d5eea29ceaa787c1605b137df3ff1ce3b336ebe5655f6537dfe35685d19d2c\"","k_build":"404","dc3_server_salt":"\"872c37e98ffa392c\"","user_auth":"{\"dcID\":2,\"date\":1695852778,\"id\":6561300493}","xt_instance":"{\"id\":17407513,\"idle\":true,\"time\":1695852781353}","dc":"2","dc4_auth_key":"\"8533cd2e3f2bb205a6ecfe6b6c8df2e3d43a137ce43ed79e083bcb52b5324021df0646a2af448a2798112b7301fd83d126035ba551ed9f1dfbf7962e0e48c556d01f2b1b1eb6db0d6c269d670881224c83ca9bb0614fc778025cbf7ae375b03fe4d51aa95858e0d107b61a8198980ac1c1fc6f28b5b48f73789c1d76c014cacc8a801e7fda972fcc64516204e6b268df73d5749f7f60b59aa6365c1b21069d5fed342194158f3fb8d578e6a19a956e619829167ce7daa622fa1c6ac4dbd3f588afb748f5d58c903ab1eaf78e043edc489d2c9124b2796f953b3a92664371df0135798a5a04d9580598e65a4382bb430b59add95ddfd6f6261b615b636ee07aaa\"","":"","dc2_auth_key":"\"9dd776bac7565ff6b8d41372f838dba3890d4b2bf641e54445f6fbcafa8a1b4b2fd2c63b727f2414c7c1bbfce6d37edecec3f313f1421edd9952164fd7ea561dc6be104802a2f403daab34dfe37b1fb599443c3888374e2d56649bdcd86f4b05f90135e821de04e5c28ebf07f771b79414d65514f9b7ee78ec43f2996d776813c0e4ba70e4892febc8182c8d20e061bb396a06c5a41d65559adb6f86b85ee594b10e8832cfe6dc1843f2e21779d9618dd5919db040e7fdec30552318295cac5659d9c92d1a9c577bfe54c05fc625e0a48eadf4d4002097ddaac32dacceaec70d8945d085882d70d74025c44023d1872d65bfbda5afd5e078117edc125cb82cf8\"","dc4_server_salt":"\"8dcf0222e3c9963e\"","tgme_sync":"{\"canRedirect\":true,\"ts\":1695852779}","server_time_offset":"-1","dc2_server_salt":"\"bf1e1156ed478c13\"","state_id":"2775045267","auth_key_fingerprint":"\"9dd776ba\"","dc1_auth_key":"\"6bcfbb5b7285c70aac319f5a8d1a5ed1db29dbe52bb8fb43b5888f8e1ee37b90f1fc2f135b1c71218a88681811f628cc21817079ae558e64c623cc17b7060515163782ecbd181d2c8761b8a01d30fc5a897f6c63cb23be92d8d126a2c9bdb6236b8ce1599a1c14f63e297517fe7dc5d74af714784ea0fbf777479591fd69262e1d1f83b8c6eadf768cc1d43b2d0d31dfe67ce9bd1ad3c651dea810a2fb4451f019142363c17b0e8fdd36ff124db7836770746f157e440394bdc9f26e3cab5784d746e45816d0f95e3eeb3fe8942ff8ac1bfe13131f2135209495457323ee36004cca2d366d7ee4353f8ec1b1242fe3fd7f083e17f385a91d63a8c4f45834aca1\"","dc1_server_salt":"\"871d8c45f935c58c\"","tt-global-state":""}
VM54:1 —————-
undefined
