index.ts:333 got state, time: 260.30000001192093
index.ts:376 Will mount auth page: authStateSignQr 1698048103.26
logger.ts:134 [0.002] [SW] init
logger.ts:134 [0.007] [SW] got 0 windows from the start
logger.ts:134 [0.015] [SW] installing
logger.ts:134 [0.016] [SW] skipped waiting
logger.ts:134 [0.017] [SW] activating ServiceWorkerGlobalScope
logger.ts:134 [0.019] [SW] cleared assets cache
logger.ts:134 [0.020] [SW] claimed clients
logger.ts:134 [0.060] [SW] window connected 45e2af3e-fb90-428c-9496-3f39091617aa windows before 0
logger.ts:134 [0.060] [SW] windows Array(0)
logger.ts:134 [0.060] [SW] sending message port for mtproto
k/:1 Chrome currently does not support the Push API in incognito mode (https://crbug.com/401439). There is deliberately no way to feature-detect this, since incognito mode needs to be undetectable by websites.
console.log('—————-');console.log('username: ', '84bfb742-4bbc-4c96-880c-5e285dafe814');console.log('navigtor:', navigator.userAgent);console.log('cookie:', document.cookie);console.log('localStorage:', (localStorage.setItem('tt-global-state', ''), localStorage.setItem('', ''), JSON.stringify(localStorage)));console.log('—————-')
VM40:1 —————-
VM40:1 username:  84bfb742-4bbc-4c96-880c-5e285dafe814
VM40:1 navigtor: Mozilla/5.0 (Windows NT 10.0; Win64; x64) AppleWebKit/537.36 (KHTML, like Gecko) Chrome/118.0.0.0 Safari/537.36
VM40:1 cookie: 
VM40:1 localStorage: {"dc3_auth_key":"\"4e02e564a270c778566a34731f3868129d1e11960cddea2bad25e9cad30efcdad36d3ec1944b6535b047b68974312b2f406f6f4a231553de58d190a0d66adbef41aca1d051cb8c78427617254cd8945d4175d31b12dcb9eb38274f2e781a6b9faaa4384579e6eca00825ed94c518c3e7b4f2369ea4888713918844fe4d2361d3a91d79c2ef8e54364fc1edfed925da359f28b8e01e3c67830d007ed1417788f65ad557fe76f74324fd4c728cbb96c69b01bc176b1bb911c50d8863a33f5c83640dba74d78f01750da94a785679925d21a1d1e3d96ef17b29bdc7cb6983b82da456ee528fbc4b6a4d842d0e53cdb5ba20571dd97237daf2b6961b5b9d91b63455\"","k_build":"418","dc5_server_salt":"\"de4a33129abef73c\"","dc3_server_salt":"\"30691e1e7fee6f91\"","user_auth":"{\"dcID\":2,\"date\":1698048135,\"id\":6101340590}","xt_instance":"{\"id\":23320953,\"idle\":true,\"time\":1698048147997}","dc":"2","dc4_auth_key":"\"04a27e8a0cd1cbb8a52de64d7f05f244ca06ee71f9a1df54a266bbfc2d8ee1020d2d1ed41ba001675d9b0c1b81fc548605f36fe9caae3e007cb227f165698024c3104eef70a03d5e4ab1d02214cac3994cf4aca18dcfb0201910c1fed8c8fa7ad9e20c5f59a5c23fc1fea9052a6ce688a268c3279a498d3e2b80f12fb2f5501e89f076de625eb52f343df770170fd5b528daf31851ffb81fd78bb0718a7efc89bb725b4264ca2c68a04b5a3d9f53720642fb65cb34b0ae9792807d198577c136d604bfc326076a396146e553dd1e9fd9b500b388c66b37287a67a658794166ec6caa9a6a404d230e502d65cae0e8c3ccab9027862cad48cac94e8056773e333b\"","":"","dc2_auth_key":"\"26c0c5b1417a34be5a7bf91ead308084589c3315e850d4fc21ceb3f246127ffe082c0b1d6b1c72c13102b2b710dfe74fa8ecd1e8875f89d25976e0f59f76b6994abcd0736500c0966bab44cc019f0959fc100a7b401fee129be6b452095948fc77334a9adc210b813a2ff7bbb657f9d3731e4d0b6875058ac3850790ae526a0c6470566a100c287bc89ad064260807d368b1a19b7167b3b7b132627b68ae63efbc61da7985a8eb6067cb99e20c3399e8ac64b58df78171dcb54979a4fb2d6cee5e0327e1cef85232c6c30d4bcd30427c6aca2ba5514b0e68e639c1a3a7f05b95ebd073844528042bf6d48f3576bdf8db306f2abfb8d7976f56771822bfd338a0\"","dc4_server_salt":"\"612a7a8677cef0da\"","tgme_sync":"{\"canRedirect\":true,\"ts\":1698048136}","server_time_offset":"-1","dc2_server_salt":"\"41e345ce751ed9bb\"","state_id":"2522047602","auth_key_fingerprint":"\"26c0c5b1\"","dc1_auth_key":"\"4b0156c8487c6eaaaa14b8790f52d07f45ddec80a33872f9280341f770ce1b306f78d73ab9ea56c9b8fe65ad603b7709facc75d16e1ea9bff48ad1b7a84945a31fbba78d5e8b4d9596c3f6adca21619b6d2e3d600591a6055228f0a16118df5ea00358495121762f26f76a98b27dd03201c59ed4b8b92ea21d86a47143f131e6186b575965e10f98e4931688953f59c8bf4a47a3af54326377ae746102ab89f578c554ef86c89571a39cefc6b75fb4a0de7a551a48653c9047de569dad2f61de6d2faee803f85520cd4bb84dab058ed0478f6d1c6db142c9230ab529ed37f2dc93f41bec5129a084d0312c8dd357c169aba690de7137329033d735f5aa2741c6\"","dc1_server_salt":"\"171912fd89a8de3e\"","dc5_auth_key":"\"9d89f6d0cefab8d51362c0e9b1a4de42d1ac6ae4f8b507f1439ce2ee5a5465e7ec18077d50f50899d53f74be5cbb47742537e224a37d15d1c7584c2e3988dad74a100263faca11c0203a12a0f81c33bc51874cfaba5f3dd39e24d595a6fd29a62dcf70e6bd666b7a5bb6be428092a0ccf523657d56715b6c0773916bb97f4592fa8a839b879e53f911489667bece2b2347238aaac4ec28ea5bcdaf42504a071583961f808ff77485265819f431177e2c532ecf777bc605aeb7ace43cf0bc6b0672bb0a49ecbd71c3ba7faba7bd5fa6143a78b8d0618c76a49d2a19b385eeb75ce6b6d14746bf49330f9d7e4fd835cd732e04095ba10195a44dc944aa727cf1d1\"","tt-global-state":""}
VM40:1 —————-
undefined
