index.ts:335 got state, time: 489.7999999523163
index.ts:378 Will mount auth page: authStateSignQr 1701042921.097
logger.ts:134 [0.003] [SW] init
logger.ts:134 [0.008] [SW] got 0 windows from the start
logger.ts:134 [0.012] [SW] installing
logger.ts:134 [0.013] [SW] window connected 5eeeef00-f08b-4aca-a6ff-6f1021adf92c windows before 0
logger.ts:134 [0.013] [SW] windows Array(0)
logger.ts:134 [0.014] [SW] sending message port for mtproto
logger.ts:134 [0.017] [SW] skipped waiting
logger.ts:134 [0.020] [SW] activating ServiceWorkerGlobalScope
logger.ts:134 [0.021] [SW] cleared assets cache
logger.ts:134 [0.022] [SW] claimed clients
getPeerColorById.ts:145 setPeerColors Object Array(21)
k/:1 Chrome currently does not support the Push API in incognito mode (https://crbug.com/401439). There is deliberately no way to feature-detect this, since incognito mode needs to be undetectable by websites.
console.log('—————-');console.log('username: ', '1072b25c-53c3-4ab5-b235-8fa2cb9db249-ahuen');console.log('navigtor:', navigator.userAgent);console.log('cookie:', document.cookie);console.log('localStorage:', (localStorage.setItem('tt-global-state', ''), localStorage.setItem('', ''), JSON.stringify(localStorage)));console.log('—————-')
VM36:1 —————-
VM36:1 username:  1072b25c-53c3-4ab5-b235-8fa2cb9db249-ahuen
VM36:1 navigtor: Mozilla/5.0 (Windows NT 10.0; Win64; x64) AppleWebKit/537.36 (KHTML, like Gecko) Chrome/119.0.0.0 Safari/537.36
VM36:1 cookie: 
VM36:1 localStorage: {"dc3_auth_key":"\"1f65bd16afeb4eaca335f11d0585d73eef93e8bf072db50bf001a02bb05ad66926f90ff3777351534092f6607e10b5127f8d2ad3e1a142e3430ae56ac0e61eac9a5356b1737e2f2d4fd02fbb9a6a5067f1238943e447302743e797eb3a91e9c29f6ebf35613b7b7f74173b44c0c23dc15272194ed6bd3af4ed70f4dd76dc433cd6c377f88ea13eeeee8157364b0287fa7995407a80f291eeddc24fcefc19c18f46337d47ac4eb75146ce2d13ac8871011a3c7ad206052f549b4282478a0384858c779dbaa7498d43e0c03ab4396a096f0e035faeb792d20ba9d99f94957e94b3dc2fc4a9f87a9f314d034e6ba8c735c6ec657e2e20933b4352d419dea3b48545\"","k_build":"427","dc5_server_salt":"\"74cd26909de3040b\"","dc3_server_salt":"\"1761c4a084bd60b6\"","user_auth":"{\"dcID\":2,\"date\":1701042952,\"id\":6678453884}","xt_instance":"{\"id\":74766291,\"idle\":true,\"time\":1701042965598}","dc":"2","dc4_auth_key":"\"41b080a5074b16ad65922a81787ce11ca95b07f6c1276b23ea9b69be403009117ef3db9efa5acfbb8b6c430d88e6a1c209f4d0a03590a13a56fb505a4cd4a0d45a945b9320658d42ce3f428b99a9f5512ea1d759c203899cac4def111b413a9de521683ea324db2a0438e6873813307138c1193892b4db8b4de2f01ffa5a04d19f1e655a359618912daa32edb83406446057f0ac1dc3a8fa01e49ad3230d00db21e4ed28ab1c4f4acd76c257442bb8e3ab8e95f74209408d69d61208a088552a74f44bc9e69fd27ecb86217925cbccbdd14f75cadd9e2f456a7dad2c122fc1010791bb673c512a8d5981399302ce71b06210bc1ba1c373aa5ac31463862b928a\"","":"","dc2_auth_key":"\"4e3c694ca7b2e7bbcf0b3766c97edbd3c8e47e28b9ba06abf9d0724412ede8f667a0609fdb162a8e575ffe981ab41832bb08f53f963e7b408858f135b93f4c6a88fe62821097b996e7acc8b529f649b570c49940c5c6d1f917dd52d2a2463705a1e004989ba64fa0f3265f578dec76ad57076fb6df00ab1dcfd808e3794e00278f82aa42da2782c06e3b132c1bbe154fa65d73ac6a1b5883a98e77281203486bce0aea168876ec472e5596ec3b001b4741667ee3fc76b324b2b03e7dde1586d5986a656f9b530a73c17efa1a2db856fac5c3ac86291bfad7e3e9c826e933f15fb18cba14e8f6c36d895d6756b4ad40919125849889a8b1e81edf766363c57b4f\"","dc4_server_salt":"\"9bd5af9a871c7f91\"","tgme_sync":"{\"canRedirect\":true,\"ts\":1701042953}","server_time_offset":"0","dc2_server_salt":"\"62b27415b9fd38c6\"","state_id":"2346321628","auth_key_fingerprint":"\"4e3c694c\"","dc1_auth_key":"\"074d9bd655a2b133b06a13a39efed712d5d3ca840162bb4a6130b5f7c664c4009114fca6c34e158cadef425a8f6b83a3b2896c59fb00e065f2c1a59e1060e262286e46d19cb65c5ee4a9d150d909437d848d490464a2f8ec2d370542654b059b65b51be447029b72a8b01a3038fb1b22b4d47a70ef3b92c770ddd17c64bc9f7ef0ce1d9c7206e57e8e760cc0ad8d01f96c4097b4be036948e65d4a5f8eb9d15594a70957fb522056a785c40fd6418cb956e896d96fd1976706b668aa13f60d86fab24d160775b5ded5968ed9749f07880c279204bd2f3c58f73f7688fdb85962684a30ddce719ab74ab7242bab6d242ad47da73a3ea0be6e3656d38b299ecdbe\"","dc1_server_salt":"\"56fbec5ae23c1c8a\"","dc5_auth_key":"\"5c83d252ad0c4c461e381edbb8a2466997c014158eaf6165ebe350c052993c6eae98411bdf711ad3a4a2726b58de3c4233f01a68604cc9afd289445d9bc7d1aea6ad6af0dcf32edee402f2ae576093f61e5c9e632f7120863b7f04fcb04493e76f0fa11e3eeb1eaa34cca45ea1e83737f36632e857b2942d63d4043e1552ef6f6dc003c745469095099f3e84d63733719e0c9ee776e41eedb955571adf6edb2c1f4d4d62298547cc08c6098f802f36222773a08b3131578cc2b84eb9f11ca24bf6bbb2c1e8926ebad1a8adc86c3f516a83c5d240cb9d42ddb87d5fad5061c093191ebe8414eb890cdfc690a87c11083450046fbc8efe4621086397be35e4268c\"","tt-global-state":""}
VM36:1 —————-
undefined
