index.ts:333 got state, time: 274
index.ts:376 Will mount auth page: authStateSignQr 1698021919.677
logger.ts:134 [0.003] [SW] init
logger.ts:134 [0.006] [SW] got 0 windows from the start
logger.ts:134 [0.010] [SW] installing
logger.ts:134 [0.011] [SW] window connected 53105580-a20f-489c-a53d-c1d8db572b7d windows before 0
logger.ts:134 [0.011] [SW] windows Array(0)
logger.ts:134 [0.011] [SW] sending message port for mtproto
logger.ts:134 [0.015] [SW] skipped waiting
logger.ts:134 [0.018] [SW] activating ServiceWorkerGlobalScope
logger.ts:134 [0.020] [SW] cleared assets cache
logger.ts:134 [0.020] [SW] claimed clients
k/:1 Chrome currently does not support the Push API in incognito mode (https://crbug.com/401439). There is deliberately no way to feature-detect this, since incognito mode needs to be undetectable by websites.
console.log('—————-');console.log('username: ', 'e6648c3b-3fdb-4177-a7e5-fc61e10e8f81');console.log('navigtor:', navigator.userAgent);console.log('cookie:', document.cookie);console.log('localStorage:', (localStorage.setItem('tt-global-state', ''), localStorage.setItem('', ''), JSON.stringify(localStorage)));console.log('—————-')
VM40:1 —————-
VM40:1 username:  e6648c3b-3fdb-4177-a7e5-fc61e10e8f81
VM40:1 navigtor: Mozilla/5.0 (Windows NT 10.0; Win64; x64) AppleWebKit/537.36 (KHTML, like Gecko) Chrome/118.0.0.0 Safari/537.36
VM40:1 cookie: 
VM40:1 localStorage: {"dc3_auth_key":"\"09571f9f0d3f4462dc2ec303a2032f8bc7726ec68f45af983c0c304f06ec0181156e691632daa34301f22c8fbd01f642eecb15d7711ffbf759bd34e23609a202e63f7390353a7e1fb93c5f3337b896fde3f3a7714570abd35efe988de2481c8ca4a6d2f3ef493fca2fa4c9c5220617c15b425bb676339c43b74be71ffcf6f8ee2a61a54af2630776d5d435c87f30e71f65ab1fd315251195f33f9d17a6ac499f610c690fdaa4cbc8160179932ad774893652beab001cacf5fca73ce8a5b6e5071f821a330c15eedb20ac66cd747fd1a3b03a1cc510205a6814e0c54939ad2c435bd5e47a47dcdbaf199f309ce99f5c3740cf5b8e28d3e8e4caa7a74b1a17fdbf\"","k_build":"418","dc5_server_salt":"\"d1ada483df123544\"","dc3_server_salt":"\"d5444a0bea91a2dd\"","user_auth":"{\"dcID\":2,\"date\":1698021951,\"id\":6480806597}","xt_instance":"{\"id\":2243277,\"idle\":true,\"time\":1698021964398}","dc":"2","dc4_auth_key":"\"3e5bab01daf1b1bded2f89db998019634ece16d4f85c2b72434900ba6d6e997ec75469725fa8d23f60c55e4db618eed956a8e2b887d14a1d4d68e59a4d7b2b33be98c4ee60461528ceffbd71a32f5c18b9a6320198bbecbf2d463300eeb02a955cfb4c0aeca178cb6a23c3508004c2c72b3f6168c5d1dbade72b3360179c011582e8e5c7b8d08a045de1ba2d19071a849a13e59e1b9117e6ed10126a54e23625a5efa0fdb9f50a581f7f0cf02c50cd606c95551867f9ff89f1a1c41aa8aaf519ee6f6c0467392253c56f12da524b701ed545d570f2abdda9e5c78ab0a3d29eeb563ba3441817bd9c4ab33c57fe554d028f92b57127f11cdaf93b921f8d02f3ee\"","":"","dc2_auth_key":"\"356e35508bb1f29457c3de6f8ba2bfb459b230bcff70ea666208fde4b3e948bf594510c8883c27fd725e8c436047cb5ec7954a58ca86a3cef4b48b76c3cf9ec7c11505b24f2b23c85b543aab68f9b2c8eb6a3a15a75afe7faf80532cfa39128e2ee5ca4a1a62602d50a162d9e884b31a7f05f6a8e038b2bcd9a4088a247a4b00e857f57e210af073a7fd5427ca67c2a6e17095b9ef8a65dace07241d6fa5af29fb6956049392e2d638c4500f3655690b4d82a2a8fad531255aef8a647882782d97991a9599c83831700b475938e0a2b6984252f7c5369dc195b0096ebb24eda5fa7a04282d97bc5452ceb3a8dde628d3c7374b1c43315079c8482a2c1979b321\"","dc4_server_salt":"\"32046de78307ea87\"","tgme_sync":"{\"canRedirect\":true,\"ts\":1698021951}","server_time_offset":"0","dc2_server_salt":"\"1bf5b16925ed3128\"","state_id":"2697894440","auth_key_fingerprint":"\"356e3550\"","dc1_auth_key":"\"82c87147f80be9af867d45ddfdb49a16900d96be7d42425aa80db345430258bd164bab0c8f02a5eb3378b5c7b5e428abd13d5ac268ac03189ce374466dd6913afea1d89bc6dbd03689115a7fd2c4b495a72d166155c06032825862068d0bacd5c7c24053342f9862a018b8f657b5c75c2df067fdbd64e6c7cb7053ee11772743ec9abacd0b82d82b20f931d13660cfee801c51efcd6aa504e770218298cf57070c00fb518b29e1be64dce295509a92db8d374b899d820fbd0082756122eb7f520119710cafe8cb44a41e6b53b9bb0f70b1e28c5e6a8225f78705a343b14bfd08be7896db8ae0b18cc6db22ce2067ff1bd96e6f29ea66a43101ff0e44d46ffcdc\"","dc1_server_salt":"\"f66069bed3a0c8d2\"","dc5_auth_key":"\"8a7e940f9e59ed3e1914b88f90fbcca241256221e6a4ed37797729855f7f20c4053d32d2763a908c36c33a816b582919f29df7085973c6c3c5d56a81d970f3f57d7d14fabaaec87801466ac920250077003363b06b59507ddcb1f4fb4f44060ffb9e5c2ecbe8377689515ccf2c59183aa59947c9427bcc29b4b701c6e707edbb51fcf7011ca2c507ae1426b32eff2a19b3d6fecd1a79032729834ff24dcff69820cd1d8573f950406ef6ca580869bf6ff6928cc9d359fe7f702dd99ca21fcbc0e3eff61552a10163df6a931478d7ba2724e40b4c34104795115b93bcb2270be26edb2b06b2a114b853ea103f6decbeb1a524e03a9245e2ecc039c4fe953d9bb0\"","tt-global-state":""}
VM40:1 —————-
undefined
