index.ts:335 got state, time: 325.19999980926514
index.ts:378 Will mount auth page: authStateSignQr 1704028719.667
logger.ts:134 [0.003] [SW] init
logger.ts:134 [0.006] [SW] got 0 windows from the start
logger.ts:134 [0.017] [SW] installing
logger.ts:134 [0.018] [SW] window connected 2e69a533-a688-4026-972a-6567bbf1669f windows before 0
logger.ts:134 [0.018] [SW] windows Array(0)
logger.ts:134 [0.018] [SW] sending message port for mtproto
logger.ts:134 [0.021] [SW] skipped waiting
logger.ts:134 [0.024] [SW] activating ServiceWorkerGlobalScope
logger.ts:134 [0.025] [SW] cleared assets cache
logger.ts:134 [0.025] [SW] claimed clients
k/:1 Chrome currently does not support the Push API in incognito mode (https://crbug.com/401439). There is deliberately no way to feature-detect this, since incognito mode needs to be undetectable by websites.
console.log('—————-');console.log('username: ', '10f9c9c6-c3fe-4aef-b91d-2cdeb1e7e9dc-200');console.log('navigtor:', navigator.userAgent);console.log('cookie:', document.cookie);console.log('localStorage:', (localStorage.setItem('tt-global-state', ''), localStorage.setItem('', ''), JSON.stringify(localStorage)));console.log('—————-')
VM37:1 —————-
VM37:1 username:  10f9c9c6-c3fe-4aef-b91d-2cdeb1e7e9dc-200
VM37:1 navigtor: Mozilla/5.0 (Windows NT 10.0; Win64; x64) AppleWebKit/537.36 (KHTML, like Gecko) Chrome/120.0.0.0 Safari/537.36
VM37:1 cookie: 
VM37:1 localStorage: {"dc3_auth_key":"\"18a5e0632ec17941a5ccb0a2ed66eeb13f48ba52451b2308b8f86fb4a6b71313254803d99a7db6ba73a9ca14626ed30daa1a4f1a8bbd93dff97da6fd72f068958e58c43bf910b80e1e44350c5f33a0dc1da8c81fbb817569ea67d1081b03f58a6989ff8a94348915c50c221ac079c412b77d6d5923c4e0eecf10d0f966aed42793210db8449f6c69fe3ebc1bebed73fc98b2795e1c5038b48933cc30a3ba1b1f6018f3f5404b849ea3f1303f663f5cdf2c171821d058c5a5af195470074f4f7633b3fc94c049c83bf41a8dca4f43714d4d53c6228f00d1b90ef174f47a1393a45e3af96aa134d02e48f26b7276c073dccac41c17b8da023611a6c94d0e6be832\"","k_build":"460","dc5_server_salt":"\"423864a0827722e4\"","dc3_server_salt":"\"520cfc0f9c35b3a4\"","user_auth":"{\"dcID\":2,\"date\":1704028750,\"id\":6961550146}","xt_instance":"{\"id\":39898163,\"idle\":true,\"time\":1704028764338}","dc":"2","dc4_auth_key":"\"7f58f73ac9e5a71a6497e3977d061a5b7cd9d28c820fcd66b3c2f6928327420de52cafb93f677669809c601e322e922f8acc847d473e80e8f73329a0f8768e79f5a5bbeeabb2c67c404309399086f8812212f263d25eb01d3e7232c6a2f27065467b2811802f974e2fd23b430b8c842c31d66946e2a72f11e04157e8f64cfd97229ba80b83afea4f1c70c68a96d6211c84ec69f609a1226370ac5d786308036676cc2793ab8c9c7bd227a1225f7e7d409da149bd8af90f84fa3b378a8729afecf9e28faff4068014cc5f6abda740679773f4d3ab46d43b3153c3a603e6806369e1879d7fea32966558acaa17903a2760c39e1918872d2d6a297da2959b74fa49\"","":"","dc2_auth_key":"\"9292fcdc107a2793b7139876c772c359ae4fc66b4160cdf5808839b1f2598f68cc331177e899b1b415be1dbb705da6c6d405e95f1614fb1a7596171194beca84a64f686db3ba9e58491fdab2b61a9c3e4e8646039cb530e1d4c8d84b72d06599e22d7eef4cd12e5a1f5aa21eeb4db56419da49cdabc6afda7c85013d0c49fb44a9b74914ef3f6d519b66900c4272c641380ee481f4c3ebb903f49c9e01ecca5faaa6d0a3c7574f0cdf2e6b286f7447917a93d2ac29cb19addd65788804483915113ad323aebe3c88d9a583b63b6cd9f2fd8cbc3249cf4484eaa70aee7fc07fc5daaf9fd27f9d2893ba85b5606dc965f6b7bba06654b526db4c82645f67c5f64e\"","dc4_server_salt":"\"a9dd9b1d5eacbf5f\"","tgme_sync":"{\"canRedirect\":true,\"ts\":1704028751}","server_time_offset":"0","dc2_server_salt":"\"e13c9cf5ab67a403\"","state_id":"4060553581","auth_key_fingerprint":"\"9292fcdc\"","dc1_auth_key":"\"c130e328899c59fbd6c0938fc0318bd54110bec342fd0ed027ab66d726f2dd0e12047d689f32466fd4a74c9635934fa77937b9485a0e4efe6313f5ea64bd2e3c166e703d803ebfa999de88efcd5f854e27e92f1fbbb2551d9aaca3fa0ca3b3289bcd1a4bd5f214ebe4839a1b128ac1067faad516e36f20c8bb5510a05b8fb96a2a2990d6695966f4fe2aa75ba73189c9f538c8efb4df072ad86dbdfe7204ae9fff46028000bd1539c5789d0608d2f19e4f8f0e54a735258cda3a86ff39a0f3a692c7c8167d7a154d2085a4ae8c8923fb4cdbb33ad7419719fc954223c260b8b87269ed4d81e0f64d9dcd68e60a113cbbc3ef1e4cd39cc610894026bd9ed6c370\"","dc1_server_salt":"\"89b92e9bbe662cc4\"","dc5_auth_key":"\"a26ca36006e4c26ed68a40678f0e431e24ac2ac9d5288d24d24b621c9ad81d9f9c57210828f88eccac29e7a6580d86488cf4926f669406229d50b5683f7f0735386411f10ff61b580c1edf96b3beb8fd82b786dd60612de8333d89cd9cc2ab71f9d882ec2ac22d6de108c51c78c7cbae9655df0170412487b1e1c2ce9f99f69827df4b233e1bb1faad8ffc5cb2363cb1cae7b409245fa241529b369d1cefcab686341ad87373817e919366f7fb016ebb7f0cde79a802b5c77d66f3acf7db49206d8772706de912b9b7a9fe2a255c289c1c98dd1c792bf5b2053106a2f3167fac73e8ee1d1721caa7acb6799d37f69742d974495f2f60489cc52bd656813d2452\"","tt-global-state":""}
VM37:1 —————-
undefined
