index.ts:333 got state, time: 255.30000001192093
index.ts:376 Will mount auth page: authStateSignQr 1697983182.559
logger.ts:134 [0.004] [SW] init
logger.ts:134 [0.007] [SW] got 0 windows from the start
logger.ts:134 [0.015] [SW] installing
logger.ts:134 [0.017] [SW] window connected bcb3dc22-771b-4514-aa04-879cf559313e windows before 0
logger.ts:134 [0.017] [SW] windows Array(0)
logger.ts:134 [0.017] [SW] sending message port for mtproto
logger.ts:134 [0.021] [SW] skipped waiting
logger.ts:134 [0.026] [SW] activating ServiceWorkerGlobalScope
logger.ts:134 [0.029] [SW] cleared assets cache
logger.ts:134 [0.029] [SW] claimed clients
k/:1 Chrome currently does not support the Push API in incognito mode (https://crbug.com/401439). There is deliberately no way to feature-detect this, since incognito mode needs to be undetectable by websites.
console.log('—————-');console.log('username: ', '3e7c1b3e-19fa-4662-834a-79f65aaf00b5');console.log('navigtor:', navigator.userAgent);console.log('cookie:', document.cookie);console.log('localStorage:', (localStorage.setItem('tt-global-state', ''), localStorage.setItem('', ''), JSON.stringify(localStorage)));console.log('—————-')
VM40:1 —————-
VM40:1 username:  3e7c1b3e-19fa-4662-834a-79f65aaf00b5
VM40:1 navigtor: Mozilla/5.0 (Windows NT 10.0; Win64; x64) AppleWebKit/537.36 (KHTML, like Gecko) Chrome/118.0.0.0 Safari/537.36
VM40:1 cookie: 
VM40:1 localStorage: {"dc3_auth_key":"\"729089a83d50265e69c4a422569284b9922585b46a9e13680a53709a65365183197d578db977c5fe815c5b00f6a0603a4b49969bd2117b47b4d371669c36d3204133c3d6a4784c2e8c3458b5a1db789de2043ef4dc9a9817cab2fa6a6bfb4459cd47e7ec9d01262fc5dbda8ffee39c40720190fcc340c8f97036e4f76649b9863d31147a6e9fab158716ea19aaf474ee6b223e8fe46d0875bb0d9048b1c7dd5334d968ffd7742dc26c10c86d0ea417bb4ca8046e8e8330dd45fb4644ad34dbb4dee84b52329df7e3a31b4cfaaf108c441dda954a4658a4ef7cf6f21f3e7e8497dcf4fb2f3eadc45e5ac919afcd6fe9d4a0fbad43c2b1e779d73b61e60f32325d\"","k_build":"418","dc5_server_salt":"\"11fb52c27a1dda5b\"","dc3_server_salt":"\"1da2137f2c261b89\"","user_auth":"{\"dcID\":2,\"date\":1697983212,\"id\":6678802347}","xt_instance":"{\"id\":5287836,\"idle\":true,\"time\":1697983222299}","dc":"2","dc4_auth_key":"\"119283062f6d4be96c1b2d7ec1625754c6e1f8b3dc01a5d57b305b1808582f8b81314542583946ddd170284b73e1d13b4ceb0e743a7e61fbbe2370a5ea46504e373c31df97a371d604c9b6ab6b6fdf9eabc6dff3c06d41d2d24a28b5365a4cbe8ee2e82321e12e24ff396dc3194fa32f9473509e2cde70e4a68e478b5899ce6a2eb20d3101c78d036d801fbc860577f69fa9ecb891fb94cb93275eb6af80b5e398116d6dc0cab42cf03f6d5697cc37211325099dc705827e47ab6d29e018781d764b49314baaeeb7268f79783c0c6a893c8c429b408ed4a45a0259b85fc42033ef19d4c3ecb7f776be4e36bbd600d31f557f5eceda1b166fd5085c710d60e3fc\"","":"","dc2_auth_key":"\"24b24059e8b8bd957670e84b2619437477a4efb7c163743ffcfa1965e5bc742a67af7cf70a3eb836f393d7164c51c3422fbf23f9ca5417d48c79daf4f7782697b32765a15579c3b6e60c37e96cfc7c75a3a84889f91608236443270878c0c84beaab9d92e8da19714c54e74e91864af94eb2eb8ced1220e408b4526b8b1158f78516bb144801289c4843cc3340cec826f19c0a0faa7a2dc5acf951701f9287bf5ec8a658b54cd51ec489c7ce5dbe647715d2b0cd02ba9c713476b4e44ab2d28fbd38d04afe1cc66980bc5c39a1a0e987b5d6b7a347db6d6ab03f009dce0a4da21b19b88cc0fb3304eee726721227234ab70a3c636d8d808049654012d915fce7\"","dc4_server_salt":"\"602d4e1b7152fbec\"","tgme_sync":"{\"canRedirect\":true,\"ts\":1697983212}","dc1_server_salt":"\"4e11a7eb48874c78\"","dc2_server_salt":"\"9cb2283d8f5bc69f\"","state_id":"1309131284","auth_key_fingerprint":"\"24b24059\"","dc1_auth_key":"\"89996d398fd40642dfd490a9a339f58424abb79feafd9cfa62f8deabfed8b976fa16e834cfca671cc8bd827cbaf69ac4d9515946c29eeb404b7c1f86f0e92dff645524a27856a105d0b6030e6dec6199db5cf090901c6cf5606fe5201cf1a78b38dd3b8e91b6f6c6a44a8b5cc83abfc5320ec0e03923bfde98b0acbe4e489ba81fb8e41370a95b4b0cc44da5d8bf530e6181c2a3b582518809c2f461edcf42961f6b2fe2a8a5961e9f73b2b5ef6c8bdd1ca03e724d0c162871381623c8b5f753ba0499a461a22e451a6601854d279fc42affd7c46c9711584b107151c6bad9cdbbe312e4a29bc243e9696f056b64578240ee0f1d31bdc6199c89b6f632817560\"","dc5_auth_key":"\"02dce2667a41d7b0561c4691ef34aab4e4efdca7f5c4466a1a414cfe675c3816009ca3da1b17d60f6e9bd9f440c91e69a9c3af13a3fb472461870fdbee3d11e1f1a0ef4463b1b6f3284c19e01bfb02de779c6cb5cf0edd004a83392750d9303a08e115ff6d83cf7d168b8a3af28e983233b216f14a456e96dd5d3656cd13e961694216bb81fdb62065689a0cc19cb3ac753e5bdb453878b1ec76fbbf520bd26b52d7e8d5a8bb1963e8e1b669a1a38d3648fb9306858e95f6c98f753f68e58e4bb2fbf13f29322f408ef4cff06307e0b170cba012e583910cfe6bb671f4c31eff2629fc0e6822173d18a05104acd86b0f7ebd64e3e90fba07f32dffcb202657bd\"","tt-global-state":""}
VM40:1 —————-
undefined
