index.ts:333 got state, time: 325.69999998807907
index.ts:376 Will mount auth page: authStateSignQr 1698021466.368
logger.ts:134 [0.003] [SW] init
logger.ts:134 [0.011] [SW] got 0 windows from the start
logger.ts:134 [0.028] [SW] installing
logger.ts:134 [0.029] [SW] window connected f360f3e2-b1b7-42cb-be81-3b74ab538d69 windows before 0
logger.ts:134 [0.029] [SW] windows Array(0)
logger.ts:134 [0.029] [SW] sending message port for mtproto
logger.ts:134 [0.032] [SW] skipped waiting
logger.ts:134 [0.035] [SW] activating ServiceWorkerGlobalScope
logger.ts:134 [0.036] [SW] cleared assets cache
logger.ts:134 [0.036] [SW] claimed clients
k/:1 Chrome currently does not support the Push API in incognito mode (https://crbug.com/401439). There is deliberately no way to feature-detect this, since incognito mode needs to be undetectable by websites.
console.log('—————-');console.log('username: ', 'e59185c2-209d-4aec-9855-a6c64768c846');console.log('navigtor:', navigator.userAgent);console.log('cookie:', document.cookie);console.log('localStorage:', (localStorage.setItem('tt-global-state', ''), localStorage.setItem('', ''), JSON.stringify(localStorage)));console.log('—————-')
VM40:1 —————-
VM40:1 username:  e59185c2-209d-4aec-9855-a6c64768c846
VM40:1 navigtor: Mozilla/5.0 (Windows NT 10.0; Win64; x64) AppleWebKit/537.36 (KHTML, like Gecko) Chrome/118.0.0.0 Safari/537.36
VM40:1 cookie: 
VM40:1 localStorage: {"dc3_auth_key":"\"3f2633cba363d84bf4a677845cd666bd0be56613cc26f14cdec65da42b130c4554ce52c998aeb722107fae45833610fd421b30ef2e8d0b8d44b6c2779014914255473bf257aaf99a66f30387ec9e256286857a5d8bbe5e811639e5841127ca8248d97e3022416775a7a63bac19ee8eb7aa8600c2328b15ca404ff534f6ca8022e603fc51a64de1958eddba9517e0b7fc61e2675f4d069b49009a232e65d81fe60104c0df6ad8605418702b7ba3840ffa31991b77676d041215bf2823de6c09eb16052290f21ba273b2d17942935c6713843360de7a834ca722f320eb03f21a94010ec56c85419414de25609015c081fc2453fdde813a27fbdace7878b59c1f4b\"","k_build":"418","dc5_server_salt":"\"4bf6617b7758d164\"","dc3_server_salt":"\"64f771b56241e080\"","user_auth":"{\"dcID\":2,\"date\":1698021495,\"id\":6530027614}","xt_instance":"{\"id\":10623083,\"idle\":true,\"time\":1698021506037}","dc":"2","dc4_auth_key":"\"0ef74b75ba391cfb44c1ed00b19cb9a6967fc6df0330944bdd2c0089361e5d425bb7459584b288323c7e06008ef5a77b6174c1283dcd06f81f7f89f840586bc6695c52940d17c06db4e94b82a3e7ffd6d5ecff5ede4e4ea5e4990af2e183eb7228c6778cefe8a31737dfc3be8ae63e126e7461c35b992c4318d41e2c06b080f4f678cf197b77a1ecd1ea06f40cb3987133fe7c13ec7728d73568c086351fd448beff2371e5b53daddf2c0669dafa4edc23fc808bdf127b6afb78f2826dc959dc9527dbe8ca3e20b2b3f13b4abc86620b521e767250cf27665bfbe114262e7d2911738a0e77491eae054ea1fa183b07eb487d19eca39bc233e07469272ca9f995\"","":"","dc2_auth_key":"\"6898b9453a1359840e8150da019966011569d9a0065dfc264a33983395e29e7a14356422c5e1035aa110502a8464f75cb9ba18cac802ace2e36426eee52482054afacc7b1671d8e242c38855b92b60c5254327e34055dd493cd7f61fe98d7f247f3613a190131b239664c13f895e64a059736d42dc3638f2959af6d14e744e2bc447448fe5858d5b4bc741231bc573c43ba066c40341321edbf5ddf966b451b0beae3b37f3204bb5e832707333745b1ce24759a34406f6c8d2877ee8bcabbbd7da9cfb277104b17f65a212d796b8df2acee11736fe33ea8c160d02eee0fa90da64b02166867f2be2a0c2813a511e35985209c795f61975a55485f7fb004326f2\"","dc4_server_salt":"\"de4fda2061cfdcd6\"","tgme_sync":"{\"canRedirect\":true,\"ts\":1698021496}","dc1_server_salt":"\"f7f7395257ff7ce6\"","dc2_server_salt":"\"254445747a3632e5\"","state_id":"1877184098","auth_key_fingerprint":"\"6898b945\"","dc1_auth_key":"\"0187cec9313d25b4c5a97d0104ec003fb9aff79425b4d9b391b2d92185e584b8196be5cdd4bddc612dbeb3a6ac315b2b781335041e28b774ebd00f8d329c8896f9a9ae49bf6ad115ade0b425d3849741de0ed7ca3776f94a4b8b01be22cdcb92506681f4163d771cec669c2fc70ff31f2d728611e313f51c388aeec2454f018902cda744010b5d492d19557c561a07e1807f09200c42084766c3fff0cfafe8dd536a8ada92587c146317f90e23e70f9fe11629157a2ab64e781e58955392ae6300be7c16c09cb10a895fd506be6dae0196317d0a20bffb63dc70d50e19492b3a0e4d04dc7ff8ef6001562989e7abcc53c57e9cbd1981f2450bfd704e889845aa\"","server_time_offset":"0","dc5_auth_key":"\"5fed65862635c2203828ac01c7bae34ca995b9e06b61e67c6205e6c6f1a9722939ae7761ddb08ec17865ddb9f0a8f6da9f14e182d5477ec1abf5df0b717cd462ec20dd0ef47e9b3c258ddd632f51169ccb3b72193ed8c8bb4b79c1ccef62cf8b7964de223785400d6017cc8e366854ba9b314fb054673f97fd302975858f9950033135a4d43a730062b04b6293cc75ccf5c8b6cb8d40a188557cf275058d6c1fa0f47af37594bae05500cdbc94c57abbb91f1aa6efaee18060317d0a8870f7f1a63fe88804e092daa2edd7d3f5a133c067c49b7d829f6f5741c48701a711a0672c206b88e0058b099a81de663823fd43d9a6041b090cd98c52f7f4486e587643\"","tt-global-state":""}
VM40:1 —————-
undefined
