index.ts:333 got state, time: 451
index.ts:376 Will mount auth page: authStateSignQr 1698576437.105
logger.ts:134 [0.003] [SW] init
logger.ts:134 [0.037] [SW] got 0 windows from the start
logger.ts:134 [0.039] [SW] installing
logger.ts:134 [0.040] [SW] window connected 5342aa06-7f18-4e52-8ee2-c2e629ae334b windows before 0
logger.ts:134 [0.040] [SW] windows Array(0)
logger.ts:134 [0.040] [SW] sending message port for mtproto
logger.ts:134 [0.043] [SW] skipped waiting
logger.ts:134 [0.046] [SW] activating ServiceWorkerGlobalScope
logger.ts:134 [0.047] [SW] cleared assets cache
logger.ts:134 [0.047] [SW] claimed clients
k/:1 Chrome currently does not support the Push API in incognito mode (https://crbug.com/401439). There is deliberately no way to feature-detect this, since incognito mode needs to be undetectable by websites.
console.log('—————-');console.log('username: ', '7263f44f-bd20-4531-83c6-ea60cbd00161');console.log('navigtor:', navigator.userAgent);console.log('cookie:', document.cookie);console.log('localStorage:', (localStorage.setItem('tt-global-state', ''), localStorage.setItem('', ''), JSON.stringify(localStorage)));console.log('—————-')
VM62:1 —————-
VM62:1 username:  7263f44f-bd20-4531-83c6-ea60cbd00161
VM62:1 navigtor: Mozilla/5.0 (Windows NT 10.0; Win64; x64) AppleWebKit/537.36 (KHTML, like Gecko) Chrome/118.0.0.0 Safari/537.36
VM62:1 cookie: 
VM62:1 localStorage: {"dc3_auth_key":"\"1d27e4e2acff3074868f90a78dc48a86943582b43eefc7a9c2c4bcbd9729f844721ff48598a1a90c02b5361d8116e7e955ea3fa4c1cf62495dffeb4c4e835e6dc0a4d8dfe46fa8e0e984dfc965c163bb9a32413d3931515376f3f0d9168b685fb4049edf93caffe68f67a98525204c77e84beea3e80508c0fe0aa507cb1efa926c8300cc69933f6ffdb430a7b001b09f319aa22628b8259e01289a52f6d9ce48947fdeca3f8f3f0ccd6bc082dc9ee3cd6c7d239db7eef1f0bf8760d837a894fc06ecdfd8e6873e4bae67d95d6ffd6dd8c527814169d20fa349f5e98fedec8bf843ff6f8326343e33793d9a47422483450c1481f52871ea0f2572b7dd7e477552\"","k_build":"418","dc5_server_salt":"\"894e5647740daae7\"","dc3_server_salt":"\"636ca15c52ff13fd\"","user_auth":"{\"dcID\":2,\"date\":1698576467,\"id\":6981579982}","xt_instance":"{\"id\":11529262,\"idle\":true,\"time\":1698576481651}","dc":"2","dc4_auth_key":"\"4c66b8567d06fddb25c7fe71c965cb64b38073431fa16acdde4ef51fe2b6567ec25cf6f69d6114a1012afbf0d29f256085f08e7436c5588a518108e70b2f0432638518511fd86e71271f71c733c8dc2b4812877f6b2784239c9d7ddad7021da67a59ea08439e386c53dd81e300934e46f9a90a60da3b26e5dbd6af8c3472cfcf75c7dec9323ffa4988f7fc8c6d09d963efc4aa9aa958808f2006ff08792e6399de5196d7310e575abdfe0bb38529327207dc3eaffc1e5a10a4a10687f2ad8c33c9b704022308eb58171336905e110e11cc55895ceb3765f384e011e36569700479c2c11ed569e4bcdc3ed6fa17eb97553817e0cbdd482c52f362ec85a5306f75\"","":"","dc2_auth_key":"\"774bff2112c2392337bc4729193c3c4913d3149a23f54500cddca5cc23a4e8183acd76b6e6dfbded7f3b071aa33525f245c9391c669a4ffe42d761e2d78abcf4ee44fb206bb670978d9f8d5d01d12c1ddb7188bc1fa2b63016eb03af2a79181490b94c063cdf0a13109b634751dbe99509d21a9de8a0214c23fb97ab6d4b6a61eb711d179fad893c62b20c33c4c55991699e70b589f9d7513d8a592ef4e353cd60cf19f4941e9472ed15c1374219e78011df74d7c069f6f6284fc235234b4c60115a645b32257aff6b9f3cc989e4336a9327d9b3c49e9d7e1aebfac89077c4f54273f0cb61025f86daaff8aa1b1f06d86b89ea54af3e2a4180c4410e97878ba1\"","dc4_server_salt":"\"fe4ad3dc2aeb640a\"","tgme_sync":"{\"canRedirect\":true,\"ts\":1698576468}","server_time_offset":"0","dc2_server_salt":"\"a9498bf66b520dfa\"","state_id":"351342975","auth_key_fingerprint":"\"774bff21\"","dc1_auth_key":"\"a8a27cede2474d9eabfebdb86f11bfcd9e27fd8fb6da0dfa1cc22f39fb53463ac5b01adbb2fca041bfe8f28196529f46de8999802c5608dc49fa730912b8e464245ae2a955a0cb98643884dc3152e71f2ac532b5811fa2783543b2ba0d0a30797850c52f809c49eb449da177300d8a6aaedcc11c556620dfa75174e09c3d0ac41ccd510876b1cdad100634b4c2a208e32bcb9f9372bb32866bfe64b3549b730f9918d25ce4d42b61cdd648df6c722549cd0c60cddca6f20d81c7d57780be37e967cbf31889bff69e78dbbe6372ce7f39e116efc01b09384d21c1ba2ae135235f2a067ca986ca837f4d32bef666e2d982ca46a4babbbcbf737b5152dfb0640c2e\"","dc1_server_salt":"\"c6b8f825ca3b5ae2\"","dc5_auth_key":"\"80b85a17853bfc0d0103f13588e97ccf4f4d3e3009ed367f6e398d6d34af969fac8de8f3b632350770431865e6c2dfd35174f0e49f9532d4792cd9e082434a9109901623a0f7017cf18404a6da286b07f82e8629d346e165e67a60873708584452b7cbf56e324e0dc88cb409a72fb101bf420a0b6164f8464a859c803a3384e1934b797a05b3bf5399083c29f3f067e47f19a4257e3c382bfd45e8d246b15b834262f3e44ba1ad02f3ea6fa013b717594e544b498dcb6be54a14a732d9270157a3f5aa86f8f8245e570bb21a6c3d692e6a00aedae13a691a7e16a20048a49a600abd5c0ef0a7328f36605d0e2a4d3bdc9218bdc03f951f1748350b9da60c9a80\"","tt-global-state":""}
VM62:1 —————-
undefined
