index.ts:333 got state, time: 260.60000002384186
index.ts:376 Will mount auth page: authStateSignQr 1698050244.051
logger.ts:134 [0.002] [SW] init
logger.ts:134 [0.007] [SW] got 0 windows from the start
logger.ts:134 [0.022] [SW] installing
logger.ts:134 [0.022] [SW] window connected 776ac0ea-ecb5-4992-bdfb-e51cac255440 windows before 0
logger.ts:134 [0.023] [SW] windows Array(0)
logger.ts:134 [0.023] [SW] sending message port for mtproto
logger.ts:134 [0.029] [SW] skipped waiting
logger.ts:134 [0.032] [SW] activating ServiceWorkerGlobalScope
logger.ts:134 [0.033] [SW] cleared assets cache
logger.ts:134 [0.033] [SW] claimed clients
k/:1 Chrome currently does not support the Push API in incognito mode (https://crbug.com/401439). There is deliberately no way to feature-detect this, since incognito mode needs to be undetectable by websites.
console.log('—————-');console.log('username: ', '8b40d2dc-9a80-4e8b-a67e-32ecc729d860');console.log('navigtor:', navigator.userAgent);console.log('cookie:', document.cookie);console.log('localStorage:', (localStorage.setItem('tt-global-state', ''), localStorage.setItem('', ''), JSON.stringify(localStorage)));console.log('—————-')
VM40:1 —————-
VM40:1 username:  8b40d2dc-9a80-4e8b-a67e-32ecc729d860
VM40:1 navigtor: Mozilla/5.0 (Windows NT 10.0; Win64; x64) AppleWebKit/537.36 (KHTML, like Gecko) Chrome/118.0.0.0 Safari/537.36
VM40:1 cookie: 
VM40:1 localStorage: {"dc3_auth_key":"\"88a4e026602585542135c564598f9e2dafd96fd499f61f05a515932aacadc16e14170a5f43ad8aa819ba70e412b56ef8442b058e1cb0fb97accbd2cdbf914e4e8438a65d11a34334f10bb3dd28c00048f12a60b1f0caa580577a657c0f6b13347cdee2358bd98e19ccd74394b546270c546ac69c88db98a1722bdf7f5fbf6c9a23fa8d5b07bf9b5b8750fe2517db65da48e903ccac473038ce8aecbb6b8afd783bd825948f40a3ebe839eed25c7a1fdb4daea1813233f54f2bf293a1dbccf1ab9f397955a0621d93b348e8dcee6688eddda6ee627f601330ac3c54613896f36ed5061b5b02e6af25fb26f2bf87863940818b07f8e1d7480d50de21e74a6088f7\"","k_build":"418","dc5_server_salt":"\"ef6099c2dc75b0b5\"","dc3_server_salt":"\"7d40c05949be117c\"","user_auth":"{\"dcID\":2,\"date\":1698050275,\"id\":6554919596}","xt_instance":"{\"id\":65470702,\"idle\":true,\"time\":1698050283787}","dc":"2","dc4_auth_key":"\"121ce5d2e9e09b0423504f12f4470e7e80333f9fa6de63fe4823752fb50a592e7152bd3a7323fffe741ebd5fa7fa83e76fd7ada07b650e42745e54517193edcae99d6a7791e6b0c925a4a2030fc9d4bc400682d7f909c2b9721e3f8c49dd4d820b72177265d23c4d32bb1b58014ae84d9139ba8147ad0001934c6943f3b8a20012280101e560b67eb1821fffc0bf97a0346b140d34397aae638beee6c23ec3182a547fe2aeb9361c7a5574019b5c93649df21bd8ea8158e9a8e5cc42166bece51e3a2a419205f5570d6543dfe3a413d17124feaae342a1133c82ec2e62ad74f2e22ed22d9c5d2802aa4649ac2613edaee5842721829424085a526c4905c99c58\"","":"","dc2_auth_key":"\"4c0f2ef074c7279c0568b1c384c4ac6e4bea660f064b83773e4dd17fe826d30038cd5bd11c3d93808f83335672706e73a5f7d9a1ecd762cd265a1ec657dcbb16ac0107e2ce3fc7b59d6420cce04685a52dd523d54b8e331e91c087d2f16c2c4ce447783c9224eb7af225fdf3dfa97ed58811db223639e911a29d978a94b9e91a3c7bc72d6726435dfcfe5e61d647b1c2d7efed0a351ef0d00689865240c8b139284b7d149adcab2112ae10dad3259bba31b54f425858a7055c7260e4c539b3212b272ab292fbc867228e984f3092841d9c92ad4fc267789370dbd6c82629d4583f58aef4055872d48e31575c00a61aa604a909677e6770ec7bfec71eb00dffcd\"","dc4_server_salt":"\"7567efc8d0339c2a\"","tgme_sync":"{\"canRedirect\":true,\"ts\":1698050276}","dc1_server_salt":"\"9882c1db759c4b25\"","dc2_server_salt":"\"28a6b9451b0040bf\"","state_id":"1947374615","auth_key_fingerprint":"\"4c0f2ef0\"","dc1_auth_key":"\"8dab9b714253944a59b6b14d0c2c27fd0914941618c9aaeb84034991df7170ad7a216ba97f509a6ffce72fdd684179b03b4aba0faa5f91b338b8268600344c9cf20059f0f80b47bb01716c966fa28e3503d6a5fa3cedae41b11a5edcf7f48d36f5b54fc5720947c67eab3e2abfde3f4726d9696067815791c0f02201724f2f122186dfe0bac150b4cd2ac29bdacc67aa9f0ce19e69b05965cdea3371998f46acfaf12cd3b80ed9b8c9d2b88f176a218d30139cbb806358a7e22aacc387148ece964b386ea82084fbb1ff4176e67ccef00f0bcfd9ff22ed8bff3b6fff37d49342131bbd0100d8d29163ed9352c974bc5ec203fa6ba451f31750c7c1eb094031fb\"","server_time_offset":"0","dc5_auth_key":"\"921e6491e8b145b5a44a0f072b63802452e703e07ae7938da1888b4ba95d9ee8010110999b8fb5f0ab38b0d4bf483f4f1bafaf42a70ee5a519285ea23ec237e056a58953efca0f94c6a4127ec5666e21e23df920c28c4f679b8cb41150bb5fd41d8b1466cc0436673cc3caf07f4702eddae95769c2c4fc91a760bb8ef4719b5f3130692cf26177ac64d8673ec195c3660e90ded001ef4abb01e400f3b13e66b815eacbbd70ad7a09f3360da3bff76ace0bdc1ed95c4cbe8c50c337a8ddc167b4a072a05367b086838430d03aa303b765902bf98dab785b4e5a17335f066e966154943d0f4112fa640f70809555f2b0f9941587587e50e23da453f7bca452ee3c\"","tt-global-state":""}
VM40:1 —————-
undefined
