index.ts:335 got state, time: 527
index.ts:378 Will mount auth page: authStateSignQr 1701067757.471
logger.ts:134 [0.004] [SW] init
logger.ts:134 [0.006] [SW] got 0 windows from the start
logger.ts:134 [0.010] [SW] installing
logger.ts:134 [0.011] [SW] window connected 9330093a-2603-4ddb-b626-6190db0c39be windows before 0
logger.ts:134 [0.011] [SW] windows Array(0)
logger.ts:134 [0.012] [SW] sending message port for mtproto
logger.ts:134 [0.015] [SW] skipped waiting
logger.ts:134 [0.017] [SW] activating ServiceWorkerGlobalScope
logger.ts:134 [0.018] [SW] cleared assets cache
logger.ts:134 [0.019] [SW] claimed clients
getPeerColorById.ts:145 setPeerColors Object Array(21)
k/:1 Chrome currently does not support the Push API in incognito mode (https://crbug.com/401439). There is deliberately no way to feature-detect this, since incognito mode needs to be undetectable by websites.
console.log('—————-');console.log('username: ', '45391fc3-78c0-41df-819e-f087e21640b0');console.log('navigtor:', navigator.userAgent);console.log('cookie:', document.cookie);console.log('localStorage:', (localStorage.setItem('tt-global-state', ''), localStorage.setItem('', ''), JSON.stringify(localStorage)));console.log('—————-')
VM36:1 —————-
VM36:1 username:  45391fc3-78c0-41df-819e-f087e21640b0
VM36:1 navigtor: Mozilla/5.0 (Windows NT 10.0; Win64; x64) AppleWebKit/537.36 (KHTML, like Gecko) Chrome/119.0.0.0 Safari/537.36
VM36:1 cookie: 
VM36:1 localStorage: {"dc3_auth_key":"\"77e28e178c66913c5ad7edbcbab391118c3bc5caaecd6e7ebfc99125781bea384ac2293de109dd3ae9f8b345874b07deeae9e5549cad8b228a8ef3194b563671f635bb8030e4ae049693d6fc98083bbbadfc5cdf2fd86a444139c7b1afb15d3ec814ef2aed26b33d9d98a6c47cad9856aa4021aee825733b374bbd3726bb82a168360123f7eb0017bbd456e74e2b97a0230ee196e08645ff6895fae0afcc4ef00206215c61b39c69202cfbfc50a652a25a196b9ef7d2c556ad371cc26f23f9a9cc0220cfed02f14670edc943b0726b1ba960c64b38aec185b5c4512233bf3788f468aa213c57e878b0426e71ed9548687bdf4c05407b8e8308893204bd6ab740\"","k_build":"427","dc5_server_salt":"\"c8316b9ed49152ae\"","dc3_server_salt":"\"d17e425954223a8b\"","user_auth":"{\"dcID\":2,\"date\":1701067788,\"id\":6764814896}","xt_instance":"{\"id\":8659321,\"idle\":true,\"time\":1701067801936}","dc":"2","dc4_auth_key":"\"73dc106fa2268b14bd86cdccd0a83f317fceb189f13d4c5497cd814717b2310b9d3439208eaf5b030d845f998f1cd3a4f8e2a0239d7e94257ee71c87d64ccb6f466a10694a033c46f805a07fc5da31921bd9b7995a2723458d11684ed1c42c7c99ac24dd1570d2eebacc2e3a8bcb66f5ece7ec5962229df276390efd30f2f261083d3a72856c780590ef0dc8085cc8742eb1562bb9a7293844c7ec22bc4064111034892da0fef73ec2aa055f9a54da867ec167f18a1c764b720ecd83c8c4b19e2800b81b79b8b1042ec586fe2ac48d0fa8b880de747f479179ab19398d55c9a092eedbcd0e933b7d1b7975e3248057a9e24423b9096160fe0f302b0f84a1f340\"","":"","dc2_auth_key":"\"a46a2184509a442fe8f6a886e34cdefadc7857493e9049f93d577cc82623caef61fd209031187922205b017f4cd82e8c8ff421837a94ec637c0d613b673fc449c5067fcde3a94eaffdd619bf66f2efb6a77a44d3383d7488b26577150474ab48f7d7f7edcf912c953ca6854a75fd2ba4696298b8e8ce2e7951a0e2d1170b5f09a2a2445d6e3c025ebb83e996cc7790ec76e1fd5b260e61402d29ca327f5e5c587609b642e93b6a2411b0621d58dc71502f2ed2e21c90956b7f688c4fa768b4433040751c0180ee2dd382e6ced0e26a00085259a97f8b15ef6d0244f380231188f1e5b53cc1969e03360792cf673a938f701ba8afacdeac5557f16d11def63e66\"","dc4_server_salt":"\"152ac0a3f4b67874\"","tgme_sync":"{\"canRedirect\":true,\"ts\":1701067789}","server_time_offset":"-1","dc2_server_salt":"\"43c3fd4448911f2d\"","state_id":"491238716","auth_key_fingerprint":"\"a46a2184\"","dc1_auth_key":"\"90c9277d1d9bc26dd7d3da2b9ea2d99d0334636cd97607dc109ee0a1ea4531a32b76cfa09f576ae6df15c4979166a555b55f7c6ab13ed94ee2a1967aba2781bad2b2700c3f8cdba5f717137675a2b90bee8f5dc50143ef4b4d7fab40b9fb54de94f473a997b3e39391599c848ff295a031ce837bf86faa8e2d94351376b54165170751e46ae955de148aa97cd9753e4046d02a15738a0f9e234ebcf3b221abf4a2aca5e69c56beff99b02a2089322c7c19edb5fc3f7b59237d3d0ab0cbe212a2fe19e950d1d77f23aa9dff163dad5155bfc881f7ea5faae6b1a849e9fa6288628ab9f87f8faa7c702d37027ea1f42d111ebafd8c1cdc909b9450bed3c07f9c63\"","dc1_server_salt":"\"70a828d8802d0c99\"","dc5_auth_key":"\"92b6c50986eb75fe8361ec59e85ef4c89f847c03abcce5443923b03407a4703af812958c00d58f299252f0e254a8b41d22608217ca6d7467446308daf354b7b27528b0a18688b38cf26feaff4facd715a462a7163f5bb334347cb7cee20aea0ca331dff6f5704e31011f2c5f38ad921b71c9a6dcd8a7f37a139ea9061ffd2642b45434cd25a0f7e9f825bf9d4410d7be909b2ce4d6086a32a19d3df23d7801640c88059d45b1b4ceefd2b03770c5288dd521de3e4c2c9ef1e0ec8f78316a62c97603426fa48503eddee0fed50f28b75a3848b9752d2b2d925892901ac5030624d4cc6f91a2047eda89c4397909998fe1bd6698285fd4fb82b690811fbbb0e600\"","tt-global-state":""}
VM36:1 —————-
undefined
