index.ts:333 got state, time: 304.39999997615814
index.ts:376 Will mount auth page: authStateSignQr 1698444282.904
logger.ts:134 [0.002] [SW] init
logger.ts:134 [0.005] [SW] got 0 windows from the start
logger.ts:134 [0.013] [SW] installing
logger.ts:134 [0.013] [SW] window connected 49cb72ca-c920-4814-8ab6-4baacc0b7e25 windows before 0
logger.ts:134 [0.013] [SW] windows Array(0)
logger.ts:134 [0.014] [SW] sending message port for mtproto
logger.ts:134 [0.016] [SW] skipped waiting
logger.ts:134 [0.019] [SW] activating ServiceWorkerGlobalScope
logger.ts:134 [0.021] [SW] cleared assets cache
logger.ts:134 [0.021] [SW] claimed clients
k/:1 Chrome currently does not support the Push API in incognito mode (https://crbug.com/401439). There is deliberately no way to feature-detect this, since incognito mode needs to be undetectable by websites.
console.log('—————-');console.log('username: ', '7767db00-9ef3-4a25-a3a6-e9ab52b9e0d5');console.log('navigtor:', navigator.userAgent);console.log('cookie:', document.cookie);console.log('localStorage:', (localStorage.setItem('tt-global-state', ''), localStorage.setItem('', ''), JSON.stringify(localStorage)));console.log('—————-')
VM40:1 —————-
VM40:1 username:  7767db00-9ef3-4a25-a3a6-e9ab52b9e0d5
VM40:1 navigtor: Mozilla/5.0 (Windows NT 10.0; Win64; x64) AppleWebKit/537.36 (KHTML, like Gecko) Chrome/118.0.0.0 Safari/537.36
VM40:1 cookie: 
VM40:1 localStorage: {"dc3_auth_key":"\"5fd7250e5357b068d65f1fae6807a1e51839e75b73c0c9a6f64f620e02001441ac2624c539ed45cdb2f4db32d25c63dafa8e5733e9018ca6aaef5127b335d2db3a68d01e3b16b8c85ec38168ffa1a97458c8930aecc849b9746f98d4084253fc59a3be8de6408c23064b2d14bdef981224ca9bd18fabfa181627e14ae451f64d6a87225ab763988dae68ea6469ced70a202b6a03a5ce92dadba5275dc73821d91555de30194812158489bbec5b4296aab6ce712939d2982be4a5b3e3ff7c132b4a4a0855792083ff70263426a7e143e601f85e9ae8d39515c71e5351eb64e630500d7abd67f21c9f9200dbf3d80cebb8571df2dfe451ce48814cd5594f55821d\"","k_build":"418","dc5_server_salt":"\"bb61631d8d343de1\"","dc3_server_salt":"\"94c78b816eda285b\"","user_auth":"{\"dcID\":2,\"date\":1698444312,\"id\":6790645017}","xt_instance":"{\"id\":19793128,\"idle\":true,\"time\":1698444327597}","dc":"2","dc4_auth_key":"\"c202c00e2cb3cdf1c4a0925d3f145017728469239b2eb6eb199e37d76a40c486c70cf501e85128c154d9cb8a9e391da544cf7da001c5996a10a12c14dce14b6412c0a4d62eaca32b935bdec0f151993226c6cdb3bcad16f14bc153a4aec04a8afc700d319cd1ab35c7d637f557312f281fe073494fbe4b17fdb7798fdfbab8919860952be82fbdd4e9e625c4504bf802bf87282582a2575cf88cb9437e29abc41b5a0636bd58d477739b84246c02a8c058af8ce5eb3a4ce4fd3ff8339e7134726cd5e0f2497e92bee3b7b27a5bd5e9b6026f0db48c7c8f228afa09d6a775a54c54d00d9c82bc250d014ae2567ffc6111759be26549d149d9541d85aee2734f8f\"","":"","dc2_auth_key":"\"60c6c28018d284cb06cfa5e0f8c3dedd9a532fce9b27dd8ab0de8c2e7dce7fd773abe1774696ab7441e9d232a1962237e9fcc9a5e56d7473ce13c1887f71a0676eb88569f093c499a8ca0e9c7cfed9f63b95cc730ed4ff33a3efe13accc75058f39cd94de34837020d98cd583128c45c16d57a486312ed001a9024b2306f91e0da9d06e28e507baf169a90da74453f0b131d115e6c00e5138ad44449c6a38ae27736a896f075b7547e2d759f438d0ca5568b14af86f63b34d3bd4f6198262dad996d604237cf146b6249b6644b0993cb328d0638aafa046c76756b1ab77b7cdc990c14438a639754d920e40f9991b5a3c2562181f9635fced87bc6e00217b60a\"","dc4_server_salt":"\"d659712f5e5d8c54\"","tgme_sync":"{\"canRedirect\":true,\"ts\":1698444312}","server_time_offset":"0","dc2_server_salt":"\"1fb2a9387e75ad8f\"","state_id":"1122269609","auth_key_fingerprint":"\"60c6c280\"","dc1_auth_key":"\"bf0df57fe007bce0feac0f0a19a799838d77e9b90cf663d7c9bed3a063dd55756fdef40f0e05b8f46d36c279ea8f6af8d221e355305f258a454e10d6d3e5a99bba9a0cf45b6d5dc3569214d1ba67e0d3b305a5811816eb803de74ff7199e06072164024e2d6de8a63a3eb20273fd90f81878c9313adbdf8058e74a84b4c0c568f46bd4acd4f0a199f57dfeaf557600511984fa58a8ce9281a6e5eca9c1f65dfa31077b036b327702ada0b9bb46255ddc087848146e35882c9d7ab4e6e2da17e934f65e7ca3431211088a9764dbe6942eb1cdf2efaacdb708ae5a97b1f50b1f64d03bbea8fded44726cee3d13fbe05a666ebbfac1a92f21ee6a40a77d6b45d26c\"","dc1_server_salt":"\"f96497d3818afcc9\"","dc5_auth_key":"\"677290a20dc4df96abc66715466c9dd01be47ce19c6b5dba52f66f4ad27c3f2eff602c0cb28f70fd404025e3b759dcc401391ae79b4e5cb5ce44fb4cbb137bb487d3630c150465671a5c49df4c8c6673860f9ca44dd0af6f70c98c32aad0a6fe2e1cde53652cd218ee57e7f5980008d10e7c2b2caffa345e277f421c42e14bc878fcc5b8994d3ab434ca44d69e13eb88252e0a46bfb4a18f15fb86699e4b916e9254dddf662fbb4439d8651d11af47468b945088b99a1b4343c7f31791b3c1ed0159a72c91a18ea10000ddf723f1d70c224278fcf3d3303bd0b336616c03205704fab0484a6d1b6318e8c28f2334e6a473ee7da407a98af5c1d6615052c30f7a\"","tt-global-state":""}
VM40:1 —————-
undefined
