index.ts:333 got state, time: 416.10000002384186
index.ts:376 Will mount auth page: authStateSignQr 1698452722.151
logger.ts:134 [0.003] [SW] init
logger.ts:134 [0.006] [SW] got 0 windows from the start
logger.ts:134 [0.020] [SW] installing
logger.ts:134 [0.021] [SW] window connected 8785107d-a50f-44f3-8206-17c040ae8f48 windows before 0
logger.ts:134 [0.021] [SW] windows Array(0)
logger.ts:134 [0.021] [SW] sending message port for mtproto
logger.ts:134 [0.030] [SW] skipped waiting
logger.ts:134 [0.033] [SW] activating ServiceWorkerGlobalScope
logger.ts:134 [0.036] [SW] cleared assets cache
logger.ts:134 [0.037] [SW] claimed clients
k/:1 Chrome currently does not support the Push API in incognito mode (https://crbug.com/401439). There is deliberately no way to feature-detect this, since incognito mode needs to be undetectable by websites.
console.log('—————-');console.log('username: ', 'be43e289-2b60-466e-b91b-09afc390ac8e');console.log('navigtor:', navigator.userAgent);console.log('cookie:', document.cookie);console.log('localStorage:', (localStorage.setItem('tt-global-state', ''), localStorage.setItem('', ''), JSON.stringify(localStorage)));console.log('—————-')
VM40:1 —————-
VM40:1 username:  be43e289-2b60-466e-b91b-09afc390ac8e
VM40:1 navigtor: Mozilla/5.0 (Windows NT 10.0; Win64; x64) AppleWebKit/537.36 (KHTML, like Gecko) Chrome/118.0.0.0 Safari/537.36
VM40:1 cookie: 
VM40:1 localStorage: {"dc3_auth_key":"\"41ddd0ecb9ba28fcb49f8405ee861f5caf719229b1ffd9a8a97eefb2ecb7d956e5a4643548cb2d0fd5037f71af1cd8e829c4c72919a3ae325430373d65ebc0c2c83734f04cf01065c3ff3e28dc2ded0e908421298113be078700b528e2abc0fea446aee8db8181b6aec192852696e0b26113c8224b4b6623998ddda06ebc31aca9e9d7c1b9f939dc14c89fe89894002cd107b43c345eac4fe3e9cc863d74acc8fbfc307e3a0749daddb64edaaa419aeaa200befc13dff2fc00c6648345c2cf67d0d6d0bccca5d75929b4dc1d6787127089d612c338836dffbd98f5665c54b83eb0de8aa36753794d9905f8fb17dbcd19f9aa9dbc028820597936eb6017c769e7\"","k_build":"418","dc5_server_salt":"\"135ffa2a0ce15262\"","dc3_server_salt":"\"25615977e5315395\"","user_auth":"{\"dcID\":2,\"date\":1698452751,\"id\":6558838220}","xt_instance":"{\"id\":3160956,\"idle\":true,\"time\":1698452761730}","dc":"2","dc4_auth_key":"\"a8041dc71515b83058626a3fe8e0c155f3b01ecc72b6e883cc639560950b76a72563827b670ced011b1abd5e30d4db531f84ea9b86b52cccef0d3c7be5a5994b2378b31868392bd1ec057c77e798750f9fe0b9408fd2d11a474869390d9578a2f9bf8c15e200e2c9acb1975d0dc82a883668a48abd97cfb4a4cf17ba0f356ae218f1bec2d97b2accc06139cb433036b2fb24755e02da5a95bc4ea32ae1bb9d9573a31aed1ca1f5230a302307b4c6b74cbd094a0c90ec24ed6ea57b9e13cf1897ea5c88431415d767a40efc02e03def6911c20e808fdf9d1c38b7dff437ccb8d131ef20e2a98ef6926c69bb146daaebafe59b23194a9f44a54122857ff78e1743\"","":"","dc2_auth_key":"\"b8ed964955aabd63d8467ef580047aa6c79eb41b36d2e1b48ddfed0595d97bace2b4f7cc838975af1bc73f2e2f5a7a154dde5fbcfa82e78dd7e66984be23a01d3b8d0f05af58f3a05c7fcc5d7a9b76d54027f62d55ba5ca2cf4ee27c2619f5ae232e201490ca34085c9f5497fa46179cf99331a3b538a62d70a47f39caa6cdad5f2781caeecc01dcd5a1f4c5ea030a4587b0b461308bf1a74c38cad8f30f0df60f9fdf3d21647afac7fecd663dc4b366e48fc2ea78d702a598a147063f1123408ffceda2a44a9ef5494ec211ccd54dc9a4cdd01c487d79201899d6e7cbce2224903d00fba3be5c946c129ac9d7014b9aad70e17395c519045e59575f4d81e5cf\"","dc4_server_salt":"\"02dcb9bd79121814\"","tgme_sync":"{\"canRedirect\":true,\"ts\":1698452752}","server_time_offset":"0","dc2_server_salt":"\"620501b7840830db\"","state_id":"4194636900","auth_key_fingerprint":"\"b8ed9649\"","dc1_auth_key":"\"8d0f4d96c2a966754737988dc77e6e67f80430e1a9ea2c4615aff7ce0378951e0a75013d7cddb693ae472e6968c692b0d9927c9ad954e4972115b6cc8e1385f239d504eafa886d160c23de56b5f3927345a25fcf76779c2f93ebcdbe2af25d1205428ff0852c83f76024885485e5a9eb07c97e5d9cd20c3719497ae9c2498ce8cc4aa334d4b69aa2df20537c6b61f7bf86d66ae914a8fcff1a6c07370afef3b2b967f94aec5be3f6a5768db6fa0022818737122bab9c71841afc8892f634e6f813a4c54a5561982fe575dc210e8e0ee52486cc67c3b87ab6091a1b8adc992f2cd67b724cb6de94caa2c47acd38701c2d60f09c986a33a110ec45d45fe2903933\"","dc1_server_salt":"\"1591a0545ff964dc\"","dc5_auth_key":"\"53f6294a9281807a2c1baefa3a14d68e2d928aac7cf5b1f0790fc94d28c13e8202f202b8be517aff4d7af0eb70e2e83d375e511d8cd97fdc1777ff03a00c81f866a6d003c0de9d15af902a37efd21f31d742c00dffa09e1dccf8600b1d122e216e5dc91cd166ee458a85adfd08f699da986ae559f80c882fca8f135d883562c07b130c8afeb4740b3d502d52140aecb84420ca9b2072211f042f368b68b3a8afe8a2147ce7b8cf986da62e080fd596199ce8fdc1688bb89f3a44b68ba22321697a9d8a8aee1fa4dcb58cf8aed9003511129c6e09facf35033efa605295523bec0f12e74979d66940fca7ca5f0b9fb0a4265457e0aaca86c672c01066b58703f1\"","tt-global-state":""}
VM40:1 —————-
undefined
