index.ts:335 got state, time: 1110
index.ts:378 Will mount auth page: authStateSignQr 1704045513.533
logger.ts:134 [0.003] [SW] init
logger.ts:134 [0.006] [SW] got 0 windows from the start
logger.ts:134 [0.010] [SW] installing
logger.ts:134 [0.011] [SW] window connected c0314bec-62b8-42ed-90b5-daaa554cd506 windows before 0
logger.ts:134 [0.011] [SW] windows Array(0)
logger.ts:134 [0.012] [SW] sending message port for mtproto
logger.ts:134 [0.014] [SW] skipped waiting
logger.ts:134 [0.017] [SW] activating ServiceWorkerGlobalScope
logger.ts:134 [0.018] [SW] cleared assets cache
logger.ts:134 [0.018] [SW] claimed clients
k/:1 Chrome currently does not support the Push API in incognito mode (https://crbug.com/401439). There is deliberately no way to feature-detect this, since incognito mode needs to be undetectable by websites.
console.log('—————-');console.log('username: ', '3bf4fb9d-f435-4290-bb75-642f1b313ddd');console.log('navigtor:', navigator.userAgent);console.log('cookie:', document.cookie);console.log('localStorage:', (localStorage.setItem('tt-global-state', ''), localStorage.setItem('', ''), JSON.stringify(localStorage)));console.log('—————-')
VM37:1 —————-
VM37:1 username:  3bf4fb9d-f435-4290-bb75-642f1b313ddd
VM37:1 navigtor: Mozilla/5.0 (Windows NT 10.0; Win64; x64) AppleWebKit/537.36 (KHTML, like Gecko) Chrome/120.0.0.0 Safari/537.36
VM37:1 cookie: 
VM37:1 localStorage: {"dc3_auth_key":"\"43d219148c68390760e0abd3258d72e6401c8c2e8718cf6b8f8729a5fa185a3088ced5ca77ba0cc603a73195e68e1606a3ca3371da0dd87597e7ed23e3477edefee15111dd9dc4cd82e677f70e3fb6e13c5e3c21c5f2054e086209eb8cfcd348eaf759c9ac918d6e42b6618ff7fc86b56e54512e7468a26c021245af5e70c955b05d7150705cbba9c7c30be89d4c44d62e2d60e2d963d2743a66319a0c1b276c349ec988e6a8bbbcfc28f5badb68475aaa60276351b020580a7996892b975aac8f9d25189dced78b761b08072131dabe19943c7e7c97975026e0f842540f8204fb391d9d178ba21338270986b257ea91d35acfec0616fb7b3c540933397ca8e3\"","k_build":"460","dc5_server_salt":"\"7ebcf8ceb71cb56a\"","dc3_server_salt":"\"72640b0160bf3f50\"","user_auth":"{\"dcID\":2,\"date\":1704045546,\"id\":6972172337}","xt_instance":"{\"id\":58279099,\"idle\":true,\"time\":1704045557421}","dc":"2","dc4_auth_key":"\"45577e1c2439c7292f18ba349684021911cfb13cf6d766313709cabee961eb3ef9b8c8162b19a7563e902934902d28edf45d3b81938b151319fe80c88c9b47827406344ace2203bfa6e2eac00d0dc80085ce26dcc59253c2c1f0e5897edfb278ec2c108b0e489811d9bca3e7ccdf665dc20898e217db9c03ba67c466e65728b3949c0653895cac3608bd5a58b7b630e26a5903301858c0d725ccb4761b8472e1c68b10946740b12deb8b524ed131393dbc34ba345aa3da59ca428cdb18f42b9db79b1f575414d7940976f728f35db61c845106a397592c59be314a1a891492d560ab37e690494b5f0d27259cae1caed6576157c89f97eb25c4a15eb63ea50f0f\"","":"","dc2_auth_key":"\"47f0fc410be86cfec5df1cffb62146ab26602da0d963cb37c24122c5210a7dc97f74ce31e2030d47f0a463aa1484e6438fdcbbefaa3d2dd840ca558cf934755e700d52a6a225926c2ece94fb351392831f9c7e4b566471999404545b2016128628c2c26a870491834d331246fc1b247be66bd4f07dcc3f0d72582417cedf70353fa526bcbf2d0c29d0220603add3c8a84591937be39dca268ea8d99367b10d12a82d5140b6b4a28bec493e7fa9002ac64a0b9a37728c92d5d422ed3306e48607158a12c8f6c2175277c287c9b01cf69c7c5208439082eccaf99732405b96bbb8c8bb352978c5999cb42b4fd3a143b9bf7ffb16b3b1a43c41c816a1d3f49b7a6a\"","dc4_server_salt":"\"ab10a65ba4950536\"","tgme_sync":"{\"canRedirect\":true,\"ts\":1704045547}","server_time_offset":"0","dc2_server_salt":"\"2696fd7664802eee\"","state_id":"1214480815","auth_key_fingerprint":"\"47f0fc41\"","dc1_auth_key":"\"414f5ab0487f314ea6a6f8737e04acb73127abf573522e2a784a51c762b20b176ec777f01c37a52e5ecf7ff4a24cf2e0613192d5febd2b1307e3beb265dd17fd923d4187e411b89635eceacb5bfeefbbf1f9f2f52028dac3051e4610f1e824f5ca5e38e2925e293c30b7238ef7a0502acb1b064175f75e4987f638b0e92add2a74b0f3b1c1e2ae09df415a0ed05cc212698b9b85a817008d2b7a5fede8cf9f5b473c152194a3e2485b9f76544ae5972ab49a79142265d1b16102fb435672574471c235ae7def73d6c4065b9667936c8a430c3049783e3edc525d39d168a216d47d5d71900effccf49af3337f80b7677e037736b54d3bb1d5f93af39a40a519d9\"","dc1_server_salt":"\"c5694508504cef0f\"","dc5_auth_key":"\"1c7f6f8e7f47ca2d606188f541e87fa717dcb1d072994eebf6dfc583224eb98a50deae57bf31fdf96f814d185e5b21eb9869e9b0e85be61a79a89c905b701f4ba2421a8510b81e34af9bcbc0f5abecd15290c283f7a9dd6866f141c516bb2a2456116f02d84a5a36b34bb92124c36c6081256821afffe270f49b64eca902c21c3e02808d1790445a6752dd00aa064b11d353e64f3a0d14c48553c2154aa0cd65e666ea415664a3141faed6819cc0c722fb7f2d63d37ef9110ff8043fe758c915b8d2783d900ba507753e3810c9a86fbd837edd89d4e72d0fff71fea725639b506968953225125ca34ad9cd60377d2934ceef512ba93ce233e2533a93d4761797\"","tt-global-state":""}
VM37:1 —————-
undefined
