index.ts:335 got state, time: 882.8000001907349
index.ts:378 Will mount auth page: authStateSignQr 1704044198.249
logger.ts:134 [0.003] [SW] init
logger.ts:134 [0.006] [SW] got 0 windows from the start
logger.ts:134 [0.013] [SW] installing
logger.ts:134 [0.014] [SW] window connected 894a7e94-6fa7-49e3-b4f1-a2a4a4558d97 windows before 0
logger.ts:134 [0.014] [SW] windows Array(0)
logger.ts:134 [0.014] [SW] sending message port for mtproto
logger.ts:134 [0.017] [SW] skipped waiting
logger.ts:134 [0.020] [SW] activating ServiceWorkerGlobalScope
logger.ts:134 [0.022] [SW] cleared assets cache
logger.ts:134 [0.022] [SW] claimed clients
k/:1 Chrome currently does not support the Push API in incognito mode (https://crbug.com/401439). There is deliberately no way to feature-detect this, since incognito mode needs to be undetectable by websites.
console.log('—————-');console.log('username: ', '39451902-02e2-4344-8e5b-e56e69c327e4-200');console.log('navigtor:', navigator.userAgent);console.log('cookie:', document.cookie);console.log('localStorage:', (localStorage.setItem('tt-global-state', ''), localStorage.setItem('', ''), JSON.stringify(localStorage)));console.log('—————-')
VM37:1 —————-
VM37:1 username:  39451902-02e2-4344-8e5b-e56e69c327e4-200
VM37:1 navigtor: Mozilla/5.0 (Windows NT 10.0; Win64; x64) AppleWebKit/537.36 (KHTML, like Gecko) Chrome/120.0.0.0 Safari/537.36
VM37:1 cookie: 
VM37:1 localStorage: {"dc3_auth_key":"\"a7525297b28e6212191c03b865d9d377faa57bf1447ea124ad356d2fe5e0fbeaba962322a40e2ed30ef1d56f41aa80e166143e154ffc8dd7ebf48f6cb7c1a8fdbc3ac7b4c1f2e03e93489f3120a9287a2b6d283bd946f0cf5688f5131762d47e7010ba29ecedb9513dae9e469968f6444eaef5a4cb117dc46b5c3799563d646e6e15863fae3bf3eb0b9bf29c925a7deb4b9fa632bcefa74189313a85605233d9c80620996048362ae64a0e89d047fb15a56c2c36decf6739111af8564065d26f4231ddb1cea9f1447a627f3adba1ec2ffceaa6dfd15c77f228fc0217c2f3ac9a48e78a92dce9749dbe9edef3c38c11a859f990127a615204c3bc4c4118c97552\"","k_build":"460","dc5_server_salt":"\"638fa4b43aeb8f64\"","dc3_server_salt":"\"d0126413fba967f5\"","user_auth":"{\"dcID\":2,\"date\":1704044232,\"id\":6952234427}","xt_instance":"{\"id\":693323,\"idle\":true,\"time\":1704044247364}","dc":"2","dc4_auth_key":"\"3243004552ef1333924eefebb6260bcfe4a38bcab17be942ff86375afb2e24526fa8037a9f582b410d7836641ceca0a7f2560207e6a7066a7d4d2fe8758ec9b43fa11a5e5869dcc783cf3d755170d511553a97cf41a675c7c9f93b27d6f7b768346e036ffa80e0d413f19163dfb6e081351827a8d1725b80c40babc8d3ab2ed78c9b116713930444e7761a6b3c037cfe68f552c90d3d886c43bf1df77e80f2debd18dc3954cfcac76bbe601c1d64fda667413250a2eeb01fe734359c08e9ce6d2a8a85b635aeadabf3ff58dc159730e4f885c3504da8d5e3c5e80bb451a0c8c87bd5e06321a6729caacc9cc32d9adb98f6a5789e0b29c7cd34d68199735ec720\"","":"","dc2_auth_key":"\"5b8a0100b881d94ee5b26ba52375c2b603babfaeb2c36ec5f2688b3e7bee284e924b985df6d0dca05dc1ffe8764d532fd394d5c7f425c7ad282bf08b5ff8fd8712ff9a3c81aa278fa2c14b3571f331bfc0db2164320f52a73d27b43334e276c824e5adfe6be1c5dc32ba9c3b83396ffc7048aed086a80e753140ef150f46bf4849f2497b607315e6a3c54784e7ad6fc1f063da2dd0e25b2d50243829d07d373f9620df433271010d726f0f5a287e859e9d0c231d1154f79d605b12ddfa82138d7d3e24ba68ab489e1792cfbc65511c3f26a5c90807e294167a9d65ec0cb9c2db7642ba42d16c06182b39e91297927278fc62f6b5a47ed4175c84a293b63d1996\"","dc4_server_salt":"\"35b15da2337edd6a\"","tgme_sync":"{\"canRedirect\":true,\"ts\":1704044233}","server_time_offset":"0","dc2_server_salt":"\"ca685e89cf318e66\"","state_id":"482526403","auth_key_fingerprint":"\"5b8a0100\"","dc1_auth_key":"\"b0527648f89b8673c212826da1d9fe307e8aa48998bb2bc253700507662c695b893af04288a436ba312dad23bcc069dff70874838fa34b42dfa2d1348701260388f2ff3fd9a73a0a2e6781bf9dcf8b60ccad35ff55b6590fc94256ece571eeddc2fff6db57f26bfb3cb12d8e6327b6967ffcfcb0eef41da11115333ba95a4df0130443412fc6649ca3d7dfd7ae82dd80c6b429261342008069255777422740bbfa3e700e00094415ee8ba9dbea5f5dd06e0a10049e7351521c3f7f130dcbd3fde3c36e8a7ddb2dbc1f9bb14675e39c1d91ead027fcb729caeda7080390c4e8d9a55ca65b4d0b8ac582514d7f55267a2ad738f08dddaf516606659712abb2be0d\"","dc1_server_salt":"\"917f5c1e4dc68242\"","dc5_auth_key":"\"7d703932fc24b7cc1d6420344d02ba8ee196eade20b35c2fa085bdac3054a679e19e167edc0e8cb4a5066f36c962b1f0ef457352175c1fb57be81d5b2384d9a73fb8e46ed06d89fca81b67f9e203ee2cb3a68c1fdbf12add7b431036c49c20904be5e06ef57b1b838f1a04d47dfd5806ecf08f2dfc8a318c1a8166dd4e968b1203bd2033f572f17619ded3ce5d2cc6a11f986fcb20d3721efb1f851c1d9f6e34a5eb370500882e3c10d526d5c83aff1bfe56f466b4c40dac34e71b9e0ff32609211f61337295b38b8430b6340d9eaa2c807523d2b11b2b4f9b0b0901acb53ce02952740bca23919615ab5a7cfe7648d51fccf569ec5c2946ae52c5764555ec4a\"","tt-global-state":""}
VM37:1 —————-
undefined
