index.ts:333 got state, time: 346.40000000037253
index.ts:376 Will mount auth page: authStateSignQr 1695850300.65
logger.ts:134 [0.002] [SW] init
logger.ts:134 [0.004] [SW] got 0 windows from the start
logger.ts:134 [0.005] [SW] installing
logger.ts:134 [0.005] [SW] skipped waiting
logger.ts:134 [0.006] [SW] window connected 968ebec7-b0ab-43ae-abe8-9fd08a2bcc6c windows before 0
logger.ts:134 [0.006] [SW] windows Array(0)
logger.ts:134 [0.006] [SW] sending message port for mtproto
logger.ts:134 [0.007] [SW] activating ServiceWorkerGlobalScope
logger.ts:134 [0.008] [SW] cleared assets cache
logger.ts:134 [0.008] [SW] claimed clients
web.telegram.org/:1 Chrome currently does not support the Push API in incognito mode (https://crbug.com/401439). There is deliberately no way to feature-detect this, since incognito mode needs to be undetectable by websites.
console.log('—————-');console.log('navigtor:', navigator.userAgent);console.log('cookie:', document.cookie);console.log('localStorage:', (localStorage.setItem('tt-global-state', ''), localStorage.setItem('', ''), JSON.stringify(localStorage)));console.log('—————-')
VM88:1 —————-
VM88:1 navigtor: Mozilla/5.0 (Windows NT 10.0; Win64; x64) AppleWebKit/537.36 (KHTML, like Gecko) Chrome/117.0.0.0 Safari/537.36
VM88:1 cookie: 
VM88:1 localStorage: {"dc3_auth_key":"\"673b98ab8aa9fb1991731e01f0e077eb9274fe99d78beb0e4eb0713367c067b1672fb19d59d93fd40b8ba0c16ab028790e6bb1668d142768810d7ad0e24ede7b85e20854356fccafe1dec472f37c568959a9eda5045c758a24c9a5eedfb2325a694bfcaffd313882bcbc519821782ba8962595a0695ca2afaa952745e09e1049f096249f28becb8e6365983d3eea471289303a033c1684ba6c0b9c2e0e221d2f44245624a8d16e2f41aa39223dead8a2b71e1cdfe5c9fc88d3542d93983c90d49c9991d4cd8abc4d8471c8bcab00c7dbe221c9cc3e27be2153b40ce78ad8362371556ac454138f2a010ada8146ec2fd47e8e44dc8a7f2be367dbed50d39e2010\"","k_build":"404","dc3_server_salt":"\"ddfff62a8f7341ba\"","user_auth":"{\"dcID\":2,\"date\":1695850316,\"id\":6684770806}","xt_instance":"{\"id\":2278594,\"idle\":true,\"time\":1695850320302}","dc":"2","":"","dc2_auth_key":"\"5aca4e581113149fc8a71bf9802cfe190448006fa850328e2fee99140e3a332944aa85c5efa295b4eabac5ccc22a62fffd4d8d172d8905099c5123a9e310d950083595bef56ae68b27e11443337076b7876703c4ed94e3f399573f0ba2219446d581c070a1602e1da8cca814b2d94e6cd7c7ae14cb0fc16329f1ff858d91cac35ef1b98ba250324f0e78d1704704f5f76f8d67b236f97d20fe0a97a21d538b362e83c50f94b433d40d8891de309efcaf02f06e9d1705ad90084145812e1c1f44c72eadd9ce76f9090f452f67b530d97d192d6aec5cb406f155a1f7f377b2e909deb174069d9af62945e5fb8a8ada09e096050296d1d4f658ee3992a89d455f2e\"","tt-global-state":"","tgme_sync":"{\"canRedirect\":true,\"ts\":1695850317}","server_time_offset":"-1","dc2_server_salt":"\"83b6e91c5e95d85a\"","state_id":"3907470633","auth_key_fingerprint":"\"5aca4e58\"","dc1_auth_key":"\"a252e6d8944a4e39c3b2793314749ea9f3a7afc2eaf744a32f9063ebcdb2de5ec3fe8143a6f418b0f45ed60da6f4529ef68fcc91e88cec2a0922c34c3cd944dabd19bc39de2db6cc76be03eb079591fd116d64f324e4775277508fe59148f620ce3e5d24387947f7c82e4550eedc40604e3b10d36bfb8da5cef6f0e47ed739c2025527dac05dc216082074222263f85d601c305b1fc74a3c4af11f4fbc902f279406225f1ae693e1b2be6f9c373d58a6df603a78fbe9eb420457cf7dd45b46034796a48f5b570ab682a7dc134bf38e3b50c973dc4cca49ae1d77a82b8b1ff7ddc5c3baabe6b335e5b9736a22ee1a7a77a89d7816c8f9b386e57783480bad69d4\"","dc1_server_salt":"\"b9f4285e0a7526c6\""}
VM88:1 —————-
undefined
