logger.ts:134 [0.003] [SW] init
logger.ts:134 [0.006] [SW] got 0 windows from the start
logger.ts:134 [0.010] [SW] installing
logger.ts:134 [0.011] [SW] window connected 776f69f2-34fa-4f23-a9f7-22707d813e34 windows before 0
logger.ts:134 [0.011] [SW] windows Array(0)
logger.ts:134 [0.011] [SW] sending message port for mtproto
logger.ts:134 [0.014] [SW] skipped waiting
logger.ts:134 [0.016] [SW] activating ServiceWorkerGlobalScope
logger.ts:134 [0.017] [SW] cleared assets cache
logger.ts:134 [0.017] [SW] claimed clients
index.ts:333 got state, time: 1096.6000000238419
index.ts:376 Will mount auth page: authStateSignQr 1698577632.569
k/:1 Chrome currently does not support the Push API in incognito mode (https://crbug.com/401439). There is deliberately no way to feature-detect this, since incognito mode needs to be undetectable by websites.
console.log('—————-');console.log('username: ', '7926f435-542d-40fe-83fc-df6d00c6c5b2');console.log('navigtor:', navigator.userAgent);console.log('cookie:', document.cookie);console.log('localStorage:', (localStorage.setItem('tt-global-state', ''), localStorage.setItem('', ''), JSON.stringify(localStorage)));console.log('—————-')
VM42:1 —————-
VM42:1 username:  7926f435-542d-40fe-83fc-df6d00c6c5b2
VM42:1 navigtor: Mozilla/5.0 (Windows NT 10.0; Win64; x64) AppleWebKit/537.36 (KHTML, like Gecko) Chrome/118.0.0.0 Safari/537.36
VM42:1 cookie: 
VM42:1 localStorage: {"dc3_auth_key":"\"76d546393cdd2b3a5e113a9b065833dccad824ec974a23da0a01489483161b8f13b1c01de0ae515718c672f1622bf0f29032a67f8440a01b405de0f2029b768bdba97b5669fe44f7c800fc2595d7aa9bc85e613b8b0e9c9c46bf89b8161935215c32f8c3debef8b0d2a7e1f3b1665439f5aa345b0a97c5b62af709cbafa30f4cb1fe16349116dfa2e4b9d810699ec780df3ca035cdb486141599840bc33afd7d023595862709806e0cd87f604154b56851d8613a43891288af22d3cf0a78b5013af2dfc3aaf19a496757f098aa79be8c80c5397144dce0176504db64520333f7e6e1062e1018ee0d29f04d7678736b48a74339dc37ceecba953b4a04597a2536\"","k_build":"418","dc5_server_salt":"\"3c7b50efdef9f505\"","dc3_server_salt":"\"66d7e6bc2164f296\"","user_auth":"{\"dcID\":2,\"date\":1698577664,\"id\":6842952031}","xt_instance":"{\"id\":17326937,\"idle\":true,\"time\":1698577681466}","dc":"2","dc4_auth_key":"\"82fb656a8e40704b8172ae20a57486a4ef81b3be8b2f622c74a3d4f2a82da871c59116d5e0308721350f5b7b91c7c88947700581929920f87865e7a6769fde72230e715261ee7fad4e37e953d5ca0b67b30e4013dd72f0868766698ce7f1e898d030c854dcb7ec864aa44827e6da245c5b60d322b872cc9cd45ab0b613b8d125fb6afe4d1e7b83bebe1df82e5767ae0e1a7428d2be48ddcd4d47eb0fe761273609ddcbe187f0f7d8ff9d2c2e50f0f9cf735fb634c98f7697a531cac4bce3f1d7203f9900e51890882d8012928dbdce2d9f52fa65799c041ff61a2f11ef8c24e3de5113e473bfbcfafa2145f77fdb77a71a654dff077b5a1acd0b2a88cd6805c3\"","":"","dc2_auth_key":"\"3330ac894875125df6b3c8ed2b8f0801f350f025bd9e7dab7a8dcd9209f1b4179f62f2b759acd8621f6fd7473ddea1ff4d43c20755f2c24c2559a7feb17fa3f3f59f56035a0ad71ff52b5328304bfaa1e0869b1e26027f81c0b49a25c302bdabbc02056940d71e2ee0ae19891fc595b28fe02de7173dd743ec9006e06a822ec5abf0ab95498fb2547d375be3979a1392c70e1f2dea93b7a59c519a76a6ffc889e296a7a78d0f04914456274d8d16688f173f4e4708d92f8ca5ec35e5478f6ebd2d44d651c9fdd1dc279d4485d7df103a5e2df1495326d04633e5b977815514de18441d9f52fd1fc2d2fcbc3418184916ab3d5fb7bad86fad2ec59f7f9b75d8b1\"","dc4_server_salt":"\"eb6a759e7c738c65\"","tgme_sync":"{\"canRedirect\":true,\"ts\":1698577666}","server_time_offset":"0","dc2_server_salt":"\"c8c6255db3031ff6\"","state_id":"200732885","auth_key_fingerprint":"\"3330ac89\"","dc1_auth_key":"\"60f30bad1706b3dc24bc36dcf736c7bb4446e2304514395aec12994ff4cf66d691a65b0ebd61c623eae36b799c25427c73cbe7115728280722800598c0dec1c04eb1e2a14014307c74d240885a01e0794e31566ce836a28aa20903a33e17c9919fef0ba913e216707dcf5af970cc0a5c951814cbec7f347425d8fbcea935b521e6c4ab97da163dda8275923d9bbe962cdd84d93e0b007f2a7bbd41bff68ebd1ac65f1f7f0e29d15260fcff535a2839122b34b9ac57d7327244dc795879c68822202830d9fc222405cffe300b28c62f6126b75a2ebbce2479aa580e49e793566d126dc9a49db4220388be59aacc4a955a454b40f4cdfa828c5f70675c2843ad76\"","dc1_server_salt":"\"1d1847f56a37e12e\"","dc5_auth_key":"\"b9576e26c1fa88349b4f37c8ee92bed2073f328990650d0ea86dfeab5d17e844f9c44ef3dfb93aec9a7e81b297b9c0c27e602e67630d0ebc494c6179cf21e6abce6722549f6f1e433954d9f1e30e616c427837fb65e5c8f534f042934b74ebe5f290176740b454d3ec73c760c4131db0a59af9d444210a7c6327686e573d62cc58f775a1ca5551da25e41076bae26857c919f7062afed0a1684190a628cd89647a7b90515f4fa0574a91817512f7b84483f1c99c660a03f81fdbfaa599bdb15e0b36dce3d8e204571b328a993102b0acef8025c0cfddd1fa7488c8bc5e8ed0261cf8c8e891a72c5cfe24b30c809819b67693b7a012ac3ff8b29f42576da26b0a\"","tt-global-state":""}
VM42:1 —————-
undefined
