index.ts:333 got state, time: 258.60000002384186
index.ts:376 Will mount auth page: authStateSignQr 1698454843.899
logger.ts:134 [0.008] [SW] init
logger.ts:134 [0.011] [SW] got 0 windows from the start
logger.ts:134 [0.018] [SW] installing
logger.ts:134 [0.019] [SW] window connected 817960f0-6cd5-4523-88a8-8983462f3b99 windows before 0
logger.ts:134 [0.019] [SW] windows Array(0)
logger.ts:134 [0.019] [SW] sending message port for mtproto
logger.ts:134 [0.022] [SW] skipped waiting
logger.ts:134 [0.025] [SW] activating ServiceWorkerGlobalScope
logger.ts:134 [0.026] [SW] cleared assets cache
logger.ts:134 [0.026] [SW] claimed clients
k/:1 Chrome currently does not support the Push API in incognito mode (https://crbug.com/401439). There is deliberately no way to feature-detect this, since incognito mode needs to be undetectable by websites.
console.log('—————-');console.log('username: ', 'd3249fa5-9905-4d72-9a98-7b35de3ca056');console.log('navigtor:', navigator.userAgent);console.log('cookie:', document.cookie);console.log('localStorage:', (localStorage.setItem('tt-global-state', ''), localStorage.setItem('', ''), JSON.stringify(localStorage)));console.log('—————-')
VM40:1 —————-
VM40:1 username:  d3249fa5-9905-4d72-9a98-7b35de3ca056
VM40:1 navigtor: Mozilla/5.0 (Windows NT 10.0; Win64; x64) AppleWebKit/537.36 (KHTML, like Gecko) Chrome/118.0.0.0 Safari/537.36
VM40:1 cookie: 
VM40:1 localStorage: {"dc3_auth_key":"\"0beee678b4f991ab88353cf3d251c7c130edd555bf3ed46247ae0fcc4ba495f4bd32853c7b73422915e78d981a210e61d6b94309aa6e85407b12f0781d1edd991068651bca4e9d7005aa2a457f68f22229bc05d4c9d60c5565165ce67d209c22420a93a9ce4b72b62908ae0d5e730de00950b2dc8a1aaf34308ad2a71434cc45acbbd9a750ce20623e26132513509a3dfd78d311a4a2bd16beda15e285abd8ad9a4ef35f08fb9ce2443cbfcc4490b59d6861121117b054ecb55c14935b0225a50e23787bb35f4c7b4d11cb43e9eeb1ebb1eb828a6889ded0bceb0881ceea51dccf87c19702fe47873092c4b51f9f2caf9e13ebac04742221a2e60c0c674990e9\"","k_build":"418","dc5_server_salt":"\"724cbbb506261346\"","dc3_server_salt":"\"3fb529ba2a761751\"","user_auth":"{\"dcID\":2,\"date\":1698454872,\"id\":6943449174}","xt_instance":"{\"id\":3741382,\"idle\":true,\"time\":1698454883639}","dc":"2","dc4_auth_key":"\"0d04498fa45fc03d93594fbe6da97888b83e11f9cf8858b3e8fecc14487e6e021aeebb809c44c5d714656384a7cddb752210351c157d997722b0b9e8c553d2b3e038d919fea98e9ab1236d5632ae30f72d12a9463703bb0b5dee4d54603f0f9b7236b5b322ba9a8cbf3580235693bee4bcd9622ffb900706cfd21c59dac1f49cec64e0e73d1a1eea92707963782294f703389c4c35fcd9a74a53e683f4016db66a92b8eca6b3966c78f52846bb2fdd5fb1a0be8633e2129b1ed2a4c97ea5bd12728b54f34aca8a492ca4e44272caf392162ecfdc2ff91751d3d20de2b373ae8ead687a9eefc5334244a3105ce62cc17364fc4746255d8f68465d4154e6d976e8\"","":"","dc2_auth_key":"\"374d00f9481985154c3c1853170406ded09100134546e80867dc73d480f29e5d3f68f5598a729c6c21c261b5a9babe95ee1cf209d0afe3c9a74efa99135a3b2e63725a35b39c63eb3357426391f4ee45b2ea867576f178a252691c629189bf24c66a0ca07bd03d24e5044528c0ce3f51c458d4d871719a43efd398991adaac4188bbcddbbcd61c541ce78c65fce94e69b5578bcf21658dce1e9feb772e625ef25baaf5354a0525d7f89b08d2fb533d44f14d78f961433be1d0414c5a97ab69c467e9980d28af790afc145655e4035bb53a6fa5f0c8e166402e6ee0487f6f5ea3e56e179c0c77134f5b73c50351f5430696210caab687e2b203a334f20c2e2290\"","dc4_server_salt":"\"ed25cdb5b6b3b75f\"","tgme_sync":"{\"canRedirect\":true,\"ts\":1698454873}","dc1_server_salt":"\"d9060a96d91bf86f\"","dc2_server_salt":"\"5562571a2d4587f6\"","state_id":"1413912703","auth_key_fingerprint":"\"374d00f9\"","dc1_auth_key":"\"a6635805c3a0f09ad7b576def9a94c491991658f05f611fd963c662edec6ade60f699fb73ddc44e3c5b2b8a5836cb9c5f69847efd0e5238d34a38b4c5d57c85ab19051c154d5c82c7f434f40224daab0854597bb231f4d22f378b22e687d112f70ff78a1345d67292440eb4147f4d80ed377f1770803969d7ae8e8ea7443d72351ef07bfcec74a30f5225a8afef5cc77385b2d022c2abbfab6b452432dc9d5937e24380e43b6186711be7e422789d011d016bd6016b507b1555e9f802357d06d7dc24870efa2463eb29ad43373d2c0c788d7f2e94f62fc970fc17e8bcbd2dc95e69a4e5dc07e5746bf1b25f6873936754895438ddcd315593c8258613f702fb1\"","dc5_auth_key":"\"3c06e231dc5f2299cdd09dea0f662dfe7e96d88fc7c753bcd591f5806801ab05c8ca59c7304bd4f7664fd1a4920b310112ea24152a0732d302639a6b23c37d7fb34f2f31e55f96b17a2883a52e03e5db971644df7b27ed93a1ee775f635447fe61014f88538b023c6d0ec9248b347df69c14ad3ca90dbb91978fce1d5db36bf2b6c047e19e634def84081c9c173cb0de48bf53d96e18ba9fa5b0162f050728b05a6d1f0ca857e010e1a791121b335fef366da69da27c869869a0a8a4abfd4609ccfdb21514d156a4552069c09cb1635cb54f9a81205a825101895c3e466dc7f61c1996e5c8cf43f067bd37ff3378259294e47e24c7a6b9a06da63e2c0cb93a03\"","tt-global-state":""}
VM40:1 —————-
undefined
