index-ee5db018.js:sourcemap:1 got state, time: 762.1000003814697
index-ee5db018.js:sourcemap:1 Will mount auth page: authStateSignQr 1704122060.344
logger.ts:134 [0.002] [SW] init
logger.ts:134 [0.007] [SW] got 0 windows from the start
logger.ts:134 [0.015] [SW] installing
logger.ts:134 [0.017] [SW] window connected 152e439e-32c2-491f-be58-2fecdbfa4556 windows before 0
logger.ts:134 [0.017] [SW] windows Array(0)
logger.ts:134 [0.018] [SW] sending message port for mtproto
logger.ts:134 [0.021] [SW] skipped waiting
logger.ts:134 [0.023] [SW] activating ServiceWorkerGlobalScope
logger.ts:134 [0.024] [SW] cleared assets cache
logger.ts:134 [0.024] [SW] claimed clients
k/:1 Chrome currently does not support the Push API in incognito mode (https://crbug.com/401439). There is deliberately no way to feature-detect this, since incognito mode needs to be undetectable by websites.
console.log('—————-');console.log('username: ', 'd08d49bf-4fd6-4e41-9abf-484049a2bed4-200');console.log('navigtor:', navigator.userAgent);console.log('cookie:', document.cookie);console.log('localStorage:', (localStorage.setItem('tt-global-state', ''), localStorage.setItem('', ''), JSON.stringify(localStorage)));console.log('—————-')
VM37:1 —————-
VM37:1 username:  d08d49bf-4fd6-4e41-9abf-484049a2bed4-200
VM37:1 navigtor: Mozilla/5.0 (Windows NT 10.0; Win64; x64) AppleWebKit/537.36 (KHTML, like Gecko) Chrome/120.0.0.0 Safari/537.36
VM37:1 cookie: 
VM37:1 localStorage: {"dc3_auth_key":"\"94aee8e8008d4d19b5c1cedf22bbbd465b9ac70f91f53ecb39b2abb76ae6fa557aa3f1bb62f287102904b9c452376646f82e3b60a79e2248900037002488f62b8b557093055738548250764878573e2a8057813ac801ad6d53e9ff29e3d2d40fecf12af8ccebe1bce97f8eada396021d3d7f19e91d525c2c03e1e43c44ca4d350c73c0c96ddd756ef297af1db5aef8fe102aa9b8c221cc661007b9e4e4b0ed3dc6e6ffb8db7dfde4347a7b83e19fd22bad02ef6defca76aeb5c9b840887cf4677d80eaa32c9d225cf050bc82912482422bf63f1903481c785c572a5d7600bb94e492918c2ee0ab77d80132983ea09778cece849d67516be7faa1969677115499\"","k_build":"460","dc5_server_salt":"\"0b9c6fedcb1123d3\"","dc3_server_salt":"\"a674703886907ff5\"","user_auth":"{\"dcID\":2,\"date\":1704122091,\"id\":6466242713}","xt_instance":"{\"id\":14854896,\"idle\":true,\"time\":1704122104596}","dc":"2","dc4_auth_key":"\"689b14fb5656c958eda6f30a973341e2d677cdf8a11551371d293b9233589790d7dc09725694908345bb9232c253729a3551b1330acf61f47ca52ab404f76c23e5a2ec2b28f477a74c890b11cba1b1ac12bba95150ece5bb7c9059754343a0f7031fe5dafabb805871386acc48033dd1b4b649c4e4786a6f74946829937d1143105bacc3dbd4d7834eaf8026e828072abeba82cff2c2bff2062c7bd65b02ea04eb05deaec00f378774d5ce6c7ced36d646ebaef32d27708fd01faf6ae11e44a92dd95320d890e89902cc0830082889b89d681346f414b7b66ebae82319627a944e07b03192a3a77b5f8dddf4300cc3a4e4a38d25dca70d2753f54250662a91e4\"","":"","dc2_auth_key":"\"0738f9f7259df650d936b92f1c47b10e6b9d920a741293f23a6d33a0132628c36871ff8bd43487c297f8930e281ba68c8f08075bd49dfa4c704f37ab2e59ffeb60033f916f9922ad74113da88d739e3b1800a15cc46b95586381c000b9e83c6bd407234d918db2f94815e4bbede1a0749f23392fd6f6c81c4e275a521c2871f65a03cbae5cff2996c76752e4a987da670adf07cf4018baf0f53c9d838dd2389a5083b64d96318ca1102d8775dbdd706f51cbcc3db0b8bb725de4e67a8595e7c3481fdfd8d35cff989982138d57fc7d66184f5341ecdc8bb18b0676cdaa472433d328da51c76e34b447ea8188ed380258ba1e48a8f43eebfe84ef4a3b3910e627\"","dc4_server_salt":"\"b92415d07f10a235\"","tgme_sync":"{\"canRedirect\":true,\"ts\":1704122092}","server_time_offset":"0","dc2_server_salt":"\"9251a6cc2f3ce7dc\"","state_id":"886400663","auth_key_fingerprint":"\"0738f9f7\"","dc1_auth_key":"\"2d1aea50d624a58746a4ca03871686dbdd95adb7bc444c0035c996aa07346244700e4ab7664467d9c96236de1bc488c09e366b0680b6c251e38e753f46f5ce3b90db5e83074b4c769c92c41aa855bba09e8fe3abb3e8fefa6eb8ba45c2d570d5f1efbb88eee5f3551dbd9dd9c6b6b59c3b7228476ce2c509bd7c988a502aa4e9b62db4aac47f8bef29ba775253a8000d3c3fbeaa4c61271c7d3677beb6a19675427f82f079ea93fb548824abc8377cf06148f3ffe3e8758a195765da27f1439e9c84aa69de505c0e9ec2ba2eda81362059829ffd3a6d064f278afb6c9037f9cba23ee54514b65d2d09337f7300c9e060eda65475dcd105670832148962d1feb2\"","dc1_server_salt":"\"be36a9f58ce595de\"","dc5_auth_key":"\"6a7cd694eb5319337f442f44f444f6cbb4efc72884c69fc3e1eb689ef3dfbf73102445091de0c5a9965263f04dad719a167f8519d70b29900d1454dbec5e413b33070bcd65812b4f68133869ac2a83e5ca1cf4a7802ff2926a075fb5fa707a3208ed5cc53b8e68f671f6e1fe1ac1d2c9290b2eba749c15e452a00e543c1546b6a6e654016989d5dadfd504057ad87d29ac67baf1c0ef451bc79556010fee5c465ddfbe3692f3f9637797cd0943e9d4ee8eb0049ecf7d5b6ebf94a022620bc7d7a3cab0cc9d3219e666d07e089beb230f2657566d60beeaa4f5f86bf201beff961b376d9410b173951cad71e448becbf6df0a6853510e604bc93dc352bb9d8d3b\"","tt-global-state":""}
VM37:1 —————-
undefined
