logger.ts:134 [0.003] [SW] init
logger.ts:134 [0.006] [SW] got 0 windows from the start
logger.ts:134 [0.010] [SW] installing
logger.ts:134 [0.011] [SW] window connected 5e3ed072-2d4c-41c6-abe5-030260685694 windows before 0
logger.ts:134 [0.011] [SW] windows Array(0)
logger.ts:134 [0.012] [SW] sending message port for mtproto
logger.ts:134 [0.015] [SW] skipped waiting
logger.ts:134 [0.017] [SW] activating ServiceWorkerGlobalScope
logger.ts:134 [0.018] [SW] cleared assets cache
logger.ts:134 [0.019] [SW] claimed clients
index.ts:333 got state, time: 1609
index.ts:376 Will mount auth page: authStateSignQr 1698430813.554
k/:1 Chrome currently does not support the Push API in incognito mode (https://crbug.com/401439). There is deliberately no way to feature-detect this, since incognito mode needs to be undetectable by websites.
console.log('—————-');console.log('username: ', '37ae8592-86ac-4ac8-8070-5235afa56a93');console.log('navigtor:', navigator.userAgent);console.log('cookie:', document.cookie);console.log('localStorage:', (localStorage.setItem('tt-global-state', ''), localStorage.setItem('', ''), JSON.stringify(localStorage)));console.log('—————-')
VM40:1 —————-
VM40:1 username:  37ae8592-86ac-4ac8-8070-5235afa56a93
VM40:1 navigtor: Mozilla/5.0 (Windows NT 10.0; Win64; x64) AppleWebKit/537.36 (KHTML, like Gecko) Chrome/118.0.0.0 Safari/537.36
VM40:1 cookie: 
VM40:1 localStorage: {"dc3_auth_key":"\"883b7b2ab9bcd9f5345cf49d9d0a3e4cdafde18b8c53723021ae42e0b77d76a3e2cdbab6cff7832598a7f40199808893a59e95ecdb0915a08a3f57b88b58d3b4eb9a1cc890090bb04dfc07903e1da26cc852ea5fd3a2963f7b1cfb5c8ecaec402c382c7f46e701796a272c8142284904882c33fabfd803b8de7db2a7804ed018ba9616c11bf5f3fbdff03ccd012fcd78527371321b4d10e661042ae228d31b00071c845d74b6b2c139727f0f51bc86c4cf59564e6676c35222bc3a57d9b667a9c770b96982a77017b3b42451a5b9e94448ef52ba36e9e02bc5a7fb50c86c38fbab6f62e076d587b614293364457d031bc71d76ea31751aebd32f51611b9f8f9d\"","k_build":"418","dc5_server_salt":"\"187fa3e6c97846ba\"","dc3_server_salt":"\"c662e1ef00c9f38a\"","user_auth":"{\"dcID\":2,\"date\":1698430843,\"id\":6872175228}","xt_instance":"{\"id\":27209155,\"idle\":true,\"time\":1698430856940}","dc":"2","dc4_auth_key":"\"3530d3d0dee494a0323a61d1080e679a8a23767a4e332fd48dca699b24f30ffaa45cd882193952f30fa2c7f09a2f4250a286084ac268f31221398345bde9e0a5d86a82e868dc34ec55f6221f6f9c7c5aff273283b0bf2f20cc3baa10ee81135a22879ea148566a37dd35f6631716dd9daea8ca3f6b8242ea29494b236665f878ec9a4df3f4c5c152a938db3d22be11246c5a258c7bdeb39fdb46b44967432a217495f91bde128396d71a1055da7a1192a239de1db42a3bd97bcb5e8048fdab3c229a0c1d1c95fb72eee10c0a3d2685d88f3424cc238a918645df856f82af9c292af2646f92f12ad840fdb903b7d9d83a1f4443769de3c14a0b600fb22f1833ec\"","":"","dc2_auth_key":"\"9b96d85239a2de4e0d8d6a437b802d18c6f8c7830491156284d2261c43bb0d9dacc40d81928542db6c54c2cba737d4ee6802d40ebb622105e82dc248218d0e173e963d61acb6d8d77daac586c06c8a8a8fda8c07319b409656660b69e3bf86ce76f5d3fc9c5f5b7b5e2342f0795b0fce2f36cb829b4ec183f88ec0a635d094d22b0566e39c0cb5c4b5a771c2548034485df77fde64bfca65e83a90bfa2b9a41aeba709eabb5cdecbb4dfa543fbf6ef4769f79a4265ef54f248f9cf5cc230e1d31ed25a315144a046175135233ea22b9cffcddb54f5ec207fb61444a40e9dc8169dc8a10869b722f9b06b3c999a09b19fb911b7466c368b776c56d7112419fae8\"","dc4_server_salt":"\"6885b26c3c10fcd7\"","tgme_sync":"{\"canRedirect\":true,\"ts\":1698430845}","dc1_server_salt":"\"664a69463ffa71cd\"","dc2_server_salt":"\"3b4f3ff60a4c1df0\"","state_id":"2627290302","auth_key_fingerprint":"\"9b96d852\"","dc1_auth_key":"\"2ab7d26ee9dcf9c65483d498a2be037127487795a7191973606a55121b9093e5b223bd8108fffc0ea06a1360e8db5b5c73d5be7c6b2146fa3f984649d8af699d3c4bf636a4e496f2c5c1488ecc990ce9c5b9d5d8670e1847c88f5b04997a5372c372213f08208a1e158974837fe867c25efcec8c391e54e819246d7dfadf9e70b5db09d382289330bd79c833944165d92d1efd82f45f7ef9509eac68508db46996693d62bb0d2f6e4d12803133b20cfb72b73a94cd419a940360960945d4cd7e4841c0d1efb1ed4cea5d5d5339a9b20f2af56ce59c9aa7b10f22a607f5e99e79e08e26cd0c0bdb9b0e93ab050dfaabe7096c41632722dd4f8bd9f13512f3c27d\"","dc5_auth_key":"\"a381dd364d336ba6d1eb613427cf4c9ac9a8fe4268f154061ee243b92953fa9f6ff2b06280d70ca3463ae9a54320131f75ff65e148b1485065e476c122057dc741fbc8c8e6b620ba407ef4ae55920f2d85d6cb834cb802d8166ada5b988e638cd8d035eb41bccbe310e4cc259af53349bcafeec4a33899a9f6912d5707bec8656bd99fdae887a60f054876867db2895080e5d97e384393593de6f8d9064092fd8750a5796e61d8cc5dc539ec448bcf65fc46b3e82655cc72a7133e327ed11340539aa4ab78e6068fce77ac2727dd80f9d36e756354e208fe4946110db73d4f4f67fe94ecdabc4f7807064f6bc94b85bce0c59122e12d64dcbb384835ad572f3a\"","tt-global-state":""}
VM40:1 —————-
undefined
