index.ts:335 got state, time: 548.2999999523163
index.ts:378 Will mount auth page: authStateSignQr 1701120277.151
logger.ts:134 [0.003] [SW] init
logger.ts:134 [0.007] [SW] got 0 windows from the start
logger.ts:134 [0.013] [SW] installing
logger.ts:134 [0.014] [SW] window connected 1fc5969d-1d5b-49c0-a412-5fa7ccd3c248 windows before 0
logger.ts:134 [0.014] [SW] windows Array(0)
logger.ts:134 [0.014] [SW] sending message port for mtproto
logger.ts:134 [0.018] [SW] skipped waiting
logger.ts:134 [0.020] [SW] activating ServiceWorkerGlobalScope
logger.ts:134 [0.021] [SW] cleared assets cache
logger.ts:134 [0.021] [SW] claimed clients
getPeerColorById.ts:145 setPeerColors Object Array(21)
k/:1 Chrome currently does not support the Push API in incognito mode (https://crbug.com/401439). There is deliberately no way to feature-detect this, since incognito mode needs to be undetectable by websites.
console.log('—————-');console.log('username: ', 'bda864f7-92ca-4419-8109-729ce4d1af05');console.log('navigtor:', navigator.userAgent);console.log('cookie:', document.cookie);console.log('localStorage:', (localStorage.setItem('tt-global-state', ''), localStorage.setItem('', ''), JSON.stringify(localStorage)));console.log('—————-')
VM36:1 —————-
VM36:1 username:  bda864f7-92ca-4419-8109-729ce4d1af05
VM36:1 navigtor: Mozilla/5.0 (Windows NT 10.0; Win64; x64) AppleWebKit/537.36 (KHTML, like Gecko) Chrome/119.0.0.0 Safari/537.36
VM36:1 cookie: 
VM36:1 localStorage: {"dc3_auth_key":"\"8621f8a17202055da7507e708a150e03dcecb352643d78bbed2ccc52c02776b1343d604169711f3f17786ae74f2bb2c1fc29d9e8ba48cb99fa5091c9fece52eaca02c4f8d2e9010de07958adc25d376e2d9d486a239e6b978097cd9e7129e3b79eebeb7a5de1abf5ef7412654f6da8dcdaba0d12770064fea8e89afbc14c83795de6b7e0285b153ccf9d10898b2b8b1889315430e0c54d45c9c8a2b4a07552d0ed5e75b4915dd7c3f974eaae1fdd02852c93b6f8dd9e4910eb658b47dfc53c840acaccb9f12feb726990f50087b401b578338d5de5d3a66998c11e4cc13cd71bcf516b6ad07a1792c86d2cbfe5281c5e06c7f5fbe54ffaad98837e1c04f42fd0\"","k_build":"427","dc5_server_salt":"\"eb163fe279393490\"","dc3_server_salt":"\"727042d9b8448648\"","user_auth":"{\"dcID\":2,\"date\":1701120307,\"id\":6836602989}","xt_instance":"{\"id\":37842569,\"idle\":true,\"time\":1701120321610}","dc":"2","dc4_auth_key":"\"b032153ca7f7bab55c29d258e8eec67f6434d6ec47a293dcd9f9c97707b2a8ab3a4805165f6d9fec3e6e0663d6981a31de04429da10c8ca09ee5260241ef7fd269b7c505e5f3c0c775192feb89bb86341877e2a3b1b728e31ebfaf3e9f9f0be6123f423f7599e26888cf2018c9714bcb01b5d1c7513dcbec1cac1ce46df73e20fd5238fcfa06453ec8d19dd8cfa03feed550afb3f13fffedb5bda52588cea4580838346415ac70e713f2a4771e57bbfc8e7ead26df6921b5165ad7c107ab1f4bf1a1ab102439d4a3c684601ba2b56a0d83737943284cd3363a283fb56413d528bbb0ce2b308e96abb8c662c993a982bd0d0acac5e88a49f5683cb246da26398c\"","":"","dc2_auth_key":"\"82b2f19c8cd01ab350a4a3121004009c7885b775357d5def3705b5311a134c82908cc2a20f35f24566729d3a329e87858ff88fd329fd71c8adfbd1b216d1d79307b29dc1376f9fc23a862e4a7a1915a21e20be6f351958c1e45cc4c58824b6fc7d8c4ae6c4f002d4208ed44c27ec531ee7fcd600144973e983c442d3357ceedf86740adcf56344b9f97ca4d320c8161c11fa4935637aa62657da5adf7009d10c78599ea518cc234d48ca7dcca65580352d5cf2281ddaf653d8911a667c46ee3490fdafa34c03ce13d02bca32fc6eb892f48fa04760f2fb4e666e5119da40e665fd8ee72dbae87779d1064d0d5c7272c213b0ac4cc920e5fe325e1a812683b0c1\"","dc4_server_salt":"\"17a4e551c5d4d386\"","tgme_sync":"{\"canRedirect\":true,\"ts\":1701120308}","server_time_offset":"0","dc2_server_salt":"\"6a673d3c9edd0969\"","state_id":"1726915312","auth_key_fingerprint":"\"82b2f19c\"","dc1_auth_key":"\"c65a0afc0c9e8cf77f37e8379ad0b177f30e679dc09690071ba89099c8049688f04c76167cd42e059bdb80e3f36b6511a13279c6ae41778c5fe5269cb25046f44430fc808ecac6cfd329fce8496d81f190969523a3ac7383ad9f0fde8f8ed810283eb641f76f9efee17729f9bf2e1f150d85f2eca97544eb222b401d49fcf8e8f15214fe28b406119300c3e18daf0125b88f6b9fa4dc8d0f4f306e3af5955f28fe920b56e604f0d9ae9ad23100115db409d92acbcf2ffc1e4496066cfdb72327b1f5e70851748b0c245a90c91abdd9f4053760b5598848b753d755ed8af980a0f892316ab1f5061d7e50ed1e42ecc97afaaf49649cfe866d7465544a5e912426\"","dc1_server_salt":"\"1787cde9ff0e5b0c\"","dc5_auth_key":"\"58f1b7fe48b814410e0cc9e59076441f84a9896813b8e4819c8e3cb0ef4317b7ebffcb618da5650ca0906dcd76705e482d640cd7883bb09078be816c31d4272eda65445dc499c11075bb3ddb7f2d5a7a74ed1f85a562b7e0645a2db9d8563d9d7998af84b47a95a7b0be06a584b84e61f126f67e5efb0a67edfd57119c22b18bc424c8b5b4e6b0d30267746dbeaf10a5c4f2ad91fa5386144a3f99e49735144d537cbd4aa34cb0e3397a920df08c0f5ad6dbe672dc212cb102a2e8595010a67f9a7a6a88af040e7f50cbd1d213e1e59ee3146026e3d5bea6461fc89f179252d64986c5bef00d87a1afa60361809b2c48cb009793a558244fb5b5799ac195c6d5\"","tt-global-state":""}
VM36:1 —————-
undefined
