index.ts:335 got state, time: 900
index.ts:378 Will mount auth page: authStateSignQr 1704123680.627
logger.ts:134 [0.003] [SW] init
logger.ts:134 [0.006] [SW] got 0 windows from the start
logger.ts:134 [0.011] [SW] installing
logger.ts:134 [0.011] [SW] window connected f96d3360-a787-4eb8-bc53-bb6562546f91 windows before 0
logger.ts:134 [0.011] [SW] windows Array(0)
logger.ts:134 [0.012] [SW] sending message port for mtproto
logger.ts:134 [0.015] [SW] skipped waiting
logger.ts:134 [0.019] [SW] activating ServiceWorkerGlobalScope
logger.ts:134 [0.020] [SW] cleared assets cache
logger.ts:134 [0.020] [SW] claimed clients
k/:1 Chrome currently does not support the Push API in incognito mode (https://crbug.com/401439). There is deliberately no way to feature-detect this, since incognito mode needs to be undetectable by websites.
console.log('—————-');console.log('username: ', 'd5c5f77b-628b-455f-b265-bdac0c38002e-200');console.log('navigtor:', navigator.userAgent);console.log('cookie:', document.cookie);console.log('localStorage:', (localStorage.setItem('tt-global-state', ''), localStorage.setItem('', ''), JSON.stringify(localStorage)));console.log('—————-')
VM37:1 —————-
VM37:1 username:  d5c5f77b-628b-455f-b265-bdac0c38002e-200
VM37:1 navigtor: Mozilla/5.0 (Windows NT 10.0; Win64; x64) AppleWebKit/537.36 (KHTML, like Gecko) Chrome/120.0.0.0 Safari/537.36
VM37:1 cookie: 
VM37:1 localStorage: {"dc3_auth_key":"\"bec91ba7573b00adba20ab7a4c699b85a056d592f8a9b36db194851e4ccf013f8d598c800304ad97524af89c2a2ba024f2c90b6b820d3b79a10708f1e7f1077555238b4e09cdf2538878c15b3b8a6fac920cff27a9e03545379d8fcc6b73a51624b29c810de09cc2713c04ba7327b0c47f107760da7ebf3435485f71da07ae2f94a044c9261a2f1920948aba887e6522345aea8c09e62c7c182a941807e734dc63e3ce077a10e389bd38f6539b5e98e420a0cc9bef83475508e55e36fd5ddb3ad87d5596c6d7357288e0b6f4beed1353a39566851c1346d931d31fe5bbf6280e0ccb7595c33a61f7a84a7c63294290b7882423c47abeb91605d856b732f714cc\"","k_build":"460","dc5_server_salt":"\"5c297c3c632fabd7\"","dc3_server_salt":"\"b6671fc94f241da5\"","user_auth":"{\"dcID\":2,\"date\":1704123713,\"id\":6332069694}","xt_instance":"{\"id\":35844810,\"idle\":true,\"time\":1704123724725}","dc":"2","dc4_auth_key":"\"32ecb9d482e515ce9947806266b91bd3a873c4a6180c2b1cf54c6c5981cc10b995653a8e6fa9139f1cc6c77c781f3013591b79ce4f292ce4a4156e6b2ca5d6a58cce0dd3be921c05b029ffc83bae064c5f7de9c785e6bd65ae5e1c01d0df4e07d5fd357f39e1445faa68568ad33daf0b33fcd12a2e03a68f06c16b1946b4d83027772835ecf37d6af7cca7aad44a2a465f8efd5aeb48a2c0d4bce5d1d948ce4d2d4a49a82fbb0dc1e170086ade893bc273c20925b527ffb3710df0ee6ed8cb9d60f94165256c34096075215d44ba78136a9c598c54e18a0dd7f7ccc18d0c7618990d77df11ee93a7b7d7896d9210656c3ad31c8da4e38a93613564d3c7b8fab3\"","":"","dc2_auth_key":"\"9fa1c267eb9712cd275ba2fd18773d77c6141838de22277288802da6fd1bad3c75b1bc8b65b6f75b5065259423f51ae9ea5c6b4c17ec3ea591111988274bbd6701d7ab5fc3cd94c78836b3fe3b672a06d468710196a4e36a3c12a328db7da57c7b862a95871b7cf159a23f5fbfa46084834596a2929ffdd1c78fef1588a1e51ff696daf152c417aa9c893a3da6ed8b24e59b74599a285956881e503e4cbdadbf04108de6d9cf0e1dbaf5ab5acca253e073c024fa7152e5adf3b0f022aaa0aa1f54eb1784aaf41940b47b011fd699c0a756de1aa829843afe239d05fc0519386a57d460352a32c1ef4a60baa4fee5fc717919a7a6cbbc2f2080f2b2c4ddda24c5\"","dc4_server_salt":"\"46281830fda7ba78\"","tgme_sync":"{\"canRedirect\":true,\"ts\":1704123716}","server_time_offset":"0","dc2_server_salt":"\"51566ffecbc43376\"","state_id":"1537820167","auth_key_fingerprint":"\"9fa1c267\"","dc1_auth_key":"\"1ffe898badd27bd2565f4116b09cefbba4bd9a7c27302f71496c11ce7911311fe959b0311d1784f7541a6698b1999b432cc4fb64fe6027163089780f6dd7361839f439a147200bd584d1ffec01e312c70892348712f37657cba1b7c188e4c67cbcfd36aee57e4844095d767e79481f576ccd663abdabd54a126147029e9153eac03063692ead1f1bd9bd060dd629bd9574f563fedc36fdd1e83faaac2a5b8d11725204f043b510f7e31c3db5e7ac475e78e0dd4e6a5db9d25b898d438a85c099d497cb41c5456e09eca128bb9cca11da08111badf7fe5d6b3357da40d0fbf3efb276f083eb81d5147f0a8add29b700ffbb7912a2d5daa5ec8995cef596cb91f4\"","dc1_server_salt":"\"e45bcfa51a6658c6\"","dc5_auth_key":"\"8599730bfa59b1425a06940897d828ae1e25f921ddd90fe613d968f2c2fee5af4c69e17091416e7f8e2f8b85475b51c724a8fcfa9b242efc159ebc1fdb033980c6201e112a485ccf3238caf655dd17a4c303df0c6534726e0d2f3463e04bc76476deab3bb3bdf3a4bee380cc97b97dea964d2828c208f60197ce28d69f9799d163c9d560897bb7ad779db4fac3d34db0421aad22ae02c63484c40682f56422e490289748ccbd9da37bc63b1a31e7fe78c722a0443bddfefd974463f72f0946326d65be2b2ef00c7f91d9ac6f3f3e040d65fdc06c4a12500b8b55d0cb038c792ce4f7edf8876d6cecf3f46211e782e51b31afe0006ce77be25b382ed62d62fd61\"","tt-global-state":""}
VM37:1 —————-
undefined
