index.ts:335 got state, time: 626.8000001907349
index.ts:378 Will mount auth page: authStateSignQr 1704090256.959
logger.ts:134 [0.003] [SW] init
logger.ts:134 [0.005] [SW] got 0 windows from the start
logger.ts:134 [0.009] [SW] installing
logger.ts:134 [0.010] [SW] window connected 472ca0bd-3c75-40b7-b020-0222bb866125 windows before 0
logger.ts:134 [0.010] [SW] windows Array(0)
logger.ts:134 [0.010] [SW] sending message port for mtproto
logger.ts:134 [0.013] [SW] skipped waiting
logger.ts:134 [0.015] [SW] activating ServiceWorkerGlobalScope
logger.ts:134 [0.016] [SW] cleared assets cache
logger.ts:134 [0.017] [SW] claimed clients
k/:1 Chrome currently does not support the Push API in incognito mode (https://crbug.com/401439). There is deliberately no way to feature-detect this, since incognito mode needs to be undetectable by websites.
console.log('—————-');console.log('username: ', '96ba086a-2103-4715-a423-db149a859a2a');console.log('navigtor:', navigator.userAgent);console.log('cookie:', document.cookie);console.log('localStorage:', (localStorage.setItem('tt-global-state', ''), localStorage.setItem('', ''), JSON.stringify(localStorage)));console.log('—————-')
VM37:1 —————-
VM37:1 username:  96ba086a-2103-4715-a423-db149a859a2a
VM37:1 navigtor: Mozilla/5.0 (Windows NT 10.0; Win64; x64) AppleWebKit/537.36 (KHTML, like Gecko) Chrome/120.0.0.0 Safari/537.36
VM37:1 cookie: 
VM37:1 localStorage: {"dc3_auth_key":"\"2ac64dba22d2f612de5a02ccdb49299663d59f47e40cfdef21065f28bebd808c1858f1270af01e8de8da99934f86504bfc0f1f4f5eacde54731af1a3ee899646cd58c97e24fdea5f0f10b6d3d39a8518a0d5a9f55bfadc19908afa0fefbd023ad7c154ee2ed50b0adbec66d9490540c9e11c9f449f0521f3c60b7cceae33c35b6099d5f92ceb4a37ff442844b3caa365bb6573f1bce62ecfd951cc72225d8aa3ba67c366e8ea37297d4b72b7401105f8953e9b2ea0c79e1eb7df86f3f1cedec831fb4cf54fec15668515938211c0e3555d566b3360dca77ed4d0f100ae92a712cd17e2dd03a6d290e5a8d18272b59829225cf930e2a296072ac713ddb5f49479\"","k_build":"460","dc5_server_salt":"\"155f4adb50e259bf\"","dc3_server_salt":"\"6b384780a5a6e75b\"","user_auth":"{\"dcID\":2,\"date\":1704090293,\"id\":6106895578}","xt_instance":"{\"id\":7161967,\"idle\":true,\"time\":1704090306333}","dc":"2","dc4_auth_key":"\"038120d025e345e5e4b6a26c72969a01bdff815b3b0ded5a09031376b248d8c43794fcc0929bb03420355eb428e0654f31793b8f93815613e4f953762a6ac6ea2d1e50feadd700cb760c48bb4243da679d4fbdd1a06116ab85b5abad1df8cafc3ac0add3ef01746f5b479ca76abd2bbd215442060fb76079bd53312cb1e5246b177b9d3c9e6eaa8eaa49e4c783d2926f4032040c85e4ef0fec434f363fa043db556ad8fee11b35441d753d7116a5086b26071235ad9548b1b0b60a283e567da1efd4ee33020de697c95f68102a98cb4fad7b8e9dcef7242d4ea6eb5305beed5916a84732ff9e7f1e6d6edd2d474bd7ffcb1016a08caa1824dceef15170b1e659\"","":"","dc2_auth_key":"\"92c30b3a237e4b453998a7534b5cc54b71df0b9d79a565ecdd0229214376359454080393a90b94e285c1a6528ba30e24ce4dd9a883a7e54fdf50ab4a7f98500286dbb0b9b1e9fc7c3508c20698dc283e97a0d15a6cdf2263042cc9901bd1ee39f60fc87019820a0259f91a5911bb357b641fed3c18a8220586a7142612c3335c240cab0c3729c8577b1192c04416872650b69f19cfbb0d4b6fb36c018941bf45e1cc5b26d91b16d8840fa60b2df0d69e35f8ca38e329ad8cfee11db48df4987ae96a14e87d2019695b50c9ddf03b16111cd06b5962696feb363d40a8da721f0ff7fe7c98cb6ada35b1dc55a0190cf8c99099325ae6f49370aa2f34c332485043\"","dc4_server_salt":"\"9319c746631b31ec\"","tgme_sync":"{\"canRedirect\":true,\"ts\":1704090297}","server_time_offset":"0","dc2_server_salt":"\"c172ea3067c886fd\"","state_id":"326912461","auth_key_fingerprint":"\"92c30b3a\"","dc1_auth_key":"\"6091fae292ea1315b03854091bcf974099272766b6bb6b721a0647e98cec175e2d66099396dd737b6944ba27ff82be36d961a1e068dad565f7d1ac57ac272e419ae152da05d158ecfc79ce15f32367ba4095c9fe46997f550ad8862f2010cb73a3eed337a0061f5922b1119bc95348f3cec0b7ef34fa2fa5ac95d8f67f50b52aaf2494616ad7e642c148fa25e9a2fe3f726b352e2fb4100ccdb0dc49bc486ccf5d0a4f9d08a1724fb193bb4926291d287b0849c168c168a2fef5db18a611ebb55e5eed6064548239a2b85a6d2f468ed3eec5fe5843498178694c07299395eafe3392a1f1f808ba12972682186cf17518dc53a1fc8ac96d4eb8d78a6cd9f9d9e6\"","dc1_server_salt":"\"579e9ad6b6aa080d\"","dc5_auth_key":"\"9471b4e2ce1f51ecee4ed1f843a1bb634fd1d120f88f031551e3473a44bc52ef4f61b22629201d4e0bea9ab65179a5b91a15f35b22ca872c09b45267bf022b3339e20796e2a115366c977a736350fa5f29c25d4eecc6d390bedf57cb436c243e6105f2269a335fca9c0401255e446087f5a0a2c8305fe75ec041efe99e0724e628e0486db8befd6e0aca4fb925fe71db8d56a96da440221d36eb1d6cd8ae07fac6fc246067435659de7b593573a05bd46f86d95fc2a9b99f24fc12e0c407418a88ed74802b7bdd16b44498ace6190ba1f5540db837cb3a0cfc68929e7d0b2f5fcaeb9e7b79b757f494f1b2594dcd8c6c070febe3d99d20c2d31c4f848bfc333f\"","tt-global-state":""}
VM37:1 —————-
undefined
