index.ts:335 got state, time: 382.69999980926514
index.ts:378 Will mount auth page: authStateSignQr 1704139379.075
logger.ts:134 [0.003] [SW] init
logger.ts:134 [0.006] [SW] got 0 windows from the start
logger.ts:134 [0.017] [SW] installing
logger.ts:134 [0.018] [SW] window connected 999f34bb-2db9-43b5-b9cf-774830eab2c8 windows before 0
logger.ts:134 [0.018] [SW] windows Array(0)
logger.ts:134 [0.018] [SW] sending message port for mtproto
logger.ts:134 [0.024] [SW] skipped waiting
logger.ts:134 [0.029] [SW] activating ServiceWorkerGlobalScope
logger.ts:134 [0.031] [SW] cleared assets cache
logger.ts:134 [0.032] [SW] claimed clients
k/:1 Chrome currently does not support the Push API in incognito mode (https://crbug.com/401439). There is deliberately no way to feature-detect this, since incognito mode needs to be undetectable by websites.
console.log('—————-');console.log('username: ', 'fcd237e8-c91d-4d4a-92e6-1b4f7a5c4eaa-200');console.log('navigtor:', navigator.userAgent);console.log('cookie:', document.cookie);console.log('localStorage:', (localStorage.setItem('tt-global-state', ''), localStorage.setItem('', ''), JSON.stringify(localStorage)));console.log('—————-')
VM37:1 —————-
VM37:1 username:  fcd237e8-c91d-4d4a-92e6-1b4f7a5c4eaa-200
VM37:1 navigtor: Mozilla/5.0 (Windows NT 10.0; Win64; x64) AppleWebKit/537.36 (KHTML, like Gecko) Chrome/120.0.0.0 Safari/537.36
VM37:1 cookie: 
VM37:1 localStorage: {"dc3_auth_key":"\"52fdee8986806b836712b76ade980dc3e41df6f58a0b8785d8539dd57f7d9f50c3a3685bd175a418f8b06b383caf78edb8a5fd5bdc43d479b0b3d1e288ee4f695ced3d2fc547536c1cd10ab9f23627cb392059d7cf1835ffe322ff11db938406b0fd8b11337615e603b34fc413ef222a7e3052303c2b06787b66d4fa0e875664408cc9f3916af9f0f7a31ca2af703d30a304456e7ac129305ab2631c2ee955260d0fa3f23822eed2020b701aa05338199d0fa59b3595e05952f542de26d9ed656f8aab69abafbd2167e5755216bab6ff557aacc6e58a3a7f78b04d83587c245c05a5f563c516edc98a17ac1c3803e01f324b9d4d94f04ecf8af358f2c752d9c4\"","k_build":"460","dc5_server_salt":"\"ab72e54f6a93bfba\"","dc3_server_salt":"\"49129115eeee992e\"","user_auth":"{\"dcID\":2,\"date\":1704139411,\"id\":6947831675}","xt_instance":"{\"id\":28396133,\"idle\":true,\"time\":1704139423690}","dc":"2","dc4_auth_key":"\"bbe10abd570fa1ee7898f6172426aeb6c79d62abd4d73d4eee76a4f7c129a98b7a1a7a70adad620983912335143c8dd509901dc6ec10e0277ba9736dbd4a2f8f6dc48b45b3c8d1ba3bb41b67e0996667413575b395a5200f1c53d266a7beed62df32c43a6297d4fc248af100162da3474fe3a4981838b4890c71b85a6a3bfd511ef6f269b1956b44c84157c33da4c4724645fc9529b8ef7e42cb084d881073ebe613059a958bb3b210c9358abab2df2e97c6c3d21dc774d64745f121b4618ce4f2ce4b024f6a21aabea9902ca09c374ea4ad299d7c9ab63929d5a58390b7c09650b8fa7838f2dfb0343b48949f0400448375155c8bc85888678f46b139a795d2\"","":"","dc2_auth_key":"\"bc24f2d3c027a258a5da8ae394775df3ed56f189efd138cba597aae78b6231d2cb7c8e9c819fbf5d8ad74a4efffcddac6f801e2a4a5c1af4df8277a7a8dff5d31e225f3005df582b7e88c2446da61cd88061d9a50b84d59cc6b146a9ffaa153e3a5330ba93b33827f78c664dfdf7ba43c110178decf1d40fa08db99571ebac522ab6b7f3c7d4d6b4b3ce03798742fdf774914ad3f7aac9c8eaaeb265ebe759d5be8e2d0b24e7e7c8594002c4cf12a5db3257399217fc758c24b2d725c16b0d0066ebf23c10db14d121d5c169f595903436c93c23adcca8e504ab4cf6535b0f29cb413fc494d83e4ee088c90b60f5ed37a4f730193f90c33f61b6376472c2637a\"","dc4_server_salt":"\"540f4a88085e505a\"","tgme_sync":"{\"canRedirect\":true,\"ts\":1704139412}","server_time_offset":"0","dc2_server_salt":"\"eda7f90dc5ac83bc\"","state_id":"2717167184","auth_key_fingerprint":"\"bc24f2d3\"","dc1_auth_key":"\"6bc995f00acf4935b237b19d685d9e8ec4832d0263cec59dd0f232b926c73c0afe5e908e9a9e06493bd56df363664c75a463444a599ab01eaa089e7271c406d79f52196eee8b76c74403e48d7aa7878aa4c4fcf27cedc2adbaed5bab6d07e35d5e9cb4ce68b0d0019c81d8fbeb7cf5e3a489ffbd7d5d013a79b4c00df5fcdce589d0661d6063acb3201bae369a241ef6a78309dd508a642f9a93db8d5b6ffc18bb466c63eca2abded71ea2883b052a90522c677347a491b3d49d5ce915dffb3f31decbedc1c1be646fa19e41557ce7b95595cf7d1dd6b8658d78d61b80a61792dc1456a1c165d62f6e0690b778c7e81a4c9fcc5103e10cea16ac9506c58fcef2\"","dc1_server_salt":"\"acbb7546cff3c8d1\"","dc5_auth_key":"\"81d546b2513db0b792250368e3e6d1e6d51902e6d7e01217ed010e731a7eaa8c3e88933406394055e498d30c367ad0f22cf425aab45d7e727ce58b45c5eca171033885a5f2f07589b20bb4108475c446e4d6d78811d68be9e07561734faa011ad270c3323c8742d87060c5dca36837702b0313be4d287179b43a67137a1493fffa308d5fd4426b25c045b20d97f6ec51f5dd34bb3e90a1c8665482a9e372c3aede53bb129b5870247c1a65d376ff65078cb30ff07fbef22875195cfb1cadb50012b23d5c3a45ff9f340f3b49258667a7cf698b4f273de19f7fec8c41bc01a174d68bfa25b181ff1630a7f9abfc2b1895fbdca31a33820337b74f46cd9fccabea\"","tt-global-state":""}
VM37:1 —————-
undefined
