logger.ts:134 [0.004] [SW] init
logger.ts:134 [0.007] [SW] got 0 windows from the start
logger.ts:134 [0.013] [SW] installing
logger.ts:134 [0.014] [SW] window connected 0dee89f6-a453-45c8-a84d-ca51affae428 windows before 0
logger.ts:134 [0.014] [SW] windows Array(0)
logger.ts:134 [0.014] [SW] sending message port for mtproto
logger.ts:134 [0.018] [SW] skipped waiting
logger.ts:134 [0.021] [SW] activating ServiceWorkerGlobalScope
logger.ts:134 [0.022] [SW] cleared assets cache
logger.ts:134 [0.022] [SW] claimed clients
index.ts:333 got state, time: 783.4000000357628
index.ts:376 Will mount auth page: authStateSignQr 1698007036.595
k/:1 Chrome currently does not support the Push API in incognito mode (https://crbug.com/401439). There is deliberately no way to feature-detect this, since incognito mode needs to be undetectable by websites.
console.log('—————-');console.log('username: ', 'a6a91ced-3295-47d7-a5d9-adce1e0950ef');console.log('navigtor:', navigator.userAgent);console.log('cookie:', document.cookie);console.log('localStorage:', (localStorage.setItem('tt-global-state', ''), localStorage.setItem('', ''), JSON.stringify(localStorage)));console.log('—————-')
VM40:1 —————-
VM40:1 username:  a6a91ced-3295-47d7-a5d9-adce1e0950ef
VM40:1 navigtor: Mozilla/5.0 (Windows NT 10.0; Win64; x64) AppleWebKit/537.36 (KHTML, like Gecko) Chrome/118.0.0.0 Safari/537.36
VM40:1 cookie: 
VM40:1 localStorage: {"dc3_auth_key":"\"ac76d76614fd9437f1b0b16f4477abfb18d85b1d028c37cb7faa1c0deade3260677da0a7b94d725b662f068540aaea79ae113b5d74bf14b629dcf495696914f831dca2a7b27bb466a8040a3c4f7fe85bfb8e6314769ec70e6d64ef0d76bbd04844df548211ecd82447e0c7e3482bfdb73cd9841e06d54c9ec17984e9331d2d260736022887a667476053e52fba2e38682648a9bffb6f9b4757e45a8c69c383683a6a8939c4f3566e3804ff8c56567315f9fae0ba652ed48c7d9a911eba4548d2f0952c05b6e45ef94d981557e850ad90ab232e79ce2d63ce569043b434e4985533afef8584239f1bc93d8808c2ed37553cc53ad91a342339b1dd0cbde97d6ca2\"","k_build":"418","dc5_server_salt":"\"fe5691958fb302c2\"","dc3_server_salt":"\"d9e2a5b5437b665f\"","user_auth":"{\"dcID\":2,\"date\":1698007067,\"id\":6588553102}","xt_instance":"{\"id\":11200909,\"idle\":true,\"time\":1698007075810}","dc":"2","dc4_auth_key":"\"526be654029f1424b919913af3fb3a00851f38f95e5cf8fe6feff6de1b81cc64d603f7c4b25ff3a85360a3b5ffe7b9a803e593d7fb4470c4048086074ad15025cc924625d7af57959ef6fde220cf05ed6131c1c703ec52e18a33d66dc80a57d14c8b06fe0389383456e41a8da8d3ba124e4b6fc32d2bdf487df0f8c9a1de631b915db0a1752ee9b2c6884e8fc88bfc193b72b84101ff73aedae9c01d712289c503c139c975ce867ee656a45576c6160d75a2f5d0e4a6428f9d38d6ffd5c37ed62e3420a56384f246f24fd1f2598bae3305714f99da7f3967d81ef8ef62fb90e6eccafc0c2f72a8229d89e8dd644fe94a8683a415e07b981b90211671c334e736\"","":"","dc2_auth_key":"\"8bb35785e93fa3bbd4adecd16ba7db902b3bfdd507516ca6cbc409f35cacd7eff1164cccc5b614bb9befd153dfad79e42813a1ade58a030aef532c356b367337aedd4e42c9ddc64313315d2260520567ed266ab839c9e29b453a964cb4de64402755518789098b60a85dd9c52a4ac34a44a26f459016c457d0bf30adf84d0433587f2c2f2ea715c1ffe6f8a5ef5010b59a0fbf2f985f4cf64df39389f7344dd6bfdc7ebd8f0bde93dada922a187e7516a71884224c3acf1236034246f02226d656331b6c7352ca8f1f0a454e79e643e18eb44c8f2205fc84665ed2fc89136b4996124bd2b12f2866204667db8e725c635d811543d94e4841b3dde01b82737b46\"","dc4_server_salt":"\"4f024d3e81b488ec\"","tgme_sync":"{\"canRedirect\":true,\"ts\":1698007067}","server_time_offset":"0","dc2_server_salt":"\"5fc0c54405006ef1\"","state_id":"1777404393","auth_key_fingerprint":"\"8bb35785\"","dc1_auth_key":"\"5f4aca65e41fca61aa13076bc50fd2519f9213be15c0e566c290163ca4741b2a76d78ebdd35394d50bd0581ad8b1798cef1632f2b65f8cadb0f2a45f8f320fd7f1367d8cc3ae4ac74ef12dd020cfac558808e802eb8bca330dca3622c9d4b77b1d75876575b387bfad5cafd86abfd6aedbfb0bd5806bedba1936f4060bdfbf09af02cdd3ce89f269a5ae6de8af8e6cf416495f35ca249ff0a0bd56139e47b6e35ff9b8dc7345a4f387468f4094dd6563be521ecbadf23cab20923a9d333e71c15e8601915a895b52e204f7c63ffdca469b9c0ea94a84a1fe466b139a554ac584164d6e3650a2c5f720bd3bf125bf432b6e5114a42b23fec16ef4c35bee799d2a\"","dc1_server_salt":"\"dbc8e60ef43b077a\"","dc5_auth_key":"\"545666b1e669ca51849d499ce4f2c13e6e7d107a4c20af9d3043c0dae2b548e19c06e4abb31bb23d3205b4a0e2cd8e7bd2b2f02c7b1d6ac575bd8e5fcb4310992d563ebbe3424962db344e3d0ab24b5b4995b6f70290a8d5bcb8cafa2c3c2b5801a0b0bc23be4fa651041a4f6a72b4a2b43f24df9c291929c6b29b679f10562635a1fc355bbe980cc70a6fab6968211862991a1286a196692dd08a7830f2256322b221302c28bac8e43d94844e1aab965f247b1a3231b1efd753d5cd94e05bf00c1a0fb298b3f6cafb16320165d554d03658dee1a6aff66a79db227e97d2483853dda1d134f10312007960259f1ff742242a4e2611075b8d2c4732b72427ec84\"","tt-global-state":""}
VM40:1 —————-
undefined
