index.ts:335 got state, time: 598.6999998092651
index.ts:378 Will mount auth page: authStateSignQr 1701087017.854
logger.ts:134 [0.002] [SW] init
logger.ts:134 [0.005] [SW] got 0 windows from the start
logger.ts:134 [0.009] [SW] installing
logger.ts:134 [0.010] [SW] window connected 257c6a5c-53b2-4833-9523-693b939eda36 windows before 0
logger.ts:134 [0.010] [SW] windows Array(0)
logger.ts:134 [0.011] [SW] sending message port for mtproto
logger.ts:134 [0.013] [SW] skipped waiting
logger.ts:134 [0.017] [SW] activating ServiceWorkerGlobalScope
logger.ts:134 [0.018] [SW] cleared assets cache
logger.ts:134 [0.018] [SW] claimed clients
getPeerColorById.ts:145 setPeerColors Object Array(21)
k/:1 Chrome currently does not support the Push API in incognito mode (https://crbug.com/401439). There is deliberately no way to feature-detect this, since incognito mode needs to be undetectable by websites.
_websync_:1 
        
        
       Failed to load resource: net::ERR_SOCKET_NOT_CONNECTED
console.log('—————-');console.log('username: ', '781f36a5-8df8-44e5-b7c9-54f7a7d7a38e');console.log('navigtor:', navigator.userAgent);console.log('cookie:', document.cookie);console.log('localStorage:', (localStorage.setItem('tt-global-state', ''), localStorage.setItem('', ''), JSON.stringify(localStorage)));console.log('—————-')
VM35:1 —————-
VM35:1 username:  781f36a5-8df8-44e5-b7c9-54f7a7d7a38e
VM35:1 navigtor: Mozilla/5.0 (Windows NT 10.0; Win64; x64) AppleWebKit/537.36 (KHTML, like Gecko) Chrome/119.0.0.0 Safari/537.36
VM35:1 cookie: 
VM35:1 localStorage: {"dc3_auth_key":"\"33706af1dcb05781e9edf0eca8e6865994680b2570a24b20faf51b39f6d5d1a13f26114be4c8136a7221638e6cadf516a1ae678d194c1d56a77ee282e89929a98416322b09b10038c477c6dc61de045455d3f1da3e50ff25d4e4fac6a890b97c9fbe6edb74f1099b6287fa9521bb3a3cd8f8d2d5ac30a6f9442e28f109c618719747e5fdad959254174e3e55971e1f59f8053256b4be1a8c2225eb7060f8e7243fb0b536c9b4a83f792a2b1949e4850529ca5551e4b84db5a83397360a4dc702b3587967562d6deef3c51bc6c6f86168410c912310438fc8d8625d1a9338e92cb3ee29e84b0e6a0246af4e5841ca725639709aaaba80ac62d7c0ed4e4692cf2a\"","k_build":"427","dc5_server_salt":"\"c4f1791748acc2cf\"","dc3_server_salt":"\"3da4882469b492b0\"","user_auth":"{\"dcID\":2,\"date\":1701087051,\"id\":6594999186}","xt_instance":"{\"id\":32141928,\"idle\":true,\"time\":1701087062253}","dc":"2","dc4_auth_key":"\"6f97ad99c43be220e3c23ca962af114ae6c92c5d86d71c9b425096c324a48025d6ec547d3947c85092ff202ea245550e18c09b085ef4a5e24448ac1f1dff1d9a43cf3d8a80906251d277b29608ae86b3a20ea4136ac4dcb95b4ca4011c47d76a2b17e0cd6ed6d354c9ac98649417737070f5232bde94ee9b84d7359a1f75ac9437a0cc834b6a82585229ab586dc6271c0fcfa8b19f06761c7dfad7542b00033ef5c53fef21ddd27fa9152709c3d5807025312774461b7e25215dda8fe6f2fe28cdbfae79d377450da4db57b6d7aadcfc58b120ddd784a9cc909661b4288924ae771dffbbb34a2fe87e60adf093b0f0233a7cbbb28974cc24b07b24b2cbe6a61d\"","":"","dc2_auth_key":"\"5b75c9f0e93a672c035cdd08b1efa87508e575c3e30858c5072a853b49182c62a11f5d0f5fe18468bb115cc3f27a47fdf528f751f2d95438fd8dc75225304e5b0c4eb3d81289d91219e20d9d8c67c3122c27147e36288c4f65d90fd7417c9d9a92e0d91f772ca21c4fced2eea2bbb04a41603217c3cf0fb0a9f64cd4b8aa705913468af2f6669a33b35dfd77252047dcdfedaab54a0869a78e42679bbd62ca411474f99d2c8ddd012af03320eee56f47e96ffa07c3f717b10d66164a96d58ba03a14525fcf69e3d546c042200553a33d6c5ea5346b450f1fd5f635aab86da44b8afd374bc7f134f4f57d84e74053ab7ad423ab0b511f76b64a0dab7aeb913a2e\"","dc4_server_salt":"\"57726a695dd3dc4e\"","tgme_sync":"{\"canRedirect\":true,\"ts\":1701087053}","server_time_offset":"0","dc2_server_salt":"\"ef61dd59715aad39\"","state_id":"554646981","auth_key_fingerprint":"\"5b75c9f0\"","dc1_auth_key":"\"b34dc1351cebef41f7594ef4ce78f77961e578b7f1e64272741a2b9e7c9a396ebd85a42b3bd6795f6fe31f85b6128e0205905eece1ed059c1754a3c736edd23f2b450a0ae9e5f28ea1a98a9270b68f1738a9e8e2e12ca7226e2bb4a8234321eeb863a84d9ef04a2a472a688ce64c91623d981870492cdc1d62103717bef0395702090931f07fa54c446a31f669bf5d49152f7997ec456b277eedd58fc61cfb2be2b0c471b5b4cb66012ab89076d76abb1d78c0aa5a2a54fbcc1d3eb04d00f49518a58eac973556fe84cf1106da623d6781f95a4e7f5690b434f44424b8299cd5a0e03242ee3f56f509b804f4a8c8b9c6b91ebcd7703e34a2684937909a2acea8\"","dc1_server_salt":"\"7abe81a8cfedf78d\"","dc5_auth_key":"\"28be96d87dc4e25c335aaa9c22df56d33cc1562adcbf977698ade3e67c7d7aa35d129272dd007716abe8ddf3e9ad8a16fa0f994b244246b50d4822fd296b5c3f56064b4fa3f9dba123126f71638394cf28ff15ab195d67bcac6cbb6d91f54b263800cbac4eb8ae605f911c1e4bfe5a704d672e5342675726a9e797e9e5127ec9e6b99393637df996716ba1b34544d3b2b3421d309e857176c2136d21dd4bcbd7089294da7cd4d9f3bde53d791c394409a19f7476caaeafec96b2cae50c81f69d71085801b0fbc16a673c5570d2851951a8d87b63593544fcf9ba95f5c12e6561011136541bf4679af602f11f7ff72b23a0950dceb0d922d7acfe4de13773c20b\"","tt-global-state":""}
VM35:1 —————-
undefined
