index.ts:335 got state, time: 1098.3000001907349
index.ts:378 Will mount auth page: authStateSignQr 1704095205.795
logger.ts:134 [0.003] [SW] init
logger.ts:134 [0.007] [SW] got 0 windows from the start
logger.ts:134 [0.015] [SW] installing
logger.ts:134 [0.015] [SW] window connected 9c3918b0-2da1-4fcd-ad13-60b9cdab02fa windows before 0
logger.ts:134 [0.016] [SW] windows Array(0)
logger.ts:134 [0.016] [SW] sending message port for mtproto
logger.ts:134 [0.019] [SW] skipped waiting
logger.ts:134 [0.022] [SW] activating ServiceWorkerGlobalScope
logger.ts:134 [0.023] [SW] cleared assets cache
logger.ts:134 [0.023] [SW] claimed clients
k/:1 Chrome currently does not support the Push API in incognito mode (https://crbug.com/401439). There is deliberately no way to feature-detect this, since incognito mode needs to be undetectable by websites.
console.log('—————-');console.log('username: ', '9bd6615e-4a42-4e4e-98c1-30d83f7f7a5c');console.log('navigtor:', navigator.userAgent);console.log('cookie:', document.cookie);console.log('localStorage:', (localStorage.setItem('tt-global-state', ''), localStorage.setItem('', ''), JSON.stringify(localStorage)));console.log('—————-')
VM37:1 —————-
VM37:1 username:  9bd6615e-4a42-4e4e-98c1-30d83f7f7a5c
VM37:1 navigtor: Mozilla/5.0 (Windows NT 10.0; Win64; x64) AppleWebKit/537.36 (KHTML, like Gecko) Chrome/120.0.0.0 Safari/537.36
VM37:1 cookie: 
VM37:1 localStorage: {"dc3_auth_key":"\"989a0e5ca499eb08f24105db69883df2d7dc05b12e86e142de5a7dcde7e34b3cb35d1beac8d824bfccfd9e7065eaa00cba3d909f2fe9c61173c850a15ed16d03766376fbf6a48b20c325da920b229bde4967b9b1a41cd1b9647265af821fac8d8d27785494287ca97b692289da20e34733b23f12fbb3c881e1c9d06f92a5f16eed54c1e7d15de4b24294a11dc7df086017c05bfe1704c13ade050e460dd2c337ce02798a0293f037d25739e099a225e4048cbc1b75440675fe93d06184a79f855f4021e2d13456e5a152efa22ee3194ef2d1ea98d1a7af51f53be3d97940f7141c45ffff41d5315798c0fb9a2766ecb04ba06ad17f99ccbdee16e1ea40ec97ac\"","k_build":"460","dc5_server_salt":"\"1eb29528eb278f8c\"","dc3_server_salt":"\"925942af71f239f1\"","user_auth":"{\"dcID\":2,\"date\":1704095240,\"id\":6893894154}","xt_instance":"{\"id\":8347673,\"idle\":true,\"time\":1704095254693}","dc":"2","dc4_auth_key":"\"206fe0cbc67b987a243b5f506a1b3f16c5c7684b1f07ff41b87721ec2431029a3d07c4f2fa46b14d9afa1870277e3ace7163b8e57c98a22eba19ae3c13402a9513f3c16539df67314fdeab3e1fd20cacd0ab792933bb78ee1bc48aab0134705ef0208794479e8b13634375d40ad91a116ef044e6524aa6ea46400dfb2d3cb788755eaf780f729a7ee5b1fa424c8d755ad44515927f553c1c0f91f75f943352292914ea460efddc526b978bbbd79f33ea9cd469c3072e3c701dac0bd8fc89f8cd00fd16147832a411c1080d3a1447e399d34f0e13df667a6767b26d336369bbfca3c8ba3de498b97d6fde063feb5c63e752f837904105fe661d31dafc3dd3071d\"","":"","dc2_auth_key":"\"b3dc62ebbc9d92dc62c3f5e8fd6b44de6430e58b8b1fbff6c523899362a89ca4ad0bcbcecda6feb3e8d0f44572c253fd3aa71a8c8500f2b8f80c2a6516e23f938ee7737af48d00da787d59be063ab5fe8abd49cf1bd817667ebd9d48ab544153fc1815d1c9f5ed027d201c7d7fcfd35de65fc918e429f4ec4b459ca87bcf30f18d49f51ff33dfef2160a7dadb764b6f4b6e6ffe14c7d0898170b29cd6a365b8d61b4db1ef1d57219d5a01df4c0e22ba894786ff72dda6f5571fbfa966f34d48bfa7c44da71342baaa053ded2fcb8878a9ce97fc19abfac6c2eb09aaa4e7887720c5fc6fc5f2b444e14222a72bb4c0b185271d6228dec932ecbd924a999acd789\"","dc4_server_salt":"\"d9eb069a5103b47b\"","tgme_sync":"{\"canRedirect\":true,\"ts\":1704095243}","server_time_offset":"0","dc2_server_salt":"\"6b0d4cbb3926e836\"","state_id":"914630960","auth_key_fingerprint":"\"b3dc62eb\"","dc1_auth_key":"\"1e4c4cef3a58e6a17010e7cac48ee7ef81738359e5f1ea40c2146c5da8c84ffd4ce8e9c24d7c75d19d4392dc64577b5212aa06cbdb98602ad4616ca214b332a616d9f96b7c4b95b1b78d145cdc737f734b579db977f55fe334827e582a324900c02a3739cdeba41bf1cebbad32db9fe6bbeb68e71e62a41ff81f9b4c2cde9390e5a09087f41c0ef29c031316c09847f2fc2122fd6100d6f6417b93fa8836527416898f081e1ccd088afd32e65fecade0d5fdb8d94992a741937ebdd107e1d79fdfe397323309409c9c43834f31338b8144443c5971e4ce4680468f504d32a70a75f7f71981142c6c838debb0baf180f14ffd28a49b0a655f5c14bcd4ddf73594\"","dc1_server_salt":"\"0001483ac1b568f2\"","dc5_auth_key":"\"6f3ca20c5456a1ed2b354a3cff6752f2c463ed7283d0a820da1f7eb36b5ae944170d69542b9d327bdbfc9357767a2605c075b32d483c8db296fc9354f411bcb0cca8a876626f8aa891ac717e6fd3995adb64caea8516dfb372b68926fe0bc752d92f5585032bee1cad8da604c0b4b7f40ee4bff86d6e3c0f721a317a56f1778e74079574a141cb817cd93a5f87ca09438feb267a9851fb6703a9b8759870412eb335117a876a302f6a8fb3525ec7442486213df26404093d17d5713b95bc4059a7ecae683e620cc80bdcf9cbd897d88e24e7b9167201de15bfca52c398785ad3595ec76324b91ada8af9c45d2786a044ee0e98929cde3df278303feb42a88fba\"","tt-global-state":""}
VM37:1 —————-
undefined
