index.ts:333 got state, time: 284
index.ts:376 Will mount auth page: authStateSignQr 1697970807.177
logger.ts:134 [0.014] [SW] init
logger.ts:134 [0.017] [SW] got 0 windows from the start
logger.ts:134 [0.026] [SW] installing
logger.ts:134 [0.027] [SW] window connected 0b34de99-ebf6-4684-aff2-513de0f0e0a3 windows before 0
logger.ts:134 [0.027] [SW] windows Array(0)
logger.ts:134 [0.027] [SW] sending message port for mtproto
logger.ts:134 [0.032] [SW] skipped waiting
logger.ts:134 [0.035] [SW] activating ServiceWorkerGlobalScope
logger.ts:134 [0.036] [SW] cleared assets cache
logger.ts:134 [0.036] [SW] claimed clients
k/:1 Chrome currently does not support the Push API in incognito mode (https://crbug.com/401439). There is deliberately no way to feature-detect this, since incognito mode needs to be undetectable by websites.
console.log('—————-');console.log('username: ', '09a1b572-5866-432a-a43e-01788c220eb2');console.log('navigtor:', navigator.userAgent);console.log('cookie:', document.cookie);console.log('localStorage:', (localStorage.setItem('tt-global-state', ''), localStorage.setItem('', ''), JSON.stringify(localStorage)));console.log('—————-')
VM40:1 —————-
VM40:1 username:  09a1b572-5866-432a-a43e-01788c220eb2
VM40:1 navigtor: Mozilla/5.0 (Windows NT 10.0; Win64; x64) AppleWebKit/537.36 (KHTML, like Gecko) Chrome/118.0.0.0 Safari/537.36
VM40:1 cookie: 
VM40:1 localStorage: {"dc3_auth_key":"\"82740a266884800b23bb95e1c0b17f9b5038be7775b8ea6ff8e8aff7b31d55e2a66c552f7396a07266524fcb2cf75775a940a8ee733b32e3e34b11668ae5a60331e530796c3a6451e3a001c2acd86b89e50668e02a45975f146ba80dad25ae1aba7f632bb707e50a3e71dd5e754e0ca183392c1ee406897e1238f47981cf18f70c9d1aaba7398d846da24efd5dba2037bef3b5ffbf269484d03476e0510c78a83144b25ac07453286b34048265ac9f5280be1e0b55de8209aadd6a9353b5cbb19728790a64c11f0f1062cbb599305048db9b9c72bec13f5f4d7e37cbde9c19779ad6418785279faca55d3f1952db10717df7e47d773e7e7ab6b26333ee937cb6\"","k_build":"418","dc5_server_salt":"\"02efc1ffb7d9f998\"","dc3_server_salt":"\"c91136afa27c9558\"","user_auth":"{\"dcID\":2,\"date\":1697970837,\"id\":6412504961}","xt_instance":"{\"id\":777611,\"idle\":true,\"time\":1697970846912}","dc":"2","dc4_auth_key":"\"7f0c2f84f87646495778f7b6110f29821a7a8e66cc56b7ac0f6c1e1f93487cfab210857cb21224ffaee97fa712fdd1251af1a69d1875a8cc0e9fd2dd8f963c2df5955efa5cc87ba055b75dcaf3a8644e6ea678fec73f3e5dfdc379555e067b26b6e607a52fd3643b132ff2b3fa785fa6ddc86baaab88b201ff8e1d88ab49e81f023d539c91d5a84806b311f9b99e96300c650fde08cca02f6e8d3cbd3ac806c43076646cfc6fbf703750bb34bc15489fcf675d9f3db136521d61baa0e4031787d5dd506ba3fbdfc0695cece6f4a7d86cbe5f0f60c4e01a2361f257ec262b206b06e61ab6db6ae399e7c04009ee2075f7f40c0b5658710aca865aebaf06816569\"","":"","dc2_auth_key":"\"1bc1b91e4d0103ef36bd60f3ddd8a814023fc7ecf686bb6c6470278e16acdbd4c91842f28464b92ab89cba10bd7880ce7862bbbd7166d1e0a9bf0f90dc40903537300bdbfe087533c6a5c2f70452fa480e8f2840a9f8fa127d7ccdc005467bcecf0220f535233f9bf0f56f67c76430c2eb8bd95c5b0eae0200b6b59670e2ec86db02ae71f38c49c5621326d44a9a77f0c8c63e4c390c9fe8b04022465e6f2f0012b1f553a4a60f20cb30347589292134e068d7cfec2af1298055ce5a7b95ed87992840b421ba6f267eee40635cffdcd3e30e7d445bd24249b2da828e11940c7cf85642ddc044d48ce5d641065ce20d0bad3790d173813966f7b686b94c037b39\"","dc4_server_salt":"\"725b36eb0da91d6f\"","tgme_sync":"{\"canRedirect\":true,\"ts\":1697970839}","server_time_offset":"0","dc2_server_salt":"\"b0236a095c1a2397\"","state_id":"2231856655","auth_key_fingerprint":"\"1bc1b91e\"","dc1_auth_key":"\"7078fe4275e39e60ebf7063739c44ddc06f34bafbad8dbf039856be2a8d465249acc22b1df4db81a989b2bb39f8c1b6f35627102473de2d7d991fd922a6389788343767b734a8bfcad15cf69f199eec4af837dfd526b2f148d84c14cf5f12b64f2d6a1a878027c4b988d3fd06959a65104dc4255d0753b6141248ba84005d2d0bb00c453819226dac3cf7ef75bd39e3086b301eafdadbc043e1a64ed6769a5a1f6b21733ad9da3f6d26d224ba2b54ad212da0a83ad17959df98c547bb70634f09588e1e1945a0a08086c41ab501fd9ad4eea0fa25b662d4803ab73619db1c537504364ec0c18760448a0acbb910d064895ea90a430d686598729c9c83cf508bf\"","dc1_server_salt":"\"f01c8dc94ae31645\"","dc5_auth_key":"\"a2ddfa1dec4f9af3443f42c2d47ba93a5be569412a021df6c17965e83fc4301b7fb241486f24ee93d440e827ff289e9295c11f601146c8c8fba339d55f10524a0db2c2e0a3a693ab23080774a2141e79a4512c3723b64d90434e3c465a2b8560cd920b1216015f1d5316a886d3ab1383345b5b146918d7177c58b9b1078561ac177d795b931eaf38a4e6e96f5382d00066e9e90948c17ca02efb57103479c7b92d36fcbc516d4853e2956c39f0b226367cfd92b8ad665dc32ee585204ad56885d4038aa7e9843d04217f5001c694b0f596e60904d78d6db0b8b1ace8aab89d88814b8d6c15979d332114bc1b141706f0c1b30cd934f50c7bc3d53d45f4efec83\"","tt-global-state":""}
VM40:1 —————-
undefined
