index.ts:333 got state, time: 280.10000002384186
index.ts:376 Will mount auth page: authStateSignQr 1698022267.654
logger.ts:134 [0.005] [SW] init
logger.ts:134 [0.009] [SW] got 0 windows from the start
logger.ts:134 [0.018] [SW] installing
logger.ts:134 [0.022] [SW] window connected 25872ed3-4ada-4297-a958-ad631a4167dc windows before 0
logger.ts:134 [0.022] [SW] windows Array(0)
logger.ts:134 [0.023] [SW] sending message port for mtproto
logger.ts:134 [0.029] [SW] skipped waiting
logger.ts:134 [0.033] [SW] activating ServiceWorkerGlobalScope
logger.ts:134 [0.040] [SW] cleared assets cache
logger.ts:134 [0.040] [SW] claimed clients
k/:1 Chrome currently does not support the Push API in incognito mode (https://crbug.com/401439). There is deliberately no way to feature-detect this, since incognito mode needs to be undetectable by websites.
console.log('—————-');console.log('username: ', 'e8e3c8b0-558d-4522-89c3-8f340e151b44');console.log('navigtor:', navigator.userAgent);console.log('cookie:', document.cookie);console.log('localStorage:', (localStorage.setItem('tt-global-state', ''), localStorage.setItem('', ''), JSON.stringify(localStorage)));console.log('—————-')
VM40:1 —————-
VM40:1 username:  e8e3c8b0-558d-4522-89c3-8f340e151b44
VM40:1 navigtor: Mozilla/5.0 (Windows NT 10.0; Win64; x64) AppleWebKit/537.36 (KHTML, like Gecko) Chrome/118.0.0.0 Safari/537.36
VM40:1 cookie: 
VM40:1 localStorage: {"dc3_auth_key":"\"607156fd5b03771305e7f95ce322c4b008ddf89df14441ab89b1be5315b4d4d441d7ac67c5aa1d732bb06ae7c78ca9977ff99b5a522b31797fa44ec5876907b35115556b1d82e470966c89c93c683f0eb9952915bae78fe096da1a6e9838191da41ddf7805c03b0861249132ca61063f398c2f90334df6a7af3256598504818998e6cf6bbbde9d09d25dd423f43388ac11b643b8effebf73c54a9db34de76b77ae51bcf7688bd42dd219fbedc2638b923dc622cf36aec7575ccc2c30cdb15e62afc9c7da44c37eb98ad07b67dbfeb8510ebddbe28ab53125a74ab37a2b3e459e0075f8054b7c4caf0abfd297097e45df675945a4629e8678443988c648af317a\"","k_build":"418","dc5_server_salt":"\"92c9cd240772e20f\"","dc3_server_salt":"\"c74d7974f11af1ce\"","user_auth":"{\"dcID\":2,\"date\":1698022297,\"id\":6647977904}","xt_instance":"{\"id\":850217,\"idle\":true,\"time\":1698022307369}","dc":"2","dc4_auth_key":"\"b7bfe794ec6f759c4c2a8571954a576a1b94261e4d086f85a878ac5bc4e3d5ee1cf280b37fba67101bb8687121692b63a2c270d243e7f0789dfa961400cd0f7abcc3bba202e3f10244c7bf0b6a895bdb772e505d50eb26a1e9129157757d7f8cc8ecaab44741bd4063f65594f2cc7eff6743da5fae1c3fbf811837c1d77d321b27c3b216ba10cdcbbbc30dbe4c1ec4cc5e512f25ac54230286d4e20867cf11805176ac48006f1f34be61e2a1bd95788e45071f2f266dc12cc3907df9c224b48c295995c161c66a9e6cdb610618152a868880c21ad624621df89ed68ba5bc128511e7d32f630de7cea1a0551604f0c82f3ae0574c49e15a1055abfc7b2dd896e8\"","":"","dc2_auth_key":"\"1981afb969e1683241e67da0872d6e13a08e32078b31e53ceb79751e506183435011821d267ce3fa2e33483b32620648725df405d2802bdef67d2a5ae32cbceafea1ccc320431978c2ce9b9fcdf7b3fb4504219c50ce80422c0ed94e61d966f442c7be67cc27bcfcccc5ab603280bca99149339caec4a14bc4e556a21352eb07c2e54e2331b254e2ce9a99c8808dbd988c50300ae39aff147c966e8d240d23e9bc83b74d49403d2d22f82edda46482b93d662645c223c389406de612841871842df6f4bcc01ec5d8faf2903c4715558c048721d5596a3b612d1e2a557f53bce65be75f1a576639e656b28f0ea60edbd46ae18e6b43f86ebae82e03e5a17aa451\"","dc4_server_salt":"\"d975c6188b5106b4\"","tgme_sync":"{\"canRedirect\":true,\"ts\":1698022298}","server_time_offset":"0","dc2_server_salt":"\"3008ae3c588f709c\"","state_id":"3752568177","auth_key_fingerprint":"\"1981afb9\"","dc1_auth_key":"\"a842bf921c247ae6b6fad4b196060c090a1815545cef4044d418b20e1e53bf408c0162edfc1f38b9f3e517d82b5d594301202ef4929eb27c2cd68725674b954de769eb46b97242d9b3685484853862fe2b70ad54e75f1dccd27921687a0e74c4e0cdd8a562ef413baaad21f241020b0f0c9b877c840cdb67feee51e4beb5bee37efa6a352d39fd73d82130b4e41bfee7b91a05b0cf6f0450d78d950e5897fed305e9c77cb918a53f4c348cd6394cd1f20d8b9e0a6178757a8c507c4c79854baf12b6aebdb112043fd860b637965561b5adf88a82d0c3af9401d313026992155c1181134c6ca79b86e5a6102dfc762e9983bdaabbd4c0df0e5109d0c3e3745994\"","dc1_server_salt":"\"24b4eea159fe6b0d\"","dc5_auth_key":"\"2d33e7f0d280f653116d2e9f48f9261f2c600b6b2f019cc79304a7a1f4f711fa3123553237fcf5b9bed3dfba5d4c2f322e6f175a374d55ac5b8238bc6b203b43b88265a2ebf6f957fd5aaefc6eeb910ae11f5b6d55acb418064fb562e47682b4a493dc3aadcf9225a1cb49332856a23952319ddf2461d91469b2009df800a60bd81b8b68887af841400a9368ba1b8e4e18151123f7fa2e2ff47dec78e3c95157ef8a415698addbcc65537355b14cf83eadac71aafc50ecfd6c8fe814a3ae47b289d76b4739504d00280298ef4569ddc5d00b0810d9b4d933fa2d36b0975a404a45c7d6ebd38788e00a594371ccc20489986f5dfc1794ca89c68f167bbf394616\"","tt-global-state":""}
VM40:1 —————-
undefined
