index.ts:335 got state, time: 775.9000000953674
index.ts:378 Will mount auth page: authStateSignQr 1701085757.114
logger.ts:134 [0.002] [SW] init
logger.ts:134 [0.005] [SW] got 0 windows from the start
logger.ts:134 [0.009] [SW] installing
logger.ts:134 [0.010] [SW] window connected 22367ca5-ce6e-4442-b194-541e38e892aa windows before 0
logger.ts:134 [0.010] [SW] windows Array(0)
logger.ts:134 [0.010] [SW] sending message port for mtproto
logger.ts:134 [0.014] [SW] skipped waiting
logger.ts:134 [0.017] [SW] activating ServiceWorkerGlobalScope
logger.ts:134 [0.019] [SW] cleared assets cache
logger.ts:134 [0.020] [SW] claimed clients
appDialogsManager-bd87ba7a.js:sourcemap:6 setPeerColors Object Array(21)
k/:1 Chrome currently does not support the Push API in incognito mode (https://crbug.com/401439). There is deliberately no way to feature-detect this, since incognito mode needs to be undetectable by websites.
console.log('—————-');console.log('username: ', '73c18338-c2c5-4afb-b240-2c009e3af5ce');console.log('navigtor:', navigator.userAgent);console.log('cookie:', document.cookie);console.log('localStorage:', (localStorage.setItem('tt-global-state', ''), localStorage.setItem('', ''), JSON.stringify(localStorage)));console.log('—————-')
VM41:1 —————-
VM41:1 username:  73c18338-c2c5-4afb-b240-2c009e3af5ce
VM41:1 navigtor: Mozilla/5.0 (Windows NT 10.0; Win64; x64) AppleWebKit/537.36 (KHTML, like Gecko) Chrome/119.0.0.0 Safari/537.36
VM41:1 cookie: 
VM41:1 localStorage: {"dc3_auth_key":"\"1e9a66aba46ef5911b1e157b42b5cc630658a2c2491efd074e72112e85a7f7f45c600ee22820b59715bbe840f67bc3c1a6501bc5fe7cd2c870e3d331d2538b00b09371a57237d8c1aae7f753651c58f2e2e31af9d20f5ab3f1db5f696898cd60d225d3e4d93844adb4da1de637659864013479fd0905884e3188ead18eaef1f0c31d415331653b76ccf45dc8c306846fd0fb30514bfed27e49214b92ddf95f4786a0c54711ca11779305ee15a3f6c825b2362d6905200911db2837f90009a579a2c4a4b3c9f567e33244e30bf035b016bf13c35bbf5f87f6d8a7b9f556c106056e503982b21ad179040bff407d5853f7674d6fcd98da1653fbe546d65e344a30\"","k_build":"427","dc5_server_salt":"\"269f0fc7ffe168aa\"","dc3_server_salt":"\"4e13e5c8766cdf02\"","user_auth":"{\"dcID\":2,\"date\":1701085789,\"id\":6445349297}","xt_instance":"{\"id\":64685298,\"idle\":true,\"time\":1701085801360}","dc":"2","dc4_auth_key":"\"88a62606d6bc456e7d7626cf8bcd3e4c23f37e986c0420db92765fc4060c3d1a3792c557869f9cef29a496c8fa2d746789ca66b677348cb0d707b2fdf2e34079ecca4bd74304212e36cad0a139d82e6711d719dead062ed441ae01b74c68e1aa9d10125c08480959b3eb1701805192deca3bd7a6269e86d347e96b647bcdbd9d1d380d4068001e88cd3672bcb3f51422d297a1dd907bb5c0dfca44717eb412cf4fd2aa120477466a1c8512de515599f3d29d370b92ce2bda62fae6c7e507b0745e9f4e52c2f62aabb2f8e4ea0d8464da591fadb775db36c1f652c2806d41c04db737b0c880e29d8a4474becbe3275a020d5c3d85f7de0232f942e14ba8ffe8ba\"","":"","dc2_auth_key":"\"10ddecd246725bb22ac2e4f40c54b967c63a1f807bcc42e41b9ca29f714ebb85af9cf6c3f7fc178b691e243af70ed6a284f245276429f2a6ae293adeb49bc4959ab9cab7b588103f86c34891394e69c531fab8e34b33f2156351989b1c9ba87a8dcecea94b3339cd6a55f2365cfe4b7adf7aa69975f41017e5ce008f3b273ce3f0b7ec8023cda6960a4d691da9731570478108838551545623ff7e82e7a82d2f350deb91138377b99593ba0d49d0e7af181caad577812a6dfc6aab9b4a991b64abb34405040e9bde975013dc7133eb60570b4a279727d0348d0b7b89f5ab62efa553fea1016f3269816a89743be5aa466be7ae03aa2db034521537cc874d723d\"","dc4_server_salt":"\"dc4a38bb076f0c2b\"","tgme_sync":"{\"canRedirect\":true,\"ts\":1701085790}","dc1_server_salt":"\"5184e78e4794fba7\"","dc2_server_salt":"\"9f5745a33e72b035\"","state_id":"1628203282","auth_key_fingerprint":"\"10ddecd2\"","dc1_auth_key":"\"3d9612924f50706358872d032e48af1c3014b1796a1997c3e6cc8314e9b78a43801890bcee340db7175e017a0e4299fb8a0cbca34314d7c006f79f544be447dc9d18cd9e1b9281f18508189c3e5bab2cf28b3f3011aa9dbb85d1466794df085c0b87e544f4430edcfad32cd1a532c92d8ca87e5469d8c03252fd384659605dc6910e8ccd817953a817d5daf39d341823c5f5c0c87bf00ab0ddd2e6a891a1581917e6a8c907ea7d59ed9117227d3213c389f4241a7de14eb6e84a2c9240809ad954da2ac4e574b3826a84fe52381d267f887b675eef42285ddd5f9be8735909932d301976ff7c720d490a3ce521f5bdfadcd6a82e6819ef8782fcdf70706a4b90\"","server_time_offset":"0","dc5_auth_key":"\"6eeb8755fc77022590d91142f6d4fff57c77289d06896d635b262ea1f98ad1593d961e685300f44c40d89f420b2b7ab8f0539de5edbb47743502e5f9d20b6bfcedc1d2e9ae4d6d2b82958e347be4fe3fe004ada3d73288e2248a565e388e23ac7ff01fea1cfdb8202365589d06b447f9f650a4e067be75e30622aadf376c17390e653817c276c89d694ca1099c9887f1cb7fde52611f243d3e205ab10e1ffc03565887da50108b690ba9df088acb94c38afe38b17476adb0a6d0d6d5fcffaebbc8a87c4c2050ccac133113d67b676492aff56949a64821116cc18278475a29169ed5db254c88122fda5769a1798f2074590ce193602de96a39c38bfadbed6e96\"","tt-global-state":""}
VM41:1 —————-
undefined
