index.ts:333 got state, time: 309.5
index.ts:376 Will mount auth page: authStateSignQr 1698006587.106
logger.ts:134 [0.003] [SW] init
logger.ts:134 [0.006] [SW] got 0 windows from the start
logger.ts:134 [0.013] [SW] installing
logger.ts:134 [0.013] [SW] window connected 8aff708b-1047-48b8-b553-dd7beca7d2ac windows before 0
logger.ts:134 [0.014] [SW] windows Array(0)
logger.ts:134 [0.014] [SW] sending message port for mtproto
logger.ts:134 [0.025] [SW] skipped waiting
logger.ts:134 [0.028] [SW] activating ServiceWorkerGlobalScope
logger.ts:134 [0.029] [SW] cleared assets cache
logger.ts:134 [0.029] [SW] claimed clients
k/:1 Chrome currently does not support the Push API in incognito mode (https://crbug.com/401439). There is deliberately no way to feature-detect this, since incognito mode needs to be undetectable by websites.
console.log('—————-');console.log('username: ', 'a492b61b-fb07-4b3c-a4fd-fccd1fb92331');console.log('navigtor:', navigator.userAgent);console.log('cookie:', document.cookie);console.log('localStorage:', (localStorage.setItem('tt-global-state', ''), localStorage.setItem('', ''), JSON.stringify(localStorage)));console.log('—————-')
VM40:1 —————-
VM40:1 username:  a492b61b-fb07-4b3c-a4fd-fccd1fb92331
VM40:1 navigtor: Mozilla/5.0 (Windows NT 10.0; Win64; x64) AppleWebKit/537.36 (KHTML, like Gecko) Chrome/118.0.0.0 Safari/537.36
VM40:1 cookie: 
VM40:1 localStorage: {"dc3_auth_key":"\"19c19f3e24808f2f242e67ab0feadc4e1dbad2cd4352dad21fecb051e45d00005ac7bebf2e34ec7a93737c3da65277f8388dce5d7334f3c109dad803bc1b7df705cb0d1bbc0c6a3b9ac81f7f433b1950980e503a2e9088f882e254eade5a3a543b7fc2be336f338c7dfeea075d8ba94f5359ffd8228c617159ca672b08f8cf16ab238d286c814743083cf0131cf4b97bef9eedf3655b97b94345bff95d29484237b8ab26b873444668b1ebd480dd82e95b10a9adae2242278e9806c49150406334e639ed76878ad142854bf48d5076d5289262a38a3dfa0e9f78a27cd11ada40ca44c5d61d952ef90b03324a6f56bd17a743a9f50aab220370b8c64a7c781fcf\"","k_build":"418","dc5_server_salt":"\"7ccc584cb8d7b74b\"","dc3_server_salt":"\"7e5fc8dd661f88ce\"","user_auth":"{\"dcID\":2,\"date\":1698006616,\"id\":5809404983}","xt_instance":"{\"id\":13041251,\"idle\":true,\"time\":1698006626794}","dc":"2","dc4_auth_key":"\"611e2c5a951af926b20c13652cc389f616045c380d2177734dadfa961bba7cbed773fd287233ea65f424efa51c151bf6bec37fb7b950795e0c625a22958045a2f0cba7733926da7e1aa7218e4b1b0018971869d10cd75e94ff2262476fddb21bd577f9f3e8cf7845b42fd2f628ea4ae837b8fb38b4bf173906a9ec95f3428f50c2dc3d5aec2f061eada8c4e85ad5620ec115f5f5ba5a8d6c4376ce7835ccda693f8607714449ddddab801e8db776a1ebd3b9f437030428eea62670f5bcc8683d2423da8e310dddfdb5f98196af9a0fd07c9baeda5a280083272fb37b52b9552cd28ed36c26398d18ace2e8c68caa4f008e6608ae8d2e775a9844646e297463bd\"","":"","dc2_auth_key":"\"a802e4874eece398630c983340f3a88760dbb6b6097698c84608c3fe3a921f818b27fb9ea71ae65bd08d67553afff66dd31387873cab170c05d163a4e0a6317797e5ba50b0229f68b94c7d06c02c60b69cb34804b8d5db0529ced5fe3aa04a3d3caea179c488156d9be43ce9fbf2083615c5acaf76b54c262221eda0561c528d99724bcd1c71c8163ec6ce8aba0a566dec99779b255c570effcf4ee16b779e29dfd60e01462e836abda5b1be9591e0da535fd733fecf63f5c5d4fab598d86845d1499f4ff3ebd62739154313e67808bbb242f8ba7ce5291d2ad44dd4ff3aa62163fc20d02ae1cb3db435236ad00ae103c56ae0a14b979728dd82f44827593854\"","dc4_server_salt":"\"8eadd15086545dc2\"","tgme_sync":"{\"canRedirect\":true,\"ts\":1698006617}","server_time_offset":"0","dc2_server_salt":"\"623eb687fd29ad3a\"","state_id":"567943640","auth_key_fingerprint":"\"a802e487\"","dc1_auth_key":"\"061d012ef3fe308306599e98066fcbf75f9448129f4a30e8e5f4a62306c1fdf4a42f688808ede042bb316a35461b4b5f4f2c1f3726000ef3732bab776063e18c5da923250a10712fd4eca529a2244d6835e05f6b8005d2d20f36e6ebc7728c838a16da4badf5d529517099d6de1752d83993ded7974188166c69ff832900b8757f5933d102ea1c1086174eed11a222422120fcf4b23306ec10344d470f0e9981813782536f6a3673485c2488cea21d1ff8a06d5d48ea06dbaf058398f3ebdb023c163badf57fe52308d9dd21a0adef6b62b149e6d8a6f7a624fd9fd10157f46db82cb91d57a840c1ea2bf03caafd33337b16d18228d507dccbeec1ece1700123\"","dc1_server_salt":"\"f578b9c2389957be\"","dc5_auth_key":"\"62624dab41b3e1691a32b2a49756f8cbeac8afd806dee11b01f9e0b9815e2dc455eb498b59026cc2628fcc4c1215c9ef71e831a1a8d74f0369aaad6765b93b48e98577ec8313fc1e59d5de9ff7877649649cc9604b8f072b918884e467549bc4d78168c8d7db9fb993ba12836049e76095de39a8bf37837a9e7bad17847d1cc997e29a068112959b311bd3ff3ebc7f56acb5c3bdb154cdf1957d72be29036d0a22920479a2bb14b12ebd3d65899439c488352997f23ca51097b8959c653d407d5d1181e725b48d41ec01140453298ae5219597baa2c62efb0bdeadde693e883d2f2a60512d0b4831c3f6abb0f18299d541b763423287b3d1a19050e33ffdd729\"","tt-global-state":""}
VM40:1 —————-
undefined
