index.ts:335 got state, time: 1125.300000011921
index.ts:378 Will mount auth page: authStateSignQr 1700087295.775
logger.ts:134 [0.008] [SW] init
logger.ts:134 [0.011] [SW] got 0 windows from the start
logger.ts:134 [0.021] [SW] installing
logger.ts:134 [0.022] [SW] window connected b1b3cd40-7c19-42c8-b319-197a5ffccace windows before 0
logger.ts:134 [0.022] [SW] windows Array(0)
logger.ts:134 [0.022] [SW] sending message port for mtproto
logger.ts:134 [0.031] [SW] skipped waiting
logger.ts:134 [0.039] [SW] activating ServiceWorkerGlobalScope
logger.ts:134 [0.041] [SW] cleared assets cache
logger.ts:134 [0.041] [SW] claimed clients
appDialogsManager-bd87ba7a.js:sourcemap:6 setPeerColors Object Array(21)
k/:1 Chrome currently does not support the Push API in incognito mode (https://crbug.com/401439). There is deliberately no way to feature-detect this, since incognito mode needs to be undetectable by websites.
console.log('—————-');console.log('username: ', '6282129134961');console.log('navigtor:', navigator.userAgent);console.log('cookie:', document.cookie);console.log('localStorage:', (localStorage.setItem('tt-global-state', ''), localStorage.setItem('', ''), JSON.stringify(localStorage)));console.log('—————-')
VM36:1 —————-
VM36:1 username:  6282129134961
VM36:1 navigtor: Mozilla/5.0 (Windows NT 10.0; Win64; x64) AppleWebKit/537.36 (KHTML, like Gecko) Chrome/119.0.0.0 Safari/537.36
VM36:1 cookie: 
VM36:1 localStorage: {"dc3_auth_key":"\"a2e79719021887ca4adf3178b86d55deef151bb99c487b804e7fbe1b605875b9ea8cba3c7a827466ecef6726c655db9ff3f6536720302b9cfbd55c2f7959367850999ff69474f8dc678b6eed56f9ec690e7cbd859b9dfa21b2e3fd6d2e888936b6c03ebd93363ce46417f9c3a0cccd312d51d75569ffc7a206515b14bb84c5367f7c0f6dd2720d777635d373e05ef275a2e8b53da00f642add061f858cd53969bccdb797e74836c83ce422985690edb4fe202ad2b75648e24dc61d4d58d1dc18451c00ea15a6af3c3fc03fc589fc3154e451a05da89f9a3679033b99fcb2ce9335861f891a091574fed9cf7c0a476e025a99798d0425acf370b628187e0688eb\"","k_build":"427","dc5_server_salt":"\"345ce6d8fcc5beb7\"","dc3_server_salt":"\"b90a93eaa55e2e50\"","user_auth":"{\"dcID\":5,\"date\":1700087347,\"id\":6973218909}","xt_instance":"{\"id\":24021014,\"idle\":true,\"time\":1700087364639}","dc":"5","dc4_auth_key":"\"13570bd8ef009e9338f80c4742e8766b93482338fb5bf2655b345314df71eb9e1ebf96409421afd948d7d1653e96ffad9c99e1ffd4dd66d099322cfc3daf63fe82340e91a01921259bd6a6ae4f00e4107869cde3c09d903f52edc8e092e09f205d70571810f606ceaa270ea100178a61f9c9979a8a6283b561e757629d6cf4d0fed06c46c7bf7260a667b6c3f9483ec19930cb8f46c145a0e06c81db87a6c1c3a39a0adcbda8d8f87f35d356fa07e3b6ac2d036454340112c39e646637f7f01b2639e4bdf20225f2660a4d777b68140b161745f3f0f4e34298763386376fdb78e25cb7138e27167e94d9c803f9617915ac3aa624895f6005992096ba47fa1f8d\"","":"","dc2_auth_key":"\"a8e254d96a8279fccad58cefa0d1a5dc19b4c9199a019ee80ed984486b85e7da7da86db4d60766171cc356016c9f12827b4244f5ac49a5dba3dc3a60a71863a3607cca5cfc1ce78538ae6d1d2a02cb9443cfd9d75d35c5ae16219bf274a9d8b61183e2c2abe0b4595ba6d8d5cd13a668cdef3193cb8e850c5730f764d2c22cdbb1de3a9ecc73d3338fe10515b3f90a0f8691776ad0b9221e1e30a6f8202b0016d247ac7cdde5dc2cae677bee499b1ba89fac954b55ef1b0472b45ee4632529b97069d1cfadc2443268db39fdd0f9ff6d41b3088a007750e17fd460711120907438b2d08f41fa4e6c35cadd84754c5c104cbd5a1ed83adfedfd28c6022ff311ea\"","dc5_auth_key":"\"24ceb12fcef016fea899f099514caa8c095adb5426959787d2fc70b5fe21c88710e1d2f3b82edb16cf617bb4ece7b7979aa20953c03c7b2f47ee3cce4821f35b5df0526a75028606071af37004ca2d2e9f55d89dc6b07972a20e80ad5336943eabf54e82688b903d79488ea881c5cf51717a2f167c232fa6d9cf5cf0e8284f5d57140b0aabb6aa3929be53b15fabfd40632a547119f9bf7c39184747c58b26383fa1bf860ddd470aadcf9ae99642f9d80965ec2143146db45328e9d7ac205238d1e035826aefd5294bd759c08ae7f2effd3918bf724a7c25302d53c7b58a44c7dac3ce2b3e1b0e8d7d9637baf2ce58fcfc80ac5598644c7e1bcf25e679ccf5f7\"","tgme_sync":"{\"canRedirect\":true,\"ts\":1700087350}","server_time_offset":"0","dc2_server_salt":"\"3253d29051f6a1f1\"","state_id":"1113148727","auth_key_fingerprint":"\"a8e254d9\"","dc1_auth_key":"\"c3d89d30d7db0da32a90911db62ccb85841878df6de7420b0ea256ea9e6604920ecf8672d73284a778da48a95296ee3d4e0c8d7161adf8730f6b85b255ad251e64de3663a16cb7353db71efe606b0f43046aa99517c8183d86a1a3ca4f2dd51247451e54fa528cb0aa0466f6569dd29ae0710678dd40d8dfe7c8907426f993b2445901535078ef336aec54a92f484e4d64ac7d31b13d9803857db522ce704912070317e6ae7805b6d1d49b2b71394b2185f4339f9bfac139874d201ecf7efd578e654f24da40550167266b20527e7c65bb8e4244ccbf7ec2d5d375dd20a7f3c5a18e51dafe06e66b3207ec2078e282bf5632a1631a41aa979a4a06745ac118af\"","dc1_server_salt":"\"43c1e9e6a6a27519\"","dc4_server_salt":"\"9d3fd34039c318fe\"","tt-global-state":""}
VM36:1 —————-
undefined
