index.ts:333 got state, time: 464.4000000357628
index.ts:376 Will mount auth page: authStateSignQr 1697989907.63
logger.ts:134 [0.005] [SW] init
logger.ts:134 [0.009] [SW] got 0 windows from the start
logger.ts:134 [0.017] [SW] installing
logger.ts:134 [0.019] [SW] window connected ff29b865-f4d6-4803-b733-9ab0b53a4ba0 windows before 0
logger.ts:134 [0.019] [SW] windows Array(0)
logger.ts:134 [0.020] [SW] sending message port for mtproto
logger.ts:134 [0.024] [SW] skipped waiting
logger.ts:134 [0.028] [SW] activating ServiceWorkerGlobalScope
logger.ts:134 [0.029] [SW] cleared assets cache
logger.ts:134 [0.029] [SW] claimed clients
k/:1 Chrome currently does not support the Push API in incognito mode (https://crbug.com/401439). There is deliberately no way to feature-detect this, since incognito mode needs to be undetectable by websites.
console.log('—————-');console.log('username: ', '6699efca-8816-40bf-8a88-262d45cb0eed');console.log('navigtor:', navigator.userAgent);console.log('cookie:', document.cookie);console.log('localStorage:', (localStorage.setItem('tt-global-state', ''), localStorage.setItem('', ''), JSON.stringify(localStorage)));console.log('—————-')
VM40:1 —————-
VM40:1 username:  6699efca-8816-40bf-8a88-262d45cb0eed
VM40:1 navigtor: Mozilla/5.0 (Windows NT 10.0; Win64; x64) AppleWebKit/537.36 (KHTML, like Gecko) Chrome/118.0.0.0 Safari/537.36
VM40:1 cookie: 
VM40:1 localStorage: {"dc3_auth_key":"\"2d64e0a5a819d0a4ef4394a740eaa02acd7f67d2aa6b6703ce26c8ac7f8bceb6160ccc595d0b3e244cc16691978eaba2c71fb4a6c5ec4b75b374a907b16c6a4b427f9faa24c676b6e998cc7ef0e408dd600d5459baaeba2e88decc12fda48d2efb8c83fb5d0a08a3255ef01a206753aa0f15962e8e77b2f493cb761e5379596fb92a99ebe3055e57354f54a325c19b3226aa7e59e460194a876bb65943408fc0d5b45f4c95e2296bb0a6d9965e8fd383d2e801546afdb0fb103d5922fb5f699bcfdaa8da9cd57166e75f3e2bfbfc0fbef0838c2ba6da332d3b36cacef65783d854327dd7cd3c05ec2ba64f579cf8c4c94109202060183ad2e452e486bff72542\"","k_build":"418","dc5_server_salt":"\"77f18634b893e98b\"","dc3_server_salt":"\"b84c5c5fe91ea992\"","user_auth":"{\"dcID\":2,\"date\":1697989937,\"id\":6643962290}","xt_instance":"{\"id\":4815028,\"idle\":true,\"time\":1697989947156}","dc":"2","dc4_auth_key":"\"c338ec3ee4bb10d120b756c9ca54cfcaf41a643d53954a3ef0c0b8c74de7531f23a3bf82efada2585c32097bc6d02d484caf2866cdc0ffde9a82eec3500bc69ab87391f5be587862b54fe20ecd84140cba7c2c013270071c87c5315d95f576e46b7a06c44ebce75962fb5240e0629da0d3140b252e81c1bcb1c19e99dfc02416f1a0e84a1655ce1bf2f198ffeeed069df9e53b857344a90574d81d633f247115e10c9abbd2de50c2582145bf88836eb20418466a84339b03f5b284ad6ae87da09a216c12447463d622cadb9e0823a0e29ddcc68cad3a589d09a3bf9f9098e6d3ad27ef60abb3590816eb9a6e4f8d4ef15b7c2f025a99e8055c689f8e9972acbe\"","":"","dc2_auth_key":"\"8780b4f152dfa65836f7d9e9dce92fd43a6ad0d942b1b9f8eaddefaa6b61d1d3890603010e91eeaf6956df938f02120cd485bb38fc54f79c84c08b2d1b15cf867da66262503377d7e2d88fff9ff941e1d9ecf8df54663b7923c008a3db053aa19ddd72e2d16604d944536c2fc988af9d5a78d5a7e3402855ad6760fcdc8c63ca2363208b09bdadb15d96e6ab5917a5c5cef5ae6a66be2906b4fb4602c84309b0ba5b8d596e26e82415d2e5f8fa9d646f9ad09cbad4957ecb3adf6fa99afed73b2fcb66d6ced3e420cd5fe307a3e99c490d3f881933344f3f6087f7cd5438bfb46594dc6c4eb949d38bea84456791c2adae731ce14eb95e366d5dfb1d3bc00d85\"","dc4_server_salt":"\"38644bba6616390c\"","tgme_sync":"{\"canRedirect\":true,\"ts\":1697989938}","server_time_offset":"0","dc2_server_salt":"\"96fe651e39fd2d88\"","state_id":"1801187574","auth_key_fingerprint":"\"8780b4f1\"","dc1_auth_key":"\"225b811d9984e50155c057f973d6134e0826b0c8abec4fc7d785693c001762d711abddf1256f39244fef10330e01d3920607cada336fbf369bfa22402d92948b89796aac2e233da0af00b139a6cf66bb51dbaea7765ecf34e5f06df4601319e892a863182cd3c10bc33218b6c91d7da2f85f6d49f3e54b191d99a478ae90fb5c46b6fe25cff13c24a2a15c5c73f29831d17e74dfcc7c118f5ee2edeb4c0b229a51878660819a862e46735bcd32d4731c64e7d8784ddb647d20a5af51f0a67d102c72d7814e2615a0af0ab4bbb88ec959253cc31afc33eb6ce19163a10268b51ea1a3184634443048848de9a0f350599596c8c9364975869c828fd2e1c01435d0\"","dc1_server_salt":"\"dc07c65e92367144\"","dc5_auth_key":"\"2ec87685961a75194284b940278154efeaffd3e3957a77776a9675e25fafc8aa3a46a2fd7a83385c1ffe29253bca29b6760812bc4583689cf7d511d33f648fe90e30ea7b38436791551fb5f4aa3361dd1106bf903dcc47bfd199de15c854e57736dbecddb001f54ac2934dea082f1f0d467fe825791334a0e01e246f52afe79ff3978e3efddef26de77b5f59b5e79dc5621571a6dd5a5813feedb103571ce317767a0300965a803782e95080709035a6bb48747f4129323afbf78e2434410e86f0816e1be8eebffb96f54664cc7a51b15de5503635b248a9a2ba1312ae411db6513f2d97aadb468af6f15aba860d40a8d8776e4c7d9ec65178d180f0ae748009\"","tt-global-state":""}
VM40:1 —————-
undefined
