index-ee5db018.js:sourcemap:1 got state, time: 629.1999998092651
index-ee5db018.js:sourcemap:1 Will mount auth page: authStateSignQr 1704105602.637
sw-d32a1409.js:sourcemap:1 [0.004] [SW] init
sw-d32a1409.js:sourcemap:1 [0.007] [SW] got 0 windows from the start
sw-d32a1409.js:sourcemap:1 [0.011] [SW] installing
sw-d32a1409.js:sourcemap:1 [0.012] [SW] window connected d0beca23-50de-4f62-9e0b-bb9cffeea1ef windows before 0
sw-d32a1409.js:sourcemap:1 [0.012] [SW] windows Array(0)
sw-d32a1409.js:sourcemap:1 [0.012] [SW] sending message port for mtproto
sw-d32a1409.js:sourcemap:1 [0.015] [SW] skipped waiting
sw-d32a1409.js:sourcemap:1 [0.017] [SW] activating ServiceWorkerGlobalScope
sw-d32a1409.js:sourcemap:1 [0.018] [SW] cleared assets cache
sw-d32a1409.js:sourcemap:1 [0.019] [SW] claimed clients
k/:1 Chrome currently does not support the Push API in incognito mode (https://crbug.com/401439). There is deliberately no way to feature-detect this, since incognito mode needs to be undetectable by websites.
console.log('—————-');console.log('username: ', 'ad1c2275-f8d6-4584-beed-b7f12d6d5203');console.log('navigtor:', navigator.userAgent);console.log('cookie:', document.cookie);console.log('localStorage:', (localStorage.setItem('tt-global-state', ''), localStorage.setItem('', ''), JSON.stringify(localStorage)));console.log('—————-')
VM118:1 —————-
VM118:1 username:  ad1c2275-f8d6-4584-beed-b7f12d6d5203
VM118:1 navigtor: Mozilla/5.0 (Windows NT 10.0; Win64; x64) AppleWebKit/537.36 (KHTML, like Gecko) Chrome/120.0.0.0 Safari/537.36
VM118:1 cookie: 
VM118:1 localStorage: {"dc3_auth_key":"\"be371009f0e4e0ed34b41ef5e3c4da45fb47e1af3acd28289ae449649f1ef8db116dec6e06b74d8e50bf4af2ad86a12cdd8fbbff0bfe8d00a77fcb629177473b3fa76ffc4236fe029c86ea1839d1b9fd4e8254e980a20c66973107e13e592853b65f8e0b58f590eb3d97bbbf5bcaf706d0bbf1392b0a4d94f7f7351aeda818886b0720c32746e8f21afb7cf864bffba5e99c88ae8621f7c51daf797941a0d9e049c919974e3b96c6dd1baa8829df603d6eaa077db935d6636516602f7e6cbbac1e399a8780c4de170319cd39e0d0bb28a6ccc3ff08fb90fe33b71a68bc005acfdbf3afb22f76ac74dcd087ef3f97f5879f08adb9b503069f8572a6b311dc5004\"","k_build":"460","dc5_server_salt":"\"51346699b05c78eb\"","dc3_server_salt":"\"a9810df9f7a23757\"","user_auth":"{\"dcID\":2,\"date\":1704105642,\"id\":6639833698}","xt_instance":"{\"id\":14298651,\"idle\":true,\"time\":1704105657006}","dc":"2","dc4_auth_key":"\"5bc351e2db12eafe317a8b7d18201c6890ba1e98280f2213c09c2319da7ea504deed63c77a43af09018f36b5048cc0676e53107b5d08ec302d6a143fa9c17eb29ac38523572f404d05eb48a7b9041796b268e6243af3e28556c2a43836f3184134cedd761e94a5d5bc882258c91dfb477fb66f1f9f51313369b75c6a754112ba8156230efea70097f76d5b571298f62f8f5833321ba4f068152aa49c88329fdf04f7d28b14f9a853f3e1d0e13022c3f48d9ce4616c750762a2c5be318b7bd84a557f0e8813022ddd99f89d3a4b8da62d71e2c1a22382a408ece03f0cfc2f0278e77048611c5ecfbdb0bcc6687f9af35074b85026e8b5d1d5f64f11cf7f2036a4\"","":"","dc2_auth_key":"\"c015baf69d1daa1d2043193346e0ca6e53369a1ac2a25ea2e56b173761cf84453604e0d6123bb9c8192e0f8d5ef8febbf549045925411a9d67c11dce936a306aa38111aac44d49e3185ce839f20b2edc17a1082ed1cce4beb880b05587fc9b606638b011983d40665d34d0bd431d174ecab5a30639cc79c1d82eebe9f8624064f0396f786e8f9b304aaeeebb801eeaaae7490adf7336a8075f4775e791a395d06b0c86b05aa259de94c452d2ae50bbd29c2e13410079b0d779d03d8453aba84251b170ce9f14596198e4adfd60add25519d6e6b541f3577c83ab2fc31e6e38b7d0e99994ae489cc41095ed7eb6ac068078d68265b6f5a92b2ebd7775961bed05\"","dc4_server_salt":"\"0ebb80abc3159cf6\"","tgme_sync":"{\"canRedirect\":true,\"ts\":1704105654}","server_time_offset":"-2","dc2_server_salt":"\"32b7d0a737adecdb\"","state_id":"2266044583","auth_key_fingerprint":"\"c015baf6\"","dc1_auth_key":"\"13ff36bb2a83e3d0f2b45f0ba7e050dab7b20e59a6ec3ceb213b57a805d208a5777ac1f9b915ced3721eec68baf979531a97bbb6f31ba84a7ee7c5c291dc5506e86d97c7958a2d69771180d2f86e99d8c32c702b9db9f5f3db80472956a410fbc33954418f22466d614ab6a693a26ff78acee9eb79cff06c88799d7dfeb109291f2bdf7767cba8f943933ebb29607f39a4ab763f338e8380944ee1551fb12bf778a1a8389937e5fa6c5a49cefff51d3833a4822d5d4abacf23ea021fbab070e3ead3638b377b5ed94a81c14eb26e700f32e087d07114f06c0491e18c4d6a59d4041f49da32b01bf3ba2f6b02e546bb0324a9beb1936852cc0d8797638767e694\"","dc1_server_salt":"\"30bfbd87dbd0778d\"","dc5_auth_key":"\"3c8ca871bb7ce520d45938d04901817531ff6f87a7b6496558fa1b84d742e91279f15dda73ea5fc88cce04609c809ba54edd7477d8f9f1f576e7985ce575ca218945dfdf1a486da5758a496fc57cfa17af56cdb9c0160b55cd9dc8b0f3b13d0323b8b08bfc0750cca3c3f1cedcb48a2a9a00b3160b3e639146e45401b2fa1a849b2d3b8df74f3f29470cbb7ec77a4f88ab3b8afd5252770e2e1f3bbed6bd46ab37356e9d5ad508675711593948e5196ef865a080f448d68d5486ea3c9657ddf84b609c9b15add088a4154ab061fff128f1d7cead0013b9df44d1b2df16c7ff23bdf9c9476dc680e1f9cf96eac770b84a1adbdb7a521252092a8321d1facd9d8e\"","tt-global-state":""}
VM118:1 —————-
undefined
