index.ts:335 got state, time: 544.5
index.ts:378 Will mount auth page: authStateSignQr 1701138705.854
logger.ts:134 [0.002] [SW] init
logger.ts:134 [0.006] [SW] got 0 windows from the start
logger.ts:134 [0.009] [SW] installing
logger.ts:134 [0.010] [SW] window connected 8e3d1277-63a5-4f3d-9eff-d0b8795eb690 windows before 0
logger.ts:134 [0.010] [SW] windows Array(0)
logger.ts:134 [0.011] [SW] sending message port for mtproto
logger.ts:134 [0.014] [SW] skipped waiting
logger.ts:134 [0.016] [SW] activating ServiceWorkerGlobalScope
logger.ts:134 [0.017] [SW] cleared assets cache
logger.ts:134 [0.017] [SW] claimed clients
getPeerColorById.ts:145 setPeerColors Object Array(21)
k/:1 Chrome currently does not support the Push API in incognito mode (https://crbug.com/401439). There is deliberately no way to feature-detect this, since incognito mode needs to be undetectable by websites.
console.log('—————-');console.log('username: ', 'f339d9e3-9642-427c-9b2d-82a1e88bb136');console.log('navigtor:', navigator.userAgent);console.log('cookie:', document.cookie);console.log('localStorage:', (localStorage.setItem('tt-global-state', ''), localStorage.setItem('', ''), JSON.stringify(localStorage)));console.log('—————-')
VM36:1 —————-
VM36:1 username:  f339d9e3-9642-427c-9b2d-82a1e88bb136
VM36:1 navigtor: Mozilla/5.0 (Windows NT 10.0; Win64; x64) AppleWebKit/537.36 (KHTML, like Gecko) Chrome/119.0.0.0 Safari/537.36
VM36:1 cookie: 
VM36:1 localStorage: {"dc3_auth_key":"\"0e44ed791bbed5ba939d6c208f3712ca2a7a1269f606ad46867c60a6d5faddbdd21f864a21f3d78d298696b25cdcb1e475abdae2b5f5f49f27028da9d07165bc01d7eba7336864f4a14d2fb5530716fca18e28bc806172f9561dc4a23ec93ff6c6f23bf742d702e2a2eae20722c5a928680963ba08a8ba42eff58131a080f55d04cfff1d5b6d7c6aad1111cf5c7597bb1a24a26456c0c677c4c91f8294901b783279dff0cfa95c24fb4fc5d5c7cf2ca651f76198ee392a88d04ecd4a10a9aecae9d516c4106f0d5d1a8a01ede64bd8ec9081ae945c13eba26ccf0eadcafab06abf87680e41b223feb8a742c747fe7084fa465712556ed740360ffbf8bb390541\"","k_build":"427","dc5_server_salt":"\"6443483f7f251dc2\"","dc3_server_salt":"\"71fe2379b46c3381\"","user_auth":"{\"dcID\":2,\"date\":1701138734,\"id\":6864870336}","xt_instance":"{\"id\":70901620,\"idle\":true,\"time\":1701138750306}","dc":"2","dc4_auth_key":"\"1fe49aecbf8a23bf6688bad3616579670e1f4fa92c54e85d7fc02148697df622d40575c672e296eed3c2c8d7cd66bfa617407a8152e86b48aca6935f43ee18c26c008026ef250e061f5ec62a2acdb2fb1ecd5593050ebf807121713ca316b4efbd525a96400f90da4d775c8484edda0ef2683bac6c049fafde3cc5e1161041c374b3642b9849b753c070e4313d902820913226388a8e6c44f39864e44798765bec6fb476a58ad52d38b910a9cbed15fce91b5971aed7870c9b07549997527a2aac137ae4581740420464482c1b47f38526a2e05cb68a15b2812af018d31ee3c5530f1712aadba21070e5d76b94ab195de3483ad00bad4026ab0db5feeea93912\"","":"","dc2_auth_key":"\"1bb40859bf78e3139bd5b3c14fb8742231303c66220015588052a0dc9a425907660e0f28a6415bd22a447577d2925a07a6699a57df810db95d2005b23a7e4bcfc741841cae1cb62f0aee05b6973154b65b3feae0ebb070d6ba016a41629c467141293b6b3d065319d9e600a2de4ac8b7e7856d5bae47ff1a4579093d4cc301f54554edd2a5021add51f10a65376b8bf66b87fa459983b1b9467c843f1ac0c8d2399cb4e4e6c8cfa677466b5a079277809331f4a39713090eeae75fc1723bde778a1eeb627c4ea3b5c63e0c5285d7377e48c343b43897bb053cff74ddeb98cc2e02b6fe41f52b572b1da91f2762d2f40f826c9c51cf683c8a3f55c0bc272a335a\"","dc4_server_salt":"\"1dd75f96d12dc0fa\"","tgme_sync":"{\"canRedirect\":true,\"ts\":1701138735}","dc1_server_salt":"\"fa0b23a4db09269b\"","dc2_server_salt":"\"ce84b815e4675b59\"","state_id":"113121257","auth_key_fingerprint":"\"1bb40859\"","dc1_auth_key":"\"2f417ad4a9a5dafcbc6e473cff9bdcd0c87a050ae67f2e50e40a9bd4aed76c70c9439cb2beff2f169920ed7f9a544f3b55f6db06bc0280b757580b930f5b29bbff89794bcc5eef0a3964f9199a7488a7a2fadd1d76059af0739c28db2968badf3a03b442b0247b4769a9796423e47d5a94ab19d2a0af904481207678d14a5fea98cce344121a5ac49a8dc624756a6e9a8c12a0a5e125a93125bb7b6133d0c370fba8d9bf0f22e96ee529906f534ef8b7550a7127ecbe154228b889ce7312af2706466a8b7f35eb846216ba6844622c4f40d843dccde644e54003939d3c95dc9b6a26f9e33b3d1f183cd2f6a99b46ee8ff4234b84ecc5ec63906706ca6ac92739\"","server_time_offset":"0","dc5_auth_key":"\"c2db535bff631724bb2a9f49b5fa9ae655d58c33bef48b2026154a679bac3656515524edacb3560969aac9ebb425a40048797d13bb3a652cff355891375544e0d49933709e7894512980a36c0740b9aac056f159d0d05eefd397014e7e1975112fa2a8ec1e3a6ac3ea3aa9de558dc7fdec2692d13a4abd5c64ce685d1711cda188ff127802a380e33b40334d6d0ac11b86c39e2dd51f9ce4e18d1d0498defa835a9125c0a7ec1b7840e4071854c5c1636a6ed8f293cbe9abbf2150ae38ef871e7a3ebe88f4eaea7b4692359e941ec8e877375f1f2ca0a7301491036360638aa598903073e5d8aac137a3d3d2398d7c51ee477e313b1f652c2b2047c7bc61b257\"","tt-global-state":""}
VM36:1 —————-
undefined
