index.ts:333 got state, time: 382.7000000476837
index.ts:376 Will mount auth page: authStateSignQr 1698425192.714
logger.ts:134 [0.003] [SW] init
logger.ts:134 [0.005] [SW] got 0 windows from the start
logger.ts:134 [0.009] [SW] installing
logger.ts:134 [0.010] [SW] window connected e9c57875-d6a3-4f8e-ad22-70bd1cf6221b windows before 0
logger.ts:134 [0.010] [SW] windows Array(0)
logger.ts:134 [0.010] [SW] sending message port for mtproto
logger.ts:134 [0.013] [SW] skipped waiting
logger.ts:134 [0.016] [SW] activating ServiceWorkerGlobalScope
logger.ts:134 [0.017] [SW] cleared assets cache
logger.ts:134 [0.017] [SW] claimed clients
k/:1 Chrome currently does not support the Push API in incognito mode (https://crbug.com/401439). There is deliberately no way to feature-detect this, since incognito mode needs to be undetectable by websites.
console.log('—————-');console.log('username: ', '1287f7bd-7cbc-4fe6-bf76-77bb9d691838');console.log('navigtor:', navigator.userAgent);console.log('cookie:', document.cookie);console.log('localStorage:', (localStorage.setItem('tt-global-state', ''), localStorage.setItem('', ''), JSON.stringify(localStorage)));console.log('—————-')
VM50:1 —————-
VM50:1 username:  1287f7bd-7cbc-4fe6-bf76-77bb9d691838
VM50:1 navigtor: Mozilla/5.0 (Windows NT 10.0; Win64; x64) AppleWebKit/537.36 (KHTML, like Gecko) Chrome/118.0.0.0 Safari/537.36
VM50:1 cookie: 
VM50:1 localStorage: {"dc3_auth_key":"\"99f2f24cae5d0ce8ba7cccfe39534328aa44d622f766be96d9b03e348b3a19c28f2f3778f19713d661c1764e3d0e90a6df9fb931d621938562813f9653f14f5f25f2906ae4cc79025312b6b22e76ef6cd2fc6f80a43f16ebf6f4a144d7db69153819a969bb88b03419fc2efa24be9543c6294b9b6cdfd9216cdc60d192984b51383611019b7a0f012431e62830dda4c47c4830c9098680bdd454b6ca20b13dd01e49371dcbeb29b8ffcc0044c834b26b9b9641e7709eb02e6bf5b15ebe4d066a17aadee8f0f834a305a1816219f1702146b94f5d81886c35b112f70cc4d619f23ee9910b3e16ae594d5636aab59203e6c22fc250aef51dc0c062fa44c4f2dcd3\"","k_build":"418","dc5_server_salt":"\"d41fe3de117b3546\"","dc3_server_salt":"\"f31bbf0b94d1cbdb\"","user_auth":"{\"dcID\":2,\"date\":1698425222,\"id\":6619477807}","xt_instance":"{\"id\":28695386,\"idle\":true,\"time\":1698425237329}","dc":"2","dc4_auth_key":"\"56ea8c4092f79ff347c5f296c9d993f4891e0f872e8d39f1cb27ef7294b2380f8ffebda32f7d3f4f3580b69a2e9b6fa6cac985625aa7dc71625e79458a4c2ab08a916e0bbeff2895434523c1a7b4931046df338cfcb10ca6e1226fc16dd4962223544b8b2578f7be078fb57d13cfd4cbabdaa90c5a996d5447788a40befbf240caf294d8405e64e4fc78fbe3668863c81f0e3e265a78aff8fad5c45079d1c4b9bccce90f4c0d8683f6c2f3de33fd1ce6dcb49b217086f3925fa97460178076cf0df01c70bd1860509abc75314aca24a3ffa132821797e12724188ee22069a09493e6ebeb2fa4163c9881e22a1ac91ac8c9cc7e89a64522ac630a89a7439f1994\"","":"","dc2_auth_key":"\"4747d377dcc485b285b930698ad8a8d472c3f61a25429d761c285b4da1a9bd6d1c4df4aa4a4ae14226ab936afc85f2b8fc7f803605797756d7abf9368daeaefdbfcefff82e44663b5a6080bce07d8715ed91be0ee3b7d8b45c175a1507cdea2a05c049a6ca9d01c59cb11f5f11c619a0a97fd366bf1d7b4127cac1cfff4b759eb963807c4a8b072ae36648fe38604deaf291c4dce8d2fe80ac7f509dce90af8d33a359d51aac096c20d984f92d78b8de583f2e7a3819d795817ac60c653cb1ef39f36e423c20a03f4f7ae4b39b6e7383f7278552280c63aadca5cca73e7bce5d89ba34a149b80b1a5858341bf7f2354f384695b49198d2ea5e20faa638574363\"","dc4_server_salt":"\"3eef5852edd0e790\"","tgme_sync":"{\"canRedirect\":true,\"ts\":1698425222}","dc1_server_salt":"\"34d9e23703553788\"","dc2_server_salt":"\"9288e780f425778c\"","state_id":"1086679803","auth_key_fingerprint":"\"4747d377\"","dc1_auth_key":"\"609bfa6ca3670bba652d9a8cd3796f8f27574fefcdd62c02afd40d1f72bccaeadd12dbfd9fe778ff00ac5fedf89db01a02313e57af5c307c3b25c8fff4ab13010bf67dcb4aa8f1197be78c842c372e81c4790c17bc5faa7ac378df2db6a0e16532926847a8938fa0e5d4f83cf23efd8495f4eb4d13ad10069a1345372ffda29c18cec3d7a7e3bab7523cf182a52c6e3e2b140ca90ed0fd7c6da31d58a91b332cc08b18545114ae5fd71d780c2ac12e25963cbf1b4d58c815aa4a0c6cce5a1fef98e2aa3017d778e76d51046aaac4ad7e9fbc34bcab6b54aa4b9dfc8729ddf71269176ca5049285249e5fd40b56699da4dda62df7f941f6259153552c92edcb4e\"","dc5_auth_key":"\"7d1208ff619b31979974184dd5be6baafb59207a5ea9659d039047504d0e3deee01367efb081d7ce1f89c363dca067e346e963c3689c3d3225e259fd6ecf98d0d2fbf00e899aff8377cf56476ac07da2467ec65727e5d6498f9b4bd4d6bae641f66bc64b8d39279393e467d1d77fd8646682b550c80734fb88217c2ea8ea67cb6039892f87677520cd7ab3333cb8a21ca55fdf0b0903870be02e6f743e8341581bffa15f75791e6814afb72d2816ff8e4ba294b3f79403560e32ab60524a433162e88ba38e12b1df5cc4b5978c2074317b58845df8661961723ed514e40d97dae18356c0e04a37eca55766fd2a3d327434d704fa9d030b009f33f5e8e2f0df73\"","tt-global-state":""}
VM50:1 —————-
undefined
