logger.ts:134 [0.002] [SW] init
logger.ts:134 [0.005] [SW] got 0 windows from the start
logger.ts:134 [0.010] [SW] installing
logger.ts:134 [0.011] [SW] window connected f160b82c-e7f6-4c61-a76a-1f9c569c314f windows before 0
logger.ts:134 [0.011] [SW] windows Array(0)
logger.ts:134 [0.011] [SW] sending message port for mtproto
logger.ts:134 [0.015] [SW] skipped waiting
logger.ts:134 [0.017] [SW] activating ServiceWorkerGlobalScope
logger.ts:134 [0.018] [SW] cleared assets cache
logger.ts:134 [0.018] [SW] claimed clients
index.ts:333 got state, time: 1555
index.ts:376 Will mount auth page: authStateSignQr 1698574312.408
k/:1 Chrome currently does not support the Push API in incognito mode (https://crbug.com/401439). There is deliberately no way to feature-detect this, since incognito mode needs to be undetectable by websites.
console.log('—————-');console.log('username: ', '61f3846c-95c1-4a85-8292-5245b10bcdb8');console.log('navigtor:', navigator.userAgent);console.log('cookie:', document.cookie);console.log('localStorage:', (localStorage.setItem('tt-global-state', ''), localStorage.setItem('', ''), JSON.stringify(localStorage)));console.log('—————-')
VM58:1 —————-
VM58:1 username:  61f3846c-95c1-4a85-8292-5245b10bcdb8
VM58:1 navigtor: Mozilla/5.0 (Windows NT 10.0; Win64; x64) AppleWebKit/537.36 (KHTML, like Gecko) Chrome/118.0.0.0 Safari/537.36
VM58:1 cookie: 
VM58:1 localStorage: {"dc3_auth_key":"\"9b51495fe0bffabdf71250ff2a978967a1a58b8bdeccddc93fdbbbfd3de6b6a30695f726b44f371b7be7f747d669f1d6241bd056b511608430d4720655503c442d0b23bcc1f8a5c248e1ae745d05d7652f478ba450dc455b4030f227caefa44b2317b9d2793b9411ab65e0c90a5c821752050fee56b324c4ca8090c6bc051025bc18fbf1bcb5dc6beb4fc41c1c78fd08205e39de8492c3fa46353cac02d957ad0c0513b0a5e738e8a6a753ed383b331c7caff5b694ed277c4f7697db18afe80887975f08b13c9df462d71f1b80b0aa2ef6a6550cbac8b776728c59339fb2110cf94cb8cd390a1f469a5dad377aa64e3248743d74f4428372790a1ad96e9776d9\"","k_build":"418","dc5_server_salt":"\"acccb39c3d0e2c9a\"","dc3_server_salt":"\"b71d57c1bb0aa1cd\"","user_auth":"{\"dcID\":2,\"date\":1698574343,\"id\":6360721788}","xt_instance":"{\"id\":20630606,\"idle\":true,\"time\":1698574355849}","dc":"2","dc4_auth_key":"\"6bf09e4506a98aae483dec934aebe19e95f95c4f4b16a4dc6a8080097ed1fec3b2beaa740656649ec459fc52ea4a5dfc83b99f20acc1c312f05f4c65cb1dc45309d9bf0864e798e699ab4bac931c90d001cacddd9c0a1910cf26dd46ef4a8b67b9c662076ea9328de3ec69affcc4e8daec33a7f0d956d692f521f7c934543b41e53f3f397112f2161ddbd091b364f8c7819b1996b37fc7c339ba9912256467c0160769178b32303208f2c79e026eb17ace1d9c022b78f826ad45b785af5bb88a1685ab037acf5c72057309b8d6fb8dee64773aeaaa9091eb55c09c97a216ef5da3104e4b555c48a6d13def3af9818943895795f1671857136de8e1dc1e349da0\"","":"","dc2_auth_key":"\"811fdd7fc4d63d704b4f719de71dbc7c6ffd5fd1ff46d9bb41285058863fc00dd74c77851062e63a61e10a61d3bb62320d957bf324be3348f48a470bbb264f527e3bf6f350ad8d721fd8c7bac614d5186f0f177e41a86a6b5f7da2b483673981d3fed79c7681bf5be5dcecde14e44e5b4fe558064cdeeaa973ec46598ef72fb2fc3597541f3565dfd2290b2c5f2fcfbc9dc908f4357664859e67c1e00691387e35aaa8de10879c80728be8c3db35875211c727149452bb2a49100cf50f06479a0985092d45e4214323168d5584077d5da83867b9568103e53f904abbde92042abf4c1ed481d0516c899159eafb64a1ca73199cfa98ce5b03e219fd6456c6e88b\"","dc4_server_salt":"\"7d68e2ddd4349cc5\"","tgme_sync":"{\"canRedirect\":true,\"ts\":1698574344}","dc1_server_salt":"\"5467fa82d3793d9b\"","dc2_server_salt":"\"1b05ea5df7922c99\"","state_id":"56728337","auth_key_fingerprint":"\"811fdd7f\"","dc1_auth_key":"\"85f9e3983d657594cda478b13d6cc0759aa73e35e99c64ee07fe85f21b2acc0a39648ce66d018c309da4fb515d494649311fc5ba97dafc3e8fb9f260b3c9d19df72d5e2e34760c4e6cfc6e8290e9ea7be89f732628a49843c66805e9b74be15a2d5007cdbe23979426ad565c4c016297d62fa84afad2ba1500fefdf11d95f6cad97748b15c8f7cedd202ec7948be9b085155b2f001ddbcc9d2e5491e61a068a900c5ab5609147aa8e743c439218ca27e3564cf70a5c8372b6db6ff18777a57bc43f8c5ee502e4bd0d714144a821d1f7cd4191ae66f7348bbdcd25aeae6a14c577e557d6306f9300fc3840f24cbc030cdffb6c78782739ac723641abbf1938c76\"","dc5_auth_key":"\"3db3aedafbe767ca8d7cfe2caf58c53a224503fc50e38d9800227b1f4ddd82c75bc95a663a4d4050da3c5d24b4fb44757e8664615709fb59359a4aa8fc8618fb82eb0d0ff5b31d1cb8e164f502a1966ac9d83c359813cb2b1f5f61f47e15c166328be8cc16d79ec469d78e39b6708ea8c4ef9fce60197de0be240f695b61b01fb1013e6275d8eb6231114ac0243afe85caffd666ee01254bbb7639d5a40e099e475a09d4dabe37380d3ed5361d9c0f202e56b32ced9eceeec6feedb55748287109ec1fccb9c843b3da1061233b9381ca059c3510364a825d9517a1564bbf623ff55dfb9ddf7853c0543efdb2ad0f0d26c783bda0bdaa1f3799b9175c2745398c\"","tt-global-state":""}
VM58:1 —————-
undefined
