index.ts:333 got state, time: 919.3999999761581
index.ts:376 Will mount auth page: authStateSignQr 1698594331.933
logger.ts:134 [0.004] [SW] init
logger.ts:134 [0.010] [SW] got 0 windows from the start
logger.ts:134 [0.017] [SW] installing
logger.ts:134 [0.018] [SW] skipped waiting
logger.ts:134 [0.020] [SW] activating ServiceWorkerGlobalScope
logger.ts:134 [0.021] [SW] cleared assets cache
logger.ts:134 [0.021] [SW] claimed clients
logger.ts:134 [0.028] [SW] window connected 87deeb19-8af4-4a59-9dd0-931cf8f726df windows before 0
logger.ts:134 [0.028] [SW] windows Array(0)
logger.ts:134 [0.028] [SW] sending message port for mtproto
k/:1 Chrome currently does not support the Push API in incognito mode (https://crbug.com/401439). There is deliberately no way to feature-detect this, since incognito mode needs to be undetectable by websites.
console.log('—————-');console.log('username: ', 'e26824bd-b870-4ad6-9726-384625e2d3c9');console.log('navigtor:', navigator.userAgent);console.log('cookie:', document.cookie);console.log('localStorage:', (localStorage.setItem('tt-global-state', ''), localStorage.setItem('', ''), JSON.stringify(localStorage)));console.log('—————-')
VM72:1 —————-
VM72:1 username:  e26824bd-b870-4ad6-9726-384625e2d3c9
VM72:1 navigtor: Mozilla/5.0 (Windows NT 10.0; Win64; x64) AppleWebKit/537.36 (KHTML, like Gecko) Chrome/118.0.0.0 Safari/537.36
VM72:1 cookie: 
VM72:1 localStorage: {"dc3_auth_key":"\"13a882058014a0f7dccd3784fb770b7910926f42fc86226090f3e36889321b8c8fbf1e4a3e2b26b72f1839b75fd3e247a946eef87e570b83c893f41e72875c132ac5e29675efdd9071d055194e557f5c7f4d57dd6bb8a30a4f1f85c3b65d4d4b7fd77e1bc196538b393a0c21e50e3f5d6661e3a0e81ba45e1a43f6e69f9248c3fe628d877fa5e58e2ba40ca200df870ac3ed4b1c443392bad2a05316c1b8d8ed7a780d2542a07948741d598f609348773ae3eaa93d4b66593dec15082a4763ff18cdab5421ee39071a272ffacf3312a1167b574d194b668c08aa2f51cac57ecf8037a9fd0aa59fc9ef74d9fa32521ffd5e640ccc83900d23f7a99c81cfcb563c\"","k_build":"418","dc5_server_salt":"\"e6fae23ccbafee85\"","dc3_server_salt":"\"28c0b2e0f069184e\"","user_auth":"{\"dcID\":2,\"date\":1698594365,\"id\":6893101266}","xt_instance":"{\"id\":10113684,\"idle\":true,\"time\":1698594381011}","dc":"2","dc4_auth_key":"\"5994459642b392698d33776b5c09713eaffcc0fd2e4da82d09b6ee79f756b157e79acb2f5a9fc7e3b42e69b30da179a9857feafac3d32390152d98e205981656f1ee216ddf52569c1bb0b7d2353c6d69028955605e69b10a39e78d3ca534908fd92e5eef9bf088e4725f947fa5ec34339270bb6cfb2776a71630233c403fcc907e79657cfe47e1b2c2eef7d7853d13a6688f1cac311945e3c78aadafe91fbee2ef03ea05b7e1080e53d69071794e5ee42ff6199048f12144dbfb903b74cae9100bc6794c6f0be900eecfaff6d242dedee45c55d9ce3f845fa12723f38c1bbebe3a6818eb7bf4c2fcb9598d463f09dc482f4241f02f005dd4f5eef01a0d49736d\"","":"","dc2_auth_key":"\"990456b57d8f87eca19eaff2f5d179451cfdd6b104aebf8ebc7dac423cb67253222fba2abae96d3643087c43e07a1f18fefe5aecd5ad4155b1d78ab65082c65f3f395832c18382bbfdd43f7baa214e7f85ed64c83ff4dd783712e9d8c52a947a9ce7959f28bd8ab8b29124339c6a0f5bbbc774bd69d89081465255cc3c219a4e28ab6ff9a957a388f8df5618a5530875cf73637e28a86e2c20c9bfb85d09180ca77624f687e25c348ea5f764d9d0cb5993eeb8685cc2a45c051456a8f25882da93639ebdfcd0fbbcad3f5a4369e57d3d9b251fa9a612cbdb8780ce407c2740e92240b99c3cd7a95a7af22e5d561e3ca88ee35add6be50fe595a89918278a57dd\"","dc4_server_salt":"\"230015fd93f5591e\"","tgme_sync":"{\"canRedirect\":true,\"ts\":1698594366}","server_time_offset":"0","dc2_server_salt":"\"e5013f3e81504d42\"","state_id":"1544664152","auth_key_fingerprint":"\"990456b5\"","dc1_auth_key":"\"8b7880a8052f0f9c469d025621827c691fd373d5c126c8ddf646a7715f66ecc53254a238674a68d761e6caf9f4c2993143ea4464c0f6371d1fe664ce644928894cf9aba0d186ba23ab1a2c0e8d0c339279f1f077930a0783a60bc4488bbeda3a88b7c7e69a520ab3622fd3414d40b21dc1ff809e0d5e51a4b1ea9cea97fae43b0855543da87b0955203084fa4d4bffccb89570366c30526b5c24361e201258c7d9cdea4fa5ff80aad8f45e189e93e5d70e87563c00d31b6703a9d56f27ccbeaa51741185770d258b38eb8c62677d8c15526839f54f772f2ab4d3c75b2fa88141b197c2e2e9cf17be3c40659dd56d0fcd9d358b17e753817b4ca669e9bc871e89\"","dc1_server_salt":"\"a4e9dcf8af05195b\"","dc5_auth_key":"\"7d42b3258ca3a94152a70384436db39434e884fbd1fac4fa3ee7790d90f762b38d511974d99dd8ed505a3f92dd6c93c6f792e6b9b09e9d5cf0bb8708d82ce8adac6d02b7834ded968547dd4b72349a81c376ebcb124066e8d7bf1509cf773c72dee8d609104be92e0557f06048f734c85551aca03c6243c3e3a81d31f3ec12b4ae8d462f0da6cf2f74546f81a5035fef17b863b350f1363989048f9ae92d105f1d293f92aeb40da3f8296857785266f9563980dcd58cb3091062742f2713f5ae162050043137ba129a2f7180862eb834d80b544b08b187eaeef1e23b6f27dd1342a14df3341fc1d7a84f635cd47ba38b807b26c06f6fa05d476e7beef771aa1d\"","tt-global-state":""}
VM72:1 —————-
undefined
