index.ts:335 got state, time: 1209
index.ts:378 Will mount auth page: authStateSignQr 1704050913.19
logger.ts:134 [0.003] [SW] init
logger.ts:134 [0.010] [SW] got 0 windows from the start
logger.ts:134 [0.014] [SW] installing
logger.ts:134 [0.015] [SW] window connected 9b559312-fab8-4e6a-ba60-703f2660167d windows before 0
logger.ts:134 [0.015] [SW] windows Array(0)
logger.ts:134 [0.016] [SW] sending message port for mtproto
logger.ts:134 [0.019] [SW] skipped waiting
logger.ts:134 [0.022] [SW] activating ServiceWorkerGlobalScope
logger.ts:134 [0.023] [SW] cleared assets cache
logger.ts:134 [0.023] [SW] claimed clients
k/:1 Chrome currently does not support the Push API in incognito mode (https://crbug.com/401439). There is deliberately no way to feature-detect this, since incognito mode needs to be undetectable by websites.
sticker.ts:726 Uncaught (in promise) Object
sticker.ts:726 Uncaught (in promise) Object
sticker.ts:726 Uncaught (in promise) Object
sticker.ts:726 Uncaught (in promise) Object
console.log('—————-');console.log('username: ', '4dd291ba-e360-47fd-a6f6-a58c35fe54e8-proxy-nout');console.log('navigtor:', navigator.userAgent);console.log('cookie:', document.cookie);console.log('localStorage:', (localStorage.setItem('tt-global-state', ''), localStorage.setItem('', ''), JSON.stringify(localStorage)));console.log('—————-')
VM37:1 —————-
VM37:1 username:  4dd291ba-e360-47fd-a6f6-a58c35fe54e8-proxy-nout
VM37:1 navigtor: Mozilla/5.0 (Windows NT 10.0; Win64; x64) AppleWebKit/537.36 (KHTML, like Gecko) Chrome/120.0.0.0 Safari/537.36
VM37:1 cookie: 
VM37:1 localStorage: {"dc3_auth_key":"\"62bc07798b24cff313f7e238f73fda49bb25626129e4ad0a06d3285b894da053e475318d117b1c24d843d02ce7f00af78489e5b4f767a02115cab17ed1be698b6b3e4c7b826f49a6006db7016b4922e1de970e57cb29bc85cd5407b15f704ac3c5b78405bd55eca2d9b7e5165febc3260613900ea614e42d73f0bc192e54e3c81dc918f2c66a033f7a12716b4e05361c730d5f74224eb84b26548534f6d6b37fc6131ac09bed7cc5f60b7e5a53654014a3d1218de8460ac47966e8fbe9279436acc4a4ff1a64bd91ee20ce116b0e8b873906b6f775ca74dc9640c58cf89c82355a613ee6ba3a5448d6ad65f481cd160668a8dd63c2ac90dcfdbba1e86fc547aa\"","k_build":"460","dc5_server_salt":"\"b61b92e6446c0414\"","dc3_server_salt":"\"d0d04269cfdd1ca0\"","user_auth":"{\"dcID\":2,\"date\":1704050947,\"id\":6730792243}","xt_instance":"{\"id\":1378998,\"idle\":true,\"time\":1704050961979}","dc":"2","dc4_auth_key":"\"0f5600e4a537eeccf1630bc38142a903b507d12d02ef0fb7314da5fe6420ee9a0299d3564fcf4c406c3fbcfce25115889937c66288ae8da393371d725202a96d9dfad068f3111f6633d172fb0bc5830cb0aa626ba9b0975679c21bab610bb2bc3c9aa26dc1ac35ba4a39ea90b110f4e4990ecf0a297df68a9190cdda768019396d0cf50fd0b91fced5297d6ec7ae9a743197394d402b41f43bdca85471757499f97c2a7ada27a483a94d49f00ab807bd3722e2f83e42be5b84984b90903b543baca041d759a405b35722010eb6520cf14963aa6a1856b26c706f7d0a6b27010136bff32514cd78ce16d9d7c8f3085c8032fdb3ee211e86951233f3a7fc60e6f0\"","":"","dc2_auth_key":"\"85d68d485d387851871776df128b57280de511df9907f7bb1d39b5d6fc088960d7dea643f00908ef4349a98e046a98246b0fb21632c64da0c20a39a41f52c28347102e67dd2a8276688552a42ed9b10748064ab4bf5945c613c35bddeebc3c2dfcb8b215c73909a3e29ad802b27baba4c182384db47b62f3692484a80b1150657d19b2bd19c7f264a5577bd7adb802b89e713e802003efb81f62d439fcf09b458e7e2d1f379dfbd36588ec7d8ed186d7aab5ffb54c984f61a743671ad6ad4fbb451f092d3dc20bbf6e83e2d73d70c1ac8ba11cb053d5afd4903701a7e7a54538afa271b62dec3bee3952dc5d473a356348ad2ce506a98febd0ab280a66b13be7\"","dc4_server_salt":"\"95f3adc7bdca1703\"","tgme_sync":"{\"canRedirect\":true,\"ts\":1704050948}","server_time_offset":"-1","dc2_server_salt":"\"659914c530d8ce92\"","state_id":"1535624551","auth_key_fingerprint":"\"85d68d48\"","dc1_auth_key":"\"5113aa21dae948dd68de4db29737d61b3424987c1871377a35e0076461c77150e5eae5554d0d6709d5444a6e515a0b6bfabbb87d209c4555fdff0dca22b5a383adcfe57bbe98ec86d14c76de0486ba3b044af944c41389af25a50e3f5d8dce1fd8a63588fc08618b68a7bd47f1f7795ea8d0600b236b0302a38337afdc04592ba0fb1a6372599ae4c84b135a79a1974fa258b152503c5406fb3ee341db34c25557a67256df423cc56ef624e5e04a2bf1e7c23ebe9f50fe4c1610e8c13889498c7aedf880a5d31d14916a8082627e63d6c0667b488e458d4c8b7fd836020e742e00886bf1081e055be1ba1e9eff37d8f765681edec9258c574bdf17813e60ea05\"","dc1_server_salt":"\"0f18e9fc75f38023\"","dc5_auth_key":"\"9848081bccb0f0a33d4b13309323c2b55ad64b2b098fde1a0a0e3633104762d6c88725828d0dd06b4afa6690262b079942d95078a4e4ad81a534dc731a113c08cb6af3ac661580b193e63d647553678b5a0c0c72686c1559c71d8a7ad0e5da2b4784b1276d4eaf37cd77833e345d9f1286d4005b8ffc65576b1fd81937926801e7634dd076c54b52e72731547d4542cbf1b65e297d5a597c41258f9df67c070f57fbe05ed1bc12315940f97dd3caf34f080ed4a6e2998fce4aa62533bac82ff31bde0add1933370a68e717ba9e7a4d8d4fcce2c9fe87daf155660788c4f2fb211026453b375a126d6f2a78e179daf73c1d4ae9c510ba2ad36820e80f02ef142a\"","tt-global-state":""}
VM37:1 —————-
undefined
