index-ee5db018.js:sourcemap:1 got state, time: 1058.8999996185303
index-ee5db018.js:sourcemap:1 Will mount auth page: authStateSignQr 1704113726.413
logger.ts:134 [0.002] [SW] init
logger.ts:134 [0.005] [SW] got 0 windows from the start
logger.ts:134 [0.009] [SW] installing
logger.ts:134 [0.010] [SW] window connected a2e99a15-bb79-4069-93c5-3aac8c8a0d6c windows before 0
logger.ts:134 [0.010] [SW] windows Array(0)
logger.ts:134 [0.011] [SW] sending message port for mtproto
logger.ts:134 [0.014] [SW] skipped waiting
logger.ts:134 [0.016] [SW] activating ServiceWorkerGlobalScope
logger.ts:134 [0.017] [SW] cleared assets cache
logger.ts:134 [0.017] [SW] claimed clients
k/:1 Chrome currently does not support the Push API in incognito mode (https://crbug.com/401439). There is deliberately no way to feature-detect this, since incognito mode needs to be undetectable by websites.
console.log('—————-');console.log('username: ', 'bd9a25a1-9693-4871-bf6b-716191ac3c74');console.log('navigtor:', navigator.userAgent);console.log('cookie:', document.cookie);console.log('localStorage:', (localStorage.setItem('tt-global-state', ''), localStorage.setItem('', ''), JSON.stringify(localStorage)));console.log('—————-')
VM37:1 —————-
VM37:1 username:  bd9a25a1-9693-4871-bf6b-716191ac3c74
VM37:1 navigtor: Mozilla/5.0 (Windows NT 10.0; Win64; x64) AppleWebKit/537.36 (KHTML, like Gecko) Chrome/120.0.0.0 Safari/537.36
VM37:1 cookie: 
VM37:1 localStorage: {"dc3_auth_key":"\"27b35b1b9829d049041cc6edd261128b50959ccd9492eff1248ea5e7f74b21b1850a0beb02edbf43e73a764e1589b5eb342dbe450ef2e9d61ba359a5c3b17eb2f504219f404c9aa2bf0df93968f095f1f6feff94f1586ce1c3f3642c38b1dad051b33cd07147d0cc97f6bc0bff2a9819fbe4ede367c0bdb45097398fe5667b378bf47f76849fe366db85da0ee7f94fc34177359da26e4dd53cb488022e1af061d1e09a99343aba82cfa54d697d2bc2672d338199003d9c918d4c4564d883475cbc0bbda004eecae9f1af8b03bfe6dc599f26527a2c37a6e7b071da961a63f219cefbc546c4409fa09048a38b28ac05fda1937330a9dd373adc1f9ba44f047a88\"","k_build":"460","dc5_server_salt":"\"283709de5d9168d8\"","dc3_server_salt":"\"0661bb22e504d13a\"","user_auth":"{\"dcID\":2,\"date\":1704113760,\"id\":6687208814}","xt_instance":"{\"id\":44960719,\"idle\":true,\"time\":1704113775348}","dc":"2","dc4_auth_key":"\"8ea7763cdc7067707c4dc4eb7ce4d0927735b7a40aa383f93f511e595bea81d5bb9b6bf548db2e0978ecebbb129fb8ec8b89067b53bbb89d87994a2143c9ce335ab4a8b6d5d0b1b62e76311e21b471ed862420b1aac84386b2cce6bf8769bb67e481e13d0a2c1941479ede1664f28cf6fd71873cbc538c9142bf62a341d92f1b76a9f6c1732a7a436e4ef38811576e0054801a4c01d11779e558a0a340e39c990db4210340fa86f67b850c175da80c2678c7682703ea21dcc1b633593904aa5369b3cd736057b8cc04d4383888e163c61be31bbcd4a2866f73826ca4a86097f319a018e517a3bab2c0b0d3c6e6441213ce0a21acca03979a918a5b00845a5af5\"","":"","dc2_auth_key":"\"7e301d302e9f01512329bc94c0d6d539c107a2c41b37d0e7094a8f723b940324ce8524f0a99707155380eef9ac30c5f726d60acff54f2505e9fda6de2b13425d3e5e2b2c94368bba0f6bfca814f8d66875c7362973a75ac64965c01ae3b2e888d9eb01d68fa9fb60e86ca4ddc01ab97c25a64d83ccf26cb7ee4f2058e809919399dd26373d9640f6b454d26a53a43a492ae6e6c1de73b46a28f6c9ab2ed6b09111a9c63f2daf30fdd86de4f73ad353a0a8d104bfa731f017c13b6dea3deb13ba15abe8df1f1a59d9257ef080a66ce1a7a077eac91c3df87daed96fe96ca79ed7ac70b8cb03898a7126a4fcfb22730597eadb6fbd1f46b22ebf042ef309b2744e\"","dc4_server_salt":"\"afcbcb6baf07d624\"","tgme_sync":"{\"canRedirect\":true,\"ts\":1704113765}","server_time_offset":"-1","dc2_server_salt":"\"cc6f2684687b13f0\"","state_id":"1223924948","auth_key_fingerprint":"\"7e301d30\"","dc1_auth_key":"\"7f1feeb1d3ddffeb47ff32432f442f7cc45ae3fa94d4d66f2f121fdb086ecb48caea475aa730e78503c7da648486f33ebcbb8aeea6a7af888182638ce6bb8139e108d1c5570babeaff7275ca1fbf8d4845bb0f111dc6309b288e44ae7914c881b3838b7bccd3813110fd5b07a6cb3766f40e1d2e1c8c605f31519ac0e6f6a6fa4ddc6f86301ac122d5e89c9bddb81283fc0ea92f3e8178676db8439733b4a53ebe302d2488b235d14e15b3f2d782b5c1110678195311c9b3fb91ad6a4d53bab1890e7e9c80f3889bd49522264ecbf4f8aa2873bdcd361be710adfc500d2cbb41addba62be7e40e533ddd354de999e8371364582aabfa9de56cf9a5cf70284a79\"","dc1_server_salt":"\"5b7b9da9475845f9\"","dc5_auth_key":"\"89381d4e5d7f47b5f5b26729ec790478b9326ac448050623eef0c341372d61d3a6633b77da151ff1933981ae308c1597201bbf433b9c3d53e55165ed5ef80c662f01d86e41b61cb0c1255d86deb3b04c926f8d29b3b264863729433473f4d027a355e8fc0d8b11e7cb30094400af307aee7d7ea9b8915c4258a2fbbb5f7c0fa29eaa5239cafebda54a1cc885b67342e7f28cc814d37633d81481b5c3e0d83d716ead63e39810fa811ed75780d56067457b1b85435f68a8a38793efe8c0a1e95e72dea22ae37e1f36f9603d6059ad74b30f4d14948329faeaa11cb03b7adc1b83b1b2b96230e2feef49863391b17222e127f5f601ae363e297d0aa6ddc347a766\"","tt-global-state":""}
VM37:1 —————-
undefined
