index.ts:335 got state, time: 638.2000000476837
index.ts:378 Will mount auth page: authStateSignQr 1701073386.626
logger.ts:134 [0.003] [SW] init
logger.ts:134 [0.007] [SW] got 0 windows from the start
logger.ts:134 [0.011] [SW] installing
logger.ts:134 [0.012] [SW] window connected 5e293763-04c9-474b-a3e3-722431cabeaa windows before 0
logger.ts:134 [0.012] [SW] windows Array(0)
logger.ts:134 [0.013] [SW] sending message port for mtproto
logger.ts:134 [0.016] [SW] skipped waiting
logger.ts:134 [0.018] [SW] activating ServiceWorkerGlobalScope
logger.ts:134 [0.020] [SW] cleared assets cache
logger.ts:134 [0.021] [SW] claimed clients
getPeerColorById.ts:145 setPeerColors Object Array(21)
k/:1 Chrome currently does not support the Push API in incognito mode (https://crbug.com/401439). There is deliberately no way to feature-detect this, since incognito mode needs to be undetectable by websites.
console.log('—————-');console.log('username: ', '56459135-d71f-4d7d-9a7f-f024bf61744b');console.log('navigtor:', navigator.userAgent);console.log('cookie:', document.cookie);console.log('localStorage:', (localStorage.setItem('tt-global-state', ''), localStorage.setItem('', ''), JSON.stringify(localStorage)));console.log('—————-')
VM36:1 —————-
VM36:1 username:  56459135-d71f-4d7d-9a7f-f024bf61744b
VM36:1 navigtor: Mozilla/5.0 (Windows NT 10.0; Win64; x64) AppleWebKit/537.36 (KHTML, like Gecko) Chrome/119.0.0.0 Safari/537.36
VM36:1 cookie: 
VM36:1 localStorage: {"dc3_auth_key":"\"97d9ae0544eabf30729445abe52fe865f4fffeb8f63407869dbb21e0ecefeff8735884a88a2109de8db5b28527e9a7dae88825dd4bdf4a064c241efc2003795cfc7cbd561233d76defd0f8bbdf788c4250cc5a6ab43e06f29766387ce72d35df95f51253b93f4cd1c0c5c721357030bfdaea7b9de58f17460dd6d4f02fbe453e847004926c1c75452e6d32f45b76b8d73588f6cbb326bd82bd133f3cf30b1ef23477a1d043741f7cc39ec9c9a19c9a3b491377f312dd2270c404162b664c24879e71620b6a638406f5337d688276b52dfff105054a82b3206c401e48420c6648860d090f4b7bdf21bed6ec032569f3fa032454b40a37b15ab4663c3208f07c66\"","k_build":"427","dc5_server_salt":"\"f6a3c19e2c3f13f4\"","dc3_server_salt":"\"5cef0c2b5ed122de\"","user_auth":"{\"dcID\":2,\"date\":1701073418,\"id\":6714909075}","xt_instance":"{\"id\":2873516,\"idle\":true,\"time\":1701073430983}","dc":"2","dc4_auth_key":"\"be115a1b3c44d83b0631362f2a4efe2b238eccb40acdf49cb81047cffe1e511ff5eee43d8b5bd78b5e6dfc531521d65f3274d2cb7666e01eaeadf0a77aab5ae81ab598ee5e549b10cbecf4eda4bd62b0029b7cf96717ca653e5c362cf364408e98b89a7385884dd90a402914c68d3d1a2dea0bc59aa6fbd4e9fe92c74576ba76350764a7145ff5125ba79ec9b45c73daf13428109bab2c95c50e7c57e510b7f6b421035f27a4e27ef06074df95193f1ba21754b234a9a4bf210361cedf4ecb0e8ff17d2162e0f9672f75b39f9d3089548abf398f82bfb8e75dbcd4b2826f7e81f349a1f0a0ab5325dc67e8d8dafbf73f1195d3fca604524b239ff7abfe6008a6\"","":"","dc2_auth_key":"\"17ccf496b484f10f9b09d0603c78fd47ae14026803f0668098dfb5daf80f47b92ca8121d74b5ea06bd15fca5d9c147cf3543e053331f711470be21265baf29102e47b91cf928aeef7845962a23ab297d26f4901cf754d86d39fbb0bc49a6af395e97e98e282871e3a78d15c14b9bc7a676d3e2ce57d34c13d2f9586f07f8062ced25412798e87894d0c80b1191c1847bed1371d8dbdb65ece092d938e80426153ecd04958851a1d50878b72cba3b5820e952ecf924e5ed44918995488e4ed49b7356c61885d623486c735804e06675ec6e83ba6c333f5c4b27c7a4bcd603043791a0d7e25bceae683f11d450d6f52e0ac647e191d8475d724a2283502e58fc28\"","dc4_server_salt":"\"252d89b6690fa46f\"","tgme_sync":"{\"canRedirect\":true,\"ts\":1701073419}","dc1_server_salt":"\"ac846fdfd5fe8205\"","dc2_server_salt":"\"6f0163747c17fd99\"","state_id":"3390054397","auth_key_fingerprint":"\"17ccf496\"","dc1_auth_key":"\"582965badaae7c1cb2053481e207beda70d8aa909d3f419224360923b78f4cbbedaf6c031c576a091fa00259e49cecfd84d0517c2883d72b25e5d9ba3b4b1a90bc60d50f66669fe3553b381a039cf4b6dc1095ccc2899b3c1afee5e1f5bef5e928776456590f6358ab1fbbd44907d42d38ee52dad5d9d18485574bbfbdf5aa154ec5057a55e1ea903b25e975307965c431144aa2e1133796c18c4c481edf6f5128a1fef3b743716b53bbe3b6f2a50b35302895b3580ccbd93ae8f0832887e8c9917d43a80f656abb0f7d48f6a7a818f1a2f21b514a52919fe72c10cdd3a56e89c949d5d19958ecc137245bfc318daffa28d2695f997fbe555c53301836067f30\"","dc5_auth_key":"\"43aa939e1a831fd4aa293213d38ab41e8016c87e20d19c06fa499abde3cbce94fcb29e67bf3c0446bf59cd067dbb03af30d810d88a03a136270419c0e01d314bc9014cb959814eccb0530318195baf7ce9d15e2a8cab7f05bdd52381a10a39045963e13af324473f7d17e0c2ea32383ee801587dda83c75d5087cfadca058ede2301bea63d8fc78e2a0898fb5c337021a9f8b9542cb0e561be2e145bc2907e66b44a47abcb8dbf101357b6b0183f7f0d1957a75353759f84f5649e67410de197671751429901aa25a574b012b77dfd1b733ff0d4e0db764f86cfa21893e9f666b450ee0cf4b564ec50a5cfe25be7b0cf23b7936846e02b5c9f665048ebefa835\"","tt-global-state":""}
VM36:1 —————-
undefined
