index.ts:333 got state, time: 9822.899999976158
index.ts:376 Will mount auth page: authStateSignQr 1696608372.214
logger.ts:134 [0.002] [SW] init
logger.ts:134 [0.004] [SW] got 1 windows from the start
logger.ts:134 [0.004] [SW] window connected de728ffe-1727-46db-832c-e2aadeab7574 windows before 0
logger.ts:134 [0.004] [SW] windows Array(0)
logger.ts:134 [0.004] [SW] sending message port for mtproto
superMessagePort.ts:379 Uncaught (in promise) TypeError: Cannot read properties of undefined (reading 'id')
    at Go.updateMyOnlineStatus (/k/mtproto.worker-017fd0e6.js:4:307893)
    at /k/mtproto.worker-017fd0e6.js:4:771074
    at qe (/k/mtproto.worker-017fd0e6.js:1:32918)
    at Object.callback (/k/mtproto.worker-017fd0e6.js:4:771042)
    at Ee.invokeListenerCallback (/k/mtproto.worker-017fd0e6.js:1:2930)
    at Object.processInvokeTask [as invoke] (/k/mtproto.worker-017fd0e6.js:1:6955)
    at Ee.onMessage (/k/mtproto.worker-017fd0e6.js:1:5543)
    at /k/mtproto.worker-017fd0e6.js:1:6433
    at Array.forEach (<anonymous>)
    at Object.processBatchTask [as batch] (/k/mtproto.worker-017fd0e6.js:1:6407)
web.telegram.org/:1 Chrome currently does not support the Push API in incognito mode (https://crbug.com/401439). There is deliberately no way to feature-detect this, since incognito mode needs to be undetectable by websites.
appDialogsManager-d08043ec.js:sourcemap:23 loadPromises are still pending? Object
(anonymous) @ appDialogsManager-d08043ec.js:sourcemap:23
console.log('—————-');console.log('navigtor:', navigator.userAgent);console.log('cookie:', document.cookie);console.log('localStorage:', (localStorage.setItem('tt-global-state', ''), localStorage.setItem('', ''), JSON.stringify(localStorage)));console.log('—————-')
VM53:1 —————-
VM53:1 navigtor: Mozilla/5.0 (Windows NT 10.0; Win64; x64) AppleWebKit/537.36 (KHTML, like Gecko) Chrome/117.0.0.0 Safari/537.36
VM53:1 cookie: 
VM53:1 localStorage: {"dc3_auth_key":"\"c210870f7c53d45b456dd78bb37aa8fb09c423f7aa10469acb4a9447ef0d1139b576298b698ccee79f511ded54aeffdf90efaac75b04f931719a47f55c634d36d531c23b76d71f6988cdca09ad4d75084168f1476b080a00210acd99736bcf6a761460289391e5e2838b36d12a89c1e4204e1ba9fcd084daf9590a861a20b852452b8405ba82807eb0a38af9381efa667ca3fa1ccc83c6d9626ab06fb5deced5dc60222fb5cd81df133aa8a26549df30f705f9bf76ef5eae8dc6df9c0bffde3955cccd9193cf9885b2207050bd415f538f763eec346214202c33c8f876a0b305c4da499d13607f86e273afb05013eea1cbe6633d61114ca3e576f64a56654c6e\"","k_build":"418","dc5_server_salt":"\"ef6225e367881b36\"","dc3_server_salt":"\"4611a0d7401f92de\"","user_auth":"{\"dcID\":2,\"date\":1696608821,\"id\":6322585003}","xt_instance":"{\"id\":10322024,\"idle\":true,\"time\":1696608857547}","dc":"2","dc4_auth_key":"\"0bdf5630d94d67e13d4f730c34c3ba8a45a29701346e4579b2a27c5c6fa84d1245f60e2a79d735643010df9ed44f15c5e023a7c09f694c34d61dadf919ebe9f1f86282cb25df3e46ec095bc49779fd1a0a03cc61512e2bc7f98e2e6611dcda985d87c657662082067529a233c2cc509cf07f890bca878354f48cd13dc9dc7f1f460a07ce0138105d0c933e9a6d03d3dde3d7bed3b35d5386bf49c961ea7acbf6f30b4605f334e35c7107f4b7452a38b3d3759e2bcea79c7571a1ba0fe55d8e476a57ba2c0b3482a09a198b7a9faeed94d90eca0969b5acb10c3ebbdda79e8525d129b06e42775b6e12c42c52738c1543601e0436800b3f5a49f11990ce625030\"","":"","dc2_auth_key":"\"88755ad75133a7e82da003bd569e8151b2b832a232d79fce0e0e7d7b806129802044628d7b02bd0c751a12d25d04637271fb647856b2179855d2163b6fb5f6229e8603989678f3a3e8211d16e0b35c3ef8c702c2e8729b9cc1ac40588b15561e642d3b77b6662c20982f17adf1085cbd6e9a7bc049fd18028847cf1be7fe13ca389ee110e6ab2c5aaaf47445c16876e2b4e919cadd394ddd420ff533c061632ef928542be8065af3e932c6aa7c8c96a8092b1dee974fed3d7e1809b252d6df43d2d49edabc9c4ec0a7682b3d10a78f38702fb279744436c136811cf85906fd7749f88401d1df01586e026f975297984b3a654f94d142af5ae62a3267e59224df\"","dc4_server_salt":"\"8a30c2374a92e9ab\"","tgme_sync":"{\"canRedirect\":true,\"ts\":1696608834}","server_time_offset":"-1","dc2_server_salt":"\"988ddc287460a891\"","state_id":"1074435374","auth_key_fingerprint":"\"88755ad7\"","dc1_auth_key":"\"6fdacf1a1681a2129f3203df41ca793f6b4237d0eb2f522f6bb98965f367901dfc3574fefa201851fdb30fb7f73e7ef6b40ce8cf6dbb5adc144e61090f86d83cc2e6f66eaf0c4a2cf126f7c3333badd0ecac33c1635478bcf32047caf28c44e8fe9afa3d1cee6294cdfadec3777c0f540b764b59b21687d4e04323231c02f023aae3a5f3b7099e5ed54dda0f1940459d9c9b8b616c5df5b2e6225db71d6dc7e0390bab575fd6c733c759ec387afedb0a0bd3bd59cf25ca0b6a11b167ed548a7ad23bc61bf7ff93253b60bff57d6814eb18cdb9b781db84b2937ae223004f424e5ddf1eb4dc0c54514c86dc7913d83dec53aae25729ef0a0068d757a253951c63\"","dc1_server_salt":"\"18e994197a561344\"","dc5_auth_key":"\"1693a619c47cde778ee5ec65698fd064fed194ac7e757bc172e113bed833f7873f296404dddeac99a2e40524418af42196b3b3b063300b8dcfe2add4a8dfabfd64b0b342067e789eb1ef7108a3975ef0f7c4c08bea5700c9cbf801c1c8b3740c8f5ce1bb1ba1280692fe5c5e2ef4ad6503a224e4b67266ebbb79315378bdadb266ac3e555e11871d5232a8e86de4b1981333eea930c99d68fd011e251222f71c85935c486806b2d1b8e0c33b8443039bf3b1abb2df2db7f74d2d4d8d5f09df6abb3c1ec8952cf6258bd2ad87efd2104a54dd6fd752151682d87debe56748c44ad1776b05eee89a029a2e419ea57636ccc3246dbe5bb59fffaab07e4340fb8c15\"","tt-global-state":""}
VM53:1 —————-
undefined
