index.ts:335 got state, time: 640
index.ts:378 Will mount auth page: authStateSignQr 1701036155.087
logger.ts:134 [0.004] [SW] init
logger.ts:134 [0.007] [SW] got 0 windows from the start
logger.ts:134 [0.013] [SW] installing
logger.ts:134 [0.014] [SW] window connected e5a12815-425a-4769-a52c-8fe71e69e047 windows before 0
logger.ts:134 [0.014] [SW] windows Array(0)
logger.ts:134 [0.014] [SW] sending message port for mtproto
logger.ts:134 [0.025] [SW] skipped waiting
logger.ts:134 [0.029] [SW] activating ServiceWorkerGlobalScope
logger.ts:134 [0.030] [SW] cleared assets cache
logger.ts:134 [0.030] [SW] claimed clients
getPeerColorById.ts:145 setPeerColors Object Array(21)
k/:1 Chrome currently does not support the Push API in incognito mode (https://crbug.com/401439). There is deliberately no way to feature-detect this, since incognito mode needs to be undetectable by websites.
console.log('—————-');console.log('username: ', '01199785-753d-4b5c-8c57-7f125849cb77');console.log('navigtor:', navigator.userAgent);console.log('cookie:', document.cookie);console.log('localStorage:', (localStorage.setItem('tt-global-state', ''), localStorage.setItem('', ''), JSON.stringify(localStorage)));console.log('—————-')
VM36:1 —————-
VM36:1 username:  01199785-753d-4b5c-8c57-7f125849cb77
VM36:1 navigtor: Mozilla/5.0 (Windows NT 10.0; Win64; x64) AppleWebKit/537.36 (KHTML, like Gecko) Chrome/119.0.0.0 Safari/537.36
VM36:1 cookie: 
VM36:1 localStorage: {"dc3_auth_key":"\"b3ba8937570fb12f7f6d81b0e829138ddd8c32ed7f719d2b8680aa933f83c2f0753d052a63240e4a8ba1e61487ff6fb162e39e821c08d8c7100259026446b065719a7d3aa85c67784a5b593c0f675abaf8f61258d591e0f5c5ff6104a770503ede238b57b9ebc718c1b20cd9eceab6a3e09a0752041b11027e6166cf8ecff54f96637cef991a9e70c973701e1fd926ab6725a9a037b13ce45dd47292ad32482842cfe47b572c78508af96f60fc457e9b95639c0fe438bbf2c1ce4d9bee45c2b439450fa560d6f500f7a17c32bb6a682d2f91b114fa194fa29eaf971c4a2b3b5e45395eae8137c0fc81a8b3785833f869cec88c9cbf9737ff2437ac4de05b3c6e\"","k_build":"427","dc5_server_salt":"\"0ea90636a562099c\"","dc3_server_salt":"\"c157500d5f2bdcbc\"","user_auth":"{\"dcID\":2,\"date\":1701036187,\"id\":6866909982}","xt_instance":"{\"id\":20147533,\"idle\":true,\"time\":1701036199417}","dc":"2","dc4_auth_key":"\"68d7ee735ee5dc2454e34707399d8f2575fdbee82ea943836fa108bb4e20c2587626a170fa81381305d4725d2ff9799c64af79d2e4514a249b9a3963b6f029ffbb1e90339be60b232f3d560eed96e523428e3ff703714384b4ddf7bd49ec08ecae568950138861d40a8e3f10379bc0ac6420d283bf4b0946c558b6ddb0e083a171b0b2c419279cef6b38e0834cf828b2894276cc579be101e5f6737fef38653b0dac5b5fa4c82546de810130699822358f4022ebfa14082ee4646e4ee9ae112d9871220305c32dcfa3dd0edb9ccb824db93905c77ebec3dd50cccb92298af1ccafd293b8a082d1ce685a2f275d33511c65e4d8a76f9a17566869dcf1029e4532\"","":"","dc2_auth_key":"\"b08b3dcf937d64b2b8cf2d479e9bb1ac113efbd5296077cbcaa94f1b37ed749af21ad218e085edf8a8fbf5dfb9f3da06fa0be4a4d435679a46e5ad8eb44f5b8f082d47961d93e1fce8d0e531bf55d9f3f76b65dcc4ca2ad75008c30d1725e08dae9e7877128f826b32d65a4cd79c0adda4128377ea3326c74cc500c5e7575361f83ef3a2b79c9c603eb202f144e69dfda68c57965af1f6cff348ddb3288d26043ba489c497635e3f461c2672539093e88a9bc7537fc0d01de2f6020ef1317632a561acaa30a0d182b831794039ce301e02b8999d049aff8871e5123dfcdeed2557b0e1874ec904b0da1a66a71e8916c12ecb76d7625c9c1c4e8b4882dfd87c1c\"","dc4_server_salt":"\"5cea4c935e0ca331\"","tgme_sync":"{\"canRedirect\":true,\"ts\":1701036188}","server_time_offset":"0","dc2_server_salt":"\"95d876498930b80b\"","state_id":"2197059527","auth_key_fingerprint":"\"b08b3dcf\"","dc1_auth_key":"\"5d6f82662f69c27e51be93a1addbadeb9e329f7d2bc7a6b51e2b3258b672f8378b2a67710bd38760448805e7d2af2c776e0fffaa67d22d92369c8f741af88902521e531330440619673017e7b82792f2d5afbcfea519dc104f60ac3bf4d994ceb109d4b3ecbd2ecde22770256b43bb07d5c9094a2816347da467f8bb8b5c2984fecb1f3a4d0e3ff68079d2d655befaba86c5f873a1abc8e148e7403307f8d90e99b1b9c75ba46d24df2d9a6fe2d95bcfc6969208f43dd128d57e4a599b526c6669cb0114ac0c6a42b4e50cc4d68db59dbcf51c988f5beef122398ce0dee2d5fe8dc97f55a070c95079b970ce8c519b9ec26504206642820f95c8ab72b8e746ca\"","dc1_server_salt":"\"fc23dc1e01c3157c\"","dc5_auth_key":"\"73dc8d7108b4672791c2c70ffe21b0c17807fb95b609b426c5aaac04627fadabd5b79c500890115a534801ef8eee08cedbae13c4677594f365de8284f26bb40f314c9006835dce9d21dddb4e6612ca078fd604decf4d31b496ca9201d9cb7b30c4f740a5303001bd2d38b06adb6dc8b2772093447f0db2e45e99e6b72269a45cb9d73c281baa252f370d0c2a4bb0948196e70b4347ca5bc7dc2cdbadab63c969829d13f43ece4b496e06157ac37c1441de8d10026e68e957f5ba518c9840cfdb91733811414594f55572174210d2274a659d5cba07b44b211de26107f7203fc724d1bbfa47bd77142b68cd74da360737f5ef34c9f6366082fed99ffdd096f958\"","tt-global-state":""}
VM36:1 —————-
undefined
