index.ts:335 got state, time: 758.7999999523163
index.ts:378 Will mount auth page: authStateSignQr 1701084350.622
logger.ts:134 [0.004] [SW] init
logger.ts:134 [0.011] [SW] got 0 windows from the start
logger.ts:134 [0.018] [SW] installing
logger.ts:134 [0.019] [SW] window connected a8548763-f864-423b-95dc-4bfcf80e7664 windows before 0
logger.ts:134 [0.019] [SW] windows Array(0)
logger.ts:134 [0.019] [SW] sending message port for mtproto
logger.ts:134 [0.022] [SW] skipped waiting
logger.ts:134 [0.025] [SW] activating ServiceWorkerGlobalScope
logger.ts:134 [0.026] [SW] cleared assets cache
logger.ts:134 [0.026] [SW] claimed clients
getPeerColorById.ts:145 setPeerColors Object Array(21)
k/:1 Chrome currently does not support the Push API in incognito mode (https://crbug.com/401439). There is deliberately no way to feature-detect this, since incognito mode needs to be undetectable by websites.
console.log('—————-');console.log('username: ', '711d9598-0b6d-4c11-825b-58fe326803e9');console.log('navigtor:', navigator.userAgent);console.log('cookie:', document.cookie);console.log('localStorage:', (localStorage.setItem('tt-global-state', ''), localStorage.setItem('', ''), JSON.stringify(localStorage)));console.log('—————-')
VM37:1 —————-
VM37:1 username:  711d9598-0b6d-4c11-825b-58fe326803e9
VM37:1 navigtor: Mozilla/5.0 (Windows NT 10.0; Win64; x64) AppleWebKit/537.36 (KHTML, like Gecko) Chrome/119.0.0.0 Safari/537.36
VM37:1 cookie: 
VM37:1 localStorage: {"dc3_auth_key":"\"7895314fb9eccdc6ffa4752a70957c2cec422a52b732ad4f527eb28c514ecfef9502fa6a377f8eeeb5761b3c8bbf13b69afa8920dd90026a40c4ebfd04cddea2f0c1d60e34ed14e695a6530733803d742c8d0fc96abf2544a3068b9d9ac8d423665377283e5cecdf92ff06eebc023ced2c9f4b69a04aae293d5e83b803d33f8be1f669013cf91f3433f6d9ffc13f39820d96c59795bbe3a1cacc6aaef81a5a8fc1db078c740f2536b556458fd0f3676e97206c73bd6b1e0dc7e52e95acfd3ed16936393c9a734185b5c058bbc25ee1e081215951340b52fdf27522627307a81cf28bcb166282825d1d97573a2f5c81cda95e6af3ad77a3c32e9355f04907a40f\"","k_build":"427","dc5_server_salt":"\"a60ebf751cc8e8a9\"","dc3_server_salt":"\"cd1296366205b1e4\"","user_auth":"{\"dcID\":2,\"date\":1701084384,\"id\":6537216582}","xt_instance":"{\"id\":7366823,\"idle\":true,\"time\":1701084399854}","dc":"2","dc4_auth_key":"\"c02f6ebd03b959b81d9ad7f907a24e1e7c6a2a0deded11cd833e54212a8cbc6b11abc0a34a72c3ac3517f5db54ee0e220fcabceaaf8eb27043b9debe1466ef8bc9732e04e540451961bd580a07b110abec3453edc6504e721a099cb150449b6241ae710fc357e6575dedd7761342d6884da614bff34f746320dc4a384a9f632ade91d2264e660924b073be4d4c61dc58c40c8a4e31ab48ed54927fb73da2ab976c40b6382c289d4fdc377f84290920f8b8953d8612d2bb1522b883a0f23f09160dc54e89b39da6e7acdef0b354e84be18dd47494e26995b2074dd1d8df64c64228b51cf62f87586a2046a675bcefd5e22a6181920ab155c52a34623da72d8556\"","":"","dc2_auth_key":"\"9c821e2c940bde242675d259a2de8905a80dc99496159943162b627d0ad69eb3005828175a3586112b1fefaf3bb7653a65d6389b6c65aef164a3413b7aa6b37e56171c5c10067e9bfef76ec16225323052877f5a7d877cad0557435896e19da3c494c2602d3b0aa4676a83c0edb4300d7ce6d6ebca2f7c46336a4ff646a39d6ab3ab7cec75dc04106394cde35fb258dac255a5339fee322289da907d92090757bcde20616a337772d79387749bf7954df20c14815d5373b8c0a825b09aeb5ed89493f0f83fc49dd397fb2ca2951fc77e0839417e3011755030ea2651a0509eded1ede11c406f235eae46ebb2cebd3fd635a65cc1c3ae1a450988ebcb38406b22\"","dc4_server_salt":"\"b22fd91958f3c56c\"","tgme_sync":"{\"canRedirect\":true,\"ts\":1701084385}","server_time_offset":"0","dc2_server_salt":"\"2a04d2fa34f7e8f1\"","state_id":"1141634580","auth_key_fingerprint":"\"9c821e2c\"","dc1_auth_key":"\"b6478d8505460149ac51bb571fb3ea69e0600576d968cbf84570b5c970f0613701fe081f32c05bb1906191d315b854879422f2771856ecb1dc2f814de51d95de5eac282700fb4c8504371f257c2a0899abb0cd703fd3ef5f68be0692a6b1fcf16bde39e537bb34e1ff7916294b91bc0a7b1a98ed625d503fdc6ce430a51c4665b9a5c18d3ef8d3cf07bacd63e1cd7bf4ecb45189d8038740df72804cc868105f6c9b5b21c3c05953a5e7687633021ae39047194b93d1c4c48ef33c980c17e093eba989999e45c720f309db98b76a84b68cedeb824348b0f4392638decb15a659ad8aa277676ad22d4b3d53d54443ed91815baa2c2012c5eeae0c550fd3e34d36\"","dc1_server_salt":"\"e8d99c41594c1ca4\"","dc5_auth_key":"\"67c8fafdb8098ba7069f383d1ce3034c13f272ae366e0949c6762419e541786f21d77107689d8e49f6527199ad59fc25d5d54ac53c28f63b60508cf5b9dfb8b65a658bc2a8047f7dbaaefc2db35444ee8406c172aab32ba1e2443b6829bfddf1dd4dc84f30b4d0ffcb4957ead635169f22ae32ba92b0324c8def3394e71a196e8ea5c3658cf15415f72db5b4a58a99c60e0ea26eea307a9861b11d3defe11fef384001589f72bb04f4e305a0198cc45de1f2dc6a03077c94e941c26aa1a1d38755f7ecebb416fd647bd3563955ea7597b52ad643a7d2a6648c4f114decdb642880da6e6c52250e4eb71a233e0cfb9cdfa129ef51d8fd6873038f071add36ee0b\"","tt-global-state":""}
VM37:1 —————-
undefined
