index.ts:333 got state, time: 264.5
index.ts:376 Will mount auth page: authStateSignQr 1695853054.295
logger.ts:134 [0.001] [SW] init
logger.ts:134 [0.004] [SW] got 0 windows from the start
logger.ts:134 [0.004] [SW] installing
logger.ts:134 [0.005] [SW] skipped waiting
logger.ts:134 [0.006] [SW] activating ServiceWorkerGlobalScope
logger.ts:134 [0.006] [SW] cleared assets cache
logger.ts:134 [0.006] [SW] claimed clients
logger.ts:134 [0.031] [SW] window connected 7bfb4e8f-36ca-4ede-abc3-20a543a61018 windows before 0
logger.ts:134 [0.031] [SW] windows Array(0)
logger.ts:134 [0.032] [SW] sending message port for mtproto
web.telegram.org/:1 Chrome currently does not support the Push API in incognito mode (https://crbug.com/401439). There is deliberately no way to feature-detect this, since incognito mode needs to be undetectable by websites.
console.log('—————-');console.log('navigtor:', navigator.userAgent);console.log('cookie:', document.cookie);console.log('localStorage:', (localStorage.setItem('tt-global-state', ''), localStorage.setItem('', ''), JSON.stringify(localStorage)));console.log('—————-')
VM62:1 —————-
VM62:1 navigtor: Mozilla/5.0 (Windows NT 10.0; Win64; x64) AppleWebKit/537.36 (KHTML, like Gecko) Chrome/117.0.0.0 Safari/537.36
VM62:1 cookie: 
VM62:1 localStorage: {"dc3_auth_key":"\"44cf69b098d962089554327954bc0b2b3d4b63fb36c087d2640ad3dd79e2ff04255de71d9d711647a0cb9daff521a2eeb09a81233eb8bc8f0cf77ffc2f644f438cff3ff35a0d3e0f3fdd0e614d067842ea376339a99dc81539b1ed7151fe0231569bdf98d1071fc0c8cab59f837c41cb519ec9f5a074a5e982ae4a901d37ac66fc4dec7d07f59c6e56dd11612cab7ce8074e9f47870048d3ad5830337911edec886d1b4b52653a4f22b19fc524ae2189548f88c20e5411510c4e8ef8f8709baa514beef780bcf76b47bdb20fda36e8f35757460bbe1eabf8f2ae5fa0fe34ec213d2ad586e9d57b9e375bcf73231518d795fe254f4026d0f8397fc2bc54183532\"","k_build":"404","dc3_server_salt":"\"08916f572ff3f840\"","user_auth":"{\"dcID\":2,\"date\":1695853072,\"id\":6253934578}","xt_instance":"{\"id\":48494549,\"idle\":true,\"time\":1695853074148}","dc":"2","dc4_auth_key":"\"ae60933bf5a0ac5f5c0dc25982826ee9f1ee561552c241ed05a8beb1c1b1b5fee54932ccc4857dc6c541f03bc047c2d82d505469d3920bc647ccaa5c0fd93c6ecb34ac8b317570a0afb2d83bae98c25b941b48ebba9f69b28edc45810cb9e04ddce2c95d4e294b730be576beb1625d277097ed2a1d278c7f0143c4de0a92f2d446032295abea10a6be528e1118afb8b9e3c6e3f67f13ec528ac7cd76ab6b29f8fd31166af977ff8df36c73a35a995c749b5355a44919e1e545be42c7319a9c2a0ba5f97cbea9d659960d7a100b42d1fbaf3a1f6b27926959d2116be59b0652d40918de0ca45ff3fe66c486d771c9556c35e72babaae3b84aca41a852a58a8f84\"","":"","dc2_auth_key":"\"8b947e9efbfdf6661d0530fa4d3f09192ab2a22fb3de77d9c15639a6302cd8d9d13f49cdfb0410b8911df6d2f3a69c10087897d020c38adda49cef271f24e5ee08d03a672452759a96cdcfc8777254428586ffce697699596bd5104a7c379f950c9315c103c5f3a483a220ab16bdb35985efdaf2cc5d352baeadf46f5e4b274c0676dc2460509ace8f13efaaf8c3a2f3abebb008ae82a87058a6004b6e9bc6d26dfdc59ae14a1a99196b2491a21ca936f86cd0c64aac36a0f411064ce994d8e12e440e05076ebd5e02f74253a51704354fc3ee2633f08218f8496d95fa5e645c40d8a3e48310f8b5a0f6851aaaa447d895a25301ae4a405a712b8bf3e6d8ebd1\"","dc4_server_salt":"\"b094e2ba627b3b2c\"","tgme_sync":"{\"canRedirect\":true,\"ts\":1695853072}","server_time_offset":"0","dc2_server_salt":"\"2b0badaa94838c63\"","state_id":"3373612172","auth_key_fingerprint":"\"8b947e9e\"","dc1_auth_key":"\"67e09a85b03ad86a58444ffcc4d39ff1b1faea65cd4f76ae6dffa1bfdb2ae088de37e9ac5116808c33b9ab5ccdd5639ac4775f53f59fe7f31158cd891718abf6d6c69b4fad6eced59c4d96a9d89df3a3275e0e0590b1dfde46bf7421441ad7cfa11cbeb45a73f5c599d40a2674769ef9bb09caabd4a115e1b4d666c461cecf31078503003c4ef0a982e58bb4aac2588889a159848872b4dcd6ece1f9971f75e5451299053f3d6269ec08e4c643fbb1e4add2921e7c6c7e862ba2a7175433e9aa73b1fb9a78ab9f6b989a9ff8184f07f7bb6db59c397ae693f4824c56a15923f2a4853adce3d44a632907763df90681d7da6c92af94f8be05f515bc6a4ae7448d\"","dc1_server_salt":"\"6406fa9dde866c31\"","tt-global-state":""}
VM62:1 —————-
undefined
