index.ts:335 got state, time: 431.2000000476837
index.ts:378 Will mount auth page: authStateSignQr 1701116802.952
logger.ts:134 [0.004] [SW] init
logger.ts:134 [0.008] [SW] got 0 windows from the start
logger.ts:134 [0.013] [SW] installing
logger.ts:134 [0.014] [SW] window connected 2903fa3a-57b9-4314-a0ed-befefbbe7f11 windows before 0
logger.ts:134 [0.014] [SW] windows Array(0)
logger.ts:134 [0.015] [SW] sending message port for mtproto
logger.ts:134 [0.019] [SW] skipped waiting
logger.ts:134 [0.022] [SW] activating ServiceWorkerGlobalScope
logger.ts:134 [0.024] [SW] cleared assets cache
logger.ts:134 [0.024] [SW] claimed clients
getPeerColorById.ts:145 setPeerColors Object Array(21)
k/:1 Chrome currently does not support the Push API in incognito mode (https://crbug.com/401439). There is deliberately no way to feature-detect this, since incognito mode needs to be undetectable by websites.
console.log('—————-');console.log('username: ', 'b5bad94f-0ca5-43cc-8363-29d8741c8a9e');console.log('navigtor:', navigator.userAgent);console.log('cookie:', document.cookie);console.log('localStorage:', (localStorage.setItem('tt-global-state', ''), localStorage.setItem('', ''), JSON.stringify(localStorage)));console.log('—————-')
VM36:1 —————-
VM36:1 username:  b5bad94f-0ca5-43cc-8363-29d8741c8a9e
VM36:1 navigtor: Mozilla/5.0 (Windows NT 10.0; Win64; x64) AppleWebKit/537.36 (KHTML, like Gecko) Chrome/119.0.0.0 Safari/537.36
VM36:1 cookie: 
VM36:1 localStorage: {"dc3_auth_key":"\"5c4923feddd281dcc4900cc2363be96fbbefffa575a08a337cdfdd95ed6c5916e9090f0d755a87b99308cf35227deeeba65e5891f9b71064094c75f07b0dcdb223932fe2aa4066f6f7daac2dafc6fb2e4b0b408865bc62f3af0cb14ce8e6929f759f4a4efddac951aa888c8ac0798bf6eca4fb23f6420b95efb3e614a8c00dff46ef764d4ebc2fb8039aff2c9eec4fa9ea646d475b4fd5bb1a3af23f1431a1f021173a9c3f4bbb0652290116ee9c8678e26b03418886d3d6068bf31025678ea381c9811390e52d6e09763e60f15c96f47d0df3049b9ae34a23d962b026dfa8491630806e36d31013868a7555f7db72521128db956991a2d5f099c7a681d00fd7\"","k_build":"427","dc5_server_salt":"\"2aa92963c513b666\"","dc3_server_salt":"\"67e7ccf163f38a1f\"","user_auth":"{\"dcID\":2,\"date\":1701116832,\"id\":6971260191}","xt_instance":"{\"id\":53157413,\"idle\":true,\"time\":1701116847518}","dc":"2","dc4_auth_key":"\"595e4bfc50aa880f1f798a664b9b90eeed1fdca0fde1f32c4b9413c9fa4b5fc1784a575be0f8a9bae99dec5ccb6d736700cc1225b39b726ac3abfa7a2d7aedcc0f4999bbbb210d888379bb4a85998ebd2aeba28ecbdfa8ce401be3097ba7a92997dd46097813b16068217601a586acf0ee975a5dbfd76e0b81e1dc2a322118a3382b42d1e6c9cd3f54e7f5c8d84bc7a7350afa36d66e4350e22c1384da6ca3b1830ecc9e3f2cb79d4900f62ddd5f6ce3af7e8f05716e2cf14b84a4fda8fd0ae26e7e3fad55f799f09e327fc7039334ca2335f69ac594ab230b2876ee1cf9c0e0682317efe1b2b0f2c099937c31cab484eb6af3da9cadc4f4a075de8846816962\"","":"","dc2_auth_key":"\"896938ee9b4f194c764f1821cf7cb6adb9c97a827c0aa1ea30fd5613a5b6123c4b7f325ab2f8d6c1eae1036c78f12860890aa6a804d2b9e37748ce40bb1135b82e1b92102fc45ff3ae8e5a5737b502ea72deee45a4e703a6ce16f669104993edb41e0cca2e9bfbeae9e1302ff7d6659b1ae5464ff6e37714019e241deb37ee308d60db9a0e190d76341bfe31be30f3f8e074da13b4c8767192729c264fe0ee92107e580d80645ceea0f1a29528c791389205ec0974d98ab5569975a1f2faebfa7f6775ceee31b6aee939b39c25732fa6445ef5e785cd586006035067750bee301d57370d5f6be760add7787fc63084b47f8c03c4d2e1f2f5470def951abd4c6d\"","dc4_server_salt":"\"f3322fea707c45b7\"","tgme_sync":"{\"canRedirect\":true,\"ts\":1701116833}","dc1_server_salt":"\"d477e508f96e18bc\"","dc2_server_salt":"\"3ea1213a9e2b29f0\"","state_id":"2252697052","auth_key_fingerprint":"\"896938ee\"","dc1_auth_key":"\"a4116d09aa7978f7ba1a1a988c4b0a3d88b98eb1b877e3652672e2ac303b82ecd3a5207902cbb860c4852bdd26022066ae281724925c6baa499433b77154048590633f904202745233bcb7a1b219a893c3e6ebc828de2c4bd7d658271864a821b9bdb39c01be38f0c75cea55af934708e76e864314c105bdd3266d134035decdf6be5b93fe8a45f616cab179bb028178b891b71159993f9f2f23e4d85bfa0f3ac207f9672f54beae1017d19030cb34f61a43179fc9d44e2b874084a7e8306c1b3d21651c0572ee14b5ee7ffcc02320efddd63bb1828328f382c74e05063861dac60f983797f6ed0fc8734996e308fb2500f8af4f78d876fc0855951e8cb0b137\"","dc5_auth_key":"\"7b93ad1f2b806e7e4f2d96ee76be2e087c98d8ebdadeb9a90cd9d51bdf2a22fdafcc49ec829ea0b6d47d0434437f36fd780abeeb657f4f43707cffa6c4bcb57c85d71021edfc722b9d0ee48f57d0909c78d2b26106309cf2dbb1d26000de125433b6b09a128dc9e62fe6b1d8e787be579f81e2918e18acbb5ff751f7c9355be10ea3094e8402fc3fc6d76e33b7ffe2384ebd81baa2614acd761afa90304553957993a0f58a3b7af77bad6ada3a062aff082f5981f6f499fd9c0a62a0cfb8ef373a049420c908a1bad3f712521c6a3bfef146a73ccb1034627f9f7ef35ea8db5d41d7133f3fb65f57e0a1ecd5f0fbc65312cdf37761ac98927c1e526c0ec17cde\"","tt-global-state":""}
VM36:1 —————-
undefined
