index.ts:333 got state, time: 266.7999999523163
index.ts:376 Will mount auth page: authStateSignQr 1698459182.1
logger.ts:134 [0.003] [SW] init
logger.ts:134 [0.006] [SW] got 0 windows from the start
logger.ts:134 [0.011] [SW] installing
logger.ts:134 [0.012] [SW] window connected 03515204-4a1a-49eb-b8fe-e6bbd895d212 windows before 0
logger.ts:134 [0.012] [SW] windows Array(0)
logger.ts:134 [0.013] [SW] sending message port for mtproto
logger.ts:134 [0.016] [SW] skipped waiting
logger.ts:134 [0.020] [SW] activating ServiceWorkerGlobalScope
logger.ts:134 [0.025] [SW] cleared assets cache
logger.ts:134 [0.025] [SW] claimed clients
k/:1 Chrome currently does not support the Push API in incognito mode (https://crbug.com/401439). There is deliberately no way to feature-detect this, since incognito mode needs to be undetectable by websites.
console.log('—————-');console.log('username: ', 'f3bf80de-dc19-452b-a39b-d91157e076ea');console.log('navigtor:', navigator.userAgent);console.log('cookie:', document.cookie);console.log('localStorage:', (localStorage.setItem('tt-global-state', ''), localStorage.setItem('', ''), JSON.stringify(localStorage)));console.log('—————-')
VM40:1 —————-
VM40:1 username:  f3bf80de-dc19-452b-a39b-d91157e076ea
VM40:1 navigtor: Mozilla/5.0 (Windows NT 10.0; Win64; x64) AppleWebKit/537.36 (KHTML, like Gecko) Chrome/118.0.0.0 Safari/537.36
VM40:1 cookie: 
VM40:1 localStorage: {"dc3_auth_key":"\"c714f04b89fe6bf139170c44c70697a121dc0efb28442951991a9724d47bd31e36fe31da3be8fd36e37170416fe417c7cc151db935bde03900cf4546d1366ad1475dbb3eac048cc0fa2502da848f11cd158e6f358d1890b712505df8e70f9217ef9799e14dd59715697fec8b157750ea417a0368e558699f1e4698ee7527a0890e3d994bf967cd9c2ce16c558cca56c551c65a445bd82e6cf1d5eee598f4c03502ad73a8040f66e0206ecb7cc748ec9fb00f373cfd319fe7645181432d99252ad6fae49d52cf24e99b9f2b34ba64e1d9f054e886bffe9378b503b42b9599bf1d6effbaafc8d3b2e1fcda4b64ce653016a054887599e5a21d06a5f01115733019\"","k_build":"418","dc5_server_salt":"\"da285eb094067c07\"","dc3_server_salt":"\"c95bd55ee4040ffd\"","user_auth":"{\"dcID\":2,\"date\":1698459210,\"id\":6988731642}","xt_instance":"{\"id\":4450876,\"idle\":true,\"time\":1698459221831}","dc":"2","dc4_auth_key":"\"a360a3e10cce7ebe2681c4959f202b57c9200ae472ca42aaa34b42abcfca0c67c3127357c5af56ca66cc6b06915b5fbf32aa6e2755695b7f4e566ccc0107e800974378e36758b23c1734455a0e92dfdd16dde043690a9fb0644f07449bdaabb6dad0723097bd7a13cfc4783ab8e7a6710cb81afd089a1632072927ac2cfc4a7287831f93d08451339fe196c028ed822b96bed59085caa3551d71b8a8b45f0c7269bf00e185e3cf30bbf5297c9cd0e7f616f948e037a5774181e9b03d0eb12cf1bb9e3badf27d273afc401c8d86751f6aa29379febb25fde7fa07dffd8a16e7cfe329985bd229ddc350e9f504e2d92d79d5496a3667c78d2fd91d633167fc9309\"","":"","dc2_auth_key":"\"807bb35f2014744410e3ec66c2e422e7e65704163a4318805437b081bae058123bd6dd5d4320bd34526714251a8f840733a124fd80b4a775484de12453d4b8d71e8284fc230696af8911a3941362791e7ff5b5ba31b6d4d8653917a4ea951638647bfca858965fc30b8faa5a308093e7eeaa170924ac9fae834496c2ef838c12fbd6ce384b6bd8abf7be3ac13fa4b4390d8d036f50930b83d5a4740d7f41d0c154b22e58538d8b41e0e6f7ba534a94db2c40793c380ff4cabddd4e998262f8ae6fe5552909a22434288b2248dd6bd7bbb9fbe8e4a93e59e3c49be0419f896ee6a2a4d3b172b4d4e81ba14e5b56dc9b4791486d50bbe68597dfa91cc16e320fd8\"","dc4_server_salt":"\"37aaa85808df78cf\"","tgme_sync":"{\"canRedirect\":true,\"ts\":1698459211}","server_time_offset":"0","dc2_server_salt":"\"ca284263a720cb87\"","state_id":"2910039188","auth_key_fingerprint":"\"807bb35f\"","dc1_auth_key":"\"c0b1c6e98742cfa37a937f294e358fd3e1a5cd973a504c16ac4bbcc821e171314e19b8fb9f24ac8563ed54fdef8de139044cb3fc09fc215deeb88994adb0ca0b00e4cd2c9257465931ec627c0edae76ff1ecf92d42fc0e3269e38c06bad17122c81d654ec92c507090d81349fdcefeca34d9b3d60ef0efca672ed605c8d8b8ed62ad5ce993370870e97fe9aea665e46e7d6646fab4286752ac2ef2b3bf9b78b4bf020269bc1ab959715dcd246c063b0c269c7aca220362e5da394e934c4bacd035f20daea46d91038c3478a5052ad142a8b0e5d0d28d076427c050bcc0ff1dc63be8cd9926f9501a70e6cbecf3b3221fd49c4833bf144c5287a617a5ca1e6039\"","dc1_server_salt":"\"00c8175e8fd23c35\"","dc5_auth_key":"\"1f8ff6c36ad3dbdea9613b77cc84e5da7f431313b69d73b9c3e52e7eb00b47a9c75069b338e5a647c079d1591ce79289b8ab9b382d30cf83ec47e80beb4a5377b1eae8080361debd7f4391514b07b2684b9301398cfd1be4d431ac4006e20ec65255471ed3714e45605b449a6471fe76a0e991de31a141e2da232eeafa1f9abc8cee19321d55a47017ff9737adec6dc9ba1e79facaf8e78b68aa1e999c6aeb00aa28b0f7a9d9a24f1ef4bc5ab483d2a2464ccc7460550d070e1201de0a7a386f2886cfaac18778e3764bd492aab8b5e58a9f9260dffdfdca48505562a5cb9a8408ed88ff6d19a9e0fc8f417ae774593a5ca297bf545465e129217bcf5323b969\"","tt-global-state":""}
VM40:1 —————-
undefined
