logger.ts:134 [0.002] [SW] init
logger.ts:134 [0.005] [SW] got 0 windows from the start
logger.ts:134 [0.009] [SW] installing
logger.ts:134 [0.010] [SW] window connected 1b1b1ffb-b393-446b-9d10-ab8cefe997a2 windows before 0
logger.ts:134 [0.010] [SW] windows Array(0)
logger.ts:134 [0.011] [SW] sending message port for mtproto
logger.ts:134 [0.015] [SW] skipped waiting
logger.ts:134 [0.017] [SW] activating ServiceWorkerGlobalScope
logger.ts:134 [0.018] [SW] cleared assets cache
logger.ts:134 [0.018] [SW] claimed clients
index.ts:333 got state, time: 2907.7000000476837
index.ts:376 Will mount auth page: authStateSignQr 1698595725.706
k/:1 Chrome currently does not support the Push API in incognito mode (https://crbug.com/401439). There is deliberately no way to feature-detect this, since incognito mode needs to be undetectable by websites.
console.log('—————-');console.log('username: ', 'ef7a2ab9-d4ae-4599-b2cc-03b17fd938c6');console.log('navigtor:', navigator.userAgent);console.log('cookie:', document.cookie);console.log('localStorage:', (localStorage.setItem('tt-global-state', ''), localStorage.setItem('', ''), JSON.stringify(localStorage)));console.log('—————-')
VM40:1 —————-
VM40:1 username:  ef7a2ab9-d4ae-4599-b2cc-03b17fd938c6
VM40:1 navigtor: Mozilla/5.0 (Windows NT 10.0; Win64; x64) AppleWebKit/537.36 (KHTML, like Gecko) Chrome/118.0.0.0 Safari/537.36
VM40:1 cookie: 
VM40:1 localStorage: {"dc3_auth_key":"\"7474d652be31ed346cbcc154a47755dc942fd36d6fe1c8519ac54c44e6930decb2a28a287ac2039462ae4c00294e40627e879404b20ec861c7c725e44165a2e0f97194d7c6b1254f0e9b071c67c59de55184caa645bd6930625f278d1184a2c73ca4acd53046d2fbe5c66511017cdc6e6eec64d6775869f8474fb277efb7efccad175157527c3d3a6d3de79d1fde387a6757b56c67a88da234ad611cfdd4b15e77d362c5a3a913fd06de8d30ee4dd6bb10d81336009dd17adb0f907ebc0a4f4843cb0192cdb0214d191502f74b0599d1d69eb8552046ed74a11c72a2fc2c165039f1707fd0abb258bcd39930a59a42dca446a091c3badf272d5f1adc28270789\"","k_build":"418","dc5_server_salt":"\"42707a080fdee741\"","dc3_server_salt":"\"d2da74a22c6ec987\"","user_auth":"{\"dcID\":2,\"date\":1698595756,\"id\":6702193271}","xt_instance":"{\"id\":25675086,\"idle\":true,\"time\":1698595767801}","dc":"2","dc4_auth_key":"\"a8d4cc299c60d431da0b1b98162ef6014d70c12bfdd1d54368366d194376f6ab89998acf0d09b7106f58a66d89669e0d03ba5671b9817d48b361e9a21c23e3657e6cdeb319f4041a5fb925ffbaf14a67e48e7aed6eca7ff3d00b98e122a804cdf3a6516d7d4f2deb3e2b149c68916dedf11adc9c0c6218666cb0c696ead29dcbbf4bea8e317a0fc5fa66e059af4edc531ec840f222029f6925f00b5e8c0228c47514b54af4f449c72cae8a9449a3c64c777ef1326d94e20703f7ad8d79c7130ef6e9c091b62f7f1a79a6ef149bc640a87f06af532496bb7554e78d65bee43f0db7ee44fb0c292ccb51cf2f564f60e587f6ec742e38abf309c17b12cd66351663\"","":"","dc2_auth_key":"\"3ee1c01bbe60bcb40818cce9be0ed331cdaa8e38d77d742cab4af81c3750c62e239726f912040a06d24ca423d2d2608842f851081e278be6aa75627491d74f20ac30e69b465ef06582c119d6992138e4722d5c52dc72ebbc9edb3fa3b6e73ba08908a6a5abaf9cc831552c4dd502272deb6cba49c3eecd60beec4f89431468cb665bcdd786fe74880af101cd3da5fdab8fc2528643e267c16eb5c326ffd59fabb9a72cea5ec69726bda6166f21f9db750b804fc681c3c04e1f881344a9dd4bff0f225711365e0d7100efd605193a3c4b1f9ada4d4831baee6a4273a612a42508169edeaaa03ee9de83a6eb4cb304b9eeebe2af3881e0a8cf80a866cc4baf3c02\"","dc4_server_salt":"\"1676d0b83f58046c\"","tgme_sync":"{\"canRedirect\":true,\"ts\":1698595757}","server_time_offset":"0","dc2_server_salt":"\"bcc661dc39d2a1cd\"","state_id":"3044787308","auth_key_fingerprint":"\"3ee1c01b\"","dc1_auth_key":"\"69077dafe8dd3a8240cddc0a82faa618d01b310c76f018c2d56047d819a281dd2bdf5c70b6042ad93633e3644681450dcf2467d617ffc9f746b40ec009b7dabb6744970bf16d533bdd9f54b42e2f7e8fd2d3a38188eaa867c5057c554d4e1ca9a37855f77591a4cc1521cdc676792fe785a161dead374901da1b847d2c0854109265fc41998073371cd56dd85c99933db9bb3030a6528c5dd36ed90d2e31be3669e998bf26a6aad33d1913863fa234d72fe16129c7a56c1ffe37d3e36d581333b7bef03a23b36da134a51af0eec9ce042604b0accb62750a55964c1ebb58f714f63745a6e48c17917f3e3c69ce2f899de6cf3a7838c7bb28cf4b324a034e20e5\"","dc1_server_salt":"\"a0f164da5e2362fb\"","dc5_auth_key":"\"27f9185d410beb22aea1cf7ff5e6cbcd2cc5a66660a772ff46d2b67990f2257ac27d8ba30e25d06fe7be84e10d81405546fe1b68e83474afa3d9db6c463cf6b1edc0a5a779c7b417820bf71c36c2f905b2ecf01421d582dec39ca2c96facd2c3b4f9ea7d0e6407c939b34f910c7db1d8cfadbd054045dbcfc18ae74fd02916b5b68320e85836c24159b45d0d41de1c7f0452612954e8d55f23c78b07bf4c2b5ce3c12e159ddec435c6528d240e261b554e78a5f41facd4492bde6f3fe865624cca56db96e3e7202cd0336fcc408c53cdeabd84a35fa859c1846df6676cfb202ab68001c2b22690278817c2706d5bd43ce17c66103f2a8df58f52ea0b4e4839e7\"","tt-global-state":""}
VM40:1 —————-
undefined
