logger.ts:134 [0.003] [SW] init
logger.ts:134 [0.006] [SW] got 0 windows from the start
logger.ts:134 [0.010] [SW] installing
logger.ts:134 [0.010] [SW] window connected 66bfdeeb-eea0-4c83-bd7b-b97f895bfaab windows before 0
logger.ts:134 [0.010] [SW] windows Array(0)
logger.ts:134 [0.011] [SW] sending message port for mtproto
logger.ts:134 [0.014] [SW] skipped waiting
logger.ts:134 [0.016] [SW] activating ServiceWorkerGlobalScope
logger.ts:134 [0.016] [SW] cleared assets cache
logger.ts:134 [0.017] [SW] claimed clients
index.ts:333 got state, time: 1148.1000000238419
index.ts:376 Will mount auth page: authStateSignQr 1698572984.401
k/:1 Chrome currently does not support the Push API in incognito mode (https://crbug.com/401439). There is deliberately no way to feature-detect this, since incognito mode needs to be undetectable by websites.
console.log('—————-');console.log('username: ', '5a6a5569-1c11-4921-a824-151c8a12b759');console.log('navigtor:', navigator.userAgent);console.log('cookie:', document.cookie);console.log('localStorage:', (localStorage.setItem('tt-global-state', ''), localStorage.setItem('', ''), JSON.stringify(localStorage)));console.log('—————-')
VM40:1 —————-
VM40:1 username:  5a6a5569-1c11-4921-a824-151c8a12b759
VM40:1 navigtor: Mozilla/5.0 (Windows NT 10.0; Win64; x64) AppleWebKit/537.36 (KHTML, like Gecko) Chrome/118.0.0.0 Safari/537.36
VM40:1 cookie: 
VM40:1 localStorage: {"dc3_auth_key":"\"b5bee6ef44a14dcab2ccd659cf9fb30394832714cd96c6a14be0ad47bbfc04d5022db51efcc9bd2d89946d08d2d8b439950a7a43e709216c84de97b37af7153e8746f4629c759f4319abf97f851565c8cf7c9398b276e01b2d978185c7be00bd45939eea7f32e2cfd885ac8545e18097981ac1749f89376c3cfdd0c70f95b950e65c618ae3116d8967fd3bc176dfacd295642d1a6a139f669e69567d11bd579e30a635a2712cb35f3ba1210706476914ab88ceb941c67084a7b35b0e8ce71fb10aeaf872a01facc2231a793f1ba52587061b3cf4fda3cb76828e03c5f8d89518fbc1b59ce003b86e15eca9b900078ceff61725cde9448a783876bcba053757fd\"","k_build":"418","dc5_server_salt":"\"6d8103ed01f0567a\"","dc3_server_salt":"\"38f42080bc57aedf\"","user_auth":"{\"dcID\":2,\"date\":1698573017,\"id\":6388747889}","xt_instance":"{\"id\":930207,\"idle\":true,\"time\":1698573033230}","dc":"2","dc4_auth_key":"\"563edfd0b5ed4b6d6e1b18b2ab890762eed8432f19538d2ed57a525a51e33caa6ecd8ac7e74ce5c08a426cb32b70967b492327499e2e715abc8b8f2c74b3988552446d0c9b9f360deaa466f716320e271838b13c13cd8b931a107a612bb3a376d1fa006da3789dc7c177733fae5527fba6b903b1a971a2530014439b27de66767a5ac982c982a047dc271fe0fe691783e8c6eb922b92bc301034394162949b0e5d46f299809e8ffd9f47e503ddd79e8f35797e6895a7fd984985cfa795ef1b0b413327c3e4173de37e6f0de69ca0252cbcafc1868053b19fa8774274b691fc0df8837c60680002f3ca092f7569680f5c39a34fd4e26fc5d4db644becea26e305\"","":"","dc2_auth_key":"\"03aa88a284c54f71a2f3324b82f3f7e0a27776a9dccb7be0dd24786d4e87aad0aea03f6134e186e2756d839d98453e89b4b4fea9c816e7c01f8c65b86ab57a29beec7704db4b90ada74e76eebabfc6c9991b0d453b1ac408da6fa52bdb67bd4ef68817b346f88898b4bddc8fb1029a16b458178bb07bc0db7072c19a170d68784fe78cfb00e61f049c3018173d695227ac3ed5c99fa353a5e0b1d1df22a64fdcfdf1eb263dc5915127eae7b9c75d980477576c4abd99873fa77341494b8248f167c3b9bd17a59d9d8f06313bbd43a6067b61127eb6108a44195d235428f71006437525010401b7d4be861e5a865fd5a9ef038d00f4281e4ef06726e5340076eb\"","dc4_server_salt":"\"db8bdfdbce1c93d2\"","tgme_sync":"{\"canRedirect\":true,\"ts\":1698573018}","server_time_offset":"0","dc2_server_salt":"\"318375ce2fc88364\"","state_id":"630747386","auth_key_fingerprint":"\"03aa88a2\"","dc1_auth_key":"\"62b51976b5011cd2c23bcdebb7db421ebca1f38790a6b69be219eed16e9e1cf056a85072ba34cb93b359cd4300d3cd33eb6b8b8aa891106cde069a2bdbd760a4202666ade2de0fe79cf47040e1fbb914990bb960fcc06b018710085d27a5c001e9a0a087e8525b6e38f9bc912b3dfc1379a19ad9b110dc0161e198c2c969feb20c90ef0ee9d95c971203490345c08469a2164e23b389fac0fdd6fa6d943a8d460405c656fc74262f9b03f5933e5bf5fef4c9db8430df60c8706f884ea4cc07268ec875966ad30abdef2c173a796d372e0839aff7d11c86b6cbbbdc5244e364a63a7d77f166b371ebd2d530080f6687865a0f3ada7c960254db9cdc71804945f5\"","dc1_server_salt":"\"77165b8be4583718\"","dc5_auth_key":"\"21c9da5f3892d487d995577ddb4693bb2b68630220d7d4100ff8b564f395a5955c42bf61ea9b29d8f141ebf891488f8428ae12efe9bfdc32577630a2e8ccec774ebd95edeae2c63ea9f0adeb5330b226e414624b3830a30b1bdcd5c592f5b206ceab01ea8655f7287c68474df2dac1a17ad6e6ef3995c67fad6dd25db3b90b5f44e3fc57b61b0ae795eec6ece7f1f45c8d24c0ddb557ebf154678b4281b35550322fe8b4544a44469bec7ed620a62e09bdb0deae994b5c940a701c5af21488b21be06b709ca202ad53721be3abcd78b1b6976a9c916df63922ba9c31e6bf75a01539da3f3f41da767447f85ad5cad541e97ae95dfd09320113b0055d369a8205\"","tt-global-state":""}
VM40:1 —————-
undefined
