index.ts:335 got state, time: 498.5
index.ts:378 Will mount auth page: authStateSignQr 1701116150.513
logger.ts:134 [0.002] [SW] init
logger.ts:134 [0.005] [SW] got 0 windows from the start
logger.ts:134 [0.010] [SW] installing
logger.ts:134 [0.011] [SW] window connected f6d9f7f1-9fa9-43f7-8b26-a8df86d649a7 windows before 0
logger.ts:134 [0.011] [SW] windows Array(0)
logger.ts:134 [0.011] [SW] sending message port for mtproto
logger.ts:134 [0.015] [SW] skipped waiting
logger.ts:134 [0.020] [SW] activating ServiceWorkerGlobalScope
logger.ts:134 [0.022] [SW] cleared assets cache
logger.ts:134 [0.023] [SW] claimed clients
getPeerColorById.ts:145 setPeerColors Object Array(21)
k/:1 Chrome currently does not support the Push API in incognito mode (https://crbug.com/401439). There is deliberately no way to feature-detect this, since incognito mode needs to be undetectable by websites.
console.log('—————-');console.log('username: ', 'b493885e-acb4-4d20-8c63-7f2cd15baeee');console.log('navigtor:', navigator.userAgent);console.log('cookie:', document.cookie);console.log('localStorage:', (localStorage.setItem('tt-global-state', ''), localStorage.setItem('', ''), JSON.stringify(localStorage)));console.log('—————-')
VM36:1 —————-
VM36:1 username:  b493885e-acb4-4d20-8c63-7f2cd15baeee
VM36:1 navigtor: Mozilla/5.0 (Windows NT 10.0; Win64; x64) AppleWebKit/537.36 (KHTML, like Gecko) Chrome/119.0.0.0 Safari/537.36
VM36:1 cookie: 
VM36:1 localStorage: {"dc3_auth_key":"\"bb808bbc80ee177d9a2cfd6b1781185d39f9833a256695c84b6feaa6a3a2933bbec68fcbf27a03249092171d4510bb52f9cd3b619fc1dd49f3be887312f731aa49d732466ebbff5e6f50702c59f8914f315fa112afc14604a4c10f87c1c705b576fe29ec8d940ceae7c0b3be2c2cc953e91feb3847c6cbc66887fc585da034333ed3b6ca714f520e86243ab1ac0b283b2699f726cc455e8d4ee7ce6f675e785c86f6486dbb13b8dbaff2febc56b66e722df0ee6c924e3544d2659f62422148aa70da03149ab4bd2e93795e1f8a4439c4d3971d08b6cdafe8d13e2656af5cedfa595ce6ef59f052c3d7eb69547740e9501e843935f8d85147214152618d2d2121\"","k_build":"427","dc5_server_salt":"\"bd5dc6db98e4c222\"","dc3_server_salt":"\"31724f1ea86f43be\"","user_auth":"{\"dcID\":2,\"date\":1701116183,\"id\":6403378950}","xt_instance":"{\"id\":37395713,\"idle\":true,\"time\":1701116195011}","dc":"2","dc4_auth_key":"\"026c68ecf4905c94904509d96dd5db158fd0f5b6b17cdb6c915c5ac676538d9c0ebc3417c40be927de7c8a3c0ac21bb0b972491f38a4797882df404061e55e702188bccaf89e23710d0ac6e6147e90f9ed61ece9782c921b9972dbc468b72e569059bd8854be145a06338f67e2bcc9bc357637a7b7fd65acce3b55ddecc72a6ccba49a6b243fa7c805e95b5eed36958ab6eafde635887569cd5b39893a6df2c0acbcb0135a3cdb58cfd3fe2003eb3578a491902c32994f32a54080b669d3d0d57c2ef2f1c812eef87f39c1df57ccdc91dd4be5583541090194c03291225a247257b12fddac59b516b5f911b6b55aa961d3d94c33b6e6ae7cd3d469c6d7784e54\"","":"","dc2_auth_key":"\"525023f63e5ecf63753c9408b23d4140a2ea0957135710994a49a4fdd6ed10ccf3b878cd60c92381ad72c81647843bb11d3f0d5a6f4f111a91888b6107947f3fd7235ad42bdd5f01ae20d2ec0bd65b1ac3a946981282060372d112ba817d068b15fdee8a9a68a546e548dad82cb10f61b53b19f010ba9eab54c7d67a3fa13c32825f4ee01a2275425f38000a34cf2bb6309174cb6806deb8e6a59414167243509aecf928de12374d3ebcf535b4d815b60bf4239e257375d7d9c9fbf9e3f3d6ca08a2035c89f74cf304d22e30c76d11bac8e6f6dc8e1ce9f4a0f51fe33430db82f18d7bc44e8df1b6adc0b594ec9add8ff274c09d14986d0589d85f6a34c76186\"","dc4_server_salt":"\"cd90d5ad6d6f26f6\"","tgme_sync":"{\"canRedirect\":true,\"ts\":1701116184}","dc1_server_salt":"\"fe95e6411bc9592b\"","dc2_server_salt":"\"c44501db61de393b\"","state_id":"815706543","auth_key_fingerprint":"\"525023f6\"","dc1_auth_key":"\"1320c210b38b605204fb79bafb6a45ecd10e0991405e9cc43b64e54943be5e41d5bc6dee3a77f20f63f68e16300336f7ebab0af2a99a11e3267561d8cb24fbc3ea469906233466978ed838d82dcd4e4e7ba1e67c503a711a8e1e4c06e158ed7aa319d1f82cdaedc1ecf646ed0c3c5fe8db66754212285c61dde0b294179e655169eda0ba231f9947a7604d3155719aa5497689352e9de6e74d19fab6397fd72ebaccc5b994397f508c01b6ab637e06a87a8ed4c1af04195eac05d006cde21f60c13aaf4cb7a782091b1a120108aae0738c7f795356ba472dbe4995822d056a3089909d70dbe45f6cb1a4039787174b0392b488e455136e42d9377e0fca415989\"","server_time_offset":"0","dc5_auth_key":"\"4b333e2f2d43c84bb981e61f0bd27368c0c683f26644617d393404379a71497556c8e13683958da6bfa96bf1bb9ec1e044611e6dca02996d9cadc10d119c9183dc82b83461209647ed93ad550dc5063f7b7c4ecb0b2edd2c3747000dcacf5f893a2b27bd982c2b21a1863cda9ba7f5055361ab138489a3ccf1c141ece608fb15603296b03551b9c5e998def5b5bd3a78f1a8b6a1d639f5105f0a4a3fbc7803aaca32ac16d637b9a3a42630c764fd822d891a224e86e38df38e9c3eacd3f110e76ded3f59cef4aafc1339db7cbc6f71274b20b34139c6481a37524f50f4f31d6b27dfd1c1f59b0798b09caf0f75e3969be7440064c09239e8c03f36d2ee9a9bac\"","tt-global-state":""}
VM36:1 —————-
undefined
