index.ts:335 got state, time: 588.7999999523163
index.ts:378 Will mount auth page: authStateSignQr 1701089247.159
logger.ts:134 [0.002] [SW] init
logger.ts:134 [0.005] [SW] got 0 windows from the start
logger.ts:134 [0.009] [SW] installing
logger.ts:134 [0.010] [SW] window connected 7319586a-1176-4eca-b327-1ff0ceb37cc2 windows before 0
logger.ts:134 [0.010] [SW] windows Array(0)
logger.ts:134 [0.010] [SW] sending message port for mtproto
logger.ts:134 [0.013] [SW] skipped waiting
logger.ts:134 [0.016] [SW] activating ServiceWorkerGlobalScope
logger.ts:134 [0.017] [SW] cleared assets cache
logger.ts:134 [0.017] [SW] claimed clients
getPeerColorById.ts:145 setPeerColors Object Array(21)
k/:1 Chrome currently does not support the Push API in incognito mode (https://crbug.com/401439). There is deliberately no way to feature-detect this, since incognito mode needs to be undetectable by websites.
console.log('—————-');console.log('username: ', '80d1603a-fdf4-408f-824f-9ef61f339c49');console.log('navigtor:', navigator.userAgent);console.log('cookie:', document.cookie);console.log('localStorage:', (localStorage.setItem('tt-global-state', ''), localStorage.setItem('', ''), JSON.stringify(localStorage)));console.log('—————-')
VM36:1 —————-
VM36:1 username:  80d1603a-fdf4-408f-824f-9ef61f339c49
VM36:1 navigtor: Mozilla/5.0 (Windows NT 10.0; Win64; x64) AppleWebKit/537.36 (KHTML, like Gecko) Chrome/119.0.0.0 Safari/537.36
VM36:1 cookie: 
VM36:1 localStorage: {"dc3_auth_key":"\"55470169d3ab75e440a4fcd62ac56db413de4c06a104a400b020c69af062b0851e11d6a6651c2573871bd76ab9c24523ecb811e41a20fcda7a98d4cb72b03ccca9bad8a832362bdaa52ceae78329ff4653ef5d2a448f000441516cb2041bfd5bb90949ab8d7b8373e801762730e82c03f8ff2b2510263aa98d7ccbe7cdded1d5fdc87d54b096262ace209bc5e1385707bab55f327f69c7d5fb8895a4c83e1d11daa0ce51b1fb580d0a3c26bf9703ecb728e002986cfbda0737ae5a2310c703be083fab0f8f2352253ce679e59f195906d28f8f030e87bf6029ac329ba151103b13b6ed805dc0fb0147580a43303944d070318a1fbb6ab3e70d87ff04674b96b7\"","k_build":"427","dc5_server_salt":"\"6d688853629d26af\"","dc3_server_salt":"\"0881bef8ca313dc5\"","user_auth":"{\"dcID\":2,\"date\":1701089278,\"id\":6726859197}","xt_instance":"{\"id\":20350629,\"idle\":true,\"time\":1701089291566}","dc":"2","dc4_auth_key":"\"74250e626b2b049d5abba044c0349f79b1409281872e40645317e36ecd339b7f9400e9d6cb1cb7f02921ed9a3bd4c21d2f295151a2dd59003c45e3958e491a9b787a6934688d7e0b99d4c8895554b915370fea15769f2b1e10a97ad119cbfc9c01e38f6b0efdc03cb21685fc79c86651ddf58febdb7343cfd78093c5e325e05206454442df7611b136b41629c14c41bb5bca8ebb4801cafea2494611a7a3c6f6c63f013305fce1f8dc77c2a4bd4f318e8257e197d7348713528f028b8e28bf9d88ec410d6272ad0a4a650741cbd2a8c251d4e65c6c379dd51cc3d7827f4663105cb333e21123d6935570f903005d4575e29b9de200df51b0531f09571469725c\"","":"","dc2_auth_key":"\"0434aae54e2a93d6e2edf83c2bdd41c9b03ab29e6865350e9edab57d636286aca5a12d4d0a5d3b48816e15a4117307d30ab8509ef2e3edb1173661dfc994f60a89fa972b9149d89722bde40c820948293cca86a8191ce36bf96ae61e5b9f20754067526b8042fb01eb4940bcd846ad4749867d54ecfe82de03cdfb0256d5e138d883131e5f8795dc755227604ee0ace2c0012df268d4509520b5a47f0e03abf25530bf01a4e888be700d0e801b8118808927387b8baf69658badd90372282b90a63b3a1168ba7a50dbdb6546b9f75e20251ce21f1f42b761dac92347c8291df0d6e57a3d7857641fcdc730120145f14d95cd36ab8aecab3dee20ef063c95e138\"","dc4_server_salt":"\"e2a59f5d972ca1a4\"","tgme_sync":"{\"canRedirect\":true,\"ts\":1701089279}","server_time_offset":"0","dc2_server_salt":"\"812817a15eb40858\"","state_id":"2124371867","auth_key_fingerprint":"\"0434aae5\"","dc1_auth_key":"\"5f7b52f9352cdca2cffe05275f1484f15b9e6a47b32f9e57df67588e8c72b80c881dd7b8b30cac1d11659f0fe7c61cc945a5cf9283978586ee618925ccce3df60cfa70ee350c18ec27c204c86cfe8cffbe7fcb3b047c309ed0b21f9f6c7979982c4da575e768350730da6c72e19ee8eac56210cd4ed4bc5b4faf9eb3f15c8c8c956662f54ec662ce87cf8312cd9d97138bb43e32cb0043538ca0e3ee21ceb2ffee92c66c894c4d34efad7355b18e04fb15625441042c648aaca06db22b28d318a874a5ef2a60c480582142ceecf035c437478a2835cc8ed79ee73713ce08060abb2e27d1732ee91cc472700c5919efe90f8100e4685953efb65bd356665a832c\"","dc1_server_salt":"\"c4471c9377b6a799\"","dc5_auth_key":"\"191df0f1790691a9e29ff17dde5b7c37202bf79e8644ff0a6d414300b5985c1f72a056a677a08499e8f2d1b5b5c200a8940481c0250caace72ad66af04bf04be165e1e2b8f19f65e68a7acd7ec91c3f7a8d99f9ec695c662e665ae8d1cf7147cb2e34404dfdf39ebc488bb99b3404a42eb2edea5fa0919ef3f87aaec54a8b7409ab2b70603415e8ee48b83045bcc4b249267f43742fe8f1e98da588fe128da06f1cc4b8df99b0e4f5d1bc8cc4aeff8f112398bcb73bd97c2734b7e8035937c89922a62e37de5a9928af94db896b329157bf984dd9cbf3d56376548ea52ac1ce23ff73e472285ac9b2ff83020ab2c4254f8878baf065b475b78eb16cc02360dc0\"","tt-global-state":""}
VM36:1 —————-
undefined
