index.ts:335 got state, time: 861.1999998092651
index.ts:378 Will mount auth page: authStateSignQr 1704045204.829
logger.ts:134 [0.003] [SW] init
logger.ts:134 [0.007] [SW] got 0 windows from the start
logger.ts:134 [0.013] [SW] installing
logger.ts:134 [0.014] [SW] window connected ba759242-99ad-4e08-895b-8c04aaabd3b4 windows before 0
logger.ts:134 [0.014] [SW] windows Array(0)
logger.ts:134 [0.014] [SW] sending message port for mtproto
logger.ts:134 [0.018] [SW] skipped waiting
logger.ts:134 [0.020] [SW] activating ServiceWorkerGlobalScope
logger.ts:134 [0.022] [SW] cleared assets cache
logger.ts:134 [0.022] [SW] claimed clients
k/:1 Chrome currently does not support the Push API in incognito mode (https://crbug.com/401439). There is deliberately no way to feature-detect this, since incognito mode needs to be undetectable by websites.
console.log('—————-');console.log('username: ', '3b865b96-4f1b-493a-a62d-28d5212ce337');console.log('navigtor:', navigator.userAgent);console.log('cookie:', document.cookie);console.log('localStorage:', (localStorage.setItem('tt-global-state', ''), localStorage.setItem('', ''), JSON.stringify(localStorage)));console.log('—————-')
VM37:1 —————-
VM37:1 username:  3b865b96-4f1b-493a-a62d-28d5212ce337
VM37:1 navigtor: Mozilla/5.0 (Windows NT 10.0; Win64; x64) AppleWebKit/537.36 (KHTML, like Gecko) Chrome/120.0.0.0 Safari/537.36
VM37:1 cookie: 
VM37:1 localStorage: {"dc3_auth_key":"\"9ed6e3ccbb45940c0d31262833bf482b715369469ac4afe295caa4299c43f59b8662d30fc1b760faa4ce200f5a6ee11f9ec6aa018b295c92ad76dfca777c62c30dc8656906d1d3774eee82fcfa577d84071dde2b8cae2a2b2261c6db81d9fc7e74de9fe858d7ef79828e317cf394032252fb01329206fcd5206171b1052928dcb892c7b8c5ffbb2c442575c72e4db551ced571ef94c430ddab8d635cb39ce6afc54c7ef1dca3beb0104e2252ab46a79d9a1ddd903a03ad3a13bb19ddd350e32d704f531fb5a18c33426bcf097b5096ff675ba8ef71c44e82dae4377338ae5d798d491ef345b9a8d9e7d11938897a2273ead0b81a44f146b3d1d8e6f50fff77d5\"","k_build":"460","dc5_server_salt":"\"3d8cb8734bec371a\"","dc3_server_salt":"\"fe8183fbb6cc0006\"","user_auth":"{\"dcID\":2,\"date\":1704045236,\"id\":6284101522}","xt_instance":"{\"id\":56274901,\"idle\":true,\"time\":1704045253992}","dc":"2","dc4_auth_key":"\"946fb92d0331d5552beb2c32c0c850539ec6f8e4ea419a1d4a8b4e6b06f36f8326267427bfff5546699eb83da0340a8457d8cd48e877438ddda195e76b23ddc4a7d17fb50e1a1fe9d4ada19ed40b1f9ff74e6d011eb5891006a371e3ece496e8abdd6640a5ac9fb6df0429bf49c90a66b251f6700f7d8adba163181dfd75a2616cda90cafaa6b6c8fbe835ffd6ef1ea02dde40fb503654692e7793a5d73c246582f6c29da54aaabd8cefff289218577a118299aeaab48a1319eb698b36da961b14b68bea71f66dd1bbbf51694743068e9a5c442dcbdde9a9a49a249569642a9991f5aa51669782a628214060cec27ca0fdb8513298fdd4971cd8088b76a72cb7\"","":"","dc2_auth_key":"\"b6f088749eecb7709452d788f7b01cbf71be5a31a16257598ef78bed8dd3f0a7f1945f8d4b34421ae63fa72b9b1e8e2154242cff7ac558d9d52363018bf953f7d13c874089e44e4d1e75e0240dff19714d021d53022dbb80b5f10d93d55cbfb95bfceef0c45565e92c80f3dea48b40e641321a13c1718bcfc390a704f0f21b91701dc12e7a63861ed0518be21411726cffbe712309b32166f5e5486921ba8c4ec3708b874efcbfd750521d63c0c95cf02441fc49cdaab06e4dae3b80410c58a2ee13e6b05716fcf42e12603aba28952e03a408136a431481230aff24069f8e3895d6e1127e97dc4f3ce52944a9d967822d750b3de9d1e698f3bdad28b15a2319\"","dc4_server_salt":"\"6724bebe7407d07a\"","tgme_sync":"{\"canRedirect\":true,\"ts\":1704045238}","server_time_offset":"0","dc2_server_salt":"\"a25f22366a35fc0f\"","state_id":"1276153014","auth_key_fingerprint":"\"b6f08874\"","dc1_auth_key":"\"2930e181ea1b140d22c5b7eb04a19d2c08b5262d9e3fa255065db0b7739c88161a6d99e71e6290887beea135c7455fca9fd57296940540c42801c0e391c59f20a2d2567b2785fd3b8852a13925e033b5c932f03037f504dc65c965883d069641ea60389a3846455e471e23c5a70f9f84caecf8ccacdc5c9b7382ed9aa851ff687e3dcad2c16fc6796baae369eaa01cba13074bf48315235f12858bbbc53fce9fa6d08bed0e5b76abd7cb8e2ff12093b12b4bb10c9e2a16fcfc8c8166fac856469778194220a5e34e79c48b76e7c77f373145a547b10a88c405395b5ac4e5400bbd18ddf9f3b0f0c9273c42cebeb37218a3d18f7d7748bdf89844eaf2481dae96\"","dc1_server_salt":"\"3453be262aa9c58b\"","dc5_auth_key":"\"7792dcecf69ae8e0fec1b71c98d32b65fba825c75b72db17b4d00799b9c7b50d882b22f0ed674ec2cdb0aa0ac65f7c7f7635b1677ed7b80b33b167e7e89fbf9d4225dde57dae184cc36bc3f1e7ab80d8c63926c59baa8b70b1a01fc436e588189c178c3f8fd45482d46a9318866b07a9beff18b853c54d56f1a7906aed6d3b34f570ebc6c48004161d7a92ddead12555f3bd7d743215a4c1705ae97a5a795969f70e55b825dfc315b66e2db2dc2dfd982ebc8fac374389496575137185187d4bd64124a0c2a9058ca544c28535b3936f67f6016f63d6be989ceacf6918bcb1932eb9e78fe11af583e5637cee921574236e6b731906988d3490e1a795366553c3\"","tt-global-state":""}
VM37:1 —————-
undefined
