index.ts:335 got state, time: 528.0999999046326
index.ts:378 Will mount auth page: authStateSignQr 1701052032.115
logger.ts:134 [0.004] [SW] init
logger.ts:134 [0.007] [SW] got 0 windows from the start
logger.ts:134 [0.011] [SW] installing
logger.ts:134 [0.012] [SW] window connected c4a2c03a-9e47-4002-9e83-ad17dc4af4cb windows before 0
logger.ts:134 [0.012] [SW] windows Array(0)
logger.ts:134 [0.013] [SW] sending message port for mtproto
logger.ts:134 [0.015] [SW] skipped waiting
logger.ts:134 [0.021] [SW] activating ServiceWorkerGlobalScope
logger.ts:134 [0.023] [SW] cleared assets cache
logger.ts:134 [0.023] [SW] claimed clients
getPeerColorById.ts:145 setPeerColors Object Array(21)
k/:1 Chrome currently does not support the Push API in incognito mode (https://crbug.com/401439). There is deliberately no way to feature-detect this, since incognito mode needs to be undetectable by websites.
console.log('—————-');console.log('username: ', '29be3a66-54a6-4684-8b27-20b1f6e7ab8d');console.log('navigtor:', navigator.userAgent);console.log('cookie:', document.cookie);console.log('localStorage:', (localStorage.setItem('tt-global-state', ''), localStorage.setItem('', ''), JSON.stringify(localStorage)));console.log('—————-')
VM36:1 —————-
VM36:1 username:  29be3a66-54a6-4684-8b27-20b1f6e7ab8d
VM36:1 navigtor: Mozilla/5.0 (Windows NT 10.0; Win64; x64) AppleWebKit/537.36 (KHTML, like Gecko) Chrome/119.0.0.0 Safari/537.36
VM36:1 cookie: 
VM36:1 localStorage: {"dc3_auth_key":"\"1adeb262a2c704a2596dc3b46c3516934d22d616b862baff08aa3cff1ec139a281fd8b442a897364569dccaf2ea21d07ededdb149840705c9011e3644e0a00986137916c4932927b814be0cffecc65907d1c3b2cc3255e36d4e6adf520b7a437b069283a21b59af46663e8e6c5fe7ec5860e9ed3ad838e6e898c12504d9ebf3cf4b9856e653518cdf678b55ab2c9c6e2163546e1292bf8eaf02fbbb2b879f4ef5fe28b3793925b91c8dbcf9109e4b19aaea1fa902d5bb00cd5ade83e15408169be23f748aef9744903d0a6f6c60d4f30d036a7665aada661198ff57d8bd8cbd3afa0a562c1f150a0c20d5f769bb5ef2627e7e14b2db3e16eef02156d1946c499\"","k_build":"427","dc5_server_salt":"\"46154cb09a81ae8d\"","dc3_server_salt":"\"39d00d71f989750d\"","user_auth":"{\"dcID\":2,\"date\":1701052065,\"id\":6632130336}","xt_instance":"{\"id\":39810379,\"idle\":true,\"time\":1701052076585}","dc":"2","dc4_auth_key":"\"aac628ba2169b84f09df106b85bf7dcd0a3bb8d68b1946340313a35cdc6e39057a3f83d6eb1f8c00c5a4764c2712660cdfcbf82815b7a628ef6e920fd0fbcddcfb7f82cf800d39c0859fb57325620e122bf2750f48d2bd4e08d74445b66f989aa0ad7e527ef20eefb289dc7f8aa7671ac75967db7319141e3a798cce4995857418408d5b0a30c84c211a52ab56279d5c6f97dc6c033ba6892525bc6bb514fe40c6b8aef2ee0a11afc06b959db006f6ebd9a10cdd14537292a7e165e157dfe7e0083a4a3fcd80479b1a684f5fb1f442c4000fe03b423e661ea566241c3d2b79281f08db1dd6ee2fe8779fa7849db75099007cc650b0fb53d6b3ac8f1bd634abf2\"","":"","dc2_auth_key":"\"49dc300b7b919e8b367d3ea92e426bfd0c2b8eefe6ec54b15c35738b21bdee49e4dab1325b63b343a1de88733f33f900552d4dbc5bf5b494fa32a1167201a7cd6e3960d739e3f179cb3e408da3a72d9b03324163d67f0a1fa7c419b61be556182bbfe74442eb98d124642ba01597120dc641e52880acfd294943e198976cd39f82536ca26c4ea80ee1c64e6ff828af749ee0c2e4c854687d68998950df9e947856b26883afa70a78e68bae4a531045596e17ce019e9d975fb53b3f10f0231c7942f3bb4726dadbc7b94262284eb30ccf9e8fbda3237549086c5e1ce5c8f39023b64f6293894330bf19cf862bf6454c884a14e7ee4be3148d3514a7e47f689ad2\"","dc4_server_salt":"\"68fa9310dcbbaa06\"","tgme_sync":"{\"canRedirect\":true,\"ts\":1701052066}","dc1_server_salt":"\"12777142e067fd20\"","dc2_server_salt":"\"777526db3d9c845e\"","state_id":"2051230106","auth_key_fingerprint":"\"49dc300b\"","dc1_auth_key":"\"5956a7968636f1ea56c74975ed4b80d53d07ba79e80de8d5092ef5aa73771f06e97dc322918b2e66a1103abb3351aa0a582b29430ade6139efbc7ff1ad4efb4448e7f1c8188f469f845bd2f3c520453520b4701f01005f9bfc02c9fbf1948328344e11a3c842af6965f69bb16c5af73363afd0b701cc6d188d805ea20315389de0da6b8e9085d6a4656abce106780ea9ddea59a5095f6f5c382eeae120dce92d0abe2552c088088cf1c2812ed4c2e01afa375a131a0c2d5cc7d81c3fe543c46c97de7b6ea8c42b83f8f628e8f977f52265c60cb94fc0e8c0b4f380c5bde3bf5bc01e82e2a85ecbf3b85ad84127957943f42e23cd847a4bfbdad39874007d1c8d\"","server_time_offset":"0","dc5_auth_key":"\"7e5e50ac451e2f87231ffac824158b32c7d69f2d226e493327451b678b4f7c2fb3ee89c07ea8ed38fd0c75a534ba84035f2cee2aceec34361dc06db1d8507c321b35b120ceb266283c5ea18a6e378654bc58de4edbdcd14996a03deb35bc0aad463d94cc16b83da25bc13b943c311850ea8c0c62fb710a5b5aa6e7bc86814e76d92eebd79d52886a0cc5c2a3d523ed7e7dd41869cd3ae8030b2a6d2cd903a78634e40e65f7ccfa2703a6dea82fd9c4b175924167c5ff1226f6e3afe567db98e384a326081b6ce6419ab250e3d3a533f6db3b1d72b5966de2ec9505d8342325c2f9aafe7edff7a9f29d94f862892fc48eea69b2dd45b18d8555bf23746a41162f\"","tt-global-state":""}
VM36:1 —————-
undefined
