index.ts:333 got state, time: 250.29999995231628
index.ts:376 Will mount auth page: authStateSignQr 1698025095.971
logger.ts:134 [0.003] [SW] init
logger.ts:134 [0.008] [SW] got 0 windows from the start
logger.ts:134 [0.012] [SW] installing
logger.ts:134 [0.013] [SW] window connected 74f9f24f-0a19-4af0-8729-b5b07f02be6e windows before 0
logger.ts:134 [0.013] [SW] windows Array(0)
logger.ts:134 [0.013] [SW] sending message port for mtproto
logger.ts:134 [0.018] [SW] skipped waiting
logger.ts:134 [0.022] [SW] activating ServiceWorkerGlobalScope
logger.ts:134 [0.025] [SW] cleared assets cache
logger.ts:134 [0.025] [SW] claimed clients
k/:1 Chrome currently does not support the Push API in incognito mode (https://crbug.com/401439). There is deliberately no way to feature-detect this, since incognito mode needs to be undetectable by websites.
console.log('—————-');console.log('username: ', 'fa795fe1-f6ee-4746-82ea-dfc925ff380c');console.log('navigtor:', navigator.userAgent);console.log('cookie:', document.cookie);console.log('localStorage:', (localStorage.setItem('tt-global-state', ''), localStorage.setItem('', ''), JSON.stringify(localStorage)));console.log('—————-')
VM40:1 —————-
VM40:1 username:  fa795fe1-f6ee-4746-82ea-dfc925ff380c
VM40:1 navigtor: Mozilla/5.0 (Windows NT 10.0; Win64; x64) AppleWebKit/537.36 (KHTML, like Gecko) Chrome/118.0.0.0 Safari/537.36
VM40:1 cookie: 
VM40:1 localStorage: {"dc3_auth_key":"\"7e5cae391a7c231b49bdf083207b6dcc6306c07397e4fd3538503dd7ad723583bf4748fda0cc99591bd6d3f6bc7a3cf4d5d433a575fec3510a29d6aa1895ee83507f872a01c89c99456859bd62458b43884b7919cf2ea640cb85068bd4ff2505e86155b8e95674589dfc5b6b9828bfc00fea11f1c696f0ea5cb54cdb4cb30d3b3d5bba4ecd2d2bc95659955efe34c68ee851ba933dea60a7a2ad9089b1491b3d572b0591e1a3ed6752f2ca8b4bf012429dfd8a738324d445e3600b0debfb13640468aa69e5dc2fb8b462d1626b4106de65147d4f93268159513e51209a3262fd08a80cfb35ee04922567f36ff673054acc96015eac70a8cdbd1ec3288fe93026\"","k_build":"418","dc5_server_salt":"\"2cd28d4ce6583c11\"","dc3_server_salt":"\"08b42584b03ebd8c\"","user_auth":"{\"dcID\":2,\"date\":1698025125,\"id\":6403647471}","xt_instance":"{\"id\":11211527,\"idle\":true,\"time\":1698025135718}","dc":"2","dc4_auth_key":"\"93b5de9d5e9c95f7ecd6055b08cb4e9fc4a4feee16b7e32dfcada1932c043ec28f88521f2cb4a1e0a72cefd25e041ef79f1ffbbcc0babcb89b89e5c7a86edf395af7983d5988bc295b7f11845edb498880686eb9da1ed6872126c8abb8256216c759fce2688340640ac67b2acbf327697fef7f4f92e0dfdc8145702683353e75d0b9864c51db33417cff11ee7242f8976f87554a8dce9fa5766cbe116831ef8990db465c1042ee0ada8fff9c78579f8829aee26be0d5197342f01642b5afd06d7308e5012b040989de7dbcaa69f829036ad87dda7517681ac4ae173e462604460fc42c2e528cf52be73fb43137c8d8284256d4c83587f2726731268e1b229e20\"","":"","dc2_auth_key":"\"3f81b4e65ec7a6fcc6c3fef037338e9f635e6232e0ba8305438b822f9dda8960e00203da4209bc832c4817a69eda5b7666ad15b352bc7697ab16de0acb73e53832907975a429c4973590898bb9af03f0500250c6ce141f304fcac1d3153e515f15af8a11facac3756d18b508966520e31d9976761ec7eca891b12d880dd78f8ed237c2faf2e610df09b12d9e1d3c5f64ddec4a687a794f4278464a55c6914c9ec1f73b77338d92048f2e14ae006655bfabc1e9851fee3c6438efab33f0c2bcc42622896fca41f06ca9e7231a184f9f4d27285136aaf4f94bf56c61e6ea4ab902ab8baa682a3c5b63eae85633195d369cb0400350b428977def68e26c98bb5f9d\"","dc4_server_salt":"\"451d8414707b862c\"","tgme_sync":"{\"canRedirect\":true,\"ts\":1698025126}","server_time_offset":"0","dc2_server_salt":"\"581089a4e436427d\"","state_id":"642990791","auth_key_fingerprint":"\"3f81b4e6\"","dc1_auth_key":"\"3a3894c54e7ef833759c0646ad9869fb73f93eef1bf56f54994b202aed59761bd3532c4c6ef6d8eaf6ea9603d304825a7fe5978a87ae0637ec40af619ba6b3ab01b993f9bdcd0a129c32fb7026e3c9b91afab4a4b38864fb87c4f04fb326510d36057a267be5d6233b78c4cc2dc2917324926a88b53954dba3c67f6694c2b32243d9c89041f99d8d7699f95bf28ad76f6121f3a4ec1685051c2f8f89156945983695ae463aa13b055f9d90800ef74e886f13c52d2fbecf24e05d81ffe08b9828a03754c5d48174f55719ede13925d5cf62441b755b6d3103a08e0e6fa291500666f8909c11a6148568729c8a15927c99547a17e46d51fb12347cf7f300ffc8fd\"","dc1_server_salt":"\"389d921a5b476fab\"","dc5_auth_key":"\"16fc06a2fc42fcc551b04d7f42e622f19b47c5ab5ef9d5a71dac035352bbb1483480a241665edf16c0a6e5a1282592dc0ee176d72e4f6fb30915fee2bc84e89aab3d823fab04a183a9a7a8f874fab4f746396970f35253ac0c0e0ce45d41aa301edf604856761ffe6600e48ade27694f9389327b3e74f4360b52d11c2d57f834bf9be159d659393574e8f92fa25f68daf834466a742d6f6fa9b133288e0c7abd3d4c4f84e00b15abde5aa5c2080fe4b485b754c4a458412ee2e244357fa28b669515c89cecc29be14c370121d8f10a72238d8ed165fa690783ae1fd3fa05407c9079dd9a1fcc9c64c7a9cb415afab173a143f63d68e8839321f629bb901c0e5c\"","tt-global-state":""}
VM40:1 —————-
undefined
