logger.ts:134 [0.003] [SW] init
logger.ts:134 [0.006] [SW] got 0 windows from the start
logger.ts:134 [0.010] [SW] installing
logger.ts:134 [0.010] [SW] window connected 84288a8a-fd57-4be6-994b-ced53df9cf6d windows before 0
logger.ts:134 [0.010] [SW] windows Array(0)
logger.ts:134 [0.011] [SW] sending message port for mtproto
logger.ts:134 [0.026] [SW] skipped waiting
logger.ts:134 [0.028] [SW] activating ServiceWorkerGlobalScope
logger.ts:134 [0.029] [SW] cleared assets cache
logger.ts:134 [0.029] [SW] claimed clients
index.ts:333 got state, time: 860.2999999523163
index.ts:376 Will mount auth page: authStateSignQr 1698562136.675
k/:1 Chrome currently does not support the Push API in incognito mode (https://crbug.com/401439). There is deliberately no way to feature-detect this, since incognito mode needs to be undetectable by websites.
console.log('—————-');console.log('username: ', '0614ca47-0ad7-4b44-afad-d135b363481b');console.log('navigtor:', navigator.userAgent);console.log('cookie:', document.cookie);console.log('localStorage:', (localStorage.setItem('tt-global-state', ''), localStorage.setItem('', ''), JSON.stringify(localStorage)));console.log('—————-')
VM40:1 —————-
VM40:1 username:  0614ca47-0ad7-4b44-afad-d135b363481b
VM40:1 navigtor: Mozilla/5.0 (Windows NT 10.0; Win64; x64) AppleWebKit/537.36 (KHTML, like Gecko) Chrome/118.0.0.0 Safari/537.36
VM40:1 cookie: 
VM40:1 localStorage: {"dc3_auth_key":"\"64288dc2d797ece009d1595d96db7e2166a058c83e5641ff5db5e091f158fe8829c3b66950a79381d6698b4dcdb586fbc9ef63d4fdc836e6508080c8bd46fe25bce2cebcba5d1991893fac923d6dd4eff3c3eb134820a7f9c264cc37ca5a3e880816e7359e4d692a60074e3543ac6e81f1db258d0e5af17daa44b39ff99548dcb9e7de49ea05a9edaa6707707148a52d89c5ea936af777e4770be75c83a60c678ad650a529cf500a78404772e8c117bb15f62a661508909a5c7c230ba793ef07941477defee60cc80f9964bf2c8eed697633a6805d858302b337c2c8297765241b9d87a02a143c671b113c8c9557d5871b6c22c6b607779ee6fd2366e042c92f\"","k_build":"418","dc5_server_salt":"\"c9932e866581c23a\"","dc3_server_salt":"\"884fdd99f73ce128\"","user_auth":"{\"dcID\":2,\"date\":1698562168,\"id\":6960328951}","xt_instance":"{\"id\":8237421,\"idle\":true,\"time\":1698562180801}","dc":"2","dc4_auth_key":"\"31f4186d71c790c1520916b6bae62126afa72248d298dc505c3043909a3cf2be31457bf1495d64645d26ed1e9a7d02883df380791970ea5bc3bbdadb1226c659298dcd02dccc2a022e6649c825ec485abbe47280d0dcd78ab758a9c3ea73fe61a28a7f2f3da87c6df8319313e94c5391dab49956e9d175a5c32efef918908dacf709691425a3897a21f5755c894b7de635511ff611b22a0fe4f53d8842fa52359400f5c9abfc65bfaef7f4d23d51365855dfeea40594249e4eb095cd3ca7d98bd452f5cec615b04b9c5dd85e007efb7fda2c2e8c226aa092908d4a7bbf14eb0acc8b81355eb6fcc135423371aebc0dcbba633bfcab4ef0b0d56d7b99b0c53cc0\"","":"","dc2_auth_key":"\"75eea9b48fc2905b850bb69afbfd03aa77f6969a24b8f943fbed91b882ab3cc26416f8d9490e04ad07934c355296278abbc9e25a3856b1ca4b0d541adb43343f90df9ae0dc742f30afb84498fd4f0caef59b22d738627e5606240305312173eb7d1c2e353439b23f2af0f9191ad4fe2db6ee25db4827cb443d1d38245659f60393f039e092f9e03aab4b996b41252265e565803cbb851e9b11724ed3bbb6cd7448f431beeda5bb58514f7b38a40fbe7ad461cc9388b0774c81141fb3e6258f0c15d2a1a11aa157e8d653ea38dab1112d44ea7998df75137faca7f0938373c78c9654826abc5ceead2e86abcbd9664d5fe770f11223919212ddbf832a6404cdc9\"","dc4_server_salt":"\"29762906e675c62d\"","tgme_sync":"{\"canRedirect\":true,\"ts\":1698562169}","dc1_server_salt":"\"8106edc2e115411c\"","dc2_server_salt":"\"9d5a38b8be063e8c\"","state_id":"1652153866","auth_key_fingerprint":"\"75eea9b4\"","dc1_auth_key":"\"451b95a18731ee7528c7796f7a3069bbacf1c054bf60ef1f66d8cc34fc2ddf9f858e2ac717b84c3605515c0aed84166ad5fe90ccb334aea438dac65ecabd42186649a6b471c093261a9db2fc87eb5fcd3c02927f7e76a947ddb27c6b2c8c6b2461f9dc315305f22927ec98686ddb46588ae9060588711af2e94fa25b5f88ab5055cb3a22ae7c5e89ffc7033f3ba7a8df6e65224a8988ef92533247289aa39e3a9b6c13c0e516c663e9946e3bad48b328d1862070a95748afb7bd477ccbfecf62beb49929f42b083b1860e86a6d4680e4c5246117e93da2d25f7541d2e232b86da2e6b2d5d977877704ff2aa891c3caee8f1addae965b2f4e00fe6925a5968cd8\"","server_time_offset":"-1","dc5_auth_key":"\"8a5bcec535ffa46f0e00b2f34361752e08e9929d47bb19e250f5414d464566ce66f202b381bf088125b3cc104a9e72c6e64f1f748b6eccf308f996a92ef05841084197b43d6cb83239c4f028bdad609b4a56913d76a96b21d3510626c03292557c1021a114c8983481551c544a23943991521df8da141402103ba4a65475efec17d2b18769a4173c595203676bc12c691c093188b67fc25763ec59e004a667c605d6bce0ad5730fd08f390b95b50890913fb9b29bec668e8b584469cbd8987c4c35ad90e3b6ee5df5eab6348ccf1594d766cdd39e5365c5e7b123159e0a8a750bda9e0c19feced4c6343a4f1d076df6cc6ac606af2972e322b2ba672d8bb2d75\"","tt-global-state":""}
VM40:1 —————-
undefined
