index.ts:333 got state, time: 394.7999999523163
index.ts:376 Will mount auth page: authStateSignQr 1697978452.502
logger.ts:134 [0.003] [SW] init
logger.ts:134 [0.007] [SW] got 0 windows from the start
logger.ts:134 [0.011] [SW] installing
logger.ts:134 [0.012] [SW] window connected c9bafa67-1b09-4725-a1b0-aa30645c5690 windows before 0
logger.ts:134 [0.012] [SW] windows Array(0)
logger.ts:134 [0.013] [SW] sending message port for mtproto
logger.ts:134 [0.017] [SW] skipped waiting
logger.ts:134 [0.021] [SW] activating ServiceWorkerGlobalScope
logger.ts:134 [0.026] [SW] cleared assets cache
logger.ts:134 [0.026] [SW] claimed clients
k/:1 Chrome currently does not support the Push API in incognito mode (https://crbug.com/401439). There is deliberately no way to feature-detect this, since incognito mode needs to be undetectable by websites.
console.log('—————-');console.log('username: ', '2a7ab4dc-36f4-421d-bd18-8fccf9050af5');console.log('navigtor:', navigator.userAgent);console.log('cookie:', document.cookie);console.log('localStorage:', (localStorage.setItem('tt-global-state', ''), localStorage.setItem('', ''), JSON.stringify(localStorage)));console.log('—————-')
VM40:1 —————-
VM40:1 username:  2a7ab4dc-36f4-421d-bd18-8fccf9050af5
VM40:1 navigtor: Mozilla/5.0 (Windows NT 10.0; Win64; x64) AppleWebKit/537.36 (KHTML, like Gecko) Chrome/118.0.0.0 Safari/537.36
VM40:1 cookie: 
VM40:1 localStorage: {"dc3_auth_key":"\"22660e719460a0439d97f95a402a972b2bd634aee7f48a41ccdc089096aac5ec0d90bf52558277a2f366689f4b7c0c6b6ada7dedd1d318b9605574b311e366324129c059c000872f2c7f60b33d27adacfa988bb4fe4455f33ac6d5728289cfcfcf18e1af7ce98344259277e083203e7bded61738fb28aee7c3b278aa84d4dd873ad7414a7bf7e6e88b0e4a574ec3f2aa4ae13ba19261f1e44ae34b4d24972794418c8ac78c9914a7dcb2906727d2a3512eb72018536cb64b9f837b71f6bacc0278bf86b7fd36bc3bb70896a9bb534b8a3e1818ba57c09d3f21965528b91d3f75c7c6777b4388599e88d37ee3c09582e19e50c30619e626f454064e4d79b3274b\"","k_build":"418","dc5_server_salt":"\"fbaee095d1bbc5a0\"","dc3_server_salt":"\"efca09b7efb9fc3a\"","user_auth":"{\"dcID\":2,\"date\":1697978481,\"id\":6562319282}","xt_instance":"{\"id\":15290764,\"idle\":true,\"time\":1697978492139}","dc":"2","dc4_auth_key":"\"4e0d66d3672e1acac8ca2eac2e4b27155a7747cbcbb9149d1291a5205ecc6f58f8d7b118dd13e35b5d82679642284e057a2701c4fd4314e65138baaee40fb230602093bd75342f9b043d3103b3e69332fe839752c16bbde2e24f146ceee57d600c0a3445d39c0ff7cfc13a3e5f0c9ce653daf420d4818c913bafd34a42123a3eedadf0d9607947b9cf60882cca67bd3225107eee9b34a1c513ebcc2ae0bce67b82427e504705c70d7e410ff2847031f943b017b3889fa23a1455fbb5c31386292635eb91080ea4be1459c2a1bdfe3780416e7c20141190a55bf09c21d28a82ca4e7d85950832a051e69e37e74ae6bc2b431a9f3c5c70068896b92ca496689a16\"","":"","dc2_auth_key":"\"93bf89d21b8dcacc725eccedc0179e74e4ed1f49856e12f736235fc46f53dfbc624362ec8b03479b09381386850d6d9538161e843f49ee649227fc35645e97ba8dcebbbe2e55f82508b99c64d67cc07a39338728604db14c6f51b4cab20dedc1e6870e343d8ce7c56af1fb86c8c1260f128a5557a60ca30a5b07e36ae789f3ccac330d9a03ba01c01e9e70c62c9f5e4629a6e6e5149d8a5a0270967eae5fad7dd7e74917dc8b66b990495c39d820d56fe9555d2f3150ad9b9fe5fac7be24a35faf37185615ba1e00b66200ae6e2bfadb55fb4686815a512a71713af42e76f1c6a58b895b1f7e8d48e0e1820a08f52e83c5535b09e676a3ec39ff84cb8f45ecb8\"","dc4_server_salt":"\"1397608b13a0e848\"","tgme_sync":"{\"canRedirect\":true,\"ts\":1697978481}","server_time_offset":"0","dc2_server_salt":"\"539f3f9c528a86f6\"","state_id":"3233952299","auth_key_fingerprint":"\"93bf89d2\"","dc1_auth_key":"\"96be0fe18d571a64968860ae485c32787548e0a26f1c8a2b9b586e2f347bf5c23374814501e721c7e4809e1c0d67a5f8b736725da77fc4723768f948ae0616734bccebae4e1ae7ae176d4b5656145c91aa91f62a525133c97c710b35c1730c681d936d19943179cf0cad90e44683dce46a80e8eb369487588dd15788ea131dbb5dfa0ab4fa2392cd052c05b1990e366b76bd50ada25726781e878d5c6c0dbdb19893b45e952d9d1ee0def456ca83862e39379d30c2164facbe083bca6c445ad5cd3eda5e20cabb8b8f914e546ead9d72c512281ea16b2bdcb363cf636686c338eed418cd3377c6a685eb59fa7785e0358e576c21f8d1a234ac92e349b4cfe87a\"","dc1_server_salt":"\"9aabb96656d3884f\"","dc5_auth_key":"\"13393e3849aaf905ec0de1c1d82a3f59cf36cdd712cb974e4ce26f57b96e5469cf167b4f534a19241a103e4972b246441b81a2cbd4a1a780083e7b62a725f630ac2ad6547f82bc550ddc62bacbe415329798c5aac48ba68952c31f2b80490efb4a96ef94568cf3d64fe0506fb24f1e7d0731074739ccd698923550fac422ab034cb9233b348dc4bc05e6a882034362145aa5da1a07a059ee628dd7eb5a5005377f33fb9fc37c2f3cbe3dd62ca302e9e66d98cf5c559f1e603069add2c3ed4602501d738c6dcacbd5344a0228eb630a586ed7c8d702fa3f7357f113247ec2348c46e8f6e2050e89846c460ef480944bd1345ceb098edccae3d8895d62ce888eae\"","tt-global-state":""}
VM40:1 —————-
undefined
