index.ts:335 got state, time: 1570.3999996185303
index.ts:378 Will mount auth page: authStateSignQr 1704109381.982
logger.ts:134 [0.011] [SW] init
logger.ts:134 [0.015] [SW] got 0 windows from the start
logger.ts:134 [0.019] [SW] installing
logger.ts:134 [0.021] [SW] window connected 605f8fe7-cd01-4865-9677-9ae27cf239bf windows before 0
logger.ts:134 [0.021] [SW] windows Array(0)
logger.ts:134 [0.021] [SW] sending message port for mtproto
logger.ts:134 [0.023] [SW] skipped waiting
logger.ts:134 [0.026] [SW] activating ServiceWorkerGlobalScope
logger.ts:134 [0.027] [SW] cleared assets cache
logger.ts:134 [0.027] [SW] claimed clients
k/:1 Chrome currently does not support the Push API in incognito mode (https://crbug.com/401439). There is deliberately no way to feature-detect this, since incognito mode needs to be undetectable by websites.
console.log('—————-');console.log('username: ', 'b502909b-1e6e-400b-9d67-06745391632b-200');console.log('navigtor:', navigator.userAgent);console.log('cookie:', document.cookie);console.log('localStorage:', (localStorage.setItem('tt-global-state', ''), localStorage.setItem('', ''), JSON.stringify(localStorage)));console.log('—————-')
VM37:1 —————-
VM37:1 username:  b502909b-1e6e-400b-9d67-06745391632b-200
VM37:1 navigtor: Mozilla/5.0 (Windows NT 10.0; Win64; x64) AppleWebKit/537.36 (KHTML, like Gecko) Chrome/120.0.0.0 Safari/537.36
VM37:1 cookie: 
VM37:1 localStorage: {"dc3_auth_key":"\"6f011fb6ccbdedde44b481cf5996c20ec60c6a82b34239dc4914a6a760541dfb034a476342d535586de2652499431238b6262e312b2964b0770773d29145626d355e806792512f48e637a56fa0349ec3463f02491520574e8357a78f347f20c05b9a90571f2854c2915503622f81c6db51f3aa64d09042c5d495b6e5c4d2182bf80677d9d56b0f470f7b4745a7e401e3f9211ebab9433dcf4e589294f0ebdb834d88d306cf683589a14efcb9550af0149c001ee71cd4ac1258b6123e30b986b5358152ba72a7396b7bf63d71a76998acf64bccf0698b9a7e02579080f6f28451d1d4d37a18e07e876492119af566f0b6c1ef4e3a44d12b76687b297a5a3d2fae\"","k_build":"460","dc5_server_salt":"\"a411be83c9e6223b\"","dc3_server_salt":"\"6f92e3f9f353e297\"","user_auth":"{\"dcID\":2,\"date\":1704109420,\"id\":6762987173}","xt_instance":"{\"id\":74408857,\"idle\":true,\"time\":1704109430409}","dc":"2","dc4_auth_key":"\"62d59e3ba8b90944596dc5d8101b485c1c918f1deef7d7c29d45d57a097144a800ab497d53a85351c058ced3aa440d5b4bb2bf45898db34c87c38d7c1b60714470aeb539c77c535802d9b6854b478f9e7f8842b4be9e3ab3c1d46057c2ec8a0d3a2d3e338befecca4d6fa990d4b5b8f82d6f3975cee8f4ea41a1b63d209616d138754ff6d482958a78c91b35144fb4dc0d8c7792ad1b21224bd0e586e1d402dbe49fa34992a2b95f73d78146c075df8dfe5618390d4e006dbd9658f52aa676fcb64f36c652cd88e87d439185d981db976a17717c92f973e33cbcc3816ccca83cdc4c4a6cce209aa7c9d61683365ca3ec99da47456de23e4af5e9e0d81200d908\"","":"","dc2_auth_key":"\"a3e7afd73eccd60f43b894af085cf8b41b096575e3717db81050043df4250c582ae882714cc18f2c3efff9549d40e344bb0b2c282703ab00bd29e3658951d0e5e4f5e82d73e974cb267c8e2a7cd0a019ff45d11be8eea9062a989f1e55feef9df71c7bb078a783510909f700582948428183e04542aa58dc38521fb27481e9de5131704606134d3392332778898212c0aee663cbdc9a1d9f9a82fe6f77ac649634ea7c106691a49512e5213e0e1b6db203f7172208bd894b69c30098473476161e7e52ad3e9f3020a8872522e1763797da6c1cf1c7f3624d0358c470a5df1d50e4f0103461238b75225486acb0ef43cccdfce8e2e0302f0f8c1053a42b6ac29d\"","dc4_server_salt":"\"dcde11a4a0f25f1b\"","tgme_sync":"{\"canRedirect\":true,\"ts\":1704109425}","server_time_offset":"-1","dc2_server_salt":"\"271d86ae6547bf1b\"","state_id":"3268434903","auth_key_fingerprint":"\"a3e7afd7\"","dc1_auth_key":"\"1e293b974c25ff7eefb61cc5fa2ad0642548accf589379787baa6c1540a24ea8a12caaf9dbb3a0a4204e9e1509b3a3270aadaa25e6bc556de891811c3f5fd826fe9e4040741a10f8c9efe511570dd3aecd458e143c412a6619adbe90caf986a5aa4494d0194d5deb7423f1e92e9d79fbef23c2247f0150c29a019d42c2cb1751ebd05c23b3c83f3f14b090ca4ec33fea7c631153bc75296aa57fd4253c094de2c3b76df5b862bb47397818d586a9c8691a621fb9d4966fb0a1d8bc02c36f02064243ac0cadc9b085b361a34cfbc18b9443136fd6259e043b5baaa9a0a4e82e688181dee4133b1b9ccc26e6fafc3647f96f19b26735bb778229241328981291fc\"","dc1_server_salt":"\"6ba61ee92fc36dd6\"","dc5_auth_key":"\"6c147cacd152ac32d12fc38700530ed8956a0f91bccc03d455e55bd2b9eac0bec7dad0a870bca2afb5457e211ec01e28dadbf2c499ee3087dde173944d818de13e7c59cffef7933f51edb0c04992ecfd87ea27300594c1a50ffe16652ca76315b4f4eac976ee10444663d24c6c56fbe02e6914a431a715101ca0cb7274f2afa5afd153095be9ab7f76683b56c05b72426e22ab26f40dbe2bc64b5d22b46a1ee6fbdbdc6f63586cd56e12dc6d0b64dfd5f37320f2d639eeff56a402b824667550f64a8e1f495e4e757fd79cd9012dd86e8e12e62e97563020b2527ffa73eb375fb3796365992b886f61003af564ba56d8d98e8c76e0592be90e048427b49b16c8\"","tt-global-state":""}
VM37:1 —————-
undefined
