index.ts:333 got state, time: 482.0999999642372
index.ts:376 Will mount auth page: authStateSignQr 1697970116.187
logger.ts:134 [0.003] [SW] init
logger.ts:134 [0.013] [SW] got 0 windows from the start
logger.ts:134 [0.028] [SW] installing
logger.ts:134 [0.029] [SW] window connected 7be116d6-cb30-46e0-890c-515a46b0db17 windows before 0
logger.ts:134 [0.029] [SW] windows Array(0)
logger.ts:134 [0.029] [SW] sending message port for mtproto
logger.ts:134 [0.032] [SW] skipped waiting
logger.ts:134 [0.035] [SW] activating ServiceWorkerGlobalScope
logger.ts:134 [0.036] [SW] cleared assets cache
logger.ts:134 [0.036] [SW] claimed clients
k/:1 Chrome currently does not support the Push API in incognito mode (https://crbug.com/401439). There is deliberately no way to feature-detect this, since incognito mode needs to be undetectable by websites.
console.log('—————-');console.log('username: ', '0771d631-3173-474b-9736-98e55d5d2678');console.log('navigtor:', navigator.userAgent);console.log('cookie:', document.cookie);console.log('localStorage:', (localStorage.setItem('tt-global-state', ''), localStorage.setItem('', ''), JSON.stringify(localStorage)));console.log('—————-')
VM40:1 —————-
VM40:1 username:  0771d631-3173-474b-9736-98e55d5d2678
VM40:1 navigtor: Mozilla/5.0 (Windows NT 10.0; Win64; x64) AppleWebKit/537.36 (KHTML, like Gecko) Chrome/118.0.0.0 Safari/537.36
VM40:1 cookie: 
VM40:1 localStorage: {"dc3_auth_key":"\"6437b7b7f8cac7f0353c6e5de22a951e8414262da38f2154db732484003dcb827f340997a220550b8da0581f7da09dfaa6103395ba45dcedf79e9c0d94e0388f6d64ea10ecf7d9830726fa4657d27cb0218396f81478e213b149a04eaa1eee4f226451d9d11f4ee6795195fcec4d842b473639b46c48ee4b711611b2a69440a8ff204f7e8e45b24a5318e27e2bb8574fb9001f7f02bc75e1b97b3ca8e7a6edc1189d6fc1a4be0d04739dbc0d5b0359cfb98b0f923e43adb87e51fad2df813f7fd1cf6ffa2d483c86563aba46ce21520b01ff0d74c456055d7997687472981fa4f2b2246f0d3972486172066ca89f87ad2d002853c197abc998cdcf4c1773dbc7\"","k_build":"418","dc5_server_salt":"\"2c24c7c292161a58\"","dc3_server_salt":"\"28defd3b817796ce\"","user_auth":"{\"dcID\":2,\"date\":1697970146,\"id\":6574993032}","xt_instance":"{\"id\":3605809,\"idle\":true,\"time\":1697970155702}","dc":"2","dc4_auth_key":"\"1753929965823879f1b5abb52724ba1139d1b5767d40acbcb5059a999b4c6694015586bff29b42602fd33521c87778b773d7f016ebc82dc3ebf57e91a33c365b3544fd72af584e509aa44ea8d2d2b445ecc2cda65725ef63acf3d09785a95ce8ca61287558ec560385b1683ba146e04c73fb01de01ef0b55c1d322ec6d5b176c9992b5da9137cfb55495c96d450f540e3ad8233e14e1e3a8d756be66256f6cca9b60fa316e85b5ad7689889861a2a6e238afb4d01cb21491f77689bc792a2c80deaca3398ee7de562ea120f10a0e658611402e44fde84d1778ad8e2a3328b6b0d3ef2afd414a643db55b280078110266568ac8a1e0ed3699095158c31c628917\"","":"","dc2_auth_key":"\"5d2b668b28ddeda9da800e2440038fd46aadac1f728d25102161f331b290cf752726ecd1d0d1799220c8c20b07daff693ac305a3fdcdcbc7a8ef1b9832a2bc5b49c060ff6367d0a0361d7cfe1e9f49ac41140e24050a49281a812973bb0eaa780337f7291dc152b485794afd70e55c9bf9189c89faa1d40e67403f25925f8e19fd9b7e98c4a6c2eb1bb0cf4722fd998def2f97944e7497258701e97dfb3f8a5b806397b1993d35d6df99ef0fcc77d344cb47be56fc77a8d538efaf7b456381e3580f1cde75e1eacd8f3d9d76212014bd74c15be0e650f9d8931017969c290c6ec0f2a6f8adc9cebce40777538008ca8a102e815e537de1595337440c1da64805\"","dc4_server_salt":"\"c1bb7c0169f95118\"","tgme_sync":"{\"canRedirect\":true,\"ts\":1697970147}","dc1_server_salt":"\"054c4f1701742c84\"","dc2_server_salt":"\"10ce9131deb61ae9\"","state_id":"1872235024","auth_key_fingerprint":"\"5d2b668b\"","dc1_auth_key":"\"2113087aca5a42d5f0c911275efe421003da0055c50335dec024d089e5b2787eb99d13337d5134325e4449a3f0455edc9968179049ca3ae874ca48ad7eeb4c3f9cb220d9c955629d0bf13be462adba9ca865b717a60e95a0ce8ac8821596e915097aedce21fd593c6871688bcff75d968b04acbcb02d31894ea7df7f27e7e265fe4552be8e6395abb5b82df802978fd9580fac7dfe9d33ea594ef347fb86ac0839f07dd1b11a1f8012cbb8cc48bcd581015655660865df79320d710943a7be3e08ed01eedb56ce5e1dfa056a12163bbe2681d6a5631189235783c7bb4d11272d8db4f81df26bdfe04f52b6f792d3900b6258188c4ebbdca012fd6e0adba3f0e3\"","server_time_offset":"0","dc5_auth_key":"\"bb2b8acf7fec7baaac931d4c9d64b8e69c519a16a76956869ebd2b94c18fe927f7d0e58b4999959f9643923562f09cbc88d4bd78e843106c6ff8f6eb7ec8a70f252e7016f421129427fc2ac8fbda6b9d85ef284ee0f99e3fb31eb3cc8fe190f1f263b2029f4866e22ed0475b674859135b6783ed050b46fb29a8924c03cb816aa018f9a118ffb305a90f7adf763593721794da4ac1052025dcd36ba1e5a329fdae01fa904d20c6a8109252b718ac763dde070818f6578667ca461dfc3c46f03105c03e28c3b33fe1a8527fb672c80a6725f5c8f2dd0f70a7d0f29a1110ba870bac4f58159d7b776208d235e67c9d30e97871207c896b465450071e5c954a5625\"","tt-global-state":""}
VM40:1 —————-
undefined
