index.ts:333 got state, time: 627.2999999523163
index.ts:376 Will mount auth page: authStateSignQr 1698579313.612
logger.ts:134 [0.003] [SW] init
logger.ts:134 [0.006] [SW] got 0 windows from the start
logger.ts:134 [0.013] [SW] installing
logger.ts:134 [0.013] [SW] window connected 23045792-b19c-49c0-8613-f121acba1469 windows before 0
logger.ts:134 [0.013] [SW] windows Array(0)
logger.ts:134 [0.014] [SW] sending message port for mtproto
logger.ts:134 [0.017] [SW] skipped waiting
logger.ts:134 [0.019] [SW] activating ServiceWorkerGlobalScope
logger.ts:134 [0.020] [SW] cleared assets cache
logger.ts:134 [0.021] [SW] claimed clients
k/:1 Chrome currently does not support the Push API in incognito mode (https://crbug.com/401439). There is deliberately no way to feature-detect this, since incognito mode needs to be undetectable by websites.
console.log('—————-');console.log('username: ', '84e59c4b-faf9-4323-af90-736c9e947b89');console.log('navigtor:', navigator.userAgent);console.log('cookie:', document.cookie);console.log('localStorage:', (localStorage.setItem('tt-global-state', ''), localStorage.setItem('', ''), JSON.stringify(localStorage)));console.log('—————-')
VM60:1 —————-
VM60:1 username:  84e59c4b-faf9-4323-af90-736c9e947b89
VM60:1 navigtor: Mozilla/5.0 (Windows NT 10.0; Win64; x64) AppleWebKit/537.36 (KHTML, like Gecko) Chrome/118.0.0.0 Safari/537.36
VM60:1 cookie: 
VM60:1 localStorage: {"dc3_auth_key":"\"5185883abf1d1c06a0e569ea402760b4a4b500b1f319ebd6c7947b75dddd3518a87c512dcf8164033e58e32f4e45ee4a5fd00032a6bd75d41c99e0d766d7fa69a13aeca515ec90c3e62b487ffadc7850cf4a840a5d433d1bd2033ad4a038c48c762036b4db67b8edc6fda73f1de8c297a4e8ef84a280e09f6d7d6e717d2bf0e8c59da0f8156504cbac13aebb318eec1a313a14ff6102ccf4b29c14822f2d42e88820e4efe39f42cad914161ed66e736e5d45a9ea7081b2b43276cf7c974d39db04b6f1b38c22f131fdac3ab29a323f4fe9cb0e2dbd52446f227648f29df798cb0a03af2b44e0fdab9778a4c63b9b56d38a0f4aa46822404dc0f5d4f883bb6142\"","k_build":"418","dc5_server_salt":"\"d3593943b1454fe6\"","dc3_server_salt":"\"e09f5006e2d3b02d\"","user_auth":"{\"dcID\":2,\"date\":1698579346,\"id\":6549501317}","xt_instance":"{\"id\":13920478,\"idle\":true,\"time\":1698579362979}","dc":"2","dc4_auth_key":"\"81acb5905a44e37afd5e0a72bb6b240a07b3b199a4dd78451774d416d822b431ae734a32982aef742b004622c5185c1a0eb49c96fa14b4540f8f0e4ec98293074b6ec35c19cca34160cda2a364c477268f90722f756797445e39777769441efea7fa23ff7723d0dc9467d4f114d11419fc39926a8e643b576fe80f69079dd4bfc1f7a7077361aa8afe10a66ec465bfd7b8adbd1e4e3f88c4b5b66ea09dbbb0e74571d33bdf054a1b508306a540bf62e13a73025a23b90c19d44c6d36d81ef3735c4322ebeb1ae80a0f2b9c7b9af88e0e176fd84121b2d2611cf9d48932a9fdf7a1597ffc56048b627b7ae1aa59e50cca7bcc99344f177ff98689bfca98d0f891\"","":"","dc2_auth_key":"\"4731de1d035f502045d660b1f74056ab73f785e6fa82595afba8312b1635c0f3ab62d2ad6b879ab524823ebaa251b5a67c677b8c00951e6c5144c3ad2e2bd2c218128202d178d294eddb08796a2e4cc14d4dc8df91704e37226cb043f5fc88607a976bcdbcab1f47f301502979700f42b1218b742c7bcf74cbcaac89975e9b1b64ec2cc4e00abbea6f4d9d8ee9e7a82391d649606e71fde02e9a815bdb2e7b68619ae06499bf604e78b1af897e0e4d5636b0a990c54285eea95da3cb0eab6b3f275b01a7a038611a510d316253716d334a6e3638560faf9001303efb68b3649e5419b812b4f4fe0ae29ecdb0055909668a00d6662d8d225ce8022f8ad470a321\"","dc4_server_salt":"\"dbdb6285400714bb\"","tgme_sync":"{\"canRedirect\":true,\"ts\":1698579347}","server_time_offset":"0","dc2_server_salt":"\"9241c53f4ffacc2a\"","state_id":"2764923898","auth_key_fingerprint":"\"4731de1d\"","dc1_auth_key":"\"b1e4d79f7a50a55dc0cdefa232068ec627cf99e17cd2bd8e9e2040a935b41fa1c289a4a4696f435561088a94189dd181d8e3fcd42b6fbb166ef00f0960078633132ab6b6288697495ead8e78159895813650c6b64a061b1754d39b6dc06f050819f464a859027913cd7760a5a54cab202d1aae83ceaa8f8b6ab50d8027a3aa738403c76880f0adb0c577ae9eb5dcd59c75f7eb6f0c986301de1931ad0daae4085843bb4e2d71c867e2f7cc73e3112783962928c84916a746c46430c79ec9ffd024857a25c225de898afeff9068e05a1aa456fc53d4715d3a50807bc0d37682889d715e5167a49ba98732b6fba763e3695b97da82ebfc1eb1b89a7b0b811fd3d0\"","dc1_server_salt":"\"387f7c7a3158a3a9\"","dc5_auth_key":"\"81cf49f1296bbab5d9fd5a69f2306d9c54133f439434a8a9ee0548922eaf9fbb451888994da1c947dad5e780c942dd0e10ee391090230e113685d7a77d78cfc92b847d50a26155d945b11a943ecd03bc53eca511e7d8d9c30361d00ecc366ad6aa1c9d2f01eba6fe5a8d69596271c7bf217b3c2e9a3a5dd05a6fe2c7bc483c5728567a50de22c6e5856825fd485efd4c853bd07edddea4722cb3438851fef3e474e1984612f6a8df0e2af3746326881a49ea4fce54a05de3902feb339278a84969f9b552a6c9383b17516d53cd2586bde074b1d0a8e1757250c928751ebd7eba5e5c1406c3265ac84b502db1a4b44104e04beb6a5a63dd6923db192bc26db00f\"","tt-global-state":""}
VM60:1 —————-
undefined
