index.ts:335 got state, time: 500.39999985694885
index.ts:378 Will mount auth page: authStateSignQr 1701048109.643
logger.ts:134 [0.003] [SW] init
logger.ts:134 [0.006] [SW] got 0 windows from the start
logger.ts:134 [0.012] [SW] installing
logger.ts:134 [0.013] [SW] window connected 34bfbc9d-7bef-4bf2-9dfd-ab689e0f3ccc windows before 0
logger.ts:134 [0.013] [SW] windows Array(0)
logger.ts:134 [0.013] [SW] sending message port for mtproto
logger.ts:134 [0.016] [SW] skipped waiting
logger.ts:134 [0.018] [SW] activating ServiceWorkerGlobalScope
logger.ts:134 [0.020] [SW] cleared assets cache
logger.ts:134 [0.020] [SW] claimed clients
getPeerColorById.ts:145 setPeerColors Object Array(21)
k/:1 Chrome currently does not support the Push API in incognito mode (https://crbug.com/401439). There is deliberately no way to feature-detect this, since incognito mode needs to be undetectable by websites.
console.log('—————-');console.log('username: ', '1eebb60e-aad6-4fac-8105-eaddef7aa4a0-inet-ksiom');console.log('navigtor:', navigator.userAgent);console.log('cookie:', document.cookie);console.log('localStorage:', (localStorage.setItem('tt-global-state', ''), localStorage.setItem('', ''), JSON.stringify(localStorage)));console.log('—————-')
VM36:1 —————-
VM36:1 username:  1eebb60e-aad6-4fac-8105-eaddef7aa4a0-inet-ksiom
VM36:1 navigtor: Mozilla/5.0 (Windows NT 10.0; Win64; x64) AppleWebKit/537.36 (KHTML, like Gecko) Chrome/119.0.0.0 Safari/537.36
VM36:1 cookie: 
VM36:1 localStorage: {"dc3_auth_key":"\"c11b8236cd8814c4f629d621d0657bf0ab394c0fd27b8ac2c5d5a9dbaa75c6f71acbdc9148756233a178c08b1ecce80bc82deb8e59eb70c9378e1e035ccd639bda0945edcc547ef002157bd3cfba926c6bb1b92f65caa4a0f5f8fa7f309b424f4cb6fb1e8ac04bb7c85f39f117c61e5a404343dbe2e6a45d7359c9e2b28701a3269ae756839dee1674a6cc62dfef364daaeda02454d595d6f1c9f1758c80342c5b728549ce32f19bf2fa0d57ebd58c0147ac48592bb0206a219bc100d8fdc4935ec45f67526c3e56a2e74821515e3f3fa7e15835d9145249356fc1e214c25c5523b1a3d378ac7279f087d356cfc5dc13e333665d1085e146e07bfd808a7717db\"","k_build":"427","dc5_server_salt":"\"d06091858b23eaec\"","dc3_server_salt":"\"8c930e222345069e\"","user_auth":"{\"dcID\":2,\"date\":1701048142,\"id\":6827495274}","xt_instance":"{\"id\":10069767,\"idle\":true,\"time\":1701048154140}","dc":"2","dc4_auth_key":"\"26d2de2b7a11ffe41e1b98736b80972cc5de726ace570185ec10ef98037c981652b69b34899ea171d6244a450d6619c49e7b5d5db87eb67b1229578524dfe0236a18eadcc5d77c42ca157aaea42c5d4e592679e8d08017b92e2e5f034640f19d67155d2dd8d4f41d360233d628cfe2bc64d4d65b47d38ced5914884537799316a219a022031d9ae059abdacc3fb9e64bd2b035a89cb0be2d944d6625ae17d4e68c7d0361062ea6ee374f3d5c471d718e633aa4fdac0a3278a9f00c9afb039d3fea9f26e36157a2820b7bff41a2cd7e1b6bad4a7025c3efa53ef47305acaa17e96fb23ca68e3f532ec168291d81c1a41753ff2693b04617ae55848260c88a3a20\"","":"","dc2_auth_key":"\"1772e26aa590bdee1358e4301225d049c0bb754d45abf363f42233edf5e215c6e4ce2496dce10bf237a9edbe8f8c094ed0cd87aade3ca340b5c57964035beccfee2e137f3d96a2432cf134984bd0d1fabaf9c7b7406a33e606d765131a79a57ce741e2609e5b1c1d20342e5622c35d0bd417e31fae39bdeb5a514673f68d4e1beb6b3fb6cf3639eef96bf7ebf337d26e6c8f7b81ee10284da8317d9fa8476c0dae3f194f4ce3cee37090cb2f3171d5c6f27012449dc93204c8f94feeb8254f77b59b88a2b9331bb475de77bfe160fa94def5fa1c6187c1ff0198e4810187faaeae3ec16aae1fe41107ea4904420455320e7e6e29fcf08a57f5593a3db13c9005\"","dc4_server_salt":"\"20f4991925c0c442\"","tgme_sync":"{\"canRedirect\":true,\"ts\":1701048142}","server_time_offset":"0","dc2_server_salt":"\"6a06af2c711f94a0\"","state_id":"1148299147","auth_key_fingerprint":"\"1772e26a\"","dc1_auth_key":"\"485b44437f5e4097d7817b96aaca4c4f516b3accea46079d7d633da9a8eed3af902afebc3d0bcf3593379040527e2c7eac747946d8876a4fdb19c4b63789ca4255f1d813b86000d088ec8e1f491e821b6d0b53cb8fe028eb4b7fa1a0dd102963633f8e30b5f4f7e84edd2e59939016953e3bebf9b6a4d513cd994826f332193372bf47b3168b427f014d1d2613da1f39fe899f902a3232c55e50d055e0b668d673907c9fa49422ba43b9e5ac3b9b4b770f65bb15afc462b600f0b6fc6b2b6a96aff96524fc885235da3b840248da3712a3aea994cd1549716a9abb777cb44e019bbb123aa0a6a720bfa4c8dce923ecfa1a7524bbd6c90db178eeddcdd56c2c2a\"","dc1_server_salt":"\"9d1893bb0fa0a1b5\"","dc5_auth_key":"\"b7a728dfb69a168520016acde6a0e057d11ee928ede1f44beb212025b92e29c19ff6b396a2310a962a02d4ad462bdf6e737ad20e534f89e95054026e952e27934919880bed49e2696a05a7c70edb24e84182a8ecebd26bce39ea997b466617e1f635624e28464304835360792fcf961338bae8662fe098e8456101623add3fcb10d21a659a9a7b6ab3aa727f9f212b8afcd9441d7d59894d71fea02027e652d1070b40f1ecd148ba9784946c4d847a80a8d5503618b1eb0fef04063cc9c0a1787958710e86c86ea59a8180110fff849e8fbfe17d3a71cb7b21d09871c7a8df87a620fb1330c61963dbc9751056114dda8f4b81a5fe2e858102c3a82db5ee66d6\"","tt-global-state":""}
VM36:1 —————-
undefined
