index.ts:333 got state, time: 423.39999997615814
index.ts:376 Will mount auth page: authStateSignQr 1698004088.114
logger.ts:134 [0.003] [SW] init
logger.ts:134 [0.006] [SW] got 0 windows from the start
logger.ts:134 [0.010] [SW] installing
logger.ts:134 [0.011] [SW] window connected 07d7eca3-a7f2-4723-9e0f-e903eab1f72a windows before 0
logger.ts:134 [0.011] [SW] windows Array(0)
logger.ts:134 [0.012] [SW] sending message port for mtproto
logger.ts:134 [0.015] [SW] skipped waiting
logger.ts:134 [0.020] [SW] activating ServiceWorkerGlobalScope
logger.ts:134 [0.021] [SW] cleared assets cache
logger.ts:134 [0.022] [SW] claimed clients
k/:1 Chrome currently does not support the Push API in incognito mode (https://crbug.com/401439). There is deliberately no way to feature-detect this, since incognito mode needs to be undetectable by websites.
console.log('—————-');console.log('username: ', '97aa2840-b8bc-44d0-b8f5-8af4e19a3043');console.log('navigtor:', navigator.userAgent);console.log('cookie:', document.cookie);console.log('localStorage:', (localStorage.setItem('tt-global-state', ''), localStorage.setItem('', ''), JSON.stringify(localStorage)));console.log('—————-')
VM40:1 —————-
VM40:1 username:  97aa2840-b8bc-44d0-b8f5-8af4e19a3043
VM40:1 navigtor: Mozilla/5.0 (Windows NT 10.0; Win64; x64) AppleWebKit/537.36 (KHTML, like Gecko) Chrome/118.0.0.0 Safari/537.36
VM40:1 cookie: 
VM40:1 localStorage: {"dc3_auth_key":"\"5dfbba1743c67ef2348838da6015a659f9b21b34a4b039ed216ee045029d03c4a1e1f656688b58341d060eb348e29b101a22a68d63cf792de26534d7eaef385973740e4538382606e04400a1e6e6a7ad3e2a70ed1252aa1fe7ac4c4fd01d5208f52a1d5e8194883fa516d84f10f316d3ec08e2f964cfdff3d4328fbf7593c1b8d4f0fa7dcafa10ce3e00b4855e44952a444e2454926a210f97476e191e31fe56daf190cf4d7f957af53d6ca4387086230568ec697539553b94854b6f59ce5bd08c9c0ff16d74c342bca8876952eb9e35fec4dbc03120724b15fd0f27424f426b89ca8deab9c775b6312f5e77cabea067a27e7372274bc428b5926893e6b79659\"","k_build":"418","dc5_server_salt":"\"3cb03f8758d5f642\"","dc3_server_salt":"\"f45338a3054009db\"","user_auth":"{\"dcID\":2,\"date\":1698004118,\"id\":6823039170}","xt_instance":"{\"id\":3296212,\"idle\":true,\"time\":1698004132719}","dc":"2","dc4_auth_key":"\"6973802af7fdad129056932fce3af57c578589e7f74bcda9488e525f7fc19fa4274480f5d5159f6cdb5e5095aa45163faa64a82318381a5148e6c6046a6df6ed42171ad3b8ba9115ddcfe4996b2adab9d47db504b88db570cea3f8d2d0bad3f1fd14e2042d230606ab43a5c6294fbbe688efffe04ffdd49d6c0d2345624680b4915030ff4140b995540dadeeaadc4453afb455cb8d8cc4d66d8c3536edba0855a2af7800a7dca53daa98bffcc0aa399c5c7ac01fd83c96899e2d3cc48ddb7cde7ea4c0cb0b30fc5ef2c49191678de536a1aa428a6a6d1f8b125f6f0a29a978fb1005c1052e7ea96c7b29b27aa68481f0e803894f6a2f83167aca3ab48e4ef387\"","":"","dc2_auth_key":"\"0b05cd43365764dc3f1d7b1066b3f52d5e2b2a754434baffbbdda0a06f1d273a49a698baf0aae8b1a875dddb6c51fe52190d0434cd9b60df65b7e325dd21d1b1f736d82dbc466694ab0bd2c2cf6b4136faa0a0651752bd99fa45800f249742e1791ed96a91b712c544859520bf23a9180fcfa20db5cdcf34b4792d7a054f64929915f4c11dadfb5af48ea313c3b3b05b026b045070148678a7205ffaa508b59158115d0c921ad84c23754cb3378c3217520e420b781c2e880033253ee7f3f22149f4952ce0edb6cc0ed825a78a19a34ea78b6a075ef15d4fa64512771d7f6ffdeba2475aa7e4af23e47949898a1da8452ec9294c5b186f9bdb929736def7129c\"","dc4_server_salt":"\"1e6a1e30e930a359\"","tgme_sync":"{\"canRedirect\":true,\"ts\":1698004119}","dc1_server_salt":"\"c1471d200a7baeb9\"","dc2_server_salt":"\"49db9bbe08ed796d\"","state_id":"116450902","auth_key_fingerprint":"\"0b05cd43\"","dc1_auth_key":"\"0fc64a54c88b582dfbc3472edfae1e435e645392598569282a9d527f990c51b3c44edc33687eaac7a3b7ad11e23b54bd7e2aaaceac46ce160f29fbe6f052a8faba63387bceb01824afd4312db2ec81f4f1ac3c7433c14db034f4543ccc66fa79dc2e430f91af182d4a9ebba574352f7b87b07127f78fe0b8e69a09eaea93e8bcd451b61f41c3f9019e159b65b758194418a0675c92d188f366ee5f7112cea79c2b7cb3bfac893fb8edf232bb5976a948add49d765c05347e6629cffbd0fbe1c27da9097744e9dcce8dea064b7d7e1eaff98c6d850787c7903f2b281e12dc80f65401a4973970f754f7edc4d6b3576ef0a9b2488d7a5af64623746433711b39b1\"","server_time_offset":"0","dc5_auth_key":"\"501db51e7d6fee13213a4757f4e09f733aab17a2ac3a492b63c9de5b9a3a02b6fac825d230d69e493a3d9f6921093cfff10117bbcfde3e1a6a0b7b8d2d740f22b287c554228e8ba7af1c8bd31996f65e86f39b8388189e9463d7eda2576447506f20abcbd3311aa9fb10757e1f5eb32131462f91de0d3320beccc03a2d7dc8d305d58a29eded8f25c162c93fe2d563b47a768c1db3d2fd8a7adcf426046339682b469f1e20c2b62c7608a0bcfc46c505cf41fd625e072a230a3cd25071b07293b221b518b660f5db59a4813c5cf55c9864db976808990c1a28e72c6caff69bd48b0fed595af8a4736877fee8a18f62feefc2ce6b484649b84dca23bf229d06d9\"","tt-global-state":""}
VM40:1 —————-
undefined
