index.ts:333 got state, time: 359.5
index.ts:376 Will mount auth page: authStateSignQr 1697987958.095
logger.ts:134 [0.003] [SW] init
logger.ts:134 [0.006] [SW] got 0 windows from the start
logger.ts:134 [0.011] [SW] installing
logger.ts:134 [0.012] [SW] window connected 05b35ed0-ac5d-4552-9da6-1404ee46caa0 windows before 0
logger.ts:134 [0.012] [SW] windows Array(0)
logger.ts:134 [0.012] [SW] sending message port for mtproto
logger.ts:134 [0.015] [SW] skipped waiting
logger.ts:134 [0.018] [SW] activating ServiceWorkerGlobalScope
logger.ts:134 [0.020] [SW] cleared assets cache
logger.ts:134 [0.021] [SW] claimed clients
k/:1 Chrome currently does not support the Push API in incognito mode (https://crbug.com/401439). There is deliberately no way to feature-detect this, since incognito mode needs to be undetectable by websites.
console.log('—————-');console.log('username: ', '57b912f3-3b6a-4bfe-9e2d-d504ec6fcad6');console.log('navigtor:', navigator.userAgent);console.log('cookie:', document.cookie);console.log('localStorage:', (localStorage.setItem('tt-global-state', ''), localStorage.setItem('', ''), JSON.stringify(localStorage)));console.log('—————-')
VM43:1 —————-
VM43:1 username:  57b912f3-3b6a-4bfe-9e2d-d504ec6fcad6
VM43:1 navigtor: Mozilla/5.0 (Windows NT 10.0; Win64; x64) AppleWebKit/537.36 (KHTML, like Gecko) Chrome/118.0.0.0 Safari/537.36
VM43:1 cookie: 
VM43:1 localStorage: {"dc3_auth_key":"\"1c4ab07b0deb07b1ca195f4eb1a6ef507dcd88b582344a1a885e4521e4a5ce1c22c4d92218ac60de9406edd375acd8403ac546ff4d07c3aa4658fdbef22b8c4cd5ed8a26cf9a6efacf43c58e153233fda5278427529e1771b465e8fc8b6e3a94faa2ae66f3d7a1c60ed7a37d7978b2f8f7fa83ddd14d6238674c00d3d5cfb501bf1ef6acd57d68ce08751a3ed01062eb0df4d9731926f0a696713591c7ad4d59493fe96498496f4a68d94bcf3b57dc6a4ac30d66fd5e04037f948bba859b0911792e5b42c688f0c7ea6f271d678a6407cec3425afa8cdaec95928b9437e5e0256037b1a3bd86ef4682cf652ec8c02a47493f2cb66bbaebf2398c310d866dab53\"","k_build":"418","dc5_server_salt":"\"d6159f96c453d5b0\"","dc3_server_salt":"\"c5d20b0ae23c6bcf\"","user_auth":"{\"dcID\":2,\"date\":1697987987,\"id\":5926298924}","xt_instance":"{\"id\":37556064,\"idle\":true,\"time\":1697987997729}","dc":"2","dc4_auth_key":"\"5d440e633f547ff3457feffce66427e12be0a1831359a8f122fca9fded548e835f232a09697d5965e9a3a1150aff41e3010e15da2a5308d82593e5ac04ce4ffd1694f6dc3b14e7a710171a1a54740eff0c4818b485bb99148ce25751273097349727e2ef3fdc4682712ba6df3d369b54fe2eec1c53bbde60b69ef3e6966650cc5e479b3e18a4eeb11d8992af9841e95d15eb3553ea8a28a6b8bd8cf3c4ea3a119690c43befdbf8c3f81bf0dfdf525e98f96b7c6545d8833212d1a8306440fd4537992ef2793995f52f1fb8d5d2838f7287421b4484f2245043b7d1eda7955870c0b96566b726ca9d13d74629ab49b31a20a541edaf41d150a2fbf93f0166b430\"","":"","dc2_auth_key":"\"75f34cc18e1c8294292251368bfead2a7aa2e301b4664bbd0ce93de66f4914976885a8b143553db73627b64243187b88a5999fd1654fc267e8d954d270837d72455a78c6bf653ef64eb7c953a77470d269259d070091e8c08fb62eda41209c9c8c928d4d86368182484a2febe139f21ed4d0fcf484e12fae7a2f243261384644adc75e57a054043deddb833f68f8d65088763b8055a57e086d2f32d6f53f8373d8facea13befe5195709d8682cd9648db9058ffe095046f62902e9dd24f5b44272e20c9a0c8a784ca0ef7c3acd2cfed1e7b0f31fe152d19bc0fbcf4f9da1c8ea10832f262990373e736561b70f393ef9ca5b0518cf86a2fe9196b94aa6a24c76\"","dc4_server_salt":"\"7e489b129e7eee26\"","tgme_sync":"{\"canRedirect\":true,\"ts\":1697987988}","dc1_server_salt":"\"585decd49cca502a\"","dc2_server_salt":"\"39fca750afb59d40\"","state_id":"3995496822","auth_key_fingerprint":"\"75f34cc1\"","dc1_auth_key":"\"92e76b90aea4c9c8351e1feb5804629feec534eb27a97db3d62125431af7d30ed8402ceb5001d8ecaf0b9f52aa30fdaea86fb9577786865622b526499ab08c26fbccbb87add3274c5f9942b5168be3e8162b968d53a89a0e1da47c41ba8dd088695df56d03910b7bf103b8fcb3761fccd29044a2e06a947b11fbf77438c6443c37a157941377d779cbf0777ad8066441ff770519beb296e36041195642524663f26299cb8df7ee4382b2c2a2221dbac2d22759d626bd90bc04d1826ff325419866653e27371c45ba30ec14e44d8b66f2fa57432139789065d8f66c5b64cd1ad3716b9d94e244651caa923ca6f5cd282600276c641678f57736c61360bcf6fe3e\"","server_time_offset":"0","dc5_auth_key":"\"6933656a71b4b925a6da6130d048518ef0e21772cbff74c28fd33405b238b369aa320953e14f17e0788640744fcd38d3907ab47a8370046134c300dc790b20207f2141ef4e21831688da502f0d07417b48f6c390cec12244af53ed852321da4ef2a92100e129c6aea13decdb3765113c9d6e3f7c06eb73e8fdb168b3148a29cd85c00b6334f8fb75856b8572f2653a7c4e2fdf0ac47f4456c1c73acc1adc920c047c41759c1c12b2def21b6034be9a6e20f204f08f2abcfd340dd6f3a79f1f0487a8a45fa74c283dd1bddff18e48192e8b37d54be8b7930ed3e4a3c287b7fc9ac5b2a59657558a3cc0196760df790a84b4161153b32ef80bfe2de03dc4b86d17\"","tt-global-state":""}
VM43:1 —————-
undefined
