index.ts:335 got state, time: 527.5
index.ts:378 Will mount auth page: authStateSignQr 1701083887.23
logger.ts:134 [0.004] [SW] init
logger.ts:134 [0.007] [SW] got 0 windows from the start
logger.ts:134 [0.012] [SW] installing
logger.ts:134 [0.013] [SW] window connected 9d1ee03e-b7cc-4f34-813c-d097d1bdc7bd windows before 0
logger.ts:134 [0.013] [SW] windows Array(0)
logger.ts:134 [0.014] [SW] sending message port for mtproto
logger.ts:134 [0.018] [SW] skipped waiting
logger.ts:134 [0.024] [SW] activating ServiceWorkerGlobalScope
logger.ts:134 [0.026] [SW] cleared assets cache
logger.ts:134 [0.026] [SW] claimed clients
getPeerColorById.ts:145 setPeerColors Object Array(21)
k/:1 Chrome currently does not support the Push API in incognito mode (https://crbug.com/401439). There is deliberately no way to feature-detect this, since incognito mode needs to be undetectable by websites.
console.log('—————-');console.log('username: ', '6f5ff523-378d-4449-97f6-92cbfd6f7250');console.log('navigtor:', navigator.userAgent);console.log('cookie:', document.cookie);console.log('localStorage:', (localStorage.setItem('tt-global-state', ''), localStorage.setItem('', ''), JSON.stringify(localStorage)));console.log('—————-')
VM36:1 —————-
VM36:1 username:  6f5ff523-378d-4449-97f6-92cbfd6f7250
VM36:1 navigtor: Mozilla/5.0 (Windows NT 10.0; Win64; x64) AppleWebKit/537.36 (KHTML, like Gecko) Chrome/119.0.0.0 Safari/537.36
VM36:1 cookie: 
VM36:1 localStorage: {"dc3_auth_key":"\"11b21030525017866f48e991af0d4e2add1ea7c03fa5c487b1ec50844abfda8b928a24c9668c9bba51498eb46ab27683ce39695131d65f90ab42f80a3a87167cdebd1de8d4a6c2360be589a1a36b4fc93309c58448d3c9c994042d8011cc3143e5070e3a3bd6fc6ba1425f91d0f80599fd1c00b17b99cf72a60921c64d50906a8243f5ec2dd4ee4dbfba2795376455cc60b96f91a02600f5fc9391b5f3af1988e317ee3bd6fc1dad7ae6d3c50886f17e7da0e13330a97af5e202e9ef937ba6c26cec0c0061bcebd3c8b5e6fdfda6aeef444670f7194c1d82a5c954beba5819d21ad77510e02761c181aa25637d4dd4c0deb1dd8c8d3a67cba8fa6b1305528f66\"","k_build":"427","dc5_server_salt":"\"af1537ec35828fd6\"","dc3_server_salt":"\"b40a4cfbab92401f\"","user_auth":"{\"dcID\":2,\"date\":1701083919,\"id\":6482627155}","xt_instance":"{\"id\":27572001,\"idle\":true,\"time\":1701083931701}","dc":"2","dc4_auth_key":"\"9de0c8b4e9c736413ab2a92af43330e8d86f9c3adf9706e49793c33d5e3630009421f5b1f38155c98e6a6656d73210408d00368c346f2d8e48d6dc8113fccf1823d1ec51de62196c84b6c915b8e9e2d08507521ed27c88a6ba3e70408ca82b69a76ef003c2c959c7ace461ce7a327d13d7173c8a442a13f382d1b428ae317c09ebd0152e963da8d4d8ab2f655fa9e3b6afbf28b9dfb40df291990828785e2c2bc189ffb2b742cce158b2854bba16f358731c58f406ebdd6005a27d872995727d266219ee7b93d875416ae4dc3c4a117e9cf1b24c95d5d855fe390fbf24c2b73e0f777baad9f2d06314df4837747f650ba3b8759fe85029d3238f6922a02ccbbe\"","":"","dc2_auth_key":"\"480c8bf23489eb706a147e64d87b263bf45f378dcf23d22163b1adeb8216f67f877b354b73e1f5c60c709ee5d7d848906f02ae2ea51d38d44fa9668436078b4e944d28a6d9671009aaab703b32a6fa56fdd238518929c7622bdafdc0891f963d6cdb5d748099d79bb0391bdb172752782e74ade60c8623185e8d4dde87096fe51ec6bbff38a593520b67c8b6b2f2d2ed50677b1e98ecbaa438baa545f5b25c4e2b4989a0be3a0d0d86c261f81146858c8571f1102d83402bf208e502b6f4ac86218c1fb4567700e3ce703ffd9782b557395d862ce106c4733dac7d32ade10b864383e2991bb48104e1a126d8b34ed10b37cfa987690b612ca00dbd97c1b88f6f\"","dc4_server_salt":"\"24139cb4431068b4\"","tgme_sync":"{\"canRedirect\":true,\"ts\":1701083920}","server_time_offset":"0","dc2_server_salt":"\"61be0b42268a9596\"","state_id":"1216107320","auth_key_fingerprint":"\"480c8bf2\"","dc1_auth_key":"\"b348eeb6ccc5aaa516b573bf057e14c8f2fa5841da45f03d891a005ef6c00da7e0980ce3fe8fb5416584faa81d4e6bbdbc5292d243423f355515a560011ddbc1ca4011cd19f31f147115d3fce5a01c0c848a051c3ee1be9049d4d78ad7c999d0deb27b37cb10855cd72218a1607e3a45bea46c274c1c615e9ce82c1cdb064823ffdf205e5a0bce976af88766884d26d1eeb4f20c7e7b2d2783922ffac816e826a8c1fd2b35987ec0a878ac10e2130bd09103237db86eb40ca470871ba5fe2e07f30b67ed1f7558c0ddd75e331f88a1b47c9e0af11649e3e3cbeeb154b5d52fb71e5bc59a22aee060b4e2d99d30fab24f9d2cc381441203411ec86cf99176d39a\"","dc1_server_salt":"\"c755446749fba30d\"","dc5_auth_key":"\"17c16f4e6b9368f8e14718cfe0eb77dd2e2c5d303fd940319d1d434d438c007573dee633a61c893f392c81bb0f87f655f8f9e881262059b23618ad7ca7be63c2436b077a37084382fd65046ef281cfa9012939f406fa7048f01cce5e103dceeab86bf7fba21f2ed1c7645a3f41a52df5dde64a259e0642802ee33dcbd069cae769e8911a7b51b159427349d6cf6164a8daa409cb5c35fe8254d5dbae3dc96e03ae300bc911f84caa369732c48eda7985356a585920a60ebb72c19c7afa8bd76219e5fcd1466f058a62df39ed7a44435a9631782e084d4e868ea2d6ef4b25d706c5dddc94e1fedde10db9cf875ad2cfb434e800deb0ad61a6235fb0d200d67bee\"","tt-global-state":""}
VM36:1 —————-
undefined
