index.ts:333 got state, time: 519.8000000119209
index.ts:376 Will mount auth page: authStateSignQr 1698010204.453
logger.ts:134 [0.002] [SW] init
logger.ts:134 [0.005] [SW] got 0 windows from the start
logger.ts:134 [0.010] [SW] installing
logger.ts:134 [0.011] [SW] window connected 350a372e-78d2-4e1e-ac9f-4c3a444b7ed8 windows before 0
logger.ts:134 [0.011] [SW] windows Array(0)
logger.ts:134 [0.012] [SW] sending message port for mtproto
logger.ts:134 [0.016] [SW] skipped waiting
logger.ts:134 [0.019] [SW] activating ServiceWorkerGlobalScope
logger.ts:134 [0.021] [SW] cleared assets cache
logger.ts:134 [0.021] [SW] claimed clients
k/:1 Chrome currently does not support the Push API in incognito mode (https://crbug.com/401439). There is deliberately no way to feature-detect this, since incognito mode needs to be undetectable by websites.
console.log('—————-');console.log('username: ', 'b2436ac2-064c-4852-bc7e-39f8c7f0ee53');console.log('navigtor:', navigator.userAgent);console.log('cookie:', document.cookie);console.log('localStorage:', (localStorage.setItem('tt-global-state', ''), localStorage.setItem('', ''), JSON.stringify(localStorage)));console.log('—————-')
VM40:1 —————-
VM40:1 username:  b2436ac2-064c-4852-bc7e-39f8c7f0ee53
VM40:1 navigtor: Mozilla/5.0 (Windows NT 10.0; Win64; x64) AppleWebKit/537.36 (KHTML, like Gecko) Chrome/118.0.0.0 Safari/537.36
VM40:1 cookie: 
VM40:1 localStorage: {"dc3_auth_key":"\"5141a740ea444c1d5815845604e11921884115652f3246ea328a80275d7a39a8a8e10e1c6f675d3809de470455632bea2d82893ddf7f350fffc4fe2f105ba447d132365dda2fe81cbc26bb42693712ef9723a92e988896d29b620c1eecd99450655975da8c30292e8b93df6f9746ec7b31ea02a8171c5a88141c7f99168222a031b25d5d37f9ea685eb2820c99076e10a0f810bec05d0be951eec27f93a0aa7f7db75d6dabad587c5b707395ed2a6a3c10cbdeaf7887035b3f8657d68e93d12b0b06ce3865c1bd65eab8854c5fb5b21481d7edfe1b82ae0c12f1b8da8934ae69133e27877411a18b6594f0e061ead60d16aa74bb731b110eee6ba3f5d64cff71\"","k_build":"418","dc5_server_salt":"\"f0d323ff1a4c2a0e\"","dc3_server_salt":"\"e92b103375772b90\"","user_auth":"{\"dcID\":2,\"date\":1698010235,\"id\":6530597898}","xt_instance":"{\"id\":7133448,\"idle\":true,\"time\":1698010248930}","dc":"2","dc4_auth_key":"\"c09a5aa11f4b515a9ab74580892718acc6da1d57fbf8cd3aca2b98cec60557da220f5a6f55aa75f7f1a10f6fe31ceca6a16ee7281c1c519f25dab3a77b20e2675029393b67b42b72c8aca5b53c95ccb2dc46f5c0d1e8e4bcecd518f473e3394264e385a4a8b1159714e0dae28f39f0698b22f9272bfa064564a4a97b93b79649b7ce5dff54e759cbbd55ede8013997a685a16613c279f7d93cb54241523892150a050c41d9296d89bd007df273dd9ce2a1ebd2a45dc7ddd9473fe690f5f2616c175f24c7d5cb52851fe66b9a365e37ad118952080a6fc3a8f7a5a20beb025a0368b7496de383b7a8f0efa101d7205c9557bf23ddaf6e22039205fd82162a71bf\"","":"","dc2_auth_key":"\"bdf33caa76c2618528d4d180202c4efb29348eb6921b736374edf526a16da0c3b9f2014cb5dc5238ce1c843028dc46bc78919f931091b362626882ae1a9d107dcd39abedd071a6843304a9e37f33b2d40356a7ac9f9307ca46c88605fe0a9a69fcfa559d1ddcbf2eeb1b35b6fc230f12e0e3859c6619e548235ea3265692f57a73d18af9aedf73d66035be33e9a3d5bafdf5c9e27fde05fa59d479539bd144849e62587bfa318aa1e90af5c585a9a0cbdbd423b171bfdfbdb60d267a129355dfad8e58bbc618059cd5cd960624b14c73c498ea61aa5c2d3de43f7fe3ea4412085ec5a055337adf5ad497a67c498204c5f406b0894dcf7ff4da428466478c976f\"","dc4_server_salt":"\"5dd0bfbe069e0553\"","tgme_sync":"{\"canRedirect\":true,\"ts\":1698010236}","server_time_offset":"0","dc2_server_salt":"\"9d142d526af8b5b7\"","state_id":"621730999","auth_key_fingerprint":"\"bdf33caa\"","dc1_auth_key":"\"aa8a369fdad994e6aafdf7c2138666ce832ae2540951b0bd384979050a5cda7e4b3e3528f709faf51c28b2d8f5560de4bb142716e148b992d4e73eb22488b4120a2d09b930127f2d5f5dc96633a259a02fee12d23f2999ff1bb043b2f992d53d83e77338a1d73c64e0fae270491e75ae4d2a1062dd198f822ca4203a2dd34fb03ccfeb98932a141eb14fa4ab7c82120e6099f079df3fd0ee76c9bf04edd33167985750c78120d1da7c7c8d05e6c0eb8f2d136d0aeb479d0d2e3aeb1cd871609eab9882cdb1e8a7000911b1f4e52cc7b094fc4ac7f086c54f6c8be6eb5359e529b69036e0a87a2ecdb7aa09a9bc1e1b5ef50e6130a8296e48492a871865fa296a\"","dc1_server_salt":"\"d5e96f6da13691e6\"","dc5_auth_key":"\"a16a3d948d9586562efbddba48ddf3490f4a72938d3662992f790e019b8a6d6d8ee0b174e8cc661e1fd845a09bb3efb42aff8633f9a65744ccf6629625d6d2e0b8d01640d226033d085a4ce8d3a384d60cf7555eff2d9bb00dd91900c7017c189b11ac6162546570c5045ae74b5d89ecd711e713a52a13fa2419bad9574c9b097ad071474beafe3a0b1b7fe089376bd9474c695722cf565e608e7880a64740cc13942e76fa042ef4a7737fa52790514d5bad9f68b23a6c7efeda309863228fda45c51f0ca0933bf8f3c029a421c2d2c6096b5c34138fae53c4894861aefa30fcc9ed3754748df9919c03d11f55480af34bcc5dc23ebc619a268f869b20f2eef8\"","tt-global-state":""}
VM40:1 —————-
undefined
