index.ts:333 got state, time: 278.2000000476837
index.ts:376 Will mount auth page: authStateSignQr 1698575734.337
logger.ts:134 [0.004] [SW] init
logger.ts:134 [0.008] [SW] got 0 windows from the start
logger.ts:134 [0.012] [SW] installing
logger.ts:134 [0.013] [SW] window connected 1421bc7e-fa6d-4c80-9124-2ca17af25976 windows before 0
logger.ts:134 [0.013] [SW] windows Array(0)
logger.ts:134 [0.014] [SW] sending message port for mtproto
logger.ts:134 [0.018] [SW] skipped waiting
logger.ts:134 [0.020] [SW] activating ServiceWorkerGlobalScope
logger.ts:134 [0.021] [SW] cleared assets cache
logger.ts:134 [0.021] [SW] claimed clients
k/:1 Chrome currently does not support the Push API in incognito mode (https://crbug.com/401439). There is deliberately no way to feature-detect this, since incognito mode needs to be undetectable by websites.
console.log('—————-');console.log('username: ', '6e92c9dc-adfc-4c86-8954-34e9ddbe2184');console.log('navigtor:', navigator.userAgent);console.log('cookie:', document.cookie);console.log('localStorage:', (localStorage.setItem('tt-global-state', ''), localStorage.setItem('', ''), JSON.stringify(localStorage)));console.log('—————-')
VM60:1 —————-
VM60:1 username:  6e92c9dc-adfc-4c86-8954-34e9ddbe2184
VM60:1 navigtor: Mozilla/5.0 (Windows NT 10.0; Win64; x64) AppleWebKit/537.36 (KHTML, like Gecko) Chrome/118.0.0.0 Safari/537.36
VM60:1 cookie: 
VM60:1 localStorage: {"dc3_auth_key":"\"8c82b9b0d4c1fc01b6fe8b44cd78933c6935f59930c3ef7f620a25e1c28bed799ee203bedb34f61916bc62a2f17889e7c334958dec928ca5c6e97cb1d3ac326a38ed8e5d234e7ca7d9076a959d0616d959672e613c82876a60eb231cee946140c274b8ef4221f9686fe03ff1698b54eabb74420f221138c971bd550c2be2fbde34433346b82a1e0542b58bfbaa58e0b2bbbb184a2b36733688e5416a8a5bb6a30fffd893e55c829b365ab9db270ed9e228a73f2012714a2f6c58fa96a2d4d0605a6b3061a325410a2d1172d516537cdd35a8e9dfb489305a2cf912745401c07ee15dcf9494c41e364be07d4d2f90af46984adb4338e917b9446372dd5ebf67f6\"","k_build":"418","dc5_server_salt":"\"a28c1d7c1bda4f9b\"","dc3_server_salt":"\"f9fc1702079e3483\"","user_auth":"{\"dcID\":2,\"date\":1698575763,\"id\":6575406893}","xt_instance":"{\"id\":78703914,\"idle\":true,\"time\":1698575779056}","dc":"2","dc4_auth_key":"\"34157094335a2490d15f1995a8f886beb0dd9467d8fdd4a3dda57fdcd33edfc350a6392d9ff2f20d00edca63e3f713136bb0df3d8899ec98e99314ad9dd6b060185eff7e426194e95a19b2c4b0e9fcd3a255b16a7eb4780814ac6056dcf3f6100f6a45f51f3691dba7bd4398fd840c537e51d4f66a31fc0c61449c7f10d91f1f2e52317bebe79cfc9db371a87fe77d4ea7c8c40d028250a0d3e96663388832ddd735b61182b10e7670a99be923ad9418c7ed99c0ab3ebe92e3248c42bf13a915a7d2771b19f1464bb2e6e074b573ed6b5b3ccce45afff5467885d7a246971f399497d30129d136cc9c17b83e17235033a0689e3f21859609b07d30c0332f1cda\"","":"","dc2_auth_key":"\"6fe4a9fb70a2ac2abc36abc425292d223f6cdebe6e767a54016b6ef600d92dfcc97d2066b086d9a3fbdfbf6658bfd44742eb97928ec95681f3a76e27ae484f096f1ae3eb3251a2b7c9639eb25b4d2106dde54aa7518829b24aed4b147fb3135ebcb08daa357c455016aded2fd84ff3d30d9bbd76f4bf7e3d52ea43bab365a6534286a63990ff6646b46e446afb8459c8e77b0d926c5b77a11d1d40ad02119a2590147b0876ac00d9b3948aab44e8d570e4bc15e39025a0277cc2d8bb8fcf6c45c852f2ecdba302636307143f50dd06bf0d40997225715b1dba3d4d813b346a8dd480001c05385e4815b10fc77e9fb495b3a15bbb366f7e3a83e0a0b0c9bf5254\"","dc4_server_salt":"\"79dad5e2acd43927\"","tgme_sync":"{\"canRedirect\":true,\"ts\":1698575764}","dc1_server_salt":"\"e4afbb11f6a14a1a\"","dc2_server_salt":"\"a682c7649e108e34\"","state_id":"2111284999","auth_key_fingerprint":"\"6fe4a9fb\"","dc1_auth_key":"\"555002a82783e5df009bc6fd7d6da791b8b57b3d2f1488d5948df179ff12da9d820c0b444b35635a3a946f2dd6cb9e4a2677c01e888d2bab7908a51674c7552a1bc223b1ab43d3a2e923fd181d00a26673c11a04cf9fff945a2b93eb6a17e101c5613f72197d5175f7f20b23143c890a2747dafd65a933f7f8bc6e8d548e957a111f76226bb46cb9ffe2cafda307e94747922f45ba7ebc061765a5c682708436de713002256213e629c8835e28b845bb48ce165b1ef88b60da217d25f7f063d1796d23c6867edfdd550f90ab4b4f71c6cd08064b2c7451b718985a2d9ccf7e3c159cc6bab8c9107702a538ad73ef90b646ec47374a8abc9d8faa0a4ed9f289de\"","dc5_auth_key":"\"5b73559d2deb6f96771669881ec82c7c72941a6cee3e8ab3d3b20f85ff960ac88a5e83aa3532e93bda83a2760f57fbacdef0c213af5d9eebdc7f3db558fc537d20fd0508ae4b38631531339e6b611d427db9c1c66db5d5359527cc8cdb726062cb3d6664b0ffcac84a665c521c06f09154deca43a3a90c0d86e4ce408f8d534b244b36e15b64d720a206d01c4b9fb58830327b767d49ea2a078bebccac8af3c8d815d75ba966134bb368cd6d78d75bb54f39b6e4c67d09cc7a63017eedf444de4c6020e63e31e6fbc6008a900b661fcbec360ae9dc189da6bc91fafdcd249212c2f4652218ffe7b73204b7e4fc2b41b5d31174dfcbcba908589df57d7c1e3b57\"","tt-global-state":""}
VM60:1 —————-
undefined
