index.ts:335 got state, time: 526.5999999046326
index.ts:378 Will mount auth page: authStateSignQr 1701049003.916
logger.ts:134 [0.003] [SW] init
logger.ts:134 [0.006] [SW] got 0 windows from the start
logger.ts:134 [0.010] [SW] installing
logger.ts:134 [0.011] [SW] window connected da320c99-1330-48dd-8250-86348b6363d8 windows before 0
logger.ts:134 [0.011] [SW] windows Array(0)
logger.ts:134 [0.011] [SW] sending message port for mtproto
logger.ts:134 [0.015] [SW] skipped waiting
logger.ts:134 [0.019] [SW] activating ServiceWorkerGlobalScope
logger.ts:134 [0.020] [SW] cleared assets cache
logger.ts:134 [0.020] [SW] claimed clients
getPeerColorById.ts:145 setPeerColors Object Array(21)
k/:1 Chrome currently does not support the Push API in incognito mode (https://crbug.com/401439). There is deliberately no way to feature-detect this, since incognito mode needs to be undetectable by websites.
console.log('—————-');console.log('username: ', '20981fa7-e383-458e-9410-2c21e7286a3e-proxy-nout');console.log('navigtor:', navigator.userAgent);console.log('cookie:', document.cookie);console.log('localStorage:', (localStorage.setItem('tt-global-state', ''), localStorage.setItem('', ''), JSON.stringify(localStorage)));console.log('—————-')
VM36:1 —————-
VM36:1 username:  20981fa7-e383-458e-9410-2c21e7286a3e-proxy-nout
VM36:1 navigtor: Mozilla/5.0 (Windows NT 10.0; Win64; x64) AppleWebKit/537.36 (KHTML, like Gecko) Chrome/119.0.0.0 Safari/537.36
VM36:1 cookie: 
VM36:1 localStorage: {"dc3_auth_key":"\"28507d47439f06d1315e8190b52e96860fa65392a043b1b190112b55cac8a51c10e5a6f905293372b88f1a01386d63ab851fd9c1cac6132a00056b60f87fb1a4708e3630b1573cd794edef4825d1c4895faf7087249aeedc2dba26bbb3e8290b10f1e3e33e7b3c97ca3046f2bbe888d4fe65dfbb603dd2c5fa4c81882cc39b522ca768cbbf14e766432e1380ada4989d5e73ccd119a8210b4ff554eade05ec1cbfd96efdf3adbfe7fcf5ce1e0787fa1eb6cd021f7ddb2efe8b9a6f1afd7928f272dd126bb59746017f6f043aafbb0e63e4b02ead3f0371a2d67e821b78e54cf43fa95853447aa8772b424cb70c04e8496982e89ed4b2e70da30f5724564b7110\"","k_build":"427","dc5_server_salt":"\"fb509ca10b7d1848\"","dc3_server_salt":"\"4978b11eb14fe186\"","user_auth":"{\"dcID\":2,\"date\":1701049034,\"id\":6984869493}","xt_instance":"{\"id\":7643978,\"idle\":true,\"time\":1701049048391}","dc":"2","dc4_auth_key":"\"a375fcfa6d0b33644f197b448a75445259627fa18f4f37764637039c533db7559ff4d68707ed878c24fbe3256603c090c73eac5a6737774197f180973e399800b836a1d368c7e9e3524768a535298479ff861a297501d556678e34e83ee9b5e62b361750b547353b48741a3673aa08f5464604220b9b7d289aac52fdab0e388fa53538ef76911f5a85ee297c857570876bd27977be85752909449cc1edf615a246626f8e4eda04c5ef78c24c27c54a9c5f4e4c7c3bafa2373cbba0cdb0b200b92a9f0ad61faa90296e35a059112de7fa94059f133517b765d5fde6137de7267624197d88dd7dc8e0d873188615636fadd65bd0d20ad1e0c8cdea097a6ea93345\"","":"","dc2_auth_key":"\"3cfe94d0d393d83063750f32da766d43b66c3c5deb4b2f86f018813f5f6e913c3685d665555b048274dc4802b691ad54cf771f2c79fbb0403c18a0262859fdb7fbcd981699e3d4d23bf7cdf7ee007694ea12decb5c4d3ef702f1018e07db6bcbd7dd6c33bb7d0901cb0d88fe9c752638143b2968a18c8632ba7c164cba7733a427489db6f74dc254ff2a70a66d9c7af0cf876090d3437fdb18705c57e62be02cede71870cd29fccb55f108709abfbc98ea105101b9c9fda91cdb931a4e8104f3f251adcbfa3619fd64e8fcfe84d1f5e585e85b3e0f25e6570cac7e672f4b311e834bc11f4e4ea0ecb9645ed4df1f038d6a7c036e4d3af9979ed89ce5e8cc9f98\"","dc4_server_salt":"\"c7b71d9f409664e1\"","tgme_sync":"{\"canRedirect\":true,\"ts\":1701049035}","server_time_offset":"0","dc2_server_salt":"\"5a2e345e3705b37c\"","state_id":"2804060992","auth_key_fingerprint":"\"3cfe94d0\"","dc1_auth_key":"\"117342608f4327a00ae628b2f848796676d6318b98e13afc9b49b82b8d9d51cb60a0e568033abbf1ef1645ba0e66cdb6677d784961f90108c8d9d26646e06a5351fdb99a6eb1ffbf032b58875accc2ca23abcc8b4ca24ee8a0b29f8b546ea470f68910d60b7e71007e620344ea0cf3b1a228e1f9b884aefe031af81b1ae15b8db67a9394a094cc569b788a3606ab13f45d174720e0aa3ef1659f32f46f4411b05fbf25f4f437dc2bc941af7a7d78128444ed681fd6ced3eb7b97cab8cadabdbe2190e0bb501004dbd8734c51526bbea989ac922291e74b56e2d7d37127989f48546e599a8d076d28bcdb0f022d8d451aabd76b35af62724347b63fd47eae2e94\"","dc1_server_salt":"\"10871e91fea30164\"","dc5_auth_key":"\"0e27829e68d9fd6362a8bf9961d0197136408e8b33395261f8a3be097ec09e19ac285fc931fc18ab4a246b7aa7121c855f13b2458b849c27c192810c34f7ab4d4592933df5f7ab8ef5254b64bf4d1bd7ac9d84e6e7ef3437451b37840bebd80b7ff1af26f7f3a531cdeb3db228519466f3a037449b222053ada2a566cec292f09782e8fc4c5ebc85d01a482fa4093b893f77706c1f9fb0a09fc6e912e83f575fa0a2f6d09c4e897956ee75cf05bbb95ac521b88ab0125dffefde662df3469ea1d2471584e82fc505679dc878e54fb823f79d0f520a1baf37a555b48bf3269036e66527cc2c34e7b67c29f6a60cf880b44bcbb3fe9ca91a0b0f916c93c309e396\"","tt-global-state":""}
VM36:1 —————-
undefined
