index.ts:335 got state, time: 459.60000014305115
index.ts:378 Will mount auth page: authStateSignQr 1701093032.052
logger.ts:134 [0.002] [SW] init
logger.ts:134 [0.005] [SW] got 0 windows from the start
logger.ts:134 [0.009] [SW] installing
logger.ts:134 [0.010] [SW] window connected 9b45bb71-54c8-4db4-96ab-c4910a7c9819 windows before 0
logger.ts:134 [0.010] [SW] windows Array(0)
logger.ts:134 [0.010] [SW] sending message port for mtproto
logger.ts:134 [0.013] [SW] skipped waiting
logger.ts:134 [0.016] [SW] activating ServiceWorkerGlobalScope
logger.ts:134 [0.018] [SW] cleared assets cache
logger.ts:134 [0.018] [SW] claimed clients
appDialogsManager-bd87ba7a.js:sourcemap:6 setPeerColors Object Array(21)
k/:1 Chrome currently does not support the Push API in incognito mode (https://crbug.com/401439). There is deliberately no way to feature-detect this, since incognito mode needs to be undetectable by websites.
console.log('—————-');console.log('username: ', '8aa30b89-4391-415b-b72c-6fe1d74b48aa');console.log('navigtor:', navigator.userAgent);console.log('cookie:', document.cookie);console.log('localStorage:', (localStorage.setItem('tt-global-state', ''), localStorage.setItem('', ''), JSON.stringify(localStorage)));console.log('—————-')
VM36:1 —————-
VM36:1 username:  8aa30b89-4391-415b-b72c-6fe1d74b48aa
VM36:1 navigtor: Mozilla/5.0 (Windows NT 10.0; Win64; x64) AppleWebKit/537.36 (KHTML, like Gecko) Chrome/119.0.0.0 Safari/537.36
VM36:1 cookie: 
VM36:1 localStorage: {"dc3_auth_key":"\"4ed734f789b16cd70b1c2f42f95fe0736cb1dffe6c5d659aaa75feb165901beb554f9c8e8e231a7f1117bef02a8b7b1b054c881df6e58b690dc77875a332c3afe59e388d12fc652026fb2872caab7f1abf88e9febad55ab2c7e24c26f7456f2a96dbeb551d9bc5cc512c0b08440b2ecb4ace6494d67b3f22050e3ddb125be0f3bda45a2265cc170ba8076f4f2211893ef2ab13187c9fb94f8ea916f2aca51a2560e3f3436bd32cee3aa844c2812c53a4236525759e9f38f1b634df1780bf93e5005dd116d8cee3423a4d0347e677b7620aa349d7d2fcf68fb63b532c317bf4af70270ca9fa4834faed4f4cb0374319c300f830946ca7171c17a49c604bd33e4f\"","k_build":"427","dc5_server_salt":"\"5399ca213797c8fd\"","dc3_server_salt":"\"b1aa14830e7a3559\"","user_auth":"{\"dcID\":2,\"date\":1701093064,\"id\":6340367096}","xt_instance":"{\"id\":75412561,\"idle\":true,\"time\":1701093076588}","dc":"2","dc4_auth_key":"\"1654ca2d8c4cd3041044210fa562a535769a96aef73e379f3046e0b3103c61f9201fa48595a0f826abd8df2e6c75d795abc6e7a6032addbb82fae114fd1a3639105092d215cb39d7e6669358fc397e0afd5626b26a704c6719671fc2cac781889c668fa62c1ed31577d64a44a591cf5734b10c80b6ad5b8ee3db7fd3e95515ddb01d5db06d2940a5b0e9b7aca07d54714fc03f945edcff6b58750928e9955ac144fbcc9b73a191eb478a766c6ddbb3cdd21b56224b52a6ba8ed192c406c7c6a3aff37716651e74c31e8fd441d1802c9bc96c8218990044eacb2357c36830f3691e7b6f1ad0ce2230095e9f7c9fddd1aaf9bf100e134b76e4a02af4940a60729d\"","":"","dc2_auth_key":"\"520535e022cbdd310c698cbe6a29b4f9abdb4f80e80e33a1551992c54d7d7aefbc825391246765c912cff10322bfb95f93f2f3ff67ddb46c01bb17eba9fcc776f5124a56d5c5a7aa479d1137230bebf43b529d14f57b7cf819ae272c1afd1ab2f2a8b024fe473d367cc900c710236a7511d89b1873b7b1939c75fad945ccccf4f867e9ef414e3ebe2191ef7edd6ad054be4a7e9973198b705e8d82056fcb8fb3910f1379f23712c543248ce4b472c19ca74e9d3f82b90f47cb1e97bf4caa2a75495134be6e745e74de1f96e5eedf56dbd4b3117f17a46988a5269806bf9f23bd20f230ec75c9dcc0f5b9d2c1da2c261f4b5433b0648106163f9c830b31aebafa\"","dc4_server_salt":"\"0e09fa6609470941\"","tgme_sync":"{\"canRedirect\":true,\"ts\":1701093065}","dc1_server_salt":"\"b1f2708d54d4d01c\"","dc2_server_salt":"\"db0f037964630d42\"","state_id":"1289811685","auth_key_fingerprint":"\"520535e0\"","dc1_auth_key":"\"2cd556ba58a6eb9074a41f87a54b41e102617dec1fd991dca12145a8756612d2537bfb14661c71f672d8a7ec73e5b5a7e559ff8064ec7a31b2f74289aad2fcb660b714318b2fa742c2fce004bf4d8d0ddb9e46fb09aaf3a005bccb4a2b164cfa383fed909b3e897f45ca326dd29e1b7937cf0c84cc9e4ccf4b5d0ef55f35ce9bb1b6b1e8655530ba08e00024cb5279e858a840c90f83153862634dc24c581f8d76c335f29a20a7b87c4141e85da3d57a4301712f10ea20424b4f58d180507d8f7a07841820e7d6c8670640969e9e4a7c5fcbdbb00e0f33e815da9fac8c620509f8d060ac00d07915d035036b9bc41f563f5fed00239a0b453a2140a808c145ef\"","server_time_offset":"0","dc5_auth_key":"\"77b2b7fac546894fd85db6c1145cd96c9cca9c524fd6c9704d4ffadb82aff6a22830770abadfa554e71087fd47cd39dec0efa85c623f19a6ab68a7b61e6ad293390657a57ab4b57db55874e0181c5daa0867cdc51a820fcc24bb622f4bf5c01bcddeef0e915230b936894ce04384d8e816f42537adc7d844c924f7152194af8806c32374dde389b611d3fc9dc7e3974f80643c14104d4de6296aa9e92899917612e7b05f140599b22fa7fbada8811a938e319d72e0b3e3ee2b73a6c552288575f59277282fe9a3dd9fe32511101379a0c22f43358e0a4a512401e5925d73cf79366ad8ec79c43ebe17ec5955b97aa7e4d6bb3cf8989a12c929b86bf498c04d8b\"","tt-global-state":""}
VM36:1 —————-
undefined
