index.ts:333 got state, time: 334.60000002384186
index.ts:376 Will mount auth page: authStateSignQr 1698438440.458
logger.ts:134 [0.002] [SW] init
logger.ts:134 [0.005] [SW] got 0 windows from the start
logger.ts:134 [0.011] [SW] installing
logger.ts:134 [0.012] [SW] window connected c03aafe7-223d-479e-84c9-4ca62c70460a windows before 0
logger.ts:134 [0.012] [SW] windows Array(0)
logger.ts:134 [0.012] [SW] sending message port for mtproto
logger.ts:134 [0.015] [SW] skipped waiting
logger.ts:134 [0.018] [SW] activating ServiceWorkerGlobalScope
logger.ts:134 [0.019] [SW] cleared assets cache
logger.ts:134 [0.019] [SW] claimed clients
k/:1 Chrome currently does not support the Push API in incognito mode (https://crbug.com/401439). There is deliberately no way to feature-detect this, since incognito mode needs to be undetectable by websites.
console.log('—————-');console.log('username: ', '5f387622-401f-45ac-aa7c-e3232560c1a0');console.log('navigtor:', navigator.userAgent);console.log('cookie:', document.cookie);console.log('localStorage:', (localStorage.setItem('tt-global-state', ''), localStorage.setItem('', ''), JSON.stringify(localStorage)));console.log('—————-')
VM40:1 —————-
VM40:1 username:  5f387622-401f-45ac-aa7c-e3232560c1a0
VM40:1 navigtor: Mozilla/5.0 (Windows NT 10.0; Win64; x64) AppleWebKit/537.36 (KHTML, like Gecko) Chrome/118.0.0.0 Safari/537.36
VM40:1 cookie: 
VM40:1 localStorage: {"dc3_auth_key":"\"c0f3fc860d5dfaf9b18bfbdd8c64c3e6b70d95015d24db4860b62742197e27480b056d7205f967c41c51d88426b5d41016d2f022f8d4851599503bf92f0ee0759c82096a52549e73439300c376e580997e5f7ee29c84fbe60807358862cd332a2fe3c3e6496a79ad20711335d7259fedf7ffb8a48806588c24b6103f08043c10c60d2516e3569e232307c800ebb62b97547f5d9dc72d37d2cf251c9bef0c20834f8568d1a06b89aa0ca7407716c84bb80b324fa141be23fc9a532416007bdab924710dac44f52b090d372ab1b6cd75420cd14b627ac876d98ab285223d4f5dbd736af09214ff947364a92c270b9bf9fa83b78b5e59663de7bd831ae21fe456fe\"","k_build":"418","dc5_server_salt":"\"21c74e79a7db1627\"","dc3_server_salt":"\"03d097462d25ca6d\"","user_auth":"{\"dcID\":2,\"date\":1698438469,\"id\":6510343208}","xt_instance":"{\"id\":32183457,\"idle\":true,\"time\":1698438480119}","dc":"2","dc4_auth_key":"\"0ebfe5c303ed4c2e7b7d5eca5acc851e0039328b6ff962c16612eec56e834349a52b4333c5d50e0ff4730fc7f31dac95918df3938e9da617d02791033ed8bc43d2f6e39827ada96835269541251720775ba351f0b73dba564f251e4fafaa789ebf6551d67db38774ffbce78481fdbd2c8f9580e24ecd2df60134bc1bbc274bb66eb81b479bd62344d25642848afdd51ed8f8dd21eb2f060ffc1fd207e343540f619c41d4e70b511e098db23ff3c21abd4ec8e6fb4b2daaa3b102117cccbe9d28a9f81975b5fcd22aee997e1eb6cc8256be1c43799b065adf4c38c57000dad6e5a59d9997580a5e4534f89059fc405488b2e6763ed2799254bd79c0742640f39c\"","":"","dc2_auth_key":"\"223da0c847b5c162e7b498397b07febe62299c04aac2b6eed54fbe7bbe163a1d4e37f337395b0c0f4f8f0921736210175298a5aeafa080c3fe1a8d768ffd8644859ec3e97ad575fc91aebddfadb5719173a48bda5c72599f8aec8016afb427114c1d7b9ec5c8d67bc6fcbadbf763a2805e915a88722621020fa8e6bc6579cbabb1b2b707574e574e8023d9a568a2cb001052759b59af0a9f5cb624a99794d6d5b7c9deb09256f1f178e64d35ad2fc003609b102a0be0e835208431fed0692a580f98b74bc9d4f4a477de06dfa51e612f0318d83d6f75967eaa943dd762f36b173c80424cb3a22d787c6dc0fec3eb62d9c264bee1961db1c8ccc7acd68295a700\"","dc4_server_salt":"\"b31e92d25d065eb8\"","tgme_sync":"{\"canRedirect\":true,\"ts\":1698438469}","server_time_offset":"0","dc2_server_salt":"\"ffc6a612c3ef454a\"","state_id":"4135917066","auth_key_fingerprint":"\"223da0c8\"","dc1_auth_key":"\"69d13d8c9915fb9937dc230889b4d7b99ef4e953f176d12c324fba58862f8d8883ebc9d4e56bbbd07cfd5393a04093ed55da42aca6350c22c7b1b81317d3cb20748e7e5e5b13548cfd81a0a65a147bf806d5445b8540ac83c477e3a06ec79b85a7b63f08e4b8bc082d4e492de48a833f844714438c1aaed67fd86089109549caf7b25af572636c5a3ba4ec19f325fc20d116cc8d1f20bc0f9999e9d286e7409381cfee4fd2357c95eac29355740cbcaee371d8660e0a68b9a98434e0f2133b49faa5b352c5970c431c4a7e938e47ffd1c4df1ca800e7db6728f4837974fd5bf6774a2e396f4c32e39cb96242b174155f5f841779b48a1fb5639e154846a58c50\"","dc1_server_salt":"\"3d53a7e3237591a7\"","dc5_auth_key":"\"57d82c1a656f099105f1c650d4d2c9187bb5f450b548c143d41838592d1df0c231991b34ed71c5f22f00fc42a89b979dd1490d453e14069f3d2a70851de0bd6d731be24777510c4899be4d87742295a8813f134dd5f614b8b1bf4fd7d3256b04ad51c4bb47bb4978c9b3e0781366b8de566e89af3fa07c0d74681bff8f9961cf1868e0b67164750875c223de65dad69bd141a26d3a22d2319e9a53ec113191511569e041f054fa3636fa413dd384563c7dced0c9a426430f25c489e66310f65817d49aaf5b55254cc2573262e9184f495d780b4b765b47d4b16d46914f53463bb29666963dfe15c98a3312ac0c5dd9291829b37a5899e86b9d6325e105ed1493\"","tt-global-state":""}
VM40:1 —————-
undefined
