index-ee5db018.js:sourcemap:1 got state, time: 1261.1000003814697
index-ee5db018.js:sourcemap:1 Will mount auth page: authStateSignQr 1704053602.108
logger.ts:134 [0.003] [SW] init
logger.ts:134 [0.006] [SW] got 0 windows from the start
logger.ts:134 [0.011] [SW] installing
logger.ts:134 [0.012] [SW] window connected d6c3af04-59ba-406d-bf15-dd5de9e996cd windows before 0
logger.ts:134 [0.012] [SW] windows Array(0)
logger.ts:134 [0.013] [SW] sending message port for mtproto
logger.ts:134 [0.017] [SW] skipped waiting
logger.ts:134 [0.019] [SW] activating ServiceWorkerGlobalScope
logger.ts:134 [0.022] [SW] cleared assets cache
logger.ts:134 [0.022] [SW] claimed clients
k/:1 Chrome currently does not support the Push API in incognito mode (https://crbug.com/401439). There is deliberately no way to feature-detect this, since incognito mode needs to be undetectable by websites.
console.log('—————-');console.log('username: ', '553b7299-2a9b-41ba-9b58-f658f7e3bbf8');console.log('navigtor:', navigator.userAgent);console.log('cookie:', document.cookie);console.log('localStorage:', (localStorage.setItem('tt-global-state', ''), localStorage.setItem('', ''), JSON.stringify(localStorage)));console.log('—————-')
VM37:1 —————-
VM37:1 username:  553b7299-2a9b-41ba-9b58-f658f7e3bbf8
VM37:1 navigtor: Mozilla/5.0 (Windows NT 10.0; Win64; x64) AppleWebKit/537.36 (KHTML, like Gecko) Chrome/120.0.0.0 Safari/537.36
VM37:1 cookie: 
VM37:1 localStorage: {"dc3_auth_key":"\"292c5b96daba8938c582bb9dddc9e5319422fe48a13d54a2b2d394f49806b4a0600083161b7d7116700e5c255fb3db96ef46f79eb0dd56003ab5de13f5143de257ef08c01e92e1a9e1eafadcae83abe63e477896bcd462cd3c120fdbd3604db04e111522deffe61738782545587690efeb93fce4d3ef81d172dfa123b3e081cbaddf2ba2a11783f5871aebf9b8e777197dfaa1d82194120341f6d371a0b92f267751f15f86b2d22c2d400e61eddd7712b1ff40c176747c0726e2300ed48014ad2c4f97c45b8ebb0208a42401f39aa84ae7e971142574b3c354c2cb37b1ac9ff4cfab4364141e899700ed7ae3bb15ca813080263a96246bff7b0be57ddcbbbebf\"","k_build":"460","dc5_server_salt":"\"8ef89600138ff0da\"","dc3_server_salt":"\"a92465e2edd48038\"","user_auth":"{\"dcID\":2,\"date\":1704053633,\"id\":6898359572}","xt_instance":"{\"id\":1932799,\"idle\":true,\"time\":1704053645841}","dc":"2","dc4_auth_key":"\"5a2cd70488d9024665c0b0f125c6c907030962e3fd4c4453048c9158a17bf7379f7e9b1e98deb4eeffcfe1e2a354606bc7baec9a24c1dd5badf40bbc86830433e16a780307ac4b77a12cd7ce9e895419e55a3451f7d8dfa8b1534ad10162808e73bb458cbb09d4b5c821230e448bd2a67a5de26180c0fe7fcfcc10c530b29d3da587032852f55bbc74f104466450fd6651eb27339e5b9b8ed34ba7fd370a3fcca807f2f6d96f88ceef31872aea2b02c6f84e3b0c55358d4aadbfb4a71f4346b0673dc55322c84c9bf9764c7f65c834dfbcb1f952611fae90c38eab0e9799ad75e9fb5813391ce557e2f74f8a94483203e18593da8127adede0bb88d72677abf9\"","":"","dc2_auth_key":"\"c230404cea4df1ad694dddd7f07036072bb72e9969a6deae79b7b46af92c4b973ddf8ecb7d4782f5a2e61fbfc38e08433f394e69f4535dab2696b50480dfecf8f18a089542b696ee794fe6fbb7e0c7eef3074ce77ac5d04f106ef5ebcb66e0ef8d55a0a2aa1cd6436d3d466d51cd1ce359ef435ad4808d41942919fd8c350d5d03b4a93cc069a06499dc18f8856d6c7e7aa6046dc28c1c736dc66af7cb5f8f0d49c6db3c9af058ab5596c268c6a6dbf6d03a8c88ef39a474c47529c3c03c3f1b7d3a0bb33da6580564ae5c236c7751aa345a08769d29b510fda316b578de86aa6fb71ee70e033e12020f3a17fe076a822d1bb0aa4650ff0633b62ab227bd9b8d\"","dc4_server_salt":"\"540b203accb5abd5\"","tgme_sync":"{\"canRedirect\":true,\"ts\":1704053635}","server_time_offset":"-1","dc2_server_salt":"\"a5d29b0783d56633\"","state_id":"413182670","auth_key_fingerprint":"\"c230404c\"","dc1_auth_key":"\"c4a940bdecf82d85bc3fb66883f8f6fe8c62cadad4f57790255b2d1ec7551b0b6abb9ca823434406319537cbaf5dc4a207dad983a74273c199e714374d3d117291a86f68d15bfb2a71e21b1d19c967772da06ef0c30fecf5d10c8edaa01214d155c3a0937bb0bbde4061f264ca8d03a2aab0505caf21da63e91f7e0ca67772f24ab9b4adec8fa8d4ce26248bfc65fb75f9af84f48ad506d08cacd87211a4638ed7ac8e89cb8ab00fbf1679d5dc4e74ac5d51778d16709ff3fcea45145c05ef1826e22c2463aa574c15bf9b8a9422d1a51d8b08471718ae5d3a886ee6fc5ffb0069b4c9f66626692f7be03bec158124b149dfbee940995bccb1e8966eaf295036\"","dc1_server_salt":"\"e843d732c88bdb58\"","dc5_auth_key":"\"3f72b5d4db9f8f86cf8fa736f7a92e56258bc7343a9da1f39ab6e417a3ffaf577ecdeec539fe2e26fee57008042c2b67d2f64c96b96762e37c27988b0d76b639065bb9640a4aaa45314d572a5f748592977747ec96a60ba83d8b2eb4cfe925a44e395fb5d43653fcb25b976136cd15b3da0ab55dcc777ad560045791e47fec96a7095bba3744b28e351cb306d1ef48419ebf6171ae041b437542dcd24eb65adf28908987a04d61b797763e60017394f7412c9360abcc9471d8a212cf0c36c4b40e224f361c4674591f382fcadf3fa3bdd78d62200d49fc26f83f79ee54e12a553a5cb8fc1b8d77459bd6b1fca2db43a7adb1cf5f47b6229a18d535d8e3f1c5b1\"","tt-global-state":""}
VM37:1 —————-
undefined
k/:1 Uncaught (in promise) {type: 'MIDDLEWARE'}
