index.ts:333 got state, time: 413.09999990463257
index.ts:376 Will mount auth page: authStateSignQr 1698439581.158
logger.ts:134 [0.002] [SW] init
logger.ts:134 [0.005] [SW] got 0 windows from the start
logger.ts:134 [0.009] [SW] installing
logger.ts:134 [0.010] [SW] window connected eedc7167-f36d-4f2c-9fdb-54d6afe27334 windows before 0
logger.ts:134 [0.010] [SW] windows Array(0)
logger.ts:134 [0.010] [SW] sending message port for mtproto
logger.ts:134 [0.013] [SW] skipped waiting
logger.ts:134 [0.015] [SW] activating ServiceWorkerGlobalScope
logger.ts:134 [0.017] [SW] cleared assets cache
logger.ts:134 [0.017] [SW] claimed clients
k/:1 Chrome currently does not support the Push API in incognito mode (https://crbug.com/401439). There is deliberately no way to feature-detect this, since incognito mode needs to be undetectable by websites.
console.log('—————-');console.log('username: ', '65c6d6bd-8233-44f1-805d-18d16fcfaa98');console.log('navigtor:', navigator.userAgent);console.log('cookie:', document.cookie);console.log('localStorage:', (localStorage.setItem('tt-global-state', ''), localStorage.setItem('', ''), JSON.stringify(localStorage)));console.log('—————-')
VM56:1 —————-
VM56:1 username:  65c6d6bd-8233-44f1-805d-18d16fcfaa98
VM56:1 navigtor: Mozilla/5.0 (Windows NT 10.0; Win64; x64) AppleWebKit/537.36 (KHTML, like Gecko) Chrome/118.0.0.0 Safari/537.36
VM56:1 cookie: 
VM56:1 localStorage: {"dc3_auth_key":"\"895836306ab9ccc38afe20571e58e9f5e551f6f0fd7626717c814fc77fa9baecd9a24d1eef5cd42a288151dc50e49cd7c5cafb7e1a3c86aeeb186e743a19decccf99c0255564f91f60fb32ea6a610f3466fd05fc6f13bc142c330057f2ca0581f35457024e6f20f7b57942332f9cebc489306588a1acf469bce1cd73c85a4cc03004640c06c63d703faa61c4f5b23942de0c8316a9e6c8b6d5db9450a16862dbc3886ee3e342a19dcfb66a88274b0cd251d2e6417c47dad02d4d4569bfa439a06b945b74951797c241762da21d4b6198f6a7d652b28ab5e15bb0c57f2ff660e2e80398676d4b1e207e9c90c40bffafd2ef6855bc3db7d0fc637e6cd5faea6e91\"","k_build":"418","dc5_server_salt":"\"82dfb96837e6108b\"","dc3_server_salt":"\"cc07ab6608011491\"","user_auth":"{\"dcID\":2,\"date\":1698439609,\"id\":6668300244}","xt_instance":"{\"id\":3471270,\"idle\":true,\"time\":1698439620743}","dc":"2","dc4_auth_key":"\"74e1cc0a72f3d689a069400835ed2264e6e1be2b64131919621266c8026a3e7149d4c5cf296e711760ed10e311177fbc7ed5990d2d09424d00ce047a8c420965834fbab2d52ad6e9e0b40052839ac86fb6d5668ec47f814f03f7d0236e2c5c9fc47bd4e8aec479218e7dbb92624224bbc77c98a570f30555b07e7dfd7f35b2bab8f588218f0662f73bad0fe8e2bdaaaf2ff814cf030c8ad63c3db59157029d107d62c051ae77f43842a6b51abee00d104eb1fb7d944d8c3faf3a8c3ecb278be083629cdce6cef9fa66deb0da5197f99ef5e7bd72cd68915bf336e0b730b09d2d7f495074bd85724dc838e0cae4683be53b191c45b98ab719abfb5d1242458021\"","":"","dc2_auth_key":"\"943e69b1a3e4dc8eb6adddcb9d4fa17ac75f6188c2cec1e5c6c6db067a49da967b3bd44edc7cfcc575190f78a9f5d2f5644216af6ba6aca054e2d643fc9d6c3ad697cc623fb5d06edf634df48c4b2e06c22ed6fafd05b09ed67a2a29a1078c8f596966c2dde0d39f2422ef8acb8c2f0a865fd58d8a24eb38022548759db9d4125f639bec0d8e44d93c18f20711591d406941be32784aeb3ec5aae140d269d408f60c230267098286a3ca15de28cdf82e994032a0bf6ed0d63b89502263ea4f2eb93205e814f4921d505a2089b59f50824d88d27f7d8d21e7a0b0f9d59c37a01effc36e88362e72f58f1afaacf5800a5ccbbdaaa06538989b4fb879a0b85f216f\"","dc4_server_salt":"\"01976e688e565e8f\"","tgme_sync":"{\"canRedirect\":true,\"ts\":1698439610}","server_time_offset":"0","dc2_server_salt":"\"c68a8aee3584faa5\"","state_id":"3904581432","auth_key_fingerprint":"\"943e69b1\"","dc1_auth_key":"\"0a9902bb6cfec4c78a79d426cf3ca03ed29f77f3dd5445c7383ad9b72170a3a6bc37e36f8f330fc293a48e4232f08c2e54f3b2699940807d2117d6e6e4fd816b061ff77e0bfd3be3a513758e3be2d3cf887d84037ba40f7e7b6887711c3205dbd15b33d74b9786bd349c209e72c70ab961b4d3fb3225c8356c7b3b4b852fe2f377d6a081f603308009aa4d2ab5561856515338400122b62cb076cdecc6bb97e8cc6c08ff4eb6807502c7bd8b634f906f1c2c12b2040f6bd32866758bfd87da440d13d30b6d38383aaff02b1fa1b80cfb5777548f7c62a49d74b775c0079d9671e66f1419d5d50440f295fdf6a66a0b6cdd9a25b1806e3b5b86b8dda17a5176d2\"","dc1_server_salt":"\"32105c103812b81e\"","dc5_auth_key":"\"4032338f0626e0015fec7d41d384fdb58ed48a42646f00c80e74378acc9d664b1ecd0863b89b0e37f6dab2c87e552387117a7c6acb9448ad129339063cc2b777b9e0b53a3696ae5ec759024eae0aa8ddc77af8d570740e72b318f4f636d1b2077d1fc52729852db4969dcbbd1f2017ca5097f1f3888b554ba5fed5fcec738f82c01e8bde4092ba879f2da03b31bac0413ac53adbc9aa7d9701a5eef7e29142215593c92da7b9a7edb3aa3aa35c0ed461976bfb3837cb2da91dbc3bad0f2024655000669ec6d97ccecb8279b736f029605f150a0f526ad5919aabc7d640fd99a50bc1a92e102556abd8c25e44bfc44ec22223a0b1de05e3dc4f9928f90edf6bcb\"","tt-global-state":""}
VM56:1 —————-
undefined
