index.ts:335 got state, time: 804.8999996185303
index.ts:378 Will mount auth page: authStateSignQr 1704051772.077
logger.ts:134 [0.003] [SW] init
logger.ts:134 [0.007] [SW] got 0 windows from the start
logger.ts:134 [0.012] [SW] installing
logger.ts:134 [0.013] [SW] skipped waiting
logger.ts:134 [0.015] [SW] activating ServiceWorkerGlobalScope
logger.ts:134 [0.020] [SW] cleared assets cache
logger.ts:134 [0.021] [SW] claimed clients
logger.ts:134 [0.023] [SW] window connected 17bf8d87-a5de-405d-aefb-7a0c8c677d39 windows before 0
logger.ts:134 [0.023] [SW] windows Array(0)
logger.ts:134 [0.023] [SW] sending message port for mtproto
k/:1 Chrome currently does not support the Push API in incognito mode (https://crbug.com/401439). There is deliberately no way to feature-detect this, since incognito mode needs to be undetectable by websites.
console.log('—————-');console.log('username: ', '51234b85-572b-4402-8b32-8d00e558615d');console.log('navigtor:', navigator.userAgent);console.log('cookie:', document.cookie);console.log('localStorage:', (localStorage.setItem('tt-global-state', ''), localStorage.setItem('', ''), JSON.stringify(localStorage)));console.log('—————-')
VM37:1 —————-
VM37:1 username:  51234b85-572b-4402-8b32-8d00e558615d
VM37:1 navigtor: Mozilla/5.0 (Windows NT 10.0; Win64; x64) AppleWebKit/537.36 (KHTML, like Gecko) Chrome/120.0.0.0 Safari/537.36
VM37:1 cookie: 
VM37:1 localStorage: {"dc3_auth_key":"\"57a7e0a708f810738ffd08b5de07e3d63f0b2d0c0ca987aef5c5b81f8dd045b42f8205eced74aa9799f85da2342fa3af66cd9b725edf31a18c40530eb76166dc9f830a5ddc0f385c74da7c3c1999268134c1df2e9b80a108448fc0c7bee212a86335a8cd4a7e6313cc8a1933809856a713bed0e6b09f2317b2c41c63547aeb952401586f2241af164c67c9f0de88cf47cb7fdc65e47730dd561ae4759f7a0c20f1020a993d2508957e7581bf768b217eec544120a37c081f0b6dd6175d712fb3dbb1310aa1f79fd67d6762bad0bc7de1d7860d50c39cda01d65a5fc376e302271d0f749bbe3b3c67d119b84180efa7de5a9303c53e3d43478306dc9089d87d86\"","k_build":"460","dc5_server_salt":"\"3c47db6a63f8d3e0\"","dc3_server_salt":"\"7ed10c2ce7cf8242\"","user_auth":"{\"dcID\":2,\"date\":1704051806,\"id\":6946241478}","xt_instance":"{\"id\":93501201,\"idle\":true,\"time\":1704051816269}","dc":"2","dc4_auth_key":"\"bd7727e591be22c88056205388d185d2d163eb64b3a1c4f5d9d5be428126b17cb993d1f750d24b92da71ed1acdbcd567ed6978e43b517fbecd8904bdf379f92c7acb4577558c0c63b47204659590e67ed547278dc76c67598bade3bc7811e2519564a1f0d93f771b3c2bd9104b7ac45e7459e8bd6f673af942001f549086151cedcfe38127241f79cc282f56a5edba95e2165dfe8a8e5d05b786ff23226e02c92984d934c99b391e255acc9d9fd76294b366c9d2b14e4dfeb3bb737d12883da0596b7966070e04c5fb829aba49563874b982d75f4019480e72d56b86943152d3dbff1e363c7dc9618e7bcd4a01f41286c16b2b34430b8ec94278d30010398ee2\"","":"","dc2_auth_key":"\"03c4c74a1520716a266c838218834245e35794db416c1c50caf6ad7b563156db6eefc95170703bd131d684650d8c501c12d68a3ee61edee66a4d2c8062ff908fb23632fdc89c9bf2aa8eab8b048024099e84efd45cfdf87fc350c9fcb2160a3e7b555403ebfdf3f9e79f0db8e20740be9d756cd4aa3f95ab04174d2add01cfe1dd7ec15c3785ff0e9ae6f08ee25a6333b6c24b084d1908cb97e6082492aa52ac7d018772e6e709bcba6fd41df25fd19518ee27b48cdecb71040d4ba5002b68046ce77a05ce14a412d93e537affef83b7a074e3c52c9823ecbfb7a6eda6dee49267d97b0b1c9021d992b19c6d93117a3a3fc187cdf90a401c53e46ccf398bf789\"","dc4_server_salt":"\"a47a3e17681654eb\"","tgme_sync":"{\"canRedirect\":true,\"ts\":1704051810}","server_time_offset":"-1","dc2_server_salt":"\"ea3e82ffe1d3108e\"","state_id":"2812203149","auth_key_fingerprint":"\"03c4c74a\"","dc1_auth_key":"\"6bc744eece9f07c6de856a175d4e911ac1ad7e150407f9a5d588733c2baedc84fbe8f2c3c5d17dbf809bd44c6ea82095c25b862f694780512249f714a3596e4f2cd95022f7ccd17a6c57648d6c8a8cde55ac7f5bee1d44cff798052fee6bfa6564950f7efdc84c61dbd3c106fc8028a634230dcf501576d55f4467e235cc20f26468dc8f54cdffb4dfc182d98722cd2dc9bf8581cc3b9f2b6cd8d64ba9d8169b31dae8bdd200d68231b41bcdae0696862ae74ac9d6b04842d0e6c073eb93def46c47e33249093a5ba0108d7826204efcf807224621725c8ad3ccaef0e61abcc9f7e1c4be290c4d1a67709e85419cb21ef15b72a5104817b54c773c810071c507\"","dc1_server_salt":"\"c6082e297897545d\"","dc5_auth_key":"\"c59bb4cc2055c6d2c44da9072d0e225b79d3a870368e677c57be786ce77794b25d9fa7a5cffc00550c3006933446bf528314ca66e1721290aec719bcf2e7083dfb47802d06e8d7e446834c04c1e0a364529ddca214f5a73dab569435ee52529c3dd7e68f7df28e3dc099be7daed713da1c9725dc18f9249e0a2d1c4ffcddf487698d295ac1f8547547ebb504339b3956a778c70628849191a994b9beeadc059e78b3c1d99d73dd22e874c323084664464c459ec0af348217e92d66896e276fd14444ae13fa8bb0653a7f63a3fd4fc2398754335898bfb325cd36fe4bc3decd0050ac7f2f44f59adfe50541930c61007c0b8000a4407311c78efb44f95cac632a\"","tt-global-state":""}
VM37:1 —————-
undefined
sticker.ts:726 Uncaught (in promise) {type: 'MIDDLEWARE'}
i1 @ sticker.ts:726
sticker.ts:726 Uncaught (in promise) {type: 'MIDDLEWARE'}
i1 @ sticker.ts:726
