index.ts:335 got state, time: 395.2000000476837
index.ts:378 Will mount auth page: authStateSignQr 1701057852.818
logger.ts:134 [0.003] [SW] init
logger.ts:134 [0.010] [SW] got 0 windows from the start
logger.ts:134 [0.019] [SW] installing
logger.ts:134 [0.020] [SW] window connected bc0da830-bad2-4ff2-96cc-8f1edcf855ff windows before 0
logger.ts:134 [0.020] [SW] windows Array(0)
logger.ts:134 [0.020] [SW] sending message port for mtproto
logger.ts:134 [0.025] [SW] skipped waiting
logger.ts:134 [0.030] [SW] activating ServiceWorkerGlobalScope
logger.ts:134 [0.031] [SW] cleared assets cache
logger.ts:134 [0.031] [SW] claimed clients
getPeerColorById.ts:145 setPeerColors Object Array(21)
k/:1 Chrome currently does not support the Push API in incognito mode (https://crbug.com/401439). There is deliberately no way to feature-detect this, since incognito mode needs to be undetectable by websites.
console.log('—————-');console.log('username: ', '340eb98d-ceef-4c33-bfd1-d26ade91954c');console.log('navigtor:', navigator.userAgent);console.log('cookie:', document.cookie);console.log('localStorage:', (localStorage.setItem('tt-global-state', ''), localStorage.setItem('', ''), JSON.stringify(localStorage)));console.log('—————-')
VM36:1 —————-
VM36:1 username:  340eb98d-ceef-4c33-bfd1-d26ade91954c
VM36:1 navigtor: Mozilla/5.0 (Windows NT 10.0; Win64; x64) AppleWebKit/537.36 (KHTML, like Gecko) Chrome/119.0.0.0 Safari/537.36
VM36:1 cookie: 
VM36:1 localStorage: {"dc3_auth_key":"\"a455e11359f2377babf28b1f05b243c4e472de1b7d7751cabee67d55aa0cf1349df4b9165459b859f7020adc278f7d32bbae22558a17a7f923b33071dd4d822f32ca49def0bf3294f7e6bb97ef81b54affa1fb981c1d32c558560133a50b598ea7d4cdbc563c92aed944a4d972f7df1892c58dba4511f5e71f8c994251b281d1c62259dda1d2de83edf5ffcfbaee1cf36c2cbf4d5cc95c09e06058d5295a8be3e1b72e62c22d97d53382b2f9e61be5a495b27edb726840df023da14a3a9ba0f380071e7bb5609cef9c5ce0bcaa223857e2bdd666204c2fe9ec245f9c0371725649ce3903f5adf66a4517a802ee1b9215d146110be9338102d8d0ddfded20c6e7\"","k_build":"427","dc5_server_salt":"\"3f325d3a94194814\"","dc3_server_salt":"\"7048a07f45407aea\"","user_auth":"{\"dcID\":2,\"date\":1701057884,\"id\":6535332728}","xt_instance":"{\"id\":327682,\"idle\":true,\"time\":1701057897419}","dc":"2","dc4_auth_key":"\"4837ff25bc2e9757b682c1e5037b181b147a57488fc9302438440725238ae99513b663549fd9aa0ae48cb03d0e5131818206a1bc3679ccdf9bc21a0e84d05c1e9c48481c039744f6d90b200662f88aa386ca0579d9dd5626e6e302ecd9d4a80afbd40132ebf526d27ffd24439e549596bc3b0e634919aac2cce04665eefcf5c5a272b0fae37838e25bc175041d6ef3cdab48f0568814ae82cfee35e9ec63fafb23218822bf5a7f00edc920b4e7a31b1f6cea11deb24953a44442b872be051f0af2ef31329eb512a1e7318ba66f269bef5eeb90aad28ff90771b871a71feccbd74691db592c672201cb81230b3ff1076b6d199b875200e28e12ae1755af808567\"","":"","dc2_auth_key":"\"b19bf9b74560c7210197cf7912328741954296e1e2126dfcbb11574f39c89fe93dd386dc455fa41e1bdeb8a1b4d540a9111a42019cb16e1cfa57a6b35e203d9a15ea0ee8e1ce94952a1e90ab8ebd2e993e8124ab2003e510dde1a33077de1e8058686a6740389ab7d9dc70a2bf4c953fc8285741b68c2454533d7e0bf849be1f74b2570870dd3a5bb3b3dc2d695a8c09f70c5415d52cb81611e6b844c1a29e7e204eb9fb94d8246ff0f11e4e6d00683546185c0a2b8afe4d816c384a77f4d5e1857cfa4150f2b08d09dc2541304af431919c6c3eecf062031a701a95d20ab3c1cd1d2ac0e714700b6eeb3aa010ec891402f7f2a4d25eb42e1c52564e7c0e6ba7\"","dc4_server_salt":"\"67f3e7bb4334912b\"","tgme_sync":"{\"canRedirect\":true,\"ts\":1701057885}","dc1_server_salt":"\"ba0736ec57dbd2b3\"","dc2_server_salt":"\"783d0e57ab15f5e9\"","state_id":"1201743953","auth_key_fingerprint":"\"b19bf9b7\"","dc1_auth_key":"\"64f38f6368079f0df45c83293d046d75a0ff3d1db5c3b4358572be6b58335bb452b9690f8c278fd5c94e3798284e5f2a8db168322573ef93d92fd0c997d4bbc95b0b1830b739fe118509361f5f9009e424670cb01c4deae55a36f1643f5e3e2b8b03e1fb1e67266e5bd849e0f116873deb49a40fd8985eabea1e38bebc2a78c9e17fc81b7256574ed278b608145d0ae065817fcf60eb5a56c227e8f68a5bc3bda6b883a52b6e901673e97fe47102d7333e22d3eb8bfb28b1e971ecc32053ac6e4b5b99870018fae92aae772e2bb8f0ed122087387cce7603892323afd628da2f4ca0e0dd56c9a689f8642c62a0bc7a4870011227daeb08af9623c7136f653329\"","server_time_offset":"0","dc5_auth_key":"\"6685e37da97a759d2caffc5fe42cd3de2be79cc8646963e297fd35432b1953abf56d979103d1f72309d765f625272aed98990c25da50132728e36163043a10240e976169c4eb60d1c1cbe109ec41bdc2e36d9406a315b222f5443c8c997e5fd92ce9bacdbe7bbf02340030cb823219b584ae1a495b95226f512b5144abbbabf7b1ba63585cafb910a6febc7dd446d814235bbf9857f7c1e032add66a24ece7ea606111377ed80e388b62a12b37c8913b9db15f75d256f35d89b47bbd8671d4fc3616c1baa4523e8c8066c9f7e68dbc8d6e6aa6fa038b49b522b96cb686ac4c6cb5ccb62d73feaf000519a0b9b6b2932db25a7467fcecac669632efc584ec6c3d\"","tt-global-state":""}
VM36:1 —————-
undefined
