index.ts:335 got state, time: 594.4000005722046
index.ts:378 Will mount auth page: authStateSignQr 1704134033.257
logger.ts:134 [0.004] [SW] init
logger.ts:134 [0.008] [SW] got 0 windows from the start
logger.ts:134 [0.013] [SW] installing
logger.ts:134 [0.014] [SW] window connected f6b989de-1d28-4948-af30-065d1a9201c1 windows before 0
logger.ts:134 [0.015] [SW] windows Array(0)
logger.ts:134 [0.015] [SW] sending message port for mtproto
logger.ts:134 [0.019] [SW] skipped waiting
logger.ts:134 [0.022] [SW] activating ServiceWorkerGlobalScope
logger.ts:134 [0.024] [SW] cleared assets cache
logger.ts:134 [0.025] [SW] claimed clients
k/:1 Chrome currently does not support the Push API in incognito mode (https://crbug.com/401439). There is deliberately no way to feature-detect this, since incognito mode needs to be undetectable by websites.
console.log('—————-');console.log('username: ', 'eda925dc-2f58-408f-9128-9a83f3c7f044');console.log('navigtor:', navigator.userAgent);console.log('cookie:', document.cookie);console.log('localStorage:', (localStorage.setItem('tt-global-state', ''), localStorage.setItem('', ''), JSON.stringify(localStorage)));console.log('—————-')
VM37:1 —————-
VM37:1 username:  eda925dc-2f58-408f-9128-9a83f3c7f044
VM37:1 navigtor: Mozilla/5.0 (Windows NT 10.0; Win64; x64) AppleWebKit/537.36 (KHTML, like Gecko) Chrome/120.0.0.0 Safari/537.36
VM37:1 cookie: 
VM37:1 localStorage: {"dc3_auth_key":"\"83477cea643c4aef1ea6a6dc6fa0cc2dc6092fba1d34263b97abecb52c77814c7d66cd022039da993fe5f0351f69fb04145d542826c7bbb350338ce21e4defc76f2a2b2ca828f9bc103454d33b59a4ed431f1c6451df158b9477f56c5abeda5f032a36d2d90efe1c666a11475219a8cb176fd20ba4ea94f440378c6b7c86f78d0cae9b467f8dc351a37b9ba8b851c9db3172b6d648efd15ae76df09038c30343ffed18dddc36462833cbfecb7d902d283b2324f025766c085a61563e8469dd7cbb0a6838c0320660d189f5dc5b6a34421dd48d776b5ae6e1bdfef52a85bae86d192ae119ba0605c7e045c39a811af57a1fbe64343551320cc8319e39ff0d7946\"","k_build":"460","dc5_server_salt":"\"70ff2c364ef86639\"","dc3_server_salt":"\"f8d52a1140f3a6c6\"","user_auth":"{\"dcID\":2,\"date\":1704134062,\"id\":6966709659}","xt_instance":"{\"id\":30361312,\"idle\":true,\"time\":1704134077660}","dc":"2","dc4_auth_key":"\"7dfec05a64e8b6ea849232ec128907aa9e66add925732f7010613c17fbdf0453fc7f1e976b6257b2a5e6f5765d73bcebc69cdcd3b2a598485c0e805375c8274e8281f64ad65d4536ace28c680306d9efb0153f8bfd371dfbd61c4a6036a9aabbd855127a952bee017dd0a8232184a75cf6b3a6b87f19ad11934b72545a942454706bc55187adf17c1df40baead1e49b0fd87290e3dd68c704aba6e26103d35e9e7c2bc0c8e50d3277836bdac6f0879a51df761a7a48507490c5477250005654cbd97d0d1ae5130be349b8b14ab1be6a0786d4b685cea2944dafb7db864cccfaf52f6728ea6c45ccf0247fe129fc49b219edd5a68d16d95b7c6ed8d891b227bdf\"","":"","dc2_auth_key":"\"90d0e6d21f56afc8a5f02a61e22d77bb24f2a2d636942cc8803dd0e8f3e0d7161cadf5b8da2ef58ecc44e4e709a16ff6479bc4dbcac0b196053805605702309387fd1f56b80e90ca98a8a4916a720e2297f581c768158ff243942a76837f16a97b684c4957dd42ba8464020b310a2fe02163a72a0c459f8c6873c601fe631cf94c93a8660e6b192a88fe2feb91edab57a304735e75b67a00acd18cce32ee53cfd6ebc5cb942a03521ec49a47a381fd64cdd10c9e3d9e0e8706c0fe57ccf96dd793a4e9a93146f26c90e61df98a6384b9724e51142c96e38366318cb71bdb15ddd2a1296e09ba5411833db918a262bee620a659710dd6e04977e299afaa7d5487\"","dc4_server_salt":"\"94594c640a95578b\"","tgme_sync":"{\"canRedirect\":true,\"ts\":1704134063}","dc1_server_salt":"\"e2434812cc40e08a\"","dc2_server_salt":"\"b3f57a2b9802dd93\"","state_id":"1231975774","auth_key_fingerprint":"\"90d0e6d2\"","dc1_auth_key":"\"b82f3aee068e9bdb393d031aa63d3c11ad2affb7fe4f87f3f649d4e9359a2fda0f643fb1570028cde44b91cafab19d2bc6bf8fad8ddef0fa48e1b0934f4a24931a1a2e883012b430e30c755469c123362ddab9c78e890566fd677d1d4155de4813a25952820dd7408e2a55fb84fc14191e827ed360141ee8f86f0f182c01aaebf049f5ab6f8222ded84f1c91ba19a384c96c20f930f6b108d94987dc638d01c1679d9e5c4683be532be666cc7501450b1b0c5fb6d1b484241a2a453072a1f48d6ffdda6c155c4aa74b9599943e802869dd02d0fa0153d1fdea2e36ab6313b8a21717dd1334dad1eff5b245b44e0330110be295524c5bad3066af07c1b9f7c32c\"","server_time_offset":"0","dc5_auth_key":"\"b9696ab825114f584c90399727146ccf07a381f89a136052032ddde4d39ed2bb1f82102ea309141cd64c75244d0dab6fd0e894e620e8855bef5f65e57985cd91f532afd159027de644f37acac258c8531878037408f73544ba38f481232c51fe6856b79a898fde120230ae015c4aaf81d362cdcf89c272e040b9edb975530dd10a90b05f2555f1af0569146e5e1bf2b4c6ebe1d2d706be76cfa9588d89b01ff12af73c57c5f8698da7e208d1b4f2d3af77ac27254b9078ae4060a39cfd9833d2521b50338ac4fd0198575da28d9fddddbc57c352bde4ce75da6eea5e5b8d677c15f9c264589b30f59052c43984024dd21a6de0b8400c38de41f33e27db34b90b\"","tt-global-state":""}
VM37:1 —————-
undefined
