index.ts:335 got state, time: 344.5
index.ts:378 Will mount auth page: authStateSignQr 1704028956.463
logger.ts:134 [0.003] [SW] init
logger.ts:134 [0.006] [SW] got 0 windows from the start
logger.ts:134 [0.013] [SW] installing
logger.ts:134 [0.014] [SW] window connected aaf0486a-2ee4-4052-9e92-0d84384dca9d windows before 0
logger.ts:134 [0.014] [SW] windows Array(0)
logger.ts:134 [0.014] [SW] sending message port for mtproto
logger.ts:134 [0.017] [SW] skipped waiting
logger.ts:134 [0.020] [SW] activating ServiceWorkerGlobalScope
logger.ts:134 [0.021] [SW] cleared assets cache
logger.ts:134 [0.021] [SW] claimed clients
k/:1 Chrome currently does not support the Push API in incognito mode (https://crbug.com/401439). There is deliberately no way to feature-detect this, since incognito mode needs to be undetectable by websites.
sticker.ts:726 Uncaught (in promise) Object
console.log('—————-');console.log('username: ', '11e98f99-4f38-44a2-bdb4-365d123c2018');console.log('navigtor:', navigator.userAgent);console.log('cookie:', document.cookie);console.log('localStorage:', (localStorage.setItem('tt-global-state', ''), localStorage.setItem('', ''), JSON.stringify(localStorage)));console.log('—————-')
VM37:1 —————-
VM37:1 username:  11e98f99-4f38-44a2-bdb4-365d123c2018
VM37:1 navigtor: Mozilla/5.0 (Windows NT 10.0; Win64; x64) AppleWebKit/537.36 (KHTML, like Gecko) Chrome/120.0.0.0 Safari/537.36
VM37:1 cookie: 
VM37:1 localStorage: {"dc3_auth_key":"\"846ae446916e1cc28f076a15a2cf0b3667a5321202b633f185bb6f778999a7a77a7ffdaa2ba043bbeacf77b62b343867331fd40728f96536f7ef41ebe63c862c2bc96114d91d1df47c9c00f0f47cea46c3270c2a22ae235958e49890d97abbcc6c653d869ca0fa2f93e50a9a84a1eb57a1912c06f11f499e4392c27290966fdc9f21c399bdfa8e709ddf365056d67606d804de324058ac060c387bc3ad39004ced304a07e8940337415f3e3307da5f5c2788b4d553710b99d4058a4cca97da71501ee81d80b869cef1e076e4c4f2603505cb41053341ad3247c02ac1f5fc31461f2b8d47e9b9371b7120f8729739f08cfb593cead734947dcb2f6aab3b91bfab\"","k_build":"460","dc5_server_salt":"\"9059a9257d4e818d\"","dc3_server_salt":"\"188bdc4d07888454\"","user_auth":"{\"dcID\":2,\"date\":1704028987,\"id\":6676985665}","xt_instance":"{\"id\":12969522,\"idle\":true,\"time\":1704029001114}","dc":"2","dc4_auth_key":"\"1da940198c6470bebfbeb6cc5340982b8e686d6103dabb701605508dec958747bdbbbbad86c4012d81b259410aaf970763468cade4ebae7c3395acf7b35b27014a9db32b6a3136ba5deb0d84337671d83b9429f2a6ddf9f2359b794a2c7b3ae8d36bfbb3513e4a037212e22072ddf0fa0e05cc50326a020bb9d928c3e90bee5a04b025815399a3bbf6283ce98a5ecb78cadd3f43f0aeae464f3c3e7524b4936c7c66e6b791d1bc44b421cab5e6720fd17335b69ef8602343b61ef7f35739cc7a3047d36bc9b653661b1af986c18dcae1325afc08b681ef5609843b509898bce194dc2801a356045b776fb681626c5249e3542c2247e83b5ebfdfc0f66046888a\"","":"","dc2_auth_key":"\"093623ef7246dbaeef9c4b73e6354d27e8d69e378372efffa31719ae1b94ac748682447106064081991d33016b5e5299ebdb086ca129ec48898d21a6699968a963e45e37cfbe6c7ac63c04360593987547a69be43d28a9800caf64feba190a4019543db5ee869e79bdefdfa23db8680743688273babfa6f0feb6b2577cf7ec14e5213a372593eeb5cd5a8a82894f23e87b8848eb79bf984d86749e42d37df8435a4f8309e41b333fdbb58c12169c7a56ff64219d68141b83f903eaaab7f4cdcbc01c7a321bef32fbb2ef9e836835c478e56010db3ea5425bb916067806e9f329a5c7099694011ccf2edd32d7b5f6fa43e3c5c64db6892b5abb8388bd7eb7b551\"","dc4_server_salt":"\"ad43ed9749b57d0a\"","tgme_sync":"{\"canRedirect\":true,\"ts\":1704028987}","server_time_offset":"0","dc2_server_salt":"\"ee011bf8e43e8d34\"","state_id":"3837750605","auth_key_fingerprint":"\"093623ef\"","dc1_auth_key":"\"12a6a8a49b22891b79705bd41ead3a63e37ed3ab0bf76bb3c0f0e0e7fc8201d323e23f6e8ca58774052196bcac0f6e63917be9b173b4fdc083e67c0f30aae364d4182d502cc4ab674846d4574dd60d39c1a521d464b835952e35d3ce20078728287a8b2246c98201a384219f69171d184efacad63ca665f4e2479ac735f00d27f30bf04030bce6748b707c385de00fe44f2371c5af9f646295e9d398656cedbedc7bf10e0ea47843dd072f19fe30a18951f33ccc3829f4b082ed87e0c16baf9acf8d2351df69ecff53dc2f34112cb6c8bee729edc982696223f36e176ae669d29dbd870ad5edcb02b160b1a70e0f0941007238598c1251b83230f6b18a044ca1\"","dc1_server_salt":"\"5dc4657be7aa6e64\"","dc5_auth_key":"\"8a22bd964dd8dec9b59192b3752e24efcb125b2e8410b67f020bd1bf60f19ea6473270950a5d2485aaffdec1d7b3a1ad0d40aee729ca8ac51d1aaae3e619b5ace82c4914848daf2e8e0bbccbbe5450dce4255aca540ab31b64fcb149f46c1278301237d1f5063b4332d8a0c3a8d09e021b36af11cf6f656f054f48bc9a02009a92eaba927af6cd5346124ec082f12f1464720592bfbc54d477d30a15888f01e694e9b345face4af85ddd39f5a03ca632b0940a48c8e0904ace7dc6021c59505f7b52b02c472eaa68d39368a8f1fddffa2112625d100cf44cd43b76919e91fe92f8b6fc2760824214994defa267c411eb6395df320c124ca46b570e3634a5cec7\"","tt-global-state":""}
VM37:1 —————-
undefined
