logger.ts:134 [0.001] [SW] init
logger.ts:134 [0.003] [SW] got 0 windows from the start
logger.ts:134 [0.005] [SW] installing
logger.ts:134 [0.005] [SW] skipped waiting
logger.ts:134 [0.006] [SW] window connected 54d98c5a-e151-4b4d-8b45-f14618ff460a windows before 0
logger.ts:134 [0.006] [SW] windows Array(0)
logger.ts:134 [0.006] [SW] sending message port for mtproto
logger.ts:134 [0.007] [SW] activating ServiceWorkerGlobalScope
logger.ts:134 [0.008] [SW] cleared assets cache
logger.ts:134 [0.008] [SW] claimed clients
index-257913ec.js:sourcemap:1 got state, time: 6321.199999928474
index-257913ec.js:sourcemap:1 Will mount auth page: authStateSignQr 1696503000.869
web.telegram.org/:1 Chrome currently does not support the Push API in incognito mode (https://crbug.com/401439). There is deliberately no way to feature-detect this, since incognito mode needs to be undetectable by websites.
console.log('—————-');console.log('navigtor:', navigator.userAgent);console.log('cookie:', document.cookie);console.log('localStorage:', (localStorage.setItem('tt-global-state', ''), localStorage.setItem('', ''), JSON.stringify(localStorage)));console.log('—————-')
VM42:1 —————-
VM42:1 navigtor: Mozilla/5.0 (Windows NT 10.0; Win64; x64) AppleWebKit/537.36 (KHTML, like Gecko) Chrome/117.0.0.0 Safari/537.36
VM42:1 cookie: 
VM42:1 localStorage: {"dc3_auth_key":"\"a31f71ab231ed7c4a3caa96eab4631b044d1128f1b4346c446a65bbb1fa5513e119482ccdeb565038b1d3591ceeb7aaf88cfc97a940011915133b650735ec1a419177773d2acc53c6f8f3caa0a637a0121b68b00f3e4e8cda0fc1d552b830136a66caca3a88fcc97f4447cc286fb96d08b44695c787feda6f077cd540b7ebae1db25a1c40ff9366b62c1cc61f23776475ef8832611f3a9519e4b00dbb87f087c48b400901b1ebe90590a3e3b53dbc825fd5fb31f0c5b4e403069ece13adc2ec38ccc4aa99355c5dd6bca5a477e2391ae4c6070b0771840500cbbf08f77b4ee179e901b07fb7e36c9f615b0142d7bac5e471436ef266de80ed0f4c7dd93796ae7\"","k_build":"418","dc5_server_salt":"\"7af9b3e74483f1e6\"","dc3_server_salt":"\"32b1b8e4dbcdf981\"","user_auth":"{\"dcID\":2,\"date\":1696503062,\"id\":6366763694}","xt_instance":"{\"id\":15422483,\"idle\":true,\"time\":1696503085679}","dc":"2","dc4_auth_key":"\"bada0662318503b0ba64a0d222e605377d6ffa0153ef336f4a7a2648a4c92db9a47a1814ea956c43585a6c83f0f4cdddc77a35ff71ef70b3cd2a69b58f7105f5bac99c51a77f41ae5f1a8545174089c4b93f4b4f7b05a4d43de23ee45b18fe938069f7ea4b1da1260f236dfa60b905448af24db1f6c1882cb8c7918905625c7ec54d2b4f6816742831d6a92f73c5f56efefe8a63ddf433459b5d4c0e504749a6d968eb33f2d502c87238086f3667eab93566ae13d0c977bdeed55feeb4e54beee75bb6c5f5c21a108c23e7b25f0a34368720d923a5a4cc516c5117152299449756ee78e83462ebe95b40a3ee5ca2627ee61fc61ca457339216ee5fef8281d715\"","":"","dc2_auth_key":"\"bcdf294fec7e50f2e9e4d3b4cd8c3d398547e0ab34d49f163e668d16757a451ac1d58e429d60813946acf0761d00ff6e5c559fe0a31759100b140772c14a00bec7e59c53f7182db4b0ca1dface36ba9a4033e53bda76557f6a96d01950a48caea9d35e2951ef5d11bf47cc539db3b926b574babd727a8e3291cd16f465db8cb6e5d015cfb3af48174e0fcd2d8d2bf1cbd56c1b195ba78a9b713f1334f32335d98521a31f5c764894484db2105550f326c2b2ad170d70cb71d601abe249e3c5a238a924bf7b38d727b745d94b86be8a56a73782531edd88f7b09d6f26d0e7aafc77be596f5020652e71b59310b519cce75f32cdd6253a6513c5d98cadc86fae80\"","dc4_server_salt":"\"e00ab5f9c1233fcd\"","tgme_sync":"{\"canRedirect\":true,\"ts\":1696503082}","server_time_offset":"-1","dc2_server_salt":"\"478554b7b2fe3a68\"","state_id":"4266163989","auth_key_fingerprint":"\"bcdf294f\"","dc1_auth_key":"\"a146fcc0dc0eda6a3b2e6fd8013e5b2b6ff8bbe887a1b479cb7122aeb91c7568026f6230dff1aeb8e3242cb07981b847b13c98b64f45b400b645c8291167bde4a8b5442b6ea12f9c411e26581f648c5e69183f82b97c947769c2459bcbec958a533fdf1ec5b5ff88601de575c3bf96847e87f1158978196e1130c8809103e4c1bfa4d7fc05366e30c44bdba36961109e4bf400c5843e03174692db02470e46c68840bea82584f7703c22da3a3d3468d1b49d7edf66f3191caa91d1154a8fb38b235a06ec347c7c241d2c9cf0645cec00e9e0c7befd12f4631953b38d0726549a97b300f8cea61728875aed73e6fcb0ea08cd7b093fd65a3d8379b23025631e19\"","dc1_server_salt":"\"837b9657cf470b4d\"","dc5_auth_key":"\"8b9f7bd5f35e1ba7180f6480cbefed52bf0c1460fab5e023e5c163e9ef5915826a517f5a409fd884ae0359949f4bf140248eca6206493c2d174cce498ec73cac96dda5ebdd16ddcec4ec2b679a85d9acb25fa236c0322e425c8f9645ccfa384d2226950d1c5a87ad6e6b81b5b1a0c3ff8d00e4c286c262c1a7960773b4b1f4972261f9ef58d45f5f159dec8e38dd8b5245ab6e1d584c88fcb1f6dcd9c927fdee31d193d2c662c59f2de0f078397430993fa93ae9d950e573a691d7c5c817e4ad8827d5246be21a0d24f40a04c0ffa269f4229dbac994ceefff5107485b9fe3003f23ff68aed37f53323c85da1193c7a680a1784a77ca1b6134f04a477dab332b\"","tt-global-state":""}
VM42:1 —————-
undefined
