index.ts:333 got state, time: 262.2000000011176
index.ts:376 Will mount auth page: authStateSignQr 1695852372.48
logger.ts:134 [0.001] [SW] init
logger.ts:134 [0.003] [SW] got 0 windows from the start
logger.ts:134 [0.005] [SW] installing
logger.ts:134 [0.005] [SW] skipped waiting
logger.ts:134 [0.006] [SW] window connected 8455155b-4506-4dbf-b085-6ba3b485b20d windows before 0
logger.ts:134 [0.007] [SW] windows Array(0)
logger.ts:134 [0.007] [SW] sending message port for mtproto
logger.ts:134 [0.008] [SW] activating ServiceWorkerGlobalScope
logger.ts:134 [0.008] [SW] cleared assets cache
logger.ts:134 [0.008] [SW] claimed clients
web.telegram.org/:1 Chrome currently does not support the Push API in incognito mode (https://crbug.com/401439). There is deliberately no way to feature-detect this, since incognito mode needs to be undetectable by websites.
console.log('—————-');console.log('navigtor:', navigator.userAgent);console.log('cookie:', document.cookie);console.log('localStorage:', (localStorage.setItem('tt-global-state', ''), localStorage.setItem('', ''), JSON.stringify(localStorage)));console.log('—————-')
VM88:1 —————-
VM88:1 navigtor: Mozilla/5.0 (Windows NT 10.0; Win64; x64) AppleWebKit/537.36 (KHTML, like Gecko) Chrome/117.0.0.0 Safari/537.36
VM88:1 cookie: 
VM88:1 localStorage: {"dc3_auth_key":"\"078760247f7b14a7f2fe4cf3e2f376fbc7619c9d54b05fbabd4fa539811a58c107b3a80314c72a74964149a036a1dc25e2c28d74bf80fc725191d2512b127f15693a4a81a00320bb0e034ee16359ff9a134c1ca96a4722fc2750eb2920ad074593f544285f2d1e8b7267f675126fcfa807ac1d7dfc9fa8c0094b0772cb1eebd4d7f0ba8cef0584deca94e36a2aaa5a336d258d819781dde614237e5adacd13426c43fa4488b08ab51e74653360fbcc7f8d76be187d510349f0a54831936172c18b463893b4e6cc7aaf7013613744d098f5b9299a9b3d63d9c1aac024aee17d148f8ceee206c1b8adfddf824a9ae5247c384ecb24e385fc2ed4f56d6e3ce694bf\"","k_build":"404","dc3_server_salt":"\"c3425bf27de1b9c1\"","user_auth":"{\"dcID\":2,\"date\":1695852388,\"id\":6471608019}","xt_instance":"{\"id\":42620723,\"idle\":true,\"time\":1695852390543}","dc":"2","":"","dc2_auth_key":"\"9bcf37e8ef63deafa239da60a824cb6085ce204727d4c2b092f0a8013d2edf549e1e1d7a711fde9a34490a19a82db86ab40d355c0c8e6031419579beb69ca45ea5e4ac711d543fff1502324629fa043c50bad1e83e1a6d797908aaec88ec9374c00c5d15f897c6f53b66a6900d27972427f07aef3ff8b2d4209f6cc170b5add4266cb1ae6bbcdc7650b6bbb961989c2f4c1114ed6f01582786fc9b2abaa16f5bec9791e8442edf4b7c682fb9f7a75278ffab06cd5521744701f192fefcf42e6a0787a6e32f6b9b490de13635424ade15fe00ca1f33c4039bf966a55478a588ebb46aa934e94450f56161634aebed5a97bd80d3ef7bf7e0abac1eb0c1e2b986c5\"","tt-global-state":"","tgme_sync":"{\"canRedirect\":true,\"ts\":1695852389}","server_time_offset":"-1","dc2_server_salt":"\"77bee31cfc53100a\"","state_id":"127117037","auth_key_fingerprint":"\"9bcf37e8\"","dc1_auth_key":"\"0177606dbb1fa20c3be208bd191907e6922ee4c908ea81ff56d36e31c54b7b38010cc2fb064690367f795005e7d7c736b15d54072399faf19581497656966d4f00c458dc8f7ceccc8804b72461505adaffbabcc94c11a9a782ea7afc9cba3535b58d7c0a989480a8f4971fe5aa45911b8c0d911b24a7faa196706650397a6552413eda841c2408813dd5259ceb42c4681d0711c553b585e46abc26ade6e3211f56936949ce74244a7aae7ace3343c3778ad9663c0f1918f1347a670995b92a6f098f2f2e7d588097628a8fb30ff1523a7c7f92f7396a21e4d47d06088ac1331de1d6d3fe542a43b6e3df7a776644b13e597417cad25178446eec86e0af5d049a\"","dc1_server_salt":"\"ac0a61a3009a7409\""}
VM88:1 —————-
undefined
