sw-2bb50b54.js:sourcemap:1 [0.002] [SW] init
sw-2bb50b54.js:sourcemap:1 [0.003] [SW] got 0 windows from the start
sw-2bb50b54.js:sourcemap:1 [0.005] [SW] installing
sw-2bb50b54.js:sourcemap:1 [0.005] [SW] skipped waiting
sw-2bb50b54.js:sourcemap:1 [0.006] [SW] window connected 558e8279-1910-41a5-9b21-c68e30262623 windows before 0
sw-2bb50b54.js:sourcemap:1 [0.007] [SW] windows Array(0)
sw-2bb50b54.js:sourcemap:1 [0.007] [SW] sending message port for mtproto
sw-2bb50b54.js:sourcemap:1 [0.008] [SW] activating ServiceWorkerGlobalScope
sw-2bb50b54.js:sourcemap:1 [0.008] [SW] cleared assets cache
sw-2bb50b54.js:sourcemap:1 [0.008] [SW] claimed clients
sw-2bb50b54.js:sourcemap:1 [30.587] [SW] something has disconnected WindowClient
sw-2bb50b54.js:sourcemap:1 [30.588] [SW] window disconnected, left 0
sw-2bb50b54.js:sourcemap:1 [30.588] [SW] no windows left
o.<computed> @ sw-2bb50b54.js:sourcemap:1
sw-2bb50b54.js:sourcemap:1 [30.588] [SW] something has disconnected MessagePort
sw-2bb50b54.js:sourcemap:1 [30.588] [SW] it is not a window
o.<computed> @ sw-2bb50b54.js:sourcemap:1
sw-2bb50b54.js:sourcemap:1 [30.639] [SW] window connected 6435297b-73f2-4764-8f74-c6b4a09b45bc windows before 0
sw-2bb50b54.js:sourcemap:1 [30.639] [SW] windows Array(0)
sw-2bb50b54.js:sourcemap:1 [30.639] [SW] sending message port for mtproto
sw-2bb50b54.js:1 Uncaught (in promise) DOMException: Cache.put() encountered a network error
sw-2bb50b54.js:1 Uncaught (in promise) DOMException: Cache.put() encountered a network error
sw-2bb50b54.js:1 Uncaught (in promise) DOMException: Cache.put() encountered a network error
sw-2bb50b54.js:sourcemap:1 [318.541] [SW] something has disconnected WindowClient
sw-2bb50b54.js:sourcemap:1 [318.541] [SW] window disconnected, left 0
sw-2bb50b54.js:sourcemap:1 [318.541] [SW] no windows left
o.<computed> @ sw-2bb50b54.js:sourcemap:1
sw-2bb50b54.js:sourcemap:1 [318.541] [SW] something has disconnected MessagePort
sw-2bb50b54.js:sourcemap:1 [318.541] [SW] it is not a window
o.<computed> @ sw-2bb50b54.js:sourcemap:1
sw-2bb50b54.js:sourcemap:1 [318.599] [SW] window connected e5178b65-fc8e-41ed-8f3d-ed4d25eb8c50 windows before 0
sw-2bb50b54.js:sourcemap:1 [318.599] [SW] windows Array(0)
sw-2bb50b54.js:sourcemap:1 [318.599] [SW] sending message port for mtproto
sw-2bb50b54.js:sourcemap:1 [350.093] [SW] something has disconnected WindowClient
sw-2bb50b54.js:sourcemap:1 [350.093] [SW] window disconnected, left 0
sw-2bb50b54.js:sourcemap:1 [350.093] [SW] no windows left
o.<computed> @ sw-2bb50b54.js:sourcemap:1
sw-2bb50b54.js:sourcemap:1 [350.093] [SW] something has disconnected MessagePort
sw-2bb50b54.js:sourcemap:1 [350.093] [SW] it is not a window
o.<computed> @ sw-2bb50b54.js:sourcemap:1
console.log('—————-');console.log('navigtor:', navigator.userAgent);console.log('cookie:', document.cookie);console.log('localStorage:', (localStorage.setItem('tt-global-state', ''), localStorage.setItem('', ''), JSON.stringify(localStorage)));console.log('—————-')
VM52:1 —————-
VM52:1 navigtor: Mozilla/5.0 (Windows NT 10.0; Win64; x64) AppleWebKit/537.36 (KHTML, like Gecko) Chrome/117.0.0.0 Safari/537.36
VM52:1 cookie: 
VM52:1 localStorage: {"dc2_auth_key":"\"149f23c6025a16ea7d6b642af8f7235dacdfac3e1ff318924415f5209d3864693cd2ea8196aa5e88abaa37c56bb0011c078cb0db20c9f5032297b54378e7ee8f6dcb2acdfa1aeff11c22f3955a8659fdb85d3edafffebcad044f03e69a8d62e668d2af55dcd50facce6d5798c9c2283e3d744ae9e62fabc7d951bd7dcb4c6154b2950810a53788f9142673a6338574c51c8e5340a42c1739678e9d037d091db7d268f6629c6d0acfa1ea47163bf7b3a2d6223a3d03b5eafe74ee0f761f9f6733f78fe5701f99866f9773d4730c8802eb9a9c8bbc44c29442775836f8c4db13863593356a1f5d14d6a2fef275e4d660242b3005fc9f6cfa1c538cbf8da2ffddfe\"","tt-global-state":"","tgme_sync":"{\"canRedirect\":true,\"ts\":1696611877}","server_time_offset":"-2","dc2_server_salt":"\"7f3d8aef163e61e1\"","state_id":"3906048456","auth_key_fingerprint":"\"149f23c6\"","dc1_auth_key":"\"880e0b7051edaf6d29d1cba407fc82b66fa7d6046350ec680fda2bd79f9a149d35dedbf6c322813a983277b0602d4bf938154e52814c14375ec0a58735a493bbf78c53aba3696876e44b88646cee64f98160328d105bce0ec7ebaacf2ddaed72eb1524b37abb56af7b326bad49789e246fa4d4c29eb121c0919e1b29fa778ac4be455887c3f5b16f2f488b0ede67c610eeecc321a5fe81b8957a263ced98684e0852a45f6f81de921b4ab2c92a324f7f1aaec87241cc7abeed9b00e8b392e821662463a2c4e6133192f4b991db0efe9368106fc337d46ca562cc1b6b8f66b891c77720a2700d13c1c85f5f81c35b2381b7636dd2d8bc952914d6ea565a7468ea\"","dc1_server_salt":"\"05ac15a6450c96a6\"","k_build":"418","user_auth":"{\"dcID\":2,\"date\":1696611846,\"id\":6545400532}","xt_instance":"{\"id\":7765048,\"idle\":true,\"time\":1696611876050}","dc":"2","":""}
VM52:1 —————-
undefined
index-257913ec.js:sourcemap:1 got state, time: 57
index-257913ec.js:sourcemap:1 Will mount IM page: 1696611887.869
