index.ts:335 got state, time: 311
index.ts:378 Will mount auth page: authStateSignQr 1704033125.08
logger.ts:134 [0.002] [SW] init
logger.ts:134 [0.005] [SW] got 0 windows from the start
logger.ts:134 [0.009] [SW] installing
logger.ts:134 [0.010] [SW] window connected c8f2deca-910e-4c25-b25a-bf66dc6a89bc windows before 0
logger.ts:134 [0.010] [SW] windows Array(0)
logger.ts:134 [0.010] [SW] sending message port for mtproto
logger.ts:134 [0.013] [SW] skipped waiting
logger.ts:134 [0.015] [SW] activating ServiceWorkerGlobalScope
logger.ts:134 [0.016] [SW] cleared assets cache
logger.ts:134 [0.016] [SW] claimed clients
k/:1 Chrome currently does not support the Push API in incognito mode (https://crbug.com/401439). There is deliberately no way to feature-detect this, since incognito mode needs to be undetectable by websites.
console.log('—————-');console.log('username: ', '1ce09a44-9a49-4ffa-bf96-1734fce9a29e-200');console.log('navigtor:', navigator.userAgent);console.log('cookie:', document.cookie);console.log('localStorage:', (localStorage.setItem('tt-global-state', ''), localStorage.setItem('', ''), JSON.stringify(localStorage)));console.log('—————-')
VM36:1 —————-
VM36:1 username:  1ce09a44-9a49-4ffa-bf96-1734fce9a29e-200
VM36:1 navigtor: Mozilla/5.0 (Windows NT 10.0; Win64; x64) AppleWebKit/537.36 (KHTML, like Gecko) Chrome/120.0.0.0 Safari/537.36
VM36:1 cookie: 
VM36:1 localStorage: {"dc3_auth_key":"\"367e6c86ba70c6cd8806ae5b161f0fce5a69f417600ad0654a732f1220ec26714cce18a070ca4549976a1691d19e0843aab9b0195fcc0fe057e403ef8447fa51102993e5a784edc680eb1ac0c3308e35d70925e1d8f94353c0accc7df0d96505ee6a2d6be1c0007abd8c982ce9d5fe14c89997660851a4129d4ef55ba0fed09f9b5acb97f0ae5427126821b1848c2425e33d6735101f6919e9777892d83b2ccb755eceedc2594ac53f136fadaaa9ff7c7c3f996c0846ed6df2da5f25105786a447f1a8baa0be179e041ace7dd177c7d2021e87c6d7904f5a13f8b773efae4a57b7adcb30c78682406c4e527f6bb8d18001565339b6c3061913f7cc7c7bda40ac\"","k_build":"460","dc5_server_salt":"\"f66b4db0b6dd53fc\"","dc3_server_salt":"\"fd1eabf0e8352108\"","user_auth":"{\"dcID\":2,\"date\":1704033155,\"id\":6762600241}","xt_instance":"{\"id\":54018981,\"idle\":true,\"time\":1704033169768}","dc":"2","dc4_auth_key":"\"455fa17e3e399dd949a68b6f9dfacb85480b1ccc5e6235cf2308de9c4d499fd212f5ffb1f98c700847b5e36e767883ebf91dc150a330e0dfbb283f83ac337a2b8774076db19879045d219432f418c4502093dac40eb6640935dcc0f7409bd1548dd94efd973b138e5f14b581c4146089d2de383ea70498634baa44e8613f41136e3b7a617f0a2bb3fb725a1798a9f3a3342318b3e757803fce13db27c00c00d8196edaa2769c06af0aa7036d83758c6d5d5eee56c57d66bdf82956ff24121b5a8ce1bd35330de1da75b89d77ed7be83b5a26e586001c675779a0e3e402385d9b7ea72fcf56ed59d35bad52ba5c5169f9043d3cad228769f5aa586555d9f2e76a\"","":"","dc2_auth_key":"\"31c548f4f00c848fe38ecef46dd4b5ab46e0c762eda6eaf55e2fcb1358bff6fd5f7ca6ad2d0a6e69cf47f9e2db796c03d4136d98038967533f2a4241cb462ad800e6c7a8efc737423a2e08b9a58d61c24a93533f301f2f3e8c6fc1642ce883649fa42935c3bb8b0f66879f5e0ebde98cf11123b6e73ad78bbb6199e8fea02b946720123030200897982712f96847d0dff1e9bcb56f39302d0e51ca73d63ae2570ba0d1a373a2b994e3b977f9f07a095388b0ec7cdfc31d446295f7f32c6ee3675db02e8fcde9cb9c71c8fd93e2b289e8e69e87acba49cc26e3838bf6b24fea5923ee9b67038800027b38dda15b8f9dba09f8d3ea735022580dd36f40c0c725a7\"","dc4_server_salt":"\"d97864fdfbd88ec4\"","tgme_sync":"{\"canRedirect\":true,\"ts\":1704033156}","server_time_offset":"0","dc2_server_salt":"\"48c47b2d950d8c99\"","state_id":"4198806470","auth_key_fingerprint":"\"31c548f4\"","dc1_auth_key":"\"01ba02c32925a0fba0918cdcad04d12f8af3d0df1942bc0171744e9d6b3b3e70da6279bfca750b32bd62968f538798bed667eec62ebe1d41dbebff40c2a4946878403ef0746768266ce5b61b62af5dcde7f5219d1b26bbb029399795797658d16fed25aeee31dbf1ade9fe812a5b76d5548f947356513965ead3b7ee62d38ff9a28fc5846decd6659aef599efd79b8193f74ec74eb1251f948a25414e54d7656864f4c8c65b6721383a0c00510a97922d735105129ea80a447b074da571d4504f90c125c289e8ae705cedac6eaee92542907c938a46b353191d923ed3e8a3b4c96918c6b314887ec286767682c65fb24cee966fcce67e94d3bb6114f68bc2511\"","dc1_server_salt":"\"b941ea7500b8100b\"","dc5_auth_key":"\"0b1258bb553ef27837fa9880e9fd87e3203f5ed5c92e887a665efa8e4a34bb0b634121eac00c3224c9682bb25cd42a956f8b4ec53a2ca2e33105ad6472e29d5f13a96f21ea0170d141095718212e4fce835f75477ef5efa52c16b9397fb0e9186f5ad9ab8d1d0029fe1fd2931b6e0a377d18f1f08b1e786c205fe9e4d89c4734db280ad781010e50c5bbc9b0770b0745808f1789960f432d8c965e02561221d8953f2dce7b41a0d8569041edb3892586cdccfb8089cd22089c0def02cd5c1a006c093ce1cb9bbb2da86feea605897acfe67b3ae02bbb2d325c0759d6fe42a87cd51c546229a8ba629ca0c761230385c3d4cdee7b0c19b8eb7de1778e7d94bcaa\"","tt-global-state":""}
VM36:1 —————-
undefined
