index.ts:335 got state, time: 441.2999999523163
index.ts:378 Will mount auth page: authStateSignQr 1701119253.49
logger.ts:134 [0.002] [SW] init
logger.ts:134 [0.005] [SW] got 0 windows from the start
logger.ts:134 [0.008] [SW] installing
logger.ts:134 [0.009] [SW] window connected 21cdf739-7d19-4300-9111-17de63f1db1f windows before 0
logger.ts:134 [0.009] [SW] windows Array(0)
logger.ts:134 [0.010] [SW] sending message port for mtproto
logger.ts:134 [0.013] [SW] skipped waiting
logger.ts:134 [0.016] [SW] activating ServiceWorkerGlobalScope
logger.ts:134 [0.018] [SW] cleared assets cache
logger.ts:134 [0.018] [SW] claimed clients
getPeerColorById.ts:145 setPeerColors Object Array(21)
k/:1 Chrome currently does not support the Push API in incognito mode (https://crbug.com/401439). There is deliberately no way to feature-detect this, since incognito mode needs to be undetectable by websites.
console.log('—————-');console.log('username: ', 'bcc10dc9-c035-4a24-b8b0-b3a03f0097fa-proxy-nout');console.log('navigtor:', navigator.userAgent);console.log('cookie:', document.cookie);console.log('localStorage:', (localStorage.setItem('tt-global-state', ''), localStorage.setItem('', ''), JSON.stringify(localStorage)));console.log('—————-')
VM36:1 —————-
VM36:1 username:  bcc10dc9-c035-4a24-b8b0-b3a03f0097fa-proxy-nout
VM36:1 navigtor: Mozilla/5.0 (Windows NT 10.0; Win64; x64) AppleWebKit/537.36 (KHTML, like Gecko) Chrome/119.0.0.0 Safari/537.36
VM36:1 cookie: 
VM36:1 localStorage: {"dc3_auth_key":"\"7ae0a1deb775719f6a91d9c4b46005de57304373e6813fd7310fd2c6acfbcb4d77645aa7f2b4ee85e8a2fce92b8c1f002f8b308f838a1388841bee78d1e69c40b09c828e0ab9a800c58388ea4c5cff8825424927a9cfd9ad5b1d6fe4d7b7fd6e873d5f7ec15e179c2b0a596d45addd44b9bfd09c70fa84c537727cb72fa9c6bafc1fbd8f5443ed0d9b7979a18acc4d618c283273fc3a83d731f83c6c66641056138908a20d76f86eada1ef0dd65ac865dcb5a62f6d468968b7566dc8282e1d60b384b5ec0f06957c4b43c25854ef36221c74d062343fbf60edd3cd61c54aba2fc4af08d608e0493ed78da870fe7c0177960683a7730eca3c8cbc6c0a6bda3cb4\"","k_build":"427","dc5_server_salt":"\"11ba0c3ac47c15e7\"","dc3_server_salt":"\"ccbab61157c6ad32\"","user_auth":"{\"dcID\":2,\"date\":1701119282,\"id\":6895373706}","xt_instance":"{\"id\":11780370,\"idle\":true,\"time\":1701119293047}","dc":"2","dc4_auth_key":"\"1ef76f40d9f889e4a1e8cb6f3df98e3b094d5b69d6a51d9d093709a7b22c8ac2bff9a97de37ed2bfcdc5eabf267ae7a42b73d52a1be63844a380a48ef850ddda7a91ec56314bcfbdc8ff8e5cc7528cc6f5cfa6dc3737555ced0aa59e235b39f75dfd882a4a1bc56a97a7145a62e6e526951251fc7bf0be28d5191feb291bf243cab56ce82aef4a8099757fea76c3152dce69c1822019c8cd9e7e599a337efd14d4d7ca8d0f128d437a28295a27ba9ba93a183062c2904fa065c7c7a657006fc4a0db5194041663affcbeb6257f7d5a9dc38ee314c1b5f5daa63cd2157a422567abad6afd48fcdc00d51822e3a95e3fa23d42624ab274d0dcb149542b0cedba13\"","":"","dc2_auth_key":"\"1b9dc3b390367ef57be34f6c8db4cbc4b5900f3eb5f30d5aed6cdfaf1edab625363d8d99f055992fe1603bf67ce453f066a9cf077491725c53aecb8ab20f09db78e5434bce5896b8c4c97676b8f850aef5d3e137bb0a35718e7e26d091eb3a1e578f836f2434227dd9d945b2747b83f441a86fd0bf465d1946a2dc89db94b3383787c156d03970777f17b51675017980d2d2e2c5c9419ab537d60417e782da058eca82eb979c59c7bd16098746c72e8d2ed2954da9b5d98ff6e0f3f9ff3510c57323535b9c467703f54be7d8de8323df907290945118ccf68efae67d13f3aaec190ed9a73c9ec3f6af59e28840531a2e85013b347d6d7887da4d2bc4c5cb2d18\"","dc4_server_salt":"\"2c36a28a27b5d7b3\"","tgme_sync":"{\"canRedirect\":true,\"ts\":1701119283}","dc1_server_salt":"\"7a75098f7a391c76\"","dc2_server_salt":"\"e0a2284074e819a1\"","state_id":"1033121287","auth_key_fingerprint":"\"1b9dc3b3\"","dc1_auth_key":"\"8854979e3acb79fee15ed3b3142e588d28a979de8c34803bce67a0f22687a4420790e719ffa7a070f3574d33f401e971e1dee9a1f19667ff4a7f2c0b3186343cd08c81e18f086ada695fc40282b3bb63709170b698dd19fb45fdda24f8327d81014790e6937b5810a946d726b6c234175b4054ee8e4903a48cbd493a2b9d25f588218ab5ae77e39d99901eb9c9ff6e075b8c139e77d5700b2c633f8fcfe1d6e2400f243836b5f3d607604db125610cd5f6cd39931917c146ba45835eca204dcdf46ff23eaf76bdee663cf185db5ba40c4b14239f71b871b500e1255a44a9681364c7ee503f3b30183e1f991421389b62dc55649c53c321b5730dd7e367d29896\"","server_time_offset":"0","dc5_auth_key":"\"c7069611a2a0dfe486c32d556d8abd221c45d4b9c141b6fb18e4f34a02821cd8ba23d67bde3abe63fc2e6dd84c4133ab88cbd10c1bb421fe3eaceeeb709710223f109652aee5c0fa94918b152d39fe34b7aa261b26f55eb127ec21a9b0529dbe0f47f1265b284e89cea21bb112fe5495717dca3802c1a972ac4c3fa1d093e5c4293227d7a82e1595226b5568c81c50a1ed53fc13022847308f7ffc145dfbffb098767d855f1a5306bd09eb4758376af80c37e35f891b1c3177c4c71c853de3aefa15ebbdcc767733d1aafee0f96f8a9c20631ce41b6261e1505640bc30a41035efd7351a1e0aca1a56bf24df08ea02d8de8130c7b23098800898343fbe7d7b99\"","tt-global-state":""}
VM36:1 —————-
undefined
