index.ts:335 got state, time: 444.10000014305115
index.ts:378 Will mount auth page: authStateSignQr 1701042659.057
logger.ts:134 [0.002] [SW] init
logger.ts:134 [0.005] [SW] got 0 windows from the start
logger.ts:134 [0.013] [SW] installing
logger.ts:134 [0.014] [SW] window connected a4a42078-8df0-408a-bc86-625da7d59d1c windows before 0
logger.ts:134 [0.014] [SW] windows Array(0)
logger.ts:134 [0.015] [SW] sending message port for mtproto
logger.ts:134 [0.017] [SW] skipped waiting
logger.ts:134 [0.020] [SW] activating ServiceWorkerGlobalScope
logger.ts:134 [0.021] [SW] cleared assets cache
logger.ts:134 [0.021] [SW] claimed clients
getPeerColorById.ts:145 setPeerColors Object Array(21)
k/:1 Chrome currently does not support the Push API in incognito mode (https://crbug.com/401439). There is deliberately no way to feature-detect this, since incognito mode needs to be undetectable by websites.
console.log('—————-');console.log('username: ', '0f4e9f94-c091-411a-8089-39b68be7d98f');console.log('navigtor:', navigator.userAgent);console.log('cookie:', document.cookie);console.log('localStorage:', (localStorage.setItem('tt-global-state', ''), localStorage.setItem('', ''), JSON.stringify(localStorage)));console.log('—————-')
VM36:1 —————-
VM36:1 username:  0f4e9f94-c091-411a-8089-39b68be7d98f
VM36:1 navigtor: Mozilla/5.0 (Windows NT 10.0; Win64; x64) AppleWebKit/537.36 (KHTML, like Gecko) Chrome/119.0.0.0 Safari/537.36
VM36:1 cookie: 
VM36:1 localStorage: {"dc3_auth_key":"\"209e9deb83bd02c7dd2d68098fa2b2cb8a105c9717952c1b8464f816a2d5e0c2d208e87f62eb4f257e03ba8f0859ce729b2840cec07728685416acf11b596c59b41e041adc653309aa1df39d28b55be51933592e34d24a348d087ef8338c58da86a4bfcc2f24697bc2a8b7026f1b4cfcf2ced7e661c693f56d99a6456a03c26915f3596d2c36093f256be6e795b0a3406b9d4983878070e065552129d344686c0a2a716af6c6ac74ea415a29f7c817c62e2de7caab79dd26ef1f1dd1afe4e433f04c8d7a1fc24ffc0ab7b1b1bc715ff45bc226f46409f43fc101b3d3919858e5f13d15a80dbbc54e56a718ccc9abaee5c94e7b01e914cddcc2887fc0ef337740\"","k_build":"427","dc5_server_salt":"\"c93a8ae5baf86926\"","dc3_server_salt":"\"e311a590d123c473\"","user_auth":"{\"dcID\":2,\"date\":1701042691,\"id\":6744936406}","xt_instance":"{\"id\":36669205,\"idle\":true,\"time\":1701042703608}","dc":"2","dc4_auth_key":"\"1252122a05d17eed3e950ba44f61ada0a8a7af0f6122492b5c7bbf00a4365d0b955f6b09ae785bd4c4aa5c4cf585e2f3ddb80082e9f324489eeb5d2c315a87f50cc31ef8e0c0a5a26ff245c34293466f2950f477849ae3f3a6354dd955e9711dbfb2c0bad3564db3eb6acd432711e64ed9759f3e021bfd981a55c4d52038ca3b4c30df63b074eef729ee9f0f275c4db23b929e60f3a7360d8c83793bf3dcd9fb5f0f5e85d8637ce158323a0e5b19414b555623e32c015830a5c49a495f9f0576e8ed5b5f03137ac1a3cfcc9132c451e61971512b0af8b2686bf86bf8c36339941370be8d0c6c604d57cf2b30b96193831f872e77a1f67b7a4c712ca5964a437d\"","":"","dc2_auth_key":"\"8e4cc7feb550775fb86b9715f0f3e17a9fb6262e3724e3663a6fa707ece533d7712de170df12803904d2933179150769e524b27fa1950d3dfecff2f3762bed1f96a8d1f72279db84c2f4c9077166d89c29769668ecb8470b9a0d9a0d655f31a195c897d4706f4d0520887b5da7114b5feb185648b12a2ec6fb86905e730f01b3912c757525214f3f64f42347f2d06977eb807135c13dd81442314696227a214c38e96dfb7538ddf983cccd8333e66cbea0bb7e17865740cf8e5ba03573ec0891e5e1573c80a7f5a8baaee44a98197ab015ce4680d9c21fe5062e3347edc339c5bc8e890f748c2ff841ed11c00c2abafda5727f0a5e40fe79b0991a8a247b36c9\"","dc4_server_salt":"\"07e09464fd2463ae\"","tgme_sync":"{\"canRedirect\":true,\"ts\":1701042692}","server_time_offset":"0","dc2_server_salt":"\"9155505a5289c44a\"","state_id":"2932957660","auth_key_fingerprint":"\"8e4cc7fe\"","dc1_auth_key":"\"b87112ad295d73d982ca5b5a141498de3d51a1fb63e5b54aab9edf734b9284291f42996c76228691c5154096050ba072af7aa74048c053035b3ebdecf654abb31b15c497365eeb6ec1b8843e880d06eca5a3ecda1cab95f671c18c03ba01792a93bfe57204ce33b76ba3676e6c4efef056830b0ce2e303db0e6182799decce755d76ab9ba21ee84206a09e744dfa9b713858d954b4e671a0a6570fef71721f906e13165f9e015b45f3a4ba25617af0d337064f73aceda092b23b64505cbcf008b92352524c58c08bad03d847802579216babd9efa40dc837df645bb1408b6cfef5abecea69b0fda37fe1c422fcaded3fafc27b7d09c9c251b873a437e60b3ff3\"","dc1_server_salt":"\"753792be2e5fbca6\"","dc5_auth_key":"\"9dbc864a7a859a5cffe6aeff1b869613b8a0348f66506722571b31eb4607002fdb3151ef4fd9f665bc2e53d623c49bec6675a4538f069b591c02fdb440a47e8bdaef331acca323beb7279ec9bc3a875f3201773a062dd0ab9d30c54e9850f75d1e986f05ab0187d915261b3bced34f68f502c4a55b8f1ff684b9d40355f6c7d4cd3ffc0371cb23471c9a1fed75b5bbd4f6ad971c428a28d5abd2e9d535b1b174475dcceeba03c6f2acfab63b3ed727e45407ce7226aa3d8febf3661e65fad73c553b3422fe5fd08ebaf507065d52bbd126d67b6cb386a33af1b6ef2b9e2e6b31f0c98c13f1993c25fb2ebd230845d39250d906869fc0d3cdea64a7e5ca368bfb\"","tt-global-state":""}
VM36:1 —————-
undefined
