index.ts:333 got state, time: 272.69999998807907
index.ts:376 Will mount auth page: authStateSignQr 1698025217.078
logger.ts:134 [0.003] [SW] init
logger.ts:134 [0.006] [SW] got 0 windows from the start
logger.ts:134 [0.013] [SW] installing
logger.ts:134 [0.014] [SW] window connected dc70b151-bff6-47ec-be48-632216f42522 windows before 0
logger.ts:134 [0.014] [SW] windows Array(0)
logger.ts:134 [0.014] [SW] sending message port for mtproto
logger.ts:134 [0.017] [SW] skipped waiting
logger.ts:134 [0.020] [SW] activating ServiceWorkerGlobalScope
logger.ts:134 [0.022] [SW] cleared assets cache
logger.ts:134 [0.022] [SW] claimed clients
k/:1 Chrome currently does not support the Push API in incognito mode (https://crbug.com/401439). There is deliberately no way to feature-detect this, since incognito mode needs to be undetectable by websites.
console.log('—————-');console.log('username: ', 'faa47a34-c25e-4a04-8fbe-aeb212352b7a');console.log('navigtor:', navigator.userAgent);console.log('cookie:', document.cookie);console.log('localStorage:', (localStorage.setItem('tt-global-state', ''), localStorage.setItem('', ''), JSON.stringify(localStorage)));console.log('—————-')
VM40:1 —————-
VM40:1 username:  faa47a34-c25e-4a04-8fbe-aeb212352b7a
VM40:1 navigtor: Mozilla/5.0 (Windows NT 10.0; Win64; x64) AppleWebKit/537.36 (KHTML, like Gecko) Chrome/118.0.0.0 Safari/537.36
VM40:1 cookie: 
VM40:1 localStorage: {"dc3_auth_key":"\"b0f4a2dbcdd4b25c313e677a3d045f6ad934d88933721ee9d77e166d4c29e5fc57b11bc2919d9d54b33034c14afbde3592da490fbf8873d131f3bdcfa9b5163fec7a5919c0f9c1c08e4117847587f07065adc639b712cd218f2f7deda05c8b9c2b33d8078e93b160061dcece13158b99a802bc534b0dc38cd27d3dd3b246be47feeb7a20130c018a5e216c86c9faff1d8dd41fe9e542f4fd8f809dc809cf3b253e836feaec6596e573f39f0ca5d1fc564af4a09f02f76a5ddf2eac0cbf1299b451d54fc75233ff187e146a4b7f1d70a07797feba7c37a351a591a9f438360d164eb98d2ac948084898ba652538781678de124fcc94e64c5809acb0ee4d164489\"","k_build":"418","dc5_server_salt":"\"dc0b1a19c96ae8b8\"","dc3_server_salt":"\"ea4e2c046d2e85ad\"","user_auth":"{\"dcID\":2,\"date\":1698025247,\"id\":6372832892}","xt_instance":"{\"id\":23712096,\"idle\":true,\"time\":1698025256798}","dc":"2","dc4_auth_key":"\"21e20144ef9d6af4417b30da7da1e7c70f3830bfdb1305ab1074149c7c87e7ded183fae0ae480a48b250fc9028e9caeaf3f507dbfdc6dc196b4d2a145534e7e56b897eff201ed3e3dad8dc1455d2aa6ad125b23fa72c56b2f6d949508cdad433ed03c84a263c0398d780a8b7ae66bbef8bd01f95ebe6048037c4a6b7f9dd640b537da2114973181515a6598325ded705e291dd87f40622dbc6043f746623316fc2e6bab7146b0f390f3ee1f4ba7a3266bfb9e63321498223a8e392fb24201ffa75081bc21353099f0d6adeb4b1b7ce0e8a9e03412e34f7919f856b94155cd0cb51ccc0d5b39e5daf119e1af4e8d9f40e73350e3968560d3c975f174d6cc52c02\"","":"","dc2_auth_key":"\"2afcc29842a590f7f745dba4148f175456694431cb6ce6af1b37e840612aecc4c94bf04587a86ca3be0b3bc7ce458c5e0726f6609d338dbbaa7cbabd25e0f612e64e2a32b1baa45134ab27ba40be5d3f2d457d0feb02d7c52a975d5e910bb1fea4983a5401748944ddba6f23b1ada83f565bb62671734c1092badd6ffa82d88777bdad270815ed5f35ffd831d0f9e77ceb66074cf816a6904be8b40e4c387be0e408065f99181515a99dc9444889d6b83ca9f4fd1f614e6822a4eb3c7910282a0dba532fc84c751a50b07032b2c795758b441ffc8c0319a4457327811af67b853759e97d3f3bf55f97418145d70be6280c2b63f55f5e61bb7fdf35a5236c9b77\"","dc4_server_salt":"\"4598176992c89a4a\"","tgme_sync":"{\"canRedirect\":true,\"ts\":1698025247}","server_time_offset":"0","dc2_server_salt":"\"91deb6efb5d5d0f8\"","state_id":"2025095767","auth_key_fingerprint":"\"2afcc298\"","dc1_auth_key":"\"ab8f65a5a45c096d0dc32a24f4e89d375a7977ef94b974fa7949838fcf652c11ae306c6d3b2792e3843bc9df8c40556876353961ec23eca3244ed20ba9a7eaa4245c1aaf7085841e1be6d50e26c63a24a30b3788d44aff2175e7a227f95fa34854957bd33c1d1fb6d2fac088f9c805f15e48e5f58c9a376047a1de2ea8ec14f18f1c1c92fa680771f87b081773208409bc66870ea2285d0b027c0aae80370a81597f608a59b44a9f06cea18b6e591c2aef3621ad4558637c11683ef8192796a0d197e43e759ba2569874bdb6393b432f3fba89a67ffc89e494a022dc4ec2a29d98fc69d4bf4d11b972aa91a7218890fdc7eed4cab3791fb80c35e540239a47a3\"","dc1_server_salt":"\"f5132d8e4e2c64f0\"","dc5_auth_key":"\"66c9573f489966e3aff1f9c1ff69d48f4aa45e77604bf2f205bd865b14f7242ca1c9b0910b8eb2d839af01aa6c88ae97cc2d0812b629cf23d0ab0d22773ec025820e71d5a55ace8112210b575c0742ca2eaf49d7d0842da7fa49eac2d3a059052f6355583860166ef64176e5d5f47fb3182502400d3ade695c9837d9b4ea70164895f37e28a0ad684c86e9592d152eea9c5cc119e36935b52faad13f338f15593603df8352d23c30e86cfa123983deb11164579bf922f3539b35d13e9813ef9ad1d7c2e17074b11b24738f4a22a6dffdd92cce476674e83f4335c10f781006bb328d0a744e2e8995fbddc586e8e0044bd04d36692a0896e780c8c6ba80d0cb49\"","tt-global-state":""}
VM40:1 —————-
undefined
