index.ts:333 got state, time: 263.59999999962747
index.ts:376 Will mount auth page: authStateSignQr 1695856996.623
logger.ts:134 [0.002] [SW] init
logger.ts:134 [0.004] [SW] got 0 windows from the start
logger.ts:134 [0.005] [SW] installing
logger.ts:134 [0.005] [SW] skipped waiting
logger.ts:134 [0.006] [SW] window connected 722a05db-be5c-4f72-9479-e0d00e74e0a2 windows before 0
logger.ts:134 [0.006] [SW] windows Array(0)
logger.ts:134 [0.006] [SW] sending message port for mtproto
logger.ts:134 [0.007] [SW] activating ServiceWorkerGlobalScope
logger.ts:134 [0.008] [SW] cleared assets cache
logger.ts:134 [0.008] [SW] claimed clients
web.telegram.org/:1 Chrome currently does not support the Push API in incognito mode (https://crbug.com/401439). There is deliberately no way to feature-detect this, since incognito mode needs to be undetectable by websites.
console.log('—————-');console.log('navigtor:', navigator.userAgent);console.log('cookie:', document.cookie);console.log('localStorage:', (localStorage.setItem('tt-global-state', ''), localStorage.setItem('', ''), JSON.stringify(localStorage)));console.log('—————-')
VM80:1 —————-
VM80:1 navigtor: Mozilla/5.0 (Windows NT 10.0; Win64; x64) AppleWebKit/537.36 (KHTML, like Gecko) Chrome/117.0.0.0 Safari/537.36
VM80:1 cookie: 
VM80:1 localStorage: {"dc3_auth_key":"\"b27528318a34bcfe4b828cdbfb3917ea3900a66785fdb1ca7010fb6933a5cc8e728e5dfe440ba6d14b8a91b5290f4516fc2ad45f4c8c15aac7d4009f411811692256c39f39356ffcf4fb44764b8fd92046bfe0259c2b0a98034fda988acde6b5f23161e04b6c61821a2c2f757c1133c111d1b2d0bf74f9a3dda0256f5ed226b27cd0bd2f7b26dc694b2bc356fe50001631c6df8f0b0b9469b396aaadabceaf33d7f108345ed4f01b493302b676972aaa0663e58d9525941e9bf691287dc610c77b5a4837eeddf478d338bcd1acab829e94c36607ffe0f600f02fdc754ad7061763300498c8e8aa9cd6f188c3589ea089287b0d1999b9a2a28b9e1cd33ce0a1ed\"","k_build":"404","dc3_server_salt":"\"c9c27c3a9c32839b\"","user_auth":"{\"dcID\":2,\"date\":1695857012,\"id\":6606269978}","xt_instance":"{\"id\":23412773,\"idle\":true,\"time\":1695857016365}","dc":"2","":"","dc2_auth_key":"\"5ef893d7c38391947d6dc3d605848425dd5316518233664c6bf2fef9e21e0e4007bdafcdfdb8a4442f8433aa96ac44715ece5dec48ae54de3711e85c70ac1c717506f27f2c7288830b4cf0f8cb06cdf5e6fd31a4204997c396c292b8b605a06a9b43e61d9990045aa3d6a0c070c305a5b96936da1e7f18ead56d8745dcc92f6fe4d58e0f26fe3ec7d0007a610a413d1031aeb950a1e01b87c4730b990c5a9e44f74c0e8e8085c8205cfbfded266d163002c57efbbece85f53eaaf31a9f7ca0ae3278349625d64ae253db02d063f59dc378a38108c773e2c57aaa3de683957e0e112d31d82d93b7aad35cbe738b2b1bce0027c37747b264fbd2eed59bc336cc40\"","tt-global-state":"","tgme_sync":"{\"canRedirect\":true,\"ts\":1695857013}","server_time_offset":"-1","dc2_server_salt":"\"478744cdfb0bba55\"","state_id":"2526745710","auth_key_fingerprint":"\"5ef893d7\"","dc1_auth_key":"\"348c9c8685c764657b4aac3ed9511dc7f8cea3426497c883fa5173868a78020104ce4bf85a2253bcec73ac718db646abaa79fb92766b8a48f4d0d2e4da4dd057ec95d7474a116515d10ad66203a75f5bc2c686ddbbf1844dea172ff0eb0abbe96cd3da5c808be9987e5d078cf2ffcc8228a98c408276258fef8f8f664be1768bc957617b61d7b4110ad259a053f1a5636a051c48a22f14d3826f2e581a2b0f329bb748ab22b3b4fcd64a2fa0b6bc78cbfce50b1a91d8540dbd17438102a27904a92b6797c2b99e81aaf7381aedc40fdd5b3b13ea49f14999451051fcbcf1bf12a6378f27ab56dc14b47533ee0b25f130529ef6a5b531653c4ed260d94747ebfc\"","dc1_server_salt":"\"8d13bc6a1d2983db\""}
VM80:1 —————-
undefined
