logger.ts:134 [0.003] [SW] init
logger.ts:134 [0.008] [SW] got 0 windows from the start
logger.ts:134 [0.017] [SW] installing
logger.ts:134 [0.017] [SW] window connected aef8a6ae-e5fd-4e68-a949-fd45951455ca windows before 0
logger.ts:134 [0.017] [SW] windows Array(0)
logger.ts:134 [0.018] [SW] sending message port for mtproto
logger.ts:134 [0.022] [SW] skipped waiting
logger.ts:134 [0.025] [SW] activating ServiceWorkerGlobalScope
logger.ts:134 [0.026] [SW] cleared assets cache
logger.ts:134 [0.026] [SW] claimed clients
index.ts:333 got state, time: 1296.8000000715256
index.ts:376 Will mount auth page: authStateSignQr 1698597274.038
k/:1 Chrome currently does not support the Push API in incognito mode (https://crbug.com/401439). There is deliberately no way to feature-detect this, since incognito mode needs to be undetectable by websites.
console.log('—————-');console.log('username: ', 'fe15f639-ff3b-4ba6-8287-b18e4ba52beb');console.log('navigtor:', navigator.userAgent);console.log('cookie:', document.cookie);console.log('localStorage:', (localStorage.setItem('tt-global-state', ''), localStorage.setItem('', ''), JSON.stringify(localStorage)));console.log('—————-')
VM58:1 —————-
VM58:1 username:  fe15f639-ff3b-4ba6-8287-b18e4ba52beb
VM58:1 navigtor: Mozilla/5.0 (Windows NT 10.0; Win64; x64) AppleWebKit/537.36 (KHTML, like Gecko) Chrome/118.0.0.0 Safari/537.36
VM58:1 cookie: 
VM58:1 localStorage: {"dc3_auth_key":"\"03fdad38d40fdbb345994657a7cd4a560c415e52f145622fb3184ba3c7192975df0509da11d59d18c3a4259f0d3687634383207fd5edf44533dae34f3c659da5c2a3d69c73b62f4779d7e94df45dc4582acc00950d110ea232e7f83cfe0a123741519ac074b7bba67ea9805c64b7dea11ea6ecd26f66de0ca9d7a18c99db2c5c4cbc07dcd1f190f956ff0d08a0274cfd73c38024596b868594e18ec8d311cfd870b5404eddba3cdf0e59131e59e4114206ca9144c0db19b688efe251a592632bcf0b074dc483a6b585b306c8a892a03745b51da88727582730c8b21c58b4868d29ae61b4e2f12771441adb05df3ffade1fe9ef13f5457a65ff5c3a77a61056c7\"","k_build":"418","dc5_server_salt":"\"30873f4e9f95100b\"","dc3_server_salt":"\"52a36d4afb9461f6\"","user_auth":"{\"dcID\":2,\"date\":1698597307,\"id\":6426398837}","xt_instance":"{\"id\":18301489,\"idle\":true,\"time\":1698597322739}","dc":"2","dc4_auth_key":"\"ab1bfd56832e3df65c17a92ee20ec033705b35d43ba530a81ce21ab5a0e27693895be3c2117730fc4844d4abadba4739a911579afce3a78528b16db671112253ede4e52a1e3e1ad1279cdf4e96e73c2fa73ed988f5aa6e8d8a29bfe4f38a521d9efba2b070ffdccc8e17ef5da9b894c0f93be591b1b58862dce4c926607f0cc6b2e4ae8f4b1869b5d6b0043dcf0545ba6efd3b2748e0805142d325acb3bccbd1eb279b1aaa05b85885b45956dcdc1b0ba42f8f8466292a7339ea25bb7d2c185f6e33cfc9cb7ae0db45e8daa1ee931dca2f124cd2903a75b17367223e665639b9629d38f04f36ace58e3800639632d6cc1efea7095ffd43ef6042bc4154c3f32b\"","":"","dc2_auth_key":"\"37a7b2fcdb4a67603e10f391e5397ca3b128325374e438965e2c69c22e7b4970b143dcb13126c4af54f0b4e2073fa823802784af941148079b9cb233918fb2acab59d355cb2cddcc01769d0c8195c44050d36ce20aa970bded06197accfc950df3b382a4368f36e0eb64ca9dd9800aa1a836c610f5466f0146092d22619b14976d235ffd615e4f7bba60ff48c3351125dcc68c09b46367059429d148d392a47d7e6ce5e860a7161b28837564c12da6a23f4279b53f1cb0a605e9a90367d9fc0be3e05e54f3116ce4a572527a873f4f5b9929a40f1b6fb109398d2f2b5de135975e91e74ff5c0dda3f72de7ce4714fbde8a0a2f375082c43572b297705f188720\"","dc4_server_salt":"\"0914d09e13ddb1ae\"","tgme_sync":"{\"canRedirect\":true,\"ts\":1698597309}","server_time_offset":"-1","dc2_server_salt":"\"752ea05b2265a0a9\"","state_id":"1134333083","auth_key_fingerprint":"\"37a7b2fc\"","dc1_auth_key":"\"4f7591eef9e7a7a6c40ddc9b1ac0ab7635f8a1df72f126c7f2557bb52083ca8805fff6a48c9bb9dc7053ead5646a51d9adbe635eba27c4909c8e2b467fe9ed2f04c467ae025f044f5e75d31e9ea59e7ed6793d14601c3f988f34b4b1edc0db4fec88113d7d71b1a19a723e94f6cecb68cca0617fa0d1a8a966c54066b547a7583311bef071564f37229aae4ec5e33f192ec219091448557cbd1fc487845dbe875a1229ce2867018f0fedcf53ad281e12ff2906640ca5b6f3552758385edd10f0acc8f43939f4238c0c1b997af9c9eb77cc80377db02788eb9ef01d0d35d8c6b0d6a0a7dbbc78ec76b9e3eafe56847d362a967e90e80d07f725e596caae65e89a\"","dc1_server_salt":"\"c4acc95577fac23e\"","dc5_auth_key":"\"618dd4d9c24cc4ef9837e836ef34e236ee0843980246005c68ae8263be8d610e19326adb11ccc53becb4c8c3e99d41596e4b16597f50ac2d516b391a2b26caf19312972ef54f39fc8b3f22e96335e8c12a141dedec182bac96b5f06b932a0d714b640c68ba887af89428f56d87a28eda5e59b628e32ffcdafc98432b7056f427f73adafc755fbcd2b970e741046012a2c8633d9408a44db64a7c27ef3eb9d098a1d7bc3334d148d35ca82b8935c0464f8b9c77baf3fef61642377489d9d21e91b2d17ea59a057b90f9106c4df098eb7a7c70e6578661e1ad737b88864a3d465fc562de7def0eb9e5513b020ac9d6b80af45a8384651fe3acfb5185fea001f6f6\"","tt-global-state":""}
VM58:1 —————-
undefined
