index.ts:333 got state, time: 710.8999999761581
index.ts:376 Will mount auth page: authStateSignQr 1698594096.485
logger.ts:134 [0.003] [SW] init
logger.ts:134 [0.006] [SW] got 0 windows from the start
logger.ts:134 [0.010] [SW] installing
logger.ts:134 [0.011] [SW] window connected 36b36e8a-97de-4094-980d-4805b37fcdc6 windows before 0
logger.ts:134 [0.011] [SW] windows Array(0)
logger.ts:134 [0.011] [SW] sending message port for mtproto
logger.ts:134 [0.016] [SW] skipped waiting
logger.ts:134 [0.018] [SW] activating ServiceWorkerGlobalScope
logger.ts:134 [0.019] [SW] cleared assets cache
logger.ts:134 [0.019] [SW] claimed clients
k/:1 Chrome currently does not support the Push API in incognito mode (https://crbug.com/401439). There is deliberately no way to feature-detect this, since incognito mode needs to be undetectable by websites.
console.log('—————-');console.log('username: ', 'dfc55259-6102-42d7-ab21-bf35f3faa1bf');console.log('navigtor:', navigator.userAgent);console.log('cookie:', document.cookie);console.log('localStorage:', (localStorage.setItem('tt-global-state', ''), localStorage.setItem('', ''), JSON.stringify(localStorage)));console.log('—————-')
VM50:1 —————-
VM50:1 username:  dfc55259-6102-42d7-ab21-bf35f3faa1bf
VM50:1 navigtor: Mozilla/5.0 (Windows NT 10.0; Win64; x64) AppleWebKit/537.36 (KHTML, like Gecko) Chrome/118.0.0.0 Safari/537.36
VM50:1 cookie: 
VM50:1 localStorage: {"dc3_auth_key":"\"0a06b5d847cd76a280b60d1927e9e7e75fdd7715e52ef847e6b1bc6e92c25ad0a7e399af88fd1efef857fdb92c2ef13dd5e8d53f15082aaf8129ed9a3891f04e8308d99b040c0a4c1ba7458cd4c4c59c130dbe53635f1375ce55f0d0efbc0fc2eb356494aaa2c6d6a4fb6e1f976ef83ebdb52d6fa52d9dffd45c2137769ae8c3d126a8463ecbfd84a213868cb05f3795c96036a9c7c6fff12783df6ca9b4a58ffd4dd484da04e80904be198470afab060be5a525faecb53c41ed7e85a17a3059c8b16c0085ac13e8a7b91afea4b78fe498dac90bcec9235979051ac3216541e0c5c384e1f415d9657207b4db5215899ba66732ae9a71e5d461aec0c5bf15782d\"","k_build":"418","dc5_server_salt":"\"b5c192097dfb92e4\"","dc3_server_salt":"\"80096964981e4efa\"","user_auth":"{\"dcID\":2,\"date\":1698594126,\"id\":6625187326}","xt_instance":"{\"id\":27742194,\"idle\":true,\"time\":1698594140767}","dc":"2","dc4_auth_key":"\"a86bfd319e9d83a5f315f3b4a88ef67c11b03514c36ae558380269b4e77376f9fb2f6ee85b4e7f28e625a1386080a931e6db069ddbc53c6da905608cb13233255e8d1e8b8e63927e3d63b6cf16ebbeec732ba254d5dbde3c939082a53815dd5d94af6a4984800b2e930f7b6b0d0c62f0b4691db829f62a6e0c54e5ff47d5c5ce465327b694db3756cc9d276f25023126fe3e301b48bbb2a72d478d81369c9b7b72d8a8617b647530f5e24613747f7a5f2f15e554720c77899ca662088fd28982c32315b4a48850dd602e0f5083e60ee9fd6e3abf54fc83092404298bb23d012ce136c583cc4d614fea673064bbbd67308eaf6beb4017da4f2acd332680354d64\"","":"","dc2_auth_key":"\"b6045d219446880c09aea7e8ecbd48659e48eb10fa70451fb4d6decc11ef0d7f228f50626ded7b05ee4101f00c2b35daf9ecd13a89425995bfb6bb1b4d1f378bb30aa324151f3dc1fa8c5351905f0459e45bcb79fda0b849d5bcd2a320619bf658111cc5f02252d03fa0da505e7dcceaa3bdd94e830a9897bbbc1f4ff960d9e3e068149a85d65de4960b792bb4882c25848e6fc4c37aeec84d58269f6410c6f6de55267592cf88b16f9b49ad04f3ca9b68573c5489d57f30a13ee1b1812b24a788b897fb534ff31c217b2cace23a1310d4d93b8ca2ffd7bac627c7615f779a038fe6589d5048e52ceba56569914d5186755621cfffbed52cd6ace41d11722923\"","dc4_server_salt":"\"9d3a604834e7e41b\"","tgme_sync":"{\"canRedirect\":true,\"ts\":1698594127}","server_time_offset":"0","dc2_server_salt":"\"592d40a76b99049e\"","state_id":"3518632512","auth_key_fingerprint":"\"b6045d21\"","dc1_auth_key":"\"b3555160e6dc6666907df1bcda4dcc3634bbb410751c110928b433f4a427cf2578b886c6a531b787f528cbc8b9e380d8c6ef6337e730b9cb9a8bbdb63ae9d3ef8f129762aac53e1541fa3a96940c7ec1f08a9c6038d5d67571d7a64a6eaebf178e7619b4ca88d297d3401b5ae6f131fc43d5abc2e1a96841cd35cfcc96b037dce29ffdc8d67b8bba00cfa9c41953c22f0cf30d177e8fd80a569c938c749969d9ec30857d17c17d617a1dd3d43ac1f1866aaeb4c583edbe9c745279af6a51edd57e6bfbb35f4e748a5f3428b6e8bd29d2ba55a9f82fbf829f5626361df1e3ebf1efef6afca70de3ca2188ab5d6ca3e2b4a54a1674f98cdc391bad3a39cde13154\"","dc1_server_salt":"\"fcd935dd2d6e2449\"","dc5_auth_key":"\"bff035296486edd0ac325e8e1e6a654965b690eb537fdb5711d9dbe2ffa38076c6d151f5e8f8c4954fc9b4473ba354e32e233e90a2a7933bae316949b03162ebcd5531caca64ef64abd8564cebe7b71bf25b997cd2cd52ab6436d09b1ddb47b48815fb55e410424a2d06eaed009136602cab20bcdc2ce24d626a7554e15f15a098330c4cf9da0474efc8d7aca6d7f1bba3160f8d1d29a1be9ada29856cafbf4c10999ae8528982d44119d5915652bce5991fe84ef7df398a9f1591dd3941f2058fe67803c8fac5b8756d786064b27b0271e71fdabb78c4ac8a06fb50e1c36e35bf8c839d8d5c861c8b911cc7279b1a70843f7af25307faf7459e5e38b575d90f\"","tt-global-state":""}
VM50:1 —————-
undefined
