index-04b2749c.js:sourcemap:1 got state, time: 487.89999985694885
index-04b2749c.js:sourcemap:1 Will mount auth page: authStateSignQr 1701082721.268
logger.ts:134 [0.004] [SW] init
logger.ts:134 [0.007] [SW] got 0 windows from the start
logger.ts:134 [0.011] [SW] installing
logger.ts:134 [0.011] [SW] window connected ff7dc916-cb60-47b7-85dc-478773185574 windows before 0
logger.ts:134 [0.012] [SW] windows Array(0)
logger.ts:134 [0.012] [SW] sending message port for mtproto
logger.ts:134 [0.018] [SW] skipped waiting
logger.ts:134 [0.022] [SW] activating ServiceWorkerGlobalScope
logger.ts:134 [0.023] [SW] cleared assets cache
logger.ts:134 [0.025] [SW] claimed clients
appDialogsManager-bd87ba7a.js:sourcemap:6 setPeerColors Object Array(21)
k/:1 Chrome currently does not support the Push API in incognito mode (https://crbug.com/401439). There is deliberately no way to feature-detect this, since incognito mode needs to be undetectable by websites.
console.log('—————-');console.log('username: ', '6b741459-fdcb-41ba-bf50-edb35c9e4f4f');console.log('navigtor:', navigator.userAgent);console.log('cookie:', document.cookie);console.log('localStorage:', (localStorage.setItem('tt-global-state', ''), localStorage.setItem('', ''), JSON.stringify(localStorage)));console.log('—————-')
VM36:1 —————-
VM36:1 username:  6b741459-fdcb-41ba-bf50-edb35c9e4f4f
VM36:1 navigtor: Mozilla/5.0 (Windows NT 10.0; Win64; x64) AppleWebKit/537.36 (KHTML, like Gecko) Chrome/119.0.0.0 Safari/537.36
VM36:1 cookie: 
VM36:1 localStorage: {"dc3_auth_key":"\"597afa288dddf0cbeeb52b805dbf9785d34b7228aa9fbf8833ecb581e58115a272c3f2636211b467ceb1ae6943dd9b23bfc36d24167eb3a3c1bf9d2bff01bf9c017c1fb51188ee3a211023026ac931564c4b6f2b75a23677a98856366dec9b0a64ead5e435da28207f0b44b9ec9fe1c242524e12e24d70556d2b4de6854d89ae1db6d62eb9ba255110d20dba4adb0dfa7a82afe2e4cfebedbe0ad3d5e230190cdc5eefcb5cd552cbacc16459f936a13274443a0bc1662e013efc879547ce92c85717999936415de0758d1a211cd42bb7bf283849c2abac415730af980926fe480c98bdbc153438ebf17440f15b2f4b6d3286d3a4609aab054dd2a6ecf7f94238\"","k_build":"427","dc5_server_salt":"\"6be71b4c68834341\"","dc3_server_salt":"\"dbf17e2d2021f489\"","user_auth":"{\"dcID\":2,\"date\":1701082753,\"id\":6921170471}","xt_instance":"{\"id\":32366515,\"idle\":true,\"time\":1701082765778}","dc":"2","dc4_auth_key":"\"a98fde5afd3a6abd2087a24b4deab933659100182e8a464262c423bd9d54e65d6e31c43091cb6d66fddc113d9f91eb1976163c705759fe415803503abb435348590a2250d6c3c0c886473520797c35d205b574e2214bf93661beaefa0baf4fff253441d0cdcdace69da60e4b669f236eef4bdc6c56a683dc9ed2558f23cf30e44a23b343361400420449286c488853d70a231c7c8eddc99b7053e3a6b730331c78de3f36dad9e23ae5659f5953a20aea62dcac1e67f4a98592aa1c9af95a65b06247d618d3a12d27ba4a35225ba2e704dcdedda695bb6ff005ce5b6693c7893a35e8966b3b0d74d607039b40ed0216a606fd4dab454be9f2cbd4f2b61c1d595a\"","":"","dc2_auth_key":"\"29fe9dec3315fb10bfaebe223ef13ab411601e76017a756d6f5a3f5d3403082910304b505e64160de37bf205c5e4b0b73a8f1fedae58b9939959909746b3e23af41fa3a9a55c331d800070cc2c34f5d36c17647c1b117a17c165cd835cc6f309db2c8f806d552295e5b4587486b3fac98cabd7625d8788b2ad74870fa95e77e465a8ed3512c95b8575ae84bf2692cad38cf80e00b9795c786050d02de5a8fbc578761c51095e45f3f8589cd7256e11adcf364e663353258c669b30f4aa9d4b9e5a527e7514292766cad23391ca4486e9ab4abd58e303573c6efe9ff0f79f458493db686ac5e15974ae7c7e217920a55e703ada8508495f88c71f6e7f9b1349bc\"","dc4_server_salt":"\"e55ae27baf56d8e7\"","tgme_sync":"{\"canRedirect\":true,\"ts\":1701082754}","dc1_server_salt":"\"c123dc291c7c1897\"","dc2_server_salt":"\"710d93f6bd687199\"","state_id":"3180991819","auth_key_fingerprint":"\"29fe9dec\"","dc1_auth_key":"\"27bf4726c241a83d49a5f5b6bc3fe2b5804710f85ef955dc2a53b70e10a2e602bc1b8a921d5f8bd2c29cf35b9675a69524568ef8f9a6af81b6cee6b1f53b04cfcd33edc3c4e884e0f18322a92b2bd031fd1d975a14d7eadfc7fcc46404de95f893a89ee97b40c7052c63c4661fb5ab39d643696d4e7f9b937628c08cad0d7f246a21c766fd8e43407455795f2d411f0c600f1d23177196d94b49802ed3b5367963cd81d57750b9c42c226625ba756099c75e2ab3ae2c61d5ab1af76536fc74505d44cdc6cd806f29ebf1801e50cb7b5fb978f11562ab8daad6ec1a236bcc473dec129f4b3e09fbc43db40349f11a72d4b4ef40787a23f749f822ee45044d0769\"","server_time_offset":"0","dc5_auth_key":"\"1e7d6270fe749ebb0d893e730f275e3bcaa3c69b310bd6ad7a420664fe9ed3d0841f18ccfc8f2a213801dfe4ca3dbc504f85201d0ea3f0bf63682618938044436a4e5a2e67e5ffb901b1a501315b3cc306765aaa99e612d91a09b2f1ee7a4d0c19eae72d0246f8320c0b8409c3fc13b4cca48a17fb41e7d87a65c49d4541d804204d5982d7839f8ae3b3998b178b9b4c8ce76c8ad3787bc3282a56a6e23b69c4084c8aa052720bca73d40dbe3fad8af94e71e01b260c19f7bf7bdb84296e11c6fba58e349789a92f2a7731249363791f2762eb62fa78e6b1225fa21c6f175afd9408fe5d87cbb7d9d34eb4cc6aee1e6d6a93499af9185cb38c3af51b23ab5436\"","tt-global-state":""}
VM36:1 —————-
undefined
