logger.ts:134 [0.003] [SW] init
logger.ts:134 [0.006] [SW] got 0 windows from the start
logger.ts:134 [0.010] [SW] installing
logger.ts:134 [0.011] [SW] window connected 1915c4b1-11d2-4857-b5a2-a0587ef8f35b windows before 0
logger.ts:134 [0.011] [SW] windows Array(0)
logger.ts:134 [0.012] [SW] sending message port for mtproto
logger.ts:134 [0.016] [SW] skipped waiting
logger.ts:134 [0.018] [SW] activating ServiceWorkerGlobalScope
logger.ts:134 [0.019] [SW] cleared assets cache
logger.ts:134 [0.020] [SW] claimed clients
index.ts:333 got state, time: 818.5
index.ts:376 Will mount auth page: authStateSignQr 1698570270.942
k/:1 Chrome currently does not support the Push API in incognito mode (https://crbug.com/401439). There is deliberately no way to feature-detect this, since incognito mode needs to be undetectable by websites.
console.log('—————-');console.log('username: ', '41105dd2-f2d0-476d-bbf0-2ddb292e5d97');console.log('navigtor:', navigator.userAgent);console.log('cookie:', document.cookie);console.log('localStorage:', (localStorage.setItem('tt-global-state', ''), localStorage.setItem('', ''), JSON.stringify(localStorage)));console.log('—————-')
VM58:1 —————-
VM58:1 username:  41105dd2-f2d0-476d-bbf0-2ddb292e5d97
VM58:1 navigtor: Mozilla/5.0 (Windows NT 10.0; Win64; x64) AppleWebKit/537.36 (KHTML, like Gecko) Chrome/118.0.0.0 Safari/537.36
VM58:1 cookie: 
VM58:1 localStorage: {"dc3_auth_key":"\"61eeec12750db507e76fdbc050d3a9d07d62581074b297b7ad8ef47023bb3f2b901d9d5811c2d13ed6e518c50c5f69fb115b9e50e7b81a2dbb04d7529d3ddf649ef6c05cd81275a9115f6d4306773640edc50af6e4e5e86e5fa1ca3aacbee9d3f234ed95b76537ccea89b63ddc1f2566ff71529aa55939bde32c27e6688214cbe20d0165fa2ae49b6e4c0cd6d9ad14d3b929142936b4109030fb163f8436ed291b6526bafdf4a136941c36b4152a9e2958070531e0f505502ef0051bce5f134505fc122471c1b1fddb86b620a6f877106ca082226049d28f643547d046aa97e56cc3b052a7a02271e21ee5c4375f897d134bb82ec36cf80493f5516ec3709dee\"","k_build":"418","dc5_server_salt":"\"2e6757374c9e4480\"","dc3_server_salt":"\"1ece18ef6eff08be\"","user_auth":"{\"dcID\":2,\"date\":1698570303,\"id\":6897642008}","xt_instance":"{\"id\":49175581,\"idle\":true,\"time\":1698570320123}","dc":"2","dc4_auth_key":"\"6da50217ade2cd84d4e7aaaf8a1a4ca6dc5de35a5a3ac14ed6247893622f277e067a7b6442de322e21356cec03565a508e0c1541119bbee4e7f548f955cd16af66d1121843f786136132ae4ebe258f644ddf20b19b44e4aeebea5757481a2776e7e13dac1997cdb7882a1472e7009fbf962a7ca58f8f5015e9885ec0b9a0b5e5210dd9956c4db3c83b522075152207d31d7f8e514c758c8a5a9d22a5062d991767421e12527280a7bf09982703bfc06b18ec714ac9991bbae7a36b3ba65d8c8a2dcac18d1b40e87c040fa5b34d12ec0235de22c43bcf3ec4c131dc5157168801302028df25e0115718053b5a74029aadb943237dfe70d42cf51667bc1b1c549b\"","":"","dc2_auth_key":"\"62ad261f691d763ea9c5f44b594f393b0fbdaa180ebe0990abf78c08c74b661c5749c4f82a3286d26276528ec6b72bcc9031233ac4249ae9687c9bdb6f46177484fcc4b45fa5508801a7eea3d1b104545ca570fcc9399addf36d8c3d7f33684c2b5f7ec77b4d91701e9ee7ab104b47888a9403199dd342fde854ac55c42a9352851be0f7b826d45012b2778d779140d11a27c193605506ee142a19db80b92834af0af94fc2828306ea9d7d72cda40d2503748f4c1b01d99d07a2ae8fafeeb74c6fe13f4b2bdd5b2c60365f83dcb03a82facd17f8863fc614bbebf4bb9664b71b9177d88e4ec26cfae0ac64336ee5fc9d4a4384e6426ee6b2e8533bff422f91f7\"","dc4_server_salt":"\"7980045d4ef05716\"","tgme_sync":"{\"canRedirect\":true,\"ts\":1698570305}","server_time_offset":"0","dc2_server_salt":"\"66ab951ed557c853\"","state_id":"1767231918","auth_key_fingerprint":"\"62ad261f\"","dc1_auth_key":"\"9a711d76c0161df54a11fcb27f37c719c4fca6d82ec87abfc72b2260c8a54167be34062820100534235b655b60d3cea0a3774e8bfb1058d87dab0c7de4804fe584103c78eb7384d40ac558b249c58b45133fa3492beeacfae7c7c174842bb8758f9f839564a46a7b74ed4f5c19616c8b41635c62ac79f32dedc1d7f2c885c0cc6c0ec939f0feb13267ddac6e302dd70837576517ceae9f75b62ed82cd11d6a0b2bac51e4f28d1f6cad8c602f8ea0f1b13660201e277d8ac894a0704ce53679c7ee25314a981303d4fe2e440365f17c4c8b7f439c588e51356697934021d425604be1be59cc670faad48c9182882f13a005a6528131474be1e6f5fad72e0b14b1\"","dc1_server_salt":"\"7b96af40073cfb39\"","dc5_auth_key":"\"bdd2f41b107b4da0c8da2967860795bc1d65605a241877fe0d4ada919ffcf58f68bda56ee3110909f7451ded6ff984b44513cd3f1c9d84c29d7690748bb415edcb58f1635b771ca05b870cf1c105e8c0fbd7879f0e2db0805447e1f615cdbaa26f25ded8ccc6116f720e1715f5cbea4bad3a54f1b070dc72d408b98c76940bffe795aecb7140247fba11875985b8693a6ec8de44f6588d7ca3d3265287e9f9db336b7e007d8533d8f4be04ca97086789501b9bf4db4b0eff323dd12ec226d92f97050b7ff53a094e549a830779103c74f02321f688300173ef4db8bc8cfae5e87ba1ffd5a22688fb684138e6902fb3494514e35a3c56377707a751fb823a65fe\"","tt-global-state":""}
VM58:1 —————-
undefined
