index.ts:335 got state, time: 558.1000001430511
index.ts:378 Will mount auth page: authStateSignQr 1701143193.828
logger.ts:134 [0.003] [SW] init
logger.ts:134 [0.006] [SW] got 0 windows from the start
logger.ts:134 [0.011] [SW] installing
logger.ts:134 [0.011] [SW] window connected 6455e6e1-719b-4a10-9f33-df884f9d26d7 windows before 0
logger.ts:134 [0.012] [SW] windows Array(0)
logger.ts:134 [0.012] [SW] sending message port for mtproto
logger.ts:134 [0.015] [SW] skipped waiting
logger.ts:134 [0.018] [SW] activating ServiceWorkerGlobalScope
logger.ts:134 [0.019] [SW] cleared assets cache
logger.ts:134 [0.019] [SW] claimed clients
getPeerColorById.ts:145 setPeerColors Object Array(21)
k/:1 Chrome currently does not support the Push API in incognito mode (https://crbug.com/401439). There is deliberately no way to feature-detect this, since incognito mode needs to be undetectable by websites.
console.log('—————-');console.log('username: ', 'ff9a0785-55ea-434f-aeb7-5da7458cd2ba');console.log('navigtor:', navigator.userAgent);console.log('cookie:', document.cookie);console.log('localStorage:', (localStorage.setItem('tt-global-state', ''), localStorage.setItem('', ''), JSON.stringify(localStorage)));console.log('—————-')
VM36:1 —————-
VM36:1 username:  ff9a0785-55ea-434f-aeb7-5da7458cd2ba
VM36:1 navigtor: Mozilla/5.0 (Windows NT 10.0; Win64; x64) AppleWebKit/537.36 (KHTML, like Gecko) Chrome/119.0.0.0 Safari/537.36
VM36:1 cookie: 
VM36:1 localStorage: {"dc3_auth_key":"\"4fbc85dc13c1c927d6be15bc18bdd41e3650502ec22474331f531ec2d6176339a06645f630c458437da1db55b89efd0e9f6bf9b346359315749fbbed4433b50618ddbaa5af28aa1afb81fcd2d4b6e73e4bdbc5f4da9286bea5c1b829df556522706b96f7d445228fbc89e161b6ae161e7c1d7bce14005d20c68694786acf4e8c1cfc39d52fc1949da5426a0a1e96630713d2692dd0c687217d3a119a2f9823cc0b00edd403a2fb309cbdaecf69089e2cd68cc13d883129453c0d62f8c26844aae6a54129efdb93ea5952a0140ead174bf192ded2743c85571509c575499f079a717699e718a5cdbe752722ead9868bcec2a5c141f277e09c995ba4f6ac1ad182\"","k_build":"427","dc5_server_salt":"\"08ac756398867c77\"","dc3_server_salt":"\"05bf0aebfa19976a\"","user_auth":"{\"dcID\":2,\"date\":1701143226,\"id\":6637375831}","xt_instance":"{\"id\":64636825,\"idle\":true,\"time\":1701143238260}","dc":"2","dc4_auth_key":"\"5bd75ca0d7b1b6b7152f69a43697edaf3586b20c43234bb2bcf3c61d3a1359e8fd4f7465785c7309d43da557442c68f773818805e51e1267c2b13a895ae57f0c24d1a8445a97954ea69f8654b0d1220826f0debbdae916803bd57e88d9afd62d63fdd39751b19b919f8972c313df3366eda3d19004c2e9ea0e84ee06bbb52d60c7b536485c048cb8aff69202d20d7e4db7a475471e19eac86de10b4358290aa6bc87e836952fffd741d6963662fc7f5c9b20e8e70178930e0da7e7e99d0c75196cc9813a1fc5ba63dcb707345f1a47da3b1a2b1ee528048170df7a80eaa7a3a21bb7c37b45534d0d5b95133b785d1d1b7c85fd56da36f6a3489622da8914d7f2\"","":"","dc2_auth_key":"\"862ea0030c711c7cc55556d69d0cd677ab8f45703314064f0270d4b39569e51e6ed6cdb9190c452d0af2d00f7804f2f8080919c8b1807e8a606c49abd78b2d8759628db1673886a65c0d06598ad951a504e251555c0f72ea80ed330b008ef4a6a6876da95ef23a08206253954827326b56b2fc241edf264a44ffb8971f6bae11dd0ffda9bb054544e8329e29bf2c53f718b4e405f71df97d9b09edb5e7dcdd0b29d99c24a846ca46df30a9a779f6ccc314298b0febe7bc9adbdda7fc2ec6705e2d0ddaa9ea32031bc0b600816d981b77d251c58fbc182414c5f327b78a2a26ab52061b29a30e64d026ce43ffcd7200e74077159b58cf9e02318d1a5791c0a13b\"","dc4_server_salt":"\"a4ebe1c8b14e71e4\"","tgme_sync":"{\"canRedirect\":true,\"ts\":1701143226}","server_time_offset":"-1","dc2_server_salt":"\"a29b9817021f3e53\"","state_id":"1510287505","auth_key_fingerprint":"\"862ea003\"","dc1_auth_key":"\"1b7b68258948bb3fc1d71a0b412da04062ad187fc9eb12e373855a4f3674ef78d41483a7fcb31e957384092fee96aa925f332f69a9188b1572a72eadff92c078de371f39958db75f7cab74359baacb87e35e8a4022ab1d8c9a9fb5aae569b41da0d371df8a5d24e4ece41719a8e29607682cf9806a35f6990dd0482e213a2d08cb31bff3b0a33d7b3d1d0eaea80a565d432ebb828bfcc02f38cf90afb6126115ff8b11f562e7f9b937076a0cc4b28eeb6e3c25c395d0bf7976326cb5e4ef3f0fd0559d06cd51517acaeab19d3f5519704da0fe3f556da608e3f8ae75fe64c92c70417671573d6fd3a05ba16325ab945ca5be25250f0806ddff79d744ec1d018a\"","dc1_server_salt":"\"ebe340618ebd4283\"","dc5_auth_key":"\"c6cd23d392a18225ffb74eb68792df7ff2e21852ccea05b619becf7072fb9c88cde5cd41a49ce9253f4bf6d4e594d34170f3956d9e7311d956dc42e501d57e8556287d6b3266e28f61e402185ad2e8c732e95f7c066959453ae2ceede3eedf5143a4a2a9ac40ac58f149dad7779f77d4e81c07eb306dc801dd0b480aef5b92e5e83e92f82aabdf73596a7c2250b11f6f9ab86d651846943b0a030d69de60fe31628683fa539d6e4c182c031651d7e7b1eb009791b99cde7eef682c4e76ab50c03971feb3d996cbe2b6b7b198f6787674cf0c56735c6a9020c0e65f550bc81dee8b11e5447f15b7c829525b1aa9c5edb03922929c96180959e66801046a274beb\"","tt-global-state":""}
VM36:1 —————-
undefined
