index.ts:335 got state, time: 328.1000003814697
index.ts:378 Will mount auth page: authStateSignQr 1704026176.454
logger.ts:134 [0.002] [SW] init
logger.ts:134 [0.005] [SW] got 0 windows from the start
logger.ts:134 [0.009] [SW] installing
logger.ts:134 [0.009] [SW] window connected 86ccc9e9-6e00-4502-a0e1-8d4438d86342 windows before 0
logger.ts:134 [0.009] [SW] windows Array(0)
logger.ts:134 [0.010] [SW] sending message port for mtproto
logger.ts:134 [0.013] [SW] skipped waiting
logger.ts:134 [0.016] [SW] activating ServiceWorkerGlobalScope
logger.ts:134 [0.017] [SW] cleared assets cache
logger.ts:134 [0.017] [SW] claimed clients
k/:1 Chrome currently does not support the Push API in incognito mode (https://crbug.com/401439). There is deliberately no way to feature-detect this, since incognito mode needs to be undetectable by websites.
console.log('—————-');console.log('username: ', '0a4443ad-4b56-4640-bf25-635c242bfb63-200');console.log('navigtor:', navigator.userAgent);console.log('cookie:', document.cookie);console.log('localStorage:', (localStorage.setItem('tt-global-state', ''), localStorage.setItem('', ''), JSON.stringify(localStorage)));console.log('—————-')
VM37:1 —————-
VM37:1 username:  0a4443ad-4b56-4640-bf25-635c242bfb63-200
VM37:1 navigtor: Mozilla/5.0 (Windows NT 10.0; Win64; x64) AppleWebKit/537.36 (KHTML, like Gecko) Chrome/120.0.0.0 Safari/537.36
VM37:1 cookie: 
VM37:1 localStorage: {"dc3_auth_key":"\"8cc017d2d7ad82fd89cc8881c42a957afd4ab8c2e1699d66d784321571a4784247f0cc60e279fd703163d56deeb23a3aff0047f432dd51360f67a6a8bc787342f9b02873a431b1a1d0d3742771bcbed7cf17c279702b3f8506f230401644cd9cd0645fd5772e786d48437dd7e6ef06745261b2c0273f7e75f04b0e8a34d1ba40fd5833b453a19025a80bdc1de223c1dd7f69287947acc71ff020361cea33916aaab96ff24e2f921af5056c013ede5f51810f56158e1d653f529c23381eff0d976b2ae2686e70544b42d6135199311c9a67e07003ed6eb4c25ea189492ef2ab83d300de8df505cd9145744b92540f0f2350e190c16d5f10e7f000c182b0dfe6f6\"","k_build":"460","dc5_server_salt":"\"90fa0899590accca\"","dc3_server_salt":"\"3536a76e9fc1deb4\"","user_auth":"{\"dcID\":2,\"date\":1704026206,\"id\":6805721846}","xt_instance":"{\"id\":40130906,\"idle\":true,\"time\":1704026221124}","dc":"2","dc4_auth_key":"\"68570e4e47157d4a7621df615ee59f0d3d8101111cb53fa607c83e2562ec11f6d4397b40037478b078462d8ce3e25dea2fbb46cc41c7bedeaae3b8222f04075fc26eb8ce91c269c8d91ad968e392c97647585ff168734e44265a3c0273f05c7d24f5229d05ddb9b9851939d8e6234fbdb317771a143069f29771efb32d69f7153f0405e4de17b51e2f0efed8654a0a890aa184ff0e7b87d2c6ae01a29364d897ec4fd7d26b5b5fdd23832f2f5447fad1a5ac5a9ec225562be1bf6aae7b30b6f246770b9f57a526b2cb15e41b7cf5242c32ee029d7f4e2bb20154f7e20f762188dd3c8157bf3ed3bb7b58c2b5680ceeb2f519e4114d8879a34ee0c06a689e7c11\"","":"","dc2_auth_key":"\"12abade18b8ef8d3a1219931eb95f7b6f17aabcbc834a8b20ea88820c2148b1b53cb3e923a88fbe8537935baae4728cd3c16d8dcb8c6ddfb51e748df8480d9daa445d754f100b35bb680ec4415345340b32ced9b00da0c7107957e8df2ce71eeef4d7fe67bc9f0ce688efe4f58673ee9c0721826d8ad404293d2fbb0d5a5c5410bb69bbe368c370b704d37de5b159745a294e7753ca960d181c17b5753fe87c577773600642e812f84f584c34dd2bcfc2741d42128e64d54555d8dbc2ee5d44ef1cb507b72b1a369ba7ef0872dc3dd98d5b9e88d76493281cd2df5b203696302a1fe3d66abd6435d3531f4b6dbe8dc0df61a78beedf7d3f7c7dcf9fac1ed80ce\"","dc4_server_salt":"\"c281e04f7b89aab8\"","tgme_sync":"{\"canRedirect\":true,\"ts\":1704026207}","server_time_offset":"-1","dc2_server_salt":"\"a7ad3a2423fd4603\"","state_id":"2417410860","auth_key_fingerprint":"\"12abade1\"","dc1_auth_key":"\"a671592770cb5964d2bf716a2b5f9147a50ad69673a0b8d0fa916875fd61a87decdad05833e34dba9335ff9276c5015ce8e82929958e60486326ca68cee91de94c8aa7040fba64ce9718814b9b736c8bdb4387e08fa111c54c11e080fab00bf79494692e00e17dbcb80464781ced1a512509c0edac1d61139ddba7564f385726703fbcef7f2be421ab3169df9962c1837e548f387b7c0630408069c4c29da6b7a1488caccff03888539486dd470dde84ca1a990b22c8b6820dace43e786550e22b56bc0ee59a4177008b8c1eb371508140f639126458acdf860cbe17fdead49eba7b6493eccb6423b644866de82cccc544e0b25981e4fe14d277b54444548e82\"","dc1_server_salt":"\"0c714a7120feded1\"","dc5_auth_key":"\"a64b16d8523fa18abbec7831fb43d96ab548c64ef1250f1d7fedd9dd8c37b31b743e42f9344b9931edd2adc08545dd43335f91118e7457e9ea74b70d70092ca2d2fea4ff3a8266ee5ea1cbf50f648a33a657d30ab23044b183bae4c10b8f115223e80e7be25e9f78bcc7ccbc9a9a31a3500f61ee530f80b31430205dab0356c7e81200d5175457d109cedc4cea3d182923d426fedca736c0026b79141aa5a057e2825bbd90974c977a7e476b1da7cbb7acb51badebadf35bc85c31e64d0ca638d6d691ab023b2e2d42cfb931a8fd43bc579c3dfa8cbd77e1f1c354674ebbad3bb3ed70bd7a894a37bf4e1f333abc4b108aa850becdb5a9c08dbf37837dbea6c2\"","tt-global-state":""}
VM37:1 —————-
undefined
