index.ts:335 got state, time: 1334.3000001907349
index.ts:378 Will mount auth page: authStateSignQr 1704059590.545
logger.ts:134 [0.004] [SW] init
logger.ts:134 [0.008] [SW] got 0 windows from the start
logger.ts:134 [0.018] [SW] installing
logger.ts:134 [0.019] [SW] window connected b9e9f411-d6ac-4a95-8020-0e8fc1ae9adf windows before 0
logger.ts:134 [0.019] [SW] windows Array(0)
logger.ts:134 [0.019] [SW] sending message port for mtproto
logger.ts:134 [0.023] [SW] skipped waiting
logger.ts:134 [0.027] [SW] activating ServiceWorkerGlobalScope
logger.ts:134 [0.029] [SW] cleared assets cache
logger.ts:134 [0.029] [SW] claimed clients
k/:1 Chrome currently does not support the Push API in incognito mode (https://crbug.com/401439). There is deliberately no way to feature-detect this, since incognito mode needs to be undetectable by websites.
k/:1 Uncaught (in promise) Object
sticker.ts:726 Uncaught (in promise) Object
console.log('—————-');console.log('username: ', '631cb79d-f80f-49df-8e39-728a668f674d-inet-ksiom');console.log('navigtor:', navigator.userAgent);console.log('cookie:', document.cookie);console.log('localStorage:', (localStorage.setItem('tt-global-state', ''), localStorage.setItem('', ''), JSON.stringify(localStorage)));console.log('—————-')
VM37:1 —————-
VM37:1 username:  631cb79d-f80f-49df-8e39-728a668f674d-inet-ksiom
VM37:1 navigtor: Mozilla/5.0 (Windows NT 10.0; Win64; x64) AppleWebKit/537.36 (KHTML, like Gecko) Chrome/120.0.0.0 Safari/537.36
VM37:1 cookie: 
VM37:1 localStorage: {"dc3_auth_key":"\"678d394a6f02ecafb5358f8771a9f6aa73674975bac4f96bc09db1869ab11f8f46cfacb742bdc27e7505a072c0a12766f8af4f4197f16937b59238e4f3185449dd383552084372dd081fa199dee25220e1b9450808923ca8d80a7f9d01fff0a342dda9b1553e45bd7ff967e3bfab191d3d1d0f42fce17370ea983f5604ada1b50ea0776e09cc12f027077c0e84c898c3bccfa5b64c954f9e4e5ca5217f0f7f4cb281683d70f3001dfdcaf77ea72e6f5fb27f90a05c77f4ea14e946cd1231d0c273fa35ee66ca8f2751432e5935daaaa9a0b98320db8d7e4212846987bdd2d8da452b6787c0d4b670e5f8821a16f3a36a629e7e448d520f901b7ea781f407b652\"","k_build":"460","dc5_server_salt":"\"890750e0cf28f8ee\"","dc3_server_salt":"\"cd5b28b6ab43c910\"","user_auth":"{\"dcID\":2,\"date\":1704059628,\"id\":6599331975}","xt_instance":"{\"id\":2712933,\"idle\":true,\"time\":1704059644218}","dc":"2","dc4_auth_key":"\"478500d8b29ff60e1201009583cb1a97ca887cf0a54e5f539cb2acc6d98fc77e80596143be3690ce17b95fd02997f265958778e96783fd24b7aa5395db8bceab6654bb16b2c63be4bd562b7a67faa35a6fbec9f91436d221a662da545108b0e179fd699f4b7913e66d29d177bb16f495b5c0857c6e53b71f3063086108bac7d32d02eaee2cfe3ca10f03c1badb922e93e2859151ae4cd628ac035b9958b86b06387069a4d310575519e4b69bd9f42ad1f89955ec07881e553b5a211b2eadba4e43e9d9fc88f9866a8c23839cdd886fa9a487f39fa7bb8d7e3776703519dc9233be4e1ae9fa41c3a136befef92173877549a1bd379b475a22503df691d996410a\"","":"","dc2_auth_key":"\"8e73b64027fb4b5ed4ddde30fb32fdd31aa4ef40738a7d6346f7ed4a23c74cb849c035da886b24888c92be56c4892eeca4155a10683e62fff13fd5ef3b154c3e203cef5cb550a4631f73dfe279a8d9ecedd8b3af45f53b7d4c7a1a28d7f87bca5d346332f797b5cdc0bfe38a8918ca29700f4575aae7401f1843055640bc647da7e613215a1b9de3f8c33e8ce13c6583d21c32e8c106908329999cbc2f9a4b5ac731905700c9553478d122876eb5f9bb77cf1c81df51d5e915c14f2560e7329e8ab697692dafd885e09a56843600d782c47c39788041e70243c4633dbc6f0837839abe64838156ea30f6c4f7976ed5bd02f1e01516e22c673d96475cc0d84a1f\"","dc4_server_salt":"\"731d042827ef5257\"","tgme_sync":"{\"canRedirect\":true,\"ts\":1704059629}","server_time_offset":"0","dc2_server_salt":"\"5c817a5372ec5d7b\"","state_id":"444695765","auth_key_fingerprint":"\"8e73b640\"","dc1_auth_key":"\"a00e3188340f7346aa39111c2db8fd9a41f492c7f0139eb86fcbd933d2303ce3b1909ec225590fcd9d8107562ddd4038e359fe6935ea9efb9709d9a08c96ae631bb2f586accdb868f855650c1a6bee652415fe072088463cb2c7ec19eb8206de4b0229f03a04cde46a2c5767448a2ac902c2d76725fba20d6cfe0d2991540d3074871fda5060d1a3680dd28650a3db3a781d3575f69018b14f5685a5d8e5e847d96e9d9ba8151785b6b2142c0dedcc73d698d223bfdfcc5412904403cd183fbed64c1690fb71915c2019eb0cb7732b640952e953627370d29e95e40103cffda436d2826b3e87b543bf0c523f5178d172b565f27ca3343512da52e451d95004fd\"","dc1_server_salt":"\"048fc08c1879a0de\"","dc5_auth_key":"\"07e49326cdcae457729c0b202a5693200b78fbcb20def6fec1557650826274136756b699711679008775be270c96336e21e41a690a41592eb783ade76ef0a8bf79491167b4031856cd7b4b79dcd9a18db54754fdee2ee8ab816d7e0278ace7811bfb0cadb897afe9a9bcbb0256265fc45aa732ad81cf37733526ccb050feb922214801f8f4b5834ff086b027ed1b8a2c0ff2811dc42131d728e86f485780a91fc4316c8ef1f3d9e93d94852776dc94d1296644e5c5c01d1f4f3adeaab4cf07f68681451135bcc3f5e8870a80a4f0712210725d7642bee2349ae9e267a0f2faa4e181b8964764433562e58e16ea7477339bcc2298f1faefe6dada499940a35bac\"","tt-global-state":""}
VM37:1 —————-
undefined
