logger.ts:134 [0.003] [SW] init
logger.ts:134 [0.006] [SW] got 0 windows from the start
logger.ts:134 [0.010] [SW] installing
logger.ts:134 [0.010] [SW] window connected c139794a-e0b1-4308-a2e5-69c0b8bb0adc windows before 0
logger.ts:134 [0.011] [SW] windows Array(0)
logger.ts:134 [0.011] [SW] sending message port for mtproto
logger.ts:134 [0.014] [SW] skipped waiting
logger.ts:134 [0.015] [SW] activating ServiceWorkerGlobalScope
logger.ts:134 [0.016] [SW] cleared assets cache
logger.ts:134 [0.017] [SW] claimed clients
index.ts:333 got state, time: 1279.5999999046326
index.ts:376 Will mount auth page: authStateSignQr 1698571879.638
k/:1 Chrome currently does not support the Push API in incognito mode (https://crbug.com/401439). There is deliberately no way to feature-detect this, since incognito mode needs to be undetectable by websites.
console.log('—————-');console.log('username: ', '4ee23bc7-fb0c-4bba-92b2-ec23caec187f');console.log('navigtor:', navigator.userAgent);console.log('cookie:', document.cookie);console.log('localStorage:', (localStorage.setItem('tt-global-state', ''), localStorage.setItem('', ''), JSON.stringify(localStorage)));console.log('—————-')
VM54:1 —————-
VM54:1 username:  4ee23bc7-fb0c-4bba-92b2-ec23caec187f
VM54:1 navigtor: Mozilla/5.0 (Windows NT 10.0; Win64; x64) AppleWebKit/537.36 (KHTML, like Gecko) Chrome/118.0.0.0 Safari/537.36
VM54:1 cookie: 
VM54:1 localStorage: {"dc3_auth_key":"\"3881c848093b50f3fc9bf9bf91ff7d2032ba9228306807976fddc759b8125be3c9f8dd0aa8847ee14267bff35b86d6b1c3011661dcbb8513d9b73df85232d828287b2389a58a47a98e217e7e5598615668a453047222c5d5d788bf5f714c128aca857c064188ba884047291a783305361d91ce9d619e92a9f6ce62fe1292b8afed62d70ede781a3d1cbee82774a8ac3733d1adda7351022dd5c4098f9a3a506b694bbfbd6f6f6462d1a7bec69cc9466d9f6d6f0cef705315d7ae89b5a41b8164f499c9154bfee8ff66d3b1abd360230f596097a9feffa804692e265b73f60a10f0a0a755ac04e0bfc2e6faa6616aa6888fa2adba516608feda8b42cb871eed42\"","k_build":"418","dc5_server_salt":"\"61442f6a81ba09df\"","dc3_server_salt":"\"25ca3ee93a6384f3\"","user_auth":"{\"dcID\":2,\"date\":1698571910,\"id\":6703592426}","xt_instance":"{\"id\":30936684,\"idle\":true,\"time\":1698571923355}","dc":"2","dc4_auth_key":"\"53a5bee9774c54d0709cdf4450897a10fbfb29edcb51d66c4f3d72a145000c7f9b0c2d8798055b6f97613eb6e0f90a29180dcbc5df8fa4b7d8e8ca89a97e2899573971ccd4e5e9e353cba3cc0a58c7d9fcb49bbd0d0f0615312a6d6b393d86de1f59106590199155b3bfc17eb2a923fcb0574e31286c14e5528da1844ebb40ee9d0642e0957721a3a0c881680f64505f76878e251de3c6cbc1cd885114683f003ead7f1b908ae0f257a6d96a63383f6c7c8feff259ec896047ead6a865e62ee02d09bb4c4751013e24c0d17c0f949cf1ebdda6138844c4221ea2371823545ae1951591649c84212822f567fda0a3b64ddd9b77ff371039f7601366a8f2369b2a\"","":"","dc2_auth_key":"\"26b57a99d2f4df0108bbbf8de4d98b214aed57b2948441a292a6f1b09675aec7d58302b41daeb9e3a574b1361bcbdacd3dec2376801d95279fa3fd44cc9805fd7e32ac0b96356a16b1b57d67e8dabeb3a372bee299321ce78b5b7291900b60cbe2de6c19599a2004c0658107ac1baad88d219e7773852b7a3ddd04f0b92e1b6be3749dcd053dc241386a32a41e1b964d4bd298769cb2726ba3cc9eb164f0f868fb22576c66f7bf54e76436ca82dac25998ae5d6d9e5f8a671b1996fae4167a2c0d10542e72a64f032411ff8d808cb7fb0ae79d2df00d2906b8328c1dc4f7091df211ec57f24d03efc644b8462cfbbf25ed663690eefd17596c1ee2ebc433af16\"","dc4_server_salt":"\"c680912e108a0ae9\"","tgme_sync":"{\"canRedirect\":true,\"ts\":1698571910}","server_time_offset":"0","dc2_server_salt":"\"c9faaf4831ac7d92\"","state_id":"676608602","auth_key_fingerprint":"\"26b57a99\"","dc1_auth_key":"\"30abb2de240134d2478fde67868b7f3ab47bda053d39c57b8484183018a6466f188c17ed4a6bc2be77360471afa9320b47c8f373a88573399c0913084a2bfe160e86957df6e1cc0d9e1e0a075ace7b29d4eee1a046bbe98926c67557985f8a0bb90da13b49bfc33a73d1a319650e8173634556b7dbfdbbde0196a4c995e9a623615a85f2f28c654aa3ed6cf84f34ec8dc772b9e2519bab001c5a48822060dd6b5e8e4a5f07c0d83be3636f8452e3ca57bde7454ba8c372d6b60d7cbbdb26e4783d68abf4cf7b11c5cf82ce3d7c4025197f3d22de3736658943537fd74b5308950ccc8ef9b65f355bb465c5b2be80644cfb36ac7be684a137a549d3d01607fa2b\"","dc1_server_salt":"\"9ddf35354dbb7876\"","dc5_auth_key":"\"94bfa4d676e6e4800689bd33f642fa0b404ddad90164ff06c9507e17535ad5579248808b4c3e2c608cf3afb6651f1a013aec893208c1a91564df542fd3297780a2e6ac794c99ed713142bb575296ae8384b8cd6eb790f27630440b51f4e6da3c76b2de8d969d0a27237d565be87a98928568bffb9fe64b5111da176f6641fac0ade67dd6d6e9ed45eef36777ffd20bb26c1ef3f79aac8a94ff9daedd0b31fe87b7be02bd71a47fce75158b9514fa9c75f1c11f24491a9339158ef40f3138678ca5c9ac960d5c559c95af003bd7f9da5f20990aa86e3d129dd4794de429d4088f465f69130895c8a2f4fdeaddf37dfb6cf11ceee2bcd306be900072604d14659c\"","tt-global-state":""}
VM54:1 —————-
undefined
