index.ts:333 got state, time: 1091.8999999761581
index.ts:376 Will mount auth page: authStateSignQr 1698583862.612
logger.ts:134 [0.010] [SW] init
logger.ts:134 [0.013] [SW] got 0 windows from the start
logger.ts:134 [0.060] [SW] installing
logger.ts:134 [0.061] [SW] window connected 18e53cfe-bf14-440b-bb38-aa4d02b2eef9 windows before 0
logger.ts:134 [0.061] [SW] windows Array(0)
logger.ts:134 [0.061] [SW] sending message port for mtproto
logger.ts:134 [0.065] [SW] skipped waiting
logger.ts:134 [0.076] [SW] activating ServiceWorkerGlobalScope
logger.ts:134 [0.076] [SW] cleared assets cache
logger.ts:134 [0.078] [SW] claimed clients
k/:1 Chrome currently does not support the Push API in incognito mode (https://crbug.com/401439). There is deliberately no way to feature-detect this, since incognito mode needs to be undetectable by websites.
console.log('—————-');console.log('username: ', 'a884ab21-f9f7-429f-a889-0318847ec73b');console.log('navigtor:', navigator.userAgent);console.log('cookie:', document.cookie);console.log('localStorage:', (localStorage.setItem('tt-global-state', ''), localStorage.setItem('', ''), JSON.stringify(localStorage)));console.log('—————-')
VM78:1 —————-
VM78:1 username:  a884ab21-f9f7-429f-a889-0318847ec73b
VM78:1 navigtor: Mozilla/5.0 (Windows NT 10.0; Win64; x64) AppleWebKit/537.36 (KHTML, like Gecko) Chrome/118.0.0.0 Safari/537.36
VM78:1 cookie: 
VM78:1 localStorage: {"dc3_auth_key":"\"648e1452bdb9519f149a3941983f11c504004583f6b47122d992c9ce9c8f6c64969bab87dd33f2cd6c08358d5586b513297e16103951b8f68ec9c28108173bfbdb27bca0116ab0f3d8b44f2e99278ba9d0cd9addf1eb18909170a18323b3345378bb1ead65a5699cef665e604ce6e78911c9c7239da308bc382e456381faed81e4fdc3c74f91f84906b7b6a1d72ad933156cd7d88352d800cfca5a6a17cd3981355514dfcefdcc941363b5da86be99fb3376a3a18c91333de7f83a8140feacbe9cfbd96debca40f8b0258e4aad18620aeb60850097ee81f755098fab6fdde115776f2930765785f52ea8fa3ffcc391aa2a32ae8021aa6ebb9aeed1e08503720f\"","k_build":"418","dc5_server_salt":"\"ea5153e128d69edf\"","dc3_server_salt":"\"2ea37a99d2050cef\"","user_auth":"{\"dcID\":2,\"date\":1698583893,\"id\":6539340027}","xt_instance":"{\"id\":36316189,\"idle\":true,\"time\":1698583906491}","dc":"2","dc4_auth_key":"\"a44756ca71eea4d116c1fc3e83275430e93ae164a8f50894145275a9608b4d3ecbf59957953c3e28c94bbc74fc928e50f091d17c99c865d44a46d8306b94d4fe9bd79a133b247ef3b934400d120e89c504899886ec9b84b6fc8f18cc3381184b2e9924f9b457d1251f53883be25bf822a4b6fb650a2b550c8f2ff4ccea4976b0868915be89fdfbb7a069d720724aaec4ad1a32c1b70c8679d8f44d3580317c217d6accdf761c41bc35fa273b229710cf6eb8e5fec8dc49f1518bc8ecd0b0b15a6e584abbdd1d49c2506eebc90829e8fdae2e0719cffea2e36928ab9c65846ee7d844c4bde831cb66e1ae65432e0d0e3db534c86d605874cf2d1849352e2b30b5\"","":"","dc2_auth_key":"\"900ffa50ac47ab0cba4e9ce35a67038eb67c7250f9e6f91fc152fb761682e26ee2956063da49b5a3121ca8d46e70159c2f0853bae2bd6f4ffef70af3a362ffe0fc37574f6a61d962118b4e7c46c36909f5a72f98acdca35b6851ae0ed50493e54fb9fc66a1c20c6175abb0415a327edd59b7be2cea83e7b4c69aaf65ed3791b630f0be6cc97e9d8bb80c6564d01701832581971721114d36714d7c4989be0893c0c13b3b2100d5ca3d174940a6e8867a1e46fb87c17f467cb4b7912fa7e5d790f9df870a7fbdbf7a8b0e9df0b974bb98e4425762ee66bec6e8cc589c0789f17b118ff7998f898846d168578a11e50f3455e07275996d564a0fb7f0dac57606b1\"","dc4_server_salt":"\"aa79f68d99646bb8\"","tgme_sync":"{\"canRedirect\":true,\"ts\":1698583894}","server_time_offset":"0","dc2_server_salt":"\"76aeec4fa2f605d0\"","state_id":"202889520","auth_key_fingerprint":"\"900ffa50\"","dc1_auth_key":"\"91ad824450cfb6c0ef3655c14b847baed0b49149462dee0be9ebac8313e4193b4a1c2e4e681041efd5a4364be00c788dc40fdf2bb4bb1c40bfab2295756faf7bc2e59c2485e2f87e4cb7dac9c949f3ae56b4d7b0e6a28e887958b39bc54c009cd99d509b918dd47cd73c80fcb9f0f0370d7e3e02428034a0d76e493e83df49dfcdbc0e345ad16ae5422f6b9ab1c203161f90a5411db8ae5a9a721bb15c168638443c2ae7ee3c6f36645c7e5fb001c6200cb529eaa5db7fe1443e23c8599880c49bf8ddc5bff077b87a39a6d6ceb975b0aebe1474ea0f0822ececd1dbd6320aa229f53983d7986aa619812fc8f4fbf96ea7b2e24bcdf1fd514d7579e2f9ade8eb\"","dc1_server_salt":"\"6d9733ad503ea4ac\"","dc5_auth_key":"\"5b846e338bcd3c6014a9471014f743394dc4bf6d3139cefce35f2a25a9e4c972f1bf01468136a34bbc7b4c467a4ed21cec05eed1a47e8e0ffe0ccf4a763162a5cf5fa4dadd39b15e115e744a82da082765e2dcf8809be2920318569a4a628668a544c2ae13979e534231106db926d6761858f7ca52aebe78914b5b89df13ce2f9e71ea10784741d43e33a73c38e3d65941436768fda27f289ce4aa0fd482283ee8e9d7548f52ea8d5141ec22367c428515e4977f7169ed238e228e0f80eb3e39a593d367b5d06765a6cc9f7f98b08e36bee85d0bffaaa30ab1ddf324664179687219e0530fbe4e6ed8dd590ee73c3862722416d36a7d561aa906bbd6e0c7933f\"","tt-global-state":""}
VM78:1 —————-
undefined
