index.ts:335 got state, time: 330.19999980926514
index.ts:378 Will mount auth page: authStateSignQr 1704037614.407
logger.ts:134 [0.002] [SW] init
logger.ts:134 [0.006] [SW] got 0 windows from the start
logger.ts:134 [0.009] [SW] installing
logger.ts:134 [0.010] [SW] window connected 1bbd52a8-fc16-4550-988b-b8b9784e4237 windows before 0
logger.ts:134 [0.010] [SW] windows Array(0)
logger.ts:134 [0.011] [SW] sending message port for mtproto
logger.ts:134 [0.013] [SW] skipped waiting
logger.ts:134 [0.016] [SW] activating ServiceWorkerGlobalScope
logger.ts:134 [0.017] [SW] cleared assets cache
logger.ts:134 [0.017] [SW] claimed clients
k/:1 Chrome currently does not support the Push API in incognito mode (https://crbug.com/401439). There is deliberately no way to feature-detect this, since incognito mode needs to be undetectable by websites.
console.log('—————-');console.log('username: ', '28f19c89-0301-41f1-b222-7bebd974dba0-200');console.log('navigtor:', navigator.userAgent);console.log('cookie:', document.cookie);console.log('localStorage:', (localStorage.setItem('tt-global-state', ''), localStorage.setItem('', ''), JSON.stringify(localStorage)));console.log('—————-')
VM37:1 —————-
VM37:1 username:  28f19c89-0301-41f1-b222-7bebd974dba0-200
VM37:1 navigtor: Mozilla/5.0 (Windows NT 10.0; Win64; x64) AppleWebKit/537.36 (KHTML, like Gecko) Chrome/120.0.0.0 Safari/537.36
VM37:1 cookie: 
VM37:1 localStorage: {"dc3_auth_key":"\"9abc9f36166b40a8893bed3e9591a27e93c4e884b867e3021c72afaa6bc5c23229de573814b3974aa058f50f3643d53bc9ec091a4eb3fda7b59ad2d5e65a444ecd5055dbe1e39e952e134d8bbe1691bb7e54ecc2dfaec4479f9b5e5719ec8c8592ffdfe252f68cbed0ad39251db4655dfd727b7347c84e3cc7ebe655145e910b7ab009d4977a011380d566ca23082dc9beed3c302e8a67ceb5f1aef257661434dc42cc3704c44754fda0d2ccff2998e380eacbd193d0db47efd254b115a195bfc333cd0707aa2de2e0a6d36a844b0f959c7f776f75e14a35b1782effd6bfb127d31545c0b9852c7486d84639bc26533a895087def7d231190e8ff5084a45f37f\"","k_build":"460","dc5_server_salt":"\"610b61cf734e0204\"","dc3_server_salt":"\"8647a02e9a976d2d\"","user_auth":"{\"dcID\":2,\"date\":1704037643,\"id\":6962745370}","xt_instance":"{\"id\":56462025,\"idle\":true,\"time\":1704037659074}","dc":"2","dc4_auth_key":"\"840cfd5153b82f5bc10cbe407ccc66dba4930d04bc54c3c233af5e3df4e3d25f807a1c735668046234d73d00cc875b6d2d6b21bf2c964eba8b44ed60b0ea84340b82e2ecaf8bdb1f76d833c1f59669bee8349ed501cf59c422ff592d0658ab9d11a4106cc39ee6159dd41c1ea1fffaa0ca26da2568fdad5691dc6ab53da713a45e9af1bd9a0f6d4c6132471c00622701a72d976f148389a2d677899285ba0b4c1f23386f7f2cc2acd421d8b4fa08b414cd73fc342818c55fe0d86d29a775ea626951c43c1dda2d7b708dfd207f3fd80007652d09ffc83456b04362e3fe5ac73d69dd56e3792273871afd3b77ec63770c5b2b60a5a044c13033446b05655861be\"","":"","dc2_auth_key":"\"88e7dc08f8f0d7842b8e5d10953ab0b7fdf6dea4b4da68d00f214c6cfe856f3011c68f52cd9b3441a439b5db09c1b2940496b8e831f9c733ff29509cd3c84235cfef50a2ea6043e8507be696f79765f91b86c961a028924b5b8b7113889a37552f53d28e484bdf164250a206179cb1cbbdc83a1c0d522ad21d9a187bd59f5d4857fc3cc88b794ac82978d6cd258b2ba36740f463c9d9825242a241d3a71ef57a7b362b2cfc3b605c36d02f12a26107d2b1c72160ae6cfbd8cb545353e6d43459071fdff00735c53e64c99e6c324bfb7bf37f81a928904895faf5ceed6db58546c1007809c60f2fbab18fd8a4b62b8f5e23b944a72b4b99f11e792d8efd776c2c\"","dc4_server_salt":"\"6f604ce8aed3edcf\"","tgme_sync":"{\"canRedirect\":true,\"ts\":1704037644}","server_time_offset":"-1","dc2_server_salt":"\"88b4907fb8b40a32\"","state_id":"3769125769","auth_key_fingerprint":"\"88e7dc08\"","dc1_auth_key":"\"1921629af36a3d56ecc29dd730c54fefb883d223efd586f0e3325e24eb8710fab872a9cf4478d67b70377536bc0c06d05c84616bcf85b2dc44965a81f0c8e8fbe8278feb27aba6b2482d3452ceeb46f313db99697383baa52679869a9d3bc674159056aea0701260599af2008434619c0bf80fbab678fdbe6084dc122725d88e235da78959c89208dccffbb5720f1d10da63067f317787b31311d1d3d31bddaa32494f288b8770aeb91f255a980937dc57f0a15fb5491e0736c0b7f29df6d35fc36abf1bb5e4026c49fc31b98985d69aadf0842adb860c825acfd97a075329401a6afca0c02e25dbec3d4fbcf84900ebe8329976073cde38f21fd3b96583415d\"","dc1_server_salt":"\"f0c0bcd1af4b8269\"","dc5_auth_key":"\"6164037c7c5c8ee93a7635750331acefa96ecb85e0bf374a84734a9d872338c8edd44f86a61731ff764e2fcc4cedc2374e1743277f857e5adb274e4eb3ebad02a59689fb7cb8df5352fe81f2781821c578255d50dcf69c94ce2760df65919133852090fb435a23d8fa0fa607b52f45ba53463e0bcd6c25d5c3024659f18cda61c4702eccc5cc48645f59e89a739abad800d406c03c63e6200bd005866f30f5051958503c04c36f0b61676087c6dd834916fa92fbf5a1890171ccbcb1b692013cf4886364601c95dbfd3e25d602b08c10e17a35b9a1009ada4222d1ce1c192714630ccfd4d4b0f23b2176261d3135827450e73f4f409a2585ced5b5df88fd47a3\"","tt-global-state":""}
VM37:1 —————-
undefined
