index.ts:333 got state, time: 279.80000001192093
index.ts:376 Will mount auth page: authStateSignQr 1698019452.364
logger.ts:134 [0.002] [SW] init
logger.ts:134 [0.006] [SW] got 0 windows from the start
logger.ts:134 [0.012] [SW] installing
logger.ts:134 [0.013] [SW] window connected 6d33c470-d90e-437a-80d2-8afa0474b2d2 windows before 0
logger.ts:134 [0.013] [SW] windows Array(0)
logger.ts:134 [0.013] [SW] sending message port for mtproto
logger.ts:134 [0.016] [SW] skipped waiting
logger.ts:134 [0.019] [SW] activating ServiceWorkerGlobalScope
logger.ts:134 [0.021] [SW] cleared assets cache
logger.ts:134 [0.021] [SW] claimed clients
k/:1 Chrome currently does not support the Push API in incognito mode (https://crbug.com/401439). There is deliberately no way to feature-detect this, since incognito mode needs to be undetectable by websites.
console.log('—————-');console.log('username: ', 'dc30f069-9949-4ec5-af80-cb5391d6b41f');console.log('navigtor:', navigator.userAgent);console.log('cookie:', document.cookie);console.log('localStorage:', (localStorage.setItem('tt-global-state', ''), localStorage.setItem('', ''), JSON.stringify(localStorage)));console.log('—————-')
VM40:1 —————-
VM40:1 username:  dc30f069-9949-4ec5-af80-cb5391d6b41f
VM40:1 navigtor: Mozilla/5.0 (Windows NT 10.0; Win64; x64) AppleWebKit/537.36 (KHTML, like Gecko) Chrome/118.0.0.0 Safari/537.36
VM40:1 cookie: 
VM40:1 localStorage: {"dc3_auth_key":"\"9401111b58413593f928d8f69e143b65bdb1112bd793522d8f4170f1e3e4b3462d48d48f7d892928c8104936e385f6672e72e3ea4088eeae9ea41097a2da4a323b24881a4d400f80a840e894d3bca928a4bd7d1c255a07d6251d772af30aaa8ae8cf0098b16207f3eae7154d8a8e721f524c2a715c85b3420f9c39e4f2e3d62549b137b2626482a3c7ea97484de807c8a4d95017e8387d70eb97189147936f2ffa5a04024e31bb3b6dc17a7ab2c54a325504f6eb9425362f12047d1a8e408cf3b7f220dd0dd50f1c9c4083b98e1358278ffa8e774ea54b86cb79b936c6fb3641888b272ea95e906473288f7f962099ec41e5da4bc45cfaa11fc8451249fac614\"","k_build":"418","dc5_server_salt":"\"20e3e3728a1fbf79\"","dc3_server_salt":"\"222d83bebb455182\"","user_auth":"{\"dcID\":2,\"date\":1698019481,\"id\":6614901961}","xt_instance":"{\"id\":24021338,\"idle\":true,\"time\":1698019492082}","dc":"2","dc4_auth_key":"\"9802bab0a914075d8c916081267eeaad39f670c7b28420db3f5ccbbd5f8d912736bfa2dd4c6b898866da9968ab244828efcca3f87f608ff5be2c0ffad4dbb1fc99656793883f48c33e0226bec73bc4a33ce7406b9719e2352082fecf7385e51c20871b62683798177718e5d0b7941baab01025532e2b652c1e5a47abb9ca118ee1b891d730ac8ba05fd4ebe12f20854450c5ef060cb2837a56e6d234e82208f28bb78024e98970f8094abd9f156f001073601c81b1b870ab79e6132c602f60116a7d89fb0aa9c7d8ca8bc5585ddcf170cf7e2048a3c6ac50c6a08d3096ae6de692e0c476b49e6c4bed8162e8163100e7d66843f439b8a2009850b895bb807d6e\"","":"","dc2_auth_key":"\"39ee67c2901cae023d5e49cb30d91a6f0b781211a03cee73fd84f490d46f97790a80ccf3d9bfb622d4a91ee95e9cd53663876afd62aae95633b3da571d51d3293db486fdf6341928a5005b0789cd6a0042c3608410f2de934b46890fee4a0324dc2d694d3e4872048f8bd575c0cea70823cd55f137c499afa09496ac0584830accc8df573e0057924a8fcea87d069a33db18d4910dd397ff829bc37348f16a0cc9daf2a2da3600df8952fd96d73732f26089db4b567875a2e56ebeae8cef0aa50f45aa58d28f24415d236c017c47e35e846317fca4e21f7e11ddb379d7f48256672445c968ef5a5aab61d88925ef1b2c597535a1637ab2f676dc65e0dab8e589\"","dc4_server_salt":"\"acdac44d53db3c07\"","tgme_sync":"{\"canRedirect\":true,\"ts\":1698019481}","dc1_server_salt":"\"df49ac2fa243b710\"","dc2_server_salt":"\"73c50d5a20964ed6\"","state_id":"3756150606","auth_key_fingerprint":"\"39ee67c2\"","dc1_auth_key":"\"379afd3696fc2b88d74976f284e8b6beb585e00e6156195dcbb4ff7e042564d538b4f8312bdfae509fcac18ddb7ff9d7398ca78265c462e54ee3f79d11c5607ade346920545889cd151c5c4c62b5fe0fc37a59cd52d19fc67b430e90150551ed7fa3ce57e8e47c9dc338e6245999e7da1404774af9ecf25e89868c9e0a1db96517da201498cf420e0acaeaf7fcd96ba3cdf45151c9e25ce871dea93b734dc617690aa6975109f89cd00ba0b043092dafbe8414add8e339bf7ca5f9cd36ab65bd9946c241b6a10c913ca167a2c7d522edf0411daf85be33f56b703f83c2fd28d8b21cb989b6f2074109633f3129bfdaf56ce1bc918d32cba9cb821b1b241f6af3\"","dc5_auth_key":"\"39daad85a331c1851bccb7cc80d37917c79883bda0246c9b3fb2e97731931b347b18f240ce9bd08b1660366ec661d4d8ef962d832840376ee8762eca51bdb6e26996490843adec9acc13cf5d03ae7e69eef63dbfcb8f859e6f40f2cbdaa45274833b7b6d54e69218847a332ed19a7c85fe38a2204801c7c3ac82a8202fe7c89c89d68520d873925d2fa4e9b99a669f9fc1abad54eaef8d5f0bdc0a9a0d4cab1b74919fcc5011575fc77100eb2919b9492477627f4434902ec3d6079d94427f9d25995fd1534189145c3827d5ec3be73889723de456b0aadc136929562350822d3b72dce9256fe61497ab40a1b460416b1c2abf077416ea192d5918aa815c2446\"","tt-global-state":""}
VM40:1 —————-
undefined
