index.ts:333 got state, time: 331.30000001192093
index.ts:376 Will mount auth page: authStateSignQr 1697992257.976
logger.ts:134 [0.002] [SW] init
logger.ts:134 [0.005] [SW] got 0 windows from the start
logger.ts:134 [0.009] [SW] installing
logger.ts:134 [0.010] [SW] window connected fac83108-d9d4-4fea-a665-45fe9c7774c2 windows before 0
logger.ts:134 [0.010] [SW] windows Array(0)
logger.ts:134 [0.011] [SW] sending message port for mtproto
logger.ts:134 [0.013] [SW] skipped waiting
logger.ts:134 [0.017] [SW] activating ServiceWorkerGlobalScope
logger.ts:134 [0.020] [SW] cleared assets cache
logger.ts:134 [0.020] [SW] claimed clients
k/:1 Chrome currently does not support the Push API in incognito mode (https://crbug.com/401439). There is deliberately no way to feature-detect this, since incognito mode needs to be undetectable by websites.
console.log('—————-');console.log('username: ', '7239b39b-75d4-4476-a486-bace40bdd696');console.log('navigtor:', navigator.userAgent);console.log('cookie:', document.cookie);console.log('localStorage:', (localStorage.setItem('tt-global-state', ''), localStorage.setItem('', ''), JSON.stringify(localStorage)));console.log('—————-')
VM62:1 —————-
VM62:1 username:  7239b39b-75d4-4476-a486-bace40bdd696
VM62:1 navigtor: Mozilla/5.0 (Windows NT 10.0; Win64; x64) AppleWebKit/537.36 (KHTML, like Gecko) Chrome/118.0.0.0 Safari/537.36
VM62:1 cookie: 
VM62:1 localStorage: {"dc3_auth_key":"\"0a049fa79a0f438753ba87f06c7d06b529f5b6da2e111614f830b3eef9e0d4f8281de8f8e6269db96c9e19f8e391d12dd81a711a19e8fee93bdf13afc7bc952eba9d515fa97c1a1762dab42786cf42a350e650285c25911403b51e6349872baf5f83bb296bb10cf0f690e1bd18e13f47a770f588fc137334027d6d1827639c452fead4beee3eb052c078bb6f4dd7654bef249672e467702531c76629950b527c6c3d131fdf81d0d2a6b389e3ad146d15dd7097e406f5cffc0b02a245295d42c5a817e077ff87cb489fdb1c606552f8beed0296c554a85264299d5bb5f6adec85028f6cdbaf3d5a32ce43ac1617636ca28c9ad6baebce3a23caaa40f0fd05a24f\"","k_build":"418","dc5_server_salt":"\"6a6331f49bedcc86\"","dc3_server_salt":"\"8f18d8e9c094f074\"","user_auth":"{\"dcID\":2,\"date\":1697992287,\"id\":6401959294}","xt_instance":"{\"id\":17477681,\"idle\":true,\"time\":1697992297647}","dc":"2","dc4_auth_key":"\"174882136b4a08e8eba34bc1c905673f107c7487eb0139ab6b5a9f12f171cfdec15446c5f4a3bdfb18b4f035aeca591727feb51a049fabc0579b1f203788564cc3979530f39fe67c180526de07deeabc17be7fe2eab53ab31c4bfd71a012b57f8b072a0ba51c59263958fabd49eaab3db7a7ca4fc575ab0bcbfce5bbd393b36a0876d117aaecaf9875348e8aa7f4e7bf4db39b9fcd1c33039a362ab553ca2eeb8b141188c05b540281d3ee68f45543306454b38723489bb6d432520b55d8f6ff962f46b7430efc5a5dc451d6f8a7c9a6f641495e7590f73cf4606a2c6d8a057bc65622f5015d9b3a0cd6e41bec775f0a7249afc52dc1a83f2a7ac5a987749f28\"","":"","dc2_auth_key":"\"afe466ad4b5ad0270e107e0e8cf7431eedf356ad505a78ed28500771eb2cc537cb28c1fd7995a1ea6b4f620e2d18021257783d71f458f6a35d25c5aba199e74a338c07af68bc6ff4b1db3126c01fcb1b234ffda860c803211ea2b9b6d6d5eda0cbbdcd98679339cefb1395e30c77ff30f6d79460b1ccbee2b6c77398cc745307ca4398acd1b507d66558c85bd96a67e2fb4cd85961c2d14dd206b6dfe38026df607b116fd84eac42ccc30aaa0ca22bad8ddb981542167207421eeca4e23035f62e71ce2364745947c6606059f3c517269ddb8506f1aebb9abd19234cfa2b54a7978bd0b8d5ebd33da45f6f439ea173cd5ae369a9e45b7d07443f427a83c769be\"","dc4_server_salt":"\"ec760d98bdab3a8e\"","tgme_sync":"{\"canRedirect\":true,\"ts\":1697992288}","server_time_offset":"-1","dc2_server_salt":"\"2a84d4e4754f86c8\"","state_id":"3119442132","auth_key_fingerprint":"\"afe466ad\"","dc1_auth_key":"\"0918bb3ed06867858cc34e11ada5076f0d57cc31bd3f2d88ad52497f2d89d93f7a516e5e7d6cf8c91fa683fa3b578353f2c617d9dffbb027c92c640a8e7749fadfce594e1570e281e066aa52bdc41845d73b68adebde896f1714a61ae75e52e77c5d0876d38554612f8b022a15bc4641f31cb99734e1c047d74935c994b8d1cc240ad264e777bba59f3da4123b8a8f2cde72426092b0119c5bda617a61240cf17ee0d56e8a783b2057578e9a807ed80911c3d1b018307b1efd66b1ccd2a8a9caf3537865543fb01ab38e8f23f86412348dc9a6da34a59040228c1ca6b78092f7e82d6f22486bc2906c7923a2b9d34b4bf4c1f21e5bd5788c9654c814e361f658\"","dc1_server_salt":"\"a91c39a5d213c986\"","dc5_auth_key":"\"27aac21b60b61778576c1a17780650b5a18568d531ef37e4e75e14cc41b60f7106d61c57931651b83f16a2c8b6a7824f250c9c4152406ec6049f3df1afd5ac4cd6f7814cec16615296cee8e4636c7b13b5270d207d960d145b2de4947192be025417030424eb5e96ed27b14cc1033c7823802c12b0997d131b0a5e4791ee7fd3b8fbb168c9f627119ff90bb0a8e75c821d17fc78b2e8a951970f866ed6562d3ae718bc686a9c11fd7aa9086f128d18d291b2b7a2b06a8d58fcf2e7cb1d2ec3806707e9c51011a538bb6595f2cbbaa7f4695a8fd7fc8894f36cf18b94330912e6e5e5fcf81ec35712755b492766d4966cf66be3d0fe6ea8b58c6dac3fd18cd772\"","tt-global-state":""}
VM62:1 —————-
undefined
