index.ts:333 got state, time: 1040.5999999642372
index.ts:376 Will mount auth page: authStateSignQr 1697984061.845
logger.ts:134 [0.004] [SW] init
logger.ts:134 [0.007] [SW] got 0 windows from the start
logger.ts:134 [0.015] [SW] installing
logger.ts:134 [0.016] [SW] window connected 690c395c-666c-4b26-8008-7e7292b4eba2 windows before 0
logger.ts:134 [0.016] [SW] windows Array(0)
logger.ts:134 [0.016] [SW] sending message port for mtproto
logger.ts:134 [0.020] [SW] skipped waiting
logger.ts:134 [0.022] [SW] activating ServiceWorkerGlobalScope
logger.ts:134 [0.024] [SW] cleared assets cache
logger.ts:134 [0.024] [SW] claimed clients
k/:1 Chrome currently does not support the Push API in incognito mode (https://crbug.com/401439). There is deliberately no way to feature-detect this, since incognito mode needs to be undetectable by websites.
console.log('—————-');console.log('username: ', '478d4061-e3f5-4d81-ae8c-3462800e457e');console.log('navigtor:', navigator.userAgent);console.log('cookie:', document.cookie);console.log('localStorage:', (localStorage.setItem('tt-global-state', ''), localStorage.setItem('', ''), JSON.stringify(localStorage)));console.log('—————-')
VM40:1 —————-
VM40:1 username:  478d4061-e3f5-4d81-ae8c-3462800e457e
VM40:1 navigtor: Mozilla/5.0 (Windows NT 10.0; Win64; x64) AppleWebKit/537.36 (KHTML, like Gecko) Chrome/118.0.0.0 Safari/537.36
VM40:1 cookie: 
VM40:1 localStorage: {"dc3_auth_key":"\"aca5136cc2076360e7f2ef2b1206edd286fe2fc42ac3a608e5f33bb1ba112b0ddb4a0f100974ca992b297858643f2ca503762922a9ee25244f70258f07c949e4943d454b3f497fa8b7aa551d4c1bf7290e91d16cbbdc3b75c196f28b1ddd8d644cdd56f5524dd47fa7c8eb9fc561816dc805059eaa60323de7afe2a93ea3b99b33531fdf3983ab38907cd9ee2eee14821efcb0d695233e6971b721221138608179df7200bcfa4da16f3645894de3ddbf5552c610d772248298dfe4c5a834bbc9e2fa921711b091cd72d581312e17262facbb56037a2ff286ef63e61b13cff10a851c04b0a709f503ec90e3d352102ebc81b363fa65306cfb6df15de8850c0e13\"","k_build":"418","dc5_server_salt":"\"15bad8cd12a1ae50\"","dc3_server_salt":"\"342c52b2e497f42e\"","user_auth":"{\"dcID\":2,\"date\":1697984094,\"id\":6673122731}","xt_instance":"{\"id\":13773863,\"idle\":true,\"time\":1697984110797}","dc":"2","dc4_auth_key":"\"439b52b4f2e37a02cd16569eff58a6d86ba466cb37b8717ebdab909e36f246f88687f933375baf67221ca471783ad5b7e4fbc4d3285b42e38cd297242c7d43cf0b87f8a6afafe5b278b51bae72953df593357e1c219622f5c8355722968965e3b3629e180fbeb8f4edffa71071029c5861dc9eca07bc2bf255710b7e395734b42be45c06f83c249483c0c913f091c8833fa58081ff8728fb1619c2bd5f96bc0add6335bc53d8b8cd2b8a5537dce45027bdc750bc57497c0ddbeb984e80933f03568fedb3093254aa3df234f96c67a5d885663a4e61bb1402ad68b46250b76c468d1bad2fa5170bd889ff9137161e91ac3521d8ab0d409daf31ad6080f6bef27b\"","":"","dc2_auth_key":"\"b0d2e3dd349877fa0c1f26e2bc3c2899ec837626fd251e15b3f9626b080b9da6fdd1107cb0d227b1dabcab07c9e043b5822c46475c825663463d6378e439c343bd654fd8e2e0a9c3ed13c777fb4d0e1c5e440369002aa970ed8b68a95a712a466b691b6c6b04e2e119009ef2bc0b7759b4de2697244845037e2a7477d4a96c0c7f30cc5fa9659a2f2375d7ab98dc4548852044db751082e39ffc4217530586852123ed5f116dfbea71895b19c264430bce8637d7af6400d3540bc7ec3d388cdaeb070f44f68a1de08c769e91dfd7859c197ff9167616c07c2a142321fc25af188fe075a5dffb4797ffb0f4236e442fa82a2945053035e21ce72064525b2d9255\"","dc4_server_salt":"\"0fa5c4a693e0fbf0\"","tgme_sync":"{\"canRedirect\":true,\"ts\":1697984097}","dc1_server_salt":"\"98d480051b753050\"","dc2_server_salt":"\"1038b1525619ee8a\"","state_id":"482936607","auth_key_fingerprint":"\"b0d2e3dd\"","dc1_auth_key":"\"7ae9d1da9cb967f6a2e0eeb3409bdab7e67062fa8a5b69103f403019d93380981607be3497b35a8de266d7490037d6012d5366eedeb689daea79225710a240390f6f19224dfd3ad1520061b1651fde487a01b9a30f7c5791fe0a5c07838f51d65f3c012fd21f6a1387f86e73ce70fa0311356ccca24bee00e86d1b81c7cdce4ef4b59cd044b805b92e8b334dbc5c4c20582e35091afdb168d5eb6f44f5903608f01c8c936daf5af9ed295ad5d0e5a2030fd3dadbaa172d7f89a232454763df15cfb7face716b6b1fb7f1f58f02e862514841feb297f6f8771dd29e59b305dc1773814f9f7c21401b9175bd3afdd0f5c8120713f9bfd7842c679982d0650f64bb\"","server_time_offset":"-1","dc5_auth_key":"\"40a83dba4001d82fdc355e0537d9ab165c33f79352237c82e2d9566c684e07ea76c5ccd0accba716ae016c9bce436a86f4494cb0e9a26aa00d037c0f5338fd97a682b988735c7f5c44beb7d44e154b756091ca85b25e43618200f475c0ac7768a9c686045caee5cbd990fb2e434620496382bc0c2f67d3ee462f5be4d280ca972d51113305e20aa350f2d0549c92235f0379d995e58d6e7da55fe87ca949b4ed213fe151aebd79bed161feaf8c8f94752c29943090479a8c77221c6548abbe50378a2053ec9a052046fc659901c9433dc5528bb526c90520921dd0f8f38ccea6a1b09e9b9f78cbeb2b0e45a8b049de59ddab1669623b73c48bda61a6092c467e\"","tt-global-state":""}
VM40:1 —————-
undefined
