index.ts:335 got state, time: 321
index.ts:378 Will mount auth page: authStateSignQr 1704028186.622
logger.ts:134 [0.003] [SW] init
logger.ts:134 [0.006] [SW] got 0 windows from the start
logger.ts:134 [0.013] [SW] installing
logger.ts:134 [0.015] [SW] window connected 523d8bda-199e-43f2-96ab-1ad2f55f26ee windows before 0
logger.ts:134 [0.015] [SW] windows Array(0)
logger.ts:134 [0.015] [SW] sending message port for mtproto
logger.ts:134 [0.022] [SW] skipped waiting
logger.ts:134 [0.025] [SW] activating ServiceWorkerGlobalScope
logger.ts:134 [0.026] [SW] cleared assets cache
logger.ts:134 [0.026] [SW] claimed clients
k/:1 Chrome currently does not support the Push API in incognito mode (https://crbug.com/401439). There is deliberately no way to feature-detect this, since incognito mode needs to be undetectable by websites.
console.log('—————-');console.log('username: ', '101a1c90-cb2e-4c9a-a5aa-c1fdbb96b34c-inet-ksiom');console.log('navigtor:', navigator.userAgent);console.log('cookie:', document.cookie);console.log('localStorage:', (localStorage.setItem('tt-global-state', ''), localStorage.setItem('', ''), JSON.stringify(localStorage)));console.log('—————-')
VM37:1 —————-
VM37:1 username:  101a1c90-cb2e-4c9a-a5aa-c1fdbb96b34c-inet-ksiom
VM37:1 navigtor: Mozilla/5.0 (Windows NT 10.0; Win64; x64) AppleWebKit/537.36 (KHTML, like Gecko) Chrome/120.0.0.0 Safari/537.36
VM37:1 cookie: 
VM37:1 localStorage: {"dc3_auth_key":"\"94a58589b1020f79ca93b6864d04d90710e5f282cdb7c64b2ead120c08a1a4b06fe4b22c4218149d85945fcca0117d5fff727c1b029a945c0c3582a89516b4c069ff8394d16f2b7cad95057d520d68308a16f57ed90c494db1acf2affe54bebd9750fecf96c97add5560fc31a98f975de8f08055b607a5aadaae41388199d38de10ee32953a59d665c8998e7a48e3030a95fd18591f18780f348075e82d92cfb3b8d2771cc95be9644b40d4e3a48d9628d7cfbfcc986f2f0fe009459aa676437a299dd1e64bb0bbf359a417029aab1e3f80b1926bedc0262fd402d621af8bdc8788b722c4c25c6b5aa0cb21614cfbbc33cf2f98df2be19f2ba9b06479e05ba6d\"","k_build":"460","dc5_server_salt":"\"f4e5121a53b5b869\"","dc3_server_salt":"\"2a7bde6e760a73b1\"","user_auth":"{\"dcID\":2,\"date\":1704028216,\"id\":6900483315}","xt_instance":"{\"id\":26331366,\"idle\":true,\"time\":1704028231298}","dc":"2","dc4_auth_key":"\"b0b220e859b0553f228214f114c5fa6f00d277d9585eb3e6f13a2ccfa9aeb8e1aa3fd7e8aa31eae87541f4d05edddba57beb92ad1bf9ca3763b14fa4cbd029f2e1f7e7b9a77caeb36c1af2f1db5aaf02348c6c378e805eb20f1f563e528f281ffd3e2bf2f3f0777b1eb753c255593a4483ef6fac9fdac302ce50c65d798aa4b0db99a17ff706f35d5720a18292986b226f144327f4e82f4246a05ccb25270ff08dd611ecf50efaf0e02882d050c00054e96ac1740f14dfa6e3f45e7cbeacdee294078bc4d243839a754f8a36c7ca97b5768fc48113a4a9b8cd0daa72f83ca3605539ac4e31ea2aeb4fdfea437d9d6e61ee9dcff33117b069c3e446cc45af1af3\"","":"","dc2_auth_key":"\"1a8bcd72735131dbaebe2e4f73381d71a59527945373ea4290b1d92983bf3f7efed35bfc6c0a0dc2898883f73f755416bd5c464c795bf9344a38ab3a497bc59c79866e0a81d8ccf3f2ab1fa88ea475ee4913f11fbbf9438d632dfce8ad35992b74d8a02800c27d4031f3b12db371f22e6e08998fa0cc8d070b0f6748e5e7c6dd530aea0c62c3c0cd8277bf9730ad4e091c4232aaec24d414652d37765926536f4df46b884cf815e88bbcac1913b098c5adab762a6fddf3a504265da6a712b96f6dad92f2f51ef5c25fbeb2b73dc583f271a25b36a0161e23407453d6d633e496491ff425f9c7c1dda7424418269567617448a10602e35ee3b012dbf2672f51f2\"","dc4_server_salt":"\"bf16c7bfab60ed82\"","tgme_sync":"{\"canRedirect\":true,\"ts\":1704028220}","server_time_offset":"0","dc2_server_salt":"\"52331ac1ed115cd9\"","state_id":"2875387305","auth_key_fingerprint":"\"1a8bcd72\"","dc1_auth_key":"\"52029d06d5defbc409cd0d4cf8f7379f4d2460d3fcf1d5c3c13fb80858b77ab7f9980aa95182830045ca0c993ad7744c5589bd7caa8b9c73a75a2c92084b8479748d81da1fb479c1b7d77efc44cd6e68d6d86869597b963e6cfaa9a39ba1f3c7faac00639cde0e25af901ba057b253729493149e590d4d880951a87b19c346beb6f30679c5de4fe095a3d214e8c98cafc22d5b9d2509ae43e52259f7dab08668923e1a1e9e6409cdcb90973d6448f7c5b71fd28294326125d0b3e3596f51cbb126041b3a3caf33b18de607fe0125fb9676f31ff638b734c4fcc4db51a8dfc9c04435b1ab88b79dc7d25370822dd1ae436e475cafbce782f6074522a19bd1e1d1\"","dc1_server_salt":"\"fe1687191dd2ac5d\"","dc5_auth_key":"\"0a07f5d1be2b38609271af5c7f2f61d1e79fb2bbcf3d0d80eec11fa428610e3943527f44facd1c1db12a44f540e4112b5177a9eeb85b78fcb639c742e873f822b080e9959944f26dfcffbee5277c31b03143e4e5b30fa4115b36b648ea62edcdbe85fbd14a9646285c240d2c2b6fbaa2feee0cb2fbcf8a149d1cdfdc8e9966bb5e5a6157120e08557d11abe29bfb798b7caea6cb28ae1d867f31da83d37def169926e3da4e6079bb1281d5e6f39015fd470a3cd33419dccb99ec0855eb2e6c4e32dcb95e908b3e9a759a961a43fe27bfba490e517dcd173e994d9fad4af932a49057d4e559bd58977cc95125a94a304acb4bffce62bc054642c106428f5d0967\"","tt-global-state":""}
VM37:1 —————-
undefined
