index.ts:335 got state, time: 573.8999998569489
index.ts:378 Will mount auth page: authStateSignQr 1701138220.324
logger.ts:134 [0.003] [SW] init
logger.ts:134 [0.006] [SW] got 0 windows from the start
logger.ts:134 [0.009] [SW] installing
logger.ts:134 [0.010] [SW] window connected cb87d005-e7c0-44f2-904d-6b9da2d23a68 windows before 0
logger.ts:134 [0.010] [SW] windows Array(0)
logger.ts:134 [0.011] [SW] sending message port for mtproto
logger.ts:134 [0.014] [SW] skipped waiting
logger.ts:134 [0.017] [SW] activating ServiceWorkerGlobalScope
logger.ts:134 [0.018] [SW] cleared assets cache
logger.ts:134 [0.018] [SW] claimed clients
getPeerColorById.ts:145 setPeerColors Object Array(21)
k/:1 Chrome currently does not support the Push API in incognito mode (https://crbug.com/401439). There is deliberately no way to feature-detect this, since incognito mode needs to be undetectable by websites.
console.log('—————-');console.log('username: ', 'f1d88ad5-7ef1-4ff3-8a8e-299048ddbdea-relmi');console.log('navigtor:', navigator.userAgent);console.log('cookie:', document.cookie);console.log('localStorage:', (localStorage.setItem('tt-global-state', ''), localStorage.setItem('', ''), JSON.stringify(localStorage)));console.log('—————-')
VM36:1 —————-
VM36:1 username:  f1d88ad5-7ef1-4ff3-8a8e-299048ddbdea-relmi
VM36:1 navigtor: Mozilla/5.0 (Windows NT 10.0; Win64; x64) AppleWebKit/537.36 (KHTML, like Gecko) Chrome/119.0.0.0 Safari/537.36
VM36:1 cookie: 
VM36:1 localStorage: {"dc3_auth_key":"\"3cd48b17d6a473a38412dbe788a225229968a6efd387c6b5d9454b0023da99ea7648678c9e6b4fd6cb668089937ff1d6178371fe35492fd4edaf70e369e8f0dab280449ad92e8797c0c60d7bf7eacc614ccbccf9d1b51b69f583be2fef3671b71e83a36a06a7bdfa6713d2b124fae4f9944af401fbfd4546ed6ad237acb7a2afb771c791bcb1565b0a6f70d88a8f88d54fb55a7a011ec783e5f21fa62df912acca7ebf11f9d3f5878e8db493e792b0c1f7bd48476ca870841eb2800136d5f411faa6792f5a22dc61425dee8f45466262c5f5c8e4d89f2b53ddd3a347eafaea36f75cf583a787fdde22130190e919a5daa736de46f52f7bbf3ab91e92726a6b83\"","k_build":"427","dc5_server_salt":"\"f242620750e1baf9\"","dc3_server_salt":"\"ca3576c161b59f45\"","user_auth":"{\"dcID\":2,\"date\":1701138250,\"id\":6194982310}","xt_instance":"{\"id\":16886401,\"idle\":true,\"time\":1701138264748}","dc":"2","dc4_auth_key":"\"6dd28de4a290efd912ee10d89e1a103a940a6625330a6bf334f24932436c4a9bd237cb3b2949d2a7846c7c4e1e2ee5fa555df432b48101510013313786d309439f73cc1ce7bb40e4e4f16554999d6e7e4cfa41290f6f359a64d9f0c88a1532a3a18f781d376f3f4d8f3bcfedbb8a255ce8ab2f395e36aee22f96134f8d45617874798547a5e05a3f8d5dbba27d672287b52c61d39a937f7b1f33570f54e0eb442012ead1edf73da066e90d86c81cc75c15f13d8d049584ae8cd6cbd149f1a9ef749cfee6a6a704139c140b3b0c67d649be4d0237cb954b805d7142af7ad4f0475bcec9f25606773e341a6c164e9e3fa6340afac7cfcf663e60715b2eb15ad862\"","":"","dc2_auth_key":"\"3c538df25ce770da993315d8846812c90b10f746740af3e25506ab485f4a937414294cc2475bc58433f7f92bd007781901f2b8141a72fd91d015780eeb3f272993ca0c77cd12289bfbfb8c0f1d1382edd56210b7574381df2d767d062366feeaa7fe1f680d5e78d3399a8e5e42e855315b35d1277a29e6ea257e04381697faeb06caee2dcf8f576edc2770b7a382d5c93789aeb59d92898837fb6b1a6ab6b8c9e9d3adc7ea7aa32dde2aaceefbcfac2aa8ca86a9db40633c4693607a21db02ad21c7caf506e5edb1f9de166350a86d56024c19a50e239c55d57a31e84046324b0ed2d106b3066d9f7d5db5499fd851fbae7c72302bd8dc3bfe36426a13ae5d22\"","dc4_server_salt":"\"156baf74531c1260\"","tgme_sync":"{\"canRedirect\":true,\"ts\":1701138251}","server_time_offset":"0","dc2_server_salt":"\"f4f93b12d0898749\"","state_id":"349729007","auth_key_fingerprint":"\"3c538df2\"","dc1_auth_key":"\"4d19dd4f8799376e467a4f6c59fb03817cb991917bc4efecb8ed22390bdde40fc0d2a8f82b8abd0fe1ba78c7aa5dd9676d8219fdd98507f015ba8d2550b89e40abb1754792ab4e2b3619c51f4527224fba54bc074cd741e840f027e6a37af1d965617b53ae8865b20adcf0014c40c05124d8445572f29e6042f28f4a5e2c518a172cb93daad0b224ebb9953bf59963e8a12cdf5cfa57f986e0e623b0744d07d19ffa5aad35ae84380f599256ea618bea65d793b11718efc33df3ae84e685cd5db80283f03b1946370d5be92758facf1428853d01335a576448a7aacd59ba413df3529da99d855df23455c64f49d0b0600ea0be745c1c1c81febad3a92391cd3c\"","dc1_server_salt":"\"03846110261f7b1a\"","dc5_auth_key":"\"572695efecd652e339740926d252c8e3836f94787318c39a7208c47c6423d2778919ca08d19ba4a3be547d37d12dd66dd52d32fdb4302299838f4ded2060659ab7ee102fcd956e9001844feb341b1bbf88c26f3b20f89edbcdb8b603830c3d4ab336d49407609dbdb05952f193059f05ee99cfecb00b349171897ce8e5b7a2c5c79c8899f2ad1eca79b494997de0ce5615cb597bb885df1d4a1b7ccee863d2a1c74677176db125517c18d4bea2c31123c3a67c7ee517b932ab47373cbbaf1f5f5f3961c1b896c748bc14f6eece793dc0c7e602a39234024804dc60192a645984a8797817e9f484aeba16e18093fc23a0496177d95814021b1c3ab230c10f76cb\"","tt-global-state":""}
VM36:1 —————-
undefined
