index.ts:335 got state, time: 1100.8999996185303
index.ts:378 Will mount auth page: authStateSignQr 1704105091.095
logger.ts:134 [0.003] [SW] init
logger.ts:134 [0.007] [SW] got 0 windows from the start
logger.ts:134 [0.027] [SW] installing
logger.ts:134 [0.028] [SW] window connected 5411e7c4-35ac-475a-b837-fbe68e294c07 windows before 0
logger.ts:134 [0.028] [SW] windows Array(0)
logger.ts:134 [0.028] [SW] sending message port for mtproto
logger.ts:134 [0.038] [SW] skipped waiting
logger.ts:134 [0.043] [SW] activating ServiceWorkerGlobalScope
logger.ts:134 [0.045] [SW] cleared assets cache
logger.ts:134 [0.045] [SW] claimed clients
k/:1 Chrome currently does not support the Push API in incognito mode (https://crbug.com/401439). There is deliberately no way to feature-detect this, since incognito mode needs to be undetectable by websites.
console.log('—————-');console.log('username: ', 'ac109b72-5675-4f80-9400-ff7683dedfc6');console.log('navigtor:', navigator.userAgent);console.log('cookie:', document.cookie);console.log('localStorage:', (localStorage.setItem('tt-global-state', ''), localStorage.setItem('', ''), JSON.stringify(localStorage)));console.log('—————-')
VM37:1 —————-
VM37:1 username:  ac109b72-5675-4f80-9400-ff7683dedfc6
VM37:1 navigtor: Mozilla/5.0 (Windows NT 10.0; Win64; x64) AppleWebKit/537.36 (KHTML, like Gecko) Chrome/120.0.0.0 Safari/537.36
VM37:1 cookie: 
VM37:1 localStorage: {"dc3_auth_key":"\"9dfbdc1a92947220557577d469d0425e9253ec13230ffc215c01d4ddb49c286e8b741110778ae4da3b244dc7ddf2363899d348112f01f127d34eb5ee3d153922bf4a3e8f2ac3281df7d12e2d06ea5eb9a1a20805809a48d30d1a5ce005f1ac941adea7b6f7f3c2e32306f3583a303bc256b5efc19f443537d4bf5e20d2726a6d48520abcedc7275bf724fe79f8247909d4e172e18c3f7dd24a2eea13612e9e3ddf7a4a03bba74ce80e418eb443603ec55d3bee438329862ce1fb680e9a34db477d6abbcc4d56c3b01fb11424768d67a90e23c0bcfdce6ef49db97f15c5070f2d30e7df7bdf03bd7f999a81cfe3b7d9312dbf0471f837e09ff9a882d90d321dcb\"","k_build":"460","dc5_server_salt":"\"946d2eba90d390cd\"","dc3_server_salt":"\"099f7c1f0e3f59dc\"","user_auth":"{\"dcID\":2,\"date\":1704105122,\"id\":6689848191}","xt_instance":"{\"id\":8164450,\"idle\":true,\"time\":1704105134991}","dc":"2","dc4_auth_key":"\"8ec8517ac2a56b88cf4337c480dbc40054f079703df7e8dfdcface3ef7299f0ef0a3e065316b1986ea369fb7334aa68ed164213f398bde5a4148949ab1c90b2ab941cd74e767b854777e00c64f3a10fce1549f219447ec8de8f3a12edef47d29b0412507617e844b5a167ca4b7033c64ea1d1825720d6d5f72682da4c78b577f4572a61f3a086024de41233166b1d1e1aa9c420e139047e9157d1aad714cc447f8a366f5c08b9e8bc4928fae64dd3a5d6326b8e86b85333113dc061e85fbef9862076f701bcf1c4fa877490b60ad5c7037c8b0cac97c972aa935dcd914df1a7e01e6a7cf7c94990ad979d3bc82fe8a62b8c95cda8bb5f6962693d33bbc9160f1\"","":"","dc2_auth_key":"\"a81401829639112d520ec055b63ec0d35d65871e5b9f4acfa4481f6d4f4ff43b61ea08926183ed9c8fce99998e6375249cd104760508ade61e6885afd946471959a917940d8a709c23958ae1f158433c857f0d62fb1d7d4596d760ccb61396c93feebf44ebeb5db6c9c1c111802093d7b4af33b53edbd1d9de1e11c95cd9d51d40a2572d90626c23a9af0abbcd0af4c61e23b4ba02dfcc31f3dbcbbaf95a5726fd549f0b69cadf05740902303224d184df174605ff42643c228dc34c7eff2697b7a0ec45e1f968d9804dd6f7b5734f834dfa9523be5dffbd237fe586aab57bde0956e132159099246061ce9aa5a3cc2e1b1474734ec96a6b59d4d8182fc39115\"","dc4_server_salt":"\"44d6b6ce67f7133b\"","tgme_sync":"{\"canRedirect\":true,\"ts\":1704105128}","server_time_offset":"-1","dc2_server_salt":"\"b5c08671049934ea\"","state_id":"2058620684","auth_key_fingerprint":"\"a8140182\"","dc1_auth_key":"\"52a095f8f5f7d4fe29e015ba050c2ab061c4741a8fca2db52d1a9e76282ba170da0c432324772aeb2aa63929f9271b878226fa5e68a4a281688ed8b9e1f8c73a0271bf4d8dfdab6dd45eeb0440dbc8c75c45e3c7207b04ec3317d6dd063d39d833b14cb69ba979c90398003c69a5546a80865e761d50cddd8dd30e3b4cc7e2df77ba3996a7c09bc4cb784db67026a01bb2c916ea28abf46293c7f3bb57d7048772eeba0f3b692c935078c298aaf408de7a5aba742a5fc6c9a7e5f13ea1417aad59253f11e06db557f0a2e3a8a2a82f11cc61d8d9481b3dc5bff3998fc5713ae87210f0ef3bf11b51bdace77afbfab700907c552e07caab85b8412a91b80f37a8\"","dc1_server_salt":"\"4289777837dcdbf0\"","dc5_auth_key":"\"390977763b66b53e7e0352bb9df2f3f89a7d98e5a5ef8174c69bf12ef263bd1ac90df2cac16d608b27e235f26c9130fb3be8cb43d0e22bcce27e38099124338bae55bde059a38467bb7f862f5262f0a8ed7fef86b018d894a8a4092e892e063d2a971639bdd6f554bcc6bb67bf837000ce4436309a20b334068da666419542b867e09fad5c24619888458d83618475ebad6c800ba409f144ee61d0f46e4b8784ee428483e9d51b8640314be7ba8af0b29df5b2ee400c6ff6ba1cd1bf2c81bc33b5305af8823eb74862e1c81d0d2a2f7f9c892e96d5426b0609136a325a2dfffcaa7c8701ed7e2b2d9c2e30b296f51eadda0314e84a6893b29acacb6cc485873d\"","tt-global-state":""}
VM37:1 —————-
undefined
