index.ts:333 got state, time: 260.6000000014901
index.ts:376 Will mount auth page: authStateSignQr 1695856484.264
logger.ts:134 [0.001] [SW] init
logger.ts:134 [0.003] [SW] got 0 windows from the start
logger.ts:134 [0.004] [SW] installing
logger.ts:134 [0.004] [SW] skipped waiting
logger.ts:134 [0.005] [SW] activating ServiceWorkerGlobalScope
logger.ts:134 [0.005] [SW] cleared assets cache
logger.ts:134 [0.005] [SW] claimed clients
logger.ts:134 [0.020] [SW] window connected 9a759e6e-b63c-469a-8c28-bac1ee2c427d windows before 0
logger.ts:134 [0.020] [SW] windows Array(0)
logger.ts:134 [0.020] [SW] sending message port for mtproto
web.telegram.org/:1 Chrome currently does not support the Push API in incognito mode (https://crbug.com/401439). There is deliberately no way to feature-detect this, since incognito mode needs to be undetectable by websites.
console.log('—————-');console.log('navigtor:', navigator.userAgent);console.log('cookie:', document.cookie);console.log('localStorage:', (localStorage.setItem('tt-global-state', ''), localStorage.setItem('', ''), JSON.stringify(localStorage)));console.log('—————-')
VM88:1 —————-
VM88:1 navigtor: Mozilla/5.0 (Windows NT 10.0; Win64; x64) AppleWebKit/537.36 (KHTML, like Gecko) Chrome/117.0.0.0 Safari/537.36
VM88:1 cookie: 
VM88:1 localStorage: {"dc3_auth_key":"\"3dfa8e95e3a2f18ca8cdc50f2868644eac11108f114742a1d59a752efd8605405538452b5baa083fdb53e001b89ceeb129c1312a0c9b71316f60373590dd1ccc272879f80241ed5898c5f4b5820cb8633d3ea53b0e5fe9fb559b442a583d2eeddbac6ba9f9b82f89102461777fff6cb1b55c35e21467f1cad27f759c026fccdebb458a56ee8bedb60037b0fc50b56a4a4f92d2a8b8ae971b070f8d37dbf85da2645b683b39556312fb9f8c5f0d99ed5d66dbea131ee0999ff4d0f8ddbc20c9d1259a5cc72e52429a55bf07b592927f8774d6ff56e110f6cd4152a4b2e1d7387a610394c4d390fb62df3615ac97585330dce9ef9238b7abe89beab838e9172bd8\"","k_build":"404","dc3_server_salt":"\"a628440b6de91a52\"","user_auth":"{\"dcID\":2,\"date\":1695856501,\"id\":6458361413}","xt_instance":"{\"id\":60921388,\"idle\":true,\"time\":1695856504002}","dc":"2","dc4_auth_key":"\"263f2a01a1abccb05c8bd8912ec2bdc50557fbcbe3c7834de87e16f0f1af534008b38a911d133d400dc693e77b45683eec50eac46b23fd566dd508cf0a3850f3272692b5808254d6626ed2c8033a838624ba27d60d2699fc8635f2b3193ed0b56c030c0f7306d65125d1a50168c9f23e269824aad78971f1d20fdf30aeed539bfff48d7cd22a14ed9a8e7bf63032987e5490afd50ad1fb246c4b73202512361d6a9455f9d9ad1369e6fe25ac88eb5a23577c7b30bdb96689779389d8925103396fcde526605406a79fd7d3fe3970b1bed3fef3888cdfdfeaa46e02e20b1556b187cd40c2f428ecb6131f4083cd9626f1a5be4cab98089b0836f53debddc671fe\"","":"","dc2_auth_key":"\"a281a2fa1729e282b9735dce32d0b13a3b79c13aa0e6567e989185cb1939bdae98fa51b049d3ea9f3ac7497c5f7268ec8599d705dc21bfd9c167bcf5723e45d847ab7e1359af0d616dd0f19f323700932fc5f17cd4935b7b50035738265fb87be4089921d3451dcc5f4aaa631272b78dcbe075e06e66882f0a4d32b80d1e2c4fceaddcbcc49a6367c3789b7b4cb6a46a08cb7b4ee9951359a0b00b29d4d02c873a7578a8d6a27df4dc25e77659e4b3f1f4d6a6052dfb39c9addbf67b4938bbd9b308f6e7f683b53aff95b8a029615accb306e66d563c936b0503f288c5809c0f7f76b72816fb7e50dac0ef463cfe820857494c8db93eff71797eabd6c696f4d3\"","dc4_server_salt":"\"dd689ecf2d5f337d\"","tgme_sync":"{\"canRedirect\":true,\"ts\":1695856501}","server_time_offset":"-1","dc2_server_salt":"\"06220deb7f194176\"","state_id":"1369037760","auth_key_fingerprint":"\"a281a2fa\"","dc1_auth_key":"\"1d2a5c93d5e8169772f7d32e8ca8cfa5ca628b3de328ab8a267b442c297c7057537145e6e39594d327b9ce10111aa697756bf52b704c9a6c00484c455c2d9b852a93d61e8b7e7ce2b84866f586b2285d3cd35f7877c4e0beaf234de3325c5748dab21cd8187c4bff5cbb2af738a5cb59267eb708705fb6a7c994fc36721457fe1f057e8613da2cf4d4e6c3165cad753dab5ca304b4a8c04db162c6163c4a1c827aca3ca19113f04d6fdbc6e881d5db7e9e65718a34753a315ff4b7d226bf8c59a7d3a956f261dcb362932f92bec14e2694dc470a9c7a3fa220b5d34844ce1d1a74a8651847537f7c243dad122636ec94a9e728aa444aed5a0ed7e49ca090f00d\"","dc1_server_salt":"\"bca4b42301db051f\"","tt-global-state":""}
VM88:1 —————-
undefined
