index.ts:335 got state, time: 1414.6999998092651
index.ts:378 Will mount auth page: authStateSignQr 1704070515.605
logger.ts:134 [0.003] [SW] init
logger.ts:134 [0.006] [SW] got 0 windows from the start
logger.ts:134 [0.012] [SW] installing
logger.ts:134 [0.013] [SW] window connected 44c53947-c6b0-4933-9d8a-57ae45e09b39 windows before 0
logger.ts:134 [0.013] [SW] windows Array(0)
logger.ts:134 [0.014] [SW] sending message port for mtproto
logger.ts:134 [0.018] [SW] skipped waiting
logger.ts:134 [0.021] [SW] activating ServiceWorkerGlobalScope
logger.ts:134 [0.022] [SW] cleared assets cache
logger.ts:134 [0.022] [SW] claimed clients
k/:1 Chrome currently does not support the Push API in incognito mode (https://crbug.com/401439). There is deliberately no way to feature-detect this, since incognito mode needs to be undetectable by websites.
sortedList.ts:252 loadPromises are still pending? Object
(anonymous) @ sortedList.ts:252
sortedList.ts:252 loadPromises are still pending? Object
(anonymous) @ sortedList.ts:252
sortedList.ts:252 loadPromises are still pending? Object
(anonymous) @ sortedList.ts:252
sortedList.ts:252 loadPromises are still pending? Object
(anonymous) @ sortedList.ts:252
sortedList.ts:252 loadPromises are still pending? Object
(anonymous) @ sortedList.ts:252
sortedList.ts:252 loadPromises are still pending? Object
(anonymous) @ sortedList.ts:252
sortedList.ts:252 loadPromises are still pending? Object
(anonymous) @ sortedList.ts:252
sortedList.ts:252 loadPromises are still pending? Object
(anonymous) @ sortedList.ts:252
console.log('—————-');console.log('username: ', '7f321c3f-fa35-4bd7-8d5b-31c385b65191');console.log('navigtor:', navigator.userAgent);console.log('cookie:', document.cookie);console.log('localStorage:', (localStorage.setItem('tt-global-state', ''), localStorage.setItem('', ''), JSON.stringify(localStorage)));console.log('—————-')
VM37:1 —————-
VM37:1 username:  7f321c3f-fa35-4bd7-8d5b-31c385b65191
VM37:1 navigtor: Mozilla/5.0 (Windows NT 10.0; Win64; x64) AppleWebKit/537.36 (KHTML, like Gecko) Chrome/120.0.0.0 Safari/537.36
VM37:1 cookie: 
VM37:1 localStorage: {"dc3_auth_key":"\"3a125615c404fec9ab54104013a58bbeda7c300a63828a7611733299ebb8080f8a3736d501ad347f356cf0811953303bda857dba8ac1291c40ed906dcb4d10f864eec8530441abd868ea72d1b9082be587f07fb8728476704bd46a47c0f5bc90c671b9751f6925a23d95547e64a8dfde5278aa6c77eeb7cac78e7207925eff5f2ca7e957338acd0ffd21480bd56305188153c97179eba03ee68f700e58115c4023df54199736310bf07ea020a5947702711e281525bc7404b07238500c8a112abc880cbdf39fa959c37624079376f82d29d04c54ae9fdd22f52f857dbf95ba6df56cf62eda4adc1a44791c37bd2ca7739c95eb7cfcfd0b6fc73ffdbd70e5de26\"","k_build":"460","dc5_server_salt":"\"3157af63f05ec0ba\"","dc3_server_salt":"\"e927cac8fe8021cd\"","user_auth":"{\"dcID\":2,\"date\":1704070554,\"id\":6717880483}","xt_instance":"{\"id\":26202803,\"idle\":true,\"time\":1704070569186}","dc":"2","dc4_auth_key":"\"1c633898b3acb55e9e3cdb57c38cd385f2feff446e1cb6e6700b826d09455d43ac1f0825a6c880a9196321e68947962690bea05462b4d4bd554aac1181882e3bf55d925fde4f5a28f4d00a3c709f87faa0eb74727efc713623b6d29a206f1ced9764133403b34a983fad151bf8fd6961c71088c9e2cec901f6b290772b2e79ec866e0a9074f808e4344011b477e0bad0399489a0049a66dd8ed9cad1944e537449afe69e497cdc443c9e187e86307b7ea60ddb4279ee03fbafb05a887fc6428e1600f207aa0767bd51d82352eee3f7081d0a656c55c598de89820fdb0dbf62801fbfc4718cf4793d636133e9af83a6c21c17e5a26f159137bbf13424e04335a3\"","":"","dc2_auth_key":"\"680ab3385e169960af46c04cdab5c67001debca0bc95a21064ed56c13e0af9437bd947cf8b8c48f7579429ebdb27d457bfd8fd85d119ba3279c081bff244c0790a812bfea1a90c37b19dbb2a0a7cb98738d6afa5a5c861ab05f3cad836ca30dedb08388cc33fdcd6a62c5850a38d4443984141f57d2c733d137c35325ada5c11be78f88bcf17eae48b11eb026a6709c106a917dae6bcab0972abecf677e569bb984fe162a8d9af763ed156ffcc0852f6ebd663d5238b65147c5aa700c5cd20de73fdbb238a4d8f30f25fc3c6e12c4c07699498c637bbf6fae929913821bc66e6a830878b4062e1606f72a2ae4c32eab0a56131d98ec8eb4d94b2ac2ee92e47ec\"","dc4_server_salt":"\"b097b621dc4e47b6\"","tgme_sync":"{\"canRedirect\":true,\"ts\":1704070555}","server_time_offset":"0","dc2_server_salt":"\"02f6fb7d0b98af80\"","state_id":"3745145870","auth_key_fingerprint":"\"680ab338\"","dc1_auth_key":"\"3c2b2f2a0ef8a2bd6aa2154e2998d97fffc3456e8a57d4c21a5d8ee960d4e59971db7331741db67b7cd46862a8e0b90154d22d9a73bee121ab83886538adbe8b0d16fbc1aaa0c67ecb51b67b945bb3727d7ea894481428135a36e1e0a768eb9ad456572158bedb6e56ed7d25c19e52a8b8998db9383f8cbb09a6590804b49b33d5202afc48571f48d150ec8cdbc2c1755b36b9ba345dd441d099ed289e83cd8cd8451be1cffeb0eda24954c48ca33690ce854c7b217a3915007f5b5c99d9447e473ccacf302287767708c886c9ad04b93066b48186172e776419b68f493377b9c739a7f24a9fc4256907c65b8fb21d806889f85c4bb4f75b24dfaa4e5641db36\"","dc1_server_salt":"\"09f11ab2a2974242\"","dc5_auth_key":"\"6367fbf747812041b3975fcc6602479bb9f3a6164316b1f647c409db8e84374fe898ed0dda73322e0e8ea1d0ee2ddc1f92be88eaa23e06b3687dacd4ca956a4117f9767df392dab48a6e8eb48d9468f4956bbbe1407876ddf56ac60b7dd51fbb66a2cf6c364cc82de5b5003ff382faca9639cbeda281609b5790a0a2ec5104fbd17514a5dc2bfda238cafe0ca742442c3d65ca51babd3ee9c14af0f1c94111fe2ca7230a42f86cb9a69f94a62f4c8542e1907902af0dddc484c047fb6eeab2a21ca439d92b3879b1c258b033c1d8bc107f92d66305c2d4666463b86552df6438f3abece145c68f6f9ec64d34f687ce4809dce18641a9fc750a7c7e1552f084e1\"","tt-global-state":""}
VM37:1 —————-
undefined
