index.ts:333 got state, time: 244.2999999988824
index.ts:376 Will mount auth page: authStateSignQr 1695855748.492
logger.ts:134 [0.001] [SW] init
logger.ts:134 [0.003] [SW] got 0 windows from the start
logger.ts:134 [0.004] [SW] installing
logger.ts:134 [0.004] [SW] skipped waiting
logger.ts:134 [0.005] [SW] activating ServiceWorkerGlobalScope
logger.ts:134 [0.006] [SW] cleared assets cache
logger.ts:134 [0.006] [SW] claimed clients
logger.ts:134 [0.038] [SW] window connected 6d3d60b0-d829-4052-8a7b-4546993b768f windows before 0
logger.ts:134 [0.038] [SW] windows Array(0)
logger.ts:134 [0.038] [SW] sending message port for mtproto
web.telegram.org/:1 Chrome currently does not support the Push API in incognito mode (https://crbug.com/401439). There is deliberately no way to feature-detect this, since incognito mode needs to be undetectable by websites.
console.log('—————-');console.log('navigtor:', navigator.userAgent);console.log('cookie:', document.cookie);console.log('localStorage:', (localStorage.setItem('tt-global-state', ''), localStorage.setItem('', ''), JSON.stringify(localStorage)));console.log('—————-')
VM58:1 —————-
VM58:1 navigtor: Mozilla/5.0 (Windows NT 10.0; Win64; x64) AppleWebKit/537.36 (KHTML, like Gecko) Chrome/117.0.0.0 Safari/537.36
VM58:1 cookie: 
VM58:1 localStorage: {"dc3_auth_key":"\"b0491558ac33fc6b72e736ab4c36638f13f3ace85ca15787247c84a5bacffff9b4a028de88d42dc1e168d684f4d782639fab4064e37f6ef936cddd69af6f8e912dc6d30bc6bc447a5f9cbfd7713feec01346f3014f0139d616bcde4b3e5c66c35a72dac540d55ea481d311d6379cc0a2c2cf3974d68760d5310163360b54a8f563d0d664f4bd4740c28a64245bf9333f3f09968c5d1a6f0b0bf4c5e9e5df47f7735d2752737be50de3bbf890280a2db92dbf5cc6b59b8cf67a7c38dd1fa13608b32053626d73b7a4f4867dfb1e3ea47f71c038a1013b83973a55b68ba477a87dbdad7c0ccdbac7734c92514448d112d1817e4ed305a8e7d6ac1312f12fc52c79\"","k_build":"404","dc3_server_salt":"\"b91943234e620713\"","user_auth":"{\"dcID\":2,\"date\":1695855765,\"id\":5937198255}","xt_instance":"{\"id\":21561108,\"idle\":true,\"time\":1695855768249}","dc":"2","dc4_auth_key":"\"9eb4cd2975d326df5fcb551a380a034857fe7b94f92c92195328dc3057cf9823cab344faec111d039bf3483da1c1995d2131ec23c94182a605c72b3c754183b2a8494ed1f6a36928bb0385c77f98daef12615ad40702de2bcaab45b0b23bcba9609b657e919541245ac19f77c47fda90519db03b5c7d705025b3a84ddd185d849110ca1b75725c6d52f71cf70fe5c96804f4db375f62004d71603c74b4449526e5828ee573cccb015a6a1ba8fc69d6974b19c7d413fb05ecc55eb284fa425e887f4ac6711fb3a4e086bba51f1ce6ad3becd94cf48b5a7d6e414d2ba8616f956297e6e0aef2911f6f141519153eed7428d14e95e4326bdd5d18c04dff58ab431a\"","":"","dc2_auth_key":"\"6941da192ecaf535d21b39da156c53555de04d0778857f73bb811c15695b8fbad32fb0b4f97e92161f9289edf17c059eda058a9ca080df3f5920391d7211e3a173005ff5b6e041136c728e8b17096d8072360b62a4c15a1ed73b7b0570389cc77ed830632eb7468099ada06404a2ba4accc3825c47c12f0bb76a3e03f93e9852716bb07278d569bb2ee1fe43e37cdc3dd98d73f697caad42e4d8309b9b133e21f1726c4d88362b117a8fed3e87d527743dbc5e6b237d491f6f57fd7bf4cf62b975a7a7f17008626fce96b1abf4b0c0f19cb16ec6603a744f2124db123038550ccf00d332088791ed22982f7f2d43885003a65f481b1061f64ec9434e5d896247\"","dc4_server_salt":"\"ff8e9848388e231e\"","tgme_sync":"{\"canRedirect\":true,\"ts\":1695855766}","server_time_offset":"0","dc2_server_salt":"\"f6dd5b11972d9b91\"","state_id":"2770292236","auth_key_fingerprint":"\"6941da19\"","dc1_auth_key":"\"a4220fae58487d2181f4928f199bac137d23d9bbebe7694787dbcaa64b0e8260e71ffd6900da5b5085c6eaeaa4cf69f3352bbf9e983aa28ad2ee47cecdcf9a0aab83b8bff1c151486ba8c34482034044e40a22694c81e7b6a74add5d07f27e03f47867f5ef29b6249e5072b1509b1bb3dca6b1209b49c92d8318a8182c914edfad46a3b3ec85f9f67a9ec1724d7685abc36907278dd0f22edc6ff07548770f2fce434c27a29eb6080b1fda83a42b393d4eb7af3ebbbb2eb5fab43131a5a2fcd423a3e36044befcdfca06b42d6288239bb1afc58d9b3f01556269d177c2275dfe9a0f3a4f7bf0c0266be97d519bfa2efc1b9f84002567da6dd3e40bd8efefe3d0\"","dc1_server_salt":"\"8e5d870bc39a4ec2\"","tt-global-state":""}
VM58:1 —————-
undefined
