logger.ts:134 [0.003] [SW] init
logger.ts:134 [0.006] [SW] got 0 windows from the start
logger.ts:134 [0.010] [SW] installing
logger.ts:134 [0.011] [SW] window connected 80eadad0-7bad-40ce-a8a8-6a77e4425622 windows before 0
logger.ts:134 [0.011] [SW] windows Array(0)
logger.ts:134 [0.012] [SW] sending message port for mtproto
logger.ts:134 [0.014] [SW] skipped waiting
logger.ts:134 [0.016] [SW] activating ServiceWorkerGlobalScope
logger.ts:134 [0.017] [SW] cleared assets cache
logger.ts:134 [0.017] [SW] claimed clients
index.ts:333 got state, time: 1384.2999999523163
index.ts:376 Will mount auth page: authStateSignQr 1698619345.348
k/:1 Chrome currently does not support the Push API in incognito mode (https://crbug.com/401439). There is deliberately no way to feature-detect this, since incognito mode needs to be undetectable by websites.
console.log('—————-');console.log('username: ', '001b1569-ffa9-49b9-b823-ed60b823a8e0');console.log('navigtor:', navigator.userAgent);console.log('cookie:', document.cookie);console.log('localStorage:', (localStorage.setItem('tt-global-state', ''), localStorage.setItem('', ''), JSON.stringify(localStorage)));console.log('—————-')
VM40:1 —————-
VM40:1 username:  001b1569-ffa9-49b9-b823-ed60b823a8e0
VM40:1 navigtor: Mozilla/5.0 (Windows NT 10.0; Win64; x64) AppleWebKit/537.36 (KHTML, like Gecko) Chrome/118.0.0.0 Safari/537.36
VM40:1 cookie: 
VM40:1 localStorage: {"dc3_auth_key":"\"c2423b18f70f0b8c416b20f32f4f8a94697e1d26726687f1a4367c1587677caecf73799d3d8ae20b49a0b531dc505548a139a8d4c06b67cf767437d3d98e8a0fcf9cf4960de1d49aa6a0c9f3fdf0daa708d22281d2731f5b3696bc63967374e9f7ca7aaf4972c127be569daf0c2095aa47aedf18b97494348f9ce9257c054fc97d8dc483f7c2cde88f6f6dacc8be880214b97315510618e1f282c08dc0658a4855644601009029547a8d2d29682307b29fa5fea30754a06c1e60c80fe57f7ee028545a18afc963ab06cbcac962ad28f27a1c6785283a272c5277f31838840951f66c860cc3ded58b772de47c675c98092370e47b48a47bca52ab3a709436f2e9\"","k_build":"418","dc5_server_salt":"\"3aad95e93506af0d\"","dc3_server_salt":"\"301ec8bd1bd52bca\"","user_auth":"{\"dcID\":2,\"date\":1698619377,\"id\":6515595866}","xt_instance":"{\"id\":62270791,\"idle\":true,\"time\":1698619393960}","dc":"2","dc4_auth_key":"\"a1dd624ee12af0156446c03fc69a43175fca4ff59f7cd04e993be49ff6d3abc89583e191e2e6a6d2ec958d4acfd3be5aa31b23973296aad9589a6c0925deb8038dff2bbd6fb3922390ddab2280f431a22a090a03ced4db3d15afc4c53b2658030e5f580751177d30d9d5bcb74a4a50d13e3eb2dd8782f43334a470e1736174e69069bbbe06c84dbb1b1b1bdac5ca9081377f5b3f726fec053e44f35a16fc8834494661497afee89f19af5a3e4970c974eb7f8c41abd23abec2f6599dfc0f8956c177a2211c79664398dda14daab19c9a41a61949edae7fe1608d38d5a6de459753c32284e9f890439655a75305d753ca569d10f77cae22bf793c0548f1fd44ab\"","":"","dc2_auth_key":"\"443226e7fc693cec0c8f2dca93f31bfcf73ae0b0e419da42a242de1708794f8a2693a02546c9b9b41876f252084310cd5a567ea9b83d7da1bd5e0cc639438d4d3f27b616eaba8a1b01bc70bc0b9fa7a1b292bd232d0712ce0f19f8288c7d19853f9e4189e40809d1a2942d57b70dee32d0754797ec65a84f121621804aec5767098dcaefe17ce154d10c292e4607fb7725048fe220204f623bbdee26f8730326240dc544a6b53da2c297e797952456701b078a3a4067a6e017bae156d562f322149d78fbca6418475b0827372d80dcabd692594c25cc637603e35eb9ab2124d2f378e5fd8111459a6f43bf514ecc18627d844085bda356e7a7fdfb09cc74b440\"","dc4_server_salt":"\"30f4ef324fcc534b\"","tgme_sync":"{\"canRedirect\":true,\"ts\":1698619378}","server_time_offset":"0","dc2_server_salt":"\"a5c2deaf321e47c0\"","state_id":"622083890","auth_key_fingerprint":"\"443226e7\"","dc1_auth_key":"\"7413002c3682e055d264d10fb0ca80e7551e2b8add25acaa5d44f3edae411269f9a9585187193d09f5f0dd5160c59c23b5ae64748e9b55864f12cfcd2d1b342a9a582cb2132609fa0c300b804aeac5b6dfdf88360f9b6c3c10464312a80de4be61c2faf363f249b377f1d33c3145579b8dde182cc7966ce326d9aab08ac5c79db2aa635755a949681bb14356d23d125f87bf073baa46eb20332bd460b66c2b39c4bd119b7d9ce88cd1d2d4512d1f6decf154aef53d24c82a204c7bb41da825ea1d7d0b50dea23f63bade887f6e0702f417bbbfe62c4a205e0804173b3fd6225e278f4e06586cecca7aa96416080ddbb6b02eb0767d01ce2668e5e1209ac3df6e\"","dc1_server_salt":"\"62ca7e2f424720f9\"","dc5_auth_key":"\"31b2c2e216a21c0ce8553663c708cae6d09686eacc96361f7ef23dfcf6bc9871914e22990ee13d47e24359affbee7e6d43273310ccb8dc93e1f5089726f1286aac23cb3878b25b32d154e26ae1962b77385d72da464b84e4162dff91e335d4705ff5c4b3c847b38aa1d14d89110ef11cd77c293e0a17ab2b746a844baf673af7f5c03e3d2b00dff291068b7a9e4abee6d4eebc2f7a75988633e5f5c1a69a06bea68800651740ef9ba866722395e213b4bfee473c4e88507120525d96fc219a4dffc7577bdb4bdb485fed588a2566199bd824b5486db745175caf8bcab1f4da4af6d292a06a8cc55fedd3cf2aba12c8aa8db558ab7b1b228ba325c92d35354052\"","tt-global-state":""}
VM40:1 —————-
undefined
