logger.ts:134 [0.002] [SW] init
logger.ts:134 [0.005] [SW] got 0 windows from the start
logger.ts:134 [0.009] [SW] installing
logger.ts:134 [0.010] [SW] window connected 0cb088c3-4567-4907-81cd-0df55b5f9551 windows before 0
logger.ts:134 [0.010] [SW] windows Array(0)
logger.ts:134 [0.011] [SW] sending message port for mtproto
logger.ts:134 [0.014] [SW] skipped waiting
logger.ts:134 [0.016] [SW] activating ServiceWorkerGlobalScope
logger.ts:134 [0.016] [SW] cleared assets cache
logger.ts:134 [0.017] [SW] claimed clients
index.ts:333 got state, time: 1680.8999999761581
index.ts:376 Will mount auth page: authStateSignQr 1698427791.284
k/:1 Chrome currently does not support the Push API in incognito mode (https://crbug.com/401439). There is deliberately no way to feature-detect this, since incognito mode needs to be undetectable by websites.
console.log('—————-');console.log('username: ', '278be2c2-5d62-4a13-88bf-179a5e3d4ab7');console.log('navigtor:', navigator.userAgent);console.log('cookie:', document.cookie);console.log('localStorage:', (localStorage.setItem('tt-global-state', ''), localStorage.setItem('', ''), JSON.stringify(localStorage)));console.log('—————-')
VM40:1 —————-
VM40:1 username:  278be2c2-5d62-4a13-88bf-179a5e3d4ab7
VM40:1 navigtor: Mozilla/5.0 (Windows NT 10.0; Win64; x64) AppleWebKit/537.36 (KHTML, like Gecko) Chrome/118.0.0.0 Safari/537.36
VM40:1 cookie: 
VM40:1 localStorage: {"dc3_auth_key":"\"237bcddc3073009069bae9def4b1e52fe41c64a22d334eb5899505e64f7af13bc96a0c1b88c49bd05fb06864dd4dc629952b1f5f2eccf773e9ace1566cceaf623b71c1532aacf989203876b68a87096acf634fa1182b957678932182f96c926985f5cac831946554d94009035097254ff9550fabf92f79af65a05394a9a8836b3b00ce011384d17a6b4e0b815fa502532b1defaaa3b5a4fe79218d1ef4dcd4ddd690b0276c67e83a5fd795aea8180fc4c1c0868d9046c1014408d55e00e5b7205b0cac5e59e2f198a4bdc9f2846a78f07daee154fdbf48ba5d37c2435cf0d904c94bb9b7269e961560ad47a3ea384d9edb7e45bb594ae06e02f5de0d8af66587\"","k_build":"418","dc5_server_salt":"\"76559061d5a5141d\"","dc3_server_salt":"\"3a2973ca473ed685\"","user_auth":"{\"dcID\":2,\"date\":1698427819,\"id\":6336972689}","xt_instance":"{\"id\":43812307,\"idle\":true,\"time\":1698427834600}","dc":"2","dc4_auth_key":"\"76ae112283c429fe58aa85f116e0ae4ab106eb7e17a3cb9c6e34547b13cd6627295cd75913f59f3866b12069ba99764eee180fcf66691d22b2b3cf17102b73ed7bea532b13dfda0359cb0f30975d8233c2cb869b4999b1c061898548f83d71f1c217b6cac1553a6ddc219c77d35ec98f2306ccc073eaad94ea6c183407e95e633ae52be6ea72d5835a418271d1628fe049c2895a686ba9bee835e4e9a15d9f65ec1de0d9099e27114b0a18c92e48fc8dbb0351716070c90163213d62e9ee831148295f5d22b46415fdd260b2bd13a2d9dbf0c18519e24667eb7fa92e175d4ded3f4047a02bf0b4b169c6965180a66b50eb998e47f48176a013b15eebc8cff65e\"","":"","dc2_auth_key":"\"c56fcd2d7263ff5d2b7f9a7c67f0e44aec2a6cfa09bacbf5618ed450bf1244a269f7d2bc2857129eb987ba161b08cf32329004dcdae7eeed18505567d961171dbd6a26501d5af4ca0be7d6633a9e2b951cdb63633fd3216ee0b7f270fa356d2e0fe5e8f9e5f0de553602c59325ca373997d969ea40cff3142e098b7127522b67612e88426d55c858a3fa265b0cff3bc80ba1bd14707406d97cced3eb01178847a57c86da600d47a0c2b39954535791ddfad8f4a9fff0cfc315cf2f7e28039b38b2f715f333241e5a2f3b71df1d2f74ca90b130147cf35da5f40baa50ff76bda7611a7f9b280efac13c9d1c966edba29a23f5f1c57f6435e7fe575116949925a1\"","dc4_server_salt":"\"a5aaaa77e1fb41cd\"","tgme_sync":"{\"canRedirect\":true,\"ts\":1698427820}","dc1_server_salt":"\"6cc9e42f5019806f\"","dc2_server_salt":"\"59717470ad9dd878\"","state_id":"2105078794","auth_key_fingerprint":"\"c56fcd2d\"","dc1_auth_key":"\"6b4622bebfb7da80a9df8f36b80a5afa702820c63e509acf9f28dc445225dfdb2c40a51375ed5184441720f506f9d2f72e1f25af85765fd96103001f193c00bf884d8d70e3828c2ce7c8138fd8a3e68f540bb126acd829dfbf2c7ca7969e6bc9a708e207c6ee699fbfb1f39369f026b782872df2fabbc002a3cf6288ae336932726929190a31dc18172df79d21d4daa6fc65e6624052eb04635b4ee79b979a30adf0a96b3a5ce923f19113a74aad69111efa57e9e8bf00b9aaf056f7ab117abd975759dcc047a2dbc5cb40b37a82216601e34ae9e6eaa9cda69abcbc50b572390b7775a6fa65df5457ff5a0db746ff87fbf0b257d71fad0aeecde65b56acec55\"","server_time_offset":"-1","dc5_auth_key":"\"35522c7c94c98517ab5c9fd433b9d2c11ce2492bb648e5dcdd12c2cc7073a80327a18e0c80364363a99325dfa5017fa32df6698a06eff7176dc7cc71a374be3c67ba6f08ab813467db4a8e6123ca33cd07ecad3ff86610ce6b971df50f8633549fb2bb8ea6a008ea34452a8d9b977ab96540075f21c8504ed15ef90e69b45af1867edcdfedf478ff7ba4053e6a62ae82ae44bb30194cae6877cb5a1f0365d76028b0f3296f582afcfb7b01470353537fec280da1310df7fe4f55ef4465033b97234e6cd4fc768d6993ed84528c8c6a3255b08eb6addce36b685c5e14c0b82ff6ead7fd85a3f95fa9c390df945c275d288f2cd97cc92ae194e3b8c3ea368493de\"","tt-global-state":""}
VM40:1 —————-
undefined
