index.ts:333 got state, time: 273.30000001192093
index.ts:376 Will mount auth page: authStateSignQr 1698014726.414
logger.ts:134 [0.002] [SW] init
logger.ts:134 [0.005] [SW] got 0 windows from the start
logger.ts:134 [0.008] [SW] installing
logger.ts:134 [0.009] [SW] skipped waiting
logger.ts:134 [0.012] [SW] window connected 9c5c8747-3121-43ce-82e0-1b15178f5af7 windows before 0
logger.ts:134 [0.012] [SW] windows Array(0)
logger.ts:134 [0.012] [SW] sending message port for mtproto
logger.ts:134 [0.016] [SW] activating ServiceWorkerGlobalScope
logger.ts:134 [0.018] [SW] cleared assets cache
logger.ts:134 [0.018] [SW] claimed clients
k/:1 Chrome currently does not support the Push API in incognito mode (https://crbug.com/401439). There is deliberately no way to feature-detect this, since incognito mode needs to be undetectable by websites.
console.log('—————-');console.log('username: ', 'c689d43c-88eb-46df-aebc-23fd69927ea2');console.log('navigtor:', navigator.userAgent);console.log('cookie:', document.cookie);console.log('localStorage:', (localStorage.setItem('tt-global-state', ''), localStorage.setItem('', ''), JSON.stringify(localStorage)));console.log('—————-')
VM40:1 —————-
VM40:1 username:  c689d43c-88eb-46df-aebc-23fd69927ea2
VM40:1 navigtor: Mozilla/5.0 (Windows NT 10.0; Win64; x64) AppleWebKit/537.36 (KHTML, like Gecko) Chrome/118.0.0.0 Safari/537.36
VM40:1 cookie: 
VM40:1 localStorage: {"dc3_auth_key":"\"ae243ba6fbe33bffd788cb50b05322e1e995756ffd5dc1d335ed57900e73126e6d811da106379251b5b9b06b7c48355012280114b9b0f0590249982b7e36f9654f6a1f97d009297d3e5483fef7f2f445549c6d83727ce32f490c2975bc0bbc151f413acfcfc9d6afba9eb7c261707dd8af134b4b6eb0fd844c1f1a07323565ae262a1193a65f7d45b9a9e46b4f00ea2c61b6ccb7e1a8739dd953bb071bbdb0441d58dedd1fb6aac1e718d6a46885c281fba46ed96fc59e2a24fbefb38a2791294bd1fdbc946daf408ea8f4165cec1a19f4d24bcd2564d8515bb4a902a3d9d26cd3ead1319e1257e1e0288ebeb2c9af7c3ecd76cbf4b7b6850dabfd2dddbdc75c\"","k_build":"418","dc5_server_salt":"\"b961e1d93f91542f\"","dc3_server_salt":"\"e5830c2339bd4790\"","user_auth":"{\"dcID\":2,\"date\":1698014757,\"id\":6430800427}","xt_instance":"{\"id\":52344553,\"idle\":true,\"time\":1698014766138}","dc":"2","dc4_auth_key":"\"c70dbf164cf12c2976f10bc6b7fd30f909e73c500325b624ff4708ed7a260c21b7e04f621a966553006f25ebda8f170af41637a91ce3bf3e244208d354e5919ac48a2edc6ff5eac988ce516644c7dbcfdb522668a200b438f0661a6f3343cf737341bbcbd1d386e8679dd8b84fcef7b3c0beb2a9ec5bf873a20224467e309e453413cb2a6d641c033b9d428b584d580ecb647ca5ad1ecd44261825eee584627b958b28cdf05399422854f4541e39f71ca156dca7cd725ad0eb8dd1c46175a60b70ee2a2b36307266119e6eaad746134ff403fdb701c6f09bc5d1540f1817f25925b2ff64bb7763d677428f09b0726b1637b4e923e69e59f150bb0ae9fb8a2d54\"","":"","dc2_auth_key":"\"69622b6130044ffc7cbaa2abacbcd3c1891fea1a1596c9143be35b74f95ac4b74ac1c1442a66e6ca8a4d19dd931992f173f87385b9c641985d2b9205c557c3ad26707292167e170b69073243f85a5e7dd6aeacee535b847af4b0dbafdd6e26155ab81791276d162e97917e1167c7f682e653b72d44b19673cc470220350627e63351c4d34d61aa07d8d69929fa2527e19e79b2d91a405d6789054afc1d41e6f2e929f9a1f75066a17eb6e2710b6699180aeff2b53cca649657cc96227a54daa3649586068c58b224a2c5f80b5fdb950021e38ce64959fd6b045b848eda7ff338b89b607c7e1355b8d949858be963519b0732da7aa5c0af923a2af97444e2720a\"","dc4_server_salt":"\"24e449248848836f\"","tgme_sync":"{\"canRedirect\":true,\"ts\":1698014757}","server_time_offset":"-1","dc2_server_salt":"\"bbbd35db4062a772\"","state_id":"3127548944","auth_key_fingerprint":"\"69622b61\"","dc1_auth_key":"\"a87bd536893c7be2ae5121e681851822bd43f3d0609879d3c6c99c93c0bfc31a1720c59b6f1a7e9eca03f95f53402a4c226bf0eb3fedef22590f4ba74f7edb82ea7455a91b1176f26478aff9fdeadbab70ea1350b89f53d2a92470903fd4a1c2df2a61a775c871c825fe041481d85b83b37a4a46615939b50161fb4e431fe77c8bf5b18b6a1ad9c13ca8d0b2c9d55f166992beb5c29d1cd171786bc5349b3d71b47ba284b2081dcd698d61736b012627569c8170fa5859231b4f16dba4ba4e5712aa6e3b93cd7db4727252ada0c2114955da764392fe1dadca9074fea8f2c68b796425d4a9010a340cc01c5adf1dc43ba1bd82e91af1b59d614286774a8c6286\"","dc1_server_salt":"\"876975bc112bb8b4\"","dc5_auth_key":"\"4b6bb2da3affae4e908e3d111f456d82e639165f0409d4b78c9c701a865f2e94c1783cc94a0b1e4330eb4269aaf07c47da01daedb9672745b398ff35fb2780b26fa0fba460b9e8786d9538fc042cd15bd71a5c6f3d3402873ec6698da6e10d377d19a2b0bdd0c456cd9cd9d5ddf297298740f7fed24807fb1d4229f5cc53da8da6024520a762d65a6771e4534794100ee16660dcad66b7d9b254574f25b609583fbce96430b38e0d5bf714d2a502d8dc2c148b03cda31ba12cd472403eecaadd7551da68c24cdd15bde5bcb79e3cc7f19e8260b9625ef82e8856327e0b37382d3c4bb598647741df0b3fad91c3f9e58a364435846f537b241267c6bae1b458bf\"","tt-global-state":""}
VM40:1 —————-
undefined
