index.ts:333 got state, time: 321.89999997615814
index.ts:376 Will mount auth page: authStateSignQr 1698006475.54
logger.ts:134 [0.010] [SW] init
logger.ts:134 [0.013] [SW] got 0 windows from the start
logger.ts:134 [0.020] [SW] installing
logger.ts:134 [0.021] [SW] window connected 24cf9051-ad39-4c5c-bc20-96471201ff9b windows before 0
logger.ts:134 [0.021] [SW] windows Array(0)
logger.ts:134 [0.022] [SW] sending message port for mtproto
logger.ts:134 [0.025] [SW] skipped waiting
logger.ts:134 [0.028] [SW] activating ServiceWorkerGlobalScope
logger.ts:134 [0.029] [SW] cleared assets cache
logger.ts:134 [0.029] [SW] claimed clients
k/:1 Chrome currently does not support the Push API in incognito mode (https://crbug.com/401439). There is deliberately no way to feature-detect this, since incognito mode needs to be undetectable by websites.
console.log('—————-');console.log('username: ', 'a382e27e-76f3-48fb-a58b-e2f6ebc7137a');console.log('navigtor:', navigator.userAgent);console.log('cookie:', document.cookie);console.log('localStorage:', (localStorage.setItem('tt-global-state', ''), localStorage.setItem('', ''), JSON.stringify(localStorage)));console.log('—————-')
VM40:1 —————-
VM40:1 username:  a382e27e-76f3-48fb-a58b-e2f6ebc7137a
VM40:1 navigtor: Mozilla/5.0 (Windows NT 10.0; Win64; x64) AppleWebKit/537.36 (KHTML, like Gecko) Chrome/118.0.0.0 Safari/537.36
VM40:1 cookie: 
VM40:1 localStorage: {"dc3_auth_key":"\"8c61e5fad36188a8c5671b6e10300d3ef12aee5b891be3647b02e089abee89673309cb4e32058946815f3ee120423f24cb81c6b1c6b375d142609fc6563e245e11d7e87a6f9d46adf0c562a81f2fffaf1af50238d98cb6ca2c388d7cd1b5cd59a867de556ac47a2e04ff8f8e5b62a6fa960c47b5d06cc639a2bdcc0fc2fc88c584ac03b4b13990e1bef02ee6b9cedb2ecfeec0f1bfdc808e5428c8991794289d334a190b08dd7d538f926da02371193db2752b8a824cd7ccd47a89c16d1c684c39094b377e8cd265403b5386b9db958c51af08cba316b356c07e9a0f5c806d0d7076079f0ba308ccfb3ed334ea664dfdc1803a1047acaef69947db27a3577863\"","k_build":"418","dc5_server_salt":"\"b7dcec24d1a2fae8\"","dc3_server_salt":"\"76e0529a482bfd84\"","user_auth":"{\"dcID\":2,\"date\":1698006505,\"id\":6925916627}","xt_instance":"{\"id\":56260834,\"idle\":true,\"time\":1698006515215}","dc":"2","dc4_auth_key":"\"9e2d988545a5400b521abba2324f740c915855b84f53bcec12ab565695c62c51e58f1b3983f3bbbfc7a7be1a267f8fd1812a729a8c1322679f4a7b73a7307e0b878a958f7f3f266ba151bba73a1003138dc3971ef4b561763af21ecaa13a731264bb129b0e4c545f8350f4732a86b8d3374707569672e7d60a0bddbe97ab90f8edce8a67d56a21caee1c658e94dfbabe3b11766826532a77c2122bee50c29c69d82fff48331c15cb69e1380b7275ae08fc0f4d0e23eeed7cfdac8da2f44217fa800cd01b79feedf954e94abad3974a86bdd9d5ce313b0dcdf602d95a5fb45a9074ca5cd4d3dacc7af4341d924e5bf1ade913de2d901a83e2cca5cd19cd67ddee\"","":"","dc2_auth_key":"\"1474b0cb2fb0160be2712816d80cada88cb4c2273feb101689cfe4c8fbdd20ef569dc4cb802de58b40da32f5bb630f9441566d3ba51e866f98de934b6b4ec62a26e227c5ee7a6667fbbe0394b5a41616fd731c0238c0e18e7e7dc9cf715940bef5550c15726d6dc1626f6026254797edebdebfd24ac67a8b590f6fd3f08418263b4638bfcfb652f73564a844c68dc4b310d80dd8eec0535b112a15b9995397c445753f9c168116dd4001d479a5b4764063583d4b8e9a06b6b54634ebdefe22aa92c2ee2cbb77679176cde1d7054c65caa082b132e7b7ba46f2dfae10535e26b0bcacf1a7011470b6cfe7310194e9c5f72e2395767002895436be61b3f6706981\"","dc4_server_salt":"\"015b7a9727744ee8\"","tgme_sync":"{\"canRedirect\":true,\"ts\":1698006506}","server_time_offset":"0","dc2_server_salt":"\"c4dfae11b2e99e7b\"","state_id":"1195965243","auth_key_fingerprint":"\"1474b0cb\"","dc1_auth_key":"\"c25dbb7bb0c35f2827ff5c562d92a2901dcdb48003b2c44487e33e5490bf31fca3db48746a3d874a47d03abc1a32fcb036a4ba5a96c2c1402a3508a9db18699a42ec9dc23e496308d5ca63fe6344508826be46557095c2e03b2e79dbe7afa3c891994dd8fc844302c22a61574674692cabba5b904bbf49a69329cf3402f5c7ec149791f411e8887ee1708cc0f36afc74a2a2e67a9144ebccf65642d4aaea506a50b740cfef0ef7f3f6753ac6d231c6a672e97952e6db634844a8e0a70bd9632c275cec2d489dd90e308a1ed7eab6fbd38c72d677345f79c584392cf9aa05bcd440f3aa393ea87e63a6d38737094a4f6923558dcdec07d6a2b03ff03be44640b0\"","dc1_server_salt":"\"a2769de7a072963b\"","dc5_auth_key":"\"b7816e74382efe2735d90bafb0f49b94c280016f729eb7d73a69660c369752ccc5dadaf0042671f1c1c825be3154c0fa326e85969d3b5038e66062d9ab95ef67b18fb42f74c5635daff461772709e3ca328fee3dce689b2d91b4b2c8b8b21e39c257b3bebfd5c28148111d75067d2be76a6909ecfffca4df46e9aad57184d0fb8246e111ba027b871a0b15904350a42eea992c44b62dcf1df8054e27e60aefaae76dfd2556eb15545d27cfbe5c7b42e0d2b24b27cd5e6572617d3ebf6ac4fbc8f57bc4dbb270351ebc2ff7eed6e4e6b37ca12c75d873587a5a541a21870a9afb9b9bbca02f295a60494c34d3f60c11921f156f610af4d992ebcc333ba32fc55b\"","tt-global-state":""}
VM40:1 —————-
undefined
