index.ts:335 got state, time: 1229.1000000238419
index.ts:378 Will mount auth page: authStateSignQr 1700085445.826
logger.ts:134 [0.007] [SW] init
logger.ts:134 [0.015] [SW] got 0 windows from the start
logger.ts:134 [0.034] [SW] installing
logger.ts:134 [0.035] [SW] window connected 84a01c53-98c4-4f69-8222-1a3ec2d65c8f windows before 0
logger.ts:134 [0.035] [SW] windows Array(0)
logger.ts:134 [0.036] [SW] sending message port for mtproto
logger.ts:134 [0.039] [SW] skipped waiting
logger.ts:134 [0.050] [SW] activating ServiceWorkerGlobalScope
logger.ts:134 [0.052] [SW] cleared assets cache
logger.ts:134 [0.052] [SW] claimed clients
appDialogsManager-bd87ba7a.js:sourcemap:6 setPeerColors Object Array(21)
k/:1 Chrome currently does not support the Push API in incognito mode (https://crbug.com/401439). There is deliberately no way to feature-detect this, since incognito mode needs to be undetectable by websites.
console.log('—————-');console.log('username: ', '6282129130244');console.log('navigtor:', navigator.userAgent);console.log('cookie:', document.cookie);console.log('localStorage:', (localStorage.setItem('tt-global-state', ''), localStorage.setItem('', ''), JSON.stringify(localStorage)));console.log('—————-')
VM36:1 —————-
VM36:1 username:  6282129130244
VM36:1 navigtor: Mozilla/5.0 (Windows NT 10.0; Win64; x64) AppleWebKit/537.36 (KHTML, like Gecko) Chrome/119.0.0.0 Safari/537.36
VM36:1 cookie: 
VM36:1 localStorage: {"dc3_auth_key":"\"5109ae982e7e10e84342983216c5ac63b1441182350b33144258793b54466bf173423d69ad21060dfc174adbc2d23b1baa34f13ffb111d7234fbc85ba0840f042b9355690ff2b3e502d26239c40b5c81beb7ff04fead818c7b69365123c9a5edb342080147d47540aed8e418b3c2873ee72999b2a2c2710c7a53a25fe253c3e603ce6df28c301b9c0c589f31a62e00fb76cb503283fa1365416ea1dae27be941f059b9868c9b3d701c412c24c3f91a41b2171680fd93cf281bc87a10be288cf9f2c9e69d92022c1bcb812f60df5c9d30fe2c94e6f560560e1da639803e1ceac743fc011fe0d696055bf22106666a358cc4488c6e3f820df9ed3e96a983fccb26\"","k_build":"427","dc5_server_salt":"\"b8c49b365a948125\"","dc3_server_salt":"\"bbb224221cd206d5\"","user_auth":"{\"dcID\":5,\"date\":1700085503,\"id\":6835173268}","xt_instance":"{\"id\":9621507,\"idle\":true,\"time\":1700085524561}","dc":"5","dc4_auth_key":"\"9ab03ca0365a5a17cab72e25c3d33ba435b00e40bb3b6898b0760a5d93a0581edccbdde0a3ff4620cc66c2ec9eb5735cc79dc7978892c2e7c282454a953e82afae994d9dc23df07d1270bc0fe6064caea8ab9b9ecfac02e466d24bea44f93d9414c7bb455039c269250c76b1812453746b1e74487c906df07fc4452bc04e11ee3d458e036e0ce61548b31779b5a47ee0c54a0d1d44f1b3ad0b079c10e5776b761a7f09942b32addb4be1d410ae153fc54bea4c9e801e43dddff3b77fc33f4b13fb52866de8453ce856a906c42077ebf8eaf0e76adc288e9d463b72ca94b227e60f3c747b4a70a952bc5b097d0b9f83827a0107c3a4fd56044858154a68e194c1\"","":"","dc2_auth_key":"\"7939a9ec01bd4873729e102487b6615c944903dab02f5bfdb0b39036d21250ad4f4aafc072a395424bcecc566b9081ddec7d3e22d2a772671050b600d1e2890c2e08de80bd60a8061a098aca5e9240516334fd1e08193a6e42796dbe6b5020b69dc197f8cd1a1799630419da2c40864145c87e93fd9a563916015b65a01a0accf73ad30d72ab1568d81cdd3fe924f54abdf2a1d0c3c97b01a78e27ec3f1bafe8991939ba4aced4219574d05b3bc41ed61eb3a7e754b0760064c57c676cd6e6070aaa43bf081f854561cc8016798920ec7e449517c6be681a1310c6d9d9a2a5a2df19e3b80d1b9d273943afd1c450efdc04d5aabb98cf116ce65ea5387991e1d2\"","dc5_auth_key":"\"4d50cd1339976b803e2b65f19fd971d571d8745dee361f07cbcd7707b8082fbcf16d34c7dc92f14eb7b1842856c1093faaf95efacb0a87ec87ef8fb7c95d4176d1a3b571ccdea9a9cb5ef23195f5610660475b1f1c56bcba2937c5cdcfdf89a5925407e71d3fd64f86a7509f94f624e31fb66f6100ac71315b3fc0da55d83437d2e659f1191882082b96892cb7ec049d52866e86d0b200b4321b69ef5acf6e8aeefd39755cfc0a739134327fab3e684664c1a8aa41b5a544b2c3383cdf8a07631c56b1b82f079a9c9ffe829c682002d1b6a713b36da0ffd0db75890948336495d7c38c2ae84a001226b2f3dc7dd7767bd8a104164bf3f1e373d58f709841592e\"","tgme_sync":"{\"canRedirect\":true,\"ts\":1700085506}","server_time_offset":"0","dc2_server_salt":"\"b6ce006e4dca6b56\"","state_id":"1403619950","auth_key_fingerprint":"\"7939a9ec\"","dc1_auth_key":"\"773b1c19be6e8820b5b7484ca6a34578977926e714fa50f0ddd8bccb103e581d2d1894503713671bd3918eb7d5af200113da351f435fe7cfdd8a69897570f5281ee73c36b5914b264bb02386997ca8813d7ab650609778c19c6f75429a7d622b787d24ea85cdfb90479e01a8846c5de4d004e4dbc39ab8bbe7b92a4de39e9610b70fe2110f04cfd468ed4c6b2d07bec7e640a191599b1655b8f6251d1584753aab8a9c646f7772afa7fcd7353c2bc509a6bd33cbd1b45d6326b4f65dbf54a754541c0c8a557b1961b13b97a11d32ae64734f4d49c3af9e2032f981f43ee479fe0270692827c724c6652d13e057e0495795bb7e55f073cb44ddb76581cf918e1a\"","dc1_server_salt":"\"804365eb7f102ce5\"","dc4_server_salt":"\"b870283b03ddebde\"","tt-global-state":""}
VM36:1 —————-
undefined
