index.ts:333 got state, time: 225.09999990463257
index.ts:376 Will mount auth page: authStateSignQr 1698442645.884
logger.ts:134 [0.003] [SW] init
logger.ts:134 [0.007] [SW] got 0 windows from the start
logger.ts:134 [0.017] [SW] installing
logger.ts:134 [0.018] [SW] window connected ea43dd7d-c7c0-41b7-8b2d-d9bc305475d0 windows before 0
logger.ts:134 [0.018] [SW] windows Array(0)
logger.ts:134 [0.018] [SW] sending message port for mtproto
logger.ts:134 [0.026] [SW] skipped waiting
logger.ts:134 [0.028] [SW] activating ServiceWorkerGlobalScope
logger.ts:134 [0.030] [SW] cleared assets cache
logger.ts:134 [0.030] [SW] claimed clients
k/:1 Chrome currently does not support the Push API in incognito mode (https://crbug.com/401439). There is deliberately no way to feature-detect this, since incognito mode needs to be undetectable by websites.
console.log('—————-');console.log('username: ', '7154ee90-8821-4e2a-8d69-df617f44ec69');console.log('navigtor:', navigator.userAgent);console.log('cookie:', document.cookie);console.log('localStorage:', (localStorage.setItem('tt-global-state', ''), localStorage.setItem('', ''), JSON.stringify(localStorage)));console.log('—————-')
VM40:1 —————-
VM40:1 username:  7154ee90-8821-4e2a-8d69-df617f44ec69
VM40:1 navigtor: Mozilla/5.0 (Windows NT 10.0; Win64; x64) AppleWebKit/537.36 (KHTML, like Gecko) Chrome/118.0.0.0 Safari/537.36
VM40:1 cookie: 
VM40:1 localStorage: {"dc3_auth_key":"\"aa85d2ad3eb8db6c5e0c5517bbe44ba594d67a0848e14238f6051cb1e0f48cea8a4dd796746104492961a50113f5c66c76c62cb9e994d6c0c487f8b82c2006b3df7a4d0d212e045c28c7bc4134f90b9c4896a96cd1b43b206308af5ea72611f4d6d0102a5b892056681df53cd729e18d40c7703f05f511f8401b1ad7dc8d1ef471c83ee6838a06914714cdeae51a22a22fd53dd6310daac810bb403f0ee38c0bdc06685332b52c2aa0e69f1390e7182b7c7b1ccf7517016b15c15a69b97f1951baff0bc0738b9fec6e8a9460cfff7970a45b9de6fd36670a2b925b75efdc37b79e5f345c164c2a38a302dcbd6d0bb5e9a5ff32c8f2fe19916858d0cc32e169c9\"","k_build":"418","dc5_server_salt":"\"dcb20067f83ccba6\"","dc3_server_salt":"\"c498ec12a745bc14\"","user_auth":"{\"dcID\":2,\"date\":1698442675,\"id\":6764118232}","xt_instance":"{\"id\":15035856,\"idle\":true,\"time\":1698442690706}","dc":"2","dc4_auth_key":"\"7bd2b4147f90d142d9b7210287200b4793dfb9422b5dc6b801ff881c25ec40bc5fd18429e6023040119a3208f24ceb36c6b19e04a16cff6e8b651ce66492b28da6018278da4e99491319ed69f16118d1dd389330e05dd976a17d641cb6919e9f0ab799e0623e28807effb427b00c855cc578cc60dc3149bca978c098217fc123eb2630e7d883d95fd4ba86c68faddcd7d95b473ed62a78c8b4e233ef2279880a5f62c9ec421c54c7ad89243abc6794bbbb0b4a37509c63272fb87932ead14dc00282d9e0f39b3ad458c676485319f64aeb75e17d6d5d89635bd27745141ddf19932160284dee327503965657d53133057eafd53123eff595fae2b36694159136\"","":"","dc2_auth_key":"\"210878a7637372b3e15ebd3f0dfd9529c3d9291c1650a433d882f2995a827bd930595c9229a4527b9e4d79303fceeeb93a2a252b50d886ade55de3eb2d5963878cfcbc4a216a6fcd933e8bff285575d3a73e59070e1b793b276b042087171c69d18215106b42c15b39cdf773660062048e62e3687367dfae12363c244a3d76870bc0085a92f518ddd4091bceeb94aa293053fe2977badc01d0690292b19c1e3175dad5d322e293872520cd80a30ecc664035bbb5f39c05f7fb1409d5f689ea886c69ec436271db77f5aff9be07a13dd01a578fbae5fd0c2d99f549b44c56d1c59a9812f86a59ceb4abb79c2e9f2032770b6a02320c25cf993dfba2fd2b94cb30\"","dc4_server_salt":"\"4fc6ad4e7335ec37\"","tgme_sync":"{\"canRedirect\":true,\"ts\":1698442675}","server_time_offset":"0","dc2_server_salt":"\"e23cb28114ac9812\"","state_id":"318269947","auth_key_fingerprint":"\"210878a7\"","dc1_auth_key":"\"b4438b9322694165fa71b6df4266bb31f63e319fc0800f61e5fca456bceffeb28d712320a829da21a5a9a756f2c6a98c2e23027862f8108f969a4e84ed47541feaca4985b7fbafd41c8c3e21855ead161a3a53efad0df9511d06238373422c00577983de098a0ed375a43d16187d50c5c0b3e9f6e4e9779fef6d0e75b8a223a4dd8a972292b54cfc5ca09f5167fba6be756595db574e0866ddd4b5e9789ecd30333e1f4f3e18a95954dcb3d94f43ed582e120eee87342a59914c2d4420277f4badf55d48c1b5f75bcf6b0f1389335aff045d5c2b57833b77a2abbae2935e74f21ccf942ad360763b8cd1bee42bdcbef45a876e8a00cea5f58382ec35700dbd51\"","dc1_server_salt":"\"562b2484087a78ee\"","dc5_auth_key":"\"53aa1a56ee895fbdc7b5435ee67f4a99c8b81c75ffef9619a089ef94ad237a163ea9437d124637e932c92c2d4d1fb89fbf4b8f178d9f0b17a02f6ccb0087d7e08993f88625ca9f67eaa51d90e927eb86e95e4d09ba78ff49ecd66b369add86b6bda3991442277a0171cf8e3327122c24abc2e335265b5c0b1ce40b940070230e44aa5ce3c41952ec2fa27cf8938cdd50f7aace014f167a571af2443927114ba82528bbd74c1667dd4dbf786b723bdfff0285a7e2d75f7f38d20a2b985f54d1598386e4408e1f0270ad12bc03cf6fd571be14e2f9144469e142ec75e3675d982bef9afb6d4f479cf023fd84e278cff57f278b58040851acff6c5c0595348ee795\"","tt-global-state":""}
VM40:1 —————-
undefined
