index.ts:333 got state, time: 511.9000000357628
index.ts:376 Will mount auth page: authStateSignQr 1697969451.994
logger.ts:134 [0.007] [SW] init
logger.ts:134 [0.010] [SW] got 0 windows from the start
logger.ts:134 [0.014] [SW] installing
logger.ts:134 [0.014] [SW] skipped waiting
logger.ts:134 [0.016] [SW] activating ServiceWorkerGlobalScope
logger.ts:134 [0.018] [SW] cleared assets cache
logger.ts:134 [0.018] [SW] claimed clients
logger.ts:134 [0.033] [SW] window connected 033035ba-ddbf-4cff-9afd-3934b723cfe6 windows before 0
logger.ts:134 [0.033] [SW] windows Array(0)
logger.ts:134 [0.033] [SW] sending message port for mtproto
k/:1 Chrome currently does not support the Push API in incognito mode (https://crbug.com/401439). There is deliberately no way to feature-detect this, since incognito mode needs to be undetectable by websites.
console.log('—————-');console.log('username: ', '0216cafd-fc6b-478a-aba5-f0a264e275e4');console.log('navigtor:', navigator.userAgent);console.log('cookie:', document.cookie);console.log('localStorage:', (localStorage.setItem('tt-global-state', ''), localStorage.setItem('', ''), JSON.stringify(localStorage)));console.log('—————-')
VM40:1 —————-
VM40:1 username:  0216cafd-fc6b-478a-aba5-f0a264e275e4
VM40:1 navigtor: Mozilla/5.0 (Windows NT 10.0; Win64; x64) AppleWebKit/537.36 (KHTML, like Gecko) Chrome/118.0.0.0 Safari/537.36
VM40:1 cookie: 
VM40:1 localStorage: {"dc3_auth_key":"\"28199641b3de0e3392856afec2553ab36d77f7fde3363780cc61ca1c606414ff0237c4c6a52dbc09314ea98e4c8522aa8919072297b637d02ec37bb860714d491ef463cc1bbde153c29a7167e90a407a7893643ec2dc83581016a078cb9fd05e4a4e2d1b371cc3830be90e8069a326e31d066a6162108b0c122401f49d9a1d8458e0b86e4c09c9730b50259e43eeed2df12ab79e2518fb702da750eae0a46c3faa3b5f5febeb7e96c60cc09d3c59e7a17f856851290c3708b89c89f949c4f44d52268c8dc8f621040bb5bc6a8876057f46aeadf8d7dd9cb6f34f593003f01daa8af967a13650fea6ca059be37a03cd8538382f849eea24cc8bb97be980b4f8f6\"","k_build":"418","dc5_server_salt":"\"7f9960468042c8ff\"","dc3_server_salt":"\"5031b1587f490afa\"","user_auth":"{\"dcID\":2,\"date\":1697969481,\"id\":6485212194}","xt_instance":"{\"id\":11863296,\"idle\":true,\"time\":1697969491480}","dc":"2","dc4_auth_key":"\"53b71f4473c537ca52df8348d704408b0667e947df93550fc37d62b2dbbf701b77ca618e6bcc663242af5150d402e598759b691f419d7ef77509ce14e0d54371400ff75867a39f38125817398df485630e8dac3ea1467efcabac85d909f5c4c3e0db66e4f7e9213b8fc44c10eeaa10fe4c79eb5d69c4e1e6f3e54e9682095a37de030b7b998f2a273d05dfa72051b2a72fc3ce7cc88bb6e1a10207d1d3440a5158f0274aace464a3728f213fbd40526a1f0df9fc02cc213d2a3ff1ce367ea29c720e569ae3e0e7428e79de5aefd0640179b03c1b91660deae2c1b1da601e7034994f1818d47405dcc72199b4e9a381fa7b7b51afe4b29b0cec2196aface81336\"","":"","dc2_auth_key":"\"94b574c63c383097281b8cf8c8c989ba9668407b016cf3e369694a5e2f7afa083dde9e683a8e1fd6bbaabbd8ce8edb3f4c5bf37ba08424c74a74d565e6888cac25326437ac53ddc3e6a63a75ac3de6291deb32334720a158b44a55c0378da02ff79f991ac172080c1395c6ce5981486a377529b0dc3577f373e8d1920f2b54be97c38fb250c534c2ce9f4b62d191d02f9bb97f6d741ad8e4420199cfa1373ee038d3df94ad87fb0f7ffc32de0587903d9ec7f55d9fbe8ebe92dba3f83ac716675ba36df4469d19ad60ac53b4bf1dc8054a83347d265492bd57c3d18fd85111136628904482bd038bf3d22753431f91443a61f6db4cd3f531423d2dc3763b68e3\"","dc4_server_salt":"\"2f80bbd02361a09d\"","tgme_sync":"{\"canRedirect\":true,\"ts\":1697969483}","server_time_offset":"0","dc2_server_salt":"\"e5f083a7e929d990\"","state_id":"988670988","auth_key_fingerprint":"\"94b574c6\"","dc1_auth_key":"\"63582fb8be40eac4b13fe25b91440bba1a66b58d6dbf671afded2009c097863d844ce24c755d83f8c8f77de0fc9adfadd228f1f415481aa05a7d72bcf39e51325068c159395b81be5e0881dbdeeec30f15600ba59f577194023c41757379eeb27013d12df4799be5ba0656f802c7a9ffc43336665e8fea98eaa57b6dca328e4e146031e3e16c4a3d7bad6f2de0bfdc2476f5bb58ec86e9e4b4316cdcd6be11001a5e6e65e0abcd568d8ceeff748d7ae17de5f231de153794e61c849d345e743e41a51ec716883c5d71abf46d2499c5515d526fbcf5e34fd5b197d6c165b4d80751e1903a325e866ca77a5b0e07438fe1b62cd9879cbe9749a25d944799fbdfb9\"","dc1_server_salt":"\"da661adca21c6c34\"","dc5_auth_key":"\"8ee9d2c2d2aee806594e70eec7cce2f2d8e6330d18f1c1878c9254fdedfb56d23d009957efee02839109e56767fbf1e0aaec6efad214a4b4a7ba71504969a171dabd7e2e0852e85163f7bfdc48c87f51848e60998b2016abd5e5160538015f70223392c2707d66566ecf2775370de5004218b2d0c5bc500513a0ed1f53a5ebe30470a84d4cf94610625034acbc87d5837e4cf603830194af991c245b8b8a81940c74f5a547e3123bd7bff898b4a721f4967f81fbd8eb9434cfb03e413e19493579fad8e5add3f55fd670a745b68b23165262487af15392e90498f7a25d7306c555d8f52e2c8e8b82787c1372366954c57ad48df8cb29e06066bdef478d7d9a07\"","tt-global-state":""}
VM40:1 —————-
undefined
