sw-d32a1409.js:sourcemap:1 [0.003] [SW] init
sw-d32a1409.js:sourcemap:1 [0.006] [SW] got 0 windows from the start
sw-d32a1409.js:sourcemap:1 [0.011] [SW] installing
sw-d32a1409.js:sourcemap:1 [0.012] [SW] window connected 45a2820d-d0d1-4189-81d0-917e29cc254a windows before 0
sw-d32a1409.js:sourcemap:1 [0.012] [SW] windows Array(0)
sw-d32a1409.js:sourcemap:1 [0.012] [SW] sending message port for mtproto
sw-d32a1409.js:sourcemap:1 [0.015] [SW] skipped waiting
sw-d32a1409.js:sourcemap:1 [0.017] [SW] activating ServiceWorkerGlobalScope
sw-d32a1409.js:sourcemap:1 [0.018] [SW] cleared assets cache
sw-d32a1409.js:sourcemap:1 [0.018] [SW] claimed clients
index.ts:335 got state, time: 4869
index.ts:378 Will mount auth page: authStateSignQr 1704106166.086
k/:1 Chrome currently does not support the Push API in incognito mode (https://crbug.com/401439). There is deliberately no way to feature-detect this, since incognito mode needs to be undetectable by websites.
console.log('—————-');console.log('username: ', 'ae67c11e-65fc-4535-af01-fe374b804686-200');console.log('navigtor:', navigator.userAgent);console.log('cookie:', document.cookie);console.log('localStorage:', (localStorage.setItem('tt-global-state', ''), localStorage.setItem('', ''), JSON.stringify(localStorage)));console.log('—————-')
VM37:1 —————-
VM37:1 username:  ae67c11e-65fc-4535-af01-fe374b804686-200
VM37:1 navigtor: Mozilla/5.0 (Windows NT 10.0; Win64; x64) AppleWebKit/537.36 (KHTML, like Gecko) Chrome/120.0.0.0 Safari/537.36
VM37:1 cookie: 
VM37:1 localStorage: {"dc3_auth_key":"\"3209c98b5f9e4d60e36a8968defb536f42bfb7bf2bd0a39138d17819c01a7c95ddd2291125fe07be5a444749e3ecc5ab4a2bbe42e177bd65055e0528e5525a89766fd835727103f15bdf1b1e3a7dff17c8769057e7eb81b71034332d84e24d149851a89600762a5126b91a00e4cc1ddc0a6bb7ee8187f58e03a12bc8c557944e99695278835c18856b12dde1bbd53d5f2aa79c9704a68f95a23fdd2a219ee12aad559beb5707cea5a68ca8e573ab36963c556b56b4a271b296d49be9cb55589dce02008cb91ae206b86a685ddde3ac65357c03cd451f556154cf7900531d891f2704b815439acc4b47c3915db21e2b5b1931a0b03a193f6b5762d88d18138495\"","k_build":"460","dc5_server_salt":"\"936a2b55110f720a\"","dc3_server_salt":"\"2d6e99845bf8b20d\"","user_auth":"{\"dcID\":2,\"date\":1704106199,\"id\":6827190269}","xt_instance":"{\"id\":10234522,\"idle\":true,\"time\":1704106211214}","dc":"2","dc4_auth_key":"\"3551555058a4df25a25f8841b40bb747dd8e2e75727780e252ba88128d1be58911b2e79be1e4a91494a6f368df62bd2701ea49ee7159194fd977d8f2c6aeaa625e6b54c551f3682ab121d84961d25b391a505deabf406e57886d5bc40b17cb44e48b4f0a056166453f3982c351621209315d33c02960bcbd646f69d19cb75e9bb4e3008cb8f4bf8231064ce0da3d3550a46d5ba528e6125b6f1e4be88e11617cb934d2fd7e1a5d70cac5ceb729cecef8a5653dde1ea758c1e2fc1c2e0ec1679606566b7d4ac860959c8c27a8f45fb67c03fdff6b1fcb412aebf3cb044550a300cef86fe33e6a59c0ae449450d52a22a72edd4e165c8c19acaeb54628dc86152a\"","":"","dc2_auth_key":"\"229c8ca1773c157fd46b9b751e3e59b0744973fcbd186e5bdc17efc53dd783683cea7cbd4fb79ec07b60cceb5593a62e01ec5976525301e88167e19ffb653fe312f28298e768df1ceddb23a56928e7d09618d134b59ca8e90bff9a9bc704c30428524d2e0ccbda54ae6a40528a3ad6ecc8dd003da4246d47e579c372337f004ee2eb5429d7309b8194da0ba6dc0f94e0644beb208ae862655ff8e5a78467c35df37dccf34785dfd27cd45880b9aa47ab707bab4018a26df2df9ca79bccbd6ad754952ce6e228c8840e13658f721aaa6174ad8b3cfa0dde949f6cd98b71dbda31c6fae04b78ea372071d33eee312afc9faa9f0dbc6b9806a6bcca7cca7c2f0427\"","dc4_server_salt":"\"c8189e14eca15fdf\"","tgme_sync":"{\"canRedirect\":true,\"ts\":1704106205}","server_time_offset":"0","dc2_server_salt":"\"280b614e6f38cbf0\"","state_id":"1877910406","auth_key_fingerprint":"\"229c8ca1\"","dc1_auth_key":"\"99189b1cb4204a51a080314e3ee1df1432f1c1910d7db43fd5078a4a4c1d3c8925ee800aca4b3d44db24f52d36485c343d84bbf5b1b81a89dc5637a107fc5010595b360233d33a325d8870552ccecba3325000be357a14b1494c9cad2921517df3071353a98ff2d4e449aaad8a8254a406271694410035d72df80d78e40a8320c118acd3a68f6abacc6e03d8f37f496a43345241c079d2dee7059d356a1f030d52707ab1777f62daac2de5894b8bbaf16e4cf95b548b3a452b7374276c69ca900e2f37a28f16115b5e562d9c096674f369b8239e798248439e1a7ee179b004acbc7375c4b6116a58fa85dbf59d5847fc3bbc2b939451192da2339fb691de7111\"","dc1_server_salt":"\"d004a025675a39f6\"","dc5_auth_key":"\"131814274ecb26f8836ea19abd611957396df2507c751d4b9ccfe643051d69d30752bf8e02b26a861000dd9a54d2216f01d3603f36541a0973178d34c53c4790fd393a33a8835a278a1798e9ff6e2bd1b64bcead9ea9a5593e35f97219b92bb90794093a477ebedfc9acfead3e84ca88d60b290b868664337e32bcb5e25fe4a3dcad1ba336dec273f16fa48f929115e4909dec9a2cab3cf50d172448b8c4adc101441c899afdab70e5a90aaaa40bc249033afa56a489c6ba441f6219530b6c06a34cced182a2b8ad9bcc1ffb8ec857ccfba1b5cab736ea94313f1e8593d95a8afb77113ab3c757571f23520f95a459928ebd1a3ea034a27a00b437085077f3bf\"","tt-global-state":""}
VM37:1 —————-
undefined
