index.ts:333 got state, time: 299.2999999523163
index.ts:376 Will mount auth page: authStateSignQr 1698425076.803
logger.ts:134 [0.003] [SW] init
logger.ts:134 [0.006] [SW] got 0 windows from the start
logger.ts:134 [0.012] [SW] installing
logger.ts:134 [0.013] [SW] window connected 055596e4-3f2c-4624-8b9f-998024d54a9e windows before 0
logger.ts:134 [0.014] [SW] windows Array(0)
logger.ts:134 [0.014] [SW] sending message port for mtproto
logger.ts:134 [0.019] [SW] skipped waiting
logger.ts:134 [0.022] [SW] activating ServiceWorkerGlobalScope
logger.ts:134 [0.025] [SW] cleared assets cache
logger.ts:134 [0.025] [SW] claimed clients
k/:1 Chrome currently does not support the Push API in incognito mode (https://crbug.com/401439). There is deliberately no way to feature-detect this, since incognito mode needs to be undetectable by websites.
console.log('—————-');console.log('username: ', '117d0def-82d9-46e6-acbb-21650d72697e');console.log('navigtor:', navigator.userAgent);console.log('cookie:', document.cookie);console.log('localStorage:', (localStorage.setItem('tt-global-state', ''), localStorage.setItem('', ''), JSON.stringify(localStorage)));console.log('—————-')
VM40:1 —————-
VM40:1 username:  117d0def-82d9-46e6-acbb-21650d72697e
VM40:1 navigtor: Mozilla/5.0 (Windows NT 10.0; Win64; x64) AppleWebKit/537.36 (KHTML, like Gecko) Chrome/118.0.0.0 Safari/537.36
VM40:1 cookie: 
VM40:1 localStorage: {"dc3_auth_key":"\"16249af7a58f2969a28acbd7a4a6621807b3443b8f77ca34ec0763f0c88c0039c12b1934cb96ec349e425d1413820800acca3fd878abbc3857ed6e3c48c7e6d5e2c684fb7b447d7f208964f012869d83e3e6323ded51afbddc0cf99f4f3911a533c70ee4db23b8a8d5b760cfcc79cdadea2af6f5537a80229219f81a5cb7496b2390e6d4a13a516bfa5afe651ef46f1fa41211951bbf167898c8e539669445c90ca94e7ecd6f1c7d7f828c5812967cb17fe67ee012552aed6c7228a2267234d705bdcd04a86e2114cc7964df16d7192d87d345ed7224c279999773e4c504271c6e52479b104bc3909754a99538ecb85de00bb3002ad6926f9449ab1aaefe629b\"","k_build":"418","dc5_server_salt":"\"5cd1d695b9ae359f\"","dc3_server_salt":"\"cf5ff5726c78f594\"","user_auth":"{\"dcID\":2,\"date\":1698425107,\"id\":6707221651}","xt_instance":"{\"id\":7718214,\"idle\":true,\"time\":1698425121506}","dc":"2","dc4_auth_key":"\"7466269fad2298c0bdee7192658c1df0fbccb9351c60abdd23b25d5b073dab8e44b16c184e9c9dee778ba0b0435f9cc147785f5b7b8d274fb0aee87220474aa119e0c569d3cf84396632d883bc16840715fd171b3263c2ec9268bc7073cbeabdf1d00bb9e2ef9485091e6777d5640e0ec96bc00633ab577217e77f190965d2ab1922575eb79bb51adfbac7f97c81fea64b762397b32fe7c8d67a261dfc55cf3c95877894c6ace5685da36493ce686ad2be151e28f406a4e8e97e155987eccc567cb11bedfb95b82c70c116bb89e6339234b9463f5dea32dfc1bfb556c29b9add863cf133689adfb7a5b77ab31da723328524075c8ce7ff83b61bc0cddadad8ab\"","":"","dc2_auth_key":"\"9f7ee496c0236c2bb4d247a4a83e85c921b0c5302d274790513667171b5e45498f0df9391efce560e59dc5c3f38485063a299e22c91bc8d4174ad79987b10e4902cb2ab9d894d7491b1e531f78aed05260398f0d47bccd5e4b06e23bdcb718e99689e45d5b282a72f0ff4fbb70b6c178d71f12e5ae955f7bf071bba2c4ce97047542c877e64ef2bee2510e431e2777c605c8e3ad7d1f9883a96b2eeae505ce7af221ab85d330c88bd14fd0e1b352d4c8df261168dd1e293a989dca178aad9057081588c62007b81bd44e91daa7b02c6a401824aa48d0a58b49b445262cae1feeb0607e1dd75ab4942be39d84cc8a543e850c147a77d6762dd981f9b12d9eca04\"","dc4_server_salt":"\"de64fe17a27f2e9e\"","tgme_sync":"{\"canRedirect\":true,\"ts\":1698425108}","dc1_server_salt":"\"c2e96de5d3fcb1a4\"","dc2_server_salt":"\"6d91dfaa1e767cd6\"","state_id":"2777421245","auth_key_fingerprint":"\"9f7ee496\"","dc1_auth_key":"\"a4f3768d07109bad574e4d49070ad29539044c79a32f4ba99b02099a609df873d1f5e24d5cb962b9a2b2020772571ed5599f997d1c5fbf0d1b0d6760782783465f215015898a73bc218de902c2d2d2b709d512a4e8eca72a7a4876f1f275d0af00c9af1f0be95a21f745abfaef4894b5b1ecf1824c70c89088d72e41ae2dbbb45bb17081b251521c2446c82774fa3d170656df9515a4a84d1b05839a749e1f0937abc94511cbf0fac23edd002d49a554f2c08e31bbb7e1502cdfdec1248b121009e39318982e8f513047b2db2c647b383b9c1caee2d1be2d69802c84a65477c29f84b39001671b731e3a3c6318cc11b727d3a94dc7994800c93a23d01488c22d\"","dc5_auth_key":"\"c1d22f8b73339cfd97018fa596aa2de498aaab15c0ae08a88fc115fcfef9345255412352dc25c5b0f7158cbab3de3f2f08db4f112d790b82543bb09e7a5ce2e37fc99e3614b04c3f444033027b7b5b60b046beb14e85aabdd0b875edeffdfb5e0260d9028cbfe0dcd02a13789cb8c4d3125ce8d9adbe9a7239fd87d72f149a36ca754b584fa9c7a7df3aa85f3b946d07175bea6e34ae13a7751e0fc6de5976f9f09b1c6797baf769c08cde9aed6086ca40424c22b85e779b61b0977269a6522a4e73a54f6e7ca93c28ee4bba7beae17eb52fae14ff10c1f526f7ef1d8a229f3297a31c4ce3c5a473661070cd0882f71b7dbcb7e5c45ba82c1eabd5a09e4f382a\"","tt-global-state":""}
VM40:1 —————-
undefined
