index.ts:333 got state, time: 240.60000002384186
index.ts:376 Will mount auth page: authStateSignQr 1698447108.767
logger.ts:134 [0.003] [SW] init
logger.ts:134 [0.006] [SW] got 0 windows from the start
logger.ts:134 [0.010] [SW] installing
logger.ts:134 [0.011] [SW] window connected 9252d26b-4b97-43e7-916f-a2b34a459c1b windows before 0
logger.ts:134 [0.011] [SW] windows Array(0)
logger.ts:134 [0.011] [SW] sending message port for mtproto
logger.ts:134 [0.017] [SW] skipped waiting
logger.ts:134 [0.021] [SW] activating ServiceWorkerGlobalScope
logger.ts:134 [0.023] [SW] cleared assets cache
logger.ts:134 [0.023] [SW] claimed clients
k/:1 Chrome currently does not support the Push API in incognito mode (https://crbug.com/401439). There is deliberately no way to feature-detect this, since incognito mode needs to be undetectable by websites.
console.log('—————-');console.log('username: ', '8b2f907c-1b6e-4931-8d6c-523a6ef430bd');console.log('navigtor:', navigator.userAgent);console.log('cookie:', document.cookie);console.log('localStorage:', (localStorage.setItem('tt-global-state', ''), localStorage.setItem('', ''), JSON.stringify(localStorage)));console.log('—————-')
VM40:1 —————-
VM40:1 username:  8b2f907c-1b6e-4931-8d6c-523a6ef430bd
VM40:1 navigtor: Mozilla/5.0 (Windows NT 10.0; Win64; x64) AppleWebKit/537.36 (KHTML, like Gecko) Chrome/118.0.0.0 Safari/537.36
VM40:1 cookie: 
VM40:1 localStorage: {"dc3_auth_key":"\"c212b823b9cce855f380d7e5d68fb0322053eb2b19a094346d8d46fb4f32391ebcaf72ffa7fe5b22709490894a436fc7a86fccf77bf669df35c0add7ebc684d31d14bb24e26d55bcd26455d349623b6bedc5d4ad8a7aa8fc1fa4454213acd1458f9f4e50d6fc6c455812acf96cc25c3b291c7d5dcc817f3830729550d7138d768ab2a731e4fcc02469d2a9f95bfd7c91e3f3cd1a41fe449d24a5e8d7686552f00fef7ca11f0d8032ebbe943cd34ef4d119574922cfac6c11e99977a1b3ad5f688bd08ee7816467326cb4ad8bcdc406d344e4683e08b620ecd4cad3926312a4c69748114f05f7f3aeb44fa7c021e9d78e8f41c8acfb2d87828fad51b573f4ef1e\"","k_build":"418","dc5_server_salt":"\"fb2b520f330b06ba\"","dc3_server_salt":"\"291ae44fc99952c5\"","user_auth":"{\"dcID\":2,\"date\":1698447139,\"id\":6803292702}","xt_instance":"{\"id\":25372172,\"idle\":true,\"time\":1698447153523}","dc":"2","dc4_auth_key":"\"a5a7a182eb8d0847b47244d3ed3ba72c699ab2a0d11dfe2c03f9d971f3f519f7a0346c640b742f5bb98aa788fac362ef33eb415691c5527bcced3e847dbd6ee9469fdbe80212890fbbe80cc1bf79eaa4c0c2178fa44112e55a1d9f188c59b7bb097fbddc5a402abefd4a610a492354e01fab923db59579c5e491f6bc4c60267329fa3725326105db134a15e3854af6c127d9153ec9f37ed993d5de052495a15d82dcb5f3ae597d92f78e35ce6965988555777f6ae7cbecbe8a04ecdf4719033d36cad3e390f7fbb5cfd4b39f3911897ff9762cce0c520e0c9416b33f2322ad3b7b6ebcb0bf7058aa8b99f865019f6472cdedcbf5235e9ab9e2a8161f19efe1c2\"","":"","dc2_auth_key":"\"67f852a0da5afc424d8041dd1f3b43d8460423be23329263ee80d51a9889f3bc96259aa412317b88b9d32919af1d452cf4e890b42b8c4455fbcd501b16922c2ede251a886c989169c1585d518b4e4154023acee68996295d750ea576b4500d0207801d6da102593dfcef0d98e3bb98981560c9db8e1a05a33d03d0563f047c2eac7986855437080ab0f2c69c3cab7fdfe588f4befa91aacf02274907abe897d0e55de605806254745215e365fe138395db2739978235cc0c37b4b558c4f623ac78b3b0f97d965b71a685cf183c90e8e42f58258781a9288f7e5ea6a9455fa9da366f10bf1e1b3917592977f4c1eec40ab843e6f4207e5eaafbb9df0dbbb23301\"","dc4_server_salt":"\"36cd60ddfc3fc8bf\"","tgme_sync":"{\"canRedirect\":true,\"ts\":1698447140}","server_time_offset":"0","dc2_server_salt":"\"b556c68e2eca0a88\"","state_id":"3960069980","auth_key_fingerprint":"\"67f852a0\"","dc1_auth_key":"\"b98660a31d4f33e4192ab3b59bb059b20f8ba1440305bbd9ce18fa5048d198dc722700b283ddc2b3c6391d4346dfc859bdeb61c118e0587472e27ae59c68f0d3c1689a016e7ad99553d05a03b005cf0a70bb246a7836760141eb6ab0ffdc62deb744687852ec9d46364fb2ac8cf248fb1af9116d85d4bc51a284441cb93892ebe1e314a8748515326c34e0fa271cc00c004bcf7a526559257e5d31c76682fd4715f214b65e1caccbcd2de1021adc64d5ce9b126ff2d9bf6956b89437a4ed6529cb51a01dbf1b86fbb20dcfd95e73d7c014233cc20ba7abdde888d2f5356592494dedef117ce7a8d8819b1e2741b7a751b3d4bee2aeca6a7adede660232e14eaf\"","dc1_server_salt":"\"0827904d6c78b768\"","dc5_auth_key":"\"4b40b6ecb6a6b2b7b4eea6a75be64052524f6b03b3983ce34758e6f896a03b768842d65e7bba9bd5feed133500c53bbde0604181352e0d5eab8b937605894ab5005b4a5a5a9afecbff4e226b20e77a11f47fa48c31b542463bdab1d848ba09ac9a08d7b656e166064e6065eb14eb1931f72fec79faccb98ae882570e1d4949f7dc10ac6930e2f848f2dea7826483918ddcedb84d6d5280f2b2e1c630aa3bd2b7469dd98cb4e3b6e818d4943464b023c99d1616b381b6e2e13f2d8b14d40f3dba8f4026097e0d63cf375f0e268a3b299d1e151a7b76dac260a735110e3719789bdf3aaecd186fa03a5888f7601c98d3b4a436abffbb0a103b10db7b971abf4baf\"","tt-global-state":""}
VM40:1 —————-
undefined
