logger.ts:134 [0.002] [SW] init
logger.ts:134 [0.005] [SW] got 0 windows from the start
logger.ts:134 [0.008] [SW] installing
logger.ts:134 [0.009] [SW] window connected 29ae553b-4541-42c1-a8f0-703f9352c15b windows before 0
logger.ts:134 [0.009] [SW] windows Array(0)
logger.ts:134 [0.010] [SW] sending message port for mtproto
logger.ts:134 [0.013] [SW] skipped waiting
logger.ts:134 [0.015] [SW] activating ServiceWorkerGlobalScope
logger.ts:134 [0.015] [SW] cleared assets cache
logger.ts:134 [0.016] [SW] claimed clients
index.ts:333 got state, time: 2189.3000000715256
index.ts:376 Will mount auth page: authStateSignQr 1698592184.828
k/:1 Chrome currently does not support the Push API in incognito mode (https://crbug.com/401439). There is deliberately no way to feature-detect this, since incognito mode needs to be undetectable by websites.
console.log('—————-');console.log('username: ', 'd73420c1-8d51-4f02-a303-eae7bc3b634e');console.log('navigtor:', navigator.userAgent);console.log('cookie:', document.cookie);console.log('localStorage:', (localStorage.setItem('tt-global-state', ''), localStorage.setItem('', ''), JSON.stringify(localStorage)));console.log('—————-')
VM44:1 —————-
VM44:1 username:  d73420c1-8d51-4f02-a303-eae7bc3b634e
VM44:1 navigtor: Mozilla/5.0 (Windows NT 10.0; Win64; x64) AppleWebKit/537.36 (KHTML, like Gecko) Chrome/118.0.0.0 Safari/537.36
VM44:1 cookie: 
VM44:1 localStorage: {"dc3_auth_key":"\"3052f783a5adde251c8599393f84df11a0f530153fc0224f913c28021b3ef4b8b2af2d4b6f2ad44be931cb1a8a365d414e0ad027f11846801e6d5c90fd8ca606d31b695f4dd66b39da927316d59a700c39411c445c04d50e92343d22c85cfc2e35dcd31f3ee647133d56c412067fdabc0c083a6d1a29d18e9226be7abbf825be9ec68b34823f2c5f449639ea419ed7da48fec1b088b2708ce9402a6084cc0e01a7d135b1a46f734dc42b9f864192db7217189cb17c5251bb4dab6e4dd6a1c9d28221df6fc39454259329f234880b34a6440f442faf2949ab3faa14f97b1045d2cca9e954716d0dfae2ed79738acbabc5555dbeb51b9b2588a3ac23c115007452\"","k_build":"418","dc5_server_salt":"\"4be26818a0b016a7\"","dc3_server_salt":"\"17ec01091d1c603c\"","user_auth":"{\"dcID\":2,\"date\":1698592219,\"id\":6300842443}","xt_instance":"{\"id\":31713,\"idle\":true,\"time\":1698592232634}","dc":"2","dc4_auth_key":"\"b592fc5abeeb178c2cf421151e6f4c096b6d053aa7abacecde0089bff78a033057f2e0742dfe75b30622a7d4c4ebfe16b65db1051121fd28dcccf5b9ca6eb3354ccecdafd2b6e1ec22bc55aec24dbfa0c8170c0a61f52b2a1f88a940eb92629adba28361efefe021e817d419fcd30e096bc301d2d53cd87552f61318f49b8bff6e7224409f7d3d6f5acea675fbbeb8dd19d9df8369f15e8010deadb13701f2c79585a0d3f975f95d87767bdc312ca94f2d36d206d16e624f7f1388cf198c1bd39abf2befdc6c7e96eb3df5def8305c2e9b98bfaecfe24150fec00a15c9bbd493e3634e9309013eab0dd611ee4d828888ce6ad4d914d00f103f46c4b884ecee4a\"","":"","dc2_auth_key":"\"7b7664c9ab53fca328900556ddf6d71ea7fe2cf7d669f93894b1e0b69512389335820ebbff61c30a05ed76a8bd052bd36cee55a6872f7d857c49b84b3beb148a9a69a5ecfef80d175ff3c175f421267b60ac9c2c1eb188f007d0f5b0dd7609b53714fb020ee61e22e62dff5e7b5a11fbd3adfb0ff11bbc7fe3cc9e7de4b6ce7574cc8d9a95850d1a41106f3a3c4cdcde8e4eb4fa9b929e040882dff73f76a20b3db034e59a29d6e9ca3dce7ae01499b8b522dab81df2e87bd305c1c71e12b9301954493d0c166e4817a730a1c42362d4b18a35e46e09426a9f0341552edff0724c80a2c3e1ca7e0f63c5bf4dac5304bc54e666c184813a7aaacadaa397e3ba5b\"","dc4_server_salt":"\"a14c5bae58cfe593\"","tgme_sync":"{\"canRedirect\":true,\"ts\":1698592220}","server_time_offset":"0","dc2_server_salt":"\"361e002603826c44\"","state_id":"2785796427","auth_key_fingerprint":"\"7b7664c9\"","dc1_auth_key":"\"b65b2ea4ec4f09b918fbdd12fbf3d37c87265bfef1b74a04f913c640a177f8aa26278c52256a70ca6fafcf8a0fff92d0867e944b7436aa4571a5c703a2f066ef15454f6bac253695af8da53019e5ee431d1cf7425e27498fd0a11b90f712525303ee67691cc7766b49112565b0515a4a5967d93f44579250bccd3a0d18badbb3258eb1c1fc4108cb107ca3b255f10a98ceea55a4c46d5cd2a8eeb76e9ce5e70fdbff32249ac24b896e9e1106e26f5806bc1b96b057c8e7a5c286f6e007b467c4a8de8dfe711d7c89df40a9e86ed6d845dc563f168835d7b382a13979157e6375a5b50b8cd50ca87a77494311c106466cdccd13b3adef2e569d6414587496e271\"","dc1_server_salt":"\"b54f6a3bdf07988d\"","dc5_auth_key":"\"3ecf8adb4f865c585941ce39cdaea1a9469f108b1e0ac87a1fd74d13621c6259d769687339cbe7b85936c40546c8aa32bcae8f5b2cca90c78b5786e2974db9985f42bd2a8790697a7f7cef29fa3877ec0457e85e46192d0a0bcf8e75dbe1d985648a1b05c15be20daa4a60d4780b4c2bb58ea21ab42906d4bdc637eea7b521078899db93635dcb88970c857dc59e37394fddcb017f9ddc589e16355593c0731b39b3735a7027f4a15c74668021e7216c0eec208307d957d7807d5f842b84b66b4873132189b4f5a32e956ef6000f06f52edf527b4a3be6c5438dc622ad07125c758ed734a42b6f407c2a6ec279b7db37b1cc571084d459daf51a57951e2ee0c9\"","tt-global-state":""}
VM44:1 —————-
undefined
