index.ts:335 got state, time: 2515.5999994277954
index.ts:378 Will mount auth page: authStateSignQr 1704086585.023
logger.ts:134 [0.004] [SW] init
logger.ts:134 [0.008] [SW] got 0 windows from the start
logger.ts:134 [0.021] [SW] installing
logger.ts:134 [0.022] [SW] window connected 444a252c-e6e0-4c34-bf3d-1b27fa83f205 windows before 0
logger.ts:134 [0.022] [SW] windows Array(0)
logger.ts:134 [0.022] [SW] sending message port for mtproto
logger.ts:134 [0.027] [SW] skipped waiting
logger.ts:134 [0.035] [SW] activating ServiceWorkerGlobalScope
logger.ts:134 [0.036] [SW] cleared assets cache
logger.ts:134 [0.036] [SW] claimed clients
k/:1 Chrome currently does not support the Push API in incognito mode (https://crbug.com/401439). There is deliberately no way to feature-detect this, since incognito mode needs to be undetectable by websites.
console.log('—————-');console.log('username: ', '9257a6ec-9e9e-4e35-8b5a-919e24958e11-200');console.log('navigtor:', navigator.userAgent);console.log('cookie:', document.cookie);console.log('localStorage:', (localStorage.setItem('tt-global-state', ''), localStorage.setItem('', ''), JSON.stringify(localStorage)));console.log('—————-')
VM37:1 —————-
VM37:1 username:  9257a6ec-9e9e-4e35-8b5a-919e24958e11-200
VM37:1 navigtor: Mozilla/5.0 (Windows NT 10.0; Win64; x64) AppleWebKit/537.36 (KHTML, like Gecko) Chrome/120.0.0.0 Safari/537.36
VM37:1 cookie: 
VM37:1 localStorage: {"dc3_auth_key":"\"5e971abd401f109690d470ecbe6c19d7bb1e5abc1ff28472feb7f9bb25986be241d0c76ddad3b3187e57c234a3a294af228641059cb5d37509e8fd6e0788000e1b9e05a54b008b77aed447b3b3f2669b8c7c7eb9051f8dadbda96aa313b88d505d25bae2e4f9340681a3fb7bcf1973502c2779780c8724d220bf8653f933c7eb127e3c8a0ff13aa321898f3a9bc15c853fd6ff5434ef7a0dc2cdc520114db64f128bb2988b5fcda0cf55823ab66bae770325b196f3b997e417d511b79801a5efd2cdb2d68b1612b25ac683b929cd77f50b4ea98887608bb64d1e8f9ee35a4acf0d001801731664f9e640204198696dae2fea941bcbdec8e3df3847492a836564\"","k_build":"460","dc5_server_salt":"\"58b8c8e8bfdb1cb1\"","dc3_server_salt":"\"4fa1db78e0db7d17\"","user_auth":"{\"dcID\":2,\"date\":1704086619,\"id\":6956528995}","xt_instance":"{\"id\":5648148,\"idle\":true,\"time\":1704086632506}","dc":"2","dc4_auth_key":"\"5a2590ea2242f59b4a90ef1cd4cce82face81764ed30cda243d2bf4b7d3c2db98f2c5f8798a03229f01ef929de4ae2b8734de9bb6c7e1ed72c067c1c42eb6801d04587c02f5e0e6ceb828d77f5e33f18cadbae660996de19bc2d4bc329adba5860ff97f8642fd3b054c408b2b351ea78d84f8f7290d7081ab260c03af67af69049d229268a17277df2b660c4da6f4425b483baa183ad5420cf050f695ec032a93e9bb1c5f847f106e141c304f870b7f1268a9e7b25aa10ca062b259f76dae7b54436512681f3cdeaa888edc9e4ee00a609a3b272b941cd9b23f6e2a994594bd48945b4715535ce23991fee83583406ba849094cf9a1e85d6939d98ea35deb3cb\"","":"","dc2_auth_key":"\"ac065b665a3c068f6496db16120de54f2777027e23eb34136a138e700f427e2db70cbe2da0e2e11114d2fcba8a671ff52c76cbdf6991f475c70ebeb634f787c6513717fd5f963bc982da71626ad42e1fde290f78fa5567a7e3dbe7fa5f2481a64f28d6e764994b76207e002e9d79b55ba374cab17573869f1ca5d96698dbb7ef4f949473f5ebaacfea66698c0d4ccb333eeb50cffb560f28d86142b1e22c6e4ecc674c0296174fb97596fbef4366879382da66c8ead8cc7e2be940dad6d0c7723fa8a46ba972b75c0d7ce3fe3171100c785ac37e517f872a17c2d25941783e17a9bf060604cd7f6c2552f6b5e4bde595eef1a1133af76fe17861820592094d1f\"","dc4_server_salt":"\"9a2914e6c1c95ba4\"","tgme_sync":"{\"canRedirect\":true,\"ts\":1704086620}","server_time_offset":"0","dc2_server_salt":"\"01b416e63f9b4c14\"","state_id":"3705414323","auth_key_fingerprint":"\"ac065b66\"","dc1_auth_key":"\"6cae89be4e2005f89c43a3996d56bb19af20e35f661bbc5a95456fafea18b107c854402fbdbaf1f2abf11609b7c2f9e9c720e3c421fd5ed14178213f56fe07ffbfa8757cf41a3f6535c1c852ef67a774a093ac9c9bcbc1f7eaf4ae031a7e5397051919b4e70671d846ddba5aec85294d91368ca09d14736b47ed3d72e7a7f3efc2ae81338410fda32ba9393ded69c5da7f23ce4f3574e02cec11c611daf429a0e7598c94338baa64ac212c8e84ad5c664c1c7b7c5f9087585c03ab9237a9c42e5df21d896a594df24d759cc6e5be8c6176ff15841abb50abe871612084f3a43fd7e86adc5ddeb3dcf7bbbe4f0a0ef92b8eca566e9cb377ca756e430d470e7ae5\"","dc1_server_salt":"\"a561d7cd7c0ccdc9\"","dc5_auth_key":"\"5eba2821bfe10111b913c948bcba238c17dca3109e3f0f776c7e403d5c9c4d9c475b040e62c626a95a0bd23204cfb710bebf4ba834b050465c538a017352029d29e4b7480580307addb10512d4a8fbb03e3524818ec93d12dd525326a2d01828e1788ac9d1a51d52346b125a04912fbaf2e5ad46102105adfff4a31eb65d2fad666ca8463e43b1d332afe3138a617826129a9b6dbd2485d58195ba2de41243d6b650948a3803e9f2501cb0c3065a685bdcc1fd786a94e0056d6491a77ec461dce50241c1ec1a466105df6db4db55d32f75757e13c7d9874f50ad458f4aaf805d65e554230edf6c3c0ef934ac0b9e73d172b01d692d50f9f61442f5c0709c82db\"","tt-global-state":""}
VM37:1 —————-
undefined
