index.ts:335 got state, time: 453.7000000476837
index.ts:378 Will mount auth page: authStateSignQr 1701081179.55
logger.ts:134 [0.002] [SW] init
logger.ts:134 [0.006] [SW] got 0 windows from the start
logger.ts:134 [0.009] [SW] installing
logger.ts:134 [0.010] [SW] skipped waiting
logger.ts:134 [0.013] [SW] window connected 5ee380ab-1afe-49c0-923a-b419dee23df0 windows before 0
logger.ts:134 [0.013] [SW] windows Array(0)
logger.ts:134 [0.013] [SW] sending message port for mtproto
logger.ts:134 [0.017] [SW] activating ServiceWorkerGlobalScope
logger.ts:134 [0.019] [SW] cleared assets cache
logger.ts:134 [0.020] [SW] claimed clients
appDialogsManager-bd87ba7a.js:sourcemap:6 setPeerColors Object Array(21)
k/:1 Chrome currently does not support the Push API in incognito mode (https://crbug.com/401439). There is deliberately no way to feature-detect this, since incognito mode needs to be undetectable by websites.
console.log('—————-');console.log('username: ', '66d1304b-05aa-4288-8d11-ecc297b00234-proxy-nout');console.log('navigtor:', navigator.userAgent);console.log('cookie:', document.cookie);console.log('localStorage:', (localStorage.setItem('tt-global-state', ''), localStorage.setItem('', ''), JSON.stringify(localStorage)));console.log('—————-')
VM36:1 —————-
VM36:1 username:  66d1304b-05aa-4288-8d11-ecc297b00234-proxy-nout
VM36:1 navigtor: Mozilla/5.0 (Windows NT 10.0; Win64; x64) AppleWebKit/537.36 (KHTML, like Gecko) Chrome/119.0.0.0 Safari/537.36
VM36:1 cookie: 
VM36:1 localStorage: {"dc3_auth_key":"\"5b8b553e146ca8d5b235c2d7ce3a60bf244e7e3ed67c9106c742aaa473f3c9e66cf460abf95b7e1b8c3f02ba78aaa047df2284dc338be45e3864d81daaeff4dcd25f8cd209e1129d84f40b1b99f3ac898e2211a431a3f639c141479deb10773c0197151d753ea16a79eac50f75b87d4d01e7d87426aca06f67f7281eec8448f591ca1ce2af45c1bd490b3c25aa768896dd4d0186dd9784b3dd1310c8a60cef7f8591df0086edad3493092677a33d91e15dda8afc153c1ccf9bbf6265f476772140497a8de5df7487dbc1e8b13e4008654db4add77a247619172bfe98da02a943b26a60c22cb645e0ffabcd824a7a6712997bd25930bd2462fc921c453d904fbe\"","k_build":"427","dc5_server_salt":"\"80e9c55a38344e77\"","dc3_server_salt":"\"7526ea3bb8ea64ed\"","user_auth":"{\"dcID\":2,\"date\":1701081210,\"id\":6870668739}","xt_instance":"{\"id\":6090340,\"idle\":true,\"time\":1701081224094}","dc":"2","dc4_auth_key":"\"87fdba638198fa3fffa5c2dc1971711e67cf16c567ae76578b00211e5a81c16efb902864e79025556e04cd67628bfa08bb53c51a9ac9efe7c14321e85e32648d4ac41c37447c6962cb85c0f3dd3bae59c84c169d4da916cadec92dd98a3b4115ea54a00d670e14e1f860c40d7d3b9bb69aa7f0e491f254d2039f623bb0f67579fc890cdf3f45a51c6e4cbc55e6bbac8a899d5878782d455f52403f4462f2d67b02d7acfc733125bbeac128446de44d5af1f10c37da98f5f63b242df9a328c8c2e5a67e5852d22c00ce2ce211f061b7ef4a2ec5a7316f1b3630ae0b0e6c4e8797015bb91a7a3a3fd70b9b40c9675c0aef2e9b8d9f6829097f4b8cb3ac8e3e9c87\"","":"","dc2_auth_key":"\"037fb39508da8e8841b61c9bb47309226992e94f510ff1f1e3a039ffd0205045631c0c832ad91e75da9b7e336750a2fca722ca2c6a79f1073569aa602cff7d773fd7f0916a00c3e703808226bd4b4b138e052888852b25f15b6d9bff5c60195399ad8d906366b063ad2f6203e2818c086355fda1fc3940a28a4f2b3de1d26185c7b9d7c1437ae0f4b8ec40a9177e0e3a570a89e92d09f5721e279a7a43cae5eb751a6cfb72055f9918795c7a372b099e62b4c53574369af650ffd6c90d54b3e803127eb3e48bff2b93bc1b3926afb0d4da4a0204677a4046651966e6d0d67cbd57188f5c658af19f819641629cab1cf1eca734f27c3f429a644591ce70137595\"","dc4_server_salt":"\"bc69883d335b9806\"","tgme_sync":"{\"canRedirect\":true,\"ts\":1701081211}","dc1_server_salt":"\"d553fcf820609eb5\"","dc2_server_salt":"\"05dda7dca7184033\"","state_id":"1657180876","auth_key_fingerprint":"\"037fb395\"","dc1_auth_key":"\"c3b262fae2ce66fcbcff5d565dd21cbe27caaaabe406c9877378011c0464e0cbd2593044f24689ae041e8078dd00f6e1838178e9c9f87eacce15fe949dadbca1fce5b0c8fb906d1fb0cfd7c59ddc594e9ae9e3dac3a8a58970eac146bd967d90dfff014d05f5d9d9547652462305c5268a3a5875fd6faffceab382926a7e53cad18259028bfd96139c97da1568cad50f21919c4c78e8141b986942aff513012e6c4be4d9f1283fd77e9f11b155f50046e56a5a57a1f717c2a7cbae09b2462c0a1f1b35fb4836efedbe34629500b0a4d70a7a4f36917886baef4fca6468b7ae79397b685af832a20663a6fe7475d8581b1bf289bfd1d00bd82ac2604979dfd9e2\"","server_time_offset":"0","dc5_auth_key":"\"5fc4f3bd2522ab86104a6a6729f46d0402d51a435ab18c6c87bbeee525e4307ca3dd103da7feb89efda7fdf20b7b1ae5511f615a155d292c70995dff61b4c4ec7fe52fe4780bd38e10a0d869b09b9db5123b4864a9fea6622d6f2ffcc1347aeacb2d546bc7a538259aa78bfa39b14905e1e18110de2654a65a751975d417cb334babe00e2b59a4412c7a3595d626c5b1f9d406c802b990a456b7f2003f205e12a4b84f9602e567aea3bbc6007f3890d7b22bc9dba9b235b7cadc8d3073f2172cb7f99e253edbfe2c723734a825873e4e5f89b22cfcabaa63cfef0ddd4e15ecb4a2377fd750a8b0a5c2191b0c47fb5628f462d2b98f7cd3b282fb23b8dc7dd9bb\"","tt-global-state":""}
VM36:1 —————-
undefined
