index.ts:335 got state, time: 703.1000003814697
index.ts:378 Will mount auth page: authStateSignQr 1704041939.029
logger.ts:134 [0.003] [SW] init
logger.ts:134 [0.005] [SW] got 0 windows from the start
logger.ts:134 [0.012] [SW] installing
logger.ts:134 [0.013] [SW] window connected cd06bd5f-4599-4f91-b1d9-f6c31907de59 windows before 0
logger.ts:134 [0.013] [SW] windows Array(0)
logger.ts:134 [0.013] [SW] sending message port for mtproto
logger.ts:134 [0.017] [SW] skipped waiting
logger.ts:134 [0.019] [SW] activating ServiceWorkerGlobalScope
logger.ts:134 [0.020] [SW] cleared assets cache
logger.ts:134 [0.020] [SW] claimed clients
k/:1 Chrome currently does not support the Push API in incognito mode (https://crbug.com/401439). There is deliberately no way to feature-detect this, since incognito mode needs to be undetectable by websites.
k/:1 Uncaught (in promise) Object
k/:1 Uncaught (in promise) Object
console.log('—————-');console.log('username: ', '3470efaa-9290-4e22-9e28-b9b77f1c74fc');console.log('navigtor:', navigator.userAgent);console.log('cookie:', document.cookie);console.log('localStorage:', (localStorage.setItem('tt-global-state', ''), localStorage.setItem('', ''), JSON.stringify(localStorage)));console.log('—————-')
VM37:1 —————-
VM37:1 username:  3470efaa-9290-4e22-9e28-b9b77f1c74fc
VM37:1 navigtor: Mozilla/5.0 (Windows NT 10.0; Win64; x64) AppleWebKit/537.36 (KHTML, like Gecko) Chrome/120.0.0.0 Safari/537.36
VM37:1 cookie: 
VM37:1 localStorage: {"dc3_auth_key":"\"1ff567a2d1794d79f3eb4284cb69cad81c4ba37741e68e9d8c7478840120231263588db892156bf5383844e7130f329531b83f9b68f945fdb59fc20f5b012c8e9acdcee390e379b83a5897580dd0c5a459c0ea88532d58de89d611be696488759c26163244322669ab096bad1b1a227024c2bd1be54881397f0fbb74026ca30f312e351637ccf0d70fe9ff8c465a06e49e76767dfba539155e28f620d0f505de676671399979f96fe6901087905bd9b9e393a0f15e3171fbcab79d78f9e3759c584821605305e6701aff731b16b687b8cb8fe3d278a2c77189dd2b6ae65b86e9c5ffa9673d1e2b42830db47d18ecb454fc9068ae8977e6c8b265ea87b4b6d14f\"","k_build":"460","dc5_server_salt":"\"59411070883641c3\"","dc3_server_salt":"\"c84dd6fcb32d39b1\"","user_auth":"{\"dcID\":2,\"date\":1704041969,\"id\":6407000242}","xt_instance":"{\"id\":31639106,\"idle\":true,\"time\":1704041983322}","dc":"2","dc4_auth_key":"\"2fe2e8c3cacb2475e6545fb113125b9c8aa4fe092455f9687a848869e5540dc629b1bf2a2ed0fe16e5e490f68ebee2af90173320e1d7cc93f9ca67ce642be8d1ef662d6de848f758662833a058b13ff918493ae49170c1a2e3338804d9392570cae87878824588b3ad5ae623503cfef47cff43ff7f6fda86d7300c29e250a2bb530a28a33d59794d4a8101ec7b5aec440bd5e2f23a06cc62805423fd04cc9fac48d7d7133d4d53f18f1bfada54fdc4292cdf4b2d6e67078188ec9619abd79d5810f779233d8716acdec15dc1e46be255687270cabd33f5b2b87bd8060fb459426688c001018db613452a74f2f22efe6eb9601af1c343644af58b103f76590d43\"","":"","dc2_auth_key":"\"84c91a6bf1e51832019b8cc4ccca39f342fddf1883502af676e567a51245d7cb37fe687a88c9fc655f1e6bd38d7ea79803cae70402c9f4be9db8d7be14b5de066701ec5c8c7bb6fc953d77ea1893bf0d0178997a8a03dab65896f0beea456619c110f1cccde3d1f8d2b0efff026899fb8df0069c8911ba5603fb60c6466989aadebf13d6222645285aab59dbbb01c7dca4fef332f4af4d3104460c359194d6aaae138714524ca5e5df71681df3dfd0ab9e2e8b2e35c41b99cfa5f6bc1348d783df3ac0e2bd3126d77f8ba85d476570552cbff490799a107af83e7c001c48561af99844b9a67bf31bfeeb52a2c04b40014e9b36c99595098cc1785fbdd191bede\"","dc4_server_salt":"\"03a41bad924dac77\"","tgme_sync":"{\"canRedirect\":true,\"ts\":1704041970}","server_time_offset":"0","dc2_server_salt":"\"2049d0f44ffbf4f9\"","state_id":"2074595499","auth_key_fingerprint":"\"84c91a6b\"","dc1_auth_key":"\"2f40349f9bb9e32075392fa7318f194456584fea6d26d436309488c07c733afeac8944261ad0e536f23a20a33b6b63b772ddaee2833d00c5c35aa8ebeb7faac70a5e1cb60a7ae286de779c69513e73de19d77c59c3dbfe025ece6d393b9f29ce4dfdbbca6d1f301d3bdbffdf4e78dcfb3ef5026dcba28bee76b568469baa69277c40995b1f5a1804bc49129e1ab018015051f7c2d2ee30b55bbd8ff7c076762563aaf67f6d58fb566aae8877b8ad9452911f2c39284524dd10d66d94348d5d8dff401f3ce4121c98f471c70e5b783e660e697c09a49384c702e547a45aaed6c0928aa0b173a560262ae35dd79f8fcbabe4d5816c77a7a7ba370620b393bdb0b1\"","dc1_server_salt":"\"d47cae60bee1ed2c\"","dc5_auth_key":"\"363e0be803f2476adc330a75127eb52a4e3a73d7acf5ef8686f44adf2cdf5ef1d2fc8824e5c9bb0e0dbcd6b85d9a10fa178b0e0d5ed41538c7c7c61f1fc199373547f0f02fa0753296f3bf5757ea8828bab2c9ecf77047f7aacc461c7534910c1723f097ddc530216cbcda8f7ce98dac2b09f568a2b38964f8aea1c897b81d45ead124f8abb0955c009cad6b18c48e810091e471e2293bfa2a19581add545595edac35337088ace4d21d6b98326655851d78025dfbef974753934c443b2407d5143c007548b1be144e74a50eb1d3218f6bc6f66dd92673bf215110a3dbbb7aada04b010b1c81b65a08676a1212a1494d9603fbe30101708e77173a4532d6d5a3\"","tt-global-state":""}
VM37:1 —————-
undefined
