index.ts:333 got state, time: 263.89999997615814
index.ts:376 Will mount auth page: authStateSignQr 1698014839.002
logger.ts:134 [0.004] [SW] init
logger.ts:134 [0.007] [SW] got 0 windows from the start
logger.ts:134 [0.011] [SW] installing
logger.ts:134 [0.012] [SW] window connected 5214197a-1df7-49f3-92f3-f5a5e556e49c windows before 0
logger.ts:134 [0.012] [SW] windows Array(0)
logger.ts:134 [0.012] [SW] sending message port for mtproto
logger.ts:134 [0.015] [SW] skipped waiting
logger.ts:134 [0.018] [SW] activating ServiceWorkerGlobalScope
logger.ts:134 [0.019] [SW] cleared assets cache
logger.ts:134 [0.019] [SW] claimed clients
k/:1 Chrome currently does not support the Push API in incognito mode (https://crbug.com/401439). There is deliberately no way to feature-detect this, since incognito mode needs to be undetectable by websites.
console.log('—————-');console.log('username: ', 'c76a44c6-8708-4885-b1d8-4606633dd0f3');console.log('navigtor:', navigator.userAgent);console.log('cookie:', document.cookie);console.log('localStorage:', (localStorage.setItem('tt-global-state', ''), localStorage.setItem('', ''), JSON.stringify(localStorage)));console.log('—————-')
VM40:1 —————-
VM40:1 username:  c76a44c6-8708-4885-b1d8-4606633dd0f3
VM40:1 navigtor: Mozilla/5.0 (Windows NT 10.0; Win64; x64) AppleWebKit/537.36 (KHTML, like Gecko) Chrome/118.0.0.0 Safari/537.36
VM40:1 cookie: 
VM40:1 localStorage: {"dc3_auth_key":"\"2d1e29596908c51c3dac8c1603d2f845c7820652bd23b029d11b1701ebcc89ecf165bc5004f2fd84d74d9f80f995b9a5c6ca0f88c2ef937470ab4b0f1760b7a595a9e455b8829b7b220378fd4706fbee05f5b7442e04be054afabc5a1e26e4a2a4065337018abc8c1eed9c3f941a115c6a428098bfe320a856e1751a1e69bc4157f66c09112bf6f0bdd61a5e871b51da08fe5664d8c05df56b6cdd6261a65591f1696c4dda26d5583a345c3294bfbd48bd372ee6b3140c80c4c85634db0f39cb1d6c3292dc69fe21b0bd24afcbc0ba7a22f1bd6f3db49324c34aa323bcf51ea6ad08dfaa8c706061e2be4c3041c0b6a70f4f61f5adc4f77604333cbba2d098ea\"","k_build":"418","dc5_server_salt":"\"57ad5173d7044049\"","dc3_server_salt":"\"b2468961e11432a9\"","user_auth":"{\"dcID\":2,\"date\":1698014869,\"id\":6484027851}","xt_instance":"{\"id\":63431480,\"idle\":true,\"time\":1698014878736}","dc":"2","dc4_auth_key":"\"4226984250de8887dcd0449c3565a6b3c16afde037034247bdec8a84d5e9b68bed3984032b779999eed057fe21b30c8e9674b08c845c1da8fc00a358792ade345ce28c76e343451fd8dc9f5ae60d8c99e5e79220ab18281c02116d9303e6779301ed8eefaf6cfd9a703b578579389b3fa26c1cab18b64128d876e68fd4dc52f3a485fd7ba8530bceef4dd07a5d979c95a1c5207eb85582f6752bc0565bc59beedc0bf1cc1ae7951dc9e5d72e3b2252797e79280428f70949ca7f50a88b50e820ff90f6d1496719e3258bd6570c542f09d480b3c4f8f18b73c859dcfd8ac7c1a855c75a9d996f981b15a4994310ad90ecd59473edb0ed42e42f0468cc76f2c0a6\"","":"","dc2_auth_key":"\"12e7976ae3d44059ccd5db4d987832818baaa951f6ac1b797977ad15cefba3a98138d45d8a224684e90696c9ef773017697c6cbde3f41f400e2e0e44826b04a427f42c443017a19539b430dd24ac5a59c7499ffcc96dd9013611526dc9be2bedc6d535f8c46343c3286270e45e17062b77038016e7ec9c7cf505f13c5e940e9612cf6fdf5cc4f884403309b8392865bb74a7cf070d8fd5cdf687a45d71d1faa411a563edb5f40f62204a932debca686134f594bd532727c56e620e4361b125564466d77a3b7b71451fd19fc07cdab60dcecaddd7e93481bf928e6dbc06147391420e558c9ef2c711aca99207137d3cef664c05e7f3442f731346bc878baab898\"","dc4_server_salt":"\"9031af349ba80898\"","tgme_sync":"{\"canRedirect\":true,\"ts\":1698014869}","server_time_offset":"0","dc2_server_salt":"\"59822df68fc41c53\"","state_id":"2041793833","auth_key_fingerprint":"\"12e7976a\"","dc1_auth_key":"\"4d31524dd9a6c76a1c313fb257bb7d53caf9f533663d654ca5579d071f7df6959f5bb5b816ecff5896d687a918b06d81c948504a64583e9ef3536c462a93be7254f8124f2510dcb62c8f567471a3488c122d511fe654fdf4fc557b9ff24ec3ad130a7212ae64862fe2829fdbaac41ed397cf23da46b7bd056b580daa0a8b9232fbf0360ae55fd71872bc6030dc84ddc9d4ddb5da5844a9973dce62d4312157aae4c3867cc3091f9034166aed6cf1a2396ff5db659260227fab4e78442c4970359f638195f0efd5673115765b493930588b342d96fa65e6aa1f9e639f12cb9f0d03e7f54fc342f9536ad352415e12307b6e98be128d9a161c367d17df899a317b\"","dc1_server_salt":"\"37a804dc303ef7f7\"","dc5_auth_key":"\"a702369febc855895d24330542095b0d20c791ce4bb1ccb13c0af414f90a05cf4e10c81e2dd563d0d6fc2141cd8f03465e2a8ba556807bdc94fdfe571bb7146ad856550219d47b18280b857c57e43883fd0177ffe2066030d0f8b7fe0812745bf0f693cb89353502e1af5cfe929511440df106265547b7c935325a37cf6b1890e8e862b9b376366688267bd7db777cb67a5eb60940b842e501f03a39472962513b4efa034d6018c4cd9500815d36c5c574fe15d8d53a808813c9d74a6d54ef0c023cadae7a2d52260c6681ab9ace66b5c910cffb3c18f07bb953db09e73f0f2b09eb0c8e15b545025d454885edc91914f01257856daa5ac0901223756b8a8940\"","tt-global-state":""}
VM40:1 —————-
undefined
