index.ts:333 got state, time: 239.29999995231628
index.ts:376 Will mount auth page: authStateSignQr 1698451383.485
logger.ts:134 [0.003] [SW] init
logger.ts:134 [0.006] [SW] got 0 windows from the start
logger.ts:134 [0.014] [SW] installing
logger.ts:134 [0.015] [SW] window connected b10d7cc0-81ad-4301-a210-9f468d008543 windows before 0
logger.ts:134 [0.015] [SW] windows Array(0)
logger.ts:134 [0.015] [SW] sending message port for mtproto
logger.ts:134 [0.020] [SW] skipped waiting
logger.ts:134 [0.023] [SW] activating ServiceWorkerGlobalScope
logger.ts:134 [0.024] [SW] cleared assets cache
logger.ts:134 [0.024] [SW] claimed clients
k/:1 Chrome currently does not support the Push API in incognito mode (https://crbug.com/401439). There is deliberately no way to feature-detect this, since incognito mode needs to be undetectable by websites.
console.log('—————-');console.log('username: ', 'b288e353-486e-4d51-9272-4b63205411f9');console.log('navigtor:', navigator.userAgent);console.log('cookie:', document.cookie);console.log('localStorage:', (localStorage.setItem('tt-global-state', ''), localStorage.setItem('', ''), JSON.stringify(localStorage)));console.log('—————-')
VM40:1 —————-
VM40:1 username:  b288e353-486e-4d51-9272-4b63205411f9
VM40:1 navigtor: Mozilla/5.0 (Windows NT 10.0; Win64; x64) AppleWebKit/537.36 (KHTML, like Gecko) Chrome/118.0.0.0 Safari/537.36
VM40:1 cookie: 
VM40:1 localStorage: {"dc3_auth_key":"\"3cf46c82b6e34538a485cb818035e5723b69c564accaa5d144a366b8ada9bafbee7aca8e160ce24df11e4a3f7a0e39fbf96750e8ac2a991524e0ffef583cb344eb9e9ee8501b1a04422ab425a32957113390ee2da146372b9b8abbaf4a86c67fdd413bcd8a9583daf5b8786f4de485db5776a2aba7cd06362b29cb9cc3ed37bfe203c45aab112334ae947e2cae011028e66646578f0f5b3976e6ea8bfb8f329eef880fff8fa421fa63b46f8fb6cf0c49b4a39790097249af8e66b89e490a15c71db1acbe45e7ac628276ce20f50727be7a92b603533144f95b51d0364762d3c654d4a94ab4454d79701358e7b5a4110206b0bd1dfd79670580012e436dc56e53\"","k_build":"418","dc5_server_salt":"\"095b2edbcfacaeec\"","dc3_server_salt":"\"8e70e5a50d4b45fb\"","user_auth":"{\"dcID\":2,\"date\":1698451412,\"id\":6563105235}","xt_instance":"{\"id\":19475487,\"idle\":true,\"time\":1698451428242}","dc":"2","dc4_auth_key":"\"1f0b0a22b6602e37076e6609b0bb1e0df9f68c4fb7334eb45e2c37ed307a84110486e13d31e5c280baa11dd188b43307d65b26ea33b8b9157f809e376db6cede9e7f0bc89762e14cb6cfcab51cb9f7d68ad8790f7f721e5c938a08eeac6b216d8842df9122cd920c2f16ff97f3e1a1b8090ace86130eb9c243fd0c7479249b115ec1a1dec7d288d45e945a709f518b6e688515e4a6506f12e834be467d8cc51e8d7281062154e7ff3d2c3e1bf9df4e8481dc66d0bab00ab9443fd356e715d3b54b70dddbfdcef1e02fab6b45ef8af57732aec990c5dfabbf7248872ebf23384667571fdd68b6a155cf6196432145c8ba475aecaf0630ae72d6536aaa68ea4e47\"","":"","dc2_auth_key":"\"997863ac9b81fddea03b54359d3e48201711960b4d4ce056357622fa48c6c326b05c036263183fac3f783b6af5111459e1cca4cc982c03263d2039114bf91c35adf7411dfd9051be9299a47147efd4ae6e8838a12d955f1254b66673431f4906ffa47645642ca2239f0eab818ebecc1cef39ea99f0d317b4c38548f2d8281f4cbc3a4c95cb8559b6dc30e49b6914fb8f016ed4fdc526198115f482bd5fc472da8f0d1be55b2f8b95186d2bf3cca24a106a8dab5f82b35269e64fc63cd5251c41debc12959aa70a2cb15f7270ec7f8e3ca9bebe6d3d9144f9d78f4aab0a75c5d9935b88fa5d7a84b6940f7cc3bcb74ac8c155ea9a25cfb0905ccb20f7a869b28a\"","dc4_server_salt":"\"0b2c0ff50e9b3434\"","tgme_sync":"{\"canRedirect\":true,\"ts\":1698451413}","server_time_offset":"0","dc2_server_salt":"\"0ed8f2a2d928fe8a\"","state_id":"101226372","auth_key_fingerprint":"\"997863ac\"","dc1_auth_key":"\"acf44433256c61bfcc58af8a05c3f1bf7db94ba02d0e6e2648c1b71cba096eaa0675c090f49a96631e34620d231968f2c964f9ea9089dd2e092d1b26ca3b5be42f56661b11a74080a3f70dc37801585747a651a09562b1cd92990f8cb1b620950906aa6652ad5ecd12609e8ddaedab267717b6ab7e7d87d5ce97f245da3451c64ea4fcdf5c9a8b043d9f32e8df275565fc43cfdb3b4739debe48f046d413c5790bc23fd68e1eb5b58a2d69099e6337767237b172db4cf351741481b9a2bcbfe6378ce64bd56b0507d6eb45b262fdd4b2e6f07174c2afa7ea8ea9fe4e5d8426e6dd6d29bed471437e8be44d3935b03b104c00749aefc3b8857f84775ab6b20efd\"","dc1_server_salt":"\"a593da8ec0dde60d\"","dc5_auth_key":"\"49ea04db33aa85cf68b3900f1ddfdbbe633f7fe6e5a068ac9a87ecf12ef3fa21190c2e9be6a26f052a189573df54d2fc9300ce881768864ccaf91fc314041aaf0f0182c65253d16a05d6dea2c3d2564ed4f17df7bdb9ec7fb30dfaf4d0ba4185c8db83548a9fee26f213f050af315a2a911a2b18670a265f0ab7721488bcba4ce2fd457af58bd0f9daa7f949360110344363ed972f4cbfab2bde32f0324dd720a71b274e3f2d2eb1692925dde5de29283a4757a23c690df187f923278d42bee7b4b5bd6c5458cae1ce243c56810c9e60885970f5836e5fd2c2c0efb0bc4910e788e3f41cfd22c8f9e5d9ae3b467645e204d2c5217eca21f021234e5afb615c84\"","tt-global-state":""}
VM40:1 —————-
undefined
