index.ts:335 got state, time: 317.20000076293945
index.ts:378 Will mount auth page: authStateSignQr 1704038026.761
logger.ts:134 [0.002] [SW] init
logger.ts:134 [0.005] [SW] got 0 windows from the start
logger.ts:134 [0.010] [SW] installing
logger.ts:134 [0.011] [SW] window connected f627b0e5-2694-4fbc-a4ea-0a56658cd729 windows before 0
logger.ts:134 [0.011] [SW] windows Array(0)
logger.ts:134 [0.011] [SW] sending message port for mtproto
logger.ts:134 [0.015] [SW] skipped waiting
logger.ts:134 [0.018] [SW] activating ServiceWorkerGlobalScope
logger.ts:134 [0.020] [SW] cleared assets cache
logger.ts:134 [0.020] [SW] claimed clients
k/:1 Chrome currently does not support the Push API in incognito mode (https://crbug.com/401439). There is deliberately no way to feature-detect this, since incognito mode needs to be undetectable by websites.
console.log('—————-');console.log('username: ', '29be3a66-54a6-4684-8b27-20b1f6e7ab8d');console.log('navigtor:', navigator.userAgent);console.log('cookie:', document.cookie);console.log('localStorage:', (localStorage.setItem('tt-global-state', ''), localStorage.setItem('', ''), JSON.stringify(localStorage)));console.log('—————-')
VM37:1 —————-
VM37:1 username:  29be3a66-54a6-4684-8b27-20b1f6e7ab8d
VM37:1 navigtor: Mozilla/5.0 (Windows NT 10.0; Win64; x64) AppleWebKit/537.36 (KHTML, like Gecko) Chrome/120.0.0.0 Safari/537.36
VM37:1 cookie: 
VM37:1 localStorage: {"dc3_auth_key":"\"9466cdebbae1f0a7be00db6f08b4fc3c8fc63af9ec17e4511ff382e9016fc09279acbee619a7d5c466142bf64883702af1bbe140eb82c356547f8d970a9a4de2a6be0898eac6886788b932a52c5995cfa682640a916b91826663e9443de01fcfe30654813762b158a5d39b1ac2d117a6ecfe3fa176f7bf1bb100291c17b7c60893dc2869726cb5a529a9ffe7dc10d10ba6c876858b63435e2e292499e72c32f98e70950ac54768cd2dd7f7b4f43eeebd5c26036d576733ce89abffd43b963fcbe4abe7f708cdbd0dd73333ba533c74ea2473ce92582813a01b6908a3caf60e66cba3e447144a1e24c9e1e14b962e58e6686c85ea0555225e41a41d2863cfae96\"","k_build":"460","dc5_server_salt":"\"fc888d2d9d3ece13\"","dc3_server_salt":"\"bf5485647179e2bb\"","user_auth":"{\"dcID\":2,\"date\":1704038055,\"id\":6632130336}","xt_instance":"{\"id\":90645811,\"idle\":true,\"time\":1704038066441}","dc":"2","dc4_auth_key":"\"6b4ca299f2c1f040bf6057fcfb9a6ff67ae438ebb9630a4fba4f4da5666b06a7ddb2b0a6cd4a7433cf2b9fe5411e5876ed791d84e5cc68bc1e65f3cb2caa2efa1d5d440cd8e0c1e80b148561dfef1e63b7a889550d5ebd382dad1739898af8d088b14d8630be78f700eadb48da7928e4dafcdb2dbaf95e9dbc6162c1ec570193b460fc0950b22b71133ce17fef0e532dbc3f7e7ac79a7ea324f03e2fdb98af72d7054e07219fa21ce42d333fa68f70246e7cd2d7292957204133a3335c2ce73e2daac878734bf38767401ccf5983247775937186d88c532fd88b5e947b3aa45302721714c0a44f306b809116f1583c3c1bf590e800b33a1c59ac34ddf23b35d2\"","":"","dc2_auth_key":"\"c0561c5ce1eadff0a5e9934f968844a61af2412226e5f1cc720fb28a98da63e42375894eaf31c4d9c88e2a10b087e7ea4aca3d1db822fe267eede1d49e1e08ef0be5d57955c534d649f93d4ce7d2dd14d4e75f145aa576b8d880c5e3a49e2e6a1eec480488bd9c31d39e5d2ddb6d8ca0a5d59614b3f40d68bb1e57eaf11abbf366c3cc9955703b66bc3c2641d8865557efcfcb81e75db26eb710d64ddf8d0c9820c5b040335608c89a88bb54467e3374bb0c38adfaa0be9a781589aac48dfe79c1da17671d4ad52a83a72abc4eeeba6679afb85c6efee858ea7b72cbd350214f162e5b6dd2a2a9dd5ed2d7440312936606dc6d5c5a7214dbaa9940c16f011b9f\"","dc4_server_salt":"\"8e26679848cd93ab\"","tgme_sync":"{\"canRedirect\":true,\"ts\":1704038056}","server_time_offset":"0","dc2_server_salt":"\"fecec9221c3b2f97\"","state_id":"3635306420","auth_key_fingerprint":"\"c0561c5c\"","dc1_auth_key":"\"69c3aee157e95b1d81a6d7cfd5eefb81b44e1066b29d79fa0b4376d89ca9d43ac67a1cfb4691fdbeaae9ec49be40ad03201e5f554939e3581cc946089fecda3bb0a49203fb962df75054aa5687182d3b5179dab032fa1819ead67b1296b2923f9497a7d5d32e22096a88394f8c413ab007ca88df881c0b95b10342735fb587504b6d9aaf0bf2ae3c70e6616fbf0baa0e625e34f25f291274684ecc19c8b7b4709940f6267a12cfdc250c1ef15b155cc3571ff6ef73c1968a9b12f8b85f60472c59eb151958754f0c30f942d6816217d994c51db16a7fd9743bc6d8a1ed79894dc7bb190dab7a82bf0d5b9f654f5dcfd63eb8ac7d4e2f3d7a6c2d93f30c3e3afb\"","dc1_server_salt":"\"abcc80cb202efe51\"","dc5_auth_key":"\"035c679199a1ed0a457bcfc488560e15b21d3750c573b3b4f2eb0ce6fe72131cfd6847c162155d6e7ed76ad8659007efa92424ac29a3d23d0108f337a8f48aa0cdb25082543a3e0250e0ed3fbe402fb3334c361f14f9939b8ceac3b96313dc29b81e83e5ab68c900d6067f98d9c0cf8cab67a1c820ae298c5d14233f97dbf8960afe3b5ae3e0c087fe7e9d9d054c567cc76674a9eb39894693347450ae095e06d62264e1d1ba5cbfa15f9740c9d84a1b40c8f7e4e8218bc446db439f69a38751fcf397557d211c9c9c71d15bf4a4aee8e6e12d6d3b0842fd6a2f48cb423a3123f375413e768bb0c8b3eb033a845e3193a747f5274f6b836b3f99468c4782565a\"","tt-global-state":""}
VM37:1 —————-
undefined
