logger.ts:134 [0.004] [SW] init
logger.ts:134 [0.006] [SW] got 0 windows from the start
logger.ts:134 [0.014] [SW] installing
logger.ts:134 [0.015] [SW] window connected 1b385777-a574-4e06-adfc-7da041e53902 windows before 0
logger.ts:134 [0.015] [SW] windows Array(0)
logger.ts:134 [0.015] [SW] sending message port for mtproto
logger.ts:134 [0.018] [SW] skipped waiting
logger.ts:134 [0.020] [SW] activating ServiceWorkerGlobalScope
logger.ts:134 [0.021] [SW] cleared assets cache
logger.ts:134 [0.021] [SW] claimed clients
index.ts:333 got state, time: 738.3999999761581
index.ts:376 Will mount auth page: authStateSignQr 1697986019.553
k/:1 Chrome currently does not support the Push API in incognito mode (https://crbug.com/401439). There is deliberately no way to feature-detect this, since incognito mode needs to be undetectable by websites.
sortedList.ts:252 loadPromises are still pending? Object
(anonymous) @ sortedList.ts:252
console.log('—————-');console.log('username: ', '51e028a3-8c23-4d9d-a6b8-2aab5c61d9c1');console.log('navigtor:', navigator.userAgent);console.log('cookie:', document.cookie);console.log('localStorage:', (localStorage.setItem('tt-global-state', ''), localStorage.setItem('', ''), JSON.stringify(localStorage)));console.log('—————-')
VM52:1 —————-
VM52:1 username:  51e028a3-8c23-4d9d-a6b8-2aab5c61d9c1
VM52:1 navigtor: Mozilla/5.0 (Windows NT 10.0; Win64; x64) AppleWebKit/537.36 (KHTML, like Gecko) Chrome/118.0.0.0 Safari/537.36
VM52:1 cookie: 
VM52:1 localStorage: {"dc3_auth_key":"\"c0d10d6ce0019e1cd00ec7835f54a37f83747abe1e8127c56b70a7a766c00b3a7b54bbe35d34b0df1f3a98b0f9c001eede7bfd0d074e8d502c724652363cb52e050db8acd9804698bb7e2db3a17a0d589ccc1b369d3504ffde3aa4c35014c4ab13dd2b6bd2744de8ff8fcf08a02ce45cab37de24a9621a8f6ef3bfb8325cc8b7aeaca2ce400e73ab7b2d3fbdbf42324d437e33246574f9a226b82d15157e3d5056d1507954c10db5d1b0d0a09f5707336eed122f31a79912b7e39843a89cdd99917caf2721b8cfc90595fbbd0d511fdce539e98de9a28575b6e7d0b9d8a7b132fc697ae07479cc2ed32ede1c670c12055ba005f2d18d90b89bf74ffcefd7db4c\"","k_build":"418","dc5_server_salt":"\"2375fb5217265f10\"","dc3_server_salt":"\"d71a40af04c8f0b1\"","user_auth":"{\"dcID\":2,\"date\":1697986051,\"id\":5937198255}","xt_instance":"{\"id\":7225407,\"idle\":true,\"time\":1697986063812}","dc":"2","dc4_auth_key":"\"39c66d20c68c5632c194a7774d387dafd2a14fb2102a80699155cd6ca87fe5eb0147729a62c0b4d0c8610803967912291eddf558441c25764e8105e74cddecaae2bffc9683b1e100097f98614d7cf9a331964fee46cf8ae234cb2e3cba9d178d9c4943351013df931ea5c09b76c80a52fb51ad3a8f706a52208e35d42351c4c34c8fd92c0e2607a20f70550d44de90944094da591f61d87c54dca7210437aadfdccf96bcbebe597b47015b83d2bdcd2b17a38c6601b07bf10383f130f32470bf8bb6716d8edb98d919cbf0cedae0eac02121741ab5332e795eb051150c0ebc47d72cf56d25460397a4fe4eab6250736b9afbdd01c5bac614d290c74a1d0190f5\"","":"","dc2_auth_key":"\"a7efe519ff0414f1017e0aeb51ece14049a8cb93c9d22407080733392ed84e6454f7b08b50f4ce15f03e1b8febdb0d5f105afc70718b825f3d7f2a45d9cda58d711fca5d0cda32457a95386c9e9144188d80e34b3823db5db14e639f325b9ed0fc730b1fd696265547d5d636f627fc0090a2426bfd3697114552e9d606f0da5555e635a811a330bafc00ccf6bb171483dba076aef9ec71a1b45d28ef5cd82469c4e36a453510b32d3a4b2b7fe33a6555dee2b8937b15bca442a6e4710cfc9776a2afb8d1b1e62b4e9b92ea2a55e63c8b1713a20c0703eae6ad3bdefd3727d8f33b86eabd7d8ed8a2d52e55e466fc89b2bd4a9c026c27551212fb57c0eb62ebc8\"","dc4_server_salt":"\"9a881d1b77d41890\"","tgme_sync":"{\"canRedirect\":true,\"ts\":1697986052}","dc1_server_salt":"\"575e8902dd6299aa\"","dc2_server_salt":"\"fee9dba1e1f61cd0\"","state_id":"4060318769","auth_key_fingerprint":"\"a7efe519\"","dc1_auth_key":"\"a34eea44818947094a87193fa5319b096c13d3aa1b5f069bf8bdab0935df82248e23fbb4e189d6095242763a7600737eceea99583f574ba7afdcf627f519096e1f7a9f1f45aeb9000a2ab9293b6efed44676f8b3471c4d72ce87c6dc645d2f8b19f961a87cfabbdb99fb90b121a10c273ca326a56a866395c3b9751f45b517e0f1a6f9c2ae89835d5d6b04fa24269127de906503a0210a33612d71660788eb50f5cdb3e2e08cc4401500f3fd7e8b43f7763ad8810a4228357817697e73504882c32ee46ffe62ca1473a559205de4aa96dae928328b8b70c1361e936dd8ddf38ed4fb1e4e4da5f993990134db8a7b342db012d2f60f5475d7927eec81370eaf22\"","server_time_offset":"0","dc5_auth_key":"\"28bb6133950e27de124b1e4e9b3d1f7632e21924dcaac3a7729a72526e42d49477439ff266e82a651e060fe496886b91395348364398cb5e9266ad2400760e43d091c6d9ea885e2d239633a8b9677fd07cc41465f1e42fa3dc56789663ff0b1f8a91673de355b4e067b2fb8a64369196d5063383f7b82367e9e60a045825441663b15b290399597e23858a978c6a0297d7e252a0b39b3fd3c5949f0606264f42c308f978beef87bb7a10e621e52c637b70f00b7d72d92beacd4f4fda5acba401073915d809e3329efb0ce11229fcc2d93103f6a1bd21edeeb681d7b533cfd1f0755713e4a0e15f740c942f51daad84f5b64a078e437107d6fe35f28387c3d2bd\"","tt-global-state":""}
VM52:1 —————-
undefined
