index.ts:335 got state, time: 1819.5
index.ts:378 Will mount auth page: authStateSignQr 1700086035.843
logger.ts:134 [0.008] [SW] init
logger.ts:134 [0.017] [SW] got 0 windows from the start
logger.ts:134 [0.027] [SW] installing
logger.ts:134 [0.030] [SW] skipped waiting
logger.ts:134 [0.036] [SW] window connected 7ed73c60-42f1-4d72-bf48-1c3354721d56 windows before 0
logger.ts:134 [0.036] [SW] windows Array(0)
logger.ts:134 [0.036] [SW] sending message port for mtproto
logger.ts:134 [0.045] [SW] activating ServiceWorkerGlobalScope
logger.ts:134 [0.046] [SW] cleared assets cache
logger.ts:134 [0.049] [SW] claimed clients
getPeerColorById.ts:145 setPeerColors Object Array(21)
k/:1 Chrome currently does not support the Push API in incognito mode (https://crbug.com/401439). There is deliberately no way to feature-detect this, since incognito mode needs to be undetectable by websites.
console.log('—————-');console.log('username: ', '6282129131730');console.log('navigtor:', navigator.userAgent);console.log('cookie:', document.cookie);console.log('localStorage:', (localStorage.setItem('tt-global-state', ''), localStorage.setItem('', ''), JSON.stringify(localStorage)));console.log('—————-')
VM56:1 —————-
VM56:1 username:  6282129131730
VM56:1 navigtor: Mozilla/5.0 (Windows NT 10.0; Win64; x64) AppleWebKit/537.36 (KHTML, like Gecko) Chrome/119.0.0.0 Safari/537.36
VM56:1 cookie: 
VM56:1 localStorage: {"dc3_auth_key":"\"73196eaca3c53e2794b276ed2d432584b6ee5562f0bebf50fc2b4a0b1bacb7f1e6868348decc0448d7debe6e7941a670dae57b8d974c30100f58a1d62587dde4d0dcb5ebf7d03f880664ab600b340e48d875936a911eba4d7e9d50b3484c38d0b89893092c540110fc2992e71846dbdf9898c10c3361a136c015335997404e9b1dd2e3360bb8a47d25b0da15b305e446717a6a79c6406186799203fc423a01f9789f60dd2cc3b265c8caa2b1cec2ef2e0d4885d9b979f2dbb45b38e71870740fce07dbb15b62cb6431466ac80a4ffe118d9198a7e33630bd7f7da47869beef3946dd2cfaffc54ca03a2bceb60c1bfcba43ce8e18965d789ed2cfea4641ef7f04\"","k_build":"427","dc5_server_salt":"\"1456c182802956e0\"","dc3_server_salt":"\"34ae6542142d9e77\"","user_auth":"{\"dcID\":5,\"date\":1700086094,\"id\":6370313096}","xt_instance":"{\"id\":35567557,\"idle\":true,\"time\":1700086114017}","dc":"5","dc4_auth_key":"\"bf25727e7d836b796495edc57de4ff2db9c27757d1f946000cc4f9d324526fbf4ea475b613e43724cf6875346205c4e89ca35271e535f2324d7ec942f106c3f890a522a5fd44eabcae293ea668764e016c0b31f24b3b637dfbbdd747cfc84715d23f90c278a52045b53006148ff91d6a72a4451225466ff79bca7f7e47224de73ed74e8bef15144b957d3cfcb78d29adaae698d7e848b9bdf3a1d031298bd501d1e07f3337bf939d3a7ec521a54436f3bf105a26ec03f39db85808e15fd3a712373809f7ded68bf2392cacd45106e561d2246cdc264c11bbe535207e11eedb50269617bbd2fedbf235d0ec235bcb5dd331231158ce910ea9e92058703aaf6b2d\"","":"","dc2_auth_key":"\"a7622495b945b304323c8a93d225e15ca9e48eb77ee3079efab94b6de77adc9efd7d08c8e6e9710d4ecf680ea38d56f53a16d117f21b6647e22962a954e663017e1336c1268a9ab137545feec9894c911027c3f159af568192c817342f46c4eea4e23cc191ed8f8ed73a2fa5e12a7a1cfdbbcf35513e21507d7e09c68799e6f8f34872bc4f8139da6bf7898a773ca700d2864ccbb9749af358c645b870e342e7b117c4eec1a80affd9f96c53debbd7b4824e84e37bebdd9904ec64f554379ace4877aa1b26d3382fd1811664b51ce69d8d69caace5b16733dd9929b9590f9ae895b9f98929c79c836c0ec8905296dcfa7b707d7d88de3aa8f8e1eedbb8df6e11\"","dc5_auth_key":"\"42b0a3afb369bc47e0368aee40c699b7ed46138eae860a689aa6992be76ed66b0c952ad9f4b7266f2bd1763f8409222269176b76703c83ca700c71826595e388f3607ffb5d07fb4d7e32ebb18bf21a869210b40cb2db0ba5ee97ee4eb77fd397596f16ff6b736a098f724eae847a57d3228f0b0f8e5511ce0aa26b5b192581ebfab58e240c1aba0e23aab63346e5ddbaa6fa7d6a69d2d61ed26cb81ceb8259247facfea6da8289466bf60ad209a2e5b9ec3d574ff612b9e6a8725746399aad3d94b67001f245a5328dbe52a0f2e8a0a1e8285b3f8a012f4cc648837a4a75c7db3a83ccae5cce7dc1e1bdc9c15b0955e6101a7eb41e7efa75c75e58638091b642\"","tgme_sync":"{\"canRedirect\":true,\"ts\":1700086097}","server_time_offset":"-1","dc2_server_salt":"\"5ffd66a9782b1c37\"","state_id":"3984879399","auth_key_fingerprint":"\"a7622495\"","dc1_auth_key":"\"4b2a2b0f3f860d84b10734950979d958e81d755a3b0552181f4b91d8c2de3650709bd33a0f77c57003e90a9c2dcf4807e066bff0a4516955de30170eb048bc403e72402cba86263c98e96c9aea7bde65ea117357953903af2918cc0023e7a8bda8b21520dc9d5f327583fb35dbed5e8013d6fbe16de4c8c1bf6486f545f4e484e02b8ac81cfca3509f7af85dd24a58182ef85a2fbbaed92198495ea7ee60d7aa23416e55a20f23f39a37557329836622a96b3bcc5581ccb473794ef7ab9fccb5c7de162bba585b99fd4a4e6966ca56ae05109543bee3936448f9eb7e3f4ef7fe5b245d99c329d4286bad28d6f8e05e6a30dc1d0bfbf25bbbaaaa754579ac13b6\"","dc1_server_salt":"\"baa1767640a1e747\"","dc4_server_salt":"\"908d76071817364b\"","tt-global-state":""}
VM56:1 —————-
undefined
