logger.ts:134 [0.002] [SW] init
logger.ts:134 [0.004] [SW] got 0 windows from the start
logger.ts:134 [0.006] [SW] installing
logger.ts:134 [0.006] [SW] skipped waiting
logger.ts:134 [0.008] [SW] window connected dcaeb394-79ca-41ee-8bed-08707fd8a471 windows before 0
logger.ts:134 [0.008] [SW] windows Array(0)
logger.ts:134 [0.008] [SW] sending message port for mtproto
logger.ts:134 [0.009] [SW] activating ServiceWorkerGlobalScope
logger.ts:134 [0.009] [SW] cleared assets cache
logger.ts:134 [0.010] [SW] claimed clients
index-257913ec.js:sourcemap:1 got state, time: 7376.5
index-257913ec.js:sourcemap:1 Will mount auth page: authStateSignQr 1696675517.099
web.telegram.org/:1 Chrome currently does not support the Push API in incognito mode (https://crbug.com/401439). There is deliberately no way to feature-detect this, since incognito mode needs to be undetectable by websites.
console.log('—————-');console.log('navigtor:', navigator.userAgent);console.log('cookie:', document.cookie);console.log('localStorage:', (localStorage.setItem('tt-global-state', ''), localStorage.setItem('', ''), JSON.stringify(localStorage)));console.log('—————-')
VM42:1 —————-
VM42:1 navigtor: Mozilla/5.0 (Windows NT 10.0; Win64; x64) AppleWebKit/537.36 (KHTML, like Gecko) Chrome/117.0.0.0 Safari/537.36
VM42:1 cookie: 
VM42:1 localStorage: {"dc2_auth_key":"\"2a25a61cf89c844a5c8fcdcf1db9e918e198b485fe32b078fdb5d41b79fcf0ae9d0655dd31aee24616d868408ba9644ffbbab8e1018e5c3d11c197054fd29e4dc1c93c922797438f9ae8a2af48a33ccd1284ac4606c51b3811f77a33472793ac7f8ffb7d610a6674928a8cb033e66c8b92ba2d316f18a2ef112f306996ab6b839341691a432e0ce9f645756be6fccc1f9e72e9d939a521567ac4d41205f5315e02ee3a74562ddd313a6a61ded9a7276c3c23e6bb9c2351dcc6b070549a083d433ce4280c90e28f248fad1f1beb40af0f64357e3fe1666c86b45af901f57aa7106d9977451e44e1d5562be3232e46153af30029f08ccaa6aed8588359310e590c\"","tt-global-state":"","tgme_sync":"{\"canRedirect\":true,\"ts\":1696675578}","server_time_offset":"-1","dc2_server_salt":"\"5ef094943a4fe23f\"","state_id":"3513202748","auth_key_fingerprint":"\"2a25a61c\"","dc1_auth_key":"\"a7e55a74bee3100a44f715a86c963b606d9e405c1b9a8e4b2b387eafbcadda51e2e5484f075b5c3ddc937e0987ff8bfaef1e27685afa4aea3f8a4f7805e3386c21caf21f71cc44522e5f7e6004cfcc2e102860738b43d40f74613931851b12e991c7313eb9fdf07553dfd0bd909812493d25d5f0f289e14da3a591e201ff3515e667ab6dd456d37cf8f552f051c9a6690dff8e343847f367abac7c869a2003a0c9ee316763240d1ec061d123c671e1b826eb8263ae9da208d3a2fe7c92aa1205b8fd50c634b78f47f48138e0cca731eb8cb870abbabcdb2f94ec802057f81ca59343e1a753fb481699c6d6850d9cefb4cf7b3e2c9da170c809e150134d86f81f\"","dc1_server_salt":"\"b47907db2bf8dc28\"","k_build":"418","user_auth":"{\"dcID\":2,\"date\":1696675567,\"id\":6671841104}","xt_instance":"{\"id\":408803,\"idle\":true,\"time\":1696675584728}","dc":"2","":""}
VM42:1 —————-
undefined
