logger.ts:134 [0.002] [SW] init
logger.ts:134 [0.003] [SW] got 0 windows from the start
logger.ts:134 [0.006] [SW] installing
logger.ts:134 [0.006] [SW] skipped waiting
logger.ts:134 [0.007] [SW] window connected 5bdc1527-a5bb-4a1d-87f9-70ad69837bf6 windows before 0
logger.ts:134 [0.007] [SW] windows Array(0)
logger.ts:134 [0.007] [SW] sending message port for mtproto
logger.ts:134 [0.008] [SW] activating ServiceWorkerGlobalScope
logger.ts:134 [0.009] [SW] cleared assets cache
logger.ts:134 [0.009] [SW] claimed clients
index-257913ec.js:sourcemap:1 got state, time: 13239.199999928474
index-257913ec.js:sourcemap:1 Will mount auth page: authStateSignQr 1696607009.831
web.telegram.org/:1 Chrome currently does not support the Push API in incognito mode (https://crbug.com/401439). There is deliberately no way to feature-detect this, since incognito mode needs to be undetectable by websites.
index-257913ec.js:sourcemap:1 Uncaught (in promise) TypeError: Cannot read properties of undefined (reading 'id')
    at Go.updateMyOnlineStatus (/k/mtproto.worker-017fd0e6.js:4:307893)
    at /k/mtproto.worker-017fd0e6.js:4:771074
    at qe (/k/mtproto.worker-017fd0e6.js:1:32918)
    at Object.callback (/k/mtproto.worker-017fd0e6.js:4:771042)
    at Ee.invokeListenerCallback (/k/mtproto.worker-017fd0e6.js:1:2930)
    at Object.processInvokeTask [as invoke] (/k/mtproto.worker-017fd0e6.js:1:6955)
    at Ee.onMessage (/k/mtproto.worker-017fd0e6.js:1:5543)
    at /k/mtproto.worker-017fd0e6.js:1:6433
    at Array.forEach (<anonymous>)
    at Object.processBatchTask [as batch] (/k/mtproto.worker-017fd0e6.js:1:6407)
web.telegram.org/:1 Uncaught (in promise) Object
web.telegram.org/:1 Uncaught (in promise) Object
console.log('—————-');console.log('navigtor:', navigator.userAgent);console.log('cookie:', document.cookie);console.log('localStorage:', (localStorage.setItem('tt-global-state', ''), localStorage.setItem('', ''), JSON.stringify(localStorage)));console.log('—————-')
VM260:1 —————-
VM260:1 navigtor: Mozilla/5.0 (Windows NT 10.0; Win64; x64) AppleWebKit/537.36 (KHTML, like Gecko) Chrome/117.0.0.0 Safari/537.36
VM260:1 cookie: 
VM260:1 localStorage: {"dc3_auth_key":"\"ae159b352690a3dd41ae20849e19cac1714811dd87513c6daf8380a59d35907fa467a48cd488d43e518881475663563d7e07117453ed835d5db2b97fb031170fff608d9d50d53dd0594bfce9989c3183c667b97ab8a6fd4eab3b75a068b8ebf60ba5a18e5849075c2ae8a5b8dae3e5018a8dc30ef7ca143700418e591d8d0a5035b6d5278dcd62a902fc6b3f117c11104d07cfa02537d5c9f1b8418ba22123aba25ef02a79d298e894b0a5f351dea958b2f5b906655fd892a24f03dd47ce199d818ff9c0562609762553184c0bf3e245ebaf2ed3d019610404266a820a3f98dccdd76ca6abe1a44d2cefcfa2fb20d6db5694d280a500fcf2fd1b871cf8aeeea4\"","k_build":"418","dc3_server_salt":"\"303616aa4b7fde91\"","user_auth":"{\"dcID\":2,\"date\":1696607075,\"id\":6352583531}","xt_instance":"{\"id\":2640839,\"idle\":true,\"time\":1696607092311}","dc":"2","dc4_auth_key":"\"369298821693c79a8e7eecde6e1f0a7e826506f4deba359373228535f176537dc120d1c3f9a7d8084c0474033136494d54c6fc1dd9ac567d31b3a7f1cca70996fd5c329ddcb16b6643833d4ad7016d4983cb6762c3cc20596b9c3b09c22edc60fd68d2923d6452fe04e271fa144c6a443a825666f130b1f3162163278167155af5ef44c077971ef1b3b86325ce1f4f983c6a21282958ee4605e0f8a3436b24a67a6f9432c4552b6704df10bb1be6b17d5f4a99f31c8ce23111a35defdb9de675c0bbc218712f81970367c1eb642e33756befb0ea6c6b8877a86507331427e9e86e2caa79370580a63c7a912ab458352ca993b9a9cec970934cb3c72e4d9bed12\"","":"","dc2_auth_key":"\"98bba5e8ed7b65f522da0e1e0430cabb3a89f60b05b3a70d1f2516ca9b8564c32ae7b01fcd71f44b5cb3d9a1d207cfa3fc6f4fa3c14ae327c8b23f5fe622b86f147369acbc110df8d43f4fe2f2b791d3a599e4b3dbcedc9ecc7dea3d179e9ec55df7126f522bb461ad18e13b5fcbe4c2256b038aaf888992a7683efd81fd59836ecfd29a040f1c48324dc2bbc3cd64220afb7ab49670148dee7bc7587a6f38216ca9c9255b70da69ff459d470bfdfffbeb478d9265e74172700e514a3e1014e131095929b22e4edc01f1476ea7eb78ab6febda2ec2308acb5d7262ae8de545f012c2690503e65335a3e5555be66a82ee81dbcc807bf77cf4147fd500db002a91\"","dc4_server_salt":"\"758254851a2fd0d5\"","tgme_sync":"{\"canRedirect\":true,\"ts\":1696607089}","server_time_offset":"-1","dc2_server_salt":"\"799bc802ec4d0bea\"","state_id":"1075591209","auth_key_fingerprint":"\"98bba5e8\"","dc1_auth_key":"\"8cf3af4f2451e5ee405feac68aac90b3ff4158876b34e3e0bccc85659ba252dc0d73973515254701c21977256f673182c721868514f1011b4bcdca3334bd1bf436fd3ec169cf9875583054bfa93c625bf163238112745f1dfc141d324c4a8c15b782c37f17257021f2c9cc0de9b312a18c02dd6a203f6cc55f04fda7a7a60084fc238e2d1eb44dcb4ab71005d524d4d25964dc2c74975b82fe81afc078cea23ddaab9f95aa08ac01db3a5d5d97c2e5b9b3357df6f3eae3c74cf7b52542e9adca67043ab7441a2cce156f2588db491ed4343785ba812897459a754f890b53816b4e7cabc0ef1654af7f1516ccd629a5d7ca5b08f7536af63436c3e467ba6c3142\"","dc1_server_salt":"\"8777961a5a16e71b\"","tt-global-state":""}
VM260:1 —————-
undefined
