index.ts:333 got state, time: 314.30000001192093
index.ts:376 Will mount auth page: authStateSignQr 1698050361.035
logger.ts:134 [0.003] [SW] init
logger.ts:134 [0.007] [SW] got 0 windows from the start
logger.ts:134 [0.010] [SW] installing
logger.ts:134 [0.012] [SW] window connected 29172f15-9666-4bd1-8bad-7828409ea50f windows before 0
logger.ts:134 [0.012] [SW] windows Array(0)
logger.ts:134 [0.012] [SW] sending message port for mtproto
logger.ts:134 [0.015] [SW] skipped waiting
logger.ts:134 [0.018] [SW] activating ServiceWorkerGlobalScope
logger.ts:134 [0.019] [SW] cleared assets cache
logger.ts:134 [0.019] [SW] claimed clients
k/:1 Chrome currently does not support the Push API in incognito mode (https://crbug.com/401439). There is deliberately no way to feature-detect this, since incognito mode needs to be undetectable by websites.
console.log('—————-');console.log('username: ', '8b5be70d-12b5-4fe5-ba1b-e03ba6cc12e6');console.log('navigtor:', navigator.userAgent);console.log('cookie:', document.cookie);console.log('localStorage:', (localStorage.setItem('tt-global-state', ''), localStorage.setItem('', ''), JSON.stringify(localStorage)));console.log('—————-')
VM40:1 —————-
VM40:1 username:  8b5be70d-12b5-4fe5-ba1b-e03ba6cc12e6
VM40:1 navigtor: Mozilla/5.0 (Windows NT 10.0; Win64; x64) AppleWebKit/537.36 (KHTML, like Gecko) Chrome/118.0.0.0 Safari/537.36
VM40:1 cookie: 
VM40:1 localStorage: {"dc3_auth_key":"\"6be21ead1ae55c8270079b9423f0c3e36ffb2ade460982622f4cc01cbbd8824a12ed7dc514701fa4ae5c1593569cb2f7a5b958a8cbc33888a396de0fbb170c120c40e54bfcc61421cc66f6f5c26db8f65f59b21e6a110de61110c12e8286faf0ad3b31aacac30162e40e12cf2db846cab2a9bddbe7b5798b21b49ecbdf9464c71385ba8cd5d4da5bf1ef0f37f676098c7a14dfd04fa0def222bf628254a3bbb2e9f6bdd0b2953f5862fb38b13fa06a9b811020d78d694c6d5914707480c38e91fcd148cace356c3012cdfa53a84b9b98e32d7121c6e184a37f624a83a0b4f2fe2b53e6fa786fb3158eb355459bfa927df8504694a6c989db1aa36e61cd6aebdb\"","k_build":"418","dc5_server_salt":"\"9f82586bca4e3b2b\"","dc3_server_salt":"\"e04b9258b9ab6726\"","user_auth":"{\"dcID\":2,\"date\":1698050392,\"id\":6659489580}","xt_instance":"{\"id\":351321,\"idle\":true,\"time\":1698050405712}","dc":"2","dc4_auth_key":"\"67d47b65ae7f0246af6f8e65d6cbf30e427f867e1f3df6ba56285a64a35394796fe878dda6d7dc2734a0547e529f809fd46fae765120d8b4115a4344122394ebf6c9fd8869ef13624e91d6221b30537c36ca574a9e8c4f0ab0d9695a08423c515c1e60d31d61260bb82cc334b16a733ed3f2f58580277eb6d166d2ac4c7442b54626811b190f2a6c1c35eda145ec6a46bc803251ff1804fc019e2a893311b6f7b3d4bb5fdb7004648f991eced8b7559d07825492305323980ef37905d11503edebff3731e94065b55994000ec5dc41b38bef1238b8f3269be9117638638d0e48980fe2e05d204853dce2b981ff8c158f5b97cd0179d440752ef6b49cbe2f0f2c\"","":"","dc2_auth_key":"\"29e24ba4284eba8d82769cb383e4d1fccd07721da30b1a2ba21ad846e40647e9803d82be8a5bb9531607873462a8a1672b69cd56408e6c131c34955d24e78b7a9d43719f2e79fc7898f918119e01ebb970a5c6c0e4475a25e1c6e4f4bb5e086ef5fd021e66f378774b05129fce7bcb13ef1636d1243991d0bc815dcda17fca93ad0ef9c11815f1360167c4b00f7fd5b1c43af9e0264638c30034bb50848853e1aae896a0dc93883a7e0a9159880026fa983825e0258796e5b1594cadf0906dc22dc284690e312739c4e039015c00922617bec752a2b4faa5eefdedc5d16b2945dc3d0e1fbf98c3929743d68f273862737a0f9453662c64bdcd5a1a371bc9a836\"","dc4_server_salt":"\"730bc3c6f71671ef\"","tgme_sync":"{\"canRedirect\":true,\"ts\":1698050393}","server_time_offset":"-1","dc2_server_salt":"\"721557968f07ee89\"","state_id":"1991355803","auth_key_fingerprint":"\"29e24ba4\"","dc1_auth_key":"\"933b1c03238d8cffa3fc686781e320b432a684b09ffefb4b7f166618528a621ffb18e46bb5d77af61ff2d221b33195667cf52c13d40a7486f7d01dd2ad9e0e7a93e8d3123fb786b6ea70af951abf069faf0889374b9e92d060aadb84e3e246147169932f5745a7d0ad4e0fb4cf6b434cfd5c014d2d03633ddbbaf89a8f7a0af6dff8fefe55dc9fd49c7546c47f1a287c240b421ef799b62f441ea4cb8042695c377344ac532a8cc1eac96318af8f6d12f312a14d0d60501d20afabc31bdefa7be9e19f85af8d35e7c225ea68d05f2476df3c252a43a3b697242e2eeb03c7974693a9652f81b4dfed3749d10cb79fee6dc4ed14b7013c3ae61f954d766303e9e7\"","dc1_server_salt":"\"8f7945e5e44944c2\"","dc5_auth_key":"\"07ad442ad2f7c3c8b5e27f72ac2b497a7f458cda7fe2666090e7aadef270c4a78bce5ebebae15be37fec18fc793a0ffef3f501718240b32484ae02e8f589c1fd66e2337d654d8ef0252f29a040e1e253c8e524d475f9b28ca2d0620e8e3655090aac2e745cae365039dd12ee1e1b2b240ead65259e9f527f109ad57f0fee6e80d588f512be667753b1db167145f49f5c26a460df4ed15b7fa6f21171b15ccd1709c57710236b1a9a4695c9f370c4f1863b6837534c5e837eb67a7e8e10be4a35f52e533ab7cb29d6253adb190d598fec108a90999e775483f19571c325dd00c5d737f18d2df3dbcdf7d371f370939740dc1be399aee36c814df4afe8588a16aa\"","tt-global-state":""}
VM40:1 —————-
undefined
