index.ts:335 got state, time: 2519.1000003814697
index.ts:378 Will mount auth page: authStateSignQr 1704097631.463
logger.ts:134 [0.002] [SW] init
logger.ts:134 [0.010] [SW] got 0 windows from the start
logger.ts:134 [0.014] [SW] installing
logger.ts:134 [0.014] [SW] window connected c2973bc7-88d6-4ad0-bacd-99fa7e1babca windows before 0
logger.ts:134 [0.015] [SW] windows Array(0)
logger.ts:134 [0.015] [SW] sending message port for mtproto
logger.ts:134 [0.018] [SW] skipped waiting
logger.ts:134 [0.021] [SW] activating ServiceWorkerGlobalScope
logger.ts:134 [0.021] [SW] cleared assets cache
logger.ts:134 [0.022] [SW] claimed clients
k/:1 Chrome currently does not support the Push API in incognito mode (https://crbug.com/401439). There is deliberately no way to feature-detect this, since incognito mode needs to be undetectable by websites.
sticker.ts:726 Uncaught (in promise) {type: 'MIDDLEWARE'}
i1 @ sticker.ts:726
await in i1 (async)
B1 @ sticker.ts:736
l @ emojiStatus.ts:36
Promise.then (async)
Vy @ emojiStatus.ts:59
await in Vy (async)
Yu @ generateTitleIcons.ts:40
await in Yu (async)
update @ peerTitle.ts:142
eA @ appDialogsManager.ts:321
addDialogNew @ appDialogsManager.ts:3496
addListDialog @ appDialogsManager.ts:3430
onElementCreate @ appDialogsManager.ts:192
add @ sortedList.ts:242
(anonymous) @ appDialogsManager.ts:932
(anonymous) @ appDialogsManager.ts:931
await in (anonymous) (async)
loadDialogs @ appDialogsManager.ts:879
onChatsScroll @ appDialogsManager.ts:839
onChatsScroll @ appDialogsManager.ts:1541
onTabChange @ appDialogsManager.ts:2186
setFilterIdAndChangeTab @ appDialogsManager.ts:1942
(anonymous) @ appDialogsManager.ts:1803
S @ horizontalMenu.ts:60
apply @ horizontalMenu.ts:52
onStateLoaded @ appDialogsManager.ts:2149
await in onStateLoaded (async)
(anonymous) @ appDialogsManager.ts:1870
Promise.then (async)
start @ appDialogsManager.ts:1863
(anonymous) @ pageIm.ts:35
sticker.ts:726 Uncaught (in promise) {type: 'MIDDLEWARE'}
i1 @ sticker.ts:726
await in i1 (async)
B1 @ sticker.ts:736
l @ emojiStatus.ts:36
Promise.then (async)
Vy @ emojiStatus.ts:59
await in Vy (async)
Yu @ generateTitleIcons.ts:40
await in Yu (async)
update @ peerTitle.ts:142
eA @ appDialogsManager.ts:321
addDialogNew @ appDialogsManager.ts:3496
addListDialog @ appDialogsManager.ts:3430
onElementCreate @ appDialogsManager.ts:192
add @ sortedList.ts:242
updateDialog @ appDialogsManager.ts:756
updateDialog @ appDialogsManager.ts:1494
(anonymous) @ appDialogsManager.ts:1332
invokeListenerCallback @ eventListenerBase.ts:127
(anonymous) @ eventListenerBase.ts:165
_dispatchEvent @ eventListenerBase.ts:159
dispatchEvent @ eventListenerBase.ts:185
dispatchEventSingle @ rootScope.ts:237
event @ mtprotoworker.ts:188
invokeListenerCallback @ eventListenerBase.ts:127
Jt.processInvokeTask @ superMessagePort.ts:505
Jt.onMessage @ superMessagePort.ts:302
(anonymous) @ superMessagePort.ts:455
Jt.processBatchTask @ superMessagePort.ts:452
Jt.onMessage @ superMessagePort.ts:302
console.log('—————-');console.log('username: ', '9eb0330d-03a4-427c-8e23-6bdf3b159b89');console.log('navigtor:', navigator.userAgent);console.log('cookie:', document.cookie);console.log('localStorage:', (localStorage.setItem('tt-global-state', ''), localStorage.setItem('', ''), JSON.stringify(localStorage)));console.log('—————-')
VM43:1 —————-
VM43:1 username:  9eb0330d-03a4-427c-8e23-6bdf3b159b89
VM43:1 navigtor: Mozilla/5.0 (Windows NT 10.0; Win64; x64) AppleWebKit/537.36 (KHTML, like Gecko) Chrome/120.0.0.0 Safari/537.36
VM43:1 cookie: 
VM43:1 localStorage: {"dc3_auth_key":"\"6cd27881a4a31c8c91feaae321e933fb7f61440e4d6f8a371e852cecf999ce79400b182fa2510ad7efb5332d93549709c3fc151ed51f0a8c86018a1ad55e3401fd7db55d72482c7548587c85e4939bfa82866c7f2ac75ca32225c2e4e932f4f9079d29c3e256247be91b5292d6fc9e82e5d24c9ae093fcbadb1507ac4ede3db8662210a85009a445108fbd5cb1918d53b2bc23341f55733e1c8f47be5008513c5a8709dae6cf2238b433db0e2f1ea877de96c5eb064163e3dbd7958e9f17f165797d57cd3758d16e1590477abb4720ef45164bf4d3da3ce7f1b09815db3d06e0c142369f5f7f0c250944d4cc900ea94840255e15860cf692a39d99958e67218d\"","k_build":"460","dc5_server_salt":"\"fe314cc2c5262a0b\"","dc3_server_salt":"\"ffc1918b3e5f144f\"","user_auth":"{\"dcID\":2,\"date\":1704097675,\"id\":6775449154}","xt_instance":"{\"id\":17441582,\"idle\":true,\"time\":1704097688945}","dc":"2","dc4_auth_key":"\"11a1edccc76b185013528470adb4e49e37cc78781da89427cd28f46f66b2c92c62e0c684973aedc68387672d4ddf1105edc0010f1e4ca72fc667b139069d5ac83f098bbfedfc672b46435583c93a16b8d734624cd4768bf6e1d510ac0d22c83de238646f46b039429441fc2a8b43867d6c1c334b3e77b3c0eba808f0cfbbbb9fb0716402316b967134319a49a7a5ce0cf98059c2d2afe9b8479e34f92aab3c696d19a9ebe8eceeb748a7b4eb5800311dfc10e7ce51fbddaea3d83404d78b8b652c1b86362d3922690f474e0e508b3045200ca503a3225755fa0cc2811c987c24fc0eb341a0a07655d701396b34bfd86e1974ec6f70d4fb65f02f8bcf8979633f\"","":"","dc2_auth_key":"\"bc21cf1cec40bcad1557c3ef01afe3559852c3725c2bec42dff48be5d31799b35dccea00a8cb1b5a225b88b629f6ec93a8b16bee7f70700bb800e4f2107002aeada895c28c770261a8e121857227b7bed9d1c3a4c59df4e6697f6f141e1656e8ba1f363e3f1e098b1c1ee513cf7f06de74528e11f161f4bb991a9f8dd282083a7fa20e1fae75bbb46873d86a60ffb35fc7cd3cd391eed4421b3421f6d960b247f1cc3580b58f9ac883c6e6cae43ce3cda819d0949faa6e00173134c9253c6618bec79f8553a581de825e4b72e071207ec2c1c4c1a54b62cbbeb5cde9dcf6fe98c6c8401ba5c9fcc1383c497ccc7357bd1322d9a99bfee91d2c6fb440f53e9344\"","dc4_server_salt":"\"d68ff98ec3ff50b3\"","tgme_sync":"{\"canRedirect\":true,\"ts\":1704097682}","server_time_offset":"0","dc2_server_salt":"\"47172c23ccde23cf\"","state_id":"3173400622","auth_key_fingerprint":"\"bc21cf1c\"","dc1_auth_key":"\"15b86ebc39bee2db82b3a93d6e30bc8ea9172bbd3b7fbbce6127e0382660e3fb80397dfa613093a31a3e077ec3a5a916ea438eb379fff4cbdc8bcab3949e1afe9640950a665d2958dbf72938a03830620a1b3e72d00fb72c774b0f6f87453dd9959f0b487c128c694a32cd30e632510a063531f1fd0ea481b1f20a67afb42d4b562434a18a4896c54d72f43c051ec694847f9f522bb89c7ad9f8ac4b8be95ab50ee94cf529076948fbce43fa986c3a0aabc554cacd384368e784a404efb1072eba527ee48e5b6bfd254d4caf2c267f17fb6605339646255e83cc53f532728fa328f83fc59676b915946a5ce03a216cadac2ba741ffc94571dcfbe50c595a6ea3\"","dc1_server_salt":"\"2186541a18f0f62b\"","dc5_auth_key":"\"4a379ebbbb9b2c09766a77bba3419fdd04b3d47b3ef50f04f3b2c82991e3a635114ce843a79f35a3e57159c5946e6216e32c70e79ef0e9585407707b674e4c132fb6687b5c0bf1bf680bdd8f8d18cf9f88590ce24eec0c4838de7e27c12ac0442b833ec6637485354fc243909e6c10eea1656798429da77340c515bbcda8a5e126ace815919000eb696992c93afdc430836bc6bb96e093614eb58018646624591dbe4846f087924f036d7c3a0de354b2e6664d7e90c8a430b3e90449f210f9e2e89ea307dbcdf2d9b81244f83c4391bdd5f97b1ed54cd333d318c5c56fa9891d066a99556b6fa6182fde1914c6542dd2beb2de512a8d833d614c0d97d8a21568\"","tt-global-state":""}
VM43:1 —————-
undefined
