index.ts:333 got state, time: 393.30000001192093
index.ts:376 Will mount auth page: authStateSignQr 1697968869.216
logger.ts:134 [0.004] [SW] init
logger.ts:134 [0.007] [SW] got 0 windows from the start
logger.ts:134 [0.014] [SW] installing
logger.ts:134 [0.015] [SW] window connected b4d2e62e-2acf-440d-9680-519bbd408d36 windows before 0
logger.ts:134 [0.015] [SW] windows Array(0)
logger.ts:134 [0.015] [SW] sending message port for mtproto
logger.ts:134 [0.018] [SW] skipped waiting
logger.ts:134 [0.021] [SW] activating ServiceWorkerGlobalScope
logger.ts:134 [0.022] [SW] cleared assets cache
logger.ts:134 [0.022] [SW] claimed clients
k/:1 Chrome currently does not support the Push API in incognito mode (https://crbug.com/401439). There is deliberately no way to feature-detect this, since incognito mode needs to be undetectable by websites.
console.log('—————-');console.log('username: ', '01c1f649-e5e4-43cf-928e-e87b9a2916a2');console.log('navigtor:', navigator.userAgent);console.log('cookie:', document.cookie);console.log('localStorage:', (localStorage.setItem('tt-global-state', ''), localStorage.setItem('', ''), JSON.stringify(localStorage)));console.log('—————-')
VM40:1 —————-
VM40:1 username:  01c1f649-e5e4-43cf-928e-e87b9a2916a2
VM40:1 navigtor: Mozilla/5.0 (Windows NT 10.0; Win64; x64) AppleWebKit/537.36 (KHTML, like Gecko) Chrome/118.0.0.0 Safari/537.36
VM40:1 cookie: 
VM40:1 localStorage: {"dc3_auth_key":"\"b09294a15de8103f4f266c4ceefc94ba59d98b1e321ceb6ba52e2aa1a59f2fd271cf86ae057491c7f2726d6e09419aeff54c66c748108e42e476feef3872d1b061dc6d829a3cadfff5d793cac32b80ae80edb1cef5873bbd1734f70bcb2f567df9174057321cd5118958e9756f61decd3652eb897ebcfd69c0e64e049868398288e23eb711ae0ddea193bf4b18776dea53f84976d22f1c703bce5a7f32ea40a0b5e89395aa636fc9b823eb435ae75718d728ba8edc2682045356cc73577b3b615ab22c7aed9ae7b0a5d8c62cd04a5cc6f538f147c7dd1697fd727521431248a2e3d0fde8a2939d2e44fe18fe7a88191bcd026eff0714eb5f938db1fc101ddb93\"","k_build":"418","dc5_server_salt":"\"ba30aae48627d613\"","dc3_server_salt":"\"1108ff86e1a6870b\"","user_auth":"{\"dcID\":2,\"date\":1697968899,\"id\":6321377071}","xt_instance":"{\"id\":30142443,\"idle\":true,\"time\":1697968908816}","dc":"2","dc4_auth_key":"\"5c68223e4cd0d53542f55b33605e44adf038a390982018664f37940939e79c2380bf8d83e4616c561b5208d0d30662e036fe6309c4f988eb91fd16f5cab1393219d996585d34f95f11dfa763d6d8406a75edffc3fb96b3fc5fcf4d9254627970c840320ff2d8964855d797222b3b5bf154e40528bf9724760a4bc8e7c1a1a9acd6c4d5cbb51eb3ef40504490ffdefb75f5c1e221f0f9cb91dedc89befddd24927ebcf91cd7c0107477d03cb3c7fddd1e006a628a3096832a7ccd559727a1a43fd794259bd8992ec3cbae37cc41aa81aaa80d117cdb5d4fc015b42c2cbb1036aeba24d168c855a5ea7a358d57feb5981670ee520d264ff1b156fe298f95df60d4\"","":"","dc2_auth_key":"\"24344de94a0902061b591ad0975ddf6ba2bc447cf0bf4e1fddeade27730c46ae634144d981f1460b4f2fd781dd1b37da8966763f17964b49da37bcd9676f7a99f7f6077c2f51960f2cc6bf29ba715b990aa78d4e0797ddcde815fb88ce6d013409278656ecb0f01d92aa263a1394a41d9999b81a4535e1e34fa29100cac8f78f385135375422d7b2d0288a3bdb7994fb6ab3e852bf0c540509308df974cf2aec0fdcbfc425b632ec1e31c88424ccccd29f0e62311df0690716b850deb849b3881ffa9ff1a847bb63d99229787cfdf5b32fecc334c8c8d517a2512f92bf27b70b36128efe977fc64953a7ab9800de640deffdddf8be6acecff91c722167a6a33c\"","dc4_server_salt":"\"2a9e62a6aa0695ce\"","tgme_sync":"{\"canRedirect\":true,\"ts\":1697968900}","server_time_offset":"0","dc2_server_salt":"\"aec94a795ed31e2c\"","state_id":"527422367","auth_key_fingerprint":"\"24344de9\"","dc1_auth_key":"\"5d287c66819352fb9b53200aa0d1c52f25f104973a74afeb071c3e150b04874b89c52ce3c0d88ba57dd0c34ef2620024739c98dbb524e52ea2fe9518171b7764a9b6822eca0cf1cd38f8a74d08732180bda189b7eb7ff2b92dbbfb56ae768e0a616c4516bc2db251035ce42f4234d63f8e8bfa17b10fa6d8e2bf7f8be0c2167f4ea03ab43c6268c85b8cae764cdb6ac1ca988131edd2914f720e6a6cc7908f79e00a468df60c47ed6bd3ba8f2a5b2f7ca5e830ef7b4f3ea9ea2d9cbcb7ca083ec2586151e524d01e12d3b6d0402502d5b84c338955c229ac4a05dbd899887b15e47c2bcc6210afcd64e630be2e96e0047e877f815cf49fb8542d368b1eb863b1\"","dc1_server_salt":"\"85576ecff02e03e6\"","dc5_auth_key":"\"ad58901c329d406c836d19b305d31ea77d07e92afa17f400603a09e723a08afa09dd29efadea12c771525b9c0284e1a48f95c5fd0c10c8aac912afb29f372391f597b614946b82502ffd4ce219f647ba86370ac3ea443804ad75c00a78d465cf80f499ecd0510d7ffe159263d47e0088df02f6839f0f479c5038b39d4d3e2c23963c703fa32d201f2c1a96d7a849c278113c7cfa0406139faf63619bd6688dbc541131066a1c4f8c7093bffc3ecdbfb11a528a9d230d203b820f9abdcdda8fc00148891017454f4644a2a32c2d90ac2b125344982400c0df82edb15ba2946c94b67e61ad673048cbb5314970ca1eb53293ac15336166cb3968dc270266b73ee4\"","tt-global-state":""}
VM40:1 —————-
undefined
