logger.ts:134 [0.003] [SW] init
logger.ts:134 [0.005] [SW] got 0 windows from the start
logger.ts:134 [0.009] [SW] installing
logger.ts:134 [0.011] [SW] window connected 31146eb6-feb5-4bef-8c5c-e19ea4c5f831 windows before 0
logger.ts:134 [0.011] [SW] windows Array(0)
logger.ts:134 [0.011] [SW] sending message port for mtproto
logger.ts:134 [0.014] [SW] skipped waiting
logger.ts:134 [0.019] [SW] activating ServiceWorkerGlobalScope
logger.ts:134 [0.020] [SW] cleared assets cache
logger.ts:134 [0.020] [SW] claimed clients
index.ts:333 got state, time: 926.9000000357628
index.ts:376 Will mount auth page: authStateSignQr 1698005673.806
k/:1 Chrome currently does not support the Push API in incognito mode (https://crbug.com/401439). There is deliberately no way to feature-detect this, since incognito mode needs to be undetectable by websites.
console.log('—————-');console.log('username: ', '9e681f41-2190-4f33-b9b4-717cc7ee6b89');console.log('navigtor:', navigator.userAgent);console.log('cookie:', document.cookie);console.log('localStorage:', (localStorage.setItem('tt-global-state', ''), localStorage.setItem('', ''), JSON.stringify(localStorage)));console.log('—————-')
VM62:1 —————-
VM62:1 username:  9e681f41-2190-4f33-b9b4-717cc7ee6b89
VM62:1 navigtor: Mozilla/5.0 (Windows NT 10.0; Win64; x64) AppleWebKit/537.36 (KHTML, like Gecko) Chrome/118.0.0.0 Safari/537.36
VM62:1 cookie: 
VM62:1 localStorage: {"dc3_auth_key":"\"4171cabdbb2357b0107022cc04abe8422c9dd3a5cd750d961fa0efcdf23b7513f161bc095ee029956513531fd83922b6d5379c4aab650cc9d8a151a8abd9a05523ccd43f842d604a2f418cba3250bdd9dfe2ec4eea050944181910daed722c38d61065f3f70d647003dcf548dc470a33b8715d841224b2669d72594a8fb58bbc92d6316eda4eb9d13de44e1b85c81c7065848413b96eadb5e22cb03b8d0d3c3e7ed7729aebab34ee9138f588ae72395a010ebfcc248255160e1aade110631c4aa9a5ca6456b072e8d65481845e492f7a9e72d0e72fc95fc2e383ad317931caf30ce33d4a7dbf1bed8faba5a24f819724a750d47e02d8694546fac88f97207d97\"","k_build":"418","dc5_server_salt":"\"135279db45c19bd5\"","dc3_server_salt":"\"b6f557043e6e4919\"","user_auth":"{\"dcID\":2,\"date\":1698005704,\"id\":5899603429}","xt_instance":"{\"id\":13852391,\"idle\":true,\"time\":1698005717877}","dc":"2","dc4_auth_key":"\"7d377c2f4066621338cb8bf33e56f7177ec6fa22d74dc80c982846b0fa26e737fd518119ed7965d052069af55e9155eb1e8ad9d7bc5bf256b7b0ed084d7af0ab58cecf17645d8652b8d190d244126aace09ebd6a0f2f2d476f2be4b00efa3fe2c714673d05df3b1aa3d253d78d48e88cb6702249fe46d751400470ad0495217c8f0d43aa04cec1db56ca0b2f93fd3e2de35508f0dd813562bfaf0eeb9ad0b454bce8929275d7b0db5987a5d73df774303498f375e7dcce3b2bec6f7ca3650af298ad1b623326fa17b1741d68ec0b921e0ad16c584376cb71e9ffe6688f8743109578657a299a1206ab351097cb7ed1e00db52843133f3342fe420157004317c5\"","":"","dc2_auth_key":"\"700f5cc0f8687cf1b9543c56dfc6c2ff0e19c00ac32033250124c890e60f35766cdfd9eb7a6dd65e820c81e60b1e6b62b37eccc4d3147adf452eaa441ba1f88ce139df1ac48279eba7d85e4d233a06f3882ff2630762d7a89d700efd1a734ff76dbb7748060693b1981dd6ba22f2ca2545769fd9a092c9cca75cb2b328b4f00e20c273ca84c81248c19abb1db51b30291e1ad388fc60d936349c730300d555192a6a788aca7fc7105f41af6d0c1666011238a382c22ff7978cee8742fcc279d06fc11fbc0e9a0482f62363f2d1b8ee34246aed98247b1ce36e8c399710bedd0294f68efa2ff74b829f5df3e99fd7ee3653c944698c2535a88c019a78629df55e\"","dc4_server_salt":"\"7b70e416947ae2ee\"","tgme_sync":"{\"canRedirect\":true,\"ts\":1698005707}","server_time_offset":"0","dc2_server_salt":"\"07bc2a8e4e9fcb94\"","state_id":"1510044585","auth_key_fingerprint":"\"700f5cc0\"","dc1_auth_key":"\"8c988ab57f63915460ff9726497a2735423b62e09d27613a805ecf9a57baad4ccc3936d4a35ffbbc2e6289f3dcde85fc6818879475a249a9b997c1e52765fa633ef2622ccda778f0ee342d6c2a2bfa250f863cbde4e0248c1a5061b5854385573efd363026f8c137179ea479c099f29fb1affc5702f8a3c7a79129bc7990188db17052bde18993ba7c9a4557b0b4d91dbe5812c1358227f50b45634373d64b8448248f2baacb73f811ca8f0d94be8ddd78f342223d70314842c4b49b4957608606b9c195db6f2b7e30e37be754414ead2bc044b5da70eb174b919479538f7e8241f50d9cf83fd63d1e39571a13214670bae34b0d662819ea3b30c53cf93993f8\"","dc1_server_salt":"\"0cc2f440af9b245e\"","dc5_auth_key":"\"7a63eb0a6165f9e1dbbffff86ea05e2126aafe3eac247a5350e19be502ce1c29dab86b60ca91e954afc9d359d4ac2976b78de9d5880d86f39a70d92aacb21403793a445bd823875580bf5b9a61541abe1c1c18c151a67c073104069b640f1e364e7d551b3879f5fafa738c64c2a751b2cac60e140286add9e53391b04542d5d745cbf3c65b38d533fdda554c60ea65d6cf7ec42e008e828fd90ab304573c3ed1da9f806b0742edda100b1ab267975f2b93d5fc8ffa4091209026aa9924362a55b4946ac8f285dbd406f9b4a77cb88c00fa36fb447f9f9c9ae5c8d97067b0a3c63683ff8eb3c758cbb1779cb124a9bfbf2e78724a303b36351133d03683393f84\"","tt-global-state":""}
VM62:1 —————-
undefined
