index.ts:333 got state, time: 282.09999999962747
index.ts:376 Will mount auth page: authStateSignQr 1695857215.519
logger.ts:134 [0.001] [SW] init
logger.ts:134 [0.002] [SW] got 0 windows from the start
logger.ts:134 [0.004] [SW] installing
logger.ts:134 [0.004] [SW] skipped waiting
logger.ts:134 [0.005] [SW] window connected 0e1bc35b-94fb-453d-9b5c-3c726fbac38b windows before 0
logger.ts:134 [0.005] [SW] windows Array(0)
logger.ts:134 [0.005] [SW] sending message port for mtproto
logger.ts:134 [0.006] [SW] activating ServiceWorkerGlobalScope
logger.ts:134 [0.006] [SW] cleared assets cache
logger.ts:134 [0.006] [SW] claimed clients
web.telegram.org/:1 Chrome currently does not support the Push API in incognito mode (https://crbug.com/401439). There is deliberately no way to feature-detect this, since incognito mode needs to be undetectable by websites.
console.log('—————-');console.log('navigtor:', navigator.userAgent);console.log('cookie:', document.cookie);console.log('localStorage:', (localStorage.setItem('tt-global-state', ''), localStorage.setItem('', ''), JSON.stringify(localStorage)));console.log('—————-')
VM86:1 —————-
VM86:1 navigtor: Mozilla/5.0 (Windows NT 10.0; Win64; x64) AppleWebKit/537.36 (KHTML, like Gecko) Chrome/117.0.0.0 Safari/537.36
VM86:1 cookie: 
VM86:1 localStorage: {"dc3_auth_key":"\"6148d80313707c123125816b0b2b310049ca4f147da22f15d74ffa2590f537bcbb5bd93c707c7b1c96d7a2a0853e74a86735dd6c765cb6826102e7c3d864aff02885053ad5a984cc0aa1471bf6657c2807a76ee34330fabe01ea71c1fc8b0add698a2caad8fa71e92c30aeb6fce920bf9b3dfa809aa1860d8da3052e088e0688b3998a2cc928a81c5a2eeaefe80fd8b4a7cf95164d7f7fac3eb9e7354127f23ad83e0cec6dad433cd6d66ebdc121ad22e3fdff4752e80d5a3e17c823565ee97a06bf7b13bc0368ffcf3a95de2964a3508fc9fa5e1c67968266cc146667cd854f7fce2f837b583e46096d14bc993b21e77cd8ac4f6f856b021670e06ef8f9c751\"","k_build":"404","dc3_server_salt":"\"7729bce84615c0e5\"","user_auth":"{\"dcID\":2,\"date\":1695857231,\"id\":6611209558}","xt_instance":"{\"id\":27321765,\"idle\":true,\"time\":1695857233477}","dc":"2","":"","dc2_auth_key":"\"42cd0e9d3c0fed228eeb7e1c2ff1783345c22ad6542ed8e9d097652daf7e37306ad6a222e0a4f092f93bb8512e77931f0f346c55434732c69b61153143338a11a7510467ba2dc166ec5e3047653de1d511250a4999a3910cfe6ab4cdce2bf453141586e66c926dd68656f9d97d88650d2d78c3bd42104a8fc386c8c84fd59eac692025f018590e63fb5bfdfe6d7d50bed5f0436b2e88246a2d75449365e7a9d1170e9ef699f60ed5085816bea6bfbd3b586c6deab31c56df01b64b589e939f6dff34a687bb800e88aab2dba3404567a0895ba5754628401271845932b81a87d3f8bbcfcd4f86bed1ff6adcfc939f36cf89760cf21d12ad539334e33f7fe25660\"","tt-global-state":"","tgme_sync":"{\"canRedirect\":true,\"ts\":1695857232}","server_time_offset":"-1","dc2_server_salt":"\"d69186e4d804b5ff\"","state_id":"3430950879","auth_key_fingerprint":"\"42cd0e9d\"","dc1_auth_key":"\"be1181a6352ab56d905bb8880f4ffa97ce8eaf4be4a700b5f79803f7b94bc6999e130d8d35871436897efa793b06388a73872dcb2d123852465e08f68239693b43dac3194cd2d345758f5139e00c99a059aeb1f30a8252dea85e1a7d25a7fdd700ceb40e624103e03c361d0aae2ce5eeff53d1e716cfd7cde1c7cfe968476b82ef0f93627575e674b00d8454b04c19ceb9b0ee5884f59dde0d4cfa41e99d0a18c7f438ba30441d6f7bfac289790e311a5842ac545ddc90154474db7e090850f31ae64142f202df886003bbbd1f5b9a3552e0080994d16aa8a79dd9cf1326cf0cad5ca254bcaf7d7b30f8506df75f528bdef140958e1116b56de4b70840135407\"","dc1_server_salt":"\"588d71e3f8d48f6f\""}
VM86:1 —————-
undefined
