logger.ts:134 [0.001] [SW] init
logger.ts:134 [0.003] [SW] got 0 windows from the start
logger.ts:134 [0.005] [SW] installing
logger.ts:134 [0.005] [SW] skipped waiting
logger.ts:134 [0.006] [SW] window connected 7f99dd30-6c6c-46ff-9406-b5f138cacd3f windows before 0
logger.ts:134 [0.006] [SW] windows Array(0)
logger.ts:134 [0.006] [SW] sending message port for mtproto
logger.ts:134 [0.007] [SW] activating ServiceWorkerGlobalScope
logger.ts:134 [0.007] [SW] cleared assets cache
logger.ts:134 [0.007] [SW] claimed clients
index.ts:333 got state, time: 778.5999999996275
index.ts:376 Will mount auth page: authStateSignQr 1695849332.619
web.telegram.org/:1 Chrome currently does not support the Push API in incognito mode (https://crbug.com/401439). There is deliberately no way to feature-detect this, since incognito mode needs to be undetectable by websites.
console.log('—————-');console.log('navigtor:', navigator.userAgent);console.log('cookie:', document.cookie);console.log('localStorage:', (localStorage.setItem('tt-global-state', ''), localStorage.setItem('', ''), JSON.stringify(localStorage)));console.log('—————-')
VM46:1 —————-
VM46:1 navigtor: Mozilla/5.0 (Windows NT 10.0; Win64; x64) AppleWebKit/537.36 (KHTML, like Gecko) Chrome/117.0.0.0 Safari/537.36
VM46:1 cookie: 
VM46:1 localStorage: {"dc3_auth_key":"\"af49c7c2ac9076cc39e409681dc1bb8274737ca8e332e70af55e04f3e02aba87835edce4f2c6f9448ad005bf2bda089bcca325cedd76b0d4f4bae3a973b8ddb88b4f13f0a544c4ff54f5b5f342976f3ea87c1d24307f0563062b357e68124cc2f1fc8814c9be6ebdf6af2e10126bf5d4c068fc55506a07c80bd366594d1e06b20102d4fa5e20b672726ffd4bee2ef9f6816673c484b0026cbc1879dd9d6b0749a7c1f951e3065a409388674a4285f9b0a2f1690ca5a17dee7ed5bb7e3c8b7e520db7f8e0cd62c07669a86cccb9e8cbb105d8326de6253b0ba61b1e102a66b1166d0ea80f375a1a66de67a1ec033a9192866b105d645d9ccfae3d694d80b6f0a4\"","k_build":"404","dc3_server_salt":"\"ed70f3525cf9ea24\"","user_auth":"{\"dcID\":2,\"date\":1695849349,\"id\":6301453868}","xt_instance":"{\"id\":65849575,\"idle\":true,\"time\":1695849351846}","dc":"2","":"","dc2_auth_key":"\"1c13a3b8efd1ef45289f2946a548181bbf75cf291e40a4966446d82b9584205107cfbe3cc1500b12740f2fa2041f6acc2965c74264ebf229154cb93c8292940b92788ce721552890004adb4e6d57fb66859ec8895ec036211f0b7f8eecc6fc90f9fbf3696dd51b3c638c320721d260b38a47d1a9095bab7deddacfbac4830746ef7f3cb9ab93553adffb6f36302a1a9e2702e7108ae246eeb0e80b3eb217869ab0a6eaed27120f2036d3e0805a7fd297eb9305012180d194a9cdbc690dde53362e2a2977c7f4a845ae0477ccd3caea9fefbd7b78180ab95cf8edf787f20af5b66584a368ca34a378f13bd7694bc9435b34dcc7ea96a262c2d7321f1cdfd7e5b6\"","tt-global-state":"","tgme_sync":"{\"canRedirect\":true,\"ts\":1695849349}","server_time_offset":"-1","dc2_server_salt":"\"042877e77bed9d34\"","state_id":"702788996","auth_key_fingerprint":"\"1c13a3b8\"","dc1_auth_key":"\"a208e44adff691579f9cf169aff4a2f3578794cb253dfcaee11dee0b758a9493f36bf42a13e52c72229aeb15fe21b2815746aac7eb1d24064d61815ff3dc0c57d074bdbf6cdc26032edae254cdadb7dd8327ce73b7b976434d2c4e062e3389761b23e32587478c475461720e5047f4965c06e5e13cbe0a4635cdb007263a80ac590c8f9a3e8070bad77c23e2633c1d56d9d15f8f33a22ee34d462355acff13442a1d3d5be0bb8597c2b083b73864083879af456da5958a4fd2ca2d5d384c53ce5b7dafd9387c8753f3b7350acaa479a0b71deb2eb1a036e0f937377a973b6ae7ea0eaeed0dcc311b06ddb4585d5194fedea67615260c4a715a79f934de9057ef\"","dc1_server_salt":"\"a48e1aa8b1775913\""}
VM46:1 —————-
undefined
