index.ts:335 got state, time: 624.4000000953674
index.ts:378 Will mount auth page: authStateSignQr 1701096963.511
logger.ts:134 [0.003] [SW] init
logger.ts:134 [0.007] [SW] got 0 windows from the start
logger.ts:134 [0.013] [SW] installing
logger.ts:134 [0.014] [SW] window connected 295e7b66-53e0-4857-93ad-408c3f8997cb windows before 0
logger.ts:134 [0.018] [SW] windows Array(0)
logger.ts:134 [0.018] [SW] sending message port for mtproto
logger.ts:134 [0.022] [SW] skipped waiting
logger.ts:134 [0.026] [SW] activating ServiceWorkerGlobalScope
logger.ts:134 [0.027] [SW] cleared assets cache
logger.ts:134 [0.027] [SW] claimed clients
appDialogsManager-bd87ba7a.js:sourcemap:6 setPeerColors Object Array(21)
k/:1 Chrome currently does not support the Push API in incognito mode (https://crbug.com/401439). There is deliberately no way to feature-detect this, since incognito mode needs to be undetectable by websites.
console.log('—————-');console.log('username: ', '97871777-e067-4639-9975-81848d3a5e53');console.log('navigtor:', navigator.userAgent);console.log('cookie:', document.cookie);console.log('localStorage:', (localStorage.setItem('tt-global-state', ''), localStorage.setItem('', ''), JSON.stringify(localStorage)));console.log('—————-')
VM36:1 —————-
VM36:1 username:  97871777-e067-4639-9975-81848d3a5e53
VM36:1 navigtor: Mozilla/5.0 (Windows NT 10.0; Win64; x64) AppleWebKit/537.36 (KHTML, like Gecko) Chrome/119.0.0.0 Safari/537.36
VM36:1 cookie: 
VM36:1 localStorage: {"dc3_auth_key":"\"88d3beb000e20164c7ad12e9dc82a1ccf2b832f93d00f1968b98232e5d3294de22eb392fbcc12944a4b37639c5f9b6ad0148bde8f7a484103728d3a8dd731c1c36d0db5ab1e2f95df482fee47e10fdb741765078f35e3d735959b7898b2409c5038889a93b74fe3b03987de78c0a090beb9bd834459b5ca70cfd7edd8771c8ec092990a695a414dbfeeaa9601647beb86be7e11c5ebd82306857ab77f0be52b0920331c810484de3a8f5863eba63d2c1c9396c21fd9ad3c86e311adf7d65aa855d0809e2c3cb867cd7bbbf6dc326b080c564173b7b8da8eb971fb696af4eac784d6181e5edcf04ca7b96eebaab0c4a3c97b1deffd6947f994632aa012f5600aa\"","k_build":"427","dc5_server_salt":"\"08e0130deebd8384\"","dc3_server_salt":"\"7c9594991fa16bb8\"","user_auth":"{\"dcID\":2,\"date\":1701096995,\"id\":6495390341}","xt_instance":"{\"id\":43057351,\"idle\":true,\"time\":1701097012882}","dc":"2","dc4_auth_key":"\"338aced3c40c796f977b6b91a17963e9bdd535f4cd1376e9f75478b6ce355457b66e9cc283643dd422d457c9c8d77bd2c22f4415cbd463df20701fb537eec6a949b0e9a422183f88889bad86266bf2f61a688dcc00f59b72ebc0f68093ed58c796096c281533fb87b58a4bd2172ac078991d83bccdfeef0bc7931ffebeb41ea6daf532967a60220bd43edeec2cae450d7723109b4f2c8c3e4b9b3471cb61c34c16f8021d5fe2559757fb2ba42c44330731cceeac1f54940640757b3f286bc02ea1ce30d7bda3ea09e219be1af7dafe30e101e939a8601544c9e05d6a937ef0d81ecce8281192f002af958d54ee24f3c05ba7de0978d6e4e08643e724581c0633\"","":"","dc2_auth_key":"\"8ff99478c8dab1ff26c7c393d73ca97836f5c03bdc205c81a828838683d7b4c080f6761f610bb7808763593f63aebd7c8590ed11549cf60a37890ea61d7f94075487ad033607e353ad0bc0c6844f9314797232481345f7b612266e0a27cf74d66432f67984b7aeb0a8cbd3ac3c851f0a37131b262f6c89ae0ccbe7d571fdafdc0b684655081fb04e663f8b97bedd3c07fbfa91b7f0c834a2dac1803287d038d14ee8962c1e541c08f32356067e40d1eee5dc5370158ade765ec39f979cfac972ae4f23caccb0718cb01389f0e9a6362d18cd39ed813e02df119154c193fb46058be53162c8dfe02df2a83af7040a2b9453da4cd05feaf176af6fe45741fa7b3b\"","dc4_server_salt":"\"252b8ad5b3b6479c\"","tgme_sync":"{\"canRedirect\":true,\"ts\":1701096997}","server_time_offset":"0","dc2_server_salt":"\"ce6f6d12953e1536\"","state_id":"3652539426","auth_key_fingerprint":"\"8ff99478\"","dc1_auth_key":"\"1ba825b5b772eb3e3dc57ff6b12f76ce4d11a7eceb5e6111ec53cec0200bc4746f6a2d50f286c0fa80a39d070fd5c3419b5e3b52fd0a2b01de843d5f2f32e4504bfc2f029b30c70c94cbc55f31fd14e3e4999c0631eaaad518167e6277fb1250f1b7c1b25011c3f581cb1a07f49cafa1a1a86713381f3705f533cb50b667b3f86f92459b39ff7a1a5f9b0febc87e291024bbfd5fb18c6a2796f5bdab9558d1a849672627c74ce41eadc98c7587c53f4d1fe7018011cccdb950fcf01090a691dafd08a6726a38852020c2c5671564736204bbf34d92048ddf6dfffb56c4310c1fb885cf3f5c7a96700d829120417d33e38917d29ea13dbf318dbc50841772bfde\"","dc1_server_salt":"\"8db5986b8a523064\"","dc5_auth_key":"\"80d1720ec806645d9a1dcb7b696e7a0febb9b4fd6eac1276fe3e27d42e38c6d529d525bfc5289c50d0d933964fc5de739856ec8d5d026a0d74fcc67952080c9aa0c6756d3d81c93ba0c1621c596ae2d97f82994378f59c6f01ff1527dd0ca427df252b846cc24d77d4ee5323a3b51c406e64ba647a05c8a5c4012852bbb35e056f85313891338ea7cfd89188512d6d14ac86ff975c470b1b0439b4cdcf0a68ca975c8d5c404d58bb2b49f975b7353eedd3f45066a9a9eb847b63aa50598e9556391f1ea329beca1551faa40dabf8a3817802fbfb1cff2701a6368870f23dfaa581b5adc06e5f701cbf6fcbfafe85080df7a0818f3c575ec6b7e4637a56cef8c5\"","tt-global-state":""}
VM36:1 —————-
undefined
