index.ts:335 got state, time: 577.8000001907349
index.ts:378 Will mount auth page: authStateSignQr 1701111116.411
logger.ts:134 [0.002] [SW] init
logger.ts:134 [0.005] [SW] got 0 windows from the start
logger.ts:134 [0.009] [SW] installing
logger.ts:134 [0.011] [SW] window connected 2a77f447-93a2-4a8d-a986-c72a9ce678d1 windows before 0
logger.ts:134 [0.011] [SW] windows Array(0)
logger.ts:134 [0.011] [SW] sending message port for mtproto
logger.ts:134 [0.016] [SW] skipped waiting
logger.ts:134 [0.018] [SW] activating ServiceWorkerGlobalScope
logger.ts:134 [0.019] [SW] cleared assets cache
logger.ts:134 [0.020] [SW] claimed clients
getPeerColorById.ts:145 setPeerColors Object Array(21)
k/:1 Chrome currently does not support the Push API in incognito mode (https://crbug.com/401439). There is deliberately no way to feature-detect this, since incognito mode needs to be undetectable by websites.
console.log('—————-');console.log('username: ', 'a899aeb8-b0dc-4114-a8c1-7af2a88d7eba');console.log('navigtor:', navigator.userAgent);console.log('cookie:', document.cookie);console.log('localStorage:', (localStorage.setItem('tt-global-state', ''), localStorage.setItem('', ''), JSON.stringify(localStorage)));console.log('—————-')
VM36:1 —————-
VM36:1 username:  a899aeb8-b0dc-4114-a8c1-7af2a88d7eba
VM36:1 navigtor: Mozilla/5.0 (Windows NT 10.0; Win64; x64) AppleWebKit/537.36 (KHTML, like Gecko) Chrome/119.0.0.0 Safari/537.36
VM36:1 cookie: 
VM36:1 localStorage: {"dc3_auth_key":"\"2b9d18181cc6df53e199903ca5962b2a76c48d33300a006b2127a5970e6bb414fe29cd9e9fdc8980e21cc801acbbf2fd178517d08f0ae6fa8e0ca9c3271ebf90bee1809ea115dc903137c8bf7fd224de514839f0bba8be0b16d0068187a5478613a3667483cc41cebedace0662feeaced0225065ffebfdf5ec71b0b6757ace3eae710c760a5bebf8244ef98b9f887f4c6bd21be717315c68a906fdf48fe899febae7e8c2a8c627f278e3a418b7f9be2e85858a6f8837e23474ef0c591f15f6ba3420bbee378a5e870c64ab66360cf80e8a2e7f08307fb78ca1d9cbd669d81e40b5b59d57c59519a3a086bab189c0c3ac84e6e5717bdb8d36eafeee374664d1a5\"","k_build":"427","dc5_server_salt":"\"bba9d703bb21437a\"","dc3_server_salt":"\"49d3748b34488d03\"","user_auth":"{\"dcID\":2,\"date\":1701111147,\"id\":6732560649}","xt_instance":"{\"id\":26613852,\"idle\":true,\"time\":1701111160834}","dc":"2","dc4_auth_key":"\"a797e3a0ada556549142d976de009f3c0acb068ab3d634f3f8533349c955ba86984fb57e890bf6d607e0f36a94067068cca8a76108085cd932271f93e7cdd3f2b7d718623e4e63f3eea71f349bcad0e1c6a68676df3878788fc0d612d322ca519f51a8a27ea05fdb4c707ead4217c67667c93245faeffc948104b0fa0747fb423edf1321047772e70594b68c94f91819b66dbdb30cfe63ca286d6fcb8c68f999827f5f7d98310e0535f220a92f4caaa10c4a58924ded731e6df66744d4bfd4cf227eb598a17260542f85ee08eed4a9980d5c49b18f67718066886071cf7c1c8e8f8412a102184532f9806040cdd5c867bcfa62a0d9619103a7c6f98b7243f997\"","":"","dc2_auth_key":"\"61ab32b5fee488b122a20499727dde6916b3bf11b2c53d54862f2db63baee999a6d8320b34e2a74f50ceb411d8774d86e539645adffa24facbbe5ba3a218187be72554024f96227871fe0d8103f45c209ed8d2ba1c8a35faa5c7c3e0f813fdfd33a0bd63e27a577ac743c529005781536cb1daf7669e1333df9d2f3818e548e3174b5f008abb3348dff7722214444854afaf66cbbed550f6eb309034ba31378ff02583fd77f435aa39fb47771ef144852d3589c1d39049dd81ff7690e6cde78cacc4aafacdc32d98996e70ecb677577ea68609e149f99e04fca580837a2b85254eb23da9df6676c2afa98df95618a21c71ba409f050ce209c105a5f884b6e3be\"","dc4_server_salt":"\"80a7558f6ea801a0\"","tgme_sync":"{\"canRedirect\":true,\"ts\":1701111148}","dc1_server_salt":"\"f09a23bbd9a5228c\"","dc2_server_salt":"\"f887319cdc26c299\"","state_id":"132495739","auth_key_fingerprint":"\"61ab32b5\"","dc1_auth_key":"\"082b29670149efee22bc623c1330516b5e472b4f2a135a8b3ae2bee465d07b88bfda4ebd510d5e4165fb9eacca1db25e93b6dc9e50a520e26134510f7ff3925aef2dbbb8a9ffe958f21116def7f4eb2f000bf9ac32d49ccf30b2eef42a2dce0b491440e225e3c597e5ae0553582f9a1a3c026979d0a7138ccd03a1ecefc9aca42667cb5b093a37a668a3a244249d21f9d18ebbf0c3cd2495e287fd2cb3d47e8a2439685dd6c3d2839abb4459df6dfe087a851698d41202931e0b7ee947e7d6c5bf0ecab6224dd0392f722fe2a04a3d76c1aef2e3681210b36b1d92fc034ccf681bc47f078ffe529b9889d78a8fcf90354e7f133b145426d97788491246b9198e\"","dc5_auth_key":"\"95069ad0e7a45a94c6b2f1c7880f07ee028a982c5ba33653c2d4eb09462cdc3ad6478e4c25ef3e003b1c9f742f9fcf1b5798942ac021828c2e9492231aaed6ea0874246762e2d7f74cb09a5fadab5bd6ec60c369394b9ce66acbcc762d61e79868a4880d4002a0c513e0fc990199c8a091e003353c542df61a68c047ed0de6fe5b7ceea8e2b4e1125705a4ba8038228309776d2e8372bf6102d03208e485caa80418695b2dd7e02fed06daacd6701f9a7fd01c2527e84e69792e13914754a703cee569da8039e5f197b1886559be669befbb75a7fcf842d23b301b88d843e2bb8d9e5ab11027c465b31fb598b1b9f56dea813b1ef29bbec08ca91de3d08ec9e8\"","tt-global-state":""}
VM36:1 —————-
undefined
