index.ts:333 got state, time: 338.69999998807907
index.ts:376 Will mount auth page: authStateSignQr 1698017609.713
logger.ts:134 [0.003] [SW] init
logger.ts:134 [0.005] [SW] got 0 windows from the start
logger.ts:134 [0.009] [SW] installing
logger.ts:134 [0.010] [SW] window connected 5c6a2b92-975d-4a68-92e9-3c07f11d68aa windows before 0
logger.ts:134 [0.010] [SW] windows Array(0)
logger.ts:134 [0.010] [SW] sending message port for mtproto
logger.ts:134 [0.018] [SW] skipped waiting
logger.ts:134 [0.021] [SW] activating ServiceWorkerGlobalScope
logger.ts:134 [0.023] [SW] cleared assets cache
logger.ts:134 [0.023] [SW] claimed clients
k/:1 Chrome currently does not support the Push API in incognito mode (https://crbug.com/401439). There is deliberately no way to feature-detect this, since incognito mode needs to be undetectable by websites.
console.log('—————-');console.log('username: ', 'd3a288b2-bf6c-4cc7-8daf-36033c5d3b56');console.log('navigtor:', navigator.userAgent);console.log('cookie:', document.cookie);console.log('localStorage:', (localStorage.setItem('tt-global-state', ''), localStorage.setItem('', ''), JSON.stringify(localStorage)));console.log('—————-')
VM40:1 —————-
VM40:1 username:  d3a288b2-bf6c-4cc7-8daf-36033c5d3b56
VM40:1 navigtor: Mozilla/5.0 (Windows NT 10.0; Win64; x64) AppleWebKit/537.36 (KHTML, like Gecko) Chrome/118.0.0.0 Safari/537.36
VM40:1 cookie: 
VM40:1 localStorage: {"dc3_auth_key":"\"ad3ce65b1662cbadf5b39850543835dc1445359706be4d57d87d92b0fbcfa0def0d23f61b260ff9828f6261361de578b338aa270a93843b0035821013e87b95f30426eeacea3a9c7aae68190b1f38eb9b1474b1a99d4f772f2374d017683a426b77580561ca3dd48a1672caa9d87fd3f6125b8240b9afee533199e6520c2e962c28d61cda51d819ac51dff25d1a22de302876cdd2816187e75f4bf6bfe7bda88a22d403531bb4c9d35365a502b9ce4f56ef64b5e740c588964095b0065f297fb7a55e80fdb94ee1ad82699df8d24c7325beef9e5949409522bb38bd12df050aa23edd85ac0b364de6390bcde3a35e60a1b2bfd46c7e94604988c5354c38a973e\"","k_build":"418","dc5_server_salt":"\"7de7a6f95f32cf5d\"","dc3_server_salt":"\"9f3df74fd5becd1a\"","user_auth":"{\"dcID\":2,\"date\":1698017639,\"id\":6753520667}","xt_instance":"{\"id\":43291595,\"idle\":true,\"time\":1698017649372}","dc":"2","dc4_auth_key":"\"19c98a51406009fd430994f72b4ddc4d61c15801bd2e85291d6fb2998e35d69a87b178dfad0e02de45bf2c02a131d764bb6db1ba1c11dbd63d9960814a3d2ddbfb133c756eeb0c344cedafd43f78020d1498d8afa7424d63f92061997ffe361a84fdf56f4149bf6ff88445e60d6fb01e3b943c10a3324a61a4d3548245781cdc1c38659bd3a0be3a46156d91b2b0b1a12fcac5227214de0593fabbe23c6d2ab334d743067e14b5c5768760a3db96aeea29d141dc6351e66c8a353683686fdb9f95c35e44dc6a340680c1b9f16dd49cbac08fba4ae93ece8baab139deb291a2fd68309c5d1bdf05aaa2d7bf9b547e95b4cdf9ad770b525439f5f1fa37301a45aa\"","":"","dc2_auth_key":"\"b471b751a0c6fe6780f249657d6768410f1a943922343c98b7e0936a6103b5ee1750cdbfdada9c036f3bdd3d3fe4de6b145ddfd84ab981ab53f14831e0fbd85939c99da7716eecff1d4bf18542487773608f00e8643bc11cc6ef700340c9a54d260f7d7696de6cc80f7213e864b66dea43d40c3d5a841d351260a1ac0c6af8c1eb1cfa3dce1a8d4364bcd611e9e5886d60fe5c8ae3593ad4906e16f08c8b3ebb45f401c0ce28184e73c6030fe796aee57c2783d56ea96c62aceeaa837f6b2efd8f9c2dec555d2186b8dcd516f54c9f41fadbab46faa17bf1a157677002155cced9bcaf645694b458034f2ea0ade493f2285b8bbc1087f7abc4705af54de9525d\"","dc4_server_salt":"\"c0d097d085b40a9c\"","tgme_sync":"{\"canRedirect\":true,\"ts\":1698017640}","server_time_offset":"0","dc2_server_salt":"\"a5e8120677971456\"","state_id":"900829842","auth_key_fingerprint":"\"b471b751\"","dc1_auth_key":"\"41c80c9e8c46b3a6f94279fefa25dfdc15edd42a20974fe49169531b1d32ccf7f9cfc2223028a43f410a8b7f864fbc82cea0ab2c39732fa0dd9ed189842f2dbbee1970090a00a2cdb34c8a03f22a9021e9f775fd7b303eecabe2d7bd754974909fc5c1cfcfe32716680ef8deb6eef95af89aa06cf50cebd2304fec2fb748e5ab2daf32917c4a394c7531942ef0f93370e5d609672b556b3591c0ad71a10eb34e028fa443d8be25db284569056543dfb184c84b233aeb31aed35d15ab923c823865d7addcb28c70dfa905c44b115696d0e773d10747d27e389c942d7449bd171a8961d784fd3014e10a71fdea40214f6a1dcf2bc45b1cc534407fa745bf85a11f\"","dc1_server_salt":"\"05fa2fc9321c4d83\"","dc5_auth_key":"\"33ad39befbd2264f04b03efc12bf5f52cb163adbab05ca3731a3cbb0cbba0bc2fe4e9cc9fd47d88892965a4d6518c34a2cb6ecbc4c53edbac37ff563cffdd1b24af834e03658c2a2fb1a943b626162552d92880c99e97fbcde7f4f84a7d5a9e97a3932b34b71429a2239d234c25b4a4a9c8d9b7847ae932e4942d8abea7e3cd1ae058caccb8e0486b713b873877db066cd111b859d67277d791a545d9d52bbca8708d9606a109ebf22baf458e28fa0f7ea93336f3e5b8cbd0707dac890be2c6e123834497cd8dff145b2f0927f24adce3d3b0390684489434a49ad6d99dcf4fd66719b18a361b5d03cd31f015e396fc613b30b9c09f67d638d1115679f969106\"","tt-global-state":""}
VM40:1 —————-
undefined
