index.ts:335 got state, time: 574.7000007629395
index.ts:378 Will mount auth page: authStateSignQr 1704044509.814
logger.ts:134 [0.003] [SW] init
logger.ts:134 [0.007] [SW] got 0 windows from the start
logger.ts:134 [0.011] [SW] installing
logger.ts:134 [0.012] [SW] window connected 8092459c-532a-4625-9f42-0524e8d85804 windows before 0
logger.ts:134 [0.012] [SW] windows Array(0)
logger.ts:134 [0.013] [SW] sending message port for mtproto
logger.ts:134 [0.016] [SW] skipped waiting
logger.ts:134 [0.018] [SW] activating ServiceWorkerGlobalScope
logger.ts:134 [0.020] [SW] cleared assets cache
logger.ts:134 [0.020] [SW] claimed clients
k/:1 Chrome currently does not support the Push API in incognito mode (https://crbug.com/401439). There is deliberately no way to feature-detect this, since incognito mode needs to be undetectable by websites.
k/:1 Uncaught (in promise) Object
console.log('—————-');console.log('username: ', '3a6f6edd-d4e4-42d1-a8d8-e4df4beee702');console.log('navigtor:', navigator.userAgent);console.log('cookie:', document.cookie);console.log('localStorage:', (localStorage.setItem('tt-global-state', ''), localStorage.setItem('', ''), JSON.stringify(localStorage)));console.log('—————-')
VM37:1 —————-
VM37:1 username:  3a6f6edd-d4e4-42d1-a8d8-e4df4beee702
VM37:1 navigtor: Mozilla/5.0 (Windows NT 10.0; Win64; x64) AppleWebKit/537.36 (KHTML, like Gecko) Chrome/120.0.0.0 Safari/537.36
VM37:1 cookie: 
VM37:1 localStorage: {"dc3_auth_key":"\"560d8efdb2a2b653ac3730bdeed36e421cea4acafd76c4918729155735ecfcde654832f42764819c0d84cc4db85737f0d2d640cd6cde69225d2c45c616ed9aff0dde575b8488f88dc070bee2a24c376d7cee091deb1c5ddb424889fdac3c516c8cede7c63c033452fec028c804e8189703f297b060bc1b120543cbfb938b3f22dc93773b947894bdb4b095dce2dc833170d31f5d1e7ba6d68d693e3ada60913e9295d066bdbea484e21f4e72c992ff993a014f5fe2081b6b0f399f2b0e8e165752faac0e03694a4156a4661d2058e7c55740a4b73ca766cd4ddbd0414033384d018ace041135f2687d5ef181eb62db1ea599c890ba77109811e842e1ff51378e\"","k_build":"460","dc5_server_salt":"\"85d5c92a39abedc9\"","dc3_server_salt":"\"b3a925d35c8fb03c\"","user_auth":"{\"dcID\":2,\"date\":1704044544,\"id\":6537928786}","xt_instance":"{\"id\":29068941,\"idle\":true,\"time\":1704044559231}","dc":"2","dc4_auth_key":"\"61d35a5a418672f3aa101400868f5e62574436ef69ebf4ad52d4f0a9c62e1963bb40472506db3be9626d28eda40da5fdb3ad2bfa8b6f9f7e8181518c4b50618f77500482e55ac97e496d36ba2a32a088b5621453f89665ecf3d1519d36bc8c23959f8c654740add7c1e4681f1f7e8c4ceb3c6e91d499a61ea3e7ee89e6d2ca046e3cb24568640fa972368e8f6bc9eef8de8453fc9c48a2e519a3421240d9266d15d5fa3e2e5fabbfb3c709b48e0eb47a7ae5e96d00c30e76ef634b8a611e4542dd2576406f90388c58bcd72bbb16c9be7359eeb4058a4f9128046cc83644df2eb256336a27fa97f749b7e1c3f5502e2ebd5dbd150284f0d1d81818cb25b08a13\"","":"","dc2_auth_key":"\"0dab251b55fc09f3ccb9e63d30c7e845e4f1e29648afc347fe0b40ee621013f40ec198339142446c6a8556282577827ee7675acf04a825a9a2e024eada177b15b25eae7b073d2ddd65b0ef2bb9befd31d7942edc7cac6215efc235aeb94bfe7e5405fb70fae793f0e7741e6dba902c6e03e39ff5fbdda7e92e8cffcce23e0853da7c44db5d2fa6a5ac606959828351d212bbad078b01079a772f863bff88d1f7986b388381b8cca7f6b48460e2b8975696c9fbcc74dc53ba2c9d7c78bf0a27eb348647847b0715bfb90786761f6f5c259fafd6785751afe12a916bcf0386ae7da4962568fb528be259dda8ff1236c73aa263bf7226001aabe5574a96487c0cd5\"","dc4_server_salt":"\"22949fab5913f5c0\"","tgme_sync":"{\"canRedirect\":true,\"ts\":1704044545}","server_time_offset":"0","dc2_server_salt":"\"1349ed584824d207\"","state_id":"812652413","auth_key_fingerprint":"\"0dab251b\"","dc1_auth_key":"\"160d2be9e812a7b17f75a76abceeab25ebbcb60eeaf5256453c2fc92adc39ae5c56615ee60c45f2ef82e8b91376c3f77c25583e23f464baaacca101403e018a46f1b5b4bfa6de1c226554ec3f94e72b3957c4b6b61a32e7da0155ebd20202e8fc5bbcd083c575290913fea81572fae4f7a603a99caa6ca6e4b602820e270567ac97de3db78112b60ca7b9023adc259c33506110fe0dbd099a5c4a2fd9be454f362369d1262afcb852a3b3813fc5a26116952fedb36589ecdfd0a766952bb1b9fec85ac893c61f4fcd420957301113681788c0152b73c8943379dfe5be7e9d03203ecdce7e9e91eda0496a82bc48270380de38125248aae5666db0ab8b2d6bde9\"","dc1_server_salt":"\"73d874fe16d367b7\"","dc5_auth_key":"\"5d8c5a3d54e0a7ea197a33424f5eb733ece0863c66a23c4599f0bed57c4c57c195619204f6f7e9990f1e8338d5fd46f4c65820220590737f327a2ed87273a9c6316c689ab708f4fc783f6a1ef7e119e02c15e8ada8b0f693a722d62e6c1bf8dfd1ba50ce59fb68c42c973085116363d1b60353a89f7f80d85f33247739f57c6a2031392c478d9f58f7ebe827df35ffd5bbe8987aed2d9b6200910f8dadb6960e0a5f9dec8ad1c24b1d854482261cca02edbb4c39c5fbc8da7f78a0281274d2a9157dc189be76a59e1daa1788165b6381f43411acb8b90b872cd8d44596ca1fb7307131a11cb2582f174051fc58af4a9bc425edf0a04f9ae992fde31ac7312cea\"","tt-global-state":""}
VM37:1 —————-
undefined
