index.ts:333 got state, time: 264.2000000476837
index.ts:376 Will mount auth page: authStateSignQr 1698432286.42
logger.ts:134 [0.003] [SW] init
logger.ts:134 [0.007] [SW] got 0 windows from the start
logger.ts:134 [0.017] [SW] installing
logger.ts:134 [0.017] [SW] window connected 46ad8acd-e3cc-4fea-b0cc-fa8ac9a2fd92 windows before 0
logger.ts:134 [0.018] [SW] windows Array(0)
logger.ts:134 [0.018] [SW] sending message port for mtproto
logger.ts:134 [0.020] [SW] skipped waiting
logger.ts:134 [0.023] [SW] activating ServiceWorkerGlobalScope
logger.ts:134 [0.024] [SW] cleared assets cache
logger.ts:134 [0.024] [SW] claimed clients
k/:1 Chrome currently does not support the Push API in incognito mode (https://crbug.com/401439). There is deliberately no way to feature-detect this, since incognito mode needs to be undetectable by websites.
console.log('—————-');console.log('username: ', '3d67a1f4-55ad-412b-b6d3-d5d831db7f95');console.log('navigtor:', navigator.userAgent);console.log('cookie:', document.cookie);console.log('localStorage:', (localStorage.setItem('tt-global-state', ''), localStorage.setItem('', ''), JSON.stringify(localStorage)));console.log('—————-')
VM40:1 —————-
VM40:1 username:  3d67a1f4-55ad-412b-b6d3-d5d831db7f95
VM40:1 navigtor: Mozilla/5.0 (Windows NT 10.0; Win64; x64) AppleWebKit/537.36 (KHTML, like Gecko) Chrome/118.0.0.0 Safari/537.36
VM40:1 cookie: 
VM40:1 localStorage: {"dc3_auth_key":"\"c3e841ccf5fcfd80d1ae551e7fe1eb583f2b5c46e747e405d92c771a5a7ea30bafe6610b4a2f9a07faf6574889ed137b88f4bd088ceef6dff93cfb8257c85e3fb17c535c452d53323fee06fe7fbe827179af33308d6ef3d4ee15854b011504f0703167284d0fb2fc8acc4c28d8fdd4517f4f271bd3f07adf6770472a5cf94d8aee64379ba0e67a8ac31156033fa77fbe6921ce279006c9c77208f9d4456518a25052e9e108a1fdd9d1dcd4e0c5308b031fc84db877e6db7a13b64628f4a2e2ffef4c26e6afa4e0d2798c0ba76d316c597276652962f9cd091c9cbfad3026e12fd570eb322ec0bb9d3a7fc20883f88d3c44d20e830ad048967057076ef0c1ad59\"","k_build":"418","dc5_server_salt":"\"32c7eb2d7ad0c4e0\"","dc3_server_salt":"\"849ebb3995513a54\"","user_auth":"{\"dcID\":2,\"date\":1698432317,\"id\":6908131033}","xt_instance":"{\"id\":4843954,\"idle\":true,\"time\":1698432331152}","dc":"2","dc4_auth_key":"\"372c14f7d071adf43315b0ac0cd1af6ef0b6389100ee38fc1271cf165507ed859b754fa7a6dc59606c1235d5560881540789a6f8917d8663cc22f228a75325daaf2c6bb39bcffa260c962f7f82f01324cb81056ccdb329d445d863933ac39060e24dd00dc8cf2864ee2a67789e046f641413f94be093e9ea10eaa508bcc96878d0754117bb8fc1441b34beed3ad62e557ea13e1db2c835573cc33b4ce7cfb5979183f976e3ce571164c0f6f975dca7d833a1a57375b90a9703a039b1e328201c8a199291f17f0e98c7978d699fd0a5ddd72dbfe123fd148f025d3c3ea46f57886c5a524700195da964a22fe169baf56a0e21c13e1be8c3df49e14a57451100dc\"","":"","dc2_auth_key":"\"4c622f320fdc4bb817b377031ac622c92003fadff941954e4d7baf2e367fae8f89dee1907996a0bc40b6ec5db3d80e44ce30912df5b9f2c85fbb9edc2e75c6c25b904a0588617834d9a1817fabe1608ded81f91784559f7d5698b30481f97958fb6f449411181152391673ed90bd4486725ef79df71956015349922cbb5cec6d9dc9c8e332bfd6c0eb198af4487bd86fd343a5fc355f0ea773ed5fd7ed400ff58f824b267c884560aa9e96cfde1d742c38b0303aaaa0f8e9ee15dcd2a52b9d1bc106833f9e8206d9009e011f59628b3c401dfce89c27aff07a8871ae02f95f3f101ea545a6f90b1c0ee1a80a54b0ea8af12501ba916ffd7aac5501e0aa0f6a86\"","dc4_server_salt":"\"a9173af1d9ea62f4\"","tgme_sync":"{\"canRedirect\":true,\"ts\":1698432317}","server_time_offset":"0","dc2_server_salt":"\"4b2ac5f27666f330\"","state_id":"41336091","auth_key_fingerprint":"\"4c622f32\"","dc1_auth_key":"\"7105aae1278ad1deed62863e32808d5d425851ccde40d51bddd25b73693090a86ef7db7a48b41c9f3e649bc49a04be314a603ee758d35286d8bdce884e48eaaf4ef2ac0dbb60ce0fb674d861a0b3824ee73347c552ef8e0e629c78fd812a100589b08f4416ef8da208e2f45b5be74353635884a6747793645ba02027a2094264cac18857806cd8ad230009311f75810cca29b20b1a76ccd91b03db8b456a31af3ade57434998416c04b9aeb3f4f2712a19998a8f68031508c3cef9e9558648e1b42525deeacdb0c0ff38e4b03a934a68687b5400c1d407d9187561487d5b718b9bac6d9df5d802625afed327bfc0476344cc4154f2595e0a13d6f51dc4bc5c0e\"","dc1_server_salt":"\"b5f35dfe37f226b8\"","dc5_auth_key":"\"47113b08744111a1b5b11a3296f04897a525849177101480017711bff0911daeff4a9ed1c1d2b5ccbf9892787a718bad4c09734a56e95aa4a3cba6ad6b415a7d9ea67acb44a4331533e895f10a32ca70e8ecba04d1713317ab6f8f164e57e0d6f49dedbb50ba14c68143c4e9da07969d904f44e3fef48a31086128400ac44726087d6323424614e29595702b8e1378405d50706f56ad272c430ddcd2ed4eca1ba7c907d60755be0983aa0ff8860dc36d8db452864fafe1fef08cc1b674ef90a60caab112e9c3e19b82c5bd38d7883f986bc5bb6f330f00f5b1e1f77f5a35074f422b5194b942c7209062545d7e7bb5ac85d1936455e187a3e6ef2f43c6f0fe4b\"","tt-global-state":""}
VM40:1 —————-
undefined
