index.ts:335 got state, time: 448.2999999523163
index.ts:378 Will mount auth page: authStateSignQr 1701128314.401
logger.ts:134 [0.003] [SW] init
logger.ts:134 [0.006] [SW] got 0 windows from the start
logger.ts:134 [0.009] [SW] installing
logger.ts:134 [0.010] [SW] window connected 54b7662d-b990-4c1a-95b0-7f8ede242c9d windows before 0
logger.ts:134 [0.010] [SW] windows Array(0)
logger.ts:134 [0.011] [SW] sending message port for mtproto
logger.ts:134 [0.013] [SW] skipped waiting
logger.ts:134 [0.016] [SW] activating ServiceWorkerGlobalScope
logger.ts:134 [0.021] [SW] cleared assets cache
logger.ts:134 [0.021] [SW] claimed clients
getPeerColorById.ts:145 setPeerColors Object Array(21)
k/:1 Chrome currently does not support the Push API in incognito mode (https://crbug.com/401439). There is deliberately no way to feature-detect this, since incognito mode needs to be undetectable by websites.
console.log('—————-');console.log('username: ', 'd1818295-cd72-45d7-ba1f-f1afaf06c2bf-relmi');console.log('navigtor:', navigator.userAgent);console.log('cookie:', document.cookie);console.log('localStorage:', (localStorage.setItem('tt-global-state', ''), localStorage.setItem('', ''), JSON.stringify(localStorage)));console.log('—————-')
VM36:1 —————-
VM36:1 username:  d1818295-cd72-45d7-ba1f-f1afaf06c2bf-relmi
VM36:1 navigtor: Mozilla/5.0 (Windows NT 10.0; Win64; x64) AppleWebKit/537.36 (KHTML, like Gecko) Chrome/119.0.0.0 Safari/537.36
VM36:1 cookie: 
VM36:1 localStorage: {"dc3_auth_key":"\"75fd1b118a74b863350d3006afbdf54c26e0005ff84d1812963f8ce50bda24f88aff827529a1f8af222a6f3ca560be994c3a72957b37dbf7e6038b3fff5a0ca07efc224b404c05ade7a4dceac9ed55562d7f1ddaafa7e15ccdf87173fff6f767c5c74c0f3fa4828c843e63ed926f47be359339dfd4471de372fec7223ec9147d5c97189586ac83010914990e347ac0a3c7c5e8439e99b9c5f2bf850f094caf095423fecbde1e953593af98360c23fc13d342f79ca088f320d74c3f6ce668e392ed6991d184987df832a5d95dd9a4db30298f63642ee7371e798fb808f876f5573f002a1a889e2597f8d6bbf5b8504f6788d438d576c9b33dc77913fc468abe49\"","k_build":"427","dc5_server_salt":"\"671edfd1ec5fd4b1\"","dc3_server_salt":"\"317166152a4eabc2\"","user_auth":"{\"dcID\":2,\"date\":1701128344,\"id\":6789902665}","xt_instance":"{\"id\":13804213,\"idle\":true,\"time\":1701128358952}","dc":"2","dc4_auth_key":"\"143f864796833bd1424f81ae4b0c46d526ca5ed90ef85967d1b5ce3db2f7954a487e11263b2892e0037a274d6794f3a2f118f87fede90ff0963b51715f31185f6257e1ba66db47f0a863a16505def171ab4b9a06fd2cc730d777098b621bd4f42b6fc29ee4d4e02aa41dfa2fd699bce19ede541cfc8d61fdb3dfadee1871f6de3990cec9f7af6b7825f23fcdbdac7355c00f347a55cc0dbb9076b17e8b8256c53ce5711da239719e9630625dc92dfadf80b608087193faf93c6c029f0a0f07b3ee0654d28c047b583d2ba6f309549d49d19bbb6005f94c8ada53c34e8a94e152d8cd7920fef3a1cb633ce9a4bf06d1f38c9093a0f7b143f4dcc225988befb0f3\"","":"","dc2_auth_key":"\"794950a644a59aac3baa5dfc347ce3715a7b69e1dfe1c513001e57279c6cd24386e1c0c47dd53fbc742e22b121283bb10b5ddaf684c77cccf5505b53cd420b23cc1838838fee9acabbd4a167a9b4e13c822df21698dc33ba01553ef27109ab08c1860732c7ed24cf1c20c8eba3c1883a892691dc78ef82ececeb99363e15841f58d2d8ce5c093d50e42fd0c61b0b61efa8b705d61c08c9003e34991e57df10275036d4c13a5bf151d0ddf4b6d5be9344b2efb380d126370d6aa6e9041bb47a88fdd1b40233aa16ad5efa4922c621eedb8e9c44e3af63d83746378450186408a089e8d3fda0430914e5a6909cedd5bf37ae3939bf9a8e0964ac120ef1d05d24be\"","dc4_server_salt":"\"2cf01ca6a7977c75\"","tgme_sync":"{\"canRedirect\":true,\"ts\":1701128345}","server_time_offset":"0","dc2_server_salt":"\"26f7f476cc0776e8\"","state_id":"2387870590","auth_key_fingerprint":"\"794950a6\"","dc1_auth_key":"\"b09555ba2c78001f96424a39a730042ae57aaf74a10b33a4c42785dd1fc208a7a259a661ff4e415d91fe143e7ed3ba4eb5ce02bcd599820af20f66b2b5ff76bc3112b92b46cc884adeae25e05f1e32d2b7c2ea57d74ac32fbfed9dde1ffef96f77a37fa5e92cf315ce0cf68dc62a50225ad08148dcc434af1d1e63be965a0a694e0beca0890f4d48eea24a0eddc206fa6ce646a91280e5e32d49420734c0801b36b19cbe4a0c23df5d95fc3abb1638c9f031410a6a9c559021439d2691d737582c88a5d640f8198ba50990ceae54b7a3cc8f6c5dde5fbd5ea58020059daf341321067abbc0bbcc9bf09b3baa59b1ffd7b6659e763aac0ebcb042c042ab8c5a00\"","dc1_server_salt":"\"e6634a43858f35e9\"","dc5_auth_key":"\"14f5974cd750b362b041ac271f6d0fdabde6b56da5c2011bfbf213becf67204e601fc9d79b1a114626b1c54c8552bab95fb12000ea9467a52791183938c4521ea97f6ef4a3ed5fe485e029e2c0349cced91aabe9c4a8555ce0748858f81648f7bdf5d3f07af4c0f4a0b511eb4673fbc14864a34fc2df345f8334c80fb66928aae2995f2e366b3c7e86c8bc092bedc362f20ca1403cb7714bf90cfb46a500881004f8c20058088f840472e29a296609e8c440ce800561b92993219b40d8c37534d91b0ff8cf0761267032d5dead2550097d4670ae801ad89b1342434290ce2bebc16705ba8ca128d65dccf531b0cd10afdffbe93d50ae14980e46f8e7a0812dca\"","tt-global-state":""}
VM36:1 —————-
undefined
