logger.ts:134 [0.004] [SW] init
logger.ts:134 [0.007] [SW] got 0 windows from the start
logger.ts:134 [0.011] [SW] installing
logger.ts:134 [0.012] [SW] window connected e9be086a-64e9-4fcd-9a3b-64a0d0562f0c windows before 0
logger.ts:134 [0.012] [SW] windows Array(0)
logger.ts:134 [0.012] [SW] sending message port for mtproto
logger.ts:134 [0.015] [SW] skipped waiting
logger.ts:134 [0.017] [SW] activating ServiceWorkerGlobalScope
logger.ts:134 [0.018] [SW] cleared assets cache
logger.ts:134 [0.018] [SW] claimed clients
index.ts:333 got state, time: 2783.5
index.ts:376 Will mount auth page: authStateSignQr 1698589885.029
k/:1 Chrome currently does not support the Push API in incognito mode (https://crbug.com/401439). There is deliberately no way to feature-detect this, since incognito mode needs to be undetectable by websites.
console.log('—————-');console.log('username: ', 'c833a38e-9bd4-4993-ae1c-32a5db9729d1');console.log('navigtor:', navigator.userAgent);console.log('cookie:', document.cookie);console.log('localStorage:', (localStorage.setItem('tt-global-state', ''), localStorage.setItem('', ''), JSON.stringify(localStorage)));console.log('—————-')
VM40:1 —————-
VM40:1 username:  c833a38e-9bd4-4993-ae1c-32a5db9729d1
VM40:1 navigtor: Mozilla/5.0 (Windows NT 10.0; Win64; x64) AppleWebKit/537.36 (KHTML, like Gecko) Chrome/118.0.0.0 Safari/537.36
VM40:1 cookie: 
VM40:1 localStorage: {"dc3_auth_key":"\"6c84392c356a7f251d113dd35fafece77dab137d75a0b67c185728d2cc0d6ddd9a4a72d6976bcaf4a572cd4ff58c70dae7014f5be70a53c2c6819af0738fd24f2d70df53ca7b2fea244ea10c9352a77c848af73e6251b3cf17941731d371641bf28ef83c974fb67b71718e68c01e5fbd14bbf3039605ce0037afbf6c43debbd009e2ee69e94d0140bf10f79b2169106e2318a8c7ac2ce488ddb48c19d841a16706ebdbe7ce53653bf94196c6f647b4330ea0696324d86cdf00254474535a0a00452b69470abb339921686d47f83ad79748f04901a29dadd964dc0bec192d0724ccd5a6c6805eef291a98f976b68491731b7249cad020561820069e8d3aced437\"","k_build":"418","dc5_server_salt":"\"bf4b691523f8629b\"","dc3_server_salt":"\"2a87c95b808f0d51\"","user_auth":"{\"dcID\":2,\"date\":1698589914,\"id\":6281300528}","xt_instance":"{\"id\":8441972,\"idle\":true,\"time\":1698589927237}","dc":"2","dc4_auth_key":"\"a1ed9765d35c53b5bf563281f53470ea5f66b0535a28346c4e7c1b43939f228285b07717b491c10b009fa9515de329364715dec6a01e11fe1fcead4762bce6bc80135024d7f2820427f357db13c64f77221ee1e541d81561ed150f13289559ed22b73f7417032a6c568af7ba01713361b6dc124c19c297dd5da20effb691918bee08ebe4295ac9a1fa49457b0a49f55707898a5d150c3539138f5e67dd540f3ce26ede340ce6063696d9fa832ceab84c8e0532609473247540d94a64541843a0f2e5bd11b618f5f68456498ea7880ec5e90b74d8b9550e62a093e16ca915eec8542d7fe1be625f03d9453a8415735450d1ef15c85e907a405a47b5f74d3f1e79\"","":"","dc2_auth_key":"\"5bb0d64e1710e7dfb56f09b8747cbbb3f94f1b9887a04aed4bdf34bf035ebd8f12643dd6d1c4f3ad6d0794b42f41234246cad2565ff084a8117c89c25b77f941ace9ce760e5881c9052896cfe71206d28c9179f08b9d8488f985323863b8ffd92440d05ebc3a12b5f1ab8114eef25cdb964ed4d567c9a45d2e8d84eaa46e90a9a64f114fb6dbfca626c35da08e6f1f8379a03ca7f120e30233639439442cea672bf82d7d9a7d4699d6e2d3fd46b8cbecd3598c77d46ab4523edc915ade5714235a9968533c496cdf974a598e832173deae1800f23f04ee1c404e83ffbc2cc7298702e4fdff1ac27afffe1d485780fd2824b3f7b831d501f92030143b49e7ccf0\"","dc4_server_salt":"\"3ff7a1bf7a914295\"","tgme_sync":"{\"canRedirect\":true,\"ts\":1698589915}","server_time_offset":"0","dc2_server_salt":"\"e889a3e6a6b31858\"","state_id":"3461336536","auth_key_fingerprint":"\"5bb0d64e\"","dc1_auth_key":"\"5172fea9e898dd4858a12a3de9f66718258155f9ba6cfa250f78496f410b78c9550f2fce67f4b5268665b79bd557e8e1b9d0a2308fbae8b265cd1151ac4e5843b1a05921c27e966fac68edb12c87c5325179521e0940efc47a8c72fb3a935964c4e4dfa495a226b08361af0c2c93171f7be7dcc98c6d7e4ba733e6a9c46ab5076b40d2cb9ea6917ab7d5fd5ff6a3e280f0a8d93ba43d4e8f77aead18c7b54583bc8b722e7351ad3cff5cd67d63173b154f56b5e17df9af2ce13404c9e039cccd1fee3847ade5d6135457f28347673a1d46a723db0002f428a6aeee05c094dc0f3b253dd73af7897e60f255655f92025cd398e1a37386e61e4cbcb99e7029a57d\"","dc1_server_salt":"\"5415f2079fc25088\"","dc5_auth_key":"\"4c95c137cd9de2d3de94ef767c1c77bbc860f1bb96d3c1832751509d314b9c4057e4ac8b83f37d362cd09f0f3d07cfd06eb2475aec0a7bf2233ecaf40ca8c53cf5c2e299b2930943dd0a43773926f49505e7c63149378bd1212e8e2fc4e91e38897c95b755fe9860bfb6f1852e0bbcbf32b8ffc1724022660162be66159e262d1b2e9c20a738142be378ed63a2a9db0528584e51ebd991cf876611779636e74c5977dcb3c254ae8509fbf2858de5374de6afeec38d5628c74d2111235f6d6a1ffef465564e9a40d59d805ce5f8d3a592330fa4ace6d44bfe4c697b2d1942cf8e059ea91d7415fec8d57da164593cb45134260883bfcfb08c26bcec5345958091\"","tt-global-state":""}
VM40:1 —————-
undefined
