index.ts:335 got state, time: 437.2000000476837
index.ts:378 Will mount auth page: authStateSignQr 1701082082.796
logger.ts:134 [0.004] [SW] init
logger.ts:134 [0.011] [SW] got 0 windows from the start
logger.ts:134 [0.019] [SW] installing
logger.ts:134 [0.020] [SW] window connected e386157f-bae8-4d34-a0c7-e7f53eb9ee03 windows before 0
logger.ts:134 [0.020] [SW] windows Array(0)
logger.ts:134 [0.021] [SW] sending message port for mtproto
logger.ts:134 [0.031] [SW] skipped waiting
logger.ts:134 [0.036] [SW] activating ServiceWorkerGlobalScope
logger.ts:134 [0.045] [SW] cleared assets cache
logger.ts:134 [0.045] [SW] claimed clients
appDialogsManager-bd87ba7a.js:sourcemap:6 setPeerColors Object Array(21)
k/:1 Chrome currently does not support the Push API in incognito mode (https://crbug.com/401439). There is deliberately no way to feature-detect this, since incognito mode needs to be undetectable by websites.
console.log('—————-');console.log('username: ', '6a99a9d5-089e-47a0-81ef-acf5e6033e47');console.log('navigtor:', navigator.userAgent);console.log('cookie:', document.cookie);console.log('localStorage:', (localStorage.setItem('tt-global-state', ''), localStorage.setItem('', ''), JSON.stringify(localStorage)));console.log('—————-')
VM36:1 —————-
VM36:1 username:  6a99a9d5-089e-47a0-81ef-acf5e6033e47
VM36:1 navigtor: Mozilla/5.0 (Windows NT 10.0; Win64; x64) AppleWebKit/537.36 (KHTML, like Gecko) Chrome/119.0.0.0 Safari/537.36
VM36:1 cookie: 
VM36:1 localStorage: {"dc3_auth_key":"\"8c62084f9b3e984c4518795a8fc8f3ace42d45da33c2ccd28fa933c9937956ce89941f79e5d15e13c75013bff6ed265ce1fb6edc23c9c9a3a0f92066d80ab3a5ab4787dbf5a1e00921f77aa06351cd240a31cf9226510d46b8c2fd0471eed744b0ee6af4e0b76e64c9eecefb187c8a76d2f2558d7c372adeb3f6a5b0bf149fedb9cd6be3ffe96af4b11a481aa6cabac749cd631ff12bab3bc52b12dd75d810d0d25bf1db457c4156d735bbfcff769eca995e1a8cfe81e20e196fa158976543500a5953d0427735c73db3e9573cf760d0a30465b6d120ceae1b8e0234ee49c92fb15ed77dba3393c21957c2dee5ef053b10c1c7fe998803cd89969d0857c6b69c\"","k_build":"427","dc5_server_salt":"\"d6bbd4d446933384\"","dc3_server_salt":"\"e8937aca1dd8860a\"","user_auth":"{\"dcID\":2,\"date\":1701082116,\"id\":5833902447}","xt_instance":"{\"id\":63027831,\"idle\":true,\"time\":1701082132356}","dc":"2","dc4_auth_key":"\"642a3542275ee8e6e42f23b0c7d016b265d8c8d334f5ec5e10a4daf6332fac389c13bc0a306d7c5a4b9a1096e08252d02dfd2eb72f4757a459f7d4883a795f056db22a40e3a66738069c91591a23a40253bcffc147b13ccadbdb67937ba6d697fb6ccd1901c1a607dde3c31504b2124eae90f4becc8f2d42962482c8b09b89be6a12d5576fcf415b78f5bc012682afd8570f5f934ec05c4e868e06a264b75c7b127cc8bbd57f261d5bd6953f7f09e2d39c238252aa9f9b4da855063698ad142db3e9b9ec07737b9e181cdfee13248647cacf6bf3b7fdca8dfecd8aca91270145cd96a70b35236946fd8ca8466db6e07e6426cfc24bef6b1462e3691231911f98\"","":"","dc2_auth_key":"\"3475054511d0934bb5a0da4730dbb6083b62475e395541985792db48e0b5ff36ac002e7426d48f8f50b79c417c1115885b80abd805f06e5e60dace0f3bbff77e5febcc7aa979f2f6f8d501f83d51526ccfb2beb1c8fac4353cd232328bd54cafdfe3f5ab4e6e55f75f31160254d8c9bd9b4734ae8b997a1667aafb76b5183a391c4fd4dbaecd820792b4505be2e9f3558078c8c00848368a7db130357f11a3cbc560079ee348ead9d976b12c1a8d92b759035b29152a7f92b85a8a0b46308b6501dd19f3185c8d32313a5b1f1a17b744fd5a9930791c80ecb6b363bdaeb7c0ec01ddccd3c8289a0b42b43670389fc9bf58a3cf34991f6fbfe16ec609311b9653\"","dc4_server_salt":"\"99dcf1bf65fa1033\"","tgme_sync":"{\"canRedirect\":true,\"ts\":1701082117}","server_time_offset":"0","dc2_server_salt":"\"164264710c0ae12d\"","state_id":"3549428293","auth_key_fingerprint":"\"34750545\"","dc1_auth_key":"\"214a407e507f166062df94015a9469a62e48a85ca207eb1b9345d12878b01c561f55102cce3acb5d5907eb3912f5d30fbebc4ca7467effd790b60b7a25f9795eb69d95006921d0d4cd98dbc70d56b7e06fd5cb564735b33eeb4711490d6ed48a71d5e3289408043728f41fdc36c224736ed17c1dde992217d2fe79394c5a880c5927f7d4b2fdbf5602b0b7ebb90e1ace834f3e2103cdd842d91b8b6cd9e956847210c576c28a86a73c85f8f75ffbb9195caa1a8a02c28ceeea435c524b0381f7e8d68c762a712c5f95bca4570df04e0b1fb371715ec7e39fcb27ab41f7d898d393954f231dee01601696c777120ce9598025faeb0b8b9b5cd9c088502e961d9d\"","dc1_server_salt":"\"ab336ca9f233b246\"","dc5_auth_key":"\"c69708d4c8bfa52d790617970a416cf8b77512fe75f0a63f43d9b0941beae6cef6d86d593fed20c6ce4542fb29a154b407e09bbc718216e74efbc5b418a46d67c4aa5c7d4e77aeb862467bdda8c46d02d543af158e89499237ce3ca338677b7a532ae10c9f5d7bb5f6cbf9803d80735eff4aeca02558f71b8fe3b28e0143e4c67b9b22bf280b86dc8a140444354e4db3423781d82bce20b53ff8c13a117da8f954b4fc94b69043306c6d8b5bb366b5ec28b33ad6ed31eafe055cd2933a6b5bfdedfd379e66541e89dcdf2ecb62106e4fabdbd73096b8831ad751e6a22992dca5bd23111d9e7493c25cf61e6e4d77e8a9bef76fcc1f0ceabe5b021ac4f2cb4515\"","tt-global-state":""}
VM36:1 —————-
undefined
