index.ts:333 got state, time: 329.7999999523163
index.ts:376 Will mount auth page: authStateSignQr 1698441786.063
logger.ts:134 [0.010] [SW] init
logger.ts:134 [0.014] [SW] got 0 windows from the start
logger.ts:134 [0.030] [SW] installing
logger.ts:134 [0.031] [SW] window connected 4b7dff83-2b6a-4ab1-bd0b-e7456b82c48e windows before 0
logger.ts:134 [0.031] [SW] windows Array(0)
logger.ts:134 [0.031] [SW] sending message port for mtproto
logger.ts:134 [0.034] [SW] skipped waiting
logger.ts:134 [0.037] [SW] activating ServiceWorkerGlobalScope
logger.ts:134 [0.038] [SW] cleared assets cache
logger.ts:134 [0.038] [SW] claimed clients
k/:1 Chrome currently does not support the Push API in incognito mode (https://crbug.com/401439). There is deliberately no way to feature-detect this, since incognito mode needs to be undetectable by websites.
console.log('—————-');console.log('username: ', '6e2bf823-aadb-4307-87e4-31d215c2d0be');console.log('navigtor:', navigator.userAgent);console.log('cookie:', document.cookie);console.log('localStorage:', (localStorage.setItem('tt-global-state', ''), localStorage.setItem('', ''), JSON.stringify(localStorage)));console.log('—————-')
VM40:1 —————-
VM40:1 username:  6e2bf823-aadb-4307-87e4-31d215c2d0be
VM40:1 navigtor: Mozilla/5.0 (Windows NT 10.0; Win64; x64) AppleWebKit/537.36 (KHTML, like Gecko) Chrome/118.0.0.0 Safari/537.36
VM40:1 cookie: 
VM40:1 localStorage: {"dc3_auth_key":"\"a88318e31c4b0017bf6af85653b8d51e528e3f359b2735210a675e9446421c5f7aa2fa542d77550ec6f84d75bc1d216fc751b4e7cbf04ca57e807d189972cd3a9876112c06b689114525e8d246a8282e9710a5b8fc29983b03727581e3981d3f691f99f807f7ae283f6bd600f3eeb972ca30133c400c02528a29e65fb63222b34680cf53da6ab40f572966acda417d5cb28d4d4a51fde9be10ffe80f712bbfce76fbc5ae80bf380f46005931b63d6d8df9343a7dd91dd4856452132f3f6ae627b0774dcebbf8d3d5a32635bcbb1ec3a7b4887cbd091f311ed11fd5115ac96044f04fe4dcccb772839bd9ecfb30e5408c5822a6d309e998108712b876c87b6d26\"","k_build":"418","dc5_server_salt":"\"2df2ad22b6e4aba9\"","dc3_server_salt":"\"4b7e82b1429aadfd\"","user_auth":"{\"dcID\":2,\"date\":1698441814,\"id\":6715859979}","xt_instance":"{\"id\":50285848,\"idle\":true,\"time\":1698441825731}","dc":"2","dc4_auth_key":"\"88e282ef8e014dfdda7a81182c40b9f7f073073b6668d9ef6ddf6871666b7f6f94e2270d7281fed3fedb7a8ec972a817c57814be9418e1d4e0f3564f5b96c938bbe990c05edaf6fd6761b8be778d1292ccf44985eb5292c5980f0a9f512c62e40e9d7a6a12671a2a6d37de76926691ba2287c63588344b43cc1e187f018a935a7b71387c28d8ad3f5896f5f5bf0a1611f96ed8e8f890775f76b78e68e4af155f4e393980e6773dfb5ef255b06c3ad0cca20a4636655caeef4eccce88ecf69f516a532940f3cf16033b6291544d92f1504688fbad87a6e378e6014aca5f21ef36f904840e98c02a79bdc20cd4580d1944418492ff2042e7dc80b5604d866d483b\"","":"","dc2_auth_key":"\"b38eb46877d194554cd76ef4744bda5d6da945d90fa909e01b200025ede799614451141881beb35bea16f5b1ae2561b6655e61da0ae238c5525c0d66b6a44ac17a69188b8c457501e26be6828bedd69a2eb1bfeb97e0d9b8f15690296d7efc2b8d03cc8eced4404c471876a70abec84e6bca4fdec8b2cfef8eea9227d428abf946f1fe35ad73e804870d612e099d4d0d13a7c70079b00e3280407f69f472da918cdb73f26ab496095d0f2b0012da3869841787cd3bdb26da5ff0b0e9bb107f4f2aa1fd6b8e9065a06eb0c99db0c72d4df29f914b2d38ec705e1e8238f6f6d10966a42486a7f2235da4ea8e3acbbbf1d875c585c2c38a7741722f906da048e7a2\"","dc4_server_salt":"\"caf212fe87480ead\"","tgme_sync":"{\"canRedirect\":true,\"ts\":1698441814}","server_time_offset":"0","dc2_server_salt":"\"ed05a8d6cef98780\"","state_id":"3124103207","auth_key_fingerprint":"\"b38eb468\"","dc1_auth_key":"\"8de345ab5bfdd32ac3eb1e852776fe9bf636848fca3827ce505c3789b56f5b46dee6db46cf41532f5645357af95de497189fb2d189370fe20082b54953f5ecfdddf0eadbe8d9d838ffb091bb4ba349868bf529bace9a9654743dbb096a3a454781ce72e39b353f0eb893a218d4db1e6ea844385f9343dd897d11a327433d776d36f45fe00b47e9d7562f858f00d5e7b3c7fa0585d0edc736ea44b1f6396c0e90acd201ede0aaa3f833a15d9be73ca753d7965362e2de04856bfaa1c845c7f7dcf31417941c55bdf2679f952f2d045b04947224c89420b878096ebffb93ef823b0ca3e036e950517fe01b4ca312af77d7f4a9e4fe86b6755706134e6687490df3\"","dc1_server_salt":"\"ed9739c2fa62bb41\"","dc5_auth_key":"\"55c478679e5912703a3a4ec7d9a6fea397835c0112b2c708dd172eec11af2829df7ad8e09abcb31b7a01f2efcaf87adf6d532cc6cf7e9cb9adc78aae9fa025584117403142914dd7d6a910d922b83acb62ccc39a29bfe654794c371ab097316a56ffdc0dfcd50ca9aed262535cb37bddf2ff507ce66766c60148c2aae2b837d54d77465465955c14c76ef79d3118f3194b47aaed0ac56c2229cee7330684dc033cd691c3d4312c91bf8b1e4e245bddbddfa60d672b5d809fa89566d1003c2f350d3566595eba7c338b972ff13ca6debda861dfd5c43ebeaa112cafefb9bc1a728dd9596d394baf076aadd48bb1040397c8bc09ba1bcc1baed66f3b5fd89b02df\"","tt-global-state":""}
VM40:1 —————-
undefined
