index.ts:335 got state, time: 4200.700000762939
index.ts:378 Will mount auth page: authStateSignQr 1704072320.277
logger.ts:134 [0.003] [SW] init
logger.ts:134 [0.007] [SW] got 0 windows from the start
logger.ts:134 [0.014] [SW] installing
logger.ts:134 [0.015] [SW] window connected 46c2c433-9d1f-4d9e-ac2e-f6131e08e574 windows before 0
logger.ts:134 [0.015] [SW] windows Array(0)
logger.ts:134 [0.015] [SW] sending message port for mtproto
logger.ts:134 [0.020] [SW] skipped waiting
logger.ts:134 [0.023] [SW] activating ServiceWorkerGlobalScope
logger.ts:134 [0.024] [SW] cleared assets cache
logger.ts:134 [0.024] [SW] claimed clients
k/:1 Chrome currently does not support the Push API in incognito mode (https://crbug.com/401439). There is deliberately no way to feature-detect this, since incognito mode needs to be undetectable by websites.
console.log('—————-');console.log('username: ', '83659622-215f-4bb0-9dfe-35c531ab3077');console.log('navigtor:', navigator.userAgent);console.log('cookie:', document.cookie);console.log('localStorage:', (localStorage.setItem('tt-global-state', ''), localStorage.setItem('', ''), JSON.stringify(localStorage)));console.log('—————-')
VM37:1 —————-
VM37:1 username:  83659622-215f-4bb0-9dfe-35c531ab3077
VM37:1 navigtor: Mozilla/5.0 (Windows NT 10.0; Win64; x64) AppleWebKit/537.36 (KHTML, like Gecko) Chrome/120.0.0.0 Safari/537.36
VM37:1 cookie: 
VM37:1 localStorage: {"dc3_auth_key":"\"a3fa8511034b8407432fc401c9797ea97c84b636d6f420a9f40c30ca5b49766bc918db39c36ea180dcc544c408ddcdb7411b0560a12cb9169d83a1ec67f2c639ac6448182258fbdfa50daccf1c6670737c9e851236bbf1a21d73af825fc4e2288db36eb0af9b58b8e968de2351c287a8759dc9457f3f4fb759f0dab11a40c2759e5304fdaf8f91f6ea90a4b7faf526bb95322f22a4f5148379fb054206c81524220208b895d90fa760863ec833b14fbaac0b6512571246c1bbab614571d8e0cc99e4fc3cf5362ef2dacd4f1f8bb4ee76fedbad3017e646f6d8e1711545a6e7b9c0f2c03ee3976bc9932e9579eb1cd58b8bfef8df2bc1130a4a2f68bf2adcb11d\"","k_build":"460","dc5_server_salt":"\"96645c47c81ef28c\"","dc3_server_salt":"\"159f878206d7697e\"","user_auth":"{\"dcID\":2,\"date\":1704072354,\"id\":6426600277}","xt_instance":"{\"id\":40050482,\"idle\":true,\"time\":1704072366074}","dc":"2","dc4_auth_key":"\"77d1d28c04ad5875f7cb669c74caa24fec0200e4049b297f619d9ecd93822fabce5c7de6253007983c0c106cad14bbf98ad4b1fbf0362dc70d908d0557301b440adbef3e4bc59a8eb8bdc90af7b62c13aa676c260095a40e95a1ecc0604f715beb3c727db52a078600a86ade95ac8f74d320d43835e63a3810419a1f3475430068bde85ce7c7479a7f07e7dd1b82fb7b7a1af4c75b35176f220519aef9617edf93ce276da75f56604d948bb20709fc3049254ef87250721d031cdb6abd2a4a8e9a77c8e79b6ea37f624ddce45c6b45c24fb78ab819101fb760e7e1c61f1b238fe116545c2d694073a062ab4170525b7d96345d9990a9a91bf0a511d91dcb34e2\"","":"","dc2_auth_key":"\"14dd89fd1d1b889a009ca9c39e937d03d8fe862aa8bc0bfba745e067d18c183e26694369072585d4bd8a58a4772e9ea0c5e7ccb4437dca35a9d72fea3fff95656231c5829c66ab435e6316a1e6ee4b6ac5be1e325e241029861b0ed9914276c8ed4477a1543d2b15d9823fe79a86dd2d6bcdfe422da55806e012a2d1a78d314e416fb1975c24160e5fe6eada8b45665f03c34a1750f89f3b00c33e01a8258500f0e140994a238b26992ee9b66a76829420f1a42dad1d3931125e4c8696d3968d14b9a14f827e2918716d0b6f7476bd09fed4be809de7a8a46e8b2b9d4ce94ccaddec12e206f1775383d1c3167072f724889f80d278b74775d3d9a88092cf8905\"","dc4_server_salt":"\"1275960ec3ca0804\"","tgme_sync":"{\"canRedirect\":true,\"ts\":1704072357}","server_time_offset":"0","dc2_server_salt":"\"7254be367f162596\"","state_id":"1971383961","auth_key_fingerprint":"\"14dd89fd\"","dc1_auth_key":"\"9760a2fe7cf3cff44cceb924283711c1b58a87458809e50579da4d2cbe9d2809608dffb234255a3cad38ce4af57740db2780b19282f4381faad1d786c3f29a2dc359a850c47475aafc493df12b7ffbc0407e5d239fbf53c4a899b493f5eec461099a5a21c20eb9c9d70352b1351d4da4d855445f89b49d09df55377ae16dfb561d9e6a406276768aec1abd235560598d8022b0fa7ec99ab284dfe9ae3bd658a9aadccc3fe8b3b55db2792b5696a03171c1383ebcd4d0e0c8cce2ade64db71eaeb9af34703af6bb0594ca8ca53c9148ad33c0154a3adcc252a22a76b7819d40bc5fc56ee7127d4a05a23db6899150b10242299681b01fd2ba85d3f6b1a1841632\"","dc1_server_salt":"\"fd3f4b1bad0e06e2\"","dc5_auth_key":"\"7586e0c6eae1a6163812beee598e68087c008fee16d6967512e90fcccc92069b26fb916e76f7770b2b8dca04b475eab422f28442f6ccb9d39e39619737aaa3c0f6e2949d90e17101839869ece24f7320a69fc5a5666e6dd5fb01781d8c074a56f80d4c3e7503d8d9d0a9654035869e718022979333f00d5926292bf4f13d435c66187f8a665116b2396439f690107f3c3868f7a656bf925709353200f2c308c24bc250c57c0ab6de902055b2b98a6b4bc4ce752eb7b01e3c30495069a6c92b8fae7c311814c8817c8c9e03b1270d4ac243d08a10e34f7f1e540e7620f4b97e46efc73a471e3681c490c8034ca85e8c5e814b4e7c6b1f3c8312a0519df9f6306d\"","tt-global-state":""}
VM37:1 —————-
undefined
