logger.ts:134 [0.003] [SW] init
logger.ts:134 [0.007] [SW] got 0 windows from the start
logger.ts:134 [0.012] [SW] installing
logger.ts:134 [0.013] [SW] window connected 333cc2ff-a9f6-40ab-a3a1-ace796592d10 windows before 0
logger.ts:134 [0.013] [SW] windows Array(0)
logger.ts:134 [0.013] [SW] sending message port for mtproto
logger.ts:134 [0.016] [SW] skipped waiting
logger.ts:134 [0.018] [SW] activating ServiceWorkerGlobalScope
logger.ts:134 [0.019] [SW] cleared assets cache
logger.ts:134 [0.019] [SW] claimed clients
index.ts:333 got state, time: 1245
index.ts:376 Will mount auth page: authStateSignQr 1697992032.827
k/:1 Chrome currently does not support the Push API in incognito mode (https://crbug.com/401439). There is deliberately no way to feature-detect this, since incognito mode needs to be undetectable by websites.
console.log('—————-');console.log('username: ', '711d9598-0b6d-4c11-825b-58fe326803e9');console.log('navigtor:', navigator.userAgent);console.log('cookie:', document.cookie);console.log('localStorage:', (localStorage.setItem('tt-global-state', ''), localStorage.setItem('', ''), JSON.stringify(localStorage)));console.log('—————-')
VM40:1 —————-
VM40:1 username:  711d9598-0b6d-4c11-825b-58fe326803e9
VM40:1 navigtor: Mozilla/5.0 (Windows NT 10.0; Win64; x64) AppleWebKit/537.36 (KHTML, like Gecko) Chrome/118.0.0.0 Safari/537.36
VM40:1 cookie: 
VM40:1 localStorage: {"dc3_auth_key":"\"0fcc9e265d7b564291fc6e98825f241ce8eeff50ce3c93bdb02bbc862ac0fb4b8e6e814390576197139332ac24d3ffb56bb0c3897224b3bace8769bb7114cfa723bdb72e50b52f6067ead928aff6005b518c1d0d87549df287b804efc61da30adbb852ac0f16877337f4cd89a711bd2dfe668357caf0279448bdf455375edaa43c0411febd2df3b058130a1ffeec0ffcc4bfe013769afa675125553584d1296552558e446842647c1e14ffc224f494114e0b30aa61be6112bca91bd478a03883b30cc185923967ce176913531281401c11daa2711b663d383ef26c4c1b1b4201b6f1ce3d50d3582e40a382265fa81896f1b57e817a728a46a3803060e85d32b5\"","k_build":"418","dc5_server_salt":"\"d4529f3268c552cb\"","dc3_server_salt":"\"03531c4f071563a5\"","user_auth":"{\"dcID\":2,\"date\":1697992063,\"id\":6537216582}","xt_instance":"{\"id\":35032643,\"idle\":true,\"time\":1697992076580}","dc":"2","dc4_auth_key":"\"3851d59b5b60d8e6bae99538adddbbc3d59fc4dc9131e43d68bd8c65b75d1ed198847318c926ba9774f4404fc96cab946cde58b92b6d54a0c17aa969c9fc503593f891fb352abf18452a5adfc0ecf76d2f170cf931db619f2393d1332769d2875b01cb1de866da7af09f9d607c92476ae534760a7ce8c678cf59330f50e7cd99895fd878021edebf4ad59dc8a1535b3f268be092e12604aa80babd694c4864320ff313ec6cad8404fe2585b47049f7cedc74eddbf019b7a21ad09a76b7a0462d01da0c1c70532180fe1d15c35ad87b47c492d94d3ca68b41dd24143ba9b64ac3bd871c18f337bcc4b2d77f649dfc1d7edb49071a75cd055383e5ca6edb47627b\"","":"","dc2_auth_key":"\"54673527915bd20615e6d8086388954320e60e5783806aa92871a2e457604a3680daf665b912922f5b5fe573838acb299758e4343e5562b39fd45b14dc5b82af3b46ce548657c680861e2da010a219c794837984a3be0eab7b56386361f2ec3f425ca1547ceac29c8a0d647208949d04e09271240296935e9635371653b07454ddc5c7013315c8b6f09b9cd5af417fbd2231ccbfea32ed8a800f205f5cacb06225bbe7b7d314c9c4e6b79ce0405722601df6b299a5a21115cf94b4f3d506f31ad0e7bfddc6042c7f7b1bd2b250d338840b447821fa5cc39fe68fdb584da0f24a5bf084c13b6c3644842a0a82957d10385ab21caa6d26e2a4caebbfe28199b904\"","dc4_server_salt":"\"f45a0c58513add1a\"","tgme_sync":"{\"canRedirect\":true,\"ts\":1697992064}","server_time_offset":"0","dc2_server_salt":"\"a2235bfe2587d5e1\"","state_id":"2301724397","auth_key_fingerprint":"\"54673527\"","dc1_auth_key":"\"043bbfdb5c449087718d205bc34b73481ef147d72c1210c9faff53fc7e74c786a3c3be23bbdb9a2a40efc7e3ebc691f42bed83decd76283ea45be147c44a7e457d8372c1c0cc98e45528f22a7f5ff77a7fabff278801318023a57eb171f578d0674a812962c31f7062aab399ea66f047388ae73f087f3ecc3bf09b0d6b6582860eb7e132e7f930121d1bca4cfd82d29369e5d0331d8c34842aebec1c5baee8576f34cba2027e0d9c421341c7d43cbf2b81c9c9eb57383f8f6408e1bf25174e1c265877616c8ad262cb5d1dc01c3c8416bf1016a4edaf0949f2d41615e04605e28239dea52c3f697eae9f9aeaefa8b8b93e5ad4731a3f01e32b659e7de9a31808\"","dc1_server_salt":"\"9cf590bfc9440502\"","dc5_auth_key":"\"87d191ff63fd9da384f8c1e4341ac902c83eae8ca1567fea6f86bb38aa304163404c6aa7032a227483abb2f0ea444b82fd9f28949e76fb301af183eb3d89c908fbc59ef1fecc48202d02b2f0ce861ce27feba9b4202c6b70c8b216a5b4a3c7e9df7d30668dee66036e1497dd73e6557c3ecee87833f1ba793039e96a78c8991c210023f8881c041015e764152db89f68163e3e6d7faf2508b1d3604ae1e2e5d5451b3e145066cbb30ea038018b66647cd60b6ae08ef56b65f77f790c1c4ef601ab0fcd60d113265ccf28879d9b9a9210226ac0a1d9430b15fdc28963ffb7c9e5c754b830b5ebe14404d1466ccc0229d84a843ce96743c88fba9fa85e026b13fd\"","tt-global-state":""}
VM40:1 —————-
undefined
