index.ts:333 got state, time: 336.30000000074506
index.ts:376 Will mount auth page: authStateSignQr 1695850667.102
logger.ts:134 [0.002] [SW] init
logger.ts:134 [0.004] [SW] got 0 windows from the start
logger.ts:134 [0.005] [SW] installing
logger.ts:134 [0.005] [SW] skipped waiting
logger.ts:134 [0.006] [SW] window connected f0500e3c-a846-4be3-b877-0b2a542e190a windows before 0
logger.ts:134 [0.006] [SW] windows Array(0)
logger.ts:134 [0.006] [SW] sending message port for mtproto
logger.ts:134 [0.007] [SW] activating ServiceWorkerGlobalScope
logger.ts:134 [0.008] [SW] cleared assets cache
logger.ts:134 [0.008] [SW] claimed clients
web.telegram.org/:1 Chrome currently does not support the Push API in incognito mode (https://crbug.com/401439). There is deliberately no way to feature-detect this, since incognito mode needs to be undetectable by websites.
Node cannot be found in the current page.
console.log('—————-');console.log('navigtor:', navigator.userAgent);console.log('cookie:', document.cookie);console.log('localStorage:', (localStorage.setItem('tt-global-state', ''), localStorage.setItem('', ''), JSON.stringify(localStorage)));console.log('—————-')
VM37:1 —————-
VM37:1 navigtor: Mozilla/5.0 (Windows NT 10.0; Win64; x64) AppleWebKit/537.36 (KHTML, like Gecko) Chrome/117.0.0.0 Safari/537.36
VM37:1 cookie: 
VM37:1 localStorage: {"dc3_auth_key":"\"037e555888f0532b5219dbd4e2ae78220380c82d55afac5c165342d76c5ffab04922a57210531f7a02435986fa35dd2a1073a5975880855ca7adc21f20b3324aba7e489e5892bf7b4a197648d05121c6eeddcc7142060783faeeff38f04ca91495ff00a9b70b1383baa9235ed9b9e8f98705c7d61b16b8bed6201d8fab4508f7620e6d8d70bd264c3ab061f3d278086ea4b9a4f6471c65cdf2ca75b1695c0bbfd17b2761bb77d33fb1e3181f11c2587b73e0019755163f2ace3cdbaaca9643f847c1ebaab958edd8f370abbf558e54e06201dcc97f246fb98b47a4eef2de4b2a0b530658f01075a949f202e8d088721eefc7cc40adf6ed439772036a1322e5bb\"","k_build":"404","dc3_server_salt":"\"3511d923ad70a3aa\"","user_auth":"{\"dcID\":2,\"date\":1695850682,\"id\":6383999426}","xt_instance":"{\"id\":4891507,\"idle\":true,\"time\":1695850684956}","dc":"2","":"","dc2_auth_key":"\"6cfc43b9742465a0111ff11748d8db567e2611de1284b14abca517f8e258d2f06afb4e774c412c76d12a4f7eb7f233aa2c48aea4244829e648127b8b4bd91d947d54ebdccc5aac8980c90095266fc185f7b2f5fd1bebab718649f1f5d7603c6437f4968141971c9f8db2e60b165f00b15a179aadf6e2941843432a481533ac12d4cf48bdf7fa218a9e33244086e446f0fc85498b66fa9666750ef5be148658eb1633738455824914bd4062a99040734c6d397afdb0af29b76d8c9363cad8c43e2a3a79cc94d866cdf8f39954929ee79aba545854b2258da016f7b590b8ee865af1c04ef3c14bd96bf47b0fcc6456c11f43ea754eebedbea0b4e3fc849fbf2d60\"","tt-global-state":"","tgme_sync":"{\"canRedirect\":true,\"ts\":1695850683}","server_time_offset":"-1","dc2_server_salt":"\"74d80de48aadbf97\"","state_id":"115490741","auth_key_fingerprint":"\"6cfc43b9\"","dc1_auth_key":"\"4a54f19210f2a800102dbb09e317236f37bdbd1561bdf86f396552df8e60afeea5d0bb4afd6d1e56c7911a48c06912fd3582daf51ee38b3f3418b1723933fac339591adb12cc9f7636d742355f5ff6ade590e029c92739c9d999e241e130c1008257358f6551fd1ee2be4a75659ff76cc794478e5be852e8ac6dd5ae9f53999be2ec08fae7c4e9684744c4e16793349e507df17bb554a463ed1717b8f6c493f9053644777b091cba4233ef7c29580c2655222fe06946613a95eac0419c0863c4e66a3ccc7c7d6ba8b71711dbfd756e7b065d12ba40b2c83aeb9a19e04334a2a9596b2c6a90487ee5e7a14020381210ced5ae9b31f543d62d4dd71c13a2da4d1a\"","dc1_server_salt":"\"093c0a619c12acc7\""}
VM37:1 —————-
undefined
