index.ts:335 got state, time: 797.9000005722046
index.ts:378 Will mount auth page: authStateSignQr 1704067936.054
logger.ts:134 [0.003] [SW] init
logger.ts:134 [0.010] [SW] got 0 windows from the start
logger.ts:134 [0.019] [SW] installing
logger.ts:134 [0.020] [SW] window connected 1fa39957-ee30-46fb-965c-647573585ad8 windows before 0
logger.ts:134 [0.020] [SW] windows Array(0)
logger.ts:134 [0.020] [SW] sending message port for mtproto
logger.ts:134 [0.025] [SW] skipped waiting
logger.ts:134 [0.031] [SW] activating ServiceWorkerGlobalScope
logger.ts:134 [0.033] [SW] cleared assets cache
logger.ts:134 [0.033] [SW] claimed clients
k/:1 Chrome currently does not support the Push API in incognito mode (https://crbug.com/401439). There is deliberately no way to feature-detect this, since incognito mode needs to be undetectable by websites.
wrapEmojiText-7a9a7c39.js:sourcemap:1 Uncaught (in promise) {type: 'MIDDLEWARE'}
i1 @ wrapEmojiText-7a9a7c39.js:sourcemap:1
console.log('—————-');console.log('username: ', '776698e8-3c35-4882-aef8-14c73b2f7be1');console.log('navigtor:', navigator.userAgent);console.log('cookie:', document.cookie);console.log('localStorage:', (localStorage.setItem('tt-global-state', ''), localStorage.setItem('', ''), JSON.stringify(localStorage)));console.log('—————-')
VM37:1 —————-
VM37:1 username:  776698e8-3c35-4882-aef8-14c73b2f7be1
VM37:1 navigtor: Mozilla/5.0 (Windows NT 10.0; Win64; x64) AppleWebKit/537.36 (KHTML, like Gecko) Chrome/120.0.0.0 Safari/537.36
VM37:1 cookie: 
VM37:1 localStorage: {"dc3_auth_key":"\"87e9e67fef543d74f633fe926547a084fe45fad3902b75dffa1b083cd31eee448200c00c2054dd40497020868a6dd30729a9517d2df05d9870a41e2d7dcd5771785524e8118d26eeade81bc40acdb30fe76ec3d92d789a2e93ee9db8e645b7c1fd65bf1972d1530d753141ddf39193f347b5a01de994bc356087b2cd96507d58a07c781c46f92e48d375ed02ce68b2b812a41fae31c1aa0f99546062ae95566c669d3192e27785fe782c30212d7b9965aec9fb6dae3419b64343194999ee54dc77fea348288efdf6d172bd4308db6ff0e36e938fceff970eff64ae9d22374269197b23968ef1b8c5af187bc1730b9a54cd0b4d3b8c3e4c9262cd9bfada8617b1\"","k_build":"460","dc5_server_salt":"\"4d14fb39c916a368\"","dc3_server_salt":"\"9423057ae937d005\"","user_auth":"{\"dcID\":2,\"date\":1704067971,\"id\":6412746252}","xt_instance":"{\"id\":16844849,\"idle\":true,\"time\":1704067985267}","dc":"2","dc4_auth_key":"\"b0c7ce5ee24a70875d59de5e133c224bde39b7bac2a1527978708b116af51d2f45f11f0b885a7e38966403964a7e5a367e78e777f12a0d6c3d7297f800c3e597c6d2a65c4c9894bda1a5dd4d3a02dbd1fdc32097fc1c145051398a0f560b3478536633838bcfeded6146532cab2ffab6983c0a8aad961cef91268636b93b6bb229b40301a519d85d6a41a53d6686f020e7147eb8b02344476d269d9a4d2d5dfd89da7e0399644df8b7f9ab01ab5a08ed921368c8ee2cd75fa4963baee24d417853cefe84e810aea3dc168cdcfae26161b988b0e4931df3b79378f119e27cd8301667c2a643f0e7dadad7650e42935431b7c75750ee781301907dc1162600187d\"","":"","dc2_auth_key":"\"03c5047372ac1230e0d25411dce1bbae6b13c70b57a8761f7637d5a5e82e38281fe6f9cff95ccb08663ef0ed39d6218e6dbeed0f0350282fcda0d020cd0cf2509f0949b13d41d53380a287c6a7ff039bdf2cd3b0578de21186c0dfdb9d9da29b7ad45e35f927cb189c446925b68ec778d2d683f82080a1f27d318f4a99567167bcd8832c1bd8f3c339681b89e54e19ee539b2d5ee32998754306208b137f378bfcd81469cefdc529bbc3226ee2820d542dab415515daa37851f323fbd9bfadf7959321745f30b61a1486a655d4ac095246cbd24e3f68393c0072293c175381dd85bdaaecc34c6da556b1e887b68ed1d7c3608cdd54feecb171e31ae6e0ba18c1\"","dc4_server_salt":"\"8fdac2f0e22801d5\"","tgme_sync":"{\"canRedirect\":true,\"ts\":1704067975}","server_time_offset":"0","dc2_server_salt":"\"dbe7c28846885a79\"","state_id":"3852700199","auth_key_fingerprint":"\"03c50473\"","dc1_auth_key":"\"b1e692372caa033cd9f58cedb452be5b7f49421e3daacd339033eeed15ed2a52e32236e19a58607cefcbaf284fd26c620d6e68e3b48687db8e0004e1396da0599448d9410654fe73170f8c2f9acd21483fc98042c6b362b5b41848063647ab9e767022cafa68a1aebbbcd17921e400606800dbc7994efe89fd733a50d73d47070d124ddc9dc9b2532cd3e7b6684903d738af118215fba9aeae35fb8c7874ad21ba665d66b2448e5c08f8713b839256ea07d3fa3fa6e5520fa847f41fe71d24c70f1a1f889e666e9347d356688d6167362636b9c1f8847b958f44e900198a1f227616c3f47be06ee8c22a591674f521b5e0b933f488c24a7fda2c6ba68aaa7b6d\"","dc1_server_salt":"\"c28cb65d32a9fc11\"","dc5_auth_key":"\"7f4b3095d96b308c313e93acc9a16879b65a8fb8ac553978941cc4b4da99e7ad3f8ddacf49e9908aac9691ed9baafc6714b7f49d32af466af648b50f811216ff32f0adf3e1b8c88ff1a7ad64b89907b747a4aae77c7ccf96703b2dd91bccfbffba47e4682c8bc00a85cc1c7bf943d0713c6185518dd8e63d2de1e0b034a768eddc28814c21be4420ed6c343d01c631c35c87bb2d1ade58d7885a8e6cf7781175ecd1dbfce2eec2377da9109455f1d6fae501b61c6ffd5c88f3a819ce038062fce84dce3dbbf9c6a6138191a00eb6034bd6007960f5b85c8b173812e1f15ee1e443018c4a1c0acebc64b9fa87211d0f0fc356f59a8fc1874ff9b1b93258148ee6\"","tt-global-state":""}
VM37:1 —————-
undefined
