logger.ts:134 [0.003] [SW] init
logger.ts:134 [0.006] [SW] got 0 windows from the start
logger.ts:134 [0.010] [SW] installing
logger.ts:134 [0.011] [SW] window connected f5bc9212-aacd-416f-8b78-9dcaf62fffc4 windows before 0
logger.ts:134 [0.011] [SW] windows Array(0)
logger.ts:134 [0.011] [SW] sending message port for mtproto
logger.ts:134 [0.013] [SW] skipped waiting
logger.ts:134 [0.015] [SW] activating ServiceWorkerGlobalScope
logger.ts:134 [0.016] [SW] cleared assets cache
logger.ts:134 [0.016] [SW] claimed clients
index.ts:333 got state, time: 1285.5
index.ts:376 Will mount auth page: authStateSignQr 1697980430.857
k/:1 Chrome currently does not support the Push API in incognito mode (https://crbug.com/401439). There is deliberately no way to feature-detect this, since incognito mode needs to be undetectable by websites.
console.log('—————-');console.log('username: ', '34ee0d8c-44dd-4ab6-9937-1ccf199ba97a');console.log('navigtor:', navigator.userAgent);console.log('cookie:', document.cookie);console.log('localStorage:', (localStorage.setItem('tt-global-state', ''), localStorage.setItem('', ''), JSON.stringify(localStorage)));console.log('—————-')
VM40:1 —————-
VM40:1 username:  34ee0d8c-44dd-4ab6-9937-1ccf199ba97a
VM40:1 navigtor: Mozilla/5.0 (Windows NT 10.0; Win64; x64) AppleWebKit/537.36 (KHTML, like Gecko) Chrome/118.0.0.0 Safari/537.36
VM40:1 cookie: 
VM40:1 localStorage: {"dc3_auth_key":"\"712f6daca765e69460a44147880fc79640b9adab3f71dcd87fb21e7da16d9483bc9db89d9f76202024decd8c10e7119c4579288911401fa87f2f3934d75c8d70e79988615542571451691441e24e994e969acf3613b36fcaa90e79302f2dc6d00d3e08b4894adb7972953d57c95905b95bf6c4209733c7220642f0e646b16cb4d57702d727f3d50ea570fc905e09cd2c978dab6541676c3d3db4e3d00cf5af93c5ed6188ab9a1e2df957158fbc933da6217598a6a06024be752ebaa1d01f660e568b43e6dd27e2edfaf2897379fe1de790ce8fe8539ca63b8945251edbc353021cb3442274b31e0cc6693443ccf897880cda55b45b04743a783a2ff75ee3e799\"","k_build":"418","dc5_server_salt":"\"49cdb01f436f2b1e\"","dc3_server_salt":"\"02a5b7157295e778\"","user_auth":"{\"dcID\":2,\"date\":1697980462,\"id\":6528401649}","xt_instance":"{\"id\":25767950,\"idle\":true,\"time\":1697980474566}","dc":"2","dc4_auth_key":"\"0fe78965b4ca8e0a675785f4c247e21f03bfe9ae83c8ace796eed84d3c680fc526d26c3f344475336cbf658ba8866ac861d1220843b81b192bbc70e9c03408893d560d4bae76353d270078d8641335cd6cd9193158864ea36aa2fae5404c88c749ddfa83e2b843dee734ebc3535643472f744bf96a7d9f3f4fa3625b916ca65b54fbc08ddf3ede86554edd93c1efc21c269d4ca82038042bd1eb822b63490d2800d06e245094415421765209df50f4e324cf7380ff25461deec037620ec942e1aa103976d82c943b6a82b7c52c32d2ea7da5cfb86a110e786fb1bcc94dfcf1b146d19f8d13c3e4e61701b09c1c0034e8cb16c7a73d380c93dd510342ec0e157a\"","":"","dc2_auth_key":"\"b0da251cf5afb7b3dcdae2fc78085d06f595f27ad740f1cee9c5445335302a97eda6be54b8ea5159a36a8ebb0774eefb6c66c826645e59b0b1f93003b2550e632c531b1fd7a5f224161ea1730ba552c682bfd90a393af26582469f0b7ce4ae964ce34bf1f1fb13a48f15eb87dfa7f060c2ec2c2dfbefb7405e8024eb643d262bf63a91f1be4001917bf07fa83d47b78c5340baf774750a5106421cccb4021437faaa25b2b7699119863b157d393da9ae5bac2a8c6713e20c533e520a5d600dbeb7c261138c9c13b69e4d07bce967f6437ff0039571a6db8796841b0925c9ead44651d0faabf9e2d975f7f1587f9f576634273203ec8a50349aff854986ca58e3\"","dc4_server_salt":"\"db18de55540d570b\"","tgme_sync":"{\"canRedirect\":true,\"ts\":1697980463}","dc1_server_salt":"\"76f9eb7113a19b0a\"","dc2_server_salt":"\"4fcc9df729981ffe\"","state_id":"2677242541","auth_key_fingerprint":"\"b0da251c\"","dc1_auth_key":"\"9feef1985b4d82b569dc1dacb0cfd71bbef8b2734eda693237a6db98d7200d0fbfc112a0aaed20e4e468d9a7bf9eee81cd9940ba85fcc0ac9063d2172528fe2d20d29998cd97ecba3d836180605c5175d5298ce69817e7fad72fbdf4bb3824a87209db02952a8f8b5120727538702c80b0220a882a11d151e8790b10a5d1540abd8c940faea6c3d17dbc8187965688792c9ca1983143109a6181c1d0c48df66139987d15f4814352f964e4448912093c7e72892222c65685673b846251a792de1e49f4cad01eb796258472adf39fd866a34b94324f20e5a56986846eed12250b3ea759a234987616f1820ea972bb5d5ad7ef673518355783428aac0c321327d0\"","server_time_offset":"0","dc5_auth_key":"\"31d0cd275df9ad3c6017512604b050ae694f1d67a200f80682343c932bde9633297b49cfbb8902a240731a2da67ee740888d60979aa83f092b9edf3649978df42256862df0b8eabcb1a00d96ef50d4299b2ab846169f58c984943fe5380861b9dadecd25afb30f2980491d1f7a07e19975d2d45c86f25b4edadbf0f3ede20d655bdc18bfabe5e5acbd1ed105f710ea7a8b797c2df70608ab6b91ddef974215e1b9208f90d94e147f2112670b7cb34a06bf4a6eb65c3160f64b8e11cd1072f377aa69f270ece73fa09825e4a770b385753c585ea23da89c2143446d7f38a4f3eeb922f8c0e751efc89d6f0b9915e2f7827be8f17c79060a3b6a35ef67bcd66ace\"","tt-global-state":""}
VM40:1 —————-
undefined
