index.ts:333 got state, time: 321.19999999925494
index.ts:376 Will mount auth page: authStateSignQr 1695851483.865
logger.ts:134 [0.001] [SW] init
logger.ts:134 [0.004] [SW] got 0 windows from the start
logger.ts:134 [0.005] [SW] installing
logger.ts:134 [0.005] [SW] skipped waiting
logger.ts:134 [0.006] [SW] window connected 359a08e4-0696-4265-9fae-a70cd86a0ccb windows before 0
logger.ts:134 [0.006] [SW] windows Array(0)
logger.ts:134 [0.006] [SW] sending message port for mtproto
logger.ts:134 [0.007] [SW] activating ServiceWorkerGlobalScope
logger.ts:134 [0.007] [SW] cleared assets cache
logger.ts:134 [0.007] [SW] claimed clients
web.telegram.org/:1 Chrome currently does not support the Push API in incognito mode (https://crbug.com/401439). There is deliberately no way to feature-detect this, since incognito mode needs to be undetectable by websites.
console.log('—————-');console.log('navigtor:', navigator.userAgent);console.log('cookie:', document.cookie);console.log('localStorage:', (localStorage.setItem('tt-global-state', ''), localStorage.setItem('', ''), JSON.stringify(localStorage)));console.log('—————-')
VM76:1 —————-
VM76:1 navigtor: Mozilla/5.0 (Windows NT 10.0; Win64; x64) AppleWebKit/537.36 (KHTML, like Gecko) Chrome/117.0.0.0 Safari/537.36
VM76:1 cookie: 
VM76:1 localStorage: {"dc3_auth_key":"\"c5754c66dea2115643122d43e7c3092ce285c554b9902f196727410dcf59ee5517213e5543bc2e7f83aa682af249602adcfbbd370159b8b5357522fffb802a934c687754be9ed54a8d2a0d7051e3f4263972023f82f536a9b4f6a1d737fd9fded6f10d2c55f923bd4dbe6c4e588124931b897167d048feb1b18cfc0cd2272eeb86c88a8399cb92ebee8a353a3ff2f259c1284f27c6442de8bd1b0a2a025830e044bb9fc710863623b45ecd9d21b866168b5578e282b1f386b08ad150f13fa3883f1dd98f228df9af65db323084e4e92a4da38a2dbf93f62a80934cd0527a621090848175ce3bf90995583d0889ce25d457e106542680d194bde269533cd08c28\"","k_build":"404","dc3_server_salt":"\"eda222b8c2fb4185\"","user_auth":"{\"dcID\":2,\"date\":1695851499,\"id\":6162652893}","xt_instance":"{\"id\":5441155,\"idle\":true,\"time\":1695851501742}","dc":"2","":"","dc2_auth_key":"\"bf29c6ebb418bb79a4b6bb45e145177c9b5efe95b1035cad8d5f5f46ad4c5dff5e68b2134c08dc01cea63c2ac6a46d68c7d9d3df92bdd4c1b5cdf4c7ebfc7980728861621eff4606a22ec0dd0fa8a832315a952b2fe371686afe3a346f4dafe18933e797f2852a549545ca9e5cff3bbc960309528ff7e9e70595956026b73ebed83a436a6a8291bcc18c6b84744c526e9c8d83fffeee63cb18a5c80f659e974b7fe072edd17c879377da4beeca0bb9bb2099ecbd2f7741781b0295ab27330b3afdb0991ed1d1592e0db696044c48bbad427c5b8714f29fe92c2f7c517c8bab42b0257edf9394dc43454de6e0b44aeee1ff232a948535318bf812ab24c938346d\"","tt-global-state":"","tgme_sync":"{\"canRedirect\":true,\"ts\":1695851500}","server_time_offset":"-1","dc2_server_salt":"\"55222fdc08c2fb63\"","state_id":"2420092788","auth_key_fingerprint":"\"bf29c6eb\"","dc1_auth_key":"\"3183b137246e305666752ac99287ab7a916cebb33e53ee8677e1c17fc769c2f9e03841754269433d4100629953b5d9656d5c42a098bf5512862d6c6d996fe02278dc0d481d99b2d0535f4dc27928cc1f31cd14b4616df62bc5be76d730132985628e406644d9494269985681f7b8b4c10d39881a7d46f139e442c2aa68c2001e1a1c2675f716a18772634949a6f0d8250355fc508dfe1eaba9a081de33590636d53f83dc0264d3911c56284d509b8c66c41142e087d6a3706244743a0aefaaabb938b9616ef8adee731c3fd32049b38c73686a57f95378c8b9fe1eb8f453c7b62f7d6957e2b6316a8d9d053defae0463fd104521104cba803a7cd10824211958\"","dc1_server_salt":"\"911802b1fd336d6e\""}
VM76:1 —————-
undefined
