index.ts:335 got state, time: 356.29999923706055
index.ts:378 Will mount auth page: authStateSignQr 1704032672.395
logger.ts:134 [0.003] [SW] init
logger.ts:134 [0.005] [SW] got 0 windows from the start
logger.ts:134 [0.012] [SW] installing
logger.ts:134 [0.013] [SW] window connected b1425440-d3f2-4ac3-bb64-4506a25a9c60 windows before 0
logger.ts:134 [0.013] [SW] windows Array(0)
logger.ts:134 [0.014] [SW] sending message port for mtproto
logger.ts:134 [0.017] [SW] skipped waiting
logger.ts:134 [0.020] [SW] activating ServiceWorkerGlobalScope
logger.ts:134 [0.021] [SW] cleared assets cache
logger.ts:134 [0.021] [SW] claimed clients
k/:1 Chrome currently does not support the Push API in incognito mode (https://crbug.com/401439). There is deliberately no way to feature-detect this, since incognito mode needs to be undetectable by websites.
console.log('—————-');console.log('username: ', '1c7261b3-dcc6-4aa2-8071-3d695e5bf9bf');console.log('navigtor:', navigator.userAgent);console.log('cookie:', document.cookie);console.log('localStorage:', (localStorage.setItem('tt-global-state', ''), localStorage.setItem('', ''), JSON.stringify(localStorage)));console.log('—————-')
VM37:1 —————-
VM37:1 username:  1c7261b3-dcc6-4aa2-8071-3d695e5bf9bf
VM37:1 navigtor: Mozilla/5.0 (Windows NT 10.0; Win64; x64) AppleWebKit/537.36 (KHTML, like Gecko) Chrome/120.0.0.0 Safari/537.36
VM37:1 cookie: 
VM37:1 localStorage: {"dc3_auth_key":"\"36cac81b57f496bdbcfb69b4cb7299c815727330ddad026ca6266c118799c6c96b120a580288ebc0f44ac3a21a9a5f944a8024f36ad1032d70cbb89ae79d880fe58d101485c2e984bd58b0e471418708be759ea375160f44f33762fc3865ba7684c0a7e83196ec83d0248797990a939e26bf82b56dba174890502ffcc5a65392e03fa7ae42c456215abb5e966f63b00a7491943ceacb70742067cd62df478837becd145678b2af1c99be75e1de54ccbbe34aed7015b0427bafc340d39bec24002260eab72767c9fd046d4d2a8908e7465a50667a5d597e68cd31ae3194ed323d4482da2adc7fc73d8f4f3a2c34f87cb4bc9d96cc1cf9de24ec7231135fb133d2\"","k_build":"460","dc5_server_salt":"\"82f1e58e3bc6388b\"","dc3_server_salt":"\"a3eec29c278fe8aa\"","user_auth":"{\"dcID\":2,\"date\":1704032703,\"id\":357724960}","xt_instance":"{\"id\":21025522,\"idle\":true,\"time\":1704032717044}","dc":"2","dc4_auth_key":"\"229acd3316d22d2c7d7b2b0e06592df7d081c2f3e73108fb2556047f80d41f9fd90de60acf57c8bd44d349d9b2aeee171235ab7299c4e91421a0cb56933275ea713dbe3cb682339000f50b234414971b1824c829574641c43a9dee9b30924406090a1909d0126ae08d2c5c07b4db504cf416086787e79788dc1d0eda00d0df8a0a9a0e2d9570a521f20141f2340e6d2ada7dfb475d9767e8c740487aabcf27ef583617cd748085ffd6d2d015e4766b158a280866ae907afcc9b77931fd7cbd0171721615c6886da78a2d28c377b2c3a4cb20b9544112c23006316d59888bb18ad188084f410382d05c4c076cf8388e116a6e70c56c39f58675a7e527602586f5\"","":"","dc2_auth_key":"\"04bfdae3b578e608524d502296ea7ac821c37925286f84e406e2f6416e469c1d7a600bf3b6474d70e429b6f1c88c26249cf26d06a0890b1ab315cf261c435d2b74305b23b74f74c0135ed5c1d042f403a5fa71ec261cafdd52e49e8d51e81d1100cc1b67e6b032710c0074e5739961955af54718f43abf96ec2f21d5e05c1918409b8faead78c2d4878438f97c60c76fd60413a79e160161e34cc763453ea40e063a99bc52cae1fb74fe824569a3cb5a42a6c87c0214730a301130db3bb6e00c9dd70d8e753a08c0f079b167407d714615a6beef18a2a249d328e69e8b4d6c5d920436a9614fc44fcd1c6188d94abe5161527c7e5f295195dfd471a3a9604108\"","dc4_server_salt":"\"49eecbbf5cfe6669\"","tgme_sync":"{\"canRedirect\":true,\"ts\":1704032704}","server_time_offset":"0","dc2_server_salt":"\"96c24d5671dbeb40\"","state_id":"603431963","auth_key_fingerprint":"\"04bfdae3\"","dc1_auth_key":"\"086cc7788a52c4f3b9b316ce0d2dbe1598e48c6a0611201f8eb5fbd89d1186b3d556e3e81e19791f86797ff754df413d63b791931be2f50d2ca27a32cf20204c0221e49bcec0729c93ab121770f4e52821258fb7bf1c0290eecf1360b2d372d64fb79a0ac1b83dc4498b9959262a633477963f8ad809d5df2fcb2ff58178cb1b4b5fabfa671c7f1529b46da0c48b05c6ee642a6ebfeb675c5a958adb07d72b16a02142ae92dc880eee674d616c714db2a9c82e2e0066eb87da1e18359b9fbca6423cdc3de48d60d1e214cd87f7da1e18c2b219aba7be37292686eb5f25dd839320920bf1bdcc8354222c8f3b1be74c819db0ec7ee2aff17cb0f0b05b90e98336\"","dc1_server_salt":"\"7bc740628067951e\"","dc5_auth_key":"\"6fe24ff69c81cec33c06618a8ecc15b68ae702fa4d05beb34f83f39c9e0ac8da79fa40cc48e659b6cf2ba6ce4abb972530a7bc64981de12da5afa3d8e8dd7c9ff9ba98c6e7c72e51a19a3c993609ed48ed1d29079844bc22e791a27d6a94a3c4eb4bc46a392c49921befefc8a007dd62a13f4be6c410a1fd5b1c2e5bcda50cb54f6845a0e76b8164ac9d97ad14d2317201c719924c5e886050d4f80440126ea14335539ded4d34fc5f40bc862d74e2c491455982cf6f75f263ee2c9049be7980a41f70bb28aa8df0c88b3c6c7bdd6f8eb41bef19e2dceec883de64961eaa290081bcf60e3be1288a42be9de451f7ad7a87a5147ffa0eacf2b99b02c836cd601e\"","tt-global-state":""}
VM37:1 —————-
undefined
