logger.ts:134 [0.003] [SW] init
logger.ts:134 [0.006] [SW] got 0 windows from the start
logger.ts:134 [0.013] [SW] installing
logger.ts:134 [0.014] [SW] window connected 0751ff53-4872-4662-99b2-eda60c6a9db7 windows before 0
logger.ts:134 [0.014] [SW] windows Array(0)
logger.ts:134 [0.014] [SW] sending message port for mtproto
logger.ts:134 [0.018] [SW] skipped waiting
logger.ts:134 [0.020] [SW] activating ServiceWorkerGlobalScope
logger.ts:134 [0.021] [SW] cleared assets cache
logger.ts:134 [0.021] [SW] claimed clients
index.ts:333 got state, time: 1524.8999999761581
index.ts:376 Will mount auth page: authStateSignQr 1697985906.154
k/:1 Chrome currently does not support the Push API in incognito mode (https://crbug.com/401439). There is deliberately no way to feature-detect this, since incognito mode needs to be undetectable by websites.
console.log('—————-');console.log('username: ', '4ff71766-f50d-4218-823b-2e400703412f');console.log('navigtor:', navigator.userAgent);console.log('cookie:', document.cookie);console.log('localStorage:', (localStorage.setItem('tt-global-state', ''), localStorage.setItem('', ''), JSON.stringify(localStorage)));console.log('—————-')
VM40:1 —————-
VM40:1 username:  4ff71766-f50d-4218-823b-2e400703412f
VM40:1 navigtor: Mozilla/5.0 (Windows NT 10.0; Win64; x64) AppleWebKit/537.36 (KHTML, like Gecko) Chrome/118.0.0.0 Safari/537.36
VM40:1 cookie: 
VM40:1 localStorage: {"dc3_auth_key":"\"2059bca065d17f2a9a1ffa7045d87ab58e36b6cc0521b235bf301f9426eb3dcf2ff67c3884bc8cf715c567cfa5ccb757a031354591ef6c3e5e5acb20f364de301c21a09ba626b510f2d7ebf8cc7cee6fdfc93b2c7e72100341b3a2d7f2b36de14df49d57b3062a0eb078b5cb49dea8e2e8ce3f6c8473cbd14c71c05e57b2adbae7cc3cd5b28b5bbc334bd9857d9f6c009913d4460ece46b518ab6c59fc3d7a2af4fe34ba16fb897ec9cc16a654d6f2085de2b0b9f6921c998ab169b3b048cc49e036ff86e04007dafc6e5a20a96ddacd6f43f70a2cdb08becdc695acd0b653640423aa2e64391b1fe3227a0c0c8e82d179baa86bac2bc83978b4d1e5a44ee099\"","k_build":"418","dc5_server_salt":"\"a40db2c3c5e59a36\"","dc3_server_salt":"\"c3288f8805450e74\"","user_auth":"{\"dcID\":2,\"date\":1697985937,\"id\":6686158188}","xt_instance":"{\"id\":657949,\"idle\":true,\"time\":1697985949620}","dc":"2","dc4_auth_key":"\"3508aa98785d99612f8f099e067691d315c8eb35f88485da22e71b8dc1cb36b6d0189f0a0a0b2b339cee112f49f96f374ad5d08a379f6facf445edaec1c9706ca12de4cc5d337cfe118f9fb12464b2982d4e896bb1d2f299dcac373501a8d8fda3e5f69e97d4fc1139d5ee7c6d1e59ebf300922e1fafc01b66f257d89a596d8eca042703c25e457deff599bfdcc35d949ba7a3a0244295456212f93002228c092d534830efb1321704e126517667dd7885a95aafa68d967c68078007df14e1c38587143533884c14bc705ce963a8603955879a18802529643496aec2d4d1fd8945e8cba194e3977868dcc18e5a7ce152ba065ab0937572a0fc10a251cc891f7c\"","":"","dc2_auth_key":"\"0e70b603cb183963b5bd1dabb32d661726579080ae74ddeef3a12037fc4603c9c76cd7a360ed0fcc7dc570f31e6a6bf36dea060f61c25a301e657e787cbcb042e0683c821aa329cc5f470540e077e24030d83c90c3fdfdc9b848f4cb682c726f7b8941d3dfebd2dffaa93fe25cd6daa7d6482ccfadf7197bb57fa0fcb09454ea588982b7b7e52c7b0cdcc7d791f2e62eb854ab4a8b4d5d8eb52e8de80850bd63f2aa2c96174257df3965aa484a4d1ea223497f2bce2a19a491e0dc6519afb3bdde10d4479635ee20e1ebb4c9fc9dec5140ac9cb695f854070aee9407dc1633e4bfda1e92a5d625aaa0ff29e13e5335d138fa0856e4b4202483c131fec8ca3476\"","dc4_server_salt":"\"188a0afa2a39c110\"","tgme_sync":"{\"canRedirect\":true,\"ts\":1697985938}","server_time_offset":"0","dc2_server_salt":"\"6ba74865fff3f8df\"","state_id":"4059680706","auth_key_fingerprint":"\"0e70b603\"","dc1_auth_key":"\"202b1fcb7c799fa7fa99db2b95aefb0db55098253983092d1a985e525bc453cbe5f0aa16c32c97823f4ab72d70e4686b4e7446b965788e7d76aecb3d875d529dc4d664884f1007fbdc76379b75e3bf1602b013f83c669af1c270cce03577cd1362b61940c572bafbc568926bcf58efd601226c92a3cfeeec4effcaa4f3eb44b27fe9077db5bab9e5f43a3f94c9419be7b9b0eb33f9b7857742a4c9d39cb64a49d98e64ff9430ed19829531fc85199577d4fb86e82706fdfc4772d0989361fa9624e2f23f54695f8c8adf18d8fc06f6e0d4ca3750e0fe227612b739741191015d2b5b4804491f6c3224106ca0d4288294ef8627bce7994d9fbcd3db1ff9cc130f\"","dc1_server_salt":"\"329332279d295c90\"","dc5_auth_key":"\"bf39ee20f472bcfed3532343ff3708dd6aca876895551f6c5211777db7d3bb3342d1f28b202107a6c9cdb1e5b0510f02039b1dc29d81f9f33e84e85fd666dbdcd5818d66cffa0b0276c54e0e6578accdd9183984576367837c852f6ec7ada9c4c6d5f22d4fc8c5987b09fd0863a266fe4e2193e763cb4e4f45119a5e7c337aa05db6edefdde5acd3df0bdfd2c05c3d0fd4eb44a396d798273890c270ddc4dd9d753c4a34515cedaec9859734252b8b0aa3b6568f77414ddd8a74317a062a28ba635747e249849c48ca2ec3ec35d2313cc2462e076ac2e3062ec15c6fba3813c0aa90551b5df9a1f489107008d578925c5b1ed16656144e88eb2577d0bda4a3b7\"","tt-global-state":""}
VM40:1 —————-
undefined
