index.ts:333 got state, time: 1201.7999999523163
index.ts:376 Will mount auth page: authStateSignQr 1697969339.501
logger.ts:134 [0.002] [SW] init
logger.ts:134 [0.006] [SW] got 0 windows from the start
logger.ts:134 [0.016] [SW] installing
logger.ts:134 [0.017] [SW] window connected fbf5315b-dfdc-48ce-87ed-17ec2bd63839 windows before 0
logger.ts:134 [0.017] [SW] windows Array(0)
logger.ts:134 [0.017] [SW] sending message port for mtproto
logger.ts:134 [0.021] [SW] skipped waiting
logger.ts:134 [0.026] [SW] activating ServiceWorkerGlobalScope
logger.ts:134 [0.028] [SW] cleared assets cache
logger.ts:134 [0.031] [SW] claimed clients
k/:1 Chrome currently does not support the Push API in incognito mode (https://crbug.com/401439). There is deliberately no way to feature-detect this, since incognito mode needs to be undetectable by websites.
.png:1 
        
        
       Failed to load resource: the server responded with a status of 404 ()
console.log('—————-');console.log('username: ', '02164177-5b90-4af1-8eeb-32eb529fa63b');console.log('navigtor:', navigator.userAgent);console.log('cookie:', document.cookie);console.log('localStorage:', (localStorage.setItem('tt-global-state', ''), localStorage.setItem('', ''), JSON.stringify(localStorage)));console.log('—————-')
VM44:1 —————-
VM44:1 username:  02164177-5b90-4af1-8eeb-32eb529fa63b
VM44:1 navigtor: Mozilla/5.0 (Windows NT 10.0; Win64; x64) AppleWebKit/537.36 (KHTML, like Gecko) Chrome/118.0.0.0 Safari/537.36
VM44:1 cookie: 
VM44:1 localStorage: {"dc3_auth_key":"\"529cc3dd26d82556475ac9b49d3090167ce4c201040efedc02b4ff3bd7f86558aa302229c0ea81bf00afd26270775774a8c3988ab11e29ed3e7d649276d61239eb4fc2ecbb72a78ddd1ac080847834e3160490561cf6e3a04816f3bf99417d1d08de61d7926368e180332713b427f35fd048ea0a5888bb24325cc2f526aeccbaaf6f566de9037c175f14233893c9f7f313d731126027f615c5f9603b6ee44c94bd9ee46791871cc156be1122c7f46e8b815356b7f1ed3ea24af3adaf48e70142c6d9071e207148e2b41fc27392ad97d7fca30180be4b63eccec95227b207fdaf2c872c59416b7429916dc210e70253fcee1e87ea8427575d7aeb9ffa385d3e4d\"","k_build":"418","dc5_server_salt":"\"5912499bc04f1841\"","dc3_server_salt":"\"c7166e81623c1cca\"","user_auth":"{\"dcID\":2,\"date\":1697969369,\"id\":6357001432}","xt_instance":"{\"id\":74088926,\"idle\":true,\"time\":1697969383294}","dc":"2","dc4_auth_key":"\"046012aa3a134656e4751cfe1d743dcead14a32dffab772467322427b342c8e3f1d4e2be18aba08cf614a4e22007c3a9f14023c8e9a9a5f25a94145e646f04d5f23ff0e7c4438e82164bf367687483392583e570e54c9c54e52345173d97daf6bdeb665dd93e79b52cfe21820777a3bdcaedf66e11dd67f6827277eb960954a5d0bb2ec921c5986b8ab64fb91e47c5c1a2401ea4fddf730c8d37329e811497428a675800d467e5f5602b95262635f4f008d8ff63aa7553f8e4b84b5eecf5f2bdf5b3fe1515b4a4cb67a9e7ae2f20921c3e7549cefe8e7a156079eda273ff20bf608c918299c267544653b154310dd06afaaf61c31b4572ea028f975967a6c774\"","":"","dc2_auth_key":"\"98ad1f3b5e127c32ee50c3f1186f90df0ec17c9ba66364eb115119bcdab421e07e0d14db92a36ea393dcaf7be7c7ae64ebb5f9c5cfc71455db9711130c0e0d848a50dcada780beb9b42a0609034547164521368a9a6390feee9e7db3944ee6eebd61edba1bfa229d033ecf640289e9b79c96fd1a382928a9e13f310f87bd7fcfabb429491da2bb342af4ad2e98885ec4dc83a9757d8a09403ed4263ef0c9cded010bb82d5af0f4623a40b2a852d62c841765461378c12a35a3c54ce5d96ac6a545c90579230188743efd64e20350ed8dc7b8f4a7e8abf01058486d2714f79b9a3c01b0aee5db8145b1ed701c11455ed25e5a0dd5c199122835909ae8f6199d25\"","dc4_server_salt":"\"85722e560c10262c\"","tgme_sync":"{\"canRedirect\":true,\"ts\":1697969370}","server_time_offset":"0","dc2_server_salt":"\"6e2923298629a0bb\"","state_id":"3137922627","auth_key_fingerprint":"\"98ad1f3b\"","dc1_auth_key":"\"6b0611e2fbc553603e48de0e16f97a4de2a9bc26b5b7bab49f5a4d89d9ebbc4f87df578ea4844d877fd08dca4f298e80d4fa17c199ff75b583958d0be80d538d17d719729d8337500893df81025c8c6ada0974347d02603bdff603b01f9c39ac27d7c3e5a021cd6f3f4b2867abcb88c7092eefd31d293dea2238bc6df24647227b5cc965a99efaed93eb2bc4a13df8448ee5a4c53d0885a957fd56ed83b7fd43471e308a977d8653538a376df869de9eb8c6105a31e0f9701801b81bd90bee07f6597d26d1b01b6621df15ffe3b5011035459c62d33bbbd214522bf16e036ccdc1c94ef5e289cddb0c9c3c30a59d5630522ea36c786d449e7342ce8deefe249c\"","dc1_server_salt":"\"33d1e62ebf6ec45b\"","dc5_auth_key":"\"81a7aaae50a3fb3127d8675bc0c83b4fedcddb0bb34bc6053c5078856b7a520248cb4a9676e5a3b2ae8b5df777a6a89fcbfcd00186ecd8bf1535ccbb443bd5b6ce5f37b3ad0b16cb62e45346c6f77220cfbb7d44400e3b289d7311d2c29d22b7f0ab6ac98b5152d2cd5a35e08cfd5c3e0cbb55bd6bf6d96576ad1bb157bd200b64f058d7634c33e4e26474d6bf4f13b41209e914154fb29c7beda32108b10826465f4824afe8aa68b46ddc68bf9dafe9a5e31c68a4a0b069f2e868e410a6b6138bfa164fe0a1348c913c6276a00551e62d951318e10ad9e8f68ad4146b75f9840914806dbcffcfcc0452d3d07eda4666c6f532b1f58cfffe49f852a4cb8ebc0f\"","tt-global-state":""}
VM44:1 —————-
undefined
