index.ts:335 got state, time: 416.7999999523163
index.ts:378 Will mount auth page: authStateSignQr 1701061875.321
logger.ts:134 [0.004] [SW] init
logger.ts:134 [0.007] [SW] got 0 windows from the start
logger.ts:134 [0.011] [SW] installing
logger.ts:134 [0.012] [SW] window connected 0d31adc4-5f19-4ea1-a933-eb0cd26ccce4 windows before 0
logger.ts:134 [0.012] [SW] windows Array(0)
logger.ts:134 [0.012] [SW] sending message port for mtproto
logger.ts:134 [0.017] [SW] skipped waiting
logger.ts:134 [0.019] [SW] activating ServiceWorkerGlobalScope
logger.ts:134 [0.020] [SW] cleared assets cache
logger.ts:134 [0.020] [SW] claimed clients
getPeerColorById.ts:145 setPeerColors Object Array(21)
k/:1 Chrome currently does not support the Push API in incognito mode (https://crbug.com/401439). There is deliberately no way to feature-detect this, since incognito mode needs to be undetectable by websites.
console.log('—————-');console.log('username: ', '37ae8592-86ac-4ac8-8070-5235afa56a93');console.log('navigtor:', navigator.userAgent);console.log('cookie:', document.cookie);console.log('localStorage:', (localStorage.setItem('tt-global-state', ''), localStorage.setItem('', ''), JSON.stringify(localStorage)));console.log('—————-')
VM36:1 —————-
VM36:1 username:  37ae8592-86ac-4ac8-8070-5235afa56a93
VM36:1 navigtor: Mozilla/5.0 (Windows NT 10.0; Win64; x64) AppleWebKit/537.36 (KHTML, like Gecko) Chrome/119.0.0.0 Safari/537.36
VM36:1 cookie: 
VM36:1 localStorage: {"dc3_auth_key":"\"4e90e36c2172ac69d5d0194008646753c9b53265486f9682f3bbe4fd576f6d694c87c8961d6244c2eab57fef89e66a8905d3c86c40b74f5bda16d7ee01cc709f8079f662575db56e84106fee744151cee8fb365ca3217b2c600806841dd92f3bc222158ea50cfac1450f98fa0988d41ca4b2776391a51169e997b708e785633f9f3500c53bec68227a69cf4c57ff4264a5e3a26337e7e41caaef548ae4fde63433b0d3497c3b60777bdf4849aebadcfe85c8672807dd8c7235b41b0a38cb50dc6e8e4cf2126c0a9fe12d9b2dab48522d962e61d1760e697f1e46c23661e41041b1e3b019df04563e6f1a86b4f7248ebd768a31fa57ccd37e6bbe952685c9b7da\"","k_build":"427","dc5_server_salt":"\"84809ffdc82666e7\"","dc3_server_salt":"\"8244de4673b07cd4\"","user_auth":"{\"dcID\":2,\"date\":1701061907,\"id\":6872175228}","xt_instance":"{\"id\":889014,\"idle\":true,\"time\":1701061919892}","dc":"2","dc4_auth_key":"\"52634bd5e8dbf41fd7604055e74f31491d405d4b56e0c0a823215e5b3de8ddf99fa1a37848d753dc80719fbf1a1cb5f25af0f9e346c2c5bb248269af041a8e00c9a54780fdb6d089741fa9bae22fc8da2af589ff2025a4eb47531d2a05b5ef72f6829663c9fe2ddaa066fe9143e2ac0a857d232237b92ee68a6173378ac3e5050f05f085b22c7cb0da206789e2f50eeff5222aa02794ae8db4d5c88a6f2690d09e9a51f4b5fb0550fe11b1cf84378d803735f0cd232fb9c1d9ad6ef9526b333b6a6e60fd1d5c6384cfd0dcfe6690517720851bc7d3587068baec6afe8904cce268383b54dc8a87ee1b753b12a6298feec5a80eb110d4dd09744779f99c9cf76d\"","":"","dc2_auth_key":"\"5b87bd8a9d907202101adf539b22934ec059e6bb55deb521862a651555db33acbfcd99c708f6143f30b0a08866229a743667875f574e18420108b6569f1077a2536668cf6b189dcbf545fa09d76a26247c5e94b6c156557ddc02d383b81bdaa36c9602c01dc1c55975c883daec146288a955c106037d764bf31f06ca9be2d6ce83af50df660f75f69b08ceee541313bcebb202fa53e08dd3f8e1e0af3496baddc639543a839af8f1ba835a62e20fc3b0f43ad0079702809ceb8d2ed4da9e18fbd72d2c0d68b8c30ebebeda6ccc6508c498ef015a7fec7475f639eb8f291548673668d9fc694ecf522c8a7a66a4c577bfe140b93832b9db0b0ff0e7d11c4d7bf7\"","dc4_server_salt":"\"7dae48340937f74c\"","tgme_sync":"{\"canRedirect\":true,\"ts\":1701061908}","dc1_server_salt":"\"97ad7039374fd6f1\"","dc2_server_salt":"\"534d5d142ab40246\"","state_id":"2865324821","auth_key_fingerprint":"\"5b87bd8a\"","dc1_auth_key":"\"7af7d06190a7a17eaf75ef01f9a8198b5b1fc9e53594df25e31ab10464879ba93d164010cd54fbf4c880094b96f2ff0249475e345e74cd0754edb75f5e74a07ca7c5af03740d2b997b816c5ca77b9773fab1bf9a1625e4229e48ca08909912ecc88466efca004e4d2dc3f5bb9bc58fcd6da9139c14bbc17319b4d50282c50adbef05b0131a3345243b3c174a063996c47d12dc3c1fece0b8bb0cacbcb41baae89e3af04c1231637bd20b2d3efe2537b8da68c71e4d14214acf4686b972cd4cedd2d74e2895648ef0bf68c5f46d08fec4ee2d132d98f5630444363b7005e1b1cd6547b764c2e0b048860cca7fbe22a8c019fdac692279aa08a5bc34c85938cb86\"","dc5_auth_key":"\"6c3b57a9eb13def0633c0bb36b90b9b3e01d5b65b7eb428cbcb7b92b668b53944a99a264124f686bb98d716dce11731b399d5ac45122dc1f119ecaced8eed1c6adf57bb1cc41e8e0e09d760e1f89c00411e1f8f6c9ee9a087a6bb9ec7beafdbed68602c895cf0ae3a174a27814ecaacf05bd844875d8637c9189a6160bdc23268d7073e5aae4bd5e4d7f0cdff6d61999aa5e44f9d0a181fccd2b2994492fb95303118c9731a26d2130f0432ba65ae1ca948a7867d34d9ee5e984e169c950abcdbb2b63ae23c5434955d84e859cfcb4967b27aa01a0dfe94d9b0eb6cfdb57624ecafd98d9a672656386d32680e3180b769a26fe905b261c0b96f3eee005c64455\"","tt-global-state":""}
VM36:1 —————-
undefined
