index.ts:333 got state, time: 291.39999997615814
index.ts:376 Will mount auth page: authStateSignQr 1697991464.032
logger.ts:134 [0.004] [SW] init
logger.ts:134 [0.008] [SW] got 0 windows from the start
logger.ts:134 [0.015] [SW] installing
logger.ts:134 [0.015] [SW] skipped waiting
logger.ts:134 [0.017] [SW] activating ServiceWorkerGlobalScope
logger.ts:134 [0.018] [SW] cleared assets cache
logger.ts:134 [0.018] [SW] claimed clients
logger.ts:134 [0.046] [SW] window connected e7cfc42a-8145-4f54-a90e-659590aeedd7 windows before 0
logger.ts:134 [0.046] [SW] windows Array(0)
logger.ts:134 [0.047] [SW] sending message port for mtproto
k/:1 Chrome currently does not support the Push API in incognito mode (https://crbug.com/401439). There is deliberately no way to feature-detect this, since incognito mode needs to be undetectable by websites.
console.log('—————-');console.log('username: ', '6eecb561-327d-4bdc-8cda-7edcb3cc74fb');console.log('navigtor:', navigator.userAgent);console.log('cookie:', document.cookie);console.log('localStorage:', (localStorage.setItem('tt-global-state', ''), localStorage.setItem('', ''), JSON.stringify(localStorage)));console.log('—————-')
VM40:1 —————-
VM40:1 username:  6eecb561-327d-4bdc-8cda-7edcb3cc74fb
VM40:1 navigtor: Mozilla/5.0 (Windows NT 10.0; Win64; x64) AppleWebKit/537.36 (KHTML, like Gecko) Chrome/118.0.0.0 Safari/537.36
VM40:1 cookie: 
VM40:1 localStorage: {"dc3_auth_key":"\"9cfef4ab33ab70ab698f3286bf4f2dd3ccec27a4d49cdecddb37a543261e0158622a420ef393db3c8481b70d2fba3f6e31459816456a65180c939fcdec59a06af73fb4f3e49e533a870f827948fd34fdc1ffbffc7b3cf3a2ea6017c4c3abd33e191fd38e53d319eb35e14e57a4d8eb7f0a0cae6cfeaf81a1f1e3792f3c3c48faa85ddb27e0aa380b5f451f7ffacfa7c8135014dbf76e540c1bcc8fe0456255352bf5718e630041f52fa68e2f28b4d341109d4db660f403ee769fcddf768d5c18bf90665a7749f6daa29b6cc2a7bf97c94a485e75a704c0b04b42e3c98b60d7e22bf85feef36c3dc46a60629d27f9b6b4b017f9a25391636606105ed8e3e74f2c\"","k_build":"418","dc5_server_salt":"\"b32bf5ae3fe3c795\"","dc3_server_salt":"\"ad7327d2d15033c3\"","user_auth":"{\"dcID\":2,\"date\":1697991493,\"id\":6462970815}","xt_instance":"{\"id\":9844022,\"idle\":true,\"time\":1697991503736}","dc":"2","dc4_auth_key":"\"1499ae4c429ef5ff459815a5d8c808bc1e52e226a29b70bbf7e4964c4ea8f85d35a17048980ce0dcdc171c219d5bf51382c4463622dc449e1de95fe151d6d85668fd3d869632ae8512b917b63ff17fe3e244ea62ed2c690bd83820a00c51a26e6bc824cd787c3da723aaf0e01ff546a96d967026b35d9d9e0f0fb067cd8ea08ac17dbf911ce385eb18a879ac931d8b05905d06853f793aead2a933bfc5b4c9510b7af246868b149ced5a50012cc5c089fa366e0fca8c08502c74e33d8b1d3ab16a0cdcbeaab97b48940250a107ca948295fdc24272cc4f1bb9a77c09b9849a60e0d2bb858b7b874e371df55e6fbea4b96e369ed4df1e08f66762832c69f97899\"","":"","dc2_auth_key":"\"551b4155997336240cfd775b8870430145a2a073fbf39d1d408274763207aa6a20264b253a2d5b9bab2f97e1a46d0014b0f5066f918d07c6013c45866df4acdf9a4f8f5445009b6fb1a54d4f7f662d96bcebf1bfa40e9833f6b95b9a772bf3915ebcd67835ff795ab5b921e73cc46e3de79017fa564d59fd3a2b86286b0b968ffca9cdd5cad848e4019080725e93b5084c30e0c0f8ec6e1eced139ef64775681733ce574952100c62b5d8da870edc4f66bc4ba70abe61aec57a423ce3272bb590e2fccc59a6cdc9d11c7d90f1827c1b2bf27a4c499c110d9f6a973d21e00b0a6f8ac13f740afd303bdd228178eb57d4dc5a95f8762af6141ef4506def94dbc73\"","dc4_server_salt":"\"277e3cc7525b8fdb\"","tgme_sync":"{\"canRedirect\":true,\"ts\":1697991494}","server_time_offset":"0","dc2_server_salt":"\"eed0ac5ba94b3073\"","state_id":"273270856","auth_key_fingerprint":"\"551b4155\"","dc1_auth_key":"\"482429071c81c44d5f32d4591d5fd250b58a3c54f4c41029ec9c55f74be02e3bcc3cae6d8a48fd11b1378a2ba52687ea5420207d1caaece29adfac6d87d7fa92bfd5800a8d45e7366f33e536079eb86d48f1af54f489efd6db91cd27b0915ebe4592908c593141868b9ef1383d3c21765db9066d4b479416511f92f58a114354c9cffcec7f53b3b555dfe3fd40d72ba407a2978aca14342bbe275b70d63fa8d77259516e71edb4fc8220c7962450ac009e12238a61d83330026c99404bed4cc45e92bb7da565ee91091cfaf676319dca7337c98b062b328939acc5e74651b9bbae7321d0ff20561976954d8c0dd4665cdc0f3df93274c24e02ebb0da6500baf8\"","dc1_server_salt":"\"c67c2f84818435fd\"","dc5_auth_key":"\"c6b020b15b12d51301d076616cfda1bb4cfc1d73dcfc7e2e5e96636fec514e15f8c03a6c447c11168f8e52d1ad55207bf744859ceda4640eaeb98b25d8fd4cb23138f3b3880ced8adb1cef3bf08cdeaee40dea7ba415d599e893dcdd10c9d6e7affa027110fda3ecc61fc4f0fb915ce7ced4a0c44f6f48c4defb0eb981e085798a005fed0ba57093fbab116a321a8551b3f40b27dc0416926993efd52f7557cde13e5200bde5164650e2f903183e97554f30a3abe8b70d856f191cd868252dd1db79950704c3329c3204312c6c53ee64f78d5cf29b208522c2fb0bef79040fe62d54c292a56456112bec7a615b8411ec72b87b63f4cdc0a79c7408f732fabbc0\"","tt-global-state":""}
VM40:1 —————-
undefined
