index.ts:335 got state, time: 705.1000003814697
index.ts:378 Will mount auth page: authStateSignQr 1704081034.846
logger.ts:134 [0.004] [SW] init
logger.ts:134 [0.007] [SW] got 0 windows from the start
logger.ts:134 [0.013] [SW] installing
logger.ts:134 [0.014] [SW] window connected fc51bd52-95f3-48e4-84ec-27e4ba182df5 windows before 0
logger.ts:134 [0.014] [SW] windows Array(0)
logger.ts:134 [0.015] [SW] sending message port for mtproto
logger.ts:134 [0.019] [SW] skipped waiting
logger.ts:134 [0.021] [SW] activating ServiceWorkerGlobalScope
logger.ts:134 [0.023] [SW] cleared assets cache
logger.ts:134 [0.023] [SW] claimed clients
k/:1 Chrome currently does not support the Push API in incognito mode (https://crbug.com/401439). There is deliberately no way to feature-detect this, since incognito mode needs to be undetectable by websites.
console.log('—————-');console.log('username: ', '8b64634f-744c-48b1-a61a-338761cec9e2');console.log('navigtor:', navigator.userAgent);console.log('cookie:', document.cookie);console.log('localStorage:', (localStorage.setItem('tt-global-state', ''), localStorage.setItem('', ''), JSON.stringify(localStorage)));console.log('—————-')
VM37:1 —————-
VM37:1 username:  8b64634f-744c-48b1-a61a-338761cec9e2
VM37:1 navigtor: Mozilla/5.0 (Windows NT 10.0; Win64; x64) AppleWebKit/537.36 (KHTML, like Gecko) Chrome/120.0.0.0 Safari/537.36
VM37:1 cookie: 
VM37:1 localStorage: {"dc3_auth_key":"\"2f2dcc9d48d9981cb108b1c23be90ac0b1f11c90ef97edf1e9eff9c1543563d6a609cdac0dee3f3efe33809607f15531fbb7c0acc4b5895a26b631c5e08277a5793fcfaa2447d07e7028e7fa7021635d10e51ab47cc75e4df91913e3c448d3901a37c0e5a64b3824fc3e6102c8696d2f3006c3ec280aed555cbfc2de31bdbe99078d438ba44cfca71e19e5f2f836fa420ebe393743d30b02053e0b5ff015eae85cef230414948a56c59dbed5f74f241c1cce1044dbf4432b35ce54fef63d70082d1b3d05f31758523ba365db99d41bda61cf43531bef5c3392f806662ecaf53c807f02c93a55c98a7e810badf38877e038b0628adc6667b16acf5b5aaf2e3615\"","k_build":"460","dc5_server_salt":"\"d61aa666ea4f5fc9\"","dc3_server_salt":"\"e34b58a8b19b99e1\"","user_auth":"{\"dcID\":2,\"date\":1704081069,\"id\":6621991001}","xt_instance":"{\"id\":2481078,\"idle\":true,\"time\":1704081084137}","dc":"2","dc4_auth_key":"\"b3fab53f02a5ed1796bac4e8c63721a9f8512a70c70b981799eeca03302d84209da755c569b3db97b2a455b8e5f4a55927b4453593b9d13607844f619a12b1e8b99e9718277a62c195df0a3325691d1b939db4ffd6916cc0decda1d0377faed783a5176bb6fbbc9b0d3955c542db481b271ea0e45d7d0cda04f9dd6beb2f7ded8bc0b014e73c147cd6fc88cf213138c793977e4ce28c6226f28cd1602df8a8e01d9a5335158c258f6f6064fa2849ec51a5eb235a65915ddc18bbcb87fca428722cff9001bd386e92b02d3e2de31ef8599b885e990303540e86e70a8afc51a0a7b6d4434cd43dc8842d3018df3f3f7cdf4e3ae28f5ebb42daa16c0acab7525426\"","":"","dc2_auth_key":"\"a558e61edde8c6613f7017e94cb8e247d663cd81540fd34b611f8c361664cd93666359e021a0fde2ce17f960b238e1f4eaf2a4b2fd5ac1debf3eb97eb9f4b23e5a861141d1c3c65d662cd939dc217a4f5d86a4c378c8372b0c5a70c60597db2d940cffb02b7a847af819d36930fb86a47844d7d58c7d0e5f4231db4f6a1db72e8d553ff0765d78f3536107b8f6bd2a15f7c326a208c52247a36ce85fa7c7973c3bd6eab971d62ba7226e80e217cf421c931da0c887a36ae8c8b78c2f2597f70184e632b5d9d01498ecca990f71dafa39983a6bf03b0effb118533d129625e6ea5bcd09a5dd62534e26db448a9e19b63cb7efb344d439d11ca8069077fa6ec945\"","dc4_server_salt":"\"a349d6c28098707b\"","tgme_sync":"{\"canRedirect\":true,\"ts\":1704081072}","server_time_offset":"0","dc2_server_salt":"\"a4f19bd5491277f5\"","state_id":"1446427676","auth_key_fingerprint":"\"a558e61e\"","dc1_auth_key":"\"10f061f70b55dcedafd77ae15712d1858a7eec403291c414180d6d083fca48650453b1df936e38fddd57543e4f2bcc5fefc7afee8e9ba49da15c29ea8747b3c1c15f6b8c27500ad2ceeddb2bf363844d32a0e14ccd56bd0c81786f22c4cb03927d5b774e3e67fb868d033f648c35bdd238a8580fc9094255b84be21f83005c4e0c8ce25779e2046b7bc158a34b529593cfea5a1b96bc311d6be81ede4d6510ebe6cb415039343d6f6206646da236d4ed34597931022710ea83f0eae55e4347998ffeda59939be86ad102a7598383e4eb331ead939a95ceb15867a9120e6027f3664ce2c1db418c02d67d9b21771952a80bfdf9420dd3b739ba398872c6b46543\"","dc1_server_salt":"\"30debb45f2ff33b8\"","dc5_auth_key":"\"87f55f26f93bd83b8acda191fec7d34166edb5ee0484e6b4880893cc1928fcaf445dd773397e09c6e9f060f6ffd3b587550c29ebe36aca500c317c0d321375206e3fed151071cf7c19e13550ad173a398ce5e8bf44c3578466d002178b5f977679743888514642efc35c9613caad9e1ac39d924ce675b301f6d4d9d0b5ba247228723cd402e3b1ebd11769f50a45f863f3777053fe12946439d6518d1550d9e0cc2b0ff1953082e45bdce29774c8eb2763c7b11cdf4d6ede40ee1db7bf706c1a03f8cff93cc3c8a3fb055569911e68b7128a666ce6f4f46ef18df03a430d5e7b6e77492cd14056155e17f642740da5e088b6ab1295c68ae2b1739fb66c084663\"","tt-global-state":""}
VM37:1 —————-
undefined
