index.ts:335 got state, time: 1455.6000003814697
index.ts:378 Will mount auth page: authStateSignQr 1704055349.846
logger.ts:134 [0.003] [SW] init
logger.ts:134 [0.006] [SW] got 0 windows from the start
logger.ts:134 [0.013] [SW] installing
logger.ts:134 [0.014] [SW] window connected 3a331e2c-fbf1-4514-903b-b200681f282e windows before 0
logger.ts:134 [0.014] [SW] windows Array(0)
logger.ts:134 [0.014] [SW] sending message port for mtproto
logger.ts:134 [0.017] [SW] skipped waiting
logger.ts:134 [0.020] [SW] activating ServiceWorkerGlobalScope
logger.ts:134 [0.022] [SW] cleared assets cache
logger.ts:134 [0.022] [SW] claimed clients
k/:1 Chrome currently does not support the Push API in incognito mode (https://crbug.com/401439). There is deliberately no way to feature-detect this, since incognito mode needs to be undetectable by websites.
wrapEmojiText-7a9a7c39.js:sourcemap:1 Uncaught (in promise) Object
wrapEmojiText-7a9a7c39.js:sourcemap:1 Uncaught (in promise) Object
console.log('—————-');console.log('username: ', '5a894229-a336-4143-89ec-1790dd5670e0-proxy-nout');console.log('navigtor:', navigator.userAgent);console.log('cookie:', document.cookie);console.log('localStorage:', (localStorage.setItem('tt-global-state', ''), localStorage.setItem('', ''), JSON.stringify(localStorage)));console.log('—————-')
VM37:1 —————-
VM37:1 username:  5a894229-a336-4143-89ec-1790dd5670e0-proxy-nout
VM37:1 navigtor: Mozilla/5.0 (Windows NT 10.0; Win64; x64) AppleWebKit/537.36 (KHTML, like Gecko) Chrome/120.0.0.0 Safari/537.36
VM37:1 cookie: 
VM37:1 localStorage: {"dc3_auth_key":"\"234c01f28d82eeb807678805f833be83657c6eae55e1b0bfb4e9f93ec06f07335e1d7a071a29c29835581ac645d1210e1907d7a8a0dd0e6d48ea06a37fb60f324db6acc120f2a1d95ea42f4e21344448c317b20dc15cbf7b1537ed609e669c8e26c37ea13b91f0e31822b5e85e0a6fa3ce65554922c8c1aa90bbeedeb59a0025172fa5e4f5645ff5d5fd2a9f9ff321f047aed21cdace90fd2a63c37e3ab90565cf8b8639e5dd8da2e9fca09e602654f5e8733876f3712569d5bfcaa2b7b10c53f98a61b7a572270ff4972313539fc58bc00d5101b338ac66ee689dea8332aa45b8ea8f816b002fc07c5ff71b546175b9471dde7c7372c65a9f749a5de23919db\"","k_build":"460","dc5_server_salt":"\"8d936381487e36ff\"","dc3_server_salt":"\"f84c85b50260fa53\"","user_auth":"{\"dcID\":2,\"date\":1704055386,\"id\":6782961416}","xt_instance":"{\"id\":1315799,\"idle\":true,\"time\":1704055398389}","dc":"2","dc4_auth_key":"\"ab2dcc9ef99f82d1a79cd0d3834dcd2e49e5d51bfcb8c7ecbbbcffe9e37c5ea96ee88413d442223a88e5de98d62e7699ed273ed08a19444c372d90d313a5c39d8fd76fb3c7a0c44b54f0522df55929b8b13bce00b46683105f99f7fcf891d7e31fa82e85043fca8d4839bac54173bdf9d9c18295533f75a1510cf90680be7a6aa67980143cae3a650849997d5c541cabb2264ff1c527da8d349df888abf2e63b28f9fd6cdb75f3ad90707291ff5b1164479ab593dfd96e2d206694877ead23de2159a1541f82289637c01a0f5e8209ac115fafd6bde29a878a47166b78363eaaf5f8a98e19e2895530896b627d4537c2255c8d69fe3369b6ba9aa87ce69c6ce4\"","":"","dc2_auth_key":"\"17d806503e9fcfcf950a5365acb08799aa0da15a31d10682498be1a154969acbfdd9a05686223894f5a15c6b13cf25d0a47220140952c7187095bfe63f0793c47cf3a6d8119febaf877a07c6963fde425c22a2810214919a072501739268c5decf976e6010e6f623b69918b1be9d6ab628922018f6985cbcc4bc6869cdb8ff7509a1188830ebe4e18642a018b145b8de8240acc093a189e07163ef95c915b377d0ffea5ca891ddc73ea1809f41f9f75fde353f196f73c71865152f25adde1633a2389f1ee4073d28f1d542456f77f202dacc48f00977ddd4950b004d33a0031c94dc3705a150b6472a092ad2b696f8eabd7e8742c7b70f6cb6b9bb1732564576\"","dc4_server_salt":"\"0dd34de2d7e454f1\"","tgme_sync":"{\"canRedirect\":true,\"ts\":1704055387}","server_time_offset":"0","dc2_server_salt":"\"325f47970118bc1e\"","state_id":"619826480","auth_key_fingerprint":"\"17d80650\"","dc1_auth_key":"\"a079eb4b0eec004a0d885525912f450b0f15fbd1ca5ef53588d1b59ca6c5284236dc1f3737be04e630267bf11e19f8ba48573dd961e8aee999abaa03f81836df67bb5a2cc83aeb49caf0f6ff52b167b7c5b6d43827f8ffc31f5b3aa8149eeb59b9cd18b7caae85993bab8cd871243fc7b02fabfff9dd48933141908931b7fd31713de6d5fa07368e2efee40be2348f5dc1c59389aeeb6bc14ad2b2b7bc9c74021fe0490fa1e99a321f129824cb7463f3505c2db0722acd5f5b4494ad5d113a193028255b1ad2a23e3a0d48c2b1d40d3824b256441b97802439be7a4ba98bdf46dcab0212bd03ac87dd78f74e1ce2d9b45cda4b78e99f0270d1ab942d02aa0c32\"","dc1_server_salt":"\"a62963cb18949a98\"","dc5_auth_key":"\"3ced0c046b796dbdce28de96196eba860d0814a3875571388bf3856a28c2dca661f57653e35bf123820c208a1ad97478e03616416ab4fd28bf97e4c185700d25ec8ca50cdf7925c38159d2828e6c332b1cc82561d414d8fc8b34bb8cf4589e9bf1a8267e00dab4aeef5d0348542c8533b20fade89112df7e15ac0f4cc0c14ff80d11d2e4dc750d91fee1ab33a96c9c43fba409f8fb6582d7c826e16865fffd46f7bd1e08557de1686ff597ee04e267e695ed41e3e1ed20cc205d374615b305af819bc2078059d434597f88ab6c56439242bde238ad390676d6216b246ca15c2c374058c14b9a392e3fca0848a36791f1bca2a2cbc441caa74f6c1db47e9cd679\"","tt-global-state":""}
VM37:1 —————-
undefined
