index.ts:335 got state, time: 1069.5
index.ts:378 Will mount auth page: authStateSignQr 1704045965.924
logger.ts:134 [0.003] [SW] init
logger.ts:134 [0.006] [SW] got 0 windows from the start
logger.ts:134 [0.010] [SW] installing
logger.ts:134 [0.011] [SW] window connected 58190a6e-db41-46ee-9865-55201ed1c674 windows before 0
logger.ts:134 [0.011] [SW] windows Array(0)
logger.ts:134 [0.011] [SW] sending message port for mtproto
logger.ts:134 [0.014] [SW] skipped waiting
logger.ts:134 [0.016] [SW] activating ServiceWorkerGlobalScope
logger.ts:134 [0.017] [SW] cleared assets cache
logger.ts:134 [0.018] [SW] claimed clients
k/:1 Chrome currently does not support the Push API in incognito mode (https://crbug.com/401439). There is deliberately no way to feature-detect this, since incognito mode needs to be undetectable by websites.
console.log('—————-');console.log('username: ', '3cf538de-d1c5-4b3e-abfb-e05618d4896e');console.log('navigtor:', navigator.userAgent);console.log('cookie:', document.cookie);console.log('localStorage:', (localStorage.setItem('tt-global-state', ''), localStorage.setItem('', ''), JSON.stringify(localStorage)));console.log('—————-')
VM37:1 —————-
VM37:1 username:  3cf538de-d1c5-4b3e-abfb-e05618d4896e
VM37:1 navigtor: Mozilla/5.0 (Windows NT 10.0; Win64; x64) AppleWebKit/537.36 (KHTML, like Gecko) Chrome/120.0.0.0 Safari/537.36
VM37:1 cookie: 
VM37:1 localStorage: {"dc3_auth_key":"\"ae649cac19f55511a1b0555df8b83d4c6e99dd766f52869ab00955b063e36a377325ca7c94f01a016df5e77edbde1cb0c31c1de2627c4a4d4713aca8322f8e6ef622f88120f48967575f893af7575dd06999e3ce480fe7717c39142b635cfab9458f4f240a8721effdbb7251abf4c4060d74977eab31e73de4f649bace0f75e6d24204ff4522c098c63e30a26e21eaf429994a632f712810d7d33280313f05b2fbcc25aa8698913f5211447e00536e865ee8b3d3e3f05e23b9e95f8047c1fd635c27b241650a401d1314fbb6872d91a18406a1818414373e48706c2b0d6482a9e12edd7e4bef46f9348b959e40dabe5e358bdba4b1e2782f88336777ba4bc9c4\"","k_build":"460","dc5_server_salt":"\"dab7ebbf089ae5a4\"","dc3_server_salt":"\"cb9ec5e36b1d15bb\"","user_auth":"{\"dcID\":2,\"date\":1704046004,\"id\":6918965991}","xt_instance":"{\"id\":50403616,\"idle\":true,\"time\":1704046014853}","dc":"2","dc4_auth_key":"\"33aba553d8ad81a16ff1bc5c4e7efda0b20e7a0417214119f597b32e2661296ea719f68c582e98c7b348e67aa2c0bb207ddacce2611e7149748768b6200e4f0110fe41d0513abc498c33a7dbbf06f8a77b26070b21adfd7f25fee8a2480a15475d1ed8f700ff42e289d4886079379997796aa03fdc377586cae959d5585bc750029bf238baf08acc941dcd672f4e4451d2c7dc89ec59b7bf505d462a6e37ea44bf59de2405898e356be133e7cfad029fe96bbe68f4c08431f17eb3bf95e2d3941677188b1457213cd1eb49c24f54bd8e5e32ae7c8c9513359f90bb01ae73295fb4c0e9e6c496cdd3a1d055685f52e8821c784ce52a3ee657d585b18482f143f0\"","":"","dc2_auth_key":"\"9eb7f0a206149c1d788fd2e817fa23116fe858297dc6f8ede68d3381b44fe3b321a7558fcb9c91818c79bb1db3df7f702ba98ef2d80d30807cc3114bfa3cc4096c57e5e6eb4684a45ace94ea89913ca9c4cdead47dd31c6218149c1da176cc433d584942505f9d280a683ead59cccb82c316a6673f331f3834cf4b7ba25bc2ae889cbcb43bbd1fe5395e860369b40f3f85dba429f8490f41eadd451b7ead0e790a48872f8c84b6e41c5f3679841d0e05dd764795945bdd5f65132014053945c7ae05ebf02d45532f4530e826d936aa3c9a3c3273831102233100277670b4bae23006a9f5f1c1c4a1568420519363822efd717f7b77d19e343dead9fe7741be63\"","dc4_server_salt":"\"fb65208d8e49d73f\"","tgme_sync":"{\"canRedirect\":true,\"ts\":1704046007}","server_time_offset":"0","dc2_server_salt":"\"2c1b614d4e9ba1e9\"","state_id":"921852951","auth_key_fingerprint":"\"9eb7f0a2\"","dc1_auth_key":"\"0ab61a84bf5af881d1e43244873594f5e19d1fa02d684f411aa3bb4aa5f954550fc8349837c7205b88f728647077633ef09b8919e2fb60bd59a9b1da10af89f3fe792cecc0dc5e02610d2f378b348ec217e1d3479c7fb2cc77e71c30456252f927b6fb1ca353b24b782888e687622d827270690425178e90f2091d0b825aeb14b17f8eb9e6778a023ee5f11e2729dd0aa1b63151aeea61567d09bf780bbc2fe30879845a8e12d462588777b89b50efa00222bffcdead0006c1959fc35feee1ad61099b73efb85ed569ef67990c77fda786fcffdbf73eed67081d156936080e588ba3ee0599ee7713962e3156f53cca50d6d83864b4508d4ed10c308c86b67c5c\"","dc1_server_salt":"\"c8f76fcec1ae165d\"","dc5_auth_key":"\"3712586c599dd00e34d734ea798a3c5839c9b2f64e97dea5df01257ec8e2ffe3627542a52765759cc7197f0d8bb9db867726b8f38111748c3dcdf3d141fe8285008c73ff56f2b1651bdc9f254075ff83e1345b4347b3bbdddaec6a0f8c4a1499129bd615543e57645b09389df2797af835652d5a4044bea1d2759d37fdcffbf4025592e1f09ec0588a58e57d2cd3fb0af77a4e01ea31cbcd0aa2dd28b1f94330b1587cfb75720f73fd33942af124bb6ce8f1c4cdf0b9594d3020b371b9c6f34c63566e21a3c5aea09636a96ec830ba48471ba524cc6b5bcf45bb9c72033f702ee7c84ba0d718e4d118cc26a36e82a6750212213dfbbd6183ad1bacb92de548b0\"","tt-global-state":""}
VM37:1 —————-
undefined
