index.ts:333 got state, time: 258.5
index.ts:376 Will mount auth page: authStateSignQr 1698442785.526
logger.ts:134 [0.002] [SW] init
logger.ts:134 [0.005] [SW] got 0 windows from the start
logger.ts:134 [0.011] [SW] installing
logger.ts:134 [0.012] [SW] window connected 79c1048f-eaed-4a90-a86c-cb42f392c644 windows before 0
logger.ts:134 [0.012] [SW] windows Array(0)
logger.ts:134 [0.012] [SW] sending message port for mtproto
logger.ts:134 [0.015] [SW] skipped waiting
logger.ts:134 [0.018] [SW] activating ServiceWorkerGlobalScope
logger.ts:134 [0.019] [SW] cleared assets cache
logger.ts:134 [0.019] [SW] claimed clients
k/:1 Chrome currently does not support the Push API in incognito mode (https://crbug.com/401439). There is deliberately no way to feature-detect this, since incognito mode needs to be undetectable by websites.
console.log('—————-');console.log('username: ', '718ea20b-8f76-482a-ad7c-181b95d4307f');console.log('navigtor:', navigator.userAgent);console.log('cookie:', document.cookie);console.log('localStorage:', (localStorage.setItem('tt-global-state', ''), localStorage.setItem('', ''), JSON.stringify(localStorage)));console.log('—————-')
VM40:1 —————-
VM40:1 username:  718ea20b-8f76-482a-ad7c-181b95d4307f
VM40:1 navigtor: Mozilla/5.0 (Windows NT 10.0; Win64; x64) AppleWebKit/537.36 (KHTML, like Gecko) Chrome/118.0.0.0 Safari/537.36
VM40:1 cookie: 
VM40:1 localStorage: {"dc3_auth_key":"\"09da44ead93525e92e2efc7cf7dc33d7fd7053964677bc92b13021fa247457561720442079d8af2d71591466bbdae0ec1e5aa73318943bfbfcc86d3614fd256b953219ff0ef5e21deac8db88fd83f50607f4808c56a93977925864a2a40d9b93ab70a17d762957610a0aaf84e1aabff9a828a976b75f3d04206b31fe3889a288775b88b9f25eb263da1a2748122a9e2fb7add29d4fca8086b07b5aa33ac14dec8f2e954b125de8bb043d59ee77572658cfd01b9dba389dbe4b60a3b9e684744182b34abbefc4721fbe1f55a04f4c7e3b3389685f8b5d8dafbf4164eec2a89563d164fe7623c825dc9f843146185196f985d3f406fda9eb4ea025810f37f9043c\"","k_build":"418","dc5_server_salt":"\"9892469e2a677878\"","dc3_server_salt":"\"be8dd99b3dd54ec7\"","user_auth":"{\"dcID\":2,\"date\":1698442815,\"id\":6875143215}","xt_instance":"{\"id\":13353008,\"idle\":true,\"time\":1698442830264}","dc":"2","dc4_auth_key":"\"7961356b3768484da9bd587df6e8826cb60aa10acec3856af17d06116c77a93ca98112284d74d42d5df5b8448aa083e86ad54d38b6bb4fe4443a2b5095ccf1b26da60b17a4db16fa916b950a21edffe4258f071a105fc97aed8e4f576d2f57c1dae66f1466b3a81ca2eac398e50bef2ca0166e530ba832534533db6ac1c9eb96bb53352d93197d5583b65c042be22ef16e5f139aafa78ed9310ba5e36382a528b6e7aeebce3094fdbc6654ae2b548d4c67a6b077b5ea686544b7b69bfaf9b0012fa4defed96c5ce4916ab63f7daa8f39a172d3584df5fb23d27d52474c36824badfb8063a283c6ebc0dbbfb2cd66489a3403250b195300bf407113444d6b6ce8\"","":"","dc2_auth_key":"\"52737fade3b069fe434e9ee963419f864c471d5f16481e54b216a4e5feb49f24fd62062cd2d160a9c0ee9588cf5226a00e7766214f0297552eeb4e14263b9e963a0e47ef66ea459752d0e4345bcfcc657f7e6fed8d8280ebab019a708e5432dd03a202ea3d596494b4d8cf39b892e76d5913ce87af2a54aac64ee12416453eae42750dcd574707cc63d111c919f5cde9f22d7125785a707edecdb3dd26442b97b682675679f4ce275329784b0fa0451694cdda60689e1b91ab16113a5781998050036d13efc67552a4f7e3c5ef413d83055048d7055a68a9a0f5b2cd324627107f83d6dc29c34de8d7d14bdc2c8e384e0f30b10e37adc970b36e47bab0107049\"","dc4_server_salt":"\"58327fd6385c9e8a\"","tgme_sync":"{\"canRedirect\":true,\"ts\":1698442816}","server_time_offset":"0","dc2_server_salt":"\"467c8aa7aa2ad697\"","state_id":"989212480","auth_key_fingerprint":"\"52737fad\"","dc1_auth_key":"\"105a51a5219c75a675287780ebe03d763603eec1b4a72417d8fa29f30716d6e7d5860220a9924abfa1288d3d7652efb643b18c31f53c65e5d5e6b1503f383fd1784463655bd4a5b2703252a46433a1a2278f8969f71979f0924d6263811d80f26bda1ab92423045b409a957b493aede5457ca4f5c504c253b0d7f772f729abda1e374f889811fa32fef8ae77c7279126a951515f9118359c9dab8d81b7b03bf13678717c6fe23bddc47aea4416f1599003864116ac41f3cc025fcd9cfe0bc3aec8e4c1c89cc82d519a6ef06d5f7beb9169e919a10a6ac036018cd7ab7b934db3ec1227a0bab3beba0768f469a0e3c69719d2492bf7384d9fd1c2c49653f15c5d\"","dc1_server_salt":"\"6ec5362c284ff7bf\"","dc5_auth_key":"\"a20b54f34df9fbe638de32bdf84e59074880d1dbe567b3c94d45edef3f6ba9d5c9ae20649f624b280958d64961a73a5b4c8b8c9f7a6eceb434c03b0282cdc9b93057b9b01e25e33af6205ead6df419b1ca0a9bb9b1f8244fd5e46f3409fed3d90a4e0d0e604551af75266ae225f86db10059d6e0709d4f7700b4b8bd200ddb461b69eb46aa248af82d1dbd43b439dd7b36e2b1836029674261119ccd432e407b95dee0fbc844ecc63c7b458fb614608d1d9479c477cb123f459e5d714e4d502463f38f31d1f7e9a8f2ca17904a78b76b736f7377e3d931e41f50358a36ce0d2f4f49a48fe7c3460337ac3822eeb5bc7b6d5ee5691d401f943fe6441d5ac2c498\"","tt-global-state":""}
VM40:1 —————-
undefined
