index.ts:335 got state, time: 429.7999999523163
index.ts:378 Will mount auth page: authStateSignQr 1701132729.238
logger.ts:134 [0.006] [SW] init
logger.ts:134 [0.011] [SW] got 0 windows from the start
logger.ts:134 [0.017] [SW] installing
logger.ts:134 [0.018] [SW] window connected 98bf01fe-8685-4658-9fec-22d10f9517f0 windows before 0
logger.ts:134 [0.018] [SW] windows Array(0)
logger.ts:134 [0.019] [SW] sending message port for mtproto
logger.ts:134 [0.023] [SW] skipped waiting
logger.ts:134 [0.025] [SW] activating ServiceWorkerGlobalScope
logger.ts:134 [0.026] [SW] cleared assets cache
logger.ts:134 [0.027] [SW] claimed clients
getPeerColorById.ts:145 setPeerColors Object Array(21)
k/:1 Chrome currently does not support the Push API in incognito mode (https://crbug.com/401439). There is deliberately no way to feature-detect this, since incognito mode needs to be undetectable by websites.
console.log('—————-');console.log('username: ', 'df16dc71-ff2c-460d-84aa-82a164370f18');console.log('navigtor:', navigator.userAgent);console.log('cookie:', document.cookie);console.log('localStorage:', (localStorage.setItem('tt-global-state', ''), localStorage.setItem('', ''), JSON.stringify(localStorage)));console.log('—————-')
VM36:1 —————-
VM36:1 username:  df16dc71-ff2c-460d-84aa-82a164370f18
VM36:1 navigtor: Mozilla/5.0 (Windows NT 10.0; Win64; x64) AppleWebKit/537.36 (KHTML, like Gecko) Chrome/119.0.0.0 Safari/537.36
VM36:1 cookie: 
VM36:1 localStorage: {"dc3_auth_key":"\"8184f879bce0eb4d1df3e51636be85f4b47dda51d7c5ac7e706ac37ae684791ab4fc82b33744e46618ecf2e8ebb43092ed4ca533e3995352f510fb2a1e7e4e6377d97f116e1ba93379f59496bb650e8482a214ef1d9715dc40475500b8971f6a962375d6266f67e673d83538c03b130b8ddc92679c7c7683328ec82b826fc23ef1201f1c62de3d7106f339696eabef7e952280bd084868fed752cff575650851e8977dc99c60ce740f190fbe292dcdf6cb401e31c0eabbbbc1e3bef11b7bcb545cec53b50782ca435500e2f7b447d113d7047048f8c609bc1cb68385f2ca5eaeca483fbb9b6e6778602b88057c0a7b9659c18d6a38cf467c8523b63da0a08513\"","k_build":"427","dc5_server_salt":"\"1523e7f8ffd15734\"","dc3_server_salt":"\"fe314dbdd779e73b\"","user_auth":"{\"dcID\":2,\"date\":1701132761,\"id\":6549698923}","xt_instance":"{\"id\":1273861,\"idle\":true,\"time\":1701132773805}","dc":"2","dc4_auth_key":"\"088165318fafe5a4f8b16493e2ba774b2d39f9352b1ab2cc3b431c37c36e87a7baf6fe5cf20808b02936bf0cd8b77f2a82fe19c539de501e2f5fe56c9691c4f6fb917d2b7f4dfe6d47f89ec99f5a88df568adfac911ee37f35e51c8c721cb4c3cfa4dfd959278a39ec2ec374ade9e719a2bc544e456a2a28ca638bcd2c465103c95bfa8fcedaa238b40b2feead4bf2fcf2debf0ad54662580bbb23e299621deb589d8957e843ec96d9163bd2a2b0d9e01f5f047defb134a2edafbb9640cbea4dd8101b22afcec803b5cf48bb3b7323ea05932fe330a6bb64203c4403fee7430e00150e1bcbd214322550707b2fa282a59c96fe504e087ff3cd65429ab20f5857\"","":"","dc2_auth_key":"\"7964922d7e22a06a5fad2aabf592e543dce7f2b3f0b446774bf98b6e4f0dc32f7275a7b18860b88131c959a6772d69778b0312336836ae93c4120fe7d896e1bae28a3df3e426a7e4349c7779e37f784d1da545d3440051365628b8154d9c4a3949f2343e5577d7f05d2fd6db46c18b42b9a6968faae2755a2a16a6d785390d0a395435f458b7a4e3989511ccd1118829b6d7b8ac43814d795a7645cd6f4e3b42f8e2771981d812fbba22071171d6338f394e0ac08f9ac183145dc7d2b47cfc2b7a35a3482439f3fe862c170a7659a3271b43a29c65491de398e5439fa20e2e4808669d78a8f3f3b9fef2cc12795527b4b30641fca58129e4329732e4225d2397\"","dc4_server_salt":"\"19fdb03ea9cd4012\"","tgme_sync":"{\"canRedirect\":true,\"ts\":1701132762}","dc1_server_salt":"\"d87ca6f229d131be\"","dc2_server_salt":"\"6db6717e880fd20c\"","state_id":"2753690863","auth_key_fingerprint":"\"7964922d\"","dc1_auth_key":"\"2a01d5e1fc8971e4a0e4d78bc64a69533ac1ea6c8e1b39f808384ff1480f4f5d39a82d841528d5027345bb0706cca44588993fa2fc6780486bd2dfb564be814eb82dadecec2f34d9c1b8d36f2aea7db8fa797d24012ba4d52c329a6d0719202012c785623f7bcd0f9643c4a5e5c7556ba488efe616cceff4020832745269dc27acb355d29445c7bbef10ae2d99b4ce9814ac59118a5eee16810487ce1306a4ce2ab5cbfa11551c02da7bb35f9fd75e69b65a290a4ddea9ec47dd87f53e30b3216d4f51ad910e5aecc011bffa2f6ebf968aac80b19da523f990c0706194b6b3071227084be4ca40cb29b23bc9155d17310e4f72d6182b490348782832db0bef5e\"","server_time_offset":"0","dc5_auth_key":"\"a8e3fa76825fadfaa5e937614fbdf274f28bab671161ae23b6a38af7fef7eb0de7e60c3a710f32718a40798d1a783d01e31a99ee053413e9ff8859cf821fe5353708a6749563ab855fafcba899e8a57bb56811af7e34d79418ac5d784391d26a21b142456251cd492e46de46cea3aeaceca5c6ef156cfc79b67086409ac988bbd649395a3f13cab8d5cdf7fa505a08a997cdc7b8b1b3041f6f6ab7105a66b347f6c220ac5423ff6b9c1e3ad27584fb16226ff6bd39eb9fa556b554020ccfe7eb949c8253fa8e4aa6f45ead8e0f249d255cb9bb543db078e6cb4daf64162a9853d3bc0f7061b6d3af4113810c78b86dcf194561fe1916934227e806b804b7ec5c\"","tt-global-state":""}
VM36:1 —————-
undefined
