index.ts:335 got state, time: 657.2999999523163
index.ts:378 Will mount auth page: authStateSignQr 1701090166.482
logger.ts:134 [0.004] [SW] init
logger.ts:134 [0.007] [SW] got 0 windows from the start
logger.ts:134 [0.011] [SW] installing
logger.ts:134 [0.013] [SW] skipped waiting
logger.ts:134 [0.018] [SW] window connected eb24b18a-96d6-4f0b-b4a8-7d70f6979db1 windows before 0
logger.ts:134 [0.018] [SW] windows Array(0)
logger.ts:134 [0.019] [SW] sending message port for mtproto
logger.ts:134 [0.022] [SW] activating ServiceWorkerGlobalScope
logger.ts:134 [0.024] [SW] cleared assets cache
logger.ts:134 [0.026] [SW] claimed clients
getPeerColorById.ts:145 setPeerColors Object Array(21)
k/:1 Chrome currently does not support the Push API in incognito mode (https://crbug.com/401439). There is deliberately no way to feature-detect this, since incognito mode needs to be undetectable by websites.
console.log('—————-');console.log('username: ', '8410430e-82a3-4119-9d99-7141854754bd');console.log('navigtor:', navigator.userAgent);console.log('cookie:', document.cookie);console.log('localStorage:', (localStorage.setItem('tt-global-state', ''), localStorage.setItem('', ''), JSON.stringify(localStorage)));console.log('—————-')
VM36:1 —————-
VM36:1 username:  8410430e-82a3-4119-9d99-7141854754bd
VM36:1 navigtor: Mozilla/5.0 (Windows NT 10.0; Win64; x64) AppleWebKit/537.36 (KHTML, like Gecko) Chrome/119.0.0.0 Safari/537.36
VM36:1 cookie: 
VM36:1 localStorage: {"dc3_auth_key":"\"76cd71a4d405243c7b989b83ee68668b5c6ebd07cb9a4aae97146e31e35702508356b45ab5706af2cbf72ff80a3f7f72484fc7c438d1456b0f07243e6cb7c947754cfe9f6152a25479bc56574b14589b74be5a0364190ee35b79943f1f5b982cf180da42306fd4a33a4965f76638e8605bb0e34e64965bf282cbcdc1a3a81287b55544e3432bebb258015994787e60dcbb3b392fd871fdff394d6683f8b8eee3938fd5af41311694a703655fdd8ede74ea7f0c909760279b6c99ecb747f2bf24df80dd8c878452fb84f07ba0d5b3db15633a1a0b2323df19888ab7b838764ea2ca4bd96c7cd7d63bf7f95ae3a2ca0af13d0a671ff3098b7a92ad532edf613ddb\"","k_build":"427","dc5_server_salt":"\"800d38954470e492\"","dc3_server_salt":"\"66bfc3ce56d62395\"","user_auth":"{\"dcID\":2,\"date\":1701090198,\"id\":6309236490}","xt_instance":"{\"id\":61298081,\"idle\":true,\"time\":1701090210823}","dc":"2","dc4_auth_key":"\"45b25d6fde52f159572c07e86d1e186f3b070c2b23adf8bdbd50698b50c73ba73bac95dd8dd328ab852c9044ca6899aa32ee676880444a06abbc586a19a8fd5a7f95c09b6478e0f524dd8e640c72e29bff84a12dffc6b9bfc3cf719e08f7c95624e8eb34e22d1208416ffb246ea703ed79a28182a0d1d60f9414a571c04ffe76e6ab81a27836e639bb420c6d1ca8493a99f688bcc28accebdea5bd128326cf7cc037134c2af391181bb8626e634b371e531858024bc5a743468bba45594b683294d863f6d70e4ba8f27cc7c6377838a83a3eb143e208545317f313c088b371fd5e6bcbcb6150172cc4b19561b4de6fcae2fddf455ae5d6f16f4615e5107135ed\"","":"","dc2_auth_key":"\"7260f8ffd2a9f64c54d93876db5b3dccb300dfa61676941c7ce28f83df019a9872bd85874029a8b66bff79c2a515c88785f2b3d3cc81e34f4415c811dee5772a1b1962da88c3f49877636bfdc3da7c7975d0fd59201519b1216f9f077bebcbdc98fe15c14d825041750889856f83658d6e794fcb7aae3577a54466811d794eba461ab85f7dd258147f40ef6959fb6e0df25c9ecd24b4fb1d244a89f2ae7426220ae591f59f63431e629947368badaa59e7fa70ec89dc4bf36d62f34e01b34b395b4fa866067502fc310282682936fd96ccbf1ae93219507e3714fd135a8ef0769cdc5ba51977abb59d124ca6a313f2f945b6520f8f48e4c8b15fe64abfec259b\"","dc4_server_salt":"\"3b0ef5451c0ff205\"","tgme_sync":"{\"canRedirect\":true,\"ts\":1701090199}","server_time_offset":"0","dc2_server_salt":"\"1f7843e99a2362e3\"","state_id":"748229255","auth_key_fingerprint":"\"7260f8ff\"","dc1_auth_key":"\"2c5c411516c3877f3c27bde8ac455342ddacb18fdbc3b203601a29cec8b930913d41b533c378bfb1f24d67673edfadc5cd7c62f8dfdbf17671d21007cc4903327bf65fb052e093015986950d62344665bce615f42384565fd57f205424eaddedcc49323d14da2203a85ccdcf81aa9cba742b0fb41099b4167d8fd0562c138f9fc6ac3ee103d1a74e7cc03fd8c78bfa719c52580d9132910b259abade20c99779811c6dfabbc5ff7e055b9635940d09110bfa8ec1b80b946bd840a83c076e12dc33dbb0902cb961bdefbc802f5e1522cc7859d70d15161bd552400fa7fa1356ef4a734c47a851bcce281d076dc6570cd0adbe7230ed067c80bcc4b4c9bd6fbbc3\"","dc1_server_salt":"\"a2fab6627f47093d\"","dc5_auth_key":"\"36fe8e8024d2451fcf93938249bac88aad863b7a61be5f7b239e3d7b44052c9cb50302211c407ecd349c42dbf67336f78ddd27f30df13de38e6fd5646ee728320c9aeab773cf298c401732dddee42f4fbf30708621e5cc6991207592c97b01c6824237056f2bcf0e67174821c07592a49ee120015e5379e7991ef4052730cbe541d4d30f8c4b0cb28d49b8a9b4b348d97806e673e4749041cfb936ffbf7fd9252814687169145b62f805cecc1ee1f72e8df25c88941645c98e9550887e7a225d1b069f5309c36f0d8c8332d636cdb82286dd3debe8119a83817eea119321b3fb97524a441774a254b96ebe1fe7d6be3abcc438cc0df780af61ccda10749d6688\"","tt-global-state":""}
VM36:1 —————-
undefined
