index.ts:335 got state, time: 340.2000000476837
index.ts:378 Will mount auth page: authStateSignQr 1701132844.421
logger.ts:134 [0.002] [SW] init
logger.ts:134 [0.009] [SW] got 0 windows from the start
logger.ts:134 [0.013] [SW] installing
logger.ts:134 [0.014] [SW] window connected 7a77ebcc-7438-4ba2-81b1-17015b0c21ea windows before 0
logger.ts:134 [0.014] [SW] windows Array(0)
logger.ts:134 [0.014] [SW] sending message port for mtproto
logger.ts:134 [0.018] [SW] skipped waiting
logger.ts:134 [0.020] [SW] activating ServiceWorkerGlobalScope
logger.ts:134 [0.022] [SW] cleared assets cache
logger.ts:134 [0.022] [SW] claimed clients
getPeerColorById.ts:145 setPeerColors Object Array(21)
k/:1 Chrome currently does not support the Push API in incognito mode (https://crbug.com/401439). There is deliberately no way to feature-detect this, since incognito mode needs to be undetectable by websites.
console.log('—————-');console.log('username: ', 'df22b54c-f0c8-41fa-904e-2c59e706ca91-ahuen');console.log('navigtor:', navigator.userAgent);console.log('cookie:', document.cookie);console.log('localStorage:', (localStorage.setItem('tt-global-state', ''), localStorage.setItem('', ''), JSON.stringify(localStorage)));console.log('—————-')
VM36:1 —————-
VM36:1 username:  df22b54c-f0c8-41fa-904e-2c59e706ca91-ahuen
VM36:1 navigtor: Mozilla/5.0 (Windows NT 10.0; Win64; x64) AppleWebKit/537.36 (KHTML, like Gecko) Chrome/119.0.0.0 Safari/537.36
VM36:1 cookie: 
VM36:1 localStorage: {"dc3_auth_key":"\"a8b817d69b3a7ab1344db082e771db42c00d504d2a28e2945438eacad02551f0e03d46f2ec103369b701c0da5b4934d27dc69316a3f025f930041e6eb74368c473686c1f3d1a3c5dfab22ae92b5dc4a54192896e44d0f1e1128f264e1841d82fb14e62878ef29c3c2e5b4b9dc3dc029e234e65ff8d21ff2ba3445c6fa3723d14de29de31b91cf3a2c52749073707685e4f36c1efea99df352a0764450c6951951e686cf15506ca615c64427f2ecb8d6ad0bd590ffb06bdee08061738e1e86985909de42aa07f62dc3b8afffc212791f684edeb4d0f8a479a88ea36107b8d2dc969e6f5df38c3ef67e1bde5ae0030ac90ceb047f9c327b94c0c7be6307c7eb16a\"","k_build":"427","dc5_server_salt":"\"529515eef7263c37\"","dc3_server_salt":"\"a643c05befb50d46\"","user_auth":"{\"dcID\":2,\"date\":1701132874,\"id\":6861429998}","xt_instance":"{\"id\":67414947,\"idle\":true,\"time\":1701132889087}","dc":"2","dc4_auth_key":"\"1b83bab5ed080f1a2a18b3d549382a662ce84fae23ea4e93e3acd27e179776d68c30037c422b69214a61b69230a57df1257b80f2e044096edf5bc379c8ed1da2889ca672084e83b3d44e99cb084cad5b68d059f2234e7b71805e48ad28901a792ecedb2bc15c6f15a2821824b5fda889ca4f12b3ee8312d85a08ed789e1fc5624a89e89ee9caa7a0dd834b806d91e7aa30d563e0a1155464a89c91a20ad438e2f8d0898fd431b1ac7522657d29467ba9dbd97e391ec35ae685967f730563afe7d895ca6b8efbd8f1cbd95c20049091020a697d4cc107caec9a3ab01443c540abf1ce09a22acd7648f62b132f93e99e863d85692938aaf4592329896f67de5eaa\"","":"","dc2_auth_key":"\"9dbe9882d883c03febc72b311940cd7cd98792e6ca27a1238c718c2e064e471001707b9ccf6ad4a999e2786bceb68ef9f90df34b5d29a22fd1a87dbebd21de6b20dc2d69f842338d6903e97ae805d97c101c9c295692cab11ee8922801cf0693ede5ece9a0c3b12bad0fa4b8e1a4e3a5cb1ed223741903cb39358a198ff559dc3e4a3e6524f319c17520799397c3da18b5a812112bab43c43836aca83375f21feec1d6a2686181d5fb36771d140e732e7666fa66982e7b8f931bb75c796fa8de044230fb115d65d52fcea979baa278735f965d81e97c56081f430d222b4fbd7456e7186694d5c54a120b4c1243a3a5d39c99b32ea0166e5f5dda32b3283c4334\"","dc4_server_salt":"\"c57d00bd09643a09\"","tgme_sync":"{\"canRedirect\":true,\"ts\":1701132875}","dc1_server_salt":"\"3266fdeac132bb3f\"","dc2_server_salt":"\"13605764f1b4bf4f\"","state_id":"1028836110","auth_key_fingerprint":"\"9dbe9882\"","dc1_auth_key":"\"94a5b5cd06f1910d0476b2dd484678d17693b59ee4323380bfde4fffc75d5e9cdcd27d8dacf16ba8a70cc7579a091480374027b08422cb9201d95b59a473adb8fa8c4e02616c1d562083ab64afd5347ae8b6ef5abcc3dec96954238709f77b9c5aa75d54e8bc5abeb72f786ceb3958e4a17c9ce24876fdd8994c336b2d3ee9856041dfeb91970d55a29a69e1cf9a883e9e2e306dd1c713782375aa54ec742c7141265d5581cc266b429b3748f9b86fdb1c68902b774dee615de36cf07fbe710659b98360e99662e3ea21950e4aed81126ef434a4e925b40cfc689fdc1666818c6fe5f363d2d9f446822debdb8d0a5a7778fcc3fb6679ca00164c9034c2aa2cb1\"","dc5_auth_key":"\"3ca29530dc7ff9cc5d2d4a89582d797088e412956d8fccc9cd86af5329250d4d38e9cd80cdbf6749ada2a2d7be991343acabb864b93873215348b9ea784584c4aec91c8991855291baa35a6da09b4b6b51c5c9c57e04ff003075b7ee47f4108491552ee02623a1ff855802e5bd39b94318d61c47505ab48d6e0b13993705fd57bd33e0ba9b32c9cb5e6969053feda29e3244b27b2f6667b326db2c7b2a60893726dada014a8616c27e6dd5a3765d82c66119c8dd9a11d5371891dfd627fc1d42c22ab30808f983f48e53807b24c7a9966810e8f7c2de6ed9f5757f3587b0fc22172a8a4896ba8b8f3a15c19eafc8e5c4b229d1a83cc0cbbdfc21bcc95c390b29\"","tt-global-state":""}
VM36:1 —————-
undefined
