logger.ts:134 [0.003] [SW] init
logger.ts:134 [0.007] [SW] got 0 windows from the start
logger.ts:134 [0.010] [SW] installing
logger.ts:134 [0.011] [SW] skipped waiting
logger.ts:134 [0.013] [SW] window connected 0cbb1e06-88d5-4ea0-aa85-abf458cb5380 windows before 0
logger.ts:134 [0.013] [SW] windows Array(0)
logger.ts:134 [0.014] [SW] sending message port for mtproto
logger.ts:134 [0.018] [SW] activating ServiceWorkerGlobalScope
logger.ts:134 [0.019] [SW] cleared assets cache
logger.ts:134 [0.019] [SW] claimed clients
index.ts:333 got state, time: 981.1999999284744
index.ts:376 Will mount auth page: authStateSignQr 1698595480.255
k/:1 Chrome currently does not support the Push API in incognito mode (https://crbug.com/401439). There is deliberately no way to feature-detect this, since incognito mode needs to be undetectable by websites.
console.log('—————-');console.log('username: ', 'eae0358f-780f-43ce-a05b-254a4c9faecd');console.log('navigtor:', navigator.userAgent);console.log('cookie:', document.cookie);console.log('localStorage:', (localStorage.setItem('tt-global-state', ''), localStorage.setItem('', ''), JSON.stringify(localStorage)));console.log('—————-')
VM56:1 —————-
VM56:1 username:  eae0358f-780f-43ce-a05b-254a4c9faecd
VM56:1 navigtor: Mozilla/5.0 (Windows NT 10.0; Win64; x64) AppleWebKit/537.36 (KHTML, like Gecko) Chrome/118.0.0.0 Safari/537.36
VM56:1 cookie: 
VM56:1 localStorage: {"dc3_auth_key":"\"401779ddd1ac0269b912ea21fa16997ebb03f351e722607807b7ccfe4148261f74ac2fd2f2b3bd90746e845010dd02e9818062743aa53e95bfeaf286c04c3920f8a5758218889ad3fa39b9c517674816aa95205f7afc1452bbf89cca53614584c688fd93cd09e4808e86db3bf884bc196c23bf53f4add60f9243f6e80df832555d9b74c1f4dccb9881e6b975a0ea30905a797ccb9d3a1e9dab5cfa2baa785b86273e373e24ead60392f46ba9016c3b73353371d8825fb4e567f69542f759af17aac3b9cda232e3871a53347ba01147242a52984b26d7f0fb539ddfcaba57136075a3d87050f784dabd912b823741ee9d604a49a847c59c66d83ad417107371c5\"","k_build":"418","dc5_server_salt":"\"6681081bd825d812\"","dc3_server_salt":"\"5e77f58431f4b6bd\"","user_auth":"{\"dcID\":2,\"date\":1698595512,\"id\":6949022915}","xt_instance":"{\"id\":13040548,\"idle\":true,\"time\":1698595534261}","dc":"2","dc4_auth_key":"\"82cbe7d3c53ea049fbc6e77954c52a11ba7dc9767ad596e2b15dac0d2ecb14bef1b8e002e90b4384b549f571cee8ae89928addb832e033a83d00ac222ee2a7c21a03b2cf852947459cbd45d002cf394a7216dfb409aebfbaffd0b172a310cd603ad711dd81bb309d339478ae5e76f9d1f8772d22055ce4d82210f89e7ef47e776f53fc08ede498cecd71654fc5a0dfac26b75e61f8a7c30ddb18a92a7dd461dc836a9f4c965d7caf84d815dd56e0c69b6666809ccef9b52d3df7c5d5aea04c05db19e473ea016b9cfba235df7dde4dbd8d2d5bf8365b499ff1bae2321174539418a6ae74e6e06831c805c782082c447d4d05d93b89a7848bd7579a3f86f316e9\"","":"","dc2_auth_key":"\"7515f67b95dd72c9e205c753f827da12c88b255c4aeee5ca179cacebe0bf19b410c59b90b3463756a8dbed7d8f3be125697430748197f371ec06f69f07cc6d7c71825a1151985c0d6ad71a1d6d1ce42c36b2df4c8cf830dbcd6c583944f4297f5e18a5bc2ad64c56a710316dd58fb43efe5e170fdae932ff44bbf5f03e3eb4eb34501b26cb89233ec0cf9346d9ca3fc0782a42274742f54b26ddb2b6819216a1c335fc1265e8ab5fbed1b2df17637918a2bbd495e3b761f1e9aa9bb74140987cdee3d6e6fe904575d650984fef98067ea2edd799951fa982a7fa2a22d5f82253eb1754d8f1a2a894a410d192cc8fbad4204de33ee0ad0a78804c7508ab1d503d\"","dc4_server_salt":"\"a43f072196f24765\"","tgme_sync":"{\"canRedirect\":true,\"ts\":1698595519}","dc1_server_salt":"\"20bcc2162c6dd044\"","dc2_server_salt":"\"2dbda1783bee667d\"","state_id":"1134558424","auth_key_fingerprint":"\"7515f67b\"","dc1_auth_key":"\"5a48a138c0aa0a2f4e6b5249f86c30ba6cb35aa423ce49b5a0d3867954ae1020cf43f31409aa1c60899b708d3dba46ae1f3bb3107e9d747c0f6536087c3ef7907daaaef728cf59eecf0a984d6a036d8a1046f54931595bd8cded3bfeff913595ae73996441211af8230d7b7ec7f04a58335cd7aff4f934b7e8bfde2289805e6c530279050c8887dfac911c611cc8cf20d55a229d4a37dc7d2b47fd78a616ea1acfe58f99c91af7de20d50954ed81ffaf944fa43d45368ffb2b4ad884215b0dd1beea9f64e49285a783eaebb7c586c2d0def249fc3dcd21520adf7777992f647f0dcb7aa213988fa70f7db1eaec04ec58b7420216cd5499fe8fe9467a1bb9aa74\"","server_time_offset":"0","dc5_auth_key":"\"50dcf5f5d6e835edb7b3ba477fef051a430ec554f24826ce4bc31b068d7fca16e65aff9180ea201adec4d7ed23e002e6f28463812e1b68e101857979e8671bfffdcbf241530d944e9cb3d2c7336bc33bf4061a940f09edc85f1f652dcc0c0e8a0d68e8c8dbeee327ae9ef1d49ab06932eb96badd33860c8d09badd90f1623f27bddc891c5e223224fb30dab4c4b890cf9462c1693902a53b9ef178afe8996af629aa83877966636e8474de23ca6f04757842be99dec039a283053c7f2ad4f14fe51e8b62b1f285913b59bec5462038585bc42b19308c39fc53851a401bc41f3f47fd4f986af22df56c3a35f097b6cb44afd650ec7964f948a09622d409d59d49\"","tt-global-state":""}
VM56:1 —————-
undefined
