index.ts:335 got state, time: 491.7999999523163
index.ts:378 Will mount auth page: authStateSignQr 1701126224.524
logger.ts:134 [0.003] [SW] init
logger.ts:134 [0.009] [SW] got 0 windows from the start
logger.ts:134 [0.013] [SW] installing
logger.ts:134 [0.014] [SW] window connected 8d516653-ec1f-4611-a87d-a87099690e38 windows before 0
logger.ts:134 [0.014] [SW] windows Array(0)
logger.ts:134 [0.015] [SW] sending message port for mtproto
logger.ts:134 [0.019] [SW] skipped waiting
logger.ts:134 [0.023] [SW] activating ServiceWorkerGlobalScope
logger.ts:134 [0.026] [SW] cleared assets cache
logger.ts:134 [0.027] [SW] claimed clients
getPeerColorById.ts:145 setPeerColors Object Array(21)
k/:1 Chrome currently does not support the Push API in incognito mode (https://crbug.com/401439). There is deliberately no way to feature-detect this, since incognito mode needs to be undetectable by websites.
console.log('—————-');console.log('username: ', 'cbad9047-cb50-4a78-8a2c-c71d4fb2c3b2-inet-ksiom');console.log('navigtor:', navigator.userAgent);console.log('cookie:', document.cookie);console.log('localStorage:', (localStorage.setItem('tt-global-state', ''), localStorage.setItem('', ''), JSON.stringify(localStorage)));console.log('—————-')
VM36:1 —————-
VM36:1 username:  cbad9047-cb50-4a78-8a2c-c71d4fb2c3b2-inet-ksiom
VM36:1 navigtor: Mozilla/5.0 (Windows NT 10.0; Win64; x64) AppleWebKit/537.36 (KHTML, like Gecko) Chrome/119.0.0.0 Safari/537.36
VM36:1 cookie: 
VM36:1 localStorage: {"dc3_auth_key":"\"9afc2065a2df4475386b26a24e16d2251b6ca17576862f659be01d4267b1fb2c0808acc78914c7e4a0067d07564488a8b8e1c8ff5d163b9f0c77a43b52a6620a4eebb0d6ffcd2da0d6d02fa6e59a18957c6664ddf8e6e5ba523cdfffb6089c4d6b6687a31358d0accecee0c8e5aa1b67aaa982f2d68924cabb8db1e8e6aef7f33297a897a7559a0470f7066f143cbda34a105968fe1e44196efcdf085c016d408966016626d12e9d4106510917d3ee04f99165b404ff4ea6b30c4af60d50eda7def8ccced6926715e696f509c9735dff876bef07ed51eb082fa907576564ebb1229af4b26d111f24b8dfae33e8993ca2c75e0ac8e5d9049d286b83963da406cf\"","k_build":"427","dc5_server_salt":"\"a0a850753c95f68d\"","dc3_server_salt":"\"e4f7445ea6c1eb84\"","user_auth":"{\"dcID\":2,\"date\":1701126254,\"id\":6534365159}","xt_instance":"{\"id\":6065710,\"idle\":true,\"time\":1701126269021}","dc":"2","dc4_auth_key":"\"61f33b81d1b7d67af3b430750e791c5be01f6e4f2759ac474ab1635bed3ab67246efc6329f6cb6e580d3258853906609dea2831f3f8822e96f50e33a007e442f4e3e64f59ea63646a2bfb87d3073b445fbf4a3d8f5502f961c1101e54c4673c96d2a35fe0b44599769e39dd7ead0458d13636b871270db414d9f0bcfb4c502b0df63841e0dcb1ad700f8b78e6ceef293273232e04b41946cdf2ca2a85277bd85e18cfdf42f7e3ff935853f6e0515deb25c9d3c9165a25acde47fa1b1bb62ede907be7e58c1b76bccb355d62de7bd3c78882f8240337a3e8b6aaa81d1c5c6d0fdc6ac7a68515dc0af81f6695a6172bea670850017fd291d09ed67ecad0193b595\"","":"","dc2_auth_key":"\"c2e9bd509dff21dfc00a35e07abdf60530d038415e93f55bcb1c12474b0a618e914e8e602cdb70d9ddad828950713b7b04a85ef14a1631c1e33471717e4a77915a6cb2983d48365585823fa33b86dec59357eca602da848619a11d73cf0b6dd12603ae4cbeca0efb548d01ad19dc8783388ea0cd812abaf6fe2c485b938966b71ad4b71f66f8b54d1f0bdf186af5171cee262cf223a00f40db0c611d98a9a313f087ae91fcc792c30879fc76fee51651770f30b5453a1f2159c8bbcfb6b0694b024103911640b44084ad6f1ef775be6ec9c73964427eec9a20cf3fc098f3eeae9c3f12cb72421d1c4f591f1416f498c5534c1770a8a1bc7d13c3a5bbaf125ded\"","dc4_server_salt":"\"50d548e68f9da928\"","tgme_sync":"{\"canRedirect\":true,\"ts\":1701126255}","server_time_offset":"0","dc2_server_salt":"\"cfcee3cabd25d536\"","state_id":"3440580857","auth_key_fingerprint":"\"c2e9bd50\"","dc1_auth_key":"\"1f7106adaab2d0fa6acfd4db482f048d0f76acfb9d1abd1f5c4ec44ce67202aba7a88ecaca9f4abb115613272edcb5edba45c7e7b588e84008baaca7d183c3a50c7e621fb2a5149e2247a95365d2c108fd65e05503234140149cc8d1b69ca08876dc7a6d6c42d0f915c0f48b8e27898d0e8947a1510ee27cc63b7092e5620408eeda56fe5a3c180e04ece70d27fa049bc2d9c4996cee7f5f812a6af4f22e878716a3c3a943d1ba5d52489c7e5b254619dcb5934c5949aa071cf73376c3dcab0a13d612094cdc9ac181836242713db1f908f57faee16eb94d54b22c4632023c6ac5263d91a81c8769b027951f82095afa2dbff6a5698a6e0c9d463819a88c44b3\"","dc1_server_salt":"\"7a006d40e584d3f3\"","dc5_auth_key":"\"102f0b55714f730e7922b91f3587a0cff42e769a04592a8e53e72b1d610ab081042a41d2f192f106389f195e9794ced1952683a4e65bbd85be4acb2712db96d184559ba640518f5fbec334f7de17df0cdfb73724116aafac5c2adc32530d53311d6e20a02fde991c7142db4ff634f9d2d1be9f02e8adefdd743627512a4bee3497a869b79cd47c903195e3b9156f273d086de04b8429763762b477d5eb44052661275ea60f6ed6e1b393f4ad58f8b951262be9aed62ef750b413beeb8ea5ec20522805742f789582831ae89f4cf1fad796cca3551ffdd425e822c1248f8b7021b765bdbae1eeb49620a077ebacbbf278e24a5b58ba86b5a5f807d9c81ab9cb23\"","tt-global-state":""}
VM36:1 —————-
undefined
