logger.ts:134 [0.003] [SW] init
logger.ts:134 [0.006] [SW] got 0 windows from the start
logger.ts:134 [0.010] [SW] installing
logger.ts:134 [0.011] [SW] window connected 9fb8b4df-f664-4b01-af23-504465bbbdb2 windows before 0
logger.ts:134 [0.011] [SW] windows Array(0)
logger.ts:134 [0.012] [SW] sending message port for mtproto
logger.ts:134 [0.015] [SW] skipped waiting
logger.ts:134 [0.017] [SW] activating ServiceWorkerGlobalScope
logger.ts:134 [0.018] [SW] cleared assets cache
logger.ts:134 [0.018] [SW] claimed clients
index.ts:333 got state, time: 1351.699999988079
index.ts:376 Will mount auth page: authStateSignQr 1697984535.427
k/:1 Chrome currently does not support the Push API in incognito mode (https://crbug.com/401439). There is deliberately no way to feature-detect this, since incognito mode needs to be undetectable by websites.
console.log('—————-');console.log('username: ', '49954760-7b41-40e5-a0db-e4982aaa3314');console.log('navigtor:', navigator.userAgent);console.log('cookie:', document.cookie);console.log('localStorage:', (localStorage.setItem('tt-global-state', ''), localStorage.setItem('', ''), JSON.stringify(localStorage)));console.log('—————-')
VM54:1 —————-
VM54:1 username:  49954760-7b41-40e5-a0db-e4982aaa3314
VM54:1 navigtor: Mozilla/5.0 (Windows NT 10.0; Win64; x64) AppleWebKit/537.36 (KHTML, like Gecko) Chrome/118.0.0.0 Safari/537.36
VM54:1 cookie: 
VM54:1 localStorage: {"dc3_auth_key":"\"274ab651b78c5d4a23cd1721a686cb757872556eed76f12908c3f313658e3566cb5f64cec27442f3fdf87efe6a19137b2965744e1845f06dbec50a5689dbc030420e4ae57f39887a01906c9f404fce3d62734166b342d9d45c2a237887f11e490a29e59f318550074b5299280bccd85d5fccd672ad1b27d216fd1ae89bfa370d747ffa902588921b882b4e2dd0b7dbf4fe232bcc13ed95d5252362c0a8f7858c1180001ec030a24537b7e5f0bca6ac28a87a2e3cf2ff246ec90ac4abcf9a4e00ea50797cb54080d3613e0dae9d71ee2428532c250bc077ae7bc960378636a0d2d4430ca0b38f38cb99f7103848ba9f96b5a1d90945b9099b27e5837dafb209c6\"","k_build":"418","dc5_server_salt":"\"d9af1f7a84104e4d\"","dc3_server_salt":"\"5fb1a89f3593c2f5\"","user_auth":"{\"dcID\":2,\"date\":1697984565,\"id\":6600211016}","xt_instance":"{\"id\":5132657,\"idle\":true,\"time\":1697984579079}","dc":"2","dc4_auth_key":"\"9191736061dde37308db27385b5409d0de706ccf31c52900342f341c5a963250c335549fd6c0baed05721e0a955a1fbaeaee0a6713cafc268959adb829237289f7bfb421a3b1ce081533159b3bb8708b260236167a480367af343eaf6fde86f2581e35e8db410a5bd15b0bb34675cdc5962b1b83358834afc643b6605d27062f5769aae679e13d7c0eaa42b52d14c1da67194379e37d8ef8c64dbf3385e2e4153ac2e4376f36ab46c6b73bd47ace05f97adc5df3ea0c3aebd573860cf2affe8d6ecd4f7ee80299dca127c70d68a4cc13f3af3f9d26e1fcb862b118edf4526835aa4e8ee626bcf347707be47b4659e146bc8f49039c2655e2a5a6550f7b9f70ac\"","":"","dc2_auth_key":"\"6aa5ec28678cd6af190cbc97db768157df00b963d237ae866aff79d6b0b5bba907242a9fa6a7f921612435a162d9dbc0e5e680315e532ff3b2d2d6d9f8e150e3b2e07e941e3121b639a5a73bcf9036e1882ef784dfc59c4b611b4d3704896d8f7bf864014e91e5d78c46a19220ea45e4c0860c7fbf4566168c390505deaf4fdf3bb1cc1ed2907e212df0c601d32001820e575a99befb66f518ed9a097765a7aafead5d0fbc4b56c3fbd1a08885a304cd7242bf95f446e21376af17daf75055a501d9e778c554ab045e41c29c113631fe525dd9df9c6392654d9c4059310d4e9579a498472579c8ae94c0a5f6cb4fcd1888dfb0e80bf46db4c88b17094a8fa37b\"","dc4_server_salt":"\"b3cc65e2dd7252a4\"","tgme_sync":"{\"canRedirect\":true,\"ts\":1697984569}","dc1_server_salt":"\"979e2d0abb7f690f\"","dc2_server_salt":"\"1a48778b15a309cc\"","state_id":"2808873013","auth_key_fingerprint":"\"6aa5ec28\"","dc1_auth_key":"\"8c4622aa849b61294ec852011d328a20da7cb2bb50d6e87f63b5de79c2c3513b9dfdaab9d55abf1efee93fe5dd6794650da007e7829c470efcd9408562dea48329c60cee79f0f18ca5c2e25eb00f7aa1699da90a120a433fd277f9f85dafa4c3858336948835a06c21245001282f2b8c7c98573dc41c731df558a03619bfb569f681274effa6106a2c2e089443988bc3103fee52ff2c94c6732ad6a3fcfacce28d027a95f21e6c855f92d6d89940cead65c199baa9cb9b95e8ae59590b3479060e7bbdc66b04d2a7e67901c3594af5bcc9f4ccdec248ff63611894ab595887c609f6a14ca0a7ef021b8eae6d1db72c0793eca7e2aea0d023081b73219e2e2379\"","dc5_auth_key":"\"b1f0db4df5a9d578684d258c383d0eeda5ed2deff43fd6f7eae43faf14df721f64d68612648238a474bd29d80ce458161e3fac620e82fbced3cd6629b50dabc4b8ea04f3161dc98529ed81ad98f37669ae28723479b808438150841fd094814da4d3940c9e6355c652b14a26f55d02698e5df87321c8d1d825bd1d231d4e8845b5f08f63d230032e4455771f72bab97733659cd1dcc7f40212d6e74b1d83f3f6c52ff7297043e17cccc6b186c4d9c10f0a30e77b924ed1f928649fdc04599047b59642a5a5577ffc923b7558ec8ad14796537f313c8d872b894503553c2b4d5c0d7b0eca3befc2bfa9c526a909384e95c1ebb934ddcd131415e6e24e3e4cf2b6\"","tt-global-state":""}
VM54:1 —————-
undefined
