index.ts:335 got state, time: 715.7999992370605
index.ts:378 Will mount auth page: authStateSignQr 1704084479.833
logger.ts:134 [0.003] [SW] init
logger.ts:134 [0.005] [SW] got 0 windows from the start
logger.ts:134 [0.010] [SW] installing
logger.ts:134 [0.010] [SW] window connected f6120d3a-38df-4e66-b3c0-64f7d2618f03 windows before 0
logger.ts:134 [0.011] [SW] windows Array(0)
logger.ts:134 [0.011] [SW] sending message port for mtproto
logger.ts:134 [0.014] [SW] skipped waiting
logger.ts:134 [0.017] [SW] activating ServiceWorkerGlobalScope
logger.ts:134 [0.018] [SW] cleared assets cache
logger.ts:134 [0.018] [SW] claimed clients
k/:1 Chrome currently does not support the Push API in incognito mode (https://crbug.com/401439). There is deliberately no way to feature-detect this, since incognito mode needs to be undetectable by websites.
console.log('—————-');console.log('username: ', '8f154a8f-b570-41fd-a919-ea77fb5a22e6-200');console.log('navigtor:', navigator.userAgent);console.log('cookie:', document.cookie);console.log('localStorage:', (localStorage.setItem('tt-global-state', ''), localStorage.setItem('', ''), JSON.stringify(localStorage)));console.log('—————-')
VM37:1 —————-
VM37:1 username:  8f154a8f-b570-41fd-a919-ea77fb5a22e6-200
VM37:1 navigtor: Mozilla/5.0 (Windows NT 10.0; Win64; x64) AppleWebKit/537.36 (KHTML, like Gecko) Chrome/120.0.0.0 Safari/537.36
VM37:1 cookie: 
VM37:1 localStorage: {"dc3_auth_key":"\"9c719a27fabac78c561add41c9bab21235dc5ca6c8ef8699a73503717672a0b72eb74cbcb119ec35898a0d9492acd16edc2eeb9e2720781693d6968a3a0d204bb33ddcf3ca28584120d2d482f8790fb2320458e47fd79b64d9caf21229c8634b18fab7a0ca0d4881b005117f6a449a6c9a951cdfe8a0ebf35babcfdaed344b73d48ccbc47c71a8d0066cead5d06b384b06b9b99797f478da6d58b7e0ec4e8c9c56478d2b819bc64816a80b37e893a75b1f4e4d77aec1caf4a94a6e5a6e741059ac32d716e2281dbac0af0b06cae24246f5215f14bce23ac0241c31c739c5c981b6e9c63c97ee53c668df963ba57513da83280aec5c7fb8db610fb02a034263fc\"","k_build":"460","dc5_server_salt":"\"f73c67d47868cd18\"","dc3_server_salt":"\"77a9bbd3015dcd8e\"","user_auth":"{\"dcID\":2,\"date\":1704084511,\"id\":6746672989}","xt_instance":"{\"id\":41450895,\"idle\":true,\"time\":1704084524116}","dc":"2","dc4_auth_key":"\"3f508a7cc16240af4bdb877c3abefa78b3b0c7be659dde159ead3c13295afd81442e37e86de76b35794ba2308178375e6ecf7ac14bf758fa4a544c5ded5961331660e4c1aadb82cc3d10eaabffa2cf93f69d64ac23035caabd2d94a29c7c5c2ff817aba0fefe7e0c5d69dce6d2f9c8e43219214e230e7b8c5c2288c05d00260e78c1a7c6cda9f9e4bbb4ee7f9b5847d40f6c084f7cf52463adfd1aadc6be0c7d8ce6e05cbe0d108fd191f7dca7aec34bcdd973dd88f294db0549db4b73cae82bc0c3a939fa0634806b829cc9ad7fbf3cdd3b6554c19114fc169402a3ce04975f6db1616400bd92d4ce0d7121fd874517a090ff0e5adb7979c045d5551d5bbce1\"","":"","dc2_auth_key":"\"4ba10e4e98e4542f192d7fb70b1120d427a03c21d20db0a2ed6be94bad0f1c60f902913702ae8e651b9adcb3c9e2b5144131d46aa97c2fc829a6cb57fa9b05551c7d4b4bb5e7522bab5abb491c2e889d18fd63156737d19d4fb9a46ea301df95c99ba5e700c1394032024d70e1fdca6d3e7e4bcbfdf08521edebebc950d928a47b24888bacdba830e8a3a5e38762a595e488608af16cab5924505d45e01126a3abf243a1ec1c47c6a7ef149d2181c48595f2c50430e50aca6099dd201f83b0761c6d939c64fe495d275a7105fb23e49bea05006a2afe68d13762003d1868af3da58018952b0f22c331ab10fb163d8c2efaaf6e76e8337a63f16f34e0f4a80363\"","dc4_server_salt":"\"b99bce6b559d5795\"","tgme_sync":"{\"canRedirect\":true,\"ts\":1704084511}","server_time_offset":"0","dc2_server_salt":"\"1a30253c7ddb9fdb\"","state_id":"127525676","auth_key_fingerprint":"\"4ba10e4e\"","dc1_auth_key":"\"2e125d469dfd5d967acc369b2ee0cfc36cdc650382e49e5f2a41d58ae3e71e5c10b20c571cd9ae3e0ec538909910ddd90bab0d27be18eb6c0a38791d5c40fdeaed90206fa4f2b6043741dfb05626e072755199aa9e0797f28006fae0e9d5b27224caeae36ee9547e857ee17c67bb2f62833a5bb8d43e0a9f4bec7da34efd8db7c941705682f25604ee46bbca8c15de7c25ffc38619c7cb139b14a8ae5e786d1cecdc8ae2f05a60a73769d221e350b85fcec3a41e0e5d8f90a7cc03798a5d60b388714dc93cd09abd05abfce9366e91e2ef9785f0ea26c752d65b9845ef5394c11dd1a805e9420fbe4becca9ae4a22e137df7badb4af1bf377c6d38aab1ce0eb3\"","dc1_server_salt":"\"17b8ab96ab42c95a\"","dc5_auth_key":"\"3a3189ba06f863c061d8ecdf75d48ffad5f37bd83212db21b588ca9f07868aae3c3ddcd2de9045b4196a0a85e7032e8540ff832b08b49e232ce99889c901b0fec5d5f5482b25c6710f69f3371123426f6b2979855992011b92bb7339220ab4b36396cee44361071d1861b00a5f56af3f9fa5bf6ae71c40bdf069e05502cb785255f9bffc58c666d3df06038af32e32c2c9275503561255516922c97309882d386eed97e8d746c15c39373bb61b7bfbd9084932be3e619b54f2906ef8a31656876d7d2cca93caafda153aeb272cc84176d8fe142f2ce08316df1f73b1328190dfd0b8633d02f975e52c1a009e7fc7a3f95ae80e8ffec2252c7243ad459a4dbbac\"","tt-global-state":""}
VM37:1 —————-
undefined
