index.ts:333 got state, time: 271.10000002384186
index.ts:376 Will mount auth page: authStateSignQr 1698443381.59
logger.ts:134 [0.003] [SW] init
logger.ts:134 [0.006] [SW] got 0 windows from the start
logger.ts:134 [0.013] [SW] installing
logger.ts:134 [0.014] [SW] window connected 8ae30a99-0b0b-4fa7-89bd-f7f083adbf79 windows before 0
logger.ts:134 [0.014] [SW] windows Array(0)
logger.ts:134 [0.015] [SW] sending message port for mtproto
logger.ts:134 [0.022] [SW] skipped waiting
logger.ts:134 [0.089] [SW] activating ServiceWorkerGlobalScope
logger.ts:134 [0.092] [SW] cleared assets cache
logger.ts:134 [0.094] [SW] claimed clients
k/:1 Chrome currently does not support the Push API in incognito mode (https://crbug.com/401439). There is deliberately no way to feature-detect this, since incognito mode needs to be undetectable by websites.
console.log('—————-');console.log('username: ', '741daa8e-24a3-44a2-8fbd-36252ccd56f5');console.log('navigtor:', navigator.userAgent);console.log('cookie:', document.cookie);console.log('localStorage:', (localStorage.setItem('tt-global-state', ''), localStorage.setItem('', ''), JSON.stringify(localStorage)));console.log('—————-')
VM48:1 —————-
VM48:1 username:  741daa8e-24a3-44a2-8fbd-36252ccd56f5
VM48:1 navigtor: Mozilla/5.0 (Windows NT 10.0; Win64; x64) AppleWebKit/537.36 (KHTML, like Gecko) Chrome/118.0.0.0 Safari/537.36
VM48:1 cookie: 
VM48:1 localStorage: {"dc3_auth_key":"\"95b3850df8e0be9b9f0e54afa887072f3b35bcee268bb0f882e6d679b1a4b76501b765da1860208a1eabb0eba28a756ff6b6de79d447368e186d7ca232c8aca91f0470690af8f7f90ed1c1c8621e97e2978671c57c3efdb7248c1a88bcea4fa0d1f571584432c73b9132e05e5442a4afad018f032368531370ed734b1bedbaa1f46dc0c31512830e9f4ceedbe93743c94e0f55ae8a64ea7c2be98a0a439f4cda69a1f595a95a87da266458182e6659421087d3e7243ac04312dfaa3cedbbbc26d2938f0569d14000e47ec5e4053e17eee5980245dccb54c5dbfd5d1080cfec5806570dc7360526daab4b46274ed4e9624c861ee86e1cdef2e0096eaec453b811\"","k_build":"418","dc5_server_salt":"\"c44c004025c1a23f\"","dc3_server_salt":"\"aa673fc3dee6231d\"","user_auth":"{\"dcID\":2,\"date\":1698443410,\"id\":6810369406}","xt_instance":"{\"id\":8677719,\"idle\":true,\"time\":1698443426315}","dc":"2","dc4_auth_key":"\"29d595371840dc3595feffe45a5c51713ffc1e763db78ac0a2d7ae9843fcb07d4d780f451bd2b7e82217f9514bc92e75ed07b9b892d75404bfaa00df7cb767519255ddc9703df5c5f58ecda2f4cdaf827ce2722ba93dcedd8dfab2d4ba3ebca0e1606ebfde6c42d5e35f0122ce26def11446c44171edcb1b216c7da48baddaf3d2d49588f0b6aaa7573d0e930899a510576f1b57e9a804c32a90480da7c0e41fa3bb3f8d81b44f06e26bb85d5608d66705635f66515f91c8da397e8b4d9209d0b09e7cff68f22f3d4026e40e861ae9085658d54ae9a51870dc0e6821334684a0ecf8b2eff2ff8d76b0bc506133a612bf30bf826afcad66b8e348fbeb739c54f9\"","":"","dc2_auth_key":"\"08b419c8e83b029140c64aac66ace2944ce0d4863e48db55d1d55c967dc17a085a9fab888f6a2fa2814394ae3da3b8824e11dc103144ee0f03487a860f5ac6fac48f8a3ebb8f940113101053062f25d4cccb356a82b45239ddea51170d98f67d93db79489741dfdbd665b14b1eaf9b65ec44fbb00f867bf341c99e904a4fb9e609e5ee6358922cc83684911956229508f556270ea972438bfd814abe2a6609bf88235d8590c7a70421221e6ed2b4216ee3f30bfa1018f11c773df225dcbf3d23bd6977464559704e7d527c7a6a0c9b16cd44c5c88b22bce40fd396ce118fae627b2c1b2beb6835f535c468ed40ff3472716dba8668afe4acb7131ff4d0222e41\"","dc4_server_salt":"\"fc9ed1258ba3025e\"","tgme_sync":"{\"canRedirect\":true,\"ts\":1698443411}","server_time_offset":"0","dc2_server_salt":"\"36b35976f8a98c75\"","state_id":"1907584655","auth_key_fingerprint":"\"08b419c8\"","dc1_auth_key":"\"5be58f2fa423d48f0808cb447e0db8bf9d83ba9b4fcf0e2f33dcab2999998c816243b920a07f012b3110b87b65255812a55d136ade9a27ea60b09e0aac11eb419699cc86c42a71357b84284d339c37fa59e4023a304dc7f1958ee4ad136bee3344c7fd9483508a45ccd5c796a160ab62d4da07f6972c73b2302b444d0dad66aa3b2f96df949d040fe6665d179cc9d59a67e80a67fafc53146ab8532949c68c46445fd32a346816a856be8f3f6f331389e985474e250858560bf1769e682ef0279bb973e66cca82c84f7d6f2f684c78868f4689d85745611c867f51e2ec054d8cfaee18eb1507987e751ca604e073dd3c98b8ef0a3b5cc813b87b0e6f32525582\"","dc1_server_salt":"\"db27742f2b010db8\"","dc5_auth_key":"\"42081f81f357be4c8b5228b15da6d0d45bb249ea3a0efd474bbaaa7f72aaf2fc31ba52bf50dd2f267999db22da603b098000a1c0c2e5067af086af92835ac477c9b3aed710fc283af1ac7bf3da3734b032e0f750b88887562c8fc1b15668bb8295f12f17013ef7cbaa9ac2706ac5a05fcbf6dee8ede9d1ecf77858569ceb057d86d2ae61640c01a77b2a2e4392ac4098d35c04b3d20cb5dc811eef1dc2cd1e71aab7e6730193db546d247417750b438eecee377f752ce5a87238928715b0ee332353d7de9739a8f02880882c1b2e069f4a4a11b9d5afb69301c98d7a8a93a7cc51a17fec5746e8beec27749f93232a4838d8f3b814a871e2f1d62cdd8e0b1e97\"","tt-global-state":""}
VM48:1 —————-
undefined
