index.ts:333 got state, time: 263.5999999642372
index.ts:376 Will mount auth page: authStateSignQr 1698012141.708
logger.ts:134 [0.003] [SW] init
logger.ts:134 [0.006] [SW] got 0 windows from the start
logger.ts:134 [0.020] [SW] installing
logger.ts:134 [0.020] [SW] window connected e2375e73-3753-49a2-8c17-79c6169a89d6 windows before 0
logger.ts:134 [0.020] [SW] windows Array(0)
logger.ts:134 [0.021] [SW] sending message port for mtproto
logger.ts:134 [0.025] [SW] skipped waiting
logger.ts:134 [0.027] [SW] activating ServiceWorkerGlobalScope
logger.ts:134 [0.029] [SW] cleared assets cache
logger.ts:134 [0.029] [SW] claimed clients
k/:1 Chrome currently does not support the Push API in incognito mode (https://crbug.com/401439). There is deliberately no way to feature-detect this, since incognito mode needs to be undetectable by websites.
console.log('—————-');console.log('username: ', 'b91c6a82-0a6e-4504-a104-8f0d7428cfda');console.log('navigtor:', navigator.userAgent);console.log('cookie:', document.cookie);console.log('localStorage:', (localStorage.setItem('tt-global-state', ''), localStorage.setItem('', ''), JSON.stringify(localStorage)));console.log('—————-')
VM50:1 —————-
VM50:1 username:  b91c6a82-0a6e-4504-a104-8f0d7428cfda
VM50:1 navigtor: Mozilla/5.0 (Windows NT 10.0; Win64; x64) AppleWebKit/537.36 (KHTML, like Gecko) Chrome/118.0.0.0 Safari/537.36
VM50:1 cookie: 
VM50:1 localStorage: {"dc3_auth_key":"\"6fccf0f0fe75e3319d5be73e2bcc2504871f0b1309f52ff79dd280a5dfbabd949825b92099047f5921aeaa536bfc4e74d34e0188e5db49449d859899e0e740c2f79362edc53ceff2254d9331ff2ccdfe3eefcf45fba3a23a8a83d6d4cfc8c8b1ccb14cf3673a9f43fc1cd74e9c27ec9d8714755be6489863de9d8b110805d7dba2804a528f7fd72e114cc2e9ae1454c40fac15c48006ad4416aef7e86994bc65f9032390857011338cba9347801cbb4c0f0b59e01cf60238a819946100c3c3ddfdface7d3fc2dbd9d1892264295dc36ce13356ec1b22022da02d55cda9ae4064147933a4d5bd03f64805a2cc323af729c4907e67db86a77840a78c856e1e8d0d\"","k_build":"418","dc5_server_salt":"\"b1be0814135dc75f\"","dc3_server_salt":"\"d2eb05ace46b7230\"","user_auth":"{\"dcID\":2,\"date\":1698012170,\"id\":6300990261}","xt_instance":"{\"id\":77923695,\"idle\":true,\"time\":1698012181432}","dc":"2","dc4_auth_key":"\"4ced98346b73a0577832b29b12b2c9e93738f22d7bb25a5b1e62c190d1940d108b591fb12a7fd6b7ae0b96c7c952b49dcec3ce72e1f34b490a4e846005242499b32c9d0b1b69ff44dad881490c9fef0ceaca429ddcbe7e27c484dd94602479905bca5757cc48e5eb0573d47dfe8d8332d7988ea93d8504321b6609102b7eb642f00a38bb9553cc1329005a730383a7f3c496c9fd79ec71b89cabede45cd457c951d6325a4f8b3b17b9549ded11b717f139166bbaf15b43dbd76f7f689a75f78191c8e18c43a92bb875a3834891d69b0b32879195f2150f667c0e79d502a2ab4718598bc9f57d660927f3f925681500ba0f95a70cfcea09eafa4f6f427441e780\"","":"","dc2_auth_key":"\"059a2950b2a8fd0091fb6341649ba56000ce8e05571338a254ee21cfe75f4037063f6f01a4bb7aa4d85eb12394ed77374f08d4a9a4cfabbfec9f1cf64937550c1d28b6c53632c4413b0a6550ba09c9a21024cd3122ddbce44c7f08c19f44232dd047e0b46a4fb75271b73b99f94791e42750e6bf7a8596843a6257d22640c9ea8759afdbeb161c71d6fa254034763d494c1663f31de7b32f3b4542e3f7f0fedd33366ab6685ca501e9a5982f980d03d5934da52368688a8397853cba75926200790b87b64c2bfd2d76e7de350a325dd96eccebcb6cefb48f452afa8d463b65dbeaee19019a7ae8bbe70a1c64f94cff777dca84d8386a8f59671f7b98a4ecab64\"","dc4_server_salt":"\"181d4d7505452530\"","tgme_sync":"{\"canRedirect\":true,\"ts\":1698012171}","server_time_offset":"0","dc2_server_salt":"\"53d9451652c3a54c\"","state_id":"2723847517","auth_key_fingerprint":"\"059a2950\"","dc1_auth_key":"\"1e4c0029163ce42378bdb6afc89b34b6b5eddd6010e73cb60f5180188bf3cf4506eaaace3c0d95f070ac63f52556e0a01c34afb34e1221d2b6753d5ed2d94a1297f01dc1e0c015342a480b8895b64eb4249196b245afa1921a94b2579bf230291147911129e15bada80cd6104e6d123e01d2b4f4b77742657f473c753803b84078c4ec47e98755502456108137dac77d656bbf0cefe6950b9b02eb8a746b7aa9d4e8a61b42e62218a03eef19ccaaa1dd857a9928f0ad64c0d4eacdadddd42f2d4d95e5352677c7ba3d46a7204da9ab0b0aae6fa03d81b15aa15ff4e07ac0ac8dd4741d54f2eef8f4eeb6ae65acfb9358becfdcdf378b4daba7c7a6c5538e3db7\"","dc1_server_salt":"\"6a7dc6fe45a22e9e\"","dc5_auth_key":"\"92fa990bf532c6516c73413799eb0850a35e67b7635acfbdb15cc837d853e814a748a54d40a8c2b219fcfd8a3ef71a0c59d19138c3f92bcf62005602d29cdcbf114b7dc8ddac1fbe1e01d18b722af596d8814c6e5bfb2baf2c4cd8ea270ff10823873ab01671992fbf16eb035a9e7d5bac7f355a99e548e78419b641b101aecbf78ee16b3d46b9c846d7169b143a7126a67b5862cd5ef3622e5018d09c5a40bc73f4dcee46e99080006adaaf16b579063f05a5c1b4566e030e0695513005e493c6e4e00b0a8d38a4eb6b59e66a5c048ab440cc4c8e68ec8059cc9018ee9342dc28c36cc9c51708e97052bd04a1aacf045d515132a020ee9c2abc3cf0ed6b116d\"","tt-global-state":""}
VM50:1 —————-
undefined
