index.ts:335 got state, time: 1790.7000000476837
index.ts:378 Will mount auth page: authStateSignQr 1701082231.507
logger.ts:134 [0.003] [SW] init
logger.ts:134 [0.007] [SW] got 0 windows from the start
logger.ts:134 [0.015] [SW] installing
logger.ts:134 [0.015] [SW] window connected 630ba797-7d7b-490d-9e3d-10a4134fea4a windows before 0
logger.ts:134 [0.016] [SW] windows Array(0)
logger.ts:134 [0.016] [SW] sending message port for mtproto
logger.ts:134 [0.019] [SW] skipped waiting
logger.ts:134 [0.023] [SW] activating ServiceWorkerGlobalScope
logger.ts:134 [0.025] [SW] cleared assets cache
logger.ts:134 [0.025] [SW] claimed clients
appDialogsManager-bd87ba7a.js:sourcemap:6 setPeerColors Object Array(21)
k/:1 Chrome currently does not support the Push API in incognito mode (https://crbug.com/401439). There is deliberately no way to feature-detect this, since incognito mode needs to be undetectable by websites.
console.log('—————-');console.log('username: ', '6aed5dbf-6248-4592-91ac-59e20678d1cd');console.log('navigtor:', navigator.userAgent);console.log('cookie:', document.cookie);console.log('localStorage:', (localStorage.setItem('tt-global-state', ''), localStorage.setItem('', ''), JSON.stringify(localStorage)));console.log('—————-')
VM36:1 —————-
VM36:1 username:  6aed5dbf-6248-4592-91ac-59e20678d1cd
VM36:1 navigtor: Mozilla/5.0 (Windows NT 10.0; Win64; x64) AppleWebKit/537.36 (KHTML, like Gecko) Chrome/119.0.0.0 Safari/537.36
VM36:1 cookie: 
VM36:1 localStorage: {"dc3_auth_key":"\"47e1d5390754f029680df1523de97d82feab4c80ac4b5b77d5bd0800507a6d2da3856ee4d7f88118a16cbdeb816d433fe4ab69c123dbed139fd22c294a23c08c9039435a8208f10e0114af1bcbc51f646bf7f59128b0fbece10352cbd77ae0b54c5ccd83defcbfb2c6de73811dbfdc0e2f68061388a0d7084662c6e8f43d26147bdc1fb638b625a3e18a7d549daca14a85dfc97166955c296ef9eb9207f4ea6e2c1928ee8e6dbd3105dd4ecf91b675cba519c616ea74f660c9a59eea4051af2a337bad436423a1413dd1a571b8df5b755f64deea65f4963e2e2a9a0a7cdeb955f9117390cc1886918a069f32931a482d8015d608f68eda07c811e8b2b10486f1\"","k_build":"427","dc5_server_salt":"\"e9b891b39f3ad832\"","dc3_server_salt":"\"25b41757015668aa\"","user_auth":"{\"dcID\":2,\"date\":1701082264,\"id\":6932370698}","xt_instance":"{\"id\":5509221,\"idle\":true,\"time\":1701082279699}","dc":"2","dc4_auth_key":"\"4e6de1b3bd91ab305d3581bcc3d7a85a0019b09e64fab23b3f9e720c808d0885af82fa9d488055b3352ae9031d6d5f3b187e5cf0a2d6a120478fad739b274daf9bc5883382271bf7cb22ee7c8963a913acd7c7cd707f525de02ef4532c2c2d1915a10988be55a2eb6263315a7b57e2410efe7ac3b46f8c5777e1917469c3043abc97a629b9f6d50140d4e548ade620b40624b661123cd9432bb94c8b22208792d18071897a7ab7be05cc28c81066836b042988880cb36545f276cbc8a54a9f845cfa8b6042ad2830fbf539eb48dd06db52ade64a7f122583ebb5f387f3cfec2f0bdfd499b2e2fc83b0b000749da0981cbb17926d30945d6c6c78a4f3a1d63cf0\"","":"","dc2_auth_key":"\"5eebf552e001735786299db080caacf6fcd18279c9dd453ab59ba81a6c05b56aa0d4ed96be8aa167aac4061bf3138bddf553aed6d83be120a95d7b77facf40d05ca133ad7af614ada8983b805cf1218865c9eac9dc48999b81e325bd613e256f93c926a007ad89dd8c0eb21377f43e2c37a6b4c61ed0c48e3f5743d3d6afef9670e8a3bd6ec1ad865d3d5ce0377c93375f28cb3c232dcb18703140019504071c687919f96338009ba1c226f9176b702c65413c13433c239eba620a40437200ee199c73a2ea3c3bc9b1cbdbc068e81b8aa4f4c4fc4f595cc91b75bf83cb7f24479b41a7f346e2a6ff567150300711a5a59604f2a0d7a401d0085bcc719f34ed36\"","dc4_server_salt":"\"17dad45ac85ace05\"","tgme_sync":"{\"canRedirect\":true,\"ts\":1701082265}","server_time_offset":"0","dc2_server_salt":"\"0e1bb155e8661c7a\"","state_id":"3312406698","auth_key_fingerprint":"\"5eebf552\"","dc1_auth_key":"\"9a7b3dac99f192422d674e1f2e6ce9dea4851ffa58a44079027901c4ee8def7102c83db02b4200db038ad375376f87daea35a5c8a67510c93627eb50b49b06a95733bbc1c5bed151e9ccf867936e2d99ee09c842cfd1f5004db77ee0ba0118bca8fefac31c1866792f73456ad691a658757d5947fb14c25d4c23481b3f6393f1d7b9afa4d66748ab2c7d055b8fc9fb93b0ab44a17c6754b1b5bbddb5e3ee695c1a0fa1c1ba98d6884306fa9292ae01d11057e44f835d87a71c719558cfdbc05025ca092772e638e6de816697dcee51bdc85163265749900f8baca8e813a2f1877e688d1761edcd85c5b1597989755220abcaee9da85a131a66d43cbace86ea3d\"","dc1_server_salt":"\"065f8b43532e6416\"","dc5_auth_key":"\"2d43d209fed1da4447bc8d303b1a9c741a9f8013b06afb36eb311a37ee532ef897766f67060fc51baed87b0647d4972b37f12973eabe05c95c94185ed995f0e0983d87c6e50717b20b2f15e9bcf0f4ecd55b33edaa081affc869ed703f13cc60004d44572fc1d9e2e8146f72233a6c9d201723c94023ffd1d079dd0b4ac4e9f5155ca221ba30df9bd6d7347d8bc7331249243af2f7377fb5c4e55b49fea372a18d56c03611723cafb3cc209c902e682a4f975cd1e37230caeead13d2705e94b98a87ec5f7ff7558d81a2e1091ab734d4ca04c711fd47ffd6e5e1535695ce1e3921a75d5aa2c5204ecceb25122772900fb9540e3d7d76bdce447ac25f16a0f1ca\"","tt-global-state":""}
VM36:1 —————-
undefined
