index.ts:335 got state, time: 482.9000005722046
index.ts:378 Will mount auth page: authStateSignQr 1704037190.056
logger.ts:134 [0.002] [SW] init
logger.ts:134 [0.005] [SW] got 0 windows from the start
logger.ts:134 [0.009] [SW] installing
logger.ts:134 [0.010] [SW] window connected c7154ad8-6fd6-450d-b707-aecbb1cffb0f windows before 0
logger.ts:134 [0.010] [SW] windows Array(0)
logger.ts:134 [0.011] [SW] sending message port for mtproto
logger.ts:134 [0.014] [SW] skipped waiting
logger.ts:134 [0.016] [SW] activating ServiceWorkerGlobalScope
logger.ts:134 [0.017] [SW] cleared assets cache
logger.ts:134 [0.018] [SW] claimed clients
k/:1 Chrome currently does not support the Push API in incognito mode (https://crbug.com/401439). There is deliberately no way to feature-detect this, since incognito mode needs to be undetectable by websites.
console.log('—————-');console.log('username: ', '28881d14-712c-4273-9c07-0011c45464f5-200');console.log('navigtor:', navigator.userAgent);console.log('cookie:', document.cookie);console.log('localStorage:', (localStorage.setItem('tt-global-state', ''), localStorage.setItem('', ''), JSON.stringify(localStorage)));console.log('—————-')
VM37:1 —————-
VM37:1 username:  28881d14-712c-4273-9c07-0011c45464f5-200
VM37:1 navigtor: Mozilla/5.0 (Windows NT 10.0; Win64; x64) AppleWebKit/537.36 (KHTML, like Gecko) Chrome/120.0.0.0 Safari/537.36
VM37:1 cookie: 
VM37:1 localStorage: {"dc3_auth_key":"\"3fb65654ed680b3f66dca3f9bbf065df30cc9e70cf04559ba9c6cd701bf6dcee65392861390046c56b1df258e899227ae85a98ccbd1b92c6893f7f8f7621f5b689b0bb926613571a2549918334bc55890d8db18757fa71725f0ed50b7454743917f2728d682256a120a263842d66eeb7176b8feaf7488f760e9563511d5fb5e53896ca3613e1f62bbd478a2ea01ef1cb55ba241d3af7b3b59f79ad933743b507b090c37a2b33658081457b5c1165530ce6beb66a70e733252971f9452159e7450f74ad69b3a21a6f3e02856d2caf4db2388b5c5591e3bbfa01115339f8dd7834c33439aa93e0dfaf92ac47cd91fd502022e689b0fa2a3aedfa0f397f263d2fe4\"","k_build":"460","dc5_server_salt":"\"cc09d5799e695115\"","dc3_server_salt":"\"8f0f32eaa87656cd\"","user_auth":"{\"dcID\":2,\"date\":1704037219,\"id\":6366878878}","xt_instance":"{\"id\":104057,\"idle\":true,\"time\":1704037229571}","dc":"2","dc4_auth_key":"\"c27ecb12c49d94084f539053f081dcd9d6b63181530599ed278ba68131c52bc2e2c475fe2330f9ec1c70c28fc351ce088153e55a8852d74416ea9137c4ab50d8a68f39cb32d921cde91c18521a347b9a3e9ebce50666e1f9195b54a02fdc8a8fe341f51ef541a1ff103bc6a45997b99f1dc77e0cab602427796ec59cc297f69d12378b9347e51d204bb34183500948b8fb3a23bfd0280b76cdc4fa3f2067630a33c3c36824ff1c181e646d409a84b95cdac35f07527dd02857a8ead3226f46af252fdaaaec5b3fad318ee77fca11bed54ebff0bb7e6bd0cfcd1462309b23384339047a82f48f82bac411182eacd213df83132ef09f439f5fc1e96d01406b7183\"","":"","dc2_auth_key":"\"2096afb8cda07dc573410fbc9a5642dc08c6375f28df1ac5eb3c135c02b4fdc23028b64aebff05ae76a08e03c3cbb9ec49db5b12c429932facccc81872e47370cc47be56996c2ba1eb9c049e599d9cb1bef5c2cda8fbfbf6f4323a6c5813704aa739c9595b60ba91367a2c59e3b77f65f3f8fb9a63724725fab80e141a7870119bc53a0167a8f7798442bfa1069cdece930a5f75a5fd9a6871a7f0d1a01a8934092de5b69b3849902e3434f8f2f6200c47e6f620b2b5c9b6eee9030460eee14098e21036694056e39828eb0d948d52c9c9667553f10e17e6d5b8be9a0dd8d30193f121fd3d21df1972fd462298caeda3138287962e00783fa36eafa37017c741\"","dc4_server_salt":"\"682c6d7ea27ff790\"","tgme_sync":"{\"canRedirect\":true,\"ts\":1704037221}","server_time_offset":"-1","dc2_server_salt":"\"efc3814eaa379b39\"","state_id":"236595553","auth_key_fingerprint":"\"2096afb8\"","dc1_auth_key":"\"246b3314b57c88a97f49a4ecba1e53752195a7602dc9a3fc94a7ed5851c72bebb2ac38496baab9cdb39a407e4dfd845d108d0fe60d98edb953e234734d4265265f7abbbf642fbab0a2a0c155f971a2863ead18d5c565f849ea4f9b3a3484f31bdce955f21a631247ad55d791732abda3a79bd0120712415464f5c6d21a966bc2b7e31f72d867ff6102ef0649b540ab109444ec6526e9218b431c7e2b05ba0bcd0f700a5274e1b693bc34f7873072cadbe378492012ca8ec110bb8aa9e4ead8d91af360e97dfd28b55bc98ad6f450a70dd9991f4c861233e50420d31f3ac9c0cd4d466b016acf661151c0634a425ef594c14781250ceae0060b1bdd0d9565b8b8\"","dc1_server_salt":"\"78c0309647044d03\"","dc5_auth_key":"\"1e282a34d7c9ec95c73d280ab80e703a811cefbfa6394a07abd40be8c9f46343f52ef3ca3bbf4b1db60874dad7b3537a80fa79459ea38e9f42165b02a29448472950ffcd5e6f12ebae30501a0c0cd323f0ff52e49ce6e3066eb2eaa78d31c937c3aebd5515fdf05391e953f7857e8975ccc4e23d831845bd4f618ba49fb72509a4f8798769f6176280f685919f1fe6c67f4ae08ec7aa9560e6da8d712e838b0097ef15a64e4ac29be7ff104942fbae340f1a8ba4a512de389e4e9447b1251c656573d3c481ae2669279a4d625f9910437ca209fd429bb48513e59a44c1fe6cb86715bec0b378feb01c3284e90eeff53c13c785a41c00d5a1b138cf36ff1b9cf9\"","tt-global-state":""}
VM37:1 —————-
undefined
