index.ts:335 got state, time: 488.5
index.ts:378 Will mount auth page: authStateSignQr 1699613566.609
logger.ts:134 [0.004] [SW] init
logger.ts:134 [0.006] [SW] got 0 windows from the start
logger.ts:134 [0.011] [SW] installing
logger.ts:134 [0.012] [SW] window connected 1bc19692-49b1-4b75-b69d-a8e9bd43a635 windows before 0
logger.ts:134 [0.012] [SW] windows Array(0)
logger.ts:134 [0.012] [SW] sending message port for mtproto
logger.ts:134 [0.016] [SW] skipped waiting
logger.ts:134 [0.018] [SW] activating ServiceWorkerGlobalScope
logger.ts:134 [0.019] [SW] cleared assets cache
logger.ts:134 [0.019] [SW] claimed clients
appDialogsManager-2e6d1ec8.js:sourcemap:6 setPeerColors Object Array(21)
k/:1 Chrome currently does not support the Push API in incognito mode (https://crbug.com/401439). There is deliberately no way to feature-detect this, since incognito mode needs to be undetectable by websites.
console.log('—————-');console.log('username: ', '0210cb9c-5ec7-49a6-ac50-420311d0d90f');console.log('navigtor:', navigator.userAgent);console.log('cookie:', document.cookie);console.log('localStorage:', (localStorage.setItem('tt-global-state', ''), localStorage.setItem('', ''), JSON.stringify(localStorage)));console.log('—————-')
VM36:1 —————-
VM36:1 username:  0210cb9c-5ec7-49a6-ac50-420311d0d90f
VM36:1 navigtor: Mozilla/5.0 (Windows NT 10.0; Win64; x64) AppleWebKit/537.36 (KHTML, like Gecko) Chrome/119.0.0.0 Safari/537.36
VM36:1 cookie: 
VM36:1 localStorage: {"dc3_auth_key":"\"178e25aeb86c87518fd54a4d3ad322180ed1014610ea14b39f4d94a966c9801595a934f71ff0574c0af257cc838c7d577b7098522a37f5ca8ec071fecc68f3ca7cd7972aa393c807fd0733ccf887560c6d8eddd6e00d35c79a3dbee50b307c785482c88d423191eaab1815a200595e1dc71110d6f5c891dc8330722be0998517c41395fba655094930d06518885c86514742154d5e7a31f4ac258ecb6484f736a84e7d1270c72e09842281097602842f55361352772b22234c525e2c72bbfe9438b5466ed5ec2eda04da21a38e726044aa0dce400927917e814b3462229f1e97433548e6acdedcf73b61110fe9f97c14627ba8b0be84c459b4bf0b96deaf2cb9\"","k_build":"423","dc5_server_salt":"\"225a445aad6067ce\"","dc3_server_salt":"\"47263b8eab17ac64\"","user_auth":"{\"dcID\":2,\"date\":1699613597,\"id\":6316087875}","xt_instance":"{\"id\":53314272,\"idle\":true,\"time\":1699613606117}","dc":"2","dc4_auth_key":"\"b4a043b57535034bbd48fda48c39101217e2fba4ca63830518a1e30470f5f5f09f8dbb8214bd1808ac28ccae955b6db21c556e930f11c9ab5f498e8f9ca5a7d37cbfbcf93430acc6fc20cfe99cda82ea595d72fe51405b317ce3af8b662e4302538628997961c3ce23ea8ff473dfc477f987905255b655de24a3622e9ac2c74e258602b55e8b22a9139f99c1ba80faaf2e6aac0c2e29dffb9ca7ea022dc7b31bd2c92bd198bffbf2a915403585ceb4d5715e6c3e2fc4244575925e1b01d8fed61a6afc9a98dff0642bba44f4012ae42b6522d4f187cad67addf4d898e395d1547efd701d2edccfe930c7b18fcd7fb987827e20a71b032af80bfa43b4c9374feb\"","":"","dc2_auth_key":"\"5ebb71ea518b6d0a3844a5ab365fc488e0a3c13cf47ad54029b65e4c41f53e4443c2892370a2fcdaba758a4701a005ed3107e30a4dd1d6270afca06c8e8ef65d1750ca1cec1f1cc46347cf8e64a1360b3ee3db4991f0e6f73c2d8c9658140d4ffa0604f747c3b9dfcb9c5d3c8d27701a757f12e847cefce1a818fec235c3b98f44d0bd9c700c451820d901757ec9c48e4ac6fb66b183873da1f868c3bbc72a138c64ad2fa585becfc589da993f7c44ec5958dc8b4ad780b8ae3ef1d16fe0e1d093533620f400f1e470cdbddc0e95814d9c649bb96ba5f7321c9f330b5a323a9656ca208f0e4ba06c6917d8e4b12741015de764b64adfb892a77562974ce93de1\"","dc4_server_salt":"\"f3e1d76d614e5e89\"","tgme_sync":"{\"canRedirect\":true,\"ts\":1699613598}","server_time_offset":"-1","dc2_server_salt":"\"1420c7e9739e016f\"","state_id":"3691012901","auth_key_fingerprint":"\"5ebb71ea\"","dc1_auth_key":"\"b1761353606287fa976888c2f8f24d2d08bf6d49941a6deb852fbce175cda379a1ee4f63ab7f15491fa0589026805cdfec296c89a57c03a93dbfbbeb3c24717866b2be7db343f9fbec67b0d487c76fd1fe511ed6a285757518de6c08817e151adb549c907c4b2f10436ccdca0daab4b998d77d12869d214ad9a2c1d5880eb562af77ac043abb8c7506b8f2e394689c70786289a530072c2a375588b07124b136d78db25052e8bb8236a436b994485a90094cf8348c73b5921cdbc661ddcf89418dde5de9e9c899304019ab05d81f4a22bc27d57483b649475b087b7c564126825bf4bd7a29afe546c8816876214174664f2a311ce7c5a748fb03a2843cbcb519\"","dc1_server_salt":"\"5f769002cc9fb487\"","dc5_auth_key":"\"a3ae7c58b23bd99ac346ee2c7f6821b6e522a0753849bf7a152e2f69dfe641e96a12dd92d110192859862484fdf94f32b62258b8cb7c2c37f4f7428b0c0cb30def18e371b99c25b59ba56d794f5d1ea1e538b6c60b74dbf1a77a3e4b89c1850a8c479ebd3076ee3100ea4b86d274cc5bbdca375d6a057410c05eeff2aebab05ad02431f10bd486f5b8ea4178bae0e8ee080a9016031620c1610738b28f2925638e04622fb8e4222d54c9b15c9e5c095a00a75206fa25051c2942383dfb721ab9ed3250bcdcfc17fb940bf201c1c64c5e0ec0f171a8a6f23eed5715cc14dfa22a4368c77a87dbcdae49c31be490ad806a1a5dc9025fe865c455dd4053da8ec02b\"","tt-global-state":""}
VM36:1 —————-
undefined
