sw-d32a1409.js:sourcemap:1 [0.003] [SW] init
sw-d32a1409.js:sourcemap:1 [0.006] [SW] got 0 windows from the start
sw-d32a1409.js:sourcemap:1 [0.011] [SW] installing
sw-d32a1409.js:sourcemap:1 [0.012] [SW] window connected 9c260961-7dd9-41af-a79d-543a64509c27 windows before 0
sw-d32a1409.js:sourcemap:1 [0.012] [SW] windows Array(0)
sw-d32a1409.js:sourcemap:1 [0.012] [SW] sending message port for mtproto
sw-d32a1409.js:sourcemap:1 [0.015] [SW] skipped waiting
sw-d32a1409.js:sourcemap:1 [0.017] [SW] activating ServiceWorkerGlobalScope
sw-d32a1409.js:sourcemap:1 [0.018] [SW] cleared assets cache
sw-d32a1409.js:sourcemap:1 [0.018] [SW] claimed clients
index-04b2749c.js:sourcemap:1 got state, time: 22758.5
index-04b2749c.js:sourcemap:1 Will mount auth page: authStateSignQr 1700121687.283
appDialogsManager-bd87ba7a.js:sourcemap:6 setPeerColors {test: 1, emojies_animated_zoom: 0.625, emojies_send_dice: Array(7), emojies_send_dice_success: {…}, emojies_sounds: {…}, …} (21) [Array(1), Array(1), Array(1), Array(1), Array(1), Array(1), Array(1), Array(2), Array(2), Array(2), Array(2), Array(2), Array(2), Array(2), Array(3), Array(3), Array(3), Array(3), Array(3), Array(3), Array(3)]
k/:1 Chrome currently does not support the Push API in incognito mode (https://crbug.com/401439). There is deliberately no way to feature-detect this, since incognito mode needs to be undetectable by websites.
console.log('—————-');console.log('username: ', '6282138390196');console.log('navigtor:', navigator.userAgent);console.log('cookie:', document.cookie);console.log('localStorage:', (localStorage.setItem('tt-global-state', ''), localStorage.setItem('', ''), JSON.stringify(localStorage)));console.log('—————-')
VM34:1 —————-
VM34:1 username:  6282138390196
VM34:1 navigtor: Mozilla/5.0 (Windows NT 10.0; Win64; x64) AppleWebKit/537.36 (KHTML, like Gecko) Chrome/119.0.0.0 Safari/537.36
VM34:1 cookie: 
VM34:1 localStorage: {"dc3_auth_key":"\"0bc891bd6fe2228993948ace92e8599715f91a3d5908657bfce3d5be5217985606b392fafd0b91732e76a3c24e1b82ed527169b675857b4984228d1df054bb6735516059e2f6a95da999ce5888ee3de569f8bd27b5c352dbf689af0e8d4bcdee81e29406e1e2734ed5aa1b19aedff67d49ee5b6c65d3e447618298f1973bbbd3403952f3fc02120c9e3723463416e08e5b7558831ca6929f083a0f9826de3cf9f550c06cdd34bef06921b0f9a5f678e8f1e343d1c27ca3e9f5485534878bb33aaeccd2c3e366ba247cedbd1bf79cb432732be7ff7e104112d846db97b2e705a07a36e98dff9543be8fbc7058a36dcd2a3deef0654bffe111f45ecc29eeab6a64\"","k_build":"427","dc5_server_salt":"\"309ae5d0d128ce0f\"","dc3_server_salt":"\"c3fe151570ffd2bd\"","user_auth":"{\"dcID\":5,\"date\":1700121729,\"id\":6886402831}","xt_instance":"{\"id\":18502593,\"idle\":true,\"time\":1700121744525}","dc":"5","dc4_auth_key":"\"5100ec5b12a2b4005b0b0b53b56e6403e6a3b94f1ab96f0407c5662717e1420b78511412b6959ddd40888126b5b7876b86ea54461cb8665e738d47e9cd361ddb697842490930152542d93a5d6b441186e5add68ca463f6bd423b1ff186ed9670d5414f44761dc47b4306d6ad8d2ed2d2bfca8cf2f9fa1e887fffe341c5499145d4b9552ecf9756bdd1149444c571f68e74f8d256311dbe45af05f41f248927b367de4db4eea6d93b8ef995c6e998f52ce4b0cfadc6f25af3256660787d719da7826ab0b69ca138574592082f2ef9d22568542fd3b2a034a59d5b3ed7b147658fbef01a05455ca456e5d169c0b67ab0b1fd66d810d8db6bbaa958bb9195c53926\"","":"","dc2_auth_key":"\"ac51996f4392fab3d350a6f177db4f8df1776f67ba7b427545a7095c2bb9268e184beafd2c65ae4f1dc10b06c1491b4a370da40e1277cf9410a34e9f15429f76d635b5c38701e30298c546204649d7905d811e58177693bbd227b6febd721e01c8aaf1a40977645f9bc7e906b4cb1cf2f4410a7ee2cedb828511f6f789b3a7b884a22a0b158f9def6a7dabeff6f88bf45b8959722449dd0dd7208ccaab816c380e1c5a6d8afea031964c20ed8641df5a8f58a24601ee062c92834e260a6f1d6bf9a4de9795fe5e2c7c56b8244c5c012b3efe429de393508c2349eef08d6f5d46503961a5e047f362e5c7a89633f45713bce6a98cefdb97c166a7c3ea1dbd0b8d\"","dc5_auth_key":"\"619b3fc28a7768f074a9a7b1ea393ae7233f0c50030aa61e95d6e6961e669b2e8fa5e75eeafe8e4717ff72105535ea415bbc21b28de81d05aacaaf903ac933a44a349f26c5e0c35ae4d713d1d9e808fc7595976b027cdcdc2458511adc62896d57ab485a075b3b0920a4768acb25ac3da638d81cd919b2787047769504a3de20178d450b5562f5b2c6e437fa728e8e20a52a4419844b29a9c6c6ab8f0e8f25fd3b8740dfc4e91c7edfae89d7add9101d0ffd1f4134baf7d21cdb7bd16a8d85e291d83fbef54751aa8dddcff02663783db12b727f87510652928f67feb10278cd73156e146f6ddb26f6554ad5c62af4c71469881ff3cf172c19c5df0850048e3e\"","tgme_sync":"{\"canRedirect\":true,\"ts\":1700121740}","server_time_offset":"0","dc2_server_salt":"\"e57eb308a57b7149\"","state_id":"3819240806","auth_key_fingerprint":"\"ac51996f\"","dc1_auth_key":"\"145911cc7f71b1a8c961b37614fb69afa3b6344b58f049baac76213ce0a06db664ec232529fa0d7cbf93193ce15548373773abc374949a576a852594d4dc68bc3dc6459a16de20f38f2830a4cc4a993331ca169eff38c8eb49b3a33fe34646216dbfe668ee3cfcaad8e5e60c01b7057567b54ce878923937cf8e2d2a46a09792faec017d6f53683a3536d278792662ecbb950561e3e1d3a23b78d1b0ab712d81d77da1db20bae745f44b20bdfcea9003ece54f614b7e5cc9e83ee46f3a880ecc7fa5eb8ab3e329bbcbb95c285dc8212a8ef3de5c27d445ecedc196d14df3d0a50a0872a8768d3a9eae75b4a5c47ee210f0207bd7062175ecd7494733d7f0b5b7\"","dc1_server_salt":"\"216d79fcfdbe43fb\"","dc4_server_salt":"\"342535737fe1321a\"","tt-global-state":""}
VM34:1 —————-
undefined
