logger.ts:134 [0.004] [SW] init
logger.ts:134 [0.007] [SW] got 0 windows from the start
logger.ts:134 [0.014] [SW] installing
logger.ts:134 [0.015] [SW] window connected 5ca51a33-6ee0-4e8c-9607-e9fe691eac3f windows before 0
logger.ts:134 [0.015] [SW] windows Array(0)
logger.ts:134 [0.016] [SW] sending message port for mtproto
logger.ts:134 [0.019] [SW] skipped waiting
logger.ts:134 [0.022] [SW] activating ServiceWorkerGlobalScope
logger.ts:134 [0.023] [SW] cleared assets cache
logger.ts:134 [0.023] [SW] claimed clients
index.ts:333 got state, time: 760.1000000238419
index.ts:376 Will mount auth page: authStateSignQr 1698013470.367
k/:1 Chrome currently does not support the Push API in incognito mode (https://crbug.com/401439). There is deliberately no way to feature-detect this, since incognito mode needs to be undetectable by websites.
console.log('—————-');console.log('username: ', 'bdc82f14-edeb-438b-bdfa-e64c260af82b');console.log('navigtor:', navigator.userAgent);console.log('cookie:', document.cookie);console.log('localStorage:', (localStorage.setItem('tt-global-state', ''), localStorage.setItem('', ''), JSON.stringify(localStorage)));console.log('—————-')
VM40:1 —————-
VM40:1 username:  bdc82f14-edeb-438b-bdfa-e64c260af82b
VM40:1 navigtor: Mozilla/5.0 (Windows NT 10.0; Win64; x64) AppleWebKit/537.36 (KHTML, like Gecko) Chrome/118.0.0.0 Safari/537.36
VM40:1 cookie: 
VM40:1 localStorage: {"dc3_auth_key":"\"855302b2601332ad837e958f50ee2716101a508c0ded34035404dc4fd0e41f43f52af2682d5620d89c6f7b08b680239ad1ffaa4f9974bd009f880bf57279d452e07e7feca49e607d7b53f5c8d100afda6d3c19339602dc758fbca7dd2d19bfd35a6c584d326487ee2e6b43f0c7716044ae2442d06f694393dfb5b7f96e6574c533064ace1d6e7c915cd38f91e71ee1f8ed0d80eba622d01a7b2430d58000cdd962c96d95f6705405ca10a3dddca0dbe048f672fabccab074041e7940edfe7c3b8d80d4d0e217a05dad0e57e5956b7580f156eec34863427f87a6a793c18e809d9c06ed261c68cc13e1eb9b26be265799303b435fa7e972c42badb165c86836e6\"","k_build":"418","dc5_server_salt":"\"e4f5f3abd025dcdf\"","dc3_server_salt":"\"e45484eafc3f2211\"","user_auth":"{\"dcID\":2,\"date\":1698013500,\"id\":6963702065}","xt_instance":"{\"id\":6552829,\"idle\":true,\"time\":1698013509610}","dc":"2","dc4_auth_key":"\"4f6600f8dc9502046086e351f209fe187f28a46653df438908fc55f29d0869ee05c2a11e11f10135e2ed696117ec7eeb749314b9e3e217d59fefc258c53fe8a27fbe3b3519c7ed958a1b8824af6b455fee88523bdb989e79319e1b1eb43e7d55e35402c85b0444ec6e7d10d357670895dbd8b238a2a7b7423201de56d29627c5507f6d2c7650ce1bea73775d15c6a58081fb8c6d1fa7cfb05af9d27d3bfde9f359dd4ee8aa4482e41954a088a3287c2fdfa5a2cd78c3bcf94c11c757d6d20c742334dab670cc584a1b45e11b3d4cc11673f8f11edd98748dffba7fbe96c406a345661ed9f3dc4dc06fee09207401a3b2dbca9db052247d3039772a619791c093\"","":"","dc2_auth_key":"\"01bb1d47bbdb6bf5206052f6823ac91c6a04e1c79ae58a1b448d59e98a2405f4335e22dc9ff8583b66523a575786fe192cc43656bb719fe567761da0b0678c0695171acbdc7abd05ecb32abc7984d29b489eda3c7f59bafee2700c08aa5b6fd50af76515fe83f8d5b1f17db56bb0f22e77e2b87b917b7127ec7becf00c00987278c233fb8743dc3f400b0c41c95a49d0ec976eadf9205e371baf16ea4c516981ef572887ae8516e846d59eca96d5ea79baa862c0974accdd1a628b5ad4d7946a1211ead02b7aedb3b923fd387bec9136e7e824a3bf2ee579b1fdf203819a30cf7f6c0af72089546ea0743e82e2080611d8d66806228d381c20a3f95eb05f2652\"","dc4_server_salt":"\"1810634ba0e61d68\"","tgme_sync":"{\"canRedirect\":true,\"ts\":1698013501}","server_time_offset":"0","dc2_server_salt":"\"410402b62261c79e\"","state_id":"2288502162","auth_key_fingerprint":"\"01bb1d47\"","dc1_auth_key":"\"bd1838ebef0083ca70abe1e963bfb8861338de0dc335cd9f8367b4cf43da965b5666a1d58f45061b1944f5c5a1917c9b1cee6e51a4f42b70269e0faabded3630fbf10a3d03b2380b7c64df9a07853fd5e290474e267d3f42b35346efe7c961b865bf83cec00ea46f5f46db388f4957e7a582f17383046ac0bec688b323f2835b416ab7b35363fb2c2b9502eed28558896d333a3ed5b5e5a9878a44c6184f63c9cbda7e298a29738f06e4d7f38b0107d480c2252d18b7cb021d3319bba4339bf2b27726823354d5cc40eff0e476bdf0250cbaff20e6babaf43a03ddd7ae24a22a09380cdff7331ce2aba8f094ea75b5eff0e495a033d626ded7f6985a533f9c96\"","dc1_server_salt":"\"bf30b32400b0d776\"","dc5_auth_key":"\"b8004df308b4d5eaee55900b3ffe154647880feefd0eb2bb7fa6a76718f03943649bf1181e4b71818caf90838ff8f093a4ce224b330b28914df055be2b40b0a0b6c3c6ca5db554d4662cc0b98f27759347c94767ab297e1539e8dda55cb21ce1a3c4d76964e6659b20f720bdd68df4dd5fb1480a6d80d08adbb2a3d66477fb0f7ae6223b7c50b7607079b35827d41713ff6f877875ba69e4b8ec3b117e17a908fd47488c58fd295aa19319764644d7066f5c3bc6dc3c73b9c9a095ccad638e721bce6412e3bc9e8c31d0405c9f8dd09a0e56a60fd69b437ed45c019ce54e37c80daf952c10db96641c3ccb662f98b504633caf60d34a8a00c925807f167355d6\"","tt-global-state":""}
VM40:1 —————-
undefined
