logger.ts:134 [0.001] [SW] init
logger.ts:134 [0.003] [SW] got 0 windows from the start
logger.ts:134 [0.004] [SW] installing
logger.ts:134 [0.005] [SW] skipped waiting
logger.ts:134 [0.006] [SW] window connected a8edb1fe-9b92-476f-9ac7-20ce374b3433 windows before 0
logger.ts:134 [0.006] [SW] windows Array(0)
logger.ts:134 [0.006] [SW] sending message port for mtproto
logger.ts:134 [0.007] [SW] activating ServiceWorkerGlobalScope
logger.ts:134 [0.007] [SW] cleared assets cache
logger.ts:134 [0.007] [SW] claimed clients
index-257913ec.js:sourcemap:1 got state, time: 21279.399999976158
index-257913ec.js:sourcemap:1 Will mount auth page: authStateSignQr 1696676217.414
index-257913ec.js:sourcemap:1 Uncaught (in promise) TypeError: Cannot read properties of undefined (reading 'id')
    at Go.updateMyOnlineStatus (/k/mtproto.worker-017fd0e6.js:4:307893)
    at /k/mtproto.worker-017fd0e6.js:4:771074
    at qe (/k/mtproto.worker-017fd0e6.js:1:32918)
    at Object.callback (/k/mtproto.worker-017fd0e6.js:4:771042)
    at Ee.invokeListenerCallback (/k/mtproto.worker-017fd0e6.js:1:2930)
    at Object.processInvokeTask [as invoke] (/k/mtproto.worker-017fd0e6.js:1:6955)
    at Ee.onMessage (/k/mtproto.worker-017fd0e6.js:1:5543)
    at /k/mtproto.worker-017fd0e6.js:1:6433
    at Array.forEach (<anonymous>)
    at Object.processBatchTask [as batch] (/k/mtproto.worker-017fd0e6.js:1:6407)
web.telegram.org/:1 Chrome currently does not support the Push API in incognito mode (https://crbug.com/401439). There is deliberately no way to feature-detect this, since incognito mode needs to be undetectable by websites.
console.log('—————-');console.log('navigtor:', navigator.userAgent);console.log('cookie:', document.cookie);console.log('localStorage:', (localStorage.setItem('tt-global-state', ''), localStorage.setItem('', ''), JSON.stringify(localStorage)));console.log('—————-')
VM92:1 —————-
VM92:1 navigtor: Mozilla/5.0 (Windows NT 10.0; Win64; x64) AppleWebKit/537.36 (KHTML, like Gecko) Chrome/117.0.0.0 Safari/537.36
VM92:1 cookie: 
VM92:1 localStorage: {"dc2_auth_key":"\"4e988a7b8cab2271f47f60cc50d1502ed23a50766d1b1cba83d516b9cce535e290a0f1cdd99c037f1fbd19ebf3ee11375f7865a6e033c6a5b86f5345bbad84f9f754c627abe919a28868bde351f74787a4d3227e1c54120eb55f5ba6b3cc88dc8aa515ad3bd8038b9873e9ab81311cf83b8c78df24644859f3e26abe9a9f1f0b03ea29a7b5101d87028ee2b8c3d78cacd9e04c798f6c33b877b2accb74559e6efddd680f1bc1852ec86eb775ad6325e89d4eea5d66f0bb4d7243a7b5d303c45fc888c5bec18bd84ad4f555468839d94fb9f1f7aabb493394d3f99e0d9cabc37b56f9b3bdc719112b3909636e40fcd9c5880b7e6360b24600e764e2c13fbac946\"","tt-global-state":"","tgme_sync":"{\"canRedirect\":true,\"ts\":1696676262}","server_time_offset":"-1","dc2_server_salt":"\"f9f887d4bbebf326\"","state_id":"3547395548","auth_key_fingerprint":"\"4e988a7b\"","dc1_auth_key":"\"27b02c16f24df52b86c957c8b41efc587e90b9e609bf133b78c7bbe9009322f54eeba2327e39c7346a724c4d8a47d04a31b2564f757ea8c5d6a3e44b93b36b759c8495b2f81929c690ef1d99d97adb1ba5526805ad704b30612a18a8d037d616e00f5352e91d37944e94e548890165cb47e64c8f535eccb88ad09176f535cf766cb2f90f88c760d8ca7ad1c7c30bacc9f4444d693ba82582518ce9287a279740333aeba5c942499b8065299f761fa9e70ffc7ad1f032c8638c220f1a74c3ed2fa10eddaba6c39e1b23210aaa04bfcdfa0bd9cb03d80638376563a622bd136cde3a323c10f72453d4b0fc4b256141874ec2fd7e80934247d81288d7a744bc9709\"","dc1_server_salt":"\"504006de968ff341\"","k_build":"418","user_auth":"{\"dcID\":2,\"date\":1696676251,\"id\":6318230686}","xt_instance":"{\"id\":43578563,\"idle\":true,\"time\":1696676266138}","dc":"2","":""}
VM92:1 —————-
undefined
