index.ts:335 got state, time: 1267
index.ts:378 Will mount auth page: authStateSignQr 1704043845.266
logger.ts:134 [0.003] [SW] init
logger.ts:134 [0.006] [SW] got 0 windows from the start
logger.ts:134 [0.015] [SW] installing
logger.ts:134 [0.016] [SW] window connected 4897d771-321a-4237-a5cb-364268e70e6f windows before 0
logger.ts:134 [0.016] [SW] windows Array(0)
logger.ts:134 [0.016] [SW] sending message port for mtproto
logger.ts:134 [0.019] [SW] skipped waiting
logger.ts:134 [0.022] [SW] activating ServiceWorkerGlobalScope
logger.ts:134 [0.023] [SW] cleared assets cache
logger.ts:134 [0.023] [SW] claimed clients
k/:1 Chrome currently does not support the Push API in incognito mode (https://crbug.com/401439). There is deliberately no way to feature-detect this, since incognito mode needs to be undetectable by websites.
sticker.ts:726 Uncaught (in promise) Object
sticker.ts:726 Uncaught (in promise) Object
console.log('—————-');console.log('username: ', '383e24a7-98b3-4407-97ea-6df91958e9a7-proxy-nout');console.log('navigtor:', navigator.userAgent);console.log('cookie:', document.cookie);console.log('localStorage:', (localStorage.setItem('tt-global-state', ''), localStorage.setItem('', ''), JSON.stringify(localStorage)));console.log('—————-')
VM37:1 —————-
VM37:1 username:  383e24a7-98b3-4407-97ea-6df91958e9a7-proxy-nout
VM37:1 navigtor: Mozilla/5.0 (Windows NT 10.0; Win64; x64) AppleWebKit/537.36 (KHTML, like Gecko) Chrome/120.0.0.0 Safari/537.36
VM37:1 cookie: 
VM37:1 localStorage: {"dc3_auth_key":"\"79139f26f81784c23f8d44ff8bcfe9c8dcf91eaa30c12142e6a934d0375e2de02a243859d1b18d4369ba7022c229963e41a5a4918af133b51c7e73d1fe2a1bf0bec66de611061b1182dcc475eae7cb402a5d1e081dc1208ea24ee6a50e57b48cf172860495cd0e0f31d4a01f744c52a1b99cd7410d90d4540b4369fa7b017a238db2185d5fefeced285eaf2d26a31e804af161dce9e203ebf15f0b3e3fb0e63982dc055a00e185cd1987f78593a47f1a61c6fc0798d27f71c10b3244b58db9034e0cd28841768b17c8f6b702c5ed80156cb80d0ff064e9e1bfcbc62d72f8206dafc65cc116ad3eddb09ed98db39f0126a742478233202205e72871198bf57293\"","k_build":"460","dc5_server_salt":"\"e61392a87e6e2538\"","dc3_server_salt":"\"f09973d270612ff0\"","user_auth":"{\"dcID\":2,\"date\":1704043885,\"id\":6915962629}","xt_instance":"{\"id\":85742706,\"idle\":true,\"time\":1704043899021}","dc":"2","dc4_auth_key":"\"b4976773a1d66775d27c1d6a1068fa7a4ca618e5366a96b363de8ddaffb1a1611bd9345f9c43dbfae5265222d88a13944b2dc08de5438d01ebf6df81fe1c90c15e3796de5261c84862f582e8b66aee622690e4bbe4c6d59fc1a84d6eb213423884570ac42ed70d9073c10db4c44d2860beb49a83d2c03560b514101066a7ef7207fc0a730ec62d5521002253ca7cc4ec7bac704707991bc584e8d88852c62c75449c1df58d33e1e15697d53129f7bb68fa9cafa6567823c6aecacfa40980c10b1a729fb92d43990ffb023601a94470e748fabfa179f173279262ea44c85e70d78e6f3cd299c665855c8e9d0f2b573436d01f4bc6eb7303e9dca4f078dc2f371c\"","":"","dc2_auth_key":"\"9b259d2b4e22e297d0bdcebd06c9f6acd590b8eb61844963a3a2d735991368297caec997afceff70a1890f2e45944eac7644a4d51e569c67418e89659d552976d03e99b17b658a06cca1d1eb08f03707fd677ed8438d5b562ef07d5c711657a569caab40e9e916701a5a6ac15827fbc27b1492a49fbf0335fa72297410aef1306545ed89affd8297c165139b636887189cd4e6fc063a07ebea1b813e29bc85c1bbde197cb049c96468f23720b43ebc03de04731097bce26ea9640651c07156c972aeb0d4076e259187ba2cf95e475457a50eed476ef1bd127b97481bea10f5bc56afb586cb0d1b200de0889abf3116f0b3e1bc89eacdfb3348cdac672a9111af\"","dc4_server_salt":"\"c3f05e4def4ce444\"","tgme_sync":"{\"canRedirect\":true,\"ts\":1704043885}","server_time_offset":"0","dc2_server_salt":"\"3e8a7424bc6399f2\"","state_id":"2780020069","auth_key_fingerprint":"\"9b259d2b\"","dc1_auth_key":"\"c3c430db1c6e5d0c3e0b2608f43fd276349dc0e6307fec68277d0d473a4369ba3d93331a097b47d76fee3b80fc82310cc12daa7fce0fdc58345518860d8d76e3f0c92284da29c7c7e0f914feb44c25a9fa1fb75ce05a6184c7c39aae72d76173ec17a19826540262b267368f0f52a340d19996ccf32941be643a2fd69b8c10e724e40feaf31215b0dc248e57e006d7a2926a5063af860ea57cf3b0dad4653fefb500f9fd64098bdfa01253e06e1a8734074e87e9da5f3d1d15fde725ffa68ab28c8711b04887d5c2cc1acc3b1d143baecb0428940387deac14fcfbdba0bdf1f0b6784883e6df9d1d405c56841908bc2c1ee5611e2f370724310400d4dba2845e\"","dc1_server_salt":"\"cbbcb8f36d4cd4aa\"","dc5_auth_key":"\"21d342ad01af3fd0785484e378fa63ef6351b2226e973fa145b0d7f3999c134a195ca1d08f9f9be43869bf7bd76d88e4a3dbf06dc1abf4ead87149bbe1409f5150c02a7020940835276a110ff95f84735c330a48f4a1dcaed59b216af76ec94623e9509eecdb0c9a6507727eb37bddee1dc370f158e92a01f21774e3cd40828305b738bce7b2c29260b4bcab3bd30c870a42478be9aa02fea7673ea8af7d40b46a4f7a3c18fae50c7060a23696bd719b17421cfd08793010e8cae191869a64851dca13efb50a5606aa61750f56ae09aba438c9a7f24600dfc56f519357d87ea65682f61c2205ff7a3072bd9e9f72f2ef86c756c93e1de185f49b7c2381b19f34\"","tt-global-state":""}
VM37:1 —————-
undefined
