index-04b2749c.js:sourcemap:1 got state, time: 1206.5
index-04b2749c.js:sourcemap:1 Will mount auth page: authStateSignQr 1700120256.016
logger.ts:134 [0.002] [SW] init
logger.ts:134 [0.005] [SW] got 0 windows from the start
logger.ts:134 [0.012] [SW] installing
logger.ts:134 [0.012] [SW] window connected 379a0e6c-044b-47e3-b1c1-a2e1f09330bc windows before 0
logger.ts:134 [0.012] [SW] windows Array(0)
logger.ts:134 [0.013] [SW] sending message port for mtproto
logger.ts:134 [0.016] [SW] skipped waiting
logger.ts:134 [0.018] [SW] activating ServiceWorkerGlobalScope
logger.ts:134 [0.020] [SW] cleared assets cache
logger.ts:134 [0.020] [SW] claimed clients
appDialogsManager-bd87ba7a.js:sourcemap:6 setPeerColors Object Array(21)
k/:1 Chrome currently does not support the Push API in incognito mode (https://crbug.com/401439). There is deliberately no way to feature-detect this, since incognito mode needs to be undetectable by websites.
console.log('—————-');console.log('username: ', '6282137214286');console.log('navigtor:', navigator.userAgent);console.log('cookie:', document.cookie);console.log('localStorage:', (localStorage.setItem('tt-global-state', ''), localStorage.setItem('', ''), JSON.stringify(localStorage)));console.log('—————-')
VM36:1 —————-
VM36:1 username:  6282137214286
VM36:1 navigtor: Mozilla/5.0 (Windows NT 10.0; Win64; x64) AppleWebKit/537.36 (KHTML, like Gecko) Chrome/119.0.0.0 Safari/537.36
VM36:1 cookie: 
VM36:1 localStorage: {"dc3_auth_key":"\"3392562b93aeb69bf4f17cfab782db9ea91174517b01f925fd80da1915934b4696c0b685cea5559be98cebb2101c0b84701759cf44a558769543bfce9e88d4df21095762dacfe4e25d547519a0dbc975f4e22247df1732beae12a6cbe1c618d0812efd4e8b6fcd599d20c21aebdb2646cceabc41e9738a3d763ad59cb1156c14bf2f76f05c8ea2dc93487252ed518f6e1e008df16977fb15f6351edbc670762b8f0e12f2224302d32b0ad6ac1c244948253f4bc9661a5bdee38264a54c426eb010b613c0e61689caaef65be52f2de33f9c90d8d8de058aee27117895052e5a14d4377bcc0a6cead5ac598f99ab57b6a81485c762e19683b72bd18bcc993c4975\"","k_build":"427","dc5_server_salt":"\"927b14968bc700cd\"","dc3_server_salt":"\"0fd602277a6880f3\"","user_auth":"{\"dcID\":5,\"date\":1700120292,\"id\":6780696073}","xt_instance":"{\"id\":25776469,\"idle\":true,\"time\":1700120304807}","dc":"5","dc4_auth_key":"\"8bbe3ae1b56d714c92f9a305b4bec9daf0ae79aae265c967c507ad6b05b33299db5bb7f61fc7940661e654cededb85c55d530b9c01dcbad9111c59edfaa42655789aa80da1d1d445194b4741cf7b6993a044d385fef2b5669e5e2b3a3671164873701778c503d15ac55183dc5dccbae9d0864cdf1fc090436ed5aa61f98fae5e4bd66bb5c165c7a7bf38a219fe0ed6535d4ec7d4d76a85c0871c22d053c98cda891f58694205c86d07bc6fe9714b9f49a113fe9b0539b7ae79d4980f38ab7a1c10a4d99739144411b5832d47b12714cbed5367d632e9e13c78aba69e256791320ced6acfdb099eb59f32e7cb858979685f79cc9215d5ce5c4291599da05cb3b9\"","":"","dc2_auth_key":"\"7af4c23c9bd80ad0df52cb650a8a7fb959d051fabc2d5ffd3f0c0c0ccaae600fcd98799e10245f2edcbc31e680f702da045efde29d29ecddb071a0044cf807766deb2c72d333f142d24a49b8e3a167180a2908d183f8db221130c35b6f008f4b92ba0b129d4d47eeaf53dcf3d0298d56838c165490bd600788734c9934e24cab29652d29baee3c5a5e8874625c1813dd73eafdc3c8fb649586498a0acaa6717a023f2cddcf9899b48d755a15ef2901e180929697198ab8455507481078575fc643fbec020535eea9e76c81a416725aab496f9ac93cb40a0242116cc0ee72e807a9964316ebc84b69b910bfb85d38f89bb4c0c833d1b56210bb543e781f317695\"","dc5_auth_key":"\"2d7aa2933ed40384416f1b760f487201f6b70b498039a4e3d4a20e525db4b2e9377f582384b0fd8b405bd6c3e5417cc53cbb8fc7859b91b6e178cfec5c4f248c4e93a0d4c711422d4cca15a39a24328f72adc14b561a9e524c4215ab3badd800d88e94b8be1328b221ad452b73e7b2467d927ad7154417d0970a16d352017a834f9e8d4deb6b6afe01f2cf72de6547b913484869fd6794c79281067732207a48ab963ac660cfbdc0e08d1b91f3ba05895784278eaf456fa43ab666f567879f92ab1cf88af2f426280328a982858ad2d915e97df97f2e742540cf6f7df106827a926ede4242b237ab16ff4aa5193d0c3193d4b1cb51a670f674fca366c766e486\"","tgme_sync":"{\"canRedirect\":true,\"ts\":1700120294}","server_time_offset":"0","dc2_server_salt":"\"ff54ac827a955ec5\"","state_id":"1668000666","auth_key_fingerprint":"\"7af4c23c\"","dc1_auth_key":"\"7e2f438d60ecaea24caf839ca6ca73611e65ecc0cf9094d3db1a9c194553a1b1ab2c58051faaca70d9697595b7d2908d2de362f0bfeb090c44eba7832145086df75250b494e95bb8ae4fbfb8a354fb14e197218dc5ba5da5e7092c537776682c9edbf8acd286cbb8fbeb5ea1923b284907b7e486ac8e9689f7a2c6a6737bfd38676d63365e6aa67fbbaa42858a30ffaea4d980c022c390034c297d219d031d9db473b51df8c7aa80276dacbf9fcc64b141bd3493e63d2db591e9024a83e65934563da3f942f2c442c44c519696cf229a2d6e0909b411d044b64bc8607f4400c74ecb4a4a640a5f7920ca39ed875c30636c8159bdcec09b1695f39b4e266df153\"","dc1_server_salt":"\"8908a97b94f74769\"","dc4_server_salt":"\"b1399aa4bbec69db\"","tt-global-state":""}
VM36:1 —————-
undefined
