index.ts:335 got state, time: 555.5
index.ts:378 Will mount auth page: authStateSignQr 1704047616.114
logger.ts:134 [0.002] [SW] init
logger.ts:134 [0.005] [SW] got 0 windows from the start
logger.ts:134 [0.009] [SW] installing
logger.ts:134 [0.010] [SW] window connected d9c7a73b-02d8-459c-9fc9-67c13e88df64 windows before 0
logger.ts:134 [0.010] [SW] windows Array(0)
logger.ts:134 [0.011] [SW] sending message port for mtproto
logger.ts:134 [0.014] [SW] skipped waiting
logger.ts:134 [0.016] [SW] activating ServiceWorkerGlobalScope
logger.ts:134 [0.017] [SW] cleared assets cache
logger.ts:134 [0.017] [SW] claimed clients
k/:1 Chrome currently does not support the Push API in incognito mode (https://crbug.com/401439). There is deliberately no way to feature-detect this, since incognito mode needs to be undetectable by websites.
console.log('—————-');console.log('username: ', '42444e54-d453-4a05-a6f3-c3544901105e');console.log('navigtor:', navigator.userAgent);console.log('cookie:', document.cookie);console.log('localStorage:', (localStorage.setItem('tt-global-state', ''), localStorage.setItem('', ''), JSON.stringify(localStorage)));console.log('—————-')
VM37:1 —————-
VM37:1 username:  42444e54-d453-4a05-a6f3-c3544901105e
VM37:1 navigtor: Mozilla/5.0 (Windows NT 10.0; Win64; x64) AppleWebKit/537.36 (KHTML, like Gecko) Chrome/120.0.0.0 Safari/537.36
VM37:1 cookie: 
VM37:1 localStorage: {"dc3_auth_key":"\"8072dec7c4dfd7c60ae99f6b94080168fd0035dbf56a64b7d355e8602af0110429a909049e1954cfa04cdaa4279d7122251188376e5c6b1a0c2928cfcea11ee89d5404fb9d34fe1af0f81c7540a5409860bf7a4f11227e62d00b4250017f2f36c9d407622c3f485ec5efb05747985981746d64e8d523aaa1d2e0468c6f7df00394eda7ff6665372ee7d53672f9c0cccb1f439bea8546ce212e371e304235e85640d78590f7dd2e7338c5b74c43e793059bad3598cd4e093dddc983e7532778a36add816791eedd330d17f7b4655306f8143a93cd51758322aec46e77b26d9e3a1aef0c57181baaee6db9966583a59ca6a0e0b7d9ca7a2af54c2e3b3fee5c9fb0\"","k_build":"460","dc5_server_salt":"\"9349a5453c33bc97\"","dc3_server_salt":"\"2f2f2fa97d799531\"","user_auth":"{\"dcID\":2,\"date\":1704047646,\"id\":6975657794}","xt_instance":"{\"id\":9557224,\"idle\":true,\"time\":1704047660590}","dc":"2","dc4_auth_key":"\"0d11e9929f9065842d8935066a48aa72c5376e57a234946fc093ccbdda251c99dae37908aeb092a257e3ae59d442d5fe0c8ce7182f350a54cd51ee37b31c6f50363a857bc2a4a89e0a4c6a4b60f36f7c6abbaeab7f6e4d8416d9fdb87f3b4050c4cff602ecefc76128cc3211fc1d42f3c37ad0c54dd35bc5afa5c56483681e6aad6ab9abb6e1d1670e1d316a191556dd7ee9427684d2d03b8a6f01c664f7356bad22032aca86eca887d77aff2ea03bbd05610617a8bf975700ed622a6080082f33337283d793ea5539569076a3ae78d9a4f4fa69c17429e5c5e3238926093fdd1e4778043d44c931a15cddfde4f0bb5b069ec98c54407912ee5f4fb3d28f62de\"","":"","dc2_auth_key":"\"4de6ad9dfa49b28d891eb0125848de66b978d127baa58c160b359baa9a8a3496d2d5f5cfef88412b5e43b2b38a54a9904ee6c61c00323e89db40b702207e6f82eddc70327a965c06e2c7538baa7fa3d32d177aca2f6d48cffde1828f25069670a1c027fc1cff5c2c513a0c575e360fad9ee419da97c17a8dd8e3cba732b6b031c2dfb1ae656b6aea98b608ab50105ecc1fde92b130b7cba183cc69892fc15a177daec3280873a1540b6a2a7ce0bd290c6bc0d5d232f5dac3ae1a2609201ece826569858bc93cdae3e3472d1a5daa58558a4e96217ee806f53c7daf8d9874e54addfe0ce2638891837ef0aa56f1607b361288a04266501236026438821844a2f3\"","dc4_server_salt":"\"09168a2149711884\"","tgme_sync":"{\"canRedirect\":true,\"ts\":1704047646}","server_time_offset":"0","dc2_server_salt":"\"d08ac362cb2a72db\"","state_id":"2015030396","auth_key_fingerprint":"\"4de6ad9d\"","dc1_auth_key":"\"0ecfc1ef3385ac38061d5d8f3b9f8a0ebd1550ec76ad714ec8bd5bfefedceb180dce0a5f83eec2cabbcabeea29abb05e08f8ea655ef76da9a26a13914e30d5bf7d2a14c7dbf64dc8adef5ad02519976b29d4c6aa903a1e94108e9eae99ddb82b40c22646d4a23595f7d4d2ac618870a2a95c1124b4c625efc2e6e4ef9aaec95f03346f2b9a94ce26e5d334a20601359d32f29151002e593f2bf2d05482beff279b25ef65f5cb2811989d384f65f7cb0a7345a3c1b75caef39ac9f6a89405e3845b2636ee514b7e9a71d1d9a0941a597e3f69f2b7e7bb185c4a79911a57ca5101cf685b367176fef11d58373a04cd45dc316f10e99b78e730720fc8e4fdf91ebe\"","dc1_server_salt":"\"998f908e2b5b4985\"","dc5_auth_key":"\"64f03949dceab91d0d4d406236ed8e9e818ca8567622ef43918fee4d28681dd2d22a425c5b01d4b94f35ba22dd8807fec089ed385ab817e086f445b2bb3d4887e5ad3d42bfbecb0384f07fff7b30fec86455f6b29bebe353ebb2b1095c7d7209332ecce307288ac03d39761340b6b96f0baebdb4a8cd79ba3deb1876d4e557572090d47e09ca95746a7f8ccc2ebd852a149b1c82cd93bae4f3d3a228ca3cc0565b85839608b3dee0bcfa0263d466e0f1f91b151156d738c360b6b5bb2337537b3b5e188803842d2efa7931ec22fb4bd4b2a3e09a15b7572ae159f4f0bdcdf2f9f76877e5858ad0abbd562828d26d3dfa707ca92a1276cbd1312c4c23bcff396a\"","tt-global-state":""}
VM37:1 —————-
undefined
