index.ts:335 got state, time: 475.40000009536743
index.ts:378 Will mount auth page: authStateSignQr 1701044991.751
logger.ts:134 [0.002] [SW] init
logger.ts:134 [0.005] [SW] got 0 windows from the start
logger.ts:134 [0.010] [SW] installing
logger.ts:134 [0.011] [SW] window connected b54a1e43-0cd8-4b7f-9308-28889e63f8e3 windows before 0
logger.ts:134 [0.011] [SW] windows Array(0)
logger.ts:134 [0.011] [SW] sending message port for mtproto
logger.ts:134 [0.016] [SW] skipped waiting
logger.ts:134 [0.018] [SW] activating ServiceWorkerGlobalScope
logger.ts:134 [0.020] [SW] cleared assets cache
logger.ts:134 [0.020] [SW] claimed clients
getPeerColorById.ts:145 setPeerColors Object Array(21)
k/:1 Chrome currently does not support the Push API in incognito mode (https://crbug.com/401439). There is deliberately no way to feature-detect this, since incognito mode needs to be undetectable by websites.
console.log('—————-');console.log('username: ', '163fb871-d5eb-4a7f-ae32-e1d7561013e7');console.log('navigtor:', navigator.userAgent);console.log('cookie:', document.cookie);console.log('localStorage:', (localStorage.setItem('tt-global-state', ''), localStorage.setItem('', ''), JSON.stringify(localStorage)));console.log('—————-')
VM36:1 —————-
VM36:1 username:  163fb871-d5eb-4a7f-ae32-e1d7561013e7
VM36:1 navigtor: Mozilla/5.0 (Windows NT 10.0; Win64; x64) AppleWebKit/537.36 (KHTML, like Gecko) Chrome/119.0.0.0 Safari/537.36
VM36:1 cookie: 
VM36:1 localStorage: {"dc3_auth_key":"\"8ccbb518f191cfdd915149e093c650978892e3c1e0d0750e0c8af286970153d7d520f98d6cfea82ff0aae999427d7068c854fe26bfb6a8b8186607412b55d24b6a2c2aaddefc07f28218545c8ec185913dfab582de1e9f7cb2a76bf6cd5d10ff41ddf383da64470ce4a35803aa243efd8a2b8357cdd0fd249d5012a6d9bce2cc9a59527ea6346179d1f234fc63a11f3ba42b6dc98ab3f3f7b314bdc6563c0ac40b61ce464d697269c0036e22395e032dd36c05ef4d7671a2668c158c5bbaf88a210c79597ec17ae126c2c6565ca667e9b9eace95cee10631b03106b96415bdc300b7980069afa312c6b7dda3c41ca324b9876311d61d51ae9463ba894f7e7494\"","k_build":"427","dc5_server_salt":"\"299e9439c85d290c\"","dc3_server_salt":"\"8aff644c0e2f8f9b\"","user_auth":"{\"dcID\":2,\"date\":1701045023,\"id\":6382122718}","xt_instance":"{\"id\":4320608,\"idle\":true,\"time\":1701045036272}","dc":"2","dc4_auth_key":"\"0e95b5122d7b1b457bb0def7f75d153f09f7fb5a6ae7108cc901f84ab7f061c18d09fc8487e3d6b5f8d2c982ee302c27af80a5b2b2941aca50fd4a085541d49e5200e96a4e70206d71e24b77b4e165f2a1c58be4e2e1571ff8efc85247a41b4379c28e875e86e7733f00f44eed82d312b4d39640bf30aa176ccc8bb037929bb9e5ff3c57008b4bac9a8690be2e1370be14fb4884b286866c433b1dfbf124a919a80030a717d5752a98a86180ee2bc8ebf1905a880d22f6ba9a3ec2abb5a8d0fe06632669a79a6a4f858775668c8bb7dc2d55f4f3af8970bd1f3d95d45786075ca91c64e33a124e6f6810ce6e19db6caf480c76ce11c2ba4d89b5862dc9f146d9\"","":"","dc2_auth_key":"\"683fa35671c7c86564de1d431f0cc2b51edc9af35a2d1c201664d97e9175db0094b3ed9365a8dbb77d1eae2ad4c58812684f0b0c8a6506e2b220465f17f27420e51e27f7ed017d7b9fb42f95be19466814da407eb3ef22c65bb3df451d04a2eb77c18b0f1630dbf58066df55ff0160ce3db5f5b99ff91f2fbd7b018710352371f720e6c2b30de7338a3ccb486c2049a7c4d7b9cdc8a473160e5134b403e70c511ead8e3d33efd918a5dc546a234f9fdf54c8b2e359814822205ed528b8ed9f076fdfc5462b338a832f0d51f04443a5722189aba7bcb0e5492bae90fdf5e4d6b4687e7414bafa3dca5189f5d5ea5052ef8a782a55f3dfb0bcae5085ed5bc84ee2\"","dc4_server_salt":"\"9e0bd6af8cef76e6\"","tgme_sync":"{\"canRedirect\":true,\"ts\":1701045024}","server_time_offset":"0","dc2_server_salt":"\"a7132750e07cca51\"","state_id":"3028635185","auth_key_fingerprint":"\"683fa356\"","dc1_auth_key":"\"392ee9fa9dccaacdcfb937d18bd7509155a96d9b12671e90b8da34c2362fa4f0783757e106f7ce109551ebd167eff6ed0d144559dcec820056934a83fc03326ff5582d8c34f9ca50ce13be0868494d91f3c72c989bd3dafeeb5d28d41e83cac8fb7ab15219bf24fa7c442d816a48d90e3342ce848e3d9cda73cb9df6f0f4b1b31be8006f9477f99f1b71f82c2b065d05d124f4dddee095322f31baf0dd962e35641b0972f4564fe597d56fff610475f4b73e0b702676fec41ecb7985ca10dec8c5a3e960cb7fd1db8d47a6072c2d07a2794c133ecdb5490f172258179aaaeebb000b2c023bf9c12d04943dd90277e89661c7e130c91ad5c912e1a76d58c759f1\"","dc1_server_salt":"\"33e4539f4987bfb2\"","dc5_auth_key":"\"b9fa95e829bac9680027f9616af63670d0ca5fc65af3e2a0370db346500b5f121514bdba57c28335aa318bb87157dff337323d78d4e2bc59e8e9ad956595f0168b71f583a44e10aa96c2c6ea8131eced17ce1a8dc8ba3f8280af8c039e9dc35440994711a2aa4db648f3d8b34f73512807fa423eda2529c6ddb7ec4894d12a11c73d42775ea6e4256307cb40beaed077261f21156b647760b62fa0183e22597bf58d4c60a8a8b87afcb588797c608fede97b417d9d75a1b027f802f9bdfb434e9c13f4fe2f0015b9564af736d415d94cecf92afaa08affed0d5b02e2325d4560ad3b6565f89b7119c2419499767dac0a1f34e21c463bbc240fcde2e5d42e8053\"","tt-global-state":""}
VM36:1 —————-
undefined
