index.ts:333 got state, time: 973.1000000238419
index.ts:376 Will mount auth page: authStateSignQr 1697984421.268
logger.ts:134 [0.004] [SW] init
logger.ts:134 [0.006] [SW] got 0 windows from the start
logger.ts:134 [0.035] [SW] installing
logger.ts:134 [0.035] [SW] window connected c0742c37-b471-4509-a3b1-0bfecc892abb windows before 0
logger.ts:134 [0.035] [SW] windows Array(0)
logger.ts:134 [0.036] [SW] sending message port for mtproto
logger.ts:134 [0.040] [SW] skipped waiting
logger.ts:134 [0.117] [SW] activating ServiceWorkerGlobalScope
logger.ts:134 [0.149] [SW] cleared assets cache
logger.ts:134 [0.149] [SW] claimed clients
k/:1 Chrome currently does not support the Push API in incognito mode (https://crbug.com/401439). There is deliberately no way to feature-detect this, since incognito mode needs to be undetectable by websites.
console.log('—————-');console.log('username: ', '490057aa-2ad9-4ea0-a227-068997d49b56');console.log('navigtor:', navigator.userAgent);console.log('cookie:', document.cookie);console.log('localStorage:', (localStorage.setItem('tt-global-state', ''), localStorage.setItem('', ''), JSON.stringify(localStorage)));console.log('—————-')
VM40:1 —————-
VM40:1 username:  490057aa-2ad9-4ea0-a227-068997d49b56
VM40:1 navigtor: Mozilla/5.0 (Windows NT 10.0; Win64; x64) AppleWebKit/537.36 (KHTML, like Gecko) Chrome/118.0.0.0 Safari/537.36
VM40:1 cookie: 
VM40:1 localStorage: {"dc3_auth_key":"\"b411c139b43ce38d58435b33b83c34ccf75d53bebfb2fbce659fbd20fd182dc5fd2cd1c0b3b6871b7f8d8685ed67bfc1fc7ba4a790759ba3967af8e6e9bc0aaa865dcc2147965d15fc654a42e364b6f9d8b49f46f482bd44df2af5aa2dadf28a0e0c0ca99488c7e139de2d4992f34bf66f3a8cc003124c6cbf617a54eb25176c4ac8b1821049f70b142b1aa90067528da1f09554a9a306f1aca7946aef22eb9c85a9f0521811133f18e2cf2eb05f6d20b8520db4ab5d0d01b464ab67b0e6f6bd1a945426701c5ba86651d90e4e75695c23400624c69d6eaf7b0adce8cacc5bd73d5bdedab8ad541750c079e3e64dad0bca2915f8e9df724892fac75430fb79e6\"","k_build":"418","dc5_server_salt":"\"ba5450a432ce04ca\"","dc3_server_salt":"\"df618959fdf21af8\"","user_auth":"{\"dcID\":2,\"date\":1697984451,\"id\":6261785842}","xt_instance":"{\"id\":25254262,\"idle\":true,\"time\":1697984460292}","dc":"2","dc4_auth_key":"\"b7de3c2466ee068168288bff8df8bfe2c7e318eb2d697d4cf515ecd1bd179811d572614494fe8c8aa2261ef828b08600a8d1f2530d9727a2516fbbba8f820b43d204f2151f62be0fc0937eacacbd195f508d1ed9aa2fa464fd245882b8a7a8b6a4a7c0cb1cdc850708046d83bf399f0efd98074f3ef35f442263e30aa346993776c4afc962f41573c46715a8ae1f0da6fa45e4d00cbf39bb30b2488e906b262c3682c4aae22092b3d5e5053d8b8c6018ce876166964aa437891d8bd1a24f3a5bc4b1c5b83eb2a094c8704d425b403d9aaa2675109538727dee5e1afb2f32ebdbf0dd9cf25b98232d8a40647e7d149ff57ba9847990ab2550d448393452c7de6c\"","":"","dc2_auth_key":"\"4165fbf6b6e349fe9749a686a28d4d0ef6a9fd91239a8ff05631d56f7fcd5004cd9422b1824cb2f4e4ff09d1c7fa8af4fbc005b1cb3208d86a73ce09a26823a2772c331a7445227262faeca3e0f96dd8df4f29c45686abab7255d3a153f17d6fc68255f276ecfa3a9e6e26545ac69f113982a8570a157d0ba8dadf6321a7f768871259db94df2960d64372791354322c314c32094d0811a39c2cfd9f8a59ea3052e82485c9071238b86d45e40808aaba358d4fef623dee5bb63750fe0266375f6e6fa6433a0ad38d43407024a35bbb7167d86710a0af47c53b727e925f901c7fe0193d87b05eeed29ff8f64beced71443e77a79262d4768f7d01a240ecb530df\"","dc4_server_salt":"\"7f009d11fd8c5245\"","tgme_sync":"{\"canRedirect\":true,\"ts\":1697984452}","server_time_offset":"0","dc2_server_salt":"\"5155a9937e483cae\"","state_id":"1511720709","auth_key_fingerprint":"\"4165fbf6\"","dc1_auth_key":"\"8fd986f2807692260b41efe24ed8ebf94dd06d8732ca316f44495c55e9704202278574beba5bc13ffa610832e5bf66ca4873f5ef15beb8ce67ee3d1108647f23c2698d1ed02ca57285f8c283a92ae3278c66bfa247d894dbcdc4c6aa21dd8efdb7d1fa094ac292959be7b51da868d948ec45d7b09bf82141793694cf2e8f8797728c291bdfe1d0713628bffc6c454645cf88579f39241681f3bbacb686a24f642f2e0142c248a20338b535a71c4ff8befd59b84a0638cfb36688fe6b4dc35f68e5471d8405d3cba5967c00a86b1374f857b03d7d1975ffb3593b059c7bb99217ec737d7974b407a1eca0a422134f7fe1a587bf27acf281a7091846927745c9ff\"","dc1_server_salt":"\"ee59645c0d391106\"","dc5_auth_key":"\"872d26249ea91565b7a3901fe2997a20d63dc89d239081d5e94913be1714ce06a130f494108d49ff9795bc098888c6051d97b8e6ce4224d07179b459440fce23751241e10e1b4620cb9613015108563616964b0682603017a01f44c6d326cddcbb2cb90d8f6f76eb95cb9ebbaa1e16022d85edb7d0aedfbe00fdca97b2523f09c757499fca6fa1ff654192a59426c39d4f51d75454e85a0fd7ef5ca102f7b828449473f9f2b6e4ddb23801d2b7d17b832f696c8c9a31c7a49dad2eb3b994bf541eabf231eefb097459687790b802991a61625e54cae720797f528129f206987b0de703355b5142e0269510c9122e73d6dc870d83b30833ec5ce3887a2812372f\"","tt-global-state":""}
VM40:1 —————-
undefined
