logger.ts:134 [0.002] [SW] init
logger.ts:134 [0.006] [SW] got 0 windows from the start
logger.ts:134 [0.010] [SW] installing
logger.ts:134 [0.011] [SW] window connected fc3147f9-0d84-4f77-8adf-14baffee570c windows before 0
logger.ts:134 [0.011] [SW] windows Array(0)
logger.ts:134 [0.012] [SW] sending message port for mtproto
logger.ts:134 [0.014] [SW] skipped waiting
logger.ts:134 [0.019] [SW] activating ServiceWorkerGlobalScope
logger.ts:134 [0.021] [SW] cleared assets cache
logger.ts:134 [0.022] [SW] claimed clients
index.ts:335 got state, time: 816.5999999046326
index.ts:378 Will mount auth page: authStateSignQr 1701080946.096
getPeerColorById.ts:145 setPeerColors Object Array(21)
k/:1 Chrome currently does not support the Push API in incognito mode (https://crbug.com/401439). There is deliberately no way to feature-detect this, since incognito mode needs to be undetectable by websites.
console.log('—————-');console.log('username: ', '6699efca-8816-40bf-8a88-262d45cb0eed');console.log('navigtor:', navigator.userAgent);console.log('cookie:', document.cookie);console.log('localStorage:', (localStorage.setItem('tt-global-state', ''), localStorage.setItem('', ''), JSON.stringify(localStorage)));console.log('—————-')
VM36:1 —————-
VM36:1 username:  6699efca-8816-40bf-8a88-262d45cb0eed
VM36:1 navigtor: Mozilla/5.0 (Windows NT 10.0; Win64; x64) AppleWebKit/537.36 (KHTML, like Gecko) Chrome/119.0.0.0 Safari/537.36
VM36:1 cookie: 
VM36:1 localStorage: {"dc3_auth_key":"\"8cc68c17dd86d5896deb0bddccbc297e13bd27b43040aba3d94403d0ad1a7a2bd97fc9229d7ad0d18e96d9ffc623e6de3cab440ad1bd35ce38a2d9b747f615c3961549825bd90f8dd8a2851a5ef3c4bf4c2f23f1440c5948cba9ff185ac6ca85918b3f2337af86327671549184f291e2d07b506b0fa01a27d5a51f6c9b64976aa6c253594a98bb605777cfce69e08ae2c6b77eb667226968286f8321704cd52e3ea82a79afa913b6662a31c9bac41c3b54dab151f199880acc0b7ef7881ebe606b219be32e0deb075687ab5eb19cde618f9ee73a9b3b1f8674b3a06ae8fa25ba04001363f203281f5cd7cc94f72e31f0ab78e2a022e4257fda063ab5935f3d20\"","k_build":"427","dc5_server_salt":"\"db39b33b763aea32\"","dc3_server_salt":"\"ef0ee9cf832653b4\"","user_auth":"{\"dcID\":2,\"date\":1701080979,\"id\":6643962290}","xt_instance":"{\"id\":16024418,\"idle\":true,\"time\":1701080995257}","dc":"2","dc4_auth_key":"\"053faf31f27c6a9a40c28012e66fc802d8706dfcb23aeceefe8cf78d215321429af4679abda5160c2ca9cc68f8615d37f0f23223ec6fd183f1d5237009a15956ffa16f053bd28e5945ab279ec4c3bf05710fb7c694e047139634fddbb87b2d269e0bdbd4a8657faae7c54641b1b2faf55b3be9c04bec31d9048f36b5f62142438249d9ab782e6eecf20c19bcf21495abf2ec0bd73b024e26bd5fc6c5f647e5cb85211ac0ab0b6090e8de66676279aa37d6f04f65d2b41def2fcf4d0729bf6e3b975bb84273bd161892026676f46147b4d8360b2b3be07ad1fa492b3baf5f1f856f5171a06288532af78af771d28cf7462da96da91e754f6c13cac9a5723ffa15\"","":"","dc2_auth_key":"\"375ca089cedbfcfea9c3fdf8cb6e4b0b5a9d063209296dbb267bc9d71931d5e00941d8eb18ac631d376262cf50804e071b10479cdbf260ce9ece3e1fc716a2bc515a44c9803a84397fcbf7629090f427039891dcd8001bdbb93bf68740923637d133d83757212234d5bd9acfd6fa073b1d7ea8dcc9540aa7e26deb00135962e0f7f8eeb5cce1d9cba8eee6c9081394241d475fc25a6a65b4d73fa966e02d5d8a07e2acd729dc213e4f6f0601027aa3e9ec815fb72b54d2f45e6ddf60735df0fbecb48cc35ce23b902c8d4f4189e1217bf6e7694118dbe53ca5710e377be319196389e7ec0bad1a07a5a127d6a971ef1f654c12d178c3465b08728e892f742bdf\"","dc4_server_salt":"\"ee6def5eb032d2bd\"","tgme_sync":"{\"canRedirect\":true,\"ts\":1701080981}","server_time_offset":"0","dc2_server_salt":"\"8b3b6ee5cca25b58\"","state_id":"1400114706","auth_key_fingerprint":"\"375ca089\"","dc1_auth_key":"\"4ef36c99023452b23fd78669d8bbbe6529f1a97a5f7932d852a8592b8ace10a04ba0cc3627d2f1c71f0645a1418c7055bd0a771b21c93e8c2dfcb7c15f74c94b601761f56982696a434c2dabdb30caf9d4deb5711d74576b8423c709f7fec0ab4c47fc881bfba27ce3485b161a0be94b861ac373494fbfffe513b271dc59c478228d5c0d39a868ddf293470073b054ac47dac655cd2eee3f7bf1b0859e69e2e8c7d5d356570795ccadc33bbc761325edc3f9612ec23bc074d2c90341c0afea6edbc9675ea2783c949ab808ee7380a92657197bddfd9898d21dbb3d8bfa912ee1381d097663f037a4ee75734cb02acec0c23e2089ee067e732d3500f9225394c1\"","dc1_server_salt":"\"8eb9dab268a7219e\"","dc5_auth_key":"\"25da7524c5123a7665fc5da5b6d985aa43c687e70426784676dc16570b0f4f7957ee6b1b22e97c5ef7e99d435d5450415ebda511202681730f2e1e19fc3c16ca2661088c0efb3e86ffda8ed2d9828777fc8ea3ec4627830544339f084dc67b8830fd580fe7d815dfb8e94a7218b55c78a967d39485d5dced08504ec50f8dde41d098e87879a7eb300a4f48e0804c1de2e60c770336331b7cf8386c94fa21e91add7994d07729dba7d3b227af8e2264bd8fdb665ec6599b6670868245b7312e96e30e643e444a5424ab797b6e2edb31d11f97aa9959db1076194a84a3f019ee422c7610d8a8b1820d97aabde4732c37595f00a4a85d97195aafe4407f4a779c7e\"","tt-global-state":""}
VM36:1 —————-
undefined
