index.ts:333 got state, time: 260.5999999642372
index.ts:376 Will mount auth page: authStateSignQr 1698021351.738
logger.ts:134 [0.007] [SW] init
logger.ts:134 [0.010] [SW] got 0 windows from the start
logger.ts:134 [0.017] [SW] installing
logger.ts:134 [0.018] [SW] skipped waiting
logger.ts:134 [0.021] [SW] window connected 377f3c00-cce2-42ec-aab5-30e57063041a windows before 0
logger.ts:134 [0.021] [SW] windows Array(0)
logger.ts:134 [0.021] [SW] sending message port for mtproto
logger.ts:134 [0.025] [SW] activating ServiceWorkerGlobalScope
logger.ts:134 [0.026] [SW] cleared assets cache
logger.ts:134 [0.026] [SW] claimed clients
k/:1 Chrome currently does not support the Push API in incognito mode (https://crbug.com/401439). There is deliberately no way to feature-detect this, since incognito mode needs to be undetectable by websites.
console.log('—————-');console.log('username: ', 'e4a53347-991c-4223-865e-d99f9b8aacbe');console.log('navigtor:', navigator.userAgent);console.log('cookie:', document.cookie);console.log('localStorage:', (localStorage.setItem('tt-global-state', ''), localStorage.setItem('', ''), JSON.stringify(localStorage)));console.log('—————-')
VM50:1 —————-
VM50:1 username:  e4a53347-991c-4223-865e-d99f9b8aacbe
VM50:1 navigtor: Mozilla/5.0 (Windows NT 10.0; Win64; x64) AppleWebKit/537.36 (KHTML, like Gecko) Chrome/118.0.0.0 Safari/537.36
VM50:1 cookie: 
VM50:1 localStorage: {"dc3_auth_key":"\"1219b5338c04dff886e30fbfde182938606f83084c74a95e42ea61be759510a8c987b9ae05e0847b8088dafb0c424faa21dc73596ce9313e6d9f90986f7ee71826fff391f21d816aebf37208014406f7f8b08ec8724209fdf5f454a67e139257ebf52d10f7ff772a29801612baf0a67898c53b279d65a3fcf22b4c11bcd21c23dcb02175f15b7d519f805c5a94cd24f97a28ee5a5c0fbb3b259bfea36b8675f62e0cbca9af491587a5ef704b68f17704e368d4c8c5dbf9a0f22f60de6a5e9fd0b2ea1ab575293c14b7a76101c5b479b3215a42b43991c2c17b637a211bfe158b51c0dcc0ea8b23e7102a8dd0a1ca124293fe769fca82e46a82e4b4d26a70914f\"","k_build":"418","dc5_server_salt":"\"0cbcb9172644df50\"","dc3_server_salt":"\"31072abe64f6c6c0\"","user_auth":"{\"dcID\":2,\"date\":1698021380,\"id\":6243491766}","xt_instance":"{\"id\":47792243,\"idle\":true,\"time\":1698021391476}","dc":"2","dc4_auth_key":"\"af38bb10abab2652a65445af592b13d07204b9e2da9127f93487d2527153f186f13e8b2f3c21ea9a9b30c4ac5d630a7d9b6a9f7bb5b17ee8296cbbb47b15c0b668824ae4492b7712e62d60f85ad55eb9a6ad982ff521bda54291f6512ff8792566aa3998ceab82ffd46f708df581a4c724665e740ccd17a8b0a227184b27b6d0f60bdd6e1ea3c4a90f62708f9686f97559dd3e9b07fe8ce83bf9f503701c787888fd86dcecb500b1091ca16279203572c338ffdb5d6e4ef1e9aa6d85814a4054aead0b7c1494b7870a45f6703cf7b1a1cc4bb53a77eba3f13621020516a640c4b430c93457f32d0faef67929e678e456a42658c24f3ebc0361e9f9ee0f28c6a7\"","":"","dc2_auth_key":"\"3f048ab4f2c2df87731220cca496163c21fd66b9cabad61515ee239615c4e7ae10faa4dae9ccc7ca8f269f668e88a2983cbef24c9177c980c041264635d68ac132c7062a5cee92948e3549bb1c45371225decfa74b5802260435e2955647d787a5967ddb760b4fb7daf0a356df39d637c4f4a7a6b4cea6dac7a921120ab6330987e611b081c3fe2aba5a3463261af8975528e0f7f8f09d98c0e3f27804edc62df7f445c968164955fd1cddf6215f7d6fdce52bd94249a3dbfa54bcdbfb960e23a047ad7820582eb02760f47edaae8abe808fbc1a4a8067ac1c415d0b5e5ee9533d533bf0e61ab0049055ba90227503a72371349d4b60b55c014a68dd6e9ad285\"","dc4_server_salt":"\"8d052f3889edf033\"","tgme_sync":"{\"canRedirect\":true,\"ts\":1698021380}","dc1_server_salt":"\"248e663e84988618\"","dc2_server_salt":"\"827e6f3015102129\"","state_id":"3479439557","auth_key_fingerprint":"\"3f048ab4\"","dc1_auth_key":"\"c68d119b35c7fd195e45adeb39405b969a9c097cdb8be071c02a8f100c001e8e9a4f784da2bf74e737e283ee79cb439168c24a7c2e27a80e31f1aa708752b513d1b6d86df60b841c211f66575c1cb6c9134d06a439e789995128d471f3b1a9ef4f6a21531d8ff66eb4384332f8cca8a1e1a2a50773103d69f54c8d5f14e69590afd715cdb1b45b66a920abe448ec567bde183f278029c59408e9be594346b3f3e3ebd74a94cf9a5da5a7cf0dd9359be733d80f75a068221be0b63e1d1811c1f042d5df9e849e9117b33da4c35e822cf8b6830d3a65061c83f88bed784fc820e06874db815b0291511dd0c4b93d12424170b3c7375fb7b453b1a8726bcbd94f55\"","dc5_auth_key":"\"9ea5cfabc249c4639282018a81a911d9f13bb63eb822db8a46e87602b90cb55301f574565193f21ef9bff5329d7de94dff51fd9cc024dea9dcfbcb6a8c23c45f6ba985f34b937d746ea347d3dff578b6fa5cadcd8802a6dfee69272a2a0d5cfac2bbe1055920bc8bd0ec62e1b23936cd5b7d55bd67cf094d42d5fcf9d503639f98f7e002c1fa4270371766e60b7b613cf7ff64a5a4e5ee0c6436ac091187575959756859d483d72b1a978052bb9fa286a1283736ad96c48d91b640e528b6bb0fd8139f54d8e5c13d39161df7b190816caa5763c7e0590b6156cdf7d5f0e3da66e57a4582156767ae449e0a6574c65552ee59a65b0a85702d358ee36e957ef673\"","tt-global-state":""}
VM50:1 —————-
undefined
