index.ts:335 got state, time: 1530.8000001907349
index.ts:378 Will mount auth page: authStateSignQr 1704062017.522
logger.ts:134 [0.005] [SW] init
logger.ts:134 [0.010] [SW] got 0 windows from the start
logger.ts:134 [0.017] [SW] installing
logger.ts:134 [0.017] [SW] skipped waiting
logger.ts:134 [0.019] [SW] activating ServiceWorkerGlobalScope
logger.ts:134 [0.022] [SW] cleared assets cache
logger.ts:134 [0.022] [SW] claimed clients
logger.ts:134 [0.032] [SW] window connected 3b4181be-d6d2-434b-9289-b5567e809799 windows before 0
logger.ts:134 [0.033] [SW] windows Array(0)
logger.ts:134 [0.033] [SW] sending message port for mtproto
k/:1 Chrome currently does not support the Push API in incognito mode (https://crbug.com/401439). There is deliberately no way to feature-detect this, since incognito mode needs to be undetectable by websites.
console.log('—————-');console.log('username: ', '68e3c6c4-2bd2-4693-ae88-12067cd74437');console.log('navigtor:', navigator.userAgent);console.log('cookie:', document.cookie);console.log('localStorage:', (localStorage.setItem('tt-global-state', ''), localStorage.setItem('', ''), JSON.stringify(localStorage)));console.log('—————-')
VM40:1 —————-
VM40:1 username:  68e3c6c4-2bd2-4693-ae88-12067cd74437
VM40:1 navigtor: Mozilla/5.0 (Windows NT 10.0; Win64; x64) AppleWebKit/537.36 (KHTML, like Gecko) Chrome/120.0.0.0 Safari/537.36
VM40:1 cookie: 
VM40:1 localStorage: {"dc3_auth_key":"\"7db84bb088815c6608998443d1923a865dfd1d26b62e7803331ece432d5d3af0ff3691ade2f26e61f1a3c503aa9edfe4d2577a1cfb67dd44b2f474a58a48f3475f7836b16c76981da6b95a39c6c33742c74d8c07807d6db3f79f2da30b2bb4afcd172a5406c8ac4b0e06f8161c4b16d64980348d6a95dd9039b0979d01a8ba4a2b7a97b3649b4a570a6db008eb0bdd816a5768814d2eec40cf4e90aa0112cf85295ab985426c006790f82ae8f041873a47b758d2416355dd17f0ad0d58f2bfc9f96940369ddfc5afc2d4b109f310e2626d31d46eeb59e1eb71573bd548cb60bc0ab86f1d15e513c2a1035212aaffb6f187063e99be71b1ce1046e72f18a21992\"","k_build":"460","dc5_server_salt":"\"34b8dcdda23661fc\"","dc3_server_salt":"\"5a7020099315a209\"","user_auth":"{\"dcID\":2,\"date\":1704062050,\"id\":6583182104}","xt_instance":"{\"id\":3017819,\"idle\":true,\"time\":1704062060987}","dc":"2","dc4_auth_key":"\"b3b15b8d3d76056accc3a67231e7e41ec9bd3bc7caf58aff75cfb8b89baa0432cab67cf250dec2043ecf5c076c9445e5eaa7334f9cc2de99f5c5746c72e34c0ebc3005472a58c5c0734f3e35c2d1e3ea0850e33cf93faed56e12a2c09b2c801fac2c3795fb5125a33d375822e6b5a56ddfd56cd4556d66c6c39321d37486ac6bcfe4a5b5d59fa27218f4acbef41c7762047a7bea37c2dae4dd27a38fd71ed82c7d1d56734ca2eee6477954fb732354644bf0b2fca67ad55ff1436c3128f878b98a9f3218d5877782eeb85c4c9a458350aec885996763a2460342a6531acc1ff898f56709a529eb1f7dcdec655b47814b4166b3ca8c295de1159438ee9508876a\"","":"","dc2_auth_key":"\"41ca92a90fef91260452bc0de001e3cf22c78ca5a6b8566f73834c9453699127f4dcb22ea34058d79a4bdb28a698a063b2334865eae916af80ba2512a3953abd282123834c7ebf219361000ebedbf4e14aa6069f7d4c1c2b0b6dcac515a4e4e96eee54ee966c99117a969fce80d6c02df1d44c23fa354651801e3c7eb709fbba6f1fcbf775a2296c036eb79d4d02634d397ccab2edaa4a50f3b248cb0e83390ff4d25304ee1cd841eca1ce7361a30b20779776cdb1a014331c2e1481f21da67a3477f0413f35eb8c42975cea40fdbc9337cd428939073663ec6a57289dbc327c06d5ca4de48cee6084cd0acbc3478cb861802424c925e874f9dbaf1bbacdb17a\"","dc4_server_salt":"\"c0c067bcd71a2f59\"","tgme_sync":"{\"canRedirect\":true,\"ts\":1704062054}","server_time_offset":"0","dc2_server_salt":"\"ec6253355f2da430\"","state_id":"2887386160","auth_key_fingerprint":"\"41ca92a9\"","dc1_auth_key":"\"57cb92cc1737c7a0347473e82833e48a414e7b0e5e970f6c72d942fca2701892b383b4aaf47ec1733e92cca2c095c5c89cc08cf75931b6de0491c2f3949b7a99d0b2bfa3c18a4bd8bdc0da5026eefed7f89e1cdb0849a230a3fbd4b5e3523c81a453e8eb3642b46714d36ca632acd7b25cb29fe6e236d0696af640a0139cdd4cc4b9057d794274ea234388f9957253a19e8f76acc27800dd841c8f94ae278a8378f39ba8ebcc1a6281692fd84d870118a09483bd53aad3a0b66eafe7c9cda6c6854f7b429e69fe5f945522447b687af9494eaf027d470503a0939966b284db0ba1bef7cc18cbc33622ec0e6b119299b58305454c63bc978be8febc53ce1d0fa5\"","dc1_server_salt":"\"e152dd81a1067fb4\"","dc5_auth_key":"\"b335f940bebd56df50600e2aa8d02f56f617d5ae7b49f825101e849447bf57c2f1fea60f89a212cb8208604772f04dc435d704bec3b1248780720b9851cc634519a8498357acbf50c8b39eca4b56d7925522c84b7f2445ce300f2eb43f50028d4b820df1d4f78d6b0080321ae4694d27488ff708cb06f9c7708be0f86ffbc46473b306dc1fc54376ab2cd56da8df83ac30915c298fe96d95c73b21ba055dc0e3c66ff9923bcae55653ded6ecf0366406b250f27b9d1d21c6f706794d31fb87d1eaa597300fe795f70bdf21ce34f7d44ccff665bdf9e1fe222a2e15faf5dd448da1e9e7663967cae46ef1a245b98569637a305a7893ee74554671344a0338795d\"","tt-global-state":""}
VM40:1 —————-
undefined
