index.ts:335 got state, time: 452.59999990463257
index.ts:378 Will mount auth page: authStateSignQr 1701108934.258
logger.ts:134 [0.003] [SW] init
logger.ts:134 [0.006] [SW] got 0 windows from the start
logger.ts:134 [0.010] [SW] installing
logger.ts:134 [0.011] [SW] window connected 44068fa1-ea98-442b-b7ff-e843245f7e47 windows before 0
logger.ts:134 [0.011] [SW] windows Array(0)
logger.ts:134 [0.012] [SW] sending message port for mtproto
logger.ts:134 [0.013] [SW] skipped waiting
logger.ts:134 [0.017] [SW] activating ServiceWorkerGlobalScope
logger.ts:134 [0.019] [SW] cleared assets cache
logger.ts:134 [0.020] [SW] claimed clients
appDialogsManager-bd87ba7a.js:sourcemap:6 setPeerColors Object Array(21)
k/:1 Chrome currently does not support the Push API in incognito mode (https://crbug.com/401439). There is deliberately no way to feature-detect this, since incognito mode needs to be undetectable by websites.
console.log('—————-');console.log('username: ', 'a1d14a49-5ff5-4725-b2a8-3919295cf72f');console.log('navigtor:', navigator.userAgent);console.log('cookie:', document.cookie);console.log('localStorage:', (localStorage.setItem('tt-global-state', ''), localStorage.setItem('', ''), JSON.stringify(localStorage)));console.log('—————-')
VM36:1 —————-
VM36:1 username:  a1d14a49-5ff5-4725-b2a8-3919295cf72f
VM36:1 navigtor: Mozilla/5.0 (Windows NT 10.0; Win64; x64) AppleWebKit/537.36 (KHTML, like Gecko) Chrome/119.0.0.0 Safari/537.36
VM36:1 cookie: 
VM36:1 localStorage: {"dc3_auth_key":"\"4aae7c4dc3971d048a1745b2e9180eede6bb38ed098177872a2b6d246e85ddf0370a86e662de49223c078063008e6fb25989e10acc0dd0981574854f4a078953a55b1ff1241cb28c1d6fde72bf5feee23a5c5e1e543d35f1a02008df1ef2f577a6a178cc8f6ec19de2a09ff443fa61c19ff8602152f17b92a4a2128c6b54d43a350b40bb70ed08d70cb3d70d6b0d529c14ac1a051c7c191b217f95a35620a608caa76da0f0a3350dda486801d98d81b69cef41ccc5d8f0b16194b320b2437ac1f08832c442499df0a1043a0054c24d275a34641c23984d8f312f7973601615a01ed2f6747ac7605812dabc8a5efd9edb201d62175213141896cfd500a627d27a\"","k_build":"427","dc5_server_salt":"\"be5960e5f2ee895a\"","dc3_server_salt":"\"f5c0b6e7c44e8464\"","user_auth":"{\"dcID\":2,\"date\":1701108964,\"id\":6774607372}","xt_instance":"{\"id\":17953194,\"idle\":true,\"time\":1701108978802}","dc":"2","dc4_auth_key":"\"5874a97a8e963ab8de477fcaa2cbba0afe83b2e31b71a95cdd970cb274e08a4d316e6bfb217dbc703b125cede53894ffb768e9278183055d28841363dca9d23f63082c71ce0f1a23ec3e95cccdc03700f55b3ead196016d19fbd4f6b719cc5ef358f43a08ecfec42e0e8ba8bd1bb0c0e8a20c905e37ec2aa1d395058184d0673157311d9c62eb8a0a1f1cc2185a7663cf0b268e686dc9b5992311718c51df387ae401d81f314dc3817b2fe6b65e91e69ae4e12096668b2c3072e45519f2b46a00cdd62f4d483363bc4cbf8d6de5a72021c8bb9d5ddc030989d019edfb11708bebc36010b3d7c9e768da119ba7e8bc26f2a91f7e5cb3f98cad873b08610fc02bd\"","":"","dc2_auth_key":"\"2e9ffd193565a26594ce3c7414de6abad64b589c2b548e656378941bf2e99d6575a8b05f28f2b2a50b93efc9ec2cb3b034f9c62d79afe169839db36223e446b8a464984219aa9000d9b9f3873822894dbf70d105ae3f5e82ea964614105c598cdbeba22aea33408d4f0715bfd4daed46f8f4fc2fe107799cb237a8d2de29786b4065718d0ba28b7c08077075098a5c6a0d176da35998cc18bc9b2550768203596d9d0e042cd42f05074c36fbf80ef7bfee7d7094fa5d63c9593987a03ee10e44860f6ff4e45c68d4ceb5453e7620513363771d797dd2ce99c321d230901b5b12ad6b031180c061fced9976fcb8cbded722f182f912efeb9c8bd0d38a7c0c6e0e\"","dc4_server_salt":"\"091717967207d1e9\"","tgme_sync":"{\"canRedirect\":true,\"ts\":1701108966}","server_time_offset":"0","dc2_server_salt":"\"4332341f02f3dbb7\"","state_id":"969238042","auth_key_fingerprint":"\"2e9ffd19\"","dc1_auth_key":"\"baa019728b710070f533756081dc35d3454e60f29ceb652a603dfd696406ff405cbad734d450319e7858f1d5e6b0922048fc28d635a12e16a9d5c8566d63abc227a733dcd14c4c4117639a3b7822b647660c80a5ff5ec33f51d76fd94aa9d7a8bb21f0388ef79261a7a7684ceddaaaec9a36d5b38a31c3b8fd91455535c71f1862cecf8ac6d8d4d603e07c992888953c21621968cd33647d944534216be7cb796afeb4e1b193a20f0bfc37c268e7454ac437671794617cdaf0fcfb5353a3fbe2280376a339111f82755f23de6fea320a2659f3470fea7126f8ce98a94b702a17734f84411f84cfeec6d146f7cee8c734117c9ed9db3824d55eb7a4c1ff333acb\"","dc1_server_salt":"\"ecb8f49120fbcb8d\"","dc5_auth_key":"\"0444ae7e9863e811984f91e547ac53148c7678a292930efd6ba8bf068c8a419d5f0aa3eef22ebb8df5ef43406d1d6c25530d95762a5f19c2f39fd7f5a1b459bee53922541d70672d99cfa8018ecdf0b59a89989edf7641afd2628f8702335e242d90d1b59d91d307cc5f326f53a02f3e347fdc90e8365282c160ba1bd7c32d8c3a1a454ec5d5c455fd58cdc9d2a331f57c6b511b5e0f7e82c1d87b0e542249864ce10547f3d201ef4cbe9e1289bed4e90284028a11e1107a779638d216f16bd1c2735646d4eb861eb91f05bf7d1c917eb068e638e3b3e7fabcc416e6bff39285a50e2f1cab9e8b7b249d96d263dd4cda37fe2cd49162eeb3bf2782f8d69420da\"","tt-global-state":""}
VM36:1 —————-
undefined
