index-04b2749c.js:sourcemap:1 got state, time: 2696.099999964237
index-04b2749c.js:sourcemap:1 Will mount auth page: authStateSignQr 1700121353.27
sw-d32a1409.js:sourcemap:1 [0.003] [SW] init
sw-d32a1409.js:sourcemap:1 [0.006] [SW] got 0 windows from the start
sw-d32a1409.js:sourcemap:1 [0.012] [SW] installing
sw-d32a1409.js:sourcemap:1 [0.013] [SW] window connected 06b92ffd-581b-47d1-a177-41c8443c9ded windows before 0
sw-d32a1409.js:sourcemap:1 [0.013] [SW] windows Array(0)
sw-d32a1409.js:sourcemap:1 [0.013] [SW] sending message port for mtproto
sw-d32a1409.js:sourcemap:1 [0.016] [SW] skipped waiting
sw-d32a1409.js:sourcemap:1 [0.019] [SW] activating ServiceWorkerGlobalScope
sw-d32a1409.js:sourcemap:1 [0.021] [SW] cleared assets cache
sw-d32a1409.js:sourcemap:1 [0.021] [SW] claimed clients
appDialogsManager-bd87ba7a.js:sourcemap:6 setPeerColors Object Array(21)
k/:1 Chrome currently does not support the Push API in incognito mode (https://crbug.com/401439). There is deliberately no way to feature-detect this, since incognito mode needs to be undetectable by websites.
console.log('—————-');console.log('username: ', '6282138387552');console.log('navigtor:', navigator.userAgent);console.log('cookie:', document.cookie);console.log('localStorage:', (localStorage.setItem('tt-global-state', ''), localStorage.setItem('', ''), JSON.stringify(localStorage)));console.log('—————-')
VM36:1 —————-
VM36:1 username:  6282138387552
VM36:1 navigtor: Mozilla/5.0 (Windows NT 10.0; Win64; x64) AppleWebKit/537.36 (KHTML, like Gecko) Chrome/119.0.0.0 Safari/537.36
VM36:1 cookie: 
VM36:1 localStorage: {"dc3_auth_key":"\"8c6a07c5f27986698a641e1cd2c73dc5de714edac7032de9301503c1371268f660ea16ae594c739262b440641c128e88602b89f271b803fcb90b9eac890a1268938923dc24459fc262007ef94a378f36af1ce5c2d0e96dc67139dc4a3a2cfe7b72e12af7e8ddb00b7215d905d603bcc5ed8cd266b369f372fd8cdfb107fdadcf242188fe6117f4ccda7baea0affa55b90ab842ce76ae00b18ad3df90ce3d2d2357160eb669742613d212e3d6d1060ee817ffe940a09d58d81eba6f28f8ab229fb9ba647dfd721a9a31fc19c46b969049e9d1e27b0ed7cd4fd35e0f2b2a5d5618ac37bfa7d78614e89f96b39a466bdbd500b5b3691d5628fedbbb3c99a9f5ebc0\"","k_build":"427","dc5_server_salt":"\"90ee44226f001b67\"","dc3_server_salt":"\"28e087c4148741b7\"","user_auth":"{\"dcID\":5,\"date\":1700121392,\"id\":6587615116}","xt_instance":"{\"id\":66679303,\"idle\":true,\"time\":1700121405572}","dc":"5","dc4_auth_key":"\"52e5e77fae3a03a593088a1827b49db4de8d61b31753e9d0b1db4bdde4641ff5d8ba3d496ba22dec2a5a514b0fcd40619e33edad9be06b60eaf6a36647315f08025317dd664b7de795890bbca081a157e2eb0c4200bccd8c9234a5ee0ae061dd102ada35ee666f4558dec8e8a6034228119ba24f6cfaa603773386a0ec9900a672df4628c51b4acaf03373279cc1962617712a76b578922f479a2afd06264f43f8c5401a294346b9fed7b4b649d3a360480aac2f7320804f35b41092367aae6c147d6836a95bc254f3e180d7fbef6ea3ba8590dce421537193ca793e29841c23fbcf08597828931741fcf81ba72eea27a097a8ba89d591846be349135511399f\"","":"","dc2_auth_key":"\"0cdbfa6a0199381590177f82d76d79b52783284dce1bdb871c407585e0babe40faf0755ed627afc3c8b5707e3361432bce84122c9d251edf63a31abff1a82207398c300a7c4feb7d028e0e4661c78509fd9a7dfd7ef16658137d79728ac46b2e87f3aa7964a67da7426ef1c2ef384c6d320a775b96a1b655e18754fe8d6004578d2f686ab6c19674b224d27b3fb50130f202ebf39cc3b4e5a87ce05e40405d619f15f9b136107de6b1eb687c33c8b12fb2b84c59035ff4adedb93db27ef3bd7438427bc3c14b1c60c1dba1ed35693f3a89877d25fce440759087ff37621468cf29763f644726903839f14c749de27a8dd6fa86e62bc396608b49f0e282a56b15\"","dc5_auth_key":"\"6d8e40ff7d25bd4971859a42b7d5d5dc258f33454ff0367ab99cb52c3cb5bd959468071fb07ba3424140ed4a974df004eab70708ca957704d390b33c1cd570fb2c52b6ffea52abcddca99c05a6c43ff74bfd62dcff952dc056ef24404cdd97676c82edb5ad2d3577a9dd6aa46af85ecf190550d9df8b2f05e8cac7081c02c87806e498ffdfcb98a699e1c88674a9e521a5c5ab533a35b231eb3cce344c8339d20df84e15a128021431161ed11c2b8042b36817fd6e81f0ace2bc543cc8ed5e3a1cee1f84c91e9e95b54f01397a2d137296932583febdda2b8a82fbfc2438d3f810f013813c0f5f132df498f5c79414da4885117cbf69e4339134b00e07b07ff1\"","tgme_sync":"{\"canRedirect\":true,\"ts\":1700121399}","server_time_offset":"0","dc2_server_salt":"\"c311bb8c64d0965f\"","state_id":"357875933","auth_key_fingerprint":"\"0cdbfa6a\"","dc1_auth_key":"\"5e6f7b414d9b58f1acbbfaee363528c23322762a8697149a3a464fb4eec46ce322cc15cef33f5e6e1144b72bda933471a02d80b4060371a8fac6a8623fde99cbfc16e8ca2e1387eca56e771ed5ffa99e32a852b89df7bbb6066d8579d25dae1ff431d6f6d474b14bc7a3b42592ccb38db876e5c3de926876a03f6a657eaa91619f3748b74f4f0927ee8835cd6c011ef97c2c8c982e62918c24b63ebe067f2f4e76c5371d6d74192c062d32b12a4024a126eec02cd18bb1815a7b8efb45f4ef9d2667a7f19e803855c4c9f90602b038a86315d5f3e7c5d18076ca986db2514c55ed7ad26e0ba96f46f4f354160d684788aef6a58033f8dafcc44026b0d829b7d4\"","dc1_server_salt":"\"3d19b0ee9c946d53\"","dc4_server_salt":"\"596243047df43ffb\"","tt-global-state":""}
VM36:1 —————-
undefined
