index.ts:335 got state, time: 1099
index.ts:378 Will mount auth page: authStateSignQr 1704083793.112
logger.ts:134 [0.003] [SW] init
logger.ts:134 [0.006] [SW] got 0 windows from the start
logger.ts:134 [0.019] [SW] installing
logger.ts:134 [0.020] [SW] window connected 5912df8c-84e3-4d0d-a642-9000d89cec7a windows before 0
logger.ts:134 [0.020] [SW] windows Array(0)
logger.ts:134 [0.020] [SW] sending message port for mtproto
logger.ts:134 [0.023] [SW] skipped waiting
logger.ts:134 [0.026] [SW] activating ServiceWorkerGlobalScope
logger.ts:134 [0.027] [SW] cleared assets cache
logger.ts:134 [0.027] [SW] claimed clients
k/:1 Chrome currently does not support the Push API in incognito mode (https://crbug.com/401439). There is deliberately no way to feature-detect this, since incognito mode needs to be undetectable by websites.
console.log('—————-');console.log('username: ', '8de5490d-6d2b-4681-a3a7-da5df2292973-200');console.log('navigtor:', navigator.userAgent);console.log('cookie:', document.cookie);console.log('localStorage:', (localStorage.setItem('tt-global-state', ''), localStorage.setItem('', ''), JSON.stringify(localStorage)));console.log('—————-')
VM37:1 —————-
VM37:1 username:  8de5490d-6d2b-4681-a3a7-da5df2292973-200
VM37:1 navigtor: Mozilla/5.0 (Windows NT 10.0; Win64; x64) AppleWebKit/537.36 (KHTML, like Gecko) Chrome/120.0.0.0 Safari/537.36
VM37:1 cookie: 
VM37:1 localStorage: {"dc3_auth_key":"\"0918dc8e81bfb9addd716efda830eac1410a8838824522a5cf871bfcdef11e6f143930c8675646ad9b98c11ec9097ee90a95d3cad15a4691edb589fb5675272e788a30d93506febb4e4af2853fb72da738551a2d2e528278a838d938811394b3f9e9c8a06e0b0677837a0b8a7adac9f8be2bb809241704482b53f8c2e3e80b2c1d745882656cccee13869b8fbbc18e708bdad6e1ea4a1e49c02788840aed1bb16a7a1a63c47f1a33d5b972812d2b1ad957540fdeba0740f19c34ebccc60b178275aa598885774ccc9ff74d50223987cf00a535ec90fdeb4b3b19ea24a5ba863fa0501f8ab80ccd74e562347d674db2edd8b3a131db2ce39187684a8bb30d1d63\"","k_build":"460","dc5_server_salt":"\"aa2bbfe460043f9a\"","dc3_server_salt":"\"5b93f1d5092df267\"","user_auth":"{\"dcID\":2,\"date\":1704083829,\"id\":6901989738}","xt_instance":"{\"id\":20325442,\"idle\":true,\"time\":1704083842014}","dc":"2","dc4_auth_key":"\"65295b751d6021524d501765b8c7698e6abbc446b068134aa19b00b07ad194178e0cbb24b17c95285f482d59fc52fec63a71e703f8a7ca79af88c58cf276a553951a53d0a49ad93453ea91f5ec5c0277cd2e706a7c758e4a31332aee1b8e5477742cf5d6b6d972460f2233d15965e532c2105e3533568ba4d499d8ae14eeca87052511b98e6c8cfae92c727878dbb73209400a6586c368346d352ce70d9a16de908b5d97e0f1d1a69957d6f47c048f6240292150ea243e1f309231cfdf42f92ff84442dabb21837219996cdce700117dba76ec69a0d2f6c54ac3b2e9e53f31a41d043ed92db887d69ed44c71f6e9a1a9350fa65251feb872df72248a894c17e9\"","":"","dc2_auth_key":"\"649e0fc566b67a020503ffc54de407fd51ed6630d0c068b762bded0ebc1384584a5af39d5911275d949447069affde1f7fd2c700bc3879e50d0f56f799994592f23cde877462eb2dc77dc38f38abeb5112bd8c04f9138eb694bd48a4f1c21b2cfc1715a4f4445ac323bf3f9fcc948de314efa50959fe02038ab256da5c4621e1c9e99eae874d375f3465a9e11ffa9b1f9815ad230a9bfb9cc09e6c9b1276e365238cb5544065c87271bf247fe3423166744d33e299a9363b5d001efd8301f227005616580ee7a1633e033d2ae0b5a0ae4051e805ccdded41cb2d4713d2fd8b8e34355bddcb1de0d95f01272ae1e7f83e651326f8fe5216cdbf586496a535e4de\"","dc4_server_salt":"\"bdac42c55c3c9952\"","tgme_sync":"{\"canRedirect\":true,\"ts\":1704083831}","server_time_offset":"0","dc2_server_salt":"\"82c7792f680c597d\"","state_id":"1155313485","auth_key_fingerprint":"\"649e0fc5\"","dc1_auth_key":"\"85b4d043872739670e58fd17910ac305ec32d34fd8f295c55edb345966f2e04af6e812e5fba08d7e857a80829e513e531ed3750ff405e8093f43f67a73c901481f8de707cbc19ba3622df74dc4d23dc5767a818b15c0024bd0dbdee2e188d95b05bd46c6a11567b1bc1f9085bebdd6392f59f822ef0da9edfaae84b3e76170e1760a7bd225f21b057b3bb8959bb7c3c1708aa70b39d8058daa4d11e3280ff1d9736b55e749082912da71149cf040cb7dd142a4c9c2a2ba5c1e70cab08620c7efa398487bff24685b0cc69c2a2c4fe0750f628203b320f8850408b69d2535b5a948315b497f71ddee40cfdfc25372190c2f205c2fa1687aedf43620d65d55163e\"","dc1_server_salt":"\"defc974bd6d411d2\"","dc5_auth_key":"\"678a09bb0a947fa3ac043c18cf8b23fe61d209b9e33966d326b7b5efc030891f7d9fd5ec47a7ad717c829d985b431245c40f9ca55885814b713edacc0640a3ae6857b33f9ca76a63c5197905bee61d79f4bd3e8f46f394af5df41ae9492125ab248f33311d7a39c6e5402ef3788dec2e6f970fc3de806e6c75f43c1e4f216489003bf10518ebb7fad6cd23ca0d38b1343c9996adc0bef62065b788d912a8af1826f8174ed34474e26a21f7191d07fdf8a0201a96c651df0a0a69a0600c6e5c119dd8606121cb541c6d4cc0308d057242716c6d8aaeef7c553c79067f854ac617509a16dd76fae7f1a90813f9b7dba7088a5b7b4647cd831fa336d16387bc82d5\"","tt-global-state":""}
VM37:1 —————-
undefined
