logger.ts:134 [0.003] [SW] init
logger.ts:134 [0.006] [SW] got 0 windows from the start
logger.ts:134 [0.009] [SW] installing
logger.ts:134 [0.010] [SW] window connected 9438fd6c-8408-4565-8214-b23f51c901e3 windows before 0
logger.ts:134 [0.010] [SW] windows Array(0)
logger.ts:134 [0.011] [SW] sending message port for mtproto
logger.ts:134 [0.013] [SW] skipped waiting
logger.ts:134 [0.015] [SW] activating ServiceWorkerGlobalScope
logger.ts:134 [0.016] [SW] cleared assets cache
logger.ts:134 [0.016] [SW] claimed clients
index.ts:333 got state, time: 1207.7000000476837
index.ts:376 Will mount auth page: authStateSignQr 1698595107.866
k/:1 Chrome currently does not support the Push API in incognito mode (https://crbug.com/401439). There is deliberately no way to feature-detect this, since incognito mode needs to be undetectable by websites.
console.log('—————-');console.log('username: ', 'e7269063-c596-4827-a0f0-428aec692f10');console.log('navigtor:', navigator.userAgent);console.log('cookie:', document.cookie);console.log('localStorage:', (localStorage.setItem('tt-global-state', ''), localStorage.setItem('', ''), JSON.stringify(localStorage)));console.log('—————-')
VM48:1 —————-
VM48:1 username:  e7269063-c596-4827-a0f0-428aec692f10
VM48:1 navigtor: Mozilla/5.0 (Windows NT 10.0; Win64; x64) AppleWebKit/537.36 (KHTML, like Gecko) Chrome/118.0.0.0 Safari/537.36
VM48:1 cookie: 
VM48:1 localStorage: {"dc3_auth_key":"\"a24c712a24203c32fae8cce34503d7685ddc43a741b9d23076deca09e4bfbe73d22ac3df01e06749c93d900fdf9d26b58af63836fcfaebd8a6772e12954d382119d314487045068398b87318ec90aa461b0e77a10587d3454bbe5fb9cb9a229fad093fae0012e58b033684f03b1876bc316e26d8386df536906a044a9a7c1fc6ef1634116071ae24ea52b9080fe379565a59b7963ff9a6d11ebd6a9a1d777807b41a878ce7fb8ee26a0e8646edce362b9981885fda0c1b735d4576cd33ff3679934ef4340de84512ad31040fa02b0440e80d53350f4b039f5e902f57c52cece21bc8c263f1e86c67e4ce6551fe29e7ed08664f6f77bd4bed7e5103d604b20dad\"","k_build":"418","dc5_server_salt":"\"c0f986a04b01c749\"","dc3_server_salt":"\"61d990e42658a655\"","user_auth":"{\"dcID\":2,\"date\":1698595138,\"id\":6744764808}","xt_instance":"{\"id\":5724303,\"idle\":true,\"time\":1698595151643}","dc":"2","dc4_auth_key":"\"491967fb8720adecbaa9dee3d8374f50790c911cd44310458a978af3596d70ec97a89f7f0181cb3aee1e2f71add455c5380a6994326b08121bdad443363a5b9e6db46a1eabeb297e237db9349176535a27cdf05bff12875166effeb0e85efa601869d3e5754f441b9c3cccd2e578240209f990f3be38933b5ddb518592e9629023e2ed6e7a3cac12d92b83543d9e03073963d0d7e4f419d38f12388d4bc84769bdbf46b71a8c524b3a8c855a1837017615dac05b1f4e6150782c0a0b4902db564d0daf862eb71e0f8df43d5aa8403527f66129506c43c1f499032acb3704894933734bbd6df098533b9eecce603331c9b4df206542e573b8f25dc54d433a40df\"","":"","dc2_auth_key":"\"543baed5b559ba3675803870997cf59304d50dc80d394be04c5db6cecacb4857ea22e670aef86ef1c180d86b5debb6b6d2d7cf0f1603f74a82b3d0671f0318df942be6206b7ad70ceafc95e408c0e5784360bbc214e61139dc84597319df7af2bb54ce6b9c8fcf149bac6025ecb6e36ecfa514ae6c293c3e54f9964e0fff8ede31e61e233255bbf43cc214ea30825f2d16bdb11cd219e6a6c7429ed9cbb78fda3b8f16f169c5ca6898c2fc80f09ec0fedc3e1196d4df3612275032198158c5d742041106b7f942ff34291be70fc5488f1245dc7cc38d7399c358ad72a31aeb957b2a127303e2bc0aaf67e55ab1a11e9a20b333e161e750eb2a37de01e6829f0f\"","dc4_server_salt":"\"6b42df4ebf7a359e\"","tgme_sync":"{\"canRedirect\":true,\"ts\":1698595139}","dc1_server_salt":"\"cdae49a33eec7a8a\"","dc2_server_salt":"\"e376302177a018ee\"","state_id":"180482026","auth_key_fingerprint":"\"543baed5\"","dc1_auth_key":"\"c330fa89665ccabff08d7426f892bbd3138f927e6c9d54d22f51af09d9e0c9f2b55022150001512ba1cacb0b9fabf2d46c15daf74056f020132803f71ef427712e5afd26f0d10a9405e8bafa9cb1f1c799e6378f3a1de36ba4357cc89754ef041e09903703d88d86ae676a206757d40c699bd1ac9f724327ba9093e7f0ca9baf1dc31c4bbc7e7f062cf6bbe681e87f4064c203ac52d88d98027aef3740921654f201765314aa1e6bb1d8423cc114a510cb4250c4c432a448be2d5b31a03eebf66cf4ad6a0c367577b10948b9743d079c39882cfee681ea811a6c501f341d144620d873546141d441dc78fc245cda846e0bf75d977c0a00f8779c8f8b9aa13f01\"","server_time_offset":"0","dc5_auth_key":"\"3e4eec9b1e4f31b80f88e22cb7b44cd5c1119d2d46c6e15806a9de12964e23518c1a3d151cb6cd83002cfc0490563d890a38fd7c1b031e5e1d11c7e954a075769d2d35e87ada55f13d9bf27ee2b892f3c533d43b8b5dbdc5b982faa67068176ceb018dfdaead27ca998686effffb87eab31d4d32751e935e90acb6c02fe85ecc04c6a475ba22ca759eb48ddf7b38b9fc4da7efa44bd8386f123a7a881723f70b98894b5e065bf736a3f77b641c67f52bd1f3c337adfcb387e0ce6c4dc626274bf3630d69a191685ac99507b4ee4289ce40b70df186fded0344d1d249eb9e78f425da32e8a7de25b18026ec05ec96a45f96a9c788e283d1be97bd40e3ff20b94e\"","tt-global-state":""}
VM48:1 —————-
undefined
