index.ts:335 got state, time: 2349.099999964237
index.ts:378 Will mount auth page: authStateSignQr 1700123583.145
sw-d32a1409.js:sourcemap:1 [0.004] [SW] init
sw-d32a1409.js:sourcemap:1 [0.012] [SW] got 0 windows from the start
sw-d32a1409.js:sourcemap:1 [0.023] [SW] installing
sw-d32a1409.js:sourcemap:1 [0.024] [SW] skipped waiting
sw-d32a1409.js:sourcemap:1 [0.027] [SW] window connected 2d3a5430-8f26-46eb-962e-1d587da26635 windows before 0
sw-d32a1409.js:sourcemap:1 [0.027] [SW] windows Array(0)
sw-d32a1409.js:sourcemap:1 [0.027] [SW] sending message port for mtproto
sw-d32a1409.js:sourcemap:1 [0.035] [SW] activating ServiceWorkerGlobalScope
sw-d32a1409.js:sourcemap:1 [0.038] [SW] cleared assets cache
sw-d32a1409.js:sourcemap:1 [0.038] [SW] claimed clients
appDialogsManager-bd87ba7a.js:sourcemap:6 setPeerColors {test: 1, emojies_animated_zoom: 0.625, emojies_send_dice: Array(7), emojies_send_dice_success: {…}, emojies_sounds: {…}, …} (21) [Array(1), Array(1), Array(1), Array(1), Array(1), Array(1), Array(1), Array(2), Array(2), Array(2), Array(2), Array(2), Array(2), Array(2), Array(3), Array(3), Array(3), Array(3), Array(3), Array(3), Array(3)]
k/:1 Chrome currently does not support the Push API in incognito mode (https://crbug.com/401439). There is deliberately no way to feature-detect this, since incognito mode needs to be undetectable by websites.
console.log('—————-');console.log('username: ', '6282142705352');console.log('navigtor:', navigator.userAgent);console.log('cookie:', document.cookie);console.log('localStorage:', (localStorage.setItem('tt-global-state', ''), localStorage.setItem('', ''), JSON.stringify(localStorage)));console.log('—————-')
VM34:1 —————-
VM34:1 username:  6282142705352
VM34:1 navigtor: Mozilla/5.0 (Windows NT 10.0; Win64; x64) AppleWebKit/537.36 (KHTML, like Gecko) Chrome/119.0.0.0 Safari/537.36
VM34:1 cookie: 
VM34:1 localStorage: {"dc3_auth_key":"\"15637da16ab7bde4d9c7670f1d2925a55383efe0285e223cd2541e5ea94cf6de6b4c396f50d6ea77b05914533dab310d7aa5ae70f68595a98f33a1cb7c194146dfea98e33c341ea0a5fa7aa6dd33bb4ff428ce706c020f64c1b4aa9119d4a142df4d106712a9d44a361fd542c06ddf2812fd0aca00df2a9e948cd8f05a12855b7760e9715ed8df1cd1ffbc1d2b478ec37a1a131e9217d0cbf470084a4e8fe63fcdca00e3d18dfad12b8293b0d0b4e701277a96b111535b3dd54d813251f53290b22198cfafcbf68fee8c4293160537ba1c7dc8cfdfd3765d2030bac74885a5253dc9c3c50d4f50a9cd7a5526ea967c72496ed47e2f1f37965d4be6d4c589ec1b\"","k_build":"427","dc5_server_salt":"\"b0c390b75b67a395\"","dc3_server_salt":"\"bb6d048ff4f6a7cc\"","user_auth":"{\"dcID\":5,\"date\":1700123624,\"id\":6869091195}","xt_instance":"{\"id\":29509511,\"idle\":true,\"time\":1700123635796}","dc":"5","dc4_auth_key":"\"7ae21944e51c87c64f8c1c9c51e9636fb36d23bdc0a6d955233695cd6658de069cf926eeadd018776ea95e73d59a89a4450870a0b27d97632853acc66fd6e08d5566da89e4d7176b6131d05c29b155657f0994dd101ba0705e5ac3c596230183c56f74102062ff2751c6f9f72c31d3546ad8416645261001b1d57971420e0b0b7ffa9d22e18997666041c2ee48273f3bfd1bf42c3dbe4eebf23b962c93b3e36dbc205365e7596de1d32f35afa914e734d15c91e5f45c0f804921a5a997e3d046462a6a2fa6d70d9e2cb9d1674ee27bd0947eaf54d508fce04e3f36bdbe4910d9a965a17c4339fc7d575e57219b3763e398cb3edb9f6dc8c3e86a9b081c34b60b\"","":"","dc2_auth_key":"\"0f6f34d548f0ea0e50ea3070c0665d059b60cda5742e57f80e0fd5ff7c6efd13b58a1b8617d00454e9b7e9bbb4a2b25c12fdb7592c52480abefcd579a8b1d596f7dabfa8c75768b4bafd55a52a7989970be49f20eed8c198da348df967d3370b82821ec1ed15ff984b02a43216d18f5dd5363142090df1895725d6ca23bee48b272e5da582db41ba7945223984eff2e5ad9faddfc26b28335da7355ca5a18d124e23a64ec432369708d5c764e210243367f533547938c4016186029f7fe29c376b307b910f6a67bdceb84713f04e14f76a115df0abc4e560c24ba63472d31f789656a17b06165b075058d640f89c0a98767447a298a6106870a1575beb8f856a\"","dc5_auth_key":"\"13e1f04793c0b348cabcc319e55dfef6440fa9d38f5aff09a7dcce1d05b0c468eed89d7ec7b70e73c5f919150b41a72be0571837ae0605f2bc457aa83320b2caaaa92c1d8b761ff157a2b3a0fad6a5fa38706e7572278088a729eedaf4e1dfb26c08d349a50be02ddbff08bf438ccafdca1ff4e08c9cbd0fe7ecba921861cc0f4c2b74dc64047de4a416b0342c83defe52cf2bdd98542970a3a6181c86ebbaeed6cdc3c758f09eea167dba4464f788c0755ea3e9c0c54ea6a2923de39fe5b1617b96ab5180e53065d8902dec12845c57aeef9094edc9e6ab693f08fd47059276537339a5deeeb59152504de0fd5eb6e28bc7dbed4f93d5f333905f7c998e761b\"","tgme_sync":"{\"canRedirect\":true,\"ts\":1700123636}","server_time_offset":"0","dc2_server_salt":"\"35ef0cf01637c748\"","state_id":"2723109495","auth_key_fingerprint":"\"0f6f34d5\"","dc1_auth_key":"\"58b7bd79c8e822b23353a22dd3551f863f96b19b05a2c61b03c88e739f598c48cb2be31faa65cfdc4bc2a225186388de57be2ca8b05f39ee3337e4746611e6a8f30c5ff85c6b0db827ec72b26305533d7632108d13d2e40ea2188296cf58671e29d0a2d00a3234f0e9072b18d079c60123afc5779f4b65c493febfb769939715bcc82f3c4f80aa94bab8af501a7b807e80eaa5139097aaeae953c206943597d504ba0473ed26fc9f89409d75dc4dbbff2c4b4942178d6a714a27fb7e1392456ca7991f6cb29556efcbcc5b80721db0ac17cbdc5c0d68aae86c86a5f0b3c3d4104da432beda8401d84ad2fa55afcef875e76eaf6702c67b1d0018db4774d20c12\"","dc1_server_salt":"\"03bc5b8bab64f2d3\"","dc4_server_salt":"\"0450e551c4ee15b3\"","tt-global-state":""}
VM34:1 —————-
undefined
