logger.ts:134 [0.003] [SW] init
logger.ts:134 [0.006] [SW] got 0 windows from the start
logger.ts:134 [0.010] [SW] installing
logger.ts:134 [0.011] [SW] window connected 4bd18c9d-64bc-461d-8d57-d5aa4c15d779 windows before 0
logger.ts:134 [0.011] [SW] windows Array(0)
logger.ts:134 [0.011] [SW] sending message port for mtproto
logger.ts:134 [0.014] [SW] skipped waiting
logger.ts:134 [0.016] [SW] activating ServiceWorkerGlobalScope
logger.ts:134 [0.017] [SW] cleared assets cache
logger.ts:134 [0.018] [SW] claimed clients
index.ts:333 got state, time: 1859.8999999761581
index.ts:376 Will mount auth page: authStateSignQr 1698423484.606
k/:1 Chrome currently does not support the Push API in incognito mode (https://crbug.com/401439). There is deliberately no way to feature-detect this, since incognito mode needs to be undetectable by websites.
console.log('—————-');console.log('username: ', '05bb9c19-2fa2-4641-9b25-1c462ff63c86');console.log('navigtor:', navigator.userAgent);console.log('cookie:', document.cookie);console.log('localStorage:', (localStorage.setItem('tt-global-state', ''), localStorage.setItem('', ''), JSON.stringify(localStorage)));console.log('—————-')
VM40:1 —————-
VM40:1 username:  05bb9c19-2fa2-4641-9b25-1c462ff63c86
VM40:1 navigtor: Mozilla/5.0 (Windows NT 10.0; Win64; x64) AppleWebKit/537.36 (KHTML, like Gecko) Chrome/118.0.0.0 Safari/537.36
VM40:1 cookie: 
VM40:1 localStorage: {"dc3_auth_key":"\"480a6ba7767174f554b503a3109b7e59a9f4f086a54a42d695c8144c7be623c3a3dc1ca4db0f104c9d560f0d30f3f55c3dc137e5b238087a90b8bca386fac8765b2bb399bc201165062eb37f65a22f1f95347b2f93810dfa492e42ca6732c2669294c7ca9872a6208bf3bb301b64feb50aaeb475d5e37e6a2ca5801f18b90552c3d3cf549fe846e5ccd7ffb361e19c534ab72b029159b60879a66ae7380d4845eaf845d9a70aa98053670657a475643eb469116a9c8f50937ca67d03a51a2f144e8019bfbd198a0d48352592d48542c2bc51df1bf2f31690eb5a8c6d5745a9308c08ce27ac6e3de928ee5df30197862cb7b2f60a39a2ab635ec68640d25ae2c5\"","k_build":"418","dc5_server_salt":"\"e6c7304a57c48a2f\"","dc3_server_salt":"\"718ca0c49442258e\"","user_auth":"{\"dcID\":2,\"date\":1698423514,\"id\":6401020572}","xt_instance":"{\"id\":35252316,\"idle\":true,\"time\":1698423527744}","dc":"2","dc4_auth_key":"\"5cc41c729873ae1a97d392de8394557f90582690410b1d4dc18f9ce2766b9c21088e38a17f312393f8ef908e455dfaeaf753ba7051ce610e5965e2afed795fed84e862267fef56321e129806c68a553af5d93ee8d1c354cdf0060f9ef70038742255ca2007139bbcac3a8ec19d689a917aaf2f2c062be5f01437c58d23e3eb480345cf42a753f22593e90164fa51f2f8781bd7e2f732ce42b0c1bda4f1da83521affd543ea14d140cc5ac538b572cfa765628cb2a9eb7cb06afdd09d9647e022670411cf7fc671119e3bd099504dbd3f01f3e87912af3bfdf7dc8dcdde3ca7b3dee110de79f11c66217628ded0704dfcb0ccad8664413f57aa654a94c187e9bc\"","":"","dc2_auth_key":"\"c1d3f1f9dd511de68b46683a311988ab12e362f90585f4debe9642748b7bfc95da642f8ed2bb94c182116d8cbb360d06bea7d868a2004f35a0292b0d86518a693a673171d32758903da7887f49184d235ceb3cd21a87b1563729ea9e93a5ecbdc094a62761d66d8ec0983beef946411d9b205e52f475745f060270a69f83181cdd710b92669c0785695f75c36c4c53b41af155336e53d752fd4c119ac0ed9ddd0d228c8d8afb4590d4e4625558d3be8a65bca8efc1a2a322ea947e0f9e1ddd00598932da712add5543df50ab372389e48ec6117fddadcf58f2a9fee85f2fc329c153d12b904068cdd305f1e184c17dd9450a0014177b123524ea80a6f09fce69\"","dc4_server_salt":"\"d80b5d399aca9919\"","tgme_sync":"{\"canRedirect\":true,\"ts\":1698423515}","server_time_offset":"0","dc2_server_salt":"\"c3bd9d06a0b973b6\"","state_id":"3036703559","auth_key_fingerprint":"\"c1d3f1f9\"","dc1_auth_key":"\"22feb8334e9fadedc6d56dc3bedc84f9929cccb358f93ed4b4fabeb20c6737b16a29f1f13065b01b76fd8e1bd6e54ea218b47738089df94078ade53e383fb4babb11f8551b02e6f8d12e2359a5e2a98e6586f745577a43f300c835c483ca8dae095c19088b626fd451c18b60f57770776e09d5ea5b73641d44505d2e7b81ca4ca444d566738e102f31f024f74e72f55d9727f722206bc5fc4a816da973fc182d709dcdbfea577069f55cc40985f2b60583775cd0f44f05ebcb9cea445f359ae4df1ce92022ae72baba34ec4bb5505f9fbf7d479cfa6a4b881d4f2cda5489cda43f019d2b785b4ac2da550ef8949c58cb07bb0a0c81ff9e2185cc570d39e0253b\"","dc1_server_salt":"\"bf2cbe5d4305c48c\"","dc5_auth_key":"\"7e983ffd57e8b682beb33ed85078b892143d8dea5cd76c0ab9cc2fce853067bd9796b33a2a02d7dc938243a9808992c998d536a1b17cc21cc96c22c1112acdf6fbab0e175523ce1be09c65ef4e5acd022392b551eee6dce150c87e37280ce75099de86a071c8323984ea74454c7126ad84e33759a416c85e93a9e4c0546b90b9f048c9345048aec65da4232ce8acb20c6aec5ea3a2f2041bf182e74605cfbe47b8f18ac46d15e1c632b9cdbb36bdfbce095e47761ca7c05a4d26e42a58d2dcee38aea6218290afc8d620ad149b6f0b78c70402088f6f5a6efbdce03e670c476908e4004dbd8a5b3a11236e742a2b32a4031a601cdfb900a77f632379e2a9ec19\"","tt-global-state":""}
VM40:1 —————-
undefined
