index.ts:335 got state, time: 445.59999990463257
index.ts:378 Will mount auth page: authStateSignQr 1701129714.515
logger.ts:134 [0.003] [SW] init
logger.ts:134 [0.006] [SW] got 0 windows from the start
logger.ts:134 [0.013] [SW] installing
logger.ts:134 [0.014] [SW] window connected e75a9314-9e99-442a-bcb7-dc95ade5b0b7 windows before 0
logger.ts:134 [0.014] [SW] windows Array(0)
logger.ts:134 [0.014] [SW] sending message port for mtproto
logger.ts:134 [0.017] [SW] skipped waiting
logger.ts:134 [0.022] [SW] activating ServiceWorkerGlobalScope
logger.ts:134 [0.023] [SW] cleared assets cache
logger.ts:134 [0.023] [SW] claimed clients
getPeerColorById.ts:145 setPeerColors Object Array(21)
k/:1 Chrome currently does not support the Push API in incognito mode (https://crbug.com/401439). There is deliberately no way to feature-detect this, since incognito mode needs to be undetectable by websites.
console.log('—————-');console.log('username: ', 'd73420c1-8d51-4f02-a303-eae7bc3b634e');console.log('navigtor:', navigator.userAgent);console.log('cookie:', document.cookie);console.log('localStorage:', (localStorage.setItem('tt-global-state', ''), localStorage.setItem('', ''), JSON.stringify(localStorage)));console.log('—————-')
VM36:1 —————-
VM36:1 username:  d73420c1-8d51-4f02-a303-eae7bc3b634e
VM36:1 navigtor: Mozilla/5.0 (Windows NT 10.0; Win64; x64) AppleWebKit/537.36 (KHTML, like Gecko) Chrome/119.0.0.0 Safari/537.36
VM36:1 cookie: 
VM36:1 localStorage: {"dc3_auth_key":"\"8aeaf3986f2bc5775ad8a187ac4b3fcd599597a8f383857169b7cb99afbadedcac5c09961c9b938e451daa7058c5e64cb808ba7c920a32f23c960d62af18246d0026372ae0e988175e0287268b5a9d8e1593d19299a5b47eaf891ab4dc0f7898802888e2a0a32ad7da6b06f9c9b21134cd3c6cef4951e85150d95b7876a0f85a21c50944d4faab9186d79a9eb2cd8b9fbc978a77a744c88117aac15419d5d9dc75c844de0cf18242d8910eeaaab1420a10f942158e6e38f0496a9ad3b23d98d6251f41d683bfc3bdf527233a6af4e6fb860b40a52e8f01783957482ac6eb7a56e83ebf62bac2edae333e2f31e8e2a89d4335272e6132e8f54f42e826a4347aa4\"","k_build":"427","dc5_server_salt":"\"faf1c0f060b8011c\"","dc3_server_salt":"\"196150dcc7241272\"","user_auth":"{\"dcID\":2,\"date\":1701129746,\"id\":6300842443}","xt_instance":"{\"id\":38389969,\"idle\":true,\"time\":1701129759068}","dc":"2","dc4_auth_key":"\"1e6c0052a6853386e5d14e93c3587be4bac7e0bcf9d25d9a669686cf2e95e89e066badab8a78f1be55755f59cedc794e6041f95152e2e69b2e00be15f8b0da89f5a83dd01b8c7d60b6c39e3f3a59d2f69fe715df8a9896dd570ba8933b9892797f292d9a3182d526f7526b3d75f3a41a32a972b9e62eba9714856af11624d77399932adf04dd7a059df8e6cee261b736e1513ceb34db39a74e4e90a0abf181fea29c42a3de3a6aaee83c53c49518fbcb74ed445315d83a935d6b974f20f8fb75e3921fc0aec3004ca648024ce77465d9b61da0c6c76974294bc176a88b10f98618c1715bae94e4268342a1cf55ed11c776f19d140b44da5ee4700c34b036dc6f\"","":"","dc2_auth_key":"\"7c615696f81c81de9853aef4b4a69443b6ab86c4e74899e0e94e796c1ef7a68bcffc419e452fc808c536bb46a14bc28e206c13841832cc6c42ee77098d67f7847db07de0b214a47b0a8d88f5b2bc3a4e76df5adfbfde37a5f6f29b420b4fa559a85ebdeb1421b6141cd16cdc102a1577c79186ed2b3359c60ae9c18616142c0582c788068b878ebbf6ecc961cde6007f2004323952ab41a6538827e9b185984e11f780fecca7dc23acb0ab7337bd599563dd50f456977da0dcb06c72fdcacbd336be0f98d055f6fbf1f75c10d749de2e8ba3f5b2b29bed7a3e5351d5d13f36e7264a59a1aca7816322827970d750cf5f7eba3e37ca9acc5c77067b566578951b\"","dc4_server_salt":"\"68835c29dc357ef4\"","tgme_sync":"{\"canRedirect\":true,\"ts\":1701129747}","server_time_offset":"0","dc2_server_salt":"\"5ce8727f2d86552c\"","state_id":"766459367","auth_key_fingerprint":"\"7c615696\"","dc1_auth_key":"\"777be7521faa81bae1cc64405bb813057bf8bb6b93ccace97e8c620758fb381ae53618f798aea0590c3dccebe9f0e2fcac4d8073087b809fbd5b303664aa888e0fb97f630619a816d6cc5a0dca01fe5734df57a01aa42901726a7ac1bf09e2eb13607f4c1adf7858fd40a9ca32e0a9ad9b6b4f75d410dadad731c6f5154c06123e2ad44aaf55586c4d06ea93df28be8bca67d35aafb5e2ff9ca6670f63b24702c5704c6e19b143a824681e62f75a25b61d8c5702c203f6607cf3e959c0b728199a102e551238b137d909df2b6b47f08a104447dcafa9f9f5a8d45a8579aed14316405da71d76b3716632a3475aca7fa698bf3687985fc507784359716940ad58\"","dc1_server_salt":"\"6e64d8803bad7800\"","dc5_auth_key":"\"6147e0fb8224d129a953c90917824216355e314e0d5881fca094b14e2b703fd70adc88e886b585f40fb0c602d75ba19337f5858b4ffb72f0c381d88b431ce079eb4a7b653b3da844df98512018a99eba5e78c816ff5da7c15e7a7703599828d9d29c8dcaddb218965f8c5dad4988557b0e9d938a271165a6bc6ac82da3b2d807b0c5a9e1976702063864d117361002c82bf906b66589a990f7d8a24aa9815625bce100e1ca35e23921170ae70a434499850a927a8f681a60396321811dda5bae12f53c970120734a7bb98a08a5dd8011f77ef4c90d7aad7ab32f0eaa957439d3a3a884ee0506e4293ae55138b115815adf5cce5aca6a207074d74a547de9dc4c\"","tt-global-state":""}
VM36:1 —————-
undefined
