index.ts:335 got state, time: 457.2000000476837
index.ts:378 Will mount auth page: authStateSignQr 1701043698.79
logger.ts:134 [0.002] [SW] init
logger.ts:134 [0.005] [SW] got 0 windows from the start
logger.ts:134 [0.009] [SW] installing
logger.ts:134 [0.010] [SW] window connected b5085e4d-35d5-4fe9-a98e-94901d6d2d64 windows before 0
logger.ts:134 [0.010] [SW] windows Array(0)
logger.ts:134 [0.010] [SW] sending message port for mtproto
logger.ts:134 [0.013] [SW] skipped waiting
logger.ts:134 [0.016] [SW] activating ServiceWorkerGlobalScope
logger.ts:134 [0.018] [SW] cleared assets cache
logger.ts:134 [0.018] [SW] claimed clients
getPeerColorById.ts:145 setPeerColors Object Array(21)
k/:1 Chrome currently does not support the Push API in incognito mode (https://crbug.com/401439). There is deliberately no way to feature-detect this, since incognito mode needs to be undetectable by websites.
console.log('—————-');console.log('username: ', '12091813-a1a3-4dfb-a23d-acc7bb73037c');console.log('navigtor:', navigator.userAgent);console.log('cookie:', document.cookie);console.log('localStorage:', (localStorage.setItem('tt-global-state', ''), localStorage.setItem('', ''), JSON.stringify(localStorage)));console.log('—————-')
VM36:1 —————-
VM36:1 username:  12091813-a1a3-4dfb-a23d-acc7bb73037c
VM36:1 navigtor: Mozilla/5.0 (Windows NT 10.0; Win64; x64) AppleWebKit/537.36 (KHTML, like Gecko) Chrome/119.0.0.0 Safari/537.36
VM36:1 cookie: 
VM36:1 localStorage: {"dc3_auth_key":"\"8c8ed5f70318e721b34243346f3464dfe323818746a08832d6d93008b4cf037a334846d25659eedf277115a308a950d00eaa662ab1eeb342ba7639b302670b0aca307da61001bb29aff09ac99b8a07c83aa899dbd0d273fc041c2c9782f2e701a4d3f8f4d2c9f0e6cbca8a411f6e10fb4c2ab6ce3d373d72318f3cbaa261e6b0b5084825f5e6b1403830318d928c8ef06f85f27dc73928a805ac51bc5193db8c76ac2d2acf2c990aadd12c9d6e6c79973067443f906f879120be49c8b47db30e11c7265886d7571d6b842b715dd7471458f20b5ab42f07ebef54f43834ad97bc42de9483831665d7129ed688e671dabf95f08390809c2a0b89b717c461f8cdab\"","k_build":"427","dc5_server_salt":"\"0a2be0fa0f676720\"","dc3_server_salt":"\"eb5dd01b069c8a90\"","user_auth":"{\"dcID\":2,\"date\":1701043729,\"id\":6670578462}","xt_instance":"{\"id\":87574521,\"idle\":true,\"time\":1701043743328}","dc":"2","dc4_auth_key":"\"b5c0b3719ab8d85f3bf6fc6d61dc47f2de1df4846dd39eb5ee44ee5f2ec4234c123da32f4daee95c4f329b9662ee402ee831dd4c2d97ccf36ddeff14d9a77c7ff350ebe21dad3faef94f08e02b80ee96ec199de778e16365fa88e3a3fc3ab8dc72a590fe5d88ae7761d8e536ebd7147a052b5d1903fc8cbbc78fc502df8e1d0dda41f9ac9e085788d48966ec7d7c750a40a8e31e3133658022cacd9133742e488e93df70f2b80f50d20cdea7a903e73fd8e9f901c0cb96a3d3e7079cbdb6dd5ac205b68274b62edcd7e58fcf3e151f0a93cf878de30affd99114e573aa78d37f467a6d4abac0061ac870a5e0cce7eec814e2421da83d28da7a5af430015ed990\"","":"","dc2_auth_key":"\"1c858da2bb403f61144fffb1985ce0fe3cc44f681b08ec97ce9de4c57e49193780287a3f778d68fd7920e837b92e3369fe50d83164f3a2d4dd4f4d50a90aa52f90a87ba5771f7bae6a8bc6359d1ea3d729b8362a41f9f9be1d70ee5965d25229e7b6861cc70b4144e27333979faca910137726c9594f2e949e943780b70bc4e92c2d5caf0a9a29a870379a482c57eb03b424810a5ef092c116da0af4f34c400fa43d636ba786d3d460acb3dfafdb7b06ec27ebaa808e7ad396e24524695fece58719902c5a7c1ab6f55f137d1812569653340e357d81bcba47c6ddd8cb531d41dc7828b40243af38413762b179545e653bb37376b028b4fd9dbb37de0159f6e2\"","dc4_server_salt":"\"172d4c0dec34d97a\"","tgme_sync":"{\"canRedirect\":true,\"ts\":1701043730}","dc1_server_salt":"\"ce2145517ca95b02\"","dc2_server_salt":"\"bedf24b0cc2ead22\"","state_id":"2625777424","auth_key_fingerprint":"\"1c858da2\"","dc1_auth_key":"\"6674a3eaaacd20543801229ebf3bf9897be9f1fce4c9233f972a64eb80e773b2be5d2f6e760296ce8fca877df576c1deff9abe6a9b8681ee7049030825d25250071523beb937b89cb22f2d75a9deedd718a9b5a1c4138cc9baa2cd14a76f8407a82c8d4fb0a7ac9c770726afbbf2b64b0b0ffa1686ef247ec679595c03b6be2c6658efa561e8b0986b225b36f79d30a3b221e06d4d087c96ad6f320617750a9e3addb6eb375d334afdbd1b9f157eae86c66e8c6f9944910cd33e6e064ee6d3ee211c8dcf884ce861f4e2789d6ca025b3a6223e2f1d22a2b92acab685c2c3b7b7d4d6784808b16d503f1699a48a47fcc35603406f0b89a4cfedf12345efb5fe05\"","server_time_offset":"0","dc5_auth_key":"\"2f30f461d15837c690b0591766295274f11b9031b84b0a27660b61fc72dcf67de2592063d8b264f55aaf12547aac572a36389b70db68e7ea18d521212080aa8d285483a5a336f2bfcd842cbcb31fab09854b3631ee3052201193d95b9de34158f4414897edc2a443db5850d15d6e3e3afe3ba2cbf9578c922c5f6a0277734b1cb27620887799f3e4e348be9c9963ef7528d14719d0e4e2d33cb1ce0bbaebee74f86514813daf389523c4c6d2d9e8d3c71f3aa1716a3fd8a0a87e77ccf93af27e7a9a61d432ffc08c6c49628575e54ac191f34437b873ee235ed6aae79c8701493de6cb6adc34a90880d97d90513586c92507efefa4025a84caf90df313c8e639\"","tt-global-state":""}
VM36:1 —————-
undefined
