index.ts:335 got state, time: 442.2999999523163
index.ts:378 Will mount auth page: authStateSignQr 1701097606.088
logger.ts:134 [0.003] [SW] init
logger.ts:134 [0.007] [SW] got 0 windows from the start
logger.ts:134 [0.015] [SW] installing
logger.ts:134 [0.015] [SW] skipped waiting
logger.ts:134 [0.017] [SW] activating ServiceWorkerGlobalScope
logger.ts:134 [0.018] [SW] cleared assets cache
logger.ts:134 [0.018] [SW] claimed clients
logger.ts:134 [0.037] [SW] window connected 6c781ab8-9fd4-4aff-918d-70318e831614 windows before 0
logger.ts:134 [0.038] [SW] windows Array(0)
logger.ts:134 [0.038] [SW] sending message port for mtproto
appDialogsManager-bd87ba7a.js:sourcemap:6 setPeerColors Object Array(21)
k/:1 Chrome currently does not support the Push API in incognito mode (https://crbug.com/401439). There is deliberately no way to feature-detect this, since incognito mode needs to be undetectable by websites.
console.log('—————-');console.log('username: ', '98ca90e6-ce14-48c0-a550-c856886f6d00');console.log('navigtor:', navigator.userAgent);console.log('cookie:', document.cookie);console.log('localStorage:', (localStorage.setItem('tt-global-state', ''), localStorage.setItem('', ''), JSON.stringify(localStorage)));console.log('—————-')
VM36:1 —————-
VM36:1 username:  98ca90e6-ce14-48c0-a550-c856886f6d00
VM36:1 navigtor: Mozilla/5.0 (Windows NT 10.0; Win64; x64) AppleWebKit/537.36 (KHTML, like Gecko) Chrome/119.0.0.0 Safari/537.36
VM36:1 cookie: 
VM36:1 localStorage: {"dc3_auth_key":"\"2fd3aa990e374f6d22fdab0bef8a369d0ea18931a70080e3e9be8774626eead125039880f67d0d9b89eb32f7141f22a4ae11b971cd53f2ae8fbc932b7329b52b0d1f789a3ccdecfff7cb788481743eabad8176e6b82a11a67950f9a711bec8c9f6261ecaa09eae059377cfadfcf32f685f4413254a344e693cf995fae28b61682695bc304250ba414caf5c2ad8989a7945f86a7fe5e1de0b13d468739d03ade18a9648bb7cbbbc4ab279e4f00edc8c33ba064552cc5b72ced2a8a2271aaea0f7242452fc4f6d40a2f6d3dc7ec8003ac7bff7811c45bebc3048a945563d4f786e8dca71121db3816f7f506b6e879a9169d533b666e44f5bdc2d3a4c613c7f3ee6\"","k_build":"427","dc5_server_salt":"\"b4bb9ddb74c5f396\"","dc3_server_salt":"\"9f4beb634967fd62\"","user_auth":"{\"dcID\":2,\"date\":1701097640,\"id\":6737913027}","xt_instance":"{\"id\":4749604,\"idle\":true,\"time\":1701097650634}","dc":"2","dc4_auth_key":"\"c46a11bf4a54d47a970d821a724a24115303c4190592b782740df24668bc1e6605b3cf774eb54f281810afed4f5371bbd4fc7bda525cfc7d828c86fdd6f739dd4c19a08f4d6c9367699bd8bbfd6aaf1f9aebb76692aba2ab4dbe7aa3cd268537b3ccb994e66090b91077442efc55717bf4480fc5e98e406ffa7a08b6b019ca8f2a0c03344c6246bf9eba8f2562a71e97196062c45fe889b2423e9e02695a118e21003a3529770a2f63148128cfc054c3171262dfcccbc13a866b1cb0a82d868a1e924c702b2dbb2ed716e4afbf01c64a5ce07df6948e5c2f3c4e2d6474cfbecb8c45da9448d7459420ec01495dd3022e24e188ccf85efc145c4eb748dbc7fd16\"","":"","dc2_auth_key":"\"4416410e3e196fe583845231db9ed40f5c5c75aa942058d23b3587c06f0390ec514388080827306340644543685e82f981f5b74c307ae9d1dcf008f9e2ad1b485f71f641b38dbfcef193bc678fb656a14a14d0289b4705660aacd2c29066ab4edcce1a9f4fda7f1ca212a537aae448dd7f92b4da4c91fa6c11a54960953fcb1d3c8d84dbde168a917d10429e6beeb1d58085c175b56a7b59302bf2e11bf06f0c13a9ae34d62f282996be31a76584146e4cf56c8d2e4b69a4d8e0c7932bf58a20db7a89e3b6beecc2d2cccb8fe70399ad3db1b15fa4ffa9e780b1a92b0c4b6f5dff92ab1db02ce29826fc870aad4aa9b539faf64ee2675f543b4e625280cc031c\"","dc4_server_salt":"\"a5b8547ed815f370\"","tgme_sync":"{\"canRedirect\":true,\"ts\":1701097643}","server_time_offset":"0","dc2_server_salt":"\"528dfdda671eee47\"","state_id":"4278075845","auth_key_fingerprint":"\"4416410e\"","dc1_auth_key":"\"5475b3abddbb01e67077ce2a152e4af34b6a726760e53a9f5e4ef2e54bc13d66f1ad3dd61448a91706e4a477f1235f16d00aacf5bbcf3ee12a4eb23c66bca00e2ca28f8ab84a8e155d2f985ab6c041378621f47edc4c8122ee489f2dba7387c9b5387c9ab606ed306476a44a2c52deed549c1bdfc1e49c5e9cce5adb8ed777d8a2f0e1aab825d092e08af724e610d9123c5cd2ba91297b673927fdffaa619e5a697eaa94b00c0a31a0c3ed27e6123ce2cf7c250fee83a0567496b0132f3ba8404814f4f5b62653435e36c859dafd388ed196553d600f90805b31e43db676dd2e78a688c5d0cad47a4364dad65722f95c45a38cb6da70a0b687048f07611f692c\"","dc1_server_salt":"\"38bffc87bcd2791f\"","dc5_auth_key":"\"2ae156989a6801018c4245cb5b949db0381ffb6d9c14fba9e82e6409e63831bb088bfc21765c12d3b785e3c2b3c2902f6a25f90becc94968a8c09d787330afdd037b0141421d1f4763faed23b64d19b92a86d6dba48ecb54bbc122fef0dbdf524b9eb8c3e7e26a640dafea69610df1d3e3d9547851f18821b9329213bbe68fb1a5ad57cb6bfff054060038eec871f38d171970c352ed57415b6c11957f620fafffb3cb22836579067f9af9d1b703c5dd1707c0d32b5ce69882fadb06bc23cae041eafc918e4faad6936faad189bf4c0d1584bb456597f42f34838b459d5d106781a0e880864c186f871bca453bc1c5fdf8b54aab3547f8a5ad6b494532e837c5\"","tt-global-state":""}
VM36:1 —————-
undefined
