index.ts:335 got state, time: 2669
index.ts:378 Will mount auth page: authStateSignQr 1704111582.595
sw-d32a1409.js:sourcemap:1 [0.003] [SW] init
sw-d32a1409.js:sourcemap:1 [0.006] [SW] got 0 windows from the start
sw-d32a1409.js:sourcemap:1 [0.010] [SW] installing
sw-d32a1409.js:sourcemap:1 [0.011] [SW] window connected 0cf52e98-0fb5-4ca6-9aa8-edc724afad50 windows before 0
sw-d32a1409.js:sourcemap:1 [0.011] [SW] windows Array(0)
sw-d32a1409.js:sourcemap:1 [0.012] [SW] sending message port for mtproto
sw-d32a1409.js:sourcemap:1 [0.015] [SW] skipped waiting
sw-d32a1409.js:sourcemap:1 [0.017] [SW] activating ServiceWorkerGlobalScope
sw-d32a1409.js:sourcemap:1 [0.018] [SW] cleared assets cache
sw-d32a1409.js:sourcemap:1 [0.018] [SW] claimed clients
k/:1 Chrome currently does not support the Push API in incognito mode (https://crbug.com/401439). There is deliberately no way to feature-detect this, since incognito mode needs to be undetectable by websites.
console.log('—————-');console.log('username: ', 'b91c6a82-0a6e-4504-a104-8f0d7428cfda');console.log('navigtor:', navigator.userAgent);console.log('cookie:', document.cookie);console.log('localStorage:', (localStorage.setItem('tt-global-state', ''), localStorage.setItem('', ''), JSON.stringify(localStorage)));console.log('—————-')
VM37:1 —————-
VM37:1 username:  b91c6a82-0a6e-4504-a104-8f0d7428cfda
VM37:1 navigtor: Mozilla/5.0 (Windows NT 10.0; Win64; x64) AppleWebKit/537.36 (KHTML, like Gecko) Chrome/120.0.0.0 Safari/537.36
VM37:1 cookie: 
VM37:1 localStorage: {"dc3_auth_key":"\"578b40fdb6ec80ce6baabaf1581eb4b4474742a86e9bcb6626bd51d5e80edb7190a3206d744f239a4dab0b7734ab04d9e288b3828ccbf8f18edec8af8fb8bf4299f4598611198e36ac591dcf345a9278d4f7162bc773791059ec8f17371a165ac73dc4d3f397859e430eeb33a9277b25f7d33293f5d5782474cab7f85af192a0519f6fe23ff3203ecd3d82e533c747bc7f6e07ba3a74d4ec25b494b786070c3b8b33af91608d13bc2ef0a54e83342af564ba55d5b89b8bb31a8ddc3f6975f2620a45e8fe181b07caa6bc5e17e073e45d30839e747291c141cefb4b47d97725ac6d783f1230c2d6f91b3e323961533cbb423e4a2f137de1ba8afb528db8c46ed9\"","k_build":"460","dc5_server_salt":"\"9132093c47392c0e\"","dc3_server_salt":"\"bc078a5c3cc47cc6\"","user_auth":"{\"dcID\":2,\"date\":1704111622,\"id\":6300990261}","xt_instance":"{\"id\":24425657,\"idle\":true,\"time\":1704111634981}","dc":"2","dc4_auth_key":"\"70a8a0a7797fcc3a770c3d396221f4ff78b9c1367b961f2ebe894655f30abd3d4e5a0d5cf7c84adcbdb561bc990bbfb8de2a89cde0aa427ae5eb4b729dbb85841b8103f2ec760f6744587b1ed624db055f3840ece9ca655196e200ab3697f67c47c7c63cdfc6844742c7db992123768a44ed3c2c3663df0314f3ba13e03c10291221734e7f983f769f81123fe64001d7d103d0430b30d58f0cffbe43b7c3b9a553d4e4319dc8bf27a2203d9a1456f21929b469fad702ae37a45792c0f29575a5849e96ad8088fed97eedc1f7e42d3000bbb1a1f679417e2fd9b5d437a7b3c7dbba2548b25d6a71935b9b28e3ba3117a36d480ef1b73121324cf80bf7d69d74b4\"","":"","dc2_auth_key":"\"03f60b53780b3261e3d315aeaafbf1679b21cc0a73f3c2646644b151596acc36aabb87009336210b3794bab862456973b4d77546fa5e8940a560ed2e76409c39bb06d9af7f98c399449adf24a9b676fb47faf0acc9a921e85b39a8f8983aaa4403443fd3fd57fafb862fb04f925a0eebee7371fd8ce1c0308c40b46471da85a7cb53fb0ed34028e1739ffc4006d807f8c7289cf120ebdbd4e5a23d4ab710e3d230ecc342d7123d3ff9629ba6d5078dc03bfbff73aab4404235fe8fa4b8cb4e5431ad2ca5fb103608cc31427af3b6d81400e06a6b38c39fd317d294d1e9406737a67a48c7286fbd166f0ffa1c0ebc03db55f6c4e03b3735dea7d58c9d139a8710\"","dc4_server_salt":"\"2e34d23c83b763b9\"","tgme_sync":"{\"canRedirect\":true,\"ts\":1704111630}","server_time_offset":"-1","dc2_server_salt":"\"f4a31d1531082ed2\"","state_id":"785203879","auth_key_fingerprint":"\"03f60b53\"","dc1_auth_key":"\"65f364cdd95d88bf9d50dde875115239391ebc51796170d4906df5b1466d234361bf13f49e23a2bc379e1dafffe81a01ad91a184a5bab2d729459b2fe03f3b03dea3f5d34891a0dcd7bbd37d52cb2a2538c9451b52af2256bebad67c86571149c2f407c29ccfc251931f75d6efda0e35e3e542e3d5ffc18492c5812d3aed510adf66b21ad1dc1160a361fc672171d059a4462a0317a4e52a8da9702abca1564fd4fe340781ddebe4e94d130200c194f9764812ae9b4e590cca956f0cfb332bb3eb1fb5e1424926d5bce83435ae3ad8d0da506120e3167c8385728e42535f2ff0d43bfd3f4d08d41fbc2caac1b1559ed5dcb5d9a969564ed5e1e306daf204d6b1\"","dc1_server_salt":"\"3c69467f385fc1c2\"","dc5_auth_key":"\"0ec586261493a3bae487298c3fb53d67cb8b891620374fa387d4236412bd80218464a14e8e7bf25cf84c4e9b02243178ed0e26cbcdae3fb3fcfddeaadb20f9482b59e013df3b2ee0a3bfad9a1aa6c13538011f0f191f88ef82519a9903d4f8abe776d66dbe9767c0f40366445748e2d243c4314a6c500b8230387359f322f7fa92799fdd2ba9cc7f47c032782570e396bfdca11b17be9123a76b947ee7b3cc622659926da531f016e93281643df60b930ddcd33e59ba57dddac8294ff7e2260cda1b1a040aa9ec0ae3ac072307c7ba898196f6b9478c004842a99d4e4d51f895e900279340e0b2d0b291872f327d2b07cd1d798949ac7d7c7315e7c2e96b8151\"","tt-global-state":""}
VM37:1 —————-
undefined
