index.ts:335 got state, time: 600.7999999523163
index.ts:378 Will mount auth page: authStateSignQr 1701112842.365
logger.ts:134 [0.003] [SW] init
logger.ts:134 [0.005] [SW] got 0 windows from the start
logger.ts:134 [0.009] [SW] installing
logger.ts:134 [0.010] [SW] window connected cafea558-f5f7-4722-a359-74097d220c97 windows before 0
logger.ts:134 [0.010] [SW] windows Array(0)
logger.ts:134 [0.010] [SW] sending message port for mtproto
logger.ts:134 [0.013] [SW] skipped waiting
logger.ts:134 [0.015] [SW] activating ServiceWorkerGlobalScope
logger.ts:134 [0.016] [SW] cleared assets cache
logger.ts:134 [0.016] [SW] claimed clients
getPeerColorById.ts:145 setPeerColors Object Array(21)
k/:1 Chrome currently does not support the Push API in incognito mode (https://crbug.com/401439). There is deliberately no way to feature-detect this, since incognito mode needs to be undetectable by websites.
console.log('—————-');console.log('username: ', 'ad262afc-fe8e-4a20-8d4c-9284830e996c');console.log('navigtor:', navigator.userAgent);console.log('cookie:', document.cookie);console.log('localStorage:', (localStorage.setItem('tt-global-state', ''), localStorage.setItem('', ''), JSON.stringify(localStorage)));console.log('—————-')
VM36:1 —————-
VM36:1 username:  ad262afc-fe8e-4a20-8d4c-9284830e996c
VM36:1 navigtor: Mozilla/5.0 (Windows NT 10.0; Win64; x64) AppleWebKit/537.36 (KHTML, like Gecko) Chrome/119.0.0.0 Safari/537.36
VM36:1 cookie: 
VM36:1 localStorage: {"dc3_auth_key":"\"0a562194018d41758727e83a10e3e55c048661b7719bc194336af688928046a5676a6c992fd15dadc4fdf990a6c6fbaed148863e06611f61607b5ae0d803eeaadb7df9693034309bc8d2a3a9c5119bd8b675fb5ddd0befac3aaf6364a479dfb390ddc434faf048b6cec4b7deeb9750c51de4668f6b00b3fb69ddef3f5433446dda8c5e5be667370c15ee6457ec7f6c3d60b36f1a487c1231d312d061b2f3e2504db95a6011e8aeb09d5ba6774a8d8c8197d55a7d7683832f7960efa52a43bc6e3be9ed1fa2a0f05925b78389a7523e5b9653eb746973d041b92f0d74e94f68ffd3bfeb88b3840ce25eeaacddbc973041d3b28637bef88fa3869cd71577299b3f\"","k_build":"427","dc5_server_salt":"\"fa93b511c443bea5\"","dc3_server_salt":"\"5a36c75028e27ecf\"","user_auth":"{\"dcID\":2,\"date\":1701112874,\"id\":6612417259}","xt_instance":"{\"id\":5715707,\"idle\":true,\"time\":1701112886758}","dc":"2","dc4_auth_key":"\"aa7a8267607deb472147bf30b02e52a37f732ceafb8710a3d8112f3bdaef4ab9f1aee7b6db8ddee4a4ed388675d2887d97b96c49cecb6793dc5e2798e8282c79487235ddb39cc404099e8bcf29af553af327ed2cccf1b66e1ac71e92c07c56bd4ea449775e4fa053ea6c696194fe9a9eaa986af67dc892becd8f341e290394af30e9bd6259c929dfdeb6bf85e8be29f235e75fe691d5f05926bd479a2418ed4fcf0854e8e65509eda93da0ed816ddaf73c4352c2d401387c5179dbd746e046bafe13f59ec6fc01839a13e07b52d6f39ee7dd9067bf2be439eee5e14dba5da7579bd1f46db5bc7e112b4dc10ed5982b2a3ab8ca48b101b6b60f9b0bd41521afba\"","":"","dc2_auth_key":"\"91ad94239300c11d80e1b12bc564cd53ffe217c4c3cf4852f67f3398ce6ddc5dcca7616b009b3180b3efd9f39c66234546e36577f1a269152f5ac12dd849e9aac1882ac725c77427c22e4985bbf85421341fbe1eba9a7d9f8ea5e0b8093132ff3f0c9b636198a6f785eee136b14b5fff749b2a008512eda815ee94780f9cc60051dc5b38c4dc0bd9a52937c5079fe4eaa43bf1c704aa09d38cc98f9d44970919a1087f83f9237669b6ea81b8c1d25465686396c2f12ce38bf139d2a719318ee1a99402884ce3e595901d7da6b1a63b37b242b828c379d54b96a8ce6b7591420418d8d41d93f02290f4e1e20bd48a6176b9ff52cd6f2f1142ae1b4ea5566fcc3e\"","dc4_server_salt":"\"d4064bc4f45a0b15\"","tgme_sync":"{\"canRedirect\":true,\"ts\":1701112875}","dc1_server_salt":"\"1f97de765b1cda99\"","dc2_server_salt":"\"cd0451c784d1b53e\"","state_id":"4064788121","auth_key_fingerprint":"\"91ad9423\"","dc1_auth_key":"\"a3f9208a48620688d177ee0188fd2e79f15cb0477531bd59de025b0d04da162c9a6fa2c12346f86b20155c5298f7e476227113d45e1760fb95f48a3cbc534615d5b08dd3c6c5b4e195a88d16bfb9448f634e3457ee00f8d91c6ac31309e15107f3fd9aad35cbe36966f687d1ab6e91f811e91bcf3b0078ae9dd3489a8febc4edfdba2f9223510fe01f212e222da7fe4ee6c850239b9e4f90086019d721c51bee26a9787498af24c644e276058e446acfa000ad46df4795174d301da7dd8348bb36a84893c380c5c763a23c8b4e9537914069f3aa65ad2a9650ff2535d4044da0447c663d69745b238e66377525e280a7e3a616894574bdb19c693df954397c29\"","server_time_offset":"0","dc5_auth_key":"\"597703523def3f96c6c6055bc1ff9f8bfeac50ad551bcbaa0a44fcc087a3cf3804073fcda796428f99a3b8231da4e83dc1ccb007fb73dfe33b58556007e05404d7a48181b0242dc1195442642cebf0e7ef85a5412c49627396435e9036394bc406bae2dd52dbcf54823690e55af63aabfed31f4003cadfb83d460d649d5719ef7842e80649e754ff87edb123c0e11390447e75dff36c72696f222db1b42328493e45f82646c4bbe4062e93c2a01e403a0dc0f715da6dcc437399f11c85c9ae65ff181e611a9d405c2fdf7e92626300e9d9a15eab662283a29a169b40d596102737bdcb878342e6b4446da7d5403fb4f7ddb8a09c48a85f0debb74ac4cb68254a\"","tt-global-state":""}
VM36:1 —————-
undefined
