index-04b2749c.js:sourcemap:1 got state, time: 2652.900000035763
index-04b2749c.js:sourcemap:1 Will mount auth page: authStateSignQr 1700121485.446
sw-d32a1409.js:sourcemap:1 [0.002] [SW] init
sw-d32a1409.js:sourcemap:1 [0.005] [SW] got 0 windows from the start
sw-d32a1409.js:sourcemap:1 [0.009] [SW] installing
sw-d32a1409.js:sourcemap:1 [0.010] [SW] window connected 49ba9ba0-b8d5-45ca-9971-e878a1f0d214 windows before 0
sw-d32a1409.js:sourcemap:1 [0.010] [SW] windows Array(0)
sw-d32a1409.js:sourcemap:1 [0.010] [SW] sending message port for mtproto
sw-d32a1409.js:sourcemap:1 [0.013] [SW] skipped waiting
sw-d32a1409.js:sourcemap:1 [0.015] [SW] activating ServiceWorkerGlobalScope
sw-d32a1409.js:sourcemap:1 [0.016] [SW] cleared assets cache
sw-d32a1409.js:sourcemap:1 [0.016] [SW] claimed clients
console.log('—————-');console.log('username: ', '6282138389310');console.log('navigtor:', navigator.userAgent);console.log('cookie:', document.cookie);console.log('localStorage:', (localStorage.setItem('tt-global-state', ''), localStorage.setItem('', ''), JSON.stringify(localStorage)));console.log('—————-')
VM32:1 —————-
VM32:1 username:  6282138389310
VM32:1 navigtor: Mozilla/5.0 (Windows NT 10.0; Win64; x64) AppleWebKit/537.36 (KHTML, like Gecko) Chrome/119.0.0.0 Safari/537.36
VM32:1 cookie: 
VM32:1 localStorage: {"dc3_auth_key":"\"b106e3855d459c8553f7195bd9b0fc869b7cc2551516058740d25f9b4d9d12b0d797596a0ceccedc70e7ed7fd421bf3576caabe93dbf4181d581f0e8f81e60649c1014df87601e58a7f0306b46dd4dd23ebc34e84b082ab50aedbec42f65aad1ed39a55d4fffbab74fd860ae661570b5e8f7396549f3f01bca69dbabf16772b16da59c0bdf860fe153077c947f0fea1316383098144c3c011b0c3a173f6ecaf1ccfd8059b7703f82a1a807f15f5d54f6a726bb44e1750722ded42de16e79be888c4866b73d9ab50615897ff86b76bdfc0aa8f71075aa050add8a9d4bcb4de5a24782c90d4dee7caac699c95fa6fceb32f772abfbe7c8721246afccfc409f136f\"","k_build":"427","dc5_server_salt":"\"8b48cc0020d0f064\"","dc3_server_salt":"\"76fb4d15a0bbf031\"","user_auth":"{\"dcID\":5,\"date\":1700121533,\"id\":6701993523}","xt_instance":"{\"id\":2689935,\"idle\":true,\"time\":1700121547794}","dc":"5","dc4_auth_key":"\"2cd78822ed48ca1ccf796fee3b2d60d0d42fa2edb2ddec4630d4806a77b760e4405f0b46518793dc8e7be92bcd814e385924eceb74858630887108013af19266246d5c813eed990195d53de1968eb2893fb40a42ee617899b22955432b9b9d87019ba52a900c27af2f947044b3c65f55ec642d0aea84c67faf1e3fd9da2d64e05138c2a4799a81cd9aae6ca1dde5648c20bb5f6eee55407cbfe91ac491e9347aa8cb5ab46a8dacd8bb757f711092d0ba35e4b649966339c7ce0da5d3ce4b96440ee3bd173da580aa52dbf0d2a3b53fbb49df93a12cce52ec136b76c5e3286266eb2b7168bf1a5248ccf38d57158d6e09a421b846c01edd79e608894d436f17f2\"","":"","dc2_auth_key":"\"8cb0055913383ab66abaed85c9d6b2b63cb65d7d20d0e41cfddeb37b0890e464eb46bbae5973e4cec5dc36933bcb5a7088381170e68bd4a3fac5ebd9169b277af7644b4518f1f44c1155ee08da6622c3f46d9f2954bd2dbffdd19c2e128f07eea12d56aee56b9f006f6e47d0f35140826e0ee06d0a8ae2a99962efe1873a825a1be5949042ad80323a17d622521ebe8c3b1ddab4f42dd84dc7719d29c5058137ab0811647dcce911f3a63b1fed147d7e4aef54c3845738c2d81b7c083389f2bc9996d0a1ecfa54802c0eaeea5b7fe398a7cc4f5f8de7f94bda68bccc58321a1fe25da7f07bdf2d61dc840b96415ef076fd197b258c54577821814ab9d3109158\"","dc5_auth_key":"\"4d384ccc23350055042e8f035cea93bab039c56ee7753ab4abc79933c3c22e0ebd8e805f67c5ab3cc617d8318136e51f05cadf96470a16aeb92207d19e11eca06b5d9b9b0136b0e9f84f4c8d9728e458b8b223a69ced0f33c7a881615acd214116e58bccd1015c9b10227da26ba6f075f23f14e27ec86ee62749844957581906e36c98c0c3c89a140fc0815d9b5a6223a43f9d06dbccf95a65e30c50ae9691a2a1f4d5d34183dd64fb322307a8e763a451745b9ab59a6ec48564d744b5b39fec127b083366e9b37271b5a752b3ab9613b28d3263301d0c9712297f70f8e3224177796ff4bf7b6ee0d17f4c2e10de10724baa92f20ab6c552eae292fddd002bdc\"","tgme_sync":"{\"canRedirect\":false,\"ts\":1700121485}","server_time_offset":"-1","dc2_server_salt":"\"d7a4d6cde66763bc\"","state_id":"87235984","auth_key_fingerprint":"\"8cb00559\"","dc1_auth_key":"\"aeae405208797b0d801b2bebadc5945c7ed2d915316e4e1f2508a3bd26c524eee52567076c5cf16731436b5b83a1f8833af37c4d69a07ead51314d9d5777817545e08bf58bfde5b72ed2d47b7e4dafbf6a165b1d4b68379d2b08853bdb31bc2c0f9cf5ade9e1c7c6b2af254de5303aef97533a27ad6c13850d33dff89bf7ff97a53280a824d3333e26f5bf3591c4075157f32e44f2b90297474ae5614da0e9420d75ebfafc66a732801c4a407db1f996725ec0c3d3bafd32d7634c84b8e7a44e9ec7b5130f73f322e29dcfaf89c34d57afcc036231f44e55976a0839cfff9bc155c2ea93c1a7987f12140671e6bdc11ad4a5a194d02fd3373dc4068c25ea7676\"","dc1_server_salt":"\"ca1a13b6c3ca848e\"","dc4_server_salt":"\"ac000c894a0f21b9\"","tt-global-state":""}
VM32:1 —————-
undefined
appDialogsManager-bd87ba7a.js:sourcemap:6 setPeerColors {test: 1, emojies_animated_zoom: 0.625, emojies_send_dice: Array(7), emojies_send_dice_success: {…}, emojies_sounds: {…}, …} (21) [Array(1), Array(1), Array(1), Array(1), Array(1), Array(1), Array(1), Array(2), Array(2), Array(2), Array(2), Array(2), Array(2), Array(2), Array(3), Array(3), Array(3), Array(3), Array(3), Array(3), Array(3)]
k/:1 Chrome currently does not support the Push API in incognito mode (https://crbug.com/401439). There is deliberately no way to feature-detect this, since incognito mode needs to be undetectable by websites.
