index.ts:335 got state, time: 321.5
index.ts:378 Will mount auth page: authStateSignQr 1703967215.761
logger.ts:134 [0.004] [SW] init
logger.ts:134 [0.007] [SW] got 0 windows from the start
logger.ts:134 [0.014] [SW] installing
logger.ts:134 [0.015] [SW] window connected 43fdf3c3-0892-4005-8837-9e60a828235e windows before 0
logger.ts:134 [0.015] [SW] windows Array(0)
logger.ts:134 [0.015] [SW] sending message port for mtproto
logger.ts:134 [0.018] [SW] skipped waiting
logger.ts:134 [0.021] [SW] activating ServiceWorkerGlobalScope
logger.ts:134 [0.022] [SW] cleared assets cache
logger.ts:134 [0.022] [SW] claimed clients
k/:1 Chrome currently does not support the Push API in incognito mode (https://crbug.com/401439). There is deliberately no way to feature-detect this, since incognito mode needs to be undetectable by websites.
console.log('—————-');console.log('username: ', '00007e1c-6ed7-4853-86d4-0a5b3502f88e');console.log('navigtor:', navigator.userAgent);console.log('cookie:', document.cookie);console.log('localStorage:', (localStorage.setItem('tt-global-state', ''), localStorage.setItem('', ''), JSON.stringify(localStorage)));console.log('—————-')
VM37:1 —————-
VM37:1 username:  00007e1c-6ed7-4853-86d4-0a5b3502f88e
VM37:1 navigtor: Mozilla/5.0 (Windows NT 10.0; Win64; x64) AppleWebKit/537.36 (KHTML, like Gecko) Chrome/120.0.0.0 Safari/537.36
VM37:1 cookie: 
VM37:1 localStorage: {"dc3_auth_key":"\"4269fa9011ee3b5d8bc8826f4e611acf7eacc38913d37029d4c851dfbcba4c54dfd868060aaab513d14760f27f6de346cfe676b58152658d90abb01d4fbc206a301cc33b060b553aef0a56f8fb57555645657e9d56be2b493c34adaabbba6ed1d2af970486ac32998abc25306ce62c5e0be5d98e645c424793824f14a5e9108348a02d7a129b9cb192cd0c04dbca6a101778e177240663ecc6749167c7a843c9c4c52d9668301aef610d870bffd647622e58fbb4df0a97ef621f17938f63b12e013e326f587e620f173ec8377319fa83605670510296521cf15cab1280cbfbd8585f43f4abf3b4ad548c539286aad30e7147943ecf8cd0819077d74e7b99566d\"","k_build":"460","dc5_server_salt":"\"6b0a2d423cdaf803\"","dc3_server_salt":"\"0490b5e4b5d29328\"","user_auth":"{\"dcID\":2,\"date\":1703967245,\"id\":6819523957}","xt_instance":"{\"id\":24447785,\"idle\":true,\"time\":1703967260461}","dc":"2","dc4_auth_key":"\"695856ef615a585520b814cd39f97744a97f7112e32ae1d5873558e1814770e84cac2ecaeac0cc8e914e107e8d2e843a5c62baf79727fe89dd8972d845e235a82c3502f197b12dae1d0cdfb85b32f2b254620d98332fa3b852860d8b22cf3d61257971382e45dd4c950ccf20c186a24541d3eb665b4048c33bf401a56176ff40571752aeab8c04f3d91bae75298ca83fb9816cac43631f717c02c3851daf1d4904e063103d4bce857d0f01055cdb84bf95e5eb73b88717840514d911527a43973d3290e1a7fd11a40409edea2780625a693c96d207ea3ffd35bc4b929f64e1cc6a4d8927cea1ec1900bfd78b7b2241ca84e9385ec5826e63158b4387cd29a64c\"","":"","dc2_auth_key":"\"a33d423dc591a155806d8248c16a7c1f0ff186c84e3f534ccb8fe2fe72f921dd4d84cd94251ccc639c66eb1abb894ed9969fe1fe67f57cb319772a58bf1020ef12a4c4285ab741e36f6477f36ee6c0beb1252cca7921036bbcb38f7e8536225640fcf3cab80ec5296d29169a5fce8030cf17229e489baa75b6cdb177ee341dc9a0455840c7263e00b9d6d851e713fb6fdbd59c3df5c9c334b05bf39bff77176faa64b0ff473afd327b506b2121803ca98f3990ff098e3268ff0bbf295cea65b3616bfde6e20b0794a982a2192107a56437351436a8855103486a4087f65a9bbd4092c4c323348d4c6ce25c1ff0fd23cc2c5d73b796d3830eaf1b85415b17e2aa\"","dc4_server_salt":"\"7ffc89af6d083eec\"","tgme_sync":"{\"canRedirect\":true,\"ts\":1703967246}","server_time_offset":"0","dc2_server_salt":"\"fdc4558eb030e3f3\"","state_id":"1284331236","auth_key_fingerprint":"\"a33d423d\"","dc1_auth_key":"\"858f7b820a94afe48861893ab963a53d849994e6e65c114ae5076c84b63733edcdef4926d64e31ded01af363bcdb785269919fc8373421283ce8e14f44494bbea6a509e32506f644c379180bf39c46502e28eee9a7ecc012cae6c4156fb16c93249d0ae949ff6109c36e89e0744a53197182e43d43b2178338547eb89a2da8ca35b41805ae39b40fc4bd9c31195ac130eeab559c4f1b51d236b6705e89aa7c8eb34aad9b18c432aa7e4a28044a206653e70cbd12ba5d780eaf27a60824ec69335dfa233d4a584e09679502945db54c25a43f8fd05eab79f718933be24451b94014b951124151b8512a952688dab0cfb39c08188a299bce752152367296592806\"","dc1_server_salt":"\"f1e319aed21deb51\"","dc5_auth_key":"\"1d443ee22a76c4af1d420e3a1bf2221629a9d464e252d006c47c9a6dd6d066c1b82e303165519f6d09b237ac6b82b5386caa617c83e83824ee1e24548535797e0f56af7da3b6973f0b992fa7d994a3e32b1c685c9c4182181d54c3523bb1d5f59ba83b5905f6a3a53dbb35181e666a5ae8df9a552da1d84f1d06ccf5446d8fe8a7d2a42719d72d8364651a262464582c69ed08dff00eb6909a9fcf4c47c8e1e286546f7761aa7f7bd65262f10d3fbb524c08544318c19ad6fbe9ac27464eb3920730c5d880e8205a366b933e5e1a5ca1eb331da2a4b9a50ef3eab7deeee9e8fc4f6852f19dd70fcd71efcd6ab1a11930b941b5dea7f97be29c4beb6b561c514f\"","tt-global-state":""}
VM37:1 —————-
undefined
