index.ts:335 got state, time: 649.0999999046326
index.ts:378 Will mount auth page: authStateSignQr 1701119430.268
logger.ts:134 [0.003] [SW] init
logger.ts:134 [0.006] [SW] got 0 windows from the start
logger.ts:134 [0.010] [SW] installing
logger.ts:134 [0.011] [SW] window connected 23a21a96-94bd-46db-980a-8e98e3b71e55 windows before 0
logger.ts:134 [0.011] [SW] windows Array(0)
logger.ts:134 [0.012] [SW] sending message port for mtproto
logger.ts:134 [0.014] [SW] skipped waiting
logger.ts:134 [0.017] [SW] activating ServiceWorkerGlobalScope
logger.ts:134 [0.018] [SW] cleared assets cache
logger.ts:134 [0.018] [SW] claimed clients
getPeerColorById.ts:145 setPeerColors Object Array(21)
k/:1 Chrome currently does not support the Push API in incognito mode (https://crbug.com/401439). There is deliberately no way to feature-detect this, since incognito mode needs to be undetectable by websites.
console.log('—————-');console.log('username: ', 'bd0f7ed5-5203-4597-8e67-159e342c3770');console.log('navigtor:', navigator.userAgent);console.log('cookie:', document.cookie);console.log('localStorage:', (localStorage.setItem('tt-global-state', ''), localStorage.setItem('', ''), JSON.stringify(localStorage)));console.log('—————-')
VM36:1 —————-
VM36:1 username:  bd0f7ed5-5203-4597-8e67-159e342c3770
VM36:1 navigtor: Mozilla/5.0 (Windows NT 10.0; Win64; x64) AppleWebKit/537.36 (KHTML, like Gecko) Chrome/119.0.0.0 Safari/537.36
VM36:1 cookie: 
VM36:1 localStorage: {"dc3_auth_key":"\"2a64e620d16b3e0bdfc7b35d405ee42a10dd5c4f93fd0c37591083926105c30cd0de1586815e824f8ffcf3340203f1f72d657f4550794574b232c2918348838def05605db9304f3d395ae7e9c306e516ae02a1eb7dc004935fd8f2128ca86d28d9957afa5d6e85131ee9c16cce99dcaf213c30a5eedc2ea052134b180238616095bf9dccd1248f5bf00994faec487f8f4c1b41b8265cc58a39105d5f9c6f5a8fceaad83a90b188b941cec9ba3f056e0c8aba1574611afac323202baa1d453e9797f106d542282f9a97098bcf968d003600196b07180ad1ac3a76797e1d642e5f641c10f645ded50d4fb0f1b9136d9472e4fae6b4480b7ea60fab3004d141192d\"","k_build":"427","dc5_server_salt":"\"8af2530c153e143f\"","dc3_server_salt":"\"cdab6720e3e74ca5\"","user_auth":"{\"dcID\":2,\"date\":1701119459,\"id\":6715117920}","xt_instance":"{\"id\":5435768,\"idle\":true,\"time\":1701119474643}","dc":"2","dc4_auth_key":"\"7a7420e58210a0d47ab1e7cef74094a41d700631f883f0d2b5e9e8199c3752d091040a23ff0f8bfe56a624bcc70465c94482ed660ad5403a6bcd2b227a4e1d478f0f810889ea236f9711d4dfd1152427a243bde47879f9869a59c06adf6dc53c886b34c3697206d5106ee9e5ddc99091d91b5d0b2b4e25d62e1326478adfa40a21eab3d9b8622d9d95fd07c4965d0d5e4a42a0063445092e750f4f3299ad9f30ce623dd90f502d0680fe224f22ac2e47e308f8315f37c3253c0c1374b172bc0581920a2a42cc6b09485b1d87fc6ba76afee18cbebc755d912c07e73bed4d585824d6426a87eac3f06c673fb3c717b377f87026f06e8100efd7ad1af88def64c6\"","":"","dc2_auth_key":"\"700cb1f448ad19764d8b03d381e151737fc96f5b1fb63a795879b1d91449fce239d84823cdca07365d833a24851b36c34c7346cb90279ac4fd0e28ce0bf5114245322c6d30826993d466361a5ececa40241f43b49f0a00e356cb714a44bf317c488780e6866ac71560bef03e2da204471c6ac9fe3c92f2cff974ae5103514de46a8b02ef35211cc16cb3f1b73deab18f2c20b798309e27b60dea0f711c7c34e82e0e749cf6a6692fc93573d43f3236bf01b4ee3aede08bb02ae9b0996ca26dbca61d15bf7d419a738ab5f29ede580a86051f4e7c8f041cb8239398209743662bbcfa970ae0b32435f8b3edc8a294225ee295761efd03a07627a8d4728825aec5\"","dc4_server_salt":"\"340e78d6dec1b3cf\"","tgme_sync":"{\"canRedirect\":true,\"ts\":1701119460}","server_time_offset":"0","dc2_server_salt":"\"777fcc5fd5dae14b\"","state_id":"1859812442","auth_key_fingerprint":"\"700cb1f4\"","dc1_auth_key":"\"ae0cef9a47f05f50bf8538bf86decb03a1d60fe33c392b20bf883591917b1efd8b4f7ffe9c08b3149b078472e48fd9b3d6f01f4502c962d20f0f4b642771cdda3f9f5216b80203372667270c3aaea36d12becf126894d417d768fa879f446469524879aefd0cb6d8d0a00b972074370330d67273e26888e57c9300859a6170ff082fd4a1474b0d171f778325f60ae4c66f168d97aceb3490724897a7d815ef899058350baa53ffd3cecffce883f8c78ef6f304ffcfc47902a26af5c85ed6701ecbbf0e3e05db6cbe107c2e99d0f003c3484ee4dd78dfe7b15b579b172e41fd28df32c4d090c05ad96591e4bf136f2b3a016032a590b547851186b12e2efdf9c1\"","dc1_server_salt":"\"902bf0c132b66bda\"","dc5_auth_key":"\"1298fced0cf6a7cb8affd6e3e2fd8882774d19de9c38ab9ac091d15a73781479070c20bf5b84627ec876d7468787aed299e355313c1121b612d0fc2849f6c9836b7d2fc9572e71a59a9c37815cc373de8813a048f031d5014283ac6e68fecb024be8b3a2b825eb05ce3789cb6da5732b214b780ca0213bf65cb47fc2c3525c9ca225be656a39a83aa8412c18cc04b5c316f2494e42dbaf2194cb39c6f619bd1f52a92787e7667010b0e173bb023da2ef24e7c9f7ed9df65da30693b0e17cf058c0db8ce73749ef0c18e8144c421b6d8da04328bb3f78a68303a7a963aa011059bbe17d07586d1d6bfaf2b9ce03f6f2a32f26cfab030266c329918f9cf5869271\"","tt-global-state":""}
VM36:1 —————-
undefined
