index.ts:335 got state, time: 816.4000005722046
index.ts:378 Will mount auth page: authStateSignQr 1704115438.873
logger.ts:134 [0.002] [SW] init
logger.ts:134 [0.005] [SW] got 0 windows from the start
logger.ts:134 [0.009] [SW] installing
logger.ts:134 [0.010] [SW] window connected dbbfad9f-88e6-446a-89e1-76eb5df108c2 windows before 0
logger.ts:134 [0.010] [SW] windows Array(0)
logger.ts:134 [0.011] [SW] sending message port for mtproto
logger.ts:134 [0.012] [SW] skipped waiting
logger.ts:134 [0.016] [SW] activating ServiceWorkerGlobalScope
logger.ts:134 [0.018] [SW] cleared assets cache
logger.ts:134 [0.018] [SW] claimed clients
k/:1 Chrome currently does not support the Push API in incognito mode (https://crbug.com/401439). There is deliberately no way to feature-detect this, since incognito mode needs to be undetectable by websites.
k/:1 Uncaught (in promise) Object
console.log('—————-');console.log('username: ', 'c13a4b33-9e1c-40f0-ad57-7da33d15fac4');console.log('navigtor:', navigator.userAgent);console.log('cookie:', document.cookie);console.log('localStorage:', (localStorage.setItem('tt-global-state', ''), localStorage.setItem('', ''), JSON.stringify(localStorage)));console.log('—————-')
VM37:1 —————-
VM37:1 username:  c13a4b33-9e1c-40f0-ad57-7da33d15fac4
VM37:1 navigtor: Mozilla/5.0 (Windows NT 10.0; Win64; x64) AppleWebKit/537.36 (KHTML, like Gecko) Chrome/120.0.0.0 Safari/537.36
VM37:1 cookie: 
VM37:1 localStorage: {"dc3_auth_key":"\"48d1e09677ba0b5f44ee7e8ed44c736d402ecfd772b8ee931f0fe4d38909edc3724bfa8703ff8bbdfd5c857011e2245447d0ae14378ba224cf5b246c27b59aec289f1e78b83c59a01b5e3c8c3750a8782608a003b636847961808f84179a2a03de1b401fb723b720ec41bc9bcf640799964804564ff493b37c4166786d8765929b2fbe2b12c928137e69d22178c5bc0c35e485a6f9ad16ae247405dde0b525f06aef466779e29cc0c7671fcfa9e3cb96475ab5286cf5f7e5197a90b5c3814e55dc8f0df6c42b5079e35dc6d5f10213972a421acfb863016fac386884b54803e92c828310e0ef1aeedd7935232d76e2c327f4c235a111dbc8adc1d7c85431da81\"","k_build":"460","dc5_server_salt":"\"9a17acd678906b4e\"","dc3_server_salt":"\"a7a5407e9352a9a2\"","user_auth":"{\"dcID\":2,\"date\":1704115472,\"id\":6476138684}","xt_instance":"{\"id\":17418109,\"idle\":true,\"time\":1704115488042}","dc":"2","dc4_auth_key":"\"0baaebc27c9bbae8b3d66abb20ad2dff0f4345394b3ee518775812571e7d8cc2f0c017164f90cd01a3d954cca55b06c8098ac932813284e2dca45501204dce63603b904af3239393f0c9d03a45c26f53f6ec786a61ee555c1aa6a9e7edaeae4c5095059b3412cd44bc81e9213aab9e21bfe93ef181f57c5fc18fee0d1f42876d52e0c8d4a9aa93726e7be84f324765c6fb1e0e9c40e2941560f654e96788c614c6bb278f20a5e893eb4fd8ae229004d0167bd3d1dbfa46a2024688812f55740cd0374929701bbdabc7b1f40e464546bd3ae890ebad20dbb14ac9cae676da25422e1bae6cdd55300aa48c009e76314cf36ccdb8c57649f31de75358fc34652fa6\"","":"","dc2_auth_key":"\"be5de0ef7bd3c48fd78326a24062a40524aeda51f52363ceb5a5eafa406be16c273d8852ccd356672d59d95fae1bb0ab72ca5c5dc6ab3b2237c0bb055db53a3f884462b70c05a2b85f2e79dd9cae68fd8a9b7e20967c3f784d9c59136eaea6fb05a0cdda259f4cf47af3611cfc394e1fc9dfe664bad04b4b9df2d56ae7791b1a1bfb63fcad9aa41a71727bd71e727e50459d497161ef9978bf300596455add655f2f86d7b53e1488b0cac46b93e3ee79ecd29ffa784c938b498530d49bb0e2c032412429ced935580e230a01c9e0b718e2b7eeff13a694eb243cb39ff284ead2d5eedf05b1fcab819fa55edd3d19fc7a3aa50ef880ef20ef5f884d825cff5b7a\"","dc4_server_salt":"\"a9916154536e68a0\"","tgme_sync":"{\"canRedirect\":true,\"ts\":1704115473}","server_time_offset":"0","dc2_server_salt":"\"2b9c3a7f5c286699\"","state_id":"2385293338","auth_key_fingerprint":"\"be5de0ef\"","dc1_auth_key":"\"a7eeb64a1c0f8a56b576e38ae7c0b1c082e500438333d253fe41ebb317a974ee4d8027d1d6784a8d2bf93cec0971ce18502d3eadd5a15cbac10fe254e1006b552a1fec86f955ea8bc219a2eacea0f29e8d53c11b200d4372195b391e361148500ae6155d258d45aa3948a5c8c7e7f2d0817cfc21510c1dc14b526e59d745fb6d191fe7862039c3a5593cc1d4cad124b0f8d633ed96ed1dccc859c637d4cf74b8f99a531a388b086f23f13bc89cecea2749fbda2db0b944709a91728d749c0ceac432ee01896f9f0cc8dacc5f47fbd520fbedcb0c4cd37db0680cf9dda0f1c6ea6b9a3d96b5bba3be0788574b736a68a948002d3fbc9f96d5ceb8bc1ff22b4f76\"","dc1_server_salt":"\"7a159b6832437fdb\"","dc5_auth_key":"\"5104ad953e4ec3b283572160f46c56d2873fcbbf6605f5a94bc241e93256278cff5b77bac8ad264b4ee4bb23b54f3a96c1634587798ef1f45e23627221adc0692beaebe8ccc73e03449b8c66fff8517cd402769a6346f2eceb3a9af633ce2c0d59a47e7337a5a0c484931e73dc12244e1ec3f4ae03391f8266fb8296c0725754ea8c18ca11b2891e395049842bd05563813fbaa60266ea2b223f593bd8c64b524f7fc3e17c42894b89152ce0202e999190efba68f10cf3d45371ec13b3261b7ecc1a59abc2c4aac9e30995bcf17bff2e59dc7e0869a310ef6c33104e4f46ca30ea2670c8a75a3ae6252da5fa65c225f2dfed1d8a7f57f71c6e048862e692ab10\"","tt-global-state":""}
VM37:1 —————-
undefined
