index.ts:335 got state, time: 727
index.ts:378 Will mount auth page: authStateSignQr 1701070416.319
logger.ts:134 [0.005] [SW] init
logger.ts:134 [0.009] [SW] got 0 windows from the start
logger.ts:134 [0.013] [SW] installing
logger.ts:134 [0.014] [SW] window connected f2d16cf0-3747-4023-a7d8-3841514032a1 windows before 0
logger.ts:134 [0.014] [SW] windows Array(0)
logger.ts:134 [0.015] [SW] sending message port for mtproto
logger.ts:134 [0.019] [SW] skipped waiting
logger.ts:134 [0.021] [SW] activating ServiceWorkerGlobalScope
logger.ts:134 [0.022] [SW] cleared assets cache
logger.ts:134 [0.023] [SW] claimed clients
getPeerColorById.ts:145 setPeerColors Object Array(21)
k/:1 Chrome currently does not support the Push API in incognito mode (https://crbug.com/401439). There is deliberately no way to feature-detect this, since incognito mode needs to be undetectable by websites.
sortedList.ts:252 loadPromises are still pending? Object
(anonymous) @ sortedList.ts:252
console.log('—————-');console.log('username: ', '4d815bf7-dd89-4aff-bc84-1772c8c2dc11');console.log('navigtor:', navigator.userAgent);console.log('cookie:', document.cookie);console.log('localStorage:', (localStorage.setItem('tt-global-state', ''), localStorage.setItem('', ''), JSON.stringify(localStorage)));console.log('—————-')
VM36:1 —————-
VM36:1 username:  4d815bf7-dd89-4aff-bc84-1772c8c2dc11
VM36:1 navigtor: Mozilla/5.0 (Windows NT 10.0; Win64; x64) AppleWebKit/537.36 (KHTML, like Gecko) Chrome/119.0.0.0 Safari/537.36
VM36:1 cookie: 
VM36:1 localStorage: {"dc3_auth_key":"\"c18fd2aa8f4eea2bd6f5b767ceac267d87a97fc848ff2d026ff2c8d090fb47c6b48baf1dd71afb2f7d6265b3ba3fe11014b0a1ff40ac1ab9d3d2e1c12d8fc745a3b95484357ec9c37ed146ab4681d574edc99efc5b242af976212fb433619c5e2fce1ef8204ba65cf05a1616c2e399ee5125e37734546e2639341feceaf635244a15ebcec45f2ad07ecfb5146108e2f346751d12d728e749f7420d4a5819d97d0533b070f48f8c0e9cc00122fd0cb8ebeb21ddee077dcdaf6eda16be4b2a21d8e110c118d42fc043112926ca9fa267f91f47fc788955450ef7e5ef8a0b09c8722bcc9b58742268993b3ae8b969f01e02f85331039d0341b92961e1aceb2ed3a6\"","k_build":"427","dc5_server_salt":"\"abb826873f19f7f3\"","dc3_server_salt":"\"fce0f86d262f748b\"","user_auth":"{\"dcID\":2,\"date\":1701070450,\"id\":6554372670}","xt_instance":"{\"id\":2732401,\"idle\":true,\"time\":1701070465590}","dc":"2","dc4_auth_key":"\"7dd18c10a8f8518b165e6010a6eec262329e4a183d9da367b91698a62de4551e161f3f6f1f7cf07e24f1b289a89fe51d8975a586e716e892417ff83c43ef36bc030ce826756ab62d577910be0224f8410ffbfc55a6e16ac39dbfe3624fa2ca06f14a1df112f4d83ab77352bf15c4064a5bdc8ef66d313d2ae01d98daffc25e13bc400adeb3fb3c04f9c5d966dc4a58fe37ded093241da30ccf6f1d52b99a21ab312caa7c1fbf0f41be8f46165858d8f04711121ba19903d37d8095491de491cff23c187fcb1db03850887b7cb15482f0a8e11f36d4de82762550f5a8f57faf5af7b94999aef119119f89922d9010d90521aa4730974424826e68b57a7ec5cf97\"","":"","dc2_auth_key":"\"7aacca90a68fd48fc8152eb6696d561c4ead254d3a1add4e0763f1da92a0922e0ef03174008576f3623e63a039899c5834a877b0bf823b201b49045af1348a5ee2811bd963f9d5067e2201e5e76ebb09c38fcf80b6fa0388b39a08d5d20e9a939d2a3282be66745eef13af34f87761feb4d6b42da3ef0ecb15ecdd961ba51f6ac6f104646c1027a11ecefca126e40b2bb15632092cf7992c382f6e345df6e5c8f9cf06e7bad401259548519969bf6d0791e22e0b7285da5e92c3b17a34ec4c27e70f75954514bd47c8e62747414e0e54ba8048adc8309083b17db8a5b07c08550639d5f5fa0bb05400bfbe0d9190b6949a382a2a1329e7aff6d05708a0e24212\"","dc4_server_salt":"\"1447ecf0843d5a99\"","tgme_sync":"{\"canRedirect\":true,\"ts\":1701070451}","dc1_server_salt":"\"a814fd0f03b2712c\"","dc2_server_salt":"\"93949683afe04060\"","state_id":"874553050","auth_key_fingerprint":"\"7aacca90\"","dc1_auth_key":"\"916d4e2481bd79404a9f06053d2452fbf8ba687ec2c9f276632875cf3cb11a3edc6d07e7e69a6bf884db91ff66a0b6f761440e2117ea61f73da2da11cb7e3a0c324c44c935d31c1e905108b33cd87528d8311a7beb987b2bdf64fb45f1cb6110622084b54ed62df440f3a3c7b397854b752dd8bba06f93a8b0de9667e1973ebdef8569037d717717b373754599c9fdba2916dac5817c90897f3d00ca408d6ec3fc17b3b1df5a1f48665e261b5ecb8ad336b2ed20fbea70842a5cee6da26d99fc9fc347e8af1a9ce2d6b7b3f30b8a216ea51cb4fc7e2b1292b959687ea4d9d3c3cfd61870fe337d7a70ad6962a457df4e87cb6f6f3c3ecd1d04cfc33cedc837a6\"","server_time_offset":"0","dc5_auth_key":"\"332f8bc46305fd99a1a7ecfc39e90533a3bbaa6b234945ca4a3e0fe7b12dcfb05e35c05095bc4762104a484fa089ed25391754d4d4c2ef4c829a0677fb53a6179c53bdf12254b3917eb6e51159b1a0f6d3b1adef50844bbb0adf8f6ddee65869d31853a06130b23b863a5c5c7c0d760cf18d438668b2b698ff9cdd532b01862b69655978036166a1c69c8536488268f4ebfc4ee812532f900e799bdc190521860c6c7fec40010c9cd9a2229a3d3552c3e01eeb52fde5b1ce9494c35fe9ee963cab3a6b2071da37210e90ba0b5c778134d826b2cb5fcb5bbd9ff96accafc9a9c7a269c8f8386a134df83b30989d7e29c7f81c8510de6fa117e159b0bf04fc6c72\"","tt-global-state":""}
VM36:1 —————-
undefined
