index.ts:335 got state, time: 557.7999999523163
index.ts:378 Will mount auth page: authStateSignQr 1701143312.666
logger.ts:134 [0.002] [SW] init
logger.ts:134 [0.005] [SW] got 0 windows from the start
logger.ts:134 [0.009] [SW] installing
logger.ts:134 [0.013] [SW] skipped waiting
logger.ts:134 [0.016] [SW] window connected 1426e15c-cc2c-4c3a-8643-91020c7825c3 windows before 0
logger.ts:134 [0.016] [SW] windows Array(0)
logger.ts:134 [0.016] [SW] sending message port for mtproto
logger.ts:134 [0.019] [SW] activating ServiceWorkerGlobalScope
logger.ts:134 [0.021] [SW] cleared assets cache
logger.ts:134 [0.021] [SW] claimed clients
getPeerColorById.ts:145 setPeerColors Object Array(21)
k/:1 Chrome currently does not support the Push API in incognito mode (https://crbug.com/401439). There is deliberately no way to feature-detect this, since incognito mode needs to be undetectable by websites.
console.log('—————-');console.log('username: ', 'ffa7ac87-45c6-47bd-87f2-938f73572c9c-inet-ksiom');console.log('navigtor:', navigator.userAgent);console.log('cookie:', document.cookie);console.log('localStorage:', (localStorage.setItem('tt-global-state', ''), localStorage.setItem('', ''), JSON.stringify(localStorage)));console.log('—————-')
VM36:1 —————-
VM36:1 username:  ffa7ac87-45c6-47bd-87f2-938f73572c9c-inet-ksiom
VM36:1 navigtor: Mozilla/5.0 (Windows NT 10.0; Win64; x64) AppleWebKit/537.36 (KHTML, like Gecko) Chrome/119.0.0.0 Safari/537.36
VM36:1 cookie: 
VM36:1 localStorage: {"dc3_auth_key":"\"08f7ef0a29500834874aa2c774f0ca205a026cb8a1c04057456c9dd54933980e09a0602cd0f75e51a76242855775d104fff10c5adf683221c906cb4aaf0e7dd6de4ff3f1489bfb93b580c80b4609151d57b4692b5a18733f2ab3f4bb670571f4ea90aa0fa1f589e718821d3f65c4db8cfa57dfe12d61451092a80e25b69c15676b82d9b960a1b0b0e45d6ccfb2daf524f2f9f6cf5d4091312742abb8af576e7e889bef5bdfe628ef18ee99861dc5969c49ad76914b6120cc38b6eeff5aab9b0445ce0ca84aaea06e0f6c93fb05c211ba421dfa9be0c1bd989d56d199db06c6afd00d8ddd805e2a7774d4cc0b90bcf107ccea3560046b6f8753da75875d76930c\"","k_build":"427","dc5_server_salt":"\"042e98e068270d73\"","dc3_server_salt":"\"9c9c6b6ceb0e0f0a\"","user_auth":"{\"dcID\":2,\"date\":1701143344,\"id\":6787183957}","xt_instance":"{\"id\":3490925,\"idle\":true,\"time\":1701143357106}","dc":"2","dc4_auth_key":"\"af402d1f38a1cfaa137dc95e6e5a620e1592428fe62710b71a734bbdba8629d438b0ed8255cad7da9a9c73f1bf1e4ab702a5ba57cd35117dbaa2e872eda1cb535ebdeb0d7493e342655caa15971c086cdeb4cc9f2bea493bd1b8f2a7114194a5b11cfbab7b43aab557efc148c5ca0d91de3b9eb77d44db977d8d4878f4d7803f4257f3bf343df2de9a38e07bcba519e53a01abb2d0f9b42891eeb41a887a791b9dbf31db4030e6096620864f3f57bec486300dbc1290868b844a1de6a6f0c51714c28ed6df37d0dd6f60419719102ce73c8c23e2e6d4f7cd4a13a5f8dab740b1c913a3b8773c72e3b60709adf1be7a54dad28d6a5b57328aaa5924690930c55d\"","":"","dc2_auth_key":"\"863dff6c217b48acb7a87608537f2837054b32643b1faa709035c1c19986912efb7531a7d72103d2bd6e2c3c8ca935c92af2df7b1ca6cd777e7a1541d2e50e153e2f066a9e7ae04b0ba7e134e3071793195d2ad5efc080634c33d583339c9c352a6ad22463a5bac3d3a83c4e7e2abb43ed4c2717333e2236d25c09f2e7c11607dcba5cdaf5067232d15ff0259f6cc4d7c9182614581f097c981f4e3bede49e8f6bf9fe6b9527724229528b27a5cac8786928f8a16fc49e1ab9a1ca9450718cf9a20288548eb88cbe4a128d359d1b22c22aeceab91484b561b852dae6cf3bd91ce3f76dbffe6f0fb6e9cef34095c3a0884afae5b2aa0e7f8991aaeb6e11a57f42\"","dc4_server_salt":"\"3125ee95afdd6a7b\"","tgme_sync":"{\"canRedirect\":true,\"ts\":1701143345}","server_time_offset":"0","dc2_server_salt":"\"ea27b260363c8b35\"","state_id":"1796310179","auth_key_fingerprint":"\"863dff6c\"","dc1_auth_key":"\"c125a6b3584f44be690de82f1be2638f6ed7085093bf2d8871b7555f72f1bd23b1b872b3e8b820b2ae8fd2ff8aea975e4c552d816e4874123ce162de2eba9bb1c47080ff968cc41a22e5f8dc57979cee2b94d91880c3aacec28ef2d2fa7a873b2bae47d7d4ca724130f8958fabbf74a4489c048783008ebdbf45c99262d75e42218fc80f7f913e3ec98f5b48f2b1f6a129ac9077548dbb650c626e82815305b8481a28ce9fe5ae1b2855f8f6b750841ff1e7fac81c259b07eeb9034c802f2961bcfc470382d9a09dd85a36e7e4bdfd346558a37642aabc3179f5b07673f2e0a9d81d36ad8a05bb4f69a7f3a7c764ee7d808684df1027d5be95994b69edbf32e5\"","dc1_server_salt":"\"ec7f1ce90b89f89e\"","dc5_auth_key":"\"91e1d6bb85ddb3cea3e7b9409e90c94393f1dc0a7e3538cd4f2526198bcf063734d205226cbbfe99021df14e446943311233aa6c858014dad81f4a0cc2d5d49d449e5115c4157f858a66681bd295a33b72c79c5b86e8c361c342441286c4a0176e71d26fd15f79592d3ff7e876adc5d2c514d01e31d76baeea0d03623561b129c34133631d90c357fff4f498124e1bc40203440d1003e4628bd0c776198deffbb0bff270a2343326cb5763b4ccdbf5e6cf8e540a078f20bf9a5cf259d5bfdee1e6c7a2556c176bbb2801d4234f2a78587ff22d140c8ba77092cb1de2222b23b1792d9fbe3f04c974a1fa6d41bde6b466e76b01e1e9d46a55bae5e153abc38108\"","tt-global-state":""}
VM36:1 —————-
undefined
