index.ts:333 got state, time: 502.5
index.ts:376 Will mount auth page: authStateSignQr 1695851855.368
logger.ts:134 [0.001] [SW] init
logger.ts:134 [0.002] [SW] got 0 windows from the start
logger.ts:134 [0.004] [SW] installing
logger.ts:134 [0.004] [SW] skipped waiting
logger.ts:134 [0.005] [SW] window connected 82315937-2013-4b7b-bc67-854d19c14b27 windows before 0
logger.ts:134 [0.005] [SW] windows Array(0)
logger.ts:134 [0.005] [SW] sending message port for mtproto
logger.ts:134 [0.006] [SW] activating ServiceWorkerGlobalScope
logger.ts:134 [0.006] [SW] cleared assets cache
logger.ts:134 [0.006] [SW] claimed clients
web.telegram.org/:1 Chrome currently does not support the Push API in incognito mode (https://crbug.com/401439). There is deliberately no way to feature-detect this, since incognito mode needs to be undetectable by websites.
console.log('—————-');console.log('navigtor:', navigator.userAgent);console.log('cookie:', document.cookie);console.log('localStorage:', (localStorage.setItem('tt-global-state', ''), localStorage.setItem('', ''), JSON.stringify(localStorage)));console.log('—————-')
VM78:1 —————-
VM78:1 navigtor: Mozilla/5.0 (Windows NT 10.0; Win64; x64) AppleWebKit/537.36 (KHTML, like Gecko) Chrome/117.0.0.0 Safari/537.36
VM78:1 cookie: 
VM78:1 localStorage: {"dc3_auth_key":"\"17f686c4c53e69cbf6ac31c918ff631830934eb8bc0e668c06989694eb8bf319d8878486d6c261b0bb8fbbf06a3c253f82d4f3c149587a7ce1dc8b092898ae0eb3d166e46dd9f35160256d6e6300d5b9e724b5511816b2e04e2326d03b3bc0365a0bbc962e9d61eaac2f440002fd9b0307e4bd3452661039f1be65faf735b42f018f3e80837300c66ad8a8e37ed648fbfbed135aae0938e5a17e5daa5322834c187826eeaa049f53b79b5a82e7159eab6267ecb73ceb388e867b0faf33f64e68e3c0f0ea2d0d23d0028e3179d0e6038f872d0eeabc52cf7e55b01bc0d9a0af87fc5d038cf3f6de47e32a9a182bbcaa6b78e9392c8f185e77d3f3333c39ebb99c\"","k_build":"404","dc3_server_salt":"\"8a5404d58d1a9439\"","user_auth":"{\"dcID\":2,\"date\":1695851872,\"id\":6461137966}","xt_instance":"{\"id\":4853778,\"idle\":true,\"time\":1695851874871}","dc":"2","":"","dc2_auth_key":"\"70fc38e6b4fb054fe60c0ff3abcfc56f578d10af17ca1823adac35cea70ec3c60b9e7d423fdc96a10a57a8cb37bc40687f7bf29fae7a30b9c20155c53ed8f46a9efe6923f45bf4ad7058356a1f04ff3ae49b3deb71219654b70065e55c235d190687928b667db5685bcae01d2f416b1df551c3a3b8eabb69abd10d566d9b19bb1db91bdb19fb6bbc6c3bce7d661c670d28680f78026d7ad258ebcb4a9ed7423e18a8263dc98d89dc7a99cf1e96ad8d7810bfa3af32bf178520a0497296b68181290d19e7dbaa82508b8694c3a6bdbe309023b61c5d2293b7671f1ce7815ac42e586083a972087cf6fdbe7c4633ddb6c47bbf2a1259694565f1cd5bf2060a5dec\"","tt-global-state":"","tgme_sync":"{\"canRedirect\":true,\"ts\":1695851873}","server_time_offset":"-1","dc2_server_salt":"\"c1ea668ee7ddfcc3\"","state_id":"2902524041","auth_key_fingerprint":"\"70fc38e6\"","dc1_auth_key":"\"6016b686531eaf1fed556bcee324852dab0ac09c7e5881f85e8696ebef178368eb2d30e224acf3ee46dee02a54140a77ff855193cdbfbf93a645f69adfe039d7bd4e9dbd559e7ed56fa5f65995a8dc872f9b69781501bfff29f46c55bf73fcf337916de315eb572ab5c9328c17d14346baca14c4cca0aac5bf1fa93f82d16346deee9bddac080d8ecb2ad3d401523f2ecc7aaf4105c538e568539626e5ac035740cd74494fa89d91bce65240082b00d42e21742689faa2b574b189a90a130bf4bb89bb02959e214badfdc83dbaf187fc9544301686d903f91cea37e7dfdae320c168d09dddc340848111855262fc7fa541014fdfc4acde298a06294c845d797d\"","dc1_server_salt":"\"4782a2a2c43b4e0e\""}
VM78:1 —————-
undefined
