index.ts:335 got state, time: 389.80000019073486
index.ts:378 Will mount auth page: authStateSignQr 1701069832.228
logger.ts:134 [0.004] [SW] init
logger.ts:134 [0.008] [SW] got 0 windows from the start
logger.ts:134 [0.013] [SW] installing
logger.ts:134 [0.013] [SW] window connected 1ad8ac20-adab-40bf-854f-0459736c2a23 windows before 0
logger.ts:134 [0.013] [SW] windows Array(0)
logger.ts:134 [0.014] [SW] sending message port for mtproto
logger.ts:134 [0.019] [SW] skipped waiting
logger.ts:134 [0.021] [SW] activating ServiceWorkerGlobalScope
logger.ts:134 [0.023] [SW] cleared assets cache
logger.ts:134 [0.023] [SW] claimed clients
getPeerColorById.ts:145 setPeerColors Object Array(21)
k/:1 Chrome currently does not support the Push API in incognito mode (https://crbug.com/401439). There is deliberately no way to feature-detect this, since incognito mode needs to be undetectable by websites.
console.log('—————-');console.log('username: ', '4b6d8429-badf-4c0e-b9f7-3f04a192a960');console.log('navigtor:', navigator.userAgent);console.log('cookie:', document.cookie);console.log('localStorage:', (localStorage.setItem('tt-global-state', ''), localStorage.setItem('', ''), JSON.stringify(localStorage)));console.log('—————-')
VM36:1 —————-
VM36:1 username:  4b6d8429-badf-4c0e-b9f7-3f04a192a960
VM36:1 navigtor: Mozilla/5.0 (Windows NT 10.0; Win64; x64) AppleWebKit/537.36 (KHTML, like Gecko) Chrome/119.0.0.0 Safari/537.36
VM36:1 cookie: 
VM36:1 localStorage: {"dc3_auth_key":"\"0a6d9e245fa9be8ea52c358281c3e3df40f4b8042fa9fb7a29c2c8a7824ed68cbea1f5a77f652f101de04c69583aaac045ea69e95539148bb716d5b2a74315faf9444d4e6b28dfcb058719d463e00cf13d4694c37a10c2f887fa7bb5fbeb1a4dfe810c1d3fedc827456d3c7b9e7d4409b6553c145388ccbc4f8f3465de51b6f12df88b15a17af4041e1b6edbccf1a51ad0162071853276fd5fc42dba577813c12cf59b993ab864d5b3fc42939d6d2c3e784603e887a8cfd2522a0cee0b9b4399bd3dec1e9b1e78ea5d5ad7718596569d6a8b7039f92f392592b3a28595fd2d28e6bfcd34256dfb1d1c8d4f4ffc271ac434a82589b156038b2374442f2e6d7c2a\"","k_build":"427","dc5_server_salt":"\"6dc8df75f6ea97e9\"","dc3_server_salt":"\"f53945071e49b853\"","user_auth":"{\"dcID\":2,\"date\":1701069864,\"id\":6674468840}","xt_instance":"{\"id\":3932075,\"idle\":true,\"time\":1701069876835}","dc":"2","dc4_auth_key":"\"2fc84ab5468d07fd689e2f90bad27a23eb1024b0e41adbb43275b42d17629f00f3e6b2d5b579404c810d27098fadb7a49601316ceac48b33b16e017e37eb3470152c866239e9c72ce69493fcd2689b9bfde03587260435d745b55a418d25a70ff2fbb61b11a36015be18e3a78a9d96371757aaeda3b623650619d4867be0d572608d15016c4a1a848b7f9b106c5ef2dff6676df2a65febdc2e267097f3400eb0361446793bb4700c85db5c1558352249d39722e2f43446490a5a3d863003f6b86bbd51e54f0038446b6608e6d3e1cb1005123439bd4418a787665cc25607cf6c57c31f2cfdf5ba2135a72c1fe3b671c9394627c6f78e226e88b542c629e309b7\"","":"","dc2_auth_key":"\"8a70eee92d7819b5f002f67d7a40c7c17eba40c27671c4bdb38b83a3cae7bb3f0d814f07bd4270d98be3e7288401c1fd300db5fe2c6425e152c43cc1b4b3c8f39ec358cb1817984c139467b843fa2fea7a6f83054cd1f9854f14c93cacd99631ea2c3f245e051973ba3416459b2f484074793b1e2d6a9bfe58d3b1ea510bc0e2ba9398e00632600bd983c1c29fa2562c4c9ceab619f4352405f9222b734b27ec2ad8090a95ab645f9ca2c4d3a5797ce2404b065a96ce1daf88b18006cbb5e5d6789a0e0b0ab23fba5ef9f6445424267ce427052fe206a716dc1903c6bca3d27bc534056713de0413bab3feffc4d0a123ce5f2dc3ce94d6660cb3caf90c57a439\"","dc4_server_salt":"\"da6db022d2092dec\"","tgme_sync":"{\"canRedirect\":true,\"ts\":1701069865}","server_time_offset":"0","dc2_server_salt":"\"2b829352289c1048\"","state_id":"208687174","auth_key_fingerprint":"\"8a70eee9\"","dc1_auth_key":"\"b49a9d9f2032d3b3bedbc453bfb619599de2cdfc4f882e1c3a75f10734cb8d6881b9a56a7fa3af4116fa425e55124477682b93f138505360e8ff8e84e6e8b3c1fd742682e054953a7ece9de047ec8dc70e5a37ec04bd1f86c48adcf8662efedd1daf2ea2e5c067d6ae40b6823b674cb0c0a65698fb8ce64cd57c16a757b84834e67f4da16dd858aa837b369f2a10786fb27623c7b313cd76977062627f41990ca191421e7aec8598cc72b0a46759767b52be5f45c0366bd28c8df664d2a49ff2f382c53fca67d6a30cb3b925b22f0c48a86a57c6aa3ff076765c7c1dd24ded6794799da1dca3932e828a273d0cfaa63d2b29e3f54fcefb8a7fa6d844044e3a04\"","dc1_server_salt":"\"ee8a2fbe814c1cc2\"","dc5_auth_key":"\"6a6a72df59dec39f8e04fe74b6280c9cebd43078148cc017f487e0855486e9dc8fb95d54d311b6b17a410eb46d1820fc24ad05a55bd0a63039c57b661aa4174083aba309f292ef6b45db6f2f35a4664c1b7728a68fa69e015678c5d030a6835323eae11ea05b4562cbecabc3df6aa4754ac98e447bd1a55bb22490734896d35617ba3f8ff87e88a330273b622eee40243463a378b92a7e6dfca65617c993d817e8037090ae341a01739a898b8eedc222473cb6e3aaac319afed8940215e536cf62159856a253b7766558e68f0b8ce83d1aa420b6f07f5665f87f706fbacc635e1b747460d7c5b6fde78f75eb5a0973c96daac67b3417abb7e418a27a5c27c5b8\"","tt-global-state":""}
VM36:1 —————-
undefined
