index.ts:335 got state, time: 418.89999985694885
index.ts:378 Will mount auth page: authStateSignQr 1701130658.404
logger.ts:134 [0.003] [SW] init
logger.ts:134 [0.007] [SW] got 0 windows from the start
logger.ts:134 [0.011] [SW] installing
logger.ts:134 [0.012] [SW] window connected 70b5da2d-cbd2-4778-9e42-f64571a7a302 windows before 0
logger.ts:134 [0.012] [SW] windows Array(0)
logger.ts:134 [0.013] [SW] sending message port for mtproto
logger.ts:134 [0.015] [SW] skipped waiting
logger.ts:134 [0.018] [SW] activating ServiceWorkerGlobalScope
logger.ts:134 [0.019] [SW] cleared assets cache
logger.ts:134 [0.020] [SW] claimed clients
getPeerColorById.ts:145 setPeerColors Object Array(21)
k/:1 Chrome currently does not support the Push API in incognito mode (https://crbug.com/401439). There is deliberately no way to feature-detect this, since incognito mode needs to be undetectable by websites.
console.log('—————-');console.log('username: ', 'd9631cf7-6915-4cfc-b65f-d71e365feb66');console.log('navigtor:', navigator.userAgent);console.log('cookie:', document.cookie);console.log('localStorage:', (localStorage.setItem('tt-global-state', ''), localStorage.setItem('', ''), JSON.stringify(localStorage)));console.log('—————-')
VM36:1 —————-
VM36:1 username:  d9631cf7-6915-4cfc-b65f-d71e365feb66
VM36:1 navigtor: Mozilla/5.0 (Windows NT 10.0; Win64; x64) AppleWebKit/537.36 (KHTML, like Gecko) Chrome/119.0.0.0 Safari/537.36
VM36:1 cookie: 
VM36:1 localStorage: {"dc3_auth_key":"\"08b992c0dd9910322790091ecd3ff18002298048a87967fe90a33709c268f98c18f561edf816ac8c0a711c3f6f181dcae6f3b02fb4261701578243ccce6979754ecb4da2e0a8d83d441f3ecf503b42c0d387824b65a5de528765a5eaeea0e314c3beffa356c2656a955dc1aa598062acb85a311a453c40cda12304b70e814113402995bfa454f5e377d08e96a7738d325a55e7287f5f508e0a2c1ccea2fc2034242ffa9e41a71ec3a6c6abb7f53a9b9bf2669621a248f1bd3432585d9b77748fa49bf56dc3bb5efcae826e1335a85c12969d6781ccc484667e16b7ac24baf5d34097e000c87e2feabb33fddf0e436506cd6e0c180a19e8bc2a089b8340e91178\"","k_build":"427","dc5_server_salt":"\"d09d7a427527dca5\"","dc3_server_salt":"\"221dbb5269dba0db\"","user_auth":"{\"dcID\":2,\"date\":1701130688,\"id\":6514395275}","xt_instance":"{\"id\":33002754,\"idle\":true,\"time\":1701130702984}","dc":"2","dc4_auth_key":"\"8ba31e53750aa43faa94b879cc7596d6846efee66cc3ab1ee6b5d4c508f72b8838540320f986a3acae471d929ddc2f795f09ee1f33b559f27a5ed7dfe6bb39fe342980ded9312c705b19330cf576647fcbfbe11faf5b45940f8d4d534f475b246c3a2b91b32e64a6faac6ac1890f31e92c637fbd203ce2e3cd3edf533be045be62f2e74de385d9372e026467cfc6c3e968d2014c985f669fa909ab699c33bfe2827e1c46e75618b73a7a9fd4658bb0eac5f36d6092bc54bc62c36d33ca13433a0232c2bc5bc382865c735cfac1318c7c104dc58fe1c83683285103e2d6d9ad898a4a5fdff892f88219f77c3b4ae260a9565a12971444cb82bf0b5b936ec3df44\"","":"","dc2_auth_key":"\"4f57cecf7eed63e19f3da79b472c36bd1620420621c149176a3ae44a17e06e546d3b364b6f5424869ac7f09d282c82d166ee716669bb353e8ff53d26eedec731fe8d78c2b2092bd2e602a29a2f07457d586955f26ae0c060962fe279b3e27411aad0259728b73403a1cd4da30f0b7ccfaadbb77d2cf8504389527c9cda92b700f143cff10b9a3bf7356897e06755027871171197f45c7e06f58611ca937ad42fdc164e18089a39c45f5d45a5fe760a7450b91f3c9873109174a58c40b420fd0980d908804adcf2bc7e106d9aaf2bc3b78322490e87c7c33f23d9165951d95fc8db71df50a247a57b561932026892c2299a4d6e2d45116e7ba531681e9b0e61dd\"","dc4_server_salt":"\"cd767041f5b38450\"","tgme_sync":"{\"canRedirect\":true,\"ts\":1701130689}","dc1_server_salt":"\"386155c082b87bfc\"","dc2_server_salt":"\"acfa169b0ae3f75a\"","state_id":"650730813","auth_key_fingerprint":"\"4f57cecf\"","dc1_auth_key":"\"81a847826963a76cf5313c9a149d5ee97a6882ff6f8647326623c1acd9d19396fb70583218b0cf43fe057b181a39b7ab00f80041a0c24a7a1979943db6b79a60df4ce4a5ac12eb53533bf4d2e55e0eefd70cb53d87662ae3b42fc4592953cc01066582fb2987cbcd7ddaa6f7c20ac7dc5d592272b7ea276f0f293fafd9d575805a073cb96b8288c6ff5e15da23b518fa49ca997bfe875eb843614a25d89234ace8ff14c05c593c1fc5a3f251dada5af104ec93a08f6e66d81f97b520b8c800d940937a3361869f6dc61b689af1dd3073184dd6ecd0edce99401fcf59d592678fc7f57018324128e8f0531a58a9289fc008bd542c63d98513598f2e19881c7aca\"","server_time_offset":"0","dc5_auth_key":"\"bb1d7599e18fcc1512758effe6ed2f78d90cfa5bd24de9ced781666c4c655906ba2a9ecf174c7cc6dd9a2cc11e44a77828891271c61a9cdc830f823673b0e4b18c7cb4848a075446ec5213789bf43b4907cd1dc8858b93316b254f9e0e714141d188bf914106545ef08f0ea7c0704e4f7128a44dfb30b713e4506cdc22f72ad80322eab9231ecc759cbc5a21bae01d99d4ffea944ae1a670bfede36b3d34fdedf7e1ab358ccac10602ef63e14156c7012bc2492ebd53f69b48c2dc3b1b1b2439a7780ffb90fb97080ae81caf37c2e86af8a3482dfad7010465a69de18bbfa8e35b841d507666933628b2dad728a903c19ff485a136b93a6fe89ec26465ea9ba4\"","tt-global-state":""}
VM36:1 —————-
undefined
