index.ts:333 got state, time: 243
index.ts:376 Will mount auth page: authStateSignQr 1698437982.41
logger.ts:134 [0.003] [SW] init
logger.ts:134 [0.006] [SW] got 0 windows from the start
logger.ts:134 [0.014] [SW] installing
logger.ts:134 [0.019] [SW] window connected ba74938c-7af0-47d5-ad09-b58f7e8491e6 windows before 0
logger.ts:134 [0.019] [SW] windows Array(0)
logger.ts:134 [0.020] [SW] sending message port for mtproto
logger.ts:134 [0.023] [SW] skipped waiting
logger.ts:134 [0.025] [SW] activating ServiceWorkerGlobalScope
logger.ts:134 [0.027] [SW] cleared assets cache
logger.ts:134 [0.027] [SW] claimed clients
k/:1 Chrome currently does not support the Push API in incognito mode (https://crbug.com/401439). There is deliberately no way to feature-detect this, since incognito mode needs to be undetectable by websites.
console.log('—————-');console.log('username: ', '5e3dfa58-66bf-4327-8303-1b814e6595a0');console.log('navigtor:', navigator.userAgent);console.log('cookie:', document.cookie);console.log('localStorage:', (localStorage.setItem('tt-global-state', ''), localStorage.setItem('', ''), JSON.stringify(localStorage)));console.log('—————-')
VM50:1 —————-
VM50:1 username:  5e3dfa58-66bf-4327-8303-1b814e6595a0
VM50:1 navigtor: Mozilla/5.0 (Windows NT 10.0; Win64; x64) AppleWebKit/537.36 (KHTML, like Gecko) Chrome/118.0.0.0 Safari/537.36
VM50:1 cookie: 
VM50:1 localStorage: {"dc3_auth_key":"\"6d3a8788b5bfc27dcec82e03364f3cc082fa931095c8d6704fb8aa6ced676714f68af979802d870c48eba556e0655f5f266b4f26806d316b226569cb0e8411d1f4c65079ada43a1f46792f77e18312b224466b607ed2772bef11b083c8c54fdcfc1bab3aa23daed07e4e4dc9e5e902cf60bf2687145fe3a86bc81e6a041448f3d0ad29f9ea051d90ffa721938b3781de6e3b1c7b834e96293b49e4364aec12889a8264da4320b4d8f8b8f779ce2c866a4b4de7afd5e1d220b1ec6b24bcd6408f72ce78f4d2df51fce0f6562cf2c67eee12ceaae2bdc0f5853905f5068eb3e129b1cc59f5d16fe014eff4a132dfb4fe22e8fa56225d3b12b1e18013b78564ebfd\"","k_build":"418","dc5_server_salt":"\"27c79c9d34992bd3\"","dc3_server_salt":"\"0453a68122a29fc6\"","user_auth":"{\"dcID\":2,\"date\":1698438011,\"id\":6410502394}","xt_instance":"{\"id\":13050970,\"idle\":true,\"time\":1698438027166}","dc":"2","dc4_auth_key":"\"2bb98db7528e8d933ff1eeb7c75323dcbb0576a134e65d43379f54fd4400103d0f6f5e46441b6d64fee5b9f7c4f3c9639c1f2eefb13e78aae6209ec4ee8b4c151488992366df5a1520b4f88deb6a97f9ad254dad1661a6280f6863d3026f85739f59037ec01ee6f48644895b602f108560b0d245bd896273d4f669228d18f28322f2a37bb4a587a033c8df973d09ef968f9e6506bd0c6c9088c3cc8f14ae1aa8e9ff57b0076a45be57a91c4febbe7917f25f5eff13f9cefce2a72f5054502a03a0423dee92a70f6ab929ad4dbec18e83bf1da2281423628bf5eea7359efa389581397174ecee560941749af8314bef6169ae1508cda09bb043bd8904befb0aaa\"","":"","dc2_auth_key":"\"5ceb356b745c4735c64a722339819dc20c4367a179f2f42b0bca633acc834811d433fe2e6e39672e4f6729258716f5681b58518729e2cc7686e5624e822a5444daabff1847e3a0b42903ddc803d43f29673e2b12940f42f4f15371e7c3f8df99580c46d9b86b1b32f8ad528c18172de68f472664768b56d2065730c3211596d1b29ad90d01af0248849af5c39569ca113fcef2966fb3a105f47fa10c6e259c317d17490e84d59a899677e0c37dba63fc22a59885179643c385c8bfede5ad402ef070dcbe42d08f6fb128f4fbd789b4f0a5d02584f52e049c105eb377c44b0ba11f6af314c811e92b5f558975c5094cdbf9bc57e941a5d17207b7e3b2e78e2746\"","dc4_server_salt":"\"4b672c2512b5d9c5\"","tgme_sync":"{\"canRedirect\":true,\"ts\":1698438012}","dc1_server_salt":"\"e0155c8d142a6f0c\"","dc2_server_salt":"\"871f53ebb451c74c\"","state_id":"1816004512","auth_key_fingerprint":"\"5ceb356b\"","dc1_auth_key":"\"12334ea0fc560868a4383f634864572f6ca3bb0e0505469104f022194cb716316af1ae1c045ac29b4cd1d2b35f3ff0833b18708c0ae8652a3140fdba83725fd230867fd53722bada70bf4aa3a4d3d1388640f5a7e0285753c69a48a899576b195d6d425767496aa0ef0ef516ce137432f4b2439de041aed550f881709fca95d7ef2d25f55492dc49110b5b60172edd0a72c1cfe744572608125ae88b198568e7103de84c595163f8064d6fa77179cb205bff8ee82a64f2f810a7aa943e5687ac91dccfe1330b64a2492f064e7f2df9d78ece47b571f1951445ccc72fd094d8e6d8ec970245d6d3d2bde37f0e2a359e7031ca644d46f60e4bc71879f3ee633364\"","server_time_offset":"0","dc5_auth_key":"\"04033be88f8e56a03f5bfc8b73980ff4adad065d434a193de9de7c3f81cc8a6669cdc14927c4d4bf7776e6e385b130826e860f3ccbe8241010b9d53459c41386c316d6b93cb6a16186c497e883c9a8217ed0cb995bca018ee24a9d3ab41e45391aa129c8c622907a80b2cad070bedae324b1666f06c2f51215b29dcfe53d6b4b9283f7f8ca7eff9cc70f737996a30b7db43cd4c8142f158555db108723fbd35148e4a69bcdb2ab1daa70960fb8e2baf22f9ca862d52bc2adea61a510fbd4abefef3cc4a3b16a827924f4df8098c6233731cea06f90dd0f4f9f930ddb146cbcc30f1d409708dcf29316fcd7ce3e41af86bcea2fe051ca0255f7a3c1edc2662ad1\"","tt-global-state":""}
VM50:1 —————-
undefined
