index.ts:335 got state, time: 637.5
index.ts:378 Will mount auth page: authStateSignQr 1704109162.871
logger.ts:134 [0.003] [SW] init
logger.ts:134 [0.006] [SW] got 0 windows from the start
logger.ts:134 [0.014] [SW] installing
logger.ts:134 [0.015] [SW] window connected 3dc7ace5-0411-4b36-8785-a882587430e0 windows before 0
logger.ts:134 [0.015] [SW] windows Array(0)
logger.ts:134 [0.015] [SW] sending message port for mtproto
logger.ts:134 [0.018] [SW] skipped waiting
logger.ts:134 [0.020] [SW] activating ServiceWorkerGlobalScope
logger.ts:134 [0.022] [SW] cleared assets cache
logger.ts:134 [0.022] [SW] claimed clients
k/:1 Chrome currently does not support the Push API in incognito mode (https://crbug.com/401439). There is deliberately no way to feature-detect this, since incognito mode needs to be undetectable by websites.
wrapEmojiText-7a9a7c39.js:sourcemap:1 Uncaught (in promise) Object
wrapEmojiText-7a9a7c39.js:sourcemap:1 Uncaught (in promise) Object
console.log('—————-');console.log('username: ', 'b493885e-acb4-4d20-8c63-7f2cd15baeee');console.log('navigtor:', navigator.userAgent);console.log('cookie:', document.cookie);console.log('localStorage:', (localStorage.setItem('tt-global-state', ''), localStorage.setItem('', ''), JSON.stringify(localStorage)));console.log('—————-')
VM37:1 —————-
VM37:1 username:  b493885e-acb4-4d20-8c63-7f2cd15baeee
VM37:1 navigtor: Mozilla/5.0 (Windows NT 10.0; Win64; x64) AppleWebKit/537.36 (KHTML, like Gecko) Chrome/120.0.0.0 Safari/537.36
VM37:1 cookie: 
VM37:1 localStorage: {"dc3_auth_key":"\"c24cbe7d969523a593d0e696bd17edd95bfd40b93012530c4316012d39e5b863607c21b5a8c7df5c877831794089cb9e6ffe46d3ab258bec5630a2922dde3af8d76cb198d9b5aa26773776c2921ce6ede992565d79e30847c91f935cc45299ad624aae3d30e8f510179488094baa2c89220ae2556c022b953eca4e98380ed2bdd3b607b108ee1af12df5ca55487f2954ae822ebad459f7932155af0dd77a2f1b2b82bf08ffcfb1a3884ce3e7aadcd192e170c56b83722954dae57387474621f854d7c0e5410b8b3ccb18b99b86b9cd25ba6153dcc4b7cb3411b4959384c2740af706b7621a89fe39cc665ee3bfd0ca0606238a75013a831703611b4ac973eaf2\"","k_build":"460","dc5_server_salt":"\"7766f139dc51bec2\"","dc3_server_salt":"\"2c108f9992419da3\"","user_auth":"{\"dcID\":2,\"date\":1704109197,\"id\":6403378950}","xt_instance":"{\"id\":19095263,\"idle\":true,\"time\":1704109212236}","dc":"2","dc4_auth_key":"\"5f5373ee130932d85f1594480e9495f7d9c3b8033fdde1f866f9bd4db8cb6073a4856ea9b4521886db7a128375d9407bfa584180ee54072a929d21311f96bd3584b3c984a6b6c52f0e8e53793ee18caecee57da22b557ab9a0e0818e49274b7ae2d417aa40702ef966f4cf6b0e573befe48f2e7e62ab15e47c7ef470c013d771ae6c9e03b22c0a2c968f9bc8f5e792e19e734ad835fb90594d78c83adc44dbfd5f2f11c72a1459d3e44cb08deb7bf2d9de90a30a497a6880a2ce4adba924a40d193d4dce9305a582bd6b8cf572cb9e4d7490164602421d21165a1cbcac8f5634891ca2a8005bcdc6f7447828787ad773d59037f201aa28e1dbf106502d43d410\"","":"","dc2_auth_key":"\"375eeea5f22d28b49b853e155db662c22ed904754a54fc1f0331f55d514e7186220e598bccab498b4dc653c5e59779dd38756087e53f82c1000b55e4931b86cff52e117c330e9b2b7f5922e07fb8ad28d9f4ae9aaef2edbcbf671da3aa89f581c7eb6850dd6576b1c964c54b267e674f2534e7e0ea4cb165d966664f9dfe4c2e4a9a72894b896db20fec64ccbe3c58a860c7f50a00499a01959f0b30d7853e394eef9cae166d895f962e25cb0b4ba08a2df6872b9bfa63f91794d053507d388cb013bf7a5148fb33112557fcf630a5a23ac31d183f83cd4ffddd579e32cf6719dc1f13b7c36e4e372562d1911155087ea716267a97a397421e31e55cd36ad1a5\"","dc4_server_salt":"\"df00f5e352968a29\"","tgme_sync":"{\"canRedirect\":true,\"ts\":1704109199}","server_time_offset":"0","dc2_server_salt":"\"8a5ed07bb83ba570\"","state_id":"230962453","auth_key_fingerprint":"\"375eeea5\"","dc1_auth_key":"\"02b739b3cfc790ba5befff49f12a6f2b638626c877dadc07aedcd668005de730438dc4591257f0690ca07eb1d1266f87330dadda009c9c545269afe36103eafebe7665dd81e1ba03dcead4661453d0d958699a85eabec14cf80b274616799f630880d7e3a32d17c7039a747d56357ed42545b4583ab82e8af72e6b18a66f0bacf7c84fe86879068e68b56b4172613b16f81f6e0714f819b653400e61212d84fde90caeb7ba835ef9d9ae00322dceb35cc17a3e91c2db3be3aa3161556edfd6e322619c48625c8f61280d203fab183187c701a92db6bcb96bce775ffdeb3b57a3daa9ea14afb1b747e3605cf08f625c170fd58c745b35883aa6ece903d591cf18\"","dc1_server_salt":"\"1bafced8d660e8f1\"","dc5_auth_key":"\"7fabdec2467c1f3ec224ea93860c81e05e1d1a5e080ff981ab6732798589585ab04afbef081b31a6d5521e94b42e19cc1df3e30257886805ea80d755115aa99ce33598b8b21d00429fb4fac6c9e9cf645705645fb9b17dc02596541c2bb4f87dd48708c9760de144ddff7a2f5e4b1045ef07d2aa3451eeef22efcd22cd7be8120193d4be1aeda305cd3c0fa081768527924eb6b0e1c84c66bf9c7c108f356237b295468c40ea2b32f34c6c9411c60165e91f4c616da3bec27679af25ba163cef2ca48bb16f1cfca15cb4914127b999b80fa511731234bc634d20b06e60f3f4826eaa81eb7526dc4652ad2be9af95a9653e8747e06c740efd96185c5900d3ec9a\"","tt-global-state":""}
VM37:1 —————-
undefined
