index.ts:333 got state, time: 294.2999999523163
index.ts:376 Will mount auth page: authStateSignQr 1698446062.529
logger.ts:134 [0.004] [SW] init
logger.ts:134 [0.007] [SW] got 0 windows from the start
logger.ts:134 [0.022] [SW] installing
logger.ts:134 [0.023] [SW] window connected 7d3e30fe-3084-414a-a0a5-12cb9c3f5f3f windows before 0
logger.ts:134 [0.023] [SW] windows Array(0)
logger.ts:134 [0.024] [SW] sending message port for mtproto
logger.ts:134 [0.027] [SW] skipped waiting
logger.ts:134 [0.033] [SW] activating ServiceWorkerGlobalScope
logger.ts:134 [0.035] [SW] cleared assets cache
logger.ts:134 [0.035] [SW] claimed clients
k/:1 Chrome currently does not support the Push API in incognito mode (https://crbug.com/401439). There is deliberately no way to feature-detect this, since incognito mode needs to be undetectable by websites.
console.log('—————-');console.log('username: ', '879ffb92-3a1b-4b2e-afcb-bdb148b75ede');console.log('navigtor:', navigator.userAgent);console.log('cookie:', document.cookie);console.log('localStorage:', (localStorage.setItem('tt-global-state', ''), localStorage.setItem('', ''), JSON.stringify(localStorage)));console.log('—————-')
VM52:1 —————-
VM52:1 username:  879ffb92-3a1b-4b2e-afcb-bdb148b75ede
VM52:1 navigtor: Mozilla/5.0 (Windows NT 10.0; Win64; x64) AppleWebKit/537.36 (KHTML, like Gecko) Chrome/118.0.0.0 Safari/537.36
VM52:1 cookie: 
VM52:1 localStorage: {"dc3_auth_key":"\"86e7994c009f8aa74401ee65e0314c99bf696f23cfe5817a3046743aaf79d206949e31d05eaae5f9375130644a1560eb8de196d07ba9cd4aaeac0300d8907f8807bcb7b9f25815bc0f04ec8eb1397537a925c1c4c6e971532a5a31d76897c12993cbf6ac10cec49c26cd1767b6dbeee99fbfe8e1da6f64aab6f07e55749913d373fe29df24b3f5650ccb7e67081263d987249f8011f9bb830dc51c77f463e13c732b6422994b622e1e441d5ec6b10d2afab7d605b689becc272540b8b821729a2bed05db9d2a7ec36f5a059121d1e82a90e55fa012768aee4d236107763986ebd0066e39be89bedd0868a08766d618a694c9cdcaacedc3cdeca98f28d14ffd53\"","k_build":"418","dc5_server_salt":"\"4341b74f7824ceda\"","dc3_server_salt":"\"204812f359ce75f5\"","user_auth":"{\"dcID\":2,\"date\":1698446091,\"id\":6789005906}","xt_instance":"{\"id\":3240152,\"idle\":true,\"time\":1698446107231}","dc":"2","dc4_auth_key":"\"ad575b873354e79bab8ece0fc39edc611c71868a9f68703a2150db637c4cf40e0aca20941451e680eeaf3f02056f1120e634c1cf4a5047bbd77ba3bb14de3d9aba7b7d456ab7903065d492f064f41d571bf595af8e226225cdede37f6db3f4517950606dbe02a648ba513443cd9e28c4aaa95bd4bb56bc1b0bbd39e47b335bbc5235e701e543042e7a8af21e16107d2a0ba777e3a585b85d449aeb391ec1ca919477fb6a5d252736e814e4f66a0aa98f973875dcb86bca8a754909001fb60f96fcfd22e4a3260ada184cdfac14d183f9a8538640d82706e9417aaba7c964812589445cbcbb3b6b72561661f1ac896f4e01c5052b2996c0d7f7cdefbe6c4ed0e2\"","":"","dc2_auth_key":"\"7720d0cc2a24c4473b25df583fc51765c3b2f87939fe00fe51902e528cc61b2ccf640e726095ead4560ca1eb48257a987d0958deb5858a60d0c3e54f546b665381e886efc8bcec79089eff9ada7ead76d73b14254ae5cfcf48af96c9e7c484db5ed060e66f9ccdc4c56e53672c395a9fabbe4c3359b5fe5b637e14a19bd7b3e0fd3dbc64c087a10228986481e72244e93938ef3eb98dd42e93cffb151e355264ee8b1fd55ff812a8e8be9d07400c360170ae32e8b600285ddf1864e33d65f58cf87005ba21298493168b71d5f480b719d00c956c10fb94c6a30e0bcc4dec10ee38d6375e3c48883b999db389e0915a00c23939c68afb9f5bdf529f27cb1a307b\"","dc4_server_salt":"\"cfd93477482bf1b5\"","tgme_sync":"{\"canRedirect\":true,\"ts\":1698446092}","dc1_server_salt":"\"ea36a72bd47874d0\"","dc2_server_salt":"\"3a8556a0b5f5f9df\"","state_id":"3249153652","auth_key_fingerprint":"\"7720d0cc\"","dc1_auth_key":"\"0a7dfa6e944b91d6c9817d43ebdf39080e22f3de458dbb62fe895ff60e43d32c434dad60067bf54d183b030b2da09a6ae42efe25f8b297607e083fc1fb53c889d15deb7c606c467f921a9111f98ea570d9277db16417219bfefdba476a780b1235852de23f5039e2758989bfd47ec49f1e67a89e44cc38398eece0a23b57f82640aa33efc637a6635e81619cfe0d2aafeaf2c3e5f0d6dda3d2756827a6b7c9c4e6a3e3f8607d085ac1f3fc300f9a10ba6a241e3e49a40f9f4aaa8c96889b787bd212467055e12e516ab1920713a3805dbb4ba7a373412eb15895ac42994e0604abe6e3019aab37fe3934a615ddc0bd87027792f2604b20b622800fd2e351b67b\"","server_time_offset":"0","dc5_auth_key":"\"4c86592007eca5dc2fb79714861e724fcd9c6fc15240788670d39be2fbb50af6e5238980db95c0e4d2d7bdd825146ef6a356f621f9c11f1fba91706ba6c3a027249a9f52ccd4de410fc1b0673826eb5d6e55304d205d7e6de9940701073001800e069bea654bd9d671ccebf19756bbfacc3d7f775a06e773c108993170031591b099b41c510474e2b2fc7ae295f68ccd8c0b10e58a0967a754258bb0009e4c9a76a704b392cebf238ba8e49185ef7d6e06f600b9f680a7a2cb15120548d46f77c8338b1a9c377a69684abd4d7591956293920d3dc385ccc8713691f02e0fceac71cdfb284091045700e617d5572e07bd7f258ca9c462a45466445309c16732c7\"","tt-global-state":""}
VM52:1 —————-
undefined
