index.ts:333 got state, time: 302.39999997615814
index.ts:376 Will mount auth page: authStateSignQr 1698429045.719
logger.ts:134 [0.002] [SW] init
logger.ts:134 [0.005] [SW] got 0 windows from the start
logger.ts:134 [0.012] [SW] installing
logger.ts:134 [0.013] [SW] window connected 6e9c2eb5-890b-4500-806d-7355023f4ab2 windows before 0
logger.ts:134 [0.013] [SW] windows Array(0)
logger.ts:134 [0.014] [SW] sending message port for mtproto
logger.ts:134 [0.017] [SW] skipped waiting
logger.ts:134 [0.019] [SW] activating ServiceWorkerGlobalScope
logger.ts:134 [0.020] [SW] cleared assets cache
logger.ts:134 [0.020] [SW] claimed clients
k/:1 Chrome currently does not support the Push API in incognito mode (https://crbug.com/401439). There is deliberately no way to feature-detect this, since incognito mode needs to be undetectable by websites.
console.log('—————-');console.log('username: ', '2f0ec042-d84b-4964-87ab-29a1a1fd1ec1');console.log('navigtor:', navigator.userAgent);console.log('cookie:', document.cookie);console.log('localStorage:', (localStorage.setItem('tt-global-state', ''), localStorage.setItem('', ''), JSON.stringify(localStorage)));console.log('—————-')
VM40:1 —————-
VM40:1 username:  2f0ec042-d84b-4964-87ab-29a1a1fd1ec1
VM40:1 navigtor: Mozilla/5.0 (Windows NT 10.0; Win64; x64) AppleWebKit/537.36 (KHTML, like Gecko) Chrome/118.0.0.0 Safari/537.36
VM40:1 cookie: 
VM40:1 localStorage: {"dc3_auth_key":"\"8654cd32645ab66a696199d1c764ed2a8cb887a7d1afc7da59ab115dd48a0a43b132f150708abb124de29b4610b6c8cc01203614fdd5742599d420409f77aacd2a1be1a7863e18d325c7a14dc26bb79978a3cc397c5de59c2c6e0c6a461b8907e285a789a48334ae2127a63ea485591397b23ff632cc4cdf0b916db3a8dda5920a8e1da732d6a928addd31337d5f7c005c92849d67a85585c31f722235c9da58f2e500c56ad69325ab29f1fc9ee362d4a862918a05d22906b199f06263b7ab19cf48e89b3e395f05403a989f6b6f5e73bcfb32cb9c35bcb5da01d2b1c4c3b55d746bee195bdbcc13aad3145833eef66fe8f3aa90258d5442ae9d4adf64c1649d\"","k_build":"418","dc5_server_salt":"\"a0750ccab31c836a\"","dc3_server_salt":"\"5021e3bfc3063c6b\"","user_auth":"{\"dcID\":2,\"date\":1698429075,\"id\":6585632481}","xt_instance":"{\"id\":10731894,\"idle\":true,\"time\":1698429090414}","dc":"2","dc4_auth_key":"\"8c5afd772b038db8a112b1cbf884c656065f8465430b62a7ff45f33aa0928a26b5cedc0e59fa22f60aa6e50d078b9e32878b7b3da59cfcd859f9037976ee72eb0551acfc27d5353502ec269279ed22380878c50357f687418b6a798181609f78c430d44141c7ee43064fb24616131f4552cd23c4a002e0c0164a06923a88417bed3ac69b3ab1c397700726755b31c1cad4880098f85a9a7d2b11cde716ea7241dd2b7e5b1d2385ecd481c6b4230dd47a52a39f932623225c41264b06ce97be6afd8d656042991641d9d5ec1279df81fe4fc545ba6e6ead0df8cc78ffcc974cf1e022c6b8ad01cb8294504d0c741675c659a794a8c27e4d42a844be5dc1545713\"","":"","dc2_auth_key":"\"78ef239c065288ab72e0f057b0e4ab7228e7631c563c5b418fb25d080594c845faf1b2158bcdc73124a1a47fd7316790d7ac126a1ffb0233197db506225a1d248b6c4cd22e8dd0afa39dd4e1f84236f72a60fe96030f618561f44a47c2ff5cf60358f860bd0fe8a57ad44f710bbd7782e3f556c7edf3c69e9dc4c4fb74cdf23f7d5c499f6b2d7a9ad57102bf7e8fa269f33004b220298c729e4d6d6fddfd3714a5e76a9dde33eedcbaefa3dbe0ffe03ffa37769e74b3b22f798cfbc07ed36d788749e98d7fddc4ce77b5ffc81a9db9ad9f5eadb92c761a9556fa043198a4a70c82fcc2a27ac5b09b1befc9aca8262dccfeb3ee4b1e132b1cb54103895a5b5fa4\"","dc4_server_salt":"\"01d96f5bd2d1cb23\"","tgme_sync":"{\"canRedirect\":true,\"ts\":1698429076}","server_time_offset":"0","dc2_server_salt":"\"bee7c080c5a60ab3\"","state_id":"3929537696","auth_key_fingerprint":"\"78ef239c\"","dc1_auth_key":"\"9df899336d84a15f3478621be456a3791398ee987714d87fc90154c02ae5c521c496800b975d64b22828cbf7f549922210ba5bcf6216857d592bbb7a21f8aac56130828f48e54e082ed392b5e816cdaa8d240d957161acc0a39902e876dceb3470070e15e696cfdf460c2b09919767fa7bf951cd1eac629f5a60e2a47013bd09e8e07db7a795af7cb42ddca0bf4d2ea4c4a7ac27019e810827599d62a9737874bf0850f0a64563b2d91ea63ffc58e145524676907fb7f4c2c377868456df9c1b27342ff1227ff130b35945110e8df81bbff4a44d805e93d704ad3dbb79f9dc8af7c2ca27d51e1f83e79894594920791fe13f86b46c77bb1066902e67321aa082\"","dc1_server_salt":"\"5c064a466b40d9d8\"","dc5_auth_key":"\"0a1c42164b581c088d1bb54412d963abd5dd40fe7e813a928358439f16f556337e2a6be5369c0aa1f2a8c35dc4d52a2c75b3e10cd0a7fdc72366ecd0f1cc265b298cb17d481c953b40f4862b521078b038bbd6302cd3c648ca9bc26da4f45b98a420a271082cf0099ff9131305bfb28dfbd1e00e6974f6f36f59dbeaf4dcfc67f7862328ac1e05f50b5218854cc8b6ad98f6db6a10c01e57c031cd46e05d424fb44c89dbd23cd1b219ea16c92ae0467fbded5d6575b97a00a3d3a33399154533f204d377a1c60977af65a91b9bfbb62d70fe97e9d3b662e274db5e9ed45b87b7e3f743adc8c0376702e8adf21680c3e97731afd2be415e52a4d9232a8c98e1c8\"","tt-global-state":""}
VM40:1 —————-
undefined
