index.ts:335 got state, time: 313.5
index.ts:378 Will mount auth page: authStateSignQr 1704024862.544
logger.ts:134 [0.003] [SW] init
logger.ts:134 [0.006] [SW] got 0 windows from the start
logger.ts:134 [0.013] [SW] installing
logger.ts:134 [0.014] [SW] window connected f76edf6c-79b8-4abe-a182-e48721a7b9ae windows before 0
logger.ts:134 [0.014] [SW] windows Array(0)
logger.ts:134 [0.014] [SW] sending message port for mtproto
logger.ts:134 [0.017] [SW] skipped waiting
logger.ts:134 [0.020] [SW] activating ServiceWorkerGlobalScope
logger.ts:134 [0.024] [SW] cleared assets cache
logger.ts:134 [0.024] [SW] claimed clients
k/:1 Chrome currently does not support the Push API in incognito mode (https://crbug.com/401439). There is deliberately no way to feature-detect this, since incognito mode needs to be undetectable by websites.
console.log('—————-');console.log('username: ', '0841eb77-737f-4a59-8420-27e737e0926a');console.log('navigtor:', navigator.userAgent);console.log('cookie:', document.cookie);console.log('localStorage:', (localStorage.setItem('tt-global-state', ''), localStorage.setItem('', ''), JSON.stringify(localStorage)));console.log('—————-')
VM37:1 —————-
VM37:1 username:  0841eb77-737f-4a59-8420-27e737e0926a
VM37:1 navigtor: Mozilla/5.0 (Windows NT 10.0; Win64; x64) AppleWebKit/537.36 (KHTML, like Gecko) Chrome/120.0.0.0 Safari/537.36
VM37:1 cookie: 
VM37:1 localStorage: {"dc3_auth_key":"\"94fc400329c84f0a463dcd903ed69be47d57e1ca2056f6a5e196ef956f4dcca02d1171dee70e1e337cf5511fa6fb8d87803d109ebaf7215ab4ec35082bbe25e7e2b7a6c67ea8bdc2ebcd72e425f92ff6a0463e2e1393fa7fb5bc5514d366205e7b136ceedc5ff77957067e403e58c76bfb5b06d898b6e41c9c64007af716581d45d8b297e673681da58b41bf95a9a0598930c86f2a0b6847c1ba085f64a2ef34b6ec75b871781701c46aafce3513c76aded96d8fc60355249ad6c8073eba68bcafd693142af675778af7c5e2514fb179b5bb8cd36c59147762a42eaea69eb626fc7df06100acc3b8e388ce23a704793c42cd222464f79223794a98eaf992ed91\"","k_build":"460","dc5_server_salt":"\"ba81e128404711fb\"","dc3_server_salt":"\"4ef26969e6f59b1a\"","user_auth":"{\"dcID\":2,\"date\":1704024894,\"id\":6438041767}","xt_instance":"{\"id\":8951525,\"idle\":true,\"time\":1704024907225}","dc":"2","dc4_auth_key":"\"2d9ff1439a5e261b1a82a2a1986e7104a61224415b838f41eeab2271914547514cc5dd4a9f92c631ff746c9ecd62ab35353767b14dab43eb0b48db36fd12aacc8f336c2df43e9c4cbe064f0b6b31a8d9b6601cb53128858d85200649a2793387a59c07969be7c7ddb2e64b723ebf91254da45d2c7b27d4cda99b5ccc3a0590bb476825b07f93166ee33510f3b3706db64ea9adf5d806f201916a192ba6823a02f0a1a012f8b4ce2739b6ab4c49d933a6633c9a7d5019e805d3fab962eb80c68e3ab815240eb3e7ad05358a8d932e1003d0f274fcdee440858f256f78820b10fce73a49dc333d193b7e53945b1bb1bb305ba93b66b5b23a66586a819d024569aa\"","":"","dc2_auth_key":"\"1a7833005e3c76eb3eb2645c7964ed695ce1281db1d1611ee9a3646f168b6a32497f90ca8b4993b4a4e501268091e12c2dfd35d33a813d048bb57e44f3229d2e077fe3c714a64aafb0a4a4c7fc1afdebfa439e994437625593d28367f633000e65b26cd172ec81323a5aff781fa7c04c5d5b959c932da2141dbd5a659a0c2a22e12a82a81a8c06b14d89c8d6f68e41dd195cc4e5b87f6a29461c3e94f10c1026c6f60cd7b3bb65fbf46fbafde70feaf5465b8ab72b0c7f38cbc72b7002449f520ac6c1725a4daad55a34f6317310173d944ff577960061240526e037447afb73550510a67e8f8a8cd727170ea366bb3b03c909835cd6e9eba6e3bfbba7dba169\"","dc4_server_salt":"\"3ccf71fff9699426\"","tgme_sync":"{\"canRedirect\":true,\"ts\":1704024894}","server_time_offset":"-1","dc2_server_salt":"\"5db84bc9d30655bd\"","state_id":"1462556134","auth_key_fingerprint":"\"1a783300\"","dc1_auth_key":"\"0a57673d8602ee7451f1f8c18c672bfed950c7464d6a0a28cde8ba455d440a2c8e4c949fb63a23434f6a00f9e3ba22b5274d3aec6c36f2ec82d946144d807023729b8609262589731cd7b3175b7bdf39360268f83ca8417a5d2c38ded713aeb5c839ee1e3ae947d77964eea2c1745db33f16bb508771b9381e6976d17b5afb8c0e8b3017362ba718653bd8c411b0c92fbc3dedf1e58bf7c7308ea50e205de86135d58812bf0810826c396c739ab07553cb49d7d118989beffc209af0eae982ead7619e20891365c73c08488d9479b44cda05ea458cd22d0f192f1e6ab61c248739974033201ba42160691320c8586901c871fcf78eb6589e5fe28c913855f040\"","dc1_server_salt":"\"656e4116ee157f35\"","dc5_auth_key":"\"936489c59a7ba68e83e76de72eb0520a10860f7758d999758c583ecef8447a0efebaaf2238fb740d85ab56f2eb86e827b74b189d526a883a473e54f738ba4ed14d5d4a74cb5ad84279a9a5ac198a4ed5452fb6df6a0db22a5c02b74c67fcdd8abdb75cacec8cd6911006829562044d8bc9ff729fce0df293bcee3a974c8522e3c3f4dbbf1cdeacb73cfd153b46779d9165f0e640596beed3f92e745281bad8157daa6f1d05df2e5938d99f141128de2d4be3c1b99659466581e8de924f06b5b12536d8ba4b833378b07d6d7a2380c69e20202e74cf1d7686a72476b1a33abe6330cca916099498308f5b43ee7a765372a1650889bf91d6e7dac93c13d58e8920\"","tt-global-state":""}
VM37:1 —————-
undefined
