logger.ts:134 [0.003] [SW] init
logger.ts:134 [0.006] [SW] got 0 windows from the start
logger.ts:134 [0.010] [SW] installing
logger.ts:134 [0.011] [SW] window connected a35234e8-fd08-4681-87fa-60398acc61cb windows before 0
logger.ts:134 [0.011] [SW] windows Array(0)
logger.ts:134 [0.011] [SW] sending message port for mtproto
logger.ts:134 [0.014] [SW] skipped waiting
logger.ts:134 [0.016] [SW] activating ServiceWorkerGlobalScope
logger.ts:134 [0.017] [SW] cleared assets cache
logger.ts:134 [0.017] [SW] claimed clients
index.ts:333 got state, time: 844.5
index.ts:376 Will mount auth page: authStateSignQr 1698590245.891
k/:1 Chrome currently does not support the Push API in incognito mode (https://crbug.com/401439). There is deliberately no way to feature-detect this, since incognito mode needs to be undetectable by websites.
console.log('—————-');console.log('username: ', 'c8656ead-5f9f-4011-9c62-3b5171d088cb');console.log('navigtor:', navigator.userAgent);console.log('cookie:', document.cookie);console.log('localStorage:', (localStorage.setItem('tt-global-state', ''), localStorage.setItem('', ''), JSON.stringify(localStorage)));console.log('—————-')
VM58:1 —————-
VM58:1 username:  c8656ead-5f9f-4011-9c62-3b5171d088cb
VM58:1 navigtor: Mozilla/5.0 (Windows NT 10.0; Win64; x64) AppleWebKit/537.36 (KHTML, like Gecko) Chrome/118.0.0.0 Safari/537.36
VM58:1 cookie: 
VM58:1 localStorage: {"dc3_auth_key":"\"1afdb582212185ef68804f0726e9ca15101265a92d8a7a8ecd96e69258a192055e359fa76670f45c44d8fc8bcacb6070cc2fcbbebdc2abf03609ac178472b27dbfb00da86c2751b132a08e46ae7cc7d2c83efd1897550c2c6c2d1c0379a1f6f9be33c8736ad46d4b568d48a731e85377de3dad422c61d02541cfcc043522932e1cef75a7995a2797c8ae6445d79ba5dd0037f951fe4468fd74a0f1c044e3dba67b902d35886b9ad26ac2b831d2c5af77dc2688d5e2632f296fe22036e4891235701cedad3a6627dce497b98947ef3203fec0204df0faf4fe92e1787b43908b3032c12a5c8e7c9152609a2cf960dc29d6899a4b86779660a11f3783a70ac40be4\"","k_build":"418","dc5_server_salt":"\"e9d14dbd8e011eea\"","dc3_server_salt":"\"60fdade5712954f3\"","user_auth":"{\"dcID\":2,\"date\":1698590277,\"id\":6194529831}","xt_instance":"{\"id\":11239698,\"idle\":true,\"time\":1698590290024}","dc":"2","dc4_auth_key":"\"5e548a7888a1edf305c334e83cab7a10e18bfd19733ae590f90d7076e7478cd220d8386f0d779a748fc466f676c8a936b799c8d43b754db9eb4b2def70133e8729deeced525b398daab7b9b471221971544ac930a5e3e8a7645905c3a3560bbb23ad3e4a577c18ed7c78f1a024beaa67cfa1bd1ac3d31f8f9c752f8d793943d581b537a350833e3f8e4891536cfaaf9397301cef309ab142ac44eac84b7c57b24ed9928cf47eafa22bb760c40498272eeca41fcd5642eb8759ce7d9465747d36c04c4260bfc82aec622125a797c1be708fd06425cdfeb178e5a6364333a878c758f0c283e1facdba3d679123592c7ed103c62f03cc1d7c42827365f51ee29a70\"","":"","dc2_auth_key":"\"94c3fb1abcdcc96fa64f738d65efc24b6aa9c25aa7ac8703c8d960197e4aabfe404bf2ca15d230cdb6234ece6b1b6159f87f397f27d4db6d362e9d4aa302d8d15cbedd95896ea6eb1ab8b3fef5735d1e8082da64d8596901c21bfddea5762458eedcf4533ec6314f1783d545658161a1cd46489534f86c0290b20f54c0758e120cfbd04edb7d9c3f6d4ec23647734f2bb315abfc1e6a5dc4d7f8bd6f40157457e8e9cbff50fac51242d5a3d39a3fc69a34084b90e88fba99b87c9298704fdc7deb387b8b5022a8420cd8fa748d267105d301736cdfb0c369c05707b73819c8c6dd10693b7ef591a415635ec263d8e39a052fadb7ce93e6147d371c94cd0050d4\"","dc4_server_salt":"\"303441cdf64166f4\"","tgme_sync":"{\"canRedirect\":true,\"ts\":1698590278}","server_time_offset":"-1","dc2_server_salt":"\"c84a8725e18d76b0\"","state_id":"2469508836","auth_key_fingerprint":"\"94c3fb1a\"","dc1_auth_key":"\"b1a369e468d945c3a201fc7100cb04fac51cb0c639dd724ea896d872958605315ba2eef5054aba2730e1312a2e43e0ea9d182b652c19b4cc9344e14618114fbfd2c8ad22947409f282ddd4bb1f292ea8bd3610bae7d90ab14ccb5ec07be95e8e44a1d6733c85da95a4041f92bb908455c801676a4a2aed97a53e49479ca53c9987ccd5b6c5b7586bfd60bdb4abd407ae89e4e12d2b7000e6f835baec7121db564524033ee6fd065212c0b7101f55fec724e3e7ca81dc4ff26bca8c209b6fa27bffcfa0c4b08f3a4225411b8fde1d451552260ac4f6d7124b336d66e9a174dec5727c7aafe735c6648733f680a7973af5bb7165adc3800337f8191db44b282fbe\"","dc1_server_salt":"\"9b4c1f8fcc63e7d2\"","dc5_auth_key":"\"943e13faf4431f1fa6ec04ad08d9421fc9c08ff47c78e2c96caacbf47db0451b85717f1fda0c793ed0478187d355b84e751b58481bffe245e98ae596b475421eb477882789c020a4922cba1b6fb9fe42ed69afd8095088ddddaa65ed469e675f81723667e800dc3984db292bf037382a9d51b7ebee007fa9794f25b793fd77a6606e5f7a3870c1da98aea4be1e9b52e0c4cded8cb07d1008794212768806e1a7a727ed4a8e77826a6014e2d1204bdd3502dbaeb59dbfe0b3fb7786885b4a648890d47a95bfa2d0d3de80b7980e1fbbd4199391ea9c5d49887744fb4ce802793066fc165ffacfe035e8d3c57ab3ff4ba8f6abdc648e1e7af12782fa905ae423d7\"","tt-global-state":""}
VM58:1 —————-
undefined
