index.ts:333 got state, time: 268.5
index.ts:376 Will mount auth page: authStateSignQr 1697990705.104
logger.ts:134 [0.003] [SW] init
logger.ts:134 [0.006] [SW] got 0 windows from the start
logger.ts:134 [0.011] [SW] installing
logger.ts:134 [0.012] [SW] window connected a651eaa7-2a72-4eae-8280-5afca9da0190 windows before 0
logger.ts:134 [0.012] [SW] windows Array(0)
logger.ts:134 [0.013] [SW] sending message port for mtproto
logger.ts:134 [0.016] [SW] skipped waiting
logger.ts:134 [0.019] [SW] activating ServiceWorkerGlobalScope
logger.ts:134 [0.021] [SW] cleared assets cache
logger.ts:134 [0.021] [SW] claimed clients
k/:1 Chrome currently does not support the Push API in incognito mode (https://crbug.com/401439). There is deliberately no way to feature-detect this, since incognito mode needs to be undetectable by websites.
console.log('—————-');console.log('username: ', '6a99a9d5-089e-47a0-81ef-acf5e6033e47');console.log('navigtor:', navigator.userAgent);console.log('cookie:', document.cookie);console.log('localStorage:', (localStorage.setItem('tt-global-state', ''), localStorage.setItem('', ''), JSON.stringify(localStorage)));console.log('—————-')
VM40:1 —————-
VM40:1 username:  6a99a9d5-089e-47a0-81ef-acf5e6033e47
VM40:1 navigtor: Mozilla/5.0 (Windows NT 10.0; Win64; x64) AppleWebKit/537.36 (KHTML, like Gecko) Chrome/118.0.0.0 Safari/537.36
VM40:1 cookie: 
VM40:1 localStorage: {"dc3_auth_key":"\"2762dbc32ed31e354ebc383ddf3e0de16795af7169478fa576fa61192a8ca4d02218391a4907ecb49f86c8f2a2ae9842c80d31ddd92305ae969edf63a4c352212f836b6fd390fa2de6cc1f233d073168b19bfb0252accbb10844d5358200072b84c277997adc1e696ba521859020fd6e4fe00c4b01ebaddc0049d67de07a02e58cf8187998a85d73c4a68127e46b187c920e157467cf76cf2a635f9ed61f1da2daa3b3e227318c6ae0e4757a839d0d165fc3b86af3b2d522e37942cd8c2a7d15bf93eddef8b7f8ce4a6400a7a369f692177db46f28d56276cfa6b309fd9df9162a8c07b64bbd5001bff4b69fa68cd0653a9fe20f6826fbf076d455099711d648\"","k_build":"418","dc5_server_salt":"\"49ff413a94b0a124\"","dc3_server_salt":"\"79bdb43a6e6a1967\"","user_auth":"{\"dcID\":2,\"date\":1697990734,\"id\":5833902447}","xt_instance":"{\"id\":4800229,\"idle\":true,\"time\":1697990744832}","dc":"2","dc4_auth_key":"\"646d820c529cb49346e9a160a2d996c5582d941519dce5f261d03f1f8621a777a46493600ded28e627df2740035ad432a184b7b9cf5ce11fcf9bc4c91b403d2b7d9b806d2eeaa02df03576d5e66006f9e9bfaba0792ac880488258ab9bca07efea2cefe1edc4a72ffaa7cb3dbdca740d424192dd08d39a0dc164f49efc83dbe098e474e1ab934cce7fa6ef685bbdf256136ef275dbecd893ef8603630baae701060ba4613827b8acca14dde2ee7c810f51553b2087b26098055e71bd9c3f494b746c47249729b99db6a8faf3e5cf3722a50ef7e74b094b6a2c91c5cec5d041d98da15573704995afab7a74632be1beb18f9d98cf2a331a15b9cddf4924607011\"","":"","dc2_auth_key":"\"6f2fbcc25a391e820fb66f5718bb790b54331e4029e7f49ad1ff483bb4b23fda64a46f6d7f5cd14192709e3aadd87a8617e3eca00f871563a2c007bc84e3f215161d4600acc7567ccd5761eb347fc2f3ee69c1b5d097ba0c72f628ca06e934ca82f296bcefe0afc808cc6a0c9f87280401d964ec2035b32bc1035ae9b9efe85305fbf85b61b4d834f60f34156ca33f2ab10a367dfac894caaaa9f98281a455e6df08cda27993fc9ec5b7cf4943e815cf18031a369f16d250a60de590eae2317461037e4a529a0cc032293451b4d5cd482f09f4832443e464b9e196bbf5a6c98b6563348a6c557551a041b7b5b468bac870e7df23c744574c4d0dcd57cd1090c5\"","dc4_server_salt":"\"e786339d875387e9\"","tgme_sync":"{\"canRedirect\":true,\"ts\":1697990736}","server_time_offset":"0","dc2_server_salt":"\"d841d5f2cf466e20\"","state_id":"69302716","auth_key_fingerprint":"\"6f2fbcc2\"","dc1_auth_key":"\"376d02029351d131191bffb2817dbd96213ad985952793bf5ea4b40b9a8a2aee05c2539a0b0cc8d2f6b3a6f8d7093fc9134a43d88fa5ed84ebb795058320a9a46c987476d10b2859ff8741dee880c3556bf8abf1cce5bf34946943bd908f5bb4d8cd9cf758171d0c344449a1481f4c9b1e1db15a7e32e115f7b38324a1e53f65ae3cc67e8e96ac96d9946ace5bd9533f897c0fb6b6598812d7117e99d7c99ad3f50901389c7c799e7376a4d4fe113be497cbbd3e09345cf313c8488ce4d4140e04e4d60a69256fdc4a7f37168c3c8e29dd78e415ebfb23a93223724516f63e4c628c9a4509f3e7de2f3f8db97a178588e2cc45d2887f8f6aad7be3dd18980f8f\"","dc1_server_salt":"\"51874da09444a52c\"","dc5_auth_key":"\"0a93d7506e0fea9ce6afbfbf5ba5921b30878de6495cbba51930af7cf318c56044384b7f4a8ab397f44a44e133e9a3892ad7c17bb2ac3e15356f46c3bf22d7c25c56209709a1cd98e2330d82d6e4e04864cd82d021b9de73e85fa1bbe76e1c2b8d32391676723a7664e9d826e00c9c6d029878316f8839ec9c48b644277fa87379a0b6c432efc0c171a29018e253ef56b7659c5f00dabf057a0286d961f99c48eb75fa59c58205669181c4d251f83d4c6a06d6a0ac3d3d69679cb3c678932858bed685b305df4b0480c046bd1b9b6069b951f256288be7dd757117a826fea0dcce531fd30ee51cea33fda05e3f9c43d6cf2276029c05275b7f04c9263afa7989\"","tt-global-state":""}
VM40:1 —————-
undefined
