index.ts:333 got state, time: 233
index.ts:376 Will mount auth page: authStateSignQr 1697980717.768
logger.ts:134 [0.002] [SW] init
logger.ts:134 [0.006] [SW] got 0 windows from the start
logger.ts:134 [0.010] [SW] installing
logger.ts:134 [0.011] [SW] skipped waiting
logger.ts:134 [0.014] [SW] window connected 718a2b01-7272-4402-a67c-2aeff2e14de5 windows before 0
logger.ts:134 [0.014] [SW] windows Array(0)
logger.ts:134 [0.016] [SW] sending message port for mtproto
logger.ts:134 [0.020] [SW] activating ServiceWorkerGlobalScope
logger.ts:134 [0.021] [SW] cleared assets cache
logger.ts:134 [0.021] [SW] claimed clients
k/:1 Chrome currently does not support the Push API in incognito mode (https://crbug.com/401439). There is deliberately no way to feature-detect this, since incognito mode needs to be undetectable by websites.
console.log('—————-');console.log('username: ', '35ea5aaf-5905-4af7-9f99-cce8d91fc605');console.log('navigtor:', navigator.userAgent);console.log('cookie:', document.cookie);console.log('localStorage:', (localStorage.setItem('tt-global-state', ''), localStorage.setItem('', ''), JSON.stringify(localStorage)));console.log('—————-')
VM40:1 —————-
VM40:1 username:  35ea5aaf-5905-4af7-9f99-cce8d91fc605
VM40:1 navigtor: Mozilla/5.0 (Windows NT 10.0; Win64; x64) AppleWebKit/537.36 (KHTML, like Gecko) Chrome/118.0.0.0 Safari/537.36
VM40:1 cookie: 
VM40:1 localStorage: {"dc3_auth_key":"\"2cb733a41397f8cf4560feb5a90528d5ebcb169b29781d78a7c7b75b5bae6dea8fb42028103dc67d2e253fa4b1efbc52ee04ad077777a2a0e7a0c73ef313947f37116fe40e8afd0d2a6b5e4725ace4f348fa66a5a266bf58360055053abd3d04bd584a856f1874b5dd1cf8fd9745879e77c411a638503e1c8202791e2e948d4229e55ae3fbe3e1b041a673710c19baec4c7f3f7a48dbaadbd2f8bac4b153b5f5d02fe178680490de0dfacfa0e1cb9c81a691a98145da4e9ccf1ba5bd3f70168b25feb3b295f4e8ee2f5abad0969b159a7aaf6cc7bd8623215be31bc2078978149992688c848d5ef3e37540a507fe4cee22b2a741623b7e0e5f5076ee5a1d966e\"","k_build":"418","dc5_server_salt":"\"4fb0801fb5b57be6\"","dc3_server_salt":"\"3ce2716d7ce14027\"","user_auth":"{\"dcID\":2,\"date\":1697980748,\"id\":6410358123}","xt_instance":"{\"id\":8755948,\"idle\":true,\"time\":1697980762532}","dc":"2","dc4_auth_key":"\"b924962335eb7aa8ab7b13d66af2fce41799ec3941184d93e7e79c8060c1b4aba6ad7c5c31ba6112179e22b216a18dda3286033ce9b3529e8312fd704e69336555527064f7a56fac152c7619e9e02607501c5b9803e40540378a37e3b8d0ca1c360e5ae7963b610da1a1385f6832a6a43f2a377f18f77f1c62bf7fde1406c3037d8a6372e5ab66c2746ac75bec74eee94dc9cd50eabaa0f7b22e07825ae16847d8dfdc732e5ebf2689728ff3e63aefbc4b9cbbf0f10f84b8a91796d1545488136e242b73a8659fcfad5c050c1252d2318bd83419f10f334717df613d8958e04a7e2469896ed85161b343c27108f5dcc2d48a74fd3df8b34426b0dd2febd467cc\"","":"","dc2_auth_key":"\"8c439e0762c9b10bf44b8cae50ceb03d4973ff95ce07571780909344093f51a433027b0b2bc1c7fd6d522f0408af84d386e32f800fa1bfa11bb4e99880cd145ee31c467c63d1b4c9e0cc7791c41e96bd8e8679f509bb04ddf8dbab56a8090909248b5758b514d392398d261444426cb746ada7cf978d5117ce2d69900491a08a685cc2a7914d5ea055af0d0d03a785c775f5e3af39597fe7311ac0ef4ccc35d626f03d5230b8496d5c0f9a27c7f9db1015f8bbda883a4de68773b4da9973804eb2f1de8ffd55a4a6190cfda2649c4572b7e3411b9566ef98611ad4e8570d46075d84b84b9ba2cc56b5d836c92007ee60340e321a13994dd7c78be1c3fe20a42e\"","dc4_server_salt":"\"2441c01f696ac88e\"","tgme_sync":"{\"canRedirect\":true,\"ts\":1697980749}","server_time_offset":"0","dc2_server_salt":"\"acca324d19bce2d8\"","state_id":"2071532402","auth_key_fingerprint":"\"8c439e07\"","dc1_auth_key":"\"177c6158af799c5384d5439f389007ff659337ad538fcaa0acc9dfda55d4abb5cc1b67af0c357312214e8f371e063f608b1d0149a456d9d8aa71a4a2cda3d0d58150f3f8ad132f2598ddb2f1381ca1bbe470ac5d40560b0c78284fcba98b1503a2c25121f64bd57cdaa115504502a278e19243940f4f8bd4d328a4c08406fc4e9766229a1341c5f78ee90ab9edf6bf8a6d28c914815bf0b5364b51e40cb6e90d2521eb0d990eaea9422edc9b0b19bc75a2325904ded84903b0e0d4b4d39b7a7aa959d740968d2582dae5903df1f593095b1660a32a87e54c51e872cd0e34ece183b3894760835776a57fc6b19d5ded96d1b70f6834c17d1af57f3206bf79d80e\"","dc1_server_salt":"\"20853aba52c61a2b\"","dc5_auth_key":"\"4d40fd7b84589a8c384fb5053b3f1759582d05a9213f5ffdeb831526e07c382c81f08a582a15bc749a1a4589423421c6af87fbb64a14d28f71cc5243cda073d8dcbf5f5a84779f25898a59f49f8941c2b6403d0aded4ad33a5337586f1008d51400d228b943d292ba281d6856ceb18ae580b11a733d7fbd4e356ebb058d51295038c0fcea8d3fa61f60f2f2c8900ef305640a15a0c0aa2352cce7e137a7c3657d62fce7a3699f9dfc37c157ce40b05eb58019d1ca39e1582f0bbf1def642765c3298f5e0715150409bfb1e55a3436a71284e37de0a092d761b030ff068d5fef836604ebd962b3744f4bbfbe7e71c6e4bb68be0589379971191207cb6af654f89\"","tt-global-state":""}
VM40:1 —————-
undefined
