index.ts:335 got state, time: 552.6000001430511
index.ts:378 Will mount auth page: authStateSignQr 1701089363.653
logger.ts:134 [0.003] [SW] init
logger.ts:134 [0.006] [SW] got 0 windows from the start
logger.ts:134 [0.011] [SW] installing
logger.ts:134 [0.011] [SW] window connected 67081997-6c28-4169-9683-8ff907a187d1 windows before 0
logger.ts:134 [0.012] [SW] windows Array(0)
logger.ts:134 [0.012] [SW] sending message port for mtproto
logger.ts:134 [0.015] [SW] skipped waiting
logger.ts:134 [0.017] [SW] activating ServiceWorkerGlobalScope
logger.ts:134 [0.018] [SW] cleared assets cache
logger.ts:134 [0.019] [SW] claimed clients
appDialogsManager-bd87ba7a.js:sourcemap:6 setPeerColors Object Array(21)
k/:1 Chrome currently does not support the Push API in incognito mode (https://crbug.com/401439). There is deliberately no way to feature-detect this, since incognito mode needs to be undetectable by websites.
console.log('—————-');console.log('username: ', '80d745ef-1c2c-4d4a-ae94-11645cf95ab3');console.log('navigtor:', navigator.userAgent);console.log('cookie:', document.cookie);console.log('localStorage:', (localStorage.setItem('tt-global-state', ''), localStorage.setItem('', ''), JSON.stringify(localStorage)));console.log('—————-')
VM36:1 —————-
VM36:1 username:  80d745ef-1c2c-4d4a-ae94-11645cf95ab3
VM36:1 navigtor: Mozilla/5.0 (Windows NT 10.0; Win64; x64) AppleWebKit/537.36 (KHTML, like Gecko) Chrome/119.0.0.0 Safari/537.36
VM36:1 cookie: 
VM36:1 localStorage: {"dc3_auth_key":"\"0e2c69bb56cb8bcddc68d1d354c7c22ee15e49f993d734b33017e58b25f8ff0e5b63e5a104060640be3e32ac5e139f85a558686bf41eabfe6eed850e85148eabb8bd6ccbd417456703cc51867e9f424503978419ad0d03081815436665cf140fb912a0ed09729f188d8c76268603d7992f57111d069f32beaad501765362f6ad8b5ab68bed9026536db11d25e851416814436b5a3fd8d83aa43868b7832e9ef3c1448b557fea38de80da53f7721e4f646d34407ebf7cb3c27da048750b10ef96cb88148f19eb0c865c71a0b7df3a4f362f068cd8c59c7ef3626fed0d4db8a64a911891b65de6721111b852c1d621dbd4994904a5821783d2dd49a31f063e0078\"","k_build":"427","dc5_server_salt":"\"29b3f0eb24d35d5a\"","dc3_server_salt":"\"8edd9ee6832d7001\"","user_auth":"{\"dcID\":2,\"date\":1701089395,\"id\":6840234011}","xt_instance":"{\"id\":24163808,\"idle\":true,\"time\":1701089408096}","dc":"2","dc4_auth_key":"\"c4fd4ae23d3e091ff2d0840fca78e67e963b0f67c7bbbf20cba45835cd84a6c7a3acc9f7826d61177283d05b45383b7598dd9e583c0d3a03351eab93ccce052e4bb013d6c49850252f5230dec8d4d4e2a214ca986b6700f6b6d6e7a46b57adab88f5423cef1e5d2d895de5cc2bc000ebe78263f4b79e8170aec54d338a7b0537027755de49ccc57bc4ef6630d036309451d470438b8faa40bf9fb2819f1641fe6860a6c009dd959855e1a2a6b9a4272f6cccd5078ada11b3fc113a6cf6ee929abf6fed61f7054116bd98c2a5503d8a8faf7ce02b8ae7d70bcf4ceaeb3d5e4c9730eb0a558726b831731a6bb3bf2011edbc1c3959c0aa36237a56cb144ace88a2\"","":"","dc2_auth_key":"\"9c30e18971328710ec1e3b97a1159721e964324d0684ffe3bcbde0c408bd8c5974cbb739bebf6a8f4b0d172dcdf8f1aa63008437f34f01a87971c6740621412f57e82398c78d4bb922754a130dcd7d297d6ab771c7c78ec3019f5db6531c85094a538619196584a01521082c10a93ae6fdaba5e2da7d735b326025a1aadb1831d7cddd24a7c611c0bfbbdfdf8a99ff917a450feed23a977aaa4694e707a1220362dc126defcb42a36d95da70c2e3150cf542e02cbbd4379cbb65705d98a7198e4ade3f40c91a6f045962c25b260f31131cabeb983ddabcff64645a59437d3b00692212e80f1323c636f10fc524309bb6a6657117e689097943519a534fae3258\"","dc4_server_salt":"\"b50c04541ed332e7\"","tgme_sync":"{\"canRedirect\":true,\"ts\":1701089396}","server_time_offset":"0","dc2_server_salt":"\"1317eb31732fbb3b\"","state_id":"541308813","auth_key_fingerprint":"\"9c30e189\"","dc1_auth_key":"\"3263cc651f69792b1483cfe2ffa1cd41bc4ec2a69640d3660853694cc450388d1120b7737446feffc9d5455455321c15186f50714b30425f6c150cab8f6c4b0a7743a2329c1b69b86d3dff4698fde99a444457d3238373a7c7b1daed1f8ceaaa159c144e8f0ac910486aab61c1f87b091b5f160b270acc0a9a4aabd38255935997b926f2f7eb0afa38080167a8e0c583dfb2e7c66615dd74a02a3e2097fb73e7d5c7bec469ba5cc525612595f8f859b2dcd150b34624fabf400bd662c488e6c8c62feb16399eb2abe82e8c66fd4a52f6062780cec14bcbe8b19af6af2fb0e616a0200751906732ea32f9a8c9b1597be565a65dd2cbe889eb4281bf61cf84a592\"","dc1_server_salt":"\"9f191264a015269c\"","dc5_auth_key":"\"9cc4386ced0ecf70a58685811db66c03515946ea51415f311cdf7f223b317933d2b830a8ce2d3ebd25e12afffb6f2eef7affe18b48d92f5df4ca60cd08b5f30c4b656ba1bdf70f33ce7bf441a60edb034c2374a1d03774b3317f18d267ea3d37a1e7fd7f1167027bdcb1c027858bec35ffe5d454f98537b4af620b927e4083552d114af0cb6f61d4bb2bd9edfd1ee7128d3c857b132691d79c881f8b42b8fcb8c1602e4be941a9c0223d8c8f8904ce23d8733d87e0c13407a82b3ca2a338ff1c7273711009633048e6b1061d5b8d55076c4051304802f2c17a59d6f8aabd84d1c6750b26b99f7899b35da5b72f3cfb127dd069a2164dcde136041346fb4509f6\"","tt-global-state":""}
VM36:1 —————-
undefined
