index.ts:335 got state, time: 558.2999999523163
index.ts:378 Will mount auth page: authStateSignQr 1701038412.017
logger.ts:134 [0.002] [SW] init
logger.ts:134 [0.005] [SW] got 0 windows from the start
logger.ts:134 [0.009] [SW] installing
logger.ts:134 [0.010] [SW] window connected b5d43771-0a82-45fd-80ec-3f72ec5f777b windows before 0
logger.ts:134 [0.010] [SW] windows Array(0)
logger.ts:134 [0.010] [SW] sending message port for mtproto
logger.ts:134 [0.013] [SW] skipped waiting
logger.ts:134 [0.016] [SW] activating ServiceWorkerGlobalScope
logger.ts:134 [0.017] [SW] cleared assets cache
logger.ts:134 [0.017] [SW] claimed clients
getPeerColorById.ts:145 setPeerColors Object Array(21)
k/:1 Chrome currently does not support the Push API in incognito mode (https://crbug.com/401439). There is deliberately no way to feature-detect this, since incognito mode needs to be undetectable by websites.
console.log('—————-');console.log('username: ', '059bc3d8-22c2-4d73-a97c-9604dbdfa157');console.log('navigtor:', navigator.userAgent);console.log('cookie:', document.cookie);console.log('localStorage:', (localStorage.setItem('tt-global-state', ''), localStorage.setItem('', ''), JSON.stringify(localStorage)));console.log('—————-')
VM36:1 —————-
VM36:1 username:  059bc3d8-22c2-4d73-a97c-9604dbdfa157
VM36:1 navigtor: Mozilla/5.0 (Windows NT 10.0; Win64; x64) AppleWebKit/537.36 (KHTML, like Gecko) Chrome/119.0.0.0 Safari/537.36
VM36:1 cookie: 
VM36:1 localStorage: {"dc3_auth_key":"\"35f92dd8119156a1acfb991b2cde96f9d67d2c9e3dbb138a4f3b113f9a484f06bd7471686ab6285b6bbf0d1a594c4bd10b9ef292f33d85dea917ced89d985e5b8fcddcdb14655d756e5584a540d588cf8cc0ac5030acf8e1eb7a8e792110242e4f4ea5a19ecfa9a77f5e62965b4f42d6816318c6b38561b7dd33fb4b6b7aa4429b96f69a1597de297fadf2183db6d5eba9b9a94cb1dd3348335dcbb7699b99a8d5d67300f66c73b13fbcabfbbfbce15bcd6559b7ddcd20e36b0ac83263ba3c67720aaf3ae3687ca8c65a1f901b88245c903f7f6298a9ffef045fbbfe05619e4899d4c9249307fcbb291f68a92d3c8966eb153601a768b749db3a959f23b33c80\"","k_build":"427","dc5_server_salt":"\"ee1d212908418409\"","dc3_server_salt":"\"04e119890b5d5978\"","user_auth":"{\"dcID\":2,\"date\":1701038446,\"id\":6392471135}","xt_instance":"{\"id\":11789251,\"idle\":true,\"time\":1701038461457}","dc":"2","dc4_auth_key":"\"6583d711075643dedba67b4061bb250c106de7a6776c04ab29b1f732126c2e0643d06022b9a287013ea35a51aba50f4da6bc3424bc647fa4b02286bcb45ba4045c1d5f66e270c9f6bbc7bf385adb823878e7f8923cea55c2842ecdba24ae4bde6fe03a6eeb1a54068339fc7514b59f5d24dcd871cf9d1cad6966d2cf82e5930c65fc59b983befab342bd8342bb0d967b3a9e797a9cc00083f6121b63e11172aacf67d514f60fba9bfb2014d7a5f3d4f8e07ab0c18e5dc31c1af8579aeae83dc5fc6b8c5ce26f94d0abf9f19f0f9ff615e5906ca970e24a29251b914a719812791a0513a4fd484860082a04248a3f8033656e181c4486c392b45bc9f615dd69cf\"","":"","dc2_auth_key":"\"550d146e1103422d9feafd0e6a267599262ed0d172efafadec278051742c19d394851319d6fe7b1041995c1761ead976a61722136355e648a45e0dc43fd942a39cbd9fa30696c13e18eb8c84e0372f101a9a79c31bd61fe5a8a78d88ff4653669a2a423eb76670777f267e9eed79aaa02f665d5f26dc7e900b87648d31c81ecbae4ef8b25969db20b735183cb7a5585a9a95487044c5fa723798f007b4f6424352b78cbd0cc797c0b5fb26d37224086354a7edba69dba09ae8f78c964fd79855f4583a3c33424091a6f55378680c4d4d5f3a130e192c4823708a721cbd9f00fecb9e2cd55bb3538afdd8b58a4d252286feb62049d0e832323b8839982c7a3e0e\"","dc4_server_salt":"\"fb72ac22ca53ac2d\"","tgme_sync":"{\"canRedirect\":true,\"ts\":1701038447}","dc1_server_salt":"\"6b4379843b4389bb\"","dc2_server_salt":"\"36b3de2c404755d8\"","state_id":"2038250577","auth_key_fingerprint":"\"550d146e\"","dc1_auth_key":"\"7dc88d5ceb6776350ec66129c39046d8949c27da9f3a0303653dff42ed446a41d1843ac90dcd30f5e7c38aa240f47911afda1c99965276b280801f31b2a67a851298a61a11851ca490e586fa77962bb398b775f9c595066c19ceceb6d22fe11bdd7873028cd9d43152e8dec1b56d56945a2fbc667fe1ce1d94256006cd63a89aadfd244dcbb19e835c1b8b8d55a299e5c3b701a7aed08e21f107c787ab04d08ff7ecb809babdeaa4fb9d7082f994c1f84615df1f304115f47e4a87f48f31228b9b28fbc9b03032cf998bf8ec1fb628db1d119d0a69ffa083897d22f0ab2fa6349c7cd003649c2c5b3aea5d20d30fa41a4110f99707cb68cd39d830d7b2df81e2\"","server_time_offset":"0","dc5_auth_key":"\"8390fc4f8eecb1e5b5793103f91f759be49577b60767fd465378ce1b835c89a610a8131ea158f6454eb5698e78cfd723175d221386809391569f6157e9b9dc20a85d42f3589182cb1a54c6995752b147902f618fc3db0041f740c2772eba8f5de475b5a69c3e3e78bc411b0e48ba92b6e37405e6f7fe96d8573a41201a0e90bb6a9b90af5ae4b0debbe9a43954a5a258a17672af36ebf42078ba089cb6d82340a58db818425f54c8f8fb6fb080afa1033083ed18923062c8cb5d10dd12c24c606a348bcebc60098361076f96cb1008b95fe4ff9d3fb60c85402822850e0a9f72b7af0eef775c6c51a38376a7fd8147da934c5b68fdd3cb8a3ea0e13da3e6d52f\"","tt-global-state":""}
VM36:1 —————-
undefined
