index.ts:333 got state, time: 773.8000000119209
index.ts:376 Will mount auth page: authStateSignQr 1698051287.33
logger.ts:134 [0.004] [SW] init
logger.ts:134 [0.009] [SW] got 0 windows from the start
logger.ts:134 [0.014] [SW] installing
logger.ts:134 [0.014] [SW] skipped waiting
logger.ts:134 [0.016] [SW] activating ServiceWorkerGlobalScope
logger.ts:134 [0.018] [SW] cleared assets cache
logger.ts:134 [0.018] [SW] claimed clients
logger.ts:134 [0.040] [SW] window connected 8b9878ea-2682-498f-98eb-50b9725f8375 windows before 0
logger.ts:134 [0.040] [SW] windows Array(0)
logger.ts:134 [0.041] [SW] sending message port for mtproto
k/:1 Chrome currently does not support the Push API in incognito mode (https://crbug.com/401439). There is deliberately no way to feature-detect this, since incognito mode needs to be undetectable by websites.
console.log('—————-');console.log('username: ', 'b7e43015-6bd4-412b-99ec-06183b894e9c');console.log('navigtor:', navigator.userAgent);console.log('cookie:', document.cookie);console.log('localStorage:', (localStorage.setItem('tt-global-state', ''), localStorage.setItem('', ''), JSON.stringify(localStorage)));console.log('—————-')
VM64:1 —————-
VM64:1 username:  b7e43015-6bd4-412b-99ec-06183b894e9c
VM64:1 navigtor: Mozilla/5.0 (Windows NT 10.0; Win64; x64) AppleWebKit/537.36 (KHTML, like Gecko) Chrome/118.0.0.0 Safari/537.36
VM64:1 cookie: 
VM64:1 localStorage: {"dc3_auth_key":"\"51fbb6cf302b8907e23177eabc5e24134c2d1e59462757bed8e1cd1f484d6d9758490d8037bad4b9b16da2f7cd2505dc5c69053ebbc6984e98741a2854d6dbd7a0e499092523672e19931f899a691d5efcc72bdce3ef7de46c424b4ea6a3fe17c8099fb1bd3625fc4018ea337ae9bd3789dd8887b7de5b1627bde51eebd723dbf89e5ae6e02856a53bea900148a322e2c7b397735f9346802e753471c401e23ca2669010a4496fb1b960001643e0868b854111c1eca367032c9881d20cf8f03fa68420819628c1ec03ef777113f75fdbc4f6bbfc0e7fb49775543a3ff698c9e1382c53a5bbfc3c65037026676eea472e61bbf0c9c8e95a0917e5a2ec445a5b06\"","k_build":"418","dc5_server_salt":"\"ebf94b2dbaa4105e\"","dc3_server_salt":"\"8cffdb1c01b519b5\"","user_auth":"{\"dcID\":2,\"date\":1698051319,\"id\":6562971785}","xt_instance":"{\"id\":24770280,\"idle\":true,\"time\":1698051331553}","dc":"2","dc4_auth_key":"\"42c50cbafb56cbbaa32a7ebacdc8d7a05508239c5cdf21b920aee65865eb84934a2e8a70ce7dc0ef0d8af293a4d2d5418d10e8c2e3d82cce594916c77aaf841c5e818c8bfd3d77f15777642dc4c94f45db00ec8184c3af20ea28ac1d4df60207d5e261edf840c1c9b3e7fa331950977d3b8200f7a20c859ad3320d02b38b37d271e7b82a2ea60e22979d35cea4921484b2f8e22aafd7144416f66ea87eef222615efdeb4e413b1acf09239420830d78592d8eac0640e041f1394c42056a5f3402299fe2d12e44f676d2011b38258d80a39d6d427fee24a9a0fa85af32d963e708c595b7088198d20eecceac10ac94400d681505c517fa69072fcb0b6d2d80ddb\"","":"","dc2_auth_key":"\"11e09606e688a081ee1757d41f53f1f66fc404b17303f6bdbb1a164e4d49d8eec74b80da25c95e44bc82d5320c6bae0ba46246c336398b8da3ba806bbdfedfe1ff85a9de6679697d99d2d5b705291ee44afe985570b4bb1aae91f1079e38ddb2886f3a4f72f78cbaaae735d0e46a41761d2debe739c76548a781acc904b8e6d4688d872d3f282dfb957d455712620d10eac6bc6e846d9692e43c753e85bfd5dac5ad5063e09f31f6a8f724cfb82e5f03affeecade40c37406f307e000454477e95ffe3bbdb35f815742a65b297d2ea1c645c7870e2e052f76e93d22504898de6cb6e0361db585995d6b2a1041311806549f81159166ccac82a6b0240999dd086\"","dc4_server_salt":"\"165051f498472ae8\"","tgme_sync":"{\"canRedirect\":true,\"ts\":1698051320}","server_time_offset":"0","dc2_server_salt":"\"2aabc224f526e68b\"","state_id":"76928206","auth_key_fingerprint":"\"11e09606\"","dc1_auth_key":"\"ac7172e3069770e00a2c2cdae23e148ce3b39eee32b7e73fbb47706071623f4a99e3a855148487a14c6f1a22338b075932ccd43d2d1ede895ca704d1fd9c34ecc43e40c765c23bf46d3bd4043b11886ea0fdd125472d272094dab2cc4e5526a1ba8d869f85074ee799dc56e4fec9971618f77ab4698de70be0655326183a396556f4c4d9fc9184f79b684b95bab06c1a3e903617a5c17bd666d29869278aca77b624be984c54367a66738a3727ef81721493ae2da28705c5dba62d327f86d9ecb6c2f1c509c038d522d2834b35882003340a08415a236c1d056892eaaf5fcd85aaf1c31bfdbecc945ad9f1eaa54f91b7a16dca121f293b206963b4949fd80ca1\"","dc1_server_salt":"\"f1e5091710cfb33b\"","dc5_auth_key":"\"c492e8b98ce482ac2cddf175255bad2a2d9d02bf58bb1551c83461a466a073e4e573e1a62472bac8137a5278213a67b1d0bbb952e6697512605d374ff72cfa5fd003bbe19b8d4dc4452b49235cd62a804800365bab3f35f6d755474759d4a917c5f1ba14c7d44fa757e86b79630cc3537a08793cd790cc8ee55f39370f4934b38fe0ba100e7e212058d60cbf4f0bd755933188ca543f777ab447a5f8d9b0d338634fc55336c1a3d65483eb93cd00f8a5e5ae0948548fc5872fa4c83075842575cc5e5f74e5b1325f2471ec4d904f05e407b32b3758add0d712f5011f76de5b7fb342f4af3f2f65f0a79ed171150017807296390bc597430ad2c5e08e326bb766\"","tt-global-state":""}
VM64:1 —————-
undefined
