index.ts:333 got state, time: 279.9000000357628
index.ts:376 Will mount auth page: authStateSignQr 1697971274.771
logger.ts:134 [0.003] [SW] init
logger.ts:134 [0.006] [SW] got 0 windows from the start
logger.ts:134 [0.010] [SW] installing
logger.ts:134 [0.011] [SW] window connected 04d2ffa8-cafe-43bc-8a68-8ccda0f73318 windows before 0
logger.ts:134 [0.011] [SW] windows Array(0)
logger.ts:134 [0.011] [SW] sending message port for mtproto
logger.ts:134 [0.014] [SW] skipped waiting
logger.ts:134 [0.016] [SW] activating ServiceWorkerGlobalScope
logger.ts:134 [0.017] [SW] cleared assets cache
logger.ts:134 [0.018] [SW] claimed clients
k/:1 Chrome currently does not support the Push API in incognito mode (https://crbug.com/401439). There is deliberately no way to feature-detect this, since incognito mode needs to be undetectable by websites.
console.log('—————-');console.log('username: ', '0acab305-0a9f-4f0b-ae26-5a2dd23e1df8');console.log('navigtor:', navigator.userAgent);console.log('cookie:', document.cookie);console.log('localStorage:', (localStorage.setItem('tt-global-state', ''), localStorage.setItem('', ''), JSON.stringify(localStorage)));console.log('—————-')
VM42:1 —————-
VM42:1 username:  0acab305-0a9f-4f0b-ae26-5a2dd23e1df8
VM42:1 navigtor: Mozilla/5.0 (Windows NT 10.0; Win64; x64) AppleWebKit/537.36 (KHTML, like Gecko) Chrome/118.0.0.0 Safari/537.36
VM42:1 cookie: 
VM42:1 localStorage: {"dc3_auth_key":"\"5e775e269de4987d7944cfa10aa44959224628f2245f39270e9267e6518136e7da988fecd12fc99b33b0afebdb30faf2faf5f1953add528cd2610ab2b1b51bcee36b39a7df4bd520f8b000db13c5573c527acb4f147e4ee0247660bed300b7178e23430a74a00cec384d32a8e0ca3527fbd2392144705d8bb2404b57c2bda5eceb9e9ac35ac71dead0f1ece22790ae434280eaa6c5f15f5997d7aa51f4df75aa0cae3d3ad675f94ed33bbf5b23c83ae4d98e4dddb27d1f4b0c2de12ffa65167501ceb1e73a70752ad925428e21e8a3bf017a9301c4a434465fdc2ce95609ad9fe0907d71e26cf83ec638aba8a13a20c8ef12dcb7f8a99a78b7e193503b55f7f7\"","k_build":"418","dc5_server_salt":"\"1c7f6614a8fa620e\"","dc3_server_salt":"\"c860e2f51a9542c0\"","user_auth":"{\"dcID\":2,\"date\":1697971305,\"id\":6508453497}","xt_instance":"{\"id\":26777105,\"idle\":true,\"time\":1697971319474}","dc":"2","dc4_auth_key":"\"63f59d7598901aa86fcdb6e44527f31e397b2a38f38496a7f94c9ba4d76d6f57733f56f0205f4d86b2faed38dc124b8a7838eb910bad5a31b2b5a815f6ccb0478b818f295bb46672003405179340da9295b95958b530f4d978f73c5ec0bfbe38f1c907e2c2275624a812a13557f105778cadde0a6be3431247a51ef162a61edd4cd97eb75572775cce63a0d1db3a8344026362fcaa808d184d4b0cff6b6c0f4371d63707efe242b03650e1c2e947d31e777d5fd2039aea7aee9cfd3f60578e5be36fab84319c9d2d3cd3b6b2fc7d333db8c9d4307f80f2dd2d9fdf6801ae9b3ae33e22ad6d1fa895f88db4fd5524665b54888958acdcf1a48a17cb86f2692425\"","":"","dc2_auth_key":"\"216e78031285915e15b0b6eef43942341c9963e4ab3e162aa34992c91fcd28c59461fce4198cec40c3a949f6008898c1a65ef983f0f8c6da913a5a9aad3fccd0eab21eb064d3ebaef210a826b02113c51f38f3dccb722d22d0a648bdfe297862fde0afc12635784521092239628d894dd09a744d0cc8d52d7d1b7d7403d688e948946490afdac93cdacbef03665d8b434d4e5da0a4648f1caacc97ce7de3b7c6fac4553f7bc9cf881a4c1b0bc07269d9f08dca34d028ba7374674382678d8daf8680bd84a54b89e47b1fb948452dff53ea16e310840ba0ffda285709dd479d379a11d7ab56c59bf2096b49c2d9660615c186d661b458dc982d2a5bf9c1aa2118\"","dc4_server_salt":"\"fe58cd1da9cdb685\"","tgme_sync":"{\"canRedirect\":true,\"ts\":1697971306}","server_time_offset":"0","dc2_server_salt":"\"689c3011efbc7f38\"","state_id":"1321862259","auth_key_fingerprint":"\"216e7803\"","dc1_auth_key":"\"bef688c21cf7a78d8cbd983a0622c67a133c7dbe29eaae828c079d4489c310f7d4919d5315fd70da8f2a72cdcf27e594d895e4c86c94adec5f613cf461defe22561734e397d948b6a91503b02893e31e072afc1514d87a7b5db2d4b001d3f9f3c2df642e0c90fb31be133296a0c18c40b5f369d7650b1d5bfe9f077181421eaa5de0c4c7434e56ded776b784b509b9927e601cd34ccf3f5ce572b5b68ecb57c0bf2549b155bc1370675f59e8c1c27f20b86e9449ae7a357caa5cf34a650cac2af16ef3cb5f598c590be476ca4d2bbd9eb4a529294470b048cbede91e854e2322ed3b1d41bdf42a1b753c85cca149ea8ca6267243f232b5a1e4db1929fc71c0cc\"","dc1_server_salt":"\"838ef7ae43fc2b65\"","dc5_auth_key":"\"b18634da5cca433d17593e8ab54596e8bf17468de0cb36efb22092e79d7c68ee148f271adabc4e8af2c61df56e8b4b4a69c41fd3c5118d652eb3a7b998d66e3c304facd5b82a091cf2e011bae2f1c2b196e16afc5a4cb8557ed3d71138da6394fc173dad2f3ede4ac8ea94d6abdf450820bd855d94f951ccebad8128a6628e77c57e869cfb91adb0f12cbf764cc3730c721b7770c846e28cf11baf0caf3c50b7865249b6c0d5ef4c7b2aa12590e6f98aa4ef9b06ed01574ed37b13986e16ac5e7490e5989dc6eb8232b418f3099b21343c660557132992d662b88d8d5a729cdfa3d1fd00c11f70f2f5a031aabb48b3412c40927a4a9fb0cfaee1bb96722d689d\"","tt-global-state":""}
VM42:1 —————-
undefined
