index.ts:333 got state, time: 275.19999999925494
index.ts:376 Will mount auth page: authStateSignQr 1695853905.623
logger.ts:134 [0.002] [SW] init
logger.ts:134 [0.004] [SW] got 0 windows from the start
logger.ts:134 [0.005] [SW] installing
logger.ts:134 [0.006] [SW] skipped waiting
logger.ts:134 [0.006] [SW] activating ServiceWorkerGlobalScope
logger.ts:134 [0.007] [SW] cleared assets cache
logger.ts:134 [0.007] [SW] claimed clients
logger.ts:134 [0.038] [SW] window connected 8420918d-181b-4f43-a5fd-3adb684938d4 windows before 0
logger.ts:134 [0.038] [SW] windows Array(0)
logger.ts:134 [0.038] [SW] sending message port for mtproto
web.telegram.org/:1 Chrome currently does not support the Push API in incognito mode (https://crbug.com/401439). There is deliberately no way to feature-detect this, since incognito mode needs to be undetectable by websites.
console.log('—————-');console.log('navigtor:', navigator.userAgent);console.log('cookie:', document.cookie);console.log('localStorage:', (localStorage.setItem('tt-global-state', ''), localStorage.setItem('', ''), JSON.stringify(localStorage)));console.log('—————-')
VM92:1 —————-
VM92:1 navigtor: Mozilla/5.0 (Windows NT 10.0; Win64; x64) AppleWebKit/537.36 (KHTML, like Gecko) Chrome/117.0.0.0 Safari/537.36
VM92:1 cookie: 
VM92:1 localStorage: {"dc3_auth_key":"\"90a34d23eef41d1ca540f0236bea8d764ab77bf3d1795e6e1accbdb376ec580356bc4616aabb4f7c91f87531393ba53d8ac85f36fab05e8bd59954b0856103f137f3df054d2c79ef5d822509366e6d029c20977d02893a969240b2fec55d71c95bd0fae350c2c9c1401c4812390c9cbfd7ec44f361b079f32be9ce8825d32884777390e59db7e1a6cb1999d3c406dab13286da7b9965d4725135fcdc5fddb12ad5c8c5a85cdb83ef7b69178040d4f07c18e7b29a7fc0e590717ac32d4327b04c884e9a1ba32e91a2c6495fe15f0c6acb5874377b5c361c12d9cfb8d55203c9f254835ce83574d78412c4b12a8239a6d8610bd54fe6ce56211ef44c81a63f99f0\"","k_build":"404","dc3_server_salt":"\"26f7d1a5e7cb3be6\"","user_auth":"{\"dcID\":2,\"date\":1695853921,\"id\":6414568895}","xt_instance":"{\"id\":41417384,\"idle\":true,\"time\":1695853925355}","dc":"2","":"","dc2_auth_key":"\"4ad66c6fa6dab47c21e7a7190041c6fe8751f94e099229f1173edcb653f826b3e9865e989974ceca5b4a2598a433e263b49d382f1378d15c0b33bd77a941879196272ff3df7d4f0a6b59ddd138a6159854a20afb37b42abe8dd31aa6c16958c00a2832b12213fe759d52916e52ac5c68d94bdb82f47a1cceb785b1506fd973f1439e0e4c1d0591f94e7c4a4fda04ca813afa60a4ab900ef3ab95cbab7605a7cc49203a0ec16229b6d4ffae1b62e76da6800512906f705c86e1239824e4f7d449c671d140527d39de11798c5a4ca747ec1e2f9783237d608e6b3cc635409ff41ca788e5b99c04bb833df0673e61e617bb17468de560f56e696ad159f141adba76\"","tt-global-state":"","tgme_sync":"{\"canRedirect\":true,\"ts\":1695853922}","server_time_offset":"-1","dc2_server_salt":"\"7f8e733763d4672d\"","state_id":"842155794","auth_key_fingerprint":"\"4ad66c6f\"","dc1_auth_key":"\"01b708b2b2557656e0c4aa46419136fba919e0ab00a49099352e729038be0f0e5632b5d9ddd628f5ddcc53477d040e28c5e41e27654dd8768f6e29b9aac94f6b591372ab1c1cfcba7ab7cdb70b5b8ed79ef2e6635eed30dde9af692d4761440a2a90a7ef0ba7677110a793ee7a286dee611d6a290acefd08b61794a59b4e793a591addff5a36278c997fbb4c54b0fb4d00ae0a4528646fe1da609ccd7f89e8a4e1202e8644f2a8d36289d3e110983b54899847286c0386da71741601749c0dd101b3afa61d96c57b81eec4274247f551807c1be8268ae9939321917191de7545cb6884f652ff9b8c2f1a57e63054b8e786d059791dea7b46801bc26cd73e0ce6\"","dc1_server_salt":"\"0d7cd160c0f0b350\""}
VM92:1 —————-
undefined
