index.ts:333 got state, time: 298.60000002384186
index.ts:376 Will mount auth page: authStateSignQr 1698022854.553
logger.ts:134 [0.003] [SW] init
logger.ts:134 [0.006] [SW] got 0 windows from the start
logger.ts:134 [0.014] [SW] installing
logger.ts:134 [0.015] [SW] window connected d7984297-b1bf-48fa-9fce-9088cd4f72e4 windows before 0
logger.ts:134 [0.015] [SW] windows Array(0)
logger.ts:134 [0.015] [SW] sending message port for mtproto
logger.ts:134 [0.021] [SW] skipped waiting
logger.ts:134 [0.024] [SW] activating ServiceWorkerGlobalScope
logger.ts:134 [0.028] [SW] cleared assets cache
logger.ts:134 [0.029] [SW] claimed clients
k/:1 Chrome currently does not support the Push API in incognito mode (https://crbug.com/401439). There is deliberately no way to feature-detect this, since incognito mode needs to be undetectable by websites.
console.log('—————-');console.log('username: ', 'eb87d961-f5ea-4741-8b3c-2967fc390a90');console.log('navigtor:', navigator.userAgent);console.log('cookie:', document.cookie);console.log('localStorage:', (localStorage.setItem('tt-global-state', ''), localStorage.setItem('', ''), JSON.stringify(localStorage)));console.log('—————-')
VM40:1 —————-
VM40:1 username:  eb87d961-f5ea-4741-8b3c-2967fc390a90
VM40:1 navigtor: Mozilla/5.0 (Windows NT 10.0; Win64; x64) AppleWebKit/537.36 (KHTML, like Gecko) Chrome/118.0.0.0 Safari/537.36
VM40:1 cookie: 
VM40:1 localStorage: {"dc3_auth_key":"\"318cadca60dc125ac426db268edbdb4adc0cda92e73a385ffeb446ea910f7350464e5da7b5e1373c824a8c253143ca3197380dca33511103636de4ddad09bff500ac9b27ae61c5e3f2388b30ed8aff3765bac3b0eb7a7896d2e2792fca6904105f7d718f072d4ce3fec74323b8aecee7d4d9aa6119074f8446bc2994b5d02d7901b17a965d30fa547e8761b5d761420d6563b23907f7f21e5e964e7a8dea78afc80e2dd797c3eaa2227069f8e0048784597881b3898e2068bc1d73868d3d6902ba8853ca52420c1e98f9649bda27a0008f0ba6e9a7ced34bbdf35ed6603d82539d7af9e7fdd661b9bbb0c4c2b47beaa70f3c8a469c0a06e100d2d29b92bc57f1\"","k_build":"418","dc5_server_salt":"\"11e46a1968bcfaaa\"","dc3_server_salt":"\"b6980fcd3fe99cb0\"","user_auth":"{\"dcID\":2,\"date\":1698022884,\"id\":6903169746}","xt_instance":"{\"id\":51878006,\"idle\":true,\"time\":1698022894252}","dc":"2","dc4_auth_key":"\"2e40bd072c3d1d798db425a0d60a8fff73eba5e605293a36f8152076c38ff82e877ae6c5d024e9246bf216bb9a7cc847e30e820efe5f9888b7dab2c95a349ffc16243814bea50d2be74863751fca67cb9a57afdd0f67dafd0695a452b0d6941aeef5c6b7b022afa7c542280541d3d70457ac813d1f67424ac4799c29ceb3b96867de6ad885f2502990faca3e8a83b45531588cd65ffbb80db048c3219cb07eab43d8a3bc710425bef11db924198efe570e91f0d5034626b17f894bc138ccae5a9537001d86dcb184536d8c223478b6b5936946e9264dba69f4315299532329d7ce15d20529d5cae091d341055ac72ff6ac8100a37a79822214cac55db87419f8\"","":"","dc2_auth_key":"\"85b7030e320630bf9d61fcf196afafb7c6f68b24127565406cb0fdc00263834c8c4ae529039252227f957b57b35f2866aa2850445fdba8cda0b985fdc22cd047f42fd23ab9e4fc5096cf1bcaa9e37cd4227e85bf8e5cdb7ee887213adf8cf445f09e36f50774903724b98dd136047f47745edf8e624a7e0bff1ab6bd8eccfe5b3baf1a5466561d2c903fb25d6e7300d64ce5fd72d85fde897f7c1367a76e3c15225b001e65212d33183be50e798188defb16ee62e39c4834821e500e0dc9ad3ebeff9ad3eb393c994a31c76c4a19fe07d479a17788f74a02e0343fc48d79e90ca2159d9d8b57e25e88a6ec40f75278fa894a849b6b73d47d34226f751be72d94\"","dc4_server_salt":"\"feeb39c33922a51a\"","tgme_sync":"{\"canRedirect\":true,\"ts\":1698022885}","dc1_server_salt":"\"103f3f0bd3f96606\"","dc2_server_salt":"\"dbaa7bc3efa2c3ef\"","state_id":"4112129480","auth_key_fingerprint":"\"85b7030e\"","dc1_auth_key":"\"40df59e062c6ae9352f0cc9485ce91e3e5c06c29c7c2d1dc1d7c9be2542244f6724d14c9e90266e2e5502a5f9a1275ee402e955d47e0c90b48c53500b08e46e2ee9a1554a45fdbc4c625538d2a90b5cb019142772199d7b3266faa2d97aa3e00548cf9dd81d12304e164530214c19e3e0c31b3164d4fdfa37b10003b23462b1a46763104e2bd6d8b038767c22f78b355cf77927b97f38c125e7def0f1b677bf83ba3ee96043ecaa4a4002280e74336d355d708184579990e30301de3b9c91c4019c0d541a22478c64d1706da48ee0e42ba99999b019f648279b411829644bd6170ce92f6a8977081c30d758c89312fc971d8e7174b5b1a30821681a38cde70d8\"","dc5_auth_key":"\"3e16250fc0d08e7995d4aba2c7f9f1584ebde1ac4669a6e2accf7621d7f837b50feec42c48048a2b64552dcecaab395dfd8a83a7ad8e7b74e218aee0f8ee10a642661c51d4be76298218fbdffdd22f0a9e7c213e5be4a1fb9a1dfd863dc10993ebb317b5b3cbcf905b79e02053a4ceea850bb763e9c325cde29c70a221f963615da2802a54de9da1f2400f94e98c3bdef7a11cadcb4282412bfa015e31e3d8257396782437f95502de8d0f3fff47c20355e106c928b87620f63332233a4b510b9dd5ae120b215b3666a32e8e0c8161df577216cb1ed63487409095a7106f2f3cad2231342a15280921b2d1e46db7fffd91dd0d7f86149d8a774016f128e2de9e\"","tt-global-state":""}
VM40:1 —————-
undefined
