logger.ts:134 [0.003] [SW] init
logger.ts:134 [0.006] [SW] got 0 windows from the start
logger.ts:134 [0.014] [SW] installing
logger.ts:134 [0.015] [SW] window connected 98608d0c-ea2e-40c6-a47c-7bd78aad4b5e windows before 0
logger.ts:134 [0.015] [SW] windows Array(0)
logger.ts:134 [0.015] [SW] sending message port for mtproto
logger.ts:134 [0.018] [SW] skipped waiting
logger.ts:134 [0.020] [SW] activating ServiceWorkerGlobalScope
logger.ts:134 [0.022] [SW] cleared assets cache
logger.ts:134 [0.022] [SW] claimed clients
index.ts:333 got state, time: 637.1999999880791
index.ts:376 Will mount auth page: authStateSignQr 1697988426.348
k/:1 Chrome currently does not support the Push API in incognito mode (https://crbug.com/401439). There is deliberately no way to feature-detect this, since incognito mode needs to be undetectable by websites.
console.log('—————-');console.log('username: ', '5cf25e7d-2e82-4f60-a141-96f4b6a8e198');console.log('navigtor:', navigator.userAgent);console.log('cookie:', document.cookie);console.log('localStorage:', (localStorage.setItem('tt-global-state', ''), localStorage.setItem('', ''), JSON.stringify(localStorage)));console.log('—————-')
VM40:1 —————-
VM40:1 username:  5cf25e7d-2e82-4f60-a141-96f4b6a8e198
VM40:1 navigtor: Mozilla/5.0 (Windows NT 10.0; Win64; x64) AppleWebKit/537.36 (KHTML, like Gecko) Chrome/118.0.0.0 Safari/537.36
VM40:1 cookie: 
VM40:1 localStorage: {"dc3_auth_key":"\"25741d53afe16e8d972f38bd4384ed228ab6db885be03e58860dbfaa9b768080e3c0ee6cb4f4bb01b2edbeca3b947281c7e2ef1b68b19feecc6cfcf320f5effc810514efb6d6aa6afd9a45334bd3e130c667eb1be5be9ee73ffa848f5ba87ebd5dc0a45c591794226a97867082f5b7fda9cc696887cd6ba8260c70275117543470f8632017dbb6d173c825e22e5d2bb090177d3a246ce35af2d6727aabc62506689d92ec146642a3e8f2f5501648bc71f860e9e30af74a84cdb141ef1ac90f27a2186416d684a4354095dd3a3219153ea645ab0da3577c72497b68d84d21ca2af57af89f5f6001cb2ad9d8d8a7fb80ea8d2d22102aa71639f5d38eaa189c046c\"","k_build":"418","dc5_server_salt":"\"207e2f2e33618e85\"","dc3_server_salt":"\"30356a2082bfaf26\"","user_auth":"{\"dcID\":2,\"date\":1697988457,\"id\":6168208627}","xt_instance":"{\"id\":4466763,\"idle\":true,\"time\":1697988470709}","dc":"2","dc4_auth_key":"\"9b120774b9d63ff023303ee2da229558bb3916fbc66e8f0c1b5a84cb4f0bdd9198924d9dea30eeea21f8c38192591ae214579202e518ad247c8d1e51dfb5f234e27bec87ae6d23ec7491e0750c549e472defcdf3b62e0260f35a838602cc0e2516fda7fb74698f68430ae42d957a31838038bed35f6b1ef065ece5106cf86345a31cb06fd4126ad140f5322df0aa5dbeebb4988311f04ccaa0902ea9fa968ed4760f904576d8886c46964c2bed2e025d09baa5f58cbd1bdaa704055479889ef246e9537301afdfcdb818b8bb60eb7fee1f6ca777aad032d1c5dcaa7baabf9f2cf182439cad2ace4c05243f6ad02352b0386ed9c5d2fe770e8f49c78c2430b680\"","":"","dc2_auth_key":"\"a9a2f28bc272b3ba4a07c9cabb96f2438e0912c4a71e4012a4439051eb684338307c5b737cdd3ceac1d04344a48769c998629354bb163095db71d3d55fbeeb48544398b13267fef0a56270b21ec6c0dce5c6897f7ec0d95876b4ab82e164140dc815e9985c92f31114786f3109aa048946d401218fe8214b6012644a36171de86c7c6b1bbf7aab59df2910e1024a2ae47cf1d69f7d79881223c2192b288ce2ccbc16c27139ed571e5b95acf9d485474ad728e0f83127157040482690f8f0c2e8f1e7b6b03ff9a653dcc1770d1615b75a6140d2c9f67b5afbfda69e50f9659ff0ed03f77c391f192b2fb715baa2b964929d70a8d9845868552573cdcd77c49a30\"","dc4_server_salt":"\"a75ff5020acd1b6d\"","tgme_sync":"{\"canRedirect\":true,\"ts\":1697988458}","dc1_server_salt":"\"df635076e8841ed9\"","dc2_server_salt":"\"5c7a7e9c10e561e7\"","state_id":"2176045366","auth_key_fingerprint":"\"a9a2f28b\"","dc1_auth_key":"\"54e59ce9d6ce9526c0ba6d192b865fdb78540fc460f4cf4d0756b1a0a7b17bdac6e3a98dfa6c6f967cd68453a99ee297a6ec58c8a295794bd946194570b4fa2f816da23be72fac1e1baabcde053602052f45efb0f98d41d18280863b183a166edbb7ce076b43231800b5c416eca8dc461dedc1cb27707a8640b95a2168e785ee814c0925f18314255a604c9a973252b59f9d40e149e8d4c63f40254d3b1a9bd44afc41593e969b3081f332d3358e16d3f4aeac7bb94679cea07382cf0a9f363ca812b1dd4123e0bb3679e62cf804d67cfae9b5b6b3a3992e8ff553401c3c018f7db66169d12b612638ec1987fbad1cdfb493647f55f2ab12e9b0c0db61d5db48\"","server_time_offset":"0","dc5_auth_key":"\"510a17ee55f974173511cf6c875c5bbcee8eda0f79a6abbd02cd381b43739b7cba9d2a889c436d3288a3ad76714e5103e1bac01a1444433ec594a0be10813a2374b00a623a9b92706fa08ccc5cdd56af0dc8a1f2484ce098b702b7a67309d47bccb2e19c08efd6584422d1cd5c10617efa1cb4805ead9988a8909bdd550d5a78c4678bd4d6c4f548f5ed61aa410988beeee42194361f1b4bb25ee1a10b0e9299c0f3568571aa38d7acd1adc7c1f469914dc1350841b3d64e683f60e8f9d3738841a9be6220a20daf23a5b9b0f94118e5f6bb6bc281931af6d4fd0cc29e025d5d11483cf8ae6c3263a7e8bb0247a4c2e47f00b19ba33627f2f3a882c4d51389b6\"","tt-global-state":""}
VM40:1 —————-
undefined
