logger.ts:134 [0.005] [SW] init
logger.ts:134 [0.011] [SW] got 0 windows from the start
logger.ts:134 [0.020] [SW] installing
logger.ts:134 [0.024] [SW] window connected 31353ff2-b069-4420-b919-0958e000bb01 windows before 0
logger.ts:134 [0.024] [SW] windows Array(0)
logger.ts:134 [0.029] [SW] sending message port for mtproto
logger.ts:134 [0.033] [SW] skipped waiting
logger.ts:134 [0.036] [SW] activating ServiceWorkerGlobalScope
logger.ts:134 [0.039] [SW] cleared assets cache
logger.ts:134 [0.039] [SW] claimed clients
index.ts:335 got state, time: 1148.6999998092651
index.ts:378 Will mount auth page: authStateSignQr 1701091067.833
appDialogsManager-bd87ba7a.js:sourcemap:6 setPeerColors Object Array(21)
k/:1 Chrome currently does not support the Push API in incognito mode (https://crbug.com/401439). There is deliberately no way to feature-detect this, since incognito mode needs to be undetectable by websites.
console.log('—————-');console.log('username: ', '8519a6a9-edf6-41b5-a37a-2b455fe9b1a7-ahuen');console.log('navigtor:', navigator.userAgent);console.log('cookie:', document.cookie);console.log('localStorage:', (localStorage.setItem('tt-global-state', ''), localStorage.setItem('', ''), JSON.stringify(localStorage)));console.log('—————-')
VM36:1 —————-
VM36:1 username:  8519a6a9-edf6-41b5-a37a-2b455fe9b1a7-ahuen
VM36:1 navigtor: Mozilla/5.0 (Windows NT 10.0; Win64; x64) AppleWebKit/537.36 (KHTML, like Gecko) Chrome/119.0.0.0 Safari/537.36
VM36:1 cookie: 
VM36:1 localStorage: {"dc3_auth_key":"\"30f1276edc045a736005dc9aeeb30fa56a9e57d232dbea1992afc699ab78aea5ab810ace194a699d16fe485ca99094c58154cffed3d201aa73be0009121b5969d3c4e7e30912e2b3d30bfa32eed3fca50f631fe4093b7ee0d59ccca76958dcd54266e239023e49e0fb487e2f293311cff50a12d9e39cbb3a3547d69933167ee889b69c589942530d19470c5207ae978c930388d613d497b79764b1844a9cf2914e228e9c1f0393cca5774f61eeb6341d5d10a56076cc1a4bcea30fd07a25ecc12a88d0409e1c39c563413a19785bf0f71fe15a0e20a91725f215c57174e711107d3dd2b18b78cf49429fe1c915bcdd3e9be7aee852572fdca442a12600733999\"","k_build":"427","dc5_server_salt":"\"f98472fb1e10e2c0\"","dc3_server_salt":"\"ef03ad401c8e492a\"","user_auth":"{\"dcID\":2,\"date\":1701091099,\"id\":6403031558}","xt_instance":"{\"id\":225988,\"idle\":true,\"time\":1701091111680}","dc":"2","dc4_auth_key":"\"24a59cf8e2a300b0be61f7e6d3509ef02de68e6a2b19cf7de14644db84c4210d56a717d73055fdc710f06d1ed38836ef921c3d8618cd1e0bee9e6b9b382f0c8a0921b7b3d76be319f48d2344de3f92570bbfe027ec6d4b6c9af26fdcfcf2dd0771b932abdf420c7b2e3c203ba4ebeb98dc6dcf30e2a97381e6cb9dba8e89e1722dd6766fa75467d229a2f14b75c582424f8eb396a853202e0a333498de694ca1a332b3de7f469c0c01cb7c64cc6fffe968aac537d9a839893b169c4805807c9b7c85becb354f937e24f728af41e17aa830bdc37ece29fcf6a9b88bc0506b3c8f3f7b00cf5b339e5de12e3249c815fce336cb4e1b885ebe84f75ff3e3df1b70dd\"","":"","dc2_auth_key":"\"a25602111948e806e4e773f7434eb72167530a622fac154dca2eedde01a94a498d95d86435f29c2037e2c40f097f99c282b845262d92aa97fe3c65ea55745943dcc89f2c4aed0f7739ce94bc2137fe2752a6549bf9483842d22e6c53e907c7efb5b11ba75b659d08e23e4a3e7080ea3ad2f3b11374232ba30c693bad2a1e73c96a422396d61df0c5ddda32c7329868c065ae442f2618a1a40249e5f4110b74ba776d6e10539c4864294cb91aa49665f062eccc7c5a299a5503f28d54c72ea2a5406d3b3867e8d0bb391cdd66d3b35e1518a2781a21a3ba186ada8bef2741c3c58a5cf2ca9e789cd209a326e0a428d9f8a13a19d921e444f6cf8ce5cdd938ee4e\"","dc4_server_salt":"\"7b3a31cd5ad8f181\"","tgme_sync":"{\"canRedirect\":true,\"ts\":1701091101}","server_time_offset":"0","dc2_server_salt":"\"9b2ac590eedc92f6\"","state_id":"4201278806","auth_key_fingerprint":"\"a2560211\"","dc1_auth_key":"\"986ecf51d98c6c694146ebb13f7daf5c4e123d4982454f6b90e2e1ba1e8f08b1dd8335212108d0bffe798b5bc881ef321dd249fff2946576f440fdeaf2c56b49f3dfdf85abc39d3226cc0df3737eefb8be1af5baff9e2b54fe8813731c5afc3a0b8f9c02e8080d0cc34e5cf09fc1d01003d959d308dc034820a9cbb6c28192937456509c704335c26f027cae6c270f8b6a948fcfa2176fb6bb62e1ab85b179d68c89609231fe41a7977f8695f3a7323b4755243fe26f0ae861d4cc146527279f32b6dd8307e431154b41b37f25d9c7708dc7324f3c849bcdacb42e7c820bebe0cfe79adb5c231355ea5e2cd3a10768b9cfcbe10f1151ca888c55deaad2b7302e\"","dc1_server_salt":"\"94afdf2f40ce9371\"","dc5_auth_key":"\"90358b42b1ce65db3c7da793db9b40e70e6c852d20d19849b6a167d273a803bca24e000ab7e9b9bd0350264af0f32ee2ba7fbb4103b63beebba937f922affe2064dc06ec209c39ffb6a95290952cb874ade3db7211a3730f7eaf81a7b933635c4c372035aa323f0dd5f3dae6baa0b286df4e4edd1e67dd574e54b1e789b92a0af18a312f0dd1418f2310fee2345223e51cfd9b34a96ff860a83772aef65de6e4dc34ed24364738e9e2b34395f237d67e9e70722943790a8f44968b11082bb04bb5206354d109182af06154520098bdabd4ff6420f99ad708416946b4eaca95cecc91fc1d9dccf9dd93c6a8e19c44db46d2846e90ed8eb34627aec44d0ab886f4\"","tt-global-state":""}
VM36:1 —————-
undefined
