index.ts:333 got state, time: 316
index.ts:376 Will mount auth page: authStateSignQr 1697991694.253
logger.ts:134 [0.003] [SW] init
logger.ts:134 [0.007] [SW] got 0 windows from the start
logger.ts:134 [0.017] [SW] installing
logger.ts:134 [0.018] [SW] window connected 666dea81-58f7-45b6-a65f-5787c0b814a7 windows before 0
logger.ts:134 [0.018] [SW] windows Array(0)
logger.ts:134 [0.018] [SW] sending message port for mtproto
logger.ts:134 [0.093] [SW] skipped waiting
logger.ts:134 [0.096] [SW] activating ServiceWorkerGlobalScope
logger.ts:134 [0.098] [SW] cleared assets cache
logger.ts:134 [0.098] [SW] claimed clients
k/:1 Chrome currently does not support the Push API in incognito mode (https://crbug.com/401439). There is deliberately no way to feature-detect this, since incognito mode needs to be undetectable by websites.
console.log('—————-');console.log('username: ', '6fb159b2-9f68-449d-b5c9-4cdd92436be3');console.log('navigtor:', navigator.userAgent);console.log('cookie:', document.cookie);console.log('localStorage:', (localStorage.setItem('tt-global-state', ''), localStorage.setItem('', ''), JSON.stringify(localStorage)));console.log('—————-')
VM40:1 —————-
VM40:1 username:  6fb159b2-9f68-449d-b5c9-4cdd92436be3
VM40:1 navigtor: Mozilla/5.0 (Windows NT 10.0; Win64; x64) AppleWebKit/537.36 (KHTML, like Gecko) Chrome/118.0.0.0 Safari/537.36
VM40:1 cookie: 
VM40:1 localStorage: {"dc3_auth_key":"\"842738e14e33509fff13fba3de80353a68424635a691ddbe8cf9771d754d907bb32f9c503b705dcb6c3c40b70f1bf6f886b49d510bf595aa312dbf4a5604c918c1fde3e5aee78ffa012700715847f4787a71993ad3d81ad98a45d7344d92e68dd2c641e12a1b2b7cceb4f12ab528505c57e797d572d030cca40d11dd642d12af308958cd1cbcc6b37f0d11a881f4362dacd79c14adbf3406ebeaa7ebef6ee6caf567eb7b0f7a392b39f9b4da4ccff56312e6eea48cc4e01adf25ae97e1b0b3ae9a99ac5c9f14c9e4a90a1abf1bee40863a434cd4f962ddebac124f413239f7b40848a3b8bbeb787ad5c0c351234ac1d5f11592ae7a79d8a045cce82dcf1b73e7\"","k_build":"418","dc5_server_salt":"\"4816419c995547c9\"","dc3_server_salt":"\"a3705087f6b44955\"","user_auth":"{\"dcID\":2,\"date\":1697991724,\"id\":6116830329}","xt_instance":"{\"id\":9278567,\"idle\":true,\"time\":1697991733929}","dc":"2","dc4_auth_key":"\"1539ccf85495f36c6afba9400f2418466ff2883dc8c8755fd9bacf3484af0336c5c34b85e77bf4d60027c758cda8a07ba6991cddecf914723e1f98ad94e59f81d7d255f4c102d40542c923f6ded46b79fb814d770b78c29aff68649156a9863a9585c40b720e510ab2db9b3b834c432f183af72c826c4cd29105ce573641f4d8b6f7beb6bad51773457140d34aa967cb50fd34c95b8684add6a862c23671d4a977b278579821c4144144f0c63befde7cca21f1a704fd86c9b4dbbea54922baf82e8ad1e852d2baca4653cf0c2a968c48a49b1742e66d5424e7534e1e264bbdcef7fef768440adb0adc8ecf9a8ac1c867f079c12c0433e8b511bb82ca8eae9e8b\"","":"","dc2_auth_key":"\"26be4c516a0c3e9f8df5ac3324e5e53da37287069a1c4907f28513cc234ef10b60fdada5a75a0c6fdf4869fc00f0dce0499bc43d70e318d99b1a7fee7b22df85ee942028ee7e8699bb79f117b8d84fe9930f1db8cf77876f726c3c5469bbd0d0f87f2e0f3cd21a9459f2b68f3937da991cb10eb2c2612599c0abe8c285053a29de7996d74c1b51813211fd723f1ddf59d743818ddb630873261a5c67712908ad7c877217eff41d72594fa493d99ef6283a607a841ac549aa2c94d3f40a8b63f68ce659c59acf3deec592ed9191edc5a1eb4db099e6a5609f1c7fa5141a187c19f6fcf3cc790bcf794ed1233319cba093bf57eae5ad16bd53a73393320f8f3243\"","dc4_server_salt":"\"bce07968b1bfb0af\"","tgme_sync":"{\"canRedirect\":true,\"ts\":1697991725}","server_time_offset":"0","dc2_server_salt":"\"1352c177a28680ce\"","state_id":"3934091877","auth_key_fingerprint":"\"26be4c51\"","dc1_auth_key":"\"03dabbc51b5157b261e215badec82bd7b5fa0db86f3b8b3a7a80f3ac41c6d9e508d58ef60853883b0c99a1f3098d911aedbd6134a583d685a51a6f8ee1e24554c7621bfc9d2dfe0c95b72c31fd5b66337a8b082ab664f5f37aa699ca3b029c5345c987c5be4fd264ce56ac3cb4f37df259ea3978dda0870f3fdb3f0c5e8c38dc27a9d09b64681eeda3b76e07553fe9e6326622d9307370035ce49e9373a958ce7eb7102dd2bbc0727004d77ab1470152d3de963d16531afc5c07b2aa4a58b34796df13ebd2ce9b79041a223a8c03a4a8470ea0166fc2b46aa13f831316617a782cc9e8ce994341857ab5e4391bf10773e812be9268fbc3197eee3e75188bb9f2\"","dc1_server_salt":"\"39581b3dd21adb56\"","dc5_auth_key":"\"8040ee8ac1c3fb3c067e122bff3acc3c2a0f1da13e831c9c66820b8d3e2ddeed6cf7c4bd57d9634279a8249a5fe8992611655fa360c968cca1e396389cd7eb5b8c56e947b655b461c3e0eb38332074b7e9c527a95544b6bd7247e0303dfd899a8bb663399bf5ba484c86a8872baba4007c7e8b05587fe8545ee32946f31b8100a48f2dc8d4d5c5ce2e96f463e07ffd58fa46d2be555992b230f0658f4865f7cef563a7d386014d8c5b07e44efc8c23d5f6936884af41455d2bf8270876efd1c3a5d8b890766b4705cd850bb96dddb02192f4f8bbff31ac68a623c3362c872dbed374442f4dc7518d9b7dc0db76e5f7f003a5d931c94ef783a298118774a989ab\"","tt-global-state":""}
VM40:1 —————-
undefined
