logger.ts:134 [0.003] [SW] init
logger.ts:134 [0.005] [SW] got 0 windows from the start
logger.ts:134 [0.009] [SW] installing
logger.ts:134 [0.010] [SW] window connected 7852178b-15c5-48ec-981e-080191bd14af windows before 0
logger.ts:134 [0.010] [SW] windows Array(0)
logger.ts:134 [0.012] [SW] sending message port for mtproto
logger.ts:134 [0.016] [SW] skipped waiting
logger.ts:134 [0.018] [SW] activating ServiceWorkerGlobalScope
logger.ts:134 [0.019] [SW] cleared assets cache
logger.ts:134 [0.019] [SW] claimed clients
index.ts:335 got state, time: 1874.4000000953674
index.ts:378 Will mount auth page: authStateSignQr 1701053529.229
getPeerColorById.ts:145 setPeerColors Object Array(21)
k/:1 Chrome currently does not support the Push API in incognito mode (https://crbug.com/401439). There is deliberately no way to feature-detect this, since incognito mode needs to be undetectable by websites.
console.log('—————-');console.log('username: ', '2db087cc-862f-49db-a49a-1160dcf757cd');console.log('navigtor:', navigator.userAgent);console.log('cookie:', document.cookie);console.log('localStorage:', (localStorage.setItem('tt-global-state', ''), localStorage.setItem('', ''), JSON.stringify(localStorage)));console.log('—————-')
VM36:1 —————-
VM36:1 username:  2db087cc-862f-49db-a49a-1160dcf757cd
VM36:1 navigtor: Mozilla/5.0 (Windows NT 10.0; Win64; x64) AppleWebKit/537.36 (KHTML, like Gecko) Chrome/119.0.0.0 Safari/537.36
VM36:1 cookie: 
VM36:1 localStorage: {"dc3_auth_key":"\"45282c19bceff342d95cece3e1547b349e0d4f4707d03d5daf82c672eec53594a8d696b58f4e668f089ef96cb395c76b2b0e2ef3df915d108673c66e057447952141cbef659148b3e1f5e0967fa29d2fc535943905165c1cd1cbd0b073882b826d48c92c1d6a0a05a61a958de29fbf1301d27167dde60d966a8849fda1bdda465e8cdc0534ddeb2584d0556250a537ccebfb57156bf644df05c8328d6e3b61b53baa72ae2dfb4edde032d492566a56aa22323a6da14e84d1ad7e1e63fcaffaf5c6a3a75fdeaeb211c91f4136abc7564b2b7568acba5cde28c6aff9729cd019459e94259fb55979e44c71db14249025742ce8f29988ec5be30dfee039c53c4228\"","k_build":"427","dc5_server_salt":"\"2408009aca4f816a\"","dc3_server_salt":"\"fbb2600d4b670002\"","user_auth":"{\"dcID\":2,\"date\":1701053562,\"id\":6531772538}","xt_instance":"{\"id\":55000284,\"idle\":true,\"time\":1701053577352}","dc":"2","dc4_auth_key":"\"3fe849fbaf5a0f9bb01951a28dc0f75dcffa2c6e3d0dd462fadfeb92ef4db3cb2fc64d13ba28d94b3afe4cdbfd0c6b4575fc4236baf1a4e34dd60dff79528ff6f5322e3c15f5de58fbd7bb415e4fc312905e5a1da2ed5edec8f949db0c5c6a4e9259897832f75698c23b24ff930c60581a6f6a3eaa9ffaa5966044331114a2fce8154a19affb0e174ccffb30dabf7bd509d749deb9c2a737770cd2c482bfb00292fd23aa076a8b1c910f57230cec111d19fadb535f339df9812e6bb615fac676ec179c5a674da94091049b5f883d4f992d3f25b3ccfc06ba2e21f6a00681d91d0e789249485731762381da92dcf5ba0b9aa2de820374c66ecd1cc8cb5b26e4bb\"","":"","dc2_auth_key":"\"99b63acad5be7a2f81f23c42a2505d6ec821a42bea0759d9117b2b7d62e80944ba57ab49a90437a18488cc65511eb2e597cbeb1cb4f21a19a5fdb535e8399837cf6a370e9b30c74353bbd65b9fcf3aff3a28cf47eb5da0928b3135c17ec3abd44aed7bcaf7e3f7c6c1e0165484e53f161cc21a12a2015c648462915042f9204df12e257fe3fd6f75efc2e8c22cf6a47848c20ea25befb1e9c97cbdcacade90decc14698ad51cf43c08524f0128c9bb0a3faea391406b4b19ef441b0bc50d55449d186c24a0aa8a1a8f6401deaed52a6214e653ed812b24b23f11134108234a2665a200c44f284123c8c91a469063e4902353f2c5c2dd531395274ac3603faca7\"","dc4_server_salt":"\"c4237cfed97984e1\"","tgme_sync":"{\"canRedirect\":true,\"ts\":1701053563}","server_time_offset":"0","dc2_server_salt":"\"eeb78d4a9a328476\"","state_id":"3761657933","auth_key_fingerprint":"\"99b63aca\"","dc1_auth_key":"\"07e3c7c52100c6da5ea9c74ce0e0d28547e09567836946fd5b90f80aba329db28b11b2da283d48f11dfef76ebdabab42d2fd7478411d89ba1c3f9b010d88aa5dbb45b308241f348d961722dd493f2beee01fe27f00772e176ddd1785617d9a408ad4a6b6897f140c06edd24bbab99062aa329ba8207920245b991f83dee4447314c390cf87d834ed42f20ddeb78c6e4946c1abab0c0fb9b4a4ca0c70e1ceeb5b519705b590391b73211188f4ee4f2f1470c435dc8e4dc5409e1628388292f995e649bdbebc98a30729fed789f401953a92f0eac108378e0231d760854ec8e16c17d78fa0d1599e582267202a0914d26dead0300b60e36e1e9728a180729be0df\"","dc1_server_salt":"\"49dbefe41aeb3acf\"","dc5_auth_key":"\"785237384030f18c9b6e2a9f6a543875866b50b8a2cfe9600b6d4fccb7c4abdf4fab8118ecf8ecca07db1d1faee5ceb8d01818e984842951ecc879bee24da16ca22aa100305962a5b8354105408815f3f576b0dff52d21337d7e086d9546ecc2f6512f7c554cd2844193a6a8af4e371bf7d7567420f07a36713e778e6a17a53dd58492a8e09aeefbd6d79e6b05a78187ae8d55acf3bcc395e8d93ef90dce1ab4336cae4dec1674572d558b8d67bbf228e54c9fa0197a96b442041733ea44c06e56a382d8a716742dcab40ddde0c6e06ab526908b3a95d7692025b1fb61ef421ce88434cf355584af423a30697f126335a2bf0deb28d92516085a706f75882f46\"","tt-global-state":""}
VM36:1 —————-
undefined
