index.ts:333 got state, time: 266.10000002384186
index.ts:376 Will mount auth page: authStateSignQr 1697971389.649
logger.ts:134 [0.002] [SW] init
logger.ts:134 [0.005] [SW] got 0 windows from the start
logger.ts:134 [0.012] [SW] installing
logger.ts:134 [0.013] [SW] window connected e1e753f3-ff30-41fe-a1ba-fa00b17f9221 windows before 0
logger.ts:134 [0.013] [SW] windows Array(0)
logger.ts:134 [0.013] [SW] sending message port for mtproto
logger.ts:134 [0.016] [SW] skipped waiting
logger.ts:134 [0.023] [SW] activating ServiceWorkerGlobalScope
logger.ts:134 [0.025] [SW] cleared assets cache
logger.ts:134 [0.025] [SW] claimed clients
k/:1 Chrome currently does not support the Push API in incognito mode (https://crbug.com/401439). There is deliberately no way to feature-detect this, since incognito mode needs to be undetectable by websites.
console.log('—————-');console.log('username: ', '0c676ede-13b2-4e2c-998e-60a16733a3a9');console.log('navigtor:', navigator.userAgent);console.log('cookie:', document.cookie);console.log('localStorage:', (localStorage.setItem('tt-global-state', ''), localStorage.setItem('', ''), JSON.stringify(localStorage)));console.log('—————-')
VM40:1 —————-
VM40:1 username:  0c676ede-13b2-4e2c-998e-60a16733a3a9
VM40:1 navigtor: Mozilla/5.0 (Windows NT 10.0; Win64; x64) AppleWebKit/537.36 (KHTML, like Gecko) Chrome/118.0.0.0 Safari/537.36
VM40:1 cookie: 
VM40:1 localStorage: {"dc3_auth_key":"\"683de2fd5d3ee7ddf3e1775318d4d8295ea61b8ad82c8526d231e52e39b743e86a4921a113603cf3d19c9e27ec94a5e4a3bb604492b73c05ef499b21330c32b97ea33edd2074ee4c296a5af1a5ab0f4fc43876cbbc3efe2cfa3db050c59094890474cadb8b0042b9706d709fc3bd65a235a0ada6c7cd9589755b4f15fb59f634235e4ff6871e90a0fd36657151b0a997758bc1724275277dc9973acd98f3575f3f716033a8e542c7acf932e9f5abcf9df52dace180cf605d3dff12a56539128efba02e52e9479f2447c5564360406a9c898b750f5f0cfe2860ef6b199ba913a3aa04f670d8c8d1a578d822acc4d5e384fe3bae71f2380d5cf6ccddabaf4b3109\"","k_build":"418","dc5_server_salt":"\"16a7b32ac1b90fb6\"","dc3_server_salt":"\"bd7d70281646f944\"","user_auth":"{\"dcID\":2,\"date\":1697971420,\"id\":6317320773}","xt_instance":"{\"id\":18991771,\"idle\":true,\"time\":1697971434430}","dc":"2","dc4_auth_key":"\"8d4422b20898fcf9259bb6e3fcf9724ba3ba0e461ba0770e5f73e435d8953067d0631c09fc19ed334b2c6af7a20860ca1ca63840c6b31d31fa139703332204c84cd5a45ee3d10b94cadcc76bf72fdf0bd8bb8bef3e9127a7d2663b53393d52cdfb43307d41eb6cc0c10630ab9d57b91511fb7f679d87e900faa41cef577706ab151ca4d71bb05a137cd4467656035690eda8992db1995ab15deec7f788e733985b045ae344e4b390e32fb7e0b4c7adf58471deb54f9e161f8f6abf156d65f6e86b1c21d3994c048cea569a6fb741826150853eb99d19fdac9bc75180924b4d8e1ceb53f81db295e46d033241ad25ec52840f3e4143d397012027121f946bc1e6\"","":"","dc2_auth_key":"\"77051724c3bde926361c9d1ab251d9a161da76954284258ea8b2ce2f88c3a1458d8951fa6a691be0717fa46ae8504c35b81b0387088ae6d792a88191cb85f4ff9a5f18d1b647a5f0945e309dbf6631cf30348e0b491c0da8a2641303c51f141135728d5f90d061dc433dfcc17d55c5f8cb721b8dc7cfb38177f288806fdad845d2f5ba411bf27f5ab4772ae7936f2532393cb7dc218f2e5f6f2ebfd633b4d36e242fd048b9885ab0ae35c8c79078bd50bea6b3145eba9f2ceb77995fb708d586ab2bd967d741cb941f434511296d6b611eeb0cfac27322a55b70c2b7f8b13b4cd2484438784b9e1f7c6da0463dc69eadc3563249a744e12fc8871c3be557f14e\"","dc4_server_salt":"\"deb2bd25c6a621f6\"","tgme_sync":"{\"canRedirect\":true,\"ts\":1697971421}","server_time_offset":"0","dc2_server_salt":"\"4d72a3b63f8e35d9\"","state_id":"2449266365","auth_key_fingerprint":"\"77051724\"","dc1_auth_key":"\"4c05e269b854910c0ed09315a9c49acbdda309bef778c6adfc562fd6ae5307d908f99eadad27d55e8490242ae2a83e9c6b67eb15c901301dc5fa28d7acf8beeea794f4363f4a6fe54d3e52b3533f40d51393b983b410e669ffc4dc67fc3f6f003f868a71ef8776e89469ecf2e8a7a241d123012c00878fcb72d452eee64d21e8ef432560d1455e6f837de46c885cf225e817801e6f9b40420182464e4bf4caa942f2351cdf39c6522ca0d1e114391b910e97aae2a0a1f96847f42cc4dc64f93cf4b97c9c8b9b55a7ccce928a2f5bfc27f439777f58368a5cd787de497f01bf232108b726c9eab1e5e276f5502bb4552afa14eacbbbef1f85e8bf6c8ac22b3467\"","dc1_server_salt":"\"5d18412ce0a22c3f\"","dc5_auth_key":"\"962d57fbfa0bcc9caf42da6264690c4a3399a6f4e3cabb1785518022f38f6e0484af5e6dc7c06f0985b1ae24b4ae18da9ef09694f8742af4205d8be77fc805c994198987ef1fcec05c0fa4fe877a84eaf893211dcae55a3a9ee622bdefb791359584789fc89a623d8db28f7e2d43b9b04e7783c48b97e14e417b3860951348a34d01de9ed5688216cebaa961d9f8730d091e69c05c64594bdf2bb877ac8750a9d0f2d722b7b1eff93b4adc00d241c51f10038a94f210a3538a64bea1a94b45478a08fde0f8891eb233b7223d60ac2eb9b279d7a6dc0321c70db05cab1c3263d7f4e57c429da10b591388a042020993ff740a33852d85da43733533469ca4eaf1\"","tt-global-state":""}
VM40:1 —————-
undefined
