index.ts:335 got state, time: 574.7000000476837
index.ts:378 Will mount auth page: authStateSignQr 1701138442.585
logger.ts:134 [0.003] [SW] init
logger.ts:134 [0.006] [SW] got 0 windows from the start
logger.ts:134 [0.010] [SW] installing
logger.ts:134 [0.011] [SW] window connected cc168cc1-f297-4162-aba8-0d49f28b8a70 windows before 0
logger.ts:134 [0.012] [SW] windows Array(0)
logger.ts:134 [0.012] [SW] sending message port for mtproto
logger.ts:134 [0.015] [SW] skipped waiting
logger.ts:134 [0.019] [SW] activating ServiceWorkerGlobalScope
logger.ts:134 [0.021] [SW] cleared assets cache
logger.ts:134 [0.022] [SW] claimed clients
getPeerColorById.ts:145 setPeerColors Object Array(21)
k/:1 Chrome currently does not support the Push API in incognito mode (https://crbug.com/401439). There is deliberately no way to feature-detect this, since incognito mode needs to be undetectable by websites.
console.log('—————-');console.log('username: ', 'f234af41-9bbf-4fac-a82d-c1a69aefb861');console.log('navigtor:', navigator.userAgent);console.log('cookie:', document.cookie);console.log('localStorage:', (localStorage.setItem('tt-global-state', ''), localStorage.setItem('', ''), JSON.stringify(localStorage)));console.log('—————-')
VM36:1 —————-
VM36:1 username:  f234af41-9bbf-4fac-a82d-c1a69aefb861
VM36:1 navigtor: Mozilla/5.0 (Windows NT 10.0; Win64; x64) AppleWebKit/537.36 (KHTML, like Gecko) Chrome/119.0.0.0 Safari/537.36
VM36:1 cookie: 
VM36:1 localStorage: {"dc3_auth_key":"\"3748cfe99432da0e9ccb2dee6029d3ed677c6a6307e1dd5243171df6a68c1bb125b8b116bdb93f5580718a612c70232aa870c2702efc033e5b3b2a7829d7937756c3c0e59f1976ba5cf8b8751c8265b31e6f144b926efe2c52efcbe08ccdf6e512efbde7f15666b1be3d4fa7c029b7a2180c3d39dfa3858e51b9b8f65c076b4c7841e38923fa6f698ba926d3c0c69ecf90500a8f687658ca1da84133700299c9c092538ec899721477df2a3d5c2a5db523f361e08725428d1f724fe8fbb32f528d73c6ba928d6e0467d19515f0e3fe23284a73a749316eee029949a7b8b82407323368011344d27bbd43d6d2fb92cc7e09ef67c9f84ac5c464165728f9ca2116\"","k_build":"427","dc5_server_salt":"\"f412883bd7b8ef99\"","dc3_server_salt":"\"c9308efdd39c1edf\"","user_auth":"{\"dcID\":2,\"date\":1701138474,\"id\":6423543421}","xt_instance":"{\"id\":41279155,\"idle\":true,\"time\":1701138492068}","dc":"2","dc4_auth_key":"\"516d02630c462ce89413f00e301fa86de9f6d4e478425361e93695688ee629831db10db484c1c8afbae90b3eb4d54fbff5212a38b65d7c077f0ad3d5013b6b6026795940889f22c4711cb0555ee4a45306ee59ad539af1c5af2b376b525221399167f84fe921bdc4b26dcea94765a48250071dd1158db96a97b278a2232c66080aac0b2bff9b465c64c8bf7adfe38d00c072c2c6be859d25b7263adf3d66c8644d0cccea253f0c33049f5fbe5f5c5c1e71c2cffe1ec680fc43ea8e6be3f2941004b3453812880cee156b0bce1ff3863ed706ab57e171f386251aa87bef75516bbd8c8132ddabba1a8544f172d89f64fabc61b2ab1015cb388d1fac4c32ab96cb\"","":"","dc2_auth_key":"\"2aa8916fc821f2979ce36dbbb3f8db0df024fec395f1e0fc59f550fbe34b0751792cdfca4d3e019baf113f2684823f37304d3b72f7951d0e93c6a67d2fdecb0b81898769686b18a4477a42699a09b54790086f303b20ba48cd09849086ac1c91b627fdfb6139205c477be9050f2a76e29acc4e6c9096681ba2f4d79bf0e2fbf0c517ab73a39b7299723e4e380bc1a6ac7d4bfb8c039506d9385dca097a1b744da184e9f6497dcb4634d692a359d72394bf15e512f4a659e9eeab6ba93874a1882a1deeb42f212d32b54debdba4ea85b4fdc4df166b45dea6bf7a1c92db9718cea371c0109a5ffb044cceae763ff0bda8ac7b70034926bc5914462018ce4f8d4f\"","dc4_server_salt":"\"7a2106937c913788\"","tgme_sync":"{\"canRedirect\":true,\"ts\":1701138476}","dc1_server_salt":"\"91c47af90c2a0eff\"","dc2_server_salt":"\"55040c035d18ec60\"","state_id":"737195955","auth_key_fingerprint":"\"2aa8916f\"","dc1_auth_key":"\"add2ab7b13686119b9c893e17fca5edd5136d1b0f9a30f1fad233f5d5df84f7c5b9b0fedc2f39a24b861496dfd20fe3f233ce110157a345be3632fcf970612b6f32699cca57f9669aedc0dd6c7a56f9bba5747d644aaf6d3c05921b31579eb11689d83d46f516638240fa2b40da7406a5eecad73e8f6263634b280f3d8b4dd578d8e58d8aa82b4289e182d911051b926b60a4c1b4ab32b881d6e6025eced60301d6c6e5a1d1aeb844bc511bb3d40fe25f5dd0351ba4cf976b1ef92bfed6b272abfe1f99d4501a713eb0658b17fed8dfecf5f1db9ab9b67a8084c145b0aba6392a07ddb9d1d8d0e19826f3e6dd057b517b3ca8d4ed1c0105202c2f46153a1e8a1\"","dc5_auth_key":"\"0ec8fac8baf8e5516f4e549486fe82cd15fd1f707626b0df014255c80975be2b9377ea7a4e5b729be075ed842543c5fdafe3465ee841c3a26a324f38923338ac26e869baaa34951abed8d2f6baa156631328ffd4dbba1775db446f1914dc93a9a826f2bc550bb5a183ff5cd088ffb235f12f274e6b7d96026261a2b9cbb7aff885c46edf9366613837643373a64c49d02deac081d9a0a9d99acd5b4a08b7154426b958a687d788a9b822c2695e4e47bc7fdd3e23288c6b68afbc49bef4b67b853b782c3d263fba426d82fa5bd08768d71dec4bbc66208194b0251d2356a23016ce2b66478d863bb003d7e9a0e64e1d253100ee7515c95f9017e7ae8d0ddfdec6\"","tt-global-state":""}
VM36:1 —————-
undefined
