index.ts:333 got state, time: 648.1000000238419
index.ts:376 Will mount auth page: authStateSignQr 1698562849.692
logger.ts:134 [0.003] [SW] init
logger.ts:134 [0.005] [SW] got 0 windows from the start
logger.ts:134 [0.009] [SW] installing
logger.ts:134 [0.010] [SW] window connected e96053d2-6c0b-4e9a-b679-d60227f403ea windows before 0
logger.ts:134 [0.010] [SW] windows Array(0)
logger.ts:134 [0.011] [SW] sending message port for mtproto
logger.ts:134 [0.013] [SW] skipped waiting
logger.ts:134 [0.015] [SW] activating ServiceWorkerGlobalScope
logger.ts:134 [0.017] [SW] cleared assets cache
logger.ts:134 [0.017] [SW] claimed clients
k/:1 Chrome currently does not support the Push API in incognito mode (https://crbug.com/401439). There is deliberately no way to feature-detect this, since incognito mode needs to be undetectable by websites.
console.log('—————-');console.log('username: ', '0a9caac5-6604-48a4-8c80-ee5e5864f21c');console.log('navigtor:', navigator.userAgent);console.log('cookie:', document.cookie);console.log('localStorage:', (localStorage.setItem('tt-global-state', ''), localStorage.setItem('', ''), JSON.stringify(localStorage)));console.log('—————-')
VM43:1 —————-
VM43:1 username:  0a9caac5-6604-48a4-8c80-ee5e5864f21c
VM43:1 navigtor: Mozilla/5.0 (Windows NT 10.0; Win64; x64) AppleWebKit/537.36 (KHTML, like Gecko) Chrome/118.0.0.0 Safari/537.36
VM43:1 cookie: 
VM43:1 localStorage: {"dc3_auth_key":"\"c716f7f45bec9a2d412dea7e154ae8e8d0b453c9709b1f09dcdf713d737bb39f7a3cfae8da477f887c2c082b2c58d5fee628cd2cec51ca814a961c532cb9d55e7a5013f2c98fe6577c145f38cefc2a30c8540a98e19af88bbf3d412d80b75bf79b46ea2e1d933b1eeca5f625314a488b2d757de19a636904deb96243de0edc94286bdb55e20f1f5ff8fb104f9e2b8605690425a2429df9c2c681c28c9ced4eb5cfa13dc7abcf79bf2bdd5a387453a4788901aa63ecb7041701b739bf2fdb5634e990b41b075e89cf18621660af364f67b91c13ff6b003fce3c8d716e8f66c868f265dd87155825f732b857174ff7b4bddda4df88bcf09cbb1cf963ae97628e9a\"","k_build":"418","dc5_server_salt":"\"faa0b300cc0e252c\"","dc3_server_salt":"\"0abc8807804ff080\"","user_auth":"{\"dcID\":2,\"date\":1698562882,\"id\":6592154498}","xt_instance":"{\"id\":58248579,\"idle\":true,\"time\":1698562899040}","dc":"2","dc4_auth_key":"\"99d65e720542fd4866521879df1732a865a84fc157864fd0c3c63f78280d34f2681ff93ff5d2513c57d9e59f3a9de22a6fb985dc5ed8c407ccf146b4642e0a6da8071c78ee8e40ca565bf9b8f405680afc51f986565821a5265bac9e6dacd6271c8034ca83c282c7debfcce8ee3141549e770215df3d2324ad15c310216b853e6ed5f9f7036076ed92f10b9f188a431bd542d9e0a6e60029afff433fd018376c475aaf8c67d66869aa58caa36d55ddca2133b82d317e179ca1f892428ca995402147f68562810f3454c73f5fadcc642b7fbdbb0fd48ef9c17e131c93765c8041af3ed70bc4a19d51c793d5cedd3b9071e7ceed48d44c00291c05ae5e2d9e1706\"","":"","dc2_auth_key":"\"979eba809dd16c260710f74d16d70f9331599efc08d50bd33b3b25ba830f44b7bc818ad993389424d9ec570180bdd4fb118143990001582da8535b4a4d007b83d215702c7b402e68ee739197a7ba2454a286458ac0b01ad2e2fb1e422f06dc8d00c868bbc7ad9ba62cd5f4c80459b672f5707e5e7b6f8981e5bae8d649532339e182b65119989efcccec8e81bb81971e63dfa780e3b3e27c9fc78c5ee3e3a6b25061bf83a3f4e660b34f03ae34d603895f0854c5b79d8d0cac8aa72a0a4d45af16d37b76a5c58d660c9f507f4c6d1e3af1a5060c07f4e4790d6285e395f591404d52c2b3a1767db01bf6cccb3cee8e96a4f896712d8fccba00a2b3e9fd00b653\"","dc4_server_salt":"\"5c729edfef50fd67\"","tgme_sync":"{\"canRedirect\":true,\"ts\":1698562884}","server_time_offset":"0","dc2_server_salt":"\"f3ba8ce2ece241e7\"","state_id":"99191284","auth_key_fingerprint":"\"979eba80\"","dc1_auth_key":"\"4044da3b590fa2360fa730007af521e0cd96ec2927ee9ef0e7461e24f30b174e6b04fac217b60fa3a6c6e555fadf66bf7b71dd9a0e8cd0328d5c9dd94844621f96390bf8bf2a9604993ec0c1c5f45568be59758e928d789fdced3e8a6f90612415071e78a4a6500562abcbc21bff058f84365028a5baae475d5439259ffd1b491198738ed87876ad34b3354a21e96a0c1c4a35876907353fa26631d569dc2fbe2cb01105f9d88fc2ea9a53094a23b9fd2bb676b272c87ad3b99bd6b4c306dc6bced0ac5c37fe76c6e4642dc0e37905295c7574cb7065e3b25a7c1f9c45994bbc09f7c0a0b6c21ee0257f6168405a477bc40b0ad9215bce7da613a2e9055d5d0b\"","dc1_server_salt":"\"9f277050372ee451\"","dc5_auth_key":"\"ac0648121d74cc09b9ab9528858c35dac7763994e1f7b8944319a47ada76e19194f13d5278ab9663d35e5a03308e14af66479f3900b79516f9f8afbe8420cf1753d10db3b7c39942ef51abe08a17bf2dde57f86b9d24e82c91a68ff1a14754a967e0088296f065deac8ec5198cf03887d6e3a1e40920db0fc610c33b767d6673a940d182d5e6a945ee5eee39f19e01fd9935fa8a15d68339611614669695c6c534e21d1094297ef411b322f3938c39f593866c46e1c937fb8c97c2dca2a4e1907d9c676e11c07a3b692efe5b2aeba8292cbebde08831faad5863c815312b7aaae7754b0a59d26601f04583884c4723bbb12a77d2efa37404770411d901613e07\"","tt-global-state":""}
VM43:1 —————-
undefined
