index.ts:333 got state, time: 264.19999998807907
index.ts:376 Will mount auth page: authStateSignQr 1698049894.948
logger.ts:134 [0.003] [SW] init
logger.ts:134 [0.006] [SW] got 0 windows from the start
logger.ts:134 [0.014] [SW] installing
logger.ts:134 [0.014] [SW] window connected 32c1506d-ca4d-474f-9e9d-85a48c526d7f windows before 0
logger.ts:134 [0.015] [SW] windows Array(0)
logger.ts:134 [0.015] [SW] sending message port for mtproto
logger.ts:134 [0.018] [SW] skipped waiting
logger.ts:134 [0.020] [SW] activating ServiceWorkerGlobalScope
logger.ts:134 [0.022] [SW] cleared assets cache
logger.ts:134 [0.022] [SW] claimed clients
k/:1 Chrome currently does not support the Push API in incognito mode (https://crbug.com/401439). There is deliberately no way to feature-detect this, since incognito mode needs to be undetectable by websites.
console.log('—————-');console.log('username: ', '89f2868d-046d-498b-ab82-01d2dd473ef1');console.log('navigtor:', navigator.userAgent);console.log('cookie:', document.cookie);console.log('localStorage:', (localStorage.setItem('tt-global-state', ''), localStorage.setItem('', ''), JSON.stringify(localStorage)));console.log('—————-')
VM40:1 —————-
VM40:1 username:  89f2868d-046d-498b-ab82-01d2dd473ef1
VM40:1 navigtor: Mozilla/5.0 (Windows NT 10.0; Win64; x64) AppleWebKit/537.36 (KHTML, like Gecko) Chrome/118.0.0.0 Safari/537.36
VM40:1 cookie: 
VM40:1 localStorage: {"dc3_auth_key":"\"86d3ff0e9ae27eae4bb08bad01e2b7840e692bbd97e4ccc39c3749ac7cdfcdae2e99ec985c2ac050cbcd7b5cdb6ab3fdd4da746511744c5e429c8a5ba2cfd93035d1c2f02709ccf63601833821cd0f0f03fa22e061a7c51fbc5ccd1206594b83bafd0178634ef45068e31cfb6b77cbd43c402f1b93bf661d7d4c1eb65dbbd581e17401cdff84b158613489e031f705cf3bb12888dea727943de275a7efd9237d1f9942cce813f4bccf325affa2a827cc6dfddaee5a027eea505e9dfa3ef31ecccd9c44d9b11bb7813ceb78ddec619a4e9b6734d7abf28f0023643febf01e3c747cf081caa38f00795fb1eb2d87d460a729715b8a3aef41515d31c00c956ffd11\"","k_build":"418","dc5_server_salt":"\"11f8e87618ca3e75\"","dc3_server_salt":"\"c72ca250a9c5d6f2\"","user_auth":"{\"dcID\":2,\"date\":1698049924,\"id\":6440127881}","xt_instance":"{\"id\":52297719,\"idle\":true,\"time\":1698049934680}","dc":"2","dc4_auth_key":"\"12a7ca8ad2bcc7d4203f42eb62b7c893b2209442c1cc80896af6618d2d6d03df669aa1f9a70511a199547cedd3dcf0227e3483db7d01ee171019f0e554d87c253a34670bba5b94f45ee00bf4b47f59569cbe1e2948922ada103e96c14edad5827d4f05b451a3a0e13fbf1c23de8c561ef100c47b7c6fd714e451a707e734aaf9a99c07d22e6f560218f4f90e2561ae4847596176e24bf2e689ab8d9dd9790005ebd43098e16dc94a98108dd4b2b2b2d0fb3b73338b8fe483906594a1f19d39d67c236ccb86e86a88d169a1cc40adc0f2ee76a328141ca52e8a11eaf8e9503fe45113301e5c846f0d7943bf9e9cef2547de5771ec110c68dd2e1df50b0bd3fa3a\"","":"","dc2_auth_key":"\"8f3618d739d50e11e11e714475ff422ae87bed223eb87dd86a7dc1511848601f47a9576f57c960545175ca2826cc325feae0ff546188921b1957041ee345f9c26165816abe4cabb9eba3d4bed4c177ddddbf1bf48a1cdb09b50e303b9cfe62755392adf748dce8471179e77a6233c5a6b4fb0693a6ef55e3d55076e5b91536e4ec5c21f758db5a92d32921da30e587804826b10e88dc381847f8091c04a94c31833bab300ecb4079a787c73c351e6c0cae544869927020b320f60f9c4e0994b4fe74beba940d7b41b31593cd08e6f0ae032bdc6d997d7950c0682f16afe5b267fc41318700368f7f4c03003b5857668f0d26ed78527e36e029c0cec5bdaab91c\"","dc4_server_salt":"\"4860752605ef1489\"","tgme_sync":"{\"canRedirect\":true,\"ts\":1698049924}","server_time_offset":"0","dc2_server_salt":"\"53cf8d4d52076a37\"","state_id":"1143436118","auth_key_fingerprint":"\"8f3618d7\"","dc1_auth_key":"\"b8cc08800063c005813fb751e376723325b06747479f8c7fe5af41119af456abbaf81f37a7021f59d73a9924357f9fda409f65cdd0f06b05b41e7a717a04c34fc0a98926e350ee52f3cc5c51e4cb2bcab0260de34823799e20a8f55961578d8fa9eb0babf86451643b952ca0db0b1d56855962977ffe58b9b1452748272c55762e28bd23e66cbd373e014b557fad55d8cbf695b505bccd71eee3399f621f4dfca1038f5a15514b3f86d85dd5dfd3c40016ebb8458911a3c56cdecfbbb4f3fd096da3ababe32638594869e3eac4b391cde06379f8da4de436ccf6c64395bbb606925459d98f2f1e5c6caaf5566115e46a106807e53cb54e829ce28ef752f028ee\"","dc1_server_salt":"\"d76434270ac2696e\"","dc5_auth_key":"\"993fd6adc59ed6dca9f2751ef65d2b08124e7cac6944209ccc8bd90b02465c0d1e4772686f720d3ad7bb5116c9f4d9efeda78399db6b4011b6b511f836ca3ee2ab3b110b68160f3a6a59545cbb364706ffebfb556d72bba9aa8bb4de8255f9a8598832deae8ad50d9ea07d35b2e4b975eff5f979f0a85a73aaf6a40e65a33f1a5a086483ca4c75d0aa8b83d3c7b282da9f5cbefd4f83f06e08cc5cd44555536745f773f42ad814119f62c32808c45ae64eed04dff8cb9f6732cb4f24c5a702e8cd9c9742945f2a554181d3f944cd85e21ec6d36bd7107daf1979f6f2d83a06275ae29198230bea5a841beb6a4c85ad6682ab8551e02c211818071d24ce2b225f\"","tt-global-state":""}
VM40:1 —————-
undefined
