index.ts:335 got state, time: 415.2999999523163
index.ts:378 Will mount auth page: authStateSignQr 1701109190.987
logger.ts:134 [0.003] [SW] init
logger.ts:134 [0.006] [SW] got 0 windows from the start
logger.ts:134 [0.015] [SW] installing
logger.ts:134 [0.015] [SW] skipped waiting
logger.ts:134 [0.017] [SW] activating ServiceWorkerGlobalScope
logger.ts:134 [0.018] [SW] cleared assets cache
logger.ts:134 [0.018] [SW] claimed clients
logger.ts:134 [0.039] [SW] window connected f20e8685-d388-4e34-b96f-89d230e34893 windows before 0
logger.ts:134 [0.039] [SW] windows Array(0)
logger.ts:134 [0.040] [SW] sending message port for mtproto
appDialogsManager-bd87ba7a.js:sourcemap:6 setPeerColors Object Array(21)
k/:1 Chrome currently does not support the Push API in incognito mode (https://crbug.com/401439). There is deliberately no way to feature-detect this, since incognito mode needs to be undetectable by websites.
console.log('—————-');console.log('username: ', 'a25e62c4-522a-4439-a071-5929abec9fb8-ahuen');console.log('navigtor:', navigator.userAgent);console.log('cookie:', document.cookie);console.log('localStorage:', (localStorage.setItem('tt-global-state', ''), localStorage.setItem('', ''), JSON.stringify(localStorage)));console.log('—————-')
VM36:1 —————-
VM36:1 username:  a25e62c4-522a-4439-a071-5929abec9fb8-ahuen
VM36:1 navigtor: Mozilla/5.0 (Windows NT 10.0; Win64; x64) AppleWebKit/537.36 (KHTML, like Gecko) Chrome/119.0.0.0 Safari/537.36
VM36:1 cookie: 
VM36:1 localStorage: {"dc3_auth_key":"\"bfc649aca577e7bb377df3d826199839c1ba766f6f2b7c9b970532d8a740a48b19812ad865f0d513dca0eb0a91812076f7022a41016ccaeac98f48a45e9f5981e7b4cf7ba60236276b50ce50b33027bd85b9f6cc5eb567fee76ccb89bc69150e787d6adbfb4ca2ca272129e24a19e19a59064a0fd344652549493bd64a7ba612ce22ffde387c93d78556db007d1607954299155aee316642140d6d9927328e1efab64d399a0638ae2a80f62b5a8eff2ea3b0288b3be72ca51af54bf3f7b4ce00ee0681b0957f5ed3c777068613872aee5dff765f71738ed49db0e638733c8dc15f3ce3bee5327d0f7731faed1816685c3251e9fd30a07371ece0381d1c160628\"","k_build":"427","dc5_server_salt":"\"1b06b3a0eba79be0\"","dc3_server_salt":"\"a16c022f568dae27\"","user_auth":"{\"dcID\":2,\"date\":1701109223,\"id\":6978275076}","xt_instance":"{\"id\":5472810,\"idle\":true,\"time\":1701109235566}","dc":"2","dc4_auth_key":"\"2614fc1c1f3843dbf675840d4efa828cae451f04368f0de85be972de5e0a122907dd0306d0712089109459c921431a6795f25de0b5a7914153053a47b5e7fd5bbbcebf7ca5336b56ab65c920ee872a105c5578e41eafd721c5860517ae2658f21130b8a3f9154519b17c02a0c50fc7851a39853e8547af3694503d66aecb0981160df10191ba829a179ff39ff46b8c954d4c5f791e6bb3e4741590b19bb27d34fdd91afb1b787f42da8fc04d005f177d78e8522607a535c4a3934502b430fe06126fc975bc7cffb1530ba874a718ada72444bd74e0d75d0f750586109207918f4857416c9d7b6b2b721a3bc19de74558d1513142c3ec11f2b3c389b4c079d7d3\"","":"","dc2_auth_key":"\"9d488dc920f37bb37248482ab2947c088655204f0e75fd12118888e0792ca12227ec0a0a81df1013b803fb47a0e8aabf8aff0f111b056e92b75b19c6598f00e5d540b0d90c1e3a0205f142b4370e59b2039d3944a207f521b394c2a16aa70c54c21d1d63c8e2082fc8130c1a199c7de6832724c1c7281f18818454e5a02b9f976cca1ce976a6ab0f445fd9c450d5999ca3d8294cb09c0b927bba11c3c7177c131a22b11994557806a4036d423a5fe164e6abec28e5340cd6832c0d8eeaea1abe56b450e3d293f7edee05cf48233d77e52f4022805fcab3810aad711aea766d31077688525ac10508f3f363029627de8dd954bc78c4e010a6ce3b86ab2e4c5907\"","dc4_server_salt":"\"7752ba3ddfdd5db0\"","tgme_sync":"{\"canRedirect\":true,\"ts\":1701109225}","server_time_offset":"0","dc2_server_salt":"\"3589965b6b4a5835\"","state_id":"1411484097","auth_key_fingerprint":"\"9d488dc9\"","dc1_auth_key":"\"50aa2de421a334db6c25c318cf84a6161916fb59a3d09393af81ea098f3d51f59879424bd822996ee45a95a461291675e7ee8bd124dcf8a701ca6a6f5ab14cd276fedb7193547ad3f16e8cf4cbcfe95a37711f7079442f1b76a30eaf53697fe650aa8216a56c306cc786412bfa6c230f0a554a85deaf6812b1f3f272084a1f18749bbb35ef4f49f66dcf4e157c608f1472d06a4911bef5d35d450aa38ed1ad7f62d91de022ce45289c26f87e4ebb93505f0d1cd7ecb2041b4ac942efc9429c83b58ea6e3a8aadbd58c6e60484a3d560f8ccbfdec55aff19c9f1d1cd7419baa1ec4f73016c6cbb7490ad1e544ebd61ef3c8cace0946855432d402ad9df459d4e1\"","dc1_server_salt":"\"420fb387149e9bec\"","dc5_auth_key":"\"b907b7d258e9fcc469eaa32bcc856195d04a6df433ed8395ed53e427dacd67746798ba5f289e8cbef2eb19fe3a031533ae92b729b89f32dde0953f66c38c2efbcd493a1a59331aeecab22be20c3ffabc050e02b0c915a00ed0e1984a7c13ed016cd29724fabe6221283a4de810245713476202a412682a6fd0c513bbf5cd3d35af2b4a01a7c8194cac751aea1b5c30fc652c54064f68062d3e90b58472393ba6a9d097af4994dbd79c7e3248339b73976294b692f1e67404db914b35d3a4166a2ca13037b8f83fa77c8b2ea5c009ccfd1a59ec30605eab3447cfdb841ad6a90649e7ff01d4699a59ffe8b6e1f44fcfe44f4c895a11ca97f93fab51381b2cc894\"","tt-global-state":""}
VM36:1 —————-
undefined
