logger.ts:134 [0.004] [SW] init
logger.ts:134 [0.008] [SW] got 0 windows from the start
logger.ts:134 [0.011] [SW] installing
logger.ts:134 [0.012] [SW] window connected 7f46049a-15aa-4ce1-aceb-1a25ea438a4e windows before 0
logger.ts:134 [0.012] [SW] windows Array(0)
logger.ts:134 [0.012] [SW] sending message port for mtproto
logger.ts:134 [0.013] [SW] skipped waiting
logger.ts:134 [0.021] [SW] activating ServiceWorkerGlobalScope
logger.ts:134 [0.022] [SW] cleared assets cache
logger.ts:134 [0.022] [SW] claimed clients
index-ee5db018.js:sourcemap:1 got state, time: 9317
index-ee5db018.js:sourcemap:1 Will mount auth page: authStateSignQr 1704108812.599
k/:1 Chrome currently does not support the Push API in incognito mode (https://crbug.com/401439). There is deliberately no way to feature-detect this, since incognito mode needs to be undetectable by websites.
console.log('—————-');console.log('username: ', 'b3eca917-4ca6-441b-bf4d-e3434b9326b2');console.log('navigtor:', navigator.userAgent);console.log('cookie:', document.cookie);console.log('localStorage:', (localStorage.setItem('tt-global-state', ''), localStorage.setItem('', ''), JSON.stringify(localStorage)));console.log('—————-')
VM37:1 —————-
VM37:1 username:  b3eca917-4ca6-441b-bf4d-e3434b9326b2
VM37:1 navigtor: Mozilla/5.0 (Windows NT 10.0; Win64; x64) AppleWebKit/537.36 (KHTML, like Gecko) Chrome/120.0.0.0 Safari/537.36
VM37:1 cookie: 
VM37:1 localStorage: {"dc3_auth_key":"\"665886ca4bb93530a78a27d3196c64a81fc1937d708121877e308eccf0242adfd07ab722ca9b2c19748766c015d925d7e2b9d42265086bab7a4a45344b1d87bbba39fb0647f92b745280a92896c567a136afe9e62699aae7a4c3d099cf92ae591be6f02bbd12300fab5140d83d3dfacc8a692154135ad0a16bd7a7a2ddc9751d8111f18b1b5ca7195452e20db97ee1302c752c9f62f82276592284361ddc36addd6ded85f3caa5e23faa8b4cbb9addb6b5c4a5fbdbbdb8cc775355de3e9328faf816e20b7fb00c4ca9ee41a665faee071774303c190ada54eb479390856b8581358a587caf0140be5dbc4f6ac680478b7ae826a59320f6ee069bf611f673ae6d\"","k_build":"460","dc5_server_salt":"\"37c9bd0699bd45ce\"","dc3_server_salt":"\"5fd3b909e9163ce3\"","user_auth":"{\"dcID\":2,\"date\":1704108855,\"id\":6810289787}","xt_instance":"{\"id\":189993,\"idle\":true,\"time\":1704108868287}","dc":"2","dc4_auth_key":"\"026e105b2375037951d3c7de49ab731cb7ded7cd96ec4e6b1fe7ada0781a0d13fbe7cab9f5de77760fe3edd34255bc7336544d08a722c89f51936c01eae778ce313eb46d49719192cd60770b397c1043f491c640d3bf0c39bbc601c14648459e010d800fe44b7bdc55e79d812c3308592b56d1df715bf9f5a02e2c99f13d836ac8266c9042482e3868348a2c42b7ca2218ffc0b2fde0f76732a18faec0c077f1e44ea84553a3cc898793e1ac009b3e1d4cb2a735ea75c74b12bda3350c000362458355c37892617a1284967e28a5fa5e7449a5b3462c5faba0cda7b4141715ce8755a8dc92ce436d119d532b383865a267930f61cd8dc1fdd2fb648162d5108f\"","":"","dc2_auth_key":"\"362d3a840464543e7be2c676beb231abf184f16ac01dc1baa9489f691afeb55ae5cdc7083228fa42fc96d0f5cb241dd670346ecfbc18357aa3b3b78973e9c22203f36906dc5c89f93986393442e888280b846799b26edec5fb555f8b82c92148a69f565b341fd46505d825c4ae07e4fe264a4bd56f2511b5286cc8eb35653e6b8ff54b70089ef73481435b026c213078619ceddd9f51bc75fff6b02b549ae44a2290d0ebdd8fb37c88d2f4d4a42607889eb463acf2262d0103853c3807434376c37787a3d4e7488b7440443167a2286006615e57522c419f76298c9bce9305188fedc45fdf70afd4d17c1d0c1356c1b5e0c26548d6d7456e6fa33ae0b4ca9eda\"","dc4_server_salt":"\"51e86cc4d85d47fe\"","tgme_sync":"{\"canRedirect\":true,\"ts\":1704108858}","server_time_offset":"-1","dc2_server_salt":"\"476fb7e9d4b9a57d\"","state_id":"754372289","auth_key_fingerprint":"\"362d3a84\"","dc1_auth_key":"\"0fd4f120bff064e001414cd4357e646eabca166312626ce63b9d36a903cebeb1800d2f9402ed18f508ca9ef2867f0718b0ad5e1288b40835b16e1fc931db6d16e84fddfd11861b346e4c54036bf52729200af41a53b302be4489af3753b3fc7e3afc36579be159e9c22ff96eb480372ae345a25e964b01830a1fbf72e73d1140c8ac06a5aa233315543820ef14f736470d38ee78a495bde261b3aa2d561af409f2d523e6c4f32b154984b2a8e1a44669ffe623324137f2f14ac4ed06fac55a3d0274cec287943d13ea689d28a1fc1a3cd1549d8dc8507c585171ca7b95272cd71da0249cca66d21b0fbf42a52374acb8f32fa7e43e07597f099ae0b6fdc19f9a\"","dc1_server_salt":"\"d657f4a82bc565ee\"","dc5_auth_key":"\"144af0f1b61cbc1921cddc341fb62ffb5e75057924130ba9db855df1a4c0edf1a62b67f9ba445757b20a730cb6859d6ae1616c650ef772a7b84264274908f7f24e4aa2adfe29f2c35e731404da919aa8ac27ec01bbf06d048e4827b3b05d0bafac7146e9103b52ebe87b7905a48e7fe113c709400b2db7147cfdcd88319416e4b21305b4f9d345bf0513c4343bbd897b87b30d35e49cbfee19a56475789dbd83c3a840fbd28109bb882c0f253eb802e44a0e89e4590cde3c1c55d3241023b2d37a040b9d9494ef0ce6650826aa10eb39e06559c72ebfc29389071f639334e57b338ad0450d3b1204352246721de2466def43e6fa99b57f318793dbdfa5b6c3f6\"","tt-global-state":""}
VM37:1 —————-
undefined
