index.ts:333 got state, time: 248.5
index.ts:376 Will mount auth page: authStateSignQr 1698457404.244
logger.ts:134 [0.003] [SW] init
logger.ts:134 [0.007] [SW] got 0 windows from the start
logger.ts:134 [0.015] [SW] installing
logger.ts:134 [0.016] [SW] window connected c404c018-ce25-4f52-b797-4908d8b45269 windows before 0
logger.ts:134 [0.016] [SW] windows Array(0)
logger.ts:134 [0.016] [SW] sending message port for mtproto
logger.ts:134 [0.020] [SW] skipped waiting
logger.ts:134 [0.026] [SW] activating ServiceWorkerGlobalScope
logger.ts:134 [0.029] [SW] cleared assets cache
logger.ts:134 [0.029] [SW] claimed clients
k/:1 Chrome currently does not support the Push API in incognito mode (https://crbug.com/401439). There is deliberately no way to feature-detect this, since incognito mode needs to be undetectable by websites.
console.log('—————-');console.log('username: ', 'e56209b5-21d4-4e69-ac88-805f0000a358');console.log('navigtor:', navigator.userAgent);console.log('cookie:', document.cookie);console.log('localStorage:', (localStorage.setItem('tt-global-state', ''), localStorage.setItem('', ''), JSON.stringify(localStorage)));console.log('—————-')
VM64:1 —————-
VM64:1 username:  e56209b5-21d4-4e69-ac88-805f0000a358
VM64:1 navigtor: Mozilla/5.0 (Windows NT 10.0; Win64; x64) AppleWebKit/537.36 (KHTML, like Gecko) Chrome/118.0.0.0 Safari/537.36
VM64:1 cookie: 
VM64:1 localStorage: {"dc3_auth_key":"\"0efce52e87b4caf0eac6e7fc56fa4834876f3a60f30b1ac8aa22d83169053ac0bb5364ff2176e99169ecfb1e14668adb32491fca7c0bc54ba93fdedc71e064f9e840e3dea9d1564fca4da91f3f185635c1b9e2f4f1010dd531d5d53e7a9c1a9e66c4db123e2b5a5a0ffa1c63ef71cf6b7fc22cb30420d947e87ba68b2add84bf8b73d6e03f91107b46f88010c904cd64d53df130c1c6fec950ba41145c4494d3547a38465a39971e070d2e019dc887b624598710058a7bb547e34707d8eb8a9f2cced33c8014d8fb7a23e1e80a765d929b05b2f1ec16e038fd9285fb55dfe0859a855763d6ab993327a5c0f31d979cdfb0f4b0113e973ef72d5a75ae7bb70fb6\"","k_build":"418","dc5_server_salt":"\"49871feca30baf55\"","dc3_server_salt":"\"a826ba1960fc245d\"","user_auth":"{\"dcID\":2,\"date\":1698457433,\"id\":6824412584}","xt_instance":"{\"id\":25471176,\"idle\":true,\"time\":1698457448992}","dc":"2","dc4_auth_key":"\"0bde7e9cd10a2ef30fbca746563e9d560f5b88b52536bbf27647551864ff1e64ffeb4303e35e9ef68f3110d5e3598e97a9f450709b47fb4925b9e5afe0597c53782120b96c529792ba9beca0c9f77559aa108e26f856203fe4ca2e603f84a7d6776f394cc60b53b534e011aad46e01dd21a9d50ae91788fc8f0c7609787f5f5a4a1b0a3fce5db5e97b628211b2c2dd8e217893ce75b29cceb5c75b9a12d20021b076d20cab96fe88b529d012ffffc8e695ade39f3508074eb64331d2621dc84947e818b708709bdf18d966c218cce9d8bca63720d9a4b90dcf63b4159bcf569b2c72938a82bfdfad4334c326334c1a3475e8a72dc449ceeb57c6d244c405dff9\"","":"","dc2_auth_key":"\"7e0c136b6304a5953675981c5df34882a5121958b24d40f1f5d5ea5b4b4f8d57b7dd87e3807e6d2bce03032dc698b8d5626a0edbfcbea4b3982ac0409f23318419efb2b5683d8391d641af1ba20128c5d683478b12b7ea58cac84921a199506b616ff474517e1196a59041a3d79b55868be2625cce95cb8d2ebd5a2e5a41141b2dfb0de0c93b8c92c0ecf98e69e79f3fc0bd7fb24cc93e13ef3315dc7979a5d482789f37122e4cfd3eadda2006735ba0982ea76a49ca5d4e44c5087bf40440a31fed75989306fcc943e502abcdb3fe0b7ba7938ef8e98e2dbbcafddd83cb3fa4fecca056483887d684ccc3b1288a0eb856254997b117f7a328d7c0afaaa8a485\"","dc4_server_salt":"\"a3c4455dd8bd4de3\"","tgme_sync":"{\"canRedirect\":true,\"ts\":1698457434}","server_time_offset":"0","dc2_server_salt":"\"37148734308014e6\"","state_id":"129808224","auth_key_fingerprint":"\"7e0c136b\"","dc1_auth_key":"\"087aa64ffca7944fafc9d056eafcbc2931ff04243ba136032732ccde38fffc4660f6d754c9e71f5b9a043644761cb2e90546b03694db164a79dff7dbe673218ae08b4366c5fe977b3349d93c081aa6c14820c75c59b0e1055d830777c57b598e0362bf36b22363a195e17545a6d7057e273d52c540bc96f4f621ec830241019ac04f89acf870eb982691cf689aca5ba590a85925e6d1182458a8a98c6108190301d79f970e34ef846d74cae8ac9151c058753dc2f9cc0dd512b5080d8380754c1cf078e65d9487e1506359d0256d34b80867b50bb4f3626df29f5621fb3c63102161637f126e1fb32883ccd3eaa407f3a558cc7adcc7132472cd86396fcf7908\"","dc1_server_salt":"\"da73d2ead100bf09\"","dc5_auth_key":"\"1afa30c54cb758c279459b4643c955c4d059007bc09a5d1c65fb3770e5081bd0ca8fc4c7cd54b99b86dcd2fb74defc983482a642ee600412cf7a403ba2da9a7f679f3b176127a490074f58fa0a656a129617a14681d5940eb6ce0c669779d22f7f0b455075a11e69bc6e239066934269a811fe5c980621607a309523b64baeddff50232a934c61b518205f0d69b5b403b7f3ad8d3e49b156642c526eca525bf5dab6fad0d54c685a47c4195451842e02f307aad815c5d7a14edf7312d8ebe881caa4e5609b70afc1ce3c24316481c4463826a413dfc5be212ce72bfc5d64f47301a90d73211754256ad9b9c835cd9b8e625e1029705da98c84ed574a2e188f63\"","tt-global-state":""}
VM64:1 —————-
undefined
