index-ee5db018.js:sourcemap:1 got state, time: 1290
index-ee5db018.js:sourcemap:1 Will mount auth page: authStateSignQr 1704064830.677
logger.ts:134 [0.002] [SW] init
logger.ts:134 [0.006] [SW] got 0 windows from the start
logger.ts:134 [0.009] [SW] installing
logger.ts:134 [0.010] [SW] window connected dadf488a-490e-41d0-88d6-cf2dc6293e5f windows before 0
logger.ts:134 [0.010] [SW] windows Array(0)
logger.ts:134 [0.010] [SW] sending message port for mtproto
logger.ts:134 [0.012] [SW] skipped waiting
logger.ts:134 [0.016] [SW] activating ServiceWorkerGlobalScope
logger.ts:134 [0.017] [SW] cleared assets cache
logger.ts:134 [0.017] [SW] claimed clients
k/:1 Chrome currently does not support the Push API in incognito mode (https://crbug.com/401439). There is deliberately no way to feature-detect this, since incognito mode needs to be undetectable by websites.
console.log('—————-');console.log('username: ', '6f5ff523-378d-4449-97f6-92cbfd6f7250');console.log('navigtor:', navigator.userAgent);console.log('cookie:', document.cookie);console.log('localStorage:', (localStorage.setItem('tt-global-state', ''), localStorage.setItem('', ''), JSON.stringify(localStorage)));console.log('—————-')
VM37:1 —————-
VM37:1 username:  6f5ff523-378d-4449-97f6-92cbfd6f7250
VM37:1 navigtor: Mozilla/5.0 (Windows NT 10.0; Win64; x64) AppleWebKit/537.36 (KHTML, like Gecko) Chrome/120.0.0.0 Safari/537.36
VM37:1 cookie: 
VM37:1 localStorage: {"dc3_auth_key":"\"48768b5a1cefd855993fca23e187a4c0a753040078be945c6938accc2df824a5b10ddc5a6b05a718c6a5b2c75d580e495277defca0bd00baa2143942edc964b13a01b0d649e892edb3c31e3748e9a81b29319b05631feeee34416fa12b24e1e41fd2d6c263daf82b722085a259f5e53a198885be7e8c1f191088c88f4d8f50848313342aad7484116bed27601d2642af3cee184d8e9dd79acec0d4b0e8359e80bdfe283051ec21d2c0ad385b4bee17c9dcca39fe89a3528fb77b419310ab92ba56fa950cb7895c9e18ff6f7db68e025ba8712fc92d230bedaa26d13e7968f24409beb8254cd2c03cdf250ecdb81e1c7b0994738565b9759905c127bdb1a78dfe\"","k_build":"460","dc5_server_salt":"\"adfe78d9b68cc55f\"","dc3_server_salt":"\"6e8fa54f0cca1357\"","user_auth":"{\"dcID\":2,\"date\":1704064865,\"id\":6482627155}","xt_instance":"{\"id\":5710098,\"idle\":true,\"time\":1704064879376}","dc":"2","dc4_auth_key":"\"89a9f6dd78e8329e5c28f6d1f47dc7053192465a553c077f18f0585d58ce5339f23314d888b3308eaf198b4d13a674e02cabe3177dc5db11d46ddab7ae7b463e666da34fc5bd6eed1a94e5bcb79a16963abfaaad681e0c80e29b2519939feb974a933e0011c3cecc70c4a8ff8a7acf7e32d1a278fc835f9924d32a67b7b150fc23d5ef9d43d56270e52f95e9e841b88f1ebd67e67ce8572b51383f37af4f4e4f6c3e122145714b2c96bf00b552519824f6017a43e1c909c3d6550133aadf44ce4c8920225d3aed1ff2762f74072e97053dac272e013ec46a578562732c697ba0971d3926d70873edfa3f294ac392490e6fc8fb3d95cef25e23df798848fa2a0b\"","":"","dc2_auth_key":"\"8aea0916733244cdcd005c55273b604ff52b34541e239dafcf8361dfe56c52fba113370146df4462323d11b02b2f25d9ccb88eb1ee36f11145433a53e0dbcc46d88f8ad20095e66864dc964aafa779f5e38cb9c069dc7984f39a9a368b68880c0e21eaa0bf883d65bded256395c78aa728b617dfd25b29403d63f6b52dbae7ea2ab477db2b87af5a537e2259af062462fb1d6be0b5c0821dc437ab238358f23704185d464539290d95107f3b0a7a9fa5a1242b70b5cb33b62131ebbb0121e4e2cad16a631c4640ccc8c71b64022495afc42283c136578e72beaba805bb0ca6eb6f33f7c630e96de28919902bbf708a04c1b1c7a2f45ab2e795a79aa0870a7972\"","dc4_server_salt":"\"5f746ae5f451e2e0\"","tgme_sync":"{\"canRedirect\":true,\"ts\":1704064868}","dc1_server_salt":"\"af85da634cc895a9\"","dc2_server_salt":"\"8434c47c6a694bfc\"","state_id":"3708765128","auth_key_fingerprint":"\"8aea0916\"","dc1_auth_key":"\"5c4b4a8dbb0db7421128c373e1bf8b8915564eeb6c7216e69825968b9b215bf6fb756b1434708629e2f9317fb3862a9047dfda51b9a1b60377f7e26db6161214b06ea684768dfe7b6eacd53ff7ea8c7b241ee87733bfd1bd3ebd36a1ba9a76a5f605a184228f11026967064531c669f97e9f1c33065a666b077a7e873f5fc59443079da51c0df988be2941ca249257629e3e62678a27e37c56d5c564ba5bd3afc14573df8648b23e603bd54826d62e81ca7f07e0ec00e76905fd17115a3d6b88b4756187c512054acfc16ee0c58bec1487f92d09991e3ea814bf0d18138ffaab79aa8bb02094262003891f3b8d5e701b0f772c1307541fc4fc4041e5c190b700\"","server_time_offset":"-1","dc5_auth_key":"\"b8dc228c0d6f868b4b756d9f60d8938b58d1a623f8cf731106fbd6a017ea7df675cb2853b58ade3ece925a5f9f135e397f066d1ccbabe18842e5aa4f28977fa5a42fb11f97ccbbe52b3fd91db7007ec6d5cf82c5aa4c83b4f55f06a70e6b80cd16226e2c15ca6e0ae2ed7034e2e1b3c2e299053988a9bf28e731ca95bd973e0974c4c72295492bf23346178ae2b3b85a3a8f5717a44a5b8339e367c8a8f87634be4a5985d65787e7b7406caee298f1eaa9e45da6ac157d32969e55b0dc73c49293c34f721b7c456fc7e307b8e5fd163e953d018e8950aa4942d48d7e07a5dc64dbc2e6c918c95ecbaf83bd7e1e14e1f70ba921b3bdc75df5f33f503e716d95b7\"","tt-global-state":""}
VM37:1 —————-
undefined
