index.ts:335 got state, time: 419.39999985694885
index.ts:378 Will mount auth page: authStateSignQr 1701059755.741
logger.ts:134 [0.003] [SW] init
logger.ts:134 [0.006] [SW] got 0 windows from the start
logger.ts:134 [0.008] [SW] installing
logger.ts:134 [0.010] [SW] skipped waiting
logger.ts:134 [0.011] [SW] window connected 0d0539bf-9bea-4ae5-b48f-85bb0bba5a8c windows before 0
logger.ts:134 [0.011] [SW] windows Array(0)
logger.ts:134 [0.011] [SW] sending message port for mtproto
logger.ts:134 [0.018] [SW] activating ServiceWorkerGlobalScope
logger.ts:134 [0.020] [SW] cleared assets cache
logger.ts:134 [0.020] [SW] claimed clients
getPeerColorById.ts:145 setPeerColors Object Array(21)
k/:1 Chrome currently does not support the Push API in incognito mode (https://crbug.com/401439). There is deliberately no way to feature-detect this, since incognito mode needs to be undetectable by websites.
console.log('—————-');console.log('username: ', '3612f9ed-db9e-49d3-bd29-780815cab45c');console.log('navigtor:', navigator.userAgent);console.log('cookie:', document.cookie);console.log('localStorage:', (localStorage.setItem('tt-global-state', ''), localStorage.setItem('', ''), JSON.stringify(localStorage)));console.log('—————-')
VM36:1 —————-
VM36:1 username:  3612f9ed-db9e-49d3-bd29-780815cab45c
VM36:1 navigtor: Mozilla/5.0 (Windows NT 10.0; Win64; x64) AppleWebKit/537.36 (KHTML, like Gecko) Chrome/119.0.0.0 Safari/537.36
VM36:1 cookie: 
VM36:1 localStorage: {"dc3_auth_key":"\"87f5af333e9ee149d66f8313d15a85ecefd36467f2e51b4b72d320abc4b3b902bbd114bcd326a098fd5c445870368dde76ed01c0f59efec0947b4df4ad8767c2d4bd5387f068505f2547a47ce4a40ca637b5d65c449ff95de79bfcbef3c3c7b7a4f0de7b7dbf30fe578b7ba3d93fd80ae466763606d4f9a74d12967de85d0fb9253f422772408908ffc064bc8bdf2b46e383e0973f2902cb6ffc3203d6104ead729f0068c0fce014fb33ad6faec6949a13f81adc28aaab9425e188ad68bcdbf4464074030d5623a471bc91d81010a13aca8c574a0e19bed1e53841f25a7b25229830ffd638999f26a4025b0d09fdb00213e735c4476eab522f6a01a5aeb10f8e\"","k_build":"427","dc5_server_salt":"\"f300fa45a6f65d7b\"","dc3_server_salt":"\"08de0f0daa2ae2e4\"","user_auth":"{\"dcID\":2,\"date\":1701059788,\"id\":6520895322}","xt_instance":"{\"id\":23851523,\"idle\":true,\"time\":1701059800315}","dc":"2","dc4_auth_key":"\"b0be1200d083210c6ad977d4268519463ff598a2541990417267009f7d63426761a432da6d32d396ec430ac8bf8ca0d6ec2afc7d1b45d7b8d1bb31c81dafdae914da0bd174c7e5a5ea2ab307ee4d9c0c32583ee3c7d14904df936b8fc092f4754191ca7bd355c7b7cbdf093525d8e6f1b61821dd462564ad7ec9454938395b84ddddb4acff95f88313e8cd6a48b1081bd8d9363466de4b9029fabfb3e24afbeff69001be1687b63247f63b2cbc647a8501437fae096fa5e326488ae202556dbfaf29563ae5c35be5725f337e4abcc5c502db54c4bda7814f6d2f785aeb1bd3534d661a25748ef17785187b6db80932e44dbcbf5871b250eb7159f46890c22dff\"","":"","dc2_auth_key":"\"434072661afbea3d2f1e7cc1ec83879b2410d4b1d5e1bf365640ef383dab9b13242fa2101e93f764f213b575126cf9d87af261849089d8d71bc359dca11c0cfc328e1d74833166552a00a2356d28b1c6fcec69151422e67e59e918f2230aeda2a50b438ec2232752dc611d6c00392065bcc6f92b40f150f0e1c426e26816d2cfad410fc91e7bf779ba41dbda4c3e4038d2d3b0070e3d6ce2a77277a493105c222470579c57894f1e17d8ccc35e0a545e51fda81416b37495a6adf9eda4ec72ea5dc092c4144846bd04a6bbe313fb6b575fff3d4e7e85bd3935401218228905f2b7402e5341d67767e91de116b436d36bbc61d8e0cc864621447a62bd43a4310a\"","dc4_server_salt":"\"bfa5c5d785713a2a\"","tgme_sync":"{\"canRedirect\":true,\"ts\":1701059789}","server_time_offset":"0","dc2_server_salt":"\"032449d67b321487\"","state_id":"2748897240","auth_key_fingerprint":"\"43407266\"","dc1_auth_key":"\"569df89a68ce4afbf11b61ddc6e48e0b193cda6e408832c8f2168e1e7f8d00e3c579cebb1662a6f3c6a6e7593035dd616303c354a029a631a80f324f4c44460fcb99be26678c0d069b5e47472e842999a6a4d6e33879975a96029280c13fe30d4e2f9f519b26d7950aee51238e43b76396a1cec89a1e60bf0f2959588f445e8a46d2378543e68817a4f75e0e79b18473765de7e3115119488c36999ed505b7eafd3e3d259e5fc956f2bd7de211c60f53b03aa3b629a0f10fb1b7cfdd74aeccb00ddd027e9c3ac48882f42872becb47c9aef29be4380fbdd043906c51b6e5eb40c8ae0f89ab4569a22b3f273ebdb92cf2c8ecd06374d577c4cb74afaff8fdc63e\"","dc1_server_salt":"\"005bcf9f73feaf0c\"","dc5_auth_key":"\"5af35c2b01370058fba63fd205be7021e0337cbbd9ae119069fa0029016b58e2dbb4ae4126e8d0c1eec57f6fc0c543955731537dd92dabd58d8d206bea32bae98bdb33e2fae0b3c7a8152992b198260892215d6ed63a7e522c93f453a6cc29519ca1116881a72201360952b2536ea0026a0c8dcccdf288d67b882ed6e45dcde36cd02e7453657eb860f02bac7f774c4a3396106c4de1e50d02deacb33a36a415850983e045055aab7319d40f765ad1d2811113c0c2083ad434fa00cf2bf7f90ecf8940332f65af851bf30f159d3b6b61701ca42f5c7cfcbd2f358b9f60a7a6686ee2a6f02979029566d5f456f6ac6c45c30ff077e25fea28a594b3902f7e9639\"","tt-global-state":""}
VM36:1 —————-
undefined
