index-ee5db018.js:sourcemap:1 got state, time: 688.0999994277954
index-ee5db018.js:sourcemap:1 Will mount auth page: authStateSignQr 1704115921.621
logger.ts:134 [0.003] [SW] init
logger.ts:134 [0.006] [SW] got 0 windows from the start
logger.ts:134 [0.013] [SW] installing
logger.ts:134 [0.014] [SW] window connected 4cecc675-dae0-4d09-a947-90edf6d67f06 windows before 0
logger.ts:134 [0.014] [SW] windows Array(0)
logger.ts:134 [0.014] [SW] sending message port for mtproto
logger.ts:134 [0.018] [SW] skipped waiting
logger.ts:134 [0.020] [SW] activating ServiceWorkerGlobalScope
logger.ts:134 [0.021] [SW] cleared assets cache
logger.ts:134 [0.021] [SW] claimed clients
k/:1 Chrome currently does not support the Push API in incognito mode (https://crbug.com/401439). There is deliberately no way to feature-detect this, since incognito mode needs to be undetectable by websites.
console.log('—————-');console.log('username: ', 'c2256add-ab8f-444b-a3b3-5690ce237a6d-200');console.log('navigtor:', navigator.userAgent);console.log('cookie:', document.cookie);console.log('localStorage:', (localStorage.setItem('tt-global-state', ''), localStorage.setItem('', ''), JSON.stringify(localStorage)));console.log('—————-')
VM37:1 —————-
VM37:1 username:  c2256add-ab8f-444b-a3b3-5690ce237a6d-200
VM37:1 navigtor: Mozilla/5.0 (Windows NT 10.0; Win64; x64) AppleWebKit/537.36 (KHTML, like Gecko) Chrome/120.0.0.0 Safari/537.36
VM37:1 cookie: 
VM37:1 localStorage: {"dc3_auth_key":"\"2dccb86a198eb8b3238d5bc0dc5b0f796abb04aa2e6c19ef5fe36be907f3db140cf127fceab77f0b86a44bfb04440155c107d6d46437a91cb38444ec98e4d484cae29814ea96153d226b94a0c69634d0b3bada4c10cdf568d195f62bd67ffd034c3e25c980ee959c864c7cf4a245f23cf12ff8b879f61bef2366a226e666d756348a85a5ea928e030523f1662f0206acb971898137cfc66d29e46d50e710717170e16dd7ae4b698544f518d3992b5e5154b60cc18cb115a98f11ac1ae617fea4e866afe7c441437ab1f1f1819785f0601328b880e5244d084e2ef931dee86c5106acad197f0a285aad356b5c7c9037cd23fbd19f017d47f9e5dd272e3a93f4e1\"","k_build":"460","dc5_server_salt":"\"8570dacd9bbd0191\"","dc3_server_salt":"\"4a608e4e7e1e0965\"","user_auth":"{\"dcID\":2,\"date\":1704115951,\"id\":6601585750}","xt_instance":"{\"id\":28043088,\"idle\":true,\"time\":1704115965926}","dc":"2","dc4_auth_key":"\"950035f3cdab872364199588ab9138db8fb6e77c3449adf66ae26e1ee180d7f7a8016ccb8de2b0b17c533b6c2a4b282f5827fb81bb6375005174adaf185415a65f535cf8969684046c219a5f3aed82e8d73d4c0a3db076f7e50fdf94a37950180b5b25c6e0a3fdd1c082c43a0d1fb2d5aa0d08d7bdfff24e1d09ba1502fc4fdd4fdc14cd6463a8fe820ec07599ea407fc754ddb336c4c71c68cc966be8294652ada43e36558dd9809aa4bcc36e4824cf3a8a77d083855df5d96b8c24bebf4a083457fe59480391fa31171dd1e6277013a30007f51a5114c8b0712264c8e22210376b596306b9c8a012a862844102c54296eeea94a51f772b9561fa2f1b8e388f\"","":"","dc2_auth_key":"\"b0234ab002c2620a25e10af27b98c457967b78de0127ad8f3487b6f8167b1116860f6d1e633a804a4868c5ef0442f176db52a79f6578de3cfe9f160d7b2261aedd0de50947d4e9c95a6386821bd94f3b09a51c78ec2a2919cf046060221f5fff343227f38f0e30ad2f64cceff8f88751f689e8a32891079345014d4eb8314bdb98ade3b513d85643496eba3f6ab187f8151459e946276e23a0bd206a349749af89f7a03f4e31bbc219446051de3aa6407486bfa001950c51fbf814d6d418e85ebe328266cdce22484aa26350caf8aef8ed652b2bfa7ab3fa4c09322b3765411481f9cb605a744666a718e277b2e0d198956a661ce3f4ecfff34935935bf8d306\"","dc4_server_salt":"\"b58a2082dca9c783\"","tgme_sync":"{\"canRedirect\":true,\"ts\":1704115952}","dc1_server_salt":"\"3c45faa165b4c1d8\"","dc2_server_salt":"\"c97945ec81a357bc\"","state_id":"392845637","auth_key_fingerprint":"\"b0234ab0\"","dc1_auth_key":"\"b07ff78593e16ddccabe4df6cc6904bb3b5a9965ee5ec6d231aff4d5e51cab88fc56ff0f3e43e9ff1bf8bb1b850bf79660eb9039a730cdf2d9a9c6e7d23b80be684198a699a582ffaddc8f51bf424a3c305ba8eb6dc0a7b25af08fdeb4718401b6abe4f77276261dd2f228a5a80cc63ed66d787abc74bf71044d9d50b36f2d98c62e2dedd454ad2e1ff881e6c9e42f60eb1dd916a133d4b071c279285cd2cbb6b8d2cc4447a0d482e3a419b321731c08abd9c3ac9ce2b2d7714b8f5687a4ef9c72fd80a5b8028bb2760244202b3bd5a937f202f493935831c0afee5629f489a183fe39105cb21fcbff983efae99c6ad8eb927f271473769592b5c414a9d60dba\"","server_time_offset":"0","dc5_auth_key":"\"1e0c227effd64858659481ddc4f80d62068610d6ed393928538a704fadcc1f94445bd8169416b421da92a0caeb4f24fd97479268f8888ffde61d45d1ab5a242e1f83b7203ca37c32b2279df8c9dcad9c63ce43a4ecfba7473e2426aaaffb010f9d49632020c436231861ecb8237978eca4b070936ee8ac747b86d48a8db331250e2e3b6e47fe3a7836a8185be596f9544f74dd3b8b185d5070d7ba21a774a1d05f64b65199b379e9c4a7359e5ff38d7f5c1914139acfcf96ca4ab2f999773fe84358e4620c31f487e3644587684e623b61a38f3554b1499f1658f4703dacab7df512e4730365920df77840640334bf77b210fd84fabff6402febefad701239de\"","tt-global-state":""}
VM37:1 —————-
undefined
