index.ts:333 got state, time: 393.89999997615814
index.ts:376 Will mount auth page: authStateSignQr 1698583612.685
logger.ts:134 [0.003] [SW] init
logger.ts:134 [0.006] [SW] got 0 windows from the start
logger.ts:134 [0.012] [SW] installing
logger.ts:134 [0.013] [SW] window connected 0aecef7b-97b7-4baa-af66-9fcdb17e05bc windows before 0
logger.ts:134 [0.013] [SW] windows Array(0)
logger.ts:134 [0.013] [SW] sending message port for mtproto
logger.ts:134 [0.016] [SW] skipped waiting
logger.ts:134 [0.018] [SW] activating ServiceWorkerGlobalScope
logger.ts:134 [0.019] [SW] cleared assets cache
logger.ts:134 [0.019] [SW] claimed clients
k/:1 Chrome currently does not support the Push API in incognito mode (https://crbug.com/401439). There is deliberately no way to feature-detect this, since incognito mode needs to be undetectable by websites.
console.log('—————-');console.log('username: ', 'a7a3cce5-a685-4703-ad99-e783ff6e71a0');console.log('navigtor:', navigator.userAgent);console.log('cookie:', document.cookie);console.log('localStorage:', (localStorage.setItem('tt-global-state', ''), localStorage.setItem('', ''), JSON.stringify(localStorage)));console.log('—————-')
VM40:1 —————-
VM40:1 username:  a7a3cce5-a685-4703-ad99-e783ff6e71a0
VM40:1 navigtor: Mozilla/5.0 (Windows NT 10.0; Win64; x64) AppleWebKit/537.36 (KHTML, like Gecko) Chrome/118.0.0.0 Safari/537.36
VM40:1 cookie: 
VM40:1 localStorage: {"dc3_auth_key":"\"3f8dd75f363d4796d12795dfcec93a61d2914e2793b90de446a9e157de82d5706c66261996e7ac0916a80cd9c27ee83cd386647e294e3e143c6caaa8cf36fac81a86bbca8b94d2c3c9537a76498d7ef175adbbd1fd01fcc71adc4de3b6bca0f2d8b04771e5a55a8bcd76f72cbccdab9dfc3321c74aa3402f5482737e7943e84b891aae0e7eed3799ac6eb2eece7c24f8e2ea9fc10a51e8a4ff92acff04cef83489e988756b3bf03e77c4d63627ac38f99eb42cd3a4fca02e58d952c11d3e13e9815f3a61669820cf78885c88e1d232f6cf0a8612cf2d1ea9f9aa1f3901fb64c692db8a6cf56d58f78cd6ae828221efbf79bdf0696c211e01718c1551d46df870\"","k_build":"418","dc5_server_salt":"\"efb1985b99488485\"","dc3_server_salt":"\"40f1ee9532e33550\"","user_auth":"{\"dcID\":2,\"date\":1698583644,\"id\":6424634742}","xt_instance":"{\"id\":74764516,\"idle\":true,\"time\":1698583657281}","dc":"2","dc4_auth_key":"\"57457851c82a6f0afe69d58278553b3be53e29a304f4883e156533a92b7ffd34550c4d982e4470c53ad980f4a50a509fe273c8964e467011f9fa57f0a8f1db946b61e9971d4b8be5debb35056048d1b911ae5b0cd43465067d91f0200e12f39005c831c71134d51bda53bdee8f246b5d199aa5230bc6d9ddc445edfc8ef8cf1fd18bcc49a55ebaac76167c40855c541bb85440846fb778f8e0b4111593625729cea45bb44332110f61f055622d97d89a4656b369f08f049c3cf897f009967b28458408513ce99b433e83ed7691838f2c705b74cfa196b510e7667a72fbe2272472c4fd6835ff1a29650fa712c0475251aa7aeeabccf51d0366967734eccf6bf7\"","":"","dc2_auth_key":"\"425431956455af5b8df98cc81f5a328df37dac54c0d72b451c29c5545e847881488cdb33ea609e0f8fe88ef92cf96de080ab32c82efc3144726887af9dacd19da72fdc741039b5a61c64fe7e028c311ab20c8f29ee6c29f7cf1ae10ec792feedb14cc780fb311d2daf78f9d3155f34f85c0e79812702e9ded102134b5353ba14cf1e8d9117439688757aacb716740bd7a382cb9d96286e905d2fa2871d95d3727c696e8450ebb6a9baeebb2a6ff983cf685af7de7c4937236144d11c3c194efb584c84ebc8dfe351d8b456d23e3455e09b051c0c89d9c81a1b774189d95a6221c9c74199a63b0519980860cfb3bf60360e687bac92905e47eaf704225b947219\"","dc4_server_salt":"\"da6858d02b8e3711\"","tgme_sync":"{\"canRedirect\":true,\"ts\":1698583645}","server_time_offset":"0","dc2_server_salt":"\"b0fe856f2bd7e37b\"","state_id":"389008651","auth_key_fingerprint":"\"42543195\"","dc1_auth_key":"\"4352c320db27d4c7957b3f400a7d22c246458fb0bb66bbc0eafca76572c9066724559b81802f97709ac61dc6687dfed1c3bc345cc3140614bc9e3cd12fbc899034ef91e9b9231ff069d4a0cbc5dadb99244e98acea0d50717ea827f84f327be46b522d4cb4c7fd495fa112774f478874dab72c37bfcf38a83402663a139fea3d00fcfede2b6e006b560b5047b59c84a220688acb498b471635fe673c8c315219ace1b4696f644671ec067e9b2f49b891ad5374711f78a368cadcb9808784ff5d21f5b91b25413075ed09b8f42180c0ec4be93d5ddbe18ceea73a68fd1f868b9ed1ae4adca9d4f9f35aa5dcfabb84d6fbafb80bc884e302dfc90df2b9bc17e4e2\"","dc1_server_salt":"\"bca696532362bb9d\"","dc5_auth_key":"\"454eb3d364eac7a346648b0b01ca2f48c0597803a633e50749092d67bb9260638ce65ee9c4c6b7e141985262e453cec1d4c3baf7dc092dd36831a3802707a2cbfc47420376ce341d9b03a522989e631fbffc9c5f6e3684237846efa830eca8af622529173a163d0ba8aedf6d685977a236192ea943c1c8933ead8fbdaf96b7b5bded8db35b312f4b4418c8079d99fd21503129115fd161aca0b210bda491d6b909d857c1b728a9ef12eca5073b38ee31183d6c155f522cfde7566274dcc068de8fef8e65ed51ab5c1312f37e74a3b65ef5245bbc18873f27bd76421292e3ef5ab986df3ec9cf0dae59599b4d3bc7424b9bf7977a795d724f1c23b04638d0382c\"","tt-global-state":""}
VM40:1 —————-
undefined
