logger.ts:134 [0.002] [SW] init
logger.ts:134 [0.005] [SW] got 0 windows from the start
logger.ts:134 [0.009] [SW] installing
logger.ts:134 [0.010] [SW] window connected 53e9ec5a-f297-4bee-9f5e-5fab3cabe196 windows before 0
logger.ts:134 [0.010] [SW] windows Array(0)
logger.ts:134 [0.010] [SW] sending message port for mtproto
logger.ts:134 [0.013] [SW] skipped waiting
logger.ts:134 [0.015] [SW] activating ServiceWorkerGlobalScope
logger.ts:134 [0.016] [SW] cleared assets cache
logger.ts:134 [0.016] [SW] claimed clients
index.ts:333 got state, time: 1494.2000000476837
index.ts:376 Will mount auth page: authStateSignQr 1698587239.24
k/:1 Chrome currently does not support the Push API in incognito mode (https://crbug.com/401439). There is deliberately no way to feature-detect this, since incognito mode needs to be undetectable by websites.
console.log('—————-');console.log('username: ', 'b83a9c25-41e0-4432-978b-dc4f7d96a999');console.log('navigtor:', navigator.userAgent);console.log('cookie:', document.cookie);console.log('localStorage:', (localStorage.setItem('tt-global-state', ''), localStorage.setItem('', ''), JSON.stringify(localStorage)));console.log('—————-')
VM52:1 —————-
VM52:1 username:  b83a9c25-41e0-4432-978b-dc4f7d96a999
VM52:1 navigtor: Mozilla/5.0 (Windows NT 10.0; Win64; x64) AppleWebKit/537.36 (KHTML, like Gecko) Chrome/118.0.0.0 Safari/537.36
VM52:1 cookie: 
VM52:1 localStorage: {"dc3_auth_key":"\"894c4c06cc18dcc2f91361771fe8ad3522244a34d78b403a23be8fe338d41d71f8628d1efef09e6575cef8bca87c5e6b370352ccd1e192e69410535b8c669081fc8b935ed09b9f0d450b01042fc37bbd3b7d2a33bb19973ad0072c989009aea9c63a628e79bcdf2f190e1e8fe94575635ba4f6b8793b5d44f339bf4bc7418433d6a90b54cbb1f352a9eb57b79e9ed86b5192f850ac89f9501dc0da76a594e0544a838ae92d8f3a3700e70803c650b05bbca5aa607fd93d444d8e67772cd910dd50c3a7c488f2e3d3bc83af2f8b83e1dddb7a26925da5d51529962730d0a1685ba134895d2fe91c42adb1bfd25a9803f84090ad40af3510be959c53ac204dc58a\"","k_build":"418","dc5_server_salt":"\"e6ad93c4dc226d35\"","dc3_server_salt":"\"d4d3e66cfea10f28\"","user_auth":"{\"dcID\":2,\"date\":1698587273,\"id\":6853833734}","xt_instance":"{\"id\":2178156,\"idle\":true,\"time\":1698587287736}","dc":"2","dc4_auth_key":"\"7548dc57a52b61283d4eb88f12cdbaa716b9ed9f90e931660df9e5da0574b6ba8812beb09f5d2e39a04348658bd2f7a083d9724bb8e3ae8583df155a161ee6336e1ec7c43a2858b3826aefc88c5d392cb171944a2be239c910303481a4084dc5431c5b3ed4f103450d7b6e466aef67f27000389bfb99206d8ca82f577231176cd8f2c653bfee2fd0396133c482675644bf79fd128a8b40943c247dce4697ce4861928711f553e552533a57c1d1e36d5ec00a8c45c18664b7f423ff5a1ef5194dc109d405b2b7ef3ae195b58ccfd2da8e3a383841e1354fede0b8355c6018b07317bf9d53647d416fa8bc753c2de8e32edd4e9d194a3d43f72638cb3c32b72f95\"","":"","dc2_auth_key":"\"7d9a163bb981787c71db246aaafe96ee0dce6337ca2eb7b77b8b53524a1bf8b51f93b0976df4af77a386a3041691169a075fd68b4f326f793ccb6491eefb4ea10e8bde1ae1ebc4fe962ea6883620ead97e3d2f22757c0b5ae4e4583efb68ae9bab981ac1cc4d986bccdcc459f1f66540ed6298743c5c4864163a23636d27af4728d2b409e82892987c2f69b63adb5752d80bb985049b54b516e9330df3f9d6e9f12f5411196346b7edbd0a8ddcdf0e210b2758488968a453930a0530135d0c540f04985449b9931ca7fb9239da49155ecbeca75ec044a226fdd6fe26499d5f4f07a562a2220c0302dd10c899528789abb8fbee3b5c67db876f811eb494151ba4\"","dc4_server_salt":"\"c396c90e796f9201\"","tgme_sync":"{\"canRedirect\":true,\"ts\":1698587278}","server_time_offset":"0","dc2_server_salt":"\"25352e375da01e59\"","state_id":"674942997","auth_key_fingerprint":"\"7d9a163b\"","dc1_auth_key":"\"945d4ed41326fde01f6e89937bb28b436570231c6f4501629515b6b98fbcb611b92e615863f67a20c943c00f3aff4889c4c005109520d419568b154f7812e0d5f3f790225f953b01d81b133fc30b695e21acf195c891c3cc5d629eccc18e5cde2972924367fcaa7fe04541f20da0238ac35173d39a05687ec4007f00cc8af086f5f06b3054b9c4ed0e0378ff104b4e38e71b5342e5197bd12f5527cabd8feb54c0c43d15802b045875f90d24714079e8aa1b9c5ec2a25fa09f7be9041e3b081e74e95853c5b8d45ee51217b7cd11635301f05087d2f532f0cc3e238bdafba7dc2afbde2b163ec6c6b4cd376186db4af98623f55033356ab6c43073732a21f7eb\"","dc1_server_salt":"\"62ad0a6ffb88a3ed\"","dc5_auth_key":"\"4824021a094ec2dc8628356f6353b6484e7ca5af74f58717f152f28185d7b180b287f8b3c8adf5cd9c37596cb24653f2637478415c77181fbdbcf7b17a5e41d55be209ffa60c1c0a7ac8e8e28d536e88ca36ba91063aae7c7e52035587a69b543be2321bf9686db1a4592c1d08422c0737145643a603ce7d61d26af5f4b3417f5666e0b9f014b5ebd0a0492f3233cb4731f9ff0ca1075ea76a80b31f047828b7bcb79134c52a2382662a2a4e31ef3b617038cb56691fde659b2817bfffd1ea9a5af278e86cbbd2e3becc86529dc7a611aa596e621bf2bf74e1439344b61d05ae2a57abd3f478ebfe643e195c1168d62ca1c6cb01c27799ab2e5b0683bd5f6202\"","tt-global-state":""}
VM52:1 —————-
undefined
