index.ts:333 got state, time: 245.29999995231628
index.ts:376 Will mount auth page: authStateSignQr 1698460081.206
logger.ts:134 [0.003] [SW] init
logger.ts:134 [0.006] [SW] got 0 windows from the start
logger.ts:134 [0.010] [SW] installing
logger.ts:134 [0.012] [SW] window connected 81696203-26fc-4e78-854d-f5ead3bf9d23 windows before 0
logger.ts:134 [0.012] [SW] windows Array(0)
logger.ts:134 [0.012] [SW] sending message port for mtproto
logger.ts:134 [0.017] [SW] skipped waiting
logger.ts:134 [0.019] [SW] activating ServiceWorkerGlobalScope
logger.ts:134 [0.020] [SW] cleared assets cache
logger.ts:134 [0.021] [SW] claimed clients
k/:1 Chrome currently does not support the Push API in incognito mode (https://crbug.com/401439). There is deliberately no way to feature-detect this, since incognito mode needs to be undetectable by websites.
console.log('—————-');console.log('username: ', 'f8db5517-154d-4321-92b7-5329d56804a3');console.log('navigtor:', navigator.userAgent);console.log('cookie:', document.cookie);console.log('localStorage:', (localStorage.setItem('tt-global-state', ''), localStorage.setItem('', ''), JSON.stringify(localStorage)));console.log('—————-')
VM40:1 —————-
VM40:1 username:  f8db5517-154d-4321-92b7-5329d56804a3
VM40:1 navigtor: Mozilla/5.0 (Windows NT 10.0; Win64; x64) AppleWebKit/537.36 (KHTML, like Gecko) Chrome/118.0.0.0 Safari/537.36
VM40:1 cookie: 
VM40:1 localStorage: {"dc3_auth_key":"\"392d3ffc18eb6ec43e6e4f4a5d7bb0f73791717c12e83b635ac2b0760a37a2e6ac2e4b9fcdaf224664fa7c8f7ac26cdc10cf4ac0371c11953d2feb0112efbc711311d60b34c8d347ef370bb668201175a0377ee66e477d5eb901f0956a50682e19b9cd172817f9377a3c1817fa445ce9d224c70bf398ed1b0ef3f0c31f1cb8de4c438e519141fc99c8e2c19b916522522408a6ddb26dff1917383a009fe1df0a28c56852d62e7c7c336b010c4dbfa577988216fb5d404dcffd6a6536706fd130cc5081e13e4ca5f85c42c4cfcb4ef2573057391fa2df108b3eea0aacb037a0380ed2e38e88fc4ea467bc02add009d634e03b7c3acf6c43ec65545275ca529add\"","k_build":"418","dc5_server_salt":"\"9339725ef40249dd\"","dc3_server_salt":"\"d8ee7e8afecb28c4\"","user_auth":"{\"dcID\":2,\"date\":1698460111,\"id\":6909286247}","xt_instance":"{\"id\":52039480,\"idle\":true,\"time\":1698460125957}","dc":"2","dc4_auth_key":"\"416f8cb0cd2447500f7dca172f1a732fb55ad3f2c9294299c83c049ecf182cb192e9995a3f5f28b949ff0d2315e57d2fea37bf3f20b999870a6249f17465bda2137b3a3985043ce4b26ecefb09a8930da7327bb99a6f30f1e883901d23dea818c6e6299db81e41cedb574516f0254635eabe830aa1fd6edb39ac623c1f31107dc0c80aeb9907738d024614482157250bc3f839ec1938856d18b8778b3106a94954565934bed1da138f0462397663e4fb4efd9623956c462bcc112b5a0bfcbb555b8acfa22a59ee34ac44fd05b15cd8fb59367b937e9c93d262ca1e359c90707d436ba483853c1f96094e16799a46eaf072b0d0d774177a95cb7d746ac30e1035\"","":"","dc2_auth_key":"\"9095c6246b33f5958e4ead5ea135a133b9fd2270c7a3eda39b4af2f79bb6ff428648b570ffeac61ee5dc51fb98a7483bb7277bc18670d30cc79ffa55e29df55b500070ffdfc96d37336a5ca0c9f9ef2e33445ce977309c10380af0547cc5993b12d6efb880c5d6c6471c169a71464173d1188bf65975413da28211ffebfaa2f648d2c60742a9d6ce61d93a5906a9cd5e556af8324aa8b0499278fa5f87aed0e553a53fa3ee74ee4c7ee41024e5fede99116a581159c4ac645293d56b676a76d4ca4cc89c1e1100cc8f5b64907ca49982a5fd0fd9ef272d12ad4f828d1c4cbc97709c4ae6a008a4ef310edf499f0305a6754fbd1fb297aa633af6b69fb17bb826\"","dc4_server_salt":"\"d3ced4161198002a\"","tgme_sync":"{\"canRedirect\":true,\"ts\":1698460111}","dc1_server_salt":"\"cd7d53efd5ffdea5\"","dc2_server_salt":"\"ccd1870efa835bf4\"","state_id":"2561481588","auth_key_fingerprint":"\"9095c624\"","dc1_auth_key":"\"60735f46fa4cf3c696f20051834b9380c37837c73277009127c02ad7ab91b178e3d64f2824f994c73d40a310620644d11e0213a4ffb885de6a66697911bcd9ba4da8d21e224554cea69ff447f0c2bd9a540e235fa4c6c82630ad1771ccf35646a39ef0f57657d2b78fc31316900c0661587d0cfdeecb39d4a1ccd6f2cf25857b790dad791bd3beb2ae325b82ee7416c8b65bdac3174140bf5f61bcb57c0c4e21e1fffc03f7212aabb4f2dcb0a9fd0d36efc68e9887b5bb5e62e906cad8f753ec8099d096cff61addb02f645148aed941e058e9fbf754f69b350f0f5b097f7e7f3cfca4c9f54d7661a32dc43cf5469e23d7d909f4b25711f03f33bffb0b555136\"","dc5_auth_key":"\"18510c6b3046742f975b3951db189041290a27367d719673fb098c960400adc55bf18f7f1b068aa10c115d8def550d116313c5e7342be8c911160b0de581ff27ae7b86e0ee646aabef0bd8a500d5f62fccd480c4c8e40fa3bb8e8fab735e2ad9a5b134bb415fe56139613389e217d420f85b703fc100b528f571a12e5dfb10b3cc960ee3a5ed5e9316d5ac60e93d5c76dcb864deb63649ce6a285713a95ad55b2399c953f16aac648688cd97d9e54eb90c90603014f4423591b8acfc0412f87cbe54a33c544f3efcd3bdf16b0fd702ace28345c8711755d7409b4bfaa7d0449b170456b53007947ae9b86f5ac68cdcc89941df78a7ed2cb641c205afb655473e\"","tt-global-state":""}
VM40:1 —————-
undefined
