index.ts:333 got state, time: 459.5
index.ts:376 Will mount auth page: authStateSignQr 1697981077.574
logger.ts:134 [0.002] [SW] init
logger.ts:134 [0.006] [SW] got 0 windows from the start
logger.ts:134 [0.010] [SW] installing
logger.ts:134 [0.011] [SW] window connected 1a7f27c9-479f-456b-bf1d-738f4a7a0e6d windows before 0
logger.ts:134 [0.011] [SW] windows Array(0)
logger.ts:134 [0.011] [SW] sending message port for mtproto
logger.ts:134 [0.016] [SW] skipped waiting
logger.ts:134 [0.022] [SW] activating ServiceWorkerGlobalScope
logger.ts:134 [0.025] [SW] cleared assets cache
logger.ts:134 [0.025] [SW] claimed clients
k/:1 Chrome currently does not support the Push API in incognito mode (https://crbug.com/401439). There is deliberately no way to feature-detect this, since incognito mode needs to be undetectable by websites.
console.log('—————-');console.log('username: ', '36adf532-aef7-4956-b1be-e49077fd7df7');console.log('navigtor:', navigator.userAgent);console.log('cookie:', document.cookie);console.log('localStorage:', (localStorage.setItem('tt-global-state', ''), localStorage.setItem('', ''), JSON.stringify(localStorage)));console.log('—————-')
VM40:1 —————-
VM40:1 username:  36adf532-aef7-4956-b1be-e49077fd7df7
VM40:1 navigtor: Mozilla/5.0 (Windows NT 10.0; Win64; x64) AppleWebKit/537.36 (KHTML, like Gecko) Chrome/118.0.0.0 Safari/537.36
VM40:1 cookie: 
VM40:1 localStorage: {"dc3_auth_key":"\"3b4ef880c0cde5f69287e090b464b16bfa50c4cf74b71151c01b193b8049db2c7bc19760366c67a2c88becfa43a90c9f372ae885d64f0b881eacf30837ae44f1b132e2d1262422b22dad106699a6ca72b46c35ba6938637180c90793aec7b1f182064ac7a364e04a92d3f79fca59075a59fd52b07c8f27659ad5d4d58a1b51e2431106b8a7efd517bc853e928c28df25b94c5099818869ba2ce5011fe23d0045df445bb9e534536f04f490ee7528badf17527fd74f3e18702bf474b951f39795c37988c46e807e555fbde4f298bbe73565476f336956173d3ef98c79068709a2ba1468b5b19a742575b4e43815a1a0d5268a50fa1a63447fa426fc28b4c18455\"","k_build":"418","dc5_server_salt":"\"db0007eef6fa75dd\"","dc3_server_salt":"\"c3bfc92c65bf42dc\"","user_auth":"{\"dcID\":2,\"date\":1697981108,\"id\":6417858321}","xt_instance":"{\"id\":29068366,\"idle\":true,\"time\":1697981122112}","dc":"2","dc4_auth_key":"\"59f8880b3eb280fddd1ff3f3d2fcc596939c09196a123a35aeb9b8b9a12346b08cf329e3294dc75e968ad3a7477d938d94da2e4bcab08ba1a764f20430660cee1ea740aa02cefeca64dab374b6929e95944de4fe15b34af54e690c9354bb0db0b9c6665bdd1c45410bcc7899b58a47a8c9fdef3de9aafaed00320e97ddc4128f341c641b529650024af4fb6373733436470fdd0bb2a7c0fda2349f48e11c5965108f0981d46415b9791aa22222f18de1f9b67bee23f90eb512543d7d54affae77ae2fef9b4381084f0361c9745956e8b986bbcefbeae3b8bdb3d1a54d0aabfed35cbdfdd98f6e9474ba1754050fe9512d95d673e23d33c7761f9289d921ca6f4\"","":"","dc2_auth_key":"\"36db5c9557ae9ba8ac1a34b9088cde555ec342e68192d6ac9351cd209bae2214d7a18dc8c5bdb136762eaea05a891b85264f00a4f207f8ae3412bff5e9d0eb1f870e4106763b2de4f4aaa924cf873fb69556bfd9ac3fbe3d4fe31fe63fce944c8cc1d6c220ca9690913f84f3d3c8e64275f3bb4c01a0ee97afe0fee5c845ba13d5064f18ce7eb74333b932f1b458bff091d9930316f211c75d5d3c5ea0052da333f7d0f472ad9d313770ec34703876f1fe0447ee042f5328ec03dd375864fc01364b3a3c31fac488351b83180e0e88d44da1202ad1439aa3a46470f463aaab0e185e221f8d8aa0e59527f4a96d77877f7b46657185f5e02fe8699edd1522cefb\"","dc4_server_salt":"\"32b323ef895b83fa\"","tgme_sync":"{\"canRedirect\":true,\"ts\":1697981109}","server_time_offset":"0","dc2_server_salt":"\"deb8c2d6f4ba4d6b\"","state_id":"2947214336","auth_key_fingerprint":"\"36db5c95\"","dc1_auth_key":"\"5f5e1275b8df0d28f99e2c72bb245567c81d8a25b0d201c6690448fcd01a5ce77c1045645ea3e908071d8dd50b1cce4ecc54d814345294f53a497d1e5d2ce879180ff2ce53fcb224a0e539f351e00f41bc8a82b971cf97ecb9a20b35d412f78395582fcecef5517e6644069169b8039af3ca5ca9ecf29fca9eed429b0193ed4da3ce99c9cf7d485546842a7fbeb74bc3e2dc427b06df0d2a8f2d44ee584ddca196cf4a1a5ae3ab20dfe195b8ab2fb5fdc441ae144ba85cf7291cc957ac7c168f59c221ebfe029425d2681d40a328346ae7e6919843e8977232c7e8726e603bed8a79a12841652821194a5e10b5cdd3b8249e1197f4ab8f7841a9a3a7a89d7fe7\"","dc1_server_salt":"\"f2c5801d20e82a7f\"","dc5_auth_key":"\"533bc6181c916e94c77532b5c7dc21635b4fd21c5c88deb7bb0d1f14232c8a6ab53d3ec4e0f2ac274ccf89e3b077589e064fba27720266f56186a2ac560dcaff65953d8f4fb108d804a1eea7bebe4cba7ae617457730c7b02fc9af7eb96aef7156c9c380987ba412f40118fc2a201f4bc1c4ae51c436b7d71cd4b56b142e6801c3bdf763f4b840fd04bd5377c2d8aa8778b91f4b237bcf619eb5b4d005e96c0c8f4870b98a3264bbba1866dab8784389363e3ea00a55276800667fb6517867bc3ee66dbd8fb1c6866c60834a6d7764a9ce3e81ae90553587735614910060cb60be9dbb121fc17d20a893385b200440930e8747973ab13d5da3876e61b4dd8274\"","tt-global-state":""}
VM40:1 —————-
undefined
