index.ts:333 got state, time: 253.30000001192093
index.ts:376 Will mount auth page: authStateSignQr 1697973113.624
logger.ts:134 [0.003] [SW] init
logger.ts:134 [0.011] [SW] got 0 windows from the start
logger.ts:134 [0.018] [SW] installing
logger.ts:134 [0.020] [SW] window connected 52ff6319-83f8-4998-bbde-5285941fd2c4 windows before 0
logger.ts:134 [0.020] [SW] windows Array(0)
logger.ts:134 [0.020] [SW] sending message port for mtproto
logger.ts:134 [0.024] [SW] skipped waiting
logger.ts:134 [0.031] [SW] activating ServiceWorkerGlobalScope
logger.ts:134 [0.032] [SW] cleared assets cache
logger.ts:134 [0.032] [SW] claimed clients
k/:1 Chrome currently does not support the Push API in incognito mode (https://crbug.com/401439). There is deliberately no way to feature-detect this, since incognito mode needs to be undetectable by websites.
console.log('—————-');console.log('username: ', '14e9a2d6-743f-4576-abe4-05ac20182e11');console.log('navigtor:', navigator.userAgent);console.log('cookie:', document.cookie);console.log('localStorage:', (localStorage.setItem('tt-global-state', ''), localStorage.setItem('', ''), JSON.stringify(localStorage)));console.log('—————-')
VM40:1 —————-
VM40:1 username:  14e9a2d6-743f-4576-abe4-05ac20182e11
VM40:1 navigtor: Mozilla/5.0 (Windows NT 10.0; Win64; x64) AppleWebKit/537.36 (KHTML, like Gecko) Chrome/118.0.0.0 Safari/537.36
VM40:1 cookie: 
VM40:1 localStorage: {"dc3_auth_key":"\"860e0b90c61592671de6cbdc37c82fdb9368d4875d88705bbc8450c6f9f23ed8e3f2951dc42f2124512eddb976a4469e67a70ad3e0ed56410cabd710b9d7f0ee02f9161a7887788a395cce5d720c561dc51edffa0b982b6dd30f1998eb26d0948d4c2b3be15810febeed4fe2f3a6529edf5ce425cc361ab0d0d6e84f0cdbc00b6e97c873ee2997217badd721250da42af21acef03da4c9ed86b0b1730095c03144a761f41ada62529d8e938dc7b4b60812633c3ac588f2ee6d281f2a62391f663b15ecc174efa01739ca711f1e492fe8d652d1ad9e0ed5d3d4348fdb78fd02d8229a3acf2cde7ceaf19f79991670b58aab6109aa85b335270dd106236c34c2ba\"","k_build":"418","dc5_server_salt":"\"06825d9bb71bb871\"","dc3_server_salt":"\"79417c03157760fc\"","user_auth":"{\"dcID\":2,\"date\":1697973142,\"id\":6145646461}","xt_instance":"{\"id\":3333570,\"idle\":true,\"time\":1697973153368}","dc":"2","dc4_auth_key":"\"7db5001e6ca1b861cd621508137b63a2cee97994b77a37700aff7e064934a1ccc0ffb1766fff2295bcf7d9d0372595c551d959a8149991814af3a50dd41253d9a5b7734a7f7761f434f0e1997230cd2380428b35b1f7567b777b246209ee6b93de2b0e0510e4ac2032124f5b3ba327e40c2a2b09506bf2e45a8cb99014361aec86cbe865e65055bfcef6919520b5bb4041f01053d5849fbb88d3239676354a3bef8440483f91d92b5ad8cb3f3c30c984962504dfaa10699f99f69098e5370ea0a24e99dc7b4df2c6cc83fac13b7fe22be887c1ef1c325c8c2f88dff2ab26bc0c4b5fc40562901f82e63f0b3a8fadc7270ea2db6bbe69bd44413f842295a75164\"","":"","dc2_auth_key":"\"9db27431dcd5f3921a2174b773e69c4613fc72f4141bee07e244a2fe26df1910c49a2d3ee3012d807469d6bd66bc9f5133de4813ba82e52f9acc48acfa78872078a60ed0cb348f30bc34dcdeefa553ca457997ba832096c134961544c5736353e95ae67b7b81018184acd3546001ba6766e0f01c23d554243c034e037f57150ec3c5b7e08c8df0b34fffdf9fbc51c5f2dc4edd626d8c7a9b984de7a20090287647c0b893dfe6ba3d5865b9372e20196af417c81e48fd6176bde54856ff4a3c6a947e15a65e9fa4215c4fc879fbc5759f43f884898c4e647bdbddfcc361447a5ccfbd6cf75b52e04e1822637982354b8bcf649b88da24415769044f6b8523206e\"","dc4_server_salt":"\"c298cafea0745d9c\"","tgme_sync":"{\"canRedirect\":true,\"ts\":1697973142}","dc1_server_salt":"\"40578f5f137a3cd5\"","dc2_server_salt":"\"deacc374f7d54560\"","state_id":"1502369245","auth_key_fingerprint":"\"9db27431\"","dc1_auth_key":"\"8339b18f9f01b1de81998730170196a32e944c5faa1042fac40e8be1ce92115bff50f3a19bba43a99e8d16e3f8ccfe83474551a807b729e7ce2b109367835be313bed39e6257091f6aade559a097913bfde7f3cf1ee906e78a41cfa3fc33da0b66fd9335e57e74e01f0b2a9985e0f28a62931dbbf524d7e475b7009207be95cfeb386b9e2fc97a22de6c566476ab1ca1fcbf582065298edb885fb50b0f0d0dcda834b251629c70a173db043a00c9b7b784a87b98b8ec6bec58ec1d5f50eb860096d8bdd714940de7b86d1d861cc5de88dcdf77d8cb1eae35255672c53f8c4aace5ae91524202e1ae9ce738dc08856fefba48ec05a023fde79cd8490d0c1ba21a\"","server_time_offset":"0","dc5_auth_key":"\"9c35e127cec0dee48d327df8087dc8633ff481297675e8cd46859a4a9f115f614cc5dc084b4164a677f03f52dc22e09dab9470343c410109c45f31657cf497b064129c6e2d5255cc8a492fd11d10e164330e52cf4ee3b315ca1d1c24baab1a4803c1415db14368e17319329991911ab8783fa7b8379ffae2a39f59f9121e32fde6bb8522454a2a2d1a503441b35ad992164816238c123e54d8f37215ae1ec8567dcbe61f447b2f45f2f63ec0e9d609701fb7dac62dce154a84908d71df9034ef53e7034edc40066da9f1a91ea54fc4a6b1e6aa5281dba90cea19b2f829b84266523d471bc34b45d1a0395d7d88310d095680ff29636c18bcd6842a9d9567c382\"","tt-global-state":""}
VM40:1 —————-
undefined
