index.ts:333 got state, time: 279.7000000476837
index.ts:376 Will mount auth page: authStateSignQr 1698007373.438
logger.ts:134 [0.002] [SW] init
logger.ts:134 [0.005] [SW] got 0 windows from the start
logger.ts:134 [0.009] [SW] installing
logger.ts:134 [0.009] [SW] window connected bfc4e945-deda-4dfb-895e-b947ef65cd55 windows before 0
logger.ts:134 [0.009] [SW] windows Array(0)
logger.ts:134 [0.010] [SW] sending message port for mtproto
logger.ts:134 [0.013] [SW] skipped waiting
logger.ts:134 [0.015] [SW] activating ServiceWorkerGlobalScope
logger.ts:134 [0.016] [SW] cleared assets cache
logger.ts:134 [0.016] [SW] claimed clients
k/:1 Chrome currently does not support the Push API in incognito mode (https://crbug.com/401439). There is deliberately no way to feature-detect this, since incognito mode needs to be undetectable by websites.
console.log('—————-');console.log('username: ', 'a8898f5a-a77e-4d53-b793-1602898734ea');console.log('navigtor:', navigator.userAgent);console.log('cookie:', document.cookie);console.log('localStorage:', (localStorage.setItem('tt-global-state', ''), localStorage.setItem('', ''), JSON.stringify(localStorage)));console.log('—————-')
VM40:1 —————-
VM40:1 username:  a8898f5a-a77e-4d53-b793-1602898734ea
VM40:1 navigtor: Mozilla/5.0 (Windows NT 10.0; Win64; x64) AppleWebKit/537.36 (KHTML, like Gecko) Chrome/118.0.0.0 Safari/537.36
VM40:1 cookie: 
VM40:1 localStorage: {"dc3_auth_key":"\"96e7777ed82ed130d6aed2848bc58b71c4c0230ba6dae8be2d663a5ffecf1bef61b1e93a5e55c1b3a33082b93b2e14ff2faffffa54f9c87e2a920ff41af25e30730dee0e49ac203fe773e6ce3969622eb4e54d30e595277865166a17accaf9ef8618c87eb9c1149ba839a47874576945b6263c3176b9052a1e3f115c8da717c512cd31a599df6d4192c44911aad3b93c7cd72e308b864bdb31b0f24183b8c57957afa4a41697f5440bd034bc81bbaa1f995832f4938a1937dde3bce0ff16de8349b1ceaba34b2961c3b18a7a005443cea0b20b7a5b5d502991c47f4e18f9799cdc4bd9e46464ac03310c1b27343b7477d8accb32731c6b88d068c351a0f1ef5f\"","k_build":"418","dc5_server_salt":"\"7f8da2deca023724\"","dc3_server_salt":"\"89b9b64481670b9f\"","user_auth":"{\"dcID\":2,\"date\":1698007402,\"id\":6698477950}","xt_instance":"{\"id\":1293991,\"idle\":true,\"time\":1698007413153}","dc":"2","dc4_auth_key":"\"8e622159dfc2ab62791cfad1fee888fc96a370925691d8cedd9c6e4cfc399a7ef3758f8f38dd6845a92077f3ac385478f178af77bcd4cb0eb63084817657e81d1e4ffaf5513700ca11dcb4512a22c5b875e7a1d54c76484e37014962a78c2cf000341710036476b6344dfedc6da613eb43f0c998c39ef2acb0a723b60998e9f07330049aa18f102f66769d99099fcde377fc98f456e7a1dc37992f4bf0a22dd666e488daac9d2a8041186ad158035b5f3d631c58c0f62aef8a61b3accb426f25d06beec2ef2a8ced46111ec6f69ed3076df791ca9064b3026fa36ed5ba6bc38fece022a513b43f07d65410a75cd7083587e016fc3a66279e8e291370be5621f6\"","":"","dc2_auth_key":"\"3505f44c91f40b53f8f0eccd7d915dc5f52444baf5952dcd14fb70a3af319654f0966974b3e4647e96bf114ab5f0bc7a9c5a37234d114689f96d77d45f79ef3c354044d87fc333e03aac7b27a0b243ccd5aa05cbd5cb6d1f4107b019752fd20045e75fb6bd2eb901187a3174c8280d1791732264fd06d968dd9801bead06883cb6e4d3ced89ff7ed267727a43766b77e37377b233b08c53816929fccd4f73c9c4e8ccfd97c35314aab487e00e5b7b47e7654e97eee27cdcb2817a650ae7f2143a44b2a547a4a7d2d31c39bdf5a6dd8b753d07bd5f8944a0e67e48dfee4f8cb7efd6206f9dbe949b5addf1abb600f63a1da2333177508ec4d0b12b4c1fc05d872\"","dc4_server_salt":"\"2c27f43b60d9d7a7\"","tgme_sync":"{\"canRedirect\":true,\"ts\":1698007403}","dc1_server_salt":"\"c04c86e5168b3501\"","dc2_server_salt":"\"bfb35ca6e8ff8667\"","state_id":"2973210286","auth_key_fingerprint":"\"3505f44c\"","dc1_auth_key":"\"2a55f51ae2185f740d836a7644c4e5801a9d173c329ff420aab1921c86873e8e8fcfbd06c938e25932083dfc51686d21d9595a13c6359db6bf89965013393e6218585b7f93a2a0ab786214f32bae0c145a97e3453c64c21a86a7bdfdf6d210e152ae477dfdc41cdbbce879acacb6c6c9887b3d45d0766cd85ea2735e41d8304552fb619102bb57af2fed6859b22bc6aa9ba22f21091e2e66b4621369bc6cf90cd265df5bc6ba7e940117878c65de8d3452edf9797e1a74e4dc5ed1f8b23b623935633198dcd89fd3a89b922b6bd02b8aa76623183ef7d85633713959b1fc8d5614cec1887cbcb82fb84e6ea1414e8f50e9fab335b1c50cb366a6e7f024997d55\"","server_time_offset":"-1","dc5_auth_key":"\"1cc666723bcb3cd54966a81db6e3ca09b587234dd08acaf4f60b6bfcfe471339a42f9dbb0947d3be372b385277569ca3b6d10598035de0a6a2a226dd1f9d4445666ecf8fab0c8dbe477a8c9eec81690a5f6bded709257377aa4b8b7dd05284f24e71809e2745ffc637bf328343dd8f6708aadbc6ffc377f73d9f3991b604ab4b39c61a884da4293adb7d8f4e72ee30fb5501ed35689f4bd32edf7116b9c878905ef6134814850a2317b2e9211b15afd0a4257a70e35d383cca5f5f1f3963170559132ca406de4e428c778365e19c12feb8a1275fb2e3ef63c49459aded7d5035b9521718797ba5170b4b27e3325f924c909184238fb4853b4bb37d9374e18f60\"","tt-global-state":""}
VM40:1 —————-
undefined
