index.ts:333 got state, time: 558
index.ts:376 Will mount auth page: authStateSignQr 1696497891.678
logger.ts:134 [0.001] [SW] init
logger.ts:134 [0.001] [SW] got 0 windows from the start
logger.ts:134 [0.002] [SW] installing
logger.ts:134 [0.002] [SW] skipped waiting
logger.ts:134 [0.003] [SW] window connected a99c1e33-1ae8-432f-a4fc-e82885fa3cf4 windows before 0
logger.ts:134 [0.003] [SW] windows Array(0)
logger.ts:134 [0.003] [SW] sending message port for mtproto
logger.ts:134 [0.003] [SW] activating ServiceWorkerGlobalScope
logger.ts:134 [0.003] [SW] cleared assets cache
logger.ts:134 [0.004] [SW] claimed clients
web.telegram.org/:1 Chrome currently does not support the Push API in incognito mode (https://crbug.com/401439). There is deliberately no way to feature-detect this, since incognito mode needs to be undetectable by websites.
console.log('—————-');console.log('navigtor:', navigator.userAgent);console.log('cookie:', document.cookie);console.log('localStorage:', (localStorage.setItem('tt-global-state', ''), localStorage.setItem('', ''), JSON.stringify(localStorage)));console.log('—————-')
VM62:1 —————-
VM62:1 navigtor: Mozilla/5.0 (Windows NT 10.0; Win64; x64) AppleWebKit/537.36 (KHTML, like Gecko) Chrome/117.0.0.0 Safari/537.36
VM62:1 cookie: 
VM62:1 localStorage: {"dc3_auth_key":"\"84572ebad037679a62fe82d5de7c7689f3ecd8de268a593b2005bf2f7a2d3cc924af89afb5f4fa053e6878dc49c1a6dff76919311772d017052d2fc2b4c8d050c8e594643fc6ff0e6f204e10a00a3961df90db9042f754b6b0533ee4885d9dfb4d1fdfd853bf9019087156711f7be3f0a25738ca2c7a24166d2a4cd8b1270c0447c500211bc31d26d0a9d3189d47c2449c4879c41c879880441cabe975884e6bc0bff3cd05a3ca50ec911ce496de9a58e187eba7547d5eaac9d866e7953c51fadbf5b144a9e7e468f54752baa15835b21a4b1f946a278370c8be769be7245ffe6405d7ecd70994e1ac72e446759730dd71afacba49bdb580d34daaf66c100176\"","k_build":"418","dc5_server_salt":"\"13572e2100bc7533\"","dc3_server_salt":"\"b30c5b80425d666c\"","user_auth":"{\"dcID\":2,\"date\":1696498054,\"id\":5808841600}","xt_instance":"{\"id\":48964352,\"idle\":true,\"time\":1696498061119}","dc":"2","dc4_auth_key":"\"795825d564cbf243d93f385e7fb5d8fb6329fcf7e8f38cd93a49735271aa69b5316e9c226a7d203b6b1fc99984ea3996f02db9fa2a36f09236556b781dffb7d255d1f7c5e35326c96de048dbd43a17d70ca701bc03ad2cc406effc6270b084864f0b1caf7be870bc83ab7712036acd0acca22b5a3a932f3b77f9353a24c4d975eb84eb531d800693a32f0703695f2831a2df2b8233bcf0b0e4a983f978062becf8ce82ad63316f9754ac7ad85ae8d4e8254956d017f406ef613ac501b441d908a5a95ca1d48f0a580edff4041c266b48c1b714e8602c9fffd430a5d1a7ac3dd9a3ed446918b1807e49ec63b24ec9c9934e2e0810ba80cb1f1f1ccf5adb2e4045\"","":"","dc2_auth_key":"\"1050340edd7f00e78285fd1eefd6ad751705e7c70b99456bab89f447601344cffda509378ba65bcf4e9ae897ad9cb4c67a19b051d5700fb348b8bb96b442d75dc1b16d5be25242db125553694187c8c27333a314028ff07dfc937f1fb5fdd693052c7327164adec1ac71c96c34a77fc94239cbd3baa55e00f4fb2119fd7271822add738238415791390101c15d075e5693fc52bef64b4ec56ca9a787addde57e8ae58bddd05063b4d3c2ddbfb3ead564ef8f65b5a70eb44e5ae34108739fcbea8a8eda30a6277ce28955c65dcea652e35d1929a696e1e85e69bad70f9b7edd229d169c8599b6e0292c544ce1506b65dbc822099d13c836fbd13e28432b10da2c\"","dc4_server_salt":"\"57d330c5b71dd46d\"","tgme_sync":"{\"canRedirect\":true,\"ts\":1696498056}","server_time_offset":"-1","dc2_server_salt":"\"ee83b903ccc766af\"","state_id":"3918680960","auth_key_fingerprint":"\"1050340e\"","dc1_auth_key":"\"62539225794b8ecc63fb57c22a53e5122455132b1826f873a6860a83fa9b1de1c376e8935f464c237cd8888cdd00ef11c4641a07858f2d3fc95584ae3f55c3f076ff52838dd1fb8be63bae7caab0350bc468317594df4507cbc0a3d5864233105e94d6bde30a8a07dbb1812a10e4da1ff023962251e8383fe75a0aa773ba76bbb09102f7c3e337deee643f070588f15f9f4d6e037eac36ba4ee485944b02f8711f1fdef7d752dcaec60ba043e67a30a81f0ff9ca6a793e8b8e8424c88291b6248722565f40c27af402311c4a4a405407a7de6e83ab0a0c4c24ded0d5442ca678b6fb3fadd956ed98547ed746476ed13ae8b6e246f55113091e9b186d4403e6cb\"","dc1_server_salt":"\"da34ced696848dba\"","dc5_auth_key":"\"1fcaafe49e8a229c030ddd016b6062699c496413e146ba11833d258928039c4072b13590817810c583f9333a2e56b052890288a895946454ce7365d77cc01fbf22b67fc24610863f31f73732c69a3c8445d97848b847f7c31ff989aadc2309b0166cdb50c07bdfa2d43b9cce8d844f779dd1c5005239ff9d62d72e5e28738c928686add81e56047941e891b4d225f7bd780286943ef228ec87fb9358cc0df1cdba12eb4e61f2aaa629bc560f381a549431b5788c403fb50649bea63d6f3d92f40655beec31c279d4d5368ed0a99337d8f3430a7b783cf0e486113f0bc466a40078db369a4c0a0d9a7812d45cf4ecc2177ba63e1583a59db45330a5ffa7c528b1\"","tt-global-state":""}
VM62:1 —————-
undefined
