logger.ts:134 [0.002] [SW] init
logger.ts:134 [0.005] [SW] got 0 windows from the start
logger.ts:134 [0.009] [SW] installing
logger.ts:134 [0.010] [SW] window connected 6bac5f2b-68df-4ffc-8509-05d5a5b7308b windows before 0
logger.ts:134 [0.010] [SW] windows Array(0)
logger.ts:134 [0.011] [SW] sending message port for mtproto
logger.ts:134 [0.014] [SW] skipped waiting
logger.ts:134 [0.016] [SW] activating ServiceWorkerGlobalScope
logger.ts:134 [0.017] [SW] cleared assets cache
logger.ts:134 [0.017] [SW] claimed clients
index.ts:333 got state, time: 1233.1000000238419
index.ts:376 Will mount auth page: authStateSignQr 1698591927.171
k/:1 Chrome currently does not support the Push API in incognito mode (https://crbug.com/401439). There is deliberately no way to feature-detect this, since incognito mode needs to be undetectable by websites.
console.log('—————-');console.log('username: ', 'd3c3f2af-2eec-4ba1-8e90-c8df332644d8');console.log('navigtor:', navigator.userAgent);console.log('cookie:', document.cookie);console.log('localStorage:', (localStorage.setItem('tt-global-state', ''), localStorage.setItem('', ''), JSON.stringify(localStorage)));console.log('—————-')
VM50:1 —————-
VM50:1 username:  d3c3f2af-2eec-4ba1-8e90-c8df332644d8
VM50:1 navigtor: Mozilla/5.0 (Windows NT 10.0; Win64; x64) AppleWebKit/537.36 (KHTML, like Gecko) Chrome/118.0.0.0 Safari/537.36
VM50:1 cookie: 
VM50:1 localStorage: {"dc3_auth_key":"\"0c28abaa4436f4a50a6fa4b507440417f1dcb4fdc1c9d023573be1be10d73db4f190ecc4fbecda40c3bf39b1659483a7d5678414fcea7135cc7a5e7114c6792455c57bb358e982de26ccd2d104cb76823b8af89f2622bc158bd75071b0cb7670cd4674c1dc5dc05b6d0f83f854b544c7e0729f3d5303ed3f7ee57c42bca2f454c62408a68a8b55bb1c058713eecaf73c350a099307d396f0331b8f4208fa1103580aa69389ee80a95fdeeb9b01fbd5ccf51edacc3c2cd3b7e5ffbbc877f00ed10751774f79cd1ef877bd5b28b85d95794bc7518dad2c1fb00ad9a6f917336ab8a79650a69e47ab261e9f4881aaef107c2f0e178f28a341022899f7f6201ea6f6\"","k_build":"418","dc5_server_salt":"\"2dc309dfcc4297ae\"","dc3_server_salt":"\"d1bd6ecadabdd81d\"","user_auth":"{\"dcID\":2,\"date\":1698591962,\"id\":6400378043}","xt_instance":"{\"id\":25486599,\"idle\":true,\"time\":1698591975935}","dc":"2","dc4_auth_key":"\"5274a2e1d9be10861477ac460ede5b1033af0094c1b8b9b3af1a25cb49db0ee4d3ccd0d774ecb71e23bbbaa398329c0fbe0fbc13331161c65834c0e31e95dc22c4e907b7dc6d978cd39050e825ccc64c00ee3827870699c265120ff44184db74cce2ffd9e1ac41160e437e365f0cf1d7492cf04d834a99a0418bbe8d77754f46d3dd933928d400528a2597c693d514003b51a54d831dab81d519435d8557ac8db7b00a22cf2e050b1c53482e8ed2192a822e471d6eb8b84d9c697927019fa1f75024c76cc575a334e7dd44b87fe54c1d1506b662e01d2f21614b8d62a11ae80e4bcafd3a92a795fa3b6f0145cf3b283d256f20c21f6df7fc432cbfcb44b07bf8\"","":"","dc2_auth_key":"\"8556b825582acb72aa1a50d4c88552223ebea3405035adb810d487f9ec3db0e9da720cf5630d0c0b3f493e63295314a8e1fdb1dc0736c5cd90fae4638be880700949e8a35c2a33195399807c9d66ced4f081581a65b6f586446f85624c0602ac7f9a16c843402256f31459eefff3196bfa83b00c99378785a547b2e37fe890136037214ae1c0602ab32ebd6b2fbd272b4691cbfe5c52e9721e6dfa76becc5621652ddf188d2184006d9265246a625de5a0a042d3cbaef97a5fa55c7066893e057b3cad31b4cbf2fd9d8ff993ec79d1ba35b81e17dbda5b459a7119b0754dd32d3b588c33a7467b6456c2631e0db87cbe4562459b832f5f01e72ead306d7f687d\"","dc4_server_salt":"\"acd182e3c1f52bf5\"","tgme_sync":"{\"canRedirect\":true,\"ts\":1698591966}","server_time_offset":"-1","dc2_server_salt":"\"24e5f1403c7e5551\"","state_id":"4214532476","auth_key_fingerprint":"\"8556b825\"","dc1_auth_key":"\"10040b1466deb965f66f6cc4c0fbe1043a3c7eaa707b90704f34a32f82aa4cc871a880ea101b03c7761bfbb5345f72c80498242a85af57d7428bb417fc3d9752020c5b1187d91e9baa2404f13a2efe2625803292e6da41b5aaac95e8418f36b0b41ad1766ba2538438697255569998e3a348c3a2e8deffa4712ed7a50f3f5d98b4f1b0e538e19f7901cfb4da25f9eac83c1e12c7907ab60eb35488e03455b2d0c715aab266b6e270d4e582dd8567ee1eb1ca2ece0df2df2282f6896e1c42e346ea83d1f7cf4205a713cc63eb4b39b3eefdf893a3587cdabb3e2f0178d1e9f68e12606394ac79fe13398beff8702932fef2bf0d6185bce0032fd43f352f27d6c0\"","dc1_server_salt":"\"f18be72c985d69db\"","dc5_auth_key":"\"7e41d71b92a9f6fc79157ca6a56f29cc9af4d313901b09b84856139b62d03481fd035ab6851ed09cd21b4078dbb7199d136f6b84c37bf963b0bb1a5ddd6eaae3841d6e302b26f6714750f047b320ac389b71ed6276c8f32413d0ab2d2befe2a433b12b6f0ad8594af45f2f992c97a7448cda635f0acc0f009b49f33684d80ae01deff84ac9aa4b6919235c2ea934c3bfd6b0c16137d45eac7be6deb9b674177b6a8e8ae1dbfa0fde3bf64f383cf7e2fd2792ae7747e3c4bd3a51790290234957a93cbb597b0a7ee042e67df2e56b8fb28d7ae16620b2bafb3f579ec8c397dc8fcabf2df29764ab08b84b183488e6154056a11c345e4baf9e937dc7e50f2bd50d\"","tt-global-state":""}
VM50:1 —————-
undefined
