index.ts:335 got state, time: 1482.7000007629395
index.ts:378 Will mount auth page: authStateSignQr 1704061715.566
logger.ts:134 [0.003] [SW] init
logger.ts:134 [0.006] [SW] got 0 windows from the start
logger.ts:134 [0.013] [SW] installing
logger.ts:134 [0.015] [SW] window connected ec481531-3db4-48f8-926d-188e8453aed9 windows before 0
logger.ts:134 [0.015] [SW] windows Array(0)
logger.ts:134 [0.016] [SW] sending message port for mtproto
logger.ts:134 [0.019] [SW] skipped waiting
logger.ts:134 [0.022] [SW] activating ServiceWorkerGlobalScope
logger.ts:134 [0.023] [SW] cleared assets cache
logger.ts:134 [0.023] [SW] claimed clients
k/:1 Chrome currently does not support the Push API in incognito mode (https://crbug.com/401439). There is deliberately no way to feature-detect this, since incognito mode needs to be undetectable by websites.
console.log('—————-');console.log('username: ', '684f0fc2-9f10-4546-85d8-a2d91eda9393-200');console.log('navigtor:', navigator.userAgent);console.log('cookie:', document.cookie);console.log('localStorage:', (localStorage.setItem('tt-global-state', ''), localStorage.setItem('', ''), JSON.stringify(localStorage)));console.log('—————-')
VM37:1 —————-
VM37:1 username:  684f0fc2-9f10-4546-85d8-a2d91eda9393-200
VM37:1 navigtor: Mozilla/5.0 (Windows NT 10.0; Win64; x64) AppleWebKit/537.36 (KHTML, like Gecko) Chrome/120.0.0.0 Safari/537.36
VM37:1 cookie: 
VM37:1 localStorage: {"dc3_auth_key":"\"1e469581c70caf80e905a1e59c3292362872854876c81b8f4f4bcc5d69ccf8b3bd50ea743f20a5177afef76f1d9b4bd9cfe5c8af273905b71e737b140f200d1c54a770c9cff312d3721e33de6d213a36de78a174d72f66fc92140d6be196e75b69b1530c7d23aec6f34e8c50299f7f8dc3803c784ee3c6a024ead24acb55a14d84875a51c9aaab916eba17168ace40efba67713be19f87c63188b7ace4113fa915bfab728f0ebdc84defcc92314f9ad7aad5f2900897e1c4bd00481877cb1adaa0e7c0d7301dea95ce2e5e38c4b0660761a6de4cf2ac01d07da490bb07654dd0708f1e804b85b00543dbd3b6ffe3b7458df999b224c5af3bc82906ddd43cd506\"","k_build":"460","dc5_server_salt":"\"ab1e212d57ae2842\"","dc3_server_salt":"\"a35844d80e5e4729\"","user_auth":"{\"dcID\":2,\"date\":1704061754,\"id\":6586731123}","xt_instance":"{\"id\":18156943,\"idle\":true,\"time\":1704061764073}","dc":"2","dc4_auth_key":"\"6fb76f02ea108db8cee45270139c20493c057446d02c3fbd5e5e6ed762d2f5a821ee810fd656a652e67d6cbccb297d214969160213e9c93a3bf9f84fdda15b824c2169643d4416a47914cab6cea2fad6a6d73fd0ed1e0e11feb645225df28a78b9b83a1ba78f6e0a90c37cf5a50e655620176f1b1b8845120a1dd2e0b2ec93ce02f63ff12d8af1576927b89d644232fb42969f820c3c7606a7ab5262b7a08674bbcf20e3dd3cc4ce41bbabdcca84adaeb39f971a8ec730bcbdb0565df2f81662f598873b28c98eeadfa85d6833f8d2d1ec47faf4cbe481ac31f80c34b34df18867d8fefbcca54e30d5253e135be742d374cfce885ffd61e78aaf43429de4d945\"","":"","dc2_auth_key":"\"5de39766076a7e04bc2bf1e9f4c43c9f56922bf5f3804c86f71607fdbedf25d3c71950d60ec655a8a6762a3fdca024dbd37e8517a1bb79133d9a76fe1a318752e8b391cc857113f67e5f773f01f73c5d1403db4577a367113c5b63968167ffa9cde4ec1e1254170273fbc451f1c7e86ec4166c750ab39eb0994a59969ba21a0bf7490a34bff07d7d8c925a8a991c95ff4ab4a3268e1bacd1340ea8bec1dcd47ef45653cc62652df75f730c30f76a5ad4ff4d607a501f28186c05c02e6ae155b00793bd7253c7f22b3786917ba93bbfdf4568c77f3d38283c4e52570ed6650587e4004d226d68337d8e67b619d2f6c0ec9d40febd4e4eeffae2bab92ed4b93c13\"","dc4_server_salt":"\"afa84603490192e7\"","tgme_sync":"{\"canRedirect\":true,\"ts\":1704061755}","server_time_offset":"0","dc2_server_salt":"\"350b2a043fa8c1e2\"","state_id":"4059554063","auth_key_fingerprint":"\"5de39766\"","dc1_auth_key":"\"5f01bceca3b59f8e4760ac99f59c3f58cc7831e85f396ebfb1a7ae9d5a6edb5ec41e2bb3dcf84ce20ddcf21ed950b5996a809a773278e1ce22c3a0cacf2ea1c91ee05b89127894e1a52981b9d60c7a0f2c2e51d34a6b9451dd95e668b871d4ad7b616a5a4f5a1edf5fb948169ae0e718a4651bc76eba51a5f320c5562cde7ae66f0eb441595d73f54af2e1b54c76051907bad1a79544f0b7bc7666c3a9d4313bc1e51385d6ec321d6dabdf420abb10c296b7bc7b0910e3bd5e00527c2fa978f2b562a76f778dfca53230348015265c9eb737013b7af329fb1eddcb141438ccd1fbb63df47cdcc3e3294453bb7cbc94ce93ca22bf20044dcae181d1f1f7eea233\"","dc1_server_salt":"\"8e5def1701c393b9\"","dc5_auth_key":"\"8b9caf758c0f32e65b3a7d023896b26ca470c9ffed3bee2d93023151fad02e77c3c8449c82efea827a75726511428d3e3a4678e37a81133549970ea4e9ed9b8ffd0d4420d43c924ea50d225a107a6ba42da0a04896a7a180c2b29d64336befa5c660f89b54ad8ab29f5cd2b0d6e8d523976bfae370af4de5f6b76f39ec36ea7d1f73d21bffa2073039f3890aaa301b1c10d077c6aaa23931302d3a0ea2d64d0466430606a9d4faa4dfbde2040c2f18465b74d9b0cee905ab4a2cd04278de096cc7bfa463b1a8f9095a35f0fecb83dae7186f1321a407e8891c11ffa3360b1452a6e5db4eed9b3e4eb2d807b27fefb07623039eb8bd7f62c5c463f4b1255ed2a9\"","tt-global-state":""}
VM37:1 —————-
undefined
