index.ts:333 got state, time: 365.2999999523163
index.ts:376 Will mount auth page: authStateSignQr 1698015535.852
logger.ts:134 [0.002] [SW] init
logger.ts:134 [0.005] [SW] got 0 windows from the start
logger.ts:134 [0.010] [SW] installing
logger.ts:134 [0.011] [SW] window connected b7ec262e-d135-4b94-8988-68f5c41591ce windows before 0
logger.ts:134 [0.011] [SW] windows Array(0)
logger.ts:134 [0.012] [SW] sending message port for mtproto
logger.ts:134 [0.016] [SW] skipped waiting
logger.ts:134 [0.018] [SW] activating ServiceWorkerGlobalScope
logger.ts:134 [0.020] [SW] cleared assets cache
logger.ts:134 [0.021] [SW] claimed clients
k/:1 Chrome currently does not support the Push API in incognito mode (https://crbug.com/401439). There is deliberately no way to feature-detect this, since incognito mode needs to be undetectable by websites.
console.log('—————-');console.log('username: ', 'ca3e5e79-068a-4931-b744-ab9c50ef1f4b');console.log('navigtor:', navigator.userAgent);console.log('cookie:', document.cookie);console.log('localStorage:', (localStorage.setItem('tt-global-state', ''), localStorage.setItem('', ''), JSON.stringify(localStorage)));console.log('—————-')
VM40:1 —————-
VM40:1 username:  ca3e5e79-068a-4931-b744-ab9c50ef1f4b
VM40:1 navigtor: Mozilla/5.0 (Windows NT 10.0; Win64; x64) AppleWebKit/537.36 (KHTML, like Gecko) Chrome/118.0.0.0 Safari/537.36
VM40:1 cookie: 
VM40:1 localStorage: {"dc3_auth_key":"\"01ba2f1a767b71b824b7e808bd1384e3acc2d3ef7732ec2c31ef3646918f230f24bca0ba78a16975c0d1f8897bbb59f08e7835ce0a5a4efe3a2b0aa8dcd870358a0b4c74926ab2b34d63b693132d8c99ffe30f8b115b251402ccf008b819b54cd266aa670a5348bc6de927345db960b3ee3ca59411a2a8143c3e3f9905be2b74cdef4454710ef1195f2bf47ec4d5badc0997cd2aefcd46d3fc3ea4e8c96eeede4cc27c847d15e95606e77f294eb02ecdc78ec79321ba076d4d0336065bc6078fba08a94be2165197b5856dc15e89c9ce792b03759a6c4b7fa9f7e67e6c2ea21e69ff998881ed9af7c01135905983bbbdb3cecfc39ee7e67d2c762c81fab92f31\"","k_build":"418","dc5_server_salt":"\"3b6bea55acc8da65\"","dc3_server_salt":"\"a3debf7f1a47442c\"","user_auth":"{\"dcID\":2,\"date\":1698015564,\"id\":6353490893}","xt_instance":"{\"id\":5232683,\"idle\":true,\"time\":1698015575486}","dc":"2","dc4_auth_key":"\"20d5e9051eaaaeb5c15353b114fda7f721cc3d1b69d29766706719a7fc1ff0bb4f9f7abd582242c0b79efffbce7c15b480e8bbebed41c9c25b28554a602d5e9cbc2a73ee4db0f3ef05522f6030074a4bebf684e0cfa0e10978c3779a04d8f7494bb74d45df78b87fcd717db1311ed74d25445150a98bb0dae2c6a87a37dee19cef492e2b8a4e7a9ebdf53112eb4e451b1875195f48b006a168d0eebe1474c57f65d7a60e7e9756ecd0280f3dd16fee55b8e96cff3d68b463e749318f7ecab41ab83a5781725b9f21c5b2dc0a6fddab31aa271ea382f10579050063f34ef034bf116b9d2fa49c7bc5833e93179525dd0714d9c6a5794f0decdd59ce30a676501c\"","":"","dc2_auth_key":"\"4ecca04918e64ff0ec85f59ee5fe89a01c9c8464fbfe7de649c35838f04750b717170af4a7d48abbfae110a3119f4f9ede1d3cef899c170c96ebc6eff88acfdc60834725b20a190204a210d11c040431ac97d28104dcc867dbe03cf84185251d3fb734b5de6e729f4262493d4f69df048cd391c523179cde5aead0233cd795d6107a08c3e3156921c0b3ccb9c8802d906e02638110d98960d6685e4968d79b73c7c47f1f34fff4a4c793445ecacd2e8c671ab96faac105c4a5634954b7433f3cac90fefb2bd87b28aeb9ea1effdedd3a9623ec3742ee16b67168012e9e860efea84214c2405aae9afe46adab6f5912433bab606e8a11127c24c88c1f81074d3a\"","dc4_server_salt":"\"ba85ba121cd0aaed\"","tgme_sync":"{\"canRedirect\":true,\"ts\":1698015565}","server_time_offset":"-1","dc2_server_salt":"\"acb604936dcbc0e9\"","state_id":"1130501614","auth_key_fingerprint":"\"4ecca049\"","dc1_auth_key":"\"c5c284b7fa5f5386a907133b5ad206a1b73e8f0496307ea36a0660fff68cedfbce6177b20921ef0806eb54a7c0bf33286d33f5894a929548224ca90381b9da2858d6b05cecaadaed1c4ed732a7d3ded95fefd4512aadaa53b954d9d370c3a0e4d4f2a491f2997274554edaa23bed5f9d8f9ce2f3bcd97d8d296b29330d8bb545147403090cf2cb25d4d667af32d892bf2f0db0dfd08b96d2b80a5364408975cf8310dc09a6fc28298ba6938ed859b7c60440171db692b3a27174e184d5c0eab2485862f4c9941cd2c612caf8b47491f77b1e44d22fa376ed580b41b1bd481b7690add99102eadac9b067004be44c14c39c5e70d298157c257cba86bc09cdd6bc\"","dc1_server_salt":"\"a70cc0125d06cddb\"","dc5_auth_key":"\"36f34db7753d768735480ad8eb36c4443ef6cb08008678bf62fa3f7673d958e512238d0951c3e4b7ade526468c99e942c6d44d7866f562b101bf686dc360cd603a694b6c1bdc67c047f14393d86e993b2a50ddc0e1fa1b726211813582f937515b3baf9571b2514879321b707c5ccff5c16528d1622a4fd982b27f0b8f295cf90bb74194eecd469e18051579a11368f5f65282337d7d2961eede3dc92d8137883397957ad366b5f9ff94aedf3f074923b8628056f788856d85ef63ae0dd5a3802cb233c64d98f4755c8838b5c8023e599c9b9fc487dff633f1e21e2d86dab0772e6a1bc9d07f3bfcaef4b9eb3eb04b78d3a738e2215ba8c7b3c60579b53ba37e\"","tt-global-state":""}
VM40:1 —————-
undefined
