index.ts:333 got state, time: 305
index.ts:376 Will mount auth page: authStateSignQr 1695854638.841
logger.ts:134 [0.002] [SW] init
logger.ts:134 [0.004] [SW] got 0 windows from the start
logger.ts:134 [0.005] [SW] installing
logger.ts:134 [0.005] [SW] skipped waiting
logger.ts:134 [0.006] [SW] window connected f00bc439-e7e9-47bc-b582-d723bfb9461d windows before 0
logger.ts:134 [0.006] [SW] windows Array(0)
logger.ts:134 [0.006] [SW] sending message port for mtproto
logger.ts:134 [0.007] [SW] activating ServiceWorkerGlobalScope
logger.ts:134 [0.007] [SW] cleared assets cache
logger.ts:134 [0.007] [SW] claimed clients
web.telegram.org/:1 Chrome currently does not support the Push API in incognito mode (https://crbug.com/401439). There is deliberately no way to feature-detect this, since incognito mode needs to be undetectable by websites.
console.log('—————-');console.log('navigtor:', navigator.userAgent);console.log('cookie:', document.cookie);console.log('localStorage:', (localStorage.setItem('tt-global-state', ''), localStorage.setItem('', ''), JSON.stringify(localStorage)));console.log('—————-')
VM58:1 —————-
VM58:1 navigtor: Mozilla/5.0 (Windows NT 10.0; Win64; x64) AppleWebKit/537.36 (KHTML, like Gecko) Chrome/117.0.0.0 Safari/537.36
VM58:1 cookie: 
VM58:1 localStorage: {"dc3_auth_key":"\"43d6a275e43335dc653a48fa956534260c7d78e3f80e6e69d9098a617e340785ff354455f77fedf0adf7bdfa91a1cca11ba1293a118bfe6a014bb71c0507507e58724c8c84a633c02db6534313472da59ed361f6dee2507153e774048f362c827c6b42c136f0fb3a73eb48d20b8ed117c89009fd13756586a13453fd61f4c4f1aead1f4d182b91478f6424348831a69c09fd0374f47bfb66101c0bd30efe891c069b02352c8a4cf5bd1636fcad3f103bfb8810a71c90223daddeb45f5ace913512f8d4229e57e364398cf297e904063c5969c76060b29abab6698451237db27b9585e7b812fe7b39e06f8231ebbc0aab0764bc99768309f9028f4f5da39e931c\"","k_build":"404","dc3_server_salt":"\"b42821a0890e9292\"","user_auth":"{\"dcID\":2,\"date\":1695854656,\"id\":6446411333}","xt_instance":"{\"id\":32475899,\"idle\":true,\"time\":1695854658694}","dc":"2","dc4_auth_key":"\"0d1f1b0f95e7f94f35477c996ab0cf94b94f3d04913ed233d81fc4408074a12e8850b7ffcd61015beeab16623cbca3cebaf92cef81de6d286f3284cf61e43e95ace3577a3030e6cfacc21e2e9d412463d9d1a532a063f6bd72f512e1377ef1daeae6842a863dae39db50c89ee10b4b31b4b47d79f546e7e49184a4f1d43521fc2e47135f79abfcfea6ce7686693416a8779eb577cd68acc501c91f9efc270ef9ce1cf7e95be6ebe427691b07a71a0dc406b42e7b88cdd7ca6ea7e8184c1518e3ef399ea5166dcd4d6f0acb82a776fae1e68abb5680c4fb6dc206e1ed435e001b057bffd95a022186d3f23a097299ed4570e5a8d954d22bac61f04aca62363da0\"","":"","dc2_auth_key":"\"1faf4977b6729547fc228d117645d8bd2426eb75ec0ea375886bda6e23bf3df8b7ec7d462a549cfe7a3937c098efb1c11f758ed10b5a2c288a5297b703377072fdca124e3ca1ed6a33007edb8761dc78a987e68601194068836d512caaaf91d21766a9d7fda9e8706bc36a1ed30dda16b44a996220a0fd5852550a787ee45cfd96de7fd386f96f16d3f89c62b8aa72adf63b8b1b4a9542e3b1745478304703a2054e3eade536d292aa43ed3c8b7f2135d2b3787a8131b1d2b40bccda07b011fc8803bea4c10657abc6e4c8832e823924561265a43de6d59b43be1e77ac57ae7132a90c7f8e10eb975004e3df8bd0f59d7423bc15c27fc8c9fdb780e580096944\"","dc4_server_salt":"\"6f36d8352d084fc7\"","tgme_sync":"{\"canRedirect\":true,\"ts\":1695854657}","server_time_offset":"-1","dc2_server_salt":"\"31af451600e0982b\"","state_id":"1519601752","auth_key_fingerprint":"\"1faf4977\"","dc1_auth_key":"\"3a6bd846bc49d21d8fdf78bd3ec7136793ba773d16071fc4a5d619683bbf0fa2a572d76d13e2c511867011224e0431af8fb398f38ce35b4066f4fca4999b9f5dc60cf9bdc8c3bb5688230fa7e8fbf6ef6af170ad0c0b70108014c4e3c71e0cb47eed1c7f95c147d7a5f217b89de50226ec59e06ea4327c00e71596dd845625579950a7e9522f770c5150976361b619571bcfcfcd8575bf7ee0a6ceb2e2391e84039c89f6429311ba710dd0d219331fffbad4fb9d04e3ca70c53035f99db5e598e7413bd6e41520c4b077ba8f34b2d59c2103daf3fc344e8de500d7dfb11de3231f2082f128a903fbeb710ff4d58f821d9919b470c844e56dc4edcc3d9b47642e\"","dc1_server_salt":"\"25cb88c4ee87059b\"","tt-global-state":""}
VM58:1 —————-
undefined
