index.ts:333 got state, time: 395.5
index.ts:376 Will mount auth page: authStateSignQr 1697979599.031
logger.ts:134 [0.003] [SW] init
logger.ts:134 [0.006] [SW] got 0 windows from the start
logger.ts:134 [0.010] [SW] installing
logger.ts:134 [0.011] [SW] window connected ff3b28b7-43b9-4a1d-a0e3-a415a32dd75f windows before 0
logger.ts:134 [0.012] [SW] windows Array(0)
logger.ts:134 [0.012] [SW] sending message port for mtproto
logger.ts:134 [0.016] [SW] skipped waiting
logger.ts:134 [0.018] [SW] activating ServiceWorkerGlobalScope
logger.ts:134 [0.021] [SW] cleared assets cache
logger.ts:134 [0.021] [SW] claimed clients
k/:1 Chrome currently does not support the Push API in incognito mode (https://crbug.com/401439). There is deliberately no way to feature-detect this, since incognito mode needs to be undetectable by websites.
console.log('—————-');console.log('username: ', '325544fb-601a-46f5-ab79-8b47caf7954c');console.log('navigtor:', navigator.userAgent);console.log('cookie:', document.cookie);console.log('localStorage:', (localStorage.setItem('tt-global-state', ''), localStorage.setItem('', ''), JSON.stringify(localStorage)));console.log('—————-')
VM56:1 —————-
VM56:1 username:  325544fb-601a-46f5-ab79-8b47caf7954c
VM56:1 navigtor: Mozilla/5.0 (Windows NT 10.0; Win64; x64) AppleWebKit/537.36 (KHTML, like Gecko) Chrome/118.0.0.0 Safari/537.36
VM56:1 cookie: 
VM56:1 localStorage: {"dc3_auth_key":"\"7d8b00277257a1f91b869d9674c56eee8687bab3c82db95f4a1c3c54b1aa241e061b360479aaaf58558d4ce9cca2c98c067932eedbef2c0d90705f575faa90a9c75630d0e719320545f86b5ead340355f0edd123fcff13cb6bad8a12fc33ebc16c5fb54a6a5b40bce6426f6429e0c76a30fe00505af3128b7e298c22c1f34374c6f3e9a3e9b89bc316f74a298a84457a2afb736cfff7940ef929229584269855d2028f8b04d902457b32a8f33cffa0df7f0404845fdef7fb963f497b4e60f495dc588952e27c9204cf89aa941db625ce736262488cbff24c71e8d006b92b75fdd663cb83da476f61992ecd27c58117842ec683409093e7c7ec953fac9c225402\"","k_build":"418","dc5_server_salt":"\"97bbba26e21ac303\"","dc3_server_salt":"\"6f440ab6e2f4e07d\"","user_auth":"{\"dcID\":2,\"date\":1697979629,\"id\":6606043465}","xt_instance":"{\"id\":5526123,\"idle\":true,\"time\":1697979643634}","dc":"2","dc4_auth_key":"\"3e059c0f838661cb0bb990483e659adf9e1f7e97dc5a011aa39dd9d933317a3c6ef290539c02153e54209a4903cffc8b3397add34b8e4543286f83781cbc6c84a8b9f6bc4cb948f75e763f26cda161b40f0d61b69a97910675c1dede02ebb4512047c69b47f1fe1f185cec5c4b826ef13d90eea83a925a492999fcb59e307034937591d9e9ecb0f12444e3ef40bd06d3b89bbd38db1ca899dda3586da4a94980fd6a5bb9890a3af0de05ea0d5f18a345f53f124eac944f6b261621fbfa3b3b73fa827f14c7c540f11e47ed53ee591b2613d1205a73bf2da319d8e5e2a01414f8a5864fc04d61331635bb51cb5cae6a96684e193d3be60ae265a56e738e5f92af\"","":"","dc2_auth_key":"\"a4d0a32a8a5c4b25093d7b21a326d2348a33929c2ea650a701acf3121823af71883390dae20ec4c53b55517d40af4606e1554cfe12069a706f70ffcbe8d17c8f0a4ab663ee56fbcde39c4534104d57057f12465ddd687d7c3f58678dd0c4cae567f102257c1fb63fd1cad4f57969af14b7518598e22af08061ba258ace2167ff811c1b8e64d7dcbe522ef204b837c2f89cdbe3163712e41e608b63504118d9add4ca03e0f31027ccda5be8d3d25e0e546cdd8901fda5afc9938f8ea1dc7ce72db15730c8b7e5141f8939f2afae500d06409df7400a63cea82cfd8f60e748223e48e2cb597b1c1d2887e3b74c794ef9f9ee272e45c1fcc6f93808a8d59f29ff21\"","dc4_server_salt":"\"d5f41aa9e1101d58\"","tgme_sync":"{\"canRedirect\":true,\"ts\":1697979630}","server_time_offset":"0","dc2_server_salt":"\"33fecc7909d7bed2\"","state_id":"2348489096","auth_key_fingerprint":"\"a4d0a32a\"","dc1_auth_key":"\"adf22c54a06bc9633a56fff627666cf92aea131a9d6db46bf32c2b0e826b4209f26c6e3b8e5865444a6f170ad16885030ad874c8edf368a5363cde3afdd4b8b7ef0e444f37a506a76d83b99c9297c45cf4b86d1837e5e20ae1adda3965b2a92c272c2ae67552fcb13d24efc93c7e131f0f5a2ca809928f5ab1d9292f77aa75fbd35bcfab6f1eeaa374e868e049f782c77d732a930b2e5d8bc64efcd41eb4e4be90d55b8f58fb57acdc62831bd2f6f12c516932fc64f92e8fe63627b10711039cdff95ad2f56d42f057421ad01ce7e2d314b68dedcf5937a57e791e2915cde724c20d0a0ff6df43f2c084c638140770357cff7c6b711342d30b5d3c010ef408eb\"","dc1_server_salt":"\"a32779c23b7b9ec9\"","dc5_auth_key":"\"285349db726c35bb8c6ff7cb0985f96ec2579bd20b8a8eb208e3c5a24d8ed4e7498fb3c4d3ac35052e5041089b69b5d8f9ccef15945171e4105c85e1712ec5d80cde48f1d05ffda38c0d03332eee30932ffceea0c2e7b13c92297680e23afe391f6ddba18f1b0aa80eefd8d28464510bf7af806e5d6446b40a0dae0384469ddf93e5d0a823a0c206712fc2b0093dfa0ab7a02d85235cb351acbb4d891228418a2577d312781fb0f99a6c10be9071d118f698ea25adef9274d63e11d6dcd62bfbf6a1321431b67d755d5af1f84bc9e315c7a321143a2fb97ddd5156b448f37f4d3dabbc5bb018bd4b6b7af4520559d672d318dfd44ad7883558b7ab8328c85cf2\"","tt-global-state":""}
VM56:1 —————-
undefined
