index.ts:335 got state, time: 2366.199999809265
index.ts:378 Will mount auth page: authStateSignQr 1704068929.025
logger.ts:134 [0.002] [SW] init
logger.ts:134 [0.005] [SW] got 0 windows from the start
logger.ts:134 [0.009] [SW] installing
logger.ts:134 [0.010] [SW] window connected 117c50c7-7076-4b81-b426-262b36907ae3 windows before 0
logger.ts:134 [0.010] [SW] windows Array(0)
logger.ts:134 [0.010] [SW] sending message port for mtproto
logger.ts:134 [0.013] [SW] skipped waiting
logger.ts:134 [0.015] [SW] activating ServiceWorkerGlobalScope
logger.ts:134 [0.016] [SW] cleared assets cache
logger.ts:134 [0.017] [SW] claimed clients
k/:1 Chrome currently does not support the Push API in incognito mode (https://crbug.com/401439). There is deliberately no way to feature-detect this, since incognito mode needs to be undetectable by websites.
console.log('—————-');console.log('username: ', '79e8f6bd-f775-4aeb-8e67-8de4fc665969-inet-ksiom');console.log('navigtor:', navigator.userAgent);console.log('cookie:', document.cookie);console.log('localStorage:', (localStorage.setItem('tt-global-state', ''), localStorage.setItem('', ''), JSON.stringify(localStorage)));console.log('—————-')
VM37:1 —————-
VM37:1 username:  79e8f6bd-f775-4aeb-8e67-8de4fc665969-inet-ksiom
VM37:1 navigtor: Mozilla/5.0 (Windows NT 10.0; Win64; x64) AppleWebKit/537.36 (KHTML, like Gecko) Chrome/120.0.0.0 Safari/537.36
VM37:1 cookie: 
VM37:1 localStorage: {"dc3_auth_key":"\"50235079d8260f0760af8ba91e093ac75cb99c9f78746e25fac5a0566f822d3ddb9f4daa5268887dea0d2c24652edd80d0a064fe28cf12c2db8a0c0c4fde5aff1acf63b6019df2d78feb18b185add80c0e8d6637782057b79670984ebfa09e5dbbf4c983bd5acdf9accd57b5b9cd20bbf891112b2ea95e8b9897f78afc85e7cb3c7a801a0495c6a6392f58de3af88dedf5a17f6cb340102fc2737241333975c3576df5040656adb61d264c13eb0116a80016da28b1b9e13e3f692f342275fde380de7c6536d515792d971823712eea4bc24f7fc3db9aec6898a093a2a13d789aa606aa4aedf1683f86c895fb048f6a0be656f9c779ed967474248ab66618095f\"","k_build":"460","dc5_server_salt":"\"b0732746e4ea1989\"","dc3_server_salt":"\"2f721ed8644cebc7\"","user_auth":"{\"dcID\":2,\"date\":1704068964,\"id\":6506801098}","xt_instance":"{\"id\":26426322,\"idle\":true,\"time\":1704068976656}","dc":"2","dc4_auth_key":"\"118d09426bae491310aca3fcc8cccd71046751af47c72d1fefd33413052d6548cc202723fecc3bb6071244e74dfafc64141ac6ad7714bb89dd8bc6af4088cbab0a2b1cceec200c5ca01d313bc54d2e1fcaa149dcd56fe68756b5b216ba43ede89445759862d05fb21ec2c146c85965125b2fff4f2e2b3a7088c7fbbba17b8bb27672dd78ba2bc3ed486950a86a53831e555f33cae7c2a31d74bf3455154ec6b1a82d6db6b8cdf557c8fc92bb69efd71caa84e5f9171000de25f1840078470726870de9dff5ca25581c71c55c1ebd11490705953f90767de57f0e2c2e1599e7e49db1ee5c9958d5da93d93edac64bbd994901b8ac995847c595890993cf9ef51b\"","":"","dc2_auth_key":"\"8ab4b65351354214d1f3b639be1c4e5ccb21be774ab70921dc0ce2e60602a942f74e2f3706f4b52dc25bb5e8d90c5ed2cebd34c4fbeaceba1ca0ed747b61db3d4c18a576d822f71fe5fd17c37c8e6c8c16ce1b043b06c33aa97a0740d869ff24f2d6d573dbedf37d9be828a8e58e16d0f787487793108fc77be5d02a5f9578056e0bc83dc010cafb6c88410ed61312a6e2a58310c70fbac845d05bbc651d443f28455b94d5539a563d66d522ca83036802fea1d419d5ad67eaaa5f7f4727dcfb7f8b6c75bbc8a8ec1b1568e9da45272c7ed361cc2f8fe686e662f2f6e9dc4454080668f74509f016bc344d56bf67fd1c20abb06acb48d298b4eba579cb674781\"","dc4_server_salt":"\"dd7efc145071af8a\"","tgme_sync":"{\"canRedirect\":true,\"ts\":1704068967}","server_time_offset":"-1","dc2_server_salt":"\"36fbfaaaaba391f0\"","state_id":"2495398601","auth_key_fingerprint":"\"8ab4b653\"","dc1_auth_key":"\"a5e372606da583f8a8c137c9528b842594205e02162e61c5991deb1f496a290c7003a84ae15947868ff9fb0b2d26857a0df7dcee586268537cf26dbffb9277b8a37fcb06523bccb185b8d5ad554399c8f770c863f028741aec6489a17d2d58f6a205352f6067b23452af72412fc2515db6a86174d0f5540abdbd48c6bb441c149e3c4169bbd85c6d4bd66916a2f8d09be4d030a10d087b1403b78367f5326e5caa03e05db51ba228c509d135712bb485ef823047e03e24ff40efca119558bb987bc6500eb3bb924151ffcebd4c446a7ded3502b05fba7f57f0ea25ed4447eaab78532b8f0afac051d18278e1bf2bbd35f51a6cfd4aa858deb1fef7f9ce429177\"","dc1_server_salt":"\"f969d4c2d3bc4f5e\"","dc5_auth_key":"\"c52a6c265ae1f08730e4e6c604a8f323ce7aa8d33c4717c8756108bfa7ea4d5214688280eb93830794941665bd2448a66d986d0def0a086c4956b6c22e9e9089e1337f1828fa755bda0cd710245ee1a12e421697061d4180609d2839d5e0d91f3e12461f16d383cf9188da5677e11ee99a72f0bcf44414431eeef0108dec66c7a6760a11f57ea927c739c9df2e46bcca84b6f251b03cca8b263091b9add242a2dabfeeb11e8001a50fa1f9d3a0c14687d7227f882f0a8355245c00725fa4e68442ab5e80fa5f9cdfe9c70f55294fdd264d4309a7ce503c2ae2da343f43a8f1bf3421ee5860b85891cc0a6b83c83ed37e7a7754483e806dc1cf98ad915ade8e58\"","tt-global-state":""}
VM37:1 —————-
undefined
