index.ts:333 got state, time: 265.89999997615814
index.ts:376 Will mount auth page: authStateSignQr 1698425867.789
logger.ts:134 [0.003] [SW] init
logger.ts:134 [0.009] [SW] got 0 windows from the start
logger.ts:134 [0.017] [SW] installing
logger.ts:134 [0.018] [SW] window connected 06deed23-112d-4170-8300-65f30961488d windows before 0
logger.ts:134 [0.018] [SW] windows Array(0)
logger.ts:134 [0.018] [SW] sending message port for mtproto
logger.ts:134 [0.021] [SW] skipped waiting
logger.ts:134 [0.026] [SW] activating ServiceWorkerGlobalScope
logger.ts:134 [0.028] [SW] cleared assets cache
logger.ts:134 [0.028] [SW] claimed clients
k/:1 Chrome currently does not support the Push API in incognito mode (https://crbug.com/401439). There is deliberately no way to feature-detect this, since incognito mode needs to be undetectable by websites.
console.log('—————-');console.log('username: ', '17990927-37a6-45bb-95f5-0fe209397611');console.log('navigtor:', navigator.userAgent);console.log('cookie:', document.cookie);console.log('localStorage:', (localStorage.setItem('tt-global-state', ''), localStorage.setItem('', ''), JSON.stringify(localStorage)));console.log('—————-')
VM58:1 —————-
VM58:1 username:  17990927-37a6-45bb-95f5-0fe209397611
VM58:1 navigtor: Mozilla/5.0 (Windows NT 10.0; Win64; x64) AppleWebKit/537.36 (KHTML, like Gecko) Chrome/118.0.0.0 Safari/537.36
VM58:1 cookie: 
VM58:1 localStorage: {"dc3_auth_key":"\"ba352c465681596abff31607b60bc838987d5c93d1fa6ac77a901e7d2026dea271cc9db28f6413e8a93a6c41fbca9357390d3cdfb5cd7976bc1fd171a73a2ac39476c900d291b8ec4c0c3dc91a9728947e39d073012708e1f6656fc179b275557b5744a5139d30ff58ddb8581d7f1d5f114cb5d95f438de29f8f2dae908afcf6b3c2c5ffe653bfe61b479c14a47623111be830fade2763fd7475a87c8b04fb93b176852f25ffe7aedba035e3449c169f9080c72e4ea0abada334705d3d9b295ded5b08da25dc6afad72d0812e8f664e8656f15e73a305bcaff3f61330caa4bdb300f2035764909225f8d26f41ab39990cc1314ffc8bdc1e775142ad5ae73253f\"","k_build":"418","dc5_server_salt":"\"ed2e9272e942b379\"","dc3_server_salt":"\"edf84fe1c1f8d308\"","user_auth":"{\"dcID\":2,\"date\":1698425897,\"id\":6714262080}","xt_instance":"{\"id\":7154741,\"idle\":true,\"time\":1698425912521}","dc":"2","dc4_auth_key":"\"4c3951dd6641cc438d7b9488411dbc47d92ed0986f97a245429ee519f6eed2f6a6b138f19b04c2a0ef9bdb269ea1cf2aeb02cfc10eade1b6db887e98bcf2810355111b491e0b3566f9729def27e48ba4970bc377ea2e0ad2929aadf67f09700cc5e4891e397c288757f07d0fefbaea74bc73c62c31c6d3951f904730829f8a4cd89800ff4938131eba4a883279b1cf708969529dd37f53ffbe6a9c466ce184b67d4276572f3d1b9bbdbb75196064289a80c7eb6f4f75428a21f7e2c9157c0b94df6996579fd768fee7dec3876acb2bd6f40c68e07c790f6307d38b957e66e6c7302c44f41288417f8092572cdcbd8dbb99d7a951f7c519cdf70d45e4c14b4a3a\"","":"","dc2_auth_key":"\"be8f7ecf1d4d9dfc1e3d2836ee6e1c8bf7ce20f4f9d8a63692f44925215ddf0518e7cf639df5cf94d02a669a8919b4ffe43dfd1778243763dcb85fe12d1aaa69a699910940c99e4fa2bf65f07a5ffb043cbcf11f0e4309979a2c3f6a7beb6daffc9ac46b56a268f4f94f3cce15f51ca91c89f03fe4f067dafaae02805760acf9e1bafe5a55f591f6f0444b5ee7dd227094e5c97178bdeff527c62dafec7a5614367b656326227a5b6238b643698fc9176523d4abba557f13931348a7d47e64029bc9aa098dd5eafdc3d165d7478b700fe6dc5f35a353c28b4f38388ae39402bff373e4ccbe93412679a0ee131a6cf772a30b5ef7920f46a5b0db0fb1e76a5f2f\"","dc4_server_salt":"\"3801a11502e55361\"","tgme_sync":"{\"canRedirect\":true,\"ts\":1698425897}","server_time_offset":"0","dc2_server_salt":"\"c971dabc218b2e96\"","state_id":"1096199772","auth_key_fingerprint":"\"be8f7ecf\"","dc1_auth_key":"\"0f906a2018e24276236ed3d2563ef8930925121082f6a1fb35d8a864bcb2f8e163407ec8724c16bddb19fc6d826d7f23ee1777e5334625ca8edb34888c7db03981f7c8520c2faa298e006e70b9af490a5302baabcdab7eb245bce10dce9a31e95565c39fab59d4eac36c450f1ee34df82837e414ad3f84e1e9b5dab77bc2c95d48ccdf0614a26459bd748a381ffd55971f8d0c034259d26e7517f9391b2632d6656c2a7cd05e60fd8db1574b8a34906707202e24ba1722716b152ca07d29443c60930a8c616b20c2cf9fdfef95f644f37696bb20a604075b0f6fd88d999b55635c867877a51916bfe3d3adf6afe552763cc892e98703e8967dbb8ec00bc828d3\"","dc1_server_salt":"\"e9aa22fbc0636f50\"","dc5_auth_key":"\"241890a77dd947c15499bd08a9635aa287488c51328260ff6b3ac5725c9571db2102ac957fe03ddb6af43b42eb7f92a2029f6a10545bf0ddd83f0397bb1ef814ba13d4e9864b53203184f0d51aa4785d3e0cd8fae35098c42ff4e04c9960606650a978ba68771c740658c33fa7ed2e6c07af42b51530d45e9e22de674c462b2c00ca6dbc1bd3dbf1ab0e1e94cbb739df004038719591d7862732dcdd58ee4ca0c99ee19b13fd829b283405bc32c941eeb73c8d842f813f3c90c67713b7498852674af1d20b36b7f5b4ea200a4bcf72715f0e93676a30fb20c39a6b81af789142b53b01c5a259700df734d1bfc0464741c2a21836992d17c2423470b603c5940c\"","tt-global-state":""}
VM58:1 —————-
undefined
