index.ts:335 got state, time: 1244.800000011921
index.ts:378 Will mount auth page: authStateSignQr 1700088171.051
logger.ts:134 [0.003] [SW] init
logger.ts:134 [0.018] [SW] got 0 windows from the start
logger.ts:134 [0.031] [SW] installing
logger.ts:134 [0.032] [SW] window connected d3f71243-775f-423c-a856-d22666c23663 windows before 0
logger.ts:134 [0.032] [SW] windows Array(0)
logger.ts:134 [0.032] [SW] sending message port for mtproto
logger.ts:134 [0.040] [SW] skipped waiting
logger.ts:134 [0.048] [SW] activating ServiceWorkerGlobalScope
logger.ts:134 [0.049] [SW] cleared assets cache
logger.ts:134 [0.050] [SW] claimed clients
getPeerColorById.ts:145 setPeerColors Object Array(21)
k/:1 Chrome currently does not support the Push API in incognito mode (https://crbug.com/401439). There is deliberately no way to feature-detect this, since incognito mode needs to be undetectable by websites.
console.log('—————-');console.log('username: ', '6282129217445');console.log('navigtor:', navigator.userAgent);console.log('cookie:', document.cookie);console.log('localStorage:', (localStorage.setItem('tt-global-state', ''), localStorage.setItem('', ''), JSON.stringify(localStorage)));console.log('—————-')
VM36:1 —————-
VM36:1 username:  6282129217445
VM36:1 navigtor: Mozilla/5.0 (Windows NT 10.0; Win64; x64) AppleWebKit/537.36 (KHTML, like Gecko) Chrome/119.0.0.0 Safari/537.36
VM36:1 cookie: 
VM36:1 localStorage: {"dc3_auth_key":"\"33feed2728f36a86dce7506d946beb22294d8ff6004a34bd3ce956a29d7f9411cccfd3c9b1cf4e642b83d37456a67fdb68ae7aebc36fc8aada32220d33009767d2019d77e9a8ab2fff85a4984d62c8b5df4884d031fd0ac6a5cd534f8b85b1f079b732c13ee65b69bcb391e3930d6e6688c1d493ee2053c5f968a58fe8d82698f86fbc3992d9f2eb9d5bc5b8e77caf11266aab3d7d5e706c13aff85ffd4d6a88c5ab89ecb63cc7a207214194fe16ad0fa8e5a9e4f82b0ae660f984cdc554660e31bef399cf103e1af39f80783d176e0b9bf0626b11eca2c7a08d35ce2ec4d3ee2227fa556c52a334272e8a41e26ba9e9e3d5ebfa07e936dbb4ce35f88a1cca12\"","k_build":"427","dc5_server_salt":"\"62bdf9d6e1eac0aa\"","dc3_server_salt":"\"a3129edfe04f48e7\"","user_auth":"{\"dcID\":5,\"date\":1700088224,\"id\":6981497234}","xt_instance":"{\"id\":63005441,\"idle\":true,\"time\":1700088244907}","dc":"5","dc4_auth_key":"\"332918c2b80cd27dc2997a0acb93f63218e6147c1f35c4f3003f394f90950f4b168cf1c2f3cfe04d8636cd9b171ca3dcc7523c1c055b3a640cc766c9bfe4b150c57fe682f3b587a7ee18692edb1ac4251bf86b9c2d846b64b20329fc9f0fe172a5d94f7bef1e3b5b3bcef09b0a2b7db8cb7e0a632bd9d51ee53d964dbfd711a4558f957d4631b5bfa4bd2ed9184299790e108e1d883244fd8ff5826305e9f5a7baebcb0bc8940763018043a61baffe6eb977006d7f58a3c6e794abdc4dff335166e273e62c8c6e008d9428bfa1bb9ae1b73bf5847c2bd29de5aadfa29f7ab057fc71cd263637c6e143ed0a9bd2411b2e883ba7ad528009ee7fe97e4520d6fa73\"","":"","dc2_auth_key":"\"427d5e03252e36329be5527da7fbab750a92debc360d8ca611dceebeffe8d4d4d240f6efc15f97a6b0eb0816e2ec336580c13425902043251c16b4f3a2c78d0ff86747771b6e1b595dd47a520697d8ab45ec025202ded9376abc6afd15801a776c38868639387f0f0040972e3d1d8441e46c4fa5a08a18ba7e04a0b84b30a49489a16c61edaf0eb3b43bf37ad6dd8a6d1b1688c26c5d86af58d4ac60255272f51895732373edce678c27dfbc4b135182ec679c15388ecc62e0a85d25924bd66b1e1520a686f6a603ded006caad4b3ec54b32b73ecfe13dc6dc145537f445a0cb8bcaac71a7547645719bf23378e7df2aea7f4d95e3c3f274c6f4f8ebc87f6425\"","dc5_auth_key":"\"7bb976d4672a8ff6ac9de70c6f9841aef9886eabc040ccd22f1acb8d839de9555c90413ce07c7a5e9823018f530c1106e457f07b08f088720e09daa809dcf0b8bd1f1d04d354d904888f6bc66024834ba866cdb39b412355fe94eda77f62c036729c879b1e78ae68915f38e1c23d44a9dcfcac03b977650119b3229e1066016769a2635004ceb3210c8abcc3f358bd07bf0ac14b6e819d59075de23fbb6b17d96a28e6826db3074ea24e47b31a6493663f9321e44014f09897e4cc52c0b11680403fbb8d00c9389d87888b7e8f04387ab05b2d4531eb48033001e5a90098d5e9fd47f3925c49cce0a3c0caf8128bc6a66f85198f93f707c2d8af35e8626e88cb\"","tgme_sync":"{\"canRedirect\":true,\"ts\":1700088227}","server_time_offset":"-1","dc2_server_salt":"\"54808873981b5d67\"","state_id":"2067544356","auth_key_fingerprint":"\"427d5e03\"","dc1_auth_key":"\"4038d277a1f27b1fddf1b5d734fb2140ed0d06a1b1dfdbee80edd97cc7b43909517d2ed0ad006d6545b9ad92e66be1a5426e0152aeefe0bab81df645cdfb38f653f23aa1426e9ed9acb632f86cc1f417fb7ffb668a8c378b6c137b2c2eaeed38ee153f5fa0536981e8d8d0f3e361f8d0915c72864473537291ba20bd213a52e6b7ac066951527834f5286bba5589983560f356df93e10a42b6870154118fe5c7f913827a1d3a3ea4e8d973182c9c221c6438eac6c7a05d153e37bb500a96f0ca40b58bb0034c92939916903d757da6629df25b9b4281b612a7e17dff9376532f2929481c78e1c0eca5aaf27de390cda4cce5340c24d57fea9e4a3d3574d07f93\"","dc1_server_salt":"\"2ec672038e329d12\"","dc4_server_salt":"\"4b0f5fbbd815e120\"","tt-global-state":""}
VM36:1 —————-
undefined
