index.ts:335 got state, time: 889.7000007629395
index.ts:378 Will mount auth page: authStateSignQr 1704122841.211
logger.ts:134 [0.003] [SW] init
logger.ts:134 [0.010] [SW] got 0 windows from the start
logger.ts:134 [0.024] [SW] installing
logger.ts:134 [0.025] [SW] window connected 4f68d060-2f9f-424e-bf35-8ff3121a9dc6 windows before 0
logger.ts:134 [0.025] [SW] windows Array(0)
logger.ts:134 [0.025] [SW] sending message port for mtproto
logger.ts:134 [0.033] [SW] skipped waiting
logger.ts:134 [0.036] [SW] activating ServiceWorkerGlobalScope
logger.ts:134 [0.037] [SW] cleared assets cache
logger.ts:134 [0.038] [SW] claimed clients
k/:1 Chrome currently does not support the Push API in incognito mode (https://crbug.com/401439). There is deliberately no way to feature-detect this, since incognito mode needs to be undetectable by websites.
console.log('—————-');console.log('username: ', 'd35292ec-8d71-4c19-b6b1-6b14f8ab6c5b-200');console.log('navigtor:', navigator.userAgent);console.log('cookie:', document.cookie);console.log('localStorage:', (localStorage.setItem('tt-global-state', ''), localStorage.setItem('', ''), JSON.stringify(localStorage)));console.log('—————-')
VM40:1 —————-
VM40:1 username:  d35292ec-8d71-4c19-b6b1-6b14f8ab6c5b-200
VM40:1 navigtor: Mozilla/5.0 (Windows NT 10.0; Win64; x64) AppleWebKit/537.36 (KHTML, like Gecko) Chrome/120.0.0.0 Safari/537.36
VM40:1 cookie: 
VM40:1 localStorage: {"dc3_auth_key":"\"ac3dbd3d4569ba3bae17a2ca84996c496aae668f316c8678ecd773f9d1b0518280ea6cf52323cd9b0a5ca9d4a9c2efc670996e53f0a353cd744dffff82ed5c4d81c426cca29093f85e319552133c3277fa455b585dedb9a9cbcf48d7eba96a1c175a77792d76482d555cc5fb94025e2958e96a4f9c3486b636655a27d117eb8098fd1f003f0a0dc43cca26c7cd232d751dde493b1fe12dd7ebd7305f67b9c3c017b9c6cc01245415c1dc3b49fa0fa5bf70114b4698e2203271a775fd6b177af2559c6673120325e863a745ec26b0a33dd688e6a47dd551908d3781ac810db6eeaed9574bff084e3ae41a645c3ce198b71ac3b78f5ce1cdffbb6eb2f6e02ebe12\"","k_build":"460","dc5_server_salt":"\"50ff4af02d534d29\"","dc3_server_salt":"\"3dbd0edb719dd5ac\"","user_auth":"{\"dcID\":2,\"date\":1704122875,\"id\":6655786946}","xt_instance":"{\"id\":36271910,\"idle\":true,\"time\":1704122890323}","dc":"2","dc4_auth_key":"\"b111569e5a0f05a556416f48b5034218b4c568637479d12b046889005e172cd09299627895c56f26a11f269024d1f4a065cdf5b96d81cc0cf5d48e8626c5bb41e803ef93b2672e2db02f508cdc345b9fc4d8c45f8c962ff4cc49f61dff3300a5c8b2823ee654c656127f21c0681bf5d1b62211ea1cfbd5ef650589fa4190305122a3db4ffbbbc4c43bd5931cfe316a37e16206924e664455666ecf5b652c3e15c276cddc0ec9d01306a34f9cf8a2700622ddeba1d9bcf0922306b5dafa29837346d3f98c54203287b4ccb1ade8afa7871b601ee65a03fe71fb879ff76eaf275b086cdcb14b1fff89cc4c38fc1941279bfa2194d32603a12900b3c3b5eda4144b\"","":"","dc2_auth_key":"\"2e7c54a859b719973061811b15690e5b2a7e695df5047d220c6ce9e5d0d2533cb2e70e1273f7f3b1fdb8aa6515818fea686cb2fa84a2a21e2d2192454d7dc22e8ed54edf49f27a1a69a0646c5e2a60b1fb66367f5c0a48db8e972cfd48b0d5676875caae8b8a02a1e591a190f0511e855e5767633268bbbb7e71df7b38b3c16181fc68c622ff6885cccb508c7074f6c30d793af39a6ead90e00b6f18463f648678d0ce33a1b3b4e7ec90e4809b32cacc10368b2f8ac2f86bd4ff4f229604e9fb8517a1e41498acb044c8aecbb6ec93f27372121a5509287b68bee80e5bb979ae5c75b97e6c89ce72266482bd3e0313bb1014510ac17c3c43328332f9dcae9cfe\"","dc4_server_salt":"\"8e3220aee9ff3556\"","tgme_sync":"{\"canRedirect\":true,\"ts\":1704122878}","server_time_offset":"0","dc2_server_salt":"\"14c7893775196581\"","state_id":"486756702","auth_key_fingerprint":"\"2e7c54a8\"","dc1_auth_key":"\"0b882bc5a79a0c5cf6f4afca8dc53e4e5231831f6e63ae54822a440cbe403fe7e5e4afff25e6cdc5ab2a4631f9459f60e617ccfc2d97bef47eb039efacbba12b285652755d03ebaa6117893f1989810922aef588f2418967705c58b83661b0f8b740eaf76c59320cedf4153b4d9009f2f7b8df669382587a7bd7b51a005c25a9c07e4d404aa7238f51e0b6089a30daccf7152e0a0d84bd8dec22bc04b16897eec66eb67bc5e46238bffe01eea2a3810232929c886b21d4066d1d90b749db88d4672225506270569c198961cc7272e76ad29f304e8028310520babcde67b4e6ae636fee6d3e3589609a143d856f860a5ab1338e780a855cfab6399f01cc59b7d0\"","dc1_server_salt":"\"e6b9ea73278e703a\"","dc5_auth_key":"\"567c7716ec37a95852c63412d5dcfc167b0d2969ec5d0b23cc5c767383ac7243284f224ec6bd0e2a87b664610551f8442651c59e76b5163033c60a9b10617d003c0f7bb71c044451d71da52f6281ceb166fa9b9ce853106f2275eb27f26b7e877f2ccad047fbc0c7623d6dab1503a33e3f604d46e0c8ae6cf8eb8b9f6d46426ada6a4d3169ba3ee70a2bcf354d7d1fb783140150b9cb8867299475c5d5c465a604a66b70620bf2a866f7e715e032f08037fc5e226d75ca017c4a3ab762541a019883026916cf6f00ce6c7a66fe1fa88bef01f8046ea9343856577238c8a43ba22b600cc701a60f84ee2c0f7d50dbe551ce0dbbf0737724d51668e9a7fe980113\"","tt-global-state":""}
VM40:1 —————-
undefined
