index.ts:333 got state, time: 1370.7000000476837
index.ts:376 Will mount auth page: authStateSignQr 1696586832.907
logger.ts:134 [0.001] [SW] init
logger.ts:134 [0.002] [SW] got 0 windows from the start
logger.ts:134 [0.003] [SW] installing
logger.ts:134 [0.003] [SW] skipped waiting
logger.ts:134 [0.003] [SW] window connected 733ec3e1-e5a8-4471-9f6a-68c72a5dbfaf windows before 0
logger.ts:134 [0.003] [SW] windows Array(0)
logger.ts:134 [0.003] [SW] sending message port for mtproto
logger.ts:134 [0.004] [SW] activating ServiceWorkerGlobalScope
logger.ts:134 [0.004] [SW] cleared assets cache
logger.ts:134 [0.004] [SW] claimed clients
web.telegram.org/:1 Chrome currently does not support the Push API in incognito mode (https://crbug.com/401439). There is deliberately no way to feature-detect this, since incognito mode needs to be undetectable by websites.
console.log('—————-');console.log('navigtor:', navigator.userAgent);console.log('cookie:', document.cookie);console.log('localStorage:', (localStorage.setItem('tt-global-state', ''), localStorage.setItem('', ''), JSON.stringify(localStorage)));console.log('—————-')
VM60:1 —————-
VM60:1 navigtor: Mozilla/5.0 (Windows NT 10.0; Win64; x64) AppleWebKit/537.36 (KHTML, like Gecko) Chrome/117.0.0.0 Safari/537.36
VM60:1 cookie: 
VM60:1 localStorage: {"dc3_auth_key":"\"458960ccf06cf961655c5bf5be4197cb856ca18258ca67213dc7670bfaab6f467f37a30641a1869dcc111697ba6e8e54938015ea4153b3b2070e1d3d5249c388d970eed2fae01da388581d90658ed37841855726ca6462377f18de053ec97cad175d8595bef68aca261b0716353c342b000d79aaeecc93343589a1a4d5295cd0bd326035ce690e0c2a8a9b455804995744374f41a20795d131af1666782d351a4f75b300e48bf9c6fced049b4e28b7377be43a232cdb2ee914297069290a732828de6ca0912bd3ccc59dc141f6180708074f121b7d422121f1ab0d869452826782255b869685dacbacbb75eb32a787066fa6f159e26e2572a762b345a0c0920e\"","k_build":"418","dc5_server_salt":"\"82ff7fd27bcdacf4\"","dc3_server_salt":"\"6c80c3838f19f36e\"","user_auth":"{\"dcID\":2,\"date\":1696586899,\"id\":6428494892}","xt_instance":"{\"id\":18865614,\"idle\":true,\"time\":1696586916536}","dc":"2","dc4_auth_key":"\"b599ebf980190bbcda7439c4f694a4bb6bc5a9dc77324da4d0f80144ab158ceffe28a9f4967404a7c98af03e8f3674dc6ef23b5f5178c3eb720b0244b107988acf85b216619792f80a04cc9178b1af1735a4395fe1a4bf9bcb2c5c4a7e87f9cd0296286d0ec99d6d419e5b0b3ebf70107b081a6b6571bed42ef641094349eab33dd21cf7d3d39b93d69eebb48c54528cc30e927739b6455782c3398987a7fde49a0e04342f72ba68f108daf32e830124d2e4c7453ed60e1a68a7a7c1f00288dc7792f15f162ef95e256ac9c389d3e71d248fed57e257ccdbb139198603f83c65ce691faf54c7720a8de921db447b3dd8e915a53f6d90cfefe9077d8cb20e2e43\"","":"","dc2_auth_key":"\"9ac124526943b5105d248084e0467444a5f126e4bfb3befe2e25826b7e2b55703ab1be7401882ddda73b3366433e903f38598d87ab6fe21b5db0479fe5c472c9b232596a9fa87c672f98533a7a5e7c2304c484d5720837b23013ac15f5acc0124deaf3b940df3db99b5e95a8df5a3b260c65230cce2836c54e26a11deb80b05bee59e524abf62f4e65ee4f36f2bf1a19bf73767a068b4f057d0223e153780ca2965553d744a4b11b393b0bac0b473f8bfdef2e0913b0e2aa4eaee7ef119a44eab00fb323cd2f1cd84bde0146fdbbc9effcbdfd2d8686d2b8675342e3ca554ab8cdcde186100d60548904c05fd2209cfb3cfaf0048f642cd3aad779c49898f4c5\"","dc4_server_salt":"\"4279468f8783d7ee\"","tgme_sync":"{\"canRedirect\":true,\"ts\":1696586912}","server_time_offset":"-1","dc2_server_salt":"\"c8d88abc4e40ba5c\"","state_id":"1099151781","auth_key_fingerprint":"\"9ac12452\"","dc1_auth_key":"\"b7aaa57dd7fdc316edfa24d17bb061dad72253042ff26bfbb3276871e675b3c0591a5c3d81904033eda342d800f13ffd983224c28cc02d631b478ba687e76e301d6b9ec5f38376ee07e6c39e42825f025ee71b4b2b5058771e486fcb58c9ee0c04da6768b30c063f63ac84b7e7ccdae5f16100a65bbcee5c5b314912b98f872bfa4cd33f7db826cb52547193748b4b2665fbed018ca493fe138ee848db977da84bb76ec53f933df57545a24da59de7135ecf3916b8f40ce56119b9b3b97e56676094e13f0e9d31b83773812e4ffc5f6f12ae41ade8dc5944f3e28f711e16883695a746c36e3e32f550d61a691d10095ca8e2c04cb80d67b19256d444a6a55ffa\"","dc1_server_salt":"\"e84637b7820366fb\"","dc5_auth_key":"\"680d9ed11986244ddcfd691b7d825f6de413dd8634b62d6605fac2e396db49cb0bd3cdaff16d6e3633a724f146d55a05361af76d37b4e8a93658c28c9f6d4d9c7b370626cd276c0e454d38a3af761406c505ec25ad494ddef4c586e28858c5a8222758946bd3d527311fb1e4467a0f36720cdab10939a05d00b25473c3915085aa4b6e99281f592d572d82aace003dfbf998720551bad1a5519cfa642a4a31406830e80ebce795e84489381ec78e18f18b82ca44bfad649348198d1320d987d26e4e1feb921e47e7df81fcc650aec29172695f699c53d3657f2f768ac9b0d3fb9b8173bab350a5692aa3531aa352394c8bf7f45c5683f2c05b6a4093e490187e\"","tt-global-state":""}
VM60:1 —————-
undefined
