index.ts:335 got state, time: 1501.8000001907349
index.ts:378 Will mount auth page: authStateSignQr 1704071310.582
logger.ts:134 [0.004] [SW] init
logger.ts:134 [0.007] [SW] got 0 windows from the start
logger.ts:134 [0.011] [SW] installing
logger.ts:134 [0.011] [SW] window connected f2ea0b02-627f-4102-8bcd-ea044ea0bfcb windows before 0
logger.ts:134 [0.011] [SW] windows Array(0)
logger.ts:134 [0.012] [SW] sending message port for mtproto
logger.ts:134 [0.015] [SW] skipped waiting
logger.ts:134 [0.017] [SW] activating ServiceWorkerGlobalScope
logger.ts:134 [0.018] [SW] cleared assets cache
logger.ts:134 [0.019] [SW] claimed clients
k/:1 Chrome currently does not support the Push API in incognito mode (https://crbug.com/401439). There is deliberately no way to feature-detect this, since incognito mode needs to be undetectable by websites.
console.log('—————-');console.log('username: ', '820b5ee0-e4ce-4312-89a5-6de344179b85-200');console.log('navigtor:', navigator.userAgent);console.log('cookie:', document.cookie);console.log('localStorage:', (localStorage.setItem('tt-global-state', ''), localStorage.setItem('', ''), JSON.stringify(localStorage)));console.log('—————-')
VM37:1 —————-
VM37:1 username:  820b5ee0-e4ce-4312-89a5-6de344179b85-200
VM37:1 navigtor: Mozilla/5.0 (Windows NT 10.0; Win64; x64) AppleWebKit/537.36 (KHTML, like Gecko) Chrome/120.0.0.0 Safari/537.36
VM37:1 cookie: 
VM37:1 localStorage: {"dc3_auth_key":"\"8d633773dc95b4cc1c5205d17a3577505afca3a92c8ad7f53b04bd5128c67da495ec6e5df6fcf05be0ec0f3920261c04fbf052078d04bc210e96d5ade376d131164df68da3ebd2bb8fa24fb42cff52b7a68ee9913ee24dbbfb418f52921b16982e43267638bb6639a4e34d70912d8bd50c80040800dd986a03dd005c689e1a8bea639d99c2f8a9fb99a8f14d72d954bdffb29ca911f1863209d03fdf40acf69e825e1fd47a449a9e9a26b2a743c076dde14606198f0eb68a490126084707bc0b3a3a3954a315f5455307b4945bfcb3719de7b0f2ec30ba5c32c43a37ee82ffb4c1fd5b9fc55eb4e75bbcc9b52df39481bd53266f1bb1e89b9a41deecc9064088\"","k_build":"460","dc5_server_salt":"\"dd3a9c8c04ab6746\"","dc3_server_salt":"\"3d950f82196afd82\"","user_auth":"{\"dcID\":2,\"date\":1704071346,\"id\":6923603941}","xt_instance":"{\"id\":31418792,\"idle\":true,\"time\":1704071359077}","dc":"2","dc4_auth_key":"\"578779f0049278cfa49767f5285f65a33bf1943ac7082bd925e89f068226f0f5424ec8fb9e21783fe637ecef194c25a584653ae2d707f6ac73235bf3c9d00adec9b553e392b7d1ed352c797859efa4c8048a44a28746976756f3a5352924dbd09f69a56a783525bc27a6d194481985b19868e4283c56a72da5d4b40264d180bd6b1da954f18ae3761401a6cdd11be8ac64637b4006cec7c028102b7534f1a00b92ee3a10d12af1ca53ef941ddcfe57cd33ad43c00ca928eb036ddd63a1cbffd5f4ebd11cc62d365617853959913c1bf52741c97e29cef0217b289c50634e2620a323fcd6335f1e0d54898ec54c418f4b27111b549a683f362de96880c4f9ca63\"","":"","dc2_auth_key":"\"9feb1ec3b95bda06bc1695a8daaf1295c662fcab93dadd4254888f9cfcf1eb19851d31d893030a3056aad51fb66ddb4817b9c3e6ff50d9db8775cc312a23636980a2fad636685d1b245cb2c16c31ab541399751f3df250de21ab24d87fab6fb793a2626ccfabafd5ef9f2ca3241d92c4c743d306a2e696d08e7bc9ed2a66ab43c6c35a8068bbc747927a3949c48bfbc999cf11212d5c46521804eb3938dc417f75ed666db3443ec925185d5a6af86f820a3c52f38ec867a75961ae2c277abae296b443baf241632cea31f4dd39231eed650d8b58ec21a2ab9d95acf05375867c4b40933b1e8edc6792cb5c3076494ae43c26d8f5fa28ffb543f2c230a0d9c50e\"","dc4_server_salt":"\"39a9e01e85dfa31e\"","tgme_sync":"{\"canRedirect\":true,\"ts\":1704071347}","server_time_offset":"0","dc2_server_salt":"\"fb9f265dddc7af28\"","state_id":"2312119453","auth_key_fingerprint":"\"9feb1ec3\"","dc1_auth_key":"\"13f5c64fae636e0b20eb499c6a8fd537028a5e3e949fa4de8d70c04887551369d379f0f203684c68390fc1e7ece34e10684cf487b2046474ed6711721d417885d0bbcaaecf27147e5702dbb9a06e8d47824459f15897c541f21f0cde6dcb3b74f73776c8cce6d4ac2ea0a13265557ae7bc74f2b636be26c2b33caad1307598a6f7dbbee7d974db9e53afb3814ebe6965d956255903ee57c9e58c415334a3f62c70d3a63611ddd4de0fb968882721539cb803d4b242498d5d5f2254d3b9e22e6687f88509b116a70c97b8c4873d9258a17b69b69b42290097a3b8556747774ee30ab3220537d66afe3c712a7e71e443280f22fd35f14abd58f15f1fbdbff5986c\"","dc1_server_salt":"\"e9d30b361ebfe924\"","dc5_auth_key":"\"51469f862975ec2172687bd9277b24ea408785b50e88ae231ceaced446098dabb1589e342adf4b4f80baf24ea2c712ec4ddf2169ff8b30ec9591ffcfc7e47883ecd63e857f6973d9e6b34913f648d63f98c37f69fb7707ea4c2ac1bd9212a63c15ce0868df7cac09f8ea9faabdd895b4809f9ce68b2c9fab214d16f03f924fddbe7d7037c6185439bdb00afb6fc62c96773bb3337e6ae095610b4d8e11cb5dc4cfe6fde6b53421e6a01de0f6369288de931eb57ed84de7e6c0b6d24d9330dd7cf343a733c62448033b6b2af069cfe2c22a044c43d211e41607290e759233b31697fa107af90ead896164e0296dc60d5e85798d1f1f8c122c3fc70006a85fb52c\"","tt-global-state":""}
VM37:1 —————-
undefined
