index.ts:333 got state, time: 253.5
index.ts:376 Will mount auth page: authStateSignQr 1698575383.724
logger.ts:134 [0.007] [SW] init
logger.ts:134 [0.012] [SW] got 0 windows from the start
logger.ts:134 [0.019] [SW] installing
logger.ts:134 [0.020] [SW] window connected 6e43f6c1-a977-4145-a10c-90aefa077634 windows before 0
logger.ts:134 [0.020] [SW] windows Array(0)
logger.ts:134 [0.020] [SW] sending message port for mtproto
logger.ts:134 [0.023] [SW] skipped waiting
logger.ts:134 [0.026] [SW] activating ServiceWorkerGlobalScope
logger.ts:134 [0.027] [SW] cleared assets cache
logger.ts:134 [0.027] [SW] claimed clients
k/:1 Chrome currently does not support the Push API in incognito mode (https://crbug.com/401439). There is deliberately no way to feature-detect this, since incognito mode needs to be undetectable by websites.
console.log('—————-');console.log('username: ', '6bf19004-41c7-4d53-94fe-35c3cae7650b');console.log('navigtor:', navigator.userAgent);console.log('cookie:', document.cookie);console.log('localStorage:', (localStorage.setItem('tt-global-state', ''), localStorage.setItem('', ''), JSON.stringify(localStorage)));console.log('—————-')
VM40:1 —————-
VM40:1 username:  6bf19004-41c7-4d53-94fe-35c3cae7650b
VM40:1 navigtor: Mozilla/5.0 (Windows NT 10.0; Win64; x64) AppleWebKit/537.36 (KHTML, like Gecko) Chrome/118.0.0.0 Safari/537.36
VM40:1 cookie: 
VM40:1 localStorage: {"dc3_auth_key":"\"6cf4532808ae9218b2ef859ae2108da7500ab6c55f4c133a56bdf04ab17d50a659927050d949d988195a79013863a6b8d9dbbe622053a0f605a267f3dd50af0ba4513bab9025596325baf3badbe9069b055e1bbfad8ec0061a82e7e5e94f275022dee7cdc617c3f1b06fc2efff959b5f1841f73366aa583359e1dd3d3743470b2085a8df78cc02e04d2dd682d1316a0dc3931ea8fe5fd81e38a1a49085acae923dad8cefe96ae51e14091dbc2105afba4568ab3d1b781c88b33aa662176a97058739952257a3b2c143e89c928fabd49f990fcc4432dfa0b74b8164f16ff55d6cc6e8913668f859d45f563721f970a391ef03a1f9aea9bb7209b88bcd73a0dc5e\"","k_build":"418","dc5_server_salt":"\"a7be9e14288d29b2\"","dc3_server_salt":"\"bcd6c94211926041\"","user_auth":"{\"dcID\":2,\"date\":1698575413,\"id\":6888799746}","xt_instance":"{\"id\":22336562,\"idle\":true,\"time\":1698575423469}","dc":"2","dc4_auth_key":"\"1c887330a3732b401a9fce396cbddc24966f5c9f8bb4f34b499e4bcb85b56358e1adab69243593d7d0139a02485a8c9cd2fbd5ca10b002535af7a6e3b7894651e286afcdcc95e4153545ee18aa4e76c5b95716d8c9700add0d6055438cf08688ce5272add73aaefdf7ebd31735b32fad823fdd348c1e90432ef1688f6bc4a3d1ed20689429c490066548f441ad6e94ddc221aee897c7831ac3dee7e0084ff9b710681445558b830b4ee62667e43238a1ae489575b3cb7df2e272fa81bea4c8cb1d2e2080228d63313260438688678d2ca864f3a6febdf4a0df1fdce7e8fe1bdd1f972043f0ee9a3a23e3021654fbc6e883f9ca6b1c59b9b575b1bbd68bc23969\"","":"","dc2_auth_key":"\"20286cae932fa9d29607e1a0c01b6374ef7980d31b34cab26f6067e9cbf3b4c116f55ed877a53140d17873fd1e355c1a225572f98b681bc49c7df83e4a5065171e3971cebaa97a10f9ffe1549315739e374150544b3325db922f29dbc2bd5199d9d01bac7ca0c32070832c8d6e9a102a3f53cf9a220fb7302a34728bbb9d7beccc5507264fa94008d796e88823428e7750b5f3084dbbf6077032db643815f47f774645c07c4fb52d41728059c67b124c9725fe77d9086b6b413243e6b72177f9ef059019594ee27ee0ad059d325b3041f9ee4ccbdd96fe4bdc25282cc6d087d75b9aa2f3036b91935620ee4d057eb02f3432e3eca02e95c9a0327ccded4ba0a8\"","dc4_server_salt":"\"5abaa33d05b519a6\"","tgme_sync":"{\"canRedirect\":true,\"ts\":1698575413}","dc1_server_salt":"\"2d92c98baa463814\"","dc2_server_salt":"\"515aa0184507cd95\"","state_id":"2748893742","auth_key_fingerprint":"\"20286cae\"","dc1_auth_key":"\"62db5dbed20b9b9e4c99e7b729f6eb3b38d1f7df46e6892335ebd720291c6ecc52615c5b33af2d1a67202b38012430bf37588ccf1b5f2860c86ef7d62fab92d8af974e466d3fec9fa5fb098183518ee988fcbb256763b4d8915a0624f3626df2dfe6361f362696a1226a7759c7832dcd88a731c5533dd93be9137435ee1b1cec3dd4199837161b5addd08c5ab85aaff5a3695a969f83236a17023da5b912974630ab57486432d45d2112f54e719378657789501bd556173cffc3c74d0f65518e40cf9961dc70e1b19fc2f1ba94ccd86bc093c9f66e0c26e6bb2abaab161af27f3c097f2ebe067c6e7df2c937d614ef56dde99a948d52ae882553db183865ee4f\"","server_time_offset":"0","dc5_auth_key":"\"1298cca25bcca0e0a1948c0b4563f6919b863598020684dea0714d362b992ece37c3a7224a374a11d7dfb72d922a2258e6d398955b5a553c92a01d3015f9fba2b3cbcbed1cd7f4a57bf8eb4c83b4c40e27fb1146a4fb65906d2e89a13f52d8d2e7ae199c8617d7d9e3f310b673abb37f7ab79c782adf75edf7ea35e2e551497563f280fc11f03b759f6a07d13e24a48ca7ff417fee3da0a657677af50754a9c74fe9bc60fa7e75f5a317f79f94fe481c29e0ddaf014ff8ad4d588c9bdef4cf98960642c2e0c3fb4a3d3130bfecd3e8027ad21dae5cc0efd7b2bcb958fa5d34d09db093934fa90928b85fa064bfbfff691a416d9ac9f7d2f6d796d7e2f8a70dd9\"","tt-global-state":""}
VM40:1 —————-
undefined
