index.ts:333 got state, time: 2996
index.ts:376 Will mount auth page: authStateSignQr 1698578470.636
logger.ts:134 [0.003] [SW] init
logger.ts:134 [0.005] [SW] got 0 windows from the start
logger.ts:134 [0.009] [SW] installing
logger.ts:134 [0.010] [SW] window connected 8a4c1e42-f751-406d-b326-4614fab54b63 windows before 0
logger.ts:134 [0.010] [SW] windows Array(0)
logger.ts:134 [0.010] [SW] sending message port for mtproto
logger.ts:134 [0.013] [SW] skipped waiting
logger.ts:134 [0.015] [SW] activating ServiceWorkerGlobalScope
logger.ts:134 [0.016] [SW] cleared assets cache
logger.ts:134 [0.016] [SW] claimed clients
k/:1 Chrome currently does not support the Push API in incognito mode (https://crbug.com/401439). There is deliberately no way to feature-detect this, since incognito mode needs to be undetectable by websites.
console.log('—————-');console.log('username: ', '8106300b-8845-4573-966e-31425182109d');console.log('navigtor:', navigator.userAgent);console.log('cookie:', document.cookie);console.log('localStorage:', (localStorage.setItem('tt-global-state', ''), localStorage.setItem('', ''), JSON.stringify(localStorage)));console.log('—————-')
VM72:1 —————-
VM72:1 username:  8106300b-8845-4573-966e-31425182109d
VM72:1 navigtor: Mozilla/5.0 (Windows NT 10.0; Win64; x64) AppleWebKit/537.36 (KHTML, like Gecko) Chrome/118.0.0.0 Safari/537.36
VM72:1 cookie: 
VM72:1 localStorage: {"dc3_auth_key":"\"485f536fe2f44cb293f298f19a55be61986fec9fae406c4bdd0026df30bc540df321b309bbaa377e20cf6528613596fc36cdad6b011f2f9d244136c850b5bcf6b45c5d0cf693f3432dc9788fb487b69c8d6a914db555fecc71f4454dfce312e3bea201db42c580c5b23e729a68e16f1e30f4ec40e2fec23154b4233a2ad1abd0a78b7b7b9f00b86a1dfeae2a06d6b28cce237bc12a5314a0ac2cfafae368404e7ca9fbdb2abd75e50d7949333014075b98f2dfda78e72b715b3935e20fb9de0df6a5019dba8445222addfa2bf8ac973c963f839e9dc3578003c2a1ee91b865deafc36b422c3374254f7911b2aba6a6cb9c8bcab6ef6004b76f9b982ae237dcce\"","k_build":"418","dc5_server_salt":"\"b5cba30a41da28a4\"","dc3_server_salt":"\"6608d858959a2a95\"","user_auth":"{\"dcID\":2,\"date\":1698578501,\"id\":6478549145}","xt_instance":"{\"id\":67795337,\"idle\":true,\"time\":1698578517632}","dc":"2","dc4_auth_key":"\"acb7aaa0b9d66ab2bc0cb30f781d63269683a723597296dcc62c6bc16f02cb9012ca9727ef349453e19303bf34ee847bc5b89cddf63db93b2773a0da6c21dbe6e172b6e1a2336894552484b433c3bd36ad0f5531ac5a0d258650f94142ae2c9b7714055c1269407de9e11896d94bda3d0e4954696a32f9f687cd01053339fe6a1539f5cc345f1c32f3072cd94210e81738ad1b4633404536fac0afdecd9d838c8068b272e0cbab238c95841cdf12d14d041b886adaa76e9bba46d2769ca68eee73f5d60af9b34bb35916ab64524a134afbd81f21651a4bf5a8aa36ea6f8d3353fbdad7a155adbdad3eb3cec174b4ed540f2847b03386d9618a0500a4c621a866\"","":"","dc2_auth_key":"\"6ec72a8886ff80ba911baa0978e1231b9c2586896647b2136cdb5b6d555194499edcc2d03bdca4d750ccd9bb85bb1d113abc4c4615d72ef6f517f897957e42a4d81693ed80286e51410dcfffbd82a0606b2e2412d7ce47613b90ff94903b4a78e3c8a097cc468e6fa7d8e800be5afc24c52592fcd0f74ce0d9d051da6d64c8e5fd4a64113dc0afa1bc2ec0e7c44ed9554a392f1b96c160bd04162cedf2b9a81236c2908a0b59bab9212478cb2eda62e1fbe187e89e474f850011b39122d0bff80c1ad4dca1a78be61b093ad84f0b407c2c49c8cd99c74d2d678c79621538fd094c52119af49d2d4fdd8006f4cf113d131f201f9b670d266f124170415e8ee85e\"","dc4_server_salt":"\"1b6755755dd28073\"","tgme_sync":"{\"canRedirect\":true,\"ts\":1698578504}","server_time_offset":"0","dc2_server_salt":"\"178745e6416b163b\"","state_id":"2702238067","auth_key_fingerprint":"\"6ec72a88\"","dc1_auth_key":"\"5d9313e5caf596628770a9aab7422dc4a286ae01c9698ea99b649e92c5708df397b22c4aa0716f47044d977bc00be4bfe5487680f177a86749248e553522c40ee6c9de168d6eaa044169949d7b3b509e166bc180ac8273ad897403834fd01733e9bd9f2fe1e2717301ba2ff5bbeda7a7c07b155b8efa4e76f273950c95857a48902218530d74841facbe49b05652e075a1f5fe3f1e33645ca4c0d2e624dd5466e69a9d4b78c5348072f12d7e3ba221c9b5df432faf99eea1c6875941727838fc59e06a8693bc00a38efe18f5138e8e72be6fa2fa5c256c423f2474829f19b2f8e1860ae1c7b1695616cabe026d73c5aa6de854df4ed91f50b23c373a82d912a2\"","dc1_server_salt":"\"a7d02dae16c795f0\"","dc5_auth_key":"\"73e35ecb17cf74e881dec3bc8f4ce315a6effc35705ab1df7f62af0ba2da740f63d0ea4ca9ea055dc6325f1142f69e2d97f73b3628dbb002731922881c1e144aa7cc7445642867acd3ca87c556b028a508887c6e6d5a8bd38188696c56ed3a48c6d814642272fb2d92860ba2e4f6f866be66d5c4d9c1497446e6cc1409a0116d5f5bd12c183fafedd8b89d650287cd90809cdc71a3042d5263ac697c4cea7cbb2afb60167b6ee69f6fb37bb861397e31e53cb62bb3380f5ddc4136c21d7c3cf14ae468c3bf806eda18ee63119ba9f96a04db16eba4ed65344e8cc9cb889807259bbfeeaf0c908908d6884979099d4628ecccf1e4b39280c22767a6f50af9623c\"","tt-global-state":""}
VM72:1 —————-
undefined
