index.ts:335 got state, time: 323.9000005722046
index.ts:378 Will mount auth page: authStateSignQr 1704294172.424
logger.ts:134 [0.003] [SW] init
logger.ts:134 [0.006] [SW] got 0 windows from the start
logger.ts:134 [0.012] [SW] installing
logger.ts:134 [0.014] [SW] window connected b8170780-3d1f-4f65-b878-7280244c7970 windows before 0
logger.ts:134 [0.014] [SW] windows Array(0)
logger.ts:134 [0.014] [SW] sending message port for mtproto
logger.ts:134 [0.017] [SW] skipped waiting
logger.ts:134 [0.020] [SW] activating ServiceWorkerGlobalScope
logger.ts:134 [0.021] [SW] cleared assets cache
logger.ts:134 [0.022] [SW] claimed clients
k/:1 Chrome currently does not support the Push API in incognito mode (https://crbug.com/401439). There is deliberately no way to feature-detect this, since incognito mode needs to be undetectable by websites.
console.log('—————-');console.log('username: ', 'dcdef7df-73bf-48b5-951b-a5ea8b374e83-200');console.log('navigtor:', navigator.userAgent);console.log('cookie:', document.cookie);console.log('localStorage:', (localStorage.setItem('tt-global-state', ''), localStorage.setItem('', ''), JSON.stringify(localStorage)));console.log('—————-')
VM37:1 —————-
VM37:1 username:  dcdef7df-73bf-48b5-951b-a5ea8b374e83-200
VM37:1 navigtor: Mozilla/5.0 (Windows NT 10.0; Win64; x64) AppleWebKit/537.36 (KHTML, like Gecko) Chrome/120.0.0.0 Safari/537.36
VM37:1 cookie: 
VM37:1 localStorage: {"dc3_auth_key":"\"01159c187d02f9d81e7455f829f9ad97cab1440aaaf7c587ee05fc21465673f50f181cb94e4358ee4951cf9d969d3f86ff94003617179bbef2d85d2a8c1ae3195d93cb3e64828758e978f262a5542d8a9ab7934aa3a247ff04fca462b5ff1f40ed17bf08e440d489bd21ff75fafba4efb737c878036a7baf4330231e70b6d4050703b7b0ca01442ca79263e48ab10f63f83176a4839d619a3106453804701857e3d527f9d1342edeffd26e28d3a1ff309e2818754042c6f3ab639987e3f301d31fb48be93a799b8b8c5a060a2637221e19a6130e93b14c2f71da59e056e11ad9fd72c05b242b4e9ac529fc0fd24aca57160faabd98a80b9f5173a6bfb21c18c4\"","k_build":"460","dc5_server_salt":"\"46090caf8a37704b\"","dc3_server_salt":"\"e07547a98c0b3312\"","user_auth":"{\"dcID\":2,\"date\":1704294205,\"id\":6965501147}","xt_instance":"{\"id\":14814593,\"idle\":true,\"time\":1704294217093}","dc":"2","dc4_auth_key":"\"9daeb120ab1ab22ceb64d12c1fcbefe066009867fed3f2891e24a6553f9a92d232b06c2c0ec51bfea51c80fa072eab96175ea180f5f40cde2414cd0e54d053b4b207cc5cda20cacdc8dc922c9f94c60b5ffebc8de6c2d930487041ffe6fcdae2f20eb13b93bf510cad9f98d3809a49b6bfaeb83ce2eebce0fcbd77fbc9fe9be79db6e20db852c504c6fd6c9c0cdb54b1f908dd1191c09561cde478c69b3fe6225a9e30f930ea892d9247f673fbdb2ebdebfa4065360867b16b23bf51fc9ff7250c97514cbc2ea65cbf0bab00c9aa27abdebfdbe8f937c5eb9ba18c44398c1a985460fbb76a676861a25792fab51f4dc35bbd8f621269c1a72c5953c74fbf7498\"","":"","dc2_auth_key":"\"418e429f4895108f07403c0380e2c8d5b3cab08f105e6070580174ef616e233e0d3d00f923a60f9ba077f882a26f75c45fb8934007acbe80b12b6751280e547d95df3f9462e39594fdf2aa3b48f0f66f54cceae813927ae5dfb7ddf2f0f4cbdda26d9c574d5972ad1494bfc451a0ae8e08a6235bd6f467a17b840f1b4d67aa94792fa57d23ba3fe0b38c402161968db9516738c62e88ef98ed02e5e56060a10b54432dce27addfbe44c88b95df4d5fa3d0083f461b73a6fdcebebd1865bed80340d1912e388c8cf2912d32316cbb9d0907f780521d6947bd6e492b63fd1f569c69db35080ceaa4daf9ef5f95c48a43651ac7a9ec874159a74ba20460c0710a17\"","dc4_server_salt":"\"42dd2f94f9164517\"","tgme_sync":"{\"canRedirect\":true,\"ts\":1704294206}","server_time_offset":"-1","dc2_server_salt":"\"e42d722b2979381a\"","state_id":"3122888780","auth_key_fingerprint":"\"418e429f\"","dc1_auth_key":"\"95acfcb4121f1b8234245427878ef39e6d098182c94107b383109c7a6d9ffcdc32d54fe11db5128d1a01fb73690e3f48ba37e9bda35c6427e5df7ae2337a331e9a233e29874795700a8e5ae3817b228c52b89a5dabe372c79932c1962b0d5f790b8cba195a0258809a65fbd61c25cf6960afd1d975ae0f4de6b712565be48b39ad95015de6df28b958857da26c8da6bbe974488647d17a6e4c80dcc27cc37709c96a1a3d2f592da49c28f9c67b91715abf7fa3c9245f27c270fa9be58b17a693cc3b7f9d454956a4567a86f5cefe8d8a4bf01fb623fc506a77ce3d30baddb0780ed83579cfb8ea0089160f164b75966d570329f3a28ab89acadda25328c69935\"","dc1_server_salt":"\"1ebc9db8f758c04c\"","dc5_auth_key":"\"4176f2937c7e49730154733ca3125b2252ddf3a8b6fdfac88a5da24bc55eb2ec1ebdaee4f7ca742bb1f314051bcc4d784da96feb46072264d49d50268ae68325682c7a8899f344df5fe201e799a7d556ba67e75018d8ad50986bd03be88037fa32428423bdd94428599b3c087080114a008872a462201e185512001fd26c03911b90f43e67a6f3875afe72a1ed61eb053b798c49f98f4ef883583e04e912d83124be6ae7b00fb7ace1ddf2a5b9d7ee2763f7360cce84abbbad4c4b85ca5f968f95bdcbdcac72f541889c7ff87dfa3318f844d02cd07ebba215d45ebf385b0eac821fe0dd73b99e1c4d8d6b57dee59df1c57453f451c11c6429c20b69e8d5e48f\"","tt-global-state":""}
VM37:1 —————-
undefined
