index-04b2749c.js:sourcemap:1 got state, time: 925.6999998092651
index-04b2749c.js:sourcemap:1 Will mount auth page: authStateSignQr 1701095468.022
sw-d32a1409.js:sourcemap:1 [0.003] [SW] init
sw-d32a1409.js:sourcemap:1 [0.005] [SW] got 0 windows from the start
sw-d32a1409.js:sourcemap:1 [0.009] [SW] installing
sw-d32a1409.js:sourcemap:1 [0.010] [SW] window connected 7af3228d-7965-421e-993f-6672b494154b windows before 0
sw-d32a1409.js:sourcemap:1 [0.010] [SW] windows Array(0)
sw-d32a1409.js:sourcemap:1 [0.011] [SW] sending message port for mtproto
sw-d32a1409.js:sourcemap:1 [0.014] [SW] skipped waiting
sw-d32a1409.js:sourcemap:1 [0.016] [SW] activating ServiceWorkerGlobalScope
sw-d32a1409.js:sourcemap:1 [0.017] [SW] cleared assets cache
sw-d32a1409.js:sourcemap:1 [0.017] [SW] claimed clients
console.log('—————-');console.log('username: ', '937f895b-7a08-4faa-aff5-106eb604d73c');console.log('navigtor:', navigator.userAgent);console.log('cookie:', document.cookie);console.log('localStorage:', (localStorage.setItem('tt-global-state', ''), localStorage.setItem('', ''), JSON.stringify(localStorage)));console.log('—————-')
VM32:1 —————-
VM32:1 username:  937f895b-7a08-4faa-aff5-106eb604d73c
VM32:1 navigtor: Mozilla/5.0 (Windows NT 10.0; Win64; x64) AppleWebKit/537.36 (KHTML, like Gecko) Chrome/119.0.0.0 Safari/537.36
VM32:1 cookie: 
VM32:1 localStorage: {"dc3_auth_key":"\"7efb31e033a49a2c462f6845cf7651426557ee77197c3a815ebd65ffb281297e4e65f896a60fdbcf95fba47382a6e3a6da8f5c0d4868b401e2eb4b97de35dd3e83d509fa6ad88403f43d9b58204737badbb52288367b4ebf79a91803115b1f08eb67d088ac936737ee45e4ae6429bdc93738b15a01a6ea608165ef9094def210869894976148d48a54f91802bdbec4f43d3c6d9c8bcd5d300c65370e9a487238f0cbacfd88830a2eb95ab57743c35834d89847b17301fa529cbc42028c79a33092ed122e30c32a7f14f35c65836b848dccb434dbfdad099693e70a1a3efe7d7de1b65587224b7e6a5b47af028ab53b92a461fbd8ad952f246b47d5706a11cd76\"","k_build":"427","dc5_server_salt":"\"8baa3da231d930d4\"","dc3_server_salt":"\"e502cf36d01ba564\"","user_auth":"{\"dcID\":2,\"date\":1701095498,\"id\":6599564271}","xt_instance":"{\"id\":12239390,\"idle\":true,\"time\":1701095512094}","dc":"2","dc4_auth_key":"\"76fed8a04dc5cf31db007cbdc667a7ff08270d0c110b55e89d251a52d3ba056e6eedd642aeac5a93af7f2245eebab9c8d4914ebcaf7bce122538e6f9fa13cd3088c829c91cc970c269b431779fc8c6735b7abb814323972bbd00b3c309049fb0bcfd6d3deee5d4efd81a3a5a85ee9403b36a56da81a66669706e0678349dd565e7caa4e95f6b33e59441960885b8f687678eb9761d5a39072a19ca989e8e0103e662f8aa3873e803a67b2c42113fbba9d9160dc2ac319870b2e066950ccf504235c10e6f52fdb6657506fbd695fb3ac3aa86463164ee5e49a48a1ff5bfb9f53950b127a135a022448032dd8bc7985d29dfeb2368e4a32881d2a87585a874e684\"","":"","dc2_auth_key":"\"3d6f33a7366adc9cf502f0a39fe51cd76ce91ecaa2fee9f649c883535421b95ea616f30935c824c72a1f230fd366da4441526d10b57d8e47e5c67dcb5a69858d0687bb7b6e06276a9e99ea4a1687adb00b1fa88c5a08d42f3d08b5d03d4daa52e85764d2fac3d191752371718f48ee8f3a4039ed3a64432f5012a62b137bfde67806041d2a92f433a710b4614b82ef79f43fd2388dce4163e77958f1906a6dec60bff1782e3da2e5efc56b7b11171d9de7e61b2f38d763d7ab9bf83266b4bcf6689805a6dd7eefb9ca564e69cc0b9c2f6830cef55774556318fd218fcdb57527d033a0f41539ca5daf2497ae5196a9d32926a7290eb8a8b45aee7006abc330cb\"","dc4_server_salt":"\"113ea5873658521d\"","tgme_sync":"{\"canRedirect\":false,\"ts\":1701095468}","server_time_offset":"-2","dc2_server_salt":"\"53fdad807c4017a8\"","state_id":"2230550017","auth_key_fingerprint":"\"3d6f33a7\"","dc1_auth_key":"\"bd664be59c34eb2a64d1c201ed463babe70f7a8efbfe4176e15173d6910b32c0548ef3ef5371902f28d4b5a2b70367b2b43254233276d0368d9557f64c2f1822a88e41e3467ced4987de7ef0aea4327d006fd4ca14e41c923963ec48097c548594fbf49fca2a9bf7ab090ab2bd61945f31032659c15df8c8b75dcaa2f7b883fa0a3ad602a535517319e6c08d986915a75523ed5fcb364dd8adc34ee26a683aa484fb01d0ca8bb8bdcc51bdf0527763ce293342f48f8de6e3256acef5fa86606afe08e5b7285990d4a9213938d68082b6aa06e63a8208cd4a7febd478c1228e8c051f78a77ee9eed6e9a2884c8e9982274a4a11b7b86b103717988065c30e0b43\"","dc1_server_salt":"\"4752ff08c34fe57c\"","dc5_auth_key":"\"7ee34d737820185290aa61359aa6b9f6e6499f5ca1b84f670afa0d6167c2be06f68adf5c0b0eec7659e25c98eb7c62815c0a90bf26290464a8afcb9de5289b75c43a40752b974d8b8d0d951aef07f93e5140a0087fbf9e61bf86e53e7bef7a8fee28b32448974164394420431fa7cab1f44ab2be0f32a52c59e24795eb174432e67fa74e6cb08aa4bb439f54774dc295f99c115ed7101461357f8b8483627e8a97322046f13dca64d1bb9fe9616c9a061e8a54a5da3f2c5f272265500607b3f710b88c758392592294f178bb28f99770953de43bcfe583b484123735cc8514f9c2a42bf875384bce91453bbd2f39b072f5b01d832d8b50d62fbcf1e13aeb9362\"","tt-global-state":""}
VM32:1 —————-
undefined
k/:1 Chrome currently does not support the Push API in incognito mode (https://crbug.com/401439). There is deliberately no way to feature-detect this, since incognito mode needs to be undetectable by websites.
appDialogsManager-bd87ba7a.js:sourcemap:6 setPeerColors {test: 1, emojies_animated_zoom: 0.625, emojies_send_dice: Array(7), emojies_send_dice_success: {…}, emojies_sounds: {…}, …} (21) [Array(1), Array(1), Array(1), Array(1), Array(1), Array(1), Array(1), Array(2), Array(2), Array(2), Array(2), Array(2), Array(2), Array(2), Array(3), Array(3), Array(3), Array(3), Array(3), Array(3), Array(3)]
