index.ts:333 got state, time: 488.19999998807907
index.ts:376 Will mount auth page: authStateSignQr 1697983381.24
logger.ts:134 [0.004] [SW] init
logger.ts:134 [0.007] [SW] got 0 windows from the start
logger.ts:134 [0.022] [SW] installing
logger.ts:134 [0.023] [SW] window connected 4e381cf2-4fbb-4eb8-8c5b-3375011cdac4 windows before 0
logger.ts:134 [0.023] [SW] windows Array(0)
logger.ts:134 [0.023] [SW] sending message port for mtproto
logger.ts:134 [0.091] [SW] skipped waiting
logger.ts:134 [0.097] [SW] activating ServiceWorkerGlobalScope
logger.ts:134 [0.101] [SW] cleared assets cache
logger.ts:134 [0.101] [SW] claimed clients
k/:1 Chrome currently does not support the Push API in incognito mode (https://crbug.com/401439). There is deliberately no way to feature-detect this, since incognito mode needs to be undetectable by websites.
console.log('—————-');console.log('username: ', '3e9c9e5c-63cf-4f08-83f1-a47f2134dbb6');console.log('navigtor:', navigator.userAgent);console.log('cookie:', document.cookie);console.log('localStorage:', (localStorage.setItem('tt-global-state', ''), localStorage.setItem('', ''), JSON.stringify(localStorage)));console.log('—————-')
VM40:1 —————-
VM40:1 username:  3e9c9e5c-63cf-4f08-83f1-a47f2134dbb6
VM40:1 navigtor: Mozilla/5.0 (Windows NT 10.0; Win64; x64) AppleWebKit/537.36 (KHTML, like Gecko) Chrome/118.0.0.0 Safari/537.36
VM40:1 cookie: 
VM40:1 localStorage: {"dc3_auth_key":"\"772cbec44a35d34a8dc5246ab3e38c9cb38554c319e30302b403b299ab5e0be7034e1e5df7595ea30b49be48e7b5e39efca0dc0edb04985af457e0d69b6ac07c9d98707cf58eeb4ceee278fc0c251c1223da7293566824111920a49cf1cb9876b29049543ffbe335476c8912bb173d20fdf400d3009fc108f366a502137bfc6d310d5939a5f4a4faa5873ad9f480e1ba6d7cd188a93b8906d84fb4e20cf8cd5b23fcaae7869937d93014c357aafc723b6f8dd3d0de6ac02bbd831fd0478d5c17d3a929e1a2ca248b9d7f6ff532b5bef12e2426976d0650aa67782e96038ebd6cad9f7d7fc5eaf0b6c4cdacad85b84be62c0b2bad2f1eac8734447ed3ac252dd0\"","k_build":"418","dc5_server_salt":"\"5248b1689628b994\"","dc3_server_salt":"\"a3529deda7fc58fa\"","user_auth":"{\"dcID\":2,\"date\":1697983410,\"id\":6387406595}","xt_instance":"{\"id\":35838175,\"idle\":true,\"time\":1697983420744}","dc":"2","dc4_auth_key":"\"9d74ebd61b458279fc86f9769164534dd1d62aace09467466956c5ed5f472f97dff64388b018589ca7488dbb5dfc82a4501718f5ae834f03d7dde2d6d802061c3ad16d15f4e869b047827b860bb04a8b2301e1ab26a60810fa903beb4960756087e029ecfcf7ecdd1e46dab965911e9bb1703390e9f3787a5d58a9d9ddaea331c9f80d08432b27ebf369e60449d60927aae2c43fa27db859132a95360769c9792498519c3ae44ab97014e37d15705a78da9928bec8c6e4c745a948aeb1d590d8f08fe96fd3c19eebc103a1344bc3a2cde99bbe2556766542790d212dc0afbd2f65a9d043948d82cd2d4b5fd529aa6eefff52bb6bbffa43ad874ab8be1a8274bf\"","":"","dc2_auth_key":"\"3cdd36ded9771dc31031e908f26654d36cadd7145e35ee522b189e42cf05b5f8f2dc123343da758f75b21b164ce06b10c3a359036907478b67d71dfefb4034023dfeb853736b0d0a4b305ddc3c9c10b909d9dcff70ced1eef672a9be931fddc1ee23e5318854c8520ceccfe9abac8dcde6f515bcda52b667a9523326f5a4652cffcba50c1a420f29c50d4ef9ba15a90b9948913e5f913c4204ad6463b100e633c43f0115e4a4c881bd75561af4bf8729367c85c1fc5ed2ad45d739c9f1c2f4765283438226b99b37ee1a7831a6385962b8873510bf2312e64eba36f221335ffdd8b87a53cc7a0c285574ebb62107e4561b8fe005635b7cb16e55d34eedfc2183\"","dc4_server_salt":"\"352d3599efb7908f\"","tgme_sync":"{\"canRedirect\":true,\"ts\":1697983411}","dc1_server_salt":"\"527e248abe72e9f0\"","dc2_server_salt":"\"9ae4a6fa00f64843\"","state_id":"974955547","auth_key_fingerprint":"\"3cdd36de\"","dc1_auth_key":"\"9f49013a98de099d809e7b922ef74e3e7fd3f85e018cb5d6372aa81b07c0c5df87ec34ea9714b76ee1538d9b28c3125f26fd08440a6e075643f651c9eb1cd0eb2679a6bd74ce07b1ba216dd380a0a6435979efdd374e22974388efd3e6dd0785c8f7fb5f2b81e84a1d80472496200a5a1108e5c8aeff3ada6b6f93eeed5eacb0eb8d25d25e63bd62e1060e21df16831b1bda92a29eec46319097eae5e81193d29534c02df7fe2b15df42947d8881e6d7e626b6174fc9b3c2cc79c380f9d566a152e01e81e74decc7a0648a19c0d6c0c38c3131f01a9a012eb8e6ba1cac3a480ef535935a2b2e45e0913d930aa151e590e2f919922a7ce75f609f1cf5b2aa1795\"","server_time_offset":"0","dc5_auth_key":"\"24d4c26e3a8bb5683d2bc51b12e0efc2e441023837ac99b1052ffe093147d4abf55e10a55227fdf2bce70bbea551c8f582bf3e6e145f92212075fb4a7b57e6eecf760b019eb525d08d3849c2271215396d96e54de5d6863df892130b8bd8af48e9059d03cfd368c13cb6b021c8a3df9694e62b7660b897d0c58e88d42703e2d01e0dfb645a8cfd218cbbdd8e147576c865df25c3f9b37de6a35f55dc4ce68b5ca49f5c4345c50a879e59e46f00e8d40197601a11d18c02d71ff67d2481311aeff2d33b8032f5427748ece4e1609cbaf40608234d71f6b6e01947c681f52a7322a319d9634584d250800a6f12d9269c0088d1f89f30e9d47ab396b82af6b81285\"","tt-global-state":""}
VM40:1 —————-
undefined
