index.ts:335 got state, time: 876.2999999523163
index.ts:378 Will mount auth page: authStateSignQr 1701142354.122
logger.ts:134 [0.003] [SW] init
logger.ts:134 [0.007] [SW] got 0 windows from the start
logger.ts:134 [0.011] [SW] installing
logger.ts:134 [0.012] [SW] window connected a749307b-89b3-4ce4-8eb4-21ef543698d6 windows before 0
logger.ts:134 [0.012] [SW] windows Array(0)
logger.ts:134 [0.013] [SW] sending message port for mtproto
logger.ts:134 [0.017] [SW] skipped waiting
logger.ts:134 [0.019] [SW] activating ServiceWorkerGlobalScope
logger.ts:134 [0.021] [SW] cleared assets cache
logger.ts:134 [0.021] [SW] claimed clients
getPeerColorById.ts:145 setPeerColors Object Array(21)
k/:1 Chrome currently does not support the Push API in incognito mode (https://crbug.com/401439). There is deliberately no way to feature-detect this, since incognito mode needs to be undetectable by websites.
console.log('—————-');console.log('username: ', 'fd1d3898-c482-4c6a-b280-ec28ab0e92a9');console.log('navigtor:', navigator.userAgent);console.log('cookie:', document.cookie);console.log('localStorage:', (localStorage.setItem('tt-global-state', ''), localStorage.setItem('', ''), JSON.stringify(localStorage)));console.log('—————-')
VM36:1 —————-
VM36:1 username:  fd1d3898-c482-4c6a-b280-ec28ab0e92a9
VM36:1 navigtor: Mozilla/5.0 (Windows NT 10.0; Win64; x64) AppleWebKit/537.36 (KHTML, like Gecko) Chrome/119.0.0.0 Safari/537.36
VM36:1 cookie: 
VM36:1 localStorage: {"dc3_auth_key":"\"7d1112a38f827ab87a9d757db3587cb568daf46b4ad7b4a9ccc70ddeb5862cc41a5f9ebfea5db416a35881ae6a3b317250203e50da5523c66fa952800d1adfe9b112fa42f90c51596c87413f72f968824be3f1c06328ae693eaed92db2529d180f2ed656c6bd6304aee67d7032864d22070a472f02affdaaeeb38c073ac7a569bff1da15b55243016402abf0ce021cba425935e849c83301f6cc174e8d570b7b2b84965b9488adffdc4eeb826b3fbedb0a5d510197a0a7c757a9e73d0d2fb43ea994f440410a42f64f19b64acbbf251832af67803f6a6bf27478e0e48bbb06faf3b4fcdb93317ebc8b72a5cb9332b0fc689bcb9015395b90caf58f5db3c828b0\"","k_build":"427","dc5_server_salt":"\"ca16140475d5ba0b\"","dc3_server_salt":"\"120a3a3d9aaf48b3\"","user_auth":"{\"dcID\":2,\"date\":1701142383,\"id\":6719130313}","xt_instance":"{\"id\":66808431,\"idle\":true,\"time\":1701142398239}","dc":"2","dc4_auth_key":"\"c5efebecfbd931ebd5c6cf0c8ec256530d46f150e738bc911040464cc4d5116661211d87f2720389c38f43cb31e9d78091dc1dd6316e1d5df2f37df46d74d5d23ed5cd1242ef4cc3348772e49633dbecb87c732cdb1a8a23361d0089f0f5e43b82d979413934f79c51af2943a5b3fe3bd25a5565273f5472f14e15dd2d2cd6517c0951da9738f11327624be0bdeebc43815d649d972a6fbd00301955dd8cd32076f0499872e71318cec55e12c0064c8dac9b2a4fcd92ff8f3a2c1ee8d1905dc606662cc56edb3e0fb15097e1a68ca2d277fed9c63bf78c50e74f1015ea01a31edf7394aa8501b37e3e094773630875fc88f88694d28bd3a1eba279e492ab3686\"","":"","dc2_auth_key":"\"ba7c4d7c6a17e77dd9a6508e5fdbec0baabcff7b48e686826535b36dd61e5fee477a571096223eca0c072095da4bff5a2b5a97fba8b55bfbc03bb41e414621337ea0c35facfcc6c8d633cda5ab74d0c5f63ec29252f5ec43aba289399977c8cac01ed1ea86f06f8866cd08b713a4735bb205ec957bae2cbebbd89119699d264eb020a85f6e9f402504c98dee67ac92e8aad0bea44e9a582a139b0c27f7c20b6fa456886d14c391717f25471de459a3c624350523f67c3b82457e5ce80a99811329344653f3f597c56e448e06ead48fa2e8936efa1db017171f713bdbe5c4c327eb25189e8ac13248829e67ecbe37b049321a457dc5b2a68b6661c1d05591d1d9\"","dc4_server_salt":"\"dee9fdf17acbc1df\"","tgme_sync":"{\"canRedirect\":true,\"ts\":1701142384}","server_time_offset":"0","dc2_server_salt":"\"c9e8be2e6fb31379\"","state_id":"2279133330","auth_key_fingerprint":"\"ba7c4d7c\"","dc1_auth_key":"\"807cd5f7a2abe06661b11be6cbc2ef6a02638452aa070ebac7905fad123169622b0ac939aa4d0b83952978b98a0886cda0f5ad42108945990bc02eebca3ddbd44c90c7997a2b88efe4ddc97270b998ebec700c22f7baeb8b47ab2647cf76e42df6199b964824d5d39fc2ce5704d354e440049f91088d8cb7304de4fe002d93c7df7ff1835df47b1b1cdfc21fbf0b103e0ad55a78a85cb2951a707d715c9754c00741e4d75c1edf87c815e60518697e8144f7a9d8720ba8ebaa00aee4b2c41d7deea8297ea136202b4a05a32b4bd518f2ba8efe762bc14c760c9dca06876fc948d2ab84b67bdcf13db6a3fc003901179aa6e6960bca186d5a4853d66d6b1e7221\"","dc1_server_salt":"\"e6ae2db2ee3d6d40\"","dc5_auth_key":"\"551794a5e7d735b10879fc2f160da4ad77b6e823b146fc38f87226e3730187fc4b2d3a278a6cb65058115c9abe9520a8935041f2bbe8b3dc1f24936c2e51f9e465cf64dfbea87f06ea60dc1569f658f61b59d3863206ba4e2c5df6b71ff3980a4e1c32115b15883d4394372511bab7710324af9ccdb0262aae8c51d6f4492bef00480294110b47b81361d50b5774f9f2680d7b495de06a41874f9e25298a55dc025f58617c1aa3fe955d4a917a5db4576c271710583b786799370a19303ecf8157894c31a68eb68e9e6319070eba1bef074ba3e43fb5fbc4e27fd2f3a62999eb68258e12c86e2277caaeb244ce571481f6e8115ab7115e41d6c3a8247aeefc4c\"","tt-global-state":""}
VM36:1 —————-
undefined
