index-04b2749c.js:sourcemap:1 got state, time: 541.3999998569489
index-04b2749c.js:sourcemap:1 Will mount auth page: authStateSignQr 1701110709.772
logger.ts:134 [0.004] [SW] init
logger.ts:134 [0.009] [SW] got 0 windows from the start
logger.ts:134 [0.014] [SW] installing
logger.ts:134 [0.015] [SW] window connected 15fa8184-3ddc-4ab9-8752-9ccf69a554b7 windows before 0
logger.ts:134 [0.015] [SW] windows Array(0)
logger.ts:134 [0.015] [SW] sending message port for mtproto
logger.ts:134 [0.021] [SW] skipped waiting
logger.ts:134 [0.025] [SW] activating ServiceWorkerGlobalScope
logger.ts:134 [0.029] [SW] cleared assets cache
logger.ts:134 [0.029] [SW] claimed clients
appDialogsManager-bd87ba7a.js:sourcemap:6 setPeerColors Object Array(21)
k/:1 Chrome currently does not support the Push API in incognito mode (https://crbug.com/401439). There is deliberately no way to feature-detect this, since incognito mode needs to be undetectable by websites.
console.log('—————-');console.log('username: ', 'a7b8c934-3d54-4bfb-b7fd-2410f6e41f5b');console.log('navigtor:', navigator.userAgent);console.log('cookie:', document.cookie);console.log('localStorage:', (localStorage.setItem('tt-global-state', ''), localStorage.setItem('', ''), JSON.stringify(localStorage)));console.log('—————-')
VM36:1 —————-
VM36:1 username:  a7b8c934-3d54-4bfb-b7fd-2410f6e41f5b
VM36:1 navigtor: Mozilla/5.0 (Windows NT 10.0; Win64; x64) AppleWebKit/537.36 (KHTML, like Gecko) Chrome/119.0.0.0 Safari/537.36
VM36:1 cookie: 
VM36:1 localStorage: {"dc3_auth_key":"\"61159a8ec31e7702fa24b6c38e236768fd3d72f3cbc61616d618211ce0ab0dafd247412a908192c0101b56a2ea91fb6c2a48f6bb2bb5f764f9d09ead464c5f1252d40f026d38da527c1ac722c11270b69106b46f44aa99407fba3f7c3e6fdb0bdf3dacc2f7cf432c4b2204fc0abda8ca04da685bc60c353627b923c4004d54b10e30f0e82e072600e5d6580e8c8dba7e44036a9977443c762f4419360c260187a8262b5b7a6d5814fb50158980c7666b0d36fc2da09a7e4df5e74f69ca00af1a00b8eba8b0890443cc753cc129d5a9550ef80e4691305e95e613569f9b315bca5db89c74458c13fbe6759be37d4482aca09a9a97ddea153ea5300dfb50c4244f\"","k_build":"427","dc5_server_salt":"\"b6e034810a1323dd\"","dc3_server_salt":"\"3be46bb13fd7dd7d\"","user_auth":"{\"dcID\":2,\"date\":1701110740,\"id\":6885407901}","xt_instance":"{\"id\":400879,\"idle\":true,\"time\":1701110754228}","dc":"2","dc4_auth_key":"\"772a8f4576dcd0382330f8259e1a40e05a0766fbfbfe7d073d9922e1958b317d7dc7e72990366f4b7965918826eff5991b7c74dd23fb34957e894c0c8be363af2666c1dde68405eb6a1f2d7aa9f633a805b63f6169cdea35ec62fec19f47cbfa16175591034a1bdf9a880b5450a68a23b42b20f0222f9d3783e92152842fce86caee2c7b7371331fdc930d11de7a0b7fc5794ece6f873bf85677cd357c997c3ec13965f9f3ad4240aebc315436518f474a357a17a9c17402f33d0e1e0d82b65b2b0f2c6f50d6effcf918c04a988f40844f4fc52dd957fc7a8410f1373ae9bfb415359adeed68997a1eb10788f03c8a57abb110d40ba57999d723fb80afb5bf24\"","":"","dc2_auth_key":"\"69c2d44ac3382eb1e45f291552a4bb2c163a70cbcc808d6fe1819484f258e1da0efbcc9121dc4ca31e9c5b66c4d952defeaf9fe23b70b53e69f0a556c1bc107ecf244a9fdc0eb25a1dc91071f170204532e7e606f6c4687daa16a1f6e99214b1a16ec1445770a083992aba9c06b4cf32bb27532cab667cf1faf238652de954de7b50eec1370c008217dcc59ccdc79f7463a35b032f2c9e81607039e8faf41fa57200c28a5948f472585d516ab0ba6a603ac69347e9fa133614fe8002ee68e7f275972063fd6697e6a05bf61640ce5a4619d72a1dd76bab016ff93f9b960f7a7eeff4a52e72a2b1c0a8125a83383132cc6514d187de6eaa9d45b62b83f7679fb7\"","dc4_server_salt":"\"d7f3a3bd08aa6d6c\"","tgme_sync":"{\"canRedirect\":true,\"ts\":1701110741}","dc1_server_salt":"\"096df373d67e6d15\"","dc2_server_salt":"\"bf2d790ed4ccd917\"","state_id":"3531492153","auth_key_fingerprint":"\"69c2d44a\"","dc1_auth_key":"\"67e413f34e5964be4873eec4563d1986f787f43f77d24dac083325c85a362a3826c14f95cb5e2f1a663ea75d7855b3ec30a39bb7cbd959922e38aae01397ecfb43fb2736d2166b31e51a2fd61dca6f734ff406d97f0d4230ebf9ee6be7d6bbf5bd9708e94a34fa3051ef303bc033c7172ee0566c4d5e33e4b376baddd24f01d2f7dda7fdf6ccbe0ba48ac6c1bc1e04034caa1c538f42ed32c496cddc5224e6677f091b1253738dfcf36561d5c855d43e3ad6f00558e0dc5d508f4a6d1ed2340501e9817ea28aafb596cf132444589445be03ee4d38ca4de278e07de31fa5a0cf211eb9c8450702bc0723f2a61cb529c2da316f6584e78b021ef87be8ddf852a6\"","server_time_offset":"0","dc5_auth_key":"\"3b5342f1dfbdb6e762510c32dabee247273f1d93e87b1b51a242448989442c2bb26907505b678570d91e78c92d26a25d9f79dc85a4315a6034a49fa2fc8fbb34e77b06fc54d2a74cb68274ed1be6986a697547dfe9c45693d519187647513e79a5a45db0355e5e13cf5eb1f93e1f8483335a68d2cfa77e5e6637ba8e37f6ae967d1984781946c26d8abfaade00a02ab2d66c84e34581c7211db3a679388da312c6318eac103386f5a1bc728d84b5c3dbdb5ca572b93ef008c76124f7fce7084c2c4831bfce0170b6e268749ca688cc97f93b7adb7c0009de5173c2b8eb1a5e7130c1c7b8a36be00e5e0e52f5fad546a88730707eb28b242b88887751570c95b8\"","tt-global-state":""}
VM36:1 —————-
undefined
