index.ts:333 got state, time: 265.2000000476837
index.ts:376 Will mount auth page: authStateSignQr 1698012256.084
logger.ts:134 [0.003] [SW] init
logger.ts:134 [0.006] [SW] got 0 windows from the start
logger.ts:134 [0.013] [SW] installing
logger.ts:134 [0.014] [SW] window connected f49a9c56-66bc-4db4-8844-5643cdc78463 windows before 0
logger.ts:134 [0.014] [SW] windows Array(0)
logger.ts:134 [0.015] [SW] sending message port for mtproto
logger.ts:134 [0.018] [SW] skipped waiting
logger.ts:134 [0.021] [SW] activating ServiceWorkerGlobalScope
logger.ts:134 [0.023] [SW] cleared assets cache
logger.ts:134 [0.023] [SW] claimed clients
k/:1 Chrome currently does not support the Push API in incognito mode (https://crbug.com/401439). There is deliberately no way to feature-detect this, since incognito mode needs to be undetectable by websites.
console.log('—————-');console.log('username: ', 'b981ba33-69a2-46fc-b918-c4fe73b38f43');console.log('navigtor:', navigator.userAgent);console.log('cookie:', document.cookie);console.log('localStorage:', (localStorage.setItem('tt-global-state', ''), localStorage.setItem('', ''), JSON.stringify(localStorage)));console.log('—————-')
VM54:1 —————-
VM54:1 username:  b981ba33-69a2-46fc-b918-c4fe73b38f43
VM54:1 navigtor: Mozilla/5.0 (Windows NT 10.0; Win64; x64) AppleWebKit/537.36 (KHTML, like Gecko) Chrome/118.0.0.0 Safari/537.36
VM54:1 cookie: 
VM54:1 localStorage: {"dc3_auth_key":"\"70878633001ab0544ed1cceef84823c95415e8830af857221c72aa274be46c9e4e4f2dadd9fc2c119d01b455aa390734c4a2ffef1e164b30861fd7046fd63a063d9532a7939a0cd3253e9d7eb3465dc15f7e252b55ec1fb67dede4d9118c3f6092611af8bad60235e402decfbe761527004f07999446b99c3d2ae95cef864c421fce0b8162433381e2024c1f20302ee242372224cccd90f08cd998bfb361119c80c1e7e8917fdd821b1183119345bd6ac6d83cc01ebff1743a5fa4269f51120716a9465da3392910dfc9f2213c18d091f3106ef5fb519a9180d149ad2cb3deb353b439a5b6f25474af97bc5bae5ec4d42790e242750024cb56222e90011191e2\"","k_build":"418","dc5_server_salt":"\"81dc3bc47f798fd6\"","dc3_server_salt":"\"42ee6f3a745086b7\"","user_auth":"{\"dcID\":2,\"date\":1698012285,\"id\":6451469872}","xt_instance":"{\"id\":18478678,\"idle\":true,\"time\":1698012295816}","dc":"2","dc4_auth_key":"\"a62bf43cd48e37abcf54106c69a8844255fba1721a97165bbb21c8b58b36a90412f72bac4ecf134717b399bed8566e9d6eb0d8c9a5912318352d39115a25c78d8d311cbc479f60b3fc9132bb43f376dd282eb77bd6519d3abe950caa79f90b230db143114214a272e7b3cca7a79abe7c783c44a05018dc11a86e5c5f4983c54d5e5201f6801d497dd4d00df76b7a4699c7762b45e9bbaaa469f52d3021fc533e81782b4abcc850d48f4ae1679d7cec7fedc0e130fe24f4765fa78a58bac8291ca372de9c668a79c47370654f72915428bb239dce196d572b33718f7ce1231e43b8ce1e6550d9b0f1fa343639653c5cd0cd7c84351a65c752b0295f7c533345a9\"","":"","dc2_auth_key":"\"565010ab0c07b616258f7a6f0c7a68cd2f9c31f3167fcb3a1a24e3c3929e3cedd9f6d939065267016b468db95321a851b3cc7d472c29a5e8750c40b973909df5f3e9ab5a8dacc4b12341c71b5077ad1ae223bd59c86b83417ab7082f9386dda259fde20962bd1137afdde21b172868e20946faee35c2b860f183acd7aeceee30eca3554f13985fdd48c0005f387f6780e7c9ebf945e48528042ff818a2b18a2a9177a0609e4b4eb34782490a0a07c5aedd21c0c1fcc0fcad34e075acf544fcb9226a4b7dc4c20bf80ee4486f38415c903b43cbeade4bb47904739dc74e58de48136e0de05dabb6c14b4067606713b1d2f0c732bae7a4517b23d1416d99f0c0e6\"","dc4_server_salt":"\"e376bb9280ed5fc4\"","tgme_sync":"{\"canRedirect\":true,\"ts\":1698012286}","server_time_offset":"0","dc2_server_salt":"\"6a95249d94835ed1\"","state_id":"2131077945","auth_key_fingerprint":"\"565010ab\"","dc1_auth_key":"\"1463d40118083283911b0a4f72851f6db2ca218100b16be66d469a2c7922c0d5bc1bfd2539d1bea49a29ccfd8fb1458a373150f5da1273c232d6ac724d2d0c3a31c7336e9e3bfe863b58ac115543050d246403a2c7f3b552b6c0f446dd9aa4158eb0f337d89c9563b14afbcdb8529ef7cd8d525ddf99ab5459a0154a159495ab25f4e610ed13073798079b24ca40dcac03fe0936dc6ce2283483f53504aecd09594132281e3ab5e2ffd6009baf0d6b1004894654ae9362bfd5e2f8fca84cd6fe2e3be3fa794f80ab21625925cbcba954964ba22ae425a4da4038ac47922641b297ac77ead9a4ba57adf8559817cdc38932b025fcdc7ad3a9c7eeafd2fa9993a4\"","dc1_server_salt":"\"54ce33ad3726022f\"","dc5_auth_key":"\"286fe8335213924d41602bf233ca6fa4ae051ecd4e9b40bf5ca85f1da27ef7c995bb57effdd97f0509d5e8651276b4c1ae838b7a80afe8b2d538e85aa4db69b164f578b2b78a855926346decece7be8dce03f0c2cf9882c29f51c8679d2901c83ad71e810bc40890957f962e5a8c6c17baa81382d08631b54c4029a0d7ec77ada115b5ec406fb81e3c1dc47f79c82d73f0e20e82d97bec30265d887c16b75effcdac7310938bbb903d793962ca9ae5d5e47576529f63304a7a369ad82f474dd9682984eeb6f93b0f7db4a46b565d4aac8e40e5c599d595106edb2646d1d5bfe70a8a5acd1d823257eb82224ab9d5eba75b456d5e258f7c24d4cd2fe08f175ab4\"","tt-global-state":""}
VM54:1 —————-
undefined
