index.ts:333 got state, time: 690.7999999523163
index.ts:376 Will mount auth page: authStateSignQr 1698586160.993
logger.ts:134 [0.003] [SW] init
logger.ts:134 [0.013] [SW] got 0 windows from the start
logger.ts:134 [0.017] [SW] installing
logger.ts:134 [0.019] [SW] window connected e90a9902-2fe4-4b22-a2e7-9810d8ced780 windows before 0
logger.ts:134 [0.019] [SW] windows Array(0)
logger.ts:134 [0.020] [SW] sending message port for mtproto
logger.ts:134 [0.052] [SW] skipped waiting
logger.ts:134 [0.055] [SW] activating ServiceWorkerGlobalScope
logger.ts:134 [0.057] [SW] cleared assets cache
logger.ts:134 [0.057] [SW] claimed clients
k/:1 Chrome currently does not support the Push API in incognito mode (https://crbug.com/401439). There is deliberately no way to feature-detect this, since incognito mode needs to be undetectable by websites.
console.log('—————-');console.log('username: ', 'b1378fb0-29ca-40f4-ae12-330b2522618f');console.log('navigtor:', navigator.userAgent);console.log('cookie:', document.cookie);console.log('localStorage:', (localStorage.setItem('tt-global-state', ''), localStorage.setItem('', ''), JSON.stringify(localStorage)));console.log('—————-')
VM64:1 —————-
VM64:1 username:  b1378fb0-29ca-40f4-ae12-330b2522618f
VM64:1 navigtor: Mozilla/5.0 (Windows NT 10.0; Win64; x64) AppleWebKit/537.36 (KHTML, like Gecko) Chrome/118.0.0.0 Safari/537.36
VM64:1 cookie: 
VM64:1 localStorage: {"dc3_auth_key":"\"045e8d428a0a8efb32be4f2ac5c1ee08c69432a66bccaae9e335e9b7ae38127a577d0147164c32c6b429d4e4381a4471b1eb6e9749af0e6f8877edcdd4529e3ab7cef8ba386842378c4c37edba0f5e0524d4bb1b142814a9633b52c6da3021b355e55d11eb03c9d52e231f5b571bff48c17388f010ac310ca77243620455dc115af090855a12dae87fd45e761e887dceef4fffc3d84d0e5c0f75bc455c758b91aecdb35f2cc86f3b9681b75f439e04af1af22aab036b8393bbf61f28fc174a5d7571436351465514b01651520e19345f567714773f9a0d4d91c324b0685c899e541a930f6c7116c1b0aeae76deb563f847903d7532a6bbb3a3267971f68a1114\"","k_build":"418","dc5_server_salt":"\"edfd18da221879ed\"","dc3_server_salt":"\"172a3223b946a96c\"","user_auth":"{\"dcID\":2,\"date\":1698586193,\"id\":6709112753}","xt_instance":"{\"id\":18823010,\"idle\":true,\"time\":1698586210295}","dc":"2","dc4_auth_key":"\"57349acff325e48cecd791caed781c4cfdb3ae5ebe5b566a7a41f10a13bddf5d682c30621299771c758621982d2b9f793f3a1560afccaa65788b6b2bc12f20064dab5e74eb5bb96320c81786789ecd53d390caa96f55aca0a594dd907d92c8e66759b091794030510afd48a6a7db86f09c36298e230191f8c9b90143d6a28dfdd38da980721a722086cab65dc74345804f59bdaf6208fdaca94cd74985d81862aa4d0c3ce74761eef200c94008579198f8c977b048dfcb8c024ee2846e2fccbb21da4f6f8a35bac0caee8be494ee51a37f6a6e2177295afb5c8377ea7a3b3253ab4ddf59885021ffdcc2d070961954e647fdd3ad276c1c4bcdc5bb30f5da2af7\"","":"","dc2_auth_key":"\"6b0b7651daab0e0fb7af153b45de8c77a2601384271ee0bff6249c7d326de2c69746e44199bde69b05ea2202b958b2d2c656079ec58f924fe6a12e75863205f72299684552770186c4ab8801deee279202aacfbb8e34b60a781120a077ccd6ba7ff9a07b03ada1d1eb26e0806746d6d4a8fbc9a56b7e82bcfcceffeefbd6eb1c19a8b9b19d4e08c786d66e42fff1cdf5ac7bdc54786592ec131d3bfbc3d1f88ac40aaa4e99c566b852b6ef7deaad0707ecd68bc7ca8154a82833d5ede1452c569ef363d7f6e8a839fc64963e49c70116c73614e848f6be425d35609d5426d25dc410f1cb96d3d6a67ee14bb9327ae13e84b8b70309b74e5a9e7b146fb1370f8f\"","dc4_server_salt":"\"abdb1906d6f059d4\"","tgme_sync":"{\"canRedirect\":true,\"ts\":1698586199}","dc1_server_salt":"\"3415312c2a4e9543\"","dc2_server_salt":"\"39d76d7613261faf\"","state_id":"1799492258","auth_key_fingerprint":"\"6b0b7651\"","dc1_auth_key":"\"aa7b95df4e74ce282b05e2835e97aa599e2adee00caf66eaa0e55919bad4f10b1fee0ad8383d9774310d7e8ef653eb82c98030aafd24a67d476bac07996bab9db0bf75bb02dcbde6d220d34d9065debd262ad58c64956409f49374f31a23aeaf5c2da0d472e6c28f4b3a2d64378b99d6a2d74a9318fb958e2907f76808ca382ac6c942d78451872d2d063cba826cb5434fb3ab64fde971945cb6555df7a14fef3b1e99a1cbf919e462f2f6304d447cf608f29eaa1776a6ca62328553446fc7dda199b5c94d3dd2ce66d8c226d3f505e33920ed2d518e71524eb5852b85d6e86c4cf0b3cbc664a7c54e5a41bacf8f00a660aea5c8a128bcd03390c01119da295c\"","server_time_offset":"0","dc5_auth_key":"\"7f1b95feeedd73289a5025893860cae92def1a9550b9c47908a96b6ddd937713046b5b750257befe8194d7b7e9df638f01b564d01f776db4c457b736d0d44246af3f2f0db90a948f486b8632f6c6bc3155f0cba05c3ebda9239a5f7d7788f1b59572c58da32aa6bd5c2671ddf35f31604b4c0cdcbac108c6e7eced5f7773207d8c73b4825bf2362ae0dd126718301f723a16bdbb364d084e47518f94e631f7ea53f7c916b76eed94949a2c53f3c35d0dd28c5e247dddc70eb29b0cf42cb04ae5250664f370021e8c02e8f8fd67394b310320bc8a81287bd3f53ab5c750f72e5afdbe0dbbaab0a240cc251d7bb8d31091e6bbfd4a44f5bec36595e990ec95a2e6\"","tt-global-state":""}
VM64:1 —————-
undefined
