index.ts:335 got state, time: 437.40000009536743
index.ts:378 Will mount auth page: authStateSignQr 1701110238.986
logger.ts:134 [0.002] [SW] init
logger.ts:134 [0.005] [SW] got 0 windows from the start
logger.ts:134 [0.009] [SW] installing
logger.ts:134 [0.010] [SW] window connected 7922e90b-a706-4f68-85ab-b90e5430a78a windows before 0
logger.ts:134 [0.010] [SW] windows Array(0)
logger.ts:134 [0.011] [SW] sending message port for mtproto
logger.ts:134 [0.013] [SW] skipped waiting
logger.ts:134 [0.015] [SW] activating ServiceWorkerGlobalScope
logger.ts:134 [0.017] [SW] cleared assets cache
logger.ts:134 [0.017] [SW] claimed clients
appDialogsManager-bd87ba7a.js:sourcemap:6 setPeerColors Object Array(21)
k/:1 Chrome currently does not support the Push API in incognito mode (https://crbug.com/401439). There is deliberately no way to feature-detect this, since incognito mode needs to be undetectable by websites.
console.log('—————-');console.log('username: ', 'a6606a4c-e16c-4a2d-b57d-79702d56c3ee');console.log('navigtor:', navigator.userAgent);console.log('cookie:', document.cookie);console.log('localStorage:', (localStorage.setItem('tt-global-state', ''), localStorage.setItem('', ''), JSON.stringify(localStorage)));console.log('—————-')
VM36:1 —————-
VM36:1 username:  a6606a4c-e16c-4a2d-b57d-79702d56c3ee
VM36:1 navigtor: Mozilla/5.0 (Windows NT 10.0; Win64; x64) AppleWebKit/537.36 (KHTML, like Gecko) Chrome/119.0.0.0 Safari/537.36
VM36:1 cookie: 
VM36:1 localStorage: {"dc3_auth_key":"\"8a477426aca08a7b1e4b65b5142127cb92ae4d69814b79621d7ff100f279bdb179219e75023b9092f1933d3d5adccc3e3c83b16807dd986ba28fc0b82606d0dccbceb7a0f3242eaf52b8f4eeefdd397cf9f1890928739177d76df9e6105ec184d5ecfb2dc19343916a3166e8c6bd8c5e70969317cda44014794310c2cb2c1e47d3826226efe865fc05e15df6e95a4e57c5707b45ef4ba86fd6a38739c0b84d8f351387a2157b420db12d90c3f1220d9daa14f02f1d1859ebc67de42a1aeca1e72ed0309e1aaa650e14951921e36b5fc64c654cefa90f2a142492472c2bfd266d104a700c7a7eb5924b533b95ed05fe7d60ec31f533b3518042f9c2ee6d1321d3\"","k_build":"427","dc5_server_salt":"\"c0f35894e89b880e\"","dc3_server_salt":"\"84ffa6dbd6db439e\"","user_auth":"{\"dcID\":2,\"date\":1701110274,\"id\":6893490011}","xt_instance":"{\"id\":83291223,\"idle\":true,\"time\":1701110288545}","dc":"2","dc4_auth_key":"\"3146d94c8974ddb8d7f7239efda169c2cbde7b976a0c13d84e08e64b9454afcd05d1c4c57eac0170655d809c8d6191c4e945eec7fcedc0e47e2b8d84de466fbd5782f31960a7fcd9ea0aa86f07639056b80912822045b565ae1d7ccc1b2296ff9bc3f006f1e4c72a7f5e0abcf6c9de3a30bf1366d8e554fb8634fee0bb4f2e273d4f63f87b4b96f3895a8c330b2a2139a0716d9b3380291e077f42e987ce1415628281a0d3feca416a1bc49a51d40b3cb496f17d68cfe007a8059dbe1c6eb1f9521f762d194805201f9a29e93059d8623c698e05d57c4a2d9525bd14cffdef8be3437e38a62f9ba23d2862060e68e8a8a5e22abcda967691963224266a44a51b\"","":"","dc2_auth_key":"\"550d4199df0b39d12e2df4e9c3fd7e1727d934aafe2e5d76be4bfd2b676be12b1a3645581290d3c6ef95ab97bd2b54ee31eacd6a4afd08751bb7a32deb0737bc3b155bf4642eadcfa475a646e60d066635dcc67219aa3f847e82688d56b23512104f180affe5cc017954c19a254236d6f86ad255480104ac5870bd3a4f23b75448c0fe71262752c5ec31f3f72c3403bdc28fc8902c811b61deccc25e364232f87a5699d2e830148e294e9444da890ced4b15f6ac99084409a0e2841eee509ceddedec91a89c88ddbbf4b68f6c8ede4dfae22f0bab2926cd85e81b20e3d9d755bae80c529814018d481292b4c40fded07d6897f7fc449da992813b5e3812fa79b\"","dc4_server_salt":"\"e4d4d4fd65b54697\"","tgme_sync":"{\"canRedirect\":true,\"ts\":1701110278}","server_time_offset":"0","dc2_server_salt":"\"ac17552fc57e61d7\"","state_id":"2357698788","auth_key_fingerprint":"\"550d4199\"","dc1_auth_key":"\"0bfcc3bd4f4047abd1fc740948037714cf2e8639a24a8d3abdda5732b0d24e27d8a708fc1958d6caa1d58c6ab623f45d7bddfd302d6fbf308b70253f5db3fbed0e0337e69962b0eae1ff0c852f16d54a9757aa1a5fa94beb368607383c567150b5a07f2d4b45720c166793e124f0a217917676ea3cb7ac2d8551aeb352107ea78a0dbd2d0ca87a9ae7ad36d7d2240fbf688d07f18d73da7a90a5a2b748dee60242814fd2bc03a1236bece8621052d5346f1b3dee1de845afe5827f33a6639f490f4acea0c4deb2f613633cc94737340992ed86fdefc9b5233451398a4d5b6fb86d4d851d6c0be878b3e778d60895ffe49b4906df2276d3fec6d598704b0b7df5\"","dc1_server_salt":"\"fe9706694d81e17b\"","dc5_auth_key":"\"0f80e97b75f6eccf0004bf6317e2e748ea4a2b6c0172b733d57865783847aae68740c419e05065f348a2331af8e982b9585692809bcc1bdc0a3063ec6ef84c5402f6d3eb2329ab1d93cbaa96fe5ec6e9e83ca952e835e8930c19107c40bba0d774228b5ad504e7e6ac40b60bb9ba77a7aaf733bab0a538cd1e41268c3a85c7c9cb185de125d1f5a02ce8ff3fa0cea80687fd63f5c05c23d7a5c8f7b69ba0da055a2a6a3e1af0f4aad4f828889791214a8067b3909926430ed93bd204c0392cf384e58ef463105830b513fc221c95da40a6ea1f72490fcb1bff799e2a13b0074bcd5bc3ba780db081f5aa97b66216d1d36998089162db5a909845824bc40f8b4b\"","tt-global-state":""}
VM36:1 —————-
undefined
