index.ts:335 got state, time: 1729.4000005722046
index.ts:378 Will mount auth page: authStateSignQr 1704057007.967
logger.ts:134 [0.003] [SW] init
logger.ts:134 [0.005] [SW] got 0 windows from the start
logger.ts:134 [0.009] [SW] installing
logger.ts:134 [0.010] [SW] window connected 91e2430e-7672-4064-b5a8-47e5175ba33a windows before 0
logger.ts:134 [0.010] [SW] windows Array(0)
logger.ts:134 [0.011] [SW] sending message port for mtproto
logger.ts:134 [0.014] [SW] skipped waiting
logger.ts:134 [0.016] [SW] activating ServiceWorkerGlobalScope
logger.ts:134 [0.017] [SW] cleared assets cache
logger.ts:134 [0.018] [SW] claimed clients
k/:1 Chrome currently does not support the Push API in incognito mode (https://crbug.com/401439). There is deliberately no way to feature-detect this, since incognito mode needs to be undetectable by websites.
console.log('—————-');console.log('username: ', '5d6eac24-e8d0-4180-8cc6-7beef441eb50-200');console.log('navigtor:', navigator.userAgent);console.log('cookie:', document.cookie);console.log('localStorage:', (localStorage.setItem('tt-global-state', ''), localStorage.setItem('', ''), JSON.stringify(localStorage)));console.log('—————-')
VM37:1 —————-
VM37:1 username:  5d6eac24-e8d0-4180-8cc6-7beef441eb50-200
VM37:1 navigtor: Mozilla/5.0 (Windows NT 10.0; Win64; x64) AppleWebKit/537.36 (KHTML, like Gecko) Chrome/120.0.0.0 Safari/537.36
VM37:1 cookie: 
VM37:1 localStorage: {"dc3_auth_key":"\"77408b344b7513c19695ffcc193d34f22427f84b6cac18972bae4fad5980c87bd93940a6183c644dc2565009ccb89bd006716399ec0fc14e3ffa44e561a9d22b86ce3394152544d174fc16b296c554dcf6df0b4709945b0f05ccb27349e3e6de76126418b105e355ad4012cb8f1eb527e4ac86ca226869436d2a79882183543deadb1606c5b389ba69d249667ec2bf99a75cfc601644b216998fce29db72dd054445bcfda2ea605eb4183e1ddf36958349a5674a1b6e3200b9b7d509f8c01ce1ea302b3b3388530d5f41ff885ebf5468bbc67eca63f8bf6fbb64561398439a53d447a4ab15732c34f40c534cadd63d97c80a260ba93bbe018001f83a06875d82\"","k_build":"460","dc5_server_salt":"\"9471bab83de761f2\"","dc3_server_salt":"\"f4d14cfc0250a095\"","user_auth":"{\"dcID\":2,\"date\":1704057042,\"id\":6479709311}","xt_instance":"{\"id\":1097247,\"idle\":true,\"time\":1704057056234}","dc":"2","dc4_auth_key":"\"89743467c32b341f588de96db0bbba541cc4fc252519ebdf4b42ee6281d687cc6600a90265ded10588b024cf990e02f2f469f7142e9ac76ac18974f7857a9480bea3525f2aca1ddffd75fec6be9730fa3ace1ccaa8cf722f2ca89ca44d91e2b93bbacce9ff88035f1c27b63a667dbd1c3c0ffe9dcb24800e4a2152444124fc88c2da9c5521d3471a1d9eaab3254a6f6ad706103691b35431df6b5a7f29cc9ab13a3d55bb688248e79d1533c0e576288b0196c5765218f5dc73144380d35603cb7e0885d4692c87f53e8ee4e1d85b69137f271815e30ee0e210d67a0a3e77f8fe6ffba5c7dabd1a06c3b6a98f1b1ecf35acfe0c80eafae4be06e9cc9cb9cf22c4\"","":"","dc2_auth_key":"\"b938f453600f2cdec7869b3f74307588f613c1f8d3c38f542c5340df438bfccd33e1b424ee5b3343d82b5ae39e79c79636ec786aa3bcbed828ccecd8d702c24b8e7085c8a92a8a097d23ee26c784750f70be6d2ef0c5a6f53a9e9aac37e21690ca85e3c03bbb23f0e3b93bd7aaf4172abb706beeaf2ff2070be2dabe42fbdb57a08c1b2eafe86e5bd295246bbed34420f692f23147f7a648e75382ad3c288722d658b2ef6117e813e98f69af9e068213ede626f5695ee03ceca9bc4aba70684c5a4bb77fee5101f1f37d3cb8cc10a350fa3832e97c80851c915479c2608c21ae4b8c2dbc209af074e369165457dbc1885fac61064f0abea11191c425983d1ba1\"","dc4_server_salt":"\"041686b03d36d496\"","tgme_sync":"{\"canRedirect\":true,\"ts\":1704057044}","dc1_server_salt":"\"4ccbda36afef4940\"","dc2_server_salt":"\"03ee6bb33b97b73c\"","state_id":"1763094960","auth_key_fingerprint":"\"b938f453\"","dc1_auth_key":"\"4b20d3be00a56ff8bf442a15e5ba9a9cc8000cd7fab6acee89ef5eb46cdd1d281313c6ff4775c05742f34dfb7ea8e3dae18a1bff82d8e3746d24d291eca4c578bc2d056b3b7dce8a0862a53b2fe6ddf3c3b17909479ed27c900e63b80175a54a4a2b63558820ed758090108eccbcdb2453dfd681f4ec19e0cc0ee1f5f5be333c3631fab00bd73126cf683a2a069e013ccaa7eb1a5cd3e747e24cdda3e0e310842dad9963fa534007a5f34245e71fd60fac8058df3b24f65d12e3e6eaacdbb87586a7a95790fd6d137af86cd0c5dc5486b2bd5c8582dd3b60b622b40fdbea2460c0f3553d5e42647db4c86853b9618b697f5ec3b690a824ccb317aa1ec352ec9c\"","server_time_offset":"0","dc5_auth_key":"\"6ee66688753d5073fda3bdf253d1c62d8f695f34337e83917cc83c42d6c6a16d1c847162a506f8b35a0fd133ace828c4a03830f9853ba5909733bf2a3ba79b02605946b44d11b4524c1b091e9e7cc46e5030b95fb068f7c0c335f413a7e673e7435931b68d1b610cca9b8360e94b71a0b1124008c3310c16828d52ebff4ad867ebb40da1bd38988068d97a7e4a024fee9e6195391e9fbab8fb92a65e6ce117188be853513cb89e32a7e86c0de0b9c2f756a10a4173448a0aa6f312ab535ab688a32ca3633abc8be31a8480683d489cdf853d546491ecb6060fc69bd85aca31e921d62f1c8e7cb48b8ef6e4183b95eb8bce8c1c90e56452079b2d752f2aed4c6e\"","tt-global-state":""}
VM37:1 —————-
undefined
