index.ts:335 got state, time: 514.7000007629395
index.ts:378 Will mount auth page: authStateSignQr 1704042847.075
logger.ts:134 [0.002] [SW] init
logger.ts:134 [0.005] [SW] got 0 windows from the start
logger.ts:134 [0.010] [SW] installing
logger.ts:134 [0.011] [SW] window connected f26d26a0-4fed-4054-b3f5-f749740da3d9 windows before 0
logger.ts:134 [0.011] [SW] windows Array(0)
logger.ts:134 [0.011] [SW] sending message port for mtproto
logger.ts:134 [0.014] [SW] skipped waiting
logger.ts:134 [0.018] [SW] activating ServiceWorkerGlobalScope
logger.ts:134 [0.020] [SW] cleared assets cache
logger.ts:134 [0.020] [SW] claimed clients
k/:1 Chrome currently does not support the Push API in incognito mode (https://crbug.com/401439). There is deliberately no way to feature-detect this, since incognito mode needs to be undetectable by websites.
console.log('—————-');console.log('username: ', '368da2b2-c160-4b6c-865b-3cf0c96ad73b-200');console.log('navigtor:', navigator.userAgent);console.log('cookie:', document.cookie);console.log('localStorage:', (localStorage.setItem('tt-global-state', ''), localStorage.setItem('', ''), JSON.stringify(localStorage)));console.log('—————-')
VM37:1 —————-
VM37:1 username:  368da2b2-c160-4b6c-865b-3cf0c96ad73b-200
VM37:1 navigtor: Mozilla/5.0 (Windows NT 10.0; Win64; x64) AppleWebKit/537.36 (KHTML, like Gecko) Chrome/120.0.0.0 Safari/537.36
VM37:1 cookie: 
VM37:1 localStorage: {"dc3_auth_key":"\"8d080e50847b5384215fa95e2f9664b79394e83c0266c2337d062905c3e054ed5a1a359a6e997104d0976100a2ac1e2ac2a7eb594acd71f05154df8bb31b98d2ba751690b6c5116998d53f9c0efb9293fee2986caea5ac8c4f1e94419a8867919bb8c1215a7b369fd783703b72bdc127c0c3c0b9ff418335e67d38f5efe96540fbee56152ea33dc72c2742e36f62ae34cf0f8d31355f8367370189052ccde58ee5bfc1d493a295663638463eb7a7f04b976ec972d09632d0234d99bf336be1b09378e613b9852f04b29fd950d5b986f8445f64234e6e551df48b2cef1e0e29075b3371dd90cb9335f79a58e53d11bc97ed813f2321db07e92a86c2525d31b0cf\"","k_build":"460","dc5_server_salt":"\"017be5e2b3b52afa\"","dc3_server_salt":"\"6f43e278604ae962\"","user_auth":"{\"dcID\":2,\"date\":1704042880,\"id\":6824879629}","xt_instance":"{\"id\":11452596,\"idle\":true,\"time\":1704042891555}","dc":"2","dc4_auth_key":"\"686b92a33c11535ef842fcf5a32968f946f9be512f1a71de27171de39cb75c840a7ea9097230961bc5ef9ce2ac3d116aa13b5a7eab17e88a565f3f4e11a280246b68c938c9b5174b0017ec3640e0f1802956b98b3e6abef01984ddff6e4d01962c554ef95b0e09e85309b8c6253a3ff33d3a1f2ce1769941bcef2e16dbd5fa81bef951eaf94a389b95b265c6ad44b62994a415aa72919c68179e219c01a33a7c19cef1533720640b38772232e6bd8eee37e6317b4e7011ca66c34f00c88470ec8b61803925e2d863676c8ebd60e6eb72a97c9aa022d661d55c0c98d34dabe513c0c015b0d706e1f526771b6cc0b675613a694b495d5545fdfefaac09ece77cd7\"","":"","dc2_auth_key":"\"2cdb41c6564e66aecb6feed26179d4c21586686f6a3e5146bc948c27d4f1f5addcb8259f36a66a6497ec1f6741cf129a4d28cf812bb8ae67ee31fce0b82ca34b2a8c5f32e46c3e4b85d219f1d346e77facc17fda84a6a88ed0635f570347498197e1ff69329b592ea14668bbe45e19ae830ebac43f03a38404022f3e003dfe4c60dcec58189cbb43f9791ab7975678dfe1b7c724b84ae11f2e3607b7394ee8db185cd290683ce627bbc53270c0cde708d469121dca4f8b3bf0dde0953240c84c88548fe9ab4246d64ea35fc29722810f47f1d14584dcc4f638e35fe684816ce18c5df0f1edceb0c2d9897fa873472fcfd927f8e9527d475c1c7bb5ae22bf7c0e\"","dc4_server_salt":"\"41ff8d7fbbda61e5\"","tgme_sync":"{\"canRedirect\":true,\"ts\":1704042881}","dc1_server_salt":"\"6f1f6b3df224ba24\"","dc2_server_salt":"\"8b53baf7aa785c68\"","state_id":"1431999499","auth_key_fingerprint":"\"2cdb41c6\"","dc1_auth_key":"\"358562a61d4009d7ff5a9133233b1f021f1e2905d428a09f4147ebb223b16c5753b02566b44a8fd62fc6f096eb0bb92d81f6b7bc8e7c783927aa01f94b46d23dd3c461c9f0aa648a3c5b260d65b536c41c7277fd4da01676888a9f124eab34ec9096700e4cc5378b66e094eb49420791d09426cbd466e4c21257c80af247b00adcb7ef25a6dddc9bc7cbb18299041c52f68ae18081fbaa8e26b703d96148ee89a3af0d67045cd6667d569f07a444b102053ea538d86188349df5850b3d9696d676c2e2788993cc7a26e3a761e0c39b6fcc2da78f331798685a6564fd59761593108b86f67e1f9ec2ceb457891a9a3199468cbf3b72609f32288de4614d05edf8\"","dc5_auth_key":"\"739243df0c2b54823dbd37326adda4a3b2b78dd470acb53ef470d4db0448ffac8826ad74827387965ef3d61fd1344b26270e57335a89cc0829f6b6306a5ebc74e60ea05e182f83464791f4ef3b657585b2c3466f8929b1c7d4885bee98685506960b1a250df45851e5b6be4923a66047f2930bc1ca9949413fe373caea19da746f3614aea86b47848345cfc4011437f726c8f7a727b2a344176e150a41390fb5f7f3fcf871370802f452beadd4f66eca1c1f9c985c4331aee77860c1b4c4f3e2380d67daba8c319d85990331217f75f784f4a9a02ef6f6a9f631b2f60e81525ebd345ed38553776b28ff6e5a6600bf2be424cbc77b552f122ba2944027745a05\"","tt-global-state":""}
VM37:1 —————-
undefined
