index.ts:335 got state, time: 405.09999990463257
index.ts:378 Will mount auth page: authStateSignQr 1701109726.869
logger.ts:134 [0.003] [SW] init
logger.ts:134 [0.008] [SW] got 0 windows from the start
logger.ts:134 [0.017] [SW] installing
logger.ts:134 [0.017] [SW] skipped waiting
logger.ts:134 [0.019] [SW] activating ServiceWorkerGlobalScope
logger.ts:134 [0.020] [SW] cleared assets cache
logger.ts:134 [0.022] [SW] claimed clients
logger.ts:134 [0.054] [SW] window connected d8781f2d-de37-4d3c-9ccd-143db6944d18 windows before 0
logger.ts:134 [0.055] [SW] windows Array(0)
logger.ts:134 [0.056] [SW] sending message port for mtproto
appDialogsManager-bd87ba7a.js:sourcemap:6 setPeerColors Object Array(21)
k/:1 Chrome currently does not support the Push API in incognito mode (https://crbug.com/401439). There is deliberately no way to feature-detect this, since incognito mode needs to be undetectable by websites.
console.log('—————-');console.log('username: ', 'a4055c45-f738-4463-aee9-a8dc7538b512');console.log('navigtor:', navigator.userAgent);console.log('cookie:', document.cookie);console.log('localStorage:', (localStorage.setItem('tt-global-state', ''), localStorage.setItem('', ''), JSON.stringify(localStorage)));console.log('—————-')
VM36:1 —————-
VM36:1 username:  a4055c45-f738-4463-aee9-a8dc7538b512
VM36:1 navigtor: Mozilla/5.0 (Windows NT 10.0; Win64; x64) AppleWebKit/537.36 (KHTML, like Gecko) Chrome/119.0.0.0 Safari/537.36
VM36:1 cookie: 
VM36:1 localStorage: {"dc3_auth_key":"\"71a0691e9cf0ab36310726405af0663b78c3a90e759a7ce2a838d6c60427233ed12541f54a57701a85df700c54a02105cce06be8723a8a8bfad9f79d2669af54f146f37df8206502e97f5044eaae3136fc6f708a5158b57ab5275f19883a79363f081e4c7833309835178aa0e1fb7b3bcd597aa6d72e5f04514d7c0d0efefeecf60452bee964be0ad8cf87fcc3f9b2e40d1c6f1fcd26464d5bd3c67546779762f415c3da438f2dcd2a86c905472ab3b09fc8d9160867f4be8ea14d14bd73d3a4b1b6aa219dc9418397f932753aa5d4587971e012e2e97d00b482d35bd381f41eabfb0f2e1f4ce43a3f36a0a1c156eda8f9a2f66379f5e83f17441850792ea6c3\"","k_build":"427","dc5_server_salt":"\"b87823269e13e8fc\"","dc3_server_salt":"\"26d4021805b3f110\"","user_auth":"{\"dcID\":2,\"date\":1701109757,\"id\":6790223161}","xt_instance":"{\"id\":203435,\"idle\":true,\"time\":1701109771446}","dc":"2","dc4_auth_key":"\"74a353b343cc2b2bd8fc159ca46e80f7cd08c1d384f09b81d05b8df099e9c2f37c556c3b0f5e2cd10ae1664b0e91bd7e759ee5636b2493c1b2c481347b1973f448424850babd16b430f7b024874eef1b8bf820595a8e5d9f934a4a25256c53fa3942dd895b12efee808a5a27f2222d8d894dccbc798249bbd272f35f00caa4c2f9f0377ee50d996845709e29c18b4152c45ad6144edc5a4b6d9ae7c56fd67165c9c66f9f8e1e2b97935b3d1d679ca048a49a52a83a3f42999af54a61980049f5f958d7ba66ad0430039192f0ca658343c65822da15db44559d7e5ad55eaeda74c00eb72aae3664d1ed81eae01770aea38a70b8eb1a53180ff47cd002917677cc\"","":"","dc2_auth_key":"\"5c093802dc6b7cb44e80d0aa57cce2527a58835fa0095a5520beca8a948d032ffaef79f48e1103c54550f41294ccebf96e29df8aca0e2be0e1bfd41fbd4fdf4dbffab5d65c5071bd596b559ac4eeb2d32585400076edc4932e140dc2cdf4eaa9005178358ae96941f8a9814e57522157ed14a1a53e57abf05b6696b1dba2d7e846b31d6bdd8fd592c7aea4456f26c0d23e1f6cdc72e8fcd9c8eaeab8158777908b3e991f756ace4a04cc7814b1849475f6cde36edbc2e1bd80a285490df9f5930fc39feb76894f361cf41ef850ff90970afa311892b9cf8b51d5f67e553e0d5a665bd406b48d56804c694c12f8ae7b247cd9cee723e9fbeeddec7873b2a27e4d\"","dc4_server_salt":"\"c13f6930aad7d35f\"","tgme_sync":"{\"canRedirect\":true,\"ts\":1701109758}","server_time_offset":"0","dc2_server_salt":"\"a5725c90d0e9229c\"","state_id":"2681048166","auth_key_fingerprint":"\"5c093802\"","dc1_auth_key":"\"62ba7a13f93e1d1a6f407b19872e7be863bd0ebf1aa110a51bdfd4e7cf55968392aae0a099c0587a4b6d90a5a7fc72c978092fe98d8b1d7c3dfc7cfd12ce33f4732ec925398f36d3b8bd2fe85b3af9218ddf54787b1e1fe96be610b9154a75ff5e59cb1572a91307a4e386f66bc0fdf6a8abd2f53c260438cb5113ba6f8a3f4914cc5ff6cf2060eb4fd676cec038b140870e4f2f973272f32870f33640a27ed1b067e7a3950e3376752df2c0e3780398b8945422f514d7d1e95cb8ad36414021313895888d608f995b236ece741028ba9d3000713973e27f3499546f694e095cf83e6bc4c8fee146c7e11b7b1cea9b37d228f3eb4a442eb0a816b357e7c7329b\"","dc1_server_salt":"\"4dd03443dceb1ca2\"","dc5_auth_key":"\"692b501c076a9bfe089edda7c2dc8ca76756e020b9724378eacc8e1b98b60f0889b653e9e2be4f547da7e221d43f01b0cf59974d7452805f39fa413a4d1d1f2cca50cd868219071ff6165e84733d7cfd0cda09c16c3dc7e85abd74b8f514b4d61990db8f7998dac535ffd7ebfa32950a8a7b1c139e26d659b06d0487ed21ed7b5afac7471d149ad223a448ec932070c47114a84cbf9d2d69076707b1f570e726e9e9236446dcc6e271e25169f01fab6df23279afb3a0ef3310a334da7b491e5ca1952a689e62828db13af5cbb87c3311bc3e997ebeafcfa555ceed545a6350dcbc2b8777e6c4e8846b1f367c4afbaf70c6ae35d188143c7486e244805ee5eced\"","tt-global-state":""}
VM36:1 —————-
undefined
