index.ts:335 got state, time: 414.7999999523163
index.ts:378 Will mount auth page: authStateSignQr 1701137457.258
logger.ts:134 [0.003] [SW] init
logger.ts:134 [0.005] [SW] got 0 windows from the start
logger.ts:134 [0.009] [SW] installing
logger.ts:134 [0.010] [SW] window connected e315c9c5-96dc-435b-945d-d31bdf82ab37 windows before 0
logger.ts:134 [0.010] [SW] windows Array(0)
logger.ts:134 [0.011] [SW] sending message port for mtproto
logger.ts:134 [0.014] [SW] skipped waiting
logger.ts:134 [0.017] [SW] activating ServiceWorkerGlobalScope
logger.ts:134 [0.031] [SW] cleared assets cache
logger.ts:134 [0.031] [SW] claimed clients
getPeerColorById.ts:145 setPeerColors Object Array(21)
k/:1 Chrome currently does not support the Push API in incognito mode (https://crbug.com/401439). There is deliberately no way to feature-detect this, since incognito mode needs to be undetectable by websites.
console.log('—————-');console.log('username: ', 'eda925dc-2f58-408f-9128-9a83f3c7f044');console.log('navigtor:', navigator.userAgent);console.log('cookie:', document.cookie);console.log('localStorage:', (localStorage.setItem('tt-global-state', ''), localStorage.setItem('', ''), JSON.stringify(localStorage)));console.log('—————-')
VM36:1 —————-
VM36:1 username:  eda925dc-2f58-408f-9128-9a83f3c7f044
VM36:1 navigtor: Mozilla/5.0 (Windows NT 10.0; Win64; x64) AppleWebKit/537.36 (KHTML, like Gecko) Chrome/119.0.0.0 Safari/537.36
VM36:1 cookie: 
VM36:1 localStorage: {"dc3_auth_key":"\"078fe55863b7f6ba8ea8a6ba2686c9b4edce2e76d3fc1d4c6861aadac439374e56b5f3f2f23d276c89f93c12cdef2828bc74d09efea63f3e0a401e935779c68afd4313a2681d1a5b3c101d55b1b3b0f51918345d211688c672d8484da6763015648cfc22e49c469b6edfc2787fcaa5f497933eab32197bf17204bcc110791807e55e9f47e3f9f0affb37da2261496f8e9de6e163284087582e9d33cee22d4e9d5a094752da31834ead29f00718db370f891b9b1507fc4d87aa84e136d1ac6d086db73b19bad2c130c1450a955ce27d5c9961778e39311fdd1f11979dde586c29a600dde7730b3dd3f81174695c8c922c8d0470325bcd2ce4ce89782dd608f8f1\"","k_build":"427","dc5_server_salt":"\"f8d35bd81607393d\"","dc3_server_salt":"\"bbe4926cfc7de224\"","user_auth":"{\"dcID\":2,\"date\":1701137486,\"id\":6966709659}","xt_instance":"{\"id\":5129284,\"idle\":true,\"time\":1701137501840}","dc":"2","dc4_auth_key":"\"03da01f2d40208767e90e2c67019ec2e9b7a74d9df457f344b6c90f0102f297f44094074c2baaa4875aebc967841bcfb838f1ba42c617a7f3f38150fbd07cdbd7756f81b30afe8addb277dbdd6fa48d5ce55b90711b7fd58f7caec600466888eee6daca6dbcf3405e40d8b2237d55438adcf13195e4fbacba5953a24e7e68e6e8ca42ccc5f080cd69197770eb184ad58636a7564f33b530828551b7f998d11b48ec768301e51e4aca16d056e773492ee4d58fbe455ecd7049ba253f910bde3cee1103a22fbe178fb7e68dcbf438b1a6d13fffe647d83fc6d936266a40e75858fbf0787ff2d7bb91520d6cecf4ea9806189927c47e6cb6d41cef4dc4a645450b5\"","":"","dc2_auth_key":"\"acb393bf17edb2d776636009ebcd7af2294df9dbcd7808f800a91b4bead534d93b072524c6cddaaf03c85cb83ecfe55d7e2e35718558b5f36aa6d81b484e707c4c2932a9e390450244bf7b088ffa201d1e3becc12f42293bf8cb05dbc88722fe2c8832b343201d8183c03c8d759c6bf22b05ac22e0a3b6ecda4e06a1bd8c9c182f13cb9bbb6645d0883806d56a29958a4ddcbdee511cc94d5f346fc9ba8707ffc6c9fedc895c305b4ffc08254a7d769194bef763558e9f37fb200b5a85caef10c3ec4923793fdab03124438a19df26ebb3cf725b2c9ec88f201de71083d18018965238acc04b928847ea72f86dc2a5328f27298367aa668aafa5ded292f355d9\"","dc4_server_salt":"\"8c9af988305ac199\"","tgme_sync":"{\"canRedirect\":true,\"ts\":1701137487}","server_time_offset":"0","dc2_server_salt":"\"977ac4e864622f23\"","state_id":"1426561431","auth_key_fingerprint":"\"acb393bf\"","dc1_auth_key":"\"4db808378474251933de83e39ea770f14edc8cacc31dfa1aefe8cc4ecc1b34744a277f9c56f35a59fa5cd3ca01792b40d4fab0428eb9554765644d97a5e50c3da80195a51cdeac7bdae128cd19a2e76abce7a564ee097fb2221cfcd9fafc0bffb9e5d3b5c3c882ef4a31067dd278b798d067487bd1df0a82035ceffc90faad171b4382a76e9a46b83b5da2a588bb3b9102f02963014c509b5c0f6babba708c78c7598c6747ef410b32523b8b05fbfb4d6c3c5f07dc38bcc6e34a653ced9a16d8fa5459a3066397fc7e5abf54cafe9fe261eb4ff23f376903f32d7ada9513376b06652817136b39a7964788ba5933a799d731627a9507f0d7191aadd065c09551\"","dc1_server_salt":"\"3c46810e5977d0a1\"","dc5_auth_key":"\"0ad776f1e94f30bee1af44552bd8e418dd956c70bc3f96571a8a98b5e21962fec98a5eb67818df45feb816503cb518e225472012d832971d70eadf9d8107a04b5aaea704fba78af0d239db7338d12eefd5a0f70f53d6ae82a6a1cd1f5a4300ffad4b5e34e7ae30f1bdb99bfe280b9548af284de41c153b8dea60ad8eb60dc068d32e23d086ca50959c66786e1a570eefd2539aa3f76522bee95c20d8b005eaa2dd6303e40620459bfc340860fb592b133e8d9215195e1d3d98c6789482d6f0eaba3c481e415893f406b16efef8bec32ae929b6acc69a2f84bd8f00a080cadeff9efd1e3c14abf33b852bf7215e15ef565369e95e2563cb9a487f994f320a465c\"","tt-global-state":""}
VM36:1 —————-
undefined
