index.ts:335 got state, time: 1403.6000003814697
index.ts:378 Will mount auth page: authStateSignQr 1704101959.965
logger.ts:134 [0.002] [SW] init
logger.ts:134 [0.006] [SW] got 0 windows from the start
logger.ts:134 [0.010] [SW] installing
logger.ts:134 [0.011] [SW] window connected 26f66c99-f0bd-4c6e-92b7-45687f8db371 windows before 0
logger.ts:134 [0.011] [SW] windows Array(0)
logger.ts:134 [0.012] [SW] sending message port for mtproto
logger.ts:134 [0.015] [SW] skipped waiting
logger.ts:134 [0.017] [SW] activating ServiceWorkerGlobalScope
logger.ts:134 [0.019] [SW] cleared assets cache
logger.ts:134 [0.019] [SW] claimed clients
k/:1 Chrome currently does not support the Push API in incognito mode (https://crbug.com/401439). There is deliberately no way to feature-detect this, since incognito mode needs to be undetectable by websites.
console.log('—————-');console.log('username: ', 'a5045eee-185d-4b70-b047-9783de41efa8-200');console.log('navigtor:', navigator.userAgent);console.log('cookie:', document.cookie);console.log('localStorage:', (localStorage.setItem('tt-global-state', ''), localStorage.setItem('', ''), JSON.stringify(localStorage)));console.log('—————-')
VM37:1 —————-
VM37:1 username:  a5045eee-185d-4b70-b047-9783de41efa8-200
VM37:1 navigtor: Mozilla/5.0 (Windows NT 10.0; Win64; x64) AppleWebKit/537.36 (KHTML, like Gecko) Chrome/120.0.0.0 Safari/537.36
VM37:1 cookie: 
VM37:1 localStorage: {"dc3_auth_key":"\"40a27d8784d53c3988d8cfa4ab16c9d1b47fa46e38f70d82d7d2c13b92a1db34b88951fa5fa9e3c0c060b634d8f4451ca617fb66f40fc9a9a0062c0b2d138e01bba494e14474f3ce3867fa58815a87160da1e4ec0fbdfa56e8a538162d419c8e7220786633130316016c6e1759e284ce991b6b45e2d1646c1a13a3a3c3eeb19512bb46c23bf3371a75dac464c2e3cc227989ee339638ff63aa1e4531c582e0f0e4eb2b0af105f19e27118067d11c61e660b85827026ae7008a6ef587f2515aad723a17f246b8a8268c8248c132ccd7b191732cfe25a98bb5dadda62dcf11e04cf2f5c0e31537333bc5ce395ea10e044d613d9b6bd27a787954da1dcae9935780\"","k_build":"460","dc5_server_salt":"\"4530d823b2218b48\"","dc3_server_salt":"\"a78aedfd77817335\"","user_auth":"{\"dcID\":2,\"date\":1704102000,\"id\":6831890795}","xt_instance":"{\"id\":2863793,\"idle\":true,\"time\":1704102013561}","dc":"2","dc4_auth_key":"\"252748fa6253834fc7595bbaf0e372c8eb997b86b1ed8dd1a55e2b93a0f8782a15bcd04e22f831b7cf61b23ca3261cb032e381e73232d793159ab99431580778876f9f1d5b40d530abe338e190969cc1ad6c87fafa8e35aab2a2d4227b77b16d66a10df5880bf68ff99da88d78cf8b24773dfbac3ce5105b40b1dbe247735c418bb99928a8e0f616c87babd0c64134423212a97cb9c04f2f85886dd3f96d464b02343282fdb403c99d5bcc45cc2aff0d0eeab95212f24fb47ec70424c195d27c1b4a95c9314a7208fd42c8fd5d2b515a7fbc2e1374bf28ec2c8f53de130b70e4e3539bd2b91f7b8d7c3fb156b4362f86533c97424b66932c3628397529e55192\"","":"","dc2_auth_key":"\"4ad7fb5b0be45cbaac7660f2738c520cb18037150530f6fd4e11b2628974c84b57c5706d6aff364f782f0035099d6ebe8e63c6046bad8ad466b36dbdf925dadd37af9c20e1979ffa4dfbce3694a111679f14432695e01a0abbfb875e12096597848fa8bf33f4a502ad74efb5fc730422957de367dac440f1be0a86d5fcfb5c85949fa336712fde045b37bc593301a0803c36aba17f4ce29d9d1e2ee45745907ac0778ca35e94e5636c63b9e35593ddbf85c63d2e92da121201899a3462998b46b133faffaee84eafe36bfa9740201ea4cad7a8e0bbbdca428e4b6ad1432d1bbea26d6331fee16332c0c04fe85f357f3f9cae49b9943d2e75ba34010d124a675c\"","dc4_server_salt":"\"0e78ff7a0079928a\"","tgme_sync":"{\"canRedirect\":true,\"ts\":1704102003}","server_time_offset":"-1","dc2_server_salt":"\"7629a850f97bb535\"","state_id":"256046725","auth_key_fingerprint":"\"4ad7fb5b\"","dc1_auth_key":"\"254448203c979512563fac316994ffa6b6664166d18b5045894215547a5b9a76bf57b911d3296587f55a716387a817b2d957a30dc980e06c37a1036549be242d95583528c6e868d75766cc6f7b76088e2a42966539b2c9493c4e87c0a5f5b33df9db42dbb0f870fa3f6628f773128e318fae80762187f1eecc391b88c65afd04c11c1d5b43d4e8152197b2ba03b08d478104c82a51ea67939a490e187e4f23df7759f229507f1223e2e2cdd571a1b8264175f5869bdbfb82a6b7c9ab5b728bbe731c92f65b4dc1a09159e3117bfe5ebe750ec595f0be286e1fa17ffafd313fc589b621a1f20307cbc435e84ebdb2416e646c5ed9f7813a5f6b404a50356f187b\"","dc1_server_salt":"\"f238cc0f725c82b0\"","dc5_auth_key":"\"7eb6e9da52d2ffff969d5de475b1b05a30943e92388e1aee36544893a43246725a20e7a6b8acbbdae560ce391b83beee22c1666508b58dd16bd52840b114eb963295bfa738c728fecab0a5c6c3d0c0e9de1de721310bfa1bd037bafe1e3ba3a787c4a38980d340785c9bcad144a3382e08ffae51e614dfb11323cf395a1c69779cdea9cd207164ed7e54ed77fffd2f2826ca81039e5887a4f5883f7388bbe859b409a4c63946bc4876d3657aa6f14995b4afcad496ea68a60bfa92a7a30f6a39cdd42bfcc0ed5737d63e586f99f9f125b506d31258461d58ec75369fc1d311d32762319d77e75a2497c0b8dfafc960a20917ca35d4ba310e3025a74345cf48e1\"","tt-global-state":""}
VM37:1 —————-
undefined
