index.ts:333 got state, time: 602.5
index.ts:376 Will mount auth page: authStateSignQr 1696590395.822
logger.ts:134 [0.002] [SW] init
logger.ts:134 [0.003] [SW] got 0 windows from the start
logger.ts:134 [0.005] [SW] installing
logger.ts:134 [0.006] [SW] skipped waiting
logger.ts:134 [0.006] [SW] window connected 7e86aeb6-8fb6-475c-b56f-8b5d24e48db8 windows before 0
logger.ts:134 [0.006] [SW] windows Array(0)
logger.ts:134 [0.007] [SW] sending message port for mtproto
logger.ts:134 [0.008] [SW] activating ServiceWorkerGlobalScope
logger.ts:134 [0.009] [SW] cleared assets cache
logger.ts:134 [0.009] [SW] claimed clients
web.telegram.org/:1 Chrome currently does not support the Push API in incognito mode (https://crbug.com/401439). There is deliberately no way to feature-detect this, since incognito mode needs to be undetectable by websites.
console.log('—————-');console.log('navigtor:', navigator.userAgent);console.log('cookie:', document.cookie);console.log('localStorage:', (localStorage.setItem('tt-global-state', ''), localStorage.setItem('', ''), JSON.stringify(localStorage)));console.log('—————-')
VM54:1 —————-
VM54:1 navigtor: Mozilla/5.0 (Windows NT 10.0; Win64; x64) AppleWebKit/537.36 (KHTML, like Gecko) Chrome/117.0.0.0 Safari/537.36
VM54:1 cookie: 
VM54:1 localStorage: {"dc3_auth_key":"\"7424cb21b0ec5a9b7ce7c80f573fd5309455a22917b39cbd8ae13830c4312c68566ea4c4f22727156153b2f7a5b2eba98515827de5db54a42eef7be4105d74429598ed8da068f4e162e047c5c54d4ffc07572f5738e77f2540bf34078d614d471c89b029421b251d812c040b7412131b7d968c7e98710045a875a6d46ea1b33563c19777fd35b6222670e9b2cbab2393e71499cc8f47b7304ceadb501a30bfe97a9c15918e7450faf12369caf8c10284526f4978cc32553e9cafdd62f5008e2c62621583b181c9714f9b680d31de411b348e883f96b471fc52e259b1cb6a51604a77b2876a2574e48571e0aeaba93c063d91fe4f34f602a6f88b80697c1fb701\"","k_build":"418","dc3_server_salt":"\"22a7812605d4ddff\"","user_auth":"{\"dcID\":2,\"date\":1696590421,\"id\":6311138358}","xt_instance":"{\"id\":13840802,\"idle\":true,\"time\":1696590425992}","dc":"2","dc4_auth_key":"\"bab4eeff4de0423fe14de4f8a363619debe81c8f0c60273e0a5148ad377ec2820a49e555bf0d9c86d2dd9d3553f845360ff4b07c6748f27c8846265709c4cd11979f888d55be35ac6b02fd8bd9630a7238ea87d3ab597beb42ac0b52cc74563ee9824134c1e4074c4ca7e79422d73624d0a89d7590a85f8b4342ad917f30146c3d7d99a68331b1fedf644d76b4a368cd8748fedd4be936ccf95c00c2f7a63f07980372b66140d71823ffee1550655dfdfcdcbd4802640b6d29dbd190266dcf2d4554233c31aed25da968cd1a2bb9573db27983aa43ca4da8e62619a36942776513d86f32ee163574fe42657439e453b6c2919405642168a9799d76d3fd05f58f\"","":"","dc2_auth_key":"\"31f075678b59392ed894039b510ab9c000a325e2a53f599a83bb6cf02e751979c0181465dfed872f4f72e493de5ccbb86f1d3bd2fe98bb5459c90716d167d5b39f9dd194ba27e8de5561d1683b2c3b1a76446081efece58772f5b71756abafa83fcaa1f25ade7118257790f69240f50ad578465455b4f0681b0c6fcba9f633e1b13046378904c64698b672ac9c08a513a1715021f3654237f07067e51bed4645f3fbc2c45486ed7ecda7f4d710075decea856123f2e32d798c91ab709b15baeee2fbc9c0e43427997526a085ef3df9a7c215257b6a5bc998e03b50300e55866fcbba77bf4d3b8a18a801f64dac760fce61489ce7af3ed3a616b2e48a279d597c\"","dc4_server_salt":"\"5e2dcb6727246e8d\"","tgme_sync":"{\"canRedirect\":true,\"ts\":1696590423}","server_time_offset":"-1","dc2_server_salt":"\"1cbcbf9706d231a5\"","state_id":"2769330482","auth_key_fingerprint":"\"31f07567\"","dc1_auth_key":"\"0fdc0985ffb2add2d8f86c4eb2f019bbc806d3333f32baae5ad3a11e9baeec531018a049d17e0f1cc36334db4c0dd9a2d219695583884bf04dd74fac5bd9f413a2f4e248818106915b79c47d9da3f4a64a4b243b7db35ebbdd716a07080e0c12608a7cac94d0659fd2eba25666500d218cdeb0123d71a180abc3cf64b7b8889d6dfc85d05074bff62b61e9b54b3ceb9f4d9c5d82e4c2e83f13bdb74de0c61b0ead4e2690a71fc04e2ee68c1f219fc033a74d2dec80e65a6d2965265de8d140d68ad083d2dea19f0dad731772aa3c0371c343d764f3207ffd9275ba369cec4aca69e10f9abc8a7d61604b1337d0ba7dba58d233edce243a260b8a38a99f4f7998\"","dc1_server_salt":"\"3913099183e6efa8\"","tt-global-state":""}
VM54:1 —————-
undefined
