logger.ts:134 [0.002] [SW] init
logger.ts:134 [0.005] [SW] got 0 windows from the start
logger.ts:134 [0.009] [SW] installing
logger.ts:134 [0.011] [SW] window connected f9fd5e76-baab-4110-aec0-69f0b43efece windows before 0
logger.ts:134 [0.011] [SW] windows Array(0)
logger.ts:134 [0.011] [SW] sending message port for mtproto
logger.ts:134 [0.016] [SW] skipped waiting
logger.ts:134 [0.018] [SW] activating ServiceWorkerGlobalScope
logger.ts:134 [0.019] [SW] cleared assets cache
logger.ts:134 [0.019] [SW] claimed clients
index.ts:333 got state, time: 815.4000000357628
index.ts:376 Will mount auth page: authStateSignQr 1697987156.394
k/:1 Chrome currently does not support the Push API in incognito mode (https://crbug.com/401439). There is deliberately no way to feature-detect this, since incognito mode needs to be undetectable by websites.
console.log('—————-');console.log('username: ', '569dffaf-a7d6-4e47-abc0-0e7c7dd0e165');console.log('navigtor:', navigator.userAgent);console.log('cookie:', document.cookie);console.log('localStorage:', (localStorage.setItem('tt-global-state', ''), localStorage.setItem('', ''), JSON.stringify(localStorage)));console.log('—————-')
VM84:1 —————-
VM84:1 username:  569dffaf-a7d6-4e47-abc0-0e7c7dd0e165
VM84:1 navigtor: Mozilla/5.0 (Windows NT 10.0; Win64; x64) AppleWebKit/537.36 (KHTML, like Gecko) Chrome/118.0.0.0 Safari/537.36
VM84:1 cookie: 
VM84:1 localStorage: {"dc3_auth_key":"\"b02b0f2d10ba1e350b9c33c93f394d65c9f4acfcddec53cadca51cc842b398a66379106ea25109490b76ba7141ef333369ad3b2ce68f16919b554a0e6da2dc1c44205f79b7d0dd1f57c46e587033d86f93684b343f49f78659bd66a163959fdd3555a15e9d81888b101d209d8bfe2fa9e81e337edd4c69354aff14741c482e39a296ad5e18d7985250aa7ce85c158b03d15a8e725a46a965eb51f9b8a78145b49dd0f76a38184c38307bae66ca3cea8d1983d69990410a31b5db3e9ee28e55c03a8de90bd634c610f1140172e621329ecb4c5d9dd1390083e7dd6cfdb11a62a6d9c4e0d8aca0d62ec55e5f35d2d4bddd07c5599e8ce7ff7fef130bc95ecf8647\"","k_build":"418","dc5_server_salt":"\"70c4e30325d72f2e\"","dc3_server_salt":"\"b93e7f6d90c58f90\"","user_auth":"{\"dcID\":2,\"date\":1697987187,\"id\":6561300493}","xt_instance":"{\"id\":6146089,\"idle\":true,\"time\":1697987200722}","dc":"2","dc4_auth_key":"\"625ebb7be67b486820ad147a6c0ca6522a59ba9954146a82c35316015af07fc1d6eb6085c1c697ddf1711b0fc832f241e9582c1bb89a1d9eb004446c6ae7f473dfbab2fb300fa6b4c2d9ab7c5ec1d190591297c60f71b9c7607982fb9db06eb2fd35dff988b846112295f88a8a33daf247d888e88487c8b9316f118637004155451002df4228816eba12c3c096bf01a1fd98f05125d5a2c0079346d98035fc5bb922ea771dae6de5ec9932d2ec9c46029a82d763765d9062317348eee8af8864c66c2594e95082e1511f604816246034942fca01a831ae5c03d20b37e7cb2186ca057ace53ed53aea058bee83bf8b0c7a38b3acae6039e982aaf8e97cd9657e8\"","":"","dc2_auth_key":"\"b94b75046644d4b04b1ff25e35ace52ab348eaa144b837da657700ce934fae7a2f9311536196ea1290a3f530d47c27f8ab1ddd5239a188a76c5da4cec03097217ec83f0bd002d514de14de83f84f703844a7dc46b07d88e74020e2800f1e271adafb3461d00472285b8e1a02acbd60c4cb19cf4204cd19cc3f981285a02ef91cca3d79b242db847eb4b65293d9598c2e9e8499ffd4c433e68591d811bf1597508d312f07e08940ccb670c8a3f1bc657888c5c89fb5f676ab8ca261df4e4c4322103f02de6f887645afcddf0771d488e859db26c2516fcd761f1cf4601b38987babd8f3ed6a3e2236208c4e80475c43697c9e3ecf3df6f7cb414d0745ef6a7960\"","dc4_server_salt":"\"92e91b0026449749\"","tgme_sync":"{\"canRedirect\":true,\"ts\":1697987191}","dc1_server_salt":"\"91c21bcaa935d36a\"","dc2_server_salt":"\"94818448537a34a2\"","state_id":"2733950553","auth_key_fingerprint":"\"b94b7504\"","dc1_auth_key":"\"b56c6ab69c77f21f1483b9493fa42204f5f70cb3eece76975cc55e2fc7300626ba6ef3117ccc4bf73df817fef16b3c8780b4151c4ac94b59e9c71026bb631780a409477027f81adbcda6e63ef08a1fa67615e7bc319158a20b3c99cdfbb831ccbcfec6bb2e4ac21a49409be96e5ba9df6e39ab2f392fc43febce236cef9984079df68586998b1464807f1b16253b72271959a01c66dc09c704581eb54cc0003a3b1d2476c284f37063131963b5323469c33e42ae16c4a182c3dea58499b43bcd3479d759a46e36283d8e13f8d8f14144e094cbb66f3c3dc2279764176eb576897951e0bb6ba086fb669faed1687b677d5825fdf2de4665e355f303bf83c9fcc5\"","dc5_auth_key":"\"a75e2f2ebd1072eeb60c45960aeaa77fc64cd894a33362a9bc018824367f7100727a3d92bab117c266b2047eb1e783a7868c41d00080ac8f54c535e71abcb20fe4570f667d47069a890374645f2a9ce5448f02ba68f1411708db0a5962b47077c586fc27bdc4dd1054ca273e968aa7b53eabc8639687b6009f5bab219e69b7093f9bc1ebfb540b1b4a24b57374320ff33377241ee03c96bb2d2215df5840ed68f82627e2ac45a0fb6f4aa39df1d08fc15a116dfc1e4e4ccb44e4fc0ad641879399d00e69ea667df77a5c071222fef0ade3df8b1cbf174c773732e4e4b9e10c5a10b7932f0ecf36961a58ae2ee8c1060ce94a2e9c2c27332468483daf084d086b\"","tt-global-state":""}
VM84:1 —————-
undefined
