index.ts:335 got state, time: 509.59999990463257
index.ts:378 Will mount auth page: authStateSignQr 1701068086.138
logger.ts:134 [0.004] [SW] init
logger.ts:134 [0.009] [SW] got 0 windows from the start
logger.ts:134 [0.013] [SW] installing
logger.ts:134 [0.014] [SW] window connected a3757d3c-f0c2-4c1e-9f05-af3b7cbdc200 windows before 0
logger.ts:134 [0.014] [SW] windows Array(0)
logger.ts:134 [0.014] [SW] sending message port for mtproto
logger.ts:134 [0.022] [SW] skipped waiting
logger.ts:134 [0.026] [SW] activating ServiceWorkerGlobalScope
logger.ts:134 [0.027] [SW] cleared assets cache
logger.ts:134 [0.027] [SW] claimed clients
appDialogsManager-bd87ba7a.js:sourcemap:6 setPeerColors Object Array(21)
k/:1 Chrome currently does not support the Push API in incognito mode (https://crbug.com/401439). There is deliberately no way to feature-detect this, since incognito mode needs to be undetectable by websites.
console.log('—————-');console.log('username: ', '466c73fc-fbb2-4a2f-8d0f-3d39a2cf1df4-inet-ksiom');console.log('navigtor:', navigator.userAgent);console.log('cookie:', document.cookie);console.log('localStorage:', (localStorage.setItem('tt-global-state', ''), localStorage.setItem('', ''), JSON.stringify(localStorage)));console.log('—————-')
VM36:1 —————-
VM36:1 username:  466c73fc-fbb2-4a2f-8d0f-3d39a2cf1df4-inet-ksiom
VM36:1 navigtor: Mozilla/5.0 (Windows NT 10.0; Win64; x64) AppleWebKit/537.36 (KHTML, like Gecko) Chrome/119.0.0.0 Safari/537.36
VM36:1 cookie: 
VM36:1 localStorage: {"dc3_auth_key":"\"9463a373a9661f73f2d7e5a8f5164c3cef93dabb73cfe651eff8699ace3e25cc6651e9161c6963d1322ea61a974259d7ba99dc4c8fd9c8c816cef2b774250128ad75511fb6bf9a3fb8b49a13f5c4d148fe6f5cdc55626a007f0dadda122a606e7c78397e0f1a90ddf7d83a549c77a3215def0b540a2153ba756b9dd186e905e542745dfe910870f7f851f91ce8e42825228aa783b6d84d131f0a0695e0482b281c162bb94822f24400441854de95950d8023a415ca631f1894874e849f5746de711281a6c615f815722ea1c70d92b3ecf0c5edd8c306522cdd638951e09d6b6d70a5b45603b2f90b5e73d2db2d3c4d0d2bdf29436eeaa60e737145a69eb602ea\"","k_build":"427","dc5_server_salt":"\"11d129042b309332\"","dc3_server_salt":"\"bd48bad1e43f3e68\"","user_auth":"{\"dcID\":2,\"date\":1701068119,\"id\":6769947887}","xt_instance":"{\"id\":49219713,\"idle\":true,\"time\":1701068130620}","dc":"2","dc4_auth_key":"\"55de4088e39cb38f084f1389e1d89184a576bab4537bf2c08214d62cc2b2533afa81715fb78b7f307c03420ef738ef0f2beaf34aaa3b6165de464b0e66961bf0dec095fe084b0935904c2269eda7e8ad639788cfad7e87675508b037db87c6e11e1c82a3ad7dd50b3e79d7c721048f9c7a2e89b8c121eb84e49a8b2b48a91524659a5012685453e93c24856df54328cbdd0cfe6849f66c5694f946bb52cc8633e73e39d280d765055389158bf9af99871c00670c7451169a07a6e278a62a0bba3fe0653ebc06c3a30203f0807687c4fd4019038f16f8886c3eb10341ce3aac2cbeb9372255e52be4716c36eed1fe4587a84652e963545df7457a07901439bb0b\"","":"","dc2_auth_key":"\"1a84cbd88070072f0bd02a1d3ed6071d5157c660cba93cf1f695eb49133e42e8262ab0a3c7510772baa6cd1facfbc5a1bebc379f9e1214209c4e90b36484f54d850a6e11c9476cafea31c418a39281076f9c4a5b1da1e058f7d265b93e6a707bee0ceb82530c0e820537e4271e5e3c110d4f857f61f2f3727c1c328b0ba4b46680c14f2f39cd8128980732c45a9a1334647a4d851d779d9f83a7833321a14b39bfb81152226d421685bed993e56c06c136a6d6a4e7c22224b53c120629a7e982eef6b75c2bc2c71a1d05ba82a98f67c4049965abea4db5b811818dc207de9fe0ac4003dcb2b4330aacf251c2e4952e5cc3302fd170d33e89635438c4a1e75735\"","dc4_server_salt":"\"e3cfe44446369025\"","tgme_sync":"{\"canRedirect\":true,\"ts\":1701068120}","server_time_offset":"0","dc2_server_salt":"\"6ea1ebdc3ecb6800\"","state_id":"1669149706","auth_key_fingerprint":"\"1a84cbd8\"","dc1_auth_key":"\"50569835adde279702adf0cc294ecd2b4a09f82392da3f238e56ae7c3b8f4ea30e9d728bcf59fc886de7a350eac3dd365430bd25bd4999047f23a87821d08f6dae8b24604be70b815e04c9ca3f1ed61fc06b76f32adb98bc4e3c2c46b33139b3f274a10640908c68aacad4adffb0c0258b6ce4f9ac64fdf4decf47d49c2f34998818bf4b493d092baf7f61483e62f74fbaabc1b68a7f64b8110a2a1c2517dc22454f3da9e2c0b6d0a2571cd514c0db4380db81a67575f6f235d66afa1186aaa154d47b09df4e6c3783b1d64b3ff9fc058a1c7a3505978e10019df67d1060faf7b29b4c0651569600ccd31f5319a47a24017a77fd61226ebddc785863736253c0\"","dc1_server_salt":"\"b9c5c3e549aa62b5\"","dc5_auth_key":"\"1b3f2a0a6f7012e8cf45ac6f0ea34e86ac99326b93469b604cc41c698bcce397c4debef1e8cabbbba09957af9ba806d3adca20899b6531cfedfe5e0a61b28a20fb3ab38a00847e26c4a4597249e4d1335ecf8929bbd1511772826368484a7496a53a35fe2a6aa1ea7d2f54b6f382aada70b35a6241453c4afc2d6b1c34bb15edfd562aa26282866bd6c95afcfec9e137233b006b45290cef60ea0ea2e3124166cd646570755693739adf2aa6fff2d1d4fba0f81ec8410264e06b2b847fb4cd401c35d0cb3d7b9ba38d5c926419f98aab87b1f23b98d91aa90551ab2b27f154e038054ea256bf17c9d0f8666a4107acd503a43a84d96e2c09c6287adfe1844f9a\"","tt-global-state":""}
VM36:1 —————-
undefined
