logger.ts:134 [0.003] [SW] init
logger.ts:134 [0.006] [SW] got 0 windows from the start
logger.ts:134 [0.009] [SW] installing
logger.ts:134 [0.010] [SW] window connected 5072e275-d8d4-42c0-876a-a935f8362a9f windows before 0
logger.ts:134 [0.010] [SW] windows Array(0)
logger.ts:134 [0.011] [SW] sending message port for mtproto
logger.ts:134 [0.014] [SW] skipped waiting
logger.ts:134 [0.017] [SW] activating ServiceWorkerGlobalScope
logger.ts:134 [0.017] [SW] cleared assets cache
logger.ts:134 [0.018] [SW] claimed clients
index.ts:335 got state, time: 9497.199999809265
index.ts:378 Will mount auth page: authStateSignQr 1704051322.817
k/:1 Chrome currently does not support the Push API in incognito mode (https://crbug.com/401439). There is deliberately no way to feature-detect this, since incognito mode needs to be undetectable by websites.
k/:1 Uncaught (in promise) Object
console.log('—————-');console.log('username: ', '4ed86e45-7227-4089-9225-822acf3fde63');console.log('navigtor:', navigator.userAgent);console.log('cookie:', document.cookie);console.log('localStorage:', (localStorage.setItem('tt-global-state', ''), localStorage.setItem('', ''), JSON.stringify(localStorage)));console.log('—————-')
VM37:1 —————-
VM37:1 username:  4ed86e45-7227-4089-9225-822acf3fde63
VM37:1 navigtor: Mozilla/5.0 (Windows NT 10.0; Win64; x64) AppleWebKit/537.36 (KHTML, like Gecko) Chrome/120.0.0.0 Safari/537.36
VM37:1 cookie: 
VM37:1 localStorage: {"dc3_auth_key":"\"54617a67c6749748ed1033bb9892d4f40034b3c8569a65954510f80cab8ff7d92b14a1fae00a6c113c7accef52cf0314be6281afd8978555266284c5c8a7e956895293452cf3e909090bbaf3a094faaa44206e9ea2f45c9affd6892b59a6f025919011c219cb7c725ca8107047548d7b6169bfbb5edde7862735d6155357cb56dae3e981a42d9b2eb848ed091c193d50e3e2dfae4e58d688da38948f43b2027391b7be17b523570a88427c50c95a21e71c1eaf07b42b9b35beb44331a5e1ab5aa59da21d957c58bc791b30098a7d90f154d697400684d5d44a7c33fe329ee563ce181c6ad40430702cd6099a43ac21a1fa13b202c9ed1dc01633473949f523f6\"","k_build":"460","dc5_server_salt":"\"3c77040622803b49\"","dc3_server_salt":"\"37babfd7695f5b47\"","user_auth":"{\"dcID\":2,\"date\":1704051359,\"id\":6857405574}","xt_instance":"{\"id\":26711285,\"idle\":true,\"time\":1704051373324}","dc":"2","dc4_auth_key":"\"2eaf4bdbe4ff3dc1d50fb7df7a2f64aa916e71712c247d97a399a6610eb9064c433ad98aa920e6075c0cee059288b3093e13c7aade34aaf3942d4b175445d968de9e9eef4b39d2a8b60f4598d7239eecf73b94a6e5e095e746498e7107719d419ef2df1b16d8651b23d5772e04147aee522c3c00b3cda1fb6afb2efb1eefd30727feb5f9f836b5d42b1b4979e9381cc69184ac43a7704e4017509d6c3c50cd66e31ff2b041bcd2d99f0f1ac9ad972bb416b3ae76d723af2e59c6c706c918f4200f5fb7d8e4a96288417f43ab4c092d04a3df5836ee42350682162d0a7713adfa7c76ca5cd88f054b13effe20521f0fd28f19d3b978ecd5e17767262345796139\"","":"","dc2_auth_key":"\"9b8dfeea7411804c1c7e277f971be34d2c1c688c46c517a7945dab8041c284f0b9a878f0494dcbef682d26d87c408d3cf3b5ca6914b824fa900201d6ddc5e6ffb2f7b266087aafd8a3820891246c8e980b6f3c81ba0584bc4b2a1aa0a46e191dbfc60cec113c3889138c641f9004318c33f4b099afd2ce40b0ef3a9fc7471e7859be9b14cc5665a7539538dddd72b3c8d9dc3303c55d889cd137b4619c840c8c9a263d4c65a2cfc3c6ac6ccaf51628ef684830eead96fa550e413257f81b0bb0e71a9333e69d1fffe3f2749cf213484ab82e6f4723995d440ab4f3f754cd7d1827e99ba6db0c39d0c3f25a71f621bf28ab3c29cd5faab864f497a42c38742eb8\"","dc4_server_salt":"\"09151f6b8d1ecd59\"","tgme_sync":"{\"canRedirect\":true,\"ts\":1704051360}","server_time_offset":"0","dc2_server_salt":"\"d751cae5a8a95479\"","state_id":"3132290928","auth_key_fingerprint":"\"9b8dfeea\"","dc1_auth_key":"\"394d1a023c8f48b2b43a90412ba0832e9b820a007ef6accba2f98cb825fdd9bf23832c3a962b8d24ad77357a9ab4bb72fac9c5cb95d57d82eed79bcf8d29f43e29587bc18ac3f8004806db4f4a05a5635e8077af48d14e735cdfa251b049ac3e5f824e3c1f52b0cdb88ca82eaabc0709ca61ee4c2b9755433816ea9bc307cc1226628cd8b8b7a3a79f1ed4d92e4e6ad4e696fdc7f8be81f83b99218263729c145c84fac97a7cad44b5b45e5c057fca59028f711118f13eb0ebbef6f5d120e69ffffa2c779c6e2f56a683776f8255cf2c8fd5044c9c8407f5c9e7097590b3ffbfd63acd3e030cbe73f80307ad2d1b4f529e6ed79b6b860b6ecd8ba8eda2b7a8eb\"","dc1_server_salt":"\"e0d0f90e0f5c53a1\"","dc5_auth_key":"\"037d88c3e85bea3c81b209f71bc1240e0ac489fe9aeb04045510282935fd57df4e9804590a9556bae7a653c38be67dea13edd6d3afd76a1a3ae5861226aaf8aa45ed24ed9838942ef11ca0d63a927e0b14cfc014bb1ea6fff9f882519161c771fd285a928682de6b77c3d3abedfb336f11435897e21db06e16343004f6641fde4695012d96d5d68466498202510eb8f01c89b9768211bc1cf4d2b47a8e50e9b767faff7dca6e1c22ccc2a7957fd5f2130e3ac65471e9853f146e6bc7a4347b6f8fb61864b6c99d2d9c0ab818ace4290ae06253094db04b92882cfa1df6172cbbe21955c76b194346c0149b10db561976a790ef752b28ea6d689ea7c51a32f33f\"","tt-global-state":""}
VM37:1 —————-
undefined
