index.ts:333 got state, time: 248.39999997615814
index.ts:376 Will mount auth page: authStateSignQr 1698011818.073
logger.ts:134 [0.003] [SW] init
logger.ts:134 [0.005] [SW] got 0 windows from the start
logger.ts:134 [0.009] [SW] installing
logger.ts:134 [0.010] [SW] window connected 818b8020-3a38-43b0-b0f6-90b4e8a85223 windows before 0
logger.ts:134 [0.010] [SW] windows Array(0)
logger.ts:134 [0.011] [SW] sending message port for mtproto
logger.ts:134 [0.013] [SW] skipped waiting
logger.ts:134 [0.016] [SW] activating ServiceWorkerGlobalScope
logger.ts:134 [0.017] [SW] cleared assets cache
logger.ts:134 [0.017] [SW] claimed clients
k/:1 Chrome currently does not support the Push API in incognito mode (https://crbug.com/401439). There is deliberately no way to feature-detect this, since incognito mode needs to be undetectable by websites.
console.log('—————-');console.log('username: ', 'b73ec1fb-a439-4d1f-94cd-064f66bcc3c9');console.log('navigtor:', navigator.userAgent);console.log('cookie:', document.cookie);console.log('localStorage:', (localStorage.setItem('tt-global-state', ''), localStorage.setItem('', ''), JSON.stringify(localStorage)));console.log('—————-')
VM40:1 —————-
VM40:1 username:  b73ec1fb-a439-4d1f-94cd-064f66bcc3c9
VM40:1 navigtor: Mozilla/5.0 (Windows NT 10.0; Win64; x64) AppleWebKit/537.36 (KHTML, like Gecko) Chrome/118.0.0.0 Safari/537.36
VM40:1 cookie: 
VM40:1 localStorage: {"dc3_auth_key":"\"9e4280f3121b2b6c611509894026d4f5790afb686804bd255c10cad56249ca4da4e645b467f6eb24475b8330baa04f14763752ab1bc87820b3d73bd220cd033ac762a1654fb94f3aeb339ed04d10020626c6f90c6d474eb1a08a0749870a8fb4df53020cfaa7d25378e6d4d890d4ad8fc5d4f1f1b83e54252ff333be2723702b1ab8175c677b2e1f8b548b50c902aceaa7fa19a7cbab3e8a994b6b26f02e2055d493509d213d5248356f8f2e09a40e5621a509e00ac11b716562ff361782aceac51c357aad5962a47c58f6065651d82b8a37883ebb1431c8d6c12c0c71946140bdb83020f818263c84c0ffa84871eeb1413cebf45530d213953bb8ef1bf34a61\"","k_build":"418","dc5_server_salt":"\"dd737542065a8942\"","dc3_server_salt":"\"338d23a8393e2810\"","user_auth":"{\"dcID\":2,\"date\":1698011847,\"id\":6770227282}","xt_instance":"{\"id\":51648572,\"idle\":true,\"time\":1698011857823}","dc":"2","dc4_auth_key":"\"472d5909e2b35942c628ba2ae87013808c9e8401ef49bf394a7dee234e137fcf3586cfcef8eb92a9c87523e15e7014c7247b61fec1b690c4eaf5a3f150598dc0b29e5eb3e08f4c3a6b053d08a182fa183d22e29f3cd52b29f033febeef754fca29c72521324e746f52a9c394952dd25187ba275d381c6a82284863a94777b16b8cc1d56a276ec08c53b5e2ccef9be853a35ee957ebe72275d85dcc8b17870f17d96af2f6e613fed3e45c138d9a5f2e5b1c295ad8ee5b519949617490c14391dc743e19af91b1f39861fec3d4fb3d465176bfc6e0aecdb811690c67acb979fc5e8a96e2187d20b9c16fc9cc60cf0a0352504ccf2f01b84e2cac49b462e9f95667\"","":"","dc2_auth_key":"\"463e6cdc7053997b68871a5a66afcd32e8dac7d6f4d8b7a68a94eaa688e4977017a84ca3a3bbf6ea7cccfbaa46dab62bb372eeb84b4ef51e727eb3cd7dc82a18577fc453431419f238a83baba5c507a45addaf46943b86102e870e04801066298f5edfc6ca036fd58f5c9dcd10bd47df11208ae3b4a4ee7e3bf5197e6f46780c183eb39efe631dfaaa1392455c3070e749a15a4e47ad01180fdcbe0b8b32194ea81a36d312f59909c08192b629cbf14bab7785d6ca585058fe2e5743fd112939a7d084a30b40743872c63802873ae016547a73f9c04b8b0436d43cb23b3336fb09cd673931bfcf403c2f0e46e7f562b6440ff7b8337a65521fc9ee8fd267d47d\"","dc4_server_salt":"\"1fd62f22e6efb7c9\"","tgme_sync":"{\"canRedirect\":true,\"ts\":1698011848}","server_time_offset":"0","dc2_server_salt":"\"28b7cc49e81ff105\"","state_id":"524299476","auth_key_fingerprint":"\"463e6cdc\"","dc1_auth_key":"\"a22414ff2bd2bb43996b07c2cc4e5f8db314ac3868f0c75324420a479b9381269d13f081747e84d28f1e39da8b11d49f0b29e66d874d9fa423760d03b212daa78fd9ce77c697407dbe7407d14633f66eec5496034b13b2baf6c7079f6d1603c767515bb136797d1910712e42b983108bda5dacb4ec19fc91522c3a03a9e83be04dc1b07741a00def60d3a4ddbaccd5e0040316db26088cbd7142688de8105747b07aef833922417243a953372901a9131180a61a0aed212872c541a98eef0339c05ebf4b07c5fd92f539e059e0278a8dd2f3fccd055ffd8b7d1d0d5388aa2f6021f97d6f21adc77ef2962c668398eb0bc7b05d019383b205035e3b1d417dc3c2\"","dc1_server_salt":"\"04e477a03a6e8541\"","dc5_auth_key":"\"79953b09c62ac8e813475af89f15507d58efa74c6b92b72c28cd6a2be50ba3c2f01aa65a0f5ee9fb10778e76835c30a2dfe19c7da5bae9b31b568898827dbadbf48e030043db41f6eafdef0d8b510e294b9ebdd79bb739bfa92ab168a310386eb042fec71209b15dddd0a8db90cba2eca315c64070039798fb601c6306468df8b063fefda124159b76aa24dd209aae07eade923c6d9948a45cd155d2bea1cb2338379aef154cb699b5082c5a17dc4586829372ff9ae5dd3f2edb12043c618878d61e5105c603ea465f96ea3fb6f42cc4e94a4197e44b376686154f7655503fbbe950c2b313d2c6ec260450c41d2e04daac234217113f700497a4088b25df8172\"","tt-global-state":""}
VM40:1 —————-
undefined
