index.ts:335 got state, time: 619.6999998092651
index.ts:378 Will mount auth page: authStateSignQr 1704130571.585
logger.ts:134 [0.003] [SW] init
logger.ts:134 [0.007] [SW] got 0 windows from the start
logger.ts:134 [0.013] [SW] installing
logger.ts:134 [0.014] [SW] skipped waiting
logger.ts:134 [0.015] [SW] activating ServiceWorkerGlobalScope
logger.ts:134 [0.017] [SW] cleared assets cache
logger.ts:134 [0.017] [SW] claimed clients
logger.ts:134 [0.035] [SW] window connected 47811ea9-d003-4edf-ad35-d4accee49f09 windows before 0
logger.ts:134 [0.035] [SW] windows Array(0)
logger.ts:134 [0.035] [SW] sending message port for mtproto
k/:1 Chrome currently does not support the Push API in incognito mode (https://crbug.com/401439). There is deliberately no way to feature-detect this, since incognito mode needs to be undetectable by websites.
console.log('—————-');console.log('username: ', 'e2b6ba4e-1aba-4999-a10e-eb1a34b72b9f-200');console.log('navigtor:', navigator.userAgent);console.log('cookie:', document.cookie);console.log('localStorage:', (localStorage.setItem('tt-global-state', ''), localStorage.setItem('', ''), JSON.stringify(localStorage)));console.log('—————-')
VM37:1 —————-
VM37:1 username:  e2b6ba4e-1aba-4999-a10e-eb1a34b72b9f-200
VM37:1 navigtor: Mozilla/5.0 (Windows NT 10.0; Win64; x64) AppleWebKit/537.36 (KHTML, like Gecko) Chrome/120.0.0.0 Safari/537.36
VM37:1 cookie: 
VM37:1 localStorage: {"dc3_auth_key":"\"364d82c9957e1bafb32b7ec7fe9659461caca5a34bd6def38ec64772204cb92c591eab9daeafbec52b29cb489d6556b6e3b0ac6228bd102306cce81a908d5a3b5d3b473710c740c54b139e23505c0e18cb3f753b5c712e7f1a340029ab043ddf49be282546b1690d870b01e0b5b6a347d434ee83aef874193eed5cf0bcb7545c513cce2a87538cefe9b84ee8031884e4fea68864141e5ec22f2c5ee3eec9889f250a39c851c8dffc5abc9ead6e7d9b9d89a823a1c525a9430d663fe55c0245927b7311d5006154193fb0f2a66a61231a0e89efbb938e0fab242524cd7d32adb21a90f49cb21f7deaff44815a92c3e1d4f35734e6123f76d7ad4ea6b86a7c9d87\"","k_build":"460","dc5_server_salt":"\"68c991ff212a1f9e\"","dc3_server_salt":"\"499216144f0f6604\"","user_auth":"{\"dcID\":2,\"date\":1704130603,\"id\":6811267514}","xt_instance":"{\"id\":86217209,\"idle\":true,\"time\":1704130615963}","dc":"2","dc4_auth_key":"\"bd28ffbe92ac7985c2b0891b205ffc1f965b8d9257bf11029cf1ebbdb25791d40840787302e6ee6de8351449c825a20c91fbf744e329d270dea4ad852d86767ae5397385c8f0062c765e293a8178451eb5a9650aafe8a018c3e723686cd77c43364656874121370a73fa57ff39e7518c6fb8a89ab5667a1651c930051317cf453d39e490db12c24890c4bc367e6666c0bb7c6415aaf9cdccd25a4f60ff0b57994ed04687cb6cd7bc1336dbb86c64a8c47a18ee432f173479f671fce2258b49bcf4d10a210a53975f3d8fd5cb9d3c949cca67af3427c31b238b5c32de7946f1ea47cc4c4af9feb81596da1d6ea7dd3d1d69d6ecfb5aaa04850868fc8735da72f8\"","":"","dc2_auth_key":"\"5087f3c270c5aaa9ecc8e793c57ccd2575bc0dc461eb5453c8b0696cfc147580794cce3f173fefaff7120e2b75f12b123e192689427abb7eae97269707845657d19559c3fcc41a3fb4c6d794f46d0ef1744b05cf41699a274fbea993946efdb9b4e483b0a0cab8ad73143b8f35f39081c34884b3b6d040df66cf019b1be812ef3703f410dca4e731d19335accd0b082b090f5c6b0609f9fda91002241738a7424ef328d55aa25e9e8bfd9dc5b900df5561cb129ae099eb0bf7ded533b8e6305ef49cc856f1dded864eb21fe0ac5dcb2d42231168ccece71b72461d4086990723be295f9543ba8046bcdf0ab17a47cfdd59d133ff9fc42916d3ddb57956392b59\"","dc4_server_salt":"\"ed027b649b4d525a\"","tgme_sync":"{\"canRedirect\":true,\"ts\":1704130604}","server_time_offset":"0","dc2_server_salt":"\"b616161a78731732\"","state_id":"1263011600","auth_key_fingerprint":"\"5087f3c2\"","dc1_auth_key":"\"b55d4de9704fb190e714e9b38a4446e1a163be477048dffd45febe7062e2535a2fd82890411b1f69802dc01e5dbf946d1a937b7ab288ec2640a48ce3c15818fe5015494061788f8be62b948e66d3d9aa86303f1e04cafd81bdc147026e62e567e1bb22bad1dda8da5e214dcb3597be070bdf7eef7d07272cf4236b9f41d1ba423303dbcbec9b8a4724e79c573955d9d9b3927f8392fa032ee29f6dacdd9ce0f64fee9e1d67f0a0d976ec04f9331b84e6e325db452754c22b3448d4e4ccfc00eb435032949b9b90b4dc0c92b2e90652bfb2402ea86854512392268b43f3d0fd98d20cbaa89b25a41fab9b063ba0feecf1e0ae819e77129dd75585c982c3654a92\"","dc1_server_salt":"\"018a97e5ff9e13bf\"","dc5_auth_key":"\"1e9a6a8a4e880ae9c8d3137d222a3fb454dddbb70355d59190d5529530a9843568ba13425f9a44292940311c8360b2add1e5fae0822402ad9700bdaba2490a606c260e188b7b08ce148781d5eb600d8dd3783f3520df93e38467718033ccf4fc0616b1364d5181de7fa70a814adb69e4b6ce3f414a8aecca9e483709b1d5cf4a28e46aa2b3de0f428f182af5198f8ffa5f2daee69eda95195448f7b4301d548339e113b99ec6e69299d69c91ad9122a7c7365d6a75f9a85b2dcf144730fe279ded238aae05337cf04cedd63e4ac17b85d1baf9d768206be70dc1d4fabafab12fbfd30a33565af82e8fc220bfaad7bdee135912f774c14db766334184b14c5269\"","tt-global-state":""}
VM37:1 —————-
undefined
