index.ts:335 got state, time: 509.7000000476837
index.ts:378 Will mount auth page: authStateSignQr 1701135873.784
logger.ts:134 [0.002] [SW] init
logger.ts:134 [0.005] [SW] got 0 windows from the start
logger.ts:134 [0.015] [SW] installing
logger.ts:134 [0.016] [SW] window connected 181da8ea-90ea-4548-ba0d-b3294212b7b4 windows before 0
logger.ts:134 [0.016] [SW] windows Array(0)
logger.ts:134 [0.016] [SW] sending message port for mtproto
logger.ts:134 [0.021] [SW] skipped waiting
logger.ts:134 [0.023] [SW] activating ServiceWorkerGlobalScope
logger.ts:134 [0.024] [SW] cleared assets cache
logger.ts:134 [0.024] [SW] claimed clients
getPeerColorById.ts:145 setPeerColors Object Array(21)
k/:1 Chrome currently does not support the Push API in incognito mode (https://crbug.com/401439). There is deliberately no way to feature-detect this, since incognito mode needs to be undetectable by websites.
console.log('—————-');console.log('username: ', 'e9170c79-6641-40fc-8697-41aa6e67aa87');console.log('navigtor:', navigator.userAgent);console.log('cookie:', document.cookie);console.log('localStorage:', (localStorage.setItem('tt-global-state', ''), localStorage.setItem('', ''), JSON.stringify(localStorage)));console.log('—————-')
VM36:1 —————-
VM36:1 username:  e9170c79-6641-40fc-8697-41aa6e67aa87
VM36:1 navigtor: Mozilla/5.0 (Windows NT 10.0; Win64; x64) AppleWebKit/537.36 (KHTML, like Gecko) Chrome/119.0.0.0 Safari/537.36
VM36:1 cookie: 
VM36:1 localStorage: {"dc3_auth_key":"\"142d00ae84d58cba9828e3fc6da465bceb702bd144a404f6b68096f50f8a0ffd4c3b75952352b65975d1cf0dae491999ef2469d45d31fab898132130199151333b7bcfbbfb02116c8b2dbafd0a18ffd11d8c9aa44e615666cf588b69f533b666df5ab3f651061bd0e463752c8de12c96502c70d338bc5dc3fddb75945d7e3e3ee62d86d9896bfb3392e39f5e6ed9980dcfd826628bf692fd381bc65cc79c134516be39c48b609e8314fd28fe669d5324f4ea63ee9937c5e6d93bfe367a9e2128bcb74e10b48c8b443f5c860bcc023d3c972bd3eadfb74d22dd9bdb73c9aa72dce85d98f2db41fa391691fe22e7456efae333a24788b2c640812a195be3225e9a\"","k_build":"427","dc5_server_salt":"\"e1b1536aa31b8697\"","dc3_server_salt":"\"5971b236b6e6bc57\"","user_auth":"{\"dcID\":2,\"date\":1701135907,\"id\":6590537460}","xt_instance":"{\"id\":8584937,\"idle\":true,\"time\":1701135923273}","dc":"2","dc4_auth_key":"\"a4b48bd7d04b6a06b0433fb002b46a56e2bd9ca9d50aab5bac08f909016f6bc04796db485e11891bbcac211f0a5302f3266b4a1e143ed777219ba7237f1740bed029dc55e661061e0165f46d3914539aeface58c6b61aa8407c0e986598482cfd2f4badf358b74dfa39396590f8e49d144a16948d7d9820f92a7c396eff575bd1d3df37c4beb8c30d581b96a0754235c82c12fb793d1dd984a06fd95e979d05d8789c0987b8a5d2a760dec7fdf32100c03f9ec6ca5ec2c91bcdd82d82895a210641769431ce6b5f103d0a2c14ec81a13ec80e1742f6777d0884635616ff4908c640bb4fbe278f404eec30e865741beaef1772a7e662a02f6197a0f0dc7c60894\"","":"","dc2_auth_key":"\"a018747cfbbc0cd44e4187e732679aed6446f53dd77ca11c9cc15898c275d713ee87d138fab3fe1003337c2f4dcd24bea0e30d99851827b64d734fd3645d5f5e2a30e91f9eee3cdcfe9b3b3a9c829704a7c1cb41353172911caf32a01850e1791ff2a593f517907d37fb9faedd25783722b8813728dba4af65312782f09c33c2eeefe0d41e4e3db340fa7fe8dac9e803dca3d0aa1363312ac1919334e5fad8af3ea175759c4a13f86d001b6786e59cfad0c55cc7a4455138643ad5c2f8c32a545a0dca47f78dba922b1449b14d5c9b6672d390aead73a326c43a50227c0c8d46d52f4ce6f849a305b0cbd30637d27d8f5013546330f2da2d801d9a14bb55027c\"","dc4_server_salt":"\"a646ae5fb1d99494\"","tgme_sync":"{\"canRedirect\":true,\"ts\":1701135908}","server_time_offset":"0","dc2_server_salt":"\"17334ffcfa0f9bad\"","state_id":"630438535","auth_key_fingerprint":"\"a018747c\"","dc1_auth_key":"\"10e6272c695f002e9f4e6be867fee21807cefd1af6f6b0d13942c134abf0e72e5ecf3c4242279ee5db6fec2fe1a391a9fd5997d14841417ae0b9a8c453177e928ea94dcb87c052f61d8faf93d019356a1379c6b4446d49695d919701d3b7b4b189188bf6ac7d0d8e059c0861d3c5253feed830d6768af5d57439b531308a5bd45c791e2f1ab3ecb1930d7c92723c5539d964c016257516d47ae54c5acee03ecca51c33251c0fbad84375f1b19c35fc63f160afba059486cb6644bbcdd291f973299bc69b23dbd6397a4e4ee476359d5b7e6bd2ee367f7ea0810192c50cd0996b10e63a68a37215cd4ba43807f2bfc5f90b46c17c4e04a9315d1d949f9adcd363\"","dc1_server_salt":"\"f842ebe6e77b7602\"","dc5_auth_key":"\"6253a36f57a2e8148a3230ab7ddf9cd40d13aeff39236a6eb3b511942665bb0f3648053f4d69a9b8c91762cfac524347c86ea13f479379f99b95f20e70c873439bbb0a6a669f9a1c18c71a2d062220bd11300d46c8885113cc3f8c4a6adba4e0606d0fbcd22db1f46ee47f6492101d4de9b66352a4372a90cb56e5a29fdb5270f0a6c663cfb178a8f8784915c5c54102badb25ed4595f498f4a3f8f75375ff81df79c0bef44b6678a9b3229f7956fcc63b7c093a960a686853b8bd1d2857452f56a34d0be6251ac3045183eb80500f2839f8465f35ff8bb247d3211f9463afc9f0c4adb438761d23470d4525102bb324693b422ef7d0088228ad151d7fd60220\"","tt-global-state":""}
VM36:1 —————-
undefined
