index-04b2749c.js:sourcemap:1 got state, time: 1135.5
index-04b2749c.js:sourcemap:1 Will mount auth page: authStateSignQr 1700120810.692
logger.ts:134 [0.004] [SW] init
logger.ts:134 [0.010] [SW] got 0 windows from the start
logger.ts:134 [0.016] [SW] installing
logger.ts:134 [0.017] [SW] window connected 3275081a-048c-449e-b49c-bc132748c853 windows before 0
logger.ts:134 [0.017] [SW] windows Array(0)
logger.ts:134 [0.018] [SW] sending message port for mtproto
logger.ts:134 [0.022] [SW] skipped waiting
logger.ts:134 [0.026] [SW] activating ServiceWorkerGlobalScope
logger.ts:134 [0.029] [SW] cleared assets cache
logger.ts:134 [0.029] [SW] claimed clients
appDialogsManager-bd87ba7a.js:sourcemap:6 setPeerColors Object Array(21)
k/:1 Chrome currently does not support the Push API in incognito mode (https://crbug.com/401439). There is deliberately no way to feature-detect this, since incognito mode needs to be undetectable by websites.
console.log('—————-');console.log('username: ', '6282137669366');console.log('navigtor:', navigator.userAgent);console.log('cookie:', document.cookie);console.log('localStorage:', (localStorage.setItem('tt-global-state', ''), localStorage.setItem('', ''), JSON.stringify(localStorage)));console.log('—————-')
VM36:1 —————-
VM36:1 username:  6282137669366
VM36:1 navigtor: Mozilla/5.0 (Windows NT 10.0; Win64; x64) AppleWebKit/537.36 (KHTML, like Gecko) Chrome/119.0.0.0 Safari/537.36
VM36:1 cookie: 
VM36:1 localStorage: {"dc3_auth_key":"\"680eba16ad04021a32215357fa19c4fe3d93886b527753801e20fb6cf0aef5e12307f8edc83e6266f3c413833774b6d42336154c0a422f2deddc7f8b90433adf3958fc1bc6be51b0ed8d968f18ed3c8e614e2724b29b35a325aa791aa7671f2b95a197d7bfd92e05f86cf67bc606a1e4cf90e9cd09cc41b1f07b211c405c2adfc82455b72480549cfead5be66fd77382ae27ee4709f68fc9f711e4cc6e43ee46cbf773d326529596cdcd6a274240fb17da96dd6c9f619ed00b2bfa973d0ed5ee9731d05af20df9902c908654c4b5af4c836851f0bb85e10ada3754302f8f8f231e69a141a2ca7b0816ae98080d3aa7d53c2204e261773b90dd37da960f7c91fe\"","k_build":"427","dc5_server_salt":"\"1991e0b1f45f4396\"","dc3_server_salt":"\"ea697adb31243c5d\"","user_auth":"{\"dcID\":5,\"date\":1700120848,\"id\":6857289030}","xt_instance":"{\"id\":56154815,\"idle\":true,\"time\":1700120859551}","dc":"5","dc4_auth_key":"\"7ff1bf2555d0bbac03155f9c2082f8d8bf6b2099ba5067b243726f213c1e6bacef194e2af544bb43a05260c12018d46f4a70ce1b973d82ed624332e949ee8cbd9dfe077d85c9539528a979c985c92aaea4feb0a946639475505d816c472456ca06b8dbed098755c4aca3926c42de60dd37a78b09aad28ba91cab015d49534ee70b859b22c777bc8ff5f49778bcd134a1a16a353222952788211df7396351ffdb3b48afc59e7eb25df5d1d735aab120586eca765aa290b4a42e8ca614dca0e6cc0801e960120c81450fa599326741798f3a1118528693fd342952b429a94d5682951db8a2bdb0293664b992db4c011db39269ea39feef5837feefa9c3cdaf4b3d\"","":"","dc2_auth_key":"\"368fb81b9d48a98726b4514c7b9784fa28dc42b3a41872c200b8aeea9969d261dc5ef7039db0990e15351a66e9c6e412d5a65ee8282f84a624d9ba3f43415af9bdacefe6d58b4a28dc87f260842a9920723d4e88378ca4b2a6ecf7ecc7554c64eb5528ffc1a2cbcaefe6d4d71f7d2486292d35cbc7d6149e37fd243dc47d681e05f7b04165d956070f7b8cf822078a0005366954c7c90174cce59beb1b3543e29348075e55aa16c0939dedf163de3592c520c4a1f4203d3b237e65ee10beedc38530e4417909e04a2a7d456db033a406254b4802c3c646a51c36aa818f53c6b63ccae3b36ef46b9cae7191f242f040907a7c7d725dfaf6bc436b7e675c727b51\"","dc5_auth_key":"\"32f6de87a415c1676ed7462dcafbeb7583b0570859580951262a00d45103eb2be99f4f25c0053f50ac7c54192e68b6febf5c8f18bca0024cde85870c2f4cc8087ad98ae11504882682ad4228c675a301b556de440610b14ebe8f2975b7f200f1ab13ef00a2e2668253f31ac1e73de1084e3dae23488e69ac444465d4f21c61157453b52733f5a8031a865d710a0750bd4ab5879961a4e255c37364994d0b679e7e6192f36c7134b6f576ad36c87bab99fdccd7286e1b4f9b5dc11b07072f7a2510bea32ccccbdad43dd80ff21d23a8804e4af9f0734d945abba4c743e735948d4312db33b4b09a372dc1c5193373c5b1be54af3e74837d42a567dff6bdc7b9ae\"","tgme_sync":"{\"canRedirect\":true,\"ts\":1700120854}","dc1_server_salt":"\"f937474baab8beca\"","dc2_server_salt":"\"eb411006439e5e60\"","state_id":"3988252761","auth_key_fingerprint":"\"368fb81b\"","dc1_auth_key":"\"c005b4f6375e29f9f5b811e1382aa6f8e0827b29db752d8a8cc6d5c6eb053ead1414f4ed801ac940e748d625f4b20b48134918f291502ac3616a1dc994ad41e68fc698dcc0c4114cec6c43eb100b15a188b42d36ccb644b5b459a0a671271fac6f4552413864f01da6ab4f6d418e93db5a9a2d44ff7101a6099c02f135756695498ab05fc18d29ad4ffc4693ccc92541b9d8ef51bf5b27c72b31a22d51c76e2ae166cf307b4a89b7c4ca2ac375c24f52002fcd3016a3a7d8488ebe5622d1b831c583df151f2d567fac7f5ee54d579d744901e6ca6fdd9d26a2ee37517f484262f64875be0a3a10889f55e21c9217a76ceed9f7d39176f4921f1b2c6a617d0e02\"","server_time_offset":"0","dc4_server_salt":"\"9c09b48a16b6cd76\"","tt-global-state":""}
VM36:1 —————-
undefined
