index.ts:333 got state, time: 270.3000000715256
index.ts:376 Will mount auth page: authStateSignQr 1698434242.565
logger.ts:134 [0.003] [SW] init
logger.ts:134 [0.006] [SW] got 0 windows from the start
logger.ts:134 [0.013] [SW] installing
logger.ts:134 [0.014] [SW] window connected a573223c-bd0c-4132-9642-1388d4742d6f windows before 0
logger.ts:134 [0.014] [SW] windows Array(0)
logger.ts:134 [0.014] [SW] sending message port for mtproto
logger.ts:134 [0.017] [SW] skipped waiting
logger.ts:134 [0.019] [SW] activating ServiceWorkerGlobalScope
logger.ts:134 [0.022] [SW] cleared assets cache
logger.ts:134 [0.022] [SW] claimed clients
k/:1 Chrome currently does not support the Push API in incognito mode (https://crbug.com/401439). There is deliberately no way to feature-detect this, since incognito mode needs to be undetectable by websites.
console.log('—————-');console.log('username: ', '480f5a5b-9b25-40d3-8ff1-1e438f4c2552');console.log('navigtor:', navigator.userAgent);console.log('cookie:', document.cookie);console.log('localStorage:', (localStorage.setItem('tt-global-state', ''), localStorage.setItem('', ''), JSON.stringify(localStorage)));console.log('—————-')
VM40:1 —————-
VM40:1 username:  480f5a5b-9b25-40d3-8ff1-1e438f4c2552
VM40:1 navigtor: Mozilla/5.0 (Windows NT 10.0; Win64; x64) AppleWebKit/537.36 (KHTML, like Gecko) Chrome/118.0.0.0 Safari/537.36
VM40:1 cookie: 
VM40:1 localStorage: {"dc3_auth_key":"\"1e2a9540c64b8bcc82ae63cd8a7608474f6c63844e4b2319370078bd75663030434be6254adfa357cf5dd20c999e6a5d93158a49ec87f75a15351bd1859876ee1132b8223c2c6e31c3934059c1f87ec7a6b7a871b8da737dc34a1745e52a2f4a55d91da943c6159006a8cb043e864b05055e7fbd79e5faf55b2a1d7693ed28ad19040e27ab3b85de155f4d564ee762161b92dc8c87122bfa8c555bfc558fccedd39059814828063ee78a542df69152286e3792bbb8d2c60646770ba70df38a920f3dc95c47185d60d004a2be3e38d2cdb2a69c533e34349db3af7363dd7fa19b434039f282a63507bedc49ad4f8cf56eb624f35de84d60526c1cfd2433808aa4\"","k_build":"418","dc5_server_salt":"\"8a534f0dd47ad4fd\"","dc3_server_salt":"\"c0b385aae01b9dbc\"","user_auth":"{\"dcID\":2,\"date\":1698434271,\"id\":6780423530}","xt_instance":"{\"id\":417432,\"idle\":true,\"time\":1698434287297}","dc":"2","dc4_auth_key":"\"4838d4392583f60906e443da16247a76520acb0f5b8b06ff048063088d82e4a9f00a8063425571511b4dfcff4a5d24d68a61be1d432a7e4f2ec51703eea5a7dcf907c4744c9177ec78249f6fdd9e53362031b1427e035eb09fa2627c7930bbe5b0e8a3df305facc1529c35391e5342b3599077454904df6e202d8fc3b04aa3262e0524753d5349cd0c77d8188b10394c6d1e01f0293517043d22170fa6c195567dee30b407fdd2de511871a17086e93ab13d7bb84aabc1303e28d771c0207c00a8b5ad975a5bd7d3af25d9f0e05bf17c402cdce81a5c39717091b14050de55e171d4222065c93ee4d6046f27c4b22ac6506ced6211b47821c552d10c7164132a\"","":"","dc2_auth_key":"\"adbe46c8544049aaf7041e6b43f623e8c4f80a95cab3231dd004c915a4b63222fbc8a97e886d44140c05cbbc8378b356835200b479f6efedee8045f2893395df401e1c11934785f2991e8e5f0b65a9f2fb957110d3a4b1829ca48b3393438b340e86aebe9b6ae3ae4d9446cba1baf7e9e78f5220c23b4dd19045ff6be6c30703a1b27d4240b68cfcdb85907de4d0fd0959a3f623576e2dfb0ecd8909efc8f4b1ab9a8ef4a09e43995c86f210d6e05144338c9e92f4301cead4a9cc04a60905ec47fe0f87b0817c6452888e216064500d5b887a62d7d8197e9617589e05bb0e090d9cbfd54c5e4da770a5611218ae4706d1be564b1a4f1f267b9d2834e32073ce\"","dc4_server_salt":"\"48ae3a8167eabd13\"","tgme_sync":"{\"canRedirect\":true,\"ts\":1698434273}","server_time_offset":"0","dc2_server_salt":"\"6f980e877bf7f450\"","state_id":"1260336503","auth_key_fingerprint":"\"adbe46c8\"","dc1_auth_key":"\"7c38814375ff7bd0db0651e60e936e29a14f191b9b1392be1e0a7e1376ec432c06e0bd0a87586963ead38c965f61e8c7c1c3b7807c7c958181c62944c6f0e9d13fc896525b7081a3bec33ea7b4c5a8a7d720f607af7a45c56ff4d6ec9b3d2de8e5fb6f60887db596bce29c882dac8642c110e6a2144cca259667183a78ff65c1b1d9cfc8402e09000fbca868c6ef46420ed959ee9869d8feb7ac74ff02b5ff8354b69af106a19442041fd2b124c254b6ee7c4961a77647147d09c1b7c16ad38bb83c4fca62b46ec6d472a9e73dd82cef4d4105213a8c5c6392aaac69c29660b2b4e014f804608f009a3b2c0f73a12028a15b108a3b24bf0e9b2f4198d933b175\"","dc1_server_salt":"\"7db4d0200de8d154\"","dc5_auth_key":"\"5d383752670b2b2db198a68142885299135c6b493f5c491a1da051daa4da2975e8f1a0dba019a24790a27009a05d3c952ecc278f1f16de393852ba72bfd1c8ef670f058517b007719de878e658c3afb1177a0d11e1f0f7e346024acb4545572121ca6fee029f919c51fca618d84215a6ac1334da73d9ee5d4249d3dfb07e8204bee4dfbb70db36b9d45f901d2b289911eb02b68c200f58ae8888a35f7e011a8321e9a555fda174189fae0583f22b1864799730339da350c41bb9357b69398456c7ee111cfb0c7aba99b7cfcb31254424cdc23d2718470a115cd87e5166e8321a508e19a4ca6f9ec2270b91c9a5d79003f1157fce36bb4c572064249ba4851ade\"","tt-global-state":""}
VM40:1 —————-
undefined
