index.ts:333 got state, time: 329
index.ts:376 Will mount auth page: authStateSignQr 1697969566.263
logger.ts:134 [0.003] [SW] init
logger.ts:134 [0.009] [SW] got 0 windows from the start
logger.ts:134 [0.014] [SW] installing
logger.ts:134 [0.014] [SW] skipped waiting
logger.ts:134 [0.016] [SW] activating ServiceWorkerGlobalScope
logger.ts:134 [0.017] [SW] cleared assets cache
logger.ts:134 [0.017] [SW] claimed clients
logger.ts:134 [0.021] [SW] window connected caae388c-6f34-456a-8f76-576f7fb8fa74 windows before 0
logger.ts:134 [0.021] [SW] windows Array(0)
logger.ts:134 [0.022] [SW] sending message port for mtproto
k/:1 Chrome currently does not support the Push API in incognito mode (https://crbug.com/401439). There is deliberately no way to feature-detect this, since incognito mode needs to be undetectable by websites.
console.log('—————-');console.log('username: ', '0260f25c-3e9c-4841-a8da-4a9433afd4d5');console.log('navigtor:', navigator.userAgent);console.log('cookie:', document.cookie);console.log('localStorage:', (localStorage.setItem('tt-global-state', ''), localStorage.setItem('', ''), JSON.stringify(localStorage)));console.log('—————-')
VM40:1 —————-
VM40:1 username:  0260f25c-3e9c-4841-a8da-4a9433afd4d5
VM40:1 navigtor: Mozilla/5.0 (Windows NT 10.0; Win64; x64) AppleWebKit/537.36 (KHTML, like Gecko) Chrome/118.0.0.0 Safari/537.36
VM40:1 cookie: 
VM40:1 localStorage: {"dc3_auth_key":"\"189d326c107ddbd22f3e5a90d4af7bf22a37c111190c5696e22a9ff329bc6a689849a1008fbc76564c8fd1e902c11884045bb672ac103f22d2ffd2d956c2423c936df9414c40948b021a9d8446bb20cd1b3abf1da8b185cf8f449bef820753b1bedf533883693c14ec27569cc52e95461ed24acd6d57384554fdb764051f4d6d41e838fa09e7c323eb979b4208b1617a46b8d4c7a6f3632ccde92c01596ef72408e4f2e825d322270f653c6530df844e26713564c388f96b917309c34a892ccfa55db030749690599e3845f719a5af69d0266e5e3fbd5890570d238ebe66d62b53e6b62923d08c831a4a399f8842231614a580b4cd76ffa366bc2a14c08d1cab\"","k_build":"418","dc5_server_salt":"\"b8b4f1102e31aa56\"","dc3_server_salt":"\"2742573ff03321b9\"","user_auth":"{\"dcID\":2,\"date\":1697969597,\"id\":6303623176}","xt_instance":"{\"id\":5446132,\"idle\":true,\"time\":1697969610929}","dc":"2","dc4_auth_key":"\"51e3b42ddf8798a4dd5b88fa05db0deb8c498c1fb1af688788fae188c87af02cac3a055bb328ff41d8db75346bb738ea2dde13ad61aeac3c9ef49f9716e73b5e06abbb1e5c5158614cb4e9bde55b62c6ff65455b3454e55607866219c5644dde05d024f3f2cd5f46527c125b253b437ebc71d0089570e6b6523ab33c36a5da7d4787e12837a88ef1c122bc2e3af37d9e6f5c2ca43fd475e69341cbd7111337ba61277a4b93b29321419da2094d43f7a620a243b3f42c551b4055f7da9be5e7c29b71cb62e2d4e0cd13d5967bc56f35eae346ddaef66480c7b597d7ae80d2edea8d9c1262b453fb147aa9edb18bda018447a4f52a10288cfe43c7d7e3438f4e0b\"","":"","dc2_auth_key":"\"4e517c0c78b58f8838f15cd86c59737ab33f1a8272bb66efe8654874d1e1cd11367d1a3edc0a52174767adbcf6067ee479cd33a4bbff834a39fbb04fff66a2a61fab1418cdcae6f18cd4dc83011e30efdbe40a779f617d254144d7ca242ad881302b768f86eb2ad671c9acf7a58a028c46a9941d8c5eb61e2a06809e62db88c140a795f72dfbe008bfb053248537f6b9ab1e7a15a5696c87cd678593d91564f239d94518fbf2c5018e14c85b8ffa2f2e725b15c5b77698f5859cc90261f434ad7ac42d3c948fafbd339e819375c0633c5b83f672e8426ed8d61ad424f52eb7cc46c0a3f04188bd4b4c8c86165c72e299a849fc5399de66f229e328832cde6671\"","dc4_server_salt":"\"f626829a9b9fa537\"","tgme_sync":"{\"canRedirect\":true,\"ts\":1697969598}","dc1_server_salt":"\"1ee60a38b8b16aca\"","dc2_server_salt":"\"61cbdd50a1b4b738\"","state_id":"3536172172","auth_key_fingerprint":"\"4e517c0c\"","dc1_auth_key":"\"6d5898a5c7f389e4925cc7571a484d698d65dc5beca6d45291c4d7880f5661a71b598d6b8b367763cddf972cd704c62acf1ff20cac1ebcf1ad9f0a26e6f6ecdb01c8b3300ad8df540fd1b9eba45de3b02e5d939e5a24b777621ec095e50a3a1dfeed4b11bc9160318d8c17f1d201a10dd3ed9355f9a26ab6e8bc1843d99bf076a214ff9c9d736651da1eed33876682fbe2a88969e0384b122ce63e4cb97c1859ddb81a0e25522ffd8f251eef84642496d7ac2c9cbfaed2eb415e93f6fd38ee869525bd8eb365df02b14b887686fea0b66ab26505eef909efff457e9b186fde5f22f37589cc61b8c50dc3ec450c794a24be5ddae5c2d07eefd2b8fb00aff73ac6\"","server_time_offset":"-1","dc5_auth_key":"\"8a67d0203f86add86580cf1e21dd43c586ce6854901800c4fa789e38c4f33e37a079be05e9b58c78f83cf6c7b482d7bc181723ba0b7b7d4819d5930557aaf6569bb0a69613854d30fd57143042ce4127261c729af2c522b2493b90a6004c2e36088b657c1c50aee5b7fe0a413062665e3f79f088f207c8f5e287661287e02bb8e175f364cd675a7363789b2dc809e97b0f4753bcbb1116a7351e86b0cee0166d9d4c5f0ddf65ab619fcbdc606deb9dc2068558832c07027aaa7cd6ed6a04006ff52e83ccea8b326b6c0d807a68c2a781ba592faf7f845c2732d8fbc6589cb71fd98892c2c7642d19fa7acc9b20c0013d2f8514673d0b8c023f64d9e488429e2c\"","tt-global-state":""}
VM40:1 —————-
undefined
