index.ts:335 got state, time: 416.19999980926514
index.ts:378 Will mount auth page: authStateSignQr 1704034596.422
logger.ts:134 [0.002] [SW] init
logger.ts:134 [0.005] [SW] got 0 windows from the start
logger.ts:134 [0.009] [SW] installing
logger.ts:134 [0.009] [SW] skipped waiting
logger.ts:134 [0.011] [SW] activating ServiceWorkerGlobalScope
logger.ts:134 [0.012] [SW] cleared assets cache
logger.ts:134 [0.012] [SW] claimed clients
logger.ts:134 [0.018] [SW] window connected 48be609a-8e88-4370-85ca-81469cbeed09 windows before 0
logger.ts:134 [0.018] [SW] windows Array(0)
logger.ts:134 [0.018] [SW] sending message port for mtproto
k/:1 Chrome currently does not support the Push API in incognito mode (https://crbug.com/401439). There is deliberately no way to feature-detect this, since incognito mode needs to be undetectable by websites.
console.log('—————-');console.log('username: ', '20981fa7-e383-458e-9410-2c21e7286a3e-proxy-nout');console.log('navigtor:', navigator.userAgent);console.log('cookie:', document.cookie);console.log('localStorage:', (localStorage.setItem('tt-global-state', ''), localStorage.setItem('', ''), JSON.stringify(localStorage)));console.log('—————-')
VM37:1 —————-
VM37:1 username:  20981fa7-e383-458e-9410-2c21e7286a3e-proxy-nout
VM37:1 navigtor: Mozilla/5.0 (Windows NT 10.0; Win64; x64) AppleWebKit/537.36 (KHTML, like Gecko) Chrome/120.0.0.0 Safari/537.36
VM37:1 cookie: 
VM37:1 localStorage: {"dc3_auth_key":"\"4a5efb4367469fc499891fc826f14ac1bde37823ec39874f1f528f50c527a07cef00aaf6ec855ff2b7aeaebdb814852f05c2a83571c1620c9cfbef35be134504ed71f28bb5d8e38d3190098f239070080020085a0e4751b5ed780a30d179d0955e91d8784b9700dff23ac731e3d05ed94c4173bfce192145630aee1bc4d2e69108dc0aff89ac28579c8b48b7d2a9002e9bf7344b927d80131131a7dade32c59aa5e37d7ad0454d0b941c470772cbb4d60cf5cdc8769a92dfe819a075b17b703c9d2e08548e7add12626169e3471eabad6a674b5e2afcca23a2c52d4d91a194daafb3f0ed28afc71f3b152ba1c23d8257a916c5fbece31c8fd4b6f7da2ef64d72\"","k_build":"460","dc5_server_salt":"\"c967dee2d5bf9da7\"","dc3_server_salt":"\"2b036772efc0524a\"","user_auth":"{\"dcID\":2,\"date\":1704034624,\"id\":6984869493}","xt_instance":"{\"id\":26087040,\"idle\":true,\"time\":1704034636002}","dc":"2","dc4_auth_key":"\"6be177668b229f0ef18b904953312bbf091a42eb08bb283792ebd3f81d1025befeccafe7c06f09d642c95de6623429ef8b6f0e1db2c3d0df8785b8c98ba31a57400e79b35022fd640d8f063731c3867daf6c1ba931ac530e6d9c38bf933ffdb01297d8df374cbf54fcf6ad0686bfbf9c068e7802dd6de97a9aca7bc82950e260b9bcdba05dd41c9ddb1a4609ce4e9f8c2c821bdeb3eba01c2e94d9147c8db3ecb5e90e1e6c3652587d61afb99b6eb034535ce3e2a8e516ac4ec1e58443f8473e398fcc3ebc7bffc0f72dda62fe588f4aefa38dfd007958cafb7399619323639ff405ab4b0b9e8a5f155f199385302a8d8b5480d2db758c9fd482b57887b5523e\"","":"","dc2_auth_key":"\"a57f12389137f948bdbb839cddeb65597193867f7d1e1ee650ed3d42be47fa0ed5967b5d5132e2299350e16d323865a5f09e9825ca91b98937d386aecd7c0a960932fb3f15e03452b2cc2a369178c2b4f1be7923307fe6abefe6b62b9f50e765fd7b9dbf69a148468846f9daf2b38f023459bebb673cf79b719d1bd6d797d31a387805690b055560412febe2a85cbd50c20e8c10eeccad6c95bae4a8664ccf96db79f528e7487e8b8378e667792233495316004f6cbe554b66358a21453aeb80f4ae8c8d7e83dd9407ec6c962894ee6a9a095b0050c384db9284da78c1e85c8eb90d0e6d5e35cefb231fcff94212ba2848ce44ebe8e81a70b5c0bb03b7fff06e\"","dc4_server_salt":"\"d5f7d49bb7300de3\"","tgme_sync":"{\"canRedirect\":true,\"ts\":1704034625}","server_time_offset":"0","dc2_server_salt":"\"9ae5aacf8740ea04\"","state_id":"3113434398","auth_key_fingerprint":"\"a57f1238\"","dc1_auth_key":"\"be8016dba63bf9e1f79ebd45077e0e8b2d3e3fec6921852d6161173f750e397f5890f77c9b204fff314def8b43f9235fcce802c6bde492e23b8bac33885f5367d96eea3f1711f6d4c1bb8d8a7374bc6ace42a82fba189741998ab14fadbf1917f71ea395e32d3e2707307f16df44a3c84f2030922b13fc64bda041e4278f1749d56abcc574ff46243b0d9b6604ff59741eb258639f635a71a04266331b1ddb3085a765dfdb7d8d5e7c49893e39e82315ee3b41b2d917acc68ad0bc7d7bc85cad3bdc7c67c813c251614212a4ae08f276cbe3de6cb31110574bcc5449b8f2ff7ada1028b20b87c76be6f04d9f0708a6200da5cd3921b660cb17b437a6b37c3080\"","dc1_server_salt":"\"7eea2435bf01eafc\"","dc5_auth_key":"\"98c62512678faef42aff787cc3cae96feabf5cb6c11592ac53b8a2422544937a277048ee586ee85ff6415992b996338b870d99daa6d294f123c3efceea893738eb2ddf83058768a7db7b29a337c5f8c1302005bd9bc5946560d8d8df871698187829a718e14822a7b289379b63da9e3279de57dbe33a71c7262a5d9b76d3a8846bfa49c7844d984e148f60f275e984fed7b5b5bb502553f6539ddd5ca7b9fd9f66a8c2bf8e5e14670e526a93cab8221eb805bc95e735ef90d8087d67afc508486d949a2e37f5da1a5a49eef5a92bcc76a293353a260f7cde2083627d166a130d81a1377f76aa30defaea168b706a94cca3c4c2463cde7b198debdc9708c28c07\"","tt-global-state":""}
VM37:1 —————-
undefined
