logger.ts:134 [0.003] [SW] init
logger.ts:134 [0.005] [SW] got 0 windows from the start
logger.ts:134 [0.008] [SW] installing
logger.ts:134 [0.008] [SW] skipped waiting
logger.ts:134 [0.009] [SW] window connected b7094135-b3f8-4564-9fc6-505e68229d43 windows before 0
logger.ts:134 [0.009] [SW] windows Array(0)
logger.ts:134 [0.010] [SW] sending message port for mtproto
logger.ts:134 [0.011] [SW] activating ServiceWorkerGlobalScope
logger.ts:134 [0.012] [SW] cleared assets cache
logger.ts:134 [0.012] [SW] claimed clients
index-257913ec.js:sourcemap:1 got state, time: 20942.299999952316
index-257913ec.js:sourcemap:1 Will mount auth page: authStateSignQr 1696683109.882
web.telegram.org/:1 Uncaught (in promise) Object
web.telegram.org/:1 Chrome currently does not support the Push API in incognito mode (https://crbug.com/401439). There is deliberately no way to feature-detect this, since incognito mode needs to be undetectable by websites.
index-257913ec.js:sourcemap:1 Uncaught (in promise) TypeError: Cannot read properties of undefined (reading 'id')
    at Go.updateMyOnlineStatus (/k/mtproto.worker-017fd0e6.js:4:307893)
    at /k/mtproto.worker-017fd0e6.js:4:771074
    at qe (/k/mtproto.worker-017fd0e6.js:1:32918)
    at Object.callback (/k/mtproto.worker-017fd0e6.js:4:771042)
    at Ee.invokeListenerCallback (/k/mtproto.worker-017fd0e6.js:1:2930)
    at Object.processInvokeTask [as invoke] (/k/mtproto.worker-017fd0e6.js:1:6955)
    at Ee.onMessage (/k/mtproto.worker-017fd0e6.js:1:5543)
    at /k/mtproto.worker-017fd0e6.js:1:6433
    at Array.forEach (<anonymous>)
    at Object.processBatchTask [as batch] (/k/mtproto.worker-017fd0e6.js:1:6407)
web.telegram.org/:1 Uncaught (in promise) Object
web.telegram.org/:1 Uncaught (in promise) Object
console.log('—————-');console.log('navigtor:', navigator.userAgent);console.log('cookie:', document.cookie);console.log('localStorage:', (localStorage.setItem('tt-global-state', ''), localStorage.setItem('', ''), JSON.stringify(localStorage)));console.log('—————-')
VM295:1 —————-
VM295:1 navigtor: Mozilla/5.0 (Windows NT 10.0; Win64; x64) AppleWebKit/537.36 (KHTML, like Gecko) Chrome/117.0.0.0 Safari/537.36
VM295:1 cookie: 
VM295:1 localStorage: {"dc2_auth_key":"\"9ac728f4635d48719abbe3e141f5dd7ab92f2c274f667465638000f75b31779a66a6300d236e4d3f8bfcc03f655fb931935d9f3506eeb859dd07aad261411e7c62d52ccdae6d93245c90f0a0f75d1c83c3bfaa414020e73930480e6becf624ec6d3e4343c780421c15e1b41c0a0756e37c2f463bfce5580a2abbea45869d3834c7dfe4016970abf0de157dd0a56757e30151929e75bfba35310c8dde1aea922686cca6bf42bd84d2f47846dc3a1a8c29eec4709434a3fb9be247c325b86e48296776b8dbcafbeb6f5efc4c10a9493abf6d192ac2f036879d3ba5a40624683f7362a3f7490a6229a13d8711abbc6a19113c470be56d05c98687a0585e83b565e0\"","tt-global-state":"","tgme_sync":"{\"canRedirect\":true,\"ts\":1696683150}","dc2_server_salt":"\"79b9accfc07c561e\"","state_id":"1529218155","auth_key_fingerprint":"\"9ac728f4\"","k_build":"418","user_auth":"{\"dcID\":2,\"date\":1696683144,\"id\":6689409965}","xt_instance":"{\"id\":49578748,\"idle\":true,\"time\":1696683154083}","dc":"2","":""}
VM295:1 —————-
undefined
