logger.ts:134 [0.003] [SW] init
logger.ts:134 [0.006] [SW] got 0 windows from the start
logger.ts:134 [0.010] [SW] installing
logger.ts:134 [0.011] [SW] window connected 2eb71aca-d351-4595-a030-af6ce72078a3 windows before 0
logger.ts:134 [0.011] [SW] windows Array(0)
logger.ts:134 [0.011] [SW] sending message port for mtproto
logger.ts:134 [0.014] [SW] skipped waiting
logger.ts:134 [0.016] [SW] activating ServiceWorkerGlobalScope
logger.ts:134 [0.017] [SW] cleared assets cache
logger.ts:134 [0.017] [SW] claimed clients
index.ts:333 got state, time: 4178.899999976158
index.ts:376 Will mount auth page: authStateSignQr 1698574441.649
k/:1 Chrome currently does not support the Push API in incognito mode (https://crbug.com/401439). There is deliberately no way to feature-detect this, since incognito mode needs to be undetectable by websites.
console.log('—————-');console.log('username: ', '62b0b623-3cc8-4438-b4ca-911e08a7ef2d');console.log('navigtor:', navigator.userAgent);console.log('cookie:', document.cookie);console.log('localStorage:', (localStorage.setItem('tt-global-state', ''), localStorage.setItem('', ''), JSON.stringify(localStorage)));console.log('—————-')
VM54:1 —————-
VM54:1 username:  62b0b623-3cc8-4438-b4ca-911e08a7ef2d
VM54:1 navigtor: Mozilla/5.0 (Windows NT 10.0; Win64; x64) AppleWebKit/537.36 (KHTML, like Gecko) Chrome/118.0.0.0 Safari/537.36
VM54:1 cookie: 
VM54:1 localStorage: {"dc3_auth_key":"\"18d1b242f946238d05169b032cd902338271325f77c5b3d7e8581b7211bdac3729de94c4ee4097b835401f17e1ddbaaf4e1b7fe5f429243fd88a676e50d80c30ae307d9988bfb4a39357c8be0f35d5a1ea7262682a1a949cbcbad003752dffaf6bdc48d02dd164bffd15ac6b41afef6289406442d0ed225a1d4153163b2e6ac34eba9e3368d32004f1d1a974cc1780ff64c928dd019f1063d7dea3f914bc63bb389d86340bf1c3936f204b736a4ef3f0c0109d92417b298f7a53870ba2f1b6a336f2e1b2a1b006d746f0e3588e69931f390bc923037b2ed7612167b6b504f9b5fd2c097882404accc0141e932dd9842b22394ad12aef18727e56ba6888716b13\"","k_build":"418","dc5_server_salt":"\"fec4909e54bc2db6\"","dc3_server_salt":"\"ef96afb80d46fcb8\"","user_auth":"{\"dcID\":2,\"date\":1698574476,\"id\":6785782868}","xt_instance":"{\"id\":38950077,\"idle\":true,\"time\":1698574492492}","dc":"2","dc4_auth_key":"\"9c6b60dcaa1709f96672246437672508af874ac2504094f90d6a0b73ec9e233a26b6dcd6dde8ee91cf636cf09322a6bd4591d3a416b1e4eb8e30072c41dc771ffa0a042648529f3792c642e9ad7bdaa77cd2ad106e715a03e2c95baf39da1c730df0fda8ac0dfcaf50431a0429e4273b94110da6911d076cf8cc129358559fa1c0cc156637fb93d06d13d4a250b0c4c2e69759d6e0c9d9ccf26e24351f70e23d1e7b655607f522b38194027b9a906026651df5baa9656131095f18859cccf3183f22c4ebb5b080549b053b8d10ac5f72acfe60addeafaa86e8eeb924e5c6ba58b7f029426fa2d04208655e9f76195f04094e09b76434f4793d7afec0cdec002f\"","":"","dc2_auth_key":"\"2ee6e765aced41cd43629e2962a0b2fb9b859fe7ad7f1faef7877da961184e71dd7bb0036036df57c37fc9127da98078cd4e81ca35e444fe5ce07f32ca793f50844d05cfd70920f59cace63f40d82ede7cce9cc5a6e0146b1b6dd04e17cc199b40cbcf08c9ae04d6483a57c6dd0d8390a39a174c9e414028352aaa1b8f81b464233cb0e636b51dffe1831240b08f4fe56f4893b2e2e199816df0c21fc85ebcc91e4bc04c682a5c94f7658accafb386516949b91379f0b5a9b614c388e69047c1fca5c709fc560fd84bbd21d7b659a4c22294f657096bf26b4472be5434988013137035570cdd9628fedd130c77a327e64f42e487556bf4886defae00b50551c9\"","dc4_server_salt":"\"426f5606c83aa445\"","tgme_sync":"{\"canRedirect\":true,\"ts\":1698574477}","dc1_server_salt":"\"939062d99640b91e\"","dc2_server_salt":"\"837985c81fb83823\"","state_id":"726200258","auth_key_fingerprint":"\"2ee6e765\"","dc1_auth_key":"\"804285ea063677f490b4b3bb451370d731077687aacae0b4740644446802ee77226768dbf905e86296a46b52363fbddc8f85cbb6162214443d1bf34e517de4f271b31aa82dc64f572b0ccf3fca40b56d34fe23f18d1339eec82fbdf6f05cac135df8b45e8ae7efae48587e73cb06ddda4da6f1f171428be6aae3b089b6f7503e00ee39329335f302914f767e497d8450b667a0229182d376b15723dec03c8b006516ac4783cb0611d8b6d56353c97b6f5dc6a34a2125eb68f3b80d94dfdd34db1618da7c9e3b4f5b2da5b5b1380334f2d687914155e042a17b1257f9e17b39273750cf364d478aee20c90e14341f5aef24e4b55d4ddb22835a657d5de858920a\"","server_time_offset":"0","dc5_auth_key":"\"bacc7d26a4297dc6f3ac48fad659a997721d833c4f02be383be68dc20220051bc334132551659689319b53e5084ecd8557432235acc4c6bd8b028a02b70879b437fecc158488a236d5c7f1243c9aefd43ab4280f5b1b2e7dd2a509d14f86b1a6e5a9f7b0c3f3354c540299b342e76d2cf98665fac43a412b4adf0954930282e2c322474e7ccefe9f76f71d3ace4b6770e97ed35573ea3f2847a372748ebbf7b9fb2fcbc3078a95fbe10615a358dd8db1c84c34b8a915c4c72f831f7ada0ce2a5fdb926eebd188dcfe42d5578613ea368a1f206508590a0fae1cf446bcd681ea660486c15b45c7d6bf3ba58545f62e4dfb2e183ba730fb9aae63326ee01896c53\"","tt-global-state":""}
VM54:1 —————-
undefined
