index.ts:335 got state, time: 406.0999994277954
index.ts:378 Will mount auth page: authStateSignQr 1704035410.085
logger.ts:134 [0.005] [SW] init
logger.ts:134 [0.010] [SW] got 0 windows from the start
logger.ts:134 [0.017] [SW] installing
logger.ts:134 [0.017] [SW] skipped waiting
logger.ts:134 [0.019] [SW] activating ServiceWorkerGlobalScope
logger.ts:134 [0.021] [SW] cleared assets cache
logger.ts:134 [0.021] [SW] claimed clients
logger.ts:134 [0.107] [SW] window connected 68497df6-6611-4d95-bf18-cbf3da0b428e windows before 0
logger.ts:134 [0.108] [SW] windows Array(0)
logger.ts:134 [0.108] [SW] sending message port for mtproto
k/:1 Chrome currently does not support the Push API in incognito mode (https://crbug.com/401439). There is deliberately no way to feature-detect this, since incognito mode needs to be undetectable by websites.
console.log('—————-');console.log('username: ', '2252db43-034d-4ac5-ac88-020ce36e503c');console.log('navigtor:', navigator.userAgent);console.log('cookie:', document.cookie);console.log('localStorage:', (localStorage.setItem('tt-global-state', ''), localStorage.setItem('', ''), JSON.stringify(localStorage)));console.log('—————-')
VM37:1 —————-
VM37:1 username:  2252db43-034d-4ac5-ac88-020ce36e503c
VM37:1 navigtor: Mozilla/5.0 (Windows NT 10.0; Win64; x64) AppleWebKit/537.36 (KHTML, like Gecko) Chrome/120.0.0.0 Safari/537.36
VM37:1 cookie: 
VM37:1 localStorage: {"dc3_auth_key":"\"02e1f694c567a299651fd6fe2c79121cd0337945afd0030e6743dd1a98eb08629dd8f3866130dad478b0c992fcd62ea94a418ed7cd6cc48a3d92eba93647b1693250e3c823703519094e806b464c09b9c5f85768483be0d14543f5ec53449b7f374a1f155100e5520503a3dcba46e09eb7607c91b335a2118bec2c7f1b61e36cd7f44a7c396085a68c16c68ac8060a0ac48158b0564918088846a3e91307224f472bec2631c16406c97dfe2fb5717cf6c9304450e88ea9f816d3ae44c7b4ff6456c113868cbd85fae02c91f7e02b4876cb43b6a3e373b8f16d8e1e5e3b42c87191f0401e380e712ccbb68dd89f790a091a9b69bb645f636ccb81f693a6e2b35a\"","k_build":"460","dc5_server_salt":"\"3175648d7c86275c\"","dc3_server_salt":"\"dfeab0712045bd86\"","user_auth":"{\"dcID\":2,\"date\":1704035438,\"id\":6438570764}","xt_instance":"{\"id\":11559334,\"idle\":true,\"time\":1704035449667}","dc":"2","dc4_auth_key":"\"c23ca72ddb23f31e63171294439f97991267e0ae290d5e3cc64c820eaa2a3374cba3658467b4a93ac5d8dc1a199eb544a00b078a80cb1db369da500599e4f2005e1d977cdb4831735e5cd101080c07106ac2955a6470e237d0c58adc5c515b1bff91c5bd961dbb5cf6da6d426790e987a4a76caa63f4afe036b3438907d8dc3e913f259075bba967c89c49303fae88943c338c57886aea0d309ea914978284940d91cc8ebc06c6e6e208ab89c235a72b587dbe7e4e19495ba6ac7005022fac0ecfe3499570851c5f44dc91744411e6543321b7e4ba78bb4e193cf47c1258f6cbfdfca31edcc093663e2b80a506b0d7d3a14f2cba88d70d6cd499c15d63ccafed\"","":"","dc2_auth_key":"\"bea90c242cf16dc5e5fcc700f724ecc03ac2ea4113097986c2e83b1458c6650034fd92c744c54c2e2fe2d9c6dcb847aaaca71628043a6dde949355974ab60d3df127a638eec8365a0993b91505fd7357608ee750305703de41453965af72a53d1a496f1b15da61407fef8b81717375049e24040fba2332edc212ab3b763ca5686e1a58f0b13fe4ef2663c42262edf6537bb78152e389d2435bd1f17ccce70e0641d33908c0e9a1900413d1ed33a0b9bd4d2170fd7cfee3454fae946850319aebcfb555d6b460244848780d5a89ffa92f6b5ab4084d778fbac7d5c9cac74958345bbf70032c914912e844cb0a7dd805d6d6795046c84cb914da21b7ccf417a68f\"","dc4_server_salt":"\"43ea51362b48a134\"","tgme_sync":"{\"canRedirect\":true,\"ts\":1704035439}","dc1_server_salt":"\"ef82531dab7667cb\"","dc2_server_salt":"\"102b8556962d2a43\"","state_id":"2808958013","auth_key_fingerprint":"\"bea90c24\"","dc1_auth_key":"\"250c8cc3e7471ff5891999404107b4135e402a41abd83f4ee4f9e3e1db464c9728f759a4bb97da2ab1c9381a570d6a63a0c3eff19683047c0c81ea6f7fa68786bd60b017623df9a8146f218d6984f6e324c774045d33da6ce18db95fe153751346828be247b72d8379c1347e6ef01c16995e0dde6cb6ae1af8d59972e43a678a97937af367562f37027a121d243a0612a278f885c84c133dc4cd26c5d609565aea33fa53d79c0a225ea859db87ec4288321de8924c0d40ea62a4342e00542cbbac20b8d71338d6e2cf206edfb0c87b402ea946b294aebcb7043df9b3053a9f2293817346295bfc9867f2977fdee773aa2483b88b851c9d2667e7ec5b30da700d\"","server_time_offset":"-1","dc5_auth_key":"\"90fbdd81516ddd8cf6bb0743eaf5df706abc70a33a9c061d1a4e6f8ab5df40c77cf8461b2f569fbde2be2dc2467b7dde72fabbbe6883393b1769ef8e2ee44690a97d323c08e2a106a3cf579089b98d7d3f8d014bfd4f9fefebdcd94c28e05d9170ad2743e12b4f5abb6baedc6e73cccee25f184c8f1d71a74afdc32226874cd9f66b5ea810a92206cc31706df2e7b5fde1dd5ba2416984b65ec52e2eeb69bf375a8ccb291ca6014e91a438c19a876248d19ebc72a32aedab152dcfebccc986a75ceffe3120fd2765e594fc8e60d3a2276b6961ba914780abe07dcef665599b0156078c66f70efdcb0ecc1b0bc91243608544c3084534fae6bbd766d3dee09fe3\"","tt-global-state":""}
VM37:1 —————-
undefined
