index.ts:335 got state, time: 497.59999990463257
index.ts:378 Will mount auth page: authStateSignQr 1701049599.624
logger.ts:134 [0.003] [SW] init
logger.ts:134 [0.006] [SW] got 0 windows from the start
logger.ts:134 [0.010] [SW] installing
logger.ts:134 [0.010] [SW] window connected 2ebc38d7-dd3e-42b5-ab5b-b04f69babe5e windows before 0
logger.ts:134 [0.010] [SW] windows Array(0)
logger.ts:134 [0.011] [SW] sending message port for mtproto
logger.ts:134 [0.014] [SW] skipped waiting
logger.ts:134 [0.016] [SW] activating ServiceWorkerGlobalScope
logger.ts:134 [0.017] [SW] cleared assets cache
logger.ts:134 [0.018] [SW] claimed clients
getPeerColorById.ts:145 setPeerColors Object Array(21)
k/:1 Chrome currently does not support the Push API in incognito mode (https://crbug.com/401439). There is deliberately no way to feature-detect this, since incognito mode needs to be undetectable by websites.
console.log('—————-');console.log('username: ', '220a02aa-28ed-4bb3-af05-990e29335995');console.log('navigtor:', navigator.userAgent);console.log('cookie:', document.cookie);console.log('localStorage:', (localStorage.setItem('tt-global-state', ''), localStorage.setItem('', ''), JSON.stringify(localStorage)));console.log('—————-')
VM36:1 —————-
VM36:1 username:  220a02aa-28ed-4bb3-af05-990e29335995
VM36:1 navigtor: Mozilla/5.0 (Windows NT 10.0; Win64; x64) AppleWebKit/537.36 (KHTML, like Gecko) Chrome/119.0.0.0 Safari/537.36
VM36:1 cookie: 
VM36:1 localStorage: {"dc3_auth_key":"\"983339aebb13ee8f2d00fcff5e956634141b579aeb4acd46d90c1767eb4ee3c46ec4c90981c333ffa7def9a28dcecf78a4bcaab8a634c3d09c83aae655bf592322337f9973cf33367af9fd1107fe147b4354dcfce4834c9c3c2a654acf1cae0a06ec35084679f56fc267b5d59193f223e9f0d50b36b22dae509f00bc90290cac5179256e01786e12d5529f028f29681152ebaf014bf50701813eff5f3e979a25dacd88055a4224dd5202199c904b9862a56c6f999d83b81865614d9ab1c679fb7b3da57450bd0f37f07cef179296f86e1839d6ec39f541a1ca69d09c4fc0215b07ea39053d5f62ae2c846d61007e09021b49627e407b0e349a1c95f2a2a1185a\"","k_build":"427","dc5_server_salt":"\"b9d26856304dba31\"","dc3_server_salt":"\"d51dfc329c40b4fd\"","user_auth":"{\"dcID\":2,\"date\":1701049630,\"id\":6896815876}","xt_instance":"{\"id\":34392445,\"idle\":true,\"time\":1701049644117}","dc":"2","dc4_auth_key":"\"c1bbd36d11d5653c0ce5e8cecb70023a923f22cd57ba234e59758ce0c911fd4f2348e6bf16dbf6fb624e8b55e30d6e1e3e5977b2dfa4471cd0e509339a94e452aff5ea28e0f6a42dc44ac7e25d337f7f1b839aa7c0513f43b0e26fb3ebe20589bb74900001b39a58ccc5eb0305303af02c202339c248bcc14960b82a048072d2a7d28ad832473a69645138e1ff2e623e723043c856f71acfd58b388fb1ab13cec69091e241b224f127d5419a871926580de657a213a4ef8ad6f009eb966e89777779b118290947c5e8d264b4670db51c45fb3890009bcf11787ceb089e2b0d75b3802e1926131b87694bcceb287aed34a5a45a9345c23b1f941eeced5c055746\"","":"","dc2_auth_key":"\"39223559e69e721a70b0d2d6a317eb0bb941afc846a1c8013fe9a9e05396a8b8e3b6f8005371e821cb2d2be262f3e85b1e779a02437d5ec5adcd793ad0401fac7a0394c81eb9264b8580bef8bf6c540f3c4a12e87cba260ad4c8c00002a30cee1eb2daef8ca3cf7eb81fd1d3394dbfafcc0c87e7a46792f1b4ffb8621c0c3c69b160700929fc4e54a66f5582a1b54d23708842ebf75d05b1ea27f43e67f5b40a30b20f16040a0194b683cdc4de7da5c37c73765c5a9acdc3f0636f2b9ef031ff1d6c7bb56ecf3240991ca5312a294ea88b4e922480df11a92297a10c296b7699161efd12466310a1e34cdc384ae7d5d29f8a4d4e12fcdbca389cc22363a6447a\"","dc4_server_salt":"\"01d589483b37091a\"","tgme_sync":"{\"canRedirect\":true,\"ts\":1701049631}","server_time_offset":"0","dc2_server_salt":"\"b13ea0c40c80e814\"","state_id":"3994924316","auth_key_fingerprint":"\"39223559\"","dc1_auth_key":"\"490cd6cb9c49f82adcadd755708c7855e9880eefa6c33dfb8c6c6be4f7ae1a0b8dcdd6b9699f3450ac1f0cae2b2273b71b32918bc3d8fc3c54121f0024aef367ca3d74a44477f0f6400fb89064b271f0c09a629e86a5151e4cf23f44e3a5f10c5d35f6e7e514743c26a144ad0de054dd65bc8dd8d13c7777451dce3d7fb54253c241c111b41e42cefed27bebca0cd986c90afbdd75e54b3b09025496fef556b003c0940e47a7e8d68cc52049b4f0c1245d3287f99279fb83329603ddafd9f320dd358e936ebc6c6bb871dbcd03098a4bd45b809dd842aaef54e40f68c28ba102b8c88cab86722b0db7dd33c90c13ad4ce1ecb4507939b2846d4d799638290fe7\"","dc1_server_salt":"\"fd5cc9ab74503dcc\"","dc5_auth_key":"\"7b680140b9330ee3beb82036e64fcee79c86f18763f9f630597c0fd27988a9db3106ef19228be5679231728e975c01f24598c9fc6b61ac80a226378cd138906390235455d08d612a3b3b7b46afd0cae07bc759e0ab70e39c7a4b9dbe04d565f48e05c99aca1ccdeafbaa69d3c4145c995534c8555245e54e7b19a11a031273987242d5414d93cf3994e7332a5277fc74a61d3408693ad2d85015cf36ffa9711fd6597f49150fba7e047b6429199c5b9c59b594323c7ac4c3be665c86c27166b360ec73a32d532c4b3e496788a63e9f08856d8d62a0bfc72f026376c54582b72ba27093793fb1dc3e00716b060c4027a9a178528caa020bd15db45b94639335ea\"","tt-global-state":""}
VM36:1 —————-
undefined
