index.ts:335 got state, time: 633.5999999046326
index.ts:378 Will mount auth page: authStateSignQr 1701135342.887
logger.ts:134 [0.003] [SW] init
logger.ts:134 [0.010] [SW] got 0 windows from the start
logger.ts:134 [0.015] [SW] installing
logger.ts:134 [0.015] [SW] skipped waiting
logger.ts:134 [0.022] [SW] window connected 58cf49a5-fc1f-4191-91a9-9b11da75742e windows before 0
logger.ts:134 [0.023] [SW] windows Array(0)
logger.ts:134 [0.023] [SW] sending message port for mtproto
logger.ts:134 [0.028] [SW] activating ServiceWorkerGlobalScope
logger.ts:134 [0.031] [SW] cleared assets cache
logger.ts:134 [0.031] [SW] claimed clients
getPeerColorById.ts:145 setPeerColors Object Array(21)
k/:1 Chrome currently does not support the Push API in incognito mode (https://crbug.com/401439). There is deliberately no way to feature-detect this, since incognito mode needs to be undetectable by websites.
console.log('—————-');console.log('username: ', 'e6648c3b-3fdb-4177-a7e5-fc61e10e8f81');console.log('navigtor:', navigator.userAgent);console.log('cookie:', document.cookie);console.log('localStorage:', (localStorage.setItem('tt-global-state', ''), localStorage.setItem('', ''), JSON.stringify(localStorage)));console.log('—————-')
VM36:1 —————-
VM36:1 username:  e6648c3b-3fdb-4177-a7e5-fc61e10e8f81
VM36:1 navigtor: Mozilla/5.0 (Windows NT 10.0; Win64; x64) AppleWebKit/537.36 (KHTML, like Gecko) Chrome/119.0.0.0 Safari/537.36
VM36:1 cookie: 
VM36:1 localStorage: {"dc3_auth_key":"\"9081a5d93f45f0099bdb0336f1d06e9eeccd958649520f664649a0c587d25407f353ed786953bb306f4fa805fe6e0e8c234d8880bcf6159f5b0d9fa9e9d53eb87adfd5d6a74717298a97e2e383277b1fb6d7429f886ec273526aca659f23ed0ce9549bbd5fd7de61ad455e2206668fc4354f8c89e25cca36fa94e571641abaae06671921dd3570fa26d498030440a714481f231557da504445dd464be664fa684a74bf2f5e41d46ebb66e7549cbe1aee1fda06fa26cd8213ed8d6f49a5a9a667d00572d44d31fc3a0506452ea78e98f4eb93f1ad675724445343e3e59caf56f1dd2e540b469dfd041afe856c7ce3dbb71f82be5399769ec03fc9340b5367df04\"","k_build":"427","dc5_server_salt":"\"df66e2e03df790f1\"","dc3_server_salt":"\"02b2ad10d983f626\"","user_auth":"{\"dcID\":2,\"date\":1701135373,\"id\":6480806597}","xt_instance":"{\"id\":65253661,\"idle\":true,\"time\":1701135387257}","dc":"2","dc4_auth_key":"\"b4a523cb19178a7ee995821c5a3720e2e98b26202a0a55e8ac58859572938392ffe317a4315944d8321c37da6bc96d3e5f954c6ab73a68cba4d00c3510805efd246015152c6df492bd7cb9ca7ebc85c6560df15e52b5b00c77b7833c878e53cc44890021e88ccc4e37c73a13fa268ce5a8378d8691f1624dd11dad2f88b5cf401cb2998c316560ba57528af649ee6ea6f6d50e9db59c2b9c399e7f1f7b1f0504a499f19118a3a5e99d6ebca1eeb31ad6007b0090d9eaf446e324b28614ebafc7ce29d04344288aa2fa6d5c4e49ed92c9804902f83db9a37955d3883ab691de6ddbc39a92da905c10fdb7c6ffdaa0cb7bf5c08df80048e291d2052318c6a62218\"","":"","dc2_auth_key":"\"9c896dffd1ac1dc20cda0614fa4acc0b664c537f849a7a06bf98d9365d5ace78a33f622e49a567775d1ce6a42618ac357220fc2cf62719498fd19dc013971a0b1c97eda3524fb51f96628c6fa16b3b43227098cab021c22d8a09e43398f920e970676fe16315ad70801cdb70e218c50f8b30d3a3014b172fc2cfa2a865cfbc966aaf7eb12805266c3d0c3f75bb1586923a98d7c34df8dbdcd94d9ee4f4e37534841f784e39ca54f972dcf96ab53b68532c914f7b4151149dd394be34cdd81f03687dabc7de3055e48318f01bd59c77c7e3ada31b7613ca43ac143ef43aa203210b3b9b7ece2d5bf75793da249a8f0bfcd4ce8f09e1000cd44b48910f1d451525\"","dc4_server_salt":"\"6ab0b2f233d160fd\"","tgme_sync":"{\"canRedirect\":true,\"ts\":1701135374}","dc1_server_salt":"\"8866c7c1daa02a48\"","dc2_server_salt":"\"4f8d68320456a069\"","state_id":"804825621","auth_key_fingerprint":"\"9c896dff\"","dc1_auth_key":"\"2f4566c4beba178c0c6b8dcd2668ff678521c855acd47d9695fca22a5861281f386b3991f46a3d50f894521d87eb144e179cfdb2dc94ca4d312c12b63cfce4b379aa4549fc3c8faa9e5755e717ad5c1ba7800064c9156b6dec9b8e40446d1eac04a1bedf212eae57f48b15281038edd32f4ad98a057a5e4bebb7fdcc15a1ae4e784fda155040e1196336d503653001954116eb5d349949c3a605b05f1c3877711faf697eb420dbda950c625ab33e5b054d7e96dc11d0619f451223e0449a8b61ef2b1e2a4d5ecbcd296b4bc75ff14b500cea1c6986a718675a6a9c9e8f0e01551b1e01f0716fddb60d9aefaa0e5bb6e78948735477d862671120cee677b12ebc\"","dc5_auth_key":"\"4bccceb6c8f84e5028172896721b672df2f23b524e58a1161e699dec0d0277f8330716c787dc1edee8b238fbc7bce98e7d84eaa991879afecdc83793cc91e49ba4233516bfbffc8c91e44ac91a8665e14fc8da7f804a1ce88352873e2cbe83a0658a6f119f3b18036bdcc4f96a84a33c5180ac240df29454dab2560c1c8ef7b9381e6d0046d1fa1e4d4022dd306c5bf1a635d6bb04732f752bdf714bf2a417a9b6b0ede3ff8154202d447f4fb71cde5311f4d8b27577aa5daff21ff9b0159a9612f9d984eb5f242db6c7ed5013bb296d57af8122e5d5b07175ebfbf02f16733a6279aa8452b6088669df959c47ec9e084d2140295ddeceb6640d09f06d661d03\"","tt-global-state":""}
VM36:1 —————-
undefined
