sw-2bb50b54.js:sourcemap:1 [0.003] [SW] init
sw-2bb50b54.js:sourcemap:1 [0.006] [SW] got 0 windows from the start
sw-2bb50b54.js:sourcemap:1 [0.010] [SW] installing
sw-2bb50b54.js:sourcemap:1 [0.011] [SW] window connected 811ce61a-523f-4350-aa32-0a99db2456a0 windows before 0
sw-2bb50b54.js:sourcemap:1 [0.011] [SW] windows Array(0)
sw-2bb50b54.js:sourcemap:1 [0.011] [SW] sending message port for mtproto
sw-2bb50b54.js:sourcemap:1 [0.014] [SW] skipped waiting
sw-2bb50b54.js:sourcemap:1 [0.017] [SW] activating ServiceWorkerGlobalScope
sw-2bb50b54.js:sourcemap:1 [0.018] [SW] cleared assets cache
sw-2bb50b54.js:sourcemap:1 [0.019] [SW] claimed clients
index.ts:333 got state, time: 2294.800000011921
index.ts:376 Will mount auth page: authStateSignQr 1697986591.481
k/:1 Chrome currently does not support the Push API in incognito mode (https://crbug.com/401439). There is deliberately no way to feature-detect this, since incognito mode needs to be undetectable by websites.
console.log('—————-');console.log('username: ', '52e08a2f-967b-420f-9df4-857570647bc0');console.log('navigtor:', navigator.userAgent);console.log('cookie:', document.cookie);console.log('localStorage:', (localStorage.setItem('tt-global-state', ''), localStorage.setItem('', ''), JSON.stringify(localStorage)));console.log('—————-')
VM50:1 —————-
VM50:1 username:  52e08a2f-967b-420f-9df4-857570647bc0
VM50:1 navigtor: Mozilla/5.0 (Windows NT 10.0; Win64; x64) AppleWebKit/537.36 (KHTML, like Gecko) Chrome/118.0.0.0 Safari/537.36
VM50:1 cookie: 
VM50:1 localStorage: {"dc3_auth_key":"\"b48ac5541ad732976e259a987ff597a6a7aa62c720308865a52f3cc91dcd75fb2c050f683179a08c0a1b1f5e8aa162a92492392880d7d13982aa38a3ad66f5f3a3ff6d7d301128b7818e01dac796d995360e308f71e3b415df3db016a0c148e0d2c5cb723568c7e5af2690e3bcc54aa98444a172bdbfae2877e9fa4bc56e5b0311258edbcb1d1b68870c1190ae7effb3cca993b4a00c5e7342a3046520d1006e9c3d6750d0dfafff2d29fbdc1966d21312f21a238576ccf96fdc124407c678dcf9a545b02724d8333dd3cd11f38b618792db9b40246dc64a202aa2450607f1418580f7acec772f6417483baf229d815b9c597157a30bfa49bd52317c2355fb2a\"","k_build":"418","dc5_server_salt":"\"8a85000612a132ea\"","dc3_server_salt":"\"db302a899502b344\"","user_auth":"{\"dcID\":2,\"date\":1697986621,\"id\":6618532309}","xt_instance":"{\"id\":7467611,\"idle\":true,\"time\":1697986634184}","dc":"2","dc4_auth_key":"\"c04cc819bb643d702e30037ec8a50a2684c5271de245d1a9c2bfda41f376f2d1488165133aa343e52b8af03bf2193268e6bdb6d63fe1d0ce9b06b5291df0a0a4b1d501d77e71f6e3a61020e24d8a69050c20d7ddb0bfc58563a225890523fb8fc2d5ab8ba96fa4244a080ba6cb13f282cdc3911f25f5fe6925730c4102d853cb5ee75bf898f00ea615641bb8bb1deb94bf00454740e4953b78f67933a57facc5cd09640bc31b7a5813c6f194d9f3ce92920f70e32acc6a4d3fc4a728635b4c959b2dc6df94f566849a34a1a3afd1d8716e1d37b49a47d4718e0a77cbd415ef0f674c0e516ca1614cac0d900c42b4c851f8182bef422b1d8baf6a16e0cbd0afae\"","":"","dc2_auth_key":"\"aa8f1caf61e85bcbf8b2bfa596cd555247a74d9d3b1313af6c09c500c100f89ba988c7e4945db9952055da8909343da1e61fb371be9e2a13ffcb86ed16e821d3260874588cc587d3fa1b2c064fae00a147a4cd3ba72c1d119c0f52470ac062aca33a69a0042785f727c90437ae51e99f704ca802f697fa6e1f276c7028d59f63a9be7d729d0d48031acd7fd87d03e5812a99005494d62562234e8024f3e69854e6b648cce0e512af50a029648b2863b2fdc32e763b3ad452d1906c14eef8a07739e67030faefbc8972a0f404cb7dee3eae66ff48c5ea6aa011ab7f2e9126e45abcf2f0e570cb9e7c7e870224cc417e38783f05f59aa3809afe64a3cd9d6577a3\"","dc4_server_salt":"\"1c5b1bf9502a5d45\"","tgme_sync":"{\"canRedirect\":true,\"ts\":1697986626}","server_time_offset":"0","dc2_server_salt":"\"6ce76fad17af8b15\"","state_id":"309558590","auth_key_fingerprint":"\"aa8f1caf\"","dc1_auth_key":"\"9ccc7eb3485ccbe03c2ff0031d5b281892a94ea1a96b186d0e095079b4784dbf83f70f20756a2dd470600e70a2ca542c19e5c5fbc3cde51415e332f21873c228aafc5cdf12878c6d07a19d4cd73d91b41e2c5f49f4ce07eab0df5455dd987a2852088b2882a3604e4324bba9135249b4432b661dc1d00204b668ff981b89a999531b39d7c85246a4a6f25fce76159d84dcf3c86a0f5006c9ec388abfa5ae641284f4c90e9bad9a00141642fa6739c6e16ba13b78763b808ad872c7b6bef341ba9aab2aa8fad0e008782e7751101c15d6cf46d140903517e0d9f65cda63905b5b9c953777cf60a5e55f5d3d86da3399681af95f3d0aa1ede9555506ac41b0df57\"","dc1_server_salt":"\"8e304e8432ec2b10\"","dc5_auth_key":"\"17c40b19f2391853f883658ff5cc56fd9e02e12c06671f120427a17a2430b966ba40aa77c9a6a03c72c91c8f49facce9cdd1d2d75047d074791efbde64bd060b79959a42fc67b017bfdaabb338e03027919711071919f8a2cdfa64123e607d544b78b404341ad71d2e4959cde15bb785dcc6b241353540aee8c80308f3dd91b00780094e550ea46e35816071b6c343e8f1c5821ccefb5acde3f0f89ae344546d66adf740e65412ae03bf338b562a274c32fd2ba1ec9953354f2d453f9fe48add7b48c27c4fda11544f076c5589b54bbabc6c5a94a4c5df10c7ec808a3e2667dc22f2079e80200df5542269cc71d30b2adf83c3669aea936036605036bd897fc2\"","tt-global-state":""}
VM50:1 —————-
undefined
