index.ts:335 got state, time: 879.5999999046326
index.ts:378 Will mount auth page: authStateSignQr 1701071610.286
logger.ts:134 [0.003] [SW] init
logger.ts:134 [0.006] [SW] got 0 windows from the start
logger.ts:134 [0.012] [SW] installing
logger.ts:134 [0.013] [SW] window connected 356cc41f-79a8-4cbc-bd38-af47ccfe1ab2 windows before 0
logger.ts:134 [0.013] [SW] windows Array(0)
logger.ts:134 [0.013] [SW] sending message port for mtproto
logger.ts:134 [0.016] [SW] skipped waiting
logger.ts:134 [0.018] [SW] activating ServiceWorkerGlobalScope
logger.ts:134 [0.022] [SW] cleared assets cache
logger.ts:134 [0.022] [SW] claimed clients
appDialogsManager-bd87ba7a.js:sourcemap:6 setPeerColors Object Array(21)
k/:1 Chrome currently does not support the Push API in incognito mode (https://crbug.com/401439). There is deliberately no way to feature-detect this, since incognito mode needs to be undetectable by websites.
console.log('—————-');console.log('username: ', '51234b85-572b-4402-8b32-8d00e558615d');console.log('navigtor:', navigator.userAgent);console.log('cookie:', document.cookie);console.log('localStorage:', (localStorage.setItem('tt-global-state', ''), localStorage.setItem('', ''), JSON.stringify(localStorage)));console.log('—————-')
VM36:1 —————-
VM36:1 username:  51234b85-572b-4402-8b32-8d00e558615d
VM36:1 navigtor: Mozilla/5.0 (Windows NT 10.0; Win64; x64) AppleWebKit/537.36 (KHTML, like Gecko) Chrome/119.0.0.0 Safari/537.36
VM36:1 cookie: 
VM36:1 localStorage: {"dc3_auth_key":"\"637d28a2fed12cbf2dd9eb9308677d4e322a6e0e31b7827409ea4ae0753436c8106bf64e0ec53f94d0bb77e9ff2b435222dfe40ed73d23fc6964d494914230f3d7a794744f47cf2feb5f07094e2c59e860afc90e7b48f323d542c340d0e55bd09b4c494c49e95a175d9eb5f65c1da3b71923364b46af57026af66ee13626be375d1975b0853bbe2c431efd63f5139e319d467c64359a2bfba579a1f811512438a67cff83b7bb4446cbf43f1d7f7720a26f66b20b54d033e6b59cf737c9255f6b80309f7ee81bf32ba5dd613b04b69d7f9f21d39443bd0f1e5acfdadc241a89e73f7a4cc288c44bb0c52f5cab178697f9122dba6b6560ff5fa2715e1771f5e981\"","k_build":"427","dc5_server_salt":"\"2b93791c2debd6fc\"","dc3_server_salt":"\"a0fc86a6895aa327\"","user_auth":"{\"dcID\":2,\"date\":1701071642,\"id\":6946241478}","xt_instance":"{\"id\":6820204,\"idle\":true,\"time\":1701071654405}","dc":"2","dc4_auth_key":"\"1d406e69bf6eb8be8a4bb670f4622555a4d501b5e3ccaf273041489e2db8146c4469fa1dcd56da81bb7d8cc86d86981391ca1eb8b9c1ed635db252e3676c8e8530136da6ed5bb9b8a1ba3d9c21b3154d83725640a7c3fb5cf5191f03d7468e68d7a9275eb6220ea0852718f94499c46e7e2c08e85870271504ad11026dcd7ce5bc646c2a89a88a8a982edb385cdf61102a79e1b24d802343bc881fd271dee126f750330b31b5ac307adb6926886dfa92b1f2f81cb2e32721fead5d00a29197e7ba5377f61fd1ce1e10fd04ee6bfa2671263b90ebe13d8e36615aa95baa20f5d25c705309e119abd0861d30ed1a4e0a480268f79e4af957f833cc03f7c93d62d9\"","":"","dc2_auth_key":"\"a6071b272d472a723da23ce5f65e76f994991e9e05d165170b6b889f64aaf52546d3417854112022f2a06c015067a0f2471b4f04235519ccda282468f68ad48f32741c1bb1746a5e99925bd4d3d2c73b3231ed302111d62bcde55f660905ce19aba6fc3d92c20f9359e6e53d4917473fa6683307369e51bc7285aa03b3d8d9c114ea794dc92bdbe6f8fd1ab6c7b99575a267ef304194344d5d08270be286097677f3e8fd04ca027ae190798ad50b06e304cde6ae45f0a07eb61451c425f98f832deb1f3f21ea49dd09e6fea82aa39b9add7d922ecf0309735deecf947f7741b51cff05716384b03475b07b926ed8e9971848bae52832fb0c30ea20e2f5fe3736\"","dc4_server_salt":"\"e66e143029c7bb3d\"","tgme_sync":"{\"canRedirect\":true,\"ts\":1701071643}","dc1_server_salt":"\"82979381016d3951\"","dc2_server_salt":"\"e7e1be9ec81d1602\"","state_id":"3770941939","auth_key_fingerprint":"\"a6071b27\"","dc1_auth_key":"\"0e4a1f49bc825d7282ad311d691ca206f7a564cd20fdf3da600a684b9cd399d4e03f0dfbadcc4361ac29acc96f2031e9321dd56956b3f96eb2c000e89fca6788b214eaf8567ed913b931712a9e0e4d7b48593451026e9c0a2e67c23b41d6501b7f8eb81fd70e7da490d6a71c1c2c90f4a4f2acbb9f7dd5120d00199fad9c08f6065caa87b97cde6d8000b40fd8bafb7355b0d4d247fef0802b3e6f9c36daa72ba247122e7d303dd95f714dbc7de5a2a889e77b9af1fd53e2eb6434bee1924c2ccf952ee365c61acbe1a5300a9a4f6a857d0253d1aea224aa2231e366fe3f819cddeac9a88682e0ac4c186252e1fd2e7c2da2463794dd84219271918fe9d9457c\"","server_time_offset":"-1","dc5_auth_key":"\"8a874c11597110fd074ce363d1f4349eeba941270d2ea6f7b2ccdd9cabe156ba93295aa85b458bc9b3980a8a2b07126dee1eef4e21b3b9e8fc68c4f297da8edeffe5aaa7d80e5917726c3757aaaa42c98f3bc824a4739dab65c3cc97c96561a9302624b121589fa118b9ce4bc7f6e1fc3537da26ff41130f16211a72c49e0b4fb36bb4af639c7c2f2d6bea9827d885096fc826ede7c900282b67bd11e82f901c5b8ccf1bbca169e3beec8877d40bde121ea6e32e9b34c9639f7fc291505632c79fe65d9c0385f9a64f5d8398a5ba4f8daab25a3d063d238adf9cdba8acad0c964c2a208263b53f4a086fe51a39d3cdf48ec59a55d593cb27563eb7d847ff0caa\"","tt-global-state":""}
VM36:1 —————-
undefined
