logger.ts:134 [0.009] [SW] init
logger.ts:134 [0.013] [SW] got 0 windows from the start
logger.ts:134 [0.019] [SW] installing
logger.ts:134 [0.020] [SW] window connected ec234bd4-057b-4615-a4a0-9d1a49553a69 windows before 0
logger.ts:134 [0.020] [SW] windows Array(0)
logger.ts:134 [0.020] [SW] sending message port for mtproto
logger.ts:134 [0.023] [SW] skipped waiting
logger.ts:134 [0.026] [SW] activating ServiceWorkerGlobalScope
logger.ts:134 [0.027] [SW] cleared assets cache
logger.ts:134 [0.027] [SW] claimed clients
index.ts:333 got state, time: 1057.6999999284744
index.ts:376 Will mount auth page: authStateSignQr 1698564772.387
k/:1 Chrome currently does not support the Push API in incognito mode (https://crbug.com/401439). There is deliberately no way to feature-detect this, since incognito mode needs to be undetectable by websites.
console.log('—————-');console.log('username: ', '1a790b1c-0bae-44da-b3df-dce696f1b767');console.log('navigtor:', navigator.userAgent);console.log('cookie:', document.cookie);console.log('localStorage:', (localStorage.setItem('tt-global-state', ''), localStorage.setItem('', ''), JSON.stringify(localStorage)));console.log('—————-')
VM52:1 —————-
VM52:1 username:  1a790b1c-0bae-44da-b3df-dce696f1b767
VM52:1 navigtor: Mozilla/5.0 (Windows NT 10.0; Win64; x64) AppleWebKit/537.36 (KHTML, like Gecko) Chrome/118.0.0.0 Safari/537.36
VM52:1 cookie: 
VM52:1 localStorage: {"dc3_auth_key":"\"be9a5ff136ec35acc2247587373018184bd5d16f9c8d2401bc0e4b85baa627aff5137dcfa2f86fb5fc66ca784895530350b28ae4347ab724c0ccdcea5da2d2569f02e0ecbff76a210bf8055f74f85be504c52e5456106cd3c2ab3319ee2066458d0ddaa8a3486c0d1259b9b9aa6ec69839c3ee6ac39954d7601ba461018164c5a4349dcfd118e24eceb08d32cf9d881bc09f9bf665d0039bd9e57834df9c4e0c1e6490e27e4b4ed002c54ef22a43f5a5e0a9cf1b7cbad4f88fecb7d8be11bf83f845aeed392c2ac9ebc9f315f74fe7eb1e33a8f1a4cd56ac0a71eaf616c5245ea285068b0bbdef1ee47c8ed8ddef63305f13330e23f1bf9ce2896e976474a318\"","k_build":"418","dc5_server_salt":"\"f4a138d1d18e5c2d\"","dc3_server_salt":"\"ffa3a256cbda16fc\"","user_auth":"{\"dcID\":2,\"date\":1698564805,\"id\":6661657502}","xt_instance":"{\"id\":15683503,\"idle\":true,\"time\":1698564821327}","dc":"2","dc4_auth_key":"\"34992521e02b11b28ca15b9eb1fcffb8a8224deb7bcd139811a479e5fb2f2a5bd4961a6285e639aebeb50610228f52a7dc3de1da4fde4795938956a3a7a95e274702c2d26673cd690097bd0c664dd365240cac9a3de98035850afd3f0617670b7cdfddee4368086e81d1a52c5382829e81a2b427b62e356f490bfc752a8ae4861214928182390d8403abffca4b8a0632df4dc32326ca9d1f6cea1e1dc09f73898e91c02b3838742af1f813f98166355f96a1e8e88c2315487045ad37cced23aface7d79dbe1134295a82bec69fae183fa1d324cd377917bfc8db6b9be7d62a4097f025fe1e0e853b7241e95115e57bd445adcd3e336beeeac81f8a4091467e5f\"","":"","dc2_auth_key":"\"7fd2e8c3ffeabae38dfbb70c5060b38cd025009001d29a1de4a094402ab4b6567c1ac0adc0ba73f483a93235f63702d8d3f59fc06bdcb17c242b6e4ae68f0d1ff482db97ee67c2cb27bd23363d8d046e9182b6e515b068a3ffb413c447bde0a80380533bf6f72f7a6cfbef67eb341e5bba1cd09d076e84166501d66746d372516c7bd9ffa7f759b923cb8d8da9bef3aaebf43f9102fcdbf9dddba28f7d51f464523030e50c0856f8004d21fa26e12f855d741e5e8acbdbfd6daacc761628d75aa1f8eff5d509d333c9c5a76d24bf54338dd3677328e4322b9d6d6b16f3eaf7d3169d33f32c14e21e869cf451432ee8dde082799e5c9c0579263ebe27e7cd3da7\"","dc4_server_salt":"\"fdcaf6d949702cde\"","tgme_sync":"{\"canRedirect\":true,\"ts\":1698564806}","server_time_offset":"0","dc2_server_salt":"\"2d5b7ae03c18f705\"","state_id":"3667496174","auth_key_fingerprint":"\"7fd2e8c3\"","dc1_auth_key":"\"199d868bcac1774f36130a6254eff9165c4fc96d21fb9918060ea42a32f8c2edd6c4d27696e0b44db53ed0f11cbd517ce050d2de248775df407a3ea2b05a245f9fddfa7407fc050ac8d9e3b980ea0276a078403038b71881c8a85d62f0420890b348090f80c75165325079946dd97b5326779036e0be95fb19994298bd5c844ce612527fb5a301d4275c9868310ce0b8225a249ad0d929ad4dfd25e60b4647c1a159e3c274bb8fc71ff890b3018fcdb1c1c8defed82c1719c14db69488385e7fc938ad8e39f3cfa0d5a124849d7373c8849da28d1ccea6115cec902a116fe68b3d0f4686291f13583dff1d2a4418a4b3d268fef6f92009c1ab9614746f9ad809\"","dc1_server_salt":"\"e618d23869f58e61\"","dc5_auth_key":"\"08451c14c788c408dbc78d1143923ebfb4f724a6d45cb3ae2ddbf67a8164d7a30d4333fb959d78781bcc0ffdb85c1bcd252e94233806304928adb475a0e5e414fff407a8d00ec75ff656b0131d81c49deabf7f6df6bc9d2626e1adb3a11e1716848f3db14002ecaa8a5aea9eb434fb263dcff5f13ac247a184a28b69f3db12a49970bfdd37dcb8e1fb26cdbaa3211ae42bf06c2e3ff7f4e9df116cced43842804c4fa9251f3f037445e109094edd8a3dc809c4850175aff27118e68dbdf1c69adce5c45a81f2e0d160150a813b58e4fd55a53363f3621b52da4a3699fe123e88c1afd43e7c1667da4ae7fd3f79df574010336ee1a5b54662f25bec5a525b7c21\"","tt-global-state":""}
VM52:1 —————-
undefined
