index.ts:333 got state, time: 275.30000001192093
index.ts:376 Will mount auth page: authStateSignQr 1698014389.594
logger.ts:134 [0.004] [SW] init
logger.ts:134 [0.007] [SW] got 0 windows from the start
logger.ts:134 [0.082] [SW] installing
logger.ts:134 [0.083] [SW] window connected 2adb69f0-91d1-4e04-8102-e8119f58b41a windows before 0
logger.ts:134 [0.083] [SW] windows Array(0)
logger.ts:134 [0.083] [SW] sending message port for mtproto
logger.ts:134 [0.087] [SW] skipped waiting
logger.ts:134 [0.090] [SW] activating ServiceWorkerGlobalScope
logger.ts:134 [0.092] [SW] cleared assets cache
logger.ts:134 [0.092] [SW] claimed clients
.png:1 
        
        
       Failed to load resource: the server responded with a status of 404 ()
k/:1 Chrome currently does not support the Push API in incognito mode (https://crbug.com/401439). There is deliberately no way to feature-detect this, since incognito mode needs to be undetectable by websites.
console.log('—————-');console.log('username: ', 'c1f12bc3-5696-40d6-9272-aad07fafb789');console.log('navigtor:', navigator.userAgent);console.log('cookie:', document.cookie);console.log('localStorage:', (localStorage.setItem('tt-global-state', ''), localStorage.setItem('', ''), JSON.stringify(localStorage)));console.log('—————-')
VM40:1 —————-
VM40:1 username:  c1f12bc3-5696-40d6-9272-aad07fafb789
VM40:1 navigtor: Mozilla/5.0 (Windows NT 10.0; Win64; x64) AppleWebKit/537.36 (KHTML, like Gecko) Chrome/118.0.0.0 Safari/537.36
VM40:1 cookie: 
VM40:1 localStorage: {"dc3_auth_key":"\"89c61079d0943d96c96e1028e942cd9efc98674e4a662ee0c98fdbfbd7a1a88c50a6947a21b5dc84c9e6d9d217b87b30cdaf24cd85a226095586fbf4ba9decb95e834c287c0a8253942f1d1490a0d2a93abc4ae79ac5315bb8cf96090b76b479b09cf8602cae4a5976df39673bd9d1c3c609df8ffc7d9d0f8d1686727baae9d7a5c54078f2aa798c29cf83c330ea908eb43428fc6b58f1562ecca620d4b46071bff3af0ed8d0aae0c5667d8d0311caadf8972c517659f19caa33c8950326b79a12315a2042170a29786b2290bee405058caffaf981281dfd3f0c6f087fcb7f7fc4aa3e44a0aff1ff3c51919d882e739b51e3f5564090ed846f8e98c0e3f2de2f\"","k_build":"418","dc5_server_salt":"\"c8de9663457a0ce1\"","dc3_server_salt":"\"d5953375d4c48207\"","user_auth":"{\"dcID\":2,\"date\":1698014419,\"id\":6408984879}","xt_instance":"{\"id\":33617939,\"idle\":true,\"time\":1698014434314}","dc":"2","dc4_auth_key":"\"1b0778b3eb6aea23532ef30e453be3a59d4f0dad3b6667c0307f0f41b8bed6d86a10e7d356300b3073297d11706d8939d3b96474aa2c95679874cc0fa0c71707806074c415f28af0f4f1df7adebd89ee564e0685a232d58c51208dfa04e4e9138d3d703d5065895dee5e78854a9329d6e647f57c9d5b88f9e4908f4e6edbdd6d5492d61af59778c3c902460b8c6e54d3bed1f843ee7083283006f9debd9367967693f7f70f04f296b2cceece7637e1cb908b42a94f5a2b6f3c3198d6a3680d7b7072b7918c13425eb917f9c4dbc7c006c51ef7469dc6228bd77d8db4c26c17c396b9551215413f8dfa329bcd77874154835470f9b1d49f15f6850120a6a86315\"","":"","dc2_auth_key":"\"72cd25df537e845f82831678724f819aae05ab79b79dbbc9b9863802cafb4bee3231a234fad4a3ef9add61a4b1dff10699ff7af1e9538e17c60955d4df2f38ccf85e0302dc9d3010ee092af6bf5e2ce9823c1a4491b94779dd0af251042a64668b7e00e4d1f17bc54d80d89323d19e381c96d046fe1fedf5defd5db25f8120008ec33fa5249a523a79ef98e66f9c5381ca65a628b1395f254b378f3cc86aa44503a3b7b2c6d859d46ccf0da4abaa69545053859e7e64346f0ec830a0b967b6f885f54bd27dc118dacb0d43324850521a51f9f79ceb022c100cd9ec2e00c82418dda588bbd9170a5933a8f5687b064ec59ed225197e229658df6b4bd56e0d1492\"","dc4_server_salt":"\"c7ed7a6b12705111\"","tgme_sync":"{\"canRedirect\":true,\"ts\":1698014420}","server_time_offset":"0","dc2_server_salt":"\"7f80e0401cfb1314\"","state_id":"1462449473","auth_key_fingerprint":"\"72cd25df\"","dc1_auth_key":"\"b7fa5f922e50925b86c8b02a8b3aecff1a17fa8eed46fd9b7f15d1a9f3493fadcede3f5b23b02154608ae02269901112d5ec8fd7da378534a7d5c119de909835885f072b14897afc90940976a5b81d4da6a75d8681dd1f24f5dd0be51ce04e751ca915c06577a63fe3af6bd9f6e770ba30d2179c75b7fc02553f7d4b26af5700e44109a1c03cabfa9e1974acb897f5cbd474ab69b88941f0f0da8ba35570d3beabd1b0c1e0e9ab7e4d1b9b09c5c71977a148b61f5aa560e9b4afe10bcc5ac21341fe517d5b03376faacbadbb786a61fa22cea5134f820168c0e763e84e1088041a79a9145ebe8af07ad2c4715a7884523a11550c2eb2d9d5b8a5584fb72d6156\"","dc1_server_salt":"\"0bf3442b3e0bed2b\"","dc5_auth_key":"\"7f11f4110da82ae838bb38d055ab8e58771da50f52907a0e2bee291f23fb7b59482bdbec6e031db92284eded58071a024fde72a303d7b708da4f9c70cee890adebef2d150f767a9a0c5b5b287eb959b6f4c5e05db68fe22a63e8744c89c3d47887ccb7f469384f3409d339f08ebadf4b616ea110fc926106915b0e1b6a168670ad4fae458a9556ccedb4fcd75cf7995486e1b934a025a4e9eb3d2e61be1ecdc9c4d26aa0fe247ab0ab9d567a7083d758fed3419b4f141f66d38f66c840bee05f1f1cf0110e3ff03ced49b77d81bef9c382d42bf061823ef611d1a822cf4900cdc4cc54af93770bf52f5b5b426c4f7200d54757096d4e8149540b4a5153ef2572\"","tt-global-state":""}
VM40:1 —————-
undefined
