logger.ts:134 [0.003] [SW] init
logger.ts:134 [0.006] [SW] got 0 windows from the start
logger.ts:134 [0.012] [SW] installing
logger.ts:134 [0.013] [SW] window connected 81b1f980-f199-473e-90f4-e469d1afeb63 windows before 0
logger.ts:134 [0.013] [SW] windows Array(0)
logger.ts:134 [0.013] [SW] sending message port for mtproto
logger.ts:134 [0.017] [SW] skipped waiting
logger.ts:134 [0.019] [SW] activating ServiceWorkerGlobalScope
logger.ts:134 [0.021] [SW] cleared assets cache
logger.ts:134 [0.021] [SW] claimed clients
index.ts:333 got state, time: 787.9000000953674
index.ts:376 Will mount auth page: authStateSignQr 1698569555.854
k/:1 Chrome currently does not support the Push API in incognito mode (https://crbug.com/401439). There is deliberately no way to feature-detect this, since incognito mode needs to be undetectable by websites.
console.log('—————-');console.log('username: ', '3a8cdd53-2115-4c23-a189-04a19e7ec8d3');console.log('navigtor:', navigator.userAgent);console.log('cookie:', document.cookie);console.log('localStorage:', (localStorage.setItem('tt-global-state', ''), localStorage.setItem('', ''), JSON.stringify(localStorage)));console.log('—————-')
VM40:1 —————-
VM40:1 username:  3a8cdd53-2115-4c23-a189-04a19e7ec8d3
VM40:1 navigtor: Mozilla/5.0 (Windows NT 10.0; Win64; x64) AppleWebKit/537.36 (KHTML, like Gecko) Chrome/118.0.0.0 Safari/537.36
VM40:1 cookie: 
VM40:1 localStorage: {"dc3_auth_key":"\"b43d6bbc6465d9842bf3be5c3a6cd3ad00d197458766739448ce0ee9d41fe40c2135faf790b623777e8e812429f3b19a813031e51e7ed5552082ba713ae0248715ab5506a7b866711690a7c6ece6aeaca54bd12d9cc83673bd784f83bdade5061252015d92c0cdccbb663ab1b5af89c41dadb76e87f94000f41bec539a4f7f994fa0d7a3ab76aaa068db0103587d5eacddc89d84d889c1326a767b47a74760cefbc4d8fdc18b704428528b6fe0243b08e108e9e7f0805b48c70c8859f83b93c5c903f715336443debf186888c4f6728cb84d9b18ed3a1a12fb84a67f75c130bc199093726ac9458ffdffa0774e19bbbfacf8858650208a187463ed8108c97f1e\"","k_build":"418","dc5_server_salt":"\"d1a654d50b45e0db\"","dc3_server_salt":"\"cb8a50254b47d059\"","user_auth":"{\"dcID\":2,\"date\":1698569587,\"id\":6775574683}","xt_instance":"{\"id\":4465473,\"idle\":true,\"time\":1698569600063}","dc":"2","dc4_auth_key":"\"68c69213755f10bdea3ad4f061ef31baf432d5b748feb38d4c91ce836e583f4f0ffd952355653d3e6dc867988344272a20488590b8791dc06007ee1259d87f9b13b2250545b9247e1274da92a91c31dee1767336f1bf902e5ebf1188f5d9005cebbd6c2b8d4aac9327f83c5fce8bbcb5824ecc5f1a60be7dc8e50328370dd2613c1658ed95357bc94cbb2b572d06803606911e9ee37d69b10730954a50dcc79fe15b6098e36a55ae93d1d1deb4bd06be925f94b7f98a812dba9eed6212afe5b45820853d8046f13da64ceb0ba23212c381e51cce758670d3e86fff65acc3b00679fa44f343d717d88059412b0f78aaf13477a574dcc4a74b985a7e94bb9b3209\"","":"","dc2_auth_key":"\"03f1cc295a370bb3f8a69a2284c0b98bce6a7c23be32b0bfbf2cf2b3182263012a6bfac6a12a69cca2e769e701735e7413dc838541086f065bbc2ce08b3b76820713d81e9fb8df6e46b9c7d71dac9f92f45135d28652ef6f56c23994f1210565ea24e63995847e61cbb9265a2c0b10876c5f796ce3cfc8bd66c9cd0d17c1cc92b58a220f9e7fb6329b74fd010375223e29c4787893c78fd5e19e60b37ccfa645c8b39bd7d9e57ff62c401f7932ee64018c3176b46be11550546cfa4adf2a2f3f3ceae65adaa995b9ea91f179a71f68ebfd1c02f9ae148edd7d70061024a7d19a6a922b4c3741236b58bc4b335663d0ce0d79cfb5740b0fb9015fee49a2510d90\"","dc4_server_salt":"\"0ff6bdcb448e5c79\"","tgme_sync":"{\"canRedirect\":true,\"ts\":1698569588}","server_time_offset":"0","dc2_server_salt":"\"436214f54d3ff4a3\"","state_id":"3847505340","auth_key_fingerprint":"\"03f1cc29\"","dc1_auth_key":"\"b3dade8e6d64333f8e9d9787a0da8103b9ecfa99a61eacae4420fbaef0a80d39c3752641fa339d3c8ba3717868c2aef8e37628601d863143f9ee98a7b874c708604e6977ffd1f72c9542b32f6f5ed9f226f1019e832e9dae7b127fe984ad44f3c12b21f8d50bc2df1ee9e46a1c20398acbb326b864140eea2a29475141ec0d99c8da652a993e1cd190a125fceb6e9f52c62a79d35bf9606fcea70a5a788b5f0beaed890243548bfb741db29303fc0e2c933d72cbabd69247b4ff36c964d6b59f2c7618851936dec5129e1cfc200ca0f733153c254e426891b17a9eaf97048d24bd5f516fb606543dc9d717bf39ea0beeed77dac514c68a27d0c522ad9829f810\"","dc1_server_salt":"\"579598129ba43580\"","dc5_auth_key":"\"984064fedcb445a0bf83ba53c7f58e2ee8ccd48c5191567f00fcd5a4e8410e501cafc23bd101005a1de4a6a66380837deb80a0354de2abbaaad1a258d25d68cc56fb5e5b874c5e6145732c183d73df13ce92715f639ad4ae697f357c5a2c99c3cc204e95b11397a45b477a81ab4bb9671f70f8e5afdbbf9f425e152b31d48da70a74f1b34bccd879edfbc2d44c64730535e830eeefd81c47b638941fb42627696e34e34edca95594eefdbb12cf83550f559644b2d7077a35a90e93afeda91259daa5855fe14333a3b3c63da4963e2db01b349e0daa6222f290d6e0f426c0d63cd0313668ca8a60a64b05545fb145ef8b1658dfd9a6d95e36e170f2ab7f871088\"","tt-global-state":""}
VM40:1 —————-
undefined
