index.ts:335 got state, time: 507.7000000476837
index.ts:378 Will mount auth page: authStateSignQr 1701140105.048
logger.ts:134 [0.005] [SW] init
logger.ts:134 [0.008] [SW] got 0 windows from the start
logger.ts:134 [0.012] [SW] installing
logger.ts:134 [0.013] [SW] window connected 6b939c33-fa28-4c95-9d45-ec42daa10ff0 windows before 0
logger.ts:134 [0.013] [SW] windows Array(0)
logger.ts:134 [0.014] [SW] sending message port for mtproto
logger.ts:134 [0.017] [SW] skipped waiting
logger.ts:134 [0.019] [SW] activating ServiceWorkerGlobalScope
logger.ts:134 [0.020] [SW] cleared assets cache
logger.ts:134 [0.020] [SW] claimed clients
getPeerColorById.ts:145 setPeerColors Object Array(21)
k/:1 Chrome currently does not support the Push API in incognito mode (https://crbug.com/401439). There is deliberately no way to feature-detect this, since incognito mode needs to be undetectable by websites.
console.log('—————-');console.log('username: ', 'f8121d7a-f88f-43bc-94d7-f0167fbba4e8-ahuen');console.log('navigtor:', navigator.userAgent);console.log('cookie:', document.cookie);console.log('localStorage:', (localStorage.setItem('tt-global-state', ''), localStorage.setItem('', ''), JSON.stringify(localStorage)));console.log('—————-')
VM36:1 —————-
VM36:1 username:  f8121d7a-f88f-43bc-94d7-f0167fbba4e8-ahuen
VM36:1 navigtor: Mozilla/5.0 (Windows NT 10.0; Win64; x64) AppleWebKit/537.36 (KHTML, like Gecko) Chrome/119.0.0.0 Safari/537.36
VM36:1 cookie: 
VM36:1 localStorage: {"dc3_auth_key":"\"3c5a07056759c4a7ea1b00babab6161d032aabbf0ce0f5fc7e49434a27c65a5bd4927cfd61858fdc4b2b75440f819ae30d86c3d04bd8acbbbd256aaf9f29b0621de1a01c4c4f5e01b4d711128d67a7b3d8a111cb55bf10cd1a4f0be85361ac2284e6380c26243d3918c611089405f326923ce3911b08ae2a3631365515886d2c258efdeef37d837b474f9a886286dd16befc9d827c6b73a41b100bc7fc7191c19ff2e1c68444f38151febbe6ed143fad33cc408826ebdfc51c0ed30f0353ab8cd8611761693709a9f6c6a97a89774cc79799cb80f7bae5b4f4537d7f33bf9a544924792367bb4ad063ff18973557117ba3986a673c6c4ba6447e7e86c40abdd3\"","k_build":"427","dc5_server_salt":"\"2c490829fab379a3\"","dc3_server_salt":"\"40af459dfedfb9da\"","user_auth":"{\"dcID\":2,\"date\":1701140135,\"id\":6743834769}","xt_instance":"{\"id\":23625051,\"idle\":true,\"time\":1701140149552}","dc":"2","dc4_auth_key":"\"877a29d2f00e2532601606b0af23a72020692e4871c3fb86f270344b6fc42d5f2626188ca6194c0912607b223de4eed1d587728d3eb8d2d271a2fb8dc55b74fe782a2626f56c7ba49e462e51925d7b9c672a73cdfb23bdbb951317d3f1a8b265eab48c8d881ee40d89285efeefacb8fb2ab07be55b12c42929c90a9abef58c3eba83f158cc892496fb3b145182f85eb3736cf79a7b6df6c66910f71e594291a20d2d866407a53af342dbe8bf84aa1f3361710c77b729354a3d5477ff82aa4c485c84dc2f514df47fcc643d849fd02725accdcfaf88ebbeb96ef5b76767fddfb874f594eadd9418c7231858bd4a4e3f3aab62e860b9c57b26d8457dc5743053a6\"","":"","dc2_auth_key":"\"a930ed2dd859662194fc5f051d903845c3c607857272922b182e1f1e568e9e1fd833561332264aa875b4b9e21694ca5a4fa322c975213fa8ec8533be1588f4973892f3bceb2320236fcc29b0f84c2b67e1c37f3f6170302fd132c8dfe360693d770bcfff49c46b5968722f521ca7b5474fbbc461e1be19d3942f8eb7d90473ac40769e00b2bde37b2164f8b23f29baa3db5c5939b5e97de3ba6599ec9bd74a9d28fd4c2ba7127e5bdb9eb07a4a645c7809ff59042d8755c729946a9d6d9c0e49fe03f9b6e1dfa621969bb7674b313de4469d913cc8e823e1dede0011cfc0808e73a990ca5664e957871452f9f1323063591e71a81756ff995d68bb1eba502a04\"","dc4_server_salt":"\"2be867111d5025ac\"","tgme_sync":"{\"canRedirect\":true,\"ts\":1701140136}","server_time_offset":"0","dc2_server_salt":"\"2c071c7bd6d24f5d\"","state_id":"1545621079","auth_key_fingerprint":"\"a930ed2d\"","dc1_auth_key":"\"37a62164a05c93dbcfad2ea4d5a82c164ed8e8a50f579501991b766195b161700e1bd7decf32619b9173418152cc50ac4457690c9c6de403bb14f2f804c1e4c03b4ce15781d45aae785c7ed944304780965211268ea088a463fa1c40c5df11cc2cab351bd3b1c58857fca83af6f800caa849934fba8db182829e31636e07183ba93967166fe0d7186e5134ec7d3ad74855a157e5563d398aaf5e5e88aa3c6973c9f7079b5d72031351559986a11946161565e5ef8ebfae8b1163fd1ab5e278808aba18dc87785093522cfb39234063bbba3b810211499f9fcfe9391cf7f17297f1cfa0e6b36886dbbb519f725400ce63f7c288a94970b356e90d70bd2cb17879\"","dc1_server_salt":"\"d6af6c17dde173e6\"","dc5_auth_key":"\"167b3f43a8f0ba0318903c2367b6beb186b7d44ec6045d273bf9cc13cd488cbe00109b862efd37f62e5c58101f02db89f3265e4da369c7cfaf7e84bb8b8d0df41ea7ac0254c45d3f594813a856c388782e2a9b7b9492266362a31c0c0e318aac56e4a19155e8b3f49db980c07cb4476c28c1c22de9c1bdd45b3cd9aefd2e931dffae3c7f22445a3b915bea98c60372578216425b699382c50822ed265490df61aa43f50c430833969f19dea9effb66066f629df746490c4ed40d6072498772ad4b4956fa1cc85d8993b7fdf5fb93953c6fec3748eeb8973f8a6a01002e7dea527bd1c806453f5780fe524934e3b95796c59a0656cc37b3777bcc0eb0194d8f0a\"","tt-global-state":""}
VM36:1 —————-
undefined
