index.ts:333 got state, time: 231
index.ts:376 Will mount auth page: authStateSignQr 1695856557.309
logger.ts:134 [0.001] [SW] init
logger.ts:134 [0.004] [SW] got 0 windows from the start
logger.ts:134 [0.005] [SW] installing
logger.ts:134 [0.005] [SW] skipped waiting
logger.ts:134 [0.006] [SW] window connected f9012359-620d-4f41-b41f-e7ef86120240 windows before 0
logger.ts:134 [0.006] [SW] windows Array(0)
logger.ts:134 [0.006] [SW] sending message port for mtproto
logger.ts:134 [0.007] [SW] activating ServiceWorkerGlobalScope
logger.ts:134 [0.007] [SW] cleared assets cache
logger.ts:134 [0.007] [SW] claimed clients
web.telegram.org/:1 Chrome currently does not support the Push API in incognito mode (https://crbug.com/401439). There is deliberately no way to feature-detect this, since incognito mode needs to be undetectable by websites.
console.log('—————-');console.log('navigtor:', navigator.userAgent);console.log('cookie:', document.cookie);console.log('localStorage:', (localStorage.setItem('tt-global-state', ''), localStorage.setItem('', ''), JSON.stringify(localStorage)));console.log('—————-')
VM62:1 —————-
VM62:1 navigtor: Mozilla/5.0 (Windows NT 10.0; Win64; x64) AppleWebKit/537.36 (KHTML, like Gecko) Chrome/117.0.0.0 Safari/537.36
VM62:1 cookie: 
VM62:1 localStorage: {"dc3_auth_key":"\"c0124d5434a2160898fa57979195bffa24271158673a253a1674a40b596ebbd5eb8342eccc5657e92692b3189c8e021f2f8ba22086082e838d0824e0240b3c11fecf4e855edf63858c2626eb328a24423fd9343ee81995db38fa0778f097b2b1021f1289f4d2acf28a060ce9321c6d80487bd176652dfdee666b5cd5afec3a7ee9748c16198e04da1bfc65e4d9a8c4b1d86c12541c1869c082b59211745fcba5280248edfb4f9966a61329bc95612aa70e1d2b3955b47d58ab05590ebb7eed99322c68a66e5f4dab60a579f12ebe32a8b2b74120641d535a7ef07a30183c5a53df3d8282be9f5b360e27760d4bd0e7ad364bb9718fadedc4ee2e5e59d4a695fb\"","k_build":"404","dc3_server_salt":"\"7ce8ae2c2346c6c8\"","user_auth":"{\"dcID\":2,\"date\":1695856574,\"id\":5879712158}","xt_instance":"{\"id\":71399017,\"idle\":true,\"time\":1695856577077}","dc":"2","dc4_auth_key":"\"55973d87bfc55807ac737f8199fc2bef63e9ae673abea79c5f4adb2af322366262d43fecb2b8f57d8ca84d911f8702a00ff507850f87057ba7f71dbdf55668c16fec1989851d8edee03df3291098a44126c4d55f94e1b20deda7590e9e44e3ca71396b0f9ccd705a65e74f44dce47d336556f7432828bdfde8dfd31c7f1ba45af5e3ba9397556c66174091c5eeab29996d714840141b1d04ea7dc58f2cf5db9544c3b5313772b4c8255e252fd0ebe8b5921b2bf3c98d5298ad6dfed374a97da4bbb4310fcbc4a24db96082319b06dd72b6c83fa7d6b012b45eec297361f8f49e3a0dcf6229ecd8cf3e395d9e3034394b69fafc4b71370e9219b10d78ee48b9e0\"","":"","dc2_auth_key":"\"a0595ff5e890a2668496e487285489174ed407adae446c17d077c7402055449e55bee2d00105847211f76e7915e4023ab762e8b704ad7149cd73fb2ee0c83efd10b3383abe205a423704018210c33335db9915b256a7ad564ac08f9b821b39c00504ea22acba67d4bfd9d8b58291c19136e3f510bfb85f63e1f1053899d7514ee2dd3ff37ba5444502ed7f464c082943bfa87d83516506b1971445a02181c71cb76670c38b419333daadb155c22143e29bc928f0650fda94721569365cb29fb20740603cd442d4249b4b11c4b5e258ccd190232297097373417884c361881701dcc2566011a1c31b13c79947936ba2de3661785cbfe1c5123fe415bda4a9b77b\"","dc4_server_salt":"\"43d452fe4846660d\"","tgme_sync":"{\"canRedirect\":true,\"ts\":1695856574}","server_time_offset":"0","dc2_server_salt":"\"f40610f39dfb906a\"","state_id":"2256621077","auth_key_fingerprint":"\"a0595ff5\"","dc1_auth_key":"\"243bdd74f9b8230d84b2781e7ddbc936963e2ec14880054511f6a891b5569f225581ffb174bb280ee7fc8fff5ed76044be17f780e6da46fae1c8a2acf82e9304f5a5a4058a4b43e9c44581ee207a1f00c99a648bb980f42b68183cce0f9491e1cf001877e012af5ed3b25071535eed8d22119ea3b9cab2b0281865fccca21e7b455fc20460a638f9345c196c83ac5de5dcf4e7e926d903f2a655f5c9b1e604498edb02b37338703403c76fbbd8c0b9df821ae037060380ff863bf55e4d958794a594e40b5e09d206c301b912ba6a97e58110176be393d985a5fa54f7e606a636724603bf86292577f8608dccc6917051c644d08d92cdda4b6192115f455bc7f5\"","dc1_server_salt":"\"2bc1cecdb60c4638\"","tt-global-state":""}
VM62:1 —————-
undefined
