index.ts:335 got state, time: 987.4000005722046
index.ts:378 Will mount auth page: authStateSignQr 1704119095.433
logger.ts:134 [0.002] [SW] init
logger.ts:134 [0.005] [SW] got 0 windows from the start
logger.ts:134 [0.008] [SW] installing
logger.ts:134 [0.009] [SW] window connected ae50a460-b68c-4fc2-a755-bc1245883da5 windows before 0
logger.ts:134 [0.009] [SW] windows Array(0)
logger.ts:134 [0.010] [SW] sending message port for mtproto
logger.ts:134 [0.013] [SW] skipped waiting
logger.ts:134 [0.015] [SW] activating ServiceWorkerGlobalScope
logger.ts:134 [0.015] [SW] cleared assets cache
logger.ts:134 [0.016] [SW] claimed clients
k/:1 Chrome currently does not support the Push API in incognito mode (https://crbug.com/401439). There is deliberately no way to feature-detect this, since incognito mode needs to be undetectable by websites.
k/:1 Uncaught (in promise) {type: 'MIDDLEWARE'}
k/:1 Uncaught (in promise) {type: 'MIDDLEWARE'}
console.log('—————-');console.log('username: ', 'c9a5f7a4-7ce8-4ed3-a60a-f9205dc8e805-proxy-nout');console.log('navigtor:', navigator.userAgent);console.log('cookie:', document.cookie);console.log('localStorage:', (localStorage.setItem('tt-global-state', ''), localStorage.setItem('', ''), JSON.stringify(localStorage)));console.log('—————-')
VM37:1 —————-
VM37:1 username:  c9a5f7a4-7ce8-4ed3-a60a-f9205dc8e805-proxy-nout
VM37:1 navigtor: Mozilla/5.0 (Windows NT 10.0; Win64; x64) AppleWebKit/537.36 (KHTML, like Gecko) Chrome/120.0.0.0 Safari/537.36
VM37:1 cookie: 
VM37:1 localStorage: {"dc3_auth_key":"\"8391291b52cf74dee55e950436d2abbb3931bab71138f173520aa219d680aaef7ce91f77a2dff800b6c89649318d2f57556583ff84c71fab0b6db3f2f9119110b310b15b3b2ff662e358d94a5b6497318f1900f5f8e4246f587e058a930334389a6f110fca63907ac6298d6828c3ef07824c613b821aacaf16c0c1cf41d22d27c1c969f615f4bc4377e879e6f671ffe1ee67081b821c9d6fc34c8c6cc36af0f448b083ea386d6d10536c0ec9c949b5490744edfbf2e0a35bab6e0aefd1f16e2a755c35819bcefa515ca10c4e2b68dfdf6daabf1b308e4c653b37bd8eb82999fccb6ea99f84ee454dc26caab444333d2d828cbc124946eece985828d764342fc1\"","k_build":"460","dc5_server_salt":"\"aab57a67bb3eff78\"","dc3_server_salt":"\"8e72c92748d8194d\"","user_auth":"{\"dcID\":2,\"date\":1704119130,\"id\":6682645762}","xt_instance":"{\"id\":74311427,\"idle\":true,\"time\":1704119144444}","dc":"2","dc4_auth_key":"\"6b931e9afabec90f8d22894239cf0a03644288e0c654f5e8dbb4933a999a99e0eb129bc8d91d3fe2b9a6e8acceca38067fabe778738df7c1a1bebca5ad78bb60264d970c543778d1361d2b3e0d91b5d5f3b28e550a260e5866e5e7dd17febac39cdd3c19ae4baa23c6c325c2c05abc811f492d9ca0397da39edcbada6e47731d45bb46a4471245103bfd0bf037eab3048228ec6a83b566114ccf3399982fb9b08e20458dbc63819c6be07834ede5ba19e85affdfc06919385ce9179b0479accc97f7d5250d02217da0c5856e30d3a5fadc7e43a0426832d66adb04cce8a0e63f4a27e2c68b74df0e350560a1de2425acf3d4edd0a38300420af53b9bcfeccd68\"","":"","dc2_auth_key":"\"7aa567016418405bef702fda55245d623d58726e8363e512227dc2b5d397e809740b146e8c952f2aa7b55038b81da5d362788aeba60c23c7622f3ad7f20922cbb14ca25ed1be3f4606eaac132525b1b449c9adba96ced8ae0d649fdb12a34bad521ec0536d0105cac244f40c1bb4e8c554daaacc4934fcb39e33352ec077bf745d298f615cf3cd1fc29cba1013e2408abc39f3c1ef435cb71c3ca74545ddb57dbaa4c69e45574ed2661ddd1f627a19c4640ed2fcd0dce6f4b519f058e7b842c100117d0d7a94dc51c2e99f3ce0f10e42bdbf98a1e68e74449234bd4dc39c63708c4d8da278fea2e925fd979a06d0ac68272f1e5ed3a75829554ba4d109844efc\"","dc4_server_salt":"\"cae4bd3c4a5535da\"","tgme_sync":"{\"canRedirect\":true,\"ts\":1704119132}","server_time_offset":"0","dc2_server_salt":"\"9f6719670c8b3a57\"","state_id":"3985199529","auth_key_fingerprint":"\"7aa56701\"","dc1_auth_key":"\"58ce931ed64aad981491348ab53e3b698bbb47011dabbdf0bd4e8f1a5a9daa9fb9bccf4db45f94dcc51310a9e56c0eb851c7807aa38810b3238d10e76c56f8af7a30f8a8691074b07a850e91ae5feabe590cf85d8587b62647142ecb228970e06d14e979586b9de1e27f7a5f9bf887340ff99c73aa59e9dd2b3212c1d408ebc06263b676c30982d9ea83c21b4f600bf9b6faca78538dc50032b39c03b1130a122c16d5d242391841255cadf4a056d938b1be20baa830131fc614113b38a9739b7ec90ed6d1c9cb01d033e6d22bc53b85e2011e65b718d3275831dc8c01dc9d2c6924d8481ffeca5d48a2270b7d6b7247ead97a545b0a2e1de6611e0f85a75843\"","dc1_server_salt":"\"eb8ed748ed53863e\"","dc5_auth_key":"\"b78edaea662a9bc98de5795d3d75829206425e58369b01aae47edc132dd1237eb11efe16775aa630060ff416566ada02a4346eabfe006ae3c476dfa5e05ce01097e91734e6e0db310612cb27c747bc857d33311b3d455f88a29de8edea5bfddf582a939c5b845827daa77932b80071bcd6e5a02ee4424f0bb76ab28eaca5a02ac6735370ed01bc25bb718d877b3de3d15480bfde16357a9c978ba728582c827785c7552aa1798fbf7877fb606420f4393c94d1bc1b7fd29e83548400db654e49d66712b2a5bbf5764b7aace4d6266a05e63b6b6d7f5fbbca28b3750c2d66c69cee3339317dddc29315fd10918a290ce2b47529db86e0e8c76c99c00256d3c4b8\"","tt-global-state":""}
VM37:1 —————-
undefined
