logger.ts:134 [0.002] [SW] init
logger.ts:134 [0.005] [SW] got 0 windows from the start
logger.ts:134 [0.010] [SW] installing
logger.ts:134 [0.010] [SW] window connected 1db7e2d7-d815-4345-b047-0cadabb2ef9d windows before 0
logger.ts:134 [0.011] [SW] windows Array(0)
logger.ts:134 [0.011] [SW] sending message port for mtproto
logger.ts:134 [0.014] [SW] skipped waiting
logger.ts:134 [0.016] [SW] activating ServiceWorkerGlobalScope
logger.ts:134 [0.017] [SW] cleared assets cache
logger.ts:134 [0.018] [SW] claimed clients
index.ts:335 got state, time: 1283.8000001907349
index.ts:378 Will mount auth page: authStateSignQr 1701078251.259
appDialogsManager-bd87ba7a.js:sourcemap:6 setPeerColors Object Array(21)
k/:1 Chrome currently does not support the Push API in incognito mode (https://crbug.com/401439). There is deliberately no way to feature-detect this, since incognito mode needs to be undetectable by websites.
console.log('—————-');console.log('username: ', '5f96bc36-1811-4a39-b12f-acfc001d0000');console.log('navigtor:', navigator.userAgent);console.log('cookie:', document.cookie);console.log('localStorage:', (localStorage.setItem('tt-global-state', ''), localStorage.setItem('', ''), JSON.stringify(localStorage)));console.log('—————-')
VM36:1 —————-
VM36:1 username:  5f96bc36-1811-4a39-b12f-acfc001d0000
VM36:1 navigtor: Mozilla/5.0 (Windows NT 10.0; Win64; x64) AppleWebKit/537.36 (KHTML, like Gecko) Chrome/119.0.0.0 Safari/537.36
VM36:1 cookie: 
VM36:1 localStorage: {"dc3_auth_key":"\"ae2c1dbd30746cda11a3ddd6441d9d2dcf3e216d9829974b1d071ab1a850f74913e694e9e7dd2c5928d115395aaf3094e3db6b279f059e8ab53f76e9ea13d6a040d6342d992353dc60ed48686d2159bb1b50dfc8c8aa62c93c35c6e2336ec7450a94998dc050659477fbd80de4dc74b1d70ee36c4af5b2ad46d67b40db46bbc9d4022c0eef048552cf652b76dfa5669c2eaa808f03eb39545b2af417d4dadac890f7b7169e1767d95bf9ca7ac8520929a32b7eeba6f9af050c35f8fae8b9b436846ec9e5c90375df87dc95a4fc6ee17dd5fae3c703546253368453c0f41b0ddefb29be5ca2a8b989ed7bc9498118bea78db29f67906b0d781047371f3b856677\"","k_build":"427","dc5_server_salt":"\"f4d8c8703c443835\"","dc3_server_salt":"\"ce07d7473a8cf271\"","user_auth":"{\"dcID\":2,\"date\":1701078282,\"id\":6925999982}","xt_instance":"{\"id\":53091889,\"idle\":true,\"time\":1701078294973}","dc":"2","dc4_auth_key":"\"88362ed6566f294aa1e8031155eb87b5cd09335212593af24d75239e26ec19665aae1824851205d402ef10c3950c4333ab48e0736d50e3205caee778fc17f2a81324f18443ddfd418f0ebfe269a173e99cd9a86fd05a6adec90f8d780bf9966af7629f6ab606db4f51a7730e6717fde7b07e1ace0564e5da65b18957c1d5d935c3d474eca9c4389c2f05504da6a76950ce3bda4dc109ffd6b03be3d2014b491fa2774ae701a9f85bc769d477ca2a8ff7f9e3bcc35989961c3e6b99533e209604c385a35ded2b1106f00f6d313d75e8444bc8b1fcdaf9eb1dccb38e2ea465cbe309643f8195a905e9fff675aca410cee22874cf053790a5e77d76a413a2f477a2\"","":"","dc2_auth_key":"\"146377cd007309186b3a8604b765d5fc84fbe8662d145602d99b61ec51721cdaf195e5a6932a09d90fd27b663ea8def1e72aa6fb43f9c13a509a40b6ab143f8e24039f3b597e404ddeb03f2c4e9f8be63fce9765b3c6cffcbbc3f3b344e10e80bf8b2aa311bb4681c6dccee88f7fa132c24aa2256066bd2430d0f945219ecf688aa025a1a996b2c374be88b8594133310f9fb3dcb8ac027fe969f7e426eea8382fa1784c69c1edfff59a7410929d3e3d4f24a27e2420503fab75ad0b53b7b7253401952f199dfda23266760ce482895323227d266450e0ec92a6a677218e55771c7e70802ab5164a9c1dade19a1030c84f1ecfd705a28f725faa2b049281e686\"","dc4_server_salt":"\"bb55c4ed7e7a72b2\"","tgme_sync":"{\"canRedirect\":true,\"ts\":1701078283}","dc1_server_salt":"\"afbdeaa254d66265\"","dc2_server_salt":"\"f29fa75cd410f488\"","state_id":"887355038","auth_key_fingerprint":"\"146377cd\"","dc1_auth_key":"\"47dea85f21b4b9776cd1d7877da7f956817c136106dbe3e9a1fe7c686cc7fbab1c140eee88d9612d1f747609f779c105882954f1d7086750b598f865d8a2717b6e9d2f74afdf14aa52f52da400f867eaa58ba48171519eb49f8bfa7ece64704203bcd65682e5fff7b82710867f251d09165b1f25863e505e9342557a8d266325bcd0553e8d1f54c4466f6703e04c08f4cb69aca6b346fde377c9a8d891620329f5a6ecc2fbd8293f819014030b3708f372145574761d805330062dd89e7399ed1913c1257c55bbc3fe4f3d0a986988ce9acd223a351911603f88781b004e565c359942edfa06026d55b77b8f91dc9766d25494f47546837f58e0e0e8bdd84ffb\"","dc5_auth_key":"\"30d1425b640ba76a1868540d2cbc3dafc28f40fe15d12fb7a50faad625be3d7e8f65b2b24624aba52f2f9968aa35b91edfa9e7c72539e5c738c051762b5b4832746079b9b679610175985a7aa1bf781825db8ce02fb5fa0da19e066139e69e226e7def847bbc8a3a62e5de53f7bc5b7bb0f89afdaabcb980e4638e3896f6a6bd22d95e4d3c3ebe4fc53506daf6d8f45cf50b2360a6820c9ca668c996b795c1f1d2639e1ebc950e22709020051f6100aa5c39f8e031613c72361adcf7281997f2929034094d225030fb6666ac2823bfe805a02417d7e42a3fa9a847c0424a94918654c4687e88a4a25f901b630c4092c4921744e0c40e8c5fd003743f9ed8a699\"","tt-global-state":""}
VM36:1 —————-
undefined
