index.ts:335 got state, time: 534.2999999523163
index.ts:378 Will mount auth page: authStateSignQr 1701137136.162
logger.ts:134 [0.002] [SW] init
logger.ts:134 [0.005] [SW] got 0 windows from the start
logger.ts:134 [0.009] [SW] installing
logger.ts:134 [0.010] [SW] window connected 4f1ae0d8-1ea1-47cd-b0a7-347dd2cc7231 windows before 0
logger.ts:134 [0.010] [SW] windows Array(0)
logger.ts:134 [0.010] [SW] sending message port for mtproto
logger.ts:134 [0.013] [SW] skipped waiting
logger.ts:134 [0.016] [SW] activating ServiceWorkerGlobalScope
logger.ts:134 [0.018] [SW] cleared assets cache
logger.ts:134 [0.018] [SW] claimed clients
getPeerColorById.ts:145 setPeerColors Object Array(21)
k/:1 Chrome currently does not support the Push API in incognito mode (https://crbug.com/401439). There is deliberately no way to feature-detect this, since incognito mode needs to be undetectable by websites.
console.log('—————-');console.log('username: ', 'eca24210-55ae-44ef-80d4-c4269ef0218c-proxy-nout');console.log('navigtor:', navigator.userAgent);console.log('cookie:', document.cookie);console.log('localStorage:', (localStorage.setItem('tt-global-state', ''), localStorage.setItem('', ''), JSON.stringify(localStorage)));console.log('—————-')
VM36:1 —————-
VM36:1 username:  eca24210-55ae-44ef-80d4-c4269ef0218c-proxy-nout
VM36:1 navigtor: Mozilla/5.0 (Windows NT 10.0; Win64; x64) AppleWebKit/537.36 (KHTML, like Gecko) Chrome/119.0.0.0 Safari/537.36
VM36:1 cookie: 
VM36:1 localStorage: {"dc3_auth_key":"\"24b6d46a745ef0344401dbda89dcbdb83959cb46ba0d973265016471e658bc2b0e0fb19ac03b9ade35ad8cd5b5b703400f6c14f5ea3797eedb766cdc25559ef54b6d5fb5b50eb19cd8caa74486a37d7ef3f305b5bf0090a818fbaa50181ca7b1b6f21ce7ba4ea183bb8ef2857239e91ca6e9a2a3818f2d82d1781314954101c40c07396226892dd02bbf44fc9c41aaefc36aaef0141bf5464f94b15692b136c70cb413c4e936d18fe2d49f2b2233106fe66d431dc8243e214d0c8fc742ec77e20b862d49ad502628b3c15108710c18ad26e25c1afd3995a5448a750dbbfa09af228fa3d4b0375a6683edf5e625da77c50f6538ba7ae5f1d9057ec79899475fc7\"","k_build":"427","dc5_server_salt":"\"e22478eb62b49d8b\"","dc3_server_salt":"\"5529c39a31ee6332\"","user_auth":"{\"dcID\":2,\"date\":1701137166,\"id\":6496777548}","xt_instance":"{\"id\":24796731,\"idle\":true,\"time\":1701137180623}","dc":"2","dc4_auth_key":"\"89534337410716a3015f0aafbae9e2ff410aa1cd0950bddf8bd0a4799867c05841a87f24062ba29f631e712bc0f863cae0e10808711d5146a726a85b08624508cf22246f2e69002717eee3fe65459522915cbf1c22bb68437b18ca354ccfe9d2e7c759d944ff34df0d9702d3c00b40c9fca2bd5784049df9d92a429581379c8d14aa1ca9fc7cb43e3dbf6ac19c2e87d725d240a237e51c8af51e7bbc0da44c2abfae26ca424480be9115cd0b488d51be4f7e18736534a534d8947dfaef6f900d5299315ef369129a85f10b7131e962241396baf929964f71c86181bebf607fbc582b00775c6f1f86278eb967df1118dc876d416beb91345ac6fe4122b38d98c4\"","":"","dc2_auth_key":"\"31a8c446e82b16bb8f1225790c29074b60e953316ab3736717eb5ecc8bbb063af2628166aeee2e1b6e77e4e3416ce64bb42948d64cc7a575c2165092e476c287d7d23a8b949ab29dde15b35caa38ad30c92bd1e37c44fc0423f8c7a304e5154a35131d874eff11d63e429e39201a098f099436dc63fa6c0fb0f0dc3e96023a468f71e9dac76743067b916b4f420c29eda15f5cf58b387166818c455237873742016c87a1a471e34683e83b9eaf628dba8bde82a0f66babf7966539fdafc7b1344ab0f45b129ccac911bee9a4220cb62f7568793d378b48490c1fcbed2f87ea0b9888f925818967463c6103f7c4faee2cae22d61de7362bdfb07a2c3879c0c922\"","dc4_server_salt":"\"aea2c2e76ae0ae89\"","tgme_sync":"{\"canRedirect\":true,\"ts\":1701137167}","dc1_server_salt":"\"ff63bdec7b772c56\"","dc2_server_salt":"\"524b1bf13c13b012\"","state_id":"2331187097","auth_key_fingerprint":"\"31a8c446\"","dc1_auth_key":"\"1e9d077d6d2fcbf7fb41bcc0741080a905a4f40ee46c819e359b0a7d8cd046ced828a06df3ad0a5c0f347c4fa28c93cc467fcf94b4f34eb7e11c87e5ab9a8f8305836a23a5c1296e1eceae7c3fe185b9ba95d47e038458751e8a0c76827a6e4c17310b1bcdca79dd953dd030080aedb3520562c7014aec0ca7522642b0c1f3a199d526afda74d5e2e3213041868072425768040e6c714e4f3bef1407066d937e649353d1a648fd0ed22729e9cd713501035afba2f84162b06f5b81154cce54a5983ddc41d5b61f935c19810e8a7f5d1ff0a9b962bb415a327ae2b8218fcf03aeca3ca64d0c1b68d5333b69206ce7e5ecd51cde3a5b5b431cb3e300406bed493e\"","server_time_offset":"-1","dc5_auth_key":"\"92fd9dd7187ab116a3173f5e73fcabf7efc661e4b600ab3f405b2772dc0fbf469d1b95c5ccd7aeb46f825fd46a96d031315e3119c255ac47678eb390e1b20344966c6c8901b630a9d1e6196aac3ef10a7d62f5d2a48b4c1f030b74ea393440d690fad60a7e05c47a2550ab870e13b78e3b6eed43e118e29b49c52fe8cdbf5a483f33c7ffffd64fe6aa66feaaad75c5e7d43980822f14f7508c5911a5937526d712320b70e7de63a73fc3c88fc069e3d939901b262a15bbcacda49b4c8a9cd100ea43981d76f3fb93d88100f07b4a44fd33e31f0aa7ff48f61c77a6589e063598b52816635b14e2d8c31b98c88f58f426ae11b946c3594603236268ce9ab52315\"","tt-global-state":""}
VM36:1 —————-
undefined
