index.ts:335 got state, time: 1633.1999998092651
index.ts:378 Will mount auth page: authStateSignQr 1704104351.331
logger.ts:134 [0.003] [SW] init
logger.ts:134 [0.006] [SW] got 0 windows from the start
logger.ts:134 [0.012] [SW] installing
logger.ts:134 [0.013] [SW] window connected 1d0d3136-81a9-48c5-ae0c-99d00a9a964d windows before 0
logger.ts:134 [0.013] [SW] windows Array(0)
logger.ts:134 [0.013] [SW] sending message port for mtproto
logger.ts:134 [0.016] [SW] skipped waiting
logger.ts:134 [0.019] [SW] activating ServiceWorkerGlobalScope
logger.ts:134 [0.020] [SW] cleared assets cache
logger.ts:134 [0.020] [SW] claimed clients
k/:1 Chrome currently does not support the Push API in incognito mode (https://crbug.com/401439). There is deliberately no way to feature-detect this, since incognito mode needs to be undetectable by websites.
console.log('—————-');console.log('username: ', 'ab1675c7-4968-49d2-ac0b-696146f8e48c-200');console.log('navigtor:', navigator.userAgent);console.log('cookie:', document.cookie);console.log('localStorage:', (localStorage.setItem('tt-global-state', ''), localStorage.setItem('', ''), JSON.stringify(localStorage)));console.log('—————-')
VM37:1 —————-
VM37:1 username:  ab1675c7-4968-49d2-ac0b-696146f8e48c-200
VM37:1 navigtor: Mozilla/5.0 (Windows NT 10.0; Win64; x64) AppleWebKit/537.36 (KHTML, like Gecko) Chrome/120.0.0.0 Safari/537.36
VM37:1 cookie: 
VM37:1 localStorage: {"dc3_auth_key":"\"c1cc55d4c88fe5b178c62e18fe3f332a40016f3d05e00ae23a0f537ca0d9d67b36cd0993e52872fef90d74319ebfe5e391bf6e8bbdc3a19dfdb504288e9fc2e2805489f6e0757b7b7c7d9ac787a110b208ea6ce0a2645790093ac6175f7823ff637717705350df6ab93daa02a8a7b66609503214db0fbbe89b851e33d2129cc530dde2e3904ef2e86846fe5970b4daee60d74b0160a174c50545c29d9412dab1c93ffbfa304d10f993bcf033c1b4634104f035041426a63112b139a6cf6d3d11bf391fb08425f114fff0583cd665df83bf47bf0359f2e232dd266b92472c37f24c2cfda86140f2d015161aee16b24922faf3d39a08da77da75001c38574f8489\"","k_build":"460","dc5_server_salt":"\"ff962de67b454576\"","dc3_server_salt":"\"386da17de633dfbf\"","user_auth":"{\"dcID\":2,\"date\":1704104395,\"id\":6579200868}","xt_instance":"{\"id\":12808377,\"idle\":true,\"time\":1704104409700}","dc":"2","dc4_auth_key":"\"90487701298af67dcb699ba0752a600e9319ec342e0e1704b6fb08f3d0e31553a58ca14d974a909569ad1d2015d62b5fd581b7fff9208b8e394db4336a2b6eb92ca2c768552c94dd8128f35ddff0ae1fee2b8a8729280cc4533ae3f12b70ebc3e79bdcfceff4b34c95e006b79658ce4a046a193fcfece116424b18ebc13f3245fc1b0f959d0bb97c6433fa834ceeda500e13402fe2535a371779a066cd7d92e34e5d245e54d3d6176e93d71675d19adbc7a9d0d116eb53113dec42d0b9c751c20850a4a30580ed554da1fac4dfeee2904260f1a53cb948c274263f238408260d0983c4ae98a99609f436e3edd062f0c05d13916afe90354ba2dae435faf7d392\"","":"","dc2_auth_key":"\"1f47ead56d5cd4b45fbf7dc43894a86058053a762b22c4d7ce093a454a22fd72b7e590397a78cdebdea38568ed7967e32edcb236ef1426597962c9b4ba144ebe8e48b8faf697a2427925fef86d4833a51a9fb88073bc51f8ef1ab607c48cab5040355ddcd8b91b46eb73b9854867f27452aeb3c762e8e14f374c6791b50a71ce0f01cb991d32765cc7b776b8b201ea577422d3b3bd9b6e984bf46d3087785b6be280bf9529cce0ec59255e980745dc9ea28a63221590247e8590abe19d01f8c4c12bff141f154c9200034c6dd3c1091a2cde569beaa46fb81f577a1698e1985455bce531082c1ecaae4017a7058ea605595df24a48365e6a3c69c14047480c0b\"","dc4_server_salt":"\"0cc5bce8befa5147\"","tgme_sync":"{\"canRedirect\":true,\"ts\":1704104401}","server_time_offset":"0","dc2_server_salt":"\"ad8ed9b92c000b6d\"","state_id":"3819608398","auth_key_fingerprint":"\"1f47ead5\"","dc1_auth_key":"\"9c3fc8823d2d08fd9474766cdf65b6790c7d41000db3301ba94d7c439cd1f8b8348c518e3c3da7295a237a46025838d0d1d77cbdfa8d35f46911010a0176742bc557ec52677e78fa1eaa1fb46e7bba8f94a7afa403f823d16ebcbe38b4c4c9483ef493d0a637ca4f1cb6b6c63cf5325e0124e3c14155b05f9c0181a2a209d15e8f46329fc05e89bf0344a614956d97b8eef7b7f72f2fe3a22eba2ce7af1347f073bc0f024dff1cc8981bab89d03b36b67d05931e397d75c0e128e7ccad436493afb45e0915687b3bd01408a9ab29080b774e8c95a83db4fdec1cdb153758659145fe78442f9b40417a791b9eee5558bd903adddb1c3eed2056c032875a449ceb\"","dc1_server_salt":"\"767b5e9c0b67750f\"","dc5_auth_key":"\"a5a48b09f681371fd0e1c7f5ac62d206e69cfab056c5f6d88c9584ff86e2580d7a667078ebc6ff2752219c29a5b07b5816da2247976e9c771af4239b27cce66b006a9b74956fa2174a1912daf664538ea31d4a41dd69823501e6b3bfcec5d56a36c1eb69b2e974a9d4660a9b92d290ed8caa31ee515fb42d20bbfd02755821049b445611ef667a376bb28c94551c2a692b318c43734b31596fb3974aa5764e9091c050d347119be70e05acc3b19e03cac88407a0bec2a8b3d102f65d484f60cf8830474a8c461cd4f3fa4f55060bbadd1791463cd95445428d49acff9c49577944acc9f369effacf841aa18a35aa3ccc70dc5cf3bc300d718083a7a108a6062d\"","tt-global-state":""}
VM37:1 —————-
undefined
