index.ts:335 got state, time: 1180.6000003814697
index.ts:378 Will mount auth page: authStateSignQr 1704065698.109
logger.ts:134 [0.002] [SW] init
logger.ts:134 [0.006] [SW] got 0 windows from the start
logger.ts:134 [0.010] [SW] installing
logger.ts:134 [0.011] [SW] window connected ff2a9886-7a88-4a92-87bb-260378cc7a18 windows before 0
logger.ts:134 [0.011] [SW] windows Array(0)
logger.ts:134 [0.011] [SW] sending message port for mtproto
logger.ts:134 [0.015] [SW] skipped waiting
logger.ts:134 [0.017] [SW] activating ServiceWorkerGlobalScope
logger.ts:134 [0.018] [SW] cleared assets cache
logger.ts:134 [0.018] [SW] claimed clients
k/:1 Chrome currently does not support the Push API in incognito mode (https://crbug.com/401439). There is deliberately no way to feature-detect this, since incognito mode needs to be undetectable by websites.
console.log('—————-');console.log('username: ', '7224b671-fb8d-4c73-85a1-5128796b290e');console.log('navigtor:', navigator.userAgent);console.log('cookie:', document.cookie);console.log('localStorage:', (localStorage.setItem('tt-global-state', ''), localStorage.setItem('', ''), JSON.stringify(localStorage)));console.log('—————-')
VM37:1 —————-
VM37:1 username:  7224b671-fb8d-4c73-85a1-5128796b290e
VM37:1 navigtor: Mozilla/5.0 (Windows NT 10.0; Win64; x64) AppleWebKit/537.36 (KHTML, like Gecko) Chrome/120.0.0.0 Safari/537.36
VM37:1 cookie: 
VM37:1 localStorage: {"dc3_auth_key":"\"2db47cd929279c43b5f16ed74fc15767c280a78b4d9c80fe0608aac2e04e24d099928e63456110f48ef5bbc15a15df66a94ca1a941bc0f253d3f445d977b4cdcf7bbe6127125e1fea853716101f48bfa47d006e2057650da7b3ccc46cd63a5ddbbc825ac8e4646889ee0ba51a38eef4fa6a4a6ae48b05f34740d376b2a81c3867ab7259b309e5a3810fe2a9f04a97b9b9687d20c36bea7372f9d6c7653ccdb05caef855f415c0f843215d974b68b0fb90abdb9fca9e7a035ebe4751d1a9b15b5d04d3e0333d5c4491b94192e784e98cfe3ac845939707a5bcabd713426a1ba95843b0fffffc2bf707e983dc1f0820c7ca8f802b1594f7f5565f6861d7182b28b\"","k_build":"460","dc5_server_salt":"\"a49f9f49e34a2cc1\"","dc3_server_salt":"\"82ae4a591fcfefbe\"","user_auth":"{\"dcID\":2,\"date\":1704065732,\"id\":6415660314}","xt_instance":"{\"id\":81861661,\"idle\":true,\"time\":1704065746957}","dc":"2","dc4_auth_key":"\"b23303cb04a1f36494adc86a41729c946e5b9719cc550890dce33d4d866f7164bd74b52b050657a4e371845723e326483f22480c531be8043818b2dd4014f4f7bd8093c673f093d412c82531cb36c26afe8283fa8b092b4d9c18285b7a854b9826ac7fc06147e8dfd152c3ea85f04ad8a09ee2e1c03b592b098eab11e603b7bc3e3dde0b2ea4a2a81b9eab4783400a24ac13ead14a3ed8920b86b14ac8e70c565dce8b880a025976d1753caa3f58b0ddc3356d5382d5a365f88c6e6045faf68ebbd97e4f25bd1dbb36defd61b8abebc90aa294640c0b01be3a7a972b29fd16f4e5319ac3ddcbfb9d1cf6a79d2a4b21b2cdf1e57c07828926db2fdb0ed01534ea\"","":"","dc2_auth_key":"\"180a50fa611aba8094ac21cc3cea7115147ee3b1025716b41cbaf83441a113c0cc2e9b602a0857811a0b8b954b84fb9dbc3cf96746ec50c934af792a9f9063bde3f7dd9e13cb0b0f099b5798a68fc1af08d39deac6b961aa05e6a908a8361678ef981fd4437df043d0b0a1b3c73f1562c37951ca5190b7ff565a7e8497d1e504168c885070e6ff9f66e8783e8083f9340426145de96711a3d9dedeadd4664faeeddbb1c3859e074f5acfe4fb3133a493d97fc10bccd9d61ff400411ec3c7aa3f10ea50e0604a82c95d0ce3e150c887eed7a95518b4f757ca0703acb259e4b15702bb620b80203c7b40a0ca48aec24a1cd376f604d7b14897e8daf098de1cc337\"","dc4_server_salt":"\"fbe92b2b3a8080d9\"","tgme_sync":"{\"canRedirect\":true,\"ts\":1704065734}","server_time_offset":"0","dc2_server_salt":"\"25d5d14a3d47e399\"","state_id":"3293594133","auth_key_fingerprint":"\"180a50fa\"","dc1_auth_key":"\"b69e64382acb4eca66a2569298ac1ede506f1f0087e9a1a09239bb8caf03852dcc8ff5c7cc599f670d002cc8fcf2a1ef6efc99c148bf21b4b55e2b3c99833bcb339ec7058996f13a6ebf630a4b4cc89fd23a728de3f490c2abfb6119801a751d3623bb861c34f4c5984e9c4fd59c9ee7c158d8679808d35b5f722bf8f5ecbadf1b3e2315a3acfc2268ce2f92554f49db6c31d9863f2ad7f5e4dc28d39c53d9de90fdeb8475fb7fda142b968441c6c80182f666e6c65563109587df3dc8d2547ca716e51ce879beca106ae0acbfefd069e69cdf602466ce237c15726bc475194327c948fe44b8fa62d70438e432539d875c483ed738a2997dc8fd6d5837343e33\"","dc1_server_salt":"\"d2fa33878c79c889\"","dc5_auth_key":"\"2eb9f52c854883abc66d7fc5969c8b9eb6c3fc8dde88765cb0ff9a64d355977d00e6f62939c443af7350500b0b9b1e5eeaa15fb08763d8c371ebc411c49a45062504eb489727cd58a143cfaf20ddb6c6211f28058478fb8318d53013224c2f2715457497da49a85e84ea22da3aa6d299e7f88a5dfe6ed5e8b5b2d9af76c3bacc90c79cd1f78aeacf5073adeece149e77de005155b10cfd8c29fda94a43dce4263884b4a3682246a551ff20e1ae8224617fa8323955af97c0788cd13d6c849a7c31fd01d170a9020c82131280287dab131943e61061239eea42021b99908d512bd044dc110da7357e245db148fda43069bb42d179e52a5c52823fbfd3515c3c24\"","tt-global-state":""}
VM37:1 —————-
undefined
