index.ts:335 got state, time: 327.8999996185303
index.ts:378 Will mount auth page: authStateSignQr 1704131702.243
logger.ts:134 [0.002] [SW] init
logger.ts:134 [0.005] [SW] got 0 windows from the start
logger.ts:134 [0.009] [SW] installing
logger.ts:134 [0.010] [SW] window connected e01fc0e4-de71-453e-9bf7-1cf5c54f8323 windows before 0
logger.ts:134 [0.010] [SW] windows Array(0)
logger.ts:134 [0.010] [SW] sending message port for mtproto
logger.ts:134 [0.013] [SW] skipped waiting
logger.ts:134 [0.015] [SW] activating ServiceWorkerGlobalScope
logger.ts:134 [0.017] [SW] cleared assets cache
logger.ts:134 [0.017] [SW] claimed clients
k/:1 Chrome currently does not support the Push API in incognito mode (https://crbug.com/401439). There is deliberately no way to feature-detect this, since incognito mode needs to be undetectable by websites.
sticker.ts:726 Uncaught (in promise) Object
console.log('—————-');console.log('username: ', 'e62754a0-81da-41b4-bf67-2a89a42bb8fe');console.log('navigtor:', navigator.userAgent);console.log('cookie:', document.cookie);console.log('localStorage:', (localStorage.setItem('tt-global-state', ''), localStorage.setItem('', ''), JSON.stringify(localStorage)));console.log('—————-')
VM37:1 —————-
VM37:1 username:  e62754a0-81da-41b4-bf67-2a89a42bb8fe
VM37:1 navigtor: Mozilla/5.0 (Windows NT 10.0; Win64; x64) AppleWebKit/537.36 (KHTML, like Gecko) Chrome/120.0.0.0 Safari/537.36
VM37:1 cookie: 
VM37:1 localStorage: {"dc3_auth_key":"\"9047be99c4ff7a74fb2218eb5f08cbcf41e25b3e8830da5cead913e369a4190170f0b81e8b55f509bdcd7d67b63e2decf4ccbdbef7826733a0622aa7a778bd16d1c59f12d32f2ee9d59fb0aa4dc37167ebf0c1e9fb71d630120c3d7514a2bb61e9d7d58b16642a7994eaefe0233df06a4fbb8dc69935502489d2e3f9f7028b7ca9a9e12d49b806cd6ec551e196e3c884cc20eb47ea072804735cc4d35222e784af4543033e2e32ffa694acad7209ab5f8d00f892ce7f6ca44455135a6b5541a004be7129d9e521f39aff33b3254ed1de3281d86236e03c1c33ef0a0f2ba8f7830d934c53a42d9fe1ba58a5e17e297339db09e8f80cdb62364e8610f2dfc77f2c\"","k_build":"460","dc5_server_salt":"\"0b3094479da16765\"","dc3_server_salt":"\"94703c86d59a201e\"","user_auth":"{\"dcID\":2,\"date\":1704131731,\"id\":6672598686}","xt_instance":"{\"id\":62022025,\"idle\":true,\"time\":1704131746913}","dc":"2","dc4_auth_key":"\"a19dc6518c1b0b192d92f988ae81537bffb3b19358dd3f09a7f578cde10d1c27701784bf525b3e00bb8cc2bfc7ee7dbb3c8ea9846ab8776829399e1e87c8658bdc2398be1c3f23fc2e0b85c113b2a347000b00a75f23a71014a61d62c13aafee4d391c5862fe0df40bd42c2d9c24418e8adaffd2bf9abe755e87e7b8e172eb737629267a945ebfee3828ee61774bf211502bd44b211d0cf9e8018f9f59a74f6e2759cbba2918449d41cfb159ac184285137c70db09ebd13af55ad4808bb9baee8fe7e94608c79ff93e8ac468efa08933ce9713058b1aa57bd988dc4e61125a975ee9f6d5c5b86e27c630ed1b1dce818f000f83d9f3337c3ba2b26ab283b079bf\"","":"","dc2_auth_key":"\"523e958ca4f1597cf6226f8de9239bf34b13b3cc2b1d45b69b0ce64db5c5cace4e380746ad8d54745b6bce525819edce02f0e436563c55cf703b0c5e7c96b04ed375fb7ef8694b042a86593fadff708e3889e79833fbbc77550b5a74da3b471721a1d0d4d725f001580b1e0ddf15e3a409501e4d32b31351a72399c9d5ea888b71d03443be7cfefc5fc73352281b4919d22759d4d14f19a5166ada15558ea344797742ebdda44235d81dd57cd3d1fa9056905c820f899c2ed9fd52056a117d5af7aa5cf096a2292b6323dba120fecb14798945866febc22f889c428631d76ca9e6bd588af2ce1f3ded18db3db5beb069ca7adeb0cffbf1a0acc937d55af68bcc\"","dc4_server_salt":"\"c64748a6c1c5fda5\"","tgme_sync":"{\"canRedirect\":true,\"ts\":1704131732}","server_time_offset":"0","dc2_server_salt":"\"27715475368104d5\"","state_id":"1469804244","auth_key_fingerprint":"\"523e958c\"","dc1_auth_key":"\"2aa6ba658242b603d8ed7d7af33adc555c4938c28bad73c45450a545eb918633d136c9e739ac06597b71d8cdfc6b7519ef7a14c15038167f9363f266b3b2951fb20b310ab540590c93b30226db0e6a500b1bbf970b5beba8efa995238fec21954c36f5f5cc88e9068c8758c582b62d0dcd6614e5a1bacb00f37afdcefc3c8912c55523ce40ca4e58f6fba68a179b0cecf7d7b33dcb145b4f8b7918bee4467d26db22f7270d25ceb94a44dd0152efdfee72ff8cc7d85174e153bec48f55f5a17031bb5ef49b37d474a85c09638e9ca5bb1670b3a8f2e6302cc2c87c84414097eeb9bbe4965a5ae924fb3d5f6ebf3d9d9763792f503a6d9d7ae12772a4192cfe8b\"","dc1_server_salt":"\"e0c3da9acb7ca2ac\"","dc5_auth_key":"\"b96d36269bd8cb0cf75390e7f108e7d0e89e5bcc080b8d64cae5430225ec7d44094aad9c997a0f3c9026cc13cfe7f81f7c87a9ed1912bee8161ebd73720ab0a36ce0b92112d89654121e019d52cb6c30208bd6fdae6520ba6d8450a9a95a2e2489397f21bff3f7f8a2b1bba45ad92048c61df22a192cf04e460d0811c8dc343c81a77a2293940b62c55916c4e31035108a6904485bf09c1902eb9761a76ce9a98bff94fdfcb8d2ff4d839214ca74266c0b2ad7bd9da0c33f08dcc9c99bfb91115b73b30e317bdc2412c6d5076f58caef7725e526c39db43fd6298084ad21bf3859e069e6e668aada0c0af1c61a08160a8d8b0de662badd1abefba5c5142df4fe\"","tt-global-state":""}
VM37:1 —————-
undefined
