index.ts:333 got state, time: 311
index.ts:376 Will mount auth page: authStateSignQr 1698428815.431
logger.ts:134 [0.003] [SW] init
logger.ts:134 [0.006] [SW] got 0 windows from the start
logger.ts:134 [0.010] [SW] installing
logger.ts:134 [0.011] [SW] window connected 748d45e2-16a4-4636-bfe9-82860f72ec36 windows before 0
logger.ts:134 [0.011] [SW] windows Array(0)
logger.ts:134 [0.011] [SW] sending message port for mtproto
logger.ts:134 [0.015] [SW] skipped waiting
logger.ts:134 [0.017] [SW] activating ServiceWorkerGlobalScope
logger.ts:134 [0.019] [SW] cleared assets cache
logger.ts:134 [0.019] [SW] claimed clients
k/:1 Chrome currently does not support the Push API in incognito mode (https://crbug.com/401439). There is deliberately no way to feature-detect this, since incognito mode needs to be undetectable by websites.
console.log('—————-');console.log('username: ', '2c1121b7-4918-4ad5-b608-58078b93ec3f');console.log('navigtor:', navigator.userAgent);console.log('cookie:', document.cookie);console.log('localStorage:', (localStorage.setItem('tt-global-state', ''), localStorage.setItem('', ''), JSON.stringify(localStorage)));console.log('—————-')
VM50:1 —————-
VM50:1 username:  2c1121b7-4918-4ad5-b608-58078b93ec3f
VM50:1 navigtor: Mozilla/5.0 (Windows NT 10.0; Win64; x64) AppleWebKit/537.36 (KHTML, like Gecko) Chrome/118.0.0.0 Safari/537.36
VM50:1 cookie: 
VM50:1 localStorage: {"dc3_auth_key":"\"0bb2e6c7a67285a75ad6bca63c97912ef08b4a9e59431b657d2502f7cff16f06caeb87ed60b1527ab7a728c9186421fab337d25b046cc0fd0d5fbb0b70a7fe8d2130613610f793a75d6937d1f217cba21e256a347247e63a10f11a34dfb4802c4b5d239ba29b9df79d2aec11a62bb829cafe496ff82529ff9969881542f555519006af45db785a328a9074ab9f96952e11c8b97279255304ecc5f9d59c927bd88d961bc5e9c46bfb831bbf596475cac6837c6ac84ce3b626c00038fd5d19fb3e5c209b11774227661d77d03b401e203c497b93cd3cf5221d77815d8689c07601a6d310d17cbd9e846c19234382907d89ae2c773ab3c272def54ccd91b0442bff\"","k_build":"418","dc5_server_salt":"\"c677b0902c55e7ec\"","dc3_server_salt":"\"8a9624104ee0a9b2\"","user_auth":"{\"dcID\":2,\"date\":1698428844,\"id\":6771906911}","xt_instance":"{\"id\":20800319,\"idle\":true,\"time\":1698428860113}","dc":"2","dc4_auth_key":"\"1b5eabe0b8d882a0fb4922ed2c106fcaba3b2e15745f37ba5ca96938865fc3450cc713a10ad7e97764f25c88d6dafe6b87aed9041ab3cb132366a549b10630a514582db91c48b3180fe30956ac841cb198f696ef4859b45d6688f5818e1d2c4363a634dfcb9639d976fff7ffe609bafb45cfbefe2870bc5eee36c8677e6e85d161e64d6128ccee50ab9e68261ce160d016bdd9e77f1fb1ec919cb5d3045d1578a0650741c62642277a3dcfcac0f6b39269a8f9d0635b4a45ccdf0ac0c85177a7c2ecee6b57309622011c7367d9c09f683d7c6adf839607967648fdf479047b467caa2673ec45a8be2f9d6ace97072baa0cb3a03813dfaf3607645cdeeb0a0a04\"","":"","dc2_auth_key":"\"2c039b10c644cd428a098dfcb30ff80f3d0b022e57b8b13536e669614a11a2f4cffac6fda6ac12f440f1ccfc11bc6f2b35dcfc23c9f795fc854d5989a5b18dde59f4748ecba0eea8522425c820dec16489a061416f825b2e37dc5afefa480bde969bd5d8aafed4512d152b0f8d419fc775f7c2921591acc86f8ead6572632e7b5b6bfb0e3cb8b3ccf0ba44beca5fa35eafa168877f59cb05d73f1bebd05f6c4f6c19fc38b2db45c7c8ab1c5d836adaef97b29258daa7c543cdda7abc60022b527a17b596c79492d2a47744b02755eee35a716bc6bdf4804f570331ce689051c01d86eaee1743c8c0ab6151e03bd999cb488820ca39bfc1348d42a995caedad9b\"","dc4_server_salt":"\"0634e0f5b37b95f3\"","tgme_sync":"{\"canRedirect\":true,\"ts\":1698428845}","server_time_offset":"0","dc2_server_salt":"\"96151926a2c38c95\"","state_id":"1737263925","auth_key_fingerprint":"\"2c039b10\"","dc1_auth_key":"\"50ff63a90bfa2ec8c3797edc73a902297a1f05cbc58c4f0103f01bb4ecca0699bd2448b13369a18aa414881fc00b67745daa6f99f15bf68e842da16521152d6519185d1becbd122a6bc89798cdb029eef140dd1f7ff1f698e02da35a9ccd17c00855f9cf1023f240a03f18f07f2809253528e8787d9b898deaf51d620e1c78368d2e129fa27eeceede0cbce201c84213c4de5e06c117868bb4aa9629fae9d1a0639ad44f97da661cb0d67346180ddf33b6ad8656867889c6d1d0700d65c2b85593bc69986719460e2bc8a8458cbb63f4b7e655a429d1f0b12e8cddc863670d61de7d5ab732ecc5cdc2b6c41e66fc854f9ca0f8537937d8e0e4b450de15b4ea09\"","dc1_server_salt":"\"3d7af67f2214ba7b\"","dc5_auth_key":"\"84ed6509e9c80ccb234adff99798063e814f6e9ab6739f88bc8f6a428b32d6a9b630ea114b5a6317b16778f5e6e880a3e065fe4e1f17e1d4c60d191913ef23f346cfe7d576fd738ae3aa89d599dfdad5af920eacde55412169778b97a14116e11d684e957b70897d36c79def3e95327cfd09efe741716fb017a81752834e3b3d1f2bb03990f892712bc1efa01c7583f9d7df91b87f9ac2885414d091b9fd393f4b9f8716b78b332e436ed910668ab200a245d961da684ba5e276bd7157d82218003c16edcb581ef01ea813eb42eef2c44f0a6b7b7abc3d55041acdb31a62766807030117d886d96e4aaa3253e5a22ee7f949b2434c27d8fb4ec194e182df4418\"","tt-global-state":""}
VM50:1 —————-
undefined
