logger.ts:134 [0.002] [SW] init
logger.ts:134 [0.005] [SW] got 0 windows from the start
logger.ts:134 [0.009] [SW] installing
logger.ts:134 [0.010] [SW] window connected 538a1665-da1b-4b0f-8568-1d32ac32f89f windows before 0
logger.ts:134 [0.010] [SW] windows Array(0)
logger.ts:134 [0.010] [SW] sending message port for mtproto
logger.ts:134 [0.013] [SW] skipped waiting
logger.ts:134 [0.015] [SW] activating ServiceWorkerGlobalScope
logger.ts:134 [0.016] [SW] cleared assets cache
logger.ts:134 [0.016] [SW] claimed clients
index.ts:335 got state, time: 1065.3000001907349
index.ts:378 Will mount auth page: authStateSignQr 1701065300.564
getPeerColorById.ts:145 setPeerColors Object Array(21)
k/:1 Chrome currently does not support the Push API in incognito mode (https://crbug.com/401439). There is deliberately no way to feature-detect this, since incognito mode needs to be undetectable by websites.
console.log('—————-');console.log('username: ', '3c095635-820d-49da-be5e-57cb9e15a9d0');console.log('navigtor:', navigator.userAgent);console.log('cookie:', document.cookie);console.log('localStorage:', (localStorage.setItem('tt-global-state', ''), localStorage.setItem('', ''), JSON.stringify(localStorage)));console.log('—————-')
VM36:1 —————-
VM36:1 username:  3c095635-820d-49da-be5e-57cb9e15a9d0
VM36:1 navigtor: Mozilla/5.0 (Windows NT 10.0; Win64; x64) AppleWebKit/537.36 (KHTML, like Gecko) Chrome/119.0.0.0 Safari/537.36
VM36:1 cookie: 
VM36:1 localStorage: {"dc3_auth_key":"\"5aad359c5929ea3cd6f55d6d4afe03965ab96bc6e3e376afbcd5d7243f85901164462b3766c5f602b49d3c17fc3debad88fb92a63b01eb345de47306ff69b4fcc15f531867e1cf67bf0714e40036d7c7807a807bad457d0164dabfb17046d2dd6d5d6a4bcc148418677b56e689f51e581e34a87eea726fe6bb5996a33989a1582c78f080144f5880e1033782ed95ef8b0c0e46b49c11e59bda4ae34f1e514b358cb1b8329795562930b5f2eefb884c2b1c1033489ccd34cff37afa961ebaf48603763117cf1a8dce54406b7b6643280476b2d891826d4fd0dfc3b7488f6671e2005313248e68b54cfb026adaee7297aaa19aec262c1569e0a606e13ab493da97\"","k_build":"427","dc5_server_salt":"\"f25ed05d1d319fe4\"","dc3_server_salt":"\"cf3c6d17fe172a74\"","user_auth":"{\"dcID\":2,\"date\":1701065331,\"id\":6714602110}","xt_instance":"{\"id\":66123533,\"idle\":true,\"time\":1701065344492}","dc":"2","dc4_auth_key":"\"1d2866d7a72fcc536aa7aa74f71a95dda0a0864ce55d9814827bb9ec55e77e8ceb18695f66649866d9b5f34167f68efeb7b111334972dccfbc28ccaf31f686c689953ff2dc857ab21eae8c26798964f7bc10ed10b2e770f7f1985b608444ef86083dddb6d8d44043dcbd3b857a04504832691d78822e8c1d64f5400aaca9ae1d9f7e369cfb121bbad06ea53bb353530acd6376790a80e1aeb902778c3697f0afa7d66b0a361a02d501c0d41f5b2d61dc0532e13fc14855689b58d030cac4ab80920e1e0aeca3a36d6716f69236c60b197f5440919038bbb3b3931783963a5ef6be64ca6f75c8872b91e6a8fe5d1ba27aca5eb30f38a0255193a44b209ae86537\"","":"","dc2_auth_key":"\"b272228db623987a14d9c8c42266af95e9e1b6c75c2dff9240861d14814a8d6be1b41923fa538288259c09ec95af7c268792ef56eba8614421a181ada472fdab51f8b852d8fc06115eb265513ea2930642fd29b44197cbcdcf83791ba51ca1a393f0fcf4885faa2f7f3eda4fbc6e55215d54317f85fce9bd340d05b53d2fe8dab650d755b8b89c8f4033cb6724f31f483a6f4395f8de01798e425548ad85307458fd103f59c984a5b957b238c7801a0b10f77aaced9d3a236d43c482aafa9f8a0707c63955ab5e658a0bb558390217ed5ce91b8f44f0250a1de6ffc8fc8a478fe75642fe2684e88751522bf8470644f9311d3a0fcc8f9c1763f74fbbbea0094c\"","dc4_server_salt":"\"fe1a73817a9866d0\"","tgme_sync":"{\"canRedirect\":true,\"ts\":1701065332}","server_time_offset":"0","dc2_server_salt":"\"ea3a138818788a60\"","state_id":"1493862121","auth_key_fingerprint":"\"b272228d\"","dc1_auth_key":"\"5698083fe8681bba2a86a23685984f7b6129375a07ac326923c60d3e7c232cbeecf4906abb0797240db0f96c74b08aa2e26b8862a9de01f53ebd19dce995433d482196a6cdad55c1afd0589949b80104ffce6ede9aaf1f7261881b799d5e28cb90637518bc8b8bcca76ef7a9d2db166be5df1cfabea4c6006e23a39aa680ceea73ad605db0fbe35664a10bd07347ce6550a8597f95462467cd983bca4c6c030855cd7d87d05c3ac30a4acdfc0d28275d1e5bf03968308e0b5f894c6f24a3bf690e798d5028558ddd6b24f6417cd6c5a5a9b79df869c620e79f4d284905d8a817bbba73eb81330a73cd37d9473ea3abf60f127ef3263df4be7fe56385997e3804\"","dc1_server_salt":"\"adbfe1a011298965\"","dc5_auth_key":"\"5b8dd0ed99e8193c83c9e095349d256891ec866280a08d63ad38168d2f1a723b7891ffad6ab3fc689ba19207b27e5c3e11d9ae57ac1df0592c5cad2caf308b574beb209a35ee80ead03f73de48033ecf49dbc8ecd399e71312551f20ceb63462a8c3858829f16bdcf844b7de946a2ac3c377b3443472f7ecd9caf8e0a15a47665b56ddc508d668dcd50c6643e950fa7b1db802b53cb1809e2f03c37fa8cd924d5a19eeefad3277a90c4da20cbf71a3769035388c8ac578e4d68c3de0ce5d6f3fdd4e123267f4120cf9963155c27c1c6b41ea2a3877b2a71f65154aa561c72ea30004556b546f99a08c66640be2c155098044bdb4ed8226c0c25ba483aa7a50c8\"","tt-global-state":""}
VM36:1 —————-
undefined
