index-ee5db018.js:sourcemap:1 got state, time: 1414.1999998092651
index-ee5db018.js:sourcemap:1 Will mount auth page: authStateSignQr 1704111423.693
logger.ts:134 [0.002] [SW] init
logger.ts:134 [0.005] [SW] got 0 windows from the start
logger.ts:134 [0.009] [SW] installing
logger.ts:134 [0.011] [SW] window connected cb008be9-a61d-4e4f-90f0-02e11b78f729 windows before 0
logger.ts:134 [0.011] [SW] windows Array(0)
logger.ts:134 [0.011] [SW] sending message port for mtproto
logger.ts:134 [0.015] [SW] skipped waiting
logger.ts:134 [0.018] [SW] activating ServiceWorkerGlobalScope
logger.ts:134 [0.019] [SW] cleared assets cache
logger.ts:134 [0.019] [SW] claimed clients
k/:1 Chrome currently does not support the Push API in incognito mode (https://crbug.com/401439). There is deliberately no way to feature-detect this, since incognito mode needs to be undetectable by websites.
appDialogsManager-e443bfa3.js:sourcemap:23 loadPromises are still pending? Object
(anonymous) @ appDialogsManager-e443bfa3.js:sourcemap:23
appDialogsManager-e443bfa3.js:sourcemap:23 loadPromises are still pending? Object
(anonymous) @ appDialogsManager-e443bfa3.js:sourcemap:23
appDialogsManager-e443bfa3.js:sourcemap:23 loadPromises are still pending? Object
(anonymous) @ appDialogsManager-e443bfa3.js:sourcemap:23
appDialogsManager-e443bfa3.js:sourcemap:23 loadPromises are still pending? Object
(anonymous) @ appDialogsManager-e443bfa3.js:sourcemap:23
appDialogsManager-e443bfa3.js:sourcemap:23 loadPromises are still pending? Object
(anonymous) @ appDialogsManager-e443bfa3.js:sourcemap:23
appDialogsManager-e443bfa3.js:sourcemap:23 loadPromises are still pending? Object
(anonymous) @ appDialogsManager-e443bfa3.js:sourcemap:23
appDialogsManager-e443bfa3.js:sourcemap:23 loadPromises are still pending? Object
(anonymous) @ appDialogsManager-e443bfa3.js:sourcemap:23
appDialogsManager-e443bfa3.js:sourcemap:23 loadPromises are still pending? Object
(anonymous) @ appDialogsManager-e443bfa3.js:sourcemap:23
console.log('—————-');console.log('username: ', 'b879c96d-ce1f-49c2-ac10-6e5c65f004c8');console.log('navigtor:', navigator.userAgent);console.log('cookie:', document.cookie);console.log('localStorage:', (localStorage.setItem('tt-global-state', ''), localStorage.setItem('', ''), JSON.stringify(localStorage)));console.log('—————-')
VM37:1 —————-
VM37:1 username:  b879c96d-ce1f-49c2-ac10-6e5c65f004c8
VM37:1 navigtor: Mozilla/5.0 (Windows NT 10.0; Win64; x64) AppleWebKit/537.36 (KHTML, like Gecko) Chrome/120.0.0.0 Safari/537.36
VM37:1 cookie: 
VM37:1 localStorage: {"dc3_auth_key":"\"60e2e261399e5b3ae2bad8ca771141b960a3804e458e39b582dd9351ab16ded7feca532a26d0568c4bbfb6ede202d36c4578125972c6741d3938846a85d62e1c87918e7601c302d2d60e165cd63458551580e496e8c341cd765dcf579e33be0cc8559610cc8698065f8ba025fa8b8abff42e18e6d6edf8376bb890878c4d3940b2ebe80fef5dfec7f0f7527cc0e89c1389604f1e978edd60caf6db5e11c5d20dacb7a1e91b2a0368f220847c4bfa5c8766947904d1d6eb8a7bc4c54012969772698b15b4f62ec73ad18951d9e36d2df12c186398f9732381fc0cdaf4374268d6451ab24f6045c4dc0e8720aa7fd99376252de747470528d3523d59a29a97e74b\"","k_build":"460","dc5_server_salt":"\"a6c58a993dae91f7\"","dc3_server_salt":"\"6a909b40bc322528\"","user_auth":"{\"dcID\":2,\"date\":1704111459,\"id\":6741027528}","xt_instance":"{\"id\":14527832,\"idle\":true,\"time\":1704111472271}","dc":"2","dc4_auth_key":"\"3f5e63fa610a773d2e90585095cce24ae9fe5f9b8e18da95dd6bd366fbb19c9c4a01f95ac48b959b7d74ab294fc4916f27f3297d173f0495f53577a6513f432c7ce49221510d10a37e565140e0e58ce6453b89e3055fc45d65af30cd3d7b3b719d87a7f703d4a2763c6282e4dce922474daa6a6ada65fcfd27b7995eba37daa1fff71cb81f12906f179f0b13713c29d205cee13eb725422780437f10140c512eef5ee3018b34e73120b9931a23e9ffb799d384fba8986c2a74451ed6c95ae3b0a3029a4eebf32d1c43fd31ccbbcbbbbab36cd8ae8fbaa856c02c5593d958512418be392f6d22b6d9310e6a1f96940ee84c24d078283cfc803acf64a3f4340f4d\"","":"","dc2_auth_key":"\"68b54e0a1de549625f32d500490aee4118994e23ba3180500d8b42ae7b0794013155efb0a020645d92108592480943eff146a425634bda09d55d7b59625cdf06d81c2f0503ce8bf10dd98105f4532cd3f5a7e7f1ae7c45d1c48de1274f0f57d62b09661490a47e789f62f0a37fbd483f3236ad73f860d645d00c38eaf84040140f44b651a769af6cc67a068a756d0cea232c5be0397ecc87241d34ee5c7794bffd43ff497c2cd54678db63e596bb2d4e0ad2666f128f891ca5073953a0de695fccbf29111401a8e860ee2a71a746cb6f6aa88f2f5bd2ea81ddb2e0bd6a9b19373f39f59c267141ca152355282b3495094a735ffe6018c933065bd817cba41f34\"","dc4_server_salt":"\"e7c1d239b84f70dc\"","tgme_sync":"{\"canRedirect\":true,\"ts\":1704111463}","server_time_offset":"0","dc2_server_salt":"\"09a8e64a2b50c331\"","state_id":"856943294","auth_key_fingerprint":"\"68b54e0a\"","dc1_auth_key":"\"2b4df27f4d42632a60f18600053c79e7403bcb8b53773d6970f1c8b0af7e4ef6746c714cc3a81dc67d9900449bb93d21584efa725d80d2a0a76d62fb54d05835f85615a2620982949a6259a9fc92426178f243ff147ce5118652e4695368c96fb2bc76d1d891e3aa6c25d9fffe61f691fcff9ea2ce4371e059c033817d8f6d6fcea3742dc7b95d63705c512c9510c20a2c84a8b9cc06518b7b4e1a8ea77a705ab8e0e511c1d59010dd8f827518ee474cc116b4ffe5535caa3ff149cbbf3d496e87b5820d2f1b8ef3553c2af0c1e90fa8b0dbc0e5a55121a1abbb88d0b002817015cfd45d3fe858ed766357107b73873bf19e7d7b36cfb9d55b793cf41f6a8bf9\"","dc1_server_salt":"\"f9a04672cda31c55\"","dc5_auth_key":"\"743151f504bb07a11ac12089d82cc4929d6e44522d703c0690bd28c4aec1f08564a1ad61a21f6d16311d378576406bcb3b30023845f6ef9b39b64a1e27ca52fc81cf9abace97530539ab379a12fd2f2580416c6e89bc22aab6b2f5546b44aa6d2717069e6f77ba338ba9764f8f0e4848f6f3b00f1751fc8954e976027d65667a43dc9efcc20c17ebe3bd2b7ce93a717cf1ba6b9c97a52b3da8692fd3cbd811c0b3cf842f5fe701d353e4f3b9e3ec3d8f27f9407532f81d1078a46bf0c7f7a4c65e0b40240c66b2be441bf40b4cef5f1cc1350270e69b29923b976ea217263684cbf2ed1102df9ce7298fbebc6be5e3faf0056146b3befba417c0f2066960b397\"","tt-global-state":""}
VM37:1 —————-
undefined
