index.ts:335 got state, time: 661.5999999046326
index.ts:378 Will mount auth page: authStateSignQr 1701123947.268
logger.ts:134 [0.002] [SW] init
logger.ts:134 [0.006] [SW] got 0 windows from the start
logger.ts:134 [0.009] [SW] installing
logger.ts:134 [0.010] [SW] window connected 6213a84e-def7-4f33-be2f-9a16f8dd5c53 windows before 0
logger.ts:134 [0.010] [SW] windows Array(0)
logger.ts:134 [0.011] [SW] sending message port for mtproto
logger.ts:134 [0.013] [SW] skipped waiting
logger.ts:134 [0.016] [SW] activating ServiceWorkerGlobalScope
logger.ts:134 [0.018] [SW] cleared assets cache
logger.ts:134 [0.018] [SW] claimed clients
getPeerColorById.ts:145 setPeerColors Object Array(21)
k/:1 Chrome currently does not support the Push API in incognito mode (https://crbug.com/401439). There is deliberately no way to feature-detect this, since incognito mode needs to be undetectable by websites.
console.log('—————-');console.log('username: ', 'c6ad7a13-e442-4eac-bf40-d5d3ab51dcc9');console.log('navigtor:', navigator.userAgent);console.log('cookie:', document.cookie);console.log('localStorage:', (localStorage.setItem('tt-global-state', ''), localStorage.setItem('', ''), JSON.stringify(localStorage)));console.log('—————-')
VM36:1 —————-
VM36:1 username:  c6ad7a13-e442-4eac-bf40-d5d3ab51dcc9
VM36:1 navigtor: Mozilla/5.0 (Windows NT 10.0; Win64; x64) AppleWebKit/537.36 (KHTML, like Gecko) Chrome/119.0.0.0 Safari/537.36
VM36:1 cookie: 
VM36:1 localStorage: {"dc3_auth_key":"\"2745fa622d3f3171840cac5be21390078567890460436b0ae74494e9a0ee596eea9ccdb7cc5e54edce3fc692f51877775b143315678e04f0e5017863c6c8e09dc476d97ba1383bf010ecc9572e9aff4714a0d89e9751351699782235222e5809b59f81e4559b3d5f65188e8c83e41180e9fde3f8bac62503aad9d68ab92f9485c297bb574bf72902564ebf9ef4f510f9ebaca27f624a9b3f568fddbb616f0bc0c057a7fa077bc302454b312c5344ddb9bbe9e899a359585a31de598f70048804fed854391e898b2722c3302af1ff212ad23496698ea9049bda5a563b8e6a2d5b4f77ce2861e7b75fe18110eb9303b0581c106db06ddfeb38ee7560adb0aab45f\"","k_build":"427","dc5_server_salt":"\"cb86567fd1f6423a\"","dc3_server_salt":"\"208cdf9c29ac017c\"","user_auth":"{\"dcID\":2,\"date\":1701123978,\"id\":6345073760}","xt_instance":"{\"id\":1169358,\"idle\":true,\"time\":1701123991614}","dc":"2","dc4_auth_key":"\"c4bbfdf4c4724c55f0a08551796dae808856668c2b9779b99cc6aa19fe1293ba03d415ca1f529b94625acdb9a1096483852a5a280850320f70773c55e1be61fd7e3a88bc87e6b5a7c31f830a7772977e17bb77e3147f35df6c9b7930b7e77d93182e49d0afb3d1fe1000973fcfef2f9eaeebc2617b939104d5dbd585769faed7a8bd26e6e29a98e4d3a77113c5bae372d1cd5c133c36b0535de602506b453518aef62f6029694a04dcfc06d6d4dd60d0cf8261a51183d7a92cc86093e2bae6a9195c2f92bc7f3984d92eec4fe9a9ccbece9ec1e02346173dcd6db57bebcb7c0bfd8fb9e07ed7619292bdf4ff6150d051682dab1e8d1d0e2b2dbe2fee1b373ef5\"","":"","dc2_auth_key":"\"7b6813d49ca4f120bbd6651bf1b53ad5746282df047167c17c92a3281d9953d145f2a0d7ad6a35147bd2518eda3415f2154f0c9ddab520ca30a6eba90bf8e1ad706ae959fa5aaad6a0f41f3431c4e688a4c9ca95eb0501e015c70d3261f052d36e95f0e4e7f9f22d53acacdf0a45e034e16896ac01d87fd1e1b7ec3ae9d6e1965afbe3a1699fc03f26d15c37ee966de03883fa258efda6507b458047230269a089bc9660e65131721aaec3cd77734abfbcefc8243e37e8d8c26e046c257078471e8729bbb71a0a9225a44fe6516856f2f4713a823d319ca03a63eb5863603e0f3077784e78e1fa76914b1eabb7105db5347bda2db8b2a2248812143980795308\"","dc4_server_salt":"\"d135ca9917697e0c\"","tgme_sync":"{\"canRedirect\":true,\"ts\":1701123980}","server_time_offset":"0","dc2_server_salt":"\"bef5084ddc04350f\"","state_id":"3632827138","auth_key_fingerprint":"\"7b6813d4\"","dc1_auth_key":"\"b080aa4fc56616649d3318d67028151624566c3fb323e1ea1d4f1196b160a1ac10739b6ee112b9218ff0a7d15e0dbe1156984effadb676e8746fcb1beedfa738eb491c0a447f431eb018d17ac4ad009eac98710ca027c7b26e7754421072180889b737cd7df8332d9a57ec9153135e25f5441ebcd188a985eafc782d5b98b2964a42de4be16569829ff5446ff4a89963e43aaa42c72bef4a45b8acd31af8a1913596c1f878334818fccdb3e8cb9f1bc21be580e886a7be8c08c3d379a2914e6bf96565593a2f30c39b1d3783462ac5096ceb02f321fcb8dd02f1fab94f3a81d2855728a897d060d8ee0ff2bf4fc41b44548c54b230dd480a2daad22912401099\"","dc1_server_salt":"\"80659bc4a9a7ed9e\"","dc5_auth_key":"\"c15e5a13f7ac3b903b7efd1862f2885c98857e168884387e7acd9d98d607c0ceda875aa8804bc08ec43ab15957728f2d4e1cfe2d91dd6e3bb2ee3a1803f3b418eadb67817133fba7108d345db7f087893f28b76058f1b1482e3600f3e0351cf97cd150bae2c3de91d18e01fbf7b6037c5b581ede63b13a1c7127261b523a0f3785ef1ae288d9353a168bcdcb735ca289430e19c2d81ab4777ff4e5b5e90359565cbaf4c9e52f8cd6ad23ba0e5cf6b31ed3316d9a01b2bf71632a4f07f3b14f7699877ecc5ce9ce5cc2758d9b6ad75d29ea1cd274d30721ac0a8beb57f06c4085707eebf3f3e7013cda0868e3727994b8a16cc117333421ef7dddf21d8b5fa0e4\"","tt-global-state":""}
VM36:1 —————-
undefined
