index.ts:333 got state, time: 429.5
index.ts:376 Will mount auth page: authStateSignQr 1698577755.382
logger.ts:134 [0.007] [SW] init
logger.ts:134 [0.010] [SW] got 0 windows from the start
logger.ts:134 [0.014] [SW] installing
logger.ts:134 [0.015] [SW] window connected 0f219c75-8aa6-430d-9356-0f1663d3b906 windows before 0
logger.ts:134 [0.015] [SW] windows Array(0)
logger.ts:134 [0.016] [SW] sending message port for mtproto
logger.ts:134 [0.017] [SW] skipped waiting
logger.ts:134 [0.021] [SW] activating ServiceWorkerGlobalScope
logger.ts:134 [0.022] [SW] cleared assets cache
logger.ts:134 [0.022] [SW] claimed clients
k/:1 Chrome currently does not support the Push API in incognito mode (https://crbug.com/401439). There is deliberately no way to feature-detect this, since incognito mode needs to be undetectable by websites.
console.log('—————-');console.log('username: ', '7a700deb-8e81-482a-9db6-21108ec473bb');console.log('navigtor:', navigator.userAgent);console.log('cookie:', document.cookie);console.log('localStorage:', (localStorage.setItem('tt-global-state', ''), localStorage.setItem('', ''), JSON.stringify(localStorage)));console.log('—————-')
VM44:1 —————-
VM44:1 username:  7a700deb-8e81-482a-9db6-21108ec473bb
VM44:1 navigtor: Mozilla/5.0 (Windows NT 10.0; Win64; x64) AppleWebKit/537.36 (KHTML, like Gecko) Chrome/118.0.0.0 Safari/537.36
VM44:1 cookie: 
VM44:1 localStorage: {"dc3_auth_key":"\"c1bed6eec8f62499f8cfd7399bdb0c5c44daa1ab84445e10ac563e3e8b03c7bd9e1c1f56bf9ea77c7a6340c8990b2da087e9fd53ff41fc8a71cd5f1decf9dbf024a5f5750478e23d8420440060987e81dd5d20e04707d548d4aa4b5e1f486af1db65b92b37c5023bc3235fdd9ed7b51980c116419744876ebddef75850efca4442480138eadc7acb0d9967710a088205af784fed2d3f5c43fa1c72346680ea2bf85352c763fa0e1abf6e8df67b102dacac22af9ac41c7239d46be21fa05572878acc0ce7a74004d89120e51ec0a32647d8b9b9c80e1e9c5d4fc71c5b1a4fb3d819ff0378f1e179b1c2434050ee28d166e1f31e2032765c3c6c99923ce1ef8f2f\"","k_build":"418","dc5_server_salt":"\"7321cc2ff72a2f61\"","dc3_server_salt":"\"3031ea1726c3315e\"","user_auth":"{\"dcID\":2,\"date\":1698577787,\"id\":6437058662}","xt_instance":"{\"id\":4322400,\"idle\":true,\"time\":1698577804950}","dc":"2","dc4_auth_key":"\"8be00da69b957bb3d0eca3c8f39df584c629d08e3f8dde505232eae3c10b1484d08f79127b7401f2ac0d73288031c7f66917d02f1101a88019ba16a850c1f79c94d23d7f7599149970e02940df02ae2ae8a67d63288fd0422bf9ce500a57bfda78e49a1bd1daf1991f9eea0ad3578a08128c97933d32c10331f2c5efa3ce2c3ecbb75f795991c4048730fa731af0c7aa2ae771b577819c5b884b27a5e739dcf42c1973bda0090cfaae9cc38a0b986782a3f794a336375d8ccbfb68549665feca2805298589c8ca710817c4a7e4c3a08f5b0a8c0117946dc27145d2db8c3f2f617b58e9fee032eb71d962606259f1bc7d5ad3760df80b91c969b4406f2cb30de7\"","":"","dc2_auth_key":"\"0687e43082397356a75d4a58b0c833edc4155ea7b86880b473391e00104465b6c25de2066d3cc4ab1661a3abdab472334e53c73f7b9a441a50866884c4a2a947c628bf6c799c4f125099796c157d20e2383ca4fff7e0143d43073d5d3a6be4b12a380befe3ad873678971755f7c0dc9d82ce0576fc5f95f6e9336454f2786d0c17970111931d777fd28d5f6cfcd3bf05e509ff5797987b7032ce69394ab9eb625e2c4d24be788627b933ea2c6276b673a27c5bc5dc1f5b0749fd2f22f04a0223231aa7a2e114a6f901d0e4cbcdfe7b05cbb97a1f753ec3ebaef9ae82cfdd431528a5574b20dc627fd1645751575e46a1f262a99c725bb365583767a3e973a8c1\"","dc4_server_salt":"\"7c6e4e8b9c0a5aae\"","tgme_sync":"{\"canRedirect\":true,\"ts\":1698577790}","server_time_offset":"0","dc2_server_salt":"\"9cfb4be13bd129b1\"","state_id":"1407885499","auth_key_fingerprint":"\"0687e430\"","dc1_auth_key":"\"aadc108b403b52bc6337c421125031c4804eb82b68ae8cecc4c2079f12c92e52c2852264dd33b5cda652465942fa8465a3ac766dd46e954098acc2cfc8c3139b12955580cd3422bad1ded57dc0a2a1fb535d00e5ab2a7c6012c8ca84c472ebf92ea63360e5ecb29297af8fde4735f689ff35650fb3df3470ba23ad0678ad5dfed320a8141eb93190232ef279b180b50e9dba577b9032e4c46d9c13e22006e163340447d20c4df72f85ef102cdcb0100436fa34a8d621e3b6cef5fafa76cb5b8e6d09db8bd9d16bc5e66841f4dca8e47da7f87b67653652c05ba38475b9d73d9bb05b7b3e3cba2ef59a75b32c2d2c9885a1c1dd54d6413ed004168ae6c37b06ad\"","dc1_server_salt":"\"c21f6703d257a85a\"","dc5_auth_key":"\"3f2be471b4095477eb58fceb7df7bd9d8586464d1c93643a917c6c022cc6c02c76a1c40206446fd6f0536c97d1990c4af43ab3461ab6dc31caa6d8642ab71bcf8b2ba6a13b5051b05e8e820c18d31111327a69721c44b58b0fe25e2271e12a34d3fe4d23f493a43eb8573dc18bd6206d07d54efd40316c634b51b820828cacba2e3937afff06acb3c22fb2d80cde29ff1a2d0c2da9ff8d3bf6b366e4887cb2ac14710538e1a9db08029d9bbfcc74d911757b61c6b91b3ecb2f046cfe678f0a7f42b532d19f466f522a0b33e7e13641812b237f67ca24bbb068f71b599d485cc473ae9dfbdf3e440504723e88acb42ce653f3b184f398f4f815e82f7762e8344d\"","tt-global-state":""}
VM44:1 —————-
undefined
