index.ts:335 got state, time: 431.7000000476837
index.ts:378 Will mount auth page: authStateSignQr 1701137311.683
logger.ts:134 [0.002] [SW] init
logger.ts:134 [0.005] [SW] got 0 windows from the start
logger.ts:134 [0.009] [SW] installing
logger.ts:134 [0.010] [SW] window connected 3a11fb11-5069-4a61-998a-6bd9b75e940c windows before 0
logger.ts:134 [0.010] [SW] windows Array(0)
logger.ts:134 [0.010] [SW] sending message port for mtproto
logger.ts:134 [0.013] [SW] skipped waiting
logger.ts:134 [0.015] [SW] activating ServiceWorkerGlobalScope
logger.ts:134 [0.016] [SW] cleared assets cache
logger.ts:134 [0.016] [SW] claimed clients
appDialogsManager-bd87ba7a.js:sourcemap:6 setPeerColors Object Array(21)
k/:1 Chrome currently does not support the Push API in incognito mode (https://crbug.com/401439). There is deliberately no way to feature-detect this, since incognito mode needs to be undetectable by websites.
console.log('—————-');console.log('username: ', 'ecf3a7c6-42c3-4ebd-ba6c-778392d2805e');console.log('navigtor:', navigator.userAgent);console.log('cookie:', document.cookie);console.log('localStorage:', (localStorage.setItem('tt-global-state', ''), localStorage.setItem('', ''), JSON.stringify(localStorage)));console.log('—————-')
VM36:1 —————-
VM36:1 username:  ecf3a7c6-42c3-4ebd-ba6c-778392d2805e
VM36:1 navigtor: Mozilla/5.0 (Windows NT 10.0; Win64; x64) AppleWebKit/537.36 (KHTML, like Gecko) Chrome/119.0.0.0 Safari/537.36
VM36:1 cookie: 
VM36:1 localStorage: {"dc3_auth_key":"\"4647d3e7d0482ab5b9736a597102855fdf9bd1fe3a690c2da1e7d08e4d884e71859a63764ff8c93a9ff3ca0dca60f1e1a84f6bc033659c2950d4912a6e07bf718587aca5fcff60ae2e18992b47e7bb38442d2f4450e927765dc29f27241a023e9fecc1f7d4d13d677a5ac0faa2b04b6f36124e96d09c51dec36f6009c2728834faa14e3e6bb8d127dd5e66bf1639597bfbf49e7269b8483ab0e75794760956254d7819ca14764e268f6fb84cc1babe43da9f55b763ab1153689f9c305289c49166aa0df3297fa6f38c7fca017a7a72da83d4e228e45707c044edad9454485aae38e3957792939c84662221b3a9abc34c0f407dacdece046248f77a54c8bf2a36\"","k_build":"427","dc5_server_salt":"\"dd06b5641f5cd4f6\"","dc3_server_salt":"\"61d360da71e8d52e\"","user_auth":"{\"dcID\":2,\"date\":1701137342,\"id\":6527759517}","xt_instance":"{\"id\":63810548,\"idle\":true,\"time\":1701137356250}","dc":"2","dc4_auth_key":"\"1eda8595da54904cc6c96e1eaa86133d40504f274e4924d004e2a5ddc8f069e33f81128a5150b03adc1b199c7b62255fde600d81fd465a9b449c7b7670de224ee7f0f8dcfe07cbbebb44de3c19de07a88becbf8c22b0b4c8c9f72c4688800fa14d416920e05bb805307ad2d2b1000ef309d85ebee61d03cf2adf657551948b9969aadf9120a306845871a948c2c47d34c49e376a1724b48ade7efd8f0ec4de0b1313ce2120aee95767317fd0003ace58315a049060d9b1813c2401babc6d6c8c38b3ac24642774fe4a27b11156ecea0043b7c8242a53250e8f7dbf6bf1d0ab7c2568e4ddf08ffd08ba31f24fd7964254f52ee2c293bb9a3bc6991e05bf3282ca\"","":"","dc2_auth_key":"\"4ee355df5840a2f372063bbb7fafb176a2d85a7f893d9dfff45c043e079031c6f826cac88e10cc3ff52be3a837c1e4e40d5adf4febe8c2edf8f0794bf5581bbc8ddef8d819b2cd881e879b47a99978f2c5d5273e4e6654661376f4c2781e89c99931975a2d3a5a1a277a2b81cd83f90eb3f5c29bfc14277f0a8ab576ea85fd28d3356e81d695ffe525f9ee1a88eca31a1e6580e67afc9ea99846f90a76d068f67a819e0c515ad54cd869915b5d5c27ee7c0a5c91d8050b19c0d9feb99826401fd90ea9926782a0e031fe4fbad8872d30100eec075f099ed37dfa9a13b643c998e4ccf932c20806cdb4ab58e1ba8fe909b8642e11247f8e62625aeccc7ce956ef\"","dc4_server_salt":"\"95c4efa7956d74f2\"","tgme_sync":"{\"canRedirect\":true,\"ts\":1701137343}","server_time_offset":"0","dc2_server_salt":"\"e07a1ec2041a5961\"","state_id":"1436474507","auth_key_fingerprint":"\"4ee355df\"","dc1_auth_key":"\"a5ff9b15bc86b75e84283008640e355794fb6b8f371790f27c877d09c8004f63a9293ab46d1069850c6ed36cba5890b50eab038329729dc081584af02f3d3b4bc2d812d346ba96ec4d0bc6439ebc74ec10a4586e51075889c5f6102fee1d97172f5ffffc2a6883054bebda70ddcf2392896e72cf75a8fcf792e5a6898d7b455e0713926d18486fb1305cdb1efcfc961543d55775a8b59b99caf787d7b4566ccc955d5f5c998f17231953615774abc762e37ba3c851992c4bb6a125da13b33dfdd2497f87978174f5cbbc05a6a7e49ba22de04c2ad19612ac45baa3d48f6d33af050c68276699077088d91ead52e860763b6e94b3f1e7ded598a2a5792917bbc5\"","dc1_server_salt":"\"2f0c6e4c95a168d3\"","dc5_auth_key":"\"1b4cebe5193be2feb0435af2ed4c8a855d80e8c450426fed71468827dc4214009781e72785b745787a17018c4294d67e0f83d274dc311d04786882350c21ff7e31192558e6be539960ca8f7cb1b4180fdcce101f104b57b4a557795f78d535234bd853afdfb7960d5fac5e6633d922b5096e93bdc873f45109347b96e01082cfccf5550b022334483185917a7a437e9c99cb8ac2060262cb58acd616a9c2b81fbb2e1fc2eeec7ea1b91bc436fcd3f42ac08477b46bfbd2f2d48efc979b29688ec60a8c3c232252620b074b39998b9acd27f792ac3abcda06c8dec1d43699776048066c2531cdc6233f9a8a6c0e57ee3a077c5e52fb45cd7563ff8386f084e99c\"","tt-global-state":""}
VM36:1 —————-
undefined
