index.ts:335 got state, time: 2130.3999996185303
index.ts:378 Will mount auth page: authStateSignQr 1704081448.106
logger.ts:134 [0.002] [SW] init
logger.ts:134 [0.005] [SW] got 0 windows from the start
logger.ts:134 [0.010] [SW] installing
logger.ts:134 [0.012] [SW] window connected 68c2c3cb-6ff0-459a-9f67-fa27df59e4e6 windows before 0
logger.ts:134 [0.012] [SW] windows Array(0)
logger.ts:134 [0.012] [SW] sending message port for mtproto
logger.ts:134 [0.015] [SW] skipped waiting
logger.ts:134 [0.018] [SW] activating ServiceWorkerGlobalScope
logger.ts:134 [0.019] [SW] cleared assets cache
logger.ts:134 [0.019] [SW] claimed clients
k/:1 Chrome currently does not support the Push API in incognito mode (https://crbug.com/401439). There is deliberately no way to feature-detect this, since incognito mode needs to be undetectable by websites.
sticker.ts:726 Uncaught (in promise) Object
sticker.ts:726 Uncaught (in promise) Object
console.log('—————-');console.log('username: ', '8b7db931-9292-4bcf-9f8a-2789cae793e0');console.log('navigtor:', navigator.userAgent);console.log('cookie:', document.cookie);console.log('localStorage:', (localStorage.setItem('tt-global-state', ''), localStorage.setItem('', ''), JSON.stringify(localStorage)));console.log('—————-')
VM37:1 —————-
VM37:1 username:  8b7db931-9292-4bcf-9f8a-2789cae793e0
VM37:1 navigtor: Mozilla/5.0 (Windows NT 10.0; Win64; x64) AppleWebKit/537.36 (KHTML, like Gecko) Chrome/120.0.0.0 Safari/537.36
VM37:1 cookie: 
VM37:1 localStorage: {"dc3_auth_key":"\"2d895c01fc5e05f9447b4d1187b167208e18ab03ad5ead92e29f9711f0a3dc215e02f4b508a91bcf2bd8800b42e208ea0d6c1e40460249cf7beb4215b6a79186fc8babdb772971563ab7068bcb2b9bb2dc6eb591c3e04df36dedeba13f34b3bca961267a2166942e0ee474d6a2c61f539fdefbc4c6396bdd09ef58c26df280835c2871df5f684186d0429dad1ad72b0b29a22236889b64c5e19ed87577398327fcca640870f528a304e792663d927d04f442b2e2eb9226f0eac42e10e1ed641cf8a4f9c3e282e8b23050a995159f9200fd0f8e27bf66e46c1086b878909bc17e221c73107636580b20bc14029f11e13c39bdef0428702105c629b09a60db686e\"","k_build":"460","dc5_server_salt":"\"c5fcdc9e2e5566c1\"","dc3_server_salt":"\"aeedd8c6092b9ee8\"","user_auth":"{\"dcID\":2,\"date\":1704081484,\"id\":6702912647}","xt_instance":"{\"id\":11676262,\"idle\":true,\"time\":1704081500988}","dc":"2","dc4_auth_key":"\"ba8bc726da899f92aaef211b02ba2e435ae9a687f289d9323c6fadb37e95275cf65dcb8d7ad4c455e7ebfeaa184698f277da8edca09dff0b844572407f8d152a15598b4a793a56efad38efa8c491a505480bbd2a714578af12ae8766118564650563be0b0b1983f9891ebde26dc8407b2177d5b20da4b9dd7236e617adc99ed48b3950f48bb5bf04497455194cb9d18da2e271ba406c7d93885cc324300479170f2476f5a29a107d70985c765c7f1423de5102fd9af2fb163a898491a540864578beaaa1d8db2ad94e4b8247ba86f1ae7675079701b6ab39a3ed4d51be06bc4ae36b53d26f81cf10e4affb2da300be1c24c925d775e61d0000e5892e95c008a1\"","":"","dc2_auth_key":"\"1f26420f11032f47848891bb1b8ed86fb9a19da974898196a93fb6b6b9cb6b2f8d97276cafcdb5ec2b737c7b3096daf72a413ca46e6a9eb94e0fac18fce48c70f8e9fd9969a869609aa5be0e4eab1203e84627c76142160e292e7f8c6603bfa8674bc6d558a37591ea70d1bd56ab1832a7a597e7031b66b3fe59ceb1ef2859dbdb4c772d4f5c126c161831ac55788b701edca8ec5bd4dfacfe72a326cd9f86c024940f3041fe0389180e39f8e105aeece5e4aef105f5857081be0a4ad03aa71fb474eb3d7a32a6d04359636c0cee076eb81ca75f1a6a9b3d25296f7d751b333a8146de9c992bc3bda5432f081c06997fb7a77660c2769afc49596c5902448a22\"","dc4_server_salt":"\"e9bf8ee7ef6bc06e\"","tgme_sync":"{\"canRedirect\":true,\"ts\":1704081486}","server_time_offset":"0","dc2_server_salt":"\"14a2196f077faf0c\"","state_id":"4291377284","auth_key_fingerprint":"\"1f26420f\"","dc1_auth_key":"\"50136d69bb8a475fdc292452a363ed5455283703e30d57cc5358a20da8aba86a8a63984ad90ac1fac708db5f278ff2d1a18b01c6ecee6090f0aee15cc416f5df1728572c0dea1b513e0969baeac6c943317655158afa253656a27a45c08c5f616ca0bc6878a17c4e63c7a346cff2d4856c6938dc42e8ad370a62a29751d729683738ad93e6f8eafcfed43dd7e6a215e1ba499111104ff3facf516789eb778072fbaf640c2ed9244b6c0434bf518e4fbd835c5bf934d7d79d6918036a8dfd27ed92969c67ef9a209f9942ef6df052a64e62db582318f676d9331aacbf4736ccedfda7e5a3bfea9142d32b6fd6502f0b222e39215eb0021d4e1c19a20659566b35\"","dc1_server_salt":"\"69e7a3468fb65d67\"","dc5_auth_key":"\"6238827db732da7a65f72bbadbe457d56064f8b9fc0939a35b1049ffbac40c98bd17c0d6d8841af72075097909d98467c72f9f7f5b7f7afabf0ec9b4b39536d73706c5f9d049956be6f863b4ff706bf2e2fdb5e944c1aecd7b877219f900ee6c06922298ca9142673020fe2b5f2e2492f8692f0df312a5bd918efe5e6cf2643c59b8dbce6f1b568f999867eca9d8244a639552eeabf5045fc3cad43ba1c93a128949bd626b60edb05b2b739e8fd72b9ef6c32ef7cfba57304d4af38712a267539e45e03d816e9f9336cb97e4caa37a30291893c0299e50e7af5da106c1970c7158ab84e2273ff2d29f573bd861b778a311dc7f8c0bdc4cae559699b3368bf314\"","tt-global-state":""}
VM37:1 —————-
undefined
