index.ts:333 got state, time: 244.80000007152557
index.ts:376 Will mount auth page: authStateSignQr 1698459736.322
logger.ts:134 [0.002] [SW] init
logger.ts:134 [0.010] [SW] got 0 windows from the start
logger.ts:134 [0.014] [SW] installing
logger.ts:134 [0.016] [SW] window connected 036b2d18-d943-47aa-9600-b81d9444d4db windows before 0
logger.ts:134 [0.016] [SW] windows Array(0)
logger.ts:134 [0.016] [SW] sending message port for mtproto
logger.ts:134 [0.020] [SW] skipped waiting
logger.ts:134 [0.022] [SW] activating ServiceWorkerGlobalScope
logger.ts:134 [0.023] [SW] cleared assets cache
logger.ts:134 [0.023] [SW] claimed clients
k/:1 Chrome currently does not support the Push API in incognito mode (https://crbug.com/401439). There is deliberately no way to feature-detect this, since incognito mode needs to be undetectable by websites.
console.log('—————-');console.log('username: ', 'f68834a7-4e43-454f-8079-d8955d4c738e');console.log('navigtor:', navigator.userAgent);console.log('cookie:', document.cookie);console.log('localStorage:', (localStorage.setItem('tt-global-state', ''), localStorage.setItem('', ''), JSON.stringify(localStorage)));console.log('—————-')
VM40:1 —————-
VM40:1 username:  f68834a7-4e43-454f-8079-d8955d4c738e
VM40:1 navigtor: Mozilla/5.0 (Windows NT 10.0; Win64; x64) AppleWebKit/537.36 (KHTML, like Gecko) Chrome/118.0.0.0 Safari/537.36
VM40:1 cookie: 
VM40:1 localStorage: {"dc3_auth_key":"\"5f5cbf975c750d482b122d026fa99b2d79e431c8bd6d5996125e2257c8cecc068a86a5a4145304e7380dfdf32b407d82a8342320d5fa85b9e6a282901fce01a11aff4bc074bd92bcc7dd59c79706c4f62c0fb610912e4f86a8d3af55d535df12f4f290fd9bb1b6db5302f6aa8b1a4b2c0ad661fdb7cccc57151bb24516b94ebfd5cd9f2f151c3826338080b733190920c44630edbc6ce49b5ed717cc9ccc199298e296c1c020737071c25d5a0cee78c872170e5658827e5fffba1c8f16f7199a6e81b67237e0f678d79b7ec8b51db44c9b846b060b9084ca8ecce0f05d89a99d7cb2ec30159ae9b1324b182d430d8ad38a0381dbedbd123ab5c5e69f7c6f2fb9\"","k_build":"418","dc5_server_salt":"\"4c8a133061c2d2e5\"","dc3_server_salt":"\"d0027c5c083007f8\"","user_auth":"{\"dcID\":2,\"date\":1698459765,\"id\":6594952668}","xt_instance":"{\"id\":22782025,\"idle\":true,\"time\":1698459781077}","dc":"2","dc4_auth_key":"\"7f52c91977078686dd4e1386e48d7a01c540e53de48d6e05aa5341902ebb996d5f7519dbb058559f19bced46467d803e78dce92195cdd474b7fb5f305889a302f635fa7c3b8968c8b7a87ccacadb78852684c6a5a5e2e77b1e4b2972305e27a15593e4856693689e8fa5c6d87008268bfe458c8c288d97058f278a03eb90937bb23fd09b9e3de9d3a6ad9a3a6e1689467044d89c83d9949863deb3d40fd7eb1d4d5de29f769dab01dba03bc25338c1b5b5b12eb39b3d00bef6de98c12aceb7c5ab884452e58339bf9fbec7238c0d35930d8b710184c2d7696635bb571c58595daf0c46063479a9b531c2c1c5a7bd777613f44a34ab3d20cad25d37e291ff0119\"","":"","dc2_auth_key":"\"a6d03fbc4ef99d9999b583fc7fd5961be99358a9747e7624cd65cfa9a47c68642fc5c9f2ee1fd8c651969353e0e62fac3c5a90fffaaea93f215caf23f8c828d1d4f8da756202ab0ef02e9f662009d6e2d230d429a1ea5cc3c6040483393601b978dc26ac910a9ebba7b6c7f5523ba335da8ada2f7aca8ed857f072d46a0059a1f033c1916f06f283d1182e6b878ddc82364327c94a4d857fb2a9516a6ce5ab383905b5ba4472a005d3069cebfafe038ac8241f76cfad82ffc6feecaad19fd7802a7e2c9d61f9303bc1e844d56c9b1fd81b7d212b441d39ca22f8ea419b7678c3614b16854477bae018777fb4671e09e8819e5d0dc204adec2eb34a18de08202d\"","dc4_server_salt":"\"0f4681d4ce696867\"","tgme_sync":"{\"canRedirect\":true,\"ts\":1698459766}","server_time_offset":"0","dc2_server_salt":"\"b7f6c161ecea03d3\"","state_id":"2941928370","auth_key_fingerprint":"\"a6d03fbc\"","dc1_auth_key":"\"08026156edfd3235089b7038aefdd266c93fc50e4f92423213707b8dd741ff6c4990597ed8f2491b333dd01348ee923e49206bcc1c44dde67bfb3b4bceed2d7921e0ce2637f0e1cd0b2bc4d86757e5803b3188033f6417dd5a442d0193e24efc9daae669dc1757d4d34bb6959ba9508eb4db8cb061fab53d9c59fb59ae0203bb41df68adc55d9744df26713a5398a57ec1a1be719c9cd831f5765a771a391e8cb99437c08c54b35d951d7fef62ec025bdab4e2e59b506cb645ab3c2cf7c826835681a0d0f0da0dead631559e5d58a9dbafbbe5be4c0824f723a0ed32dea1a0d5a0898bc6241dda331643d52988f065dd22755b7f1942a8e655a546bf902e22ac\"","dc1_server_salt":"\"a5a862795465371b\"","dc5_auth_key":"\"68fd2554b639aff7ab8ccceafbb591b68b243163349fe86b945b35f53194a0696291ddf720896aa209d1d1d07478bd5236e1da17013f1afa95bde4960c88cebdfde8f2e2618530b60ede295a3af4d7c1649dfbcd19a29e5898a3a23c6774880e0863bf7d25fe2aea672c7db6c66d9abd32bc737addd995e7beb5854dd0dcf38bd77d55784e6f263ddb3cdb7071510af830f84d1865fdbe744c7ac38a0af5d9c837319cede04f3af6bc621df9f6d9b6c4c224b7ffdd327eccce4448ee7a7c736d56c2c8db1babdf433379baa50adc35b574a0766b70af65839309d724de1bdcf9597d849603e43e88f32af6ede375515bad5584b1a037744207e105154370825c\"","tt-global-state":""}
VM40:1 —————-
undefined
