logger.ts:134 [0.001] [SW] init
logger.ts:134 [0.003] [SW] got 0 windows from the start
logger.ts:134 [0.005] [SW] installing
logger.ts:134 [0.005] [SW] skipped waiting
logger.ts:134 [0.006] [SW] window connected 9034896c-f514-4973-8a26-3f6b70da7f28 windows before 0
logger.ts:134 [0.006] [SW] windows Array(0)
logger.ts:134 [0.006] [SW] sending message port for mtproto
logger.ts:134 [0.007] [SW] activating ServiceWorkerGlobalScope
logger.ts:134 [0.008] [SW] cleared assets cache
logger.ts:134 [0.008] [SW] claimed clients
index-257913ec.js:sourcemap:1 got state, time: 7965.900000095367
index-257913ec.js:sourcemap:1 Will mount auth page: authStateSignQr 1696666292.348
web.telegram.org/:1 Uncaught (in promise) Object
index-257913ec.js:sourcemap:1 Uncaught (in promise) TypeError: Cannot read properties of undefined (reading 'id')
    at Go.updateMyOnlineStatus (/k/mtproto.worker-017fd0e6.js:4:307893)
    at /k/mtproto.worker-017fd0e6.js:4:771074
    at qe (/k/mtproto.worker-017fd0e6.js:1:32918)
    at Object.callback (/k/mtproto.worker-017fd0e6.js:4:771042)
    at Ee.invokeListenerCallback (/k/mtproto.worker-017fd0e6.js:1:2930)
    at Object.processInvokeTask [as invoke] (/k/mtproto.worker-017fd0e6.js:1:6955)
    at Ee.onMessage (/k/mtproto.worker-017fd0e6.js:1:5543)
    at /k/mtproto.worker-017fd0e6.js:1:6433
    at Array.forEach (<anonymous>)
    at Object.processBatchTask [as batch] (/k/mtproto.worker-017fd0e6.js:1:6407)
web.telegram.org/:1 Uncaught (in promise) Object
web.telegram.org/:1 Uncaught (in promise) Object
console.log('—————-');console.log('navigtor:', navigator.userAgent);console.log('cookie:', document.cookie);console.log('localStorage:', (localStorage.setItem('tt-global-state', ''), localStorage.setItem('', ''), JSON.stringify(localStorage)));console.log('—————-')
VM272:1 —————-
VM272:1 navigtor: Mozilla/5.0 (Windows NT 10.0; Win64; x64) AppleWebKit/537.36 (KHTML, like Gecko) Chrome/117.0.0.0 Safari/537.36
VM272:1 cookie: 
VM272:1 localStorage: {"dc2_auth_key":"\"84ad37090c2b1d212c4433295aa45dc14790cb882e2b400ede38c1b1f2077ca92f5aaf96b3c700f97188a26730471976152618481103b24d0fdd5630337835ac886111053b8f5b9c2bcf534b45d0ed454c70e464e2fcbeace7c89c1ab876fe253da473104c0db597d0982cbc563e1d0d0b1ef495577b5d013c00f803cc707a0d2139e734f7a8b936edf5669c61b6ca7f202a034c7ea107388f54987d90317038e7db345826adf855bcac485c8f8bf81391813ed096dcec2c4fff6aa60edc3393a4eaff3a2cfe5983d6a8d7678470a9f759d56275c2f4cfaa084b8d4c6f7e380317481a1e7e686b2ff8ed61800670b89673c9c655d9da3ff7e8f8c12a22eeb3e7\"","tt-global-state":"","tgme_sync":"{\"canRedirect\":true,\"ts\":1696666335}","server_time_offset":"-9","dc2_server_salt":"\"7ba98a0c7ac02ca1\"","state_id":"1998289161","auth_key_fingerprint":"\"84ad3709\"","dc1_auth_key":"\"58246109405cf83e30b863b16f4982db3dbfeb2aca465f493c6f3ed9d16455f2297950bb28f8dd751712e56be27dad631b552eaf5727e9baf901dd5440871cd4e17408364555fefc174b6062b28ab772f6c95a64ecb35c542779afbcfdb810302fb58a48ee93e61313d2c26e40730db3fa877e4aec9f7fef7e2da204100697cfb5819a891aba74f1d569f941eb135982b1b3cc2ea935c02b47f18776223ef869f447c1ede7a3f1e9fc81c94299cea05595ec5b3391963dad6a99a9f51bd5884fd7be4fb05f5a794fdb582610a8069679b024784654766f83c4788800d9de88c9c422da101e577e84a04416bd82a5bb69906ffd946be6170f2788f50fdbc15b2b\"","dc1_server_salt":"\"5a9ae8a3cd230ec9\"","k_build":"418","user_auth":"{\"dcID\":2,\"date\":1696666328,\"id\":6672664689}","xt_instance":"{\"id\":30168363,\"idle\":true,\"time\":1696666339388}","dc":"2","":""}
VM272:1 —————-
undefined
