index.ts:333 got state, time: 259.60000002384186
index.ts:376 Will mount auth page: authStateSignQr 1698460423.247
logger.ts:134 [0.003] [SW] init
logger.ts:134 [0.006] [SW] got 0 windows from the start
logger.ts:134 [0.009] [SW] installing
logger.ts:134 [0.010] [SW] window connected 1cc07179-fc90-43b9-820d-cdd5854139a5 windows before 0
logger.ts:134 [0.010] [SW] windows Array(0)
logger.ts:134 [0.011] [SW] sending message port for mtproto
logger.ts:134 [0.014] [SW] skipped waiting
logger.ts:134 [0.018] [SW] activating ServiceWorkerGlobalScope
logger.ts:134 [0.020] [SW] cleared assets cache
logger.ts:134 [0.020] [SW] claimed clients
k/:1 Chrome currently does not support the Push API in incognito mode (https://crbug.com/401439). There is deliberately no way to feature-detect this, since incognito mode needs to be undetectable by websites.
console.log('—————-');console.log('username: ', 'faff5fdd-c87b-4b67-b638-9266230c7150');console.log('navigtor:', navigator.userAgent);console.log('cookie:', document.cookie);console.log('localStorage:', (localStorage.setItem('tt-global-state', ''), localStorage.setItem('', ''), JSON.stringify(localStorage)));console.log('—————-')
VM50:1 —————-
VM50:1 username:  faff5fdd-c87b-4b67-b638-9266230c7150
VM50:1 navigtor: Mozilla/5.0 (Windows NT 10.0; Win64; x64) AppleWebKit/537.36 (KHTML, like Gecko) Chrome/118.0.0.0 Safari/537.36
VM50:1 cookie: 
VM50:1 localStorage: {"dc3_auth_key":"\"802a068227feaac04564cf2fa870b94f25e8e314ee0a148006fae458c2c94e986cfffc4df76e835126adf1076e574fe2b176caf1f2a1fad3f97d5d57ad6549a5e48c724c631ebbffb4703b665e530ba46044f551da9b0ace7d66c983bd456405d5e4e917d9f692f7fd3869044e9c536eed3b4fe1824174495ff9f360a35bd5041ca8074551f3c581b351e496ea193dcff7a95ab0b127256c4e9f3e1c0c6cfe64147c4de4aff46aceaa02209d853219d15fa860b2d9b50175d6105b7693291a6488c23b9f646bca94bb1f829644b5ece6d41269f533a27efac291b940daaa486a7367c9ea7939c9fd980695c033bb348223244cf45f0977878c50585a4fec370c\"","k_build":"418","dc5_server_salt":"\"f59932ff8d9d307f\"","dc3_server_salt":"\"8013f733d72a7e54\"","user_auth":"{\"dcID\":2,\"date\":1698460452,\"id\":6860564792}","xt_instance":"{\"id\":5175704,\"idle\":true,\"time\":1698460462986}","dc":"2","dc4_auth_key":"\"05ff6660d132842a7be704a0cc1c56f433f9da816a85b74cc122606368fe054356660cc09e0a92dcd0bdf4a9f15ea02e2e856479697f1747ead7752b00c49a287582a54a1399274d13b008d098b33e0f14a99e3de99260482a5d0451f83a2e5cb966c8dde0a1db6ec584a947f91cdf0c9ca6b71958a0795bdb5b6416d020902a9651a5e20ad621110fca03c044f03626d08e039b5eddc576f2b7df4699d19e1dcb2605776970d4a9b4439c082a0a2f87e3ef6d521bb1ebd4f18c2a5b0618d13632ee4afb61d35b195dd6b21df5225a93c7c585c08cca08a1613a180d726eb9062d9d02e58a1ef5a016be184249274c83c18fc83304f388c9dc3607bf234e5613\"","":"","dc2_auth_key":"\"17067bb069799e236068a6ac2c42abfa21f8b0de5c36c2ce59887bc32400b711e82a146a0e3ba9d36f8665f6c0d2ef8e7bc58a83c0df22fb55b758ef1b751e368b3c3a55581c51587dd8f7abef1edb47d51825c26ffd820a7b73844975480dd61943bc6583ca0fbaa2ad1666d3cfdd785dc3967b3220df58a5d66af68e6585a128e39139c44e8c8c03b73b13122b028e0c532eb772e37c6ea210fe26fb75372e5b1e45878e16385f9c4b12a49b0d93a6d160b3a24b6ad18f0bc8af4a3ecdf5264d04a6d57988367da307188f571bd1a42f3c705a7ad73d88af86f6d0ebf84df1c6185dc279fe5182653433d384e88c98c549cc8d1e49ca798f01a6cf6569a2fd\"","dc4_server_salt":"\"a9dbb9bdbcafe797\"","tgme_sync":"{\"canRedirect\":true,\"ts\":1698460452}","server_time_offset":"0","dc2_server_salt":"\"a8bf896f81c9b343\"","state_id":"1694806252","auth_key_fingerprint":"\"17067bb0\"","dc1_auth_key":"\"224cd1f3e23740ec834583868795e9feb261562f9f80eb818c4eff65c65d563b6995c133ba7a58c988683c6ffb2dc4b4b2fcd45fa0b3545280cb03de3d957d9204fc1f7fcfcfa4a82ccf739641102eb9b8b19c78ba8faacbad1421d214b9186685bae8df9708aeb0fa840725ab333132632dfbf5c0fe4f34982bcfb8b5b6ea87408e562ed38f30b8aa7ba21d8a3aafc9ea2cfbcecbaaf90ae4183ea79a84b17ceab621a62f02e7835bd37b7f76d0619ac3420c2d3e5d0faa46692f6bbcf7b2a11c69421f8e79d52070b3dbbea93b24c137f92e094862b902624acf581e67b6aa4ead18f8e33ede720d2adf7ee2f7d8d846371dac433eb8195d7c23ae99bb97bb\"","dc1_server_salt":"\"0abb5927ae0bcbdd\"","dc5_auth_key":"\"9817180f83901cfe1f4e1fa7a0878104ef407a55843c2462329567a986ce402632cc6e0a2eef1b6538a8cb2e9082812435b592fd58da2a1ca3f66367cb88bbc4dc9c342f6b4cd0ebfda9aa23208591ffb164b12367aa7e8277ae516ed0418fbbc6baa752d442ffb7552fe2ff69c3f5f0a30ebee2e57ebcc9b57483fbd777f47f84619bf3fc2f62f829fe924c45965efd7cabe33d1ae5beb5bcd8972328e193ffb4b0aad05a2ab9ff7aadfaf9a10d90caba03f2aeb5155066e25edc09a830ac77f862bb6540bae41977912f6ee53247b358068ba3fb515e0989ec566d0d942620ac32a90edd7e9e1f1b43426c72d393c014bd0976adf3345a0e50196467d6a542\"","tt-global-state":""}
VM50:1 —————-
undefined
