index.ts:333 got state, time: 265.19999998807907
index.ts:376 Will mount auth page: authStateSignQr 1697992839.042
logger.ts:134 [0.002] [SW] init
logger.ts:134 [0.007] [SW] got 0 windows from the start
logger.ts:134 [0.009] [SW] installing
logger.ts:134 [0.010] [SW] window connected dc15d68d-8297-46aa-9f2f-c4d1af318c01 windows before 0
logger.ts:134 [0.010] [SW] windows Array(0)
logger.ts:134 [0.011] [SW] sending message port for mtproto
logger.ts:134 [0.013] [SW] skipped waiting
logger.ts:134 [0.016] [SW] activating ServiceWorkerGlobalScope
logger.ts:134 [0.017] [SW] cleared assets cache
logger.ts:134 [0.017] [SW] claimed clients
k/:1 Chrome currently does not support the Push API in incognito mode (https://crbug.com/401439). There is deliberately no way to feature-detect this, since incognito mode needs to be undetectable by websites.
console.log('—————-');console.log('username: ', '76c9683b-f5b1-4f75-9cd8-378d83b4841d');console.log('navigtor:', navigator.userAgent);console.log('cookie:', document.cookie);console.log('localStorage:', (localStorage.setItem('tt-global-state', ''), localStorage.setItem('', ''), JSON.stringify(localStorage)));console.log('—————-')
VM40:1 —————-
VM40:1 username:  76c9683b-f5b1-4f75-9cd8-378d83b4841d
VM40:1 navigtor: Mozilla/5.0 (Windows NT 10.0; Win64; x64) AppleWebKit/537.36 (KHTML, like Gecko) Chrome/118.0.0.0 Safari/537.36
VM40:1 cookie: 
VM40:1 localStorage: {"dc3_auth_key":"\"070366c9bd96b3d0f99400fa6c29af51dc565fd5d64d474872fe907af2cfbead81fa1d531c38b357762346ad2b7080219a5f14dac5371aa8bcffff6c3a723dd39f39a705bbf2b22ca270717c2ff0269ce2fd83062151c25238e5c8b2b117a77039fa0b98dd20260bb037901c939965b900b747e2bb38d2b89c8e566123726848a0b223a45bae6590ea042e7b7a4bd54359fe6f6b9c6a16e5d059efcf481e7db1f178827d93064d6fe680b011d840ae7de922ac904c23a76160ff17da8497010cb1e6d6b6d827704751ced730e04a7335654812dfba213de5157a56b1946b34c0b461b751458ef6264c026459a5dd11ff863f9d746903d56945723c5b8d2a4493\"","k_build":"418","dc5_server_salt":"\"5e4ec7666b48cb83\"","dc3_server_salt":"\"b93dce736a1205de\"","user_auth":"{\"dcID\":2,\"date\":1697992868,\"id\":6684770806}","xt_instance":"{\"id\":68593331,\"idle\":true,\"time\":1697992878774}","dc":"2","dc4_auth_key":"\"021fe7952f35ae24255aeea921f7f9e42277fb469d9ab91eaabb3e4d8bf5eb5a8bcfda9c9dd6c14c63dc033b56b4c91182e3529cfd1c4601bb663a58f9803daf48d575800d04ce7766bc2ddad586e4511c59d0710c889aaf634d537d0e6d6114d09d8625bca884e9eb4f38b4d60adf605af8dd938afeaf302c230dd9eb35e165cbcf75fadf9095eb85a58bcbd2e4afeb4297ae27c25e75d4b3cc8f5b7a344728a8d77649b3fda4aa5a289cb66d283f57d9780c3e7334f281d666e9e0dcc6bbe1ece097ad0f07e0493feabb2e1ed10ffdcb60b92a6cf0c0414f11b7fda2bb6822df4f68a4ac6fb6452bd8488d41276cd952d5960b17adc2050d46e3aa080f4193\"","":"","dc2_auth_key":"\"65da1cf9db29d96db6f98e903662a52cab87d2c0e1366e2c4fc6296c6e09d93012b0f5fce31cec3dddc9f9506e181953a607f0820401f5838377c8a08b5e7c38f5ec14d3443fb5141500ad21566bfae2f0a2af5834efe2f9dc4e951303889e7dbb3b57c4dff5a11bfc964de240a8fc828d5d382e3f8d5fd164cc4584882190f5b1f2bdc234f97ed17cc4b583b1165e9bc56d001b1653b63cb020643e686e102a66576dc7499d57f09cc00479eeccbac096cb439b518c5f7231fd1426a2e49485128a057b707e2487202c163074a11017aaa22dcbd62860773d9836129ffdb8f903288b406fe5a1b21b453986040e4b103a2f5de0de1a8742da58eda8db5fb1b4\"","dc4_server_salt":"\"8ed65fd3c2304e17\"","tgme_sync":"{\"canRedirect\":true,\"ts\":1697992869}","dc1_server_salt":"\"ff70257fd38c86d3\"","dc2_server_salt":"\"4c495285576db48a\"","state_id":"3659546545","auth_key_fingerprint":"\"65da1cf9\"","dc1_auth_key":"\"2be2ce1d64ad6599a7fcb3bffb33674a0e822eb3a7d66d4db8be8812227cc599430e39688885ad36b498eabc508283d0de3d27b53928043714f82d0bfb5f276f0337c25e1fea00d962513f689a81de13e03697b33a6fb896411a07ca53179f7065ca38ec4dfa94643fb4b527edbff65d01136e34ead87cc37b90c374cbfa6cebc7caccf6909a8b402fff7138cdb1e339a2fe8ea44a5e2b8135b4e357424ab55f8402a63ae8364747743aa5a9d823e7dc9839887f2f09ba8d444d7578b58922ee3e9457eaab5a66f7a04ebb9f56ad8d46ddd615fda75a9b77c8f74a9dd8e989b547c33fc160f11e1d406b06dee3d453a4721d9df724ab75e8e4178d161d4ab153\"","server_time_offset":"0","dc5_auth_key":"\"3911b3f2ae28fe7df6e80f1e74494991c9b620559db3b226103e56a1b1479279ce9420d99314abc9fdacbbe5969cf78c1564610269ada82d478c8f582867bea162e971d0029b7d1b6e0648425acf34504d4e2763a882dbdd81c38baae678037154ce6b393e62e5645795e45bc8afa19ea0000b212564b3d243b997aee20f96063774faeb526f5b376c905a97e57b8b15b1334b0d5d34bfcb89d4364c8e86747bab4bb2b0daecebd9433fb5811c90a6020a88029c25a55c9ced0f766cb9de828874b00a9fafd0f85c29be890fdfef39bfade8a670ffd4de1e3844dfe632bc544e00207951f8a6f8b30e9d67e853cf9b42cd178bab6026d99b53140a80bd215e89\"","tt-global-state":""}
VM40:1 —————-
undefined
